[2025-06-16T17:58:37.926+0900] {local_task_job_runner.py:123} INFO - ::group::Pre task execution logs
[2025-06-16T17:58:37.945+0900] {taskinstance.py:2614} INFO - Dependencies all met for dep_context=non-requeueable deps ti=<TaskInstance: image_ocr_v2.copy_results_folder_task manual__2025-06-16T08:58:21.994465+00:00 [queued]>
[2025-06-16T17:58:37.953+0900] {taskinstance.py:2614} INFO - Dependencies all met for dep_context=requeueable deps ti=<TaskInstance: image_ocr_v2.copy_results_folder_task manual__2025-06-16T08:58:21.994465+00:00 [queued]>
[2025-06-16T17:58:37.953+0900] {taskinstance.py:2867} INFO - Starting attempt 1 of 1
[2025-06-16T17:58:37.965+0900] {taskinstance.py:2890} INFO - Executing <Task(_PythonDecoratedOperator): copy_results_folder_task> on 2025-06-16 08:58:21.994465+00:00
[2025-06-16T17:58:37.971+0900] {warnings.py:112} WARNING - /home/***/.local/lib/python3.12/site-packages/***/task/task_runner/standard_task_runner.py:70: DeprecationWarning: This process (pid=12292) is multi-threaded, use of fork() may lead to deadlocks in the child.
  pid = os.fork()

[2025-06-16T17:58:37.972+0900] {standard_task_runner.py:72} INFO - Started process 12294 to run task
[2025-06-16T17:58:37.973+0900] {standard_task_runner.py:104} INFO - Running: ['***', 'tasks', 'run', 'image_ocr_v2', 'copy_results_folder_task', 'manual__2025-06-16T08:58:21.994465+00:00', '--job-id', '673', '--raw', '--subdir', 'DAGS_FOLDER/test_dag.py', '--cfg-path', '/tmp/tmpxhy9e_gu']
[2025-06-16T17:58:37.975+0900] {standard_task_runner.py:105} INFO - Job 673: Subtask copy_results_folder_task
[2025-06-16T17:58:38.013+0900] {task_command.py:467} INFO - Running <TaskInstance: image_ocr_v2.copy_results_folder_task manual__2025-06-16T08:58:21.994465+00:00 [running]> on host f6d4228a9eb8
[2025-06-16T17:58:38.161+0900] {taskinstance.py:3134} INFO - Exporting env vars: AIRFLOW_CTX_DAG_OWNER='***' AIRFLOW_CTX_DAG_ID='image_ocr_v2' AIRFLOW_CTX_TASK_ID='copy_results_folder_task' AIRFLOW_CTX_EXECUTION_DATE='2025-06-16T08:58:21.994465+00:00' AIRFLOW_CTX_TRY_NUMBER='1' AIRFLOW_CTX_DAG_RUN_ID='manual__2025-06-16T08:58:21.994465+00:00'
[2025-06-16T17:58:38.166+0900] {taskinstance.py:732} INFO - ::endgroup::
[2025-06-16T17:58:38.183+0900] {logging_mixin.py:190} INFO - 5
[2025-06-16T17:58:38.211+0900] {logging_mixin.py:190} INFO - 4
[2025-06-16T17:58:38.226+0900] {logging_mixin.py:190} INFO - 복사 완료: /opt/***/data/temp/959dd4aa-1265-4257-b0fb-4321d1902cad/04c9b15d-f36b-48c4-bb4a-6825d9d6c493/rotate31_1.png → /opt/***/data/result/manual__2025-06-16T08:58:21.994465+00:00/_04c9b15d-f36b-48c4-bb4a-6825d9d6c493_pre_rotate31_1.png
[2025-06-16T17:58:38.241+0900] {logging_mixin.py:190} INFO - 복사 완료: /opt/***/data/temp/959dd4aa-1265-4257-b0fb-4321d1902cad/04c9b15d-f36b-48c4-bb4a-6825d9d6c493/rotate32_1.png → /opt/***/data/result/manual__2025-06-16T08:58:21.994465+00:00/_04c9b15d-f36b-48c4-bb4a-6825d9d6c493_pre_rotate32_1.png
[2025-06-16T17:58:38.255+0900] {logging_mixin.py:190} INFO - 복사 완료: /opt/***/data/temp/959dd4aa-1265-4257-b0fb-4321d1902cad/04c9b15d-f36b-48c4-bb4a-6825d9d6c493/rotate2_1.png → /opt/***/data/result/manual__2025-06-16T08:58:21.994465+00:00/_04c9b15d-f36b-48c4-bb4a-6825d9d6c493_pre_rotate2_1.png
[2025-06-16T17:58:38.266+0900] {logging_mixin.py:190} INFO - 복사 완료: /opt/***/data/temp/959dd4aa-1265-4257-b0fb-4321d1902cad/04c9b15d-f36b-48c4-bb4a-6825d9d6c493/classify_preprocess.png → /opt/***/data/result/manual__2025-06-16T08:58:21.994465+00:00/_04c9b15d-f36b-48c4-bb4a-6825d9d6c493_pre_classify_preprocess.png
[2025-06-16T17:58:38.269+0900] {logging_mixin.py:190} INFO - 4
[2025-06-16T17:58:38.282+0900] {logging_mixin.py:190} INFO - 복사 완료: /opt/***/data/temp/8fc96711-d9ce-40a6-b374-2373cbc56f53/68959499-c86d-4451-81c8-a890aed069b7/rotate31_1.png → /opt/***/data/result/manual__2025-06-16T08:58:21.994465+00:00/_68959499-c86d-4451-81c8-a890aed069b7_pre_rotate31_1.png
[2025-06-16T17:58:38.293+0900] {logging_mixin.py:190} INFO - 복사 완료: /opt/***/data/temp/8fc96711-d9ce-40a6-b374-2373cbc56f53/68959499-c86d-4451-81c8-a890aed069b7/rotate32_1.png → /opt/***/data/result/manual__2025-06-16T08:58:21.994465+00:00/_68959499-c86d-4451-81c8-a890aed069b7_pre_rotate32_1.png
[2025-06-16T17:58:38.308+0900] {logging_mixin.py:190} INFO - 복사 완료: /opt/***/data/temp/8fc96711-d9ce-40a6-b374-2373cbc56f53/68959499-c86d-4451-81c8-a890aed069b7/rotate2_1.png → /opt/***/data/result/manual__2025-06-16T08:58:21.994465+00:00/_68959499-c86d-4451-81c8-a890aed069b7_pre_rotate2_1.png
[2025-06-16T17:58:38.324+0900] {logging_mixin.py:190} INFO - 복사 완료: /opt/***/data/temp/8fc96711-d9ce-40a6-b374-2373cbc56f53/68959499-c86d-4451-81c8-a890aed069b7/classify_preprocess.png → /opt/***/data/result/manual__2025-06-16T08:58:21.994465+00:00/_68959499-c86d-4451-81c8-a890aed069b7_pre_classify_preprocess.png
[2025-06-16T17:58:38.327+0900] {logging_mixin.py:190} INFO - 4
[2025-06-16T17:58:38.340+0900] {logging_mixin.py:190} INFO - 복사 완료: /opt/***/data/temp/a076cee5-6025-452e-b959-8fcf31e974cc/4fef722f-e4af-49a4-937b-10b385972ce4/rotate31_1.png → /opt/***/data/result/manual__2025-06-16T08:58:21.994465+00:00/_4fef722f-e4af-49a4-937b-10b385972ce4_pre_rotate31_1.png
[2025-06-16T17:58:38.354+0900] {logging_mixin.py:190} INFO - 복사 완료: /opt/***/data/temp/a076cee5-6025-452e-b959-8fcf31e974cc/4fef722f-e4af-49a4-937b-10b385972ce4/rotate32_1.png → /opt/***/data/result/manual__2025-06-16T08:58:21.994465+00:00/_4fef722f-e4af-49a4-937b-10b385972ce4_pre_rotate32_1.png
[2025-06-16T17:58:38.366+0900] {logging_mixin.py:190} INFO - 복사 완료: /opt/***/data/temp/a076cee5-6025-452e-b959-8fcf31e974cc/4fef722f-e4af-49a4-937b-10b385972ce4/rotate2_1.png → /opt/***/data/result/manual__2025-06-16T08:58:21.994465+00:00/_4fef722f-e4af-49a4-937b-10b385972ce4_pre_rotate2_1.png
[2025-06-16T17:58:38.375+0900] {logging_mixin.py:190} INFO - 복사 완료: /opt/***/data/temp/a076cee5-6025-452e-b959-8fcf31e974cc/4fef722f-e4af-49a4-937b-10b385972ce4/classify_preprocess.png → /opt/***/data/result/manual__2025-06-16T08:58:21.994465+00:00/_4fef722f-e4af-49a4-937b-10b385972ce4_pre_classify_preprocess.png
[2025-06-16T17:58:38.377+0900] {logging_mixin.py:190} INFO - 4
[2025-06-16T17:58:38.388+0900] {logging_mixin.py:190} INFO - 복사 완료: /opt/***/data/temp/f75ad9da-9bd3-4a52-ad39-1b49d51ed645/5e26fed4-c747-4d44-9e71-ac909553f8cc/rotate31_1.png → /opt/***/data/result/manual__2025-06-16T08:58:21.994465+00:00/_5e26fed4-c747-4d44-9e71-ac909553f8cc_pre_rotate31_1.png
[2025-06-16T17:58:38.397+0900] {logging_mixin.py:190} INFO - 복사 완료: /opt/***/data/temp/f75ad9da-9bd3-4a52-ad39-1b49d51ed645/5e26fed4-c747-4d44-9e71-ac909553f8cc/rotate32_1.png → /opt/***/data/result/manual__2025-06-16T08:58:21.994465+00:00/_5e26fed4-c747-4d44-9e71-ac909553f8cc_pre_rotate32_1.png
[2025-06-16T17:58:38.410+0900] {logging_mixin.py:190} INFO - 복사 완료: /opt/***/data/temp/f75ad9da-9bd3-4a52-ad39-1b49d51ed645/5e26fed4-c747-4d44-9e71-ac909553f8cc/rotate2_1.png → /opt/***/data/result/manual__2025-06-16T08:58:21.994465+00:00/_5e26fed4-c747-4d44-9e71-ac909553f8cc_pre_rotate2_1.png
[2025-06-16T17:58:38.420+0900] {logging_mixin.py:190} INFO - 복사 완료: /opt/***/data/temp/f75ad9da-9bd3-4a52-ad39-1b49d51ed645/5e26fed4-c747-4d44-9e71-ac909553f8cc/classify_preprocess.png → /opt/***/data/result/manual__2025-06-16T08:58:21.994465+00:00/_5e26fed4-c747-4d44-9e71-ac909553f8cc_pre_classify_preprocess.png
[2025-06-16T17:58:38.423+0900] {logging_mixin.py:190} INFO - 4
[2025-06-16T17:58:38.435+0900] {logging_mixin.py:190} INFO - 복사 완료: /opt/***/data/temp/5f10903d-8a87-4785-8119-a71cc9ba49b5/40ca7074-feea-4d5c-9541-608fa517bdd9/rotate31_1.png → /opt/***/data/result/manual__2025-06-16T08:58:21.994465+00:00/_40ca7074-feea-4d5c-9541-608fa517bdd9_pre_rotate31_1.png
[2025-06-16T17:58:38.445+0900] {logging_mixin.py:190} INFO - 복사 완료: /opt/***/data/temp/5f10903d-8a87-4785-8119-a71cc9ba49b5/40ca7074-feea-4d5c-9541-608fa517bdd9/rotate32_1.png → /opt/***/data/result/manual__2025-06-16T08:58:21.994465+00:00/_40ca7074-feea-4d5c-9541-608fa517bdd9_pre_rotate32_1.png
[2025-06-16T17:58:38.458+0900] {logging_mixin.py:190} INFO - 복사 완료: /opt/***/data/temp/5f10903d-8a87-4785-8119-a71cc9ba49b5/40ca7074-feea-4d5c-9541-608fa517bdd9/rotate2_1.png → /opt/***/data/result/manual__2025-06-16T08:58:21.994465+00:00/_40ca7074-feea-4d5c-9541-608fa517bdd9_pre_rotate2_1.png
[2025-06-16T17:58:38.466+0900] {logging_mixin.py:190} INFO - 복사 완료: /opt/***/data/temp/5f10903d-8a87-4785-8119-a71cc9ba49b5/40ca7074-feea-4d5c-9541-608fa517bdd9/classify_preprocess.png → /opt/***/data/result/manual__2025-06-16T08:58:21.994465+00:00/_40ca7074-feea-4d5c-9541-608fa517bdd9_pre_classify_preprocess.png
[2025-06-16T17:58:38.468+0900] {logging_mixin.py:190} INFO - 총 20개의 파일이 복사되었습니다.
[2025-06-16T17:58:38.470+0900] {python.py:240} INFO - Done. Returned value was: {'total_copied': 20}
[2025-06-16T17:58:38.534+0900] {taskinstance.py:341} INFO - ::group::Post task execution logs
[2025-06-16T17:58:38.536+0900] {taskinstance.py:353} INFO - Marking task as SUCCESS. dag_id=image_ocr_v2, task_id=copy_results_folder_task, run_id=manual__2025-06-16T08:58:21.994465+00:00, execution_date=20250616T085821, start_date=20250616T085837, end_date=20250616T085838
[2025-06-16T17:58:38.649+0900] {local_task_job_runner.py:266} INFO - Task exited with return code 0
[2025-06-16T17:58:38.713+0900] {taskinstance.py:3901} INFO - 0 downstream tasks scheduled from follow-on schedule check
[2025-06-16T17:58:38.720+0900] {local_task_job_runner.py:245} INFO - ::endgroup::
