[2025-06-16T15:05:15.793+0900] {local_task_job_runner.py:123} INFO - ::group::Pre task execution logs
[2025-06-16T15:05:15.863+0900] {taskinstance.py:2614} INFO - Dependencies all met for dep_context=non-requeueable deps ti=<TaskInstance: layoutxlm_document_classifier_balanced_V0.1.img_preprocess_task__1 manual__2025-06-16T06:05:04.414893+00:00 map_index=3 [queued]>
[2025-06-16T15:05:15.914+0900] {taskinstance.py:2614} INFO - Dependencies all met for dep_context=requeueable deps ti=<TaskInstance: layoutxlm_document_classifier_balanced_V0.1.img_preprocess_task__1 manual__2025-06-16T06:05:04.414893+00:00 map_index=3 [queued]>
[2025-06-16T15:05:15.915+0900] {taskinstance.py:2867} INFO - Starting attempt 1 of 1
[2025-06-16T15:05:15.955+0900] {taskinstance.py:2890} INFO - Executing <Mapped(_PythonDecoratedOperator): img_preprocess_task__1> on 2025-06-16 06:05:04.414893+00:00
[2025-06-16T15:05:15.966+0900] {warnings.py:112} WARNING - /home/***/.local/lib/python3.12/site-packages/***/task/task_runner/standard_task_runner.py:70: DeprecationWarning: This process (pid=5800) is multi-threaded, use of fork() may lead to deadlocks in the child.
  pid = os.fork()

[2025-06-16T15:05:15.969+0900] {standard_task_runner.py:72} INFO - Started process 5886 to run task
[2025-06-16T15:05:15.971+0900] {standard_task_runner.py:104} INFO - Running: ['***', 'tasks', 'run', 'layoutxlm_document_classifier_balanced_V0.1', 'img_preprocess_task__1', 'manual__2025-06-16T06:05:04.414893+00:00', '--job-id', '325', '--raw', '--subdir', 'DAGS_FOLDER/class_create_dag.py', '--cfg-path', '/tmp/tmp_clbexi0', '--map-index', '3']
[2025-06-16T15:05:15.978+0900] {standard_task_runner.py:105} INFO - Job 325: Subtask img_preprocess_task__1
[2025-06-16T15:05:16.122+0900] {task_command.py:467} INFO - Running <TaskInstance: layoutxlm_document_classifier_balanced_V0.1.img_preprocess_task__1 manual__2025-06-16T06:05:04.414893+00:00 map_index=3 [running]> on host f6d4228a9eb8
[2025-06-16T15:05:16.493+0900] {taskinstance.py:3134} INFO - Exporting env vars: AIRFLOW_CTX_DAG_OWNER='***' AIRFLOW_CTX_DAG_ID='layoutxlm_document_classifier_balanced_V0.1' AIRFLOW_CTX_TASK_ID='img_preprocess_task__1' AIRFLOW_CTX_EXECUTION_DATE='2025-06-16T06:05:04.414893+00:00' AIRFLOW_CTX_TRY_NUMBER='1' AIRFLOW_CTX_DAG_RUN_ID='manual__2025-06-16T06:05:04.414893+00:00'
[2025-06-16T15:05:16.528+0900] {taskinstance.py:732} INFO - ::endgroup::
[2025-06-16T15:05:16.535+0900] {logging_mixin.py:190} INFO - empty map check {} {'process_id': '_6c83f285-1b7e-4e9c-b12f-654e0b9a555f_pre', 'folder_path': 'e274036c-694c-457e-8306-c6b7549bae17/6c83f285-1b7e-4e9c-b12f-654e0b9a555f', 'step_list': [{'name': 'calc_angle_set1', 'param': {'key': 'angle1', 'iterations': 3}}, {'name': 'calc_angle_set2', 'param': {'key': 'angle2', 'iterations': 3}}, {'name': 'threshold', 'param': {}}, {'name': 'morphology1', 'param': {}}, {'name': 'save', 'param': {'key': 'classify_preprocess'}}], 'result_file_list': []}
[2025-06-16T15:05:16.550+0900] {logging_mixin.py:190} INFO - step : calc_angle_set1
[2025-06-16T15:05:16.698+0900] {logging_mixin.py:190} INFO - step : calc_angle_set2
[2025-06-16T15:05:23.277+0900] {logging_mixin.py:190} INFO - step : threshold
[2025-06-16T15:05:23.279+0900] {logging_mixin.py:190} INFO - step : morphology1
[2025-06-16T15:05:23.282+0900] {logging_mixin.py:190} INFO - step : save
[2025-06-16T15:05:23.357+0900] {logging_mixin.py:190} INFO - file_copy: /opt/***/data/temp/e274036c-694c-457e-8306-c6b7549bae17/6c83f285-1b7e-4e9c-b12f-654e0b9a555f/classify_preprocess.png
[2025-06-16T15:05:23.388+0900] {python.py:240} INFO - Done. Returned value was: {'file_id': 'e274036c-694c-457e-8306-c6b7549bae17', 'file_path': '/opt/***/data/class/a_class/classify/origin/false/copied_15_2083183184a.png', 'false': {'process_id': '_6c83f285-1b7e-4e9c-b12f-654e0b9a555f_pre', 'folder_path': 'e274036c-694c-457e-8306-c6b7549bae17/6c83f285-1b7e-4e9c-b12f-654e0b9a555f', 'step_list': [{'name': 'calc_angle_set1', 'param': {'key': 'angle1', 'iterations': 3}}, {'name': 'calc_angle_set2', 'param': {'key': 'angle2', 'iterations': 3}}, {'name': 'threshold', 'param': {}}, {'name': 'morphology1', 'param': {}}, {'name': 'save', 'param': {'key': 'classify_preprocess'}}], 'result_file_list': [{'key': 'classify_preprocess', 'path': '/opt/***/data/temp/e274036c-694c-457e-8306-c6b7549bae17/6c83f285-1b7e-4e9c-b12f-654e0b9a555f/classify_preprocess.png'}]}}
[2025-06-16T15:05:23.468+0900] {taskinstance.py:341} INFO - ::group::Post task execution logs
[2025-06-16T15:05:23.474+0900] {taskinstance.py:353} INFO - Marking task as SUCCESS. dag_id=layoutxlm_document_classifier_balanced_V0.1, task_id=img_preprocess_task__1, run_id=manual__2025-06-16T06:05:04.414893+00:00, map_index=3, execution_date=20250616T060504, start_date=20250616T060515, end_date=20250616T060523
[2025-06-16T15:05:23.531+0900] {local_task_job_runner.py:266} INFO - Task exited with return code 0
[2025-06-16T15:05:23.576+0900] {taskinstance.py:3901} INFO - 0 downstream tasks scheduled from follow-on schedule check
[2025-06-16T15:05:23.583+0900] {local_task_job_runner.py:245} INFO - ::endgroup::
