[2025-06-25T18:34:17.375+0900] {local_task_job_runner.py:123} INFO - ::group::Pre task execution logs
[2025-06-25T18:34:17.453+0900] {taskinstance.py:2614} INFO - Dependencies all met for dep_context=non-requeueable deps ti=<TaskInstance: lilt_document_classifier_balanced_V0.1.img_preprocess_task manual__2025-06-25T09:28:52.715795+00:00 map_index=21 [queued]>
[2025-06-25T18:34:17.468+0900] {taskinstance.py:2614} INFO - Dependencies all met for dep_context=requeueable deps ti=<TaskInstance: lilt_document_classifier_balanced_V0.1.img_preprocess_task manual__2025-06-25T09:28:52.715795+00:00 map_index=21 [queued]>
[2025-06-25T18:34:17.468+0900] {taskinstance.py:2867} INFO - Starting attempt 1 of 1
[2025-06-25T18:34:17.634+0900] {taskinstance.py:2890} INFO - Executing <Mapped(_PythonDecoratedOperator): img_preprocess_task> on 2025-06-25 09:28:52.715795+00:00
[2025-06-25T18:34:17.745+0900] {warnings.py:112} WARNING - /home/***/.local/lib/python3.12/site-packages/***/task/task_runner/standard_task_runner.py:70: DeprecationWarning: This process (pid=1624) is multi-threaded, use of fork() may lead to deadlocks in the child.
  pid = os.fork()

[2025-06-25T18:34:17.761+0900] {standard_task_runner.py:72} INFO - Started process 1760 to run task
[2025-06-25T18:34:17.748+0900] {standard_task_runner.py:104} INFO - Running: ['***', 'tasks', 'run', 'lilt_document_classifier_balanced_V0.1', 'img_preprocess_task', 'manual__2025-06-25T09:28:52.715795+00:00', '--job-id', '5376', '--raw', '--subdir', 'DAGS_FOLDER/class_create_dag.py', '--cfg-path', '/tmp/tmph6uhiqhg', '--map-index', '21']
[2025-06-25T18:34:17.812+0900] {standard_task_runner.py:105} INFO - Job 5376: Subtask img_preprocess_task
[2025-06-25T18:34:18.079+0900] {task_command.py:467} INFO - Running <TaskInstance: lilt_document_classifier_balanced_V0.1.img_preprocess_task manual__2025-06-25T09:28:52.715795+00:00 map_index=21 [running]> on host f6d4228a9eb8
[2025-06-25T18:34:20.196+0900] {taskinstance.py:3134} INFO - Exporting env vars: AIRFLOW_CTX_DAG_OWNER='***' AIRFLOW_CTX_DAG_ID='lilt_document_classifier_balanced_V0.1' AIRFLOW_CTX_TASK_ID='img_preprocess_task' AIRFLOW_CTX_EXECUTION_DATE='2025-06-25T09:28:52.715795+00:00' AIRFLOW_CTX_TRY_NUMBER='1' AIRFLOW_CTX_DAG_RUN_ID='manual__2025-06-25T09:28:52.715795+00:00'
[2025-06-25T18:34:20.197+0900] {taskinstance.py:732} INFO - ::endgroup::
[2025-06-25T18:34:20.207+0900] {logging_mixin.py:190} INFO - empty map check {} {}
[2025-06-25T18:34:20.213+0900] {logging_mixin.py:190} INFO - step : cache
[2025-06-25T18:34:20.214+0900] {logging_mixin.py:190} INFO - step : calc_angle_set2
[2025-06-25T18:34:30.243+0900] {logging_mixin.py:190} INFO - osd 1 0 0 0 0 [0, 0, 0, 0, 0, 0, 0, 0, 0, 0, 0]
[2025-06-25T18:34:40.418+0900] {logging_mixin.py:190} INFO - osd 2 0 0 0 0 [0, 0, 0, 0, 0, 0, 0, 0, 0, 0, 0]
[2025-06-25T18:34:40.514+0900] {logging_mixin.py:190} INFO - step : calc_angle_set2
[2025-06-25T18:34:49.423+0900] {logging_mixin.py:190} INFO - osd 1 -2.0 -2.0 6 101570 [0, 0, 0, 0, 0, 70802, 101570, 7761, 0, 0, 0, 0, 0, 0, 0, 0, 0]
[2025-06-25T18:34:58.024+0900] {logging_mixin.py:190} INFO - osd 2 -2.0 0.0 8 96852 [0, 0, 0, 0, 0, 0, 0, 69085, 96852, 4966, 0, 0, 0, 0, 0, 0, 0]
[2025-06-25T18:34:58.095+0900] {logging_mixin.py:190} INFO - step : calc_angle_set2
[2025-06-25T18:35:05.549+0900] {logging_mixin.py:190} INFO - osd 1 -0.375 -0.375 5 200757 [69085, 81218, 93473, 119650, 161985, 200757, 179384, 137983, 96852, 86533, 74416, 62019, 49852, 37597, 25284, 13601, 4966]
[2025-06-25T18:35:16.348+0900] {logging_mixin.py:190} INFO - osd 2 -0.375 0.0 8 201705 [33841, 46287, 58781, 70949, 83199, 95453, 122967, 166016, 201705, 182998, 141122, 100967, 88265, 76153, 63873, 51419, 39162]
[2025-06-25T18:35:16.511+0900] {logging_mixin.py:190} INFO - step : text_orientation_set
[2025-06-25T18:35:30.172+0900] {logging_mixin.py:190} INFO - osd 1 break  0 0 2.22 Korean 0.93
[2025-06-25T18:35:31.142+0900] {logging_mixin.py:190} INFO - file_copy: /opt/***/data/temp/367af4d5-20f4-4c27-9d23-28a38d19716a/c43091e0-d6a6-4798-b69a-a090755e4d5a/_result.png
[2025-06-25T18:35:31.161+0900] {python.py:240} INFO - Done. Returned value was: {'file_id': '367af4d5-20f4-4c27-9d23-28a38d19716a', 'file_path': '/opt/***/data/class/a_class/classify/ready/true/이화동 엘림빌딩 -정부24 - 건축물대장 등본(초본) 발급(열람) _ 문서출력_page_1_aug1.png', 'true': {'process_id': '_c43091e0-d6a6-4798-b69a-a090755e4d5a_pre', 'folder_path': '367af4d5-20f4-4c27-9d23-28a38d19716a/c43091e0-d6a6-4798-b69a-a090755e4d5a', 'step_list': [{'name': 'cache', 'param': {'cache_key': 'origin'}}, {'name': 'calc_angle_set2', 'param': {'angle_key': 'angle2_1', 'delta': 8.0, 'limit': 40, 'iterations': 2, 'iter_save': False}}, {'name': 'calc_angle_set2', 'param': {'angle_key': 'angle2_2', 'delta': 1.0, 'limit': 8, 'iterations': 2, 'iter_save': False}}, {'name': 'calc_angle_set2', 'param': {'angle_key': 'angle2_3', 'delta': 0.125, 'limit': 1, 'iterations': 2, 'iter_save': False}}, {'name': 'text_orientation_set', 'param': {'angle_key': 'orint', 'iterations': 3, 'iter_save': False}}], 'result_file_map': {'_result': '/opt/***/data/temp/367af4d5-20f4-4c27-9d23-28a38d19716a/c43091e0-d6a6-4798-b69a-a090755e4d5a/_result.png'}}}
[2025-06-25T18:35:31.233+0900] {taskinstance.py:341} INFO - ::group::Post task execution logs
[2025-06-25T18:35:31.238+0900] {taskinstance.py:353} INFO - Marking task as SUCCESS. dag_id=lilt_document_classifier_balanced_V0.1, task_id=img_preprocess_task, run_id=manual__2025-06-25T09:28:52.715795+00:00, map_index=21, execution_date=20250625T092852, start_date=20250625T093417, end_date=20250625T093531
[2025-06-25T18:35:31.550+0900] {local_task_job_runner.py:266} INFO - Task exited with return code 0
[2025-06-25T18:35:31.924+0900] {taskinstance.py:3901} INFO - 0 downstream tasks scheduled from follow-on schedule check
[2025-06-25T18:35:31.933+0900] {local_task_job_runner.py:245} INFO - ::endgroup::
