[2025-06-23T09:45:35.238+0900] {local_task_job_runner.py:123} INFO - ::group::Pre task execution logs
[2025-06-23T09:45:35.431+0900] {taskinstance.py:2614} INFO - Dependencies all met for dep_context=non-requeueable deps ti=<TaskInstance: lilt_document_classifier_balanced_V0.1.img_preprocess_task__1 manual__2025-06-23T00:42:21.868462+00:00 map_index=49 [queued]>
[2025-06-23T09:45:35.545+0900] {taskinstance.py:2614} INFO - Dependencies all met for dep_context=requeueable deps ti=<TaskInstance: lilt_document_classifier_balanced_V0.1.img_preprocess_task__1 manual__2025-06-23T00:42:21.868462+00:00 map_index=49 [queued]>
[2025-06-23T09:45:35.555+0900] {taskinstance.py:2867} INFO - Starting attempt 1 of 1
[2025-06-23T09:45:35.586+0900] {taskinstance.py:2890} INFO - Executing <Mapped(_PythonDecoratedOperator): img_preprocess_task__1> on 2025-06-23 00:42:21.868462+00:00
[2025-06-23T09:45:35.618+0900] {warnings.py:112} WARNING - /home/***/.local/lib/python3.12/site-packages/***/task/task_runner/standard_task_runner.py:70: DeprecationWarning: This process (pid=82694) is multi-threaded, use of fork() may lead to deadlocks in the child.
  pid = os.fork()

[2025-06-23T09:45:35.620+0900] {standard_task_runner.py:72} INFO - Started process 82745 to run task
[2025-06-23T09:45:35.620+0900] {standard_task_runner.py:104} INFO - Running: ['***', 'tasks', 'run', 'lilt_document_classifier_balanced_V0.1', 'img_preprocess_task__1', 'manual__2025-06-23T00:42:21.868462+00:00', '--job-id', '1987', '--raw', '--subdir', 'DAGS_FOLDER/class_create_dag.py', '--cfg-path', '/tmp/tmp8e_in2oh', '--map-index', '49']
[2025-06-23T09:45:35.632+0900] {standard_task_runner.py:105} INFO - Job 1987: Subtask img_preprocess_task__1
[2025-06-23T09:45:35.757+0900] {task_command.py:467} INFO - Running <TaskInstance: lilt_document_classifier_balanced_V0.1.img_preprocess_task__1 manual__2025-06-23T00:42:21.868462+00:00 map_index=49 [running]> on host f6d4228a9eb8
[2025-06-23T09:45:36.129+0900] {taskinstance.py:3134} INFO - Exporting env vars: AIRFLOW_CTX_DAG_OWNER='***' AIRFLOW_CTX_DAG_ID='lilt_document_classifier_balanced_V0.1' AIRFLOW_CTX_TASK_ID='img_preprocess_task__1' AIRFLOW_CTX_EXECUTION_DATE='2025-06-23T00:42:21.868462+00:00' AIRFLOW_CTX_TRY_NUMBER='1' AIRFLOW_CTX_DAG_RUN_ID='manual__2025-06-23T00:42:21.868462+00:00'
[2025-06-23T09:45:36.141+0900] {taskinstance.py:732} INFO - ::endgroup::
[2025-06-23T09:45:36.151+0900] {logging_mixin.py:190} INFO - empty map check {} {'process_id': '_4be438e8-351d-4e31-b88a-a0b98d1831c6_pre', 'folder_path': '9738fb5d-d769-4a79-84b4-629a91f1300a/4be438e8-351d-4e31-b88a-a0b98d1831c6', 'step_list': [{'name': 'cache', 'param': {'key': 'origin'}}, {'name': 'calc_angle_set1', 'param': {'key': 'angle1', 'iterations': 4, 'iter_save': False}}, {'name': 'text_orientation_set', 'param': {'key': 'angle2', 'iterations': 4, 'iter_save': False}}, {'name': 'load', 'param': {'key': 'origin'}}, {'name': 'rotate', 'param': {'key': 'angle1'}}, {'name': 'rotate', 'param': {'key': 'angle2'}}], 'result_file_map': {}}
[2025-06-23T09:45:36.164+0900] {logging_mixin.py:190} INFO - step : cache
[2025-06-23T09:45:36.172+0900] {logging_mixin.py:190} INFO - step : calc_angle_set1
[2025-06-23T09:45:36.290+0900] {logging_mixin.py:190} INFO - angle1 :  0 90.39560410218868 180.25954875468008 177.83892051177364 3.5829034852085444 -0.09895634290750017
[2025-06-23T09:45:36.406+0900] {logging_mixin.py:190} INFO - angle2 :  90.39560410218868 88.29534215116811 84.88172329501279 89.67556530494734 89.31793960682735 89.306140397885
[2025-06-23T09:45:36.604+0900] {logging_mixin.py:190} INFO - angle3 :  178.6909462533568 91.63430124086474 179.19021958308912 181.42885014827706 1.1893608910944489 4.728774340998358
[2025-06-23T09:45:36.673+0900] {logging_mixin.py:190} INFO - angle4 :  270.32524749422157 89.98994214744867 89.8051171477614 87.49870493665215 89.50523009211344 93.15071641326774
[2025-06-23T09:45:36.762+0900] {logging_mixin.py:190} INFO - step : text_orientation_set
[2025-06-23T09:45:40.644+0900] {logging_mixin.py:190} INFO - Tesseract OSD Error: (1, 'Estimating resolution as 132 Warning. Invalid resolution 0 dpi. Using 70 instead. Too few characters. Skipping this page Error during processing.')
[2025-06-23T09:45:40.655+0900] {logging_mixin.py:190} INFO - step : load
[2025-06-23T09:45:40.669+0900] {logging_mixin.py:190} INFO - step : rotate
[2025-06-23T09:45:40.800+0900] {logging_mixin.py:190} INFO - step : rotate
[2025-06-23T09:45:40.986+0900] {logging_mixin.py:190} INFO - file_copy: /opt/***/data/temp/9738fb5d-d769-4a79-84b4-629a91f1300a/4be438e8-351d-4e31-b88a-a0b98d1831c6/_result.png
[2025-06-23T09:45:41.043+0900] {python.py:240} INFO - Done. Returned value was: {'file_id': '9738fb5d-d769-4a79-84b4-629a91f1300a', 'file_path': '/opt/***/data/class/a_class/classify/ready/false/copied_4_2085074099.png', 'false': {'process_id': '_4be438e8-351d-4e31-b88a-a0b98d1831c6_pre', 'folder_path': '9738fb5d-d769-4a79-84b4-629a91f1300a/4be438e8-351d-4e31-b88a-a0b98d1831c6', 'step_list': [{'name': 'cache', 'param': {'key': 'origin'}}, {'name': 'calc_angle_set1', 'param': {'key': 'angle1', 'iterations': 4, 'iter_save': False}}, {'name': 'text_orientation_set', 'param': {'key': 'angle2', 'iterations': 4, 'iter_save': False}}, {'name': 'load', 'param': {'key': 'origin'}}, {'name': 'rotate', 'param': {'key': 'angle1'}}, {'name': 'rotate', 'param': {'key': 'angle2'}}], 'result_file_map': {'_result': '/opt/***/data/temp/9738fb5d-d769-4a79-84b4-629a91f1300a/4be438e8-351d-4e31-b88a-a0b98d1831c6/_result.png'}}}
[2025-06-23T09:45:41.106+0900] {taskinstance.py:341} INFO - ::group::Post task execution logs
[2025-06-23T09:45:41.109+0900] {taskinstance.py:353} INFO - Marking task as SUCCESS. dag_id=lilt_document_classifier_balanced_V0.1, task_id=img_preprocess_task__1, run_id=manual__2025-06-23T00:42:21.868462+00:00, map_index=49, execution_date=20250623T004221, start_date=20250623T004535, end_date=20250623T004541
[2025-06-23T09:45:41.279+0900] {local_task_job_runner.py:266} INFO - Task exited with return code 0
[2025-06-23T09:45:41.352+0900] {taskinstance.py:3901} INFO - 0 downstream tasks scheduled from follow-on schedule check
[2025-06-23T09:45:41.357+0900] {local_task_job_runner.py:245} INFO - ::endgroup::
