[2025-06-25T09:29:02.668+0900] {local_task_job_runner.py:123} INFO - ::group::Pre task execution logs
[2025-06-25T09:29:02.795+0900] {taskinstance.py:2614} INFO - Dependencies all met for dep_context=non-requeueable deps ti=<TaskInstance: lilt_document_classifier_balanced_V0.1.img_preprocess_task manual__2025-06-25T00:18:31.692203+00:00 map_index=81 [queued]>
[2025-06-25T09:29:02.918+0900] {taskinstance.py:2614} INFO - Dependencies all met for dep_context=requeueable deps ti=<TaskInstance: lilt_document_classifier_balanced_V0.1.img_preprocess_task manual__2025-06-25T00:18:31.692203+00:00 map_index=81 [queued]>
[2025-06-25T09:29:02.958+0900] {taskinstance.py:2867} INFO - Starting attempt 1 of 1
[2025-06-25T09:29:03.234+0900] {taskinstance.py:2890} INFO - Executing <Mapped(_PythonDecoratedOperator): img_preprocess_task> on 2025-06-25 00:18:31.692203+00:00
[2025-06-25T09:29:03.268+0900] {warnings.py:112} WARNING - /home/***/.local/lib/python3.12/site-packages/***/task/task_runner/standard_task_runner.py:70: DeprecationWarning: This process (pid=78680) is multi-threaded, use of fork() may lead to deadlocks in the child.
  pid = os.fork()

[2025-06-25T09:29:03.273+0900] {standard_task_runner.py:72} INFO - Started process 78690 to run task
[2025-06-25T09:29:03.271+0900] {standard_task_runner.py:104} INFO - Running: ['***', 'tasks', 'run', 'lilt_document_classifier_balanced_V0.1', 'img_preprocess_task', 'manual__2025-06-25T00:18:31.692203+00:00', '--job-id', '5136', '--raw', '--subdir', 'DAGS_FOLDER/class_create_dag.py', '--cfg-path', '/tmp/tmp2bbllyi_', '--map-index', '81']
[2025-06-25T09:29:03.283+0900] {standard_task_runner.py:105} INFO - Job 5136: Subtask img_preprocess_task
[2025-06-25T09:29:03.613+0900] {task_command.py:467} INFO - Running <TaskInstance: lilt_document_classifier_balanced_V0.1.img_preprocess_task manual__2025-06-25T00:18:31.692203+00:00 map_index=81 [running]> on host f6d4228a9eb8
[2025-06-25T09:29:04.126+0900] {taskinstance.py:3134} INFO - Exporting env vars: AIRFLOW_CTX_DAG_OWNER='***' AIRFLOW_CTX_DAG_ID='lilt_document_classifier_balanced_V0.1' AIRFLOW_CTX_TASK_ID='img_preprocess_task' AIRFLOW_CTX_EXECUTION_DATE='2025-06-25T00:18:31.692203+00:00' AIRFLOW_CTX_TRY_NUMBER='1' AIRFLOW_CTX_DAG_RUN_ID='manual__2025-06-25T00:18:31.692203+00:00'
[2025-06-25T09:29:04.133+0900] {taskinstance.py:732} INFO - ::endgroup::
[2025-06-25T09:29:04.137+0900] {logging_mixin.py:190} INFO - empty map check {} {'process_id': '_181ac9fb-0dc6-4fc5-9a06-76cc34e26fb6_pre', 'folder_path': 'c0ffdf12-59c1-448d-9427-6b562a14c6fe/181ac9fb-0dc6-4fc5-9a06-76cc34e26fb6', 'step_list': [{'name': 'cache', 'param': {'cache_key': 'origin'}}, {'name': 'calc_angle_set2', 'param': {'angle_key': 'angle2_1', 'delta': 8.0, 'limit': 40, 'iterations': 2, 'iter_save': False}}, {'name': 'calc_angle_set2', 'param': {'angle_key': 'angle2_2', 'delta': 1.0, 'limit': 8, 'iterations': 2, 'iter_save': False}}, {'name': 'calc_angle_set2', 'param': {'angle_key': 'angle2_3', 'delta': 0.125, 'limit': 1, 'iterations': 2, 'iter_save': False}}, {'name': 'text_orientation_set', 'param': {'angle_key': 'orint', 'iterations': 3, 'iter_save': False}}, {'name': 'load', 'param': {'cache_key': 'origin'}}, {'name': 'rotate', 'param': {'angle_key': 'angle2_1'}}, {'name': 'rotate', 'param': {'angle_key': 'angle2_2'}}, {'name': 'rotate', 'param': {'angle_key': 'angle2_3'}}, {'name': 'rotate', 'param': {'angle_key': 'orint'}}], 'result_file_map': {}}
[2025-06-25T09:29:04.143+0900] {logging_mixin.py:190} INFO - step : cache
[2025-06-25T09:29:04.144+0900] {logging_mixin.py:190} INFO - step : calc_angle_set2
[2025-06-25T09:29:13.621+0900] {logging_mixin.py:190} INFO - osd 1 0 0 0 0 [0, 0, 0, 0, 0, 0, 0, 0, 0, 0, 0]
[2025-06-25T09:29:23.635+0900] {logging_mixin.py:190} INFO - osd 2 0 0 0 0 [0, 0, 0, 0, 0, 0, 0, 0, 0, 0, 0]
[2025-06-25T09:29:23.759+0900] {logging_mixin.py:190} INFO - step : calc_angle_set2
[2025-06-25T09:29:33.587+0900] {logging_mixin.py:190} INFO - osd 1 3.0 3.0 11 82086 [0, 0, 0, 0, 0, 0, 0, 0, 0, 0, 1259, 82086, 22033, 0, 0, 0, 0]
[2025-06-25T09:29:46.673+0900] {logging_mixin.py:190} INFO - osd 2 3.0 0.0 8 89480 [0, 0, 0, 0, 0, 0, 0, 1463, 89480, 26513, 0, 0, 0, 0, 0, 0, 0]
[2025-06-25T09:29:46.779+0900] {logging_mixin.py:190} INFO - step : calc_angle_set2
[2025-06-25T09:29:55.781+0900] {logging_mixin.py:190} INFO - osd 1 0.25 0.25 10 148351 [1463, 5293, 12757, 23736, 35408, 46899, 58088, 69902, 89480, 131535, 148351, 105807, 73569, 61311, 49730, 38282, 26513]
[2025-06-25T09:30:05.626+0900] {logging_mixin.py:190} INFO - osd 2 0.25 0.0 8 152024 [17754, 28865, 40829, 52417, 64674, 75238, 97067, 143517, 152024, 114170, 80370, 67384, 56099, 43982, 32408, 20308, 9502]
[2025-06-25T09:30:05.718+0900] {logging_mixin.py:190} INFO - step : text_orientation_set
[2025-06-25T09:30:22.074+0900] {logging_mixin.py:190} INFO - osd 1 break  0 0 8.0 Korean 0.56
[2025-06-25T09:30:22.075+0900] {logging_mixin.py:190} INFO - step : load
[2025-06-25T09:30:22.075+0900] {logging_mixin.py:190} INFO - step : rotate
[2025-06-25T09:30:22.219+0900] {logging_mixin.py:190} INFO - step : rotate
[2025-06-25T09:30:22.327+0900] {logging_mixin.py:190} INFO - step : rotate
[2025-06-25T09:30:22.541+0900] {logging_mixin.py:190} INFO - step : rotate
[2025-06-25T09:30:23.092+0900] {logging_mixin.py:190} INFO - file_copy: /opt/***/data/temp/c0ffdf12-59c1-448d-9427-6b562a14c6fe/181ac9fb-0dc6-4fc5-9a06-76cc34e26fb6/_result.png
[2025-06-25T09:30:23.126+0900] {python.py:240} INFO - Done. Returned value was: {'file_id': 'c0ffdf12-59c1-448d-9427-6b562a14c6fe', 'file_path': '/opt/***/data/class/a_class/classify/ready/true/경희궁지내 - 정부24 - 건축물대장 등본(초본) 발급(열람) _ 문서출력_page_1_aug2.png', 'true': {'process_id': '_181ac9fb-0dc6-4fc5-9a06-76cc34e26fb6_pre', 'folder_path': 'c0ffdf12-59c1-448d-9427-6b562a14c6fe/181ac9fb-0dc6-4fc5-9a06-76cc34e26fb6', 'step_list': [{'name': 'cache', 'param': {'cache_key': 'origin'}}, {'name': 'calc_angle_set2', 'param': {'angle_key': 'angle2_1', 'delta': 8.0, 'limit': 40, 'iterations': 2, 'iter_save': False}}, {'name': 'calc_angle_set2', 'param': {'angle_key': 'angle2_2', 'delta': 1.0, 'limit': 8, 'iterations': 2, 'iter_save': False}}, {'name': 'calc_angle_set2', 'param': {'angle_key': 'angle2_3', 'delta': 0.125, 'limit': 1, 'iterations': 2, 'iter_save': False}}, {'name': 'text_orientation_set', 'param': {'angle_key': 'orint', 'iterations': 3, 'iter_save': False}}, {'name': 'load', 'param': {'cache_key': 'origin'}}, {'name': 'rotate', 'param': {'angle_key': 'angle2_1'}}, {'name': 'rotate', 'param': {'angle_key': 'angle2_2'}}, {'name': 'rotate', 'param': {'angle_key': 'angle2_3'}}, {'name': 'rotate', 'param': {'angle_key': 'orint'}}], 'result_file_map': {'_result': '/opt/***/data/temp/c0ffdf12-59c1-448d-9427-6b562a14c6fe/181ac9fb-0dc6-4fc5-9a06-76cc34e26fb6/_result.png'}}}
[2025-06-25T09:30:23.229+0900] {taskinstance.py:341} INFO - ::group::Post task execution logs
[2025-06-25T09:30:23.236+0900] {taskinstance.py:353} INFO - Marking task as SUCCESS. dag_id=lilt_document_classifier_balanced_V0.1, task_id=img_preprocess_task, run_id=manual__2025-06-25T00:18:31.692203+00:00, map_index=81, execution_date=20250625T001831, start_date=20250625T002902, end_date=20250625T003023
[2025-06-25T09:30:23.444+0900] {local_task_job_runner.py:266} INFO - Task exited with return code 0
[2025-06-25T09:30:23.456+0900] {local_task_job_runner.py:245} INFO - ::endgroup::
