[2025-06-23T09:43:25.335+0900] {local_task_job_runner.py:123} INFO - ::group::Pre task execution logs
[2025-06-23T09:43:25.442+0900] {taskinstance.py:2614} INFO - Dependencies all met for dep_context=non-requeueable deps ti=<TaskInstance: lilt_document_classifier_balanced_V0.1.img_preprocess_task__1 manual__2025-06-23T00:42:21.868462+00:00 map_index=2 [queued]>
[2025-06-23T09:43:25.483+0900] {taskinstance.py:2614} INFO - Dependencies all met for dep_context=requeueable deps ti=<TaskInstance: lilt_document_classifier_balanced_V0.1.img_preprocess_task__1 manual__2025-06-23T00:42:21.868462+00:00 map_index=2 [queued]>
[2025-06-23T09:43:25.488+0900] {taskinstance.py:2867} INFO - Starting attempt 1 of 1
[2025-06-23T09:43:25.561+0900] {taskinstance.py:2890} INFO - Executing <Mapped(_PythonDecoratedOperator): img_preprocess_task__1> on 2025-06-23 00:42:21.868462+00:00
[2025-06-23T09:43:25.594+0900] {warnings.py:112} WARNING - /home/***/.local/lib/python3.12/site-packages/***/task/task_runner/standard_task_runner.py:70: DeprecationWarning: This process (pid=80850) is multi-threaded, use of fork() may lead to deadlocks in the child.
  pid = os.fork()

[2025-06-23T09:43:25.610+0900] {standard_task_runner.py:72} INFO - Started process 80953 to run task
[2025-06-23T09:43:25.676+0900] {standard_task_runner.py:104} INFO - Running: ['***', 'tasks', 'run', 'lilt_document_classifier_balanced_V0.1', 'img_preprocess_task__1', 'manual__2025-06-23T00:42:21.868462+00:00', '--job-id', '1896', '--raw', '--subdir', 'DAGS_FOLDER/class_create_dag.py', '--cfg-path', '/tmp/tmp0cm_zqwv', '--map-index', '2']
[2025-06-23T09:43:25.680+0900] {standard_task_runner.py:105} INFO - Job 1896: Subtask img_preprocess_task__1
[2025-06-23T09:43:25.891+0900] {task_command.py:467} INFO - Running <TaskInstance: lilt_document_classifier_balanced_V0.1.img_preprocess_task__1 manual__2025-06-23T00:42:21.868462+00:00 map_index=2 [running]> on host f6d4228a9eb8
[2025-06-23T09:43:26.256+0900] {taskinstance.py:3134} INFO - Exporting env vars: AIRFLOW_CTX_DAG_OWNER='***' AIRFLOW_CTX_DAG_ID='lilt_document_classifier_balanced_V0.1' AIRFLOW_CTX_TASK_ID='img_preprocess_task__1' AIRFLOW_CTX_EXECUTION_DATE='2025-06-23T00:42:21.868462+00:00' AIRFLOW_CTX_TRY_NUMBER='1' AIRFLOW_CTX_DAG_RUN_ID='manual__2025-06-23T00:42:21.868462+00:00'
[2025-06-23T09:43:26.273+0900] {taskinstance.py:732} INFO - ::endgroup::
[2025-06-23T09:43:26.303+0900] {logging_mixin.py:190} INFO - empty map check {} {'process_id': '_8a00665b-9748-451c-90d6-5aa60737f62d_pre', 'folder_path': '1dba5157-403f-4585-8cfc-5a94887039f1/8a00665b-9748-451c-90d6-5aa60737f62d', 'step_list': [{'name': 'cache', 'param': {'key': 'origin'}}, {'name': 'calc_angle_set1', 'param': {'key': 'angle1', 'iterations': 4, 'iter_save': False}}, {'name': 'text_orientation_set', 'param': {'key': 'angle2', 'iterations': 4, 'iter_save': False}}, {'name': 'load', 'param': {'key': 'origin'}}, {'name': 'rotate', 'param': {'key': 'angle1'}}, {'name': 'rotate', 'param': {'key': 'angle2'}}], 'result_file_map': {}}
[2025-06-23T09:43:26.310+0900] {logging_mixin.py:190} INFO - step : cache
[2025-06-23T09:43:26.319+0900] {logging_mixin.py:190} INFO - step : calc_angle_set1
[2025-06-23T09:43:26.391+0900] {logging_mixin.py:190} INFO - angle1 :  0 87.53139052396202 180.2721869287371 92.9814612199822 90.21116285049214 -13.339248903363403
[2025-06-23T09:43:26.510+0900] {logging_mixin.py:190} INFO - angle2 :  87.53139052396202 66.53386559295778 92.32153058983272 169.69515353123398 -4.30819077071627 8.426969021480673
[2025-06-23T09:43:26.792+0900] {logging_mixin.py:190} INFO - angle3 :  154.06525611691978 113.50864050059812 119.52136183458165 205.92575179515256 12.778733188406038 115.80871518425224
[2025-06-23T09:43:27.060+0900] {logging_mixin.py:190} INFO - angle4 :  267.5738966175179 93.06551132273135 182.90860084574828 183.30440189591593 2.9903449751653746 3.0586975740958238
[2025-06-23T09:43:27.631+0900] {logging_mixin.py:190} INFO - step : text_orientation_set
[2025-06-23T09:43:41.028+0900] {logging_mixin.py:190} INFO - Tesseract OSD Error: (1, 'Estimating resolution as 109 Warning. Invalid resolution 0 dpi. Using 70 instead. Too few characters. Skipping this page Error during processing.')
[2025-06-23T09:43:41.092+0900] {logging_mixin.py:190} INFO - step : load
[2025-06-23T09:43:41.093+0900] {logging_mixin.py:190} INFO - step : rotate
[2025-06-23T09:43:41.379+0900] {logging_mixin.py:190} INFO - step : rotate
[2025-06-23T09:43:41.993+0900] {logging_mixin.py:190} INFO - file_copy: /opt/***/data/temp/1dba5157-403f-4585-8cfc-5a94887039f1/8a00665b-9748-451c-90d6-5aa60737f62d/_result.png
[2025-06-23T09:43:42.040+0900] {python.py:240} INFO - Done. Returned value was: {'file_id': '1dba5157-403f-4585-8cfc-5a94887039f1', 'file_path': '/opt/***/data/class/a_class/classify/ready/false/copied_72_0000176526.png', 'false': {'process_id': '_8a00665b-9748-451c-90d6-5aa60737f62d_pre', 'folder_path': '1dba5157-403f-4585-8cfc-5a94887039f1/8a00665b-9748-451c-90d6-5aa60737f62d', 'step_list': [{'name': 'cache', 'param': {'key': 'origin'}}, {'name': 'calc_angle_set1', 'param': {'key': 'angle1', 'iterations': 4, 'iter_save': False}}, {'name': 'text_orientation_set', 'param': {'key': 'angle2', 'iterations': 4, 'iter_save': False}}, {'name': 'load', 'param': {'key': 'origin'}}, {'name': 'rotate', 'param': {'key': 'angle1'}}, {'name': 'rotate', 'param': {'key': 'angle2'}}], 'result_file_map': {'_result': '/opt/***/data/temp/1dba5157-403f-4585-8cfc-5a94887039f1/8a00665b-9748-451c-90d6-5aa60737f62d/_result.png'}}}
[2025-06-23T09:43:42.170+0900] {taskinstance.py:341} INFO - ::group::Post task execution logs
[2025-06-23T09:43:42.176+0900] {taskinstance.py:353} INFO - Marking task as SUCCESS. dag_id=lilt_document_classifier_balanced_V0.1, task_id=img_preprocess_task__1, run_id=manual__2025-06-23T00:42:21.868462+00:00, map_index=2, execution_date=20250623T004221, start_date=20250623T004325, end_date=20250623T004342
[2025-06-23T09:43:42.367+0900] {local_task_job_runner.py:266} INFO - Task exited with return code 0
[2025-06-23T09:43:42.513+0900] {taskinstance.py:3901} INFO - 0 downstream tasks scheduled from follow-on schedule check
[2025-06-23T09:43:42.534+0900] {local_task_job_runner.py:245} INFO - ::endgroup::
