[2025-05-26T08:04:34.933+0000] {local_task_job_runner.py:123} INFO - ::group::Pre task execution logs
[2025-05-26T08:04:34.762+0000] {taskinstance.py:2614} INFO - Dependencies all met for dep_context=non-requeueable deps ti=<TaskInstance: image_processing_per_file_v2.file_copy_task manual__2025-05-26T07:54:01.222211+00:00 map_index=5 [queued]>
[2025-05-26T08:04:34.810+0000] {taskinstance.py:2614} INFO - Dependencies all met for dep_context=requeueable deps ti=<TaskInstance: image_processing_per_file_v2.file_copy_task manual__2025-05-26T07:54:01.222211+00:00 map_index=5 [queued]>
[2025-05-26T08:04:34.813+0000] {taskinstance.py:2867} INFO - Starting attempt 1 of 1
[2025-05-26T08:04:34.858+0000] {taskinstance.py:2890} INFO - Executing <Mapped(_PythonDecoratedOperator): file_copy_task> on 2025-05-26 07:54:01.222211+00:00
[2025-05-26T08:04:34.885+0000] {warnings.py:112} WARNING - /home/***/.local/lib/python3.12/site-packages/***/task/task_runner/standard_task_runner.py:70: DeprecationWarning: This process (pid=224) is multi-threaded, use of fork() may lead to deadlocks in the child.
  pid = os.fork()

[2025-05-26T08:04:34.902+0000] {standard_task_runner.py:104} INFO - Running: ['***', 'tasks', 'run', 'image_processing_per_file_v2', 'file_copy_task', 'manual__2025-05-26T07:54:01.222211+00:00', '--job-id', '50', '--raw', '--subdir', 'DAGS_FOLDER/test_dag.py', '--cfg-path', '/tmp/tmp6eo8nib6', '--map-index', '5']
[2025-05-26T08:04:34.899+0000] {standard_task_runner.py:72} INFO - Started process 281 to run task
[2025-05-26T08:04:34.904+0000] {standard_task_runner.py:105} INFO - Job 50: Subtask file_copy_task
[2025-05-26T08:04:35.068+0000] {task_command.py:467} INFO - Running <TaskInstance: image_processing_per_file_v2.file_copy_task manual__2025-05-26T07:54:01.222211+00:00 map_index=5 [running]> on host a4866f957002
[2025-05-26T08:04:35.299+0000] {taskinstance.py:3134} INFO - Exporting env vars: AIRFLOW_CTX_DAG_OWNER='***' AIRFLOW_CTX_DAG_ID='image_processing_per_file_v2' AIRFLOW_CTX_TASK_ID='file_copy_task' AIRFLOW_CTX_EXECUTION_DATE='2025-05-26T07:54:01.222211+00:00' AIRFLOW_CTX_TRY_NUMBER='1' AIRFLOW_CTX_DAG_RUN_ID='manual__2025-05-26T07:54:01.222211+00:00'
[2025-05-26T08:04:35.301+0000] {logging_mixin.py:190} INFO - Task instance is in running state
[2025-05-26T08:04:35.301+0000] {logging_mixin.py:190} INFO -  Previous state of the Task instance: queued
[2025-05-26T08:04:35.302+0000] {logging_mixin.py:190} INFO - Current task name:file_copy_task state:running start_date:2025-05-26 08:04:34.763864+00:00
[2025-05-26T08:04:35.302+0000] {logging_mixin.py:190} INFO - Dag name:image_processing_per_file_v2 and current dag run status:running
[2025-05-26T08:04:35.303+0000] {taskinstance.py:732} INFO - ::endgroup::
[2025-05-26T08:04:35.325+0000] {logging_mixin.py:190} INFO - copy: /opt/***/data/result/test/스크린샷 2025-05-21 181632 - 복사본 - 복사본(1).png
[2025-05-26T08:04:35.329+0000] {python.py:240} INFO - Done. Returned value was: /opt/***/data/result/test/스크린샷 2025-05-21 181632 - 복사본 - 복사본(1).png
[2025-05-26T08:04:35.358+0000] {taskinstance.py:341} INFO - ::group::Post task execution logs
[2025-05-26T08:04:35.358+0000] {taskinstance.py:353} INFO - Marking task as SUCCESS. dag_id=image_processing_per_file_v2, task_id=file_copy_task, run_id=manual__2025-05-26T07:54:01.222211+00:00, map_index=5, execution_date=20250526T075401, start_date=20250526T080434, end_date=20250526T080435
[2025-05-26T08:04:35.407+0000] {logging_mixin.py:190} INFO - Task instance in success state
[2025-05-26T08:04:35.408+0000] {logging_mixin.py:190} INFO -  Previous state of the Task instance: running
[2025-05-26T08:04:35.408+0000] {logging_mixin.py:190} INFO - Dag name:image_processing_per_file_v2 queued_at:2025-05-26 07:54:01.509310+00:00
[2025-05-26T08:04:35.409+0000] {logging_mixin.py:190} INFO - Task hostname:a4866f957002 operator:_PythonDecoratedOperator
[2025-05-26T08:04:35.470+0000] {local_task_job_runner.py:266} INFO - Task exited with return code 0
[2025-05-26T08:04:35.531+0000] {taskinstance.py:3901} INFO - 0 downstream tasks scheduled from follow-on schedule check
[2025-05-26T08:04:35.569+0000] {local_task_job_runner.py:245} INFO - ::endgroup::
