[2025-05-28T00:01:34.646+0000] {local_task_job_runner.py:123} INFO - ::group::Pre task execution logs
[2025-05-28T00:01:35.083+0000] {taskinstance.py:2614} INFO - Dependencies all met for dep_context=non-requeueable deps ti=<TaskInstance: image_processing_per_file_v2.preprocess_group.file_copy_task manual__2025-05-27T08:58:50.827042+00:00 map_index=29 [queued]>
[2025-05-28T00:01:35.700+0000] {taskinstance.py:2614} INFO - Dependencies all met for dep_context=requeueable deps ti=<TaskInstance: image_processing_per_file_v2.preprocess_group.file_copy_task manual__2025-05-27T08:58:50.827042+00:00 map_index=29 [queued]>
[2025-05-28T00:01:35.719+0000] {taskinstance.py:2867} INFO - Starting attempt 3 of 2
[2025-05-28T00:01:35.900+0000] {taskinstance.py:2890} INFO - Executing <Task(_PythonDecoratedOperator): preprocess_group.file_copy_task> on 2025-05-27 08:58:50.827042+00:00
[2025-05-28T00:01:36.030+0000] {standard_task_runner.py:104} INFO - Running: ['***', 'tasks', 'run', 'image_processing_per_file_v2', 'preprocess_group.file_copy_task', 'manual__2025-05-27T08:58:50.827042+00:00', '--job-id', '1751', '--raw', '--subdir', 'DAGS_FOLDER/test_dag.py', '--cfg-path', '/tmp/tmp4e1401ak', '--map-index', '29']
[2025-05-28T00:01:36.062+0000] {standard_task_runner.py:105} INFO - Job 1751: Subtask preprocess_group.file_copy_task
[2025-05-28T00:01:36.288+0000] {logging_mixin.py:190} WARNING - /home/***/.local/lib/python3.12/site-packages/***/task/task_runner/standard_task_runner.py:70 DeprecationWarning: This process (pid=207) is multi-threaded, use of fork() may lead to deadlocks in the child.
[2025-05-28T00:01:36.310+0000] {standard_task_runner.py:72} INFO - Started process 280 to run task
[2025-05-28T00:01:36.553+0000] {task_command.py:467} INFO - Running <TaskInstance: image_processing_per_file_v2.preprocess_group.file_copy_task manual__2025-05-27T08:58:50.827042+00:00 map_index=29 [running]> on host d13339a4a574
[2025-05-28T00:01:38.094+0000] {taskinstance.py:3134} INFO - Exporting env vars: AIRFLOW_CTX_DAG_OWNER='***' AIRFLOW_CTX_DAG_ID='image_processing_per_file_v2' AIRFLOW_CTX_TASK_ID='preprocess_group.file_copy_task' AIRFLOW_CTX_EXECUTION_DATE='2025-05-27T08:58:50.827042+00:00' AIRFLOW_CTX_TRY_NUMBER='3' AIRFLOW_CTX_DAG_RUN_ID='manual__2025-05-27T08:58:50.827042+00:00'
[2025-05-28T00:01:38.159+0000] {logging_mixin.py:190} INFO - Task instance is in running state
[2025-05-28T00:01:38.161+0000] {logging_mixin.py:190} INFO -  Previous state of the Task instance: queued
[2025-05-28T00:01:38.182+0000] {logging_mixin.py:190} INFO - Current task name:preprocess_group.file_copy_task state:running start_date:2025-05-28 00:01:35.085565+00:00
[2025-05-28T00:01:38.216+0000] {logging_mixin.py:190} INFO - Dag name:image_processing_per_file_v2 and current dag run status:running
[2025-05-28T00:01:38.258+0000] {taskinstance.py:732} INFO - ::endgroup::
[2025-05-28T00:01:38.628+0000] {logging_mixin.py:190} INFO - copy: /opt/***/data/result/test/스크린샷 2025-05-20 182000 - 복사본 (9) - 복사본 - 복사본.png
[2025-05-28T00:01:38.633+0000] {python.py:240} INFO - Done. Returned value was: /opt/***/data/result/test/스크린샷 2025-05-20 182000 - 복사본 (9) - 복사본 - 복사본.png
[2025-05-28T00:01:38.812+0000] {taskinstance.py:341} INFO - ::group::Post task execution logs
[2025-05-28T00:01:38.815+0000] {taskinstance.py:353} INFO - Marking task as SUCCESS. dag_id=image_processing_per_file_v2, task_id=preprocess_group.file_copy_task, run_id=manual__2025-05-27T08:58:50.827042+00:00, map_index=29, execution_date=20250527T085850, start_date=20250528T000135, end_date=20250528T000138
[2025-05-28T00:01:39.047+0000] {logging_mixin.py:190} INFO - Task instance in success state
[2025-05-28T00:01:39.057+0000] {logging_mixin.py:190} INFO -  Previous state of the Task instance: running
[2025-05-28T00:01:39.060+0000] {logging_mixin.py:190} INFO - Dag name:image_processing_per_file_v2 queued_at:2025-05-27 08:58:50.983771+00:00
[2025-05-28T00:01:39.063+0000] {logging_mixin.py:190} INFO - Task hostname:d13339a4a574 operator:_PythonDecoratedOperator
[2025-05-28T00:01:39.185+0000] {local_task_job_runner.py:266} INFO - Task exited with return code 0
[2025-05-28T00:01:39.932+0000] {taskinstance.py:3901} INFO - 0 downstream tasks scheduled from follow-on schedule check
[2025-05-28T00:01:39.986+0000] {local_task_job_runner.py:245} INFO - ::endgroup::
