[2025-06-17T11:32:24.273+0900] {local_task_job_runner.py:123} INFO - ::group::Pre task execution logs
[2025-06-17T11:32:24.299+0900] {taskinstance.py:2614} INFO - Dependencies all met for dep_context=non-requeueable deps ti=<TaskInstance: image_ocr_v2.img_preprocess_task manual__2025-06-17T02:32:15.634409+00:00 map_index=1 [queued]>
[2025-06-17T11:32:24.312+0900] {taskinstance.py:2614} INFO - Dependencies all met for dep_context=requeueable deps ti=<TaskInstance: image_ocr_v2.img_preprocess_task manual__2025-06-17T02:32:15.634409+00:00 map_index=1 [queued]>
[2025-06-17T11:32:24.312+0900] {taskinstance.py:2867} INFO - Starting attempt 1 of 1
[2025-06-17T11:32:24.326+0900] {taskinstance.py:2890} INFO - Executing <Mapped(_PythonDecoratedOperator): img_preprocess_task> on 2025-06-17 02:32:15.634409+00:00
[2025-06-17T11:32:24.334+0900] {warnings.py:112} WARNING - /home/***/.local/lib/python3.12/site-packages/***/task/task_runner/standard_task_runner.py:70: DeprecationWarning: This process (pid=2446) is multi-threaded, use of fork() may lead to deadlocks in the child.
  pid = os.fork()

[2025-06-17T11:32:24.335+0900] {standard_task_runner.py:72} INFO - Started process 2495 to run task
[2025-06-17T11:32:24.336+0900] {standard_task_runner.py:104} INFO - Running: ['***', 'tasks', 'run', 'image_ocr_v2', 'img_preprocess_task', 'manual__2025-06-17T02:32:15.634409+00:00', '--job-id', '841', '--raw', '--subdir', 'DAGS_FOLDER/test_dag.py', '--cfg-path', '/tmp/tmp6ncn2gm3', '--map-index', '1']
[2025-06-17T11:32:24.340+0900] {standard_task_runner.py:105} INFO - Job 841: Subtask img_preprocess_task
[2025-06-17T11:32:24.385+0900] {task_command.py:467} INFO - Running <TaskInstance: image_ocr_v2.img_preprocess_task manual__2025-06-17T02:32:15.634409+00:00 map_index=1 [running]> on host f6d4228a9eb8
[2025-06-17T11:32:24.472+0900] {taskinstance.py:3134} INFO - Exporting env vars: AIRFLOW_CTX_DAG_OWNER='***' AIRFLOW_CTX_DAG_ID='image_ocr_v2' AIRFLOW_CTX_TASK_ID='img_preprocess_task' AIRFLOW_CTX_EXECUTION_DATE='2025-06-17T02:32:15.634409+00:00' AIRFLOW_CTX_TRY_NUMBER='1' AIRFLOW_CTX_DAG_RUN_ID='manual__2025-06-17T02:32:15.634409+00:00'
[2025-06-17T11:32:24.475+0900] {taskinstance.py:732} INFO - ::endgroup::
[2025-06-17T11:32:24.477+0900] {logging_mixin.py:190} INFO - empty map check {} {'process_id': '_d94c2eb9-45df-4ab9-ba5d-62664c5049c5_pre', 'folder_path': 'a56239f0-1b81-4763-aa21-fe4f71239fa9/d94c2eb9-45df-4ab9-ba5d-62664c5049c5', 'step_list': [{'name': 'cache', 'param': {'key': 'origin'}}, {'name': 'calc_angle_set5', 'param': {'key': 'angle1', 'iterations': 4, 'iter_save': True}}, {'name': 'calc_angle_set2', 'param': {'key': 'angle2', 'iterations': 4, 'iter_save': True}}, {'name': 'threshold', 'param': {}}, {'name': 'save', 'param': {'key': 'classify_preprocess'}}], 'result_file_list': []}
[2025-06-17T11:32:24.478+0900] {logging_mixin.py:190} INFO - step : cache
[2025-06-17T11:32:24.478+0900] {logging_mixin.py:190} INFO - step : calc_angle_set5
[2025-06-17T11:32:31.385+0900] {logging_mixin.py:190} INFO - osd 1 4.440892098500626e-15 4.440892098500626e-15 [0, 0, 0, 0, 0, 0, 0, 0, 0, 0, 0, 0, 0, 0, 0, 0, 0, 0, 0, 0, 0, 0, 0, 0, 0, 2302, 0, 0, 0, 0, 0, 0, 0, 0, 0, 0, 0, 0, 0, 0, 0, 0, 0, 0, 0, 0, 0, 0, 0, 0, 0]
[2025-06-17T11:32:31.634+0900] {logging_mixin.py:190} INFO - file_copy: /opt/***/data/temp/a56239f0-1b81-4763-aa21-fe4f71239fa9/d94c2eb9-45df-4ab9-ba5d-62664c5049c5/rotate5_1_4.440892098500626e-15.png
[2025-06-17T11:32:38.796+0900] {logging_mixin.py:190} INFO - osd 2 8.881784197001252e-15 4.440892098500626e-15 [0, 0, 0, 0, 0, 0, 0, 0, 0, 0, 0, 0, 0, 0, 0, 0, 0, 0, 0, 0, 0, 0, 0, 0, 0, 2302, 0, 0, 0, 0, 0, 0, 0, 0, 0, 0, 0, 0, 0, 0, 0, 0, 0, 0, 0, 0, 0, 0, 0, 0, 0]
[2025-06-17T11:32:39.127+0900] {logging_mixin.py:190} INFO - file_copy: /opt/***/data/temp/a56239f0-1b81-4763-aa21-fe4f71239fa9/d94c2eb9-45df-4ab9-ba5d-62664c5049c5/rotate5_2_4.440892098500626e-15.png
[2025-06-17T11:32:46.046+0900] {logging_mixin.py:190} INFO - osd 3 1.3322676295501878e-14 4.440892098500626e-15 [0, 0, 0, 0, 0, 0, 0, 0, 0, 0, 0, 0, 0, 0, 0, 0, 0, 0, 0, 0, 0, 0, 0, 0, 0, 2302, 0, 0, 0, 0, 0, 0, 0, 0, 0, 0, 0, 0, 0, 0, 0, 0, 0, 0, 0, 0, 0, 0, 0, 0, 0]
[2025-06-17T11:32:46.368+0900] {logging_mixin.py:190} INFO - file_copy: /opt/***/data/temp/a56239f0-1b81-4763-aa21-fe4f71239fa9/d94c2eb9-45df-4ab9-ba5d-62664c5049c5/rotate5_3_4.440892098500626e-15.png
[2025-06-17T11:32:53.381+0900] {logging_mixin.py:190} INFO - osd 4 1.7763568394002505e-14 4.440892098500626e-15 [0, 0, 0, 0, 0, 0, 0, 0, 0, 0, 0, 0, 0, 0, 0, 0, 0, 0, 0, 0, 0, 0, 0, 0, 0, 2302, 0, 0, 0, 0, 0, 0, 0, 0, 0, 0, 0, 0, 0, 0, 0, 0, 0, 0, 0, 0, 0, 0, 0, 0, 0]
[2025-06-17T11:32:53.576+0900] {logging_mixin.py:190} INFO - file_copy: /opt/***/data/temp/a56239f0-1b81-4763-aa21-fe4f71239fa9/d94c2eb9-45df-4ab9-ba5d-62664c5049c5/rotate5_4_4.440892098500626e-15.png
[2025-06-17T11:32:53.585+0900] {logging_mixin.py:190} INFO - step : calc_angle_set2
[2025-06-17T11:32:57.550+0900] {logging_mixin.py:190} INFO - file_copy: /opt/***/data/temp/a56239f0-1b81-4763-aa21-fe4f71239fa9/d94c2eb9-45df-4ab9-ba5d-62664c5049c5/rotate2_1.png
[2025-06-17T11:32:58.763+0900] {logging_mixin.py:190} INFO - osd 1 270 270 5.35 Latin 1.73
[2025-06-17T11:33:02.662+0900] {logging_mixin.py:190} INFO - file_copy: /opt/***/data/temp/a56239f0-1b81-4763-aa21-fe4f71239fa9/d94c2eb9-45df-4ab9-ba5d-62664c5049c5/rotate2_2.png
[2025-06-17T11:33:03.861+0900] {logging_mixin.py:190} INFO - osd 2 450 180 3.32 Cyrillic 2.35
[2025-06-17T11:33:07.427+0900] {logging_mixin.py:190} INFO - file_copy: /opt/***/data/temp/a56239f0-1b81-4763-aa21-fe4f71239fa9/d94c2eb9-45df-4ab9-ba5d-62664c5049c5/rotate2_3.png
[2025-06-17T11:33:08.750+0900] {logging_mixin.py:190} INFO - osd 3 break  450 0 2.85 Latin 4.24
[2025-06-17T11:33:08.752+0900] {logging_mixin.py:190} INFO - step : threshold
[2025-06-17T11:33:08.757+0900] {logging_mixin.py:190} INFO - step : save
[2025-06-17T11:33:08.810+0900] {logging_mixin.py:190} INFO - file_copy: /opt/***/data/temp/a56239f0-1b81-4763-aa21-fe4f71239fa9/d94c2eb9-45df-4ab9-ba5d-62664c5049c5/classify_preprocess.png
[2025-06-17T11:33:08.827+0900] {python.py:240} INFO - Done. Returned value was: {'file_id': 'a56239f0-1b81-4763-aa21-fe4f71239fa9', 'file_path': '/opt/***/data/upload/Gas Engine 점검일지_ 2021년 2월.pdf-image-007.jpg', 'result': {'process_id': '_d94c2eb9-45df-4ab9-ba5d-62664c5049c5_pre', 'folder_path': 'a56239f0-1b81-4763-aa21-fe4f71239fa9/d94c2eb9-45df-4ab9-ba5d-62664c5049c5', 'step_list': [{'name': 'cache', 'param': {'key': 'origin'}}, {'name': 'calc_angle_set5', 'param': {'key': 'angle1', 'iterations': 4, 'iter_save': True}}, {'name': 'calc_angle_set2', 'param': {'key': 'angle2', 'iterations': 4, 'iter_save': True}}, {'name': 'threshold', 'param': {}}, {'name': 'save', 'param': {'key': 'classify_preprocess'}}], 'result_file_list': [{'key': 'rotate5_1_4.440892098500626e-15', 'path': '/opt/***/data/temp/a56239f0-1b81-4763-aa21-fe4f71239fa9/d94c2eb9-45df-4ab9-ba5d-62664c5049c5/rotate5_1_4.440892098500626e-15.png'}, {'key': 'rotate5_2_4.440892098500626e-15', 'path': '/opt/***/data/temp/a56239f0-1b81-4763-aa21-fe4f71239fa9/d94c2eb9-45df-4ab9-ba5d-62664c5049c5/rotate5_2_4.440892098500626e-15.png'}, {'key': 'rotate5_3_4.440892098500626e-15', 'path': '/opt/***/data/temp/a56239f0-1b81-4763-aa21-fe4f71239fa9/d94c2eb9-45df-4ab9-ba5d-62664c5049c5/rotate5_3_4.440892098500626e-15.png'}, {'key': 'rotate5_4_4.440892098500626e-15', 'path': '/opt/***/data/temp/a56239f0-1b81-4763-aa21-fe4f71239fa9/d94c2eb9-45df-4ab9-ba5d-62664c5049c5/rotate5_4_4.440892098500626e-15.png'}, {'key': 'rotate2_1', 'path': '/opt/***/data/temp/a56239f0-1b81-4763-aa21-fe4f71239fa9/d94c2eb9-45df-4ab9-ba5d-62664c5049c5/rotate2_1.png'}, {'key': 'rotate2_2', 'path': '/opt/***/data/temp/a56239f0-1b81-4763-aa21-fe4f71239fa9/d94c2eb9-45df-4ab9-ba5d-62664c5049c5/rotate2_2.png'}, {'key': 'rotate2_3', 'path': '/opt/***/data/temp/a56239f0-1b81-4763-aa21-fe4f71239fa9/d94c2eb9-45df-4ab9-ba5d-62664c5049c5/rotate2_3.png'}, {'key': 'classify_preprocess', 'path': '/opt/***/data/temp/a56239f0-1b81-4763-aa21-fe4f71239fa9/d94c2eb9-45df-4ab9-ba5d-62664c5049c5/classify_preprocess.png'}]}}
[2025-06-17T11:33:08.878+0900] {taskinstance.py:341} INFO - ::group::Post task execution logs
[2025-06-17T11:33:08.881+0900] {taskinstance.py:353} INFO - Marking task as SUCCESS. dag_id=image_ocr_v2, task_id=img_preprocess_task, run_id=manual__2025-06-17T02:32:15.634409+00:00, map_index=1, execution_date=20250617T023215, start_date=20250617T023224, end_date=20250617T023308
[2025-06-17T11:33:09.028+0900] {local_task_job_runner.py:266} INFO - Task exited with return code 0
[2025-06-17T11:33:09.127+0900] {taskinstance.py:3901} INFO - 0 downstream tasks scheduled from follow-on schedule check
[2025-06-17T11:33:09.139+0900] {local_task_job_runner.py:245} INFO - ::endgroup::
