[2025-06-25T09:25:03.589+0900] {local_task_job_runner.py:123} INFO - ::group::Pre task execution logs
[2025-06-25T09:25:03.666+0900] {taskinstance.py:2614} INFO - Dependencies all met for dep_context=non-requeueable deps ti=<TaskInstance: lilt_document_classifier_balanced_V0.1.img_preprocess_task manual__2025-06-25T00:18:31.692203+00:00 map_index=49 [queued]>
[2025-06-25T09:25:03.687+0900] {taskinstance.py:2614} INFO - Dependencies all met for dep_context=requeueable deps ti=<TaskInstance: lilt_document_classifier_balanced_V0.1.img_preprocess_task manual__2025-06-25T00:18:31.692203+00:00 map_index=49 [queued]>
[2025-06-25T09:25:03.694+0900] {taskinstance.py:2867} INFO - Starting attempt 1 of 1
[2025-06-25T09:25:03.744+0900] {taskinstance.py:2890} INFO - Executing <Mapped(_PythonDecoratedOperator): img_preprocess_task> on 2025-06-25 00:18:31.692203+00:00
[2025-06-25T09:25:03.774+0900] {standard_task_runner.py:104} INFO - Running: ['***', 'tasks', 'run', 'lilt_document_classifier_balanced_V0.1', 'img_preprocess_task', 'manual__2025-06-25T00:18:31.692203+00:00', '--job-id', '5072', '--raw', '--subdir', 'DAGS_FOLDER/class_create_dag.py', '--cfg-path', '/tmp/tmp2uwsqcg4', '--map-index', '49']
[2025-06-25T09:25:03.769+0900] {warnings.py:112} WARNING - /home/***/.local/lib/python3.12/site-packages/***/task/task_runner/standard_task_runner.py:70: DeprecationWarning: This process (pid=77363) is multi-threaded, use of fork() may lead to deadlocks in the child.
  pid = os.fork()

[2025-06-25T09:25:03.777+0900] {standard_task_runner.py:105} INFO - Job 5072: Subtask img_preprocess_task
[2025-06-25T09:25:03.778+0900] {standard_task_runner.py:72} INFO - Started process 77413 to run task
[2025-06-25T09:25:03.949+0900] {task_command.py:467} INFO - Running <TaskInstance: lilt_document_classifier_balanced_V0.1.img_preprocess_task manual__2025-06-25T00:18:31.692203+00:00 map_index=49 [running]> on host f6d4228a9eb8
[2025-06-25T09:25:04.164+0900] {taskinstance.py:3134} INFO - Exporting env vars: AIRFLOW_CTX_DAG_OWNER='***' AIRFLOW_CTX_DAG_ID='lilt_document_classifier_balanced_V0.1' AIRFLOW_CTX_TASK_ID='img_preprocess_task' AIRFLOW_CTX_EXECUTION_DATE='2025-06-25T00:18:31.692203+00:00' AIRFLOW_CTX_TRY_NUMBER='1' AIRFLOW_CTX_DAG_RUN_ID='manual__2025-06-25T00:18:31.692203+00:00'
[2025-06-25T09:25:04.166+0900] {taskinstance.py:732} INFO - ::endgroup::
[2025-06-25T09:25:04.169+0900] {logging_mixin.py:190} INFO - empty map check {} {'process_id': '_35f9882e-e7ba-467d-a0d3-2016d8db0b40_pre', 'folder_path': '52e06dd2-8130-46cf-8dfc-c777bab750e0/35f9882e-e7ba-467d-a0d3-2016d8db0b40', 'step_list': [{'name': 'cache', 'param': {'cache_key': 'origin'}}, {'name': 'calc_angle_set2', 'param': {'angle_key': 'angle2_1', 'delta': 8.0, 'limit': 40, 'iterations': 2, 'iter_save': False}}, {'name': 'calc_angle_set2', 'param': {'angle_key': 'angle2_2', 'delta': 1.0, 'limit': 8, 'iterations': 2, 'iter_save': False}}, {'name': 'calc_angle_set2', 'param': {'angle_key': 'angle2_3', 'delta': 0.125, 'limit': 1, 'iterations': 2, 'iter_save': False}}, {'name': 'text_orientation_set', 'param': {'angle_key': 'orint', 'iterations': 3, 'iter_save': False}}, {'name': 'load', 'param': {'cache_key': 'origin'}}, {'name': 'rotate', 'param': {'angle_key': 'angle2_1'}}, {'name': 'rotate', 'param': {'angle_key': 'angle2_2'}}, {'name': 'rotate', 'param': {'angle_key': 'angle2_3'}}, {'name': 'rotate', 'param': {'angle_key': 'orint'}}], 'result_file_map': {}}
[2025-06-25T09:25:04.171+0900] {logging_mixin.py:190} INFO - step : cache
[2025-06-25T09:25:04.173+0900] {logging_mixin.py:190} INFO - step : calc_angle_set2
[2025-06-25T09:25:13.490+0900] {logging_mixin.py:190} INFO - osd 1 0 0 0 0 [0, 0, 0, 0, 0, 0, 0, 0, 0, 0, 0]
[2025-06-25T09:25:22.729+0900] {logging_mixin.py:190} INFO - osd 2 0 0 0 0 [0, 0, 0, 0, 0, 0, 0, 0, 0, 0, 0]
[2025-06-25T09:25:22.813+0900] {logging_mixin.py:190} INFO - step : calc_angle_set2
[2025-06-25T09:25:37.283+0900] {logging_mixin.py:190} INFO - osd 1 5.0 5.0 13 100743 [0, 0, 0, 0, 0, 0, 0, 0, 0, 0, 0, 0, 16119, 100743, 1584, 0, 0]
[2025-06-25T09:25:48.533+0900] {logging_mixin.py:190} INFO - osd 2 5.0 0.0 8 108441 [0, 0, 0, 0, 0, 0, 0, 18411, 108441, 967, 0, 0, 0, 0, 0, 0, 0]
[2025-06-25T09:25:48.600+0900] {logging_mixin.py:190} INFO - step : calc_angle_set2
[2025-06-25T09:26:01.655+0900] {logging_mixin.py:190} INFO - osd 1 -0.125 -0.125 7 150146 [18411, 30392, 43019, 55270, 67356, 86610, 129241, 150146, 108441, 74750, 62042, 49808, 37358, 24867, 13252, 4926, 967]
[2025-06-25T09:26:15.407+0900] {logging_mixin.py:190} INFO - osd 2 -0.125 0.0 8 158531 [11880, 23415, 35033, 47829, 60385, 72330, 94767, 138793, 158531, 116034, 81612, 67519, 54743, 42622, 30031, 18156, 7940]
[2025-06-25T09:26:15.490+0900] {logging_mixin.py:190} INFO - step : text_orientation_set
[2025-06-25T09:26:27.883+0900] {logging_mixin.py:190} INFO - osd 1 break  0 0 8.17 Korean 1.21
[2025-06-25T09:26:27.891+0900] {logging_mixin.py:190} INFO - step : load
[2025-06-25T09:26:27.893+0900] {logging_mixin.py:190} INFO - step : rotate
[2025-06-25T09:26:28.312+0900] {logging_mixin.py:190} INFO - step : rotate
[2025-06-25T09:26:28.452+0900] {logging_mixin.py:190} INFO - step : rotate
[2025-06-25T09:26:28.605+0900] {logging_mixin.py:190} INFO - step : rotate
[2025-06-25T09:26:29.194+0900] {logging_mixin.py:190} INFO - file_copy: /opt/***/data/temp/52e06dd2-8130-46cf-8dfc-c777bab750e0/35f9882e-e7ba-467d-a0d3-2016d8db0b40/_result.png
[2025-06-25T09:26:29.221+0900] {python.py:240} INFO - Done. Returned value was: {'file_id': '52e06dd2-8130-46cf-8dfc-c777bab750e0', 'file_path': '/opt/***/data/class/a_class/classify/ready/true/거제동 고성빌딩 - 정부24 - 건축물대장 등본(초본) 발급(열람) _ 문서출력_page_1_aug1.png', 'true': {'process_id': '_35f9882e-e7ba-467d-a0d3-2016d8db0b40_pre', 'folder_path': '52e06dd2-8130-46cf-8dfc-c777bab750e0/35f9882e-e7ba-467d-a0d3-2016d8db0b40', 'step_list': [{'name': 'cache', 'param': {'cache_key': 'origin'}}, {'name': 'calc_angle_set2', 'param': {'angle_key': 'angle2_1', 'delta': 8.0, 'limit': 40, 'iterations': 2, 'iter_save': False}}, {'name': 'calc_angle_set2', 'param': {'angle_key': 'angle2_2', 'delta': 1.0, 'limit': 8, 'iterations': 2, 'iter_save': False}}, {'name': 'calc_angle_set2', 'param': {'angle_key': 'angle2_3', 'delta': 0.125, 'limit': 1, 'iterations': 2, 'iter_save': False}}, {'name': 'text_orientation_set', 'param': {'angle_key': 'orint', 'iterations': 3, 'iter_save': False}}, {'name': 'load', 'param': {'cache_key': 'origin'}}, {'name': 'rotate', 'param': {'angle_key': 'angle2_1'}}, {'name': 'rotate', 'param': {'angle_key': 'angle2_2'}}, {'name': 'rotate', 'param': {'angle_key': 'angle2_3'}}, {'name': 'rotate', 'param': {'angle_key': 'orint'}}], 'result_file_map': {'_result': '/opt/***/data/temp/52e06dd2-8130-46cf-8dfc-c777bab750e0/35f9882e-e7ba-467d-a0d3-2016d8db0b40/_result.png'}}}
[2025-06-25T09:26:29.276+0900] {taskinstance.py:341} INFO - ::group::Post task execution logs
[2025-06-25T09:26:29.276+0900] {taskinstance.py:353} INFO - Marking task as SUCCESS. dag_id=lilt_document_classifier_balanced_V0.1, task_id=img_preprocess_task, run_id=manual__2025-06-25T00:18:31.692203+00:00, map_index=49, execution_date=20250625T001831, start_date=20250625T002503, end_date=20250625T002629
[2025-06-25T09:26:29.417+0900] {local_task_job_runner.py:266} INFO - Task exited with return code 0
[2025-06-25T09:26:29.485+0900] {taskinstance.py:3901} INFO - 0 downstream tasks scheduled from follow-on schedule check
[2025-06-25T09:26:29.492+0900] {local_task_job_runner.py:245} INFO - ::endgroup::
