[2025-06-25T09:25:19.214+0900] {local_task_job_runner.py:123} INFO - ::group::Pre task execution logs
[2025-06-25T09:25:19.482+0900] {taskinstance.py:2614} INFO - Dependencies all met for dep_context=non-requeueable deps ti=<TaskInstance: lilt_document_classifier_balanced_V0.1.img_preprocess_task__1 manual__2025-06-25T00:18:31.692203+00:00 map_index=50 [queued]>
[2025-06-25T09:25:19.663+0900] {taskinstance.py:2614} INFO - Dependencies all met for dep_context=requeueable deps ti=<TaskInstance: lilt_document_classifier_balanced_V0.1.img_preprocess_task__1 manual__2025-06-25T00:18:31.692203+00:00 map_index=50 [queued]>
[2025-06-25T09:25:19.741+0900] {taskinstance.py:2867} INFO - Starting attempt 1 of 1
[2025-06-25T09:25:19.764+0900] {taskinstance.py:2890} INFO - Executing <Mapped(_PythonDecoratedOperator): img_preprocess_task__1> on 2025-06-25 00:18:31.692203+00:00
[2025-06-25T09:25:19.780+0900] {warnings.py:112} WARNING - /home/***/.local/lib/python3.12/site-packages/***/task/task_runner/standard_task_runner.py:70: DeprecationWarning: This process (pid=77430) is multi-threaded, use of fork() may lead to deadlocks in the child.
  pid = os.fork()

[2025-06-25T09:25:19.784+0900] {standard_task_runner.py:72} INFO - Started process 77453 to run task
[2025-06-25T09:25:19.795+0900] {standard_task_runner.py:104} INFO - Running: ['***', 'tasks', 'run', 'lilt_document_classifier_balanced_V0.1', 'img_preprocess_task__1', 'manual__2025-06-25T00:18:31.692203+00:00', '--job-id', '5074', '--raw', '--subdir', 'DAGS_FOLDER/class_create_dag.py', '--cfg-path', '/tmp/tmp2egdlawg', '--map-index', '50']
[2025-06-25T09:25:19.809+0900] {standard_task_runner.py:105} INFO - Job 5074: Subtask img_preprocess_task__1
[2025-06-25T09:25:19.976+0900] {task_command.py:467} INFO - Running <TaskInstance: lilt_document_classifier_balanced_V0.1.img_preprocess_task__1 manual__2025-06-25T00:18:31.692203+00:00 map_index=50 [running]> on host f6d4228a9eb8
[2025-06-25T09:25:20.264+0900] {taskinstance.py:3134} INFO - Exporting env vars: AIRFLOW_CTX_DAG_OWNER='***' AIRFLOW_CTX_DAG_ID='lilt_document_classifier_balanced_V0.1' AIRFLOW_CTX_TASK_ID='img_preprocess_task__1' AIRFLOW_CTX_EXECUTION_DATE='2025-06-25T00:18:31.692203+00:00' AIRFLOW_CTX_TRY_NUMBER='1' AIRFLOW_CTX_DAG_RUN_ID='manual__2025-06-25T00:18:31.692203+00:00'
[2025-06-25T09:25:20.269+0900] {taskinstance.py:732} INFO - ::endgroup::
[2025-06-25T09:25:20.281+0900] {logging_mixin.py:190} INFO - empty map check {} {'process_id': '_dd780776-45a2-4352-b471-1414693f98a7_pre', 'folder_path': '6ac89f05-2df3-434b-adb3-3f7b5111d8d2/dd780776-45a2-4352-b471-1414693f98a7', 'step_list': [{'name': 'cache', 'param': {'cache_key': 'origin'}}, {'name': 'calc_angle_set2', 'param': {'angle_key': 'angle2_1', 'delta': 8.0, 'limit': 40, 'iterations': 2, 'iter_save': False}}, {'name': 'calc_angle_set2', 'param': {'angle_key': 'angle2_2', 'delta': 1.0, 'limit': 8, 'iterations': 2, 'iter_save': False}}, {'name': 'calc_angle_set2', 'param': {'angle_key': 'angle2_3', 'delta': 0.125, 'limit': 1, 'iterations': 2, 'iter_save': False}}, {'name': 'text_orientation_set', 'param': {'angle_key': 'orint', 'iterations': 3, 'iter_save': False}}, {'name': 'load', 'param': {'cache_key': 'origin'}}, {'name': 'rotate', 'param': {'angle_key': 'angle2_1'}}, {'name': 'rotate', 'param': {'angle_key': 'angle2_2'}}, {'name': 'rotate', 'param': {'angle_key': 'angle2_3'}}, {'name': 'rotate', 'param': {'angle_key': 'orint'}}], 'result_file_map': {}}
[2025-06-25T09:25:20.294+0900] {logging_mixin.py:190} INFO - step : cache
[2025-06-25T09:25:20.295+0900] {logging_mixin.py:190} INFO - step : calc_angle_set2
[2025-06-25T09:25:21.247+0900] {logging_mixin.py:190} INFO - osd 1 0.0 0.0 5 1958 [0, 0, 0, 0, 0, 1958, 1, 0, 0, 0, 0]
[2025-06-25T09:25:22.792+0900] {logging_mixin.py:190} INFO - osd 2 0.0 0.0 5 1958 [0, 0, 0, 0, 0, 1958, 1, 0, 0, 0, 0]
[2025-06-25T09:25:22.840+0900] {logging_mixin.py:190} INFO - step : calc_angle_set2
[2025-06-25T09:25:24.643+0900] {logging_mixin.py:190} INFO - osd 1 0.0 0.0 8 1958 [0, 0, 0, 5, 94, 334, 824, 1407, 1958, 1252, 552, 116, 24, 0, 8, 0, 1]
[2025-06-25T09:25:27.417+0900] {logging_mixin.py:190} INFO - osd 2 0.0 0.0 8 1958 [0, 0, 0, 5, 94, 334, 824, 1407, 1958, 1252, 552, 116, 24, 0, 8, 0, 1]
[2025-06-25T09:25:27.574+0900] {logging_mixin.py:190} INFO - step : calc_angle_set2
[2025-06-25T09:25:29.441+0900] {logging_mixin.py:190} INFO - osd 1 0.0 0.0 8 1958 [1407, 1553, 1557, 1699, 1828, 1771, 1814, 1820, 1958, 1749, 1843, 1682, 1584, 1505, 1396, 1302, 1252]
[2025-06-25T09:25:31.996+0900] {logging_mixin.py:190} INFO - osd 2 0.0 0.0 8 1958 [1407, 1553, 1557, 1699, 1828, 1771, 1814, 1820, 1958, 1749, 1843, 1682, 1584, 1505, 1396, 1302, 1252]
[2025-06-25T09:25:32.045+0900] {logging_mixin.py:190} INFO - step : text_orientation_set
[2025-06-25T09:25:36.773+0900] {logging_mixin.py:190} INFO - osd 1 180 180 2.7 Latin 2.0
[2025-06-25T09:25:41.087+0900] {logging_mixin.py:190} INFO - osd 2 break  180 0 1.91 Latin 2.5
[2025-06-25T09:25:41.093+0900] {logging_mixin.py:190} INFO - step : load
[2025-06-25T09:25:41.098+0900] {logging_mixin.py:190} INFO - step : rotate
[2025-06-25T09:25:41.119+0900] {logging_mixin.py:190} INFO - step : rotate
[2025-06-25T09:25:41.121+0900] {logging_mixin.py:190} INFO - step : rotate
[2025-06-25T09:25:41.122+0900] {logging_mixin.py:190} INFO - step : rotate
[2025-06-25T09:25:41.252+0900] {logging_mixin.py:190} INFO - file_copy: /opt/***/data/temp/6ac89f05-2df3-434b-adb3-3f7b5111d8d2/dd780776-45a2-4352-b471-1414693f98a7/_result.png
[2025-06-25T09:25:41.287+0900] {python.py:240} INFO - Done. Returned value was: {'file_id': '6ac89f05-2df3-434b-adb3-3f7b5111d8d2', 'file_path': '/opt/***/data/class/a_class/classify/ready/false/copied_34_2048566571.png', 'false': {'process_id': '_dd780776-45a2-4352-b471-1414693f98a7_pre', 'folder_path': '6ac89f05-2df3-434b-adb3-3f7b5111d8d2/dd780776-45a2-4352-b471-1414693f98a7', 'step_list': [{'name': 'cache', 'param': {'cache_key': 'origin'}}, {'name': 'calc_angle_set2', 'param': {'angle_key': 'angle2_1', 'delta': 8.0, 'limit': 40, 'iterations': 2, 'iter_save': False}}, {'name': 'calc_angle_set2', 'param': {'angle_key': 'angle2_2', 'delta': 1.0, 'limit': 8, 'iterations': 2, 'iter_save': False}}, {'name': 'calc_angle_set2', 'param': {'angle_key': 'angle2_3', 'delta': 0.125, 'limit': 1, 'iterations': 2, 'iter_save': False}}, {'name': 'text_orientation_set', 'param': {'angle_key': 'orint', 'iterations': 3, 'iter_save': False}}, {'name': 'load', 'param': {'cache_key': 'origin'}}, {'name': 'rotate', 'param': {'angle_key': 'angle2_1'}}, {'name': 'rotate', 'param': {'angle_key': 'angle2_2'}}, {'name': 'rotate', 'param': {'angle_key': 'angle2_3'}}, {'name': 'rotate', 'param': {'angle_key': 'orint'}}], 'result_file_map': {'_result': '/opt/***/data/temp/6ac89f05-2df3-434b-adb3-3f7b5111d8d2/dd780776-45a2-4352-b471-1414693f98a7/_result.png'}}}
[2025-06-25T09:25:41.336+0900] {taskinstance.py:341} INFO - ::group::Post task execution logs
[2025-06-25T09:25:41.337+0900] {taskinstance.py:353} INFO - Marking task as SUCCESS. dag_id=lilt_document_classifier_balanced_V0.1, task_id=img_preprocess_task__1, run_id=manual__2025-06-25T00:18:31.692203+00:00, map_index=50, execution_date=20250625T001831, start_date=20250625T002519, end_date=20250625T002541
[2025-06-25T09:25:41.419+0900] {local_task_job_runner.py:266} INFO - Task exited with return code 0
[2025-06-25T09:25:41.525+0900] {taskinstance.py:3901} INFO - 0 downstream tasks scheduled from follow-on schedule check
[2025-06-25T09:25:41.537+0900] {local_task_job_runner.py:245} INFO - ::endgroup::
