[2025-06-10T06:20:01.093+0000] {local_task_job_runner.py:123} INFO - ::group::Pre task execution logs
[2025-06-10T06:20:01.118+0000] {taskinstance.py:2614} INFO - Dependencies all met for dep_context=non-requeueable deps ti=<TaskInstance: image_ocr_v2.img_preprocess_task manual__2025-06-10T06:19:52.739412+00:00 map_index=0 [queued]>
[2025-06-10T06:20:01.130+0000] {taskinstance.py:2614} INFO - Dependencies all met for dep_context=requeueable deps ti=<TaskInstance: image_ocr_v2.img_preprocess_task manual__2025-06-10T06:19:52.739412+00:00 map_index=0 [queued]>
[2025-06-10T06:20:01.131+0000] {taskinstance.py:2867} INFO - Starting attempt 1 of 1
[2025-06-10T06:20:01.149+0000] {taskinstance.py:2890} INFO - Executing <Mapped(_PythonDecoratedOperator): img_preprocess_task> on 2025-06-10 06:19:52.739412+00:00
[2025-06-10T06:20:01.158+0000] {warnings.py:112} WARNING - /home/***/.local/lib/python3.12/site-packages/***/task/task_runner/standard_task_runner.py:70: DeprecationWarning: This process (pid=24579) is multi-threaded, use of fork() may lead to deadlocks in the child.
  pid = os.fork()

[2025-06-10T06:20:01.163+0000] {standard_task_runner.py:72} INFO - Started process 24591 to run task
[2025-06-10T06:20:01.160+0000] {standard_task_runner.py:104} INFO - Running: ['***', 'tasks', 'run', 'image_ocr_v2', 'img_preprocess_task', 'manual__2025-06-10T06:19:52.739412+00:00', '--job-id', '343', '--raw', '--subdir', 'DAGS_FOLDER/test_dag.py', '--cfg-path', '/tmp/tmpwm27nmoh', '--map-index', '0']
[2025-06-10T06:20:01.165+0000] {standard_task_runner.py:105} INFO - Job 343: Subtask img_preprocess_task
[2025-06-10T06:20:01.210+0000] {task_command.py:467} INFO - Running <TaskInstance: image_ocr_v2.img_preprocess_task manual__2025-06-10T06:19:52.739412+00:00 map_index=0 [running]> on host 85194d6fbd18
[2025-06-10T06:20:01.304+0000] {taskinstance.py:3134} INFO - Exporting env vars: AIRFLOW_CTX_DAG_OWNER='***' AIRFLOW_CTX_DAG_ID='image_ocr_v2' AIRFLOW_CTX_TASK_ID='img_preprocess_task' AIRFLOW_CTX_EXECUTION_DATE='2025-06-10T06:19:52.739412+00:00' AIRFLOW_CTX_TRY_NUMBER='1' AIRFLOW_CTX_DAG_RUN_ID='manual__2025-06-10T06:19:52.739412+00:00'
[2025-06-10T06:20:01.306+0000] {taskinstance.py:732} INFO - ::endgroup::
[2025-06-10T06:20:01.309+0000] {logging_mixin.py:190} INFO - empty map check {} {'process_id': '7f62be3f-4f6c-4349-8ecc-2078b1e3fb42', 'folder_path': '1433cb7b-592d-44c6-a602-f7808f604222/7f62be3f-4f6c-4349-8ecc-2078b1e3fb42', 'step_list': [{'name': 'cache', 'param': {'key': 'origin'}}, {'name': 'calc_angle_set1', 'param': {'key': 'angle1', 'iterations': 3}}, {'name': 'save', 'param': {'key': 'rotate1'}}, {'name': 'calc_angle_set2', 'param': {'key': 'angle2', 'iterations': 2}}, {'name': 'save', 'param': {'key': 'rotate2'}}, {'name': 'threshold', 'param': {}}, {'name': 'morphology1', 'param': {}}, {'name': 'scale1', 'param': {'width': 500, 'height': 500}}, {'name': 'save', 'param': {'key': 'classify_preprocess'}}], 'result_file_list': []}
[2025-06-10T06:20:01.310+0000] {logging_mixin.py:190} INFO - step : cache
[2025-06-10T06:20:01.311+0000] {logging_mixin.py:190} INFO - step : calc_angle_set1
[2025-06-10T06:20:01.374+0000] {logging_mixin.py:190} INFO - angle1 :  0 0.2554785715445469 -89.62572695989181 -89.59453854111105 90.12113254576842 90.12104724141264
[2025-06-10T06:20:01.477+0000] {logging_mixin.py:190} INFO - angle2 :  0.2554785715445469 -0.00829794558688235 -89.87530862011141 -89.87524074260142 89.8384901261337 89.8788674542316
[2025-06-10T06:20:01.480+0000] {logging_mixin.py:190} INFO - step : save
[2025-06-10T06:20:01.669+0000] {logging_mixin.py:190} INFO - file_copy: /opt/***/data/result/1433cb7b-592d-44c6-a602-f7808f604222/7f62be3f-4f6c-4349-8ecc-2078b1e3fb42/rotate1.png
[2025-06-10T06:20:01.688+0000] {logging_mixin.py:190} INFO - step : calc_angle_set2
[2025-06-10T06:20:09.179+0000] {logging_mixin.py:190} INFO - osd 90 90 6.82 Cyrillic 0.43
[2025-06-10T06:20:09.291+0000] {logging_mixin.py:190} INFO - file_copy: /opt/***/data/result/1433cb7b-592d-44c6-a602-f7808f604222/7f62be3f-4f6c-4349-8ecc-2078b1e3fb42/rotate2_1.png
[2025-06-10T06:20:16.355+0000] {logging_mixin.py:190} INFO - osd 270 180 5.01 Latin 0.4
[2025-06-10T06:20:16.399+0000] {logging_mixin.py:190} INFO - file_copy: /opt/***/data/result/1433cb7b-592d-44c6-a602-f7808f604222/7f62be3f-4f6c-4349-8ecc-2078b1e3fb42/rotate2_2.png
[2025-06-10T06:20:16.438+0000] {logging_mixin.py:190} INFO - step : save
[2025-06-10T06:20:16.663+0000] {logging_mixin.py:190} INFO - file_copy: /opt/***/data/result/1433cb7b-592d-44c6-a602-f7808f604222/7f62be3f-4f6c-4349-8ecc-2078b1e3fb42/rotate2.png
[2025-06-10T06:20:16.671+0000] {logging_mixin.py:190} INFO - step : threshold
[2025-06-10T06:20:16.726+0000] {logging_mixin.py:190} INFO - step : morphology1
[2025-06-10T06:20:16.739+0000] {logging_mixin.py:190} INFO - step : scale1
[2025-06-10T06:20:16.745+0000] {logging_mixin.py:190} INFO - step : save
[2025-06-10T06:20:16.750+0000] {logging_mixin.py:190} INFO - file_copy: /opt/***/data/result/1433cb7b-592d-44c6-a602-f7808f604222/7f62be3f-4f6c-4349-8ecc-2078b1e3fb42/classify_preprocess.png
[2025-06-10T06:20:16.754+0000] {python.py:240} INFO - Done. Returned value was: {'file_id': '1433cb7b-592d-44c6-a602-f7808f604222', 'file_path': '/opt/***/data/upload/Gas Engine 점검일지_ 2021년 2월.pdf-image-011.jpg', 'preprocess_list': [{'process_id': '7f62be3f-4f6c-4349-8ecc-2078b1e3fb42', 'folder_path': '1433cb7b-592d-44c6-a602-f7808f604222/7f62be3f-4f6c-4349-8ecc-2078b1e3fb42', 'step_list': [{'name': 'cache', 'param': {'key': 'origin'}}, {'name': 'calc_angle_set1', 'param': {'key': 'angle1', 'iterations': 3}}, {'name': 'save', 'param': {'key': 'rotate1'}}, {'name': 'calc_angle_set2', 'param': {'key': 'angle2', 'iterations': 2}}, {'name': 'save', 'param': {'key': 'rotate2'}}, {'name': 'threshold', 'param': {}}, {'name': 'morphology1', 'param': {}}, {'name': 'scale1', 'param': {'width': 500, 'height': 500}}, {'name': 'save', 'param': {'key': 'classify_preprocess'}}], 'result_file_list': [{'rotate1': '/opt/***/data/result/1433cb7b-592d-44c6-a602-f7808f604222/7f62be3f-4f6c-4349-8ecc-2078b1e3fb42/rotate1.png'}, {'rotate2_1': '/opt/***/data/result/1433cb7b-592d-44c6-a602-f7808f604222/7f62be3f-4f6c-4349-8ecc-2078b1e3fb42/rotate2_1.png'}, {'rotate2_2': '/opt/***/data/result/1433cb7b-592d-44c6-a602-f7808f604222/7f62be3f-4f6c-4349-8ecc-2078b1e3fb42/rotate2_2.png'}, {'rotate2': '/opt/***/data/result/1433cb7b-592d-44c6-a602-f7808f604222/7f62be3f-4f6c-4349-8ecc-2078b1e3fb42/rotate2.png'}, {'classify_preprocess': '/opt/***/data/result/1433cb7b-592d-44c6-a602-f7808f604222/7f62be3f-4f6c-4349-8ecc-2078b1e3fb42/classify_preprocess.png'}]}]}
[2025-06-10T06:20:16.780+0000] {taskinstance.py:341} INFO - ::group::Post task execution logs
[2025-06-10T06:20:16.781+0000] {taskinstance.py:353} INFO - Marking task as SUCCESS. dag_id=image_ocr_v2, task_id=img_preprocess_task, run_id=manual__2025-06-10T06:19:52.739412+00:00, map_index=0, execution_date=20250610T061952, start_date=20250610T062001, end_date=20250610T062016
[2025-06-10T06:20:16.845+0000] {local_task_job_runner.py:266} INFO - Task exited with return code 0
[2025-06-10T06:20:16.860+0000] {taskinstance.py:3901} INFO - 0 downstream tasks scheduled from follow-on schedule check
[2025-06-10T06:20:16.861+0000] {local_task_job_runner.py:245} INFO - ::endgroup::
