[2025-06-24T16:00:42.408+0900] {local_task_job_runner.py:123} INFO - ::group::Pre task execution logs
[2025-06-24T16:00:42.646+0900] {taskinstance.py:2614} INFO - Dependencies all met for dep_context=non-requeueable deps ti=<TaskInstance: lilt_document_classifier_balanced_V0.1.img_preprocess_task__1 manual__2025-06-24T06:53:42.323966+00:00 map_index=32 [queued]>
[2025-06-24T16:00:42.830+0900] {taskinstance.py:2614} INFO - Dependencies all met for dep_context=requeueable deps ti=<TaskInstance: lilt_document_classifier_balanced_V0.1.img_preprocess_task__1 manual__2025-06-24T06:53:42.323966+00:00 map_index=32 [queued]>
[2025-06-24T16:00:42.833+0900] {taskinstance.py:2867} INFO - Starting attempt 1 of 1
[2025-06-24T16:00:42.979+0900] {taskinstance.py:2890} INFO - Executing <Mapped(_PythonDecoratedOperator): img_preprocess_task__1> on 2025-06-24 06:53:42.323966+00:00
[2025-06-24T16:00:43.092+0900] {standard_task_runner.py:104} INFO - Running: ['***', 'tasks', 'run', 'lilt_document_classifier_balanced_V0.1', 'img_preprocess_task__1', 'manual__2025-06-24T06:53:42.323966+00:00', '--job-id', '4284', '--raw', '--subdir', 'DAGS_FOLDER/class_create_dag.py', '--cfg-path', '/tmp/tmp_h1lkkfx', '--map-index', '32']
[2025-06-24T16:00:43.110+0900] {warnings.py:112} WARNING - /home/***/.local/lib/python3.12/site-packages/***/task/task_runner/standard_task_runner.py:70: DeprecationWarning: This process (pid=48768) is multi-threaded, use of fork() may lead to deadlocks in the child.
  pid = os.fork()

[2025-06-24T16:00:43.185+0900] {standard_task_runner.py:72} INFO - Started process 48802 to run task
[2025-06-24T16:00:43.193+0900] {standard_task_runner.py:105} INFO - Job 4284: Subtask img_preprocess_task__1
[2025-06-24T16:00:43.527+0900] {task_command.py:467} INFO - Running <TaskInstance: lilt_document_classifier_balanced_V0.1.img_preprocess_task__1 manual__2025-06-24T06:53:42.323966+00:00 map_index=32 [running]> on host f6d4228a9eb8
[2025-06-24T16:00:43.712+0900] {taskinstance.py:3134} INFO - Exporting env vars: AIRFLOW_CTX_DAG_OWNER='***' AIRFLOW_CTX_DAG_ID='lilt_document_classifier_balanced_V0.1' AIRFLOW_CTX_TASK_ID='img_preprocess_task__1' AIRFLOW_CTX_EXECUTION_DATE='2025-06-24T06:53:42.323966+00:00' AIRFLOW_CTX_TRY_NUMBER='1' AIRFLOW_CTX_DAG_RUN_ID='manual__2025-06-24T06:53:42.323966+00:00'
[2025-06-24T16:00:43.718+0900] {taskinstance.py:732} INFO - ::endgroup::
[2025-06-24T16:00:43.723+0900] {logging_mixin.py:190} INFO - empty map check {} {'process_id': '_5f79df58-f9ab-4657-9c3b-282e86443b6a_pre', 'folder_path': '70e3a9b9-cc62-4186-820e-230b26ccde53/5f79df58-f9ab-4657-9c3b-282e86443b6a', 'step_list': [{'name': 'cache', 'param': {'key': 'origin'}}, {'name': 'calc_angle_set2', 'param': {'key': 'angle1', 'iterations': 4, 'iter_save': False}}, {'name': 'text_orientation_set', 'param': {'key': 'angle2', 'iterations': 4, 'iter_save': False}}, {'name': 'load', 'param': {'key': 'origin'}}, {'name': 'rotate', 'param': {'key': 'angle1'}}, {'name': 'rotate', 'param': {'key': 'angle2'}}], 'result_file_map': {}}
[2025-06-24T16:00:43.728+0900] {logging_mixin.py:190} INFO - step : cache
[2025-06-24T16:00:43.730+0900] {logging_mixin.py:190} INFO - step : calc_angle_set2
[2025-06-24T16:00:51.171+0900] {logging_mixin.py:190} INFO - osd 1 0.0 0.0 20 104 [0, 0, 0, 0, 0, 1, 8, 13, 22, 27, 33, 42, 49, 56, 62, 74, 71, 83, 92, 80, 104, 104, 80, 84, 82, 63, 67, 56, 46, 46, 33, 26, 24, 14, 9, 3, 0, 0, 0, 0, 0]
[2025-06-24T16:00:56.966+0900] {logging_mixin.py:190} INFO - osd 2 0.0 0.0 20 104 [0, 0, 0, 0, 0, 1, 8, 13, 22, 27, 33, 42, 49, 56, 62, 74, 71, 83, 92, 80, 104, 104, 80, 84, 82, 63, 67, 56, 46, 46, 33, 26, 24, 14, 9, 3, 0, 0, 0, 0, 0]
[2025-06-24T16:01:02.448+0900] {logging_mixin.py:190} INFO - osd 3 0.0 0.0 20 104 [0, 0, 0, 0, 0, 1, 8, 13, 22, 27, 33, 42, 49, 56, 62, 74, 71, 83, 92, 80, 104, 104, 80, 84, 82, 63, 67, 56, 46, 46, 33, 26, 24, 14, 9, 3, 0, 0, 0, 0, 0]
[2025-06-24T16:01:08.319+0900] {logging_mixin.py:190} INFO - osd 4 0.0 0.0 20 104 [0, 0, 0, 0, 0, 1, 8, 13, 22, 27, 33, 42, 49, 56, 62, 74, 71, 83, 92, 80, 104, 104, 80, 84, 82, 63, 67, 56, 46, 46, 33, 26, 24, 14, 9, 3, 0, 0, 0, 0, 0]
[2025-06-24T16:01:08.369+0900] {logging_mixin.py:190} INFO - step : text_orientation_set
[2025-06-24T16:01:14.186+0900] {logging_mixin.py:190} INFO - Tesseract OSD Error: (1, 'Estimating resolution as 117 Warning. Invalid resolution 0 dpi. Using 70 instead. Too few characters. Skipping this page Error during processing.')
[2025-06-24T16:01:14.190+0900] {logging_mixin.py:190} INFO - step : load
[2025-06-24T16:01:14.190+0900] {logging_mixin.py:190} INFO - step : rotate
[2025-06-24T16:01:14.278+0900] {logging_mixin.py:190} INFO - step : rotate
[2025-06-24T16:01:14.514+0900] {logging_mixin.py:190} INFO - file_copy: /opt/***/data/temp/70e3a9b9-cc62-4186-820e-230b26ccde53/5f79df58-f9ab-4657-9c3b-282e86443b6a/_result.png
[2025-06-24T16:01:14.756+0900] {python.py:240} INFO - Done. Returned value was: {'file_id': '70e3a9b9-cc62-4186-820e-230b26ccde53', 'file_path': '/opt/***/data/class/a_class/classify/ready/false/copied_8_2078645707.png', 'false': {'process_id': '_5f79df58-f9ab-4657-9c3b-282e86443b6a_pre', 'folder_path': '70e3a9b9-cc62-4186-820e-230b26ccde53/5f79df58-f9ab-4657-9c3b-282e86443b6a', 'step_list': [{'name': 'cache', 'param': {'key': 'origin'}}, {'name': 'calc_angle_set2', 'param': {'key': 'angle1', 'iterations': 4, 'iter_save': False}}, {'name': 'text_orientation_set', 'param': {'key': 'angle2', 'iterations': 4, 'iter_save': False}}, {'name': 'load', 'param': {'key': 'origin'}}, {'name': 'rotate', 'param': {'key': 'angle1'}}, {'name': 'rotate', 'param': {'key': 'angle2'}}], 'result_file_map': {'_result': '/opt/***/data/temp/70e3a9b9-cc62-4186-820e-230b26ccde53/5f79df58-f9ab-4657-9c3b-282e86443b6a/_result.png'}}}
[2025-06-24T16:01:14.905+0900] {taskinstance.py:341} INFO - ::group::Post task execution logs
[2025-06-24T16:01:14.906+0900] {taskinstance.py:353} INFO - Marking task as SUCCESS. dag_id=lilt_document_classifier_balanced_V0.1, task_id=img_preprocess_task__1, run_id=manual__2025-06-24T06:53:42.323966+00:00, map_index=32, execution_date=20250624T065342, start_date=20250624T070042, end_date=20250624T070114
[2025-06-24T16:01:15.144+0900] {local_task_job_runner.py:266} INFO - Task exited with return code 0
[2025-06-24T16:01:15.307+0900] {taskinstance.py:3901} INFO - 0 downstream tasks scheduled from follow-on schedule check
[2025-06-24T16:01:15.341+0900] {local_task_job_runner.py:245} INFO - ::endgroup::
