[2025-05-26T06:59:33.425+0000] {local_task_job_runner.py:123} INFO - ::group::Pre task execution logs
[2025-05-26T06:59:33.868+0000] {taskinstance.py:2614} INFO - Dependencies all met for dep_context=non-requeueable deps ti=<TaskInstance: image_processing_per_file_v2.file_copy_task manual__2025-05-26T06:58:29.595551+00:00 map_index=22 [queued]>
[2025-05-26T06:59:33.888+0000] {taskinstance.py:2614} INFO - Dependencies all met for dep_context=requeueable deps ti=<TaskInstance: image_processing_per_file_v2.file_copy_task manual__2025-05-26T06:58:29.595551+00:00 map_index=22 [queued]>
[2025-05-26T06:59:33.888+0000] {taskinstance.py:2867} INFO - Starting attempt 1 of 1
[2025-05-26T06:59:34.106+0000] {taskinstance.py:2890} INFO - Executing <Mapped(_PythonDecoratedOperator): file_copy_task> on 2025-05-26 06:58:29.595551+00:00
[2025-05-26T06:59:34.123+0000] {warnings.py:112} WARNING - /home/***/.local/lib/python3.12/site-packages/***/task/task_runner/standard_task_runner.py:70: DeprecationWarning: This process (pid=1617) is multi-threaded, use of fork() may lead to deadlocks in the child.
  pid = os.fork()

[2025-05-26T06:59:34.125+0000] {standard_task_runner.py:72} INFO - Started process 1635 to run task
[2025-05-26T06:59:34.130+0000] {standard_task_runner.py:104} INFO - Running: ['***', 'tasks', 'run', 'image_processing_per_file_v2', 'file_copy_task', 'manual__2025-05-26T06:58:29.595551+00:00', '--job-id', '146', '--raw', '--subdir', 'DAGS_FOLDER/test_dag.py', '--cfg-path', '/tmp/tmpg1xfnbih', '--map-index', '22']
[2025-05-26T06:59:34.132+0000] {standard_task_runner.py:105} INFO - Job 146: Subtask file_copy_task
[2025-05-26T06:59:34.377+0000] {task_command.py:467} INFO - Running <TaskInstance: image_processing_per_file_v2.file_copy_task manual__2025-05-26T06:58:29.595551+00:00 map_index=22 [running]> on host b0d7fbab896a
[2025-05-26T06:59:34.786+0000] {taskinstance.py:3134} INFO - Exporting env vars: AIRFLOW_CTX_DAG_OWNER='***' AIRFLOW_CTX_DAG_ID='image_processing_per_file_v2' AIRFLOW_CTX_TASK_ID='file_copy_task' AIRFLOW_CTX_EXECUTION_DATE='2025-05-26T06:58:29.595551+00:00' AIRFLOW_CTX_TRY_NUMBER='1' AIRFLOW_CTX_DAG_RUN_ID='manual__2025-05-26T06:58:29.595551+00:00'
[2025-05-26T06:59:34.803+0000] {logging_mixin.py:190} INFO - Task instance is in running state
[2025-05-26T06:59:34.805+0000] {logging_mixin.py:190} INFO -  Previous state of the Task instance: queued
[2025-05-26T06:59:34.810+0000] {logging_mixin.py:190} INFO - Current task name:file_copy_task state:running start_date:2025-05-26 06:59:33.869421+00:00
[2025-05-26T06:59:34.814+0000] {logging_mixin.py:190} INFO - Dag name:image_processing_per_file_v2 and current dag run status:running
[2025-05-26T06:59:34.817+0000] {taskinstance.py:732} INFO - ::endgroup::
[2025-05-26T06:59:34.866+0000] {python.py:240} INFO - Done. Returned value was: /opt/***/data/result/test/스크린샷 2025-05-23 143432 - 복사본.png
[2025-05-26T06:59:35.471+0000] {taskinstance.py:341} INFO - ::group::Post task execution logs
[2025-05-26T06:59:35.477+0000] {taskinstance.py:353} INFO - Marking task as SUCCESS. dag_id=image_processing_per_file_v2, task_id=file_copy_task, run_id=manual__2025-05-26T06:58:29.595551+00:00, map_index=22, execution_date=20250526T065829, start_date=20250526T065933, end_date=20250526T065935
[2025-05-26T06:59:36.591+0000] {logging_mixin.py:190} INFO - Task instance in success state
[2025-05-26T06:59:36.597+0000] {logging_mixin.py:190} INFO -  Previous state of the Task instance: running
[2025-05-26T06:59:36.597+0000] {logging_mixin.py:190} INFO - Dag name:image_processing_per_file_v2 queued_at:2025-05-26 06:58:29.604895+00:00
[2025-05-26T06:59:36.598+0000] {logging_mixin.py:190} INFO - Task hostname:b0d7fbab896a operator:_PythonDecoratedOperator
[2025-05-26T06:59:36.650+0000] {local_task_job_runner.py:266} INFO - Task exited with return code 0
[2025-05-26T06:59:36.659+0000] {local_task_job_runner.py:245} INFO - ::endgroup::
