[2025-06-23T10:57:52.198+0900] {local_task_job_runner.py:123} INFO - ::group::Pre task execution logs
[2025-06-23T10:57:52.335+0900] {taskinstance.py:2614} INFO - Dependencies all met for dep_context=non-requeueable deps ti=<TaskInstance: lilt_document_classifier_balanced_V0.1.img_preprocess_task manual__2025-06-23T01:55:15.838468+00:00 map_index=34 [queued]>
[2025-06-23T10:57:52.371+0900] {taskinstance.py:2614} INFO - Dependencies all met for dep_context=requeueable deps ti=<TaskInstance: lilt_document_classifier_balanced_V0.1.img_preprocess_task manual__2025-06-23T01:55:15.838468+00:00 map_index=34 [queued]>
[2025-06-23T10:57:52.381+0900] {taskinstance.py:2867} INFO - Starting attempt 1 of 1
[2025-06-23T10:57:52.422+0900] {taskinstance.py:2890} INFO - Executing <Mapped(_PythonDecoratedOperator): img_preprocess_task> on 2025-06-23 01:55:15.838468+00:00
[2025-06-23T10:57:52.451+0900] {warnings.py:112} WARNING - /home/***/.local/lib/python3.12/site-packages/***/task/task_runner/standard_task_runner.py:70: DeprecationWarning: This process (pid=90462) is multi-threaded, use of fork() may lead to deadlocks in the child.
  pid = os.fork()

[2025-06-23T10:57:52.456+0900] {standard_task_runner.py:72} INFO - Started process 90525 to run task
[2025-06-23T10:57:52.457+0900] {standard_task_runner.py:104} INFO - Running: ['***', 'tasks', 'run', 'lilt_document_classifier_balanced_V0.1', 'img_preprocess_task', 'manual__2025-06-23T01:55:15.838468+00:00', '--job-id', '2352', '--raw', '--subdir', 'DAGS_FOLDER/class_create_dag.py', '--cfg-path', '/tmp/tmpqy8hbplf', '--map-index', '34']
[2025-06-23T10:57:52.466+0900] {standard_task_runner.py:105} INFO - Job 2352: Subtask img_preprocess_task
[2025-06-23T10:57:52.581+0900] {task_command.py:467} INFO - Running <TaskInstance: lilt_document_classifier_balanced_V0.1.img_preprocess_task manual__2025-06-23T01:55:15.838468+00:00 map_index=34 [running]> on host f6d4228a9eb8
[2025-06-23T10:57:52.787+0900] {taskinstance.py:3134} INFO - Exporting env vars: AIRFLOW_CTX_DAG_OWNER='***' AIRFLOW_CTX_DAG_ID='lilt_document_classifier_balanced_V0.1' AIRFLOW_CTX_TASK_ID='img_preprocess_task' AIRFLOW_CTX_EXECUTION_DATE='2025-06-23T01:55:15.838468+00:00' AIRFLOW_CTX_TRY_NUMBER='1' AIRFLOW_CTX_DAG_RUN_ID='manual__2025-06-23T01:55:15.838468+00:00'
[2025-06-23T10:57:52.792+0900] {taskinstance.py:732} INFO - ::endgroup::
[2025-06-23T10:57:52.795+0900] {logging_mixin.py:190} INFO - empty map check {} {'process_id': '_d1bf0a9f-89f1-4ae4-b287-dc567d6a08c5_pre', 'folder_path': 'ec29b10b-6b76-42de-9a08-d7370566c01f/d1bf0a9f-89f1-4ae4-b287-dc567d6a08c5', 'step_list': [{'name': 'cache', 'param': {'key': 'origin'}}, {'name': 'calc_angle_set1', 'param': {'key': 'angle1', 'iterations': 4, 'iter_save': False}}, {'name': 'text_orientation_set', 'param': {'key': 'angle2', 'iterations': 4, 'iter_save': False}}, {'name': 'load', 'param': {'key': 'origin'}}, {'name': 'rotate', 'param': {'key': 'angle1'}}, {'name': 'rotate', 'param': {'key': 'angle2'}}], 'result_file_map': {}}
[2025-06-23T10:57:52.800+0900] {logging_mixin.py:190} INFO - step : cache
[2025-06-23T10:57:52.801+0900] {logging_mixin.py:190} INFO - step : calc_angle_set1
[2025-06-23T10:57:53.022+0900] {logging_mixin.py:190} INFO - step : text_orientation_set
[2025-06-23T10:58:12.049+0900] {logging_mixin.py:190} INFO - osd 1 break  0 0 7.13 Korean 0.28
[2025-06-23T10:58:12.074+0900] {logging_mixin.py:190} INFO - step : load
[2025-06-23T10:58:12.077+0900] {logging_mixin.py:190} INFO - step : rotate
[2025-06-23T10:58:12.979+0900] {logging_mixin.py:190} INFO - step : rotate
[2025-06-23T10:58:13.490+0900] {logging_mixin.py:190} INFO - file_copy: /opt/***/data/temp/ec29b10b-6b76-42de-9a08-d7370566c01f/d1bf0a9f-89f1-4ae4-b287-dc567d6a08c5/_result.png
[2025-06-23T10:58:13.512+0900] {python.py:240} INFO - Done. Returned value was: {'file_id': 'ec29b10b-6b76-42de-9a08-d7370566c01f', 'file_path': '/opt/***/data/class/a_class/classify/ready/true/대치동 무진빌딩 - 정부24 - 건축물대장 등본(초본) 발급(열람) _ 문서출력_page_1_aug0.png', 'true': {'process_id': '_d1bf0a9f-89f1-4ae4-b287-dc567d6a08c5_pre', 'folder_path': 'ec29b10b-6b76-42de-9a08-d7370566c01f/d1bf0a9f-89f1-4ae4-b287-dc567d6a08c5', 'step_list': [{'name': 'cache', 'param': {'key': 'origin'}}, {'name': 'calc_angle_set1', 'param': {'key': 'angle1', 'iterations': 4, 'iter_save': False}}, {'name': 'text_orientation_set', 'param': {'key': 'angle2', 'iterations': 4, 'iter_save': False}}, {'name': 'load', 'param': {'key': 'origin'}}, {'name': 'rotate', 'param': {'key': 'angle1'}}, {'name': 'rotate', 'param': {'key': 'angle2'}}], 'result_file_map': {'_result': '/opt/***/data/temp/ec29b10b-6b76-42de-9a08-d7370566c01f/d1bf0a9f-89f1-4ae4-b287-dc567d6a08c5/_result.png'}}}
[2025-06-23T10:58:13.596+0900] {taskinstance.py:341} INFO - ::group::Post task execution logs
[2025-06-23T10:58:13.601+0900] {taskinstance.py:353} INFO - Marking task as SUCCESS. dag_id=lilt_document_classifier_balanced_V0.1, task_id=img_preprocess_task, run_id=manual__2025-06-23T01:55:15.838468+00:00, map_index=34, execution_date=20250623T015515, start_date=20250623T015752, end_date=20250623T015813
[2025-06-23T10:58:13.706+0900] {local_task_job_runner.py:266} INFO - Task exited with return code 0
[2025-06-23T10:58:13.800+0900] {taskinstance.py:3901} INFO - 0 downstream tasks scheduled from follow-on schedule check
[2025-06-23T10:58:13.803+0900] {local_task_job_runner.py:245} INFO - ::endgroup::
