[2025-06-16T15:17:57.447+0900] {local_task_job_runner.py:123} INFO - ::group::Pre task execution logs
[2025-06-16T15:17:57.540+0900] {taskinstance.py:2614} INFO - Dependencies all met for dep_context=non-requeueable deps ti=<TaskInstance: layoutxlm_document_classifier_balanced_V0.1.img_preprocess_task__1 manual__2025-06-16T06:17:12.771398+00:00 map_index=16 [queued]>
[2025-06-16T15:17:57.641+0900] {taskinstance.py:2614} INFO - Dependencies all met for dep_context=requeueable deps ti=<TaskInstance: layoutxlm_document_classifier_balanced_V0.1.img_preprocess_task__1 manual__2025-06-16T06:17:12.771398+00:00 map_index=16 [queued]>
[2025-06-16T15:17:57.719+0900] {taskinstance.py:2867} INFO - Starting attempt 1 of 1
[2025-06-16T15:17:57.809+0900] {taskinstance.py:2890} INFO - Executing <Mapped(_PythonDecoratedOperator): img_preprocess_task__1> on 2025-06-16 06:17:12.771398+00:00
[2025-06-16T15:17:57.836+0900] {warnings.py:112} WARNING - /home/***/.local/lib/python3.12/site-packages/***/task/task_runner/standard_task_runner.py:70: DeprecationWarning: This process (pid=7823) is multi-threaded, use of fork() may lead to deadlocks in the child.
  pid = os.fork()

[2025-06-16T15:17:57.865+0900] {standard_task_runner.py:72} INFO - Started process 7884 to run task
[2025-06-16T15:17:57.838+0900] {standard_task_runner.py:104} INFO - Running: ['***', 'tasks', 'run', 'layoutxlm_document_classifier_balanced_V0.1', 'img_preprocess_task__1', 'manual__2025-06-16T06:17:12.771398+00:00', '--job-id', '482', '--raw', '--subdir', 'DAGS_FOLDER/class_create_dag.py', '--cfg-path', '/tmp/tmppjm9p14l', '--map-index', '16']
[2025-06-16T15:17:57.874+0900] {standard_task_runner.py:105} INFO - Job 482: Subtask img_preprocess_task__1
[2025-06-16T15:17:58.158+0900] {task_command.py:467} INFO - Running <TaskInstance: layoutxlm_document_classifier_balanced_V0.1.img_preprocess_task__1 manual__2025-06-16T06:17:12.771398+00:00 map_index=16 [running]> on host f6d4228a9eb8
[2025-06-16T15:17:58.702+0900] {taskinstance.py:3134} INFO - Exporting env vars: AIRFLOW_CTX_DAG_OWNER='***' AIRFLOW_CTX_DAG_ID='layoutxlm_document_classifier_balanced_V0.1' AIRFLOW_CTX_TASK_ID='img_preprocess_task__1' AIRFLOW_CTX_EXECUTION_DATE='2025-06-16T06:17:12.771398+00:00' AIRFLOW_CTX_TRY_NUMBER='1' AIRFLOW_CTX_DAG_RUN_ID='manual__2025-06-16T06:17:12.771398+00:00'
[2025-06-16T15:17:58.705+0900] {taskinstance.py:732} INFO - ::endgroup::
[2025-06-16T15:17:58.710+0900] {logging_mixin.py:190} INFO - empty map check {} {'process_id': '_3f507b26-b8e3-4806-a0a6-61947fd323c0_pre', 'folder_path': '68a48ade-6a5d-4449-a190-f69b839c1625/3f507b26-b8e3-4806-a0a6-61947fd323c0', 'step_list': [{'name': 'calc_angle_set1', 'param': {'key': 'angle1', 'iterations': 3}}, {'name': 'calc_angle_set2', 'param': {'key': 'angle2', 'iterations': 3}}, {'name': 'threshold', 'param': {}}, {'name': 'morphology1', 'param': {}}, {'name': 'save', 'param': {'key': 'classify_preprocess'}}], 'result_file_list': []}
[2025-06-16T15:17:58.734+0900] {logging_mixin.py:190} INFO - step : calc_angle_set1
[2025-06-16T15:17:58.833+0900] {logging_mixin.py:190} INFO - step : calc_angle_set2
[2025-06-16T15:18:06.353+0900] {logging_mixin.py:190} INFO - osd 1 break  0 0 2.0 Cyrillic 0.97
[2025-06-16T15:18:06.363+0900] {logging_mixin.py:190} INFO - step : threshold
[2025-06-16T15:18:06.366+0900] {logging_mixin.py:190} INFO - step : morphology1
[2025-06-16T15:18:06.377+0900] {logging_mixin.py:190} INFO - step : save
[2025-06-16T15:18:06.470+0900] {logging_mixin.py:190} INFO - file_copy: /opt/***/data/temp/68a48ade-6a5d-4449-a190-f69b839c1625/3f507b26-b8e3-4806-a0a6-61947fd323c0/classify_preprocess.png
[2025-06-16T15:18:06.499+0900] {python.py:240} INFO - Done. Returned value was: {'file_id': '68a48ade-6a5d-4449-a190-f69b839c1625', 'file_path': '/opt/***/data/class/a_class/classify/origin/false/copied_10_504240690_504240691.png', 'false': {'process_id': '_3f507b26-b8e3-4806-a0a6-61947fd323c0_pre', 'folder_path': '68a48ade-6a5d-4449-a190-f69b839c1625/3f507b26-b8e3-4806-a0a6-61947fd323c0', 'step_list': [{'name': 'calc_angle_set1', 'param': {'key': 'angle1', 'iterations': 3}}, {'name': 'calc_angle_set2', 'param': {'key': 'angle2', 'iterations': 3}}, {'name': 'threshold', 'param': {}}, {'name': 'morphology1', 'param': {}}, {'name': 'save', 'param': {'key': 'classify_preprocess'}}], 'result_file_list': [{'key': 'classify_preprocess', 'path': '/opt/***/data/temp/68a48ade-6a5d-4449-a190-f69b839c1625/3f507b26-b8e3-4806-a0a6-61947fd323c0/classify_preprocess.png'}]}}
[2025-06-16T15:18:06.582+0900] {taskinstance.py:341} INFO - ::group::Post task execution logs
[2025-06-16T15:18:06.587+0900] {taskinstance.py:353} INFO - Marking task as SUCCESS. dag_id=layoutxlm_document_classifier_balanced_V0.1, task_id=img_preprocess_task__1, run_id=manual__2025-06-16T06:17:12.771398+00:00, map_index=16, execution_date=20250616T061712, start_date=20250616T061757, end_date=20250616T061806
[2025-06-16T15:18:06.667+0900] {local_task_job_runner.py:266} INFO - Task exited with return code 0
[2025-06-16T15:18:06.716+0900] {taskinstance.py:3901} INFO - 0 downstream tasks scheduled from follow-on schedule check
[2025-06-16T15:18:06.734+0900] {local_task_job_runner.py:245} INFO - ::endgroup::
