[2025-06-23T16:35:32.093+0900] {local_task_job_runner.py:123} INFO - ::group::Pre task execution logs
[2025-06-23T16:35:32.129+0900] {taskinstance.py:2614} INFO - Dependencies all met for dep_context=non-requeueable deps ti=<TaskInstance: lilt_document_classifier_balanced_b_class_V0.1.img_preprocess_task__1 manual__2025-06-23T06:58:09.542610+00:00 map_index=76 [queued]>
[2025-06-23T16:35:32.148+0900] {taskinstance.py:2614} INFO - Dependencies all met for dep_context=requeueable deps ti=<TaskInstance: lilt_document_classifier_balanced_b_class_V0.1.img_preprocess_task__1 manual__2025-06-23T06:58:09.542610+00:00 map_index=76 [queued]>
[2025-06-23T16:35:32.151+0900] {taskinstance.py:2867} INFO - Starting attempt 1 of 1
[2025-06-23T16:35:32.226+0900] {taskinstance.py:2890} INFO - Executing <Mapped(_PythonDecoratedOperator): img_preprocess_task__1> on 2025-06-23 06:58:09.542610+00:00
[2025-06-23T16:35:32.311+0900] {standard_task_runner.py:104} INFO - Running: ['***', 'tasks', 'run', 'lilt_document_classifier_balanced_b_class_V0.1', 'img_preprocess_task__1', 'manual__2025-06-23T06:58:09.542610+00:00', '--job-id', '3457', '--raw', '--subdir', 'DAGS_FOLDER/class_create_dag_b_class.py', '--cfg-path', '/tmp/tmpo2mpok_x', '--map-index', '76']
[2025-06-23T16:35:32.314+0900] {standard_task_runner.py:105} INFO - Job 3457: Subtask img_preprocess_task__1
[2025-06-23T16:35:32.301+0900] {warnings.py:112} WARNING - /home/***/.local/lib/python3.12/site-packages/***/task/task_runner/standard_task_runner.py:70: DeprecationWarning: This process (pid=8934) is multi-threaded, use of fork() may lead to deadlocks in the child.
  pid = os.fork()

[2025-06-23T16:35:32.349+0900] {standard_task_runner.py:72} INFO - Started process 8960 to run task
[2025-06-23T16:35:32.443+0900] {task_command.py:467} INFO - Running <TaskInstance: lilt_document_classifier_balanced_b_class_V0.1.img_preprocess_task__1 manual__2025-06-23T06:58:09.542610+00:00 map_index=76 [running]> on host f6d4228a9eb8
[2025-06-23T16:35:32.851+0900] {taskinstance.py:3134} INFO - Exporting env vars: AIRFLOW_CTX_DAG_OWNER='***' AIRFLOW_CTX_DAG_ID='lilt_document_classifier_balanced_b_class_V0.1' AIRFLOW_CTX_TASK_ID='img_preprocess_task__1' AIRFLOW_CTX_EXECUTION_DATE='2025-06-23T06:58:09.542610+00:00' AIRFLOW_CTX_TRY_NUMBER='1' AIRFLOW_CTX_DAG_RUN_ID='manual__2025-06-23T06:58:09.542610+00:00'
[2025-06-23T16:35:32.897+0900] {taskinstance.py:732} INFO - ::endgroup::
[2025-06-23T16:35:32.902+0900] {logging_mixin.py:190} INFO - empty map check {} {'process_id': '_dcba5808-9554-4685-abd2-1dbdee21b7f1_pre', 'folder_path': '14648b30-c6db-4e76-95f1-157e02b3845b/dcba5808-9554-4685-abd2-1dbdee21b7f1', 'step_list': [{'name': 'cache', 'param': {'key': 'origin'}}, {'name': 'calc_angle_set2', 'param': {'key': 'angle1', 'iterations': 4, 'iter_save': False}}, {'name': 'text_orientation_set', 'param': {'key': 'angle2', 'iterations': 4, 'iter_save': False}}, {'name': 'load', 'param': {'key': 'origin'}}, {'name': 'rotate', 'param': {'key': 'angle1'}}, {'name': 'rotate', 'param': {'key': 'angle2'}}], 'result_file_map': {}}
[2025-06-23T16:35:32.932+0900] {logging_mixin.py:190} INFO - step : cache
[2025-06-23T16:35:32.936+0900] {logging_mixin.py:190} INFO - step : calc_angle_set2
[2025-06-23T16:35:39.901+0900] {logging_mixin.py:190} INFO - osd 1 0.0 0.0 20 4148 [446, 480, 640, 689, 901, 958, 1188, 1155, 1172, 1346, 1749, 1735, 1860, 1966, 2451, 2635, 2670, 3152, 3761, 3967, 4148, 3315, 2788, 2443, 2288, 2301, 2212, 1865, 1595, 1530, 1523, 1330, 1181, 1093, 832, 679, 645, 592, 515, 502, 476]
[2025-06-23T16:35:48.696+0900] {logging_mixin.py:190} INFO - osd 2 0.0 0.0 20 4148 [446, 480, 640, 689, 901, 958, 1188, 1155, 1172, 1346, 1749, 1735, 1860, 1966, 2451, 2635, 2670, 3152, 3761, 3967, 4148, 3315, 2788, 2443, 2288, 2301, 2212, 1865, 1595, 1530, 1523, 1330, 1181, 1093, 832, 679, 645, 592, 515, 502, 476]
[2025-06-23T16:35:55.084+0900] {logging_mixin.py:190} INFO - osd 3 0.0 0.0 20 4148 [446, 480, 640, 689, 901, 958, 1188, 1155, 1172, 1346, 1749, 1735, 1860, 1966, 2451, 2635, 2670, 3152, 3761, 3967, 4148, 3315, 2788, 2443, 2288, 2301, 2212, 1865, 1595, 1530, 1523, 1330, 1181, 1093, 832, 679, 645, 592, 515, 502, 476]
[2025-06-23T16:36:00.799+0900] {logging_mixin.py:190} INFO - osd 4 0.0 0.0 20 4148 [446, 480, 640, 689, 901, 958, 1188, 1155, 1172, 1346, 1749, 1735, 1860, 1966, 2451, 2635, 2670, 3152, 3761, 3967, 4148, 3315, 2788, 2443, 2288, 2301, 2212, 1865, 1595, 1530, 1523, 1330, 1181, 1093, 832, 679, 645, 592, 515, 502, 476]
[2025-06-23T16:36:00.846+0900] {logging_mixin.py:190} INFO - step : text_orientation_set
[2025-06-23T16:36:07.081+0900] {logging_mixin.py:190} INFO - osd 1 180 180 0.03 Cyrillic 0.83
[2025-06-23T16:36:17.653+0900] {logging_mixin.py:190} INFO - osd 2 360 180 1.17 Cyrillic 0.0
[2025-06-23T16:36:23.776+0900] {logging_mixin.py:190} INFO - osd 3 540 180 0.03 Cyrillic 0.83
[2025-06-23T16:36:29.229+0900] {logging_mixin.py:190} INFO - osd 4 720 180 1.17 Cyrillic 0.0
[2025-06-23T16:36:29.312+0900] {logging_mixin.py:190} INFO - step : load
[2025-06-23T16:36:29.317+0900] {logging_mixin.py:190} INFO - step : rotate
[2025-06-23T16:36:29.341+0900] {logging_mixin.py:190} INFO - step : rotate
[2025-06-23T16:36:30.377+0900] {logging_mixin.py:190} INFO - file_copy: /opt/***/data/temp/14648b30-c6db-4e76-95f1-157e02b3845b/dcba5808-9554-4685-abd2-1dbdee21b7f1/_result.png
[2025-06-23T16:36:30.463+0900] {python.py:240} INFO - Done. Returned value was: {'file_id': '14648b30-c6db-4e76-95f1-157e02b3845b', 'file_path': '/opt/***/data/class/b_class/classify/ready/false/copied_80_1000221872.png', 'false': {'process_id': '_dcba5808-9554-4685-abd2-1dbdee21b7f1_pre', 'folder_path': '14648b30-c6db-4e76-95f1-157e02b3845b/dcba5808-9554-4685-abd2-1dbdee21b7f1', 'step_list': [{'name': 'cache', 'param': {'key': 'origin'}}, {'name': 'calc_angle_set2', 'param': {'key': 'angle1', 'iterations': 4, 'iter_save': False}}, {'name': 'text_orientation_set', 'param': {'key': 'angle2', 'iterations': 4, 'iter_save': False}}, {'name': 'load', 'param': {'key': 'origin'}}, {'name': 'rotate', 'param': {'key': 'angle1'}}, {'name': 'rotate', 'param': {'key': 'angle2'}}], 'result_file_map': {'_result': '/opt/***/data/temp/14648b30-c6db-4e76-95f1-157e02b3845b/dcba5808-9554-4685-abd2-1dbdee21b7f1/_result.png'}}}
[2025-06-23T16:36:30.532+0900] {taskinstance.py:341} INFO - ::group::Post task execution logs
[2025-06-23T16:36:30.537+0900] {taskinstance.py:353} INFO - Marking task as SUCCESS. dag_id=lilt_document_classifier_balanced_b_class_V0.1, task_id=img_preprocess_task__1, run_id=manual__2025-06-23T06:58:09.542610+00:00, map_index=76, execution_date=20250623T065809, start_date=20250623T073532, end_date=20250623T073630
[2025-06-23T16:36:30.662+0900] {local_task_job_runner.py:266} INFO - Task exited with return code 0
[2025-06-23T16:36:30.854+0900] {taskinstance.py:3901} INFO - 0 downstream tasks scheduled from follow-on schedule check
[2025-06-23T16:36:30.869+0900] {local_task_job_runner.py:245} INFO - ::endgroup::
