[2025-06-16T15:09:32.996+0900] {local_task_job_runner.py:123} INFO - ::group::Pre task execution logs
[2025-06-16T15:09:33.066+0900] {taskinstance.py:2614} INFO - Dependencies all met for dep_context=non-requeueable deps ti=<TaskInstance: layoutxlm_document_classifier_balanced_V0.1.img_preprocess_task__1 manual__2025-06-16T06:08:52.365949+00:00 map_index=14 [queued]>
[2025-06-16T15:09:33.095+0900] {taskinstance.py:2614} INFO - Dependencies all met for dep_context=requeueable deps ti=<TaskInstance: layoutxlm_document_classifier_balanced_V0.1.img_preprocess_task__1 manual__2025-06-16T06:08:52.365949+00:00 map_index=14 [queued]>
[2025-06-16T15:09:33.095+0900] {taskinstance.py:2867} INFO - Starting attempt 1 of 1
[2025-06-16T15:09:33.222+0900] {taskinstance.py:2890} INFO - Executing <Mapped(_PythonDecoratedOperator): img_preprocess_task__1> on 2025-06-16 06:08:52.365949+00:00
[2025-06-16T15:09:33.246+0900] {warnings.py:112} WARNING - /home/***/.local/lib/python3.12/site-packages/***/task/task_runner/standard_task_runner.py:70: DeprecationWarning: This process (pid=6911) is multi-threaded, use of fork() may lead to deadlocks in the child.
  pid = os.fork()

[2025-06-16T15:09:33.255+0900] {standard_task_runner.py:72} INFO - Started process 6970 to run task
[2025-06-16T15:09:33.255+0900] {standard_task_runner.py:104} INFO - Running: ['***', 'tasks', 'run', 'layoutxlm_document_classifier_balanced_V0.1', 'img_preprocess_task__1', 'manual__2025-06-16T06:08:52.365949+00:00', '--job-id', '412', '--raw', '--subdir', 'DAGS_FOLDER/class_create_dag.py', '--cfg-path', '/tmp/tmps9bi_kpg', '--map-index', '14']
[2025-06-16T15:09:33.260+0900] {standard_task_runner.py:105} INFO - Job 412: Subtask img_preprocess_task__1
[2025-06-16T15:09:33.356+0900] {task_command.py:467} INFO - Running <TaskInstance: layoutxlm_document_classifier_balanced_V0.1.img_preprocess_task__1 manual__2025-06-16T06:08:52.365949+00:00 map_index=14 [running]> on host f6d4228a9eb8
[2025-06-16T15:09:33.836+0900] {taskinstance.py:3134} INFO - Exporting env vars: AIRFLOW_CTX_DAG_OWNER='***' AIRFLOW_CTX_DAG_ID='layoutxlm_document_classifier_balanced_V0.1' AIRFLOW_CTX_TASK_ID='img_preprocess_task__1' AIRFLOW_CTX_EXECUTION_DATE='2025-06-16T06:08:52.365949+00:00' AIRFLOW_CTX_TRY_NUMBER='1' AIRFLOW_CTX_DAG_RUN_ID='manual__2025-06-16T06:08:52.365949+00:00'
[2025-06-16T15:09:33.850+0900] {taskinstance.py:732} INFO - ::endgroup::
[2025-06-16T15:09:33.859+0900] {logging_mixin.py:190} INFO - empty map check {} {'process_id': '_243f010e-46e9-4bc9-99bd-2afe58df396e_pre', 'folder_path': '86b61538-52e8-4034-9a3f-15106b1ba60c/243f010e-46e9-4bc9-99bd-2afe58df396e', 'step_list': [{'name': 'calc_angle_set1', 'param': {'key': 'angle1', 'iterations': 3}}, {'name': 'calc_angle_set2', 'param': {'key': 'angle2', 'iterations': 3}}, {'name': 'threshold', 'param': {}}, {'name': 'morphology1', 'param': {}}, {'name': 'save', 'param': {'key': 'classify_preprocess'}}], 'result_file_list': []}
[2025-06-16T15:09:33.872+0900] {logging_mixin.py:190} INFO - step : calc_angle_set1
[2025-06-16T15:09:33.978+0900] {logging_mixin.py:190} INFO - step : calc_angle_set2
[2025-06-16T15:09:40.963+0900] {logging_mixin.py:190} INFO - osd 1 180 180 0.56 Latin 1.11
[2025-06-16T15:09:48.827+0900] {logging_mixin.py:190} INFO - step : threshold
[2025-06-16T15:09:48.832+0900] {logging_mixin.py:190} INFO - step : morphology1
[2025-06-16T15:09:48.845+0900] {logging_mixin.py:190} INFO - step : save
[2025-06-16T15:09:48.872+0900] {logging_mixin.py:190} INFO - file_copy: /opt/***/data/temp/86b61538-52e8-4034-9a3f-15106b1ba60c/243f010e-46e9-4bc9-99bd-2afe58df396e/classify_preprocess.png
[2025-06-16T15:09:48.882+0900] {python.py:240} INFO - Done. Returned value was: {'file_id': '86b61538-52e8-4034-9a3f-15106b1ba60c', 'file_path': '/opt/***/data/class/a_class/classify/origin/false/copied_1_PUBLICATIONS006019-6.png', 'false': {'process_id': '_243f010e-46e9-4bc9-99bd-2afe58df396e_pre', 'folder_path': '86b61538-52e8-4034-9a3f-15106b1ba60c/243f010e-46e9-4bc9-99bd-2afe58df396e', 'step_list': [{'name': 'calc_angle_set1', 'param': {'key': 'angle1', 'iterations': 3}}, {'name': 'calc_angle_set2', 'param': {'key': 'angle2', 'iterations': 3}}, {'name': 'threshold', 'param': {}}, {'name': 'morphology1', 'param': {}}, {'name': 'save', 'param': {'key': 'classify_preprocess'}}], 'result_file_list': [{'key': 'classify_preprocess', 'path': '/opt/***/data/temp/86b61538-52e8-4034-9a3f-15106b1ba60c/243f010e-46e9-4bc9-99bd-2afe58df396e/classify_preprocess.png'}]}}
[2025-06-16T15:09:48.932+0900] {taskinstance.py:341} INFO - ::group::Post task execution logs
[2025-06-16T15:09:48.933+0900] {taskinstance.py:353} INFO - Marking task as SUCCESS. dag_id=layoutxlm_document_classifier_balanced_V0.1, task_id=img_preprocess_task__1, run_id=manual__2025-06-16T06:08:52.365949+00:00, map_index=14, execution_date=20250616T060852, start_date=20250616T060933, end_date=20250616T060948
[2025-06-16T15:09:49.007+0900] {local_task_job_runner.py:266} INFO - Task exited with return code 0
[2025-06-16T15:09:49.111+0900] {taskinstance.py:3901} INFO - 0 downstream tasks scheduled from follow-on schedule check
[2025-06-16T15:09:49.119+0900] {local_task_job_runner.py:245} INFO - ::endgroup::
