[2025-05-28T07:27:01.097+0000] {local_task_job_runner.py:123} INFO - ::group::Pre task execution logs
[2025-05-28T07:27:01.301+0000] {taskinstance.py:2614} INFO - Dependencies all met for dep_context=non-requeueable deps ti=<TaskInstance: image_processing_per_file_v2.preprocess_group.img_preprocess_task manual__2025-05-28T07:26:51.282603+00:00 map_index=5 [queued]>
[2025-05-28T07:27:01.403+0000] {taskinstance.py:2614} INFO - Dependencies all met for dep_context=requeueable deps ti=<TaskInstance: image_processing_per_file_v2.preprocess_group.img_preprocess_task manual__2025-05-28T07:26:51.282603+00:00 map_index=5 [queued]>
[2025-05-28T07:27:01.440+0000] {taskinstance.py:2867} INFO - Starting attempt 1 of 1
[2025-05-28T07:27:01.810+0000] {taskinstance.py:2890} INFO - Executing <Task(_PythonDecoratedOperator): preprocess_group.img_preprocess_task> on 2025-05-28 07:26:51.282603+00:00
[2025-05-28T07:27:01.881+0000] {logging_mixin.py:190} WARNING - /home/***/.local/lib/python3.12/site-packages/***/task/task_runner/standard_task_runner.py:70 DeprecationWarning: This process (pid=44713) is multi-threaded, use of fork() may lead to deadlocks in the child.
[2025-05-28T07:27:01.887+0000] {standard_task_runner.py:72} INFO - Started process 44789 to run task
[2025-05-28T07:27:01.927+0000] {standard_task_runner.py:104} INFO - Running: ['***', 'tasks', 'run', 'image_processing_per_file_v2', 'preprocess_group.img_preprocess_task', 'manual__2025-05-28T07:26:51.282603+00:00', '--job-id', '75', '--raw', '--subdir', 'DAGS_FOLDER/test_dag.py', '--cfg-path', '/tmp/tmpfwpg8t7z', '--map-index', '5']
[2025-05-28T07:27:01.969+0000] {standard_task_runner.py:105} INFO - Job 75: Subtask preprocess_group.img_preprocess_task
[2025-05-28T07:27:02.297+0000] {task_command.py:467} INFO - Running <TaskInstance: image_processing_per_file_v2.preprocess_group.img_preprocess_task manual__2025-05-28T07:26:51.282603+00:00 map_index=5 [running]> on host 293edbf976f9
[2025-05-28T07:27:03.046+0000] {taskinstance.py:3134} INFO - Exporting env vars: AIRFLOW_CTX_DAG_OWNER='***' AIRFLOW_CTX_DAG_ID='image_processing_per_file_v2' AIRFLOW_CTX_TASK_ID='preprocess_group.img_preprocess_task' AIRFLOW_CTX_EXECUTION_DATE='2025-05-28T07:26:51.282603+00:00' AIRFLOW_CTX_TRY_NUMBER='1' AIRFLOW_CTX_DAG_RUN_ID='manual__2025-05-28T07:26:51.282603+00:00'
[2025-05-28T07:27:03.087+0000] {logging_mixin.py:190} INFO - Task instance is in running state
[2025-05-28T07:27:03.093+0000] {logging_mixin.py:190} INFO -  Previous state of the Task instance: queued
[2025-05-28T07:27:03.099+0000] {logging_mixin.py:190} INFO - Current task name:preprocess_group.img_preprocess_task state:running start_date:2025-05-28 07:27:01.321164+00:00
[2025-05-28T07:27:03.114+0000] {logging_mixin.py:190} INFO - Dag name:image_processing_per_file_v2 and current dag run status:running
[2025-05-28T07:27:03.119+0000] {taskinstance.py:732} INFO - ::endgroup::
[2025-05-28T07:27:09.622+0000] {python.py:240} INFO - Done. Returned value was: /opt/***/data/temp/9422ef21-41be-4699-8931-e19f8d67fbc9.png
[2025-05-28T07:27:09.722+0000] {taskinstance.py:341} INFO - ::group::Post task execution logs
[2025-05-28T07:27:09.736+0000] {taskinstance.py:353} INFO - Marking task as SUCCESS. dag_id=image_processing_per_file_v2, task_id=preprocess_group.img_preprocess_task, run_id=manual__2025-05-28T07:26:51.282603+00:00, map_index=5, execution_date=20250528T072651, start_date=20250528T072701, end_date=20250528T072709
[2025-05-28T07:27:09.907+0000] {logging_mixin.py:190} INFO - Task instance in success state
[2025-05-28T07:27:09.926+0000] {logging_mixin.py:190} INFO -  Previous state of the Task instance: running
[2025-05-28T07:27:09.938+0000] {logging_mixin.py:190} INFO - Dag name:image_processing_per_file_v2 queued_at:2025-05-28 07:26:51.302533+00:00
[2025-05-28T07:27:09.940+0000] {logging_mixin.py:190} INFO - Task hostname:293edbf976f9 operator:_PythonDecoratedOperator
[2025-05-28T07:27:10.113+0000] {local_task_job_runner.py:266} INFO - Task exited with return code 0
[2025-05-28T07:27:10.209+0000] {local_task_job_runner.py:245} INFO - ::endgroup::
