[2025-05-28T08:12:45.491+0000] {local_task_job_runner.py:123} INFO - ::group::Pre task execution logs
[2025-05-28T08:12:45.683+0000] {taskinstance.py:2614} INFO - Dependencies all met for dep_context=non-requeueable deps ti=<TaskInstance: image_processing_per_file_v2.preprocess_group.file_copy_task manual__2025-05-28T08:12:22.626749+00:00 map_index=10 [queued]>
[2025-05-28T08:12:45.877+0000] {taskinstance.py:2614} INFO - Dependencies all met for dep_context=requeueable deps ti=<TaskInstance: image_processing_per_file_v2.preprocess_group.file_copy_task manual__2025-05-28T08:12:22.626749+00:00 map_index=10 [queued]>
[2025-05-28T08:12:45.878+0000] {taskinstance.py:2867} INFO - Starting attempt 1 of 1
[2025-05-28T08:12:45.971+0000] {taskinstance.py:2890} INFO - Executing <Task(_PythonDecoratedOperator): preprocess_group.file_copy_task> on 2025-05-28 08:12:22.626749+00:00
[2025-05-28T08:12:46.020+0000] {logging_mixin.py:190} WARNING - /home/***/.local/lib/python3.12/site-packages/***/task/task_runner/standard_task_runner.py:70 DeprecationWarning: This process (pid=71560) is multi-threaded, use of fork() may lead to deadlocks in the child.
[2025-05-28T08:12:46.041+0000] {standard_task_runner.py:72} INFO - Started process 71621 to run task
[2025-05-28T08:12:46.053+0000] {standard_task_runner.py:104} INFO - Running: ['***', 'tasks', 'run', 'image_processing_per_file_v2', 'preprocess_group.file_copy_task', 'manual__2025-05-28T08:12:22.626749+00:00', '--job-id', '189', '--raw', '--subdir', 'DAGS_FOLDER/test_dag.py', '--cfg-path', '/tmp/tmpr_vy6_6v', '--map-index', '10']
[2025-05-28T08:12:46.087+0000] {standard_task_runner.py:105} INFO - Job 189: Subtask preprocess_group.file_copy_task
[2025-05-28T08:12:46.425+0000] {task_command.py:467} INFO - Running <TaskInstance: image_processing_per_file_v2.preprocess_group.file_copy_task manual__2025-05-28T08:12:22.626749+00:00 map_index=10 [running]> on host 293edbf976f9
[2025-05-28T08:12:46.894+0000] {taskinstance.py:3134} INFO - Exporting env vars: AIRFLOW_CTX_DAG_OWNER='***' AIRFLOW_CTX_DAG_ID='image_processing_per_file_v2' AIRFLOW_CTX_TASK_ID='preprocess_group.file_copy_task' AIRFLOW_CTX_EXECUTION_DATE='2025-05-28T08:12:22.626749+00:00' AIRFLOW_CTX_TRY_NUMBER='1' AIRFLOW_CTX_DAG_RUN_ID='manual__2025-05-28T08:12:22.626749+00:00'
[2025-05-28T08:12:46.895+0000] {logging_mixin.py:190} INFO - Task instance is in running state
[2025-05-28T08:12:46.896+0000] {logging_mixin.py:190} INFO -  Previous state of the Task instance: queued
[2025-05-28T08:12:46.897+0000] {logging_mixin.py:190} INFO - Current task name:preprocess_group.file_copy_task state:running start_date:2025-05-28 08:12:45.694238+00:00
[2025-05-28T08:12:46.897+0000] {logging_mixin.py:190} INFO - Dag name:image_processing_per_file_v2 and current dag run status:running
[2025-05-28T08:12:46.898+0000] {taskinstance.py:732} INFO - ::endgroup::
[2025-05-28T08:12:46.936+0000] {logging_mixin.py:190} INFO - copy: /opt/***/data/result/test/스크린샷 2025-05-23 143432 - 복사본 (2).png
[2025-05-28T08:12:46.938+0000] {python.py:240} INFO - Done. Returned value was: /opt/***/data/result/test/스크린샷 2025-05-23 143432 - 복사본 (2).png
[2025-05-28T08:12:47.013+0000] {taskinstance.py:341} INFO - ::group::Post task execution logs
[2025-05-28T08:12:47.015+0000] {taskinstance.py:353} INFO - Marking task as SUCCESS. dag_id=image_processing_per_file_v2, task_id=preprocess_group.file_copy_task, run_id=manual__2025-05-28T08:12:22.626749+00:00, map_index=10, execution_date=20250528T081222, start_date=20250528T081245, end_date=20250528T081247
[2025-05-28T08:12:47.275+0000] {logging_mixin.py:190} INFO - Task instance in success state
[2025-05-28T08:12:47.311+0000] {logging_mixin.py:190} INFO -  Previous state of the Task instance: running
[2025-05-28T08:12:47.314+0000] {logging_mixin.py:190} INFO - Dag name:image_processing_per_file_v2 queued_at:2025-05-28 08:12:22.667539+00:00
[2025-05-28T08:12:47.315+0000] {logging_mixin.py:190} INFO - Task hostname:293edbf976f9 operator:_PythonDecoratedOperator
[2025-05-28T08:12:47.414+0000] {local_task_job_runner.py:266} INFO - Task exited with return code 0
[2025-05-28T08:12:47.486+0000] {local_task_job_runner.py:245} INFO - ::endgroup::
