[2025-06-25T18:36:44.550+0900] {local_task_job_runner.py:123} INFO - ::group::Pre task execution logs
[2025-06-25T18:36:44.651+0900] {taskinstance.py:2614} INFO - Dependencies all met for dep_context=non-requeueable deps ti=<TaskInstance: lilt_document_classifier_balanced_V0.1.img_preprocess_task manual__2025-06-25T09:28:52.715795+00:00 map_index=38 [queued]>
[2025-06-25T18:36:44.681+0900] {taskinstance.py:2614} INFO - Dependencies all met for dep_context=requeueable deps ti=<TaskInstance: lilt_document_classifier_balanced_V0.1.img_preprocess_task manual__2025-06-25T09:28:52.715795+00:00 map_index=38 [queued]>
[2025-06-25T18:36:44.681+0900] {taskinstance.py:2867} INFO - Starting attempt 1 of 1
[2025-06-25T18:36:44.709+0900] {taskinstance.py:2890} INFO - Executing <Mapped(_PythonDecoratedOperator): img_preprocess_task> on 2025-06-25 09:28:52.715795+00:00
[2025-06-25T18:36:44.785+0900] {warnings.py:112} WARNING - /home/***/.local/lib/python3.12/site-packages/***/task/task_runner/standard_task_runner.py:70: DeprecationWarning: This process (pid=2383) is multi-threaded, use of fork() may lead to deadlocks in the child.
  pid = os.fork()

[2025-06-25T18:36:44.793+0900] {standard_task_runner.py:72} INFO - Started process 2428 to run task
[2025-06-25T18:36:44.793+0900] {standard_task_runner.py:104} INFO - Running: ['***', 'tasks', 'run', 'lilt_document_classifier_balanced_V0.1', 'img_preprocess_task', 'manual__2025-06-25T09:28:52.715795+00:00', '--job-id', '5409', '--raw', '--subdir', 'DAGS_FOLDER/class_create_dag.py', '--cfg-path', '/tmp/tmph16ujqw6', '--map-index', '38']
[2025-06-25T18:36:44.801+0900] {standard_task_runner.py:105} INFO - Job 5409: Subtask img_preprocess_task
[2025-06-25T18:36:44.896+0900] {task_command.py:467} INFO - Running <TaskInstance: lilt_document_classifier_balanced_V0.1.img_preprocess_task manual__2025-06-25T09:28:52.715795+00:00 map_index=38 [running]> on host f6d4228a9eb8
[2025-06-25T18:36:45.136+0900] {taskinstance.py:3134} INFO - Exporting env vars: AIRFLOW_CTX_DAG_OWNER='***' AIRFLOW_CTX_DAG_ID='lilt_document_classifier_balanced_V0.1' AIRFLOW_CTX_TASK_ID='img_preprocess_task' AIRFLOW_CTX_EXECUTION_DATE='2025-06-25T09:28:52.715795+00:00' AIRFLOW_CTX_TRY_NUMBER='1' AIRFLOW_CTX_DAG_RUN_ID='manual__2025-06-25T09:28:52.715795+00:00'
[2025-06-25T18:36:45.823+0900] {taskinstance.py:732} INFO - ::endgroup::
[2025-06-25T18:36:45.826+0900] {logging_mixin.py:190} INFO - empty map check {} {}
[2025-06-25T18:36:45.835+0900] {logging_mixin.py:190} INFO - step : cache
[2025-06-25T18:36:45.836+0900] {logging_mixin.py:190} INFO - step : calc_angle_set2
[2025-06-25T18:36:54.203+0900] {logging_mixin.py:190} INFO - osd 1 0.0 0.0 5 150704 [0, 0, 0, 0, 0, 150704, 0, 0, 0, 0, 0]
[2025-06-25T18:37:04.754+0900] {logging_mixin.py:190} INFO - osd 2 0.0 0.0 5 150704 [0, 0, 0, 0, 0, 150704, 0, 0, 0, 0, 0]
[2025-06-25T18:37:04.932+0900] {logging_mixin.py:190} INFO - step : calc_angle_set2
[2025-06-25T18:37:12.205+0900] {logging_mixin.py:190} INFO - osd 1 0.0 0.0 8 150704 [0, 0, 0, 0, 0, 0, 0, 54294, 150704, 19062, 0, 0, 0, 0, 0, 0, 0]
[2025-06-25T18:37:19.385+0900] {logging_mixin.py:190} INFO - osd 2 0.0 0.0 8 150704 [0, 0, 0, 0, 0, 0, 0, 54294, 150704, 19062, 0, 0, 0, 0, 0, 0, 0]
[2025-06-25T18:37:19.579+0900] {logging_mixin.py:190} INFO - step : calc_angle_set2
[2025-06-25T18:37:28.209+0900] {logging_mixin.py:190} INFO - osd 1 -0.125 -0.125 7 196944 [54294, 66310, 78074, 89874, 109836, 152933, 192781, 196944, 150704, 111764, 90727, 78797, 66659, 54721, 42838, 30766, 19062]
[2025-06-25T18:37:33.730+0900] {logging_mixin.py:190} INFO - osd 2 -0.125 0.0 8 200599 [45292, 57171, 69092, 81311, 92942, 114718, 156402, 199134, 200599, 157634, 115931, 93684, 81520, 69750, 57774, 45596, 33865]
[2025-06-25T18:37:33.838+0900] {logging_mixin.py:190} INFO - step : text_orientation_set
[2025-06-25T18:37:44.592+0900] {logging_mixin.py:190} INFO - osd 1 break  0 0 7.91 Korean 0.95
[2025-06-25T18:37:45.082+0900] {logging_mixin.py:190} INFO - file_copy: /opt/***/data/temp/90ad0af9-2bcb-4e69-8d85-57d12e219888/bb739a99-9094-47a5-a9da-4c9d34799aa8/_result.png
[2025-06-25T18:37:45.110+0900] {python.py:240} INFO - Done. Returned value was: {'file_id': '90ad0af9-2bcb-4e69-8d85-57d12e219888', 'file_path': '/opt/***/data/class/a_class/classify/ready/true/거제동 고성빌딩 - 정부24 - 건축물대장 등본(초본) 발급(열람) _ 문서출력_page_1_aug2.png', 'true': {'process_id': '_bb739a99-9094-47a5-a9da-4c9d34799aa8_pre', 'folder_path': '90ad0af9-2bcb-4e69-8d85-57d12e219888/bb739a99-9094-47a5-a9da-4c9d34799aa8', 'step_list': [{'name': 'cache', 'param': {'cache_key': 'origin'}}, {'name': 'calc_angle_set2', 'param': {'angle_key': 'angle2_1', 'delta': 8.0, 'limit': 40, 'iterations': 2, 'iter_save': False}}, {'name': 'calc_angle_set2', 'param': {'angle_key': 'angle2_2', 'delta': 1.0, 'limit': 8, 'iterations': 2, 'iter_save': False}}, {'name': 'calc_angle_set2', 'param': {'angle_key': 'angle2_3', 'delta': 0.125, 'limit': 1, 'iterations': 2, 'iter_save': False}}, {'name': 'text_orientation_set', 'param': {'angle_key': 'orint', 'iterations': 3, 'iter_save': False}}], 'result_file_map': {'_result': '/opt/***/data/temp/90ad0af9-2bcb-4e69-8d85-57d12e219888/bb739a99-9094-47a5-a9da-4c9d34799aa8/_result.png'}}}
[2025-06-25T18:37:45.184+0900] {taskinstance.py:341} INFO - ::group::Post task execution logs
[2025-06-25T18:37:45.187+0900] {taskinstance.py:353} INFO - Marking task as SUCCESS. dag_id=lilt_document_classifier_balanced_V0.1, task_id=img_preprocess_task, run_id=manual__2025-06-25T09:28:52.715795+00:00, map_index=38, execution_date=20250625T092852, start_date=20250625T093644, end_date=20250625T093745
[2025-06-25T18:37:45.362+0900] {local_task_job_runner.py:266} INFO - Task exited with return code 0
[2025-06-25T18:37:45.421+0900] {taskinstance.py:3901} INFO - 0 downstream tasks scheduled from follow-on schedule check
[2025-06-25T18:37:45.429+0900] {local_task_job_runner.py:245} INFO - ::endgroup::
