[2025-06-18T13:04:37.619+0900] {local_task_job_runner.py:123} INFO - ::group::Pre task execution logs
[2025-06-18T13:04:37.646+0900] {taskinstance.py:2614} INFO - Dependencies all met for dep_context=non-requeueable deps ti=<TaskInstance: image_preprocess_v1.img_preprocess_task manual__2025-06-18T04:04:29.716769+00:00 map_index=4 [queued]>
[2025-06-18T13:04:37.659+0900] {taskinstance.py:2614} INFO - Dependencies all met for dep_context=requeueable deps ti=<TaskInstance: image_preprocess_v1.img_preprocess_task manual__2025-06-18T04:04:29.716769+00:00 map_index=4 [queued]>
[2025-06-18T13:04:37.660+0900] {taskinstance.py:2867} INFO - Starting attempt 1 of 1
[2025-06-18T13:04:37.681+0900] {taskinstance.py:2890} INFO - Executing <Mapped(_PythonDecoratedOperator): img_preprocess_task> on 2025-06-18 04:04:29.716769+00:00
[2025-06-18T13:04:37.689+0900] {warnings.py:112} WARNING - /home/***/.local/lib/python3.12/site-packages/***/task/task_runner/standard_task_runner.py:70: DeprecationWarning: This process (pid=25601) is multi-threaded, use of fork() may lead to deadlocks in the child.
  pid = os.fork()

[2025-06-18T13:04:37.692+0900] {standard_task_runner.py:72} INFO - Started process 25649 to run task
[2025-06-18T13:04:37.691+0900] {standard_task_runner.py:104} INFO - Running: ['***', 'tasks', 'run', 'image_preprocess_v1', 'img_preprocess_task', 'manual__2025-06-18T04:04:29.716769+00:00', '--job-id', '1003', '--raw', '--subdir', 'DAGS_FOLDER/test_dag.py', '--cfg-path', '/tmp/tmpgr3pw74_', '--map-index', '4']
[2025-06-18T13:04:37.693+0900] {standard_task_runner.py:105} INFO - Job 1003: Subtask img_preprocess_task
[2025-06-18T13:04:37.741+0900] {task_command.py:467} INFO - Running <TaskInstance: image_preprocess_v1.img_preprocess_task manual__2025-06-18T04:04:29.716769+00:00 map_index=4 [running]> on host f6d4228a9eb8
[2025-06-18T13:04:37.832+0900] {taskinstance.py:3134} INFO - Exporting env vars: AIRFLOW_CTX_DAG_OWNER='***' AIRFLOW_CTX_DAG_ID='image_preprocess_v1' AIRFLOW_CTX_TASK_ID='img_preprocess_task' AIRFLOW_CTX_EXECUTION_DATE='2025-06-18T04:04:29.716769+00:00' AIRFLOW_CTX_TRY_NUMBER='1' AIRFLOW_CTX_DAG_RUN_ID='manual__2025-06-18T04:04:29.716769+00:00'
[2025-06-18T13:04:37.834+0900] {taskinstance.py:732} INFO - ::endgroup::
[2025-06-18T13:04:37.837+0900] {logging_mixin.py:190} INFO - empty map check {} {'process_id': '_ebfbfe33-5e7f-41c6-9cdd-32bb9bb8fd83_pre', 'folder_path': '0078baf7-3b8b-4b13-87c6-c9ffac99e9ab/ebfbfe33-5e7f-41c6-9cdd-32bb9bb8fd83', 'step_list': [{'name': 'calc_angle_set1', 'param': {'key': 'angle1', 'iterations': 4, 'iter_save': False}}, {'name': 'text_orientation_set', 'param': {'key': 'angle2', 'iterations': 4, 'iter_save': False}}, {'name': 'line_tracking', 'param': {'iter_save': True}}, {'name': 'save', 'param': {'key': 'classify_preprocess'}}], 'result_file_list': []}
[2025-06-18T13:04:37.838+0900] {logging_mixin.py:190} INFO - step : calc_angle_set1
[2025-06-18T13:04:37.886+0900] {logging_mixin.py:190} INFO - angle1 :  0 0.608262553449233 -89.28345066611483 -89.25148585819451 90.44383166785866 90.52415507024762
[2025-06-18T13:04:37.990+0900] {logging_mixin.py:190} INFO - angle2 :  0.608262553449233 0.009679104146236739 -89.87530862011141 -89.84413591355141 89.87903794288125 89.87912300736653
[2025-06-18T13:04:37.991+0900] {logging_mixin.py:190} INFO - step : text_orientation_set
[2025-06-18T13:04:46.246+0900] {logging_mixin.py:190} INFO - osd 1 270 270 5.41 Latin 0.11
[2025-06-18T13:04:55.141+0900] {logging_mixin.py:190} INFO - osd 2 450 180 2.36 Latin 1.2
[2025-06-18T13:05:01.451+0900] {logging_mixin.py:190} INFO - osd 3 break  450 0 2.39 Latin 2.46
[2025-06-18T13:05:01.452+0900] {logging_mixin.py:190} INFO - step : line_tracking
[2025-06-18T13:05:01.456+0900] {logging_mixin.py:190} INFO - binary: (2355, 1677)
[2025-06-18T13:05:01.475+0900] {logging_mixin.py:190} INFO - file_copy: /opt/***/data/temp/0078baf7-3b8b-4b13-87c6-c9ffac99e9ab/ebfbfe33-5e7f-41c6-9cdd-32bb9bb8fd83/line_binary.png
[2025-06-18T13:05:01.499+0900] {logging_mixin.py:190} INFO - output: (2355, 1677, 3)
[2025-06-18T13:05:01.632+0900] {logging_mixin.py:190} INFO - file_copy: /opt/***/data/temp/0078baf7-3b8b-4b13-87c6-c9ffac99e9ab/ebfbfe33-5e7f-41c6-9cdd-32bb9bb8fd83/detected_lines.png
[2025-06-18T13:05:01.649+0900] {logging_mixin.py:190} INFO - step : save
[2025-06-18T13:05:01.808+0900] {logging_mixin.py:190} INFO - file_copy: /opt/***/data/temp/0078baf7-3b8b-4b13-87c6-c9ffac99e9ab/ebfbfe33-5e7f-41c6-9cdd-32bb9bb8fd83/classify_preprocess.png
[2025-06-18T13:05:01.814+0900] {python.py:240} INFO - Done. Returned value was: {'file_id': '0078baf7-3b8b-4b13-87c6-c9ffac99e9ab', 'file_path': '/opt/***/data/upload/Gas Engine 점검일지_ 2021년 2월.pdf-image-017.jpg', 'result': {'process_id': '_ebfbfe33-5e7f-41c6-9cdd-32bb9bb8fd83_pre', 'folder_path': '0078baf7-3b8b-4b13-87c6-c9ffac99e9ab/ebfbfe33-5e7f-41c6-9cdd-32bb9bb8fd83', 'step_list': [{'name': 'calc_angle_set1', 'param': {'key': 'angle1', 'iterations': 4, 'iter_save': False}}, {'name': 'text_orientation_set', 'param': {'key': 'angle2', 'iterations': 4, 'iter_save': False}}, {'name': 'line_tracking', 'param': {'iter_save': True}}, {'name': 'save', 'param': {'key': 'classify_preprocess'}}], 'result_file_list': [{'key': 'line_binary', 'path': '/opt/***/data/temp/0078baf7-3b8b-4b13-87c6-c9ffac99e9ab/ebfbfe33-5e7f-41c6-9cdd-32bb9bb8fd83/line_binary.png'}, {'key': 'detected_lines', 'path': '/opt/***/data/temp/0078baf7-3b8b-4b13-87c6-c9ffac99e9ab/ebfbfe33-5e7f-41c6-9cdd-32bb9bb8fd83/detected_lines.png'}, {'key': 'classify_preprocess', 'path': '/opt/***/data/temp/0078baf7-3b8b-4b13-87c6-c9ffac99e9ab/ebfbfe33-5e7f-41c6-9cdd-32bb9bb8fd83/classify_preprocess.png'}]}}
[2025-06-18T13:05:01.842+0900] {taskinstance.py:341} INFO - ::group::Post task execution logs
[2025-06-18T13:05:01.842+0900] {taskinstance.py:353} INFO - Marking task as SUCCESS. dag_id=image_preprocess_v1, task_id=img_preprocess_task, run_id=manual__2025-06-18T04:04:29.716769+00:00, map_index=4, execution_date=20250618T040429, start_date=20250618T040437, end_date=20250618T040501
[2025-06-18T13:05:01.892+0900] {local_task_job_runner.py:266} INFO - Task exited with return code 0
[2025-06-18T13:05:01.963+0900] {taskinstance.py:3901} INFO - 1 downstream tasks scheduled from follow-on schedule check
[2025-06-18T13:05:01.970+0900] {local_task_job_runner.py:245} INFO - ::endgroup::
