[2025-06-23T17:01:12.952+0900] {local_task_job_runner.py:123} INFO - ::group::Pre task execution logs
[2025-06-23T17:01:13.264+0900] {taskinstance.py:2614} INFO - Dependencies all met for dep_context=non-requeueable deps ti=<TaskInstance: lilt_document_classifier_balanced_V0.1.img_preprocess_task manual__2025-06-23T07:44:09.997775+00:00 map_index=63 [queued]>
[2025-06-23T17:01:13.470+0900] {taskinstance.py:2614} INFO - Dependencies all met for dep_context=requeueable deps ti=<TaskInstance: lilt_document_classifier_balanced_V0.1.img_preprocess_task manual__2025-06-23T07:44:09.997775+00:00 map_index=63 [queued]>
[2025-06-23T17:01:13.473+0900] {taskinstance.py:2867} INFO - Starting attempt 1 of 1
[2025-06-23T17:01:13.512+0900] {taskinstance.py:2890} INFO - Executing <Mapped(_PythonDecoratedOperator): img_preprocess_task> on 2025-06-23 07:44:09.997775+00:00
[2025-06-23T17:01:13.543+0900] {warnings.py:112} WARNING - /home/***/.local/lib/python3.12/site-packages/***/task/task_runner/standard_task_runner.py:70: DeprecationWarning: This process (pid=12406) is multi-threaded, use of fork() may lead to deadlocks in the child.
  pid = os.fork()

[2025-06-23T17:01:13.551+0900] {standard_task_runner.py:72} INFO - Started process 12437 to run task
[2025-06-23T17:01:13.559+0900] {standard_task_runner.py:104} INFO - Running: ['***', 'tasks', 'run', 'lilt_document_classifier_balanced_V0.1', 'img_preprocess_task', 'manual__2025-06-23T07:44:09.997775+00:00', '--job-id', '3627', '--raw', '--subdir', 'DAGS_FOLDER/class_create_dag.py', '--cfg-path', '/tmp/tmp36xdvm6_', '--map-index', '63']
[2025-06-23T17:01:13.594+0900] {standard_task_runner.py:105} INFO - Job 3627: Subtask img_preprocess_task
[2025-06-23T17:01:13.767+0900] {task_command.py:467} INFO - Running <TaskInstance: lilt_document_classifier_balanced_V0.1.img_preprocess_task manual__2025-06-23T07:44:09.997775+00:00 map_index=63 [running]> on host f6d4228a9eb8
[2025-06-23T17:01:14.245+0900] {taskinstance.py:3134} INFO - Exporting env vars: AIRFLOW_CTX_DAG_OWNER='***' AIRFLOW_CTX_DAG_ID='lilt_document_classifier_balanced_V0.1' AIRFLOW_CTX_TASK_ID='img_preprocess_task' AIRFLOW_CTX_EXECUTION_DATE='2025-06-23T07:44:09.997775+00:00' AIRFLOW_CTX_TRY_NUMBER='1' AIRFLOW_CTX_DAG_RUN_ID='manual__2025-06-23T07:44:09.997775+00:00'
[2025-06-23T17:01:14.249+0900] {taskinstance.py:732} INFO - ::endgroup::
[2025-06-23T17:01:14.263+0900] {logging_mixin.py:190} INFO - empty map check {} {'process_id': '_08d2424b-6a04-43e1-a8d2-c5f949f9f00b_pre', 'folder_path': '26a8532d-13bf-4dc9-905b-96479735db17/08d2424b-6a04-43e1-a8d2-c5f949f9f00b', 'step_list': [{'name': 'cache', 'param': {'key': 'origin'}}, {'name': 'calc_angle_set2', 'param': {'key': 'angle1', 'iterations': 4, 'iter_save': False}}, {'name': 'text_orientation_set', 'param': {'key': 'angle2', 'iterations': 4, 'iter_save': False}}, {'name': 'load', 'param': {'key': 'origin'}}, {'name': 'rotate', 'param': {'key': 'angle1'}}, {'name': 'rotate', 'param': {'key': 'angle2'}}], 'result_file_map': {}}
[2025-06-23T17:01:14.268+0900] {logging_mixin.py:190} INFO - step : cache
[2025-06-23T17:01:14.271+0900] {logging_mixin.py:190} INFO - step : calc_angle_set2
[2025-06-23T17:01:46.619+0900] {logging_mixin.py:190} INFO - osd 1 -5.0 -5.0 0 1489201 [1489201, 1426133, 1360637, 1293287, 1228765, 1162545, 1099138, 1034443, 972882, 907113, 847882, 788157, 726873, 667183, 613076, 556059, 500509, 447284, 395786, 345932, 302063, 340892, 384863, 428186, 471884, 516895, 562118, 602898, 649403, 698047, 747557, 798024, 854921, 908767, 965411, 1022925, 1081928, 1140125, 1198666, 1256400, 1309247]
[2025-06-23T17:02:23.211+0900] {logging_mixin.py:190} INFO - osd 2 0.0 5.0 40 3125302 [3043484, 2955659, 2873369, 2786012, 2697843, 2613857, 2530868, 2444622, 2364647, 2274877, 2197353, 2117068, 2037048, 1964271, 1881731, 1805230, 1723828, 1649144, 1577227, 1498594, 1425653, 1498363, 1578921, 1652341, 1730217, 1815167, 1897167, 1986319, 2068596, 2156274, 2245952, 2330712, 2426111, 2512766, 2602738, 2689372, 2776931, 2868808, 2956540, 3038763, 3125302]
[2025-06-23T17:03:22.335+0900] {logging_mixin.py:190} INFO - osd 3 -5.0 -5.0 0 5112228 [5112228, 4998176, 4891604, 4779678, 4675345, 4566337, 4465726, 4354340, 4250375, 4149522, 4050848, 3950668, 3847312, 3749153, 3645347, 3546894, 3444838, 3344271, 3241990, 3141402, 3043387, 3136904, 3231819, 3328323, 3426138, 3522415, 3615708, 3712578, 3805764, 3902321, 3995779, 4087847, 4180622, 4273747, 4370736, 4457381, 4550665, 4639039, 4732695, 4819169, 4909382]
[2025-06-23T17:04:24.449+0900] {logging_mixin.py:190} INFO - osd 4 -10.0 -5.0 0 7648626 [7648626, 7504146, 7361288, 7220839, 7081496, 6942318, 6798700, 6655995, 6522259, 6381671, 6250340, 6107341, 5978965, 5839178, 5705967, 5577702, 5450554, 5319293, 5188541, 5061440, 4947099, 5068420, 5202702, 5338804, 5475723, 5606606, 5737214, 5870254, 6009752, 6137482, 6276670, 6406498, 6541820, 6672243, 6808739, 6945851, 7078452, 7210418, 7341949, 7475219, 7606863]
[2025-06-23T17:04:24.889+0900] {logging_mixin.py:190} INFO - step : text_orientation_set
[2025-06-23T17:04:47.438+0900] {logging_mixin.py:190} INFO - osd 1 break  0 0 0.33 Japanese 0.63
[2025-06-23T17:04:47.441+0900] {logging_mixin.py:190} INFO - step : load
[2025-06-23T17:04:47.444+0900] {logging_mixin.py:190} INFO - step : rotate
[2025-06-23T17:04:48.252+0900] {logging_mixin.py:190} INFO - step : rotate
[2025-06-23T17:04:48.788+0900] {logging_mixin.py:190} INFO - file_copy: /opt/***/data/temp/26a8532d-13bf-4dc9-905b-96479735db17/08d2424b-6a04-43e1-a8d2-c5f949f9f00b/_result.png
[2025-06-23T17:04:48.818+0900] {python.py:240} INFO - Done. Returned value was: {'file_id': '26a8532d-13bf-4dc9-905b-96479735db17', 'file_path': '/opt/***/data/class/a_class/classify/ready/true/삼성동 초록빌딩 - 정부24 - 건축물대장 등본(초본) 발급(열람) _ 문서출력_page_1_aug2.png', 'true': {'process_id': '_08d2424b-6a04-43e1-a8d2-c5f949f9f00b_pre', 'folder_path': '26a8532d-13bf-4dc9-905b-96479735db17/08d2424b-6a04-43e1-a8d2-c5f949f9f00b', 'step_list': [{'name': 'cache', 'param': {'key': 'origin'}}, {'name': 'calc_angle_set2', 'param': {'key': 'angle1', 'iterations': 4, 'iter_save': False}}, {'name': 'text_orientation_set', 'param': {'key': 'angle2', 'iterations': 4, 'iter_save': False}}, {'name': 'load', 'param': {'key': 'origin'}}, {'name': 'rotate', 'param': {'key': 'angle1'}}, {'name': 'rotate', 'param': {'key': 'angle2'}}], 'result_file_map': {'_result': '/opt/***/data/temp/26a8532d-13bf-4dc9-905b-96479735db17/08d2424b-6a04-43e1-a8d2-c5f949f9f00b/_result.png'}}}
[2025-06-23T17:04:48.868+0900] {taskinstance.py:341} INFO - ::group::Post task execution logs
[2025-06-23T17:04:48.869+0900] {taskinstance.py:353} INFO - Marking task as SUCCESS. dag_id=lilt_document_classifier_balanced_V0.1, task_id=img_preprocess_task, run_id=manual__2025-06-23T07:44:09.997775+00:00, map_index=63, execution_date=20250623T074409, start_date=20250623T080113, end_date=20250623T080448
[2025-06-23T17:04:48.958+0900] {local_task_job_runner.py:266} INFO - Task exited with return code 0
[2025-06-23T17:04:48.995+0900] {taskinstance.py:3901} INFO - 0 downstream tasks scheduled from follow-on schedule check
[2025-06-23T17:04:49.002+0900] {local_task_job_runner.py:245} INFO - ::endgroup::
