[2025-06-25T10:56:59.919+0900] {local_task_job_runner.py:123} INFO - ::group::Pre task execution logs
[2025-06-25T10:56:59.954+0900] {taskinstance.py:2614} INFO - Dependencies all met for dep_context=non-requeueable deps ti=<TaskInstance: image_classify_v1.img_preprocess_task manual__2025-06-25T01:56:32.131724+00:00 map_index=3 [queued]>
[2025-06-25T10:56:59.971+0900] {taskinstance.py:2614} INFO - Dependencies all met for dep_context=requeueable deps ti=<TaskInstance: image_classify_v1.img_preprocess_task manual__2025-06-25T01:56:32.131724+00:00 map_index=3 [queued]>
[2025-06-25T10:56:59.971+0900] {taskinstance.py:2867} INFO - Starting attempt 1 of 1
[2025-06-25T10:57:00.002+0900] {taskinstance.py:2890} INFO - Executing <Mapped(_PythonDecoratedOperator): img_preprocess_task> on 2025-06-25 01:56:32.131724+00:00
[2025-06-25T10:57:00.070+0900] {standard_task_runner.py:104} INFO - Running: ['***', 'tasks', 'run', 'image_classify_v1', 'img_preprocess_task', 'manual__2025-06-25T01:56:32.131724+00:00', '--job-id', '5175', '--raw', '--subdir', 'DAGS_FOLDER/img_classify_dag.py', '--cfg-path', '/tmp/tmpp16wmc26', '--map-index', '3']
[2025-06-25T10:57:00.082+0900] {standard_task_runner.py:105} INFO - Job 5175: Subtask img_preprocess_task
[2025-06-25T10:57:00.082+0900] {warnings.py:112} WARNING - /home/***/.local/lib/python3.12/site-packages/***/task/task_runner/standard_task_runner.py:70: DeprecationWarning: This process (pid=82510) is multi-threaded, use of fork() may lead to deadlocks in the child.
  pid = os.fork()

[2025-06-25T10:57:00.090+0900] {standard_task_runner.py:72} INFO - Started process 82611 to run task
[2025-06-25T10:57:00.238+0900] {task_command.py:467} INFO - Running <TaskInstance: image_classify_v1.img_preprocess_task manual__2025-06-25T01:56:32.131724+00:00 map_index=3 [running]> on host f6d4228a9eb8
[2025-06-25T10:57:01.312+0900] {taskinstance.py:3134} INFO - Exporting env vars: AIRFLOW_CTX_DAG_OWNER='***' AIRFLOW_CTX_DAG_ID='image_classify_v1' AIRFLOW_CTX_TASK_ID='img_preprocess_task' AIRFLOW_CTX_EXECUTION_DATE='2025-06-25T01:56:32.131724+00:00' AIRFLOW_CTX_TRY_NUMBER='1' AIRFLOW_CTX_DAG_RUN_ID='manual__2025-06-25T01:56:32.131724+00:00'
[2025-06-25T10:57:01.313+0900] {taskinstance.py:732} INFO - ::endgroup::
[2025-06-25T10:57:01.320+0900] {logging_mixin.py:190} INFO - empty map check {} {'process_id': '_8422a253-1264-4684-9041-16c369c91d04_pre', 'folder_path': '56b913fa-c401-4885-97ba-e2102293e43d/8422a253-1264-4684-9041-16c369c91d04', 'step_list': [{'name': 'cache', 'param': {'cache_key': 'origin'}}, {'name': 'calc_angle_set2', 'param': {'angle_key': 'angle2_1', 'delta': 8.0, 'limit': 40, 'iterations': 2, 'iter_save': False}}, {'name': 'calc_angle_set2', 'param': {'angle_key': 'angle2_2', 'delta': 1.0, 'limit': 8, 'iterations': 2, 'iter_save': False}}, {'name': 'calc_angle_set2', 'param': {'angle_key': 'angle2_3', 'delta': 0.125, 'limit': 1, 'iterations': 2, 'iter_save': False}}, {'name': 'text_orientation_set', 'param': {'angle_key': 'orint', 'iterations': 3, 'iter_save': False}}, {'name': 'load', 'param': {'cache_key': 'origin'}}, {'name': 'rotate', 'param': {'angle_key': 'angle2_1'}}, {'name': 'rotate', 'param': {'angle_key': 'angle2_2'}}, {'name': 'rotate', 'param': {'angle_key': 'angle2_3'}}, {'name': 'rotate', 'param': {'angle_key': 'orint'}}], 'result_file_map': {}}
[2025-06-25T10:57:01.320+0900] {logging_mixin.py:190} INFO - step : cache
[2025-06-25T10:57:01.321+0900] {logging_mixin.py:190} INFO - step : calc_angle_set2
[2025-06-25T10:57:07.403+0900] {logging_mixin.py:190} INFO - osd 1 0.0 0.0 5 78 [0, 0, 0, 0, 0, 78, 49, 0, 0, 0, 0]
[2025-06-25T10:57:11.927+0900] {logging_mixin.py:190} INFO - osd 2 0.0 0.0 5 78 [0, 0, 0, 0, 0, 78, 49, 0, 0, 0, 0]
[2025-06-25T10:57:11.996+0900] {logging_mixin.py:190} INFO - step : calc_angle_set2
[2025-06-25T10:57:16.671+0900] {logging_mixin.py:190} INFO - osd 1 4.0 4.0 12 140400 [0, 0, 0, 0, 6, 25, 46, 59, 78, 71, 79, 6283, 140400, 10446, 78, 65, 49]
[2025-06-25T10:57:21.838+0900] {logging_mixin.py:190} INFO - osd 2 4.0 0.0 8 151450 [0, 0, 0, 0, 0, 0, 0, 7597, 151450, 12049, 0, 0, 0, 0, 0, 0, 0]
[2025-06-25T10:57:21.908+0900] {logging_mixin.py:190} INFO - step : calc_angle_set2
[2025-06-25T10:57:26.841+0900] {logging_mixin.py:190} INFO - osd 1 0.0 0.0 8 151450 [7597, 17375, 29128, 40828, 52935, 64978, 76841, 110709, 151450, 138003, 95755, 72079, 59768, 47949, 35843, 23686, 12049]
[2025-06-25T10:57:34.515+0900] {logging_mixin.py:190} INFO - osd 2 0.0 0.0 8 151450 [7597, 17375, 29128, 40828, 52935, 64978, 76841, 110709, 151450, 138003, 95755, 72079, 59768, 47949, 35843, 23686, 12049]
[2025-06-25T10:57:34.716+0900] {logging_mixin.py:190} INFO - step : text_orientation_set
[2025-06-25T10:57:51.230+0900] {logging_mixin.py:190} INFO - osd 1 break  0 0 8.5 Korean 0.3
[2025-06-25T10:57:51.230+0900] {logging_mixin.py:190} INFO - step : load
[2025-06-25T10:57:51.231+0900] {logging_mixin.py:190} INFO - step : rotate
[2025-06-25T10:57:51.296+0900] {logging_mixin.py:190} INFO - step : rotate
[2025-06-25T10:57:51.325+0900] {logging_mixin.py:190} INFO - step : rotate
[2025-06-25T10:57:51.327+0900] {logging_mixin.py:190} INFO - step : rotate
[2025-06-25T10:57:51.501+0900] {logging_mixin.py:190} INFO - file_copy: /opt/***/data/temp/56b913fa-c401-4885-97ba-e2102293e43d/8422a253-1264-4684-9041-16c369c91d04/_result.png
[2025-06-25T10:57:51.534+0900] {python.py:240} INFO - Done. Returned value was: {'file_id': '56b913fa-c401-4885-97ba-e2102293e43d', 'file_path': '/opt/***/data/upload/광장동 가람빌딩 - 정부24 - 건축물대장 등본(초본) 발급(열람) _ 문서출력_page_1_aug1.png', 'a_class_preprc': {'process_id': '_8422a253-1264-4684-9041-16c369c91d04_pre', 'folder_path': '56b913fa-c401-4885-97ba-e2102293e43d/8422a253-1264-4684-9041-16c369c91d04', 'step_list': [{'name': 'cache', 'param': {'cache_key': 'origin'}}, {'name': 'calc_angle_set2', 'param': {'angle_key': 'angle2_1', 'delta': 8.0, 'limit': 40, 'iterations': 2, 'iter_save': False}}, {'name': 'calc_angle_set2', 'param': {'angle_key': 'angle2_2', 'delta': 1.0, 'limit': 8, 'iterations': 2, 'iter_save': False}}, {'name': 'calc_angle_set2', 'param': {'angle_key': 'angle2_3', 'delta': 0.125, 'limit': 1, 'iterations': 2, 'iter_save': False}}, {'name': 'text_orientation_set', 'param': {'angle_key': 'orint', 'iterations': 3, 'iter_save': False}}, {'name': 'load', 'param': {'cache_key': 'origin'}}, {'name': 'rotate', 'param': {'angle_key': 'angle2_1'}}, {'name': 'rotate', 'param': {'angle_key': 'angle2_2'}}, {'name': 'rotate', 'param': {'angle_key': 'angle2_3'}}, {'name': 'rotate', 'param': {'angle_key': 'orint'}}], 'result_file_map': {'_result': '/opt/***/data/temp/56b913fa-c401-4885-97ba-e2102293e43d/8422a253-1264-4684-9041-16c369c91d04/_result.png'}}}
[2025-06-25T10:57:51.594+0900] {taskinstance.py:341} INFO - ::group::Post task execution logs
[2025-06-25T10:57:51.595+0900] {taskinstance.py:353} INFO - Marking task as SUCCESS. dag_id=image_classify_v1, task_id=img_preprocess_task, run_id=manual__2025-06-25T01:56:32.131724+00:00, map_index=3, execution_date=20250625T015632, start_date=20250625T015659, end_date=20250625T015751
[2025-06-25T10:57:51.660+0900] {local_task_job_runner.py:266} INFO - Task exited with return code 0
[2025-06-25T10:57:51.692+0900] {taskinstance.py:3901} INFO - 0 downstream tasks scheduled from follow-on schedule check
[2025-06-25T10:57:51.695+0900] {local_task_job_runner.py:245} INFO - ::endgroup::
