[2025-06-19T16:15:53.075+0900] {local_task_job_runner.py:123} INFO - ::group::Pre task execution logs
[2025-06-19T16:15:53.115+0900] {taskinstance.py:2614} INFO - Dependencies all met for dep_context=non-requeueable deps ti=<TaskInstance: lilt_document_classifier_balanced_V0.1.img_preprocess_task__1 manual__2025-06-19T07:13:53.100355+00:00 map_index=19 [queued]>
[2025-06-19T16:15:53.203+0900] {taskinstance.py:2614} INFO - Dependencies all met for dep_context=requeueable deps ti=<TaskInstance: lilt_document_classifier_balanced_V0.1.img_preprocess_task__1 manual__2025-06-19T07:13:53.100355+00:00 map_index=19 [queued]>
[2025-06-19T16:15:53.223+0900] {taskinstance.py:2867} INFO - Starting attempt 1 of 1
[2025-06-19T16:15:53.338+0900] {taskinstance.py:2890} INFO - Executing <Mapped(_PythonDecoratedOperator): img_preprocess_task__1> on 2025-06-19 07:13:53.100355+00:00
[2025-06-19T16:15:53.391+0900] {standard_task_runner.py:104} INFO - Running: ['***', 'tasks', 'run', 'lilt_document_classifier_balanced_V0.1', 'img_preprocess_task__1', 'manual__2025-06-19T07:13:53.100355+00:00', '--job-id', '1488', '--raw', '--subdir', 'DAGS_FOLDER/class_create_dag.py', '--cfg-path', '/tmp/tmpncf7dljl', '--map-index', '19']
[2025-06-19T16:15:53.390+0900] {warnings.py:112} WARNING - /home/***/.local/lib/python3.12/site-packages/***/task/task_runner/standard_task_runner.py:70: DeprecationWarning: This process (pid=3305) is multi-threaded, use of fork() may lead to deadlocks in the child.
  pid = os.fork()

[2025-06-19T16:15:53.401+0900] {standard_task_runner.py:72} INFO - Started process 3377 to run task
[2025-06-19T16:15:53.401+0900] {standard_task_runner.py:105} INFO - Job 1488: Subtask img_preprocess_task__1
[2025-06-19T16:15:53.505+0900] {task_command.py:467} INFO - Running <TaskInstance: lilt_document_classifier_balanced_V0.1.img_preprocess_task__1 manual__2025-06-19T07:13:53.100355+00:00 map_index=19 [running]> on host f6d4228a9eb8
[2025-06-19T16:15:53.748+0900] {taskinstance.py:3134} INFO - Exporting env vars: AIRFLOW_CTX_DAG_OWNER='***' AIRFLOW_CTX_DAG_ID='lilt_document_classifier_balanced_V0.1' AIRFLOW_CTX_TASK_ID='img_preprocess_task__1' AIRFLOW_CTX_EXECUTION_DATE='2025-06-19T07:13:53.100355+00:00' AIRFLOW_CTX_TRY_NUMBER='1' AIRFLOW_CTX_DAG_RUN_ID='manual__2025-06-19T07:13:53.100355+00:00'
[2025-06-19T16:15:53.768+0900] {taskinstance.py:732} INFO - ::endgroup::
[2025-06-19T16:15:53.807+0900] {logging_mixin.py:190} INFO - empty map check {} {'process_id': '_e25fc9ef-5576-4b4e-b6d3-a6559245bd72_pre', 'folder_path': '5706ac1d-adbb-49a6-ab0f-fe352b94d4cd/e25fc9ef-5576-4b4e-b6d3-a6559245bd72', 'step_list': [{'name': 'cache', 'param': {'key': 'origin'}}, {'name': 'calc_angle_set1', 'param': {'key': 'angle1', 'iterations': 4, 'iter_save': False}}, {'name': 'text_orientation_set', 'param': {'key': 'angle2', 'iterations': 4, 'iter_save': False}}, {'name': 'load', 'param': {'key': 'origin'}}, {'name': 'rotate', 'param': {'key': 'angle1'}}, {'name': 'rotate', 'param': {'key': 'angle2'}}], 'result_file_map': {}}
[2025-06-19T16:15:53.810+0900] {logging_mixin.py:190} INFO - step : cache
[2025-06-19T16:15:53.825+0900] {logging_mixin.py:190} INFO - step : calc_angle_set1
[2025-06-19T16:15:53.990+0900] {logging_mixin.py:190} INFO - step : text_orientation_set
[2025-06-19T16:16:02.782+0900] {logging_mixin.py:190} INFO - osd 1 180 180 1.65 Cyrillic 0.23
[2025-06-19T16:16:09.446+0900] {logging_mixin.py:190} INFO - osd 2 break  180 0 3.67 Latin 0.31
[2025-06-19T16:16:09.446+0900] {logging_mixin.py:190} INFO - step : load
[2025-06-19T16:16:09.447+0900] {logging_mixin.py:190} INFO - step : rotate
[2025-06-19T16:16:09.471+0900] {logging_mixin.py:190} INFO - step : rotate
[2025-06-19T16:16:09.631+0900] {logging_mixin.py:190} INFO - file_copy: /opt/***/data/temp/5706ac1d-adbb-49a6-ab0f-fe352b94d4cd/e25fc9ef-5576-4b4e-b6d3-a6559245bd72/_result.png
[2025-06-19T16:16:09.661+0900] {python.py:240} INFO - Done. Returned value was: {'file_id': '5706ac1d-adbb-49a6-ab0f-fe352b94d4cd', 'file_path': '/opt/***/data/class/a_class/classify/ready/false/copied_52_50603620-3621.png', 'false': {'process_id': '_e25fc9ef-5576-4b4e-b6d3-a6559245bd72_pre', 'folder_path': '5706ac1d-adbb-49a6-ab0f-fe352b94d4cd/e25fc9ef-5576-4b4e-b6d3-a6559245bd72', 'step_list': [{'name': 'cache', 'param': {'key': 'origin'}}, {'name': 'calc_angle_set1', 'param': {'key': 'angle1', 'iterations': 4, 'iter_save': False}}, {'name': 'text_orientation_set', 'param': {'key': 'angle2', 'iterations': 4, 'iter_save': False}}, {'name': 'load', 'param': {'key': 'origin'}}, {'name': 'rotate', 'param': {'key': 'angle1'}}, {'name': 'rotate', 'param': {'key': 'angle2'}}], 'result_file_map': {'_result': '/opt/***/data/temp/5706ac1d-adbb-49a6-ab0f-fe352b94d4cd/e25fc9ef-5576-4b4e-b6d3-a6559245bd72/_result.png'}}}
[2025-06-19T16:16:09.776+0900] {taskinstance.py:341} INFO - ::group::Post task execution logs
[2025-06-19T16:16:09.782+0900] {taskinstance.py:353} INFO - Marking task as SUCCESS. dag_id=lilt_document_classifier_balanced_V0.1, task_id=img_preprocess_task__1, run_id=manual__2025-06-19T07:13:53.100355+00:00, map_index=19, execution_date=20250619T071353, start_date=20250619T071553, end_date=20250619T071609
[2025-06-19T16:16:09.962+0900] {local_task_job_runner.py:266} INFO - Task exited with return code 0
[2025-06-19T16:16:10.097+0900] {taskinstance.py:3901} INFO - 0 downstream tasks scheduled from follow-on schedule check
[2025-06-19T16:16:10.113+0900] {local_task_job_runner.py:245} INFO - ::endgroup::
