[2025-05-26T07:42:39.300+0000] {local_task_job_runner.py:123} INFO - ::group::Pre task execution logs
[2025-05-26T07:42:39.450+0000] {taskinstance.py:2614} INFO - Dependencies all met for dep_context=non-requeueable deps ti=<TaskInstance: image_processing_per_file_v2.grayscale_task manual__2024-01-01T00:00:00+00:00 map_index=8 [queued]>
[2025-05-26T07:42:40.708+0000] {taskinstance.py:2614} INFO - Dependencies all met for dep_context=requeueable deps ti=<TaskInstance: image_processing_per_file_v2.grayscale_task manual__2024-01-01T00:00:00+00:00 map_index=8 [queued]>
[2025-05-26T07:42:40.715+0000] {taskinstance.py:2867} INFO - Starting attempt 1 of 1
[2025-05-26T07:42:40.823+0000] {taskinstance.py:2890} INFO - Executing <Mapped(_PythonDecoratedOperator): grayscale_task> on 2024-01-01 00:00:00+00:00
[2025-05-26T07:42:40.933+0000] {standard_task_runner.py:104} INFO - Running: ['***', 'tasks', 'run', 'image_processing_per_file_v2', 'grayscale_task', 'manual__2024-01-01T00:00:00+00:00', '--job-id', '255', '--raw', '--subdir', 'DAGS_FOLDER/test_dag.py', '--cfg-path', '/tmp/tmpyflfq4t5', '--map-index', '8']
[2025-05-26T07:42:40.953+0000] {standard_task_runner.py:105} INFO - Job 255: Subtask grayscale_task
[2025-05-26T07:42:40.935+0000] {warnings.py:112} WARNING - /home/***/.local/lib/python3.12/site-packages/***/task/task_runner/standard_task_runner.py:70: DeprecationWarning: This process (pid=2621) is multi-threaded, use of fork() may lead to deadlocks in the child.
  pid = os.fork()

[2025-05-26T07:42:40.957+0000] {standard_task_runner.py:72} INFO - Started process 2668 to run task
[2025-05-26T07:42:41.117+0000] {task_command.py:467} INFO - Running <TaskInstance: image_processing_per_file_v2.grayscale_task manual__2024-01-01T00:00:00+00:00 map_index=8 [success]> on host b0d7fbab896a
[2025-05-26T07:42:41.551+0000] {taskinstance.py:3134} INFO - Exporting env vars: AIRFLOW_CTX_DAG_OWNER='***' AIRFLOW_CTX_DAG_ID='image_processing_per_file_v2' AIRFLOW_CTX_TASK_ID='grayscale_task' AIRFLOW_CTX_EXECUTION_DATE='2024-01-01T00:00:00+00:00' AIRFLOW_CTX_TRY_NUMBER='1' AIRFLOW_CTX_DAG_RUN_ID='manual__2024-01-01T00:00:00+00:00'
[2025-05-26T07:42:41.568+0000] {logging_mixin.py:190} INFO - Task instance is in running state
[2025-05-26T07:42:41.576+0000] {logging_mixin.py:190} INFO -  Previous state of the Task instance: queued
[2025-05-26T07:42:41.582+0000] {logging_mixin.py:190} INFO - Current task name:grayscale_task state:success start_date:2025-05-26 07:42:39.458987+00:00
[2025-05-26T07:42:41.594+0000] {logging_mixin.py:190} INFO - Dag name:image_processing_per_file_v2 and current dag run status:running
[2025-05-26T07:42:41.600+0000] {taskinstance.py:732} INFO - ::endgroup::
[2025-05-26T07:42:41.602+0000] {logging_mixin.py:190} INFO - ----------file_path /opt/***/data/upload/test/스크린샷 2025-05-21 181632 - 복사본 (2).png
[2025-05-26T07:42:42.805+0000] {logging_mixin.py:190} INFO - gray: /opt/***/data/temp/스크린샷 2025-05-21 181632 - 복사본 (2).png
[2025-05-26T07:42:42.806+0000] {python.py:240} INFO - Done. Returned value was: /opt/***/data/temp/스크린샷 2025-05-21 181632 - 복사본 (2).png
[2025-05-26T07:42:42.839+0000] {taskinstance.py:341} INFO - ::group::Post task execution logs
[2025-05-26T07:42:42.840+0000] {taskinstance.py:353} INFO - Marking task as SUCCESS. dag_id=image_processing_per_file_v2, task_id=grayscale_task, run_id=manual__2024-01-01T00:00:00+00:00, map_index=8, execution_date=20240101T000000, start_date=20250526T074239, end_date=20250526T074242
[2025-05-26T07:42:42.916+0000] {logging_mixin.py:190} INFO - Task instance in success state
[2025-05-26T07:42:42.925+0000] {logging_mixin.py:190} INFO -  Previous state of the Task instance: running
[2025-05-26T07:42:42.927+0000] {logging_mixin.py:190} INFO - Dag name:image_processing_per_file_v2 queued_at:None
[2025-05-26T07:42:42.937+0000] {logging_mixin.py:190} INFO - Task hostname:b0d7fbab896a operator:_PythonDecoratedOperator
[2025-05-26T07:42:42.998+0000] {local_task_job_runner.py:266} INFO - Task exited with return code 0
[2025-05-26T07:42:43.028+0000] {local_task_job_runner.py:245} INFO - ::endgroup::
[2025-05-26T07:44:58.096+0000] {local_task_job_runner.py:123} INFO - ::group::Pre task execution logs
[2025-05-26T07:44:58.858+0000] {taskinstance.py:2604} INFO - Dependencies not met for <TaskInstance: image_processing_per_file_v2.grayscale_task manual__2024-01-01T00:00:00+00:00 map_index=8 [success]>, dependency 'Task Instance State' FAILED: Task is in the 'success' state.
[2025-05-26T07:44:58.864+0000] {local_task_job_runner.py:166} INFO - Task is not able to be run
