[2025-06-25T09:24:10.324+0900] {local_task_job_runner.py:123} INFO - ::group::Pre task execution logs
[2025-06-25T09:24:10.415+0900] {taskinstance.py:2614} INFO - Dependencies all met for dep_context=non-requeueable deps ti=<TaskInstance: lilt_document_classifier_balanced_V0.1.img_preprocess_task manual__2025-06-25T00:18:31.692203+00:00 map_index=40 [queued]>
[2025-06-25T09:24:10.465+0900] {taskinstance.py:2614} INFO - Dependencies all met for dep_context=requeueable deps ti=<TaskInstance: lilt_document_classifier_balanced_V0.1.img_preprocess_task manual__2025-06-25T00:18:31.692203+00:00 map_index=40 [queued]>
[2025-06-25T09:24:10.466+0900] {taskinstance.py:2867} INFO - Starting attempt 1 of 1
[2025-06-25T09:24:10.512+0900] {taskinstance.py:2890} INFO - Executing <Mapped(_PythonDecoratedOperator): img_preprocess_task> on 2025-06-25 00:18:31.692203+00:00
[2025-06-25T09:24:10.566+0900] {warnings.py:112} WARNING - /home/***/.local/lib/python3.12/site-packages/***/task/task_runner/standard_task_runner.py:70: DeprecationWarning: This process (pid=77040) is multi-threaded, use of fork() may lead to deadlocks in the child.
  pid = os.fork()

[2025-06-25T09:24:10.563+0900] {standard_task_runner.py:104} INFO - Running: ['***', 'tasks', 'run', 'lilt_document_classifier_balanced_V0.1', 'img_preprocess_task', 'manual__2025-06-25T00:18:31.692203+00:00', '--job-id', '5053', '--raw', '--subdir', 'DAGS_FOLDER/class_create_dag.py', '--cfg-path', '/tmp/tmp6pku9efd', '--map-index', '40']
[2025-06-25T09:24:10.573+0900] {standard_task_runner.py:105} INFO - Job 5053: Subtask img_preprocess_task
[2025-06-25T09:24:10.574+0900] {standard_task_runner.py:72} INFO - Started process 77053 to run task
[2025-06-25T09:24:10.757+0900] {task_command.py:467} INFO - Running <TaskInstance: lilt_document_classifier_balanced_V0.1.img_preprocess_task manual__2025-06-25T00:18:31.692203+00:00 map_index=40 [running]> on host f6d4228a9eb8
[2025-06-25T09:24:11.030+0900] {taskinstance.py:3134} INFO - Exporting env vars: AIRFLOW_CTX_DAG_OWNER='***' AIRFLOW_CTX_DAG_ID='lilt_document_classifier_balanced_V0.1' AIRFLOW_CTX_TASK_ID='img_preprocess_task' AIRFLOW_CTX_EXECUTION_DATE='2025-06-25T00:18:31.692203+00:00' AIRFLOW_CTX_TRY_NUMBER='1' AIRFLOW_CTX_DAG_RUN_ID='manual__2025-06-25T00:18:31.692203+00:00'
[2025-06-25T09:24:11.032+0900] {taskinstance.py:732} INFO - ::endgroup::
[2025-06-25T09:24:11.035+0900] {logging_mixin.py:190} INFO - empty map check {} {'process_id': '_bd7bbbd5-5d28-4ed1-84d4-344692167242_pre', 'folder_path': 'cb14e748-cf7f-4c67-9f53-318c90aadd8a/bd7bbbd5-5d28-4ed1-84d4-344692167242', 'step_list': [{'name': 'cache', 'param': {'cache_key': 'origin'}}, {'name': 'calc_angle_set2', 'param': {'angle_key': 'angle2_1', 'delta': 8.0, 'limit': 40, 'iterations': 2, 'iter_save': False}}, {'name': 'calc_angle_set2', 'param': {'angle_key': 'angle2_2', 'delta': 1.0, 'limit': 8, 'iterations': 2, 'iter_save': False}}, {'name': 'calc_angle_set2', 'param': {'angle_key': 'angle2_3', 'delta': 0.125, 'limit': 1, 'iterations': 2, 'iter_save': False}}, {'name': 'text_orientation_set', 'param': {'angle_key': 'orint', 'iterations': 3, 'iter_save': False}}, {'name': 'load', 'param': {'cache_key': 'origin'}}, {'name': 'rotate', 'param': {'angle_key': 'angle2_1'}}, {'name': 'rotate', 'param': {'angle_key': 'angle2_2'}}, {'name': 'rotate', 'param': {'angle_key': 'angle2_3'}}, {'name': 'rotate', 'param': {'angle_key': 'orint'}}], 'result_file_map': {}}
[2025-06-25T09:24:11.039+0900] {logging_mixin.py:190} INFO - step : cache
[2025-06-25T09:24:11.063+0900] {logging_mixin.py:190} INFO - step : calc_angle_set2
[2025-06-25T09:24:24.176+0900] {logging_mixin.py:190} INFO - osd 1 0.0 0.0 5 13584 [0, 0, 0, 0, 0, 13584, 0, 0, 0, 0, 0]
[2025-06-25T09:24:35.106+0900] {logging_mixin.py:190} INFO - osd 2 0.0 0.0 5 13584 [0, 0, 0, 0, 0, 13584, 0, 0, 0, 0, 0]
[2025-06-25T09:24:35.188+0900] {logging_mixin.py:190} INFO - step : calc_angle_set2
[2025-06-25T09:24:45.292+0900] {logging_mixin.py:190} INFO - osd 1 -1.0 -1.0 7 107690 [0, 0, 0, 0, 0, 0, 14864, 107690, 13584, 0, 0, 0, 0, 0, 0, 0, 0]
[2025-06-25T09:24:55.869+0900] {logging_mixin.py:190} INFO - osd 2 -1.0 0.0 8 118894 [0, 0, 0, 0, 0, 0, 0, 19275, 118894, 18363, 0, 0, 0, 0, 0, 0, 0]
[2025-06-25T09:24:55.969+0900] {logging_mixin.py:190} INFO - step : calc_angle_set2
[2025-06-25T09:25:04.836+0900] {logging_mixin.py:190} INFO - osd 1 -0.125 -0.125 7 142332 [19275, 30008, 41027, 51829, 62057, 72833, 106214, 142332, 118894, 82830, 67057, 58680, 48550, 41163, 31045, 22870, 18363]
[2025-06-25T09:25:15.481+0900] {logging_mixin.py:190} INFO - osd 2 -0.125 0.0 8 151237 [14292, 25506, 36087, 47558, 57795, 68527, 81029, 116067, 151237, 126421, 93765, 73033, 64376, 55500, 46376, 37825, 28134]
[2025-06-25T09:25:15.574+0900] {logging_mixin.py:190} INFO - step : text_orientation_set
[2025-06-25T09:25:31.804+0900] {logging_mixin.py:190} INFO - osd 1 break  0 0 9.71 Korean 1.05
[2025-06-25T09:25:31.873+0900] {logging_mixin.py:190} INFO - step : load
[2025-06-25T09:25:31.875+0900] {logging_mixin.py:190} INFO - step : rotate
[2025-06-25T09:25:32.306+0900] {logging_mixin.py:190} INFO - step : rotate
[2025-06-25T09:25:32.455+0900] {logging_mixin.py:190} INFO - step : rotate
[2025-06-25T09:25:32.621+0900] {logging_mixin.py:190} INFO - step : rotate
[2025-06-25T09:25:34.023+0900] {logging_mixin.py:190} INFO - file_copy: /opt/***/data/temp/cb14e748-cf7f-4c67-9f53-318c90aadd8a/bd7bbbd5-5d28-4ed1-84d4-344692167242/_result.png
[2025-06-25T09:25:34.111+0900] {python.py:240} INFO - Done. Returned value was: {'file_id': 'cb14e748-cf7f-4c67-9f53-318c90aadd8a', 'file_path': '/opt/***/data/class/a_class/classify/ready/true/성산동 제일빌딩 - 정부24 - 건축물대장 등본(초본) 발급(열람) _ 문서출력_page_1_aug0.png', 'true': {'process_id': '_bd7bbbd5-5d28-4ed1-84d4-344692167242_pre', 'folder_path': 'cb14e748-cf7f-4c67-9f53-318c90aadd8a/bd7bbbd5-5d28-4ed1-84d4-344692167242', 'step_list': [{'name': 'cache', 'param': {'cache_key': 'origin'}}, {'name': 'calc_angle_set2', 'param': {'angle_key': 'angle2_1', 'delta': 8.0, 'limit': 40, 'iterations': 2, 'iter_save': False}}, {'name': 'calc_angle_set2', 'param': {'angle_key': 'angle2_2', 'delta': 1.0, 'limit': 8, 'iterations': 2, 'iter_save': False}}, {'name': 'calc_angle_set2', 'param': {'angle_key': 'angle2_3', 'delta': 0.125, 'limit': 1, 'iterations': 2, 'iter_save': False}}, {'name': 'text_orientation_set', 'param': {'angle_key': 'orint', 'iterations': 3, 'iter_save': False}}, {'name': 'load', 'param': {'cache_key': 'origin'}}, {'name': 'rotate', 'param': {'angle_key': 'angle2_1'}}, {'name': 'rotate', 'param': {'angle_key': 'angle2_2'}}, {'name': 'rotate', 'param': {'angle_key': 'angle2_3'}}, {'name': 'rotate', 'param': {'angle_key': 'orint'}}], 'result_file_map': {'_result': '/opt/***/data/temp/cb14e748-cf7f-4c67-9f53-318c90aadd8a/bd7bbbd5-5d28-4ed1-84d4-344692167242/_result.png'}}}
[2025-06-25T09:25:34.305+0900] {taskinstance.py:341} INFO - ::group::Post task execution logs
[2025-06-25T09:25:34.336+0900] {taskinstance.py:353} INFO - Marking task as SUCCESS. dag_id=lilt_document_classifier_balanced_V0.1, task_id=img_preprocess_task, run_id=manual__2025-06-25T00:18:31.692203+00:00, map_index=40, execution_date=20250625T001831, start_date=20250625T002410, end_date=20250625T002534
[2025-06-25T09:25:34.508+0900] {local_task_job_runner.py:266} INFO - Task exited with return code 0
[2025-06-25T09:25:34.517+0900] {local_task_job_runner.py:245} INFO - ::endgroup::
