[2025-06-24T11:32:55.158+0900] {local_task_job_runner.py:123} INFO - ::group::Pre task execution logs
[2025-06-24T11:32:55.195+0900] {taskinstance.py:2614} INFO - Dependencies all met for dep_context=non-requeueable deps ti=<TaskInstance: lilt_document_classifier_balanced_V0.1.img_preprocess_task__1 manual__2025-06-24T02:31:44.485922+00:00 map_index=6 [queued]>
[2025-06-24T11:32:55.266+0900] {taskinstance.py:2614} INFO - Dependencies all met for dep_context=requeueable deps ti=<TaskInstance: lilt_document_classifier_balanced_V0.1.img_preprocess_task__1 manual__2025-06-24T02:31:44.485922+00:00 map_index=6 [queued]>
[2025-06-24T11:32:55.268+0900] {taskinstance.py:2867} INFO - Starting attempt 1 of 1
[2025-06-24T11:32:55.309+0900] {taskinstance.py:2890} INFO - Executing <Mapped(_PythonDecoratedOperator): img_preprocess_task__1> on 2025-06-24 02:31:44.485922+00:00
[2025-06-24T11:32:55.364+0900] {warnings.py:112} WARNING - /home/***/.local/lib/python3.12/site-packages/***/task/task_runner/standard_task_runner.py:70: DeprecationWarning: This process (pid=33503) is multi-threaded, use of fork() may lead to deadlocks in the child.
  pid = os.fork()

[2025-06-24T11:32:55.383+0900] {standard_task_runner.py:72} INFO - Started process 33729 to run task
[2025-06-24T11:32:55.378+0900] {standard_task_runner.py:104} INFO - Running: ['***', 'tasks', 'run', 'lilt_document_classifier_balanced_V0.1', 'img_preprocess_task__1', 'manual__2025-06-24T02:31:44.485922+00:00', '--job-id', '3751', '--raw', '--subdir', 'DAGS_FOLDER/class_create_dag.py', '--cfg-path', '/tmp/tmp4n7t784p', '--map-index', '6']
[2025-06-24T11:32:55.390+0900] {standard_task_runner.py:105} INFO - Job 3751: Subtask img_preprocess_task__1
[2025-06-24T11:32:55.599+0900] {task_command.py:467} INFO - Running <TaskInstance: lilt_document_classifier_balanced_V0.1.img_preprocess_task__1 manual__2025-06-24T02:31:44.485922+00:00 map_index=6 [running]> on host f6d4228a9eb8
[2025-06-24T11:32:55.917+0900] {taskinstance.py:3134} INFO - Exporting env vars: AIRFLOW_CTX_DAG_OWNER='***' AIRFLOW_CTX_DAG_ID='lilt_document_classifier_balanced_V0.1' AIRFLOW_CTX_TASK_ID='img_preprocess_task__1' AIRFLOW_CTX_EXECUTION_DATE='2025-06-24T02:31:44.485922+00:00' AIRFLOW_CTX_TRY_NUMBER='1' AIRFLOW_CTX_DAG_RUN_ID='manual__2025-06-24T02:31:44.485922+00:00'
[2025-06-24T11:32:55.922+0900] {taskinstance.py:732} INFO - ::endgroup::
[2025-06-24T11:32:55.951+0900] {logging_mixin.py:190} INFO - empty map check {} {'process_id': '_31201f4b-af87-4d63-9af9-a84bf93fd659_pre', 'folder_path': 'a9e2cff0-7f25-4a6b-ab4e-caf6306b1ba6/31201f4b-af87-4d63-9af9-a84bf93fd659', 'step_list': [{'name': 'cache', 'param': {'key': 'origin'}}, {'name': 'calc_angle_set2', 'param': {'key': 'angle1', 'iterations': 4, 'iter_save': True}}, {'name': 'save', 'param': {'key': 'ag1'}}, {'name': 'text_orientation_set', 'param': {'key': 'angle2', 'iterations': 4, 'iter_save': True}}, {'name': 'save', 'param': {'key': 'ag2'}}, {'name': 'load', 'param': {'key': 'origin'}}, {'name': 'rotate', 'param': {'key': 'angle1'}}, {'name': 'rotate', 'param': {'key': 'angle2'}}], 'result_file_map': {}}
[2025-06-24T11:32:55.972+0900] {logging_mixin.py:190} INFO - step : cache
[2025-06-24T11:32:55.973+0900] {logging_mixin.py:190} INFO - step : calc_angle_set2
[2025-06-24T11:33:02.615+0900] {logging_mixin.py:190} INFO - osd 1 0.5 0.5 22 62005 [30157, 31226, 32247, 33343, 34466, 35526, 36600, 37660, 38703, 40006, 41574, 43286, 45182, 47028, 49127, 51194, 52943, 54931, 56710, 58758, 60701, 61615, 62005, 61647, 60578, 59682, 58485, 57557, 55956, 53857, 51902, 50053, 48116, 46164, 44337, 42943, 41796, 40678, 39569, 38515, 37430]
[2025-06-24T11:33:11.044+0900] {logging_mixin.py:190} INFO - osd 2 0.5 0.0 20 61671 [31987, 33026, 34079, 35169, 36253, 37357, 38416, 39641, 41129, 42890, 44770, 46601, 48623, 50636, 52638, 54511, 56667, 58427, 60368, 61370, 61671, 61300, 60564, 59306, 58182, 57144, 55543, 53487, 51618, 49681, 47772, 45809, 43983, 42599, 41414, 40337, 39236, 38210, 37098, 36069, 34963]
[2025-06-24T11:33:16.549+0900] {logging_mixin.py:190} INFO - osd 3 0.5 0.0 20 61671 [31987, 33026, 34079, 35169, 36253, 37357, 38416, 39641, 41129, 42890, 44770, 46601, 48623, 50636, 52638, 54511, 56667, 58427, 60368, 61370, 61671, 61300, 60564, 59306, 58182, 57144, 55543, 53487, 51618, 49681, 47772, 45809, 43983, 42599, 41414, 40337, 39236, 38210, 37098, 36069, 34963]
[2025-06-24T11:33:21.843+0900] {logging_mixin.py:190} INFO - osd 4 0.5 0.0 20 61671 [31987, 33026, 34079, 35169, 36253, 37357, 38416, 39641, 41129, 42890, 44770, 46601, 48623, 50636, 52638, 54511, 56667, 58427, 60368, 61370, 61671, 61300, 60564, 59306, 58182, 57144, 55543, 53487, 51618, 49681, 47772, 45809, 43983, 42599, 41414, 40337, 39236, 38210, 37098, 36069, 34963]
[2025-06-24T11:33:21.895+0900] {logging_mixin.py:190} INFO - step : save
[2025-06-24T11:33:21.980+0900] {logging_mixin.py:190} INFO - file_copy: /opt/***/data/temp/a9e2cff0-7f25-4a6b-ab4e-caf6306b1ba6/31201f4b-af87-4d63-9af9-a84bf93fd659/ag1.png
[2025-06-24T11:33:21.990+0900] {logging_mixin.py:190} INFO - step : text_orientation_set
[2025-06-24T11:33:24.601+0900] {logging_mixin.py:190} INFO - file_copy: /opt/***/data/temp/a9e2cff0-7f25-4a6b-ab4e-caf6306b1ba6/31201f4b-af87-4d63-9af9-a84bf93fd659/rotate2_1.png
[2025-06-24T11:33:29.681+0900] {logging_mixin.py:190} INFO - osd 1 180 180 0.81 Arabic 1.19
[2025-06-24T11:33:33.029+0900] {logging_mixin.py:190} INFO - file_copy: /opt/***/data/temp/a9e2cff0-7f25-4a6b-ab4e-caf6306b1ba6/31201f4b-af87-4d63-9af9-a84bf93fd659/rotate2_2.png
[2025-06-24T11:33:34.803+0900] {logging_mixin.py:190} INFO - osd 2 break  180 0 0.94 Arabic 1.03
[2025-06-24T11:33:34.828+0900] {logging_mixin.py:190} INFO - step : save
[2025-06-24T11:33:34.972+0900] {logging_mixin.py:190} INFO - file_copy: /opt/***/data/temp/a9e2cff0-7f25-4a6b-ab4e-caf6306b1ba6/31201f4b-af87-4d63-9af9-a84bf93fd659/ag2.png
[2025-06-24T11:33:34.979+0900] {logging_mixin.py:190} INFO - step : load
[2025-06-24T11:33:34.983+0900] {logging_mixin.py:190} INFO - step : rotate
[2025-06-24T11:33:35.055+0900] {logging_mixin.py:190} INFO - step : rotate
[2025-06-24T11:33:35.200+0900] {logging_mixin.py:190} INFO - file_copy: /opt/***/data/temp/a9e2cff0-7f25-4a6b-ab4e-caf6306b1ba6/31201f4b-af87-4d63-9af9-a84bf93fd659/_result.png
[2025-06-24T11:33:35.215+0900] {python.py:240} INFO - Done. Returned value was: {'file_id': 'a9e2cff0-7f25-4a6b-ab4e-caf6306b1ba6', 'file_path': '/opt/***/data/class/a_class/classify/ready/false/copied_32_2031311102.png', 'false': {'process_id': '_31201f4b-af87-4d63-9af9-a84bf93fd659_pre', 'folder_path': 'a9e2cff0-7f25-4a6b-ab4e-caf6306b1ba6/31201f4b-af87-4d63-9af9-a84bf93fd659', 'step_list': [{'name': 'cache', 'param': {'key': 'origin'}}, {'name': 'calc_angle_set2', 'param': {'key': 'angle1', 'iterations': 4, 'iter_save': True}}, {'name': 'save', 'param': {'key': 'ag1'}}, {'name': 'text_orientation_set', 'param': {'key': 'angle2', 'iterations': 4, 'iter_save': True}}, {'name': 'save', 'param': {'key': 'ag2'}}, {'name': 'load', 'param': {'key': 'origin'}}, {'name': 'rotate', 'param': {'key': 'angle1'}}, {'name': 'rotate', 'param': {'key': 'angle2'}}], 'result_file_map': {'ag1': '/opt/***/data/temp/a9e2cff0-7f25-4a6b-ab4e-caf6306b1ba6/31201f4b-af87-4d63-9af9-a84bf93fd659/ag1.png', 'rotate2_1': '/opt/***/data/temp/a9e2cff0-7f25-4a6b-ab4e-caf6306b1ba6/31201f4b-af87-4d63-9af9-a84bf93fd659/rotate2_1.png', 'rotate2_2': '/opt/***/data/temp/a9e2cff0-7f25-4a6b-ab4e-caf6306b1ba6/31201f4b-af87-4d63-9af9-a84bf93fd659/rotate2_2.png', 'ag2': '/opt/***/data/temp/a9e2cff0-7f25-4a6b-ab4e-caf6306b1ba6/31201f4b-af87-4d63-9af9-a84bf93fd659/ag2.png', '_result': '/opt/***/data/temp/a9e2cff0-7f25-4a6b-ab4e-caf6306b1ba6/31201f4b-af87-4d63-9af9-a84bf93fd659/_result.png'}}}
[2025-06-24T11:33:35.333+0900] {taskinstance.py:341} INFO - ::group::Post task execution logs
[2025-06-24T11:33:35.338+0900] {taskinstance.py:353} INFO - Marking task as SUCCESS. dag_id=lilt_document_classifier_balanced_V0.1, task_id=img_preprocess_task__1, run_id=manual__2025-06-24T02:31:44.485922+00:00, map_index=6, execution_date=20250624T023144, start_date=20250624T023255, end_date=20250624T023335
[2025-06-24T11:33:35.556+0900] {local_task_job_runner.py:266} INFO - Task exited with return code 0
[2025-06-24T11:33:35.664+0900] {taskinstance.py:3901} INFO - 0 downstream tasks scheduled from follow-on schedule check
[2025-06-24T11:33:35.674+0900] {local_task_job_runner.py:245} INFO - ::endgroup::
