[2025-06-25T14:34:46.933+0900] {local_task_job_runner.py:123} INFO - ::group::Pre task execution logs
[2025-06-25T14:34:46.968+0900] {taskinstance.py:2614} INFO - Dependencies all met for dep_context=non-requeueable deps ti=<TaskInstance: image_classify_v1.img_classify_task manual__2025-06-25T05:34:14.865557+00:00 map_index=0 [queued]>
[2025-06-25T14:34:46.984+0900] {taskinstance.py:2614} INFO - Dependencies all met for dep_context=requeueable deps ti=<TaskInstance: image_classify_v1.img_classify_task manual__2025-06-25T05:34:14.865557+00:00 map_index=0 [queued]>
[2025-06-25T14:34:46.984+0900] {taskinstance.py:2867} INFO - Starting attempt 1 of 1
[2025-06-25T14:34:47.004+0900] {taskinstance.py:2890} INFO - Executing <Mapped(_PythonDecoratedOperator): img_classify_task> on 2025-06-25 05:34:14.865557+00:00
[2025-06-25T14:34:47.019+0900] {warnings.py:112} WARNING - /home/***/.local/lib/python3.12/site-packages/***/task/task_runner/standard_task_runner.py:70: DeprecationWarning: This process (pid=87121) is multi-threaded, use of fork() may lead to deadlocks in the child.
  pid = os.fork()

[2025-06-25T14:34:47.022+0900] {standard_task_runner.py:72} INFO - Started process 87172 to run task
[2025-06-25T14:34:47.022+0900] {standard_task_runner.py:104} INFO - Running: ['***', 'tasks', 'run', 'image_classify_v1', 'img_classify_task', 'manual__2025-06-25T05:34:14.865557+00:00', '--job-id', '5288', '--raw', '--subdir', 'DAGS_FOLDER/img_classify_dag.py', '--cfg-path', '/tmp/tmpivf_x2ni', '--map-index', '0']
[2025-06-25T14:34:47.025+0900] {standard_task_runner.py:105} INFO - Job 5288: Subtask img_classify_task
[2025-06-25T14:34:47.078+0900] {task_command.py:467} INFO - Running <TaskInstance: image_classify_v1.img_classify_task manual__2025-06-25T05:34:14.865557+00:00 map_index=0 [running]> on host f6d4228a9eb8
[2025-06-25T14:34:47.182+0900] {taskinstance.py:3134} INFO - Exporting env vars: AIRFLOW_CTX_DAG_OWNER='***' AIRFLOW_CTX_DAG_ID='image_classify_v1' AIRFLOW_CTX_TASK_ID='img_classify_task' AIRFLOW_CTX_EXECUTION_DATE='2025-06-25T05:34:14.865557+00:00' AIRFLOW_CTX_TRY_NUMBER='1' AIRFLOW_CTX_DAG_RUN_ID='manual__2025-06-25T05:34:14.865557+00:00'
[2025-06-25T14:34:47.183+0900] {taskinstance.py:732} INFO - ::endgroup::
[2025-06-25T14:34:49.992+0900] {logging_mixin.py:190} INFO - 1. 모델 및 프로세서 로드 완료
[2025-06-25T14:34:50.055+0900] {logging_mixin.py:190} INFO - 3-2. OCR 수행 시작
[2025-06-25T14:36:19.220+0900] {logging_mixin.py:190} INFO - 3-3. OCR 수행 완료
[2025-06-25T14:36:19.225+0900] {logging_mixin.py:190} INFO - 3-4. 전처리 완료 (단어 수: 211, 박스 수: 211)
[2025-06-25T14:36:19.226+0900] {logging_mixin.py:190} INFO - 4-1. 모델 입력 생성 시작
[2025-06-25T14:36:19.233+0900] {logging_mixin.py:190} INFO - 4-2. 모델 입력 생성 완료
[2025-06-25T14:36:19.235+0900] {logging_mixin.py:190} INFO - 4-3. 모델 예측 중...
[2025-06-25T14:36:22.503+0900] {python.py:240} INFO - Done. Returned value was: {'file_id': '04c64277-55ad-40f2-9b8c-8ffec91c4541', 'file_path': '/opt/***/data/upload/남양주시 정덕빌딩 - 정부24 - 건축물대장 등본(초본) 발급(열람) _ 문서출력_page_1_aug1.png', 'a_class_preprc': {'process_id': '_8feb6a88-0f7b-4603-992c-0c8933482e9e_pre', 'folder_path': '04c64277-55ad-40f2-9b8c-8ffec91c4541/8feb6a88-0f7b-4603-992c-0c8933482e9e', 'step_list': [{'name': 'cache', 'param': {'cache_key': 'origin'}}], 'result_file_map': {'_result': '/opt/***/data/temp/04c64277-55ad-40f2-9b8c-8ffec91c4541/8feb6a88-0f7b-4603-992c-0c8933482e9e/_result.png'}}, 'classify': {'a_class': {'pred': 1, 'confidence': 0.999477207660675}}}
[2025-06-25T14:36:22.556+0900] {taskinstance.py:341} INFO - ::group::Post task execution logs
[2025-06-25T14:36:22.557+0900] {taskinstance.py:353} INFO - Marking task as SUCCESS. dag_id=image_classify_v1, task_id=img_classify_task, run_id=manual__2025-06-25T05:34:14.865557+00:00, map_index=0, execution_date=20250625T053414, start_date=20250625T053446, end_date=20250625T053622
[2025-06-25T14:36:22.656+0900] {local_task_job_runner.py:266} INFO - Task exited with return code 0
[2025-06-25T14:36:22.704+0900] {taskinstance.py:3901} INFO - 0 downstream tasks scheduled from follow-on schedule check
[2025-06-25T14:36:22.719+0900] {local_task_job_runner.py:245} INFO - ::endgroup::
