[2025-06-25T09:07:30.937+0900] {local_task_job_runner.py:123} INFO - ::group::Pre task execution logs
[2025-06-25T09:07:31.037+0900] {taskinstance.py:2614} INFO - Dependencies all met for dep_context=non-requeueable deps ti=<TaskInstance: lilt_document_classifier_balanced_V0.1.img_preprocess_task__1 manual__2025-06-25T00:04:18.909063+00:00 map_index=18 [queued]>
[2025-06-25T09:07:31.123+0900] {taskinstance.py:2614} INFO - Dependencies all met for dep_context=requeueable deps ti=<TaskInstance: lilt_document_classifier_balanced_V0.1.img_preprocess_task__1 manual__2025-06-25T00:04:18.909063+00:00 map_index=18 [queued]>
[2025-06-25T09:07:31.130+0900] {taskinstance.py:2867} INFO - Starting attempt 1 of 1
[2025-06-25T09:07:31.198+0900] {taskinstance.py:2890} INFO - Executing <Mapped(_PythonDecoratedOperator): img_preprocess_task__1> on 2025-06-25 00:04:18.909063+00:00
[2025-06-25T09:07:31.222+0900] {standard_task_runner.py:104} INFO - Running: ['***', 'tasks', 'run', 'lilt_document_classifier_balanced_V0.1', 'img_preprocess_task__1', 'manual__2025-06-25T00:04:18.909063+00:00', '--job-id', '4836', '--raw', '--subdir', 'DAGS_FOLDER/class_create_dag.py', '--cfg-path', '/tmp/tmp7swtd6we', '--map-index', '18']
[2025-06-25T09:07:31.236+0900] {standard_task_runner.py:105} INFO - Job 4836: Subtask img_preprocess_task__1
[2025-06-25T09:07:31.219+0900] {warnings.py:112} WARNING - /home/***/.local/lib/python3.12/site-packages/***/task/task_runner/standard_task_runner.py:70: DeprecationWarning: This process (pid=72833) is multi-threaded, use of fork() may lead to deadlocks in the child.
  pid = os.fork()

[2025-06-25T09:07:31.249+0900] {standard_task_runner.py:72} INFO - Started process 72864 to run task
[2025-06-25T09:07:31.347+0900] {task_command.py:467} INFO - Running <TaskInstance: lilt_document_classifier_balanced_V0.1.img_preprocess_task__1 manual__2025-06-25T00:04:18.909063+00:00 map_index=18 [running]> on host f6d4228a9eb8
[2025-06-25T09:07:31.856+0900] {taskinstance.py:3134} INFO - Exporting env vars: AIRFLOW_CTX_DAG_OWNER='***' AIRFLOW_CTX_DAG_ID='lilt_document_classifier_balanced_V0.1' AIRFLOW_CTX_TASK_ID='img_preprocess_task__1' AIRFLOW_CTX_EXECUTION_DATE='2025-06-25T00:04:18.909063+00:00' AIRFLOW_CTX_TRY_NUMBER='1' AIRFLOW_CTX_DAG_RUN_ID='manual__2025-06-25T00:04:18.909063+00:00'
[2025-06-25T09:07:31.859+0900] {taskinstance.py:732} INFO - ::endgroup::
[2025-06-25T09:07:31.866+0900] {logging_mixin.py:190} INFO - empty map check {} {'process_id': '_b4cdf615-01fb-41a1-975e-9ee921021d9b_pre', 'folder_path': '45dceadf-ffdd-472a-bbe1-a43c8fc15761/b4cdf615-01fb-41a1-975e-9ee921021d9b', 'step_list': [{'name': 'cache', 'param': {'cache_key': 'origin'}}, {'name': 'calc_angle_set2', 'param': {'angle_key': 'angle1', 'iterations': 4, 'iter_save': False}}, {'name': 'text_orientation_set', 'param': {'angle_key': 'angle2', 'iterations': 4, 'iter_save': False}}, {'name': 'load', 'param': {'cache_key': 'origin'}}, {'name': 'rotate', 'param': {'angle_key': 'angle1'}}, {'name': 'rotate', 'param': {'angle_key': 'angle2'}}], 'result_file_map': {}}
[2025-06-25T09:07:31.880+0900] {logging_mixin.py:190} INFO - step : cache
[2025-06-25T09:07:31.885+0900] {logging_mixin.py:190} INFO - step : calc_angle_set2
[2025-06-25T09:07:37.747+0900] {logging_mixin.py:190} INFO - osd 1 -5.0 -5.0 0 285250 [285250, 268927, 252712, 234279, 218702, 203411, 187054, 172880, 159340, 147437, 135433, 126403, 117450, 109056, 99293, 90807, 84687, 81431, 70471, 59447, 41661, 49482, 56072, 66162, 73188, 80493, 89510, 99479, 108277, 119908, 131467, 145769, 158877, 172485, 186704, 203570, 218732, 234203, 252817, 268851, 285213]
[2025-06-25T09:07:42.407+0900] {logging_mixin.py:190} INFO - osd 2 0.0 5.0 40 818044 [688365, 668770, 644106, 624715, 603911, 582100, 563670, 538888, 517879, 499961, 477293, 458148, 435793, 418481, 395470, 376353, 353792, 334345, 315892, 294297, 278145, 298292, 324049, 346383, 370262, 397484, 421268, 449558, 472540, 502313, 528058, 560062, 586949, 616099, 649983, 676865, 707335, 735695, 763311, 793216, 818044]
[2025-06-25T09:07:49.185+0900] {logging_mixin.py:190} INFO - osd 3 -5.0 -5.0 0 1330803 [1330803, 1301793, 1277046, 1248025, 1219740, 1198349, 1170355, 1141575, 1117494, 1089483, 1061797, 1034386, 1010452, 983716, 956323, 930310, 903251, 876982, 850323, 823315, 798275, 822188, 848468, 874940, 900933, 928338, 954896, 982355, 1009409, 1033363, 1060703, 1089148, 1116135, 1140564, 1169357, 1197496, 1218981, 1247455, 1276231, 1301319, 1330211]
[2025-06-25T09:07:56.623+0900] {logging_mixin.py:190} INFO - osd 4 0.0 5.0 40 2108550 [1974203, 1934400, 1904191, 1869133, 1834307, 1800641, 1762446, 1730017, 1697015, 1664637, 1623881, 1592861, 1558451, 1527304, 1497616, 1464681, 1434704, 1397870, 1368321, 1335810, 1306915, 1344539, 1384953, 1422927, 1467894, 1506267, 1547690, 1585255, 1624060, 1666479, 1704321, 1751031, 1790301, 1829870, 1868433, 1912403, 1951471, 1992059, 2031529, 2066859, 2108550]
[2025-06-25T09:07:56.693+0900] {logging_mixin.py:190} INFO - step : text_orientation_set
[2025-06-25T09:08:01.503+0900] {logging_mixin.py:190} INFO - Tesseract OSD Error: (1, 'Estimating resolution as 293 Warning. Invalid resolution 0 dpi. Using 70 instead. Too few characters. Skipping this page Error during processing.')
[2025-06-25T09:08:01.506+0900] {logging_mixin.py:190} INFO - step : load
[2025-06-25T09:08:01.509+0900] {logging_mixin.py:190} INFO - step : rotate
[2025-06-25T09:08:01.517+0900] {logging_mixin.py:190} INFO - step : rotate
[2025-06-25T09:08:01.730+0900] {logging_mixin.py:190} INFO - file_copy: /opt/***/data/temp/45dceadf-ffdd-472a-bbe1-a43c8fc15761/b4cdf615-01fb-41a1-975e-9ee921021d9b/_result.png
[2025-06-25T09:08:01.773+0900] {python.py:240} INFO - Done. Returned value was: {'file_id': '45dceadf-ffdd-472a-bbe1-a43c8fc15761', 'file_path': '/opt/***/data/class/a_class/classify/ready/false/copied_4_500251709.png', 'false': {'process_id': '_b4cdf615-01fb-41a1-975e-9ee921021d9b_pre', 'folder_path': '45dceadf-ffdd-472a-bbe1-a43c8fc15761/b4cdf615-01fb-41a1-975e-9ee921021d9b', 'step_list': [{'name': 'cache', 'param': {'cache_key': 'origin'}}, {'name': 'calc_angle_set2', 'param': {'angle_key': 'angle1', 'iterations': 4, 'iter_save': False}}, {'name': 'text_orientation_set', 'param': {'angle_key': 'angle2', 'iterations': 4, 'iter_save': False}}, {'name': 'load', 'param': {'cache_key': 'origin'}}, {'name': 'rotate', 'param': {'angle_key': 'angle1'}}, {'name': 'rotate', 'param': {'angle_key': 'angle2'}}], 'result_file_map': {'_result': '/opt/***/data/temp/45dceadf-ffdd-472a-bbe1-a43c8fc15761/b4cdf615-01fb-41a1-975e-9ee921021d9b/_result.png'}}}
[2025-06-25T09:08:01.924+0900] {taskinstance.py:341} INFO - ::group::Post task execution logs
[2025-06-25T09:08:01.934+0900] {taskinstance.py:353} INFO - Marking task as SUCCESS. dag_id=lilt_document_classifier_balanced_V0.1, task_id=img_preprocess_task__1, run_id=manual__2025-06-25T00:04:18.909063+00:00, map_index=18, execution_date=20250625T000418, start_date=20250625T000731, end_date=20250625T000801
[2025-06-25T09:08:02.034+0900] {local_task_job_runner.py:266} INFO - Task exited with return code 0
[2025-06-25T09:08:02.117+0900] {taskinstance.py:3901} INFO - 0 downstream tasks scheduled from follow-on schedule check
[2025-06-25T09:08:02.148+0900] {local_task_job_runner.py:245} INFO - ::endgroup::
