[2025-06-23T10:26:57.724+0900] {local_task_job_runner.py:123} INFO - ::group::Pre task execution logs
[2025-06-23T10:26:57.862+0900] {taskinstance.py:2614} INFO - Dependencies all met for dep_context=non-requeueable deps ti=<TaskInstance: lilt_document_classifier_balanced_V0.1.img_preprocess_task__1 manual__2025-06-23T01:24:40.043171+00:00 map_index=26 [queued]>
[2025-06-23T10:26:57.948+0900] {taskinstance.py:2614} INFO - Dependencies all met for dep_context=requeueable deps ti=<TaskInstance: lilt_document_classifier_balanced_V0.1.img_preprocess_task__1 manual__2025-06-23T01:24:40.043171+00:00 map_index=26 [queued]>
[2025-06-23T10:26:57.974+0900] {taskinstance.py:2867} INFO - Starting attempt 1 of 1
[2025-06-23T10:26:58.074+0900] {taskinstance.py:2890} INFO - Executing <Mapped(_PythonDecoratedOperator): img_preprocess_task__1> on 2025-06-23 01:24:40.043171+00:00
[2025-06-23T10:26:58.094+0900] {warnings.py:112} WARNING - /home/***/.local/lib/python3.12/site-packages/***/task/task_runner/standard_task_runner.py:70: DeprecationWarning: This process (pid=86052) is multi-threaded, use of fork() may lead to deadlocks in the child.
  pid = os.fork()

[2025-06-23T10:26:58.101+0900] {standard_task_runner.py:72} INFO - Started process 86088 to run task
[2025-06-23T10:26:58.099+0900] {standard_task_runner.py:104} INFO - Running: ['***', 'tasks', 'run', 'lilt_document_classifier_balanced_V0.1', 'img_preprocess_task__1', 'manual__2025-06-23T01:24:40.043171+00:00', '--job-id', '2137', '--raw', '--subdir', 'DAGS_FOLDER/class_create_dag.py', '--cfg-path', '/tmp/tmp3v2wdpyz', '--map-index', '26']
[2025-06-23T10:26:58.105+0900] {standard_task_runner.py:105} INFO - Job 2137: Subtask img_preprocess_task__1
[2025-06-23T10:26:58.220+0900] {task_command.py:467} INFO - Running <TaskInstance: lilt_document_classifier_balanced_V0.1.img_preprocess_task__1 manual__2025-06-23T01:24:40.043171+00:00 map_index=26 [running]> on host f6d4228a9eb8
[2025-06-23T10:26:58.600+0900] {taskinstance.py:3134} INFO - Exporting env vars: AIRFLOW_CTX_DAG_OWNER='***' AIRFLOW_CTX_DAG_ID='lilt_document_classifier_balanced_V0.1' AIRFLOW_CTX_TASK_ID='img_preprocess_task__1' AIRFLOW_CTX_EXECUTION_DATE='2025-06-23T01:24:40.043171+00:00' AIRFLOW_CTX_TRY_NUMBER='1' AIRFLOW_CTX_DAG_RUN_ID='manual__2025-06-23T01:24:40.043171+00:00'
[2025-06-23T10:26:58.619+0900] {taskinstance.py:732} INFO - ::endgroup::
[2025-06-23T10:26:58.655+0900] {logging_mixin.py:190} INFO - empty map check {} {'process_id': '_4e9f201f-46ca-4f3f-aac6-8469106dda60_pre', 'folder_path': '583d408c-f3a7-4679-9078-3ab7b92eb413/4e9f201f-46ca-4f3f-aac6-8469106dda60', 'step_list': [{'name': 'cache', 'param': {'key': 'origin'}}, {'name': 'calc_angle_set1', 'param': {'key': 'angle1', 'iterations': 4, 'iter_save': False}}, {'name': 'text_orientation_set', 'param': {'key': 'angle2', 'iterations': 4, 'iter_save': False}}, {'name': 'load', 'param': {'key': 'origin'}}, {'name': 'rotate', 'param': {'key': 'angle1'}}, {'name': 'rotate', 'param': {'key': 'angle2'}}], 'result_file_map': {}}
[2025-06-23T10:26:58.659+0900] {logging_mixin.py:190} INFO - step : cache
[2025-06-23T10:26:58.673+0900] {logging_mixin.py:190} INFO - step : calc_angle_set1
[2025-06-23T10:26:58.732+0900] {logging_mixin.py:190} INFO - step : text_orientation_set
[2025-06-23T10:27:06.292+0900] {logging_mixin.py:190} INFO - osd 1 break  0 0 5.86 Latin 0.48
[2025-06-23T10:27:06.295+0900] {logging_mixin.py:190} INFO - step : load
[2025-06-23T10:27:06.325+0900] {logging_mixin.py:190} INFO - step : rotate
[2025-06-23T10:27:06.434+0900] {logging_mixin.py:190} INFO - step : rotate
[2025-06-23T10:27:06.889+0900] {logging_mixin.py:190} INFO - file_copy: /opt/***/data/temp/583d408c-f3a7-4679-9078-3ab7b92eb413/4e9f201f-46ca-4f3f-aac6-8469106dda60/_result.png
[2025-06-23T10:27:06.914+0900] {python.py:240} INFO - Done. Returned value was: {'file_id': '583d408c-f3a7-4679-9078-3ab7b92eb413', 'file_path': '/opt/***/data/class/a_class/classify/ready/false/copied_35_2070342714.png', 'false': {'process_id': '_4e9f201f-46ca-4f3f-aac6-8469106dda60_pre', 'folder_path': '583d408c-f3a7-4679-9078-3ab7b92eb413/4e9f201f-46ca-4f3f-aac6-8469106dda60', 'step_list': [{'name': 'cache', 'param': {'key': 'origin'}}, {'name': 'calc_angle_set1', 'param': {'key': 'angle1', 'iterations': 4, 'iter_save': False}}, {'name': 'text_orientation_set', 'param': {'key': 'angle2', 'iterations': 4, 'iter_save': False}}, {'name': 'load', 'param': {'key': 'origin'}}, {'name': 'rotate', 'param': {'key': 'angle1'}}, {'name': 'rotate', 'param': {'key': 'angle2'}}], 'result_file_map': {'_result': '/opt/***/data/temp/583d408c-f3a7-4679-9078-3ab7b92eb413/4e9f201f-46ca-4f3f-aac6-8469106dda60/_result.png'}}}
[2025-06-23T10:27:07.066+0900] {taskinstance.py:341} INFO - ::group::Post task execution logs
[2025-06-23T10:27:07.068+0900] {taskinstance.py:353} INFO - Marking task as SUCCESS. dag_id=lilt_document_classifier_balanced_V0.1, task_id=img_preprocess_task__1, run_id=manual__2025-06-23T01:24:40.043171+00:00, map_index=26, execution_date=20250623T012440, start_date=20250623T012657, end_date=20250623T012707
[2025-06-23T10:27:07.469+0900] {local_task_job_runner.py:266} INFO - Task exited with return code 0
[2025-06-23T10:27:07.546+0900] {taskinstance.py:3901} INFO - 0 downstream tasks scheduled from follow-on schedule check
[2025-06-23T10:27:07.557+0900] {local_task_job_runner.py:245} INFO - ::endgroup::
