[2025-06-24T16:48:46.541+0900] {local_task_job_runner.py:123} INFO - ::group::Pre task execution logs
[2025-06-24T16:48:46.583+0900] {taskinstance.py:2614} INFO - Dependencies all met for dep_context=non-requeueable deps ti=<TaskInstance: lilt_document_classifier_balanced_V0.1.img_preprocess_task__1 manual__2025-06-24T07:39:02.784990+00:00 map_index=59 [queued]>
[2025-06-24T16:48:46.613+0900] {taskinstance.py:2614} INFO - Dependencies all met for dep_context=requeueable deps ti=<TaskInstance: lilt_document_classifier_balanced_V0.1.img_preprocess_task__1 manual__2025-06-24T07:39:02.784990+00:00 map_index=59 [queued]>
[2025-06-24T16:48:46.614+0900] {taskinstance.py:2867} INFO - Starting attempt 1 of 1
[2025-06-24T16:48:46.641+0900] {taskinstance.py:2890} INFO - Executing <Mapped(_PythonDecoratedOperator): img_preprocess_task__1> on 2025-06-24 07:39:02.784990+00:00
[2025-06-24T16:48:46.663+0900] {warnings.py:112} WARNING - /home/***/.local/lib/python3.12/site-packages/***/task/task_runner/standard_task_runner.py:70: DeprecationWarning: This process (pid=56008) is multi-threaded, use of fork() may lead to deadlocks in the child.
  pid = os.fork()

[2025-06-24T16:48:46.669+0900] {standard_task_runner.py:72} INFO - Started process 56056 to run task
[2025-06-24T16:48:46.694+0900] {standard_task_runner.py:104} INFO - Running: ['***', 'tasks', 'run', 'lilt_document_classifier_balanced_V0.1', 'img_preprocess_task__1', 'manual__2025-06-24T07:39:02.784990+00:00', '--job-id', '4534', '--raw', '--subdir', 'DAGS_FOLDER/class_create_dag.py', '--cfg-path', '/tmp/tmp4q5ig86d', '--map-index', '59']
[2025-06-24T16:48:46.740+0900] {standard_task_runner.py:105} INFO - Job 4534: Subtask img_preprocess_task__1
[2025-06-24T16:48:46.877+0900] {task_command.py:467} INFO - Running <TaskInstance: lilt_document_classifier_balanced_V0.1.img_preprocess_task__1 manual__2025-06-24T07:39:02.784990+00:00 map_index=59 [running]> on host f6d4228a9eb8
[2025-06-24T16:48:47.238+0900] {taskinstance.py:3134} INFO - Exporting env vars: AIRFLOW_CTX_DAG_OWNER='***' AIRFLOW_CTX_DAG_ID='lilt_document_classifier_balanced_V0.1' AIRFLOW_CTX_TASK_ID='img_preprocess_task__1' AIRFLOW_CTX_EXECUTION_DATE='2025-06-24T07:39:02.784990+00:00' AIRFLOW_CTX_TRY_NUMBER='1' AIRFLOW_CTX_DAG_RUN_ID='manual__2025-06-24T07:39:02.784990+00:00'
[2025-06-24T16:48:47.249+0900] {taskinstance.py:732} INFO - ::endgroup::
[2025-06-24T16:48:47.253+0900] {logging_mixin.py:190} INFO - empty map check {} {'process_id': '_f9247176-b86e-4b4d-8f4e-15d97ab3de37_pre', 'folder_path': '4b915ce0-4661-427e-ac05-0181034820b0/f9247176-b86e-4b4d-8f4e-15d97ab3de37', 'step_list': [{'name': 'cache', 'param': {'key': 'origin'}}, {'name': 'calc_angle_set2', 'param': {'key': 'angle1', 'iterations': 4, 'iter_save': False}}, {'name': 'text_orientation_set', 'param': {'key': 'angle2', 'iterations': 4, 'iter_save': False}}, {'name': 'load', 'param': {'key': 'origin'}}, {'name': 'rotate', 'param': {'key': 'angle1'}}, {'name': 'rotate', 'param': {'key': 'angle2'}}], 'result_file_map': {}}
[2025-06-24T16:48:47.257+0900] {logging_mixin.py:190} INFO - step : cache
[2025-06-24T16:48:47.259+0900] {logging_mixin.py:190} INFO - step : calc_angle_set2
[2025-06-24T16:48:50.649+0900] {logging_mixin.py:190} INFO - osd 1 0.5 0.5 22 1696 [9, 14, 0, 20, 11, 21, 11, 23, 23, 43, 116, 170, 273, 408, 567, 701, 875, 1026, 1149, 1296, 1381, 1511, 1696, 1569, 1604, 1374, 1306, 1172, 1077, 903, 752, 563, 422, 313, 209, 129, 89, 60, 73, 56, 39]
[2025-06-24T16:48:54.407+0900] {logging_mixin.py:190} INFO - osd 2 0.5 0.0 20 1745 [18, 9, 18, 22, 18, 34, 34, 50, 103, 178, 272, 430, 623, 765, 918, 1057, 1189, 1369, 1538, 1549, 1745, 1726, 1558, 1445, 1352, 1203, 1065, 955, 792, 614, 441, 341, 211, 121, 63, 56, 61, 55, 42, 23, 22]
[2025-06-24T16:48:58.474+0900] {logging_mixin.py:190} INFO - osd 3 0.5 0.0 20 1745 [18, 9, 18, 22, 18, 34, 34, 50, 103, 178, 272, 430, 623, 765, 918, 1057, 1189, 1369, 1538, 1549, 1745, 1726, 1558, 1445, 1352, 1203, 1065, 955, 792, 614, 441, 341, 211, 121, 63, 56, 61, 55, 42, 23, 22]
[2025-06-24T16:49:02.600+0900] {logging_mixin.py:190} INFO - osd 4 0.5 0.0 20 1745 [18, 9, 18, 22, 18, 34, 34, 50, 103, 178, 272, 430, 623, 765, 918, 1057, 1189, 1369, 1538, 1549, 1745, 1726, 1558, 1445, 1352, 1203, 1065, 955, 792, 614, 441, 341, 211, 121, 63, 56, 61, 55, 42, 23, 22]
[2025-06-24T16:49:02.628+0900] {logging_mixin.py:190} INFO - step : text_orientation_set
[2025-06-24T16:49:07.824+0900] {logging_mixin.py:190} INFO - osd 1 break  0 0 3.1 Latin 1.21
[2025-06-24T16:49:07.826+0900] {logging_mixin.py:190} INFO - step : load
[2025-06-24T16:49:07.834+0900] {logging_mixin.py:190} INFO - step : rotate
[2025-06-24T16:49:07.901+0900] {logging_mixin.py:190} INFO - step : rotate
[2025-06-24T16:49:08.030+0900] {logging_mixin.py:190} INFO - file_copy: /opt/***/data/temp/4b915ce0-4661-427e-ac05-0181034820b0/f9247176-b86e-4b4d-8f4e-15d97ab3de37/_result.png
[2025-06-24T16:49:08.074+0900] {python.py:240} INFO - Done. Returned value was: {'file_id': '4b915ce0-4661-427e-ac05-0181034820b0', 'file_path': '/opt/***/data/class/a_class/classify/ready/false/copied_42_1003043408.png', 'false': {'process_id': '_f9247176-b86e-4b4d-8f4e-15d97ab3de37_pre', 'folder_path': '4b915ce0-4661-427e-ac05-0181034820b0/f9247176-b86e-4b4d-8f4e-15d97ab3de37', 'step_list': [{'name': 'cache', 'param': {'key': 'origin'}}, {'name': 'calc_angle_set2', 'param': {'key': 'angle1', 'iterations': 4, 'iter_save': False}}, {'name': 'text_orientation_set', 'param': {'key': 'angle2', 'iterations': 4, 'iter_save': False}}, {'name': 'load', 'param': {'key': 'origin'}}, {'name': 'rotate', 'param': {'key': 'angle1'}}, {'name': 'rotate', 'param': {'key': 'angle2'}}], 'result_file_map': {'_result': '/opt/***/data/temp/4b915ce0-4661-427e-ac05-0181034820b0/f9247176-b86e-4b4d-8f4e-15d97ab3de37/_result.png'}}}
[2025-06-24T16:49:08.226+0900] {taskinstance.py:341} INFO - ::group::Post task execution logs
[2025-06-24T16:49:08.230+0900] {taskinstance.py:353} INFO - Marking task as SUCCESS. dag_id=lilt_document_classifier_balanced_V0.1, task_id=img_preprocess_task__1, run_id=manual__2025-06-24T07:39:02.784990+00:00, map_index=59, execution_date=20250624T073902, start_date=20250624T074846, end_date=20250624T074908
[2025-06-24T16:49:08.423+0900] {local_task_job_runner.py:266} INFO - Task exited with return code 0
[2025-06-24T16:49:08.526+0900] {taskinstance.py:3901} INFO - 0 downstream tasks scheduled from follow-on schedule check
[2025-06-24T16:49:08.552+0900] {local_task_job_runner.py:245} INFO - ::endgroup::
