[2025-06-24T13:24:32.272+0900] {local_task_job_runner.py:123} INFO - ::group::Pre task execution logs
[2025-06-24T13:24:32.341+0900] {taskinstance.py:2614} INFO - Dependencies all met for dep_context=non-requeueable deps ti=<TaskInstance: lilt_document_classifier_balanced_V0.1.img_preprocess_task__1 manual__2025-06-24T04:23:33.505927+00:00 map_index=5 [queued]>
[2025-06-24T13:24:32.371+0900] {taskinstance.py:2614} INFO - Dependencies all met for dep_context=requeueable deps ti=<TaskInstance: lilt_document_classifier_balanced_V0.1.img_preprocess_task__1 manual__2025-06-24T04:23:33.505927+00:00 map_index=5 [queued]>
[2025-06-24T13:24:32.375+0900] {taskinstance.py:2867} INFO - Starting attempt 1 of 1
[2025-06-24T13:24:32.447+0900] {taskinstance.py:2890} INFO - Executing <Mapped(_PythonDecoratedOperator): img_preprocess_task__1> on 2025-06-24 04:23:33.505927+00:00
[2025-06-24T13:24:32.468+0900] {warnings.py:112} WARNING - /home/***/.local/lib/python3.12/site-packages/***/task/task_runner/standard_task_runner.py:70: DeprecationWarning: This process (pid=38546) is multi-threaded, use of fork() may lead to deadlocks in the child.
  pid = os.fork()

[2025-06-24T13:24:32.491+0900] {standard_task_runner.py:72} INFO - Started process 38680 to run task
[2025-06-24T13:24:32.472+0900] {standard_task_runner.py:104} INFO - Running: ['***', 'tasks', 'run', 'lilt_document_classifier_balanced_V0.1', 'img_preprocess_task__1', 'manual__2025-06-24T04:23:33.505927+00:00', '--job-id', '3940', '--raw', '--subdir', 'DAGS_FOLDER/class_create_dag.py', '--cfg-path', '/tmp/tmpc92939wa', '--map-index', '5']
[2025-06-24T13:24:32.503+0900] {standard_task_runner.py:105} INFO - Job 3940: Subtask img_preprocess_task__1
[2025-06-24T13:24:32.642+0900] {task_command.py:467} INFO - Running <TaskInstance: lilt_document_classifier_balanced_V0.1.img_preprocess_task__1 manual__2025-06-24T04:23:33.505927+00:00 map_index=5 [running]> on host f6d4228a9eb8
[2025-06-24T13:24:33.037+0900] {taskinstance.py:3134} INFO - Exporting env vars: AIRFLOW_CTX_DAG_OWNER='***' AIRFLOW_CTX_DAG_ID='lilt_document_classifier_balanced_V0.1' AIRFLOW_CTX_TASK_ID='img_preprocess_task__1' AIRFLOW_CTX_EXECUTION_DATE='2025-06-24T04:23:33.505927+00:00' AIRFLOW_CTX_TRY_NUMBER='1' AIRFLOW_CTX_DAG_RUN_ID='manual__2025-06-24T04:23:33.505927+00:00'
[2025-06-24T13:24:33.041+0900] {taskinstance.py:732} INFO - ::endgroup::
[2025-06-24T13:24:33.048+0900] {logging_mixin.py:190} INFO - empty map check {} {'process_id': '_a0d87499-955f-49e5-afa9-440f8589eee1_pre', 'folder_path': '4c264d7b-d028-44a8-b3ac-b93beb0d4a3d/a0d87499-955f-49e5-afa9-440f8589eee1', 'step_list': [{'name': 'cache', 'param': {'key': 'origin'}}, {'name': 'calc_angle_set2', 'param': {'key': 'angle1', 'iterations': 4, 'iter_save': True}}, {'name': 'save', 'param': {'key': 'ag1'}}, {'name': 'text_orientation_set', 'param': {'key': 'angle2', 'iterations': 4, 'iter_save': True}}, {'name': 'save', 'param': {'key': 'ag2'}}, {'name': 'load', 'param': {'key': 'origin'}}, {'name': 'rotate', 'param': {'key': 'angle1'}}, {'name': 'rotate', 'param': {'key': 'angle2'}}], 'result_file_map': {}}
[2025-06-24T13:24:33.049+0900] {logging_mixin.py:190} INFO - step : cache
[2025-06-24T13:24:33.050+0900] {logging_mixin.py:190} INFO - step : calc_angle_set2
[2025-06-24T13:24:39.999+0900] {logging_mixin.py:190} INFO - osd 1 0.5 0.5 22 1850 [6, 8, 13, 8, 8, 13, 10, 9, 10, 10, 10, 10, 12, 35, 126, 257, 379, 539, 750, 922, 1088, 1490, 1850, 1599, 1302, 918, 760, 625, 422, 237, 97, 31, 0, 0, 0, 0, 0, 0, 0, 0, 0]
[2025-06-24T13:24:46.783+0900] {logging_mixin.py:190} INFO - osd 2 0.5 0.0 20 2129 [1, 15, 14, 7, 7, 14, 7, 7, 9, 8, 9, 56, 150, 269, 411, 556, 733, 994, 1112, 1649, 2129, 1873, 1514, 1106, 829, 675, 466, 305, 138, 20, 0, 0, 0, 0, 0, 0, 0, 0, 0, 0, 0]
[2025-06-24T13:24:52.730+0900] {logging_mixin.py:190} INFO - osd 3 0.5 0.0 20 2129 [1, 15, 14, 7, 7, 14, 7, 7, 9, 8, 9, 56, 150, 269, 411, 556, 733, 994, 1112, 1649, 2129, 1873, 1514, 1106, 829, 675, 466, 305, 138, 20, 0, 0, 0, 0, 0, 0, 0, 0, 0, 0, 0]
[2025-06-24T13:24:58.735+0900] {logging_mixin.py:190} INFO - osd 4 0.5 0.0 20 2129 [1, 15, 14, 7, 7, 14, 7, 7, 9, 8, 9, 56, 150, 269, 411, 556, 733, 994, 1112, 1649, 2129, 1873, 1514, 1106, 829, 675, 466, 305, 138, 20, 0, 0, 0, 0, 0, 0, 0, 0, 0, 0, 0]
[2025-06-24T13:24:58.811+0900] {logging_mixin.py:190} INFO - step : save
[2025-06-24T13:24:59.410+0900] {logging_mixin.py:190} INFO - file_copy: /opt/***/data/temp/4c264d7b-d028-44a8-b3ac-b93beb0d4a3d/a0d87499-955f-49e5-afa9-440f8589eee1/ag1.png
[2025-06-24T13:24:59.499+0900] {logging_mixin.py:190} INFO - step : text_orientation_set
[2025-06-24T13:25:02.829+0900] {logging_mixin.py:190} INFO - file_copy: /opt/***/data/temp/4c264d7b-d028-44a8-b3ac-b93beb0d4a3d/a0d87499-955f-49e5-afa9-440f8589eee1/rotate2_1.png
[2025-06-24T13:25:08.117+0900] {logging_mixin.py:190} INFO - osd 1 break  0 0 0.18 Hebrew 0.0
[2025-06-24T13:25:08.154+0900] {logging_mixin.py:190} INFO - step : save
[2025-06-24T13:25:08.734+0900] {logging_mixin.py:190} INFO - file_copy: /opt/***/data/temp/4c264d7b-d028-44a8-b3ac-b93beb0d4a3d/a0d87499-955f-49e5-afa9-440f8589eee1/ag2.png
[2025-06-24T13:25:08.927+0900] {logging_mixin.py:190} INFO - step : load
[2025-06-24T13:25:08.932+0900] {logging_mixin.py:190} INFO - step : rotate
[2025-06-24T13:25:09.044+0900] {logging_mixin.py:190} INFO - step : rotate
[2025-06-24T13:25:09.393+0900] {logging_mixin.py:190} INFO - file_copy: /opt/***/data/temp/4c264d7b-d028-44a8-b3ac-b93beb0d4a3d/a0d87499-955f-49e5-afa9-440f8589eee1/_result.png
[2025-06-24T13:25:09.473+0900] {python.py:240} INFO - Done. Returned value was: {'file_id': '4c264d7b-d028-44a8-b3ac-b93beb0d4a3d', 'file_path': '/opt/***/data/class/a_class/classify/ready/false/copied_1_1001854763_1001854765.png', 'false': {'process_id': '_a0d87499-955f-49e5-afa9-440f8589eee1_pre', 'folder_path': '4c264d7b-d028-44a8-b3ac-b93beb0d4a3d/a0d87499-955f-49e5-afa9-440f8589eee1', 'step_list': [{'name': 'cache', 'param': {'key': 'origin'}}, {'name': 'calc_angle_set2', 'param': {'key': 'angle1', 'iterations': 4, 'iter_save': True}}, {'name': 'save', 'param': {'key': 'ag1'}}, {'name': 'text_orientation_set', 'param': {'key': 'angle2', 'iterations': 4, 'iter_save': True}}, {'name': 'save', 'param': {'key': 'ag2'}}, {'name': 'load', 'param': {'key': 'origin'}}, {'name': 'rotate', 'param': {'key': 'angle1'}}, {'name': 'rotate', 'param': {'key': 'angle2'}}], 'result_file_map': {'ag1': '/opt/***/data/temp/4c264d7b-d028-44a8-b3ac-b93beb0d4a3d/a0d87499-955f-49e5-afa9-440f8589eee1/ag1.png', 'rotate2_1': '/opt/***/data/temp/4c264d7b-d028-44a8-b3ac-b93beb0d4a3d/a0d87499-955f-49e5-afa9-440f8589eee1/rotate2_1.png', 'ag2': '/opt/***/data/temp/4c264d7b-d028-44a8-b3ac-b93beb0d4a3d/a0d87499-955f-49e5-afa9-440f8589eee1/ag2.png', '_result': '/opt/***/data/temp/4c264d7b-d028-44a8-b3ac-b93beb0d4a3d/a0d87499-955f-49e5-afa9-440f8589eee1/_result.png'}}}
[2025-06-24T13:25:09.584+0900] {taskinstance.py:341} INFO - ::group::Post task execution logs
[2025-06-24T13:25:09.589+0900] {taskinstance.py:353} INFO - Marking task as SUCCESS. dag_id=lilt_document_classifier_balanced_V0.1, task_id=img_preprocess_task__1, run_id=manual__2025-06-24T04:23:33.505927+00:00, map_index=5, execution_date=20250624T042333, start_date=20250624T042432, end_date=20250624T042509
[2025-06-24T13:25:09.729+0900] {local_task_job_runner.py:266} INFO - Task exited with return code 0
[2025-06-24T13:25:09.742+0900] {local_task_job_runner.py:245} INFO - ::endgroup::
