[2025-06-18T13:49:43.526+0900] {local_task_job_runner.py:123} INFO - ::group::Pre task execution logs
[2025-06-18T13:49:43.585+0900] {taskinstance.py:2614} INFO - Dependencies all met for dep_context=non-requeueable deps ti=<TaskInstance: lilt_document_classifier_balanced_V0.1.img_preprocess_task__1 manual__2025-06-18T04:46:36.476365+00:00 map_index=54 [queued]>
[2025-06-18T13:49:43.615+0900] {taskinstance.py:2614} INFO - Dependencies all met for dep_context=requeueable deps ti=<TaskInstance: lilt_document_classifier_balanced_V0.1.img_preprocess_task__1 manual__2025-06-18T04:46:36.476365+00:00 map_index=54 [queued]>
[2025-06-18T13:49:43.616+0900] {taskinstance.py:2867} INFO - Starting attempt 1 of 1
[2025-06-18T13:49:43.643+0900] {taskinstance.py:2890} INFO - Executing <Mapped(_PythonDecoratedOperator): img_preprocess_task__1> on 2025-06-18 04:46:36.476365+00:00
[2025-06-18T13:49:43.689+0900] {standard_task_runner.py:104} INFO - Running: ['***', 'tasks', 'run', 'lilt_document_classifier_balanced_V0.1', 'img_preprocess_task__1', 'manual__2025-06-18T04:46:36.476365+00:00', '--job-id', '1127', '--raw', '--subdir', 'DAGS_FOLDER/class_create_dag.py', '--cfg-path', '/tmp/tmpt3wyf713', '--map-index', '54']
[2025-06-18T13:49:43.700+0900] {standard_task_runner.py:105} INFO - Job 1127: Subtask img_preprocess_task__1
[2025-06-18T13:49:43.687+0900] {warnings.py:112} WARNING - /home/***/.local/lib/python3.12/site-packages/***/task/task_runner/standard_task_runner.py:70: DeprecationWarning: This process (pid=28469) is multi-threaded, use of fork() may lead to deadlocks in the child.
  pid = os.fork()

[2025-06-18T13:49:43.720+0900] {standard_task_runner.py:72} INFO - Started process 28555 to run task
[2025-06-18T13:49:43.794+0900] {task_command.py:467} INFO - Running <TaskInstance: lilt_document_classifier_balanced_V0.1.img_preprocess_task__1 manual__2025-06-18T04:46:36.476365+00:00 map_index=54 [running]> on host f6d4228a9eb8
[2025-06-18T13:49:43.992+0900] {taskinstance.py:3134} INFO - Exporting env vars: AIRFLOW_CTX_DAG_OWNER='***' AIRFLOW_CTX_DAG_ID='lilt_document_classifier_balanced_V0.1' AIRFLOW_CTX_TASK_ID='img_preprocess_task__1' AIRFLOW_CTX_EXECUTION_DATE='2025-06-18T04:46:36.476365+00:00' AIRFLOW_CTX_TRY_NUMBER='1' AIRFLOW_CTX_DAG_RUN_ID='manual__2025-06-18T04:46:36.476365+00:00'
[2025-06-18T13:49:43.993+0900] {taskinstance.py:732} INFO - ::endgroup::
[2025-06-18T13:49:43.997+0900] {logging_mixin.py:190} INFO - empty map check {} {'process_id': '_52466ea5-bb0b-444f-9702-fb97b1e9a748_pre', 'folder_path': '741a90fb-185c-41f4-a896-e2e64d5887cb/52466ea5-bb0b-444f-9702-fb97b1e9a748', 'step_list': [{'name': 'cache', 'param': {'key': 'origin'}}, {'name': 'calc_angle_set1', 'param': {'key': 'angle1', 'iterations': 4, 'iter_save': False}}, {'name': 'text_orientation_set', 'param': {'key': 'angle2', 'iterations': 4, 'iter_save': False}}, {'name': 'load', 'param': {'key': 'origin'}}, {'name': 'rotate', 'param': {'key': 'angle1'}}, {'name': 'rotate', 'param': {'key': 'angle2'}}, {'name': 'save', 'param': {'key': 'classify_preprocess'}}], 'result_file_list': []}
[2025-06-18T13:49:44.002+0900] {logging_mixin.py:190} INFO - step : cache
[2025-06-18T13:49:44.003+0900] {logging_mixin.py:190} INFO - step : calc_angle_set1
[2025-06-18T13:49:44.033+0900] {logging_mixin.py:190} INFO - step : text_orientation_set
[2025-06-18T13:49:52.582+0900] {logging_mixin.py:190} INFO - osd 1 90 90 0.93 Latin 0.42
[2025-06-18T13:50:00.794+0900] {logging_mixin.py:190} INFO - osd 2 break  90 0 0.88 Latin 1.78
[2025-06-18T13:50:00.798+0900] {logging_mixin.py:190} INFO - step : load
[2025-06-18T13:50:00.802+0900] {logging_mixin.py:190} INFO - step : rotate
[2025-06-18T13:50:00.856+0900] {logging_mixin.py:190} INFO - step : rotate
[2025-06-18T13:50:00.933+0900] {logging_mixin.py:190} INFO - step : save
[2025-06-18T13:50:01.036+0900] {logging_mixin.py:190} INFO - file_copy: /opt/***/data/temp/741a90fb-185c-41f4-a896-e2e64d5887cb/52466ea5-bb0b-444f-9702-fb97b1e9a748/classify_preprocess.png
[2025-06-18T13:50:01.053+0900] {python.py:240} INFO - Done. Returned value was: {'file_id': '741a90fb-185c-41f4-a896-e2e64d5887cb', 'file_path': '/opt/***/data/class/a_class/classify/ready/false/copied_31_2082793336.png', 'false': {'process_id': '_52466ea5-bb0b-444f-9702-fb97b1e9a748_pre', 'folder_path': '741a90fb-185c-41f4-a896-e2e64d5887cb/52466ea5-bb0b-444f-9702-fb97b1e9a748', 'step_list': [{'name': 'cache', 'param': {'key': 'origin'}}, {'name': 'calc_angle_set1', 'param': {'key': 'angle1', 'iterations': 4, 'iter_save': False}}, {'name': 'text_orientation_set', 'param': {'key': 'angle2', 'iterations': 4, 'iter_save': False}}, {'name': 'load', 'param': {'key': 'origin'}}, {'name': 'rotate', 'param': {'key': 'angle1'}}, {'name': 'rotate', 'param': {'key': 'angle2'}}, {'name': 'save', 'param': {'key': 'classify_preprocess'}}], 'result_file_list': [{'key': 'classify_preprocess', 'path': '/opt/***/data/temp/741a90fb-185c-41f4-a896-e2e64d5887cb/52466ea5-bb0b-444f-9702-fb97b1e9a748/classify_preprocess.png'}]}}
[2025-06-18T13:50:01.142+0900] {taskinstance.py:341} INFO - ::group::Post task execution logs
[2025-06-18T13:50:01.143+0900] {taskinstance.py:353} INFO - Marking task as SUCCESS. dag_id=lilt_document_classifier_balanced_V0.1, task_id=img_preprocess_task__1, run_id=manual__2025-06-18T04:46:36.476365+00:00, map_index=54, execution_date=20250618T044636, start_date=20250618T044943, end_date=20250618T045001
[2025-06-18T13:50:01.295+0900] {local_task_job_runner.py:266} INFO - Task exited with return code 0
[2025-06-18T13:50:01.361+0900] {taskinstance.py:3901} INFO - 0 downstream tasks scheduled from follow-on schedule check
[2025-06-18T13:50:01.372+0900] {local_task_job_runner.py:245} INFO - ::endgroup::
