[2025-06-16T14:27:06.327+0900] {local_task_job_runner.py:123} INFO - ::group::Pre task execution logs
[2025-06-16T14:27:06.351+0900] {taskinstance.py:2614} INFO - Dependencies all met for dep_context=non-requeueable deps ti=<TaskInstance: image_ocr_v2.img_preprocess_task manual__2025-06-16T05:26:58.496897+00:00 map_index=0 [queued]>
[2025-06-16T14:27:06.361+0900] {taskinstance.py:2614} INFO - Dependencies all met for dep_context=requeueable deps ti=<TaskInstance: image_ocr_v2.img_preprocess_task manual__2025-06-16T05:26:58.496897+00:00 map_index=0 [queued]>
[2025-06-16T14:27:06.362+0900] {taskinstance.py:2867} INFO - Starting attempt 1 of 1
[2025-06-16T14:27:06.377+0900] {taskinstance.py:2890} INFO - Executing <Mapped(_PythonDecoratedOperator): img_preprocess_task> on 2025-06-16 05:26:58.496897+00:00
[2025-06-16T14:27:06.383+0900] {warnings.py:112} WARNING - /home/***/.local/lib/python3.12/site-packages/***/task/task_runner/standard_task_runner.py:70: DeprecationWarning: This process (pid=3577) is multi-threaded, use of fork() may lead to deadlocks in the child.
  pid = os.fork()

[2025-06-16T14:27:06.385+0900] {standard_task_runner.py:72} INFO - Started process 3593 to run task
[2025-06-16T14:27:06.385+0900] {standard_task_runner.py:104} INFO - Running: ['***', 'tasks', 'run', 'image_ocr_v2', 'img_preprocess_task', 'manual__2025-06-16T05:26:58.496897+00:00', '--job-id', '161', '--raw', '--subdir', 'DAGS_FOLDER/test_dag.py', '--cfg-path', '/tmp/tmpj78dftqr', '--map-index', '0']
[2025-06-16T14:27:06.389+0900] {standard_task_runner.py:105} INFO - Job 161: Subtask img_preprocess_task
[2025-06-16T14:27:06.432+0900] {task_command.py:467} INFO - Running <TaskInstance: image_ocr_v2.img_preprocess_task manual__2025-06-16T05:26:58.496897+00:00 map_index=0 [running]> on host f6d4228a9eb8
[2025-06-16T14:27:06.517+0900] {taskinstance.py:3134} INFO - Exporting env vars: AIRFLOW_CTX_DAG_OWNER='***' AIRFLOW_CTX_DAG_ID='image_ocr_v2' AIRFLOW_CTX_TASK_ID='img_preprocess_task' AIRFLOW_CTX_EXECUTION_DATE='2025-06-16T05:26:58.496897+00:00' AIRFLOW_CTX_TRY_NUMBER='1' AIRFLOW_CTX_DAG_RUN_ID='manual__2025-06-16T05:26:58.496897+00:00'
[2025-06-16T14:27:06.518+0900] {taskinstance.py:732} INFO - ::endgroup::
[2025-06-16T14:27:06.521+0900] {logging_mixin.py:190} INFO - empty map check {} {'process_id': '_0acccb12-734d-45c7-886e-00f3b9151583_pre', 'folder_path': '1846a66e-798e-4f37-8e0e-a60c52363805/0acccb12-734d-45c7-886e-00f3b9151583', 'step_list': [{'name': 'calc_angle_set1', 'param': {'key': 'angle1', 'iterations': 3}}, {'name': 'calc_angle_set2', 'param': {'key': 'angle2', 'iterations': 3}}, {'name': 'threshold', 'param': {}}, {'name': 'morphology1', 'param': {}}, {'name': 'save', 'param': {'key': 'classify_preprocess'}}], 'result_file_list': []}
[2025-06-16T14:27:06.522+0900] {logging_mixin.py:190} INFO - step : calc_angle_set1
[2025-06-16T14:27:06.565+0900] {logging_mixin.py:190} INFO - angle1 :  0 0.2554785715445469 -89.62572695989181 -89.59453854111105 90.12113254576842 90.12104724141264
[2025-06-16T14:27:06.673+0900] {logging_mixin.py:190} INFO - angle2 :  0.2554785715445469 -0.00829794558688235 -89.87530862011141 -89.87524074260142 89.8384901261337 89.8788674542316
[2025-06-16T14:27:06.674+0900] {logging_mixin.py:190} INFO - step : calc_angle_set2
[2025-06-16T14:27:13.732+0900] {logging_mixin.py:190} INFO - osd 1 90 90 6.82 Cyrillic 0.43
[2025-06-16T14:27:21.427+0900] {logging_mixin.py:190} INFO - osd 2 270 180 5.01 Latin 0.4
[2025-06-16T14:27:28.434+0900] {logging_mixin.py:190} INFO - step : threshold
[2025-06-16T14:27:28.438+0900] {logging_mixin.py:190} INFO - step : morphology1
[2025-06-16T14:27:28.452+0900] {logging_mixin.py:190} INFO - step : save
[2025-06-16T14:27:28.491+0900] {logging_mixin.py:190} INFO - file_copy: /opt/***/data/temp/1846a66e-798e-4f37-8e0e-a60c52363805/0acccb12-734d-45c7-886e-00f3b9151583/classify_preprocess.png
[2025-06-16T14:27:28.496+0900] {python.py:240} INFO - Done. Returned value was: {'file_id': '1846a66e-798e-4f37-8e0e-a60c52363805', 'file_path': '/opt/***/data/upload/Gas Engine 점검일지_ 2021년 2월.pdf-image-011.jpg', 'result': {'process_id': '_0acccb12-734d-45c7-886e-00f3b9151583_pre', 'folder_path': '1846a66e-798e-4f37-8e0e-a60c52363805/0acccb12-734d-45c7-886e-00f3b9151583', 'step_list': [{'name': 'calc_angle_set1', 'param': {'key': 'angle1', 'iterations': 3}}, {'name': 'calc_angle_set2', 'param': {'key': 'angle2', 'iterations': 3}}, {'name': 'threshold', 'param': {}}, {'name': 'morphology1', 'param': {}}, {'name': 'save', 'param': {'key': 'classify_preprocess'}}], 'result_file_list': [{'key': 'classify_preprocess', 'path': '/opt/***/data/temp/1846a66e-798e-4f37-8e0e-a60c52363805/0acccb12-734d-45c7-886e-00f3b9151583/classify_preprocess.png'}]}}
[2025-06-16T14:27:28.523+0900] {taskinstance.py:341} INFO - ::group::Post task execution logs
[2025-06-16T14:27:28.525+0900] {taskinstance.py:353} INFO - Marking task as SUCCESS. dag_id=image_ocr_v2, task_id=img_preprocess_task, run_id=manual__2025-06-16T05:26:58.496897+00:00, map_index=0, execution_date=20250616T052658, start_date=20250616T052706, end_date=20250616T052728
[2025-06-16T14:27:28.585+0900] {local_task_job_runner.py:266} INFO - Task exited with return code 0
[2025-06-16T14:27:28.609+0900] {taskinstance.py:3901} INFO - 0 downstream tasks scheduled from follow-on schedule check
[2025-06-16T14:27:28.614+0900] {local_task_job_runner.py:245} INFO - ::endgroup::
