[2025-06-24T13:41:10.212+0900] {local_task_job_runner.py:123} INFO - ::group::Pre task execution logs
[2025-06-24T13:41:10.469+0900] {taskinstance.py:2614} INFO - Dependencies all met for dep_context=non-requeueable deps ti=<TaskInstance: lilt_document_classifier_balanced_V0.1.img_preprocess_task manual__2025-06-24T04:23:33.505927+00:00 map_index=83 [queued]>
[2025-06-24T13:41:10.507+0900] {taskinstance.py:2614} INFO - Dependencies all met for dep_context=requeueable deps ti=<TaskInstance: lilt_document_classifier_balanced_V0.1.img_preprocess_task manual__2025-06-24T04:23:33.505927+00:00 map_index=83 [queued]>
[2025-06-24T13:41:10.511+0900] {taskinstance.py:2867} INFO - Starting attempt 1 of 1
[2025-06-24T13:41:10.549+0900] {taskinstance.py:2890} INFO - Executing <Mapped(_PythonDecoratedOperator): img_preprocess_task> on 2025-06-24 04:23:33.505927+00:00
[2025-06-24T13:41:10.742+0900] {standard_task_runner.py:104} INFO - Running: ['***', 'tasks', 'run', 'lilt_document_classifier_balanced_V0.1', 'img_preprocess_task', 'manual__2025-06-24T04:23:33.505927+00:00', '--job-id', '4100', '--raw', '--subdir', 'DAGS_FOLDER/class_create_dag.py', '--cfg-path', '/tmp/tmpsm24adct', '--map-index', '83']
[2025-06-24T13:41:10.755+0900] {standard_task_runner.py:105} INFO - Job 4100: Subtask img_preprocess_task
[2025-06-24T13:41:10.783+0900] {warnings.py:112} WARNING - /home/***/.local/lib/python3.12/site-packages/***/task/task_runner/standard_task_runner.py:70: DeprecationWarning: This process (pid=41883) is multi-threaded, use of fork() may lead to deadlocks in the child.
  pid = os.fork()

[2025-06-24T13:41:10.897+0900] {standard_task_runner.py:72} INFO - Started process 41911 to run task
[2025-06-24T13:41:11.132+0900] {task_command.py:467} INFO - Running <TaskInstance: lilt_document_classifier_balanced_V0.1.img_preprocess_task manual__2025-06-24T04:23:33.505927+00:00 map_index=83 [running]> on host f6d4228a9eb8
[2025-06-24T13:41:11.593+0900] {taskinstance.py:3134} INFO - Exporting env vars: AIRFLOW_CTX_DAG_OWNER='***' AIRFLOW_CTX_DAG_ID='lilt_document_classifier_balanced_V0.1' AIRFLOW_CTX_TASK_ID='img_preprocess_task' AIRFLOW_CTX_EXECUTION_DATE='2025-06-24T04:23:33.505927+00:00' AIRFLOW_CTX_TRY_NUMBER='1' AIRFLOW_CTX_DAG_RUN_ID='manual__2025-06-24T04:23:33.505927+00:00'
[2025-06-24T13:41:11.599+0900] {taskinstance.py:732} INFO - ::endgroup::
[2025-06-24T13:41:11.608+0900] {logging_mixin.py:190} INFO - empty map check {} {'process_id': '_7c1b0287-752c-4c2e-bf6b-e5b586c62ad3_pre', 'folder_path': 'f4888965-11c6-445d-baea-86ac5658e327/7c1b0287-752c-4c2e-bf6b-e5b586c62ad3', 'step_list': [{'name': 'cache', 'param': {'key': 'origin'}}, {'name': 'calc_angle_set2', 'param': {'key': 'angle1', 'iterations': 4, 'iter_save': True}}, {'name': 'save', 'param': {'key': 'ag1'}}, {'name': 'text_orientation_set', 'param': {'key': 'angle2', 'iterations': 4, 'iter_save': True}}, {'name': 'save', 'param': {'key': 'ag2'}}, {'name': 'load', 'param': {'key': 'origin'}}, {'name': 'rotate', 'param': {'key': 'angle1'}}, {'name': 'rotate', 'param': {'key': 'angle2'}}], 'result_file_map': {}}
[2025-06-24T13:41:11.608+0900] {logging_mixin.py:190} INFO - step : cache
[2025-06-24T13:41:11.627+0900] {logging_mixin.py:190} INFO - step : calc_angle_set2
[2025-06-24T13:41:39.333+0900] {logging_mixin.py:190} INFO - osd 1 0 0 0 0 [0, 0, 0, 0, 0, 0, 0, 0, 0, 0, 0, 0, 0, 0, 0, 0, 0, 0, 0, 0, 0, 0, 0, 0, 0, 0, 0, 0, 0, 0, 0, 0, 0, 0, 0, 0, 0, 0, 0, 0, 0]
[2025-06-24T13:42:12.026+0900] {logging_mixin.py:190} INFO - osd 2 0 0 0 0 [0, 0, 0, 0, 0, 0, 0, 0, 0, 0, 0, 0, 0, 0, 0, 0, 0, 0, 0, 0, 0, 0, 0, 0, 0, 0, 0, 0, 0, 0, 0, 0, 0, 0, 0, 0, 0, 0, 0, 0, 0]
[2025-06-24T13:42:43.791+0900] {logging_mixin.py:190} INFO - osd 3 0 0 0 0 [0, 0, 0, 0, 0, 0, 0, 0, 0, 0, 0, 0, 0, 0, 0, 0, 0, 0, 0, 0, 0, 0, 0, 0, 0, 0, 0, 0, 0, 0, 0, 0, 0, 0, 0, 0, 0, 0, 0, 0, 0]
[2025-06-24T13:43:18.012+0900] {logging_mixin.py:190} INFO - osd 4 0 0 0 0 [0, 0, 0, 0, 0, 0, 0, 0, 0, 0, 0, 0, 0, 0, 0, 0, 0, 0, 0, 0, 0, 0, 0, 0, 0, 0, 0, 0, 0, 0, 0, 0, 0, 0, 0, 0, 0, 0, 0, 0, 0]
[2025-06-24T13:43:18.259+0900] {logging_mixin.py:190} INFO - step : save
[2025-06-24T13:43:18.780+0900] {logging_mixin.py:190} INFO - file_copy: /opt/***/data/temp/f4888965-11c6-445d-baea-86ac5658e327/7c1b0287-752c-4c2e-bf6b-e5b586c62ad3/ag1.png
[2025-06-24T13:43:18.790+0900] {logging_mixin.py:190} INFO - step : text_orientation_set
[2025-06-24T13:43:25.605+0900] {logging_mixin.py:190} INFO - file_copy: /opt/***/data/temp/f4888965-11c6-445d-baea-86ac5658e327/7c1b0287-752c-4c2e-bf6b-e5b586c62ad3/rotate2_1.png
[2025-06-24T13:43:35.609+0900] {logging_mixin.py:190} INFO - osd 1 break  0 0 5.25 Japanese 0.51
[2025-06-24T13:43:35.612+0900] {logging_mixin.py:190} INFO - step : save
[2025-06-24T13:43:36.792+0900] {logging_mixin.py:190} INFO - file_copy: /opt/***/data/temp/f4888965-11c6-445d-baea-86ac5658e327/7c1b0287-752c-4c2e-bf6b-e5b586c62ad3/ag2.png
[2025-06-24T13:43:36.809+0900] {logging_mixin.py:190} INFO - step : load
[2025-06-24T13:43:36.815+0900] {logging_mixin.py:190} INFO - step : rotate
[2025-06-24T13:43:37.247+0900] {logging_mixin.py:190} INFO - step : rotate
[2025-06-24T13:43:37.542+0900] {logging_mixin.py:190} INFO - file_copy: /opt/***/data/temp/f4888965-11c6-445d-baea-86ac5658e327/7c1b0287-752c-4c2e-bf6b-e5b586c62ad3/_result.png
[2025-06-24T13:43:37.556+0900] {python.py:240} INFO - Done. Returned value was: {'file_id': 'f4888965-11c6-445d-baea-86ac5658e327', 'file_path': '/opt/***/data/class/a_class/classify/ready/true/동선동 나성빌딩 - 정부24 - 건축물대장 등본(초본) 발급(열람) _ 문서출력_page_1_aug1.png', 'true': {'process_id': '_7c1b0287-752c-4c2e-bf6b-e5b586c62ad3_pre', 'folder_path': 'f4888965-11c6-445d-baea-86ac5658e327/7c1b0287-752c-4c2e-bf6b-e5b586c62ad3', 'step_list': [{'name': 'cache', 'param': {'key': 'origin'}}, {'name': 'calc_angle_set2', 'param': {'key': 'angle1', 'iterations': 4, 'iter_save': True}}, {'name': 'save', 'param': {'key': 'ag1'}}, {'name': 'text_orientation_set', 'param': {'key': 'angle2', 'iterations': 4, 'iter_save': True}}, {'name': 'save', 'param': {'key': 'ag2'}}, {'name': 'load', 'param': {'key': 'origin'}}, {'name': 'rotate', 'param': {'key': 'angle1'}}, {'name': 'rotate', 'param': {'key': 'angle2'}}], 'result_file_map': {'ag1': '/opt/***/data/temp/f4888965-11c6-445d-baea-86ac5658e327/7c1b0287-752c-4c2e-bf6b-e5b586c62ad3/ag1.png', 'rotate2_1': '/opt/***/data/temp/f4888965-11c6-445d-baea-86ac5658e327/7c1b0287-752c-4c2e-bf6b-e5b586c62ad3/rotate2_1.png', 'ag2': '/opt/***/data/temp/f4888965-11c6-445d-baea-86ac5658e327/7c1b0287-752c-4c2e-bf6b-e5b586c62ad3/ag2.png', '_result': '/opt/***/data/temp/f4888965-11c6-445d-baea-86ac5658e327/7c1b0287-752c-4c2e-bf6b-e5b586c62ad3/_result.png'}}}
[2025-06-24T13:43:37.655+0900] {taskinstance.py:341} INFO - ::group::Post task execution logs
[2025-06-24T13:43:37.658+0900] {taskinstance.py:353} INFO - Marking task as SUCCESS. dag_id=lilt_document_classifier_balanced_V0.1, task_id=img_preprocess_task, run_id=manual__2025-06-24T04:23:33.505927+00:00, map_index=83, execution_date=20250624T042333, start_date=20250624T044110, end_date=20250624T044337
[2025-06-24T13:43:37.864+0900] {local_task_job_runner.py:266} INFO - Task exited with return code 0
[2025-06-24T13:43:37.939+0900] {taskinstance.py:3901} INFO - 0 downstream tasks scheduled from follow-on schedule check
[2025-06-24T13:43:37.946+0900] {local_task_job_runner.py:245} INFO - ::endgroup::
