[2025-06-23T15:53:58.286+0900] {local_task_job_runner.py:123} INFO - ::group::Pre task execution logs
[2025-06-23T15:53:58.369+0900] {taskinstance.py:2614} INFO - Dependencies all met for dep_context=non-requeueable deps ti=<TaskInstance: lilt_document_classifier_balanced_V0.1.img_preprocess_task manual__2025-06-23T06:45:10.371530+00:00 map_index=19 [queued]>
[2025-06-23T15:53:58.404+0900] {taskinstance.py:2614} INFO - Dependencies all met for dep_context=requeueable deps ti=<TaskInstance: lilt_document_classifier_balanced_V0.1.img_preprocess_task manual__2025-06-23T06:45:10.371530+00:00 map_index=19 [queued]>
[2025-06-23T15:53:58.405+0900] {taskinstance.py:2867} INFO - Starting attempt 1 of 1
[2025-06-23T15:53:58.429+0900] {taskinstance.py:2890} INFO - Executing <Mapped(_PythonDecoratedOperator): img_preprocess_task> on 2025-06-23 06:45:10.371530+00:00
[2025-06-23T15:53:58.459+0900] {warnings.py:112} WARNING - /home/***/.local/lib/python3.12/site-packages/***/task/task_runner/standard_task_runner.py:70: DeprecationWarning: This process (pid=2650) is multi-threaded, use of fork() may lead to deadlocks in the child.
  pid = os.fork()

[2025-06-23T15:53:58.465+0900] {standard_task_runner.py:104} INFO - Running: ['***', 'tasks', 'run', 'lilt_document_classifier_balanced_V0.1', 'img_preprocess_task', 'manual__2025-06-23T06:45:10.371530+00:00', '--job-id', '3149', '--raw', '--subdir', 'DAGS_FOLDER/class_create_dag.py', '--cfg-path', '/tmp/tmpp6drq6fa', '--map-index', '19']
[2025-06-23T15:53:58.473+0900] {standard_task_runner.py:105} INFO - Job 3149: Subtask img_preprocess_task
[2025-06-23T15:53:58.475+0900] {standard_task_runner.py:72} INFO - Started process 2659 to run task
[2025-06-23T15:53:58.565+0900] {task_command.py:467} INFO - Running <TaskInstance: lilt_document_classifier_balanced_V0.1.img_preprocess_task manual__2025-06-23T06:45:10.371530+00:00 map_index=19 [running]> on host f6d4228a9eb8
[2025-06-23T15:53:58.819+0900] {taskinstance.py:3134} INFO - Exporting env vars: AIRFLOW_CTX_DAG_OWNER='***' AIRFLOW_CTX_DAG_ID='lilt_document_classifier_balanced_V0.1' AIRFLOW_CTX_TASK_ID='img_preprocess_task' AIRFLOW_CTX_EXECUTION_DATE='2025-06-23T06:45:10.371530+00:00' AIRFLOW_CTX_TRY_NUMBER='1' AIRFLOW_CTX_DAG_RUN_ID='manual__2025-06-23T06:45:10.371530+00:00'
[2025-06-23T15:53:58.822+0900] {taskinstance.py:732} INFO - ::endgroup::
[2025-06-23T15:53:58.825+0900] {logging_mixin.py:190} INFO - empty map check {} {'process_id': '_866c03a3-fa28-419f-914b-1a1b8a76eb60_pre', 'folder_path': '27eaeaad-bfb3-42db-a408-2808f31b1230/866c03a3-fa28-419f-914b-1a1b8a76eb60', 'step_list': [{'name': 'cache', 'param': {'key': 'origin'}}, {'name': 'calc_angle_set2', 'param': {'key': 'angle1', 'iterations': 4, 'iter_save': False}}, {'name': 'text_orientation_set', 'param': {'key': 'angle2', 'iterations': 4, 'iter_save': False}}, {'name': 'load', 'param': {'key': 'origin'}}, {'name': 'rotate', 'param': {'key': 'angle1'}}, {'name': 'rotate', 'param': {'key': 'angle2'}}], 'result_file_map': {}}
[2025-06-23T15:53:58.832+0900] {logging_mixin.py:190} INFO - step : cache
[2025-06-23T15:53:58.833+0900] {logging_mixin.py:190} INFO - step : calc_angle_set2
[2025-06-23T15:54:30.145+0900] {logging_mixin.py:190} INFO - osd 1 5.0 5.0 40 1388176 [1189918, 1144787, 1096772, 1047679, 999355, 949574, 898906, 846979, 797083, 744307, 696142, 648722, 601797, 557562, 519392, 476975, 435662, 394586, 353690, 312317, 275537, 314129, 357537, 404019, 451642, 502269, 554377, 604809, 661512, 718400, 775150, 831224, 893189, 951936, 1013884, 1074417, 1137772, 1200182, 1263836, 1327294, 1388176]
[2025-06-23T15:55:06.631+0900] {logging_mixin.py:190} INFO - osd 2 0.0 -5.0 0 2951726 [2951726, 2869509, 2790505, 2705967, 2618835, 2535036, 2452819, 2365982, 2284294, 2194501, 2113665, 2029772, 1945985, 1866890, 1781452, 1703787, 1622758, 1547736, 1478548, 1401945, 1331516, 1401999, 1477276, 1546173, 1617627, 1695512, 1767872, 1846785, 1917869, 1992800, 2068560, 2141308, 2225323, 2301099, 2381385, 2458555, 2537792, 2621527, 2703753, 2780048, 2863395]
[2025-06-23T15:55:53.610+0900] {logging_mixin.py:190} INFO - osd 3 5.0 5.0 40 4840005 [4616306, 4533886, 4458988, 4377399, 4302001, 4220660, 4140080, 4045950, 3957668, 3868258, 3781497, 3693518, 3600210, 3511629, 3419903, 3331157, 3239668, 3147270, 3055416, 2965050, 2875668, 2969967, 3066344, 3163188, 3260158, 3357830, 3452091, 3550474, 3645285, 3745096, 3840905, 3934924, 4030818, 4128638, 4232035, 4327127, 4429187, 4526035, 4632440, 4732022, 4840005]
[2025-06-23T15:56:58.508+0900] {logging_mixin.py:190} INFO - osd 4 0.0 -5.0 0 7247872 [7247872, 7121646, 6994232, 6867402, 6740666, 6614485, 6482184, 6350699, 6226641, 6095468, 5972638, 5835563, 5713290, 5580020, 5450810, 5325962, 5198948, 5068179, 4938154, 4808147, 4691544, 4800782, 4920718, 5043221, 5167785, 5289702, 5409994, 5534768, 5665368, 5785373, 5919299, 6042397, 6174517, 6301345, 6433737, 6571277, 6703134, 6837335, 6972577, 7107930, 7245690]
[2025-06-23T15:56:58.999+0900] {logging_mixin.py:190} INFO - step : text_orientation_set
[2025-06-23T15:57:26.006+0900] {logging_mixin.py:190} INFO - osd 1 break  0 0 10.88 Japanese 0.53
[2025-06-23T15:57:26.007+0900] {logging_mixin.py:190} INFO - step : load
[2025-06-23T15:57:26.013+0900] {logging_mixin.py:190} INFO - step : rotate
[2025-06-23T15:57:26.154+0900] {logging_mixin.py:190} INFO - step : rotate
[2025-06-23T15:57:26.662+0900] {logging_mixin.py:190} INFO - file_copy: /opt/***/data/temp/27eaeaad-bfb3-42db-a408-2808f31b1230/866c03a3-fa28-419f-914b-1a1b8a76eb60/_result.png
[2025-06-23T15:57:26.685+0900] {python.py:240} INFO - Done. Returned value was: {'file_id': '27eaeaad-bfb3-42db-a408-2808f31b1230', 'file_path': '/opt/***/data/class/a_class/classify/ready/true/여의도동 삼보빌딩 - 정부24 - 건축물대장 등본(초본) 발급(열람) _ 문서출력_page_1_aug0.png', 'true': {'process_id': '_866c03a3-fa28-419f-914b-1a1b8a76eb60_pre', 'folder_path': '27eaeaad-bfb3-42db-a408-2808f31b1230/866c03a3-fa28-419f-914b-1a1b8a76eb60', 'step_list': [{'name': 'cache', 'param': {'key': 'origin'}}, {'name': 'calc_angle_set2', 'param': {'key': 'angle1', 'iterations': 4, 'iter_save': False}}, {'name': 'text_orientation_set', 'param': {'key': 'angle2', 'iterations': 4, 'iter_save': False}}, {'name': 'load', 'param': {'key': 'origin'}}, {'name': 'rotate', 'param': {'key': 'angle1'}}, {'name': 'rotate', 'param': {'key': 'angle2'}}], 'result_file_map': {'_result': '/opt/***/data/temp/27eaeaad-bfb3-42db-a408-2808f31b1230/866c03a3-fa28-419f-914b-1a1b8a76eb60/_result.png'}}}
[2025-06-23T15:57:26.760+0900] {taskinstance.py:341} INFO - ::group::Post task execution logs
[2025-06-23T15:57:26.760+0900] {taskinstance.py:353} INFO - Marking task as SUCCESS. dag_id=lilt_document_classifier_balanced_V0.1, task_id=img_preprocess_task, run_id=manual__2025-06-23T06:45:10.371530+00:00, map_index=19, execution_date=20250623T064510, start_date=20250623T065358, end_date=20250623T065726
[2025-06-23T15:57:26.831+0900] {local_task_job_runner.py:266} INFO - Task exited with return code 0
[2025-06-23T15:57:26.862+0900] {taskinstance.py:3901} INFO - 0 downstream tasks scheduled from follow-on schedule check
[2025-06-23T15:57:26.871+0900] {local_task_job_runner.py:245} INFO - ::endgroup::
