[2025-06-19T18:34:57.625+0900] {local_task_job_runner.py:123} INFO - ::group::Pre task execution logs
[2025-06-19T18:34:57.742+0900] {taskinstance.py:2614} INFO - Dependencies all met for dep_context=non-requeueable deps ti=<TaskInstance: lilt_document_classifier_balanced_V0.1.img_preprocess_task manual__2025-06-19T09:32:07.760195+00:00 map_index=49 [queued]>
[2025-06-19T18:34:57.792+0900] {taskinstance.py:2614} INFO - Dependencies all met for dep_context=requeueable deps ti=<TaskInstance: lilt_document_classifier_balanced_V0.1.img_preprocess_task manual__2025-06-19T09:32:07.760195+00:00 map_index=49 [queued]>
[2025-06-19T18:34:57.792+0900] {taskinstance.py:2867} INFO - Starting attempt 1 of 1
[2025-06-19T18:34:57.844+0900] {taskinstance.py:2890} INFO - Executing <Mapped(_PythonDecoratedOperator): img_preprocess_task> on 2025-06-19 09:32:07.760195+00:00
[2025-06-19T18:34:57.881+0900] {standard_task_runner.py:104} INFO - Running: ['***', 'tasks', 'run', 'lilt_document_classifier_balanced_V0.1', 'img_preprocess_task', 'manual__2025-06-19T09:32:07.760195+00:00', '--job-id', '1794', '--raw', '--subdir', 'DAGS_FOLDER/class_create_dag.py', '--cfg-path', '/tmp/tmpmjo_a3mp', '--map-index', '49']
[2025-06-19T18:34:57.884+0900] {standard_task_runner.py:105} INFO - Job 1794: Subtask img_preprocess_task
[2025-06-19T18:34:57.899+0900] {warnings.py:112} WARNING - /home/***/.local/lib/python3.12/site-packages/***/task/task_runner/standard_task_runner.py:70: DeprecationWarning: This process (pid=11536) is multi-threaded, use of fork() may lead to deadlocks in the child.
  pid = os.fork()

[2025-06-19T18:34:57.905+0900] {standard_task_runner.py:72} INFO - Started process 11605 to run task
[2025-06-19T18:34:57.965+0900] {task_command.py:467} INFO - Running <TaskInstance: lilt_document_classifier_balanced_V0.1.img_preprocess_task manual__2025-06-19T09:32:07.760195+00:00 map_index=49 [running]> on host f6d4228a9eb8
[2025-06-19T18:34:58.201+0900] {taskinstance.py:3134} INFO - Exporting env vars: AIRFLOW_CTX_DAG_OWNER='***' AIRFLOW_CTX_DAG_ID='lilt_document_classifier_balanced_V0.1' AIRFLOW_CTX_TASK_ID='img_preprocess_task' AIRFLOW_CTX_EXECUTION_DATE='2025-06-19T09:32:07.760195+00:00' AIRFLOW_CTX_TRY_NUMBER='1' AIRFLOW_CTX_DAG_RUN_ID='manual__2025-06-19T09:32:07.760195+00:00'
[2025-06-19T18:34:58.205+0900] {taskinstance.py:732} INFO - ::endgroup::
[2025-06-19T18:34:58.211+0900] {logging_mixin.py:190} INFO - empty map check {} {'process_id': '_9d4f8831-1227-48bd-b365-5b2165b2c4be_pre', 'folder_path': '439b7f3c-b930-4b55-992a-58841f0e4a8c/9d4f8831-1227-48bd-b365-5b2165b2c4be', 'step_list': [{'name': 'cache', 'param': {'key': 'origin'}}, {'name': 'calc_angle_set1', 'param': {'key': 'angle1', 'iterations': 4, 'iter_save': False}}, {'name': 'text_orientation_set', 'param': {'key': 'angle2', 'iterations': 4, 'iter_save': False}}, {'name': 'load', 'param': {'key': 'origin'}}, {'name': 'rotate', 'param': {'key': 'angle1'}}, {'name': 'rotate', 'param': {'key': 'angle2'}}], 'result_file_map': {}}
[2025-06-19T18:34:58.216+0900] {logging_mixin.py:190} INFO - step : cache
[2025-06-19T18:34:58.216+0900] {logging_mixin.py:190} INFO - step : calc_angle_set1
[2025-06-19T18:34:58.494+0900] {logging_mixin.py:190} INFO - step : text_orientation_set
[2025-06-19T18:35:22.356+0900] {logging_mixin.py:190} INFO - osd 1 break  0 0 8.13 Japanese 0.06
[2025-06-19T18:35:22.364+0900] {logging_mixin.py:190} INFO - step : load
[2025-06-19T18:35:22.374+0900] {logging_mixin.py:190} INFO - step : rotate
[2025-06-19T18:35:23.096+0900] {logging_mixin.py:190} INFO - step : rotate
[2025-06-19T18:35:23.413+0900] {logging_mixin.py:190} INFO - file_copy: /opt/***/data/temp/439b7f3c-b930-4b55-992a-58841f0e4a8c/9d4f8831-1227-48bd-b365-5b2165b2c4be/_result.png
[2025-06-19T18:35:23.439+0900] {python.py:240} INFO - Done. Returned value was: {'file_id': '439b7f3c-b930-4b55-992a-58841f0e4a8c', 'file_path': '/opt/***/data/class/a_class/classify/ready/true/거제동 고성빌딩 - 정부24 - 건축물대장 등본(초본) 발급(열람) _ 문서출력_page_1_aug1.png', 'true': {'process_id': '_9d4f8831-1227-48bd-b365-5b2165b2c4be_pre', 'folder_path': '439b7f3c-b930-4b55-992a-58841f0e4a8c/9d4f8831-1227-48bd-b365-5b2165b2c4be', 'step_list': [{'name': 'cache', 'param': {'key': 'origin'}}, {'name': 'calc_angle_set1', 'param': {'key': 'angle1', 'iterations': 4, 'iter_save': False}}, {'name': 'text_orientation_set', 'param': {'key': 'angle2', 'iterations': 4, 'iter_save': False}}, {'name': 'load', 'param': {'key': 'origin'}}, {'name': 'rotate', 'param': {'key': 'angle1'}}, {'name': 'rotate', 'param': {'key': 'angle2'}}], 'result_file_map': {'_result': '/opt/***/data/temp/439b7f3c-b930-4b55-992a-58841f0e4a8c/9d4f8831-1227-48bd-b365-5b2165b2c4be/_result.png'}}}
[2025-06-19T18:35:23.688+0900] {taskinstance.py:341} INFO - ::group::Post task execution logs
[2025-06-19T18:35:23.699+0900] {taskinstance.py:353} INFO - Marking task as SUCCESS. dag_id=lilt_document_classifier_balanced_V0.1, task_id=img_preprocess_task, run_id=manual__2025-06-19T09:32:07.760195+00:00, map_index=49, execution_date=20250619T093207, start_date=20250619T093457, end_date=20250619T093523
[2025-06-19T18:35:24.025+0900] {local_task_job_runner.py:266} INFO - Task exited with return code 0
[2025-06-19T18:35:24.084+0900] {local_task_job_runner.py:245} INFO - ::endgroup::
