[2025-06-23T15:46:10.206+0900] {local_task_job_runner.py:123} INFO - ::group::Pre task execution logs
[2025-06-23T15:46:10.493+0900] {taskinstance.py:2614} INFO - Dependencies all met for dep_context=non-requeueable deps ti=<TaskInstance: lilt_document_classifier_balanced_V0.1.img_preprocess_task__1 manual__2025-06-23T06:45:10.371530+00:00 map_index=2 [queued]>
[2025-06-23T15:46:10.706+0900] {taskinstance.py:2614} INFO - Dependencies all met for dep_context=requeueable deps ti=<TaskInstance: lilt_document_classifier_balanced_V0.1.img_preprocess_task__1 manual__2025-06-23T06:45:10.371530+00:00 map_index=2 [queued]>
[2025-06-23T15:46:10.738+0900] {taskinstance.py:2867} INFO - Starting attempt 1 of 1
[2025-06-23T15:46:11.165+0900] {taskinstance.py:2890} INFO - Executing <Mapped(_PythonDecoratedOperator): img_preprocess_task__1> on 2025-06-23 06:45:10.371530+00:00
[2025-06-23T15:46:11.197+0900] {warnings.py:112} WARNING - /home/***/.local/lib/python3.12/site-packages/***/task/task_runner/standard_task_runner.py:70: DeprecationWarning: This process (pid=2975) is multi-threaded, use of fork() may lead to deadlocks in the child.
  pid = os.fork()

[2025-06-23T15:46:11.203+0900] {standard_task_runner.py:72} INFO - Started process 3126 to run task
[2025-06-23T15:46:11.211+0900] {standard_task_runner.py:104} INFO - Running: ['***', 'tasks', 'run', 'lilt_document_classifier_balanced_V0.1', 'img_preprocess_task__1', 'manual__2025-06-23T06:45:10.371530+00:00', '--job-id', '2911', '--raw', '--subdir', 'DAGS_FOLDER/class_create_dag.py', '--cfg-path', '/tmp/tmpfl3jxb43', '--map-index', '2']
[2025-06-23T15:46:11.219+0900] {standard_task_runner.py:105} INFO - Job 2911: Subtask img_preprocess_task__1
[2025-06-23T15:46:11.429+0900] {task_command.py:467} INFO - Running <TaskInstance: lilt_document_classifier_balanced_V0.1.img_preprocess_task__1 manual__2025-06-23T06:45:10.371530+00:00 map_index=2 [running]> on host f6d4228a9eb8
[2025-06-23T15:46:12.171+0900] {taskinstance.py:3134} INFO - Exporting env vars: AIRFLOW_CTX_DAG_OWNER='***' AIRFLOW_CTX_DAG_ID='lilt_document_classifier_balanced_V0.1' AIRFLOW_CTX_TASK_ID='img_preprocess_task__1' AIRFLOW_CTX_EXECUTION_DATE='2025-06-23T06:45:10.371530+00:00' AIRFLOW_CTX_TRY_NUMBER='1' AIRFLOW_CTX_DAG_RUN_ID='manual__2025-06-23T06:45:10.371530+00:00'
[2025-06-23T15:46:12.200+0900] {taskinstance.py:732} INFO - ::endgroup::
[2025-06-23T15:46:12.222+0900] {logging_mixin.py:190} INFO - empty map check {} {'process_id': '_1532debc-ffd6-413d-b7ff-3c84c29bf328_pre', 'folder_path': 'c7611a49-6c67-4188-99e0-d0a03dcf0c15/1532debc-ffd6-413d-b7ff-3c84c29bf328', 'step_list': [{'name': 'cache', 'param': {'key': 'origin'}}, {'name': 'calc_angle_set2', 'param': {'key': 'angle1', 'iterations': 4, 'iter_save': False}}, {'name': 'text_orientation_set', 'param': {'key': 'angle2', 'iterations': 4, 'iter_save': False}}, {'name': 'load', 'param': {'key': 'origin'}}, {'name': 'rotate', 'param': {'key': 'angle1'}}, {'name': 'rotate', 'param': {'key': 'angle2'}}], 'result_file_map': {}}
[2025-06-23T15:46:12.228+0900] {logging_mixin.py:190} INFO - step : cache
[2025-06-23T15:46:12.245+0900] {logging_mixin.py:190} INFO - step : calc_angle_set2
[2025-06-23T15:46:42.745+0900] {logging_mixin.py:190} INFO - osd 1 0 0 19 43 [0, 0, 0, 0, 0, 0, 0, 0, 0, 0, 0, 0, 0, 0, 0, 1, 18, 22, 22, 43, 22, 22, 30, 21, 0, 1, 0, 0, 0, 0, 0, 0, 0, 0, 0, 0, 0, 0, 0, 0, 0]
[2025-06-23T15:46:50.291+0900] {logging_mixin.py:190} INFO - osd 2 0 0 19 43 [0, 0, 0, 0, 0, 0, 0, 0, 0, 0, 0, 0, 0, 0, 0, 1, 18, 22, 22, 43, 22, 22, 30, 21, 0, 1, 0, 0, 0, 0, 0, 0, 0, 0, 0, 0, 0, 0, 0, 0, 0]
[2025-06-23T15:46:57.618+0900] {logging_mixin.py:190} INFO - osd 3 0 0 19 43 [0, 0, 0, 0, 0, 0, 0, 0, 0, 0, 0, 0, 0, 0, 0, 1, 18, 22, 22, 43, 22, 22, 30, 21, 0, 1, 0, 0, 0, 0, 0, 0, 0, 0, 0, 0, 0, 0, 0, 0, 0]
[2025-06-23T15:47:03.210+0900] {logging_mixin.py:190} INFO - osd 4 0 0 19 43 [0, 0, 0, 0, 0, 0, 0, 0, 0, 0, 0, 0, 0, 0, 0, 1, 18, 22, 22, 43, 22, 22, 30, 21, 0, 1, 0, 0, 0, 0, 0, 0, 0, 0, 0, 0, 0, 0, 0, 0, 0]
[2025-06-23T15:47:03.304+0900] {logging_mixin.py:190} INFO - step : text_orientation_set
[2025-06-23T15:47:10.636+0900] {logging_mixin.py:190} INFO - osd 1 break  0 0 0.11 Latin 0.95
[2025-06-23T15:47:10.655+0900] {logging_mixin.py:190} INFO - step : load
[2025-06-23T15:47:10.659+0900] {logging_mixin.py:190} INFO - step : rotate
[2025-06-23T15:47:10.694+0900] {logging_mixin.py:190} INFO - step : rotate
[2025-06-23T15:47:10.766+0900] {logging_mixin.py:190} INFO - file_copy: /opt/***/data/temp/c7611a49-6c67-4188-99e0-d0a03dcf0c15/1532debc-ffd6-413d-b7ff-3c84c29bf328/_result.png
[2025-06-23T15:47:10.785+0900] {python.py:240} INFO - Done. Returned value was: {'file_id': 'c7611a49-6c67-4188-99e0-d0a03dcf0c15', 'file_path': '/opt/***/data/class/a_class/classify/ready/false/copied_47_2085135827b.png', 'false': {'process_id': '_1532debc-ffd6-413d-b7ff-3c84c29bf328_pre', 'folder_path': 'c7611a49-6c67-4188-99e0-d0a03dcf0c15/1532debc-ffd6-413d-b7ff-3c84c29bf328', 'step_list': [{'name': 'cache', 'param': {'key': 'origin'}}, {'name': 'calc_angle_set2', 'param': {'key': 'angle1', 'iterations': 4, 'iter_save': False}}, {'name': 'text_orientation_set', 'param': {'key': 'angle2', 'iterations': 4, 'iter_save': False}}, {'name': 'load', 'param': {'key': 'origin'}}, {'name': 'rotate', 'param': {'key': 'angle1'}}, {'name': 'rotate', 'param': {'key': 'angle2'}}], 'result_file_map': {'_result': '/opt/***/data/temp/c7611a49-6c67-4188-99e0-d0a03dcf0c15/1532debc-ffd6-413d-b7ff-3c84c29bf328/_result.png'}}}
[2025-06-23T15:47:10.853+0900] {taskinstance.py:341} INFO - ::group::Post task execution logs
[2025-06-23T15:47:10.858+0900] {taskinstance.py:353} INFO - Marking task as SUCCESS. dag_id=lilt_document_classifier_balanced_V0.1, task_id=img_preprocess_task__1, run_id=manual__2025-06-23T06:45:10.371530+00:00, map_index=2, execution_date=20250623T064510, start_date=20250623T064610, end_date=20250623T064710
[2025-06-23T15:47:11.044+0900] {local_task_job_runner.py:266} INFO - Task exited with return code 0
[2025-06-23T15:47:11.227+0900] {taskinstance.py:3901} INFO - 0 downstream tasks scheduled from follow-on schedule check
[2025-06-23T15:47:11.248+0900] {local_task_job_runner.py:245} INFO - ::endgroup::
