[2025-06-13T17:54:12.140+0900] {local_task_job_runner.py:123} INFO - ::group::Pre task execution logs
[2025-06-13T17:54:12.163+0900] {taskinstance.py:2614} INFO - Dependencies all met for dep_context=non-requeueable deps ti=<TaskInstance: image_ocr_v2.img_preprocess_task manual__2025-06-13T08:54:02.665660+00:00 map_index=1 [queued]>
[2025-06-13T17:54:12.175+0900] {taskinstance.py:2614} INFO - Dependencies all met for dep_context=requeueable deps ti=<TaskInstance: image_ocr_v2.img_preprocess_task manual__2025-06-13T08:54:02.665660+00:00 map_index=1 [queued]>
[2025-06-13T17:54:12.176+0900] {taskinstance.py:2867} INFO - Starting attempt 1 of 1
[2025-06-13T17:54:12.189+0900] {taskinstance.py:2890} INFO - Executing <Mapped(_PythonDecoratedOperator): img_preprocess_task> on 2025-06-13 08:54:02.665660+00:00
[2025-06-13T17:54:12.195+0900] {warnings.py:112} WARNING - /home/***/.local/lib/python3.12/site-packages/***/task/task_runner/standard_task_runner.py:70: DeprecationWarning: This process (pid=3319) is multi-threaded, use of fork() may lead to deadlocks in the child.
  pid = os.fork()

[2025-06-13T17:54:12.197+0900] {standard_task_runner.py:72} INFO - Started process 3325 to run task
[2025-06-13T17:54:12.197+0900] {standard_task_runner.py:104} INFO - Running: ['***', 'tasks', 'run', 'image_ocr_v2', 'img_preprocess_task', 'manual__2025-06-13T08:54:02.665660+00:00', '--job-id', '57', '--raw', '--subdir', 'DAGS_FOLDER/test_dag.py', '--cfg-path', '/tmp/tmpdl71r4vl', '--map-index', '1']
[2025-06-13T17:54:12.199+0900] {standard_task_runner.py:105} INFO - Job 57: Subtask img_preprocess_task
[2025-06-13T17:54:12.251+0900] {task_command.py:467} INFO - Running <TaskInstance: image_ocr_v2.img_preprocess_task manual__2025-06-13T08:54:02.665660+00:00 map_index=1 [running]> on host f6d4228a9eb8
[2025-06-13T17:54:12.347+0900] {taskinstance.py:3134} INFO - Exporting env vars: AIRFLOW_CTX_DAG_OWNER='***' AIRFLOW_CTX_DAG_ID='image_ocr_v2' AIRFLOW_CTX_TASK_ID='img_preprocess_task' AIRFLOW_CTX_EXECUTION_DATE='2025-06-13T08:54:02.665660+00:00' AIRFLOW_CTX_TRY_NUMBER='1' AIRFLOW_CTX_DAG_RUN_ID='manual__2025-06-13T08:54:02.665660+00:00'
[2025-06-13T17:54:12.350+0900] {taskinstance.py:732} INFO - ::endgroup::
[2025-06-13T17:54:12.354+0900] {logging_mixin.py:190} INFO - empty map check {} {'process_id': '_4dddc681-bd32-4ba8-a787-b22ddcf45cbc_pre', 'folder_path': 'a0a1613e-33b4-4de2-8bb4-11036944c10c/4dddc681-bd32-4ba8-a787-b22ddcf45cbc', 'step_list': [{'name': 'cache', 'param': {'key': 'origin'}}, {'name': 'calc_angle_set1', 'param': {'key': 'angle1', 'iterations': 3}}, {'name': 'save', 'param': {'key': 'rotate1'}}, {'name': 'calc_angle_set2', 'param': {'key': 'angle2', 'iterations': 3}}, {'name': 'save', 'param': {'key': 'rotate2'}}, {'name': 'threshold', 'param': {}}, {'name': 'morphology1', 'param': {}}, {'name': 'scale1', 'param': {'width': 500, 'height': 500}}, {'name': 'save', 'param': {'key': 'classify_preprocess'}}], 'result_file_list': []}
[2025-06-13T17:54:12.355+0900] {logging_mixin.py:190} INFO - step : cache
[2025-06-13T17:54:12.355+0900] {logging_mixin.py:190} INFO - step : calc_angle_set1
[2025-06-13T17:54:12.399+0900] {logging_mixin.py:190} INFO - angle1 :  0 0.0889300352301774 -89.78179079570764 -89.78179079570764 89.95965086616799 89.95965086616799
[2025-06-13T17:54:12.399+0900] {logging_mixin.py:190} INFO - step : save
[2025-06-13T17:54:12.788+0900] {logging_mixin.py:190} INFO - file_copy: /opt/***/data/temp/a0a1613e-33b4-4de2-8bb4-11036944c10c/4dddc681-bd32-4ba8-a787-b22ddcf45cbc/rotate1.png
[2025-06-13T17:54:12.800+0900] {logging_mixin.py:190} INFO - step : calc_angle_set2
[2025-06-13T17:54:18.806+0900] {logging_mixin.py:190} INFO - file_copy: /opt/***/data/temp/a0a1613e-33b4-4de2-8bb4-11036944c10c/4dddc681-bd32-4ba8-a787-b22ddcf45cbc/rotate2_1.png
[2025-06-13T17:54:20.352+0900] {logging_mixin.py:190} INFO - osd 1 270 270 5.35 Latin 1.73
[2025-06-13T17:54:26.766+0900] {logging_mixin.py:190} INFO - file_copy: /opt/***/data/temp/a0a1613e-33b4-4de2-8bb4-11036944c10c/4dddc681-bd32-4ba8-a787-b22ddcf45cbc/rotate2_2.png
[2025-06-13T17:54:28.211+0900] {logging_mixin.py:190} INFO - osd 2 450 180 3.32 Cyrillic 2.35
[2025-06-13T17:54:33.935+0900] {logging_mixin.py:190} INFO - file_copy: /opt/***/data/temp/a0a1613e-33b4-4de2-8bb4-11036944c10c/4dddc681-bd32-4ba8-a787-b22ddcf45cbc/rotate2_3.png
[2025-06-13T17:54:35.302+0900] {logging_mixin.py:190} INFO - step : save
[2025-06-13T17:54:35.567+0900] {logging_mixin.py:190} INFO - file_copy: /opt/***/data/temp/a0a1613e-33b4-4de2-8bb4-11036944c10c/4dddc681-bd32-4ba8-a787-b22ddcf45cbc/rotate2.png
[2025-06-13T17:54:35.575+0900] {logging_mixin.py:190} INFO - step : threshold
[2025-06-13T17:54:35.671+0900] {logging_mixin.py:190} INFO - step : morphology1
[2025-06-13T17:54:35.683+0900] {logging_mixin.py:190} INFO - step : scale1
[2025-06-13T17:54:35.689+0900] {logging_mixin.py:190} INFO - step : save
[2025-06-13T17:54:35.697+0900] {logging_mixin.py:190} INFO - file_copy: /opt/***/data/temp/a0a1613e-33b4-4de2-8bb4-11036944c10c/4dddc681-bd32-4ba8-a787-b22ddcf45cbc/classify_preprocess.png
[2025-06-13T17:54:35.703+0900] {python.py:240} INFO - Done. Returned value was: {'file_id': 'a0a1613e-33b4-4de2-8bb4-11036944c10c', 'file_path': '/opt/***/data/upload/Gas Engine 점검일지_ 2021년 2월.pdf-image-007.jpg', 'preprocess_list': [{'process_id': '_4dddc681-bd32-4ba8-a787-b22ddcf45cbc_pre', 'folder_path': 'a0a1613e-33b4-4de2-8bb4-11036944c10c/4dddc681-bd32-4ba8-a787-b22ddcf45cbc', 'step_list': [{'name': 'cache', 'param': {'key': 'origin'}}, {'name': 'calc_angle_set1', 'param': {'key': 'angle1', 'iterations': 3}}, {'name': 'save', 'param': {'key': 'rotate1'}}, {'name': 'calc_angle_set2', 'param': {'key': 'angle2', 'iterations': 3}}, {'name': 'save', 'param': {'key': 'rotate2'}}, {'name': 'threshold', 'param': {}}, {'name': 'morphology1', 'param': {}}, {'name': 'scale1', 'param': {'width': 500, 'height': 500}}, {'name': 'save', 'param': {'key': 'classify_preprocess'}}], 'result_file_list': [{'key': 'rotate1', 'path': '/opt/***/data/temp/a0a1613e-33b4-4de2-8bb4-11036944c10c/4dddc681-bd32-4ba8-a787-b22ddcf45cbc/rotate1.png'}, {'key': 'rotate2_1', 'path': '/opt/***/data/temp/a0a1613e-33b4-4de2-8bb4-11036944c10c/4dddc681-bd32-4ba8-a787-b22ddcf45cbc/rotate2_1.png'}, {'key': 'rotate2_2', 'path': '/opt/***/data/temp/a0a1613e-33b4-4de2-8bb4-11036944c10c/4dddc681-bd32-4ba8-a787-b22ddcf45cbc/rotate2_2.png'}, {'key': 'rotate2_3', 'path': '/opt/***/data/temp/a0a1613e-33b4-4de2-8bb4-11036944c10c/4dddc681-bd32-4ba8-a787-b22ddcf45cbc/rotate2_3.png'}, {'key': 'rotate2', 'path': '/opt/***/data/temp/a0a1613e-33b4-4de2-8bb4-11036944c10c/4dddc681-bd32-4ba8-a787-b22ddcf45cbc/rotate2.png'}, {'key': 'classify_preprocess', 'path': '/opt/***/data/temp/a0a1613e-33b4-4de2-8bb4-11036944c10c/4dddc681-bd32-4ba8-a787-b22ddcf45cbc/classify_preprocess.png'}]}]}
[2025-06-13T17:54:35.733+0900] {taskinstance.py:341} INFO - ::group::Post task execution logs
[2025-06-13T17:54:35.735+0900] {taskinstance.py:353} INFO - Marking task as SUCCESS. dag_id=image_ocr_v2, task_id=img_preprocess_task, run_id=manual__2025-06-13T08:54:02.665660+00:00, map_index=1, execution_date=20250613T085402, start_date=20250613T085412, end_date=20250613T085435
[2025-06-13T17:54:35.780+0900] {local_task_job_runner.py:266} INFO - Task exited with return code 0
[2025-06-13T17:54:35.801+0900] {taskinstance.py:3901} INFO - 1 downstream tasks scheduled from follow-on schedule check
[2025-06-13T17:54:35.803+0900] {local_task_job_runner.py:245} INFO - ::endgroup::
