[2025-06-24T11:54:04.504+0900] {local_task_job_runner.py:123} INFO - ::group::Pre task execution logs
[2025-06-24T11:54:04.730+0900] {taskinstance.py:2614} INFO - Dependencies all met for dep_context=non-requeueable deps ti=<TaskInstance: lilt_document_classifier_balanced_V0.1.img_preprocess_task manual__2025-06-24T02:31:44.485922+00:00 map_index=82 [queued]>
[2025-06-24T11:54:04.924+0900] {taskinstance.py:2614} INFO - Dependencies all met for dep_context=requeueable deps ti=<TaskInstance: lilt_document_classifier_balanced_V0.1.img_preprocess_task manual__2025-06-24T02:31:44.485922+00:00 map_index=82 [queued]>
[2025-06-24T11:54:04.926+0900] {taskinstance.py:2867} INFO - Starting attempt 1 of 1
[2025-06-24T11:54:04.985+0900] {taskinstance.py:2890} INFO - Executing <Mapped(_PythonDecoratedOperator): img_preprocess_task> on 2025-06-24 02:31:44.485922+00:00
[2025-06-24T11:54:05.033+0900] {standard_task_runner.py:104} INFO - Running: ['***', 'tasks', 'run', 'lilt_document_classifier_balanced_V0.1', 'img_preprocess_task', 'manual__2025-06-24T02:31:44.485922+00:00', '--job-id', '3902', '--raw', '--subdir', 'DAGS_FOLDER/class_create_dag.py', '--cfg-path', '/tmp/tmpkbpz2pl3', '--map-index', '82']
[2025-06-24T11:54:05.032+0900] {warnings.py:112} WARNING - /home/***/.local/lib/python3.12/site-packages/***/task/task_runner/standard_task_runner.py:70: DeprecationWarning: This process (pid=36839) is multi-threaded, use of fork() may lead to deadlocks in the child.
  pid = os.fork()

[2025-06-24T11:54:05.042+0900] {standard_task_runner.py:105} INFO - Job 3902: Subtask img_preprocess_task
[2025-06-24T11:54:05.042+0900] {standard_task_runner.py:72} INFO - Started process 36850 to run task
[2025-06-24T11:54:05.165+0900] {task_command.py:467} INFO - Running <TaskInstance: lilt_document_classifier_balanced_V0.1.img_preprocess_task manual__2025-06-24T02:31:44.485922+00:00 map_index=82 [running]> on host f6d4228a9eb8
[2025-06-24T11:54:05.632+0900] {taskinstance.py:3134} INFO - Exporting env vars: AIRFLOW_CTX_DAG_OWNER='***' AIRFLOW_CTX_DAG_ID='lilt_document_classifier_balanced_V0.1' AIRFLOW_CTX_TASK_ID='img_preprocess_task' AIRFLOW_CTX_EXECUTION_DATE='2025-06-24T02:31:44.485922+00:00' AIRFLOW_CTX_TRY_NUMBER='1' AIRFLOW_CTX_DAG_RUN_ID='manual__2025-06-24T02:31:44.485922+00:00'
[2025-06-24T11:54:05.636+0900] {taskinstance.py:732} INFO - ::endgroup::
[2025-06-24T11:54:05.644+0900] {logging_mixin.py:190} INFO - empty map check {} {'process_id': '_79bf8eed-639c-406a-9ee8-977aeec89515_pre', 'folder_path': 'd50ad6a5-238f-47c3-96c3-a6d86b41a977/79bf8eed-639c-406a-9ee8-977aeec89515', 'step_list': [{'name': 'cache', 'param': {'key': 'origin'}}, {'name': 'calc_angle_set2', 'param': {'key': 'angle1', 'iterations': 4, 'iter_save': True}}, {'name': 'save', 'param': {'key': 'ag1'}}, {'name': 'text_orientation_set', 'param': {'key': 'angle2', 'iterations': 4, 'iter_save': True}}, {'name': 'save', 'param': {'key': 'ag2'}}, {'name': 'load', 'param': {'key': 'origin'}}, {'name': 'rotate', 'param': {'key': 'angle1'}}, {'name': 'rotate', 'param': {'key': 'angle2'}}], 'result_file_map': {}}
[2025-06-24T11:54:05.645+0900] {logging_mixin.py:190} INFO - step : cache
[2025-06-24T11:54:05.649+0900] {logging_mixin.py:190} INFO - step : calc_angle_set2
[2025-06-24T11:54:40.061+0900] {logging_mixin.py:190} INFO - osd 1 -5.0 -5.0 0 803146 [803146, 762803, 720782, 678444, 637564, 596506, 557111, 517805, 480508, 441976, 408001, 374158, 340036, 307869, 280097, 251601, 222807, 194135, 165979, 137566, 111196, 137581, 165595, 194180, 222897, 251723, 280686, 308002, 341187, 375327, 409126, 443724, 482053, 519021, 558602, 597619, 638483, 678932, 721035, 763284, 802794]
[2025-06-24T11:55:17.253+0900] {logging_mixin.py:190} INFO - osd 2 0.0 5.0 40 2013554 [1791216, 1735753, 1685388, 1631472, 1575786, 1524513, 1473398, 1420369, 1370975, 1315409, 1265894, 1215051, 1163927, 1116105, 1062569, 1012577, 960020, 911762, 865487, 814599, 768148, 821087, 878131, 930988, 986407, 1047120, 1106243, 1170630, 1231001, 1294411, 1359352, 1420815, 1491860, 1556884, 1624470, 1690167, 1755612, 1823719, 1888906, 1949647, 2013554]
[2025-06-24T11:56:03.126+0900] {logging_mixin.py:190} INFO - osd 3 -5.0 -5.0 0 3248395 [3248395, 3179758, 3117267, 3052073, 2991836, 2927257, 2867261, 2799878, 2736119, 2673261, 2611828, 2548133, 2481931, 2419478, 2354814, 2292906, 2227820, 2162142, 2096590, 2031958, 1968465, 2028470, 2090399, 2153531, 2215343, 2278357, 2337928, 2400769, 2461700, 2525136, 2585856, 2646280, 2708367, 2770043, 2834859, 2893370, 2955826, 3013184, 3076225, 3135428, 3200442]
[2025-06-24T11:57:03.848+0900] {logging_mixin.py:190} INFO - osd 4 0.0 5.0 40 4988725 [4821422, 4732763, 4644851, 4559033, 4474306, 4390321, 4301377, 4215203, 4133353, 4047797, 3967533, 3879197, 3800662, 3714439, 3633806, 3555045, 3476900, 3395794, 3317450, 3240592, 3171631, 3258036, 3350402, 3444069, 3538122, 3628285, 3718406, 3810182, 3905783, 3993576, 4090716, 4178525, 4271766, 4360349, 4453448, 4546493, 4634115, 4722680, 4812103, 4900102, 4988725]
[2025-06-24T11:57:04.409+0900] {logging_mixin.py:190} INFO - step : save
[2025-06-24T11:57:05.316+0900] {logging_mixin.py:190} INFO - file_copy: /opt/***/data/temp/d50ad6a5-238f-47c3-96c3-a6d86b41a977/79bf8eed-639c-406a-9ee8-977aeec89515/ag1.png
[2025-06-24T11:57:05.359+0900] {logging_mixin.py:190} INFO - step : text_orientation_set
[2025-06-24T11:57:19.000+0900] {logging_mixin.py:190} INFO - file_copy: /opt/***/data/temp/d50ad6a5-238f-47c3-96c3-a6d86b41a977/79bf8eed-639c-406a-9ee8-977aeec89515/rotate2_1.png
[2025-06-24T11:57:23.520+0900] {logging_mixin.py:190} INFO - osd 1 break  0 0 8.17 Japanese 0.79
[2025-06-24T11:57:23.521+0900] {logging_mixin.py:190} INFO - step : save
[2025-06-24T11:57:26.172+0900] {logging_mixin.py:190} INFO - file_copy: /opt/***/data/temp/d50ad6a5-238f-47c3-96c3-a6d86b41a977/79bf8eed-639c-406a-9ee8-977aeec89515/ag2.png
[2025-06-24T11:57:26.242+0900] {logging_mixin.py:190} INFO - step : load
[2025-06-24T11:57:26.242+0900] {logging_mixin.py:190} INFO - step : rotate
[2025-06-24T11:57:26.498+0900] {logging_mixin.py:190} INFO - step : rotate
[2025-06-24T11:57:27.140+0900] {logging_mixin.py:190} INFO - file_copy: /opt/***/data/temp/d50ad6a5-238f-47c3-96c3-a6d86b41a977/79bf8eed-639c-406a-9ee8-977aeec89515/_result.png
[2025-06-24T11:57:27.149+0900] {python.py:240} INFO - Done. Returned value was: {'file_id': 'd50ad6a5-238f-47c3-96c3-a6d86b41a977', 'file_path': '/opt/***/data/class/a_class/classify/ready/true/우면동 고호빌딩 - 정부24 - 건축물대장 등본(초본) 발급(열람) _ 문서출력_page_1_aug0.png', 'true': {'process_id': '_79bf8eed-639c-406a-9ee8-977aeec89515_pre', 'folder_path': 'd50ad6a5-238f-47c3-96c3-a6d86b41a977/79bf8eed-639c-406a-9ee8-977aeec89515', 'step_list': [{'name': 'cache', 'param': {'key': 'origin'}}, {'name': 'calc_angle_set2', 'param': {'key': 'angle1', 'iterations': 4, 'iter_save': True}}, {'name': 'save', 'param': {'key': 'ag1'}}, {'name': 'text_orientation_set', 'param': {'key': 'angle2', 'iterations': 4, 'iter_save': True}}, {'name': 'save', 'param': {'key': 'ag2'}}, {'name': 'load', 'param': {'key': 'origin'}}, {'name': 'rotate', 'param': {'key': 'angle1'}}, {'name': 'rotate', 'param': {'key': 'angle2'}}], 'result_file_map': {'ag1': '/opt/***/data/temp/d50ad6a5-238f-47c3-96c3-a6d86b41a977/79bf8eed-639c-406a-9ee8-977aeec89515/ag1.png', 'rotate2_1': '/opt/***/data/temp/d50ad6a5-238f-47c3-96c3-a6d86b41a977/79bf8eed-639c-406a-9ee8-977aeec89515/rotate2_1.png', 'ag2': '/opt/***/data/temp/d50ad6a5-238f-47c3-96c3-a6d86b41a977/79bf8eed-639c-406a-9ee8-977aeec89515/ag2.png', '_result': '/opt/***/data/temp/d50ad6a5-238f-47c3-96c3-a6d86b41a977/79bf8eed-639c-406a-9ee8-977aeec89515/_result.png'}}}
[2025-06-24T11:57:27.224+0900] {taskinstance.py:341} INFO - ::group::Post task execution logs
[2025-06-24T11:57:27.225+0900] {taskinstance.py:353} INFO - Marking task as SUCCESS. dag_id=lilt_document_classifier_balanced_V0.1, task_id=img_preprocess_task, run_id=manual__2025-06-24T02:31:44.485922+00:00, map_index=82, execution_date=20250624T023144, start_date=20250624T025404, end_date=20250624T025727
[2025-06-24T11:57:27.346+0900] {local_task_job_runner.py:266} INFO - Task exited with return code 0
[2025-06-24T11:57:27.460+0900] {taskinstance.py:3901} INFO - 0 downstream tasks scheduled from follow-on schedule check
[2025-06-24T11:57:27.467+0900] {local_task_job_runner.py:245} INFO - ::endgroup::
