[2025-06-19T18:35:56.811+0900] {local_task_job_runner.py:123} INFO - ::group::Pre task execution logs
[2025-06-19T18:35:56.850+0900] {taskinstance.py:2614} INFO - Dependencies all met for dep_context=non-requeueable deps ti=<TaskInstance: lilt_document_classifier_balanced_V0.1.img_preprocess_task__1 manual__2025-06-19T09:32:07.760195+00:00 map_index=73 [queued]>
[2025-06-19T18:35:56.886+0900] {taskinstance.py:2614} INFO - Dependencies all met for dep_context=requeueable deps ti=<TaskInstance: lilt_document_classifier_balanced_V0.1.img_preprocess_task__1 manual__2025-06-19T09:32:07.760195+00:00 map_index=73 [queued]>
[2025-06-19T18:35:56.887+0900] {taskinstance.py:2867} INFO - Starting attempt 1 of 1
[2025-06-19T18:35:56.922+0900] {taskinstance.py:2890} INFO - Executing <Mapped(_PythonDecoratedOperator): img_preprocess_task__1> on 2025-06-19 09:32:07.760195+00:00
[2025-06-19T18:35:56.969+0900] {warnings.py:112} WARNING - /home/***/.local/lib/python3.12/site-packages/***/task/task_runner/standard_task_runner.py:70: DeprecationWarning: This process (pid=12482) is multi-threaded, use of fork() may lead to deadlocks in the child.
  pid = os.fork()

[2025-06-19T18:35:56.971+0900] {standard_task_runner.py:72} INFO - Started process 12531 to run task
[2025-06-19T18:35:56.992+0900] {standard_task_runner.py:104} INFO - Running: ['***', 'tasks', 'run', 'lilt_document_classifier_balanced_V0.1', 'img_preprocess_task__1', 'manual__2025-06-19T09:32:07.760195+00:00', '--job-id', '1842', '--raw', '--subdir', 'DAGS_FOLDER/class_create_dag.py', '--cfg-path', '/tmp/tmp30h0zm4c', '--map-index', '73']
[2025-06-19T18:35:56.998+0900] {standard_task_runner.py:105} INFO - Job 1842: Subtask img_preprocess_task__1
[2025-06-19T18:35:57.128+0900] {task_command.py:467} INFO - Running <TaskInstance: lilt_document_classifier_balanced_V0.1.img_preprocess_task__1 manual__2025-06-19T09:32:07.760195+00:00 map_index=73 [running]> on host f6d4228a9eb8
[2025-06-19T18:35:57.464+0900] {taskinstance.py:3134} INFO - Exporting env vars: AIRFLOW_CTX_DAG_OWNER='***' AIRFLOW_CTX_DAG_ID='lilt_document_classifier_balanced_V0.1' AIRFLOW_CTX_TASK_ID='img_preprocess_task__1' AIRFLOW_CTX_EXECUTION_DATE='2025-06-19T09:32:07.760195+00:00' AIRFLOW_CTX_TRY_NUMBER='1' AIRFLOW_CTX_DAG_RUN_ID='manual__2025-06-19T09:32:07.760195+00:00'
[2025-06-19T18:35:57.467+0900] {taskinstance.py:732} INFO - ::endgroup::
[2025-06-19T18:35:57.480+0900] {logging_mixin.py:190} INFO - empty map check {} {'process_id': '_6d4273d6-9130-4134-9e8a-212cfc435962_pre', 'folder_path': 'a9d814af-2644-4ea2-8fa1-5177aa70ba03/6d4273d6-9130-4134-9e8a-212cfc435962', 'step_list': [{'name': 'cache', 'param': {'key': 'origin'}}, {'name': 'calc_angle_set1', 'param': {'key': 'angle1', 'iterations': 4, 'iter_save': False}}, {'name': 'text_orientation_set', 'param': {'key': 'angle2', 'iterations': 4, 'iter_save': False}}, {'name': 'load', 'param': {'key': 'origin'}}, {'name': 'rotate', 'param': {'key': 'angle1'}}, {'name': 'rotate', 'param': {'key': 'angle2'}}], 'result_file_map': {}}
[2025-06-19T18:35:57.482+0900] {logging_mixin.py:190} INFO - step : cache
[2025-06-19T18:35:57.489+0900] {logging_mixin.py:190} INFO - step : calc_angle_set1
[2025-06-19T18:35:57.547+0900] {logging_mixin.py:190} INFO - angle1 :  0 90.5980709050258 179.44220057645413 90.0 90.5516617095566 2.398421334092505
[2025-06-19T18:35:57.667+0900] {logging_mixin.py:190} INFO - angle2 :  90.5980709050258 76.26125323708104 88.96127820025569 179.44103451916783 -15.788707742271878 52.43140797117251
[2025-06-19T18:35:57.872+0900] {logging_mixin.py:190} INFO - angle3 :  166.85932414210686 103.58073329213963 103.22455119221353 192.4943337184181 14.912034303534249 103.69201395439265
[2025-06-19T18:35:57.979+0900] {logging_mixin.py:190} INFO - angle4 :  270.44005743424646 78.41896621511614 180.0 89.04249951566871 60.25511870305778 -15.621753358261884
[2025-06-19T18:35:58.127+0900] {logging_mixin.py:190} INFO - step : text_orientation_set
[2025-06-19T18:36:03.196+0900] {logging_mixin.py:190} INFO - osd 1 90 90 2.85 Latin 34.17
[2025-06-19T18:36:18.583+0900] {logging_mixin.py:190} INFO - osd 2 270 180 3.17 Latin 13.59
[2025-06-19T18:36:30.293+0900] {logging_mixin.py:190} INFO - osd 3 break  270 0 1.38 Latin 9.12
[2025-06-19T18:36:30.297+0900] {logging_mixin.py:190} INFO - step : load
[2025-06-19T18:36:30.298+0900] {logging_mixin.py:190} INFO - step : rotate
[2025-06-19T18:36:30.376+0900] {logging_mixin.py:190} INFO - step : rotate
[2025-06-19T18:36:30.541+0900] {logging_mixin.py:190} INFO - file_copy: /opt/***/data/temp/a9d814af-2644-4ea2-8fa1-5177aa70ba03/6d4273d6-9130-4134-9e8a-212cfc435962/_result.png
[2025-06-19T18:36:30.557+0900] {python.py:240} INFO - Done. Returned value was: {'file_id': 'a9d814af-2644-4ea2-8fa1-5177aa70ba03', 'file_path': '/opt/***/data/class/a_class/classify/ready/false/copied_62_10411921.png', 'false': {'process_id': '_6d4273d6-9130-4134-9e8a-212cfc435962_pre', 'folder_path': 'a9d814af-2644-4ea2-8fa1-5177aa70ba03/6d4273d6-9130-4134-9e8a-212cfc435962', 'step_list': [{'name': 'cache', 'param': {'key': 'origin'}}, {'name': 'calc_angle_set1', 'param': {'key': 'angle1', 'iterations': 4, 'iter_save': False}}, {'name': 'text_orientation_set', 'param': {'key': 'angle2', 'iterations': 4, 'iter_save': False}}, {'name': 'load', 'param': {'key': 'origin'}}, {'name': 'rotate', 'param': {'key': 'angle1'}}, {'name': 'rotate', 'param': {'key': 'angle2'}}], 'result_file_map': {'_result': '/opt/***/data/temp/a9d814af-2644-4ea2-8fa1-5177aa70ba03/6d4273d6-9130-4134-9e8a-212cfc435962/_result.png'}}}
[2025-06-19T18:36:30.640+0900] {taskinstance.py:341} INFO - ::group::Post task execution logs
[2025-06-19T18:36:30.646+0900] {taskinstance.py:353} INFO - Marking task as SUCCESS. dag_id=lilt_document_classifier_balanced_V0.1, task_id=img_preprocess_task__1, run_id=manual__2025-06-19T09:32:07.760195+00:00, map_index=73, execution_date=20250619T093207, start_date=20250619T093556, end_date=20250619T093630
[2025-06-19T18:36:30.916+0900] {local_task_job_runner.py:266} INFO - Task exited with return code 0
[2025-06-19T18:36:31.202+0900] {taskinstance.py:3901} INFO - 0 downstream tasks scheduled from follow-on schedule check
[2025-06-19T18:36:31.239+0900] {local_task_job_runner.py:245} INFO - ::endgroup::
