[2025-05-26T07:33:24.620+0000] {local_task_job_runner.py:123} INFO - ::group::Pre task execution logs
[2025-05-26T07:33:25.282+0000] {taskinstance.py:2614} INFO - Dependencies all met for dep_context=non-requeueable deps ti=<TaskInstance: image_processing_per_file_v2.file_copy_task manual__2025-05-26T07:32:37.622229+00:00 map_index=21 [queued]>
[2025-05-26T07:33:25.304+0000] {taskinstance.py:2614} INFO - Dependencies all met for dep_context=requeueable deps ti=<TaskInstance: image_processing_per_file_v2.file_copy_task manual__2025-05-26T07:32:37.622229+00:00 map_index=21 [queued]>
[2025-05-26T07:33:25.306+0000] {taskinstance.py:2867} INFO - Starting attempt 1 of 1
[2025-05-26T07:33:25.336+0000] {taskinstance.py:2890} INFO - Executing <Mapped(_PythonDecoratedOperator): file_copy_task> on 2025-05-26 07:32:37.622229+00:00
[2025-05-26T07:33:25.358+0000] {standard_task_runner.py:104} INFO - Running: ['***', 'tasks', 'run', 'image_processing_per_file_v2', 'file_copy_task', 'manual__2025-05-26T07:32:37.622229+00:00', '--job-id', '198', '--raw', '--subdir', 'DAGS_FOLDER/test_dag.py', '--cfg-path', '/tmp/tmp4euo87cd', '--map-index', '21']
[2025-05-26T07:33:25.360+0000] {standard_task_runner.py:105} INFO - Job 198: Subtask file_copy_task
[2025-05-26T07:33:25.360+0000] {warnings.py:112} WARNING - /home/***/.local/lib/python3.12/site-packages/***/task/task_runner/standard_task_runner.py:70: DeprecationWarning: This process (pid=2255) is multi-threaded, use of fork() may lead to deadlocks in the child.
  pid = os.fork()

[2025-05-26T07:33:25.362+0000] {standard_task_runner.py:72} INFO - Started process 2290 to run task
[2025-05-26T07:33:25.465+0000] {task_command.py:467} INFO - Running <TaskInstance: image_processing_per_file_v2.file_copy_task manual__2025-05-26T07:32:37.622229+00:00 map_index=21 [running]> on host b0d7fbab896a
[2025-05-26T07:33:25.701+0000] {taskinstance.py:3134} INFO - Exporting env vars: AIRFLOW_CTX_DAG_OWNER='***' AIRFLOW_CTX_DAG_ID='image_processing_per_file_v2' AIRFLOW_CTX_TASK_ID='file_copy_task' AIRFLOW_CTX_EXECUTION_DATE='2025-05-26T07:32:37.622229+00:00' AIRFLOW_CTX_TRY_NUMBER='1' AIRFLOW_CTX_DAG_RUN_ID='manual__2025-05-26T07:32:37.622229+00:00'
[2025-05-26T07:33:25.704+0000] {logging_mixin.py:190} INFO - Task instance is in running state
[2025-05-26T07:33:25.706+0000] {logging_mixin.py:190} INFO -  Previous state of the Task instance: queued
[2025-05-26T07:33:25.711+0000] {logging_mixin.py:190} INFO - Current task name:file_copy_task state:running start_date:2025-05-26 07:33:25.283738+00:00
[2025-05-26T07:33:25.715+0000] {logging_mixin.py:190} INFO - Dag name:image_processing_per_file_v2 and current dag run status:running
[2025-05-26T07:33:25.716+0000] {taskinstance.py:732} INFO - ::endgroup::
[2025-05-26T07:33:25.768+0000] {python.py:240} INFO - Done. Returned value was: /opt/***/data/result/test/스크린샷 2025-05-23 143432 - 복사본 - 복사본(1).png
[2025-05-26T07:33:25.814+0000] {taskinstance.py:341} INFO - ::group::Post task execution logs
[2025-05-26T07:33:25.815+0000] {taskinstance.py:353} INFO - Marking task as SUCCESS. dag_id=image_processing_per_file_v2, task_id=file_copy_task, run_id=manual__2025-05-26T07:32:37.622229+00:00, map_index=21, execution_date=20250526T073237, start_date=20250526T073325, end_date=20250526T073325
[2025-05-26T07:33:25.867+0000] {logging_mixin.py:190} INFO - Task instance in success state
[2025-05-26T07:33:25.872+0000] {logging_mixin.py:190} INFO -  Previous state of the Task instance: running
[2025-05-26T07:33:25.874+0000] {logging_mixin.py:190} INFO - Dag name:image_processing_per_file_v2 queued_at:2025-05-26 07:32:37.652275+00:00
[2025-05-26T07:33:25.876+0000] {logging_mixin.py:190} INFO - Task hostname:b0d7fbab896a operator:_PythonDecoratedOperator
[2025-05-26T07:33:25.931+0000] {local_task_job_runner.py:266} INFO - Task exited with return code 0
[2025-05-26T07:33:26.004+0000] {taskinstance.py:3901} INFO - 0 downstream tasks scheduled from follow-on schedule check
[2025-05-26T07:33:26.009+0000] {local_task_job_runner.py:245} INFO - ::endgroup::
