[2025-06-23T16:29:25.860+0900] {local_task_job_runner.py:123} INFO - ::group::Pre task execution logs
[2025-06-23T16:29:25.892+0900] {taskinstance.py:2614} INFO - Dependencies all met for dep_context=non-requeueable deps ti=<TaskInstance: lilt_document_classifier_balanced_b_class_V0.1.img_preprocess_task__1 manual__2025-06-23T06:58:09.542610+00:00 map_index=52 [queued]>
[2025-06-23T16:29:25.908+0900] {taskinstance.py:2614} INFO - Dependencies all met for dep_context=requeueable deps ti=<TaskInstance: lilt_document_classifier_balanced_b_class_V0.1.img_preprocess_task__1 manual__2025-06-23T06:58:09.542610+00:00 map_index=52 [queued]>
[2025-06-23T16:29:25.908+0900] {taskinstance.py:2867} INFO - Starting attempt 1 of 1
[2025-06-23T16:29:25.960+0900] {taskinstance.py:2890} INFO - Executing <Mapped(_PythonDecoratedOperator): img_preprocess_task__1> on 2025-06-23 06:58:09.542610+00:00
[2025-06-23T16:29:26.018+0900] {standard_task_runner.py:104} INFO - Running: ['***', 'tasks', 'run', 'lilt_document_classifier_balanced_b_class_V0.1', 'img_preprocess_task__1', 'manual__2025-06-23T06:58:09.542610+00:00', '--job-id', '3410', '--raw', '--subdir', 'DAGS_FOLDER/class_create_dag_b_class.py', '--cfg-path', '/tmp/tmp75mcgqps', '--map-index', '52']
[2025-06-23T16:29:26.028+0900] {warnings.py:112} WARNING - /home/***/.local/lib/python3.12/site-packages/***/task/task_runner/standard_task_runner.py:70: DeprecationWarning: This process (pid=7970) is multi-threaded, use of fork() may lead to deadlocks in the child.
  pid = os.fork()

[2025-06-23T16:29:26.030+0900] {standard_task_runner.py:72} INFO - Started process 7980 to run task
[2025-06-23T16:29:26.032+0900] {standard_task_runner.py:105} INFO - Job 3410: Subtask img_preprocess_task__1
[2025-06-23T16:29:26.115+0900] {task_command.py:467} INFO - Running <TaskInstance: lilt_document_classifier_balanced_b_class_V0.1.img_preprocess_task__1 manual__2025-06-23T06:58:09.542610+00:00 map_index=52 [running]> on host f6d4228a9eb8
[2025-06-23T16:29:26.330+0900] {taskinstance.py:3134} INFO - Exporting env vars: AIRFLOW_CTX_DAG_OWNER='***' AIRFLOW_CTX_DAG_ID='lilt_document_classifier_balanced_b_class_V0.1' AIRFLOW_CTX_TASK_ID='img_preprocess_task__1' AIRFLOW_CTX_EXECUTION_DATE='2025-06-23T06:58:09.542610+00:00' AIRFLOW_CTX_TRY_NUMBER='1' AIRFLOW_CTX_DAG_RUN_ID='manual__2025-06-23T06:58:09.542610+00:00'
[2025-06-23T16:29:26.339+0900] {taskinstance.py:732} INFO - ::endgroup::
[2025-06-23T16:29:26.348+0900] {logging_mixin.py:190} INFO - empty map check {} {'process_id': '_677344ba-485e-4b1e-b19f-0f10bab67502_pre', 'folder_path': '74612793-fcf7-410a-b835-685d33d3e321/677344ba-485e-4b1e-b19f-0f10bab67502', 'step_list': [{'name': 'cache', 'param': {'key': 'origin'}}, {'name': 'calc_angle_set2', 'param': {'key': 'angle1', 'iterations': 4, 'iter_save': False}}, {'name': 'text_orientation_set', 'param': {'key': 'angle2', 'iterations': 4, 'iter_save': False}}, {'name': 'load', 'param': {'key': 'origin'}}, {'name': 'rotate', 'param': {'key': 'angle1'}}, {'name': 'rotate', 'param': {'key': 'angle2'}}], 'result_file_map': {}}
[2025-06-23T16:29:26.361+0900] {logging_mixin.py:190} INFO - step : cache
[2025-06-23T16:29:26.363+0900] {logging_mixin.py:190} INFO - step : calc_angle_set2
[2025-06-23T16:29:32.841+0900] {logging_mixin.py:190} INFO - osd 1 0.25 0.25 21 1878 [422, 466, 505, 538, 596, 614, 689, 790, 732, 854, 839, 970, 1008, 1124, 1089, 1174, 1401, 1612, 1590, 1638, 1861, 1878, 1530, 1551, 1548, 1403, 1266, 1057, 937, 1054, 939, 838, 821, 716, 723, 645, 672, 580, 476, 431, 364]
[2025-06-23T16:29:37.577+0900] {logging_mixin.py:190} INFO - osd 2 0.25 0.0 20 2240 [547, 634, 774, 717, 731, 882, 891, 921, 910, 1101, 1168, 1180, 1186, 1405, 1499, 1618, 1814, 1829, 1879, 1941, 2240, 1858, 1856, 1761, 1604, 1531, 1360, 1244, 1115, 1061, 1086, 1059, 939, 933, 799, 780, 735, 680, 616, 527, 468]
[2025-06-23T16:29:42.940+0900] {logging_mixin.py:190} INFO - osd 3 0.25 0.0 20 2240 [547, 634, 774, 717, 731, 882, 891, 921, 910, 1101, 1168, 1180, 1186, 1405, 1499, 1618, 1814, 1829, 1879, 1941, 2240, 1858, 1856, 1761, 1604, 1531, 1360, 1244, 1115, 1061, 1086, 1059, 939, 933, 799, 780, 735, 680, 616, 527, 468]
[2025-06-23T16:29:49.439+0900] {logging_mixin.py:190} INFO - osd 4 0.25 0.0 20 2240 [547, 634, 774, 717, 731, 882, 891, 921, 910, 1101, 1168, 1180, 1186, 1405, 1499, 1618, 1814, 1829, 1879, 1941, 2240, 1858, 1856, 1761, 1604, 1531, 1360, 1244, 1115, 1061, 1086, 1059, 939, 933, 799, 780, 735, 680, 616, 527, 468]
[2025-06-23T16:29:49.502+0900] {logging_mixin.py:190} INFO - step : text_orientation_set
[2025-06-23T16:29:55.213+0900] {logging_mixin.py:190} INFO - osd 1 break  0 0 0.99 Latin 0.24
[2025-06-23T16:29:55.220+0900] {logging_mixin.py:190} INFO - step : load
[2025-06-23T16:29:55.224+0900] {logging_mixin.py:190} INFO - step : rotate
[2025-06-23T16:29:55.405+0900] {logging_mixin.py:190} INFO - step : rotate
[2025-06-23T16:29:55.590+0900] {logging_mixin.py:190} INFO - file_copy: /opt/***/data/temp/74612793-fcf7-410a-b835-685d33d3e321/677344ba-485e-4b1e-b19f-0f10bab67502/_result.png
[2025-06-23T16:29:55.611+0900] {python.py:240} INFO - Done. Returned value was: {'file_id': '74612793-fcf7-410a-b835-685d33d3e321', 'file_path': '/opt/***/data/class/b_class/classify/ready/false/copied_33_80233836.png', 'false': {'process_id': '_677344ba-485e-4b1e-b19f-0f10bab67502_pre', 'folder_path': '74612793-fcf7-410a-b835-685d33d3e321/677344ba-485e-4b1e-b19f-0f10bab67502', 'step_list': [{'name': 'cache', 'param': {'key': 'origin'}}, {'name': 'calc_angle_set2', 'param': {'key': 'angle1', 'iterations': 4, 'iter_save': False}}, {'name': 'text_orientation_set', 'param': {'key': 'angle2', 'iterations': 4, 'iter_save': False}}, {'name': 'load', 'param': {'key': 'origin'}}, {'name': 'rotate', 'param': {'key': 'angle1'}}, {'name': 'rotate', 'param': {'key': 'angle2'}}], 'result_file_map': {'_result': '/opt/***/data/temp/74612793-fcf7-410a-b835-685d33d3e321/677344ba-485e-4b1e-b19f-0f10bab67502/_result.png'}}}
[2025-06-23T16:29:55.705+0900] {taskinstance.py:341} INFO - ::group::Post task execution logs
[2025-06-23T16:29:55.726+0900] {taskinstance.py:353} INFO - Marking task as SUCCESS. dag_id=lilt_document_classifier_balanced_b_class_V0.1, task_id=img_preprocess_task__1, run_id=manual__2025-06-23T06:58:09.542610+00:00, map_index=52, execution_date=20250623T065809, start_date=20250623T072925, end_date=20250623T072955
[2025-06-23T16:29:55.834+0900] {local_task_job_runner.py:266} INFO - Task exited with return code 0
[2025-06-23T16:29:55.842+0900] {local_task_job_runner.py:245} INFO - ::endgroup::
