[2025-06-23T16:39:10.025+0900] {local_task_job_runner.py:123} INFO - ::group::Pre task execution logs
[2025-06-23T16:39:10.186+0900] {taskinstance.py:2614} INFO - Dependencies all met for dep_context=non-requeueable deps ti=<TaskInstance: lilt_document_classifier_balanced_b_class_V0.1.img_preprocess_task manual__2025-06-23T06:58:09.542610+00:00 map_index=89 [queued]>
[2025-06-23T16:39:10.219+0900] {taskinstance.py:2614} INFO - Dependencies all met for dep_context=requeueable deps ti=<TaskInstance: lilt_document_classifier_balanced_b_class_V0.1.img_preprocess_task manual__2025-06-23T06:58:09.542610+00:00 map_index=89 [queued]>
[2025-06-23T16:39:10.224+0900] {taskinstance.py:2867} INFO - Starting attempt 1 of 1
[2025-06-23T16:39:10.328+0900] {taskinstance.py:2890} INFO - Executing <Mapped(_PythonDecoratedOperator): img_preprocess_task> on 2025-06-23 06:58:09.542610+00:00
[2025-06-23T16:39:10.394+0900] {standard_task_runner.py:104} INFO - Running: ['***', 'tasks', 'run', 'lilt_document_classifier_balanced_b_class_V0.1', 'img_preprocess_task', 'manual__2025-06-23T06:58:09.542610+00:00', '--job-id', '3484', '--raw', '--subdir', 'DAGS_FOLDER/class_create_dag_b_class.py', '--cfg-path', '/tmp/tmpo19v4gmp', '--map-index', '89']
[2025-06-23T16:39:10.454+0900] {standard_task_runner.py:105} INFO - Job 3484: Subtask img_preprocess_task
[2025-06-23T16:39:10.376+0900] {warnings.py:112} WARNING - /home/***/.local/lib/python3.12/site-packages/***/task/task_runner/standard_task_runner.py:70: DeprecationWarning: This process (pid=9491) is multi-threaded, use of fork() may lead to deadlocks in the child.
  pid = os.fork()

[2025-06-23T16:39:10.458+0900] {standard_task_runner.py:72} INFO - Started process 9510 to run task
[2025-06-23T16:39:10.607+0900] {task_command.py:467} INFO - Running <TaskInstance: lilt_document_classifier_balanced_b_class_V0.1.img_preprocess_task manual__2025-06-23T06:58:09.542610+00:00 map_index=89 [running]> on host f6d4228a9eb8
[2025-06-23T16:39:10.890+0900] {taskinstance.py:3134} INFO - Exporting env vars: AIRFLOW_CTX_DAG_OWNER='***' AIRFLOW_CTX_DAG_ID='lilt_document_classifier_balanced_b_class_V0.1' AIRFLOW_CTX_TASK_ID='img_preprocess_task' AIRFLOW_CTX_EXECUTION_DATE='2025-06-23T06:58:09.542610+00:00' AIRFLOW_CTX_TRY_NUMBER='1' AIRFLOW_CTX_DAG_RUN_ID='manual__2025-06-23T06:58:09.542610+00:00'
[2025-06-23T16:39:10.892+0900] {taskinstance.py:732} INFO - ::endgroup::
[2025-06-23T16:39:10.897+0900] {logging_mixin.py:190} INFO - empty map check {} {'process_id': '_9c7d7b3f-f934-47c5-b9bb-2634c5d77e2b_pre', 'folder_path': 'a4a35e6e-dcfa-4101-a839-fed63b53f764/9c7d7b3f-f934-47c5-b9bb-2634c5d77e2b', 'step_list': [{'name': 'cache', 'param': {'key': 'origin'}}, {'name': 'calc_angle_set2', 'param': {'key': 'angle1', 'iterations': 4, 'iter_save': False}}, {'name': 'text_orientation_set', 'param': {'key': 'angle2', 'iterations': 4, 'iter_save': False}}, {'name': 'load', 'param': {'key': 'origin'}}, {'name': 'rotate', 'param': {'key': 'angle1'}}, {'name': 'rotate', 'param': {'key': 'angle2'}}], 'result_file_map': {}}
[2025-06-23T16:39:10.900+0900] {logging_mixin.py:190} INFO - step : cache
[2025-06-23T16:39:10.901+0900] {logging_mixin.py:190} INFO - step : calc_angle_set2
[2025-06-23T16:39:49.546+0900] {logging_mixin.py:190} INFO - osd 1 -5.0 -5.0 0 1019749 [1019749, 977867, 933116, 888757, 844842, 800317, 757416, 715318, 674188, 631082, 591924, 553164, 515150, 479545, 450020, 419844, 384839, 349216, 313516, 277209, 243650, 271153, 300397, 330068, 360308, 392909, 427829, 462099, 500987, 541849, 582649, 623757, 667967, 709932, 753729, 796837, 841318, 886050, 931281, 975618, 1018181]
[2025-06-23T16:40:33.984+0900] {logging_mixin.py:190} INFO - osd 2 0.0 5.0 40 2397528 [2039171, 1983468, 1932110, 1878749, 1821857, 1768822, 1717154, 1662382, 1611786, 1553477, 1503273, 1449644, 1395943, 1346540, 1290711, 1238011, 1183026, 1131138, 1083441, 1029377, 978864, 1041078, 1107921, 1169696, 1237774, 1311666, 1383511, 1460898, 1532216, 1607116, 1683364, 1756832, 1837746, 1911729, 1988383, 2062806, 2132881, 2203767, 2269783, 2331598, 2397528]
[2025-06-23T16:41:08.786+0900] {logging_mixin.py:190} INFO - osd 3 -5.0 -5.0 0 3774267 [3774267, 3701616, 3634928, 3565009, 3500560, 3430820, 3366023, 3293109, 3225055, 3156274, 3088512, 3019998, 2949254, 2881076, 2809709, 2741597, 2666429, 2587246, 2507998, 2428364, 2351134, 2420016, 2490873, 2561841, 2632771, 2704730, 2773246, 2845051, 2914376, 2986738, 3057035, 3124773, 3195269, 3265559, 3339199, 3405683, 3476456, 3543064, 3615538, 3684114, 3758315]
[2025-06-23T16:41:37.071+0900] {logging_mixin.py:190} INFO - osd 4 0.0 5.0 40 5813447 [5463438, 5368740, 5275051, 5182913, 5092279, 5001546, 4907577, 4814066, 4727867, 4636064, 4550764, 4457722, 4373164, 4281508, 4194705, 4110470, 4025657, 3939284, 3854672, 3772453, 3698826, 3800141, 3910160, 4021657, 4132510, 4240294, 4348155, 4456477, 4569945, 4673846, 4789231, 4893397, 5004184, 5109384, 5218745, 5329098, 5427946, 5525025, 5621726, 5716818, 5813447]
[2025-06-23T16:41:37.181+0900] {logging_mixin.py:190} INFO - step : text_orientation_set
[2025-06-23T16:41:45.786+0900] {logging_mixin.py:190} INFO - osd 1 break  0 0 12.8 Japanese 0.48
[2025-06-23T16:41:45.790+0900] {logging_mixin.py:190} INFO - step : load
[2025-06-23T16:41:45.794+0900] {logging_mixin.py:190} INFO - step : rotate
[2025-06-23T16:41:45.903+0900] {logging_mixin.py:190} INFO - step : rotate
[2025-06-23T16:41:46.131+0900] {logging_mixin.py:190} INFO - file_copy: /opt/***/data/temp/a4a35e6e-dcfa-4101-a839-fed63b53f764/9c7d7b3f-f934-47c5-b9bb-2634c5d77e2b/_result.png
[2025-06-23T16:41:46.146+0900] {python.py:240} INFO - Done. Returned value was: {'file_id': 'a4a35e6e-dcfa-4101-a839-fed63b53f764', 'file_path': '/opt/***/data/class/b_class/classify/ready/true/남양주시 정덕빌딩 - 정부24 - 건축물대장 등본(초본) 발급(열람) _ 문서출력_page_1_aug0.png', 'true': {'process_id': '_9c7d7b3f-f934-47c5-b9bb-2634c5d77e2b_pre', 'folder_path': 'a4a35e6e-dcfa-4101-a839-fed63b53f764/9c7d7b3f-f934-47c5-b9bb-2634c5d77e2b', 'step_list': [{'name': 'cache', 'param': {'key': 'origin'}}, {'name': 'calc_angle_set2', 'param': {'key': 'angle1', 'iterations': 4, 'iter_save': False}}, {'name': 'text_orientation_set', 'param': {'key': 'angle2', 'iterations': 4, 'iter_save': False}}, {'name': 'load', 'param': {'key': 'origin'}}, {'name': 'rotate', 'param': {'key': 'angle1'}}, {'name': 'rotate', 'param': {'key': 'angle2'}}], 'result_file_map': {'_result': '/opt/***/data/temp/a4a35e6e-dcfa-4101-a839-fed63b53f764/9c7d7b3f-f934-47c5-b9bb-2634c5d77e2b/_result.png'}}}
[2025-06-23T16:41:46.187+0900] {taskinstance.py:341} INFO - ::group::Post task execution logs
[2025-06-23T16:41:46.188+0900] {taskinstance.py:353} INFO - Marking task as SUCCESS. dag_id=lilt_document_classifier_balanced_b_class_V0.1, task_id=img_preprocess_task, run_id=manual__2025-06-23T06:58:09.542610+00:00, map_index=89, execution_date=20250623T065809, start_date=20250623T073910, end_date=20250623T074146
[2025-06-23T16:41:46.358+0900] {local_task_job_runner.py:266} INFO - Task exited with return code 0
[2025-06-23T16:41:46.423+0900] {taskinstance.py:3901} INFO - 0 downstream tasks scheduled from follow-on schedule check
[2025-06-23T16:41:46.427+0900] {local_task_job_runner.py:245} INFO - ::endgroup::
