[2025-06-25T15:50:05.246+0900] {local_task_job_runner.py:123} INFO - ::group::Pre task execution logs
[2025-06-25T15:50:05.272+0900] {taskinstance.py:2614} INFO - Dependencies all met for dep_context=non-requeueable deps ti=<TaskInstance: image_preprocess_v1.img_preprocess_task manual__2025-06-25T06:49:53.997621+00:00 map_index=3 [queued]>
[2025-06-25T15:50:05.284+0900] {taskinstance.py:2614} INFO - Dependencies all met for dep_context=requeueable deps ti=<TaskInstance: image_preprocess_v1.img_preprocess_task manual__2025-06-25T06:49:53.997621+00:00 map_index=3 [queued]>
[2025-06-25T15:50:05.285+0900] {taskinstance.py:2867} INFO - Starting attempt 1 of 1
[2025-06-25T15:50:05.301+0900] {taskinstance.py:2890} INFO - Executing <Mapped(_PythonDecoratedOperator): img_preprocess_task> on 2025-06-25 06:49:53.997621+00:00
[2025-06-25T15:50:05.314+0900] {warnings.py:112} WARNING - /home/***/.local/lib/python3.12/site-packages/***/task/task_runner/standard_task_runner.py:70: DeprecationWarning: This process (pid=88594) is multi-threaded, use of fork() may lead to deadlocks in the child.
  pid = os.fork()

[2025-06-25T15:50:05.316+0900] {standard_task_runner.py:72} INFO - Started process 88641 to run task
[2025-06-25T15:50:05.316+0900] {standard_task_runner.py:104} INFO - Running: ['***', 'tasks', 'run', 'image_preprocess_v1', 'img_preprocess_task', 'manual__2025-06-25T06:49:53.997621+00:00', '--job-id', '5317', '--raw', '--subdir', 'DAGS_FOLDER/test_dag.py', '--cfg-path', '/tmp/tmpwj0xliqv', '--map-index', '3']
[2025-06-25T15:50:05.319+0900] {standard_task_runner.py:105} INFO - Job 5317: Subtask img_preprocess_task
[2025-06-25T15:50:05.370+0900] {task_command.py:467} INFO - Running <TaskInstance: image_preprocess_v1.img_preprocess_task manual__2025-06-25T06:49:53.997621+00:00 map_index=3 [running]> on host f6d4228a9eb8
[2025-06-25T15:50:05.463+0900] {taskinstance.py:3134} INFO - Exporting env vars: AIRFLOW_CTX_DAG_OWNER='***' AIRFLOW_CTX_DAG_ID='image_preprocess_v1' AIRFLOW_CTX_TASK_ID='img_preprocess_task' AIRFLOW_CTX_EXECUTION_DATE='2025-06-25T06:49:53.997621+00:00' AIRFLOW_CTX_TRY_NUMBER='1' AIRFLOW_CTX_DAG_RUN_ID='manual__2025-06-25T06:49:53.997621+00:00'
[2025-06-25T15:50:05.464+0900] {taskinstance.py:732} INFO - ::endgroup::
[2025-06-25T15:50:05.467+0900] {logging_mixin.py:190} INFO - empty map check {} {}
[2025-06-25T15:50:05.469+0900] {logging_mixin.py:190} INFO - step : cache
[2025-06-25T15:50:05.470+0900] {logging_mixin.py:190} INFO - step : calc_angle_set2
[2025-06-25T15:50:07.942+0900] {logging_mixin.py:190} INFO - osd 1 0.0 0.0 5 78 [0, 0, 0, 0, 0, 78, 49, 0, 0, 0, 0]
[2025-06-25T15:50:10.520+0900] {logging_mixin.py:190} INFO - osd 2 0.0 0.0 5 78 [0, 0, 0, 0, 0, 78, 49, 0, 0, 0, 0]
[2025-06-25T15:50:10.585+0900] {logging_mixin.py:190} INFO - step : calc_angle_set2
[2025-06-25T15:50:14.068+0900] {logging_mixin.py:190} INFO - osd 1 4.0 4.0 12 140400 [0, 0, 0, 0, 6, 25, 46, 59, 78, 71, 79, 6283, 140400, 10446, 78, 65, 49]
[2025-06-25T15:50:18.332+0900] {logging_mixin.py:190} INFO - osd 2 4.0 0.0 8 151450 [0, 0, 0, 0, 0, 0, 0, 7597, 151450, 12049, 0, 0, 0, 0, 0, 0, 0]
[2025-06-25T15:50:18.370+0900] {logging_mixin.py:190} INFO - step : calc_angle_set2
[2025-06-25T15:50:21.489+0900] {logging_mixin.py:190} INFO - osd 1 0.0 0.0 8 151450 [7597, 17375, 29128, 40828, 52935, 64978, 76841, 110709, 151450, 138003, 95755, 72079, 59768, 47949, 35843, 23686, 12049]
[2025-06-25T15:50:28.436+0900] {logging_mixin.py:190} INFO - osd 2 0.0 0.0 8 151450 [7597, 17375, 29128, 40828, 52935, 64978, 76841, 110709, 151450, 138003, 95755, 72079, 59768, 47949, 35843, 23686, 12049]
[2025-06-25T15:50:28.518+0900] {logging_mixin.py:190} INFO - step : text_orientation_set
[2025-06-25T15:50:34.684+0900] {logging_mixin.py:190} INFO - osd 1 break  0 0 8.5 Korean 0.3
[2025-06-25T15:50:34.687+0900] {logging_mixin.py:190} INFO - step : del_blank_set1
[2025-06-25T15:50:34.790+0900] {logging_mixin.py:190} INFO - 공백 제거 완료
[2025-06-25T15:50:35.113+0900] {logging_mixin.py:190} INFO - file_copy: /opt/***/data/temp/0e78705a-7baa-4022-b835-e081388df2a0/c9a230ef-2a09-4073-a4cc-244906b9e9a2/_result.png
[2025-06-25T15:50:35.144+0900] {python.py:240} INFO - Done. Returned value was: {'file_id': '0e78705a-7baa-4022-b835-e081388df2a0', 'file_path': '/opt/***/data/upload/광장동 가람빌딩 - 정부24 - 건축물대장 등본(초본) 발급(열람) _ 문서출력_page_1_aug1.png', 'result': {'process_id': '_c9a230ef-2a09-4073-a4cc-244906b9e9a2_pre', 'folder_path': '0e78705a-7baa-4022-b835-e081388df2a0/c9a230ef-2a09-4073-a4cc-244906b9e9a2', 'step_list': [{'name': 'cache', 'param': {'cache_key': 'origin'}}, {'name': 'calc_angle_set2', 'param': {'angle_key': 'angle2_1', 'delta': 8.0, 'limit': 40, 'iterations': 2, 'iter_save': False}}, {'name': 'calc_angle_set2', 'param': {'angle_key': 'angle2_2', 'delta': 1.0, 'limit': 8, 'iterations': 2, 'iter_save': False}}, {'name': 'calc_angle_set2', 'param': {'angle_key': 'angle2_3', 'delta': 0.125, 'limit': 1, 'iterations': 2, 'iter_save': False}}, {'name': 'text_orientation_set', 'param': {'angle_key': 'orint', 'iterations': 3, 'iter_save': False}}, {'name': 'del_blank_set1', 'param': {}}], 'result_file_map': {'_result': '/opt/***/data/temp/0e78705a-7baa-4022-b835-e081388df2a0/c9a230ef-2a09-4073-a4cc-244906b9e9a2/_result.png'}}}
[2025-06-25T15:50:35.204+0900] {taskinstance.py:341} INFO - ::group::Post task execution logs
[2025-06-25T15:50:35.208+0900] {taskinstance.py:353} INFO - Marking task as SUCCESS. dag_id=image_preprocess_v1, task_id=img_preprocess_task, run_id=manual__2025-06-25T06:49:53.997621+00:00, map_index=3, execution_date=20250625T064953, start_date=20250625T065005, end_date=20250625T065035
[2025-06-25T15:50:35.299+0900] {local_task_job_runner.py:266} INFO - Task exited with return code 0
[2025-06-25T15:50:35.342+0900] {standard_task_runner.py:217} INFO - Process not found (most likely exited), stop collecting metrics
[2025-06-25T15:50:35.346+0900] {taskinstance.py:3901} INFO - 0 downstream tasks scheduled from follow-on schedule check
[2025-06-25T15:50:35.353+0900] {local_task_job_runner.py:245} INFO - ::endgroup::
