[2025-06-24T11:37:25.855+0900] {local_task_job_runner.py:123} INFO - ::group::Pre task execution logs
[2025-06-24T11:37:25.954+0900] {taskinstance.py:2614} INFO - Dependencies all met for dep_context=non-requeueable deps ti=<TaskInstance: lilt_document_classifier_balanced_V0.1.img_preprocess_task manual__2025-06-24T02:31:44.485922+00:00 map_index=22 [queued]>
[2025-06-24T11:37:25.995+0900] {taskinstance.py:2614} INFO - Dependencies all met for dep_context=requeueable deps ti=<TaskInstance: lilt_document_classifier_balanced_V0.1.img_preprocess_task manual__2025-06-24T02:31:44.485922+00:00 map_index=22 [queued]>
[2025-06-24T11:37:26.000+0900] {taskinstance.py:2867} INFO - Starting attempt 1 of 1
[2025-06-24T11:37:26.034+0900] {taskinstance.py:2890} INFO - Executing <Mapped(_PythonDecoratedOperator): img_preprocess_task> on 2025-06-24 02:31:44.485922+00:00
[2025-06-24T11:37:26.046+0900] {warnings.py:112} WARNING - /home/***/.local/lib/python3.12/site-packages/***/task/task_runner/standard_task_runner.py:70: DeprecationWarning: This process (pid=34354) is multi-threaded, use of fork() may lead to deadlocks in the child.
  pid = os.fork()

[2025-06-24T11:37:26.053+0900] {standard_task_runner.py:72} INFO - Started process 34376 to run task
[2025-06-24T11:37:26.049+0900] {standard_task_runner.py:104} INFO - Running: ['***', 'tasks', 'run', 'lilt_document_classifier_balanced_V0.1', 'img_preprocess_task', 'manual__2025-06-24T02:31:44.485922+00:00', '--job-id', '3782', '--raw', '--subdir', 'DAGS_FOLDER/class_create_dag.py', '--cfg-path', '/tmp/tmp5sa61cgh', '--map-index', '22']
[2025-06-24T11:37:26.072+0900] {standard_task_runner.py:105} INFO - Job 3782: Subtask img_preprocess_task
[2025-06-24T11:37:26.228+0900] {task_command.py:467} INFO - Running <TaskInstance: lilt_document_classifier_balanced_V0.1.img_preprocess_task manual__2025-06-24T02:31:44.485922+00:00 map_index=22 [running]> on host f6d4228a9eb8
[2025-06-24T11:37:26.673+0900] {taskinstance.py:3134} INFO - Exporting env vars: AIRFLOW_CTX_DAG_OWNER='***' AIRFLOW_CTX_DAG_ID='lilt_document_classifier_balanced_V0.1' AIRFLOW_CTX_TASK_ID='img_preprocess_task' AIRFLOW_CTX_EXECUTION_DATE='2025-06-24T02:31:44.485922+00:00' AIRFLOW_CTX_TRY_NUMBER='1' AIRFLOW_CTX_DAG_RUN_ID='manual__2025-06-24T02:31:44.485922+00:00'
[2025-06-24T11:37:26.676+0900] {taskinstance.py:732} INFO - ::endgroup::
[2025-06-24T11:37:26.685+0900] {logging_mixin.py:190} INFO - empty map check {} {'process_id': '_3364abbd-6ea3-47a1-a4aa-cc1588afa633_pre', 'folder_path': 'd0be5deb-2d82-411d-9ea3-942badc41478/3364abbd-6ea3-47a1-a4aa-cc1588afa633', 'step_list': [{'name': 'cache', 'param': {'key': 'origin'}}, {'name': 'calc_angle_set2', 'param': {'key': 'angle1', 'iterations': 4, 'iter_save': True}}, {'name': 'save', 'param': {'key': 'ag1'}}, {'name': 'text_orientation_set', 'param': {'key': 'angle2', 'iterations': 4, 'iter_save': True}}, {'name': 'save', 'param': {'key': 'ag2'}}, {'name': 'load', 'param': {'key': 'origin'}}, {'name': 'rotate', 'param': {'key': 'angle1'}}, {'name': 'rotate', 'param': {'key': 'angle2'}}], 'result_file_map': {}}
[2025-06-24T11:37:26.691+0900] {logging_mixin.py:190} INFO - step : cache
[2025-06-24T11:37:26.697+0900] {logging_mixin.py:190} INFO - step : calc_angle_set2
[2025-06-24T11:38:00.244+0900] {logging_mixin.py:190} INFO - osd 1 -5.0 -5.0 0 321742 [321742, 308811, 294287, 281431, 267279, 254772, 240674, 229082, 215643, 202119, 189722, 179642, 168821, 159192, 149473, 140124, 130414, 120767, 111568, 102022, 92568, 102022, 111568, 120767, 130414, 140124, 149473, 159192, 168821, 179642, 189722, 202119, 215643, 229082, 240674, 254772, 267279, 281431, 294287, 308811, 321742]
[2025-06-24T11:38:35.102+0900] {logging_mixin.py:190} INFO - osd 2 0.0 5.0 40 2107323 [1753028, 1698801, 1648831, 1597179, 1542706, 1491899, 1442286, 1390458, 1340877, 1285717, 1236787, 1186222, 1134831, 1086854, 1033605, 984183, 931947, 882681, 837160, 786547, 739152, 797462, 859707, 916390, 977722, 1043938, 1107299, 1177216, 1241809, 1312476, 1386248, 1456117, 1534297, 1605763, 1680654, 1752948, 1823954, 1898665, 1970182, 2036962, 2107323]
[2025-06-24T11:39:22.178+0900] {logging_mixin.py:190} INFO - osd 3 -5.0 -5.0 0 3412033 [3412033, 3343990, 3280275, 3212350, 3149527, 3081625, 3018180, 2947976, 2880721, 2813518, 2748449, 2681236, 2611278, 2545359, 2475497, 2410818, 2340165, 2270526, 2201369, 2131789, 2064342, 2129868, 2197458, 2265059, 2333112, 2402092, 2467298, 2536525, 2601521, 2671298, 2738057, 2803405, 2870314, 2937124, 3008741, 3070731, 3138773, 3202682, 3271181, 3334051, 3402522]
[2025-06-24T11:40:22.587+0900] {logging_mixin.py:190} INFO - osd 4 0.0 5.0 40 5447791 [5048041, 4956667, 4865241, 4776501, 4688699, 4601485, 4510184, 4420966, 4335811, 4248614, 4166165, 4074514, 3993986, 3905236, 3822770, 3741326, 3660616, 3577985, 3497171, 3415779, 3343748, 3443479, 3550583, 3659148, 3767163, 3872804, 3977514, 4083332, 4193634, 4295099, 4407165, 4509328, 4617442, 4719412, 4826784, 4933781, 5036437, 5140244, 5242476, 5345218, 5447791]
[2025-06-24T11:40:23.124+0900] {logging_mixin.py:190} INFO - step : save
[2025-06-24T11:40:24.174+0900] {logging_mixin.py:190} INFO - file_copy: /opt/***/data/temp/d0be5deb-2d82-411d-9ea3-942badc41478/3364abbd-6ea3-47a1-a4aa-cc1588afa633/ag1.png
[2025-06-24T11:40:24.309+0900] {logging_mixin.py:190} INFO - step : text_orientation_set
[2025-06-24T11:40:39.861+0900] {logging_mixin.py:190} INFO - file_copy: /opt/***/data/temp/d0be5deb-2d82-411d-9ea3-942badc41478/3364abbd-6ea3-47a1-a4aa-cc1588afa633/rotate2_1.png
[2025-06-24T11:40:48.656+0900] {logging_mixin.py:190} INFO - osd 1 break  0 0 6.19 Japanese 0.88
[2025-06-24T11:40:48.660+0900] {logging_mixin.py:190} INFO - step : save
[2025-06-24T11:40:49.502+0900] {logging_mixin.py:190} INFO - file_copy: /opt/***/data/temp/d0be5deb-2d82-411d-9ea3-942badc41478/3364abbd-6ea3-47a1-a4aa-cc1588afa633/ag2.png
[2025-06-24T11:40:49.539+0900] {logging_mixin.py:190} INFO - step : load
[2025-06-24T11:40:49.539+0900] {logging_mixin.py:190} INFO - step : rotate
[2025-06-24T11:40:49.612+0900] {logging_mixin.py:190} INFO - step : rotate
[2025-06-24T11:40:50.161+0900] {logging_mixin.py:190} INFO - file_copy: /opt/***/data/temp/d0be5deb-2d82-411d-9ea3-942badc41478/3364abbd-6ea3-47a1-a4aa-cc1588afa633/_result.png
[2025-06-24T11:40:50.178+0900] {python.py:240} INFO - Done. Returned value was: {'file_id': 'd0be5deb-2d82-411d-9ea3-942badc41478', 'file_path': '/opt/***/data/class/a_class/classify/ready/true/거제동 고성빌딩 - 정부24 - 건축물대장 등본(초본) 발급(열람) _ 문서출력_page_1_aug0.png', 'true': {'process_id': '_3364abbd-6ea3-47a1-a4aa-cc1588afa633_pre', 'folder_path': 'd0be5deb-2d82-411d-9ea3-942badc41478/3364abbd-6ea3-47a1-a4aa-cc1588afa633', 'step_list': [{'name': 'cache', 'param': {'key': 'origin'}}, {'name': 'calc_angle_set2', 'param': {'key': 'angle1', 'iterations': 4, 'iter_save': True}}, {'name': 'save', 'param': {'key': 'ag1'}}, {'name': 'text_orientation_set', 'param': {'key': 'angle2', 'iterations': 4, 'iter_save': True}}, {'name': 'save', 'param': {'key': 'ag2'}}, {'name': 'load', 'param': {'key': 'origin'}}, {'name': 'rotate', 'param': {'key': 'angle1'}}, {'name': 'rotate', 'param': {'key': 'angle2'}}], 'result_file_map': {'ag1': '/opt/***/data/temp/d0be5deb-2d82-411d-9ea3-942badc41478/3364abbd-6ea3-47a1-a4aa-cc1588afa633/ag1.png', 'rotate2_1': '/opt/***/data/temp/d0be5deb-2d82-411d-9ea3-942badc41478/3364abbd-6ea3-47a1-a4aa-cc1588afa633/rotate2_1.png', 'ag2': '/opt/***/data/temp/d0be5deb-2d82-411d-9ea3-942badc41478/3364abbd-6ea3-47a1-a4aa-cc1588afa633/ag2.png', '_result': '/opt/***/data/temp/d0be5deb-2d82-411d-9ea3-942badc41478/3364abbd-6ea3-47a1-a4aa-cc1588afa633/_result.png'}}}
[2025-06-24T11:40:50.266+0900] {taskinstance.py:341} INFO - ::group::Post task execution logs
[2025-06-24T11:40:50.303+0900] {taskinstance.py:353} INFO - Marking task as SUCCESS. dag_id=lilt_document_classifier_balanced_V0.1, task_id=img_preprocess_task, run_id=manual__2025-06-24T02:31:44.485922+00:00, map_index=22, execution_date=20250624T023144, start_date=20250624T023725, end_date=20250624T024050
[2025-06-24T11:40:50.568+0900] {local_task_job_runner.py:266} INFO - Task exited with return code 0
[2025-06-24T11:40:51.083+0900] {taskinstance.py:3901} INFO - 0 downstream tasks scheduled from follow-on schedule check
[2025-06-24T11:40:51.123+0900] {local_task_job_runner.py:245} INFO - ::endgroup::
