[2025-06-24T16:40:28.579+0900] {local_task_job_runner.py:123} INFO - ::group::Pre task execution logs
[2025-06-24T16:40:28.682+0900] {taskinstance.py:2614} INFO - Dependencies all met for dep_context=non-requeueable deps ti=<TaskInstance: lilt_document_classifier_balanced_V0.1.img_preprocess_task__1 manual__2025-06-24T07:39:02.784990+00:00 map_index=8 [queued]>
[2025-06-24T16:40:28.723+0900] {taskinstance.py:2614} INFO - Dependencies all met for dep_context=requeueable deps ti=<TaskInstance: lilt_document_classifier_balanced_V0.1.img_preprocess_task__1 manual__2025-06-24T07:39:02.784990+00:00 map_index=8 [queued]>
[2025-06-24T16:40:28.726+0900] {taskinstance.py:2867} INFO - Starting attempt 1 of 1
[2025-06-24T16:40:28.775+0900] {taskinstance.py:2890} INFO - Executing <Mapped(_PythonDecoratedOperator): img_preprocess_task__1> on 2025-06-24 07:39:02.784990+00:00
[2025-06-24T16:40:28.862+0900] {standard_task_runner.py:104} INFO - Running: ['***', 'tasks', 'run', 'lilt_document_classifier_balanced_V0.1', 'img_preprocess_task__1', 'manual__2025-06-24T07:39:02.784990+00:00', '--job-id', '4431', '--raw', '--subdir', 'DAGS_FOLDER/class_create_dag.py', '--cfg-path', '/tmp/tmp67vrwaz3', '--map-index', '8']
[2025-06-24T16:40:28.872+0900] {standard_task_runner.py:105} INFO - Job 4431: Subtask img_preprocess_task__1
[2025-06-24T16:40:28.858+0900] {warnings.py:112} WARNING - /home/***/.local/lib/python3.12/site-packages/***/task/task_runner/standard_task_runner.py:70: DeprecationWarning: This process (pid=53995) is multi-threaded, use of fork() may lead to deadlocks in the child.
  pid = os.fork()

[2025-06-24T16:40:28.873+0900] {standard_task_runner.py:72} INFO - Started process 54010 to run task
[2025-06-24T16:40:28.968+0900] {task_command.py:467} INFO - Running <TaskInstance: lilt_document_classifier_balanced_V0.1.img_preprocess_task__1 manual__2025-06-24T07:39:02.784990+00:00 map_index=8 [running]> on host f6d4228a9eb8
[2025-06-24T16:40:29.226+0900] {taskinstance.py:3134} INFO - Exporting env vars: AIRFLOW_CTX_DAG_OWNER='***' AIRFLOW_CTX_DAG_ID='lilt_document_classifier_balanced_V0.1' AIRFLOW_CTX_TASK_ID='img_preprocess_task__1' AIRFLOW_CTX_EXECUTION_DATE='2025-06-24T07:39:02.784990+00:00' AIRFLOW_CTX_TRY_NUMBER='1' AIRFLOW_CTX_DAG_RUN_ID='manual__2025-06-24T07:39:02.784990+00:00'
[2025-06-24T16:40:29.243+0900] {taskinstance.py:732} INFO - ::endgroup::
[2025-06-24T16:40:29.254+0900] {logging_mixin.py:190} INFO - empty map check {} {'process_id': '_fd41b8e3-c9da-4df8-9251-d60f39f0da30_pre', 'folder_path': '9c943e76-890f-4735-8271-ac821d310af2/fd41b8e3-c9da-4df8-9251-d60f39f0da30', 'step_list': [{'name': 'cache', 'param': {'key': 'origin'}}, {'name': 'calc_angle_set2', 'param': {'key': 'angle1', 'iterations': 4, 'iter_save': False}}, {'name': 'text_orientation_set', 'param': {'key': 'angle2', 'iterations': 4, 'iter_save': False}}, {'name': 'load', 'param': {'key': 'origin'}}, {'name': 'rotate', 'param': {'key': 'angle1'}}, {'name': 'rotate', 'param': {'key': 'angle2'}}], 'result_file_map': {}}
[2025-06-24T16:40:29.271+0900] {logging_mixin.py:190} INFO - step : cache
[2025-06-24T16:40:29.272+0900] {logging_mixin.py:190} INFO - step : calc_angle_set2
[2025-06-24T16:40:33.439+0900] {logging_mixin.py:190} INFO - osd 1 -1.25 -1.25 15 2020 [25, 67, 121, 207, 337, 484, 594, 788, 916, 1036, 1238, 1302, 1398, 1596, 1717, 2020, 1941, 1994, 1890, 1711, 1418, 1417, 1256, 1142, 983, 854, 737, 578, 416, 298, 216, 117, 64, 27, 6, 5, 0, 0, 0, 0, 0]
[2025-06-24T16:40:37.205+0900] {logging_mixin.py:190} INFO - osd 2 -1.25 0.0 20 2005 [0, 0, 0, 0, 0, 15, 53, 116, 196, 311, 451, 624, 766, 906, 1043, 1238, 1306, 1432, 1568, 1768, 2005, 1999, 1934, 1847, 1670, 1529, 1402, 1321, 1109, 970, 835, 685, 553, 413, 311, 177, 106, 62, 34, 0, 0]
[2025-06-24T16:40:41.052+0900] {logging_mixin.py:190} INFO - osd 3 -1.25 0.0 20 2005 [0, 0, 0, 0, 0, 15, 53, 116, 196, 311, 451, 624, 766, 906, 1043, 1238, 1306, 1432, 1568, 1768, 2005, 1999, 1934, 1847, 1670, 1529, 1402, 1321, 1109, 970, 835, 685, 553, 413, 311, 177, 106, 62, 34, 0, 0]
[2025-06-24T16:40:45.183+0900] {logging_mixin.py:190} INFO - osd 4 -1.25 0.0 20 2005 [0, 0, 0, 0, 0, 15, 53, 116, 196, 311, 451, 624, 766, 906, 1043, 1238, 1306, 1432, 1568, 1768, 2005, 1999, 1934, 1847, 1670, 1529, 1402, 1321, 1109, 970, 835, 685, 553, 413, 311, 177, 106, 62, 34, 0, 0]
[2025-06-24T16:40:45.221+0900] {logging_mixin.py:190} INFO - step : text_orientation_set
[2025-06-24T16:40:48.190+0900] {logging_mixin.py:190} INFO - Tesseract OSD Error: (1, 'Estimating resolution as 299 Too few characters. Skipping this page Warning. Invalid resolution 0 dpi. Using 70 instead. Too few characters. Skipping this page Error during processing.')
[2025-06-24T16:40:48.190+0900] {logging_mixin.py:190} INFO - step : load
[2025-06-24T16:40:48.191+0900] {logging_mixin.py:190} INFO - step : rotate
[2025-06-24T16:40:48.258+0900] {logging_mixin.py:190} INFO - step : rotate
[2025-06-24T16:40:48.290+0900] {logging_mixin.py:190} INFO - file_copy: /opt/***/data/temp/9c943e76-890f-4735-8271-ac821d310af2/fd41b8e3-c9da-4df8-9251-d60f39f0da30/_result.png
[2025-06-24T16:40:48.649+0900] {python.py:240} INFO - Done. Returned value was: {'file_id': '9c943e76-890f-4735-8271-ac821d310af2', 'file_path': '/opt/***/data/class/a_class/classify/ready/false/copied_72_2073194822.png', 'false': {'process_id': '_fd41b8e3-c9da-4df8-9251-d60f39f0da30_pre', 'folder_path': '9c943e76-890f-4735-8271-ac821d310af2/fd41b8e3-c9da-4df8-9251-d60f39f0da30', 'step_list': [{'name': 'cache', 'param': {'key': 'origin'}}, {'name': 'calc_angle_set2', 'param': {'key': 'angle1', 'iterations': 4, 'iter_save': False}}, {'name': 'text_orientation_set', 'param': {'key': 'angle2', 'iterations': 4, 'iter_save': False}}, {'name': 'load', 'param': {'key': 'origin'}}, {'name': 'rotate', 'param': {'key': 'angle1'}}, {'name': 'rotate', 'param': {'key': 'angle2'}}], 'result_file_map': {'_result': '/opt/***/data/temp/9c943e76-890f-4735-8271-ac821d310af2/fd41b8e3-c9da-4df8-9251-d60f39f0da30/_result.png'}}}
[2025-06-24T16:40:48.715+0900] {taskinstance.py:341} INFO - ::group::Post task execution logs
[2025-06-24T16:40:48.718+0900] {taskinstance.py:353} INFO - Marking task as SUCCESS. dag_id=lilt_document_classifier_balanced_V0.1, task_id=img_preprocess_task__1, run_id=manual__2025-06-24T07:39:02.784990+00:00, map_index=8, execution_date=20250624T073902, start_date=20250624T074028, end_date=20250624T074048
[2025-06-24T16:40:48.903+0900] {local_task_job_runner.py:266} INFO - Task exited with return code 0
[2025-06-24T16:40:48.917+0900] {standard_task_runner.py:217} INFO - Process not found (most likely exited), stop collecting metrics
[2025-06-24T16:40:49.024+0900] {taskinstance.py:3901} INFO - 0 downstream tasks scheduled from follow-on schedule check
[2025-06-24T16:40:49.040+0900] {local_task_job_runner.py:245} INFO - ::endgroup::
