[2025-06-19T18:35:20.622+0900] {local_task_job_runner.py:123} INFO - ::group::Pre task execution logs
[2025-06-19T18:35:20.740+0900] {taskinstance.py:2614} INFO - Dependencies all met for dep_context=non-requeueable deps ti=<TaskInstance: lilt_document_classifier_balanced_V0.1.img_preprocess_task__1 manual__2025-06-19T09:32:07.760195+00:00 map_index=58 [queued]>
[2025-06-19T18:35:20.816+0900] {taskinstance.py:2614} INFO - Dependencies all met for dep_context=requeueable deps ti=<TaskInstance: lilt_document_classifier_balanced_V0.1.img_preprocess_task__1 manual__2025-06-19T09:32:07.760195+00:00 map_index=58 [queued]>
[2025-06-19T18:35:20.825+0900] {taskinstance.py:2867} INFO - Starting attempt 1 of 1
[2025-06-19T18:35:20.884+0900] {taskinstance.py:2890} INFO - Executing <Mapped(_PythonDecoratedOperator): img_preprocess_task__1> on 2025-06-19 09:32:07.760195+00:00
[2025-06-19T18:35:20.929+0900] {warnings.py:112} WARNING - /home/***/.local/lib/python3.12/site-packages/***/task/task_runner/standard_task_runner.py:70: DeprecationWarning: This process (pid=11878) is multi-threaded, use of fork() may lead to deadlocks in the child.
  pid = os.fork()

[2025-06-19T18:35:20.950+0900] {standard_task_runner.py:72} INFO - Started process 11976 to run task
[2025-06-19T18:35:20.949+0900] {standard_task_runner.py:104} INFO - Running: ['***', 'tasks', 'run', 'lilt_document_classifier_balanced_V0.1', 'img_preprocess_task__1', 'manual__2025-06-19T09:32:07.760195+00:00', '--job-id', '1812', '--raw', '--subdir', 'DAGS_FOLDER/class_create_dag.py', '--cfg-path', '/tmp/tmptn0zqle6', '--map-index', '58']
[2025-06-19T18:35:20.956+0900] {standard_task_runner.py:105} INFO - Job 1812: Subtask img_preprocess_task__1
[2025-06-19T18:35:21.089+0900] {task_command.py:467} INFO - Running <TaskInstance: lilt_document_classifier_balanced_V0.1.img_preprocess_task__1 manual__2025-06-19T09:32:07.760195+00:00 map_index=58 [running]> on host f6d4228a9eb8
[2025-06-19T18:35:21.302+0900] {taskinstance.py:3134} INFO - Exporting env vars: AIRFLOW_CTX_DAG_OWNER='***' AIRFLOW_CTX_DAG_ID='lilt_document_classifier_balanced_V0.1' AIRFLOW_CTX_TASK_ID='img_preprocess_task__1' AIRFLOW_CTX_EXECUTION_DATE='2025-06-19T09:32:07.760195+00:00' AIRFLOW_CTX_TRY_NUMBER='1' AIRFLOW_CTX_DAG_RUN_ID='manual__2025-06-19T09:32:07.760195+00:00'
[2025-06-19T18:35:21.306+0900] {taskinstance.py:732} INFO - ::endgroup::
[2025-06-19T18:35:21.309+0900] {logging_mixin.py:190} INFO - empty map check {} {'process_id': '_559d2d94-f746-4260-9825-066dc977b746_pre', 'folder_path': '27cc70e1-6626-422f-9df7-1dadc7c66c0d/559d2d94-f746-4260-9825-066dc977b746', 'step_list': [{'name': 'cache', 'param': {'key': 'origin'}}, {'name': 'calc_angle_set1', 'param': {'key': 'angle1', 'iterations': 4, 'iter_save': False}}, {'name': 'text_orientation_set', 'param': {'key': 'angle2', 'iterations': 4, 'iter_save': False}}, {'name': 'load', 'param': {'key': 'origin'}}, {'name': 'rotate', 'param': {'key': 'angle1'}}, {'name': 'rotate', 'param': {'key': 'angle2'}}], 'result_file_map': {}}
[2025-06-19T18:35:21.313+0900] {logging_mixin.py:190} INFO - step : cache
[2025-06-19T18:35:21.313+0900] {logging_mixin.py:190} INFO - step : calc_angle_set1
[2025-06-19T18:35:21.377+0900] {logging_mixin.py:190} INFO - step : text_orientation_set
[2025-06-19T18:35:28.667+0900] {logging_mixin.py:190} INFO - osd 1 90 90 0.84 Malayalam 1.67
[2025-06-19T18:35:33.499+0900] {logging_mixin.py:190} INFO - osd 2 break  90 0 4.4 Latin 1.33
[2025-06-19T18:35:33.500+0900] {logging_mixin.py:190} INFO - step : load
[2025-06-19T18:35:33.505+0900] {logging_mixin.py:190} INFO - step : rotate
[2025-06-19T18:35:33.535+0900] {logging_mixin.py:190} INFO - step : rotate
[2025-06-19T18:35:33.720+0900] {logging_mixin.py:190} INFO - file_copy: /opt/***/data/temp/27cc70e1-6626-422f-9df7-1dadc7c66c0d/559d2d94-f746-4260-9825-066dc977b746/_result.png
[2025-06-19T18:35:33.731+0900] {python.py:240} INFO - Done. Returned value was: {'file_id': '27cc70e1-6626-422f-9df7-1dadc7c66c0d', 'file_path': '/opt/***/data/class/a_class/classify/ready/false/copied_2_506068843.png', 'false': {'process_id': '_559d2d94-f746-4260-9825-066dc977b746_pre', 'folder_path': '27cc70e1-6626-422f-9df7-1dadc7c66c0d/559d2d94-f746-4260-9825-066dc977b746', 'step_list': [{'name': 'cache', 'param': {'key': 'origin'}}, {'name': 'calc_angle_set1', 'param': {'key': 'angle1', 'iterations': 4, 'iter_save': False}}, {'name': 'text_orientation_set', 'param': {'key': 'angle2', 'iterations': 4, 'iter_save': False}}, {'name': 'load', 'param': {'key': 'origin'}}, {'name': 'rotate', 'param': {'key': 'angle1'}}, {'name': 'rotate', 'param': {'key': 'angle2'}}], 'result_file_map': {'_result': '/opt/***/data/temp/27cc70e1-6626-422f-9df7-1dadc7c66c0d/559d2d94-f746-4260-9825-066dc977b746/_result.png'}}}
[2025-06-19T18:35:33.787+0900] {taskinstance.py:341} INFO - ::group::Post task execution logs
[2025-06-19T18:35:33.790+0900] {taskinstance.py:353} INFO - Marking task as SUCCESS. dag_id=lilt_document_classifier_balanced_V0.1, task_id=img_preprocess_task__1, run_id=manual__2025-06-19T09:32:07.760195+00:00, map_index=58, execution_date=20250619T093207, start_date=20250619T093520, end_date=20250619T093533
[2025-06-19T18:35:33.858+0900] {local_task_job_runner.py:266} INFO - Task exited with return code 0
[2025-06-19T18:35:34.058+0900] {taskinstance.py:3901} INFO - 0 downstream tasks scheduled from follow-on schedule check
[2025-06-19T18:35:34.079+0900] {local_task_job_runner.py:245} INFO - ::endgroup::
