[2025-06-10T06:06:09.367+0000] {local_task_job_runner.py:123} INFO - ::group::Pre task execution logs
[2025-06-10T06:06:09.396+0000] {taskinstance.py:2614} INFO - Dependencies all met for dep_context=non-requeueable deps ti=<TaskInstance: image_ocr_v2.img_preprocess_task manual__2025-06-10T06:06:01.520366+00:00 map_index=2 [queued]>
[2025-06-10T06:06:09.411+0000] {taskinstance.py:2614} INFO - Dependencies all met for dep_context=requeueable deps ti=<TaskInstance: image_ocr_v2.img_preprocess_task manual__2025-06-10T06:06:01.520366+00:00 map_index=2 [queued]>
[2025-06-10T06:06:09.411+0000] {taskinstance.py:2867} INFO - Starting attempt 1 of 1
[2025-06-10T06:06:09.427+0000] {taskinstance.py:2890} INFO - Executing <Mapped(_PythonDecoratedOperator): img_preprocess_task> on 2025-06-10 06:06:01.520366+00:00
[2025-06-10T06:06:09.434+0000] {warnings.py:112} WARNING - /home/***/.local/lib/python3.12/site-packages/***/task/task_runner/standard_task_runner.py:70: DeprecationWarning: This process (pid=24325) is multi-threaded, use of fork() may lead to deadlocks in the child.
  pid = os.fork()

[2025-06-10T06:06:09.436+0000] {standard_task_runner.py:72} INFO - Started process 24332 to run task
[2025-06-10T06:06:09.436+0000] {standard_task_runner.py:104} INFO - Running: ['***', 'tasks', 'run', 'image_ocr_v2', 'img_preprocess_task', 'manual__2025-06-10T06:06:01.520366+00:00', '--job-id', '336', '--raw', '--subdir', 'DAGS_FOLDER/test_dag.py', '--cfg-path', '/tmp/tmpuiwy5f0u', '--map-index', '2']
[2025-06-10T06:06:09.445+0000] {standard_task_runner.py:105} INFO - Job 336: Subtask img_preprocess_task
[2025-06-10T06:06:09.524+0000] {task_command.py:467} INFO - Running <TaskInstance: image_ocr_v2.img_preprocess_task manual__2025-06-10T06:06:01.520366+00:00 map_index=2 [running]> on host 85194d6fbd18
[2025-06-10T06:06:09.638+0000] {taskinstance.py:3134} INFO - Exporting env vars: AIRFLOW_CTX_DAG_OWNER='***' AIRFLOW_CTX_DAG_ID='image_ocr_v2' AIRFLOW_CTX_TASK_ID='img_preprocess_task' AIRFLOW_CTX_EXECUTION_DATE='2025-06-10T06:06:01.520366+00:00' AIRFLOW_CTX_TRY_NUMBER='1' AIRFLOW_CTX_DAG_RUN_ID='manual__2025-06-10T06:06:01.520366+00:00'
[2025-06-10T06:06:09.641+0000] {taskinstance.py:732} INFO - ::endgroup::
[2025-06-10T06:06:09.643+0000] {logging_mixin.py:190} INFO - empty map check {} {'process_id': '601b6803-58e4-48a5-b0af-105437ba4659', 'folder_path': 'd5f99bc7-d286-4ecd-a6b4-e16f312a53db/601b6803-58e4-48a5-b0af-105437ba4659', 'step_list': [{'name': 'cache', 'param': {'key': 'origin'}}, {'name': 'calc_angle_set1', 'param': {'key': 'angle1', 'iterations': 3}}, {'name': 'save', 'param': {'key': 'rotate1'}}, {'name': 'calc_angle_set2', 'param': {'key': 'angle2', 'iterations': 2}}, {'name': 'save', 'param': {'key': 'rotate2'}}, {'name': 'threshold', 'param': {}}, {'name': 'morphology1', 'param': {}}, {'name': 'scale1', 'param': {'width': 500, 'height': 500}}, {'name': 'save', 'param': {'key': 'classify_preprocess'}}], 'result_file_list': []}
[2025-06-10T06:06:09.644+0000] {logging_mixin.py:190} INFO - step : cache
[2025-06-10T06:06:09.645+0000] {logging_mixin.py:190} INFO - step : calc_angle_set1
[2025-06-10T06:06:09.699+0000] {logging_mixin.py:190} INFO - angle1 :  0 0.713230715971469 0.8104411942118901 0.8732485601018993 0.6043634443972675 0.564869665174819
[2025-06-10T06:06:09.831+0000] {logging_mixin.py:190} INFO - angle2 :  0.713230715971469 -0.026117178044682207 0.09351859950895403 0.12469137988858847 -0.16128255645588765 -0.16139613512038367
[2025-06-10T06:06:09.832+0000] {logging_mixin.py:190} INFO - step : save
[2025-06-10T06:06:09.996+0000] {logging_mixin.py:190} INFO - file_copy: /opt/***/data/result/d5f99bc7-d286-4ecd-a6b4-e16f312a53db/601b6803-58e4-48a5-b0af-105437ba4659/rotate1.png
[2025-06-10T06:06:10.014+0000] {logging_mixin.py:190} INFO - step : calc_angle_set2
[2025-06-10T06:06:17.681+0000] {logging_mixin.py:190} INFO - osd 0 0 5.0 Latin 1.72
[2025-06-10T06:06:17.828+0000] {logging_mixin.py:190} INFO - file_copy: /opt/***/data/result/d5f99bc7-d286-4ecd-a6b4-e16f312a53db/601b6803-58e4-48a5-b0af-105437ba4659/rotate2_1.png
[2025-06-10T06:06:24.736+0000] {logging_mixin.py:190} INFO - osd 0 0 5.0 Latin 1.72
[2025-06-10T06:06:24.791+0000] {logging_mixin.py:190} INFO - file_copy: /opt/***/data/result/d5f99bc7-d286-4ecd-a6b4-e16f312a53db/601b6803-58e4-48a5-b0af-105437ba4659/rotate2_2.png
[2025-06-10T06:06:24.834+0000] {logging_mixin.py:190} INFO - step : save
[2025-06-10T06:06:25.071+0000] {logging_mixin.py:190} INFO - file_copy: /opt/***/data/result/d5f99bc7-d286-4ecd-a6b4-e16f312a53db/601b6803-58e4-48a5-b0af-105437ba4659/rotate2.png
[2025-06-10T06:06:25.080+0000] {logging_mixin.py:190} INFO - step : threshold
[2025-06-10T06:06:25.143+0000] {logging_mixin.py:190} INFO - step : morphology1
[2025-06-10T06:06:25.159+0000] {logging_mixin.py:190} INFO - step : scale1
[2025-06-10T06:06:25.167+0000] {logging_mixin.py:190} INFO - step : save
[2025-06-10T06:06:25.172+0000] {logging_mixin.py:190} INFO - file_copy: /opt/***/data/result/d5f99bc7-d286-4ecd-a6b4-e16f312a53db/601b6803-58e4-48a5-b0af-105437ba4659/classify_preprocess.png
[2025-06-10T06:06:25.174+0000] {python.py:240} INFO - Done. Returned value was: {'file_id': 'd5f99bc7-d286-4ecd-a6b4-e16f312a53db', 'file_path': '/opt/***/data/upload/Gas Engine 점검일지_ 2021년 2월.pdf-image-005.jpg', 'preprocess_list': [{'process_id': '601b6803-58e4-48a5-b0af-105437ba4659', 'folder_path': 'd5f99bc7-d286-4ecd-a6b4-e16f312a53db/601b6803-58e4-48a5-b0af-105437ba4659', 'step_list': [{'name': 'cache', 'param': {'key': 'origin'}}, {'name': 'calc_angle_set1', 'param': {'key': 'angle1', 'iterations': 3}}, {'name': 'save', 'param': {'key': 'rotate1'}}, {'name': 'calc_angle_set2', 'param': {'key': 'angle2', 'iterations': 2}}, {'name': 'save', 'param': {'key': 'rotate2'}}, {'name': 'threshold', 'param': {}}, {'name': 'morphology1', 'param': {}}, {'name': 'scale1', 'param': {'width': 500, 'height': 500}}, {'name': 'save', 'param': {'key': 'classify_preprocess'}}], 'result_file_list': [{'rotate1': '/opt/***/data/result/d5f99bc7-d286-4ecd-a6b4-e16f312a53db/601b6803-58e4-48a5-b0af-105437ba4659/rotate1.png'}, {'rotate2_1': '/opt/***/data/result/d5f99bc7-d286-4ecd-a6b4-e16f312a53db/601b6803-58e4-48a5-b0af-105437ba4659/rotate2_1.png'}, {'rotate2_2': '/opt/***/data/result/d5f99bc7-d286-4ecd-a6b4-e16f312a53db/601b6803-58e4-48a5-b0af-105437ba4659/rotate2_2.png'}, {'rotate2': '/opt/***/data/result/d5f99bc7-d286-4ecd-a6b4-e16f312a53db/601b6803-58e4-48a5-b0af-105437ba4659/rotate2.png'}, {'classify_preprocess': '/opt/***/data/result/d5f99bc7-d286-4ecd-a6b4-e16f312a53db/601b6803-58e4-48a5-b0af-105437ba4659/classify_preprocess.png'}]}]}
[2025-06-10T06:06:25.203+0000] {taskinstance.py:341} INFO - ::group::Post task execution logs
[2025-06-10T06:06:25.203+0000] {taskinstance.py:353} INFO - Marking task as SUCCESS. dag_id=image_ocr_v2, task_id=img_preprocess_task, run_id=manual__2025-06-10T06:06:01.520366+00:00, map_index=2, execution_date=20250610T060601, start_date=20250610T060609, end_date=20250610T060625
[2025-06-10T06:06:25.264+0000] {local_task_job_runner.py:266} INFO - Task exited with return code 0
[2025-06-10T06:06:25.277+0000] {taskinstance.py:3901} INFO - 0 downstream tasks scheduled from follow-on schedule check
[2025-06-10T06:06:25.282+0000] {local_task_job_runner.py:245} INFO - ::endgroup::
