[2025-06-23T15:55:10.599+0900] {local_task_job_runner.py:123} INFO - ::group::Pre task execution logs
[2025-06-23T15:55:10.654+0900] {taskinstance.py:2614} INFO - Dependencies all met for dep_context=non-requeueable deps ti=<TaskInstance: lilt_document_classifier_balanced_V0.1.img_preprocess_task manual__2025-06-23T06:45:10.371530+00:00 map_index=24 [queued]>
[2025-06-23T15:55:10.679+0900] {taskinstance.py:2614} INFO - Dependencies all met for dep_context=requeueable deps ti=<TaskInstance: lilt_document_classifier_balanced_V0.1.img_preprocess_task manual__2025-06-23T06:45:10.371530+00:00 map_index=24 [queued]>
[2025-06-23T15:55:10.680+0900] {taskinstance.py:2867} INFO - Starting attempt 1 of 1
[2025-06-23T15:55:10.704+0900] {taskinstance.py:2890} INFO - Executing <Mapped(_PythonDecoratedOperator): img_preprocess_task> on 2025-06-23 06:45:10.371530+00:00
[2025-06-23T15:55:10.740+0900] {warnings.py:112} WARNING - /home/***/.local/lib/python3.12/site-packages/***/task/task_runner/standard_task_runner.py:70: DeprecationWarning: This process (pid=2856) is multi-threaded, use of fork() may lead to deadlocks in the child.
  pid = os.fork()

[2025-06-23T15:55:10.734+0900] {standard_task_runner.py:104} INFO - Running: ['***', 'tasks', 'run', 'lilt_document_classifier_balanced_V0.1', 'img_preprocess_task', 'manual__2025-06-23T06:45:10.371530+00:00', '--job-id', '3159', '--raw', '--subdir', 'DAGS_FOLDER/class_create_dag.py', '--cfg-path', '/tmp/tmp58bsaqnc', '--map-index', '24']
[2025-06-23T15:55:10.751+0900] {standard_task_runner.py:105} INFO - Job 3159: Subtask img_preprocess_task
[2025-06-23T15:55:10.744+0900] {standard_task_runner.py:72} INFO - Started process 2866 to run task
[2025-06-23T15:55:10.866+0900] {task_command.py:467} INFO - Running <TaskInstance: lilt_document_classifier_balanced_V0.1.img_preprocess_task manual__2025-06-23T06:45:10.371530+00:00 map_index=24 [running]> on host f6d4228a9eb8
[2025-06-23T15:55:11.068+0900] {taskinstance.py:3134} INFO - Exporting env vars: AIRFLOW_CTX_DAG_OWNER='***' AIRFLOW_CTX_DAG_ID='lilt_document_classifier_balanced_V0.1' AIRFLOW_CTX_TASK_ID='img_preprocess_task' AIRFLOW_CTX_EXECUTION_DATE='2025-06-23T06:45:10.371530+00:00' AIRFLOW_CTX_TRY_NUMBER='1' AIRFLOW_CTX_DAG_RUN_ID='manual__2025-06-23T06:45:10.371530+00:00'
[2025-06-23T15:55:11.070+0900] {taskinstance.py:732} INFO - ::endgroup::
[2025-06-23T15:55:11.077+0900] {logging_mixin.py:190} INFO - empty map check {} {'process_id': '_eb151dfa-b5e8-4150-aa81-e1a7df1c737c_pre', 'folder_path': '82e4af61-8c24-4836-b191-0017557fc0cb/eb151dfa-b5e8-4150-aa81-e1a7df1c737c', 'step_list': [{'name': 'cache', 'param': {'key': 'origin'}}, {'name': 'calc_angle_set2', 'param': {'key': 'angle1', 'iterations': 4, 'iter_save': False}}, {'name': 'text_orientation_set', 'param': {'key': 'angle2', 'iterations': 4, 'iter_save': False}}, {'name': 'load', 'param': {'key': 'origin'}}, {'name': 'rotate', 'param': {'key': 'angle1'}}, {'name': 'rotate', 'param': {'key': 'angle2'}}], 'result_file_map': {}}
[2025-06-23T15:55:11.077+0900] {logging_mixin.py:190} INFO - step : cache
[2025-06-23T15:55:11.082+0900] {logging_mixin.py:190} INFO - step : calc_angle_set2
[2025-06-23T15:55:44.007+0900] {logging_mixin.py:190} INFO - osd 1 5.0 5.0 40 1495680 [1310345, 1261729, 1205838, 1146966, 1091292, 1032449, 976267, 919597, 865581, 809447, 758920, 708832, 658778, 612454, 571195, 527330, 483827, 440523, 397691, 354426, 316081, 359202, 407974, 458988, 511294, 565910, 622108, 675557, 735427, 796213, 855391, 914404, 979721, 1040900, 1105364, 1169258, 1234568, 1299635, 1366721, 1432882, 1495680]
[2025-06-23T15:56:30.285+0900] {logging_mixin.py:190} INFO - osd 2 0.0 -5.0 0 3104764 [3104764, 3020184, 2939220, 2853512, 2763215, 2678275, 2593423, 2504124, 2419828, 2326434, 2244056, 2155970, 2069724, 1987272, 1899153, 1817360, 1732981, 1655619, 1583605, 1503755, 1430536, 1504474, 1582911, 1653493, 1729505, 1809666, 1885784, 1967510, 2042439, 2122497, 2202411, 2280207, 2367604, 2447842, 2533673, 2616114, 2699399, 2787390, 2872858, 2954694, 3042203]
[2025-06-23T15:57:20.205+0900] {logging_mixin.py:190} INFO - osd 3 5.0 5.0 40 5088424 [4859027, 4772269, 4685807, 4592924, 4506587, 4413682, 4328302, 4231400, 4140192, 4048091, 3957454, 3866358, 3770840, 3679155, 3583545, 3493189, 3397765, 3303637, 3209030, 3115719, 3023587, 3121475, 3221821, 3322396, 3423169, 3525534, 3623401, 3725712, 3825166, 3928110, 4027527, 4127578, 4230294, 4335340, 4444733, 4544794, 4654235, 4756908, 4868953, 4975069, 5088424]
[2025-06-23T15:58:20.648+0900] {logging_mixin.py:190} INFO - osd 4 10.0 5.0 40 7597477 [7549843, 7420139, 7289165, 7158367, 7027882, 6898995, 6761754, 6627443, 6498833, 6365000, 6237649, 6099155, 5973710, 5836956, 5704443, 5575052, 5445889, 5311740, 5177316, 5044775, 4924557, 5040102, 5166486, 5295496, 5426045, 5553578, 5679491, 5809683, 5946085, 6071487, 6212270, 6341643, 6477985, 6610358, 6752246, 6896074, 7033200, 7172697, 7312040, 7453550, 7597477]
[2025-06-23T15:58:20.946+0900] {logging_mixin.py:190} INFO - step : text_orientation_set
[2025-06-23T15:58:48.904+0900] {logging_mixin.py:190} INFO - osd 1 break  0 0 2.92 Japanese 0.35
[2025-06-23T15:58:48.905+0900] {logging_mixin.py:190} INFO - step : load
[2025-06-23T15:58:48.906+0900] {logging_mixin.py:190} INFO - step : rotate
[2025-06-23T15:58:49.347+0900] {logging_mixin.py:190} INFO - step : rotate
[2025-06-23T15:58:51.005+0900] {logging_mixin.py:190} INFO - file_copy: /opt/***/data/temp/82e4af61-8c24-4836-b191-0017557fc0cb/eb151dfa-b5e8-4150-aa81-e1a7df1c737c/_result.png
[2025-06-23T15:58:51.076+0900] {python.py:240} INFO - Done. Returned value was: {'file_id': '82e4af61-8c24-4836-b191-0017557fc0cb', 'file_path': '/opt/***/data/class/a_class/classify/ready/true/창동 정선빌딩 - 정부24 - 건축물대장 등본(초본) 발급(열람) _ 문서출력_page_1_aug2.png', 'true': {'process_id': '_eb151dfa-b5e8-4150-aa81-e1a7df1c737c_pre', 'folder_path': '82e4af61-8c24-4836-b191-0017557fc0cb/eb151dfa-b5e8-4150-aa81-e1a7df1c737c', 'step_list': [{'name': 'cache', 'param': {'key': 'origin'}}, {'name': 'calc_angle_set2', 'param': {'key': 'angle1', 'iterations': 4, 'iter_save': False}}, {'name': 'text_orientation_set', 'param': {'key': 'angle2', 'iterations': 4, 'iter_save': False}}, {'name': 'load', 'param': {'key': 'origin'}}, {'name': 'rotate', 'param': {'key': 'angle1'}}, {'name': 'rotate', 'param': {'key': 'angle2'}}], 'result_file_map': {'_result': '/opt/***/data/temp/82e4af61-8c24-4836-b191-0017557fc0cb/eb151dfa-b5e8-4150-aa81-e1a7df1c737c/_result.png'}}}
[2025-06-23T15:58:51.128+0900] {taskinstance.py:341} INFO - ::group::Post task execution logs
[2025-06-23T15:58:51.130+0900] {taskinstance.py:353} INFO - Marking task as SUCCESS. dag_id=lilt_document_classifier_balanced_V0.1, task_id=img_preprocess_task, run_id=manual__2025-06-23T06:45:10.371530+00:00, map_index=24, execution_date=20250623T064510, start_date=20250623T065510, end_date=20250623T065851
[2025-06-23T15:58:51.340+0900] {local_task_job_runner.py:266} INFO - Task exited with return code 0
[2025-06-23T15:58:51.410+0900] {taskinstance.py:3901} INFO - 0 downstream tasks scheduled from follow-on schedule check
[2025-06-23T15:58:51.419+0900] {local_task_job_runner.py:245} INFO - ::endgroup::
