[2025-06-13T01:59:16.583+0000] {local_task_job_runner.py:123} INFO - ::group::Pre task execution logs
[2025-06-13T01:59:16.647+0000] {taskinstance.py:2614} INFO - Dependencies all met for dep_context=non-requeueable deps ti=<TaskInstance: layoutxlm_document_classifier_balanced.count_images manual__2025-06-13T01:59:14.934754+00:00 [queued]>
[2025-06-13T01:59:16.681+0000] {taskinstance.py:2614} INFO - Dependencies all met for dep_context=requeueable deps ti=<TaskInstance: layoutxlm_document_classifier_balanced.count_images manual__2025-06-13T01:59:14.934754+00:00 [queued]>
[2025-06-13T01:59:16.683+0000] {taskinstance.py:2867} INFO - Starting attempt 1 of 1
[2025-06-13T01:59:16.737+0000] {taskinstance.py:2890} INFO - Executing <Task(_PythonDecoratedOperator): count_images> on 2025-06-13 01:59:14.934754+00:00
[2025-06-13T01:59:16.755+0000] {warnings.py:112} WARNING - /home/***/.local/lib/python3.12/site-packages/***/task/task_runner/standard_task_runner.py:70: DeprecationWarning: This process (pid=75) is multi-threaded, use of fork() may lead to deadlocks in the child.
  pid = os.fork()

[2025-06-13T01:59:16.761+0000] {standard_task_runner.py:72} INFO - Started process 76 to run task
[2025-06-13T01:59:16.762+0000] {standard_task_runner.py:104} INFO - Running: ['***', 'tasks', 'run', 'layoutxlm_document_classifier_balanced', 'count_images', 'manual__2025-06-13T01:59:14.934754+00:00', '--job-id', '31', '--raw', '--subdir', 'DAGS_FOLDER/class_create_dag.py', '--cfg-path', '/tmp/tmpnmz8izay']
[2025-06-13T01:59:16.767+0000] {standard_task_runner.py:105} INFO - Job 31: Subtask count_images
[2025-06-13T01:59:16.942+0000] {task_command.py:467} INFO - Running <TaskInstance: layoutxlm_document_classifier_balanced.count_images manual__2025-06-13T01:59:14.934754+00:00 [running]> on host 1b4dc43139a5
[2025-06-13T01:59:17.281+0000] {taskinstance.py:3134} INFO - Exporting env vars: AIRFLOW_CTX_DAG_OWNER='***' AIRFLOW_CTX_DAG_ID='layoutxlm_document_classifier_balanced' AIRFLOW_CTX_TASK_ID='count_images' AIRFLOW_CTX_EXECUTION_DATE='2025-06-13T01:59:14.934754+00:00' AIRFLOW_CTX_TRY_NUMBER='1' AIRFLOW_CTX_DAG_RUN_ID='manual__2025-06-13T01:59:14.934754+00:00'
[2025-06-13T01:59:17.284+0000] {taskinstance.py:732} INFO - ::endgroup::
[2025-06-13T01:59:17.948+0000] {logging_mixin.py:190} INFO - TRUE_IMAGE_DIR 파일 개수: 31
[2025-06-13T01:59:17.950+0000] {logging_mixin.py:190} INFO - FALSE_IMAGE_DIR 파일 개수: 31
[2025-06-13T01:59:17.951+0000] {logging_mixin.py:190} INFO - NONE_DOC_IMAGE_DIR 파일 개수: 39996
[2025-06-13T01:59:17.953+0000] {python.py:240} INFO - Done. Returned value was: {'true_count': 31, 'false_count': 31, 'none_doc_count': 39996}
[2025-06-13T01:59:18.036+0000] {taskinstance.py:341} INFO - ::group::Post task execution logs
[2025-06-13T01:59:18.038+0000] {taskinstance.py:353} INFO - Marking task as SUCCESS. dag_id=layoutxlm_document_classifier_balanced, task_id=count_images, run_id=manual__2025-06-13T01:59:14.934754+00:00, execution_date=20250613T015914, start_date=20250613T015916, end_date=20250613T015918
[2025-06-13T01:59:18.141+0000] {local_task_job_runner.py:266} INFO - Task exited with return code 0
[2025-06-13T01:59:18.261+0000] {taskinstance.py:3901} INFO - 1 downstream tasks scheduled from follow-on schedule check
[2025-06-13T01:59:18.267+0000] {local_task_job_runner.py:245} INFO - ::endgroup::
