[2025-06-24T11:40:56.956+0900] {local_task_job_runner.py:123} INFO - ::group::Pre task execution logs
[2025-06-24T11:40:57.087+0900] {taskinstance.py:2614} INFO - Dependencies all met for dep_context=non-requeueable deps ti=<TaskInstance: lilt_document_classifier_balanced_V0.1.img_preprocess_task manual__2025-06-24T02:31:44.485922+00:00 map_index=33 [queued]>
[2025-06-24T11:40:57.150+0900] {taskinstance.py:2614} INFO - Dependencies all met for dep_context=requeueable deps ti=<TaskInstance: lilt_document_classifier_balanced_V0.1.img_preprocess_task manual__2025-06-24T02:31:44.485922+00:00 map_index=33 [queued]>
[2025-06-24T11:40:57.151+0900] {taskinstance.py:2867} INFO - Starting attempt 1 of 1
[2025-06-24T11:40:57.216+0900] {taskinstance.py:2890} INFO - Executing <Mapped(_PythonDecoratedOperator): img_preprocess_task> on 2025-06-24 02:31:44.485922+00:00
[2025-06-24T11:40:57.264+0900] {warnings.py:112} WARNING - /home/***/.local/lib/python3.12/site-packages/***/task/task_runner/standard_task_runner.py:70: DeprecationWarning: This process (pid=34847) is multi-threaded, use of fork() may lead to deadlocks in the child.
  pid = os.fork()

[2025-06-24T11:40:57.271+0900] {standard_task_runner.py:72} INFO - Started process 34879 to run task
[2025-06-24T11:40:57.328+0900] {standard_task_runner.py:104} INFO - Running: ['***', 'tasks', 'run', 'lilt_document_classifier_balanced_V0.1', 'img_preprocess_task', 'manual__2025-06-24T02:31:44.485922+00:00', '--job-id', '3806', '--raw', '--subdir', 'DAGS_FOLDER/class_create_dag.py', '--cfg-path', '/tmp/tmp88utwc3c', '--map-index', '33']
[2025-06-24T11:40:57.334+0900] {standard_task_runner.py:105} INFO - Job 3806: Subtask img_preprocess_task
[2025-06-24T11:40:57.766+0900] {task_command.py:467} INFO - Running <TaskInstance: lilt_document_classifier_balanced_V0.1.img_preprocess_task manual__2025-06-24T02:31:44.485922+00:00 map_index=33 [running]> on host f6d4228a9eb8
[2025-06-24T11:40:58.239+0900] {taskinstance.py:3134} INFO - Exporting env vars: AIRFLOW_CTX_DAG_OWNER='***' AIRFLOW_CTX_DAG_ID='lilt_document_classifier_balanced_V0.1' AIRFLOW_CTX_TASK_ID='img_preprocess_task' AIRFLOW_CTX_EXECUTION_DATE='2025-06-24T02:31:44.485922+00:00' AIRFLOW_CTX_TRY_NUMBER='1' AIRFLOW_CTX_DAG_RUN_ID='manual__2025-06-24T02:31:44.485922+00:00'
[2025-06-24T11:40:58.241+0900] {taskinstance.py:732} INFO - ::endgroup::
[2025-06-24T11:40:58.248+0900] {logging_mixin.py:190} INFO - empty map check {} {'process_id': '_543369d1-3ee4-453e-998b-c0f3816ad4be_pre', 'folder_path': '78c0f150-f48c-4fa8-b9d3-d8f12df8bbaa/543369d1-3ee4-453e-998b-c0f3816ad4be', 'step_list': [{'name': 'cache', 'param': {'key': 'origin'}}, {'name': 'calc_angle_set2', 'param': {'key': 'angle1', 'iterations': 4, 'iter_save': True}}, {'name': 'save', 'param': {'key': 'ag1'}}, {'name': 'text_orientation_set', 'param': {'key': 'angle2', 'iterations': 4, 'iter_save': True}}, {'name': 'save', 'param': {'key': 'ag2'}}, {'name': 'load', 'param': {'key': 'origin'}}, {'name': 'rotate', 'param': {'key': 'angle1'}}, {'name': 'rotate', 'param': {'key': 'angle2'}}], 'result_file_map': {}}
[2025-06-24T11:40:58.254+0900] {logging_mixin.py:190} INFO - step : cache
[2025-06-24T11:40:58.256+0900] {logging_mixin.py:190} INFO - step : calc_angle_set2
[2025-06-24T11:41:31.788+0900] {logging_mixin.py:190} INFO - osd 1 -5.0 -5.0 0 881588 [881588, 840812, 798360, 754695, 713111, 671064, 630196, 589866, 550551, 508659, 472363, 436031, 400838, 369126, 341510, 312540, 282722, 253569, 224937, 196048, 169264, 196063, 224553, 253614, 282808, 312114, 341552, 368765, 400769, 435763, 471815, 508439, 549158, 588832, 629345, 670614, 712046, 754475, 797599, 840238, 881451]
[2025-06-24T11:42:12.898+0900] {logging_mixin.py:190} INFO - osd 2 0.0 5.0 40 2235956 [1872185, 1818008, 1768897, 1715720, 1660905, 1609551, 1560152, 1506815, 1456634, 1400663, 1351034, 1299769, 1247480, 1198824, 1144675, 1094337, 1040309, 990862, 943617, 891816, 843966, 903082, 967054, 1026162, 1088799, 1157241, 1223809, 1295920, 1364363, 1436908, 1511696, 1582627, 1661146, 1732935, 1807441, 1879998, 1951999, 2026383, 2098180, 2165314, 2235956]
[2025-06-24T11:43:00.312+0900] {logging_mixin.py:190} INFO - osd 3 -5.0 -5.0 0 3551353 [3551353, 3480763, 3416691, 3348375, 3284351, 3215981, 3153097, 3081631, 3013959, 2946485, 2880918, 2813506, 2743048, 2677571, 2607377, 2541493, 2470917, 2400500, 2330967, 2260983, 2193242, 2259058, 2327089, 2395062, 2463518, 2532746, 2598339, 2667989, 2734288, 2804439, 2870345, 2937281, 3003697, 3071781, 3142872, 3206231, 3274588, 3338918, 3406808, 3471103, 3540175]
[2025-06-24T11:44:03.488+0900] {logging_mixin.py:190} INFO - osd 4 0.0 5.0 40 5591864 [5210450, 5118008, 5027099, 4935385, 4846357, 4758343, 4665171, 4574623, 4489384, 4399936, 4316357, 4224015, 4142363, 4051490, 3967671, 3884655, 3802369, 3717072, 3635572, 3553676, 3481144, 3580268, 3688761, 3796737, 3906153, 4011162, 4117434, 4223107, 4334215, 4436105, 4548526, 4651046, 4758477, 4862255, 4969641, 5076678, 5180080, 5283229, 5385879, 5489030, 5591864]
[2025-06-24T11:44:03.844+0900] {logging_mixin.py:190} INFO - step : save
[2025-06-24T11:44:05.144+0900] {logging_mixin.py:190} INFO - file_copy: /opt/***/data/temp/78c0f150-f48c-4fa8-b9d3-d8f12df8bbaa/543369d1-3ee4-453e-998b-c0f3816ad4be/ag1.png
[2025-06-24T11:44:05.208+0900] {logging_mixin.py:190} INFO - step : text_orientation_set
[2025-06-24T11:44:21.650+0900] {logging_mixin.py:190} INFO - file_copy: /opt/***/data/temp/78c0f150-f48c-4fa8-b9d3-d8f12df8bbaa/543369d1-3ee4-453e-998b-c0f3816ad4be/rotate2_1.png
[2025-06-24T11:44:31.369+0900] {logging_mixin.py:190} INFO - osd 1 break  0 0 7.37 Japanese 0.68
[2025-06-24T11:44:31.371+0900] {logging_mixin.py:190} INFO - step : save
[2025-06-24T11:44:32.013+0900] {logging_mixin.py:190} INFO - file_copy: /opt/***/data/temp/78c0f150-f48c-4fa8-b9d3-d8f12df8bbaa/543369d1-3ee4-453e-998b-c0f3816ad4be/ag2.png
[2025-06-24T11:44:32.049+0900] {logging_mixin.py:190} INFO - step : load
[2025-06-24T11:44:32.050+0900] {logging_mixin.py:190} INFO - step : rotate
[2025-06-24T11:44:32.355+0900] {logging_mixin.py:190} INFO - step : rotate
[2025-06-24T11:44:32.613+0900] {logging_mixin.py:190} INFO - file_copy: /opt/***/data/temp/78c0f150-f48c-4fa8-b9d3-d8f12df8bbaa/543369d1-3ee4-453e-998b-c0f3816ad4be/_result.png
[2025-06-24T11:44:32.632+0900] {python.py:240} INFO - Done. Returned value was: {'file_id': '78c0f150-f48c-4fa8-b9d3-d8f12df8bbaa', 'file_path': '/opt/***/data/class/a_class/classify/ready/true/중곡동 삼성빌딩 - 정부24 - 건축물대장 등본(초본) 발급(열람) _ 문서출력_page_1_aug2.png', 'true': {'process_id': '_543369d1-3ee4-453e-998b-c0f3816ad4be_pre', 'folder_path': '78c0f150-f48c-4fa8-b9d3-d8f12df8bbaa/543369d1-3ee4-453e-998b-c0f3816ad4be', 'step_list': [{'name': 'cache', 'param': {'key': 'origin'}}, {'name': 'calc_angle_set2', 'param': {'key': 'angle1', 'iterations': 4, 'iter_save': True}}, {'name': 'save', 'param': {'key': 'ag1'}}, {'name': 'text_orientation_set', 'param': {'key': 'angle2', 'iterations': 4, 'iter_save': True}}, {'name': 'save', 'param': {'key': 'ag2'}}, {'name': 'load', 'param': {'key': 'origin'}}, {'name': 'rotate', 'param': {'key': 'angle1'}}, {'name': 'rotate', 'param': {'key': 'angle2'}}], 'result_file_map': {'ag1': '/opt/***/data/temp/78c0f150-f48c-4fa8-b9d3-d8f12df8bbaa/543369d1-3ee4-453e-998b-c0f3816ad4be/ag1.png', 'rotate2_1': '/opt/***/data/temp/78c0f150-f48c-4fa8-b9d3-d8f12df8bbaa/543369d1-3ee4-453e-998b-c0f3816ad4be/rotate2_1.png', 'ag2': '/opt/***/data/temp/78c0f150-f48c-4fa8-b9d3-d8f12df8bbaa/543369d1-3ee4-453e-998b-c0f3816ad4be/ag2.png', '_result': '/opt/***/data/temp/78c0f150-f48c-4fa8-b9d3-d8f12df8bbaa/543369d1-3ee4-453e-998b-c0f3816ad4be/_result.png'}}}
[2025-06-24T11:44:32.719+0900] {taskinstance.py:341} INFO - ::group::Post task execution logs
[2025-06-24T11:44:32.722+0900] {taskinstance.py:353} INFO - Marking task as SUCCESS. dag_id=lilt_document_classifier_balanced_V0.1, task_id=img_preprocess_task, run_id=manual__2025-06-24T02:31:44.485922+00:00, map_index=33, execution_date=20250624T023144, start_date=20250624T024057, end_date=20250624T024432
[2025-06-24T11:44:32.866+0900] {local_task_job_runner.py:266} INFO - Task exited with return code 0
[2025-06-24T11:44:33.257+0900] {taskinstance.py:3901} INFO - 0 downstream tasks scheduled from follow-on schedule check
[2025-06-24T11:44:33.263+0900] {local_task_job_runner.py:245} INFO - ::endgroup::
