[2025-06-19T16:16:35.204+0900] {local_task_job_runner.py:123} INFO - ::group::Pre task execution logs
[2025-06-19T16:16:35.361+0900] {taskinstance.py:2614} INFO - Dependencies all met for dep_context=non-requeueable deps ti=<TaskInstance: lilt_document_classifier_balanced_V0.1.img_preprocess_task__1 manual__2025-06-19T07:13:53.100355+00:00 map_index=33 [queued]>
[2025-06-19T16:16:35.436+0900] {taskinstance.py:2614} INFO - Dependencies all met for dep_context=requeueable deps ti=<TaskInstance: lilt_document_classifier_balanced_V0.1.img_preprocess_task__1 manual__2025-06-19T07:13:53.100355+00:00 map_index=33 [queued]>
[2025-06-19T16:16:35.442+0900] {taskinstance.py:2867} INFO - Starting attempt 1 of 1
[2025-06-19T16:16:35.514+0900] {taskinstance.py:2890} INFO - Executing <Mapped(_PythonDecoratedOperator): img_preprocess_task__1> on 2025-06-19 07:13:53.100355+00:00
[2025-06-19T16:16:35.554+0900] {warnings.py:112} WARNING - /home/***/.local/lib/python3.12/site-packages/***/task/task_runner/standard_task_runner.py:70: DeprecationWarning: This process (pid=3879) is multi-threaded, use of fork() may lead to deadlocks in the child.
  pid = os.fork()

[2025-06-19T16:16:35.557+0900] {standard_task_runner.py:104} INFO - Running: ['***', 'tasks', 'run', 'lilt_document_classifier_balanced_V0.1', 'img_preprocess_task__1', 'manual__2025-06-19T07:13:53.100355+00:00', '--job-id', '1519', '--raw', '--subdir', 'DAGS_FOLDER/class_create_dag.py', '--cfg-path', '/tmp/tmpohsu3w03', '--map-index', '33']
[2025-06-19T16:16:35.567+0900] {standard_task_runner.py:105} INFO - Job 1519: Subtask img_preprocess_task__1
[2025-06-19T16:16:35.569+0900] {standard_task_runner.py:72} INFO - Started process 3980 to run task
[2025-06-19T16:16:35.653+0900] {task_command.py:467} INFO - Running <TaskInstance: lilt_document_classifier_balanced_V0.1.img_preprocess_task__1 manual__2025-06-19T07:13:53.100355+00:00 map_index=33 [running]> on host f6d4228a9eb8
[2025-06-19T16:16:35.959+0900] {taskinstance.py:3134} INFO - Exporting env vars: AIRFLOW_CTX_DAG_OWNER='***' AIRFLOW_CTX_DAG_ID='lilt_document_classifier_balanced_V0.1' AIRFLOW_CTX_TASK_ID='img_preprocess_task__1' AIRFLOW_CTX_EXECUTION_DATE='2025-06-19T07:13:53.100355+00:00' AIRFLOW_CTX_TRY_NUMBER='1' AIRFLOW_CTX_DAG_RUN_ID='manual__2025-06-19T07:13:53.100355+00:00'
[2025-06-19T16:16:35.965+0900] {taskinstance.py:732} INFO - ::endgroup::
[2025-06-19T16:16:35.969+0900] {logging_mixin.py:190} INFO - empty map check {} {'process_id': '_b6934ea1-f360-433c-858b-27bca9a6b1e3_pre', 'folder_path': '9b107030-2be3-411a-95cb-413bdbafa826/b6934ea1-f360-433c-858b-27bca9a6b1e3', 'step_list': [{'name': 'cache', 'param': {'key': 'origin'}}, {'name': 'calc_angle_set1', 'param': {'key': 'angle1', 'iterations': 4, 'iter_save': False}}, {'name': 'text_orientation_set', 'param': {'key': 'angle2', 'iterations': 4, 'iter_save': False}}, {'name': 'load', 'param': {'key': 'origin'}}, {'name': 'rotate', 'param': {'key': 'angle1'}}, {'name': 'rotate', 'param': {'key': 'angle2'}}], 'result_file_map': {}}
[2025-06-19T16:16:35.982+0900] {logging_mixin.py:190} INFO - step : cache
[2025-06-19T16:16:35.982+0900] {logging_mixin.py:190} INFO - step : calc_angle_set1
[2025-06-19T16:16:36.058+0900] {logging_mixin.py:190} INFO - step : text_orientation_set
[2025-06-19T16:16:39.372+0900] {logging_mixin.py:190} INFO - Tesseract OSD Error: (1, 'Estimating resolution as 250 Warning. Invalid resolution 0 dpi. Using 70 instead. Too few characters. Skipping this page Error during processing.')
[2025-06-19T16:16:39.393+0900] {logging_mixin.py:190} INFO - step : load
[2025-06-19T16:16:39.413+0900] {logging_mixin.py:190} INFO - step : rotate
[2025-06-19T16:16:39.459+0900] {logging_mixin.py:190} INFO - step : rotate
[2025-06-19T16:16:39.712+0900] {logging_mixin.py:190} INFO - file_copy: /opt/***/data/temp/9b107030-2be3-411a-95cb-413bdbafa826/b6934ea1-f360-433c-858b-27bca9a6b1e3/_result.png
[2025-06-19T16:16:39.737+0900] {python.py:240} INFO - Done. Returned value was: {'file_id': '9b107030-2be3-411a-95cb-413bdbafa826', 'file_path': '/opt/***/data/class/a_class/classify/ready/false/copied_36_2071466097_6098.png', 'false': {'process_id': '_b6934ea1-f360-433c-858b-27bca9a6b1e3_pre', 'folder_path': '9b107030-2be3-411a-95cb-413bdbafa826/b6934ea1-f360-433c-858b-27bca9a6b1e3', 'step_list': [{'name': 'cache', 'param': {'key': 'origin'}}, {'name': 'calc_angle_set1', 'param': {'key': 'angle1', 'iterations': 4, 'iter_save': False}}, {'name': 'text_orientation_set', 'param': {'key': 'angle2', 'iterations': 4, 'iter_save': False}}, {'name': 'load', 'param': {'key': 'origin'}}, {'name': 'rotate', 'param': {'key': 'angle1'}}, {'name': 'rotate', 'param': {'key': 'angle2'}}], 'result_file_map': {'_result': '/opt/***/data/temp/9b107030-2be3-411a-95cb-413bdbafa826/b6934ea1-f360-433c-858b-27bca9a6b1e3/_result.png'}}}
[2025-06-19T16:16:39.818+0900] {taskinstance.py:341} INFO - ::group::Post task execution logs
[2025-06-19T16:16:39.821+0900] {taskinstance.py:353} INFO - Marking task as SUCCESS. dag_id=lilt_document_classifier_balanced_V0.1, task_id=img_preprocess_task__1, run_id=manual__2025-06-19T07:13:53.100355+00:00, map_index=33, execution_date=20250619T071353, start_date=20250619T071635, end_date=20250619T071639
[2025-06-19T16:16:39.936+0900] {local_task_job_runner.py:266} INFO - Task exited with return code 0
[2025-06-19T16:16:40.024+0900] {taskinstance.py:3901} INFO - 0 downstream tasks scheduled from follow-on schedule check
[2025-06-19T16:16:40.032+0900] {local_task_job_runner.py:245} INFO - ::endgroup::
