[2025-06-24T11:40:56.551+0900] {local_task_job_runner.py:123} INFO - ::group::Pre task execution logs
[2025-06-24T11:40:56.698+0900] {taskinstance.py:2614} INFO - Dependencies all met for dep_context=non-requeueable deps ti=<TaskInstance: lilt_document_classifier_balanced_V0.1.img_preprocess_task manual__2025-06-24T02:31:44.485922+00:00 map_index=34 [queued]>
[2025-06-24T11:40:56.766+0900] {taskinstance.py:2614} INFO - Dependencies all met for dep_context=requeueable deps ti=<TaskInstance: lilt_document_classifier_balanced_V0.1.img_preprocess_task manual__2025-06-24T02:31:44.485922+00:00 map_index=34 [queued]>
[2025-06-24T11:40:56.766+0900] {taskinstance.py:2867} INFO - Starting attempt 1 of 1
[2025-06-24T11:40:56.789+0900] {taskinstance.py:2890} INFO - Executing <Mapped(_PythonDecoratedOperator): img_preprocess_task> on 2025-06-24 02:31:44.485922+00:00
[2025-06-24T11:40:56.817+0900] {warnings.py:112} WARNING - /home/***/.local/lib/python3.12/site-packages/***/task/task_runner/standard_task_runner.py:70: DeprecationWarning: This process (pid=34849) is multi-threaded, use of fork() may lead to deadlocks in the child.
  pid = os.fork()

[2025-06-24T11:40:56.826+0900] {standard_task_runner.py:72} INFO - Started process 34869 to run task
[2025-06-24T11:40:56.824+0900] {standard_task_runner.py:104} INFO - Running: ['***', 'tasks', 'run', 'lilt_document_classifier_balanced_V0.1', 'img_preprocess_task', 'manual__2025-06-24T02:31:44.485922+00:00', '--job-id', '3805', '--raw', '--subdir', 'DAGS_FOLDER/class_create_dag.py', '--cfg-path', '/tmp/tmp_fkw754h', '--map-index', '34']
[2025-06-24T11:40:56.899+0900] {standard_task_runner.py:105} INFO - Job 3805: Subtask img_preprocess_task
[2025-06-24T11:40:57.049+0900] {task_command.py:467} INFO - Running <TaskInstance: lilt_document_classifier_balanced_V0.1.img_preprocess_task manual__2025-06-24T02:31:44.485922+00:00 map_index=34 [running]> on host f6d4228a9eb8
[2025-06-24T11:40:57.314+0900] {taskinstance.py:3134} INFO - Exporting env vars: AIRFLOW_CTX_DAG_OWNER='***' AIRFLOW_CTX_DAG_ID='lilt_document_classifier_balanced_V0.1' AIRFLOW_CTX_TASK_ID='img_preprocess_task' AIRFLOW_CTX_EXECUTION_DATE='2025-06-24T02:31:44.485922+00:00' AIRFLOW_CTX_TRY_NUMBER='1' AIRFLOW_CTX_DAG_RUN_ID='manual__2025-06-24T02:31:44.485922+00:00'
[2025-06-24T11:40:57.317+0900] {taskinstance.py:732} INFO - ::endgroup::
[2025-06-24T11:40:57.341+0900] {logging_mixin.py:190} INFO - empty map check {} {'process_id': '_a31726aa-c516-4db4-a5e5-4b03598cd57c_pre', 'folder_path': '8bc258f1-3c32-46d5-b3c4-fb184474c4f7/a31726aa-c516-4db4-a5e5-4b03598cd57c', 'step_list': [{'name': 'cache', 'param': {'key': 'origin'}}, {'name': 'calc_angle_set2', 'param': {'key': 'angle1', 'iterations': 4, 'iter_save': True}}, {'name': 'save', 'param': {'key': 'ag1'}}, {'name': 'text_orientation_set', 'param': {'key': 'angle2', 'iterations': 4, 'iter_save': True}}, {'name': 'save', 'param': {'key': 'ag2'}}, {'name': 'load', 'param': {'key': 'origin'}}, {'name': 'rotate', 'param': {'key': 'angle1'}}, {'name': 'rotate', 'param': {'key': 'angle2'}}], 'result_file_map': {}}
[2025-06-24T11:40:57.348+0900] {logging_mixin.py:190} INFO - step : cache
[2025-06-24T11:40:57.351+0900] {logging_mixin.py:190} INFO - step : calc_angle_set2
[2025-06-24T11:41:35.186+0900] {logging_mixin.py:190} INFO - osd 1 -5.0 -5.0 0 891135 [891135, 850726, 807372, 764827, 722381, 680145, 639525, 598206, 559157, 518344, 481073, 445339, 410158, 376255, 348224, 318887, 289686, 260596, 231641, 203259, 176534, 203242, 232026, 260549, 289600, 318763, 347635, 376292, 409345, 445129, 480918, 517611, 558791, 597906, 638186, 678843, 720820, 762192, 805738, 847992, 888599]
[2025-06-24T11:42:12.144+0900] {logging_mixin.py:190} INFO - osd 2 0.0 5.0 40 2236185 [1889876, 1834249, 1783149, 1729075, 1673290, 1621394, 1570376, 1517225, 1466873, 1410400, 1360605, 1308734, 1257295, 1207927, 1153766, 1102977, 1049257, 999779, 953268, 901107, 852853, 911811, 975627, 1035114, 1097625, 1165497, 1231276, 1303306, 1371317, 1443878, 1518334, 1588453, 1667273, 1737835, 1813239, 1884573, 1955606, 2029482, 2100550, 2167454, 2236185]
[2025-06-24T11:42:58.523+0900] {logging_mixin.py:190} INFO - osd 3 -5.0 -5.0 0 3564022 [3564022, 3492337, 3426726, 3358324, 3293950, 3224978, 3160582, 3088958, 3020714, 2953038, 2886491, 2818529, 2748421, 2681771, 2610807, 2543800, 2473629, 2403110, 2331644, 2261387, 2193622, 2258624, 2326248, 2393497, 2461861, 2530534, 2594553, 2663190, 2728602, 2798434, 2864063, 2929489, 2995999, 3061362, 3131954, 3195279, 3261217, 3324964, 3393281, 3458303, 3529891]
[2025-06-24T11:44:03.333+0900] {logging_mixin.py:190} INFO - osd 4 0.0 5.0 40 5577726 [5225409, 5130880, 5038290, 4948261, 4857568, 4767896, 4674180, 4584374, 4499431, 4410928, 4328167, 4236699, 4155124, 4066166, 3981223, 3899304, 3817886, 3733418, 3650524, 3568408, 3495342, 3593260, 3700176, 3807608, 3915701, 4020319, 4124700, 4230310, 4339732, 4441448, 4551641, 4652704, 4759834, 4859921, 4966513, 5072719, 5174494, 5275082, 5376593, 5477708, 5577726]
[2025-06-24T11:44:03.923+0900] {logging_mixin.py:190} INFO - step : save
[2025-06-24T11:44:05.252+0900] {logging_mixin.py:190} INFO - file_copy: /opt/***/data/temp/8bc258f1-3c32-46d5-b3c4-fb184474c4f7/a31726aa-c516-4db4-a5e5-4b03598cd57c/ag1.png
[2025-06-24T11:44:05.344+0900] {logging_mixin.py:190} INFO - step : text_orientation_set
[2025-06-24T11:44:21.932+0900] {logging_mixin.py:190} INFO - file_copy: /opt/***/data/temp/8bc258f1-3c32-46d5-b3c4-fb184474c4f7/a31726aa-c516-4db4-a5e5-4b03598cd57c/rotate2_1.png
[2025-06-24T11:44:33.701+0900] {logging_mixin.py:190} INFO - osd 1 break  0 0 10.97 Japanese 0.5
[2025-06-24T11:44:33.705+0900] {logging_mixin.py:190} INFO - step : save
[2025-06-24T11:44:34.584+0900] {logging_mixin.py:190} INFO - file_copy: /opt/***/data/temp/8bc258f1-3c32-46d5-b3c4-fb184474c4f7/a31726aa-c516-4db4-a5e5-4b03598cd57c/ag2.png
[2025-06-24T11:44:34.700+0900] {logging_mixin.py:190} INFO - step : load
[2025-06-24T11:44:34.713+0900] {logging_mixin.py:190} INFO - step : rotate
[2025-06-24T11:44:35.052+0900] {logging_mixin.py:190} INFO - step : rotate
[2025-06-24T11:44:35.451+0900] {logging_mixin.py:190} INFO - file_copy: /opt/***/data/temp/8bc258f1-3c32-46d5-b3c4-fb184474c4f7/a31726aa-c516-4db4-a5e5-4b03598cd57c/_result.png
[2025-06-24T11:44:35.472+0900] {python.py:240} INFO - Done. Returned value was: {'file_id': '8bc258f1-3c32-46d5-b3c4-fb184474c4f7', 'file_path': '/opt/***/data/class/a_class/classify/ready/true/대치동 무진빌딩 - 정부24 - 건축물대장 등본(초본) 발급(열람) _ 문서출력_page_1_aug0.png', 'true': {'process_id': '_a31726aa-c516-4db4-a5e5-4b03598cd57c_pre', 'folder_path': '8bc258f1-3c32-46d5-b3c4-fb184474c4f7/a31726aa-c516-4db4-a5e5-4b03598cd57c', 'step_list': [{'name': 'cache', 'param': {'key': 'origin'}}, {'name': 'calc_angle_set2', 'param': {'key': 'angle1', 'iterations': 4, 'iter_save': True}}, {'name': 'save', 'param': {'key': 'ag1'}}, {'name': 'text_orientation_set', 'param': {'key': 'angle2', 'iterations': 4, 'iter_save': True}}, {'name': 'save', 'param': {'key': 'ag2'}}, {'name': 'load', 'param': {'key': 'origin'}}, {'name': 'rotate', 'param': {'key': 'angle1'}}, {'name': 'rotate', 'param': {'key': 'angle2'}}], 'result_file_map': {'ag1': '/opt/***/data/temp/8bc258f1-3c32-46d5-b3c4-fb184474c4f7/a31726aa-c516-4db4-a5e5-4b03598cd57c/ag1.png', 'rotate2_1': '/opt/***/data/temp/8bc258f1-3c32-46d5-b3c4-fb184474c4f7/a31726aa-c516-4db4-a5e5-4b03598cd57c/rotate2_1.png', 'ag2': '/opt/***/data/temp/8bc258f1-3c32-46d5-b3c4-fb184474c4f7/a31726aa-c516-4db4-a5e5-4b03598cd57c/ag2.png', '_result': '/opt/***/data/temp/8bc258f1-3c32-46d5-b3c4-fb184474c4f7/a31726aa-c516-4db4-a5e5-4b03598cd57c/_result.png'}}}
[2025-06-24T11:44:35.534+0900] {taskinstance.py:341} INFO - ::group::Post task execution logs
[2025-06-24T11:44:35.542+0900] {taskinstance.py:353} INFO - Marking task as SUCCESS. dag_id=lilt_document_classifier_balanced_V0.1, task_id=img_preprocess_task, run_id=manual__2025-06-24T02:31:44.485922+00:00, map_index=34, execution_date=20250624T023144, start_date=20250624T024056, end_date=20250624T024435
[2025-06-24T11:44:35.692+0900] {local_task_job_runner.py:266} INFO - Task exited with return code 0
[2025-06-24T11:44:35.989+0900] {taskinstance.py:3901} INFO - 0 downstream tasks scheduled from follow-on schedule check
[2025-06-24T11:44:36.013+0900] {local_task_job_runner.py:245} INFO - ::endgroup::
