[2025-06-23T16:29:43.829+0900] {local_task_job_runner.py:123} INFO - ::group::Pre task execution logs
[2025-06-23T16:29:43.906+0900] {taskinstance.py:2614} INFO - Dependencies all met for dep_context=non-requeueable deps ti=<TaskInstance: lilt_document_classifier_balanced_b_class_V0.1.img_preprocess_task__1 manual__2025-06-23T06:58:09.542610+00:00 map_index=53 [queued]>
[2025-06-23T16:29:43.948+0900] {taskinstance.py:2614} INFO - Dependencies all met for dep_context=requeueable deps ti=<TaskInstance: lilt_document_classifier_balanced_b_class_V0.1.img_preprocess_task__1 manual__2025-06-23T06:58:09.542610+00:00 map_index=53 [queued]>
[2025-06-23T16:29:43.948+0900] {taskinstance.py:2867} INFO - Starting attempt 1 of 1
[2025-06-23T16:29:43.977+0900] {taskinstance.py:2890} INFO - Executing <Mapped(_PythonDecoratedOperator): img_preprocess_task__1> on 2025-06-23 06:58:09.542610+00:00
[2025-06-23T16:29:43.991+0900] {warnings.py:112} WARNING - /home/***/.local/lib/python3.12/site-packages/***/task/task_runner/standard_task_runner.py:70: DeprecationWarning: This process (pid=8011) is multi-threaded, use of fork() may lead to deadlocks in the child.
  pid = os.fork()

[2025-06-23T16:29:43.996+0900] {standard_task_runner.py:72} INFO - Started process 8027 to run task
[2025-06-23T16:29:43.994+0900] {standard_task_runner.py:104} INFO - Running: ['***', 'tasks', 'run', 'lilt_document_classifier_balanced_b_class_V0.1', 'img_preprocess_task__1', 'manual__2025-06-23T06:58:09.542610+00:00', '--job-id', '3412', '--raw', '--subdir', 'DAGS_FOLDER/class_create_dag_b_class.py', '--cfg-path', '/tmp/tmp5wowj_ff', '--map-index', '53']
[2025-06-23T16:29:43.999+0900] {standard_task_runner.py:105} INFO - Job 3412: Subtask img_preprocess_task__1
[2025-06-23T16:29:44.094+0900] {task_command.py:467} INFO - Running <TaskInstance: lilt_document_classifier_balanced_b_class_V0.1.img_preprocess_task__1 manual__2025-06-23T06:58:09.542610+00:00 map_index=53 [running]> on host f6d4228a9eb8
[2025-06-23T16:29:44.263+0900] {taskinstance.py:3134} INFO - Exporting env vars: AIRFLOW_CTX_DAG_OWNER='***' AIRFLOW_CTX_DAG_ID='lilt_document_classifier_balanced_b_class_V0.1' AIRFLOW_CTX_TASK_ID='img_preprocess_task__1' AIRFLOW_CTX_EXECUTION_DATE='2025-06-23T06:58:09.542610+00:00' AIRFLOW_CTX_TRY_NUMBER='1' AIRFLOW_CTX_DAG_RUN_ID='manual__2025-06-23T06:58:09.542610+00:00'
[2025-06-23T16:29:44.266+0900] {taskinstance.py:732} INFO - ::endgroup::
[2025-06-23T16:29:44.270+0900] {logging_mixin.py:190} INFO - empty map check {} {'process_id': '_35d60a08-276f-4983-a0e2-e1ca0a469f18_pre', 'folder_path': '82811b88-edda-4645-ab14-2eeee9514ae1/35d60a08-276f-4983-a0e2-e1ca0a469f18', 'step_list': [{'name': 'cache', 'param': {'key': 'origin'}}, {'name': 'calc_angle_set2', 'param': {'key': 'angle1', 'iterations': 4, 'iter_save': False}}, {'name': 'text_orientation_set', 'param': {'key': 'angle2', 'iterations': 4, 'iter_save': False}}, {'name': 'load', 'param': {'key': 'origin'}}, {'name': 'rotate', 'param': {'key': 'angle1'}}, {'name': 'rotate', 'param': {'key': 'angle2'}}], 'result_file_map': {}}
[2025-06-23T16:29:44.274+0900] {logging_mixin.py:190} INFO - step : cache
[2025-06-23T16:29:44.278+0900] {logging_mixin.py:190} INFO - step : calc_angle_set2
[2025-06-23T16:29:50.206+0900] {logging_mixin.py:190} INFO - osd 1 0.0 0.0 20 845 [0, 0, 0, 0, 0, 0, 0, 0, 0, 0, 0, 8, 31, 78, 144, 264, 379, 472, 578, 681, 845, 754, 630, 580, 450, 313, 267, 132, 57, 17, 10, 3, 0, 0, 0, 0, 0, 0, 0, 0, 0]
[2025-06-23T16:29:56.061+0900] {logging_mixin.py:190} INFO - osd 2 0.0 0.0 20 845 [0, 0, 0, 0, 0, 0, 0, 0, 0, 0, 0, 8, 31, 78, 144, 264, 379, 472, 578, 681, 845, 754, 630, 580, 450, 313, 267, 132, 57, 17, 10, 3, 0, 0, 0, 0, 0, 0, 0, 0, 0]
[2025-06-23T16:30:02.157+0900] {logging_mixin.py:190} INFO - osd 3 0.0 0.0 20 845 [0, 0, 0, 0, 0, 0, 0, 0, 0, 0, 0, 8, 31, 78, 144, 264, 379, 472, 578, 681, 845, 754, 630, 580, 450, 313, 267, 132, 57, 17, 10, 3, 0, 0, 0, 0, 0, 0, 0, 0, 0]
[2025-06-23T16:30:10.060+0900] {logging_mixin.py:190} INFO - osd 4 0.0 0.0 20 845 [0, 0, 0, 0, 0, 0, 0, 0, 0, 0, 0, 8, 31, 78, 144, 264, 379, 472, 578, 681, 845, 754, 630, 580, 450, 313, 267, 132, 57, 17, 10, 3, 0, 0, 0, 0, 0, 0, 0, 0, 0]
[2025-06-23T16:30:10.156+0900] {logging_mixin.py:190} INFO - step : text_orientation_set
[2025-06-23T16:30:16.718+0900] {logging_mixin.py:190} INFO - osd 1 break  0 0 6.68 Cyrillic 2.81
[2025-06-23T16:30:16.724+0900] {logging_mixin.py:190} INFO - step : load
[2025-06-23T16:30:16.726+0900] {logging_mixin.py:190} INFO - step : rotate
[2025-06-23T16:30:16.753+0900] {logging_mixin.py:190} INFO - step : rotate
[2025-06-23T16:30:16.812+0900] {logging_mixin.py:190} INFO - file_copy: /opt/***/data/temp/82811b88-edda-4645-ab14-2eeee9514ae1/35d60a08-276f-4983-a0e2-e1ca0a469f18/_result.png
[2025-06-23T16:30:16.821+0900] {python.py:240} INFO - Done. Returned value was: {'file_id': '82811b88-edda-4645-ab14-2eeee9514ae1', 'file_path': '/opt/***/data/class/b_class/classify/ready/false/copied_22_2074824672.png', 'false': {'process_id': '_35d60a08-276f-4983-a0e2-e1ca0a469f18_pre', 'folder_path': '82811b88-edda-4645-ab14-2eeee9514ae1/35d60a08-276f-4983-a0e2-e1ca0a469f18', 'step_list': [{'name': 'cache', 'param': {'key': 'origin'}}, {'name': 'calc_angle_set2', 'param': {'key': 'angle1', 'iterations': 4, 'iter_save': False}}, {'name': 'text_orientation_set', 'param': {'key': 'angle2', 'iterations': 4, 'iter_save': False}}, {'name': 'load', 'param': {'key': 'origin'}}, {'name': 'rotate', 'param': {'key': 'angle1'}}, {'name': 'rotate', 'param': {'key': 'angle2'}}], 'result_file_map': {'_result': '/opt/***/data/temp/82811b88-edda-4645-ab14-2eeee9514ae1/35d60a08-276f-4983-a0e2-e1ca0a469f18/_result.png'}}}
[2025-06-23T16:30:16.870+0900] {taskinstance.py:341} INFO - ::group::Post task execution logs
[2025-06-23T16:30:16.870+0900] {taskinstance.py:353} INFO - Marking task as SUCCESS. dag_id=lilt_document_classifier_balanced_b_class_V0.1, task_id=img_preprocess_task__1, run_id=manual__2025-06-23T06:58:09.542610+00:00, map_index=53, execution_date=20250623T065809, start_date=20250623T072943, end_date=20250623T073016
[2025-06-23T16:30:16.951+0900] {local_task_job_runner.py:266} INFO - Task exited with return code 0
[2025-06-23T16:30:17.180+0900] {taskinstance.py:3901} INFO - 0 downstream tasks scheduled from follow-on schedule check
[2025-06-23T16:30:17.210+0900] {local_task_job_runner.py:245} INFO - ::endgroup::
