[2025-06-23T16:31:11.867+0900] {local_task_job_runner.py:123} INFO - ::group::Pre task execution logs
[2025-06-23T16:31:11.928+0900] {taskinstance.py:2614} INFO - Dependencies all met for dep_context=non-requeueable deps ti=<TaskInstance: lilt_document_classifier_balanced_b_class_V0.1.img_preprocess_task__1 manual__2025-06-23T06:58:09.542610+00:00 map_index=59 [queued]>
[2025-06-23T16:31:11.958+0900] {taskinstance.py:2614} INFO - Dependencies all met for dep_context=requeueable deps ti=<TaskInstance: lilt_document_classifier_balanced_b_class_V0.1.img_preprocess_task__1 manual__2025-06-23T06:58:09.542610+00:00 map_index=59 [queued]>
[2025-06-23T16:31:11.970+0900] {taskinstance.py:2867} INFO - Starting attempt 1 of 1
[2025-06-23T16:31:12.051+0900] {taskinstance.py:2890} INFO - Executing <Mapped(_PythonDecoratedOperator): img_preprocess_task__1> on 2025-06-23 06:58:09.542610+00:00
[2025-06-23T16:31:12.128+0900] {warnings.py:112} WARNING - /home/***/.local/lib/python3.12/site-packages/***/task/task_runner/standard_task_runner.py:70: DeprecationWarning: This process (pid=8228) is multi-threaded, use of fork() may lead to deadlocks in the child.
  pid = os.fork()

[2025-06-23T16:31:12.133+0900] {standard_task_runner.py:72} INFO - Started process 8248 to run task
[2025-06-23T16:31:12.137+0900] {standard_task_runner.py:104} INFO - Running: ['***', 'tasks', 'run', 'lilt_document_classifier_balanced_b_class_V0.1', 'img_preprocess_task__1', 'manual__2025-06-23T06:58:09.542610+00:00', '--job-id', '3423', '--raw', '--subdir', 'DAGS_FOLDER/class_create_dag_b_class.py', '--cfg-path', '/tmp/tmp0j3a0y1j', '--map-index', '59']
[2025-06-23T16:31:12.171+0900] {standard_task_runner.py:105} INFO - Job 3423: Subtask img_preprocess_task__1
[2025-06-23T16:31:12.305+0900] {task_command.py:467} INFO - Running <TaskInstance: lilt_document_classifier_balanced_b_class_V0.1.img_preprocess_task__1 manual__2025-06-23T06:58:09.542610+00:00 map_index=59 [running]> on host f6d4228a9eb8
[2025-06-23T16:31:12.575+0900] {taskinstance.py:3134} INFO - Exporting env vars: AIRFLOW_CTX_DAG_OWNER='***' AIRFLOW_CTX_DAG_ID='lilt_document_classifier_balanced_b_class_V0.1' AIRFLOW_CTX_TASK_ID='img_preprocess_task__1' AIRFLOW_CTX_EXECUTION_DATE='2025-06-23T06:58:09.542610+00:00' AIRFLOW_CTX_TRY_NUMBER='1' AIRFLOW_CTX_DAG_RUN_ID='manual__2025-06-23T06:58:09.542610+00:00'
[2025-06-23T16:31:12.580+0900] {taskinstance.py:732} INFO - ::endgroup::
[2025-06-23T16:31:12.597+0900] {logging_mixin.py:190} INFO - empty map check {} {'process_id': '_45d542bf-7bde-486a-b5b0-41730d6679eb_pre', 'folder_path': 'a2e21cd3-7ef9-4a4d-9ae3-b74a5ecfd598/45d542bf-7bde-486a-b5b0-41730d6679eb', 'step_list': [{'name': 'cache', 'param': {'key': 'origin'}}, {'name': 'calc_angle_set2', 'param': {'key': 'angle1', 'iterations': 4, 'iter_save': False}}, {'name': 'text_orientation_set', 'param': {'key': 'angle2', 'iterations': 4, 'iter_save': False}}, {'name': 'load', 'param': {'key': 'origin'}}, {'name': 'rotate', 'param': {'key': 'angle1'}}, {'name': 'rotate', 'param': {'key': 'angle2'}}], 'result_file_map': {}}
[2025-06-23T16:31:12.607+0900] {logging_mixin.py:190} INFO - step : cache
[2025-06-23T16:31:12.622+0900] {logging_mixin.py:190} INFO - step : calc_angle_set2
[2025-06-23T16:31:20.537+0900] {logging_mixin.py:190} INFO - osd 1 0 0 0 0 [0, 0, 0, 0, 0, 0, 0, 0, 0, 0, 0, 0, 0, 0, 0, 0, 0, 0, 0, 0, 0, 0, 0, 0, 0, 0, 0, 0, 0, 0, 0, 0, 0, 0, 0, 0, 0, 0, 0, 0, 0]
[2025-06-23T16:31:25.422+0900] {logging_mixin.py:190} INFO - osd 2 0 0 0 0 [0, 0, 0, 0, 0, 0, 0, 0, 0, 0, 0, 0, 0, 0, 0, 0, 0, 0, 0, 0, 0, 0, 0, 0, 0, 0, 0, 0, 0, 0, 0, 0, 0, 0, 0, 0, 0, 0, 0, 0, 0]
[2025-06-23T16:31:30.144+0900] {logging_mixin.py:190} INFO - osd 3 0 0 0 0 [0, 0, 0, 0, 0, 0, 0, 0, 0, 0, 0, 0, 0, 0, 0, 0, 0, 0, 0, 0, 0, 0, 0, 0, 0, 0, 0, 0, 0, 0, 0, 0, 0, 0, 0, 0, 0, 0, 0, 0, 0]
[2025-06-23T16:31:37.284+0900] {logging_mixin.py:190} INFO - osd 4 0 0 0 0 [0, 0, 0, 0, 0, 0, 0, 0, 0, 0, 0, 0, 0, 0, 0, 0, 0, 0, 0, 0, 0, 0, 0, 0, 0, 0, 0, 0, 0, 0, 0, 0, 0, 0, 0, 0, 0, 0, 0, 0, 0]
[2025-06-23T16:31:37.346+0900] {logging_mixin.py:190} INFO - step : text_orientation_set
[2025-06-23T16:31:43.992+0900] {logging_mixin.py:190} INFO - Tesseract OSD Error: (1, 'Estimating resolution as 116 Warning. Invalid resolution 0 dpi. Using 70 instead. Too few characters. Skipping this page Error during processing.')
[2025-06-23T16:31:43.994+0900] {logging_mixin.py:190} INFO - step : load
[2025-06-23T16:31:44.000+0900] {logging_mixin.py:190} INFO - step : rotate
[2025-06-23T16:31:44.015+0900] {logging_mixin.py:190} INFO - step : rotate
[2025-06-23T16:31:44.091+0900] {logging_mixin.py:190} INFO - file_copy: /opt/***/data/temp/a2e21cd3-7ef9-4a4d-9ae3-b74a5ecfd598/45d542bf-7bde-486a-b5b0-41730d6679eb/_result.png
[2025-06-23T16:31:44.101+0900] {python.py:240} INFO - Done. Returned value was: {'file_id': 'a2e21cd3-7ef9-4a4d-9ae3-b74a5ecfd598', 'file_path': '/opt/***/data/class/b_class/classify/ready/false/copied_38_2083292115c.png', 'false': {'process_id': '_45d542bf-7bde-486a-b5b0-41730d6679eb_pre', 'folder_path': 'a2e21cd3-7ef9-4a4d-9ae3-b74a5ecfd598/45d542bf-7bde-486a-b5b0-41730d6679eb', 'step_list': [{'name': 'cache', 'param': {'key': 'origin'}}, {'name': 'calc_angle_set2', 'param': {'key': 'angle1', 'iterations': 4, 'iter_save': False}}, {'name': 'text_orientation_set', 'param': {'key': 'angle2', 'iterations': 4, 'iter_save': False}}, {'name': 'load', 'param': {'key': 'origin'}}, {'name': 'rotate', 'param': {'key': 'angle1'}}, {'name': 'rotate', 'param': {'key': 'angle2'}}], 'result_file_map': {'_result': '/opt/***/data/temp/a2e21cd3-7ef9-4a4d-9ae3-b74a5ecfd598/45d542bf-7bde-486a-b5b0-41730d6679eb/_result.png'}}}
[2025-06-23T16:31:44.263+0900] {taskinstance.py:341} INFO - ::group::Post task execution logs
[2025-06-23T16:31:44.268+0900] {taskinstance.py:353} INFO - Marking task as SUCCESS. dag_id=lilt_document_classifier_balanced_b_class_V0.1, task_id=img_preprocess_task__1, run_id=manual__2025-06-23T06:58:09.542610+00:00, map_index=59, execution_date=20250623T065809, start_date=20250623T073111, end_date=20250623T073144
[2025-06-23T16:31:44.434+0900] {local_task_job_runner.py:266} INFO - Task exited with return code 0
[2025-06-23T16:31:44.629+0900] {taskinstance.py:3901} INFO - 0 downstream tasks scheduled from follow-on schedule check
[2025-06-23T16:31:44.652+0900] {local_task_job_runner.py:245} INFO - ::endgroup::
