[2025-05-27T07:58:52.423+0000] {local_task_job_runner.py:123} INFO - ::group::Pre task execution logs
[2025-05-27T07:58:52.449+0000] {taskinstance.py:2614} INFO - Dependencies all met for dep_context=non-requeueable deps ti=<TaskInstance: image_processing_per_file_v2.get_file_list_task manual__2025-05-27T07:58:49.312546+00:00 [queued]>
[2025-05-27T07:58:52.472+0000] {taskinstance.py:2614} INFO - Dependencies all met for dep_context=requeueable deps ti=<TaskInstance: image_processing_per_file_v2.get_file_list_task manual__2025-05-27T07:58:49.312546+00:00 [queued]>
[2025-05-27T07:58:52.474+0000] {taskinstance.py:2867} INFO - Starting attempt 1 of 1
[2025-05-27T07:58:52.502+0000] {taskinstance.py:2890} INFO - Executing <Task(_PythonDecoratedOperator): get_file_list_task> on 2025-05-27 07:58:49.312546+00:00
[2025-05-27T07:58:52.524+0000] {standard_task_runner.py:104} INFO - Running: ['***', 'tasks', 'run', 'image_processing_per_file_v2', 'get_file_list_task', 'manual__2025-05-27T07:58:49.312546+00:00', '--job-id', '64', '--raw', '--subdir', 'DAGS_FOLDER/test_dag.py', '--cfg-path', '/tmp/tmpoabszhtf']
[2025-05-27T07:58:52.527+0000] {standard_task_runner.py:105} INFO - Job 64: Subtask get_file_list_task
[2025-05-27T07:58:52.531+0000] {logging_mixin.py:190} WARNING - /home/***/.local/lib/python3.12/site-packages/***/task/task_runner/standard_task_runner.py:70 DeprecationWarning: This process (pid=1387) is multi-threaded, use of fork() may lead to deadlocks in the child.
[2025-05-27T07:58:52.532+0000] {standard_task_runner.py:72} INFO - Started process 1388 to run task
[2025-05-27T07:58:52.601+0000] {task_command.py:467} INFO - Running <TaskInstance: image_processing_per_file_v2.get_file_list_task manual__2025-05-27T07:58:49.312546+00:00 [running]> on host d13339a4a574
[2025-05-27T07:58:52.795+0000] {taskinstance.py:3134} INFO - Exporting env vars: AIRFLOW_CTX_DAG_OWNER='***' AIRFLOW_CTX_DAG_ID='image_processing_per_file_v2' AIRFLOW_CTX_TASK_ID='get_file_list_task' AIRFLOW_CTX_EXECUTION_DATE='2025-05-27T07:58:49.312546+00:00' AIRFLOW_CTX_TRY_NUMBER='1' AIRFLOW_CTX_DAG_RUN_ID='manual__2025-05-27T07:58:49.312546+00:00'
[2025-05-27T07:58:52.799+0000] {logging_mixin.py:190} INFO - Task instance is in running state
[2025-05-27T07:58:52.800+0000] {logging_mixin.py:190} INFO -  Previous state of the Task instance: queued
[2025-05-27T07:58:52.801+0000] {logging_mixin.py:190} INFO - Current task name:get_file_list_task state:running start_date:2025-05-27 07:58:52.450596+00:00
[2025-05-27T07:58:52.801+0000] {logging_mixin.py:190} INFO - Dag name:image_processing_per_file_v2 and current dag run status:running
[2025-05-27T07:58:52.802+0000] {taskinstance.py:732} INFO - ::endgroup::
[2025-05-27T07:58:52.830+0000] {logging_mixin.py:190} INFO - --------filelen 12
[2025-05-27T07:58:52.831+0000] {python.py:240} INFO - Done. Returned value was: ['/opt/***/data/upload/test/스크린샷 2025-05-20 182000 - 복사본 (2).png', '/opt/***/data/upload/test/스크린샷 2025-05-20 182000 - 복사본 - 복사본.png', '/opt/***/data/upload/test/스크린샷 2025-05-21 172720 - 복사본 (2).png', '/opt/***/data/upload/test/스크린샷 2025-05-21 172720 - 복사본 - 복사본.png', '/opt/***/data/upload/test/스크린샷 2025-05-21 181632 - 복사본 (2).png', '/opt/***/data/upload/test/스크린샷 2025-05-21 181632 - 복사본 - 복사본.png', '/opt/***/data/upload/test/스크린샷 2025-05-23 135629 - 복사본 (2).png', '/opt/***/data/upload/test/스크린샷 2025-05-23 135629 - 복사본 - 복사본.png', '/opt/***/data/upload/test/스크린샷 2025-05-23 141009 - 복사본 (2).png', '/opt/***/data/upload/test/스크린샷 2025-05-23 141009 - 복사본 - 복사본.png', '/opt/***/data/upload/test/스크린샷 2025-05-23 143432 - 복사본 (2).png', '/opt/***/data/upload/test/스크린샷 2025-05-23 143432 - 복사본 - 복사본.png']
[2025-05-27T07:58:52.881+0000] {taskinstance.py:341} INFO - ::group::Post task execution logs
[2025-05-27T07:58:52.882+0000] {taskinstance.py:353} INFO - Marking task as SUCCESS. dag_id=image_processing_per_file_v2, task_id=get_file_list_task, run_id=manual__2025-05-27T07:58:49.312546+00:00, execution_date=20250527T075849, start_date=20250527T075852, end_date=20250527T075852
[2025-05-27T07:58:52.934+0000] {logging_mixin.py:190} INFO - Task instance in success state
[2025-05-27T07:58:52.935+0000] {logging_mixin.py:190} INFO -  Previous state of the Task instance: running
[2025-05-27T07:58:52.936+0000] {logging_mixin.py:190} INFO - Dag name:image_processing_per_file_v2 queued_at:2025-05-27 07:58:49.341109+00:00
[2025-05-27T07:58:52.936+0000] {logging_mixin.py:190} INFO - Task hostname:d13339a4a574 operator:_PythonDecoratedOperator
[2025-05-27T07:58:52.996+0000] {local_task_job_runner.py:266} INFO - Task exited with return code 0
[2025-05-27T07:58:53.305+0000] {taskinstance.py:3901} INFO - 12 downstream tasks scheduled from follow-on schedule check
[2025-05-27T07:58:53.313+0000] {local_task_job_runner.py:245} INFO - ::endgroup::
