[2025-06-10T04:38:54.807+0000] {local_task_job_runner.py:123} INFO - ::group::Pre task execution logs
[2025-06-10T04:38:54.829+0000] {taskinstance.py:2614} INFO - Dependencies all met for dep_context=non-requeueable deps ti=<TaskInstance: image_ocr_v2.img_preprocess_task manual__2025-06-10T04:38:46.861936+00:00 map_index=0 [queued]>
[2025-06-10T04:38:54.841+0000] {taskinstance.py:2614} INFO - Dependencies all met for dep_context=requeueable deps ti=<TaskInstance: image_ocr_v2.img_preprocess_task manual__2025-06-10T04:38:46.861936+00:00 map_index=0 [queued]>
[2025-06-10T04:38:54.842+0000] {taskinstance.py:2867} INFO - Starting attempt 1 of 1
[2025-06-10T04:38:54.859+0000] {taskinstance.py:2890} INFO - Executing <Mapped(_PythonDecoratedOperator): img_preprocess_task> on 2025-06-10 04:38:46.861936+00:00
[2025-06-10T04:38:54.866+0000] {warnings.py:112} WARNING - /home/***/.local/lib/python3.12/site-packages/***/task/task_runner/standard_task_runner.py:70: DeprecationWarning: This process (pid=22622) is multi-threaded, use of fork() may lead to deadlocks in the child.
  pid = os.fork()

[2025-06-10T04:38:54.868+0000] {standard_task_runner.py:72} INFO - Started process 22633 to run task
[2025-06-10T04:38:54.868+0000] {standard_task_runner.py:104} INFO - Running: ['***', 'tasks', 'run', 'image_ocr_v2', 'img_preprocess_task', 'manual__2025-06-10T04:38:46.861936+00:00', '--job-id', '278', '--raw', '--subdir', 'DAGS_FOLDER/test_dag.py', '--cfg-path', '/tmp/tmpa1q5t3ku', '--map-index', '0']
[2025-06-10T04:38:54.870+0000] {standard_task_runner.py:105} INFO - Job 278: Subtask img_preprocess_task
[2025-06-10T04:38:54.914+0000] {task_command.py:467} INFO - Running <TaskInstance: image_ocr_v2.img_preprocess_task manual__2025-06-10T04:38:46.861936+00:00 map_index=0 [running]> on host 85194d6fbd18
[2025-06-10T04:38:55.004+0000] {taskinstance.py:3134} INFO - Exporting env vars: AIRFLOW_CTX_DAG_OWNER='***' AIRFLOW_CTX_DAG_ID='image_ocr_v2' AIRFLOW_CTX_TASK_ID='img_preprocess_task' AIRFLOW_CTX_EXECUTION_DATE='2025-06-10T04:38:46.861936+00:00' AIRFLOW_CTX_TRY_NUMBER='1' AIRFLOW_CTX_DAG_RUN_ID='manual__2025-06-10T04:38:46.861936+00:00'
[2025-06-10T04:38:55.006+0000] {taskinstance.py:732} INFO - ::endgroup::
[2025-06-10T04:38:55.008+0000] {logging_mixin.py:190} INFO - empty map check {} {'process_id': '2ce37bd1-bc95-496b-8fdc-b20eb292e865', 'folder_path': '32699433-f261-47db-a86a-cfb6d7371159/2ce37bd1-bc95-496b-8fdc-b20eb292e865', 'step_list': [{'name': 'cache', 'param': {'key': 'origin'}}, {'name': 'calc_angle_set1', 'param': {'key': 'angle1', 'iterations': 3}}, {'name': 'save', 'param': {'key': 'rotate1'}}, {'name': 'calc_angle_set2', 'param': {'key': 'angle2', 'iterations': 2}}, {'name': 'save', 'param': {'key': 'rotate2'}}, {'name': 'threshold', 'param': {}}, {'name': 'morphology1', 'param': {}}, {'name': 'scale1', 'param': {'width': 500, 'height': 500}}, {'name': 'save', 'param': {'key': 'classify_preprocess'}}], 'result_file_list': []}
[2025-06-10T04:38:55.011+0000] {logging_mixin.py:190} INFO - step : cache
[2025-06-10T04:38:55.015+0000] {logging_mixin.py:190} INFO - step : calc_angle_set1
[2025-06-10T04:38:55.048+0000] {logging_mixin.py:190} INFO - step : save
[2025-06-10T04:38:55.167+0000] {logging_mixin.py:190} INFO - file_copy: /opt/***/data/result/32699433-f261-47db-a86a-cfb6d7371159/2ce37bd1-bc95-496b-8fdc-b20eb292e865/rotate1.png
[2025-06-10T04:38:55.175+0000] {logging_mixin.py:190} INFO - step : calc_angle_set2
[2025-06-10T04:38:55.836+0000] {logging_mixin.py:190} INFO - osd 180 180 0.78 1.67
[2025-06-10T04:38:56.566+0000] {logging_mixin.py:190} INFO - osd 180 0 0.36 0.0
[2025-06-10T04:38:56.665+0000] {logging_mixin.py:190} INFO - step : save
[2025-06-10T04:38:56.919+0000] {logging_mixin.py:190} INFO - file_copy: /opt/***/data/result/32699433-f261-47db-a86a-cfb6d7371159/2ce37bd1-bc95-496b-8fdc-b20eb292e865/rotate2.png
[2025-06-10T04:38:56.940+0000] {logging_mixin.py:190} INFO - step : threshold
[2025-06-10T04:38:57.038+0000] {logging_mixin.py:190} INFO - step : morphology1
[2025-06-10T04:38:57.051+0000] {logging_mixin.py:190} INFO - step : scale1
[2025-06-10T04:38:57.061+0000] {logging_mixin.py:190} INFO - step : save
[2025-06-10T04:38:57.068+0000] {logging_mixin.py:190} INFO - file_copy: /opt/***/data/result/32699433-f261-47db-a86a-cfb6d7371159/2ce37bd1-bc95-496b-8fdc-b20eb292e865/classify_preprocess.png
[2025-06-10T04:38:57.070+0000] {python.py:240} INFO - Done. Returned value was: {'file_id': '32699433-f261-47db-a86a-cfb6d7371159', 'file_path': '/opt/***/data/upload/Gas Engine 점검일지_ 2021년 2월.pdf-image-011.jpg', 'preprocess_list': [{'process_id': '2ce37bd1-bc95-496b-8fdc-b20eb292e865', 'folder_path': '32699433-f261-47db-a86a-cfb6d7371159/2ce37bd1-bc95-496b-8fdc-b20eb292e865', 'step_list': [{'name': 'cache', 'param': {'key': 'origin'}}, {'name': 'calc_angle_set1', 'param': {'key': 'angle1', 'iterations': 3}}, {'name': 'save', 'param': {'key': 'rotate1'}}, {'name': 'calc_angle_set2', 'param': {'key': 'angle2', 'iterations': 2}}, {'name': 'save', 'param': {'key': 'rotate2'}}, {'name': 'threshold', 'param': {}}, {'name': 'morphology1', 'param': {}}, {'name': 'scale1', 'param': {'width': 500, 'height': 500}}, {'name': 'save', 'param': {'key': 'classify_preprocess'}}], 'result_file_list': [{'rotate1': '/opt/***/data/result/32699433-f261-47db-a86a-cfb6d7371159/2ce37bd1-bc95-496b-8fdc-b20eb292e865/rotate1.png'}, {'rotate2': '/opt/***/data/result/32699433-f261-47db-a86a-cfb6d7371159/2ce37bd1-bc95-496b-8fdc-b20eb292e865/rotate2.png'}, {'classify_preprocess': '/opt/***/data/result/32699433-f261-47db-a86a-cfb6d7371159/2ce37bd1-bc95-496b-8fdc-b20eb292e865/classify_preprocess.png'}]}]}
[2025-06-10T04:38:57.104+0000] {taskinstance.py:341} INFO - ::group::Post task execution logs
[2025-06-10T04:38:57.105+0000] {taskinstance.py:353} INFO - Marking task as SUCCESS. dag_id=image_ocr_v2, task_id=img_preprocess_task, run_id=manual__2025-06-10T04:38:46.861936+00:00, map_index=0, execution_date=20250610T043846, start_date=20250610T043854, end_date=20250610T043857
[2025-06-10T04:38:57.149+0000] {local_task_job_runner.py:266} INFO - Task exited with return code 0
[2025-06-10T04:38:57.159+0000] {local_task_job_runner.py:245} INFO - ::endgroup::
