[2025-06-23T16:20:58.434+0900] {local_task_job_runner.py:123} INFO - ::group::Pre task execution logs
[2025-06-23T16:20:58.565+0900] {taskinstance.py:2614} INFO - Dependencies all met for dep_context=non-requeueable deps ti=<TaskInstance: lilt_document_classifier_balanced_V0.1.img_preprocess_task manual__2025-06-23T06:45:10.371530+00:00 map_index=84 [queued]>
[2025-06-23T16:20:58.682+0900] {taskinstance.py:2614} INFO - Dependencies all met for dep_context=requeueable deps ti=<TaskInstance: lilt_document_classifier_balanced_V0.1.img_preprocess_task manual__2025-06-23T06:45:10.371530+00:00 map_index=84 [queued]>
[2025-06-23T16:20:58.686+0900] {taskinstance.py:2867} INFO - Starting attempt 1 of 1
[2025-06-23T16:20:58.710+0900] {taskinstance.py:2890} INFO - Executing <Mapped(_PythonDecoratedOperator): img_preprocess_task> on 2025-06-23 06:45:10.371530+00:00
[2025-06-23T16:20:58.727+0900] {warnings.py:112} WARNING - /home/***/.local/lib/python3.12/site-packages/***/task/task_runner/standard_task_runner.py:70: DeprecationWarning: This process (pid=6695) is multi-threaded, use of fork() may lead to deadlocks in the child.
  pid = os.fork()

[2025-06-23T16:20:58.733+0900] {standard_task_runner.py:72} INFO - Started process 6705 to run task
[2025-06-23T16:20:58.736+0900] {standard_task_runner.py:104} INFO - Running: ['***', 'tasks', 'run', 'lilt_document_classifier_balanced_V0.1', 'img_preprocess_task', 'manual__2025-06-23T06:45:10.371530+00:00', '--job-id', '3348', '--raw', '--subdir', 'DAGS_FOLDER/class_create_dag.py', '--cfg-path', '/tmp/tmpjc7uinsb', '--map-index', '84']
[2025-06-23T16:20:58.738+0900] {standard_task_runner.py:105} INFO - Job 3348: Subtask img_preprocess_task
[2025-06-23T16:20:58.861+0900] {task_command.py:467} INFO - Running <TaskInstance: lilt_document_classifier_balanced_V0.1.img_preprocess_task manual__2025-06-23T06:45:10.371530+00:00 map_index=84 [running]> on host f6d4228a9eb8
[2025-06-23T16:20:58.998+0900] {taskinstance.py:3134} INFO - Exporting env vars: AIRFLOW_CTX_DAG_OWNER='***' AIRFLOW_CTX_DAG_ID='lilt_document_classifier_balanced_V0.1' AIRFLOW_CTX_TASK_ID='img_preprocess_task' AIRFLOW_CTX_EXECUTION_DATE='2025-06-23T06:45:10.371530+00:00' AIRFLOW_CTX_TRY_NUMBER='1' AIRFLOW_CTX_DAG_RUN_ID='manual__2025-06-23T06:45:10.371530+00:00'
[2025-06-23T16:20:59.002+0900] {taskinstance.py:732} INFO - ::endgroup::
[2025-06-23T16:20:59.006+0900] {logging_mixin.py:190} INFO - empty map check {} {'process_id': '_cde3e5fb-3f0e-4bb5-b957-993e3a8aeab7_pre', 'folder_path': '7975db16-acb0-4636-82ab-5a6c0dc39cd5/cde3e5fb-3f0e-4bb5-b957-993e3a8aeab7', 'step_list': [{'name': 'cache', 'param': {'key': 'origin'}}, {'name': 'calc_angle_set2', 'param': {'key': 'angle1', 'iterations': 4, 'iter_save': False}}, {'name': 'text_orientation_set', 'param': {'key': 'angle2', 'iterations': 4, 'iter_save': False}}, {'name': 'load', 'param': {'key': 'origin'}}, {'name': 'rotate', 'param': {'key': 'angle1'}}, {'name': 'rotate', 'param': {'key': 'angle2'}}], 'result_file_map': {}}
[2025-06-23T16:20:59.018+0900] {logging_mixin.py:190} INFO - step : cache
[2025-06-23T16:20:59.028+0900] {logging_mixin.py:190} INFO - step : calc_angle_set2
[2025-06-23T16:21:33.243+0900] {logging_mixin.py:190} INFO - osd 1 5.0 5.0 40 1482077 [1305412, 1256143, 1198727, 1139051, 1081876, 1023454, 968769, 911826, 857668, 800730, 750098, 700682, 651167, 603644, 562367, 518061, 473133, 429602, 386117, 342350, 302454, 345896, 395441, 446530, 499524, 554891, 611697, 665360, 724135, 785468, 844681, 903436, 968246, 1029487, 1093354, 1157078, 1222217, 1286931, 1353754, 1419457, 1482077]
[2025-06-23T16:22:10.628+0900] {logging_mixin.py:190} INFO - osd 2 0.0 -5.0 0 3114058 [3114058, 3027805, 2945218, 2856543, 2765371, 2677570, 2590804, 2499980, 2413796, 2317558, 2233361, 2143889, 2057327, 1976348, 1887616, 1808073, 1724148, 1646413, 1573674, 1493920, 1420561, 1493034, 1571320, 1642918, 1717997, 1798062, 1874191, 1956175, 2029480, 2107499, 2187123, 2264050, 2351902, 2431956, 2516634, 2599871, 2682627, 2770982, 2856875, 2937662, 3026828]
[2025-06-23T16:23:03.050+0900] {logging_mixin.py:190} INFO - osd 3 5.0 5.0 40 5075628 [4892303, 4807566, 4721964, 4628340, 4541072, 4447958, 4361492, 4262569, 4169490, 4077838, 3985872, 3893750, 3795453, 3703187, 3605617, 3512024, 3416050, 3318511, 3222920, 3126643, 3032786, 3130386, 3230185, 3329501, 3430564, 3531842, 3629038, 3730961, 3829079, 3931333, 4030428, 4127822, 4227222, 4329485, 4437284, 4537140, 4645871, 4747907, 4858425, 4962886, 5075628]
[2025-06-23T16:24:07.098+0900] {logging_mixin.py:190} INFO - osd 4 10.0 5.0 40 7587344 [7572691, 7441681, 7308465, 7176046, 7045201, 6912898, 6775709, 6639499, 6509343, 6371614, 6244056, 6102859, 5976121, 5837729, 5703384, 5572811, 5440990, 5305428, 5169238, 5035090, 4912431, 5025639, 5152243, 5280501, 5410298, 5536497, 5663807, 5795844, 5934251, 6061469, 6203119, 6333204, 6472635, 6605235, 6744138, 6887722, 7024258, 7164393, 7303536, 7443909, 7587344]
[2025-06-23T16:24:07.673+0900] {logging_mixin.py:190} INFO - step : text_orientation_set
[2025-06-23T16:24:31.603+0900] {logging_mixin.py:190} INFO - osd 1 break  0 0 4.73 Japanese 0.25
[2025-06-23T16:24:31.608+0900] {logging_mixin.py:190} INFO - step : load
[2025-06-23T16:24:31.613+0900] {logging_mixin.py:190} INFO - step : rotate
[2025-06-23T16:24:32.272+0900] {logging_mixin.py:190} INFO - step : rotate
[2025-06-23T16:24:32.874+0900] {logging_mixin.py:190} INFO - file_copy: /opt/***/data/temp/7975db16-acb0-4636-82ab-5a6c0dc39cd5/cde3e5fb-3f0e-4bb5-b957-993e3a8aeab7/_result.png
[2025-06-23T16:24:32.926+0900] {python.py:240} INFO - Done. Returned value was: {'file_id': '7975db16-acb0-4636-82ab-5a6c0dc39cd5', 'file_path': '/opt/***/data/class/a_class/classify/ready/true/죽전동 일성빌딩 - 정부24 - 건축물대장 등본(초본) 발급(열람) _ 문서출력_page_1_aug1.png', 'true': {'process_id': '_cde3e5fb-3f0e-4bb5-b957-993e3a8aeab7_pre', 'folder_path': '7975db16-acb0-4636-82ab-5a6c0dc39cd5/cde3e5fb-3f0e-4bb5-b957-993e3a8aeab7', 'step_list': [{'name': 'cache', 'param': {'key': 'origin'}}, {'name': 'calc_angle_set2', 'param': {'key': 'angle1', 'iterations': 4, 'iter_save': False}}, {'name': 'text_orientation_set', 'param': {'key': 'angle2', 'iterations': 4, 'iter_save': False}}, {'name': 'load', 'param': {'key': 'origin'}}, {'name': 'rotate', 'param': {'key': 'angle1'}}, {'name': 'rotate', 'param': {'key': 'angle2'}}], 'result_file_map': {'_result': '/opt/***/data/temp/7975db16-acb0-4636-82ab-5a6c0dc39cd5/cde3e5fb-3f0e-4bb5-b957-993e3a8aeab7/_result.png'}}}
[2025-06-23T16:24:32.964+0900] {taskinstance.py:341} INFO - ::group::Post task execution logs
[2025-06-23T16:24:32.965+0900] {taskinstance.py:353} INFO - Marking task as SUCCESS. dag_id=lilt_document_classifier_balanced_V0.1, task_id=img_preprocess_task, run_id=manual__2025-06-23T06:45:10.371530+00:00, map_index=84, execution_date=20250623T064510, start_date=20250623T072058, end_date=20250623T072432
[2025-06-23T16:24:33.036+0900] {local_task_job_runner.py:266} INFO - Task exited with return code 0
[2025-06-23T16:24:33.097+0900] {taskinstance.py:3901} INFO - 0 downstream tasks scheduled from follow-on schedule check
[2025-06-23T16:24:33.105+0900] {local_task_job_runner.py:245} INFO - ::endgroup::
