[2025-06-10T04:38:13.928+0000] {local_task_job_runner.py:123} INFO - ::group::Pre task execution logs
[2025-06-10T04:38:13.949+0000] {taskinstance.py:2614} INFO - Dependencies all met for dep_context=non-requeueable deps ti=<TaskInstance: image_ocr_v2.img_preprocess_task manual__2025-06-10T04:38:06.711527+00:00 map_index=2 [queued]>
[2025-06-10T04:38:13.960+0000] {taskinstance.py:2614} INFO - Dependencies all met for dep_context=requeueable deps ti=<TaskInstance: image_ocr_v2.img_preprocess_task manual__2025-06-10T04:38:06.711527+00:00 map_index=2 [queued]>
[2025-06-10T04:38:13.961+0000] {taskinstance.py:2867} INFO - Starting attempt 1 of 1
[2025-06-10T04:38:13.975+0000] {taskinstance.py:2890} INFO - Executing <Mapped(_PythonDecoratedOperator): img_preprocess_task> on 2025-06-10 04:38:06.711527+00:00
[2025-06-10T04:38:13.984+0000] {warnings.py:112} WARNING - /home/***/.local/lib/python3.12/site-packages/***/task/task_runner/standard_task_runner.py:70: DeprecationWarning: This process (pid=22543) is multi-threaded, use of fork() may lead to deadlocks in the child.
  pid = os.fork()

[2025-06-10T04:38:13.986+0000] {standard_task_runner.py:104} INFO - Running: ['***', 'tasks', 'run', 'image_ocr_v2', 'img_preprocess_task', 'manual__2025-06-10T04:38:06.711527+00:00', '--job-id', '273', '--raw', '--subdir', 'DAGS_FOLDER/test_dag.py', '--cfg-path', '/tmp/tmpazvqe00w', '--map-index', '2']
[2025-06-10T04:38:13.989+0000] {standard_task_runner.py:72} INFO - Started process 22555 to run task
[2025-06-10T04:38:13.992+0000] {standard_task_runner.py:105} INFO - Job 273: Subtask img_preprocess_task
[2025-06-10T04:38:14.041+0000] {task_command.py:467} INFO - Running <TaskInstance: image_ocr_v2.img_preprocess_task manual__2025-06-10T04:38:06.711527+00:00 map_index=2 [running]> on host 85194d6fbd18
[2025-06-10T04:38:14.125+0000] {taskinstance.py:3134} INFO - Exporting env vars: AIRFLOW_CTX_DAG_OWNER='***' AIRFLOW_CTX_DAG_ID='image_ocr_v2' AIRFLOW_CTX_TASK_ID='img_preprocess_task' AIRFLOW_CTX_EXECUTION_DATE='2025-06-10T04:38:06.711527+00:00' AIRFLOW_CTX_TRY_NUMBER='1' AIRFLOW_CTX_DAG_RUN_ID='manual__2025-06-10T04:38:06.711527+00:00'
[2025-06-10T04:38:14.127+0000] {taskinstance.py:732} INFO - ::endgroup::
[2025-06-10T04:38:14.130+0000] {logging_mixin.py:190} INFO - empty map check {} {'process_id': '14e2b439-4b9f-4ed1-847d-8bd452be2c31', 'folder_path': '13d128c9-126f-4b77-9577-6fe5ff342692/14e2b439-4b9f-4ed1-847d-8bd452be2c31', 'step_list': [{'name': 'cache', 'param': {'key': 'origin'}}, {'name': 'calc_angle_set1', 'param': {'key': 'angle1', 'iterations': 3}}, {'name': 'save', 'param': {'key': 'rotate1'}}, {'name': 'calc_angle_set2', 'param': {'key': 'angle2', 'iterations': 2}}, {'name': 'save', 'param': {'key': 'rotate2'}}, {'name': 'threshold', 'param': {}}, {'name': 'morphology1', 'param': {}}, {'name': 'scale1', 'param': {'width': 500, 'height': 500}}, {'name': 'save', 'param': {'key': 'classify_preprocess'}}], 'result_file_list': []}
[2025-06-10T04:38:14.132+0000] {logging_mixin.py:190} INFO - step : cache
[2025-06-10T04:38:14.133+0000] {logging_mixin.py:190} INFO - step : calc_angle_set1
[2025-06-10T04:38:14.167+0000] {logging_mixin.py:190} INFO - step : save
[2025-06-10T04:38:14.277+0000] {logging_mixin.py:190} INFO - file_copy: /opt/***/data/result/13d128c9-126f-4b77-9577-6fe5ff342692/14e2b439-4b9f-4ed1-847d-8bd452be2c31/rotate1.png
[2025-06-10T04:38:14.286+0000] {logging_mixin.py:190} INFO - step : calc_angle_set2
[2025-06-10T04:38:14.957+0000] {logging_mixin.py:190} INFO - osd 0 0 0.19 1.67
[2025-06-10T04:38:15.639+0000] {logging_mixin.py:190} INFO - osd 0 0 0.19 1.67
[2025-06-10T04:38:15.694+0000] {logging_mixin.py:190} INFO - step : save
[2025-06-10T04:38:15.938+0000] {logging_mixin.py:190} INFO - file_copy: /opt/***/data/result/13d128c9-126f-4b77-9577-6fe5ff342692/14e2b439-4b9f-4ed1-847d-8bd452be2c31/rotate2.png
[2025-06-10T04:38:15.947+0000] {logging_mixin.py:190} INFO - step : threshold
[2025-06-10T04:38:16.005+0000] {logging_mixin.py:190} INFO - step : morphology1
[2025-06-10T04:38:16.018+0000] {logging_mixin.py:190} INFO - step : scale1
[2025-06-10T04:38:16.024+0000] {logging_mixin.py:190} INFO - step : save
[2025-06-10T04:38:16.033+0000] {logging_mixin.py:190} INFO - file_copy: /opt/***/data/result/13d128c9-126f-4b77-9577-6fe5ff342692/14e2b439-4b9f-4ed1-847d-8bd452be2c31/classify_preprocess.png
[2025-06-10T04:38:16.039+0000] {python.py:240} INFO - Done. Returned value was: {'file_id': '13d128c9-126f-4b77-9577-6fe5ff342692', 'file_path': '/opt/***/data/upload/Gas Engine 점검일지_ 2021년 2월.pdf-image-005.jpg', 'preprocess_list': [{'process_id': '14e2b439-4b9f-4ed1-847d-8bd452be2c31', 'folder_path': '13d128c9-126f-4b77-9577-6fe5ff342692/14e2b439-4b9f-4ed1-847d-8bd452be2c31', 'step_list': [{'name': 'cache', 'param': {'key': 'origin'}}, {'name': 'calc_angle_set1', 'param': {'key': 'angle1', 'iterations': 3}}, {'name': 'save', 'param': {'key': 'rotate1'}}, {'name': 'calc_angle_set2', 'param': {'key': 'angle2', 'iterations': 2}}, {'name': 'save', 'param': {'key': 'rotate2'}}, {'name': 'threshold', 'param': {}}, {'name': 'morphology1', 'param': {}}, {'name': 'scale1', 'param': {'width': 500, 'height': 500}}, {'name': 'save', 'param': {'key': 'classify_preprocess'}}], 'result_file_list': [{'rotate1': '/opt/***/data/result/13d128c9-126f-4b77-9577-6fe5ff342692/14e2b439-4b9f-4ed1-847d-8bd452be2c31/rotate1.png'}, {'rotate2': '/opt/***/data/result/13d128c9-126f-4b77-9577-6fe5ff342692/14e2b439-4b9f-4ed1-847d-8bd452be2c31/rotate2.png'}, {'classify_preprocess': '/opt/***/data/result/13d128c9-126f-4b77-9577-6fe5ff342692/14e2b439-4b9f-4ed1-847d-8bd452be2c31/classify_preprocess.png'}]}]}
[2025-06-10T04:38:16.075+0000] {taskinstance.py:341} INFO - ::group::Post task execution logs
[2025-06-10T04:38:16.076+0000] {taskinstance.py:353} INFO - Marking task as SUCCESS. dag_id=image_ocr_v2, task_id=img_preprocess_task, run_id=manual__2025-06-10T04:38:06.711527+00:00, map_index=2, execution_date=20250610T043806, start_date=20250610T043813, end_date=20250610T043816
[2025-06-10T04:38:16.110+0000] {local_task_job_runner.py:266} INFO - Task exited with return code 0
[2025-06-10T04:38:16.127+0000] {taskinstance.py:3901} INFO - 0 downstream tasks scheduled from follow-on schedule check
[2025-06-10T04:38:16.129+0000] {local_task_job_runner.py:245} INFO - ::endgroup::
