[2025-06-23T10:57:21.094+0900] {local_task_job_runner.py:123} INFO - ::group::Pre task execution logs
[2025-06-23T10:57:21.204+0900] {taskinstance.py:2614} INFO - Dependencies all met for dep_context=non-requeueable deps ti=<TaskInstance: lilt_document_classifier_balanced_V0.1.img_preprocess_task__1 manual__2025-06-23T01:55:15.838468+00:00 map_index=26 [queued]>
[2025-06-23T10:57:21.280+0900] {taskinstance.py:2614} INFO - Dependencies all met for dep_context=requeueable deps ti=<TaskInstance: lilt_document_classifier_balanced_V0.1.img_preprocess_task__1 manual__2025-06-23T01:55:15.838468+00:00 map_index=26 [queued]>
[2025-06-23T10:57:21.294+0900] {taskinstance.py:2867} INFO - Starting attempt 1 of 1
[2025-06-23T10:57:21.372+0900] {taskinstance.py:2890} INFO - Executing <Mapped(_PythonDecoratedOperator): img_preprocess_task__1> on 2025-06-23 01:55:15.838468+00:00
[2025-06-23T10:57:21.402+0900] {warnings.py:112} WARNING - /home/***/.local/lib/python3.12/site-packages/***/task/task_runner/standard_task_runner.py:70: DeprecationWarning: This process (pid=90101) is multi-threaded, use of fork() may lead to deadlocks in the child.
  pid = os.fork()

[2025-06-23T10:57:21.411+0900] {standard_task_runner.py:72} INFO - Started process 90135 to run task
[2025-06-23T10:57:21.414+0900] {standard_task_runner.py:104} INFO - Running: ['***', 'tasks', 'run', 'lilt_document_classifier_balanced_V0.1', 'img_preprocess_task__1', 'manual__2025-06-23T01:55:15.838468+00:00', '--job-id', '2332', '--raw', '--subdir', 'DAGS_FOLDER/class_create_dag.py', '--cfg-path', '/tmp/tmpc8dlt_u9', '--map-index', '26']
[2025-06-23T10:57:21.417+0900] {standard_task_runner.py:105} INFO - Job 2332: Subtask img_preprocess_task__1
[2025-06-23T10:57:21.543+0900] {task_command.py:467} INFO - Running <TaskInstance: lilt_document_classifier_balanced_V0.1.img_preprocess_task__1 manual__2025-06-23T01:55:15.838468+00:00 map_index=26 [running]> on host f6d4228a9eb8
[2025-06-23T10:57:21.799+0900] {taskinstance.py:3134} INFO - Exporting env vars: AIRFLOW_CTX_DAG_OWNER='***' AIRFLOW_CTX_DAG_ID='lilt_document_classifier_balanced_V0.1' AIRFLOW_CTX_TASK_ID='img_preprocess_task__1' AIRFLOW_CTX_EXECUTION_DATE='2025-06-23T01:55:15.838468+00:00' AIRFLOW_CTX_TRY_NUMBER='1' AIRFLOW_CTX_DAG_RUN_ID='manual__2025-06-23T01:55:15.838468+00:00'
[2025-06-23T10:57:21.802+0900] {taskinstance.py:732} INFO - ::endgroup::
[2025-06-23T10:57:21.810+0900] {logging_mixin.py:190} INFO - empty map check {} {'process_id': '_8efa203b-3f9b-46d1-859f-d983ddd7e3a1_pre', 'folder_path': '7318cb2e-055d-4a2d-beca-8d33c9e418c4/8efa203b-3f9b-46d1-859f-d983ddd7e3a1', 'step_list': [{'name': 'cache', 'param': {'key': 'origin'}}, {'name': 'calc_angle_set1', 'param': {'key': 'angle1', 'iterations': 4, 'iter_save': False}}, {'name': 'text_orientation_set', 'param': {'key': 'angle2', 'iterations': 4, 'iter_save': False}}, {'name': 'load', 'param': {'key': 'origin'}}, {'name': 'rotate', 'param': {'key': 'angle1'}}, {'name': 'rotate', 'param': {'key': 'angle2'}}], 'result_file_map': {}}
[2025-06-23T10:57:21.816+0900] {logging_mixin.py:190} INFO - step : cache
[2025-06-23T10:57:21.821+0900] {logging_mixin.py:190} INFO - step : calc_angle_set1
[2025-06-23T10:57:21.873+0900] {logging_mixin.py:190} INFO - angle1 :  0 90.35943751065957 180.37398802739744 180.29919195159363 0.38260385891816245 0.3819662047290255
[2025-06-23T10:57:21.954+0900] {logging_mixin.py:190} INFO - angle2 :  90.35943751065957 89.9574271243213 89.92520137472108 90.0 90.0 89.90450712256413
[2025-06-23T10:57:22.201+0900] {logging_mixin.py:190} INFO - angle3 :  180.31686463498087 89.82970902779371 179.85059804522808 179.85020745365972 -0.09549287743587175 -0.2864765102770745
[2025-06-23T10:57:22.417+0900] {logging_mixin.py:190} INFO - angle4 :  270.1465736627746 90.0 90.0 90.0 90.09549287743587 89.90450712256413
[2025-06-23T10:57:22.526+0900] {logging_mixin.py:190} INFO - step : text_orientation_set
[2025-06-23T10:57:31.547+0900] {logging_mixin.py:190} INFO - osd 1 break  0 0 0.16 Latin 1.9
[2025-06-23T10:57:31.548+0900] {logging_mixin.py:190} INFO - step : load
[2025-06-23T10:57:31.555+0900] {logging_mixin.py:190} INFO - step : rotate
[2025-06-23T10:57:31.634+0900] {logging_mixin.py:190} INFO - step : rotate
[2025-06-23T10:57:31.719+0900] {logging_mixin.py:190} INFO - file_copy: /opt/***/data/temp/7318cb2e-055d-4a2d-beca-8d33c9e418c4/8efa203b-3f9b-46d1-859f-d983ddd7e3a1/_result.png
[2025-06-23T10:57:31.726+0900] {python.py:240} INFO - Done. Returned value was: {'file_id': '7318cb2e-055d-4a2d-beca-8d33c9e418c4', 'file_path': '/opt/***/data/class/a_class/classify/ready/false/copied_0_00838616.png', 'false': {'process_id': '_8efa203b-3f9b-46d1-859f-d983ddd7e3a1_pre', 'folder_path': '7318cb2e-055d-4a2d-beca-8d33c9e418c4/8efa203b-3f9b-46d1-859f-d983ddd7e3a1', 'step_list': [{'name': 'cache', 'param': {'key': 'origin'}}, {'name': 'calc_angle_set1', 'param': {'key': 'angle1', 'iterations': 4, 'iter_save': False}}, {'name': 'text_orientation_set', 'param': {'key': 'angle2', 'iterations': 4, 'iter_save': False}}, {'name': 'load', 'param': {'key': 'origin'}}, {'name': 'rotate', 'param': {'key': 'angle1'}}, {'name': 'rotate', 'param': {'key': 'angle2'}}], 'result_file_map': {'_result': '/opt/***/data/temp/7318cb2e-055d-4a2d-beca-8d33c9e418c4/8efa203b-3f9b-46d1-859f-d983ddd7e3a1/_result.png'}}}
[2025-06-23T10:57:31.830+0900] {taskinstance.py:341} INFO - ::group::Post task execution logs
[2025-06-23T10:57:31.833+0900] {taskinstance.py:353} INFO - Marking task as SUCCESS. dag_id=lilt_document_classifier_balanced_V0.1, task_id=img_preprocess_task__1, run_id=manual__2025-06-23T01:55:15.838468+00:00, map_index=26, execution_date=20250623T015515, start_date=20250623T015721, end_date=20250623T015731
[2025-06-23T10:57:32.053+0900] {local_task_job_runner.py:266} INFO - Task exited with return code 0
[2025-06-23T10:57:32.213+0900] {taskinstance.py:3901} INFO - 0 downstream tasks scheduled from follow-on schedule check
[2025-06-23T10:57:32.222+0900] {local_task_job_runner.py:245} INFO - ::endgroup::
