[2025-06-16T17:10:58.131+0900] {local_task_job_runner.py:123} INFO - ::group::Pre task execution logs
[2025-06-16T17:10:58.155+0900] {taskinstance.py:2614} INFO - Dependencies all met for dep_context=non-requeueable deps ti=<TaskInstance: image_ocr_v2.img_preprocess_task manual__2025-06-16T08:10:48.530660+00:00 map_index=1 [queued]>
[2025-06-16T17:10:58.168+0900] {taskinstance.py:2614} INFO - Dependencies all met for dep_context=requeueable deps ti=<TaskInstance: image_ocr_v2.img_preprocess_task manual__2025-06-16T08:10:48.530660+00:00 map_index=1 [queued]>
[2025-06-16T17:10:58.168+0900] {taskinstance.py:2867} INFO - Starting attempt 1 of 1
[2025-06-16T17:10:58.180+0900] {taskinstance.py:2890} INFO - Executing <Mapped(_PythonDecoratedOperator): img_preprocess_task> on 2025-06-16 08:10:48.530660+00:00
[2025-06-16T17:10:58.189+0900] {warnings.py:112} WARNING - /home/***/.local/lib/python3.12/site-packages/***/task/task_runner/standard_task_runner.py:70: DeprecationWarning: This process (pid=10916) is multi-threaded, use of fork() may lead to deadlocks in the child.
  pid = os.fork()

[2025-06-16T17:10:58.192+0900] {standard_task_runner.py:72} INFO - Started process 10928 to run task
[2025-06-16T17:10:58.191+0900] {standard_task_runner.py:104} INFO - Running: ['***', 'tasks', 'run', 'image_ocr_v2', 'img_preprocess_task', 'manual__2025-06-16T08:10:48.530660+00:00', '--job-id', '592', '--raw', '--subdir', 'DAGS_FOLDER/test_dag.py', '--cfg-path', '/tmp/tmph01yg6ba', '--map-index', '1']
[2025-06-16T17:10:58.193+0900] {standard_task_runner.py:105} INFO - Job 592: Subtask img_preprocess_task
[2025-06-16T17:10:58.240+0900] {task_command.py:467} INFO - Running <TaskInstance: image_ocr_v2.img_preprocess_task manual__2025-06-16T08:10:48.530660+00:00 map_index=1 [running]> on host f6d4228a9eb8
[2025-06-16T17:10:58.327+0900] {taskinstance.py:3134} INFO - Exporting env vars: AIRFLOW_CTX_DAG_OWNER='***' AIRFLOW_CTX_DAG_ID='image_ocr_v2' AIRFLOW_CTX_TASK_ID='img_preprocess_task' AIRFLOW_CTX_EXECUTION_DATE='2025-06-16T08:10:48.530660+00:00' AIRFLOW_CTX_TRY_NUMBER='1' AIRFLOW_CTX_DAG_RUN_ID='manual__2025-06-16T08:10:48.530660+00:00'
[2025-06-16T17:10:58.329+0900] {taskinstance.py:732} INFO - ::endgroup::
[2025-06-16T17:10:58.332+0900] {logging_mixin.py:190} INFO - empty map check {} {'process_id': '_099912dd-bdb5-4541-a222-e457acc360a1_pre', 'folder_path': '3cc4aa11-b38a-4b68-98e0-1fa44a304369/099912dd-bdb5-4541-a222-e457acc360a1', 'step_list': [{'name': 'cache', 'param': {'key': 'origin'}}, {'name': 'calc_angle_set3', 'param': {'key': 'angle1', 'iterations': 3, 'iter_save': True}}, {'name': 'calc_angle_set2', 'param': {'key': 'angle2', 'iterations': 2, 'iter_save': True}}, {'name': 'threshold', 'param': {}}, {'name': 'save', 'param': {'key': 'classify_preprocess'}}], 'result_file_list': []}
[2025-06-16T17:10:58.332+0900] {logging_mixin.py:190} INFO - step : cache
[2025-06-16T17:10:58.333+0900] {logging_mixin.py:190} INFO - step : calc_angle_set3
[2025-06-16T17:10:58.416+0900] {logging_mixin.py:190} INFO - file_copy: /opt/***/data/temp/3cc4aa11-b38a-4b68-98e0-1fa44a304369/099912dd-bdb5-4541-a222-e457acc360a1/rotate3_1.png
[2025-06-16T17:10:58.496+0900] {logging_mixin.py:190} INFO - osd 1 0 0 [-90, -90, -90, -90, -90, -90]
[2025-06-16T17:10:58.497+0900] {logging_mixin.py:190} INFO - step : calc_angle_set2
[2025-06-16T17:11:04.371+0900] {logging_mixin.py:190} INFO - file_copy: /opt/***/data/temp/3cc4aa11-b38a-4b68-98e0-1fa44a304369/099912dd-bdb5-4541-a222-e457acc360a1/rotate2_1.png
[2025-06-16T17:11:05.731+0900] {logging_mixin.py:190} INFO - osd 1 270 270 5.35 Latin 1.73
[2025-06-16T17:11:11.843+0900] {logging_mixin.py:190} INFO - file_copy: /opt/***/data/temp/3cc4aa11-b38a-4b68-98e0-1fa44a304369/099912dd-bdb5-4541-a222-e457acc360a1/rotate2_2.png
[2025-06-16T17:11:13.920+0900] {logging_mixin.py:190} INFO - osd 2 450 180 3.32 Cyrillic 2.35
[2025-06-16T17:11:13.962+0900] {logging_mixin.py:190} INFO - step : threshold
[2025-06-16T17:11:13.965+0900] {logging_mixin.py:190} INFO - step : save
[2025-06-16T17:11:13.985+0900] {logging_mixin.py:190} INFO - file_copy: /opt/***/data/temp/3cc4aa11-b38a-4b68-98e0-1fa44a304369/099912dd-bdb5-4541-a222-e457acc360a1/classify_preprocess.png
[2025-06-16T17:11:13.987+0900] {python.py:240} INFO - Done. Returned value was: {'file_id': '3cc4aa11-b38a-4b68-98e0-1fa44a304369', 'file_path': '/opt/***/data/upload/Gas Engine 점검일지_ 2021년 2월.pdf-image-007.jpg', 'result': {'process_id': '_099912dd-bdb5-4541-a222-e457acc360a1_pre', 'folder_path': '3cc4aa11-b38a-4b68-98e0-1fa44a304369/099912dd-bdb5-4541-a222-e457acc360a1', 'step_list': [{'name': 'cache', 'param': {'key': 'origin'}}, {'name': 'calc_angle_set3', 'param': {'key': 'angle1', 'iterations': 3, 'iter_save': True}}, {'name': 'calc_angle_set2', 'param': {'key': 'angle2', 'iterations': 2, 'iter_save': True}}, {'name': 'threshold', 'param': {}}, {'name': 'save', 'param': {'key': 'classify_preprocess'}}], 'result_file_list': [{'key': 'rotate3_1', 'path': '/opt/***/data/temp/3cc4aa11-b38a-4b68-98e0-1fa44a304369/099912dd-bdb5-4541-a222-e457acc360a1/rotate3_1.png'}, {'key': 'rotate2_1', 'path': '/opt/***/data/temp/3cc4aa11-b38a-4b68-98e0-1fa44a304369/099912dd-bdb5-4541-a222-e457acc360a1/rotate2_1.png'}, {'key': 'rotate2_2', 'path': '/opt/***/data/temp/3cc4aa11-b38a-4b68-98e0-1fa44a304369/099912dd-bdb5-4541-a222-e457acc360a1/rotate2_2.png'}, {'key': 'classify_preprocess', 'path': '/opt/***/data/temp/3cc4aa11-b38a-4b68-98e0-1fa44a304369/099912dd-bdb5-4541-a222-e457acc360a1/classify_preprocess.png'}]}}
[2025-06-16T17:11:14.020+0900] {taskinstance.py:341} INFO - ::group::Post task execution logs
[2025-06-16T17:11:14.022+0900] {taskinstance.py:353} INFO - Marking task as SUCCESS. dag_id=image_ocr_v2, task_id=img_preprocess_task, run_id=manual__2025-06-16T08:10:48.530660+00:00, map_index=1, execution_date=20250616T081048, start_date=20250616T081058, end_date=20250616T081114
[2025-06-16T17:11:14.109+0900] {local_task_job_runner.py:266} INFO - Task exited with return code 0
[2025-06-16T17:11:14.129+0900] {taskinstance.py:3901} INFO - 0 downstream tasks scheduled from follow-on schedule check
[2025-06-16T17:11:14.131+0900] {local_task_job_runner.py:245} INFO - ::endgroup::
