[2025-05-28T08:23:42.892+0000] {local_task_job_runner.py:123} INFO - ::group::Pre task execution logs
[2025-05-28T08:23:43.016+0000] {taskinstance.py:2614} INFO - Dependencies all met for dep_context=non-requeueable deps ti=<TaskInstance: image_processing_per_file_v2.preprocess_group.img_preprocess_task manual__2025-05-28T08:23:32.023314+00:00 map_index=8 [queued]>
[2025-05-28T08:23:43.087+0000] {taskinstance.py:2614} INFO - Dependencies all met for dep_context=requeueable deps ti=<TaskInstance: image_processing_per_file_v2.preprocess_group.img_preprocess_task manual__2025-05-28T08:23:32.023314+00:00 map_index=8 [queued]>
[2025-05-28T08:23:43.089+0000] {taskinstance.py:2867} INFO - Starting attempt 1 of 1
[2025-05-28T08:23:43.177+0000] {taskinstance.py:2890} INFO - Executing <Task(_PythonDecoratedOperator): preprocess_group.img_preprocess_task> on 2025-05-28 08:23:32.023314+00:00
[2025-05-28T08:23:43.278+0000] {standard_task_runner.py:104} INFO - Running: ['***', 'tasks', 'run', 'image_processing_per_file_v2', 'preprocess_group.img_preprocess_task', 'manual__2025-05-28T08:23:32.023314+00:00', '--job-id', '233', '--raw', '--subdir', 'DAGS_FOLDER/test_dag.py', '--cfg-path', '/tmp/tmp7i4hrmsw', '--map-index', '8']
[2025-05-28T08:23:43.289+0000] {standard_task_runner.py:105} INFO - Job 233: Subtask preprocess_group.img_preprocess_task
[2025-05-28T08:23:43.403+0000] {logging_mixin.py:190} WARNING - /home/***/.local/lib/python3.12/site-packages/***/task/task_runner/standard_task_runner.py:70 DeprecationWarning: This process (pid=78152) is multi-threaded, use of fork() may lead to deadlocks in the child.
[2025-05-28T08:23:43.411+0000] {standard_task_runner.py:72} INFO - Started process 78291 to run task
[2025-05-28T08:23:43.748+0000] {task_command.py:467} INFO - Running <TaskInstance: image_processing_per_file_v2.preprocess_group.img_preprocess_task manual__2025-05-28T08:23:32.023314+00:00 map_index=8 [running]> on host 293edbf976f9
[2025-05-28T08:23:44.190+0000] {taskinstance.py:3134} INFO - Exporting env vars: AIRFLOW_CTX_DAG_OWNER='***' AIRFLOW_CTX_DAG_ID='image_processing_per_file_v2' AIRFLOW_CTX_TASK_ID='preprocess_group.img_preprocess_task' AIRFLOW_CTX_EXECUTION_DATE='2025-05-28T08:23:32.023314+00:00' AIRFLOW_CTX_TRY_NUMBER='1' AIRFLOW_CTX_DAG_RUN_ID='manual__2025-05-28T08:23:32.023314+00:00'
[2025-05-28T08:23:44.208+0000] {logging_mixin.py:190} INFO - Task instance is in running state
[2025-05-28T08:23:44.212+0000] {logging_mixin.py:190} INFO -  Previous state of the Task instance: queued
[2025-05-28T08:23:44.241+0000] {logging_mixin.py:190} INFO - Current task name:preprocess_group.img_preprocess_task state:running start_date:2025-05-28 08:23:43.025857+00:00
[2025-05-28T08:23:44.242+0000] {logging_mixin.py:190} INFO - Dag name:image_processing_per_file_v2 and current dag run status:running
[2025-05-28T08:23:44.249+0000] {taskinstance.py:732} INFO - ::endgroup::
[2025-05-28T08:23:44.356+0000] {python.py:240} INFO - Done. Returned value was: /opt/***/data/temp/dfe2556d-c17c-46a3-b392-5e1ffeb3fcad.png
[2025-05-28T08:23:44.521+0000] {taskinstance.py:341} INFO - ::group::Post task execution logs
[2025-05-28T08:23:44.526+0000] {taskinstance.py:353} INFO - Marking task as SUCCESS. dag_id=image_processing_per_file_v2, task_id=preprocess_group.img_preprocess_task, run_id=manual__2025-05-28T08:23:32.023314+00:00, map_index=8, execution_date=20250528T082332, start_date=20250528T082343, end_date=20250528T082344
[2025-05-28T08:23:44.639+0000] {logging_mixin.py:190} INFO - Task instance in success state
[2025-05-28T08:23:44.646+0000] {logging_mixin.py:190} INFO -  Previous state of the Task instance: running
[2025-05-28T08:23:44.658+0000] {logging_mixin.py:190} INFO - Dag name:image_processing_per_file_v2 queued_at:2025-05-28 08:23:32.107669+00:00
[2025-05-28T08:23:44.661+0000] {logging_mixin.py:190} INFO - Task hostname:293edbf976f9 operator:_PythonDecoratedOperator
[2025-05-28T08:23:44.839+0000] {local_task_job_runner.py:266} INFO - Task exited with return code 0
[2025-05-28T08:23:44.884+0000] {local_task_job_runner.py:245} INFO - ::endgroup::
