[2025-06-25T18:44:02.725+0900] {local_task_job_runner.py:123} INFO - ::group::Pre task execution logs
[2025-06-25T18:44:02.768+0900] {taskinstance.py:2614} INFO - Dependencies all met for dep_context=non-requeueable deps ti=<TaskInstance: lilt_document_classifier_balanced_V0.1.img_preprocess_task__1 manual__2025-06-25T09:28:52.715795+00:00 map_index=91 [queued]>
[2025-06-25T18:44:02.875+0900] {taskinstance.py:2614} INFO - Dependencies all met for dep_context=requeueable deps ti=<TaskInstance: lilt_document_classifier_balanced_V0.1.img_preprocess_task__1 manual__2025-06-25T09:28:52.715795+00:00 map_index=91 [queued]>
[2025-06-25T18:44:02.876+0900] {taskinstance.py:2867} INFO - Starting attempt 1 of 1
[2025-06-25T18:44:03.042+0900] {taskinstance.py:2890} INFO - Executing <Mapped(_PythonDecoratedOperator): img_preprocess_task__1> on 2025-06-25 09:28:52.715795+00:00
[2025-06-25T18:44:03.098+0900] {warnings.py:112} WARNING - /home/***/.local/lib/python3.12/site-packages/***/task/task_runner/standard_task_runner.py:70: DeprecationWarning: This process (pid=4413) is multi-threaded, use of fork() may lead to deadlocks in the child.
  pid = os.fork()

[2025-06-25T18:44:03.106+0900] {standard_task_runner.py:72} INFO - Started process 4558 to run task
[2025-06-25T18:44:03.100+0900] {standard_task_runner.py:104} INFO - Running: ['***', 'tasks', 'run', 'lilt_document_classifier_balanced_V0.1', 'img_preprocess_task__1', 'manual__2025-06-25T09:28:52.715795+00:00', '--job-id', '5517', '--raw', '--subdir', 'DAGS_FOLDER/class_create_dag.py', '--cfg-path', '/tmp/tmphor5vtg_', '--map-index', '91']
[2025-06-25T18:44:03.112+0900] {standard_task_runner.py:105} INFO - Job 5517: Subtask img_preprocess_task__1
[2025-06-25T18:44:03.257+0900] {task_command.py:467} INFO - Running <TaskInstance: lilt_document_classifier_balanced_V0.1.img_preprocess_task__1 manual__2025-06-25T09:28:52.715795+00:00 map_index=91 [running]> on host f6d4228a9eb8
[2025-06-25T18:44:03.400+0900] {taskinstance.py:3134} INFO - Exporting env vars: AIRFLOW_CTX_DAG_OWNER='***' AIRFLOW_CTX_DAG_ID='lilt_document_classifier_balanced_V0.1' AIRFLOW_CTX_TASK_ID='img_preprocess_task__1' AIRFLOW_CTX_EXECUTION_DATE='2025-06-25T09:28:52.715795+00:00' AIRFLOW_CTX_TRY_NUMBER='1' AIRFLOW_CTX_DAG_RUN_ID='manual__2025-06-25T09:28:52.715795+00:00'
[2025-06-25T18:44:03.403+0900] {taskinstance.py:732} INFO - ::endgroup::
[2025-06-25T18:44:03.408+0900] {logging_mixin.py:190} INFO - empty map check {} {}
[2025-06-25T18:44:03.414+0900] {logging_mixin.py:190} INFO - step : cache
[2025-06-25T18:44:03.419+0900] {logging_mixin.py:190} INFO - step : calc_angle_set2
[2025-06-25T18:44:04.362+0900] {logging_mixin.py:190} INFO - osd 1 0.0 0.0 5 29186 [0, 0, 0, 96, 866, 29186, 36, 0, 0, 0, 0]
[2025-06-25T18:44:05.695+0900] {logging_mixin.py:190} INFO - osd 2 0.0 0.0 5 29186 [0, 0, 0, 96, 866, 29186, 36, 0, 0, 0, 0]
[2025-06-25T18:44:05.743+0900] {logging_mixin.py:190} INFO - step : calc_angle_set2
[2025-06-25T18:44:07.147+0900] {logging_mixin.py:190} INFO - osd 1 0.0 0.0 8 29186 [866, 1219, 3018, 5975, 9005, 12270, 13765, 18963, 29186, 17031, 10343, 7162, 5003, 3067, 1145, 87, 36]
[2025-06-25T18:44:08.988+0900] {logging_mixin.py:190} INFO - osd 2 0.0 0.0 8 29186 [866, 1219, 3018, 5975, 9005, 12270, 13765, 18963, 29186, 17031, 10343, 7162, 5003, 3067, 1145, 87, 36]
[2025-06-25T18:44:09.035+0900] {logging_mixin.py:190} INFO - step : calc_angle_set2
[2025-06-25T18:44:10.181+0900] {logging_mixin.py:190} INFO - osd 1 0.0 0.0 8 29186 [18963, 19772, 20556, 21775, 22937, 24179, 25890, 26313, 29186, 26946, 25400, 23659, 21999, 20602, 19610, 18163, 17031]
[2025-06-25T18:44:11.113+0900] {logging_mixin.py:190} INFO - osd 2 0.0 0.0 8 29186 [18963, 19772, 20556, 21775, 22937, 24179, 25890, 26313, 29186, 26946, 25400, 23659, 21999, 20602, 19610, 18163, 17031]
[2025-06-25T18:44:11.213+0900] {logging_mixin.py:190} INFO - step : text_orientation_set
[2025-06-25T18:44:16.234+0900] {logging_mixin.py:190} INFO - osd 1 break  0 0 0.14 Arabic 2.97
[2025-06-25T18:44:16.299+0900] {logging_mixin.py:190} INFO - file_copy: /opt/***/data/temp/d2b9e7d2-634d-4c99-b705-cbdf799bc4db/7aea01c8-37fa-420f-8b81-dcceaf39699f/_result.png
[2025-06-25T18:44:16.309+0900] {python.py:240} INFO - Done. Returned value was: {'file_id': 'd2b9e7d2-634d-4c99-b705-cbdf799bc4db', 'file_path': '/opt/***/data/class/a_class/classify/ready/false/copied_49_501485607+-5608.png', 'false': {'process_id': '_7aea01c8-37fa-420f-8b81-dcceaf39699f_pre', 'folder_path': 'd2b9e7d2-634d-4c99-b705-cbdf799bc4db/7aea01c8-37fa-420f-8b81-dcceaf39699f', 'step_list': [{'name': 'cache', 'param': {'cache_key': 'origin'}}, {'name': 'calc_angle_set2', 'param': {'angle_key': 'angle2_1', 'delta': 8.0, 'limit': 40, 'iterations': 2, 'iter_save': False}}, {'name': 'calc_angle_set2', 'param': {'angle_key': 'angle2_2', 'delta': 1.0, 'limit': 8, 'iterations': 2, 'iter_save': False}}, {'name': 'calc_angle_set2', 'param': {'angle_key': 'angle2_3', 'delta': 0.125, 'limit': 1, 'iterations': 2, 'iter_save': False}}, {'name': 'text_orientation_set', 'param': {'angle_key': 'orint', 'iterations': 3, 'iter_save': False}}], 'result_file_map': {'_result': '/opt/***/data/temp/d2b9e7d2-634d-4c99-b705-cbdf799bc4db/7aea01c8-37fa-420f-8b81-dcceaf39699f/_result.png'}}}
[2025-06-25T18:44:16.375+0900] {taskinstance.py:341} INFO - ::group::Post task execution logs
[2025-06-25T18:44:16.379+0900] {taskinstance.py:353} INFO - Marking task as SUCCESS. dag_id=lilt_document_classifier_balanced_V0.1, task_id=img_preprocess_task__1, run_id=manual__2025-06-25T09:28:52.715795+00:00, map_index=91, execution_date=20250625T092852, start_date=20250625T094402, end_date=20250625T094416
[2025-06-25T18:44:16.515+0900] {local_task_job_runner.py:266} INFO - Task exited with return code 0
[2025-06-25T18:44:16.637+0900] {taskinstance.py:3901} INFO - 0 downstream tasks scheduled from follow-on schedule check
[2025-06-25T18:44:16.687+0900] {local_task_job_runner.py:245} INFO - ::endgroup::
