[2025-06-18T13:48:44.184+0900] {local_task_job_runner.py:123} INFO - ::group::Pre task execution logs
[2025-06-18T13:48:44.255+0900] {taskinstance.py:2614} INFO - Dependencies all met for dep_context=non-requeueable deps ti=<TaskInstance: lilt_document_classifier_balanced_V0.1.img_preprocess_task__1 manual__2025-06-18T04:46:36.476365+00:00 map_index=29 [queued]>
[2025-06-18T13:48:44.288+0900] {taskinstance.py:2614} INFO - Dependencies all met for dep_context=requeueable deps ti=<TaskInstance: lilt_document_classifier_balanced_V0.1.img_preprocess_task__1 manual__2025-06-18T04:46:36.476365+00:00 map_index=29 [queued]>
[2025-06-18T13:48:44.289+0900] {taskinstance.py:2867} INFO - Starting attempt 1 of 1
[2025-06-18T13:48:44.316+0900] {taskinstance.py:2890} INFO - Executing <Mapped(_PythonDecoratedOperator): img_preprocess_task__1> on 2025-06-18 04:46:36.476365+00:00
[2025-06-18T13:48:44.336+0900] {warnings.py:112} WARNING - /home/***/.local/lib/python3.12/site-packages/***/task/task_runner/standard_task_runner.py:70: DeprecationWarning: This process (pid=27537) is multi-threaded, use of fork() may lead to deadlocks in the child.
  pid = os.fork()

[2025-06-18T13:48:44.342+0900] {standard_task_runner.py:104} INFO - Running: ['***', 'tasks', 'run', 'lilt_document_classifier_balanced_V0.1', 'img_preprocess_task__1', 'manual__2025-06-18T04:46:36.476365+00:00', '--job-id', '1079', '--raw', '--subdir', 'DAGS_FOLDER/class_create_dag.py', '--cfg-path', '/tmp/tmpt677eb6o', '--map-index', '29']
[2025-06-18T13:48:44.365+0900] {standard_task_runner.py:105} INFO - Job 1079: Subtask img_preprocess_task__1
[2025-06-18T13:48:44.346+0900] {standard_task_runner.py:72} INFO - Started process 27637 to run task
[2025-06-18T13:48:44.463+0900] {task_command.py:467} INFO - Running <TaskInstance: lilt_document_classifier_balanced_V0.1.img_preprocess_task__1 manual__2025-06-18T04:46:36.476365+00:00 map_index=29 [running]> on host f6d4228a9eb8
[2025-06-18T13:48:44.629+0900] {taskinstance.py:3134} INFO - Exporting env vars: AIRFLOW_CTX_DAG_OWNER='***' AIRFLOW_CTX_DAG_ID='lilt_document_classifier_balanced_V0.1' AIRFLOW_CTX_TASK_ID='img_preprocess_task__1' AIRFLOW_CTX_EXECUTION_DATE='2025-06-18T04:46:36.476365+00:00' AIRFLOW_CTX_TRY_NUMBER='1' AIRFLOW_CTX_DAG_RUN_ID='manual__2025-06-18T04:46:36.476365+00:00'
[2025-06-18T13:48:44.633+0900] {taskinstance.py:732} INFO - ::endgroup::
[2025-06-18T13:48:44.640+0900] {logging_mixin.py:190} INFO - empty map check {} {'process_id': '_aea47d75-8801-44f5-92eb-f19923b7015f_pre', 'folder_path': 'dd610f73-ef67-43d5-b3f5-ef5bf2816634/aea47d75-8801-44f5-92eb-f19923b7015f', 'step_list': [{'name': 'cache', 'param': {'key': 'origin'}}, {'name': 'calc_angle_set1', 'param': {'key': 'angle1', 'iterations': 4, 'iter_save': False}}, {'name': 'text_orientation_set', 'param': {'key': 'angle2', 'iterations': 4, 'iter_save': False}}, {'name': 'load', 'param': {'key': 'origin'}}, {'name': 'rotate', 'param': {'key': 'angle1'}}, {'name': 'rotate', 'param': {'key': 'angle2'}}, {'name': 'save', 'param': {'key': 'classify_preprocess'}}], 'result_file_list': []}
[2025-06-18T13:48:44.641+0900] {logging_mixin.py:190} INFO - step : cache
[2025-06-18T13:48:44.645+0900] {logging_mixin.py:190} INFO - step : calc_angle_set1
[2025-06-18T13:48:44.685+0900] {logging_mixin.py:190} INFO - step : text_orientation_set
[2025-06-18T13:48:51.933+0900] {logging_mixin.py:190} INFO - osd 1 180 180 1.74 Cyrillic 1.9
[2025-06-18T13:48:55.759+0900] {logging_mixin.py:190} INFO - osd 2 break  180 0 1.46 Cyrillic 0.37
[2025-06-18T13:48:55.759+0900] {logging_mixin.py:190} INFO - step : load
[2025-06-18T13:48:55.760+0900] {logging_mixin.py:190} INFO - step : rotate
[2025-06-18T13:48:55.769+0900] {logging_mixin.py:190} INFO - step : rotate
[2025-06-18T13:48:55.798+0900] {logging_mixin.py:190} INFO - step : save
[2025-06-18T13:48:55.838+0900] {logging_mixin.py:190} INFO - file_copy: /opt/***/data/temp/dd610f73-ef67-43d5-b3f5-ef5bf2816634/aea47d75-8801-44f5-92eb-f19923b7015f/classify_preprocess.png
[2025-06-18T13:48:55.852+0900] {python.py:240} INFO - Done. Returned value was: {'file_id': 'dd610f73-ef67-43d5-b3f5-ef5bf2816634', 'file_path': '/opt/***/data/class/a_class/classify/ready/false/copied_67_2049428882.png', 'false': {'process_id': '_aea47d75-8801-44f5-92eb-f19923b7015f_pre', 'folder_path': 'dd610f73-ef67-43d5-b3f5-ef5bf2816634/aea47d75-8801-44f5-92eb-f19923b7015f', 'step_list': [{'name': 'cache', 'param': {'key': 'origin'}}, {'name': 'calc_angle_set1', 'param': {'key': 'angle1', 'iterations': 4, 'iter_save': False}}, {'name': 'text_orientation_set', 'param': {'key': 'angle2', 'iterations': 4, 'iter_save': False}}, {'name': 'load', 'param': {'key': 'origin'}}, {'name': 'rotate', 'param': {'key': 'angle1'}}, {'name': 'rotate', 'param': {'key': 'angle2'}}, {'name': 'save', 'param': {'key': 'classify_preprocess'}}], 'result_file_list': [{'key': 'classify_preprocess', 'path': '/opt/***/data/temp/dd610f73-ef67-43d5-b3f5-ef5bf2816634/aea47d75-8801-44f5-92eb-f19923b7015f/classify_preprocess.png'}]}}
[2025-06-18T13:48:55.910+0900] {taskinstance.py:341} INFO - ::group::Post task execution logs
[2025-06-18T13:48:55.913+0900] {taskinstance.py:353} INFO - Marking task as SUCCESS. dag_id=lilt_document_classifier_balanced_V0.1, task_id=img_preprocess_task__1, run_id=manual__2025-06-18T04:46:36.476365+00:00, map_index=29, execution_date=20250618T044636, start_date=20250618T044844, end_date=20250618T044855
[2025-06-18T13:48:56.025+0900] {local_task_job_runner.py:266} INFO - Task exited with return code 0
[2025-06-18T13:48:56.084+0900] {taskinstance.py:3901} INFO - 0 downstream tasks scheduled from follow-on schedule check
[2025-06-18T13:48:56.088+0900] {local_task_job_runner.py:245} INFO - ::endgroup::
