[2025-06-24T11:55:40.085+0900] {local_task_job_runner.py:123} INFO - ::group::Pre task execution logs
[2025-06-24T11:55:40.386+0900] {taskinstance.py:2614} INFO - Dependencies all met for dep_context=non-requeueable deps ti=<TaskInstance: lilt_document_classifier_balanced_V0.1.img_preprocess_task manual__2025-06-24T02:31:44.485922+00:00 map_index=89 [queued]>
[2025-06-24T11:55:40.488+0900] {taskinstance.py:2614} INFO - Dependencies all met for dep_context=requeueable deps ti=<TaskInstance: lilt_document_classifier_balanced_V0.1.img_preprocess_task manual__2025-06-24T02:31:44.485922+00:00 map_index=89 [queued]>
[2025-06-24T11:55:40.497+0900] {taskinstance.py:2867} INFO - Starting attempt 1 of 1
[2025-06-24T11:55:40.585+0900] {taskinstance.py:2890} INFO - Executing <Mapped(_PythonDecoratedOperator): img_preprocess_task> on 2025-06-24 02:31:44.485922+00:00
[2025-06-24T11:55:40.619+0900] {warnings.py:112} WARNING - /home/***/.local/lib/python3.12/site-packages/***/task/task_runner/standard_task_runner.py:70: DeprecationWarning: This process (pid=37091) is multi-threaded, use of fork() may lead to deadlocks in the child.
  pid = os.fork()

[2025-06-24T11:55:40.622+0900] {standard_task_runner.py:72} INFO - Started process 37121 to run task
[2025-06-24T11:55:40.618+0900] {standard_task_runner.py:104} INFO - Running: ['***', 'tasks', 'run', 'lilt_document_classifier_balanced_V0.1', 'img_preprocess_task', 'manual__2025-06-24T02:31:44.485922+00:00', '--job-id', '3915', '--raw', '--subdir', 'DAGS_FOLDER/class_create_dag.py', '--cfg-path', '/tmp/tmpvqf8dmfs', '--map-index', '89']
[2025-06-24T11:55:40.627+0900] {standard_task_runner.py:105} INFO - Job 3915: Subtask img_preprocess_task
[2025-06-24T11:55:40.906+0900] {task_command.py:467} INFO - Running <TaskInstance: lilt_document_classifier_balanced_V0.1.img_preprocess_task manual__2025-06-24T02:31:44.485922+00:00 map_index=89 [running]> on host f6d4228a9eb8
[2025-06-24T11:55:42.045+0900] {taskinstance.py:3134} INFO - Exporting env vars: AIRFLOW_CTX_DAG_OWNER='***' AIRFLOW_CTX_DAG_ID='lilt_document_classifier_balanced_V0.1' AIRFLOW_CTX_TASK_ID='img_preprocess_task' AIRFLOW_CTX_EXECUTION_DATE='2025-06-24T02:31:44.485922+00:00' AIRFLOW_CTX_TRY_NUMBER='1' AIRFLOW_CTX_DAG_RUN_ID='manual__2025-06-24T02:31:44.485922+00:00'
[2025-06-24T11:55:42.060+0900] {taskinstance.py:732} INFO - ::endgroup::
[2025-06-24T11:55:42.073+0900] {logging_mixin.py:190} INFO - empty map check {} {'process_id': '_23d6e588-0fdd-49f8-9fc2-285f0c14536e_pre', 'folder_path': '048f61cc-b7f2-4dff-af20-01f29ad15e0f/23d6e588-0fdd-49f8-9fc2-285f0c14536e', 'step_list': [{'name': 'cache', 'param': {'key': 'origin'}}, {'name': 'calc_angle_set2', 'param': {'key': 'angle1', 'iterations': 4, 'iter_save': True}}, {'name': 'save', 'param': {'key': 'ag1'}}, {'name': 'text_orientation_set', 'param': {'key': 'angle2', 'iterations': 4, 'iter_save': True}}, {'name': 'save', 'param': {'key': 'ag2'}}, {'name': 'load', 'param': {'key': 'origin'}}, {'name': 'rotate', 'param': {'key': 'angle1'}}, {'name': 'rotate', 'param': {'key': 'angle2'}}], 'result_file_map': {}}
[2025-06-24T11:55:42.083+0900] {logging_mixin.py:190} INFO - step : cache
[2025-06-24T11:55:42.085+0900] {logging_mixin.py:190} INFO - step : calc_angle_set2
[2025-06-24T11:56:14.651+0900] {logging_mixin.py:190} INFO - osd 1 -5.0 -5.0 0 847781 [847781, 807303, 765449, 722677, 681340, 639631, 598905, 558888, 520491, 479917, 444183, 409045, 375333, 344285, 317555, 288318, 259384, 230389, 201521, 173233, 146602, 173248, 201979, 230448, 259442, 288374, 317729, 344403, 375834, 409678, 444410, 480344, 520803, 559376, 599140, 639389, 681594, 722685, 765264, 807269, 847688]
[2025-06-24T11:56:54.915+0900] {logging_mixin.py:190} INFO - osd 2 0.0 5.0 40 2187659 [1843380, 1788245, 1737513, 1684818, 1628624, 1577729, 1526440, 1472978, 1422289, 1366042, 1316023, 1263896, 1212179, 1163179, 1108902, 1058438, 1005084, 955576, 909888, 858129, 810041, 868776, 931987, 990404, 1052681, 1119754, 1184624, 1256294, 1323107, 1395464, 1469290, 1540026, 1618284, 1689350, 1764271, 1835524, 1906549, 1980838, 2051875, 2118873, 2187659]
[2025-06-24T11:57:32.447+0900] {logging_mixin.py:190} INFO - osd 3 -5.0 -5.0 0 3506944 [3506944, 3438994, 3374033, 3304884, 3240657, 3172158, 3107901, 3036487, 2969659, 2901429, 2836227, 2767858, 2697693, 2630379, 2560523, 2493250, 2422258, 2352600, 2282385, 2212311, 2144690, 2210054, 2277829, 2345170, 2413277, 2482243, 2546498, 2615188, 2680750, 2750492, 2815620, 2881726, 2948341, 3013638, 3084776, 3147717, 3214191, 3277443, 3344927, 3408968, 3479744]
[2025-06-24T11:58:01.478+0900] {logging_mixin.py:190} INFO - osd 4 0.0 5.0 40 5524643 [5155836, 5062507, 4970955, 4879809, 4790210, 4702283, 4609172, 4519201, 4434905, 4346572, 4265214, 4174066, 4094389, 4005861, 3922483, 3840972, 3761243, 3677964, 3595700, 3513869, 3440957, 3539043, 3646034, 3753509, 3862488, 3966434, 4071807, 4176327, 4286831, 4386955, 4499542, 4598754, 4705179, 4807001, 4913420, 5017978, 5120095, 5220938, 5322848, 5424371, 5524643]
[2025-06-24T11:58:01.656+0900] {logging_mixin.py:190} INFO - step : save
[2025-06-24T11:58:02.067+0900] {logging_mixin.py:190} INFO - file_copy: /opt/***/data/temp/048f61cc-b7f2-4dff-af20-01f29ad15e0f/23d6e588-0fdd-49f8-9fc2-285f0c14536e/ag1.png
[2025-06-24T11:58:02.100+0900] {logging_mixin.py:190} INFO - step : text_orientation_set
[2025-06-24T11:58:09.171+0900] {logging_mixin.py:190} INFO - file_copy: /opt/***/data/temp/048f61cc-b7f2-4dff-af20-01f29ad15e0f/23d6e588-0fdd-49f8-9fc2-285f0c14536e/rotate2_1.png
[2025-06-24T11:58:11.673+0900] {logging_mixin.py:190} INFO - osd 1 break  0 0 11.84 Japanese 0.46
[2025-06-24T11:58:11.677+0900] {logging_mixin.py:190} INFO - step : save
[2025-06-24T11:58:12.048+0900] {logging_mixin.py:190} INFO - file_copy: /opt/***/data/temp/048f61cc-b7f2-4dff-af20-01f29ad15e0f/23d6e588-0fdd-49f8-9fc2-285f0c14536e/ag2.png
[2025-06-24T11:58:12.069+0900] {logging_mixin.py:190} INFO - step : load
[2025-06-24T11:58:12.071+0900] {logging_mixin.py:190} INFO - step : rotate
[2025-06-24T11:58:12.135+0900] {logging_mixin.py:190} INFO - step : rotate
[2025-06-24T11:58:12.276+0900] {logging_mixin.py:190} INFO - file_copy: /opt/***/data/temp/048f61cc-b7f2-4dff-af20-01f29ad15e0f/23d6e588-0fdd-49f8-9fc2-285f0c14536e/_result.png
[2025-06-24T11:58:12.298+0900] {python.py:240} INFO - Done. Returned value was: {'file_id': '048f61cc-b7f2-4dff-af20-01f29ad15e0f', 'file_path': '/opt/***/data/class/a_class/classify/ready/true/남양주시 정덕빌딩 - 정부24 - 건축물대장 등본(초본) 발급(열람) _ 문서출력_page_1_aug0.png', 'true': {'process_id': '_23d6e588-0fdd-49f8-9fc2-285f0c14536e_pre', 'folder_path': '048f61cc-b7f2-4dff-af20-01f29ad15e0f/23d6e588-0fdd-49f8-9fc2-285f0c14536e', 'step_list': [{'name': 'cache', 'param': {'key': 'origin'}}, {'name': 'calc_angle_set2', 'param': {'key': 'angle1', 'iterations': 4, 'iter_save': True}}, {'name': 'save', 'param': {'key': 'ag1'}}, {'name': 'text_orientation_set', 'param': {'key': 'angle2', 'iterations': 4, 'iter_save': True}}, {'name': 'save', 'param': {'key': 'ag2'}}, {'name': 'load', 'param': {'key': 'origin'}}, {'name': 'rotate', 'param': {'key': 'angle1'}}, {'name': 'rotate', 'param': {'key': 'angle2'}}], 'result_file_map': {'ag1': '/opt/***/data/temp/048f61cc-b7f2-4dff-af20-01f29ad15e0f/23d6e588-0fdd-49f8-9fc2-285f0c14536e/ag1.png', 'rotate2_1': '/opt/***/data/temp/048f61cc-b7f2-4dff-af20-01f29ad15e0f/23d6e588-0fdd-49f8-9fc2-285f0c14536e/rotate2_1.png', 'ag2': '/opt/***/data/temp/048f61cc-b7f2-4dff-af20-01f29ad15e0f/23d6e588-0fdd-49f8-9fc2-285f0c14536e/ag2.png', '_result': '/opt/***/data/temp/048f61cc-b7f2-4dff-af20-01f29ad15e0f/23d6e588-0fdd-49f8-9fc2-285f0c14536e/_result.png'}}}
[2025-06-24T11:58:12.337+0900] {taskinstance.py:341} INFO - ::group::Post task execution logs
[2025-06-24T11:58:12.338+0900] {taskinstance.py:353} INFO - Marking task as SUCCESS. dag_id=lilt_document_classifier_balanced_V0.1, task_id=img_preprocess_task, run_id=manual__2025-06-24T02:31:44.485922+00:00, map_index=89, execution_date=20250624T023144, start_date=20250624T025540, end_date=20250624T025812
[2025-06-24T11:58:12.383+0900] {local_task_job_runner.py:266} INFO - Task exited with return code 0
[2025-06-24T11:58:12.429+0900] {taskinstance.py:3901} INFO - 0 downstream tasks scheduled from follow-on schedule check
[2025-06-24T11:58:12.438+0900] {local_task_job_runner.py:245} INFO - ::endgroup::
