[2025-06-16T19:06:29.021+0900] {local_task_job_runner.py:123} INFO - ::group::Pre task execution logs
[2025-06-16T19:06:29.115+0900] {taskinstance.py:2614} INFO - Dependencies all met for dep_context=non-requeueable deps ti=<TaskInstance: image_ocr_v2.copy_results_folder_task manual__2025-06-16T10:06:01.930957+00:00 [queued]>
[2025-06-16T19:06:29.156+0900] {taskinstance.py:2614} INFO - Dependencies all met for dep_context=requeueable deps ti=<TaskInstance: image_ocr_v2.copy_results_folder_task manual__2025-06-16T10:06:01.930957+00:00 [queued]>
[2025-06-16T19:06:29.157+0900] {taskinstance.py:2867} INFO - Starting attempt 1 of 1
[2025-06-16T19:06:29.208+0900] {taskinstance.py:2890} INFO - Executing <Task(_PythonDecoratedOperator): copy_results_folder_task> on 2025-06-16 10:06:01.930957+00:00
[2025-06-16T19:06:29.230+0900] {warnings.py:112} WARNING - /home/***/.local/lib/python3.12/site-packages/***/task/task_runner/standard_task_runner.py:70: DeprecationWarning: This process (pid=13723) is multi-threaded, use of fork() may lead to deadlocks in the child.
  pid = os.fork()

[2025-06-16T19:06:29.236+0900] {standard_task_runner.py:72} INFO - Started process 13725 to run task
[2025-06-16T19:06:29.238+0900] {standard_task_runner.py:104} INFO - Running: ['***', 'tasks', 'run', 'image_ocr_v2', 'copy_results_folder_task', 'manual__2025-06-16T10:06:01.930957+00:00', '--job-id', '736', '--raw', '--subdir', 'DAGS_FOLDER/test_dag.py', '--cfg-path', '/tmp/tmp3f22r8k7']
[2025-06-16T19:06:29.248+0900] {standard_task_runner.py:105} INFO - Job 736: Subtask copy_results_folder_task
[2025-06-16T19:06:29.421+0900] {task_command.py:467} INFO - Running <TaskInstance: image_ocr_v2.copy_results_folder_task manual__2025-06-16T10:06:01.930957+00:00 [running]> on host f6d4228a9eb8
[2025-06-16T19:06:29.626+0900] {taskinstance.py:3134} INFO - Exporting env vars: AIRFLOW_CTX_DAG_OWNER='***' AIRFLOW_CTX_DAG_ID='image_ocr_v2' AIRFLOW_CTX_TASK_ID='copy_results_folder_task' AIRFLOW_CTX_EXECUTION_DATE='2025-06-16T10:06:01.930957+00:00' AIRFLOW_CTX_TRY_NUMBER='1' AIRFLOW_CTX_DAG_RUN_ID='manual__2025-06-16T10:06:01.930957+00:00'
[2025-06-16T19:06:29.627+0900] {taskinstance.py:732} INFO - ::endgroup::
[2025-06-16T19:06:29.630+0900] {logging_mixin.py:190} INFO - 5
[2025-06-16T19:06:29.636+0900] {logging_mixin.py:190} INFO - 6
[2025-06-16T19:06:29.639+0900] {logging_mixin.py:190} INFO - 복사 완료: /opt/***/data/temp/28bf822a-8ae6-4a3e-9897-69b9941e80c5/0d0ee2b6-491f-45cc-be7e-32fbc1627259/rotate30_1.png → /opt/***/data/result/manual__2025-06-16T10:06:01.930957+00:00/_0d0ee2b6-491f-45cc-be7e-32fbc1627259_pre_rotate30_1.png
[2025-06-16T19:06:29.641+0900] {logging_mixin.py:190} INFO - 복사 완료: /opt/***/data/temp/28bf822a-8ae6-4a3e-9897-69b9941e80c5/0d0ee2b6-491f-45cc-be7e-32fbc1627259/rotate31_1.png → /opt/***/data/result/manual__2025-06-16T10:06:01.930957+00:00/_0d0ee2b6-491f-45cc-be7e-32fbc1627259_pre_rotate31_1.png
[2025-06-16T19:06:29.643+0900] {logging_mixin.py:190} INFO - 복사 완료: /opt/***/data/temp/28bf822a-8ae6-4a3e-9897-69b9941e80c5/0d0ee2b6-491f-45cc-be7e-32fbc1627259/rotate30_2.png → /opt/***/data/result/manual__2025-06-16T10:06:01.930957+00:00/_0d0ee2b6-491f-45cc-be7e-32fbc1627259_pre_rotate30_2.png
[2025-06-16T19:06:29.644+0900] {logging_mixin.py:190} INFO - 복사 완료: /opt/***/data/temp/28bf822a-8ae6-4a3e-9897-69b9941e80c5/0d0ee2b6-491f-45cc-be7e-32fbc1627259/rotate31_2.png → /opt/***/data/result/manual__2025-06-16T10:06:01.930957+00:00/_0d0ee2b6-491f-45cc-be7e-32fbc1627259_pre_rotate31_2.png
[2025-06-16T19:06:29.646+0900] {logging_mixin.py:190} INFO - 복사 완료: /opt/***/data/temp/28bf822a-8ae6-4a3e-9897-69b9941e80c5/0d0ee2b6-491f-45cc-be7e-32fbc1627259/rotate2_1.png → /opt/***/data/result/manual__2025-06-16T10:06:01.930957+00:00/_0d0ee2b6-491f-45cc-be7e-32fbc1627259_pre_rotate2_1.png
[2025-06-16T19:06:29.648+0900] {logging_mixin.py:190} INFO - 복사 완료: /opt/***/data/temp/28bf822a-8ae6-4a3e-9897-69b9941e80c5/0d0ee2b6-491f-45cc-be7e-32fbc1627259/classify_preprocess.png → /opt/***/data/result/manual__2025-06-16T10:06:01.930957+00:00/_0d0ee2b6-491f-45cc-be7e-32fbc1627259_pre_classify_preprocess.png
[2025-06-16T19:06:29.648+0900] {logging_mixin.py:190} INFO - 6
[2025-06-16T19:06:29.650+0900] {logging_mixin.py:190} INFO - 복사 완료: /opt/***/data/temp/dacb5a12-2316-41c3-b908-9ef4ee7c3e1a/9e4d56a6-7bda-454c-a97f-7d036f402501/rotate30_1.png → /opt/***/data/result/manual__2025-06-16T10:06:01.930957+00:00/_9e4d56a6-7bda-454c-a97f-7d036f402501_pre_rotate30_1.png
[2025-06-16T19:06:29.651+0900] {logging_mixin.py:190} INFO - 복사 완료: /opt/***/data/temp/dacb5a12-2316-41c3-b908-9ef4ee7c3e1a/9e4d56a6-7bda-454c-a97f-7d036f402501/rotate31_1.png → /opt/***/data/result/manual__2025-06-16T10:06:01.930957+00:00/_9e4d56a6-7bda-454c-a97f-7d036f402501_pre_rotate31_1.png
[2025-06-16T19:06:29.653+0900] {logging_mixin.py:190} INFO - 복사 완료: /opt/***/data/temp/dacb5a12-2316-41c3-b908-9ef4ee7c3e1a/9e4d56a6-7bda-454c-a97f-7d036f402501/rotate30_2.png → /opt/***/data/result/manual__2025-06-16T10:06:01.930957+00:00/_9e4d56a6-7bda-454c-a97f-7d036f402501_pre_rotate30_2.png
[2025-06-16T19:06:29.654+0900] {logging_mixin.py:190} INFO - 복사 완료: /opt/***/data/temp/dacb5a12-2316-41c3-b908-9ef4ee7c3e1a/9e4d56a6-7bda-454c-a97f-7d036f402501/rotate31_2.png → /opt/***/data/result/manual__2025-06-16T10:06:01.930957+00:00/_9e4d56a6-7bda-454c-a97f-7d036f402501_pre_rotate31_2.png
[2025-06-16T19:06:29.656+0900] {logging_mixin.py:190} INFO - 복사 완료: /opt/***/data/temp/dacb5a12-2316-41c3-b908-9ef4ee7c3e1a/9e4d56a6-7bda-454c-a97f-7d036f402501/rotate2_1.png → /opt/***/data/result/manual__2025-06-16T10:06:01.930957+00:00/_9e4d56a6-7bda-454c-a97f-7d036f402501_pre_rotate2_1.png
[2025-06-16T19:06:29.658+0900] {logging_mixin.py:190} INFO - 복사 완료: /opt/***/data/temp/dacb5a12-2316-41c3-b908-9ef4ee7c3e1a/9e4d56a6-7bda-454c-a97f-7d036f402501/classify_preprocess.png → /opt/***/data/result/manual__2025-06-16T10:06:01.930957+00:00/_9e4d56a6-7bda-454c-a97f-7d036f402501_pre_classify_preprocess.png
[2025-06-16T19:06:29.659+0900] {logging_mixin.py:190} INFO - 6
[2025-06-16T19:06:29.660+0900] {logging_mixin.py:190} INFO - 복사 완료: /opt/***/data/temp/a25187d5-2cb2-4850-889b-e2fbb8c2d38e/9ff57956-f824-4934-9301-3970c507d31f/rotate30_1.png → /opt/***/data/result/manual__2025-06-16T10:06:01.930957+00:00/_9ff57956-f824-4934-9301-3970c507d31f_pre_rotate30_1.png
[2025-06-16T19:06:29.662+0900] {logging_mixin.py:190} INFO - 복사 완료: /opt/***/data/temp/a25187d5-2cb2-4850-889b-e2fbb8c2d38e/9ff57956-f824-4934-9301-3970c507d31f/rotate31_1.png → /opt/***/data/result/manual__2025-06-16T10:06:01.930957+00:00/_9ff57956-f824-4934-9301-3970c507d31f_pre_rotate31_1.png
[2025-06-16T19:06:29.663+0900] {logging_mixin.py:190} INFO - 복사 완료: /opt/***/data/temp/a25187d5-2cb2-4850-889b-e2fbb8c2d38e/9ff57956-f824-4934-9301-3970c507d31f/rotate30_2.png → /opt/***/data/result/manual__2025-06-16T10:06:01.930957+00:00/_9ff57956-f824-4934-9301-3970c507d31f_pre_rotate30_2.png
[2025-06-16T19:06:29.664+0900] {logging_mixin.py:190} INFO - 복사 완료: /opt/***/data/temp/a25187d5-2cb2-4850-889b-e2fbb8c2d38e/9ff57956-f824-4934-9301-3970c507d31f/rotate31_2.png → /opt/***/data/result/manual__2025-06-16T10:06:01.930957+00:00/_9ff57956-f824-4934-9301-3970c507d31f_pre_rotate31_2.png
[2025-06-16T19:06:29.667+0900] {logging_mixin.py:190} INFO - 복사 완료: /opt/***/data/temp/a25187d5-2cb2-4850-889b-e2fbb8c2d38e/9ff57956-f824-4934-9301-3970c507d31f/rotate2_1.png → /opt/***/data/result/manual__2025-06-16T10:06:01.930957+00:00/_9ff57956-f824-4934-9301-3970c507d31f_pre_rotate2_1.png
[2025-06-16T19:06:29.668+0900] {logging_mixin.py:190} INFO - 복사 완료: /opt/***/data/temp/a25187d5-2cb2-4850-889b-e2fbb8c2d38e/9ff57956-f824-4934-9301-3970c507d31f/classify_preprocess.png → /opt/***/data/result/manual__2025-06-16T10:06:01.930957+00:00/_9ff57956-f824-4934-9301-3970c507d31f_pre_classify_preprocess.png
[2025-06-16T19:06:29.669+0900] {logging_mixin.py:190} INFO - 6
[2025-06-16T19:06:29.671+0900] {logging_mixin.py:190} INFO - 복사 완료: /opt/***/data/temp/554fb65c-0b92-4b42-9127-786a47fedc63/89174836-0002-40af-a3b6-56cd4b169e1c/rotate30_1.png → /opt/***/data/result/manual__2025-06-16T10:06:01.930957+00:00/_89174836-0002-40af-a3b6-56cd4b169e1c_pre_rotate30_1.png
[2025-06-16T19:06:29.672+0900] {logging_mixin.py:190} INFO - 복사 완료: /opt/***/data/temp/554fb65c-0b92-4b42-9127-786a47fedc63/89174836-0002-40af-a3b6-56cd4b169e1c/rotate31_1.png → /opt/***/data/result/manual__2025-06-16T10:06:01.930957+00:00/_89174836-0002-40af-a3b6-56cd4b169e1c_pre_rotate31_1.png
[2025-06-16T19:06:29.674+0900] {logging_mixin.py:190} INFO - 복사 완료: /opt/***/data/temp/554fb65c-0b92-4b42-9127-786a47fedc63/89174836-0002-40af-a3b6-56cd4b169e1c/rotate30_2.png → /opt/***/data/result/manual__2025-06-16T10:06:01.930957+00:00/_89174836-0002-40af-a3b6-56cd4b169e1c_pre_rotate30_2.png
[2025-06-16T19:06:29.675+0900] {logging_mixin.py:190} INFO - 복사 완료: /opt/***/data/temp/554fb65c-0b92-4b42-9127-786a47fedc63/89174836-0002-40af-a3b6-56cd4b169e1c/rotate31_2.png → /opt/***/data/result/manual__2025-06-16T10:06:01.930957+00:00/_89174836-0002-40af-a3b6-56cd4b169e1c_pre_rotate31_2.png
[2025-06-16T19:06:29.677+0900] {logging_mixin.py:190} INFO - 복사 완료: /opt/***/data/temp/554fb65c-0b92-4b42-9127-786a47fedc63/89174836-0002-40af-a3b6-56cd4b169e1c/rotate2_1.png → /opt/***/data/result/manual__2025-06-16T10:06:01.930957+00:00/_89174836-0002-40af-a3b6-56cd4b169e1c_pre_rotate2_1.png
[2025-06-16T19:06:29.679+0900] {logging_mixin.py:190} INFO - 복사 완료: /opt/***/data/temp/554fb65c-0b92-4b42-9127-786a47fedc63/89174836-0002-40af-a3b6-56cd4b169e1c/classify_preprocess.png → /opt/***/data/result/manual__2025-06-16T10:06:01.930957+00:00/_89174836-0002-40af-a3b6-56cd4b169e1c_pre_classify_preprocess.png
[2025-06-16T19:06:29.680+0900] {logging_mixin.py:190} INFO - 6
[2025-06-16T19:06:29.682+0900] {logging_mixin.py:190} INFO - 복사 완료: /opt/***/data/temp/0b1c2c73-c367-43bb-bf08-edeb7b62d67d/dcb18615-436c-4332-b0d0-8455baad8868/rotate30_1.png → /opt/***/data/result/manual__2025-06-16T10:06:01.930957+00:00/_dcb18615-436c-4332-b0d0-8455baad8868_pre_rotate30_1.png
[2025-06-16T19:06:29.683+0900] {logging_mixin.py:190} INFO - 복사 완료: /opt/***/data/temp/0b1c2c73-c367-43bb-bf08-edeb7b62d67d/dcb18615-436c-4332-b0d0-8455baad8868/rotate31_1.png → /opt/***/data/result/manual__2025-06-16T10:06:01.930957+00:00/_dcb18615-436c-4332-b0d0-8455baad8868_pre_rotate31_1.png
[2025-06-16T19:06:29.684+0900] {logging_mixin.py:190} INFO - 복사 완료: /opt/***/data/temp/0b1c2c73-c367-43bb-bf08-edeb7b62d67d/dcb18615-436c-4332-b0d0-8455baad8868/rotate30_2.png → /opt/***/data/result/manual__2025-06-16T10:06:01.930957+00:00/_dcb18615-436c-4332-b0d0-8455baad8868_pre_rotate30_2.png
[2025-06-16T19:06:29.686+0900] {logging_mixin.py:190} INFO - 복사 완료: /opt/***/data/temp/0b1c2c73-c367-43bb-bf08-edeb7b62d67d/dcb18615-436c-4332-b0d0-8455baad8868/rotate31_2.png → /opt/***/data/result/manual__2025-06-16T10:06:01.930957+00:00/_dcb18615-436c-4332-b0d0-8455baad8868_pre_rotate31_2.png
[2025-06-16T19:06:29.689+0900] {logging_mixin.py:190} INFO - 복사 완료: /opt/***/data/temp/0b1c2c73-c367-43bb-bf08-edeb7b62d67d/dcb18615-436c-4332-b0d0-8455baad8868/rotate2_1.png → /opt/***/data/result/manual__2025-06-16T10:06:01.930957+00:00/_dcb18615-436c-4332-b0d0-8455baad8868_pre_rotate2_1.png
[2025-06-16T19:06:29.690+0900] {logging_mixin.py:190} INFO - 복사 완료: /opt/***/data/temp/0b1c2c73-c367-43bb-bf08-edeb7b62d67d/dcb18615-436c-4332-b0d0-8455baad8868/classify_preprocess.png → /opt/***/data/result/manual__2025-06-16T10:06:01.930957+00:00/_dcb18615-436c-4332-b0d0-8455baad8868_pre_classify_preprocess.png
[2025-06-16T19:06:29.691+0900] {logging_mixin.py:190} INFO - 총 30개의 파일이 복사되었습니다.
[2025-06-16T19:06:29.691+0900] {python.py:240} INFO - Done. Returned value was: {'total_copied': 30}
[2025-06-16T19:06:29.707+0900] {taskinstance.py:341} INFO - ::group::Post task execution logs
[2025-06-16T19:06:29.708+0900] {taskinstance.py:353} INFO - Marking task as SUCCESS. dag_id=image_ocr_v2, task_id=copy_results_folder_task, run_id=manual__2025-06-16T10:06:01.930957+00:00, execution_date=20250616T100601, start_date=20250616T100629, end_date=20250616T100629
[2025-06-16T19:06:29.754+0900] {local_task_job_runner.py:266} INFO - Task exited with return code 0
[2025-06-16T19:06:29.769+0900] {taskinstance.py:3901} INFO - 0 downstream tasks scheduled from follow-on schedule check
[2025-06-16T19:06:29.770+0900] {local_task_job_runner.py:245} INFO - ::endgroup::
