[2025-06-16T14:28:15.166+0900] {local_task_job_runner.py:123} INFO - ::group::Pre task execution logs
[2025-06-16T14:28:15.192+0900] {taskinstance.py:2614} INFO - Dependencies all met for dep_context=non-requeueable deps ti=<TaskInstance: image_ocr_v2.img_preprocess_task manual__2025-06-16T05:28:07.446033+00:00 map_index=3 [queued]>
[2025-06-16T14:28:15.208+0900] {taskinstance.py:2614} INFO - Dependencies all met for dep_context=requeueable deps ti=<TaskInstance: image_ocr_v2.img_preprocess_task manual__2025-06-16T05:28:07.446033+00:00 map_index=3 [queued]>
[2025-06-16T14:28:15.208+0900] {taskinstance.py:2867} INFO - Starting attempt 1 of 1
[2025-06-16T14:28:15.221+0900] {taskinstance.py:2890} INFO - Executing <Mapped(_PythonDecoratedOperator): img_preprocess_task> on 2025-06-16 05:28:07.446033+00:00
[2025-06-16T14:28:15.230+0900] {warnings.py:112} WARNING - /home/***/.local/lib/python3.12/site-packages/***/task/task_runner/standard_task_runner.py:70: DeprecationWarning: This process (pid=3676) is multi-threaded, use of fork() may lead to deadlocks in the child.
  pid = os.fork()

[2025-06-16T14:28:15.232+0900] {standard_task_runner.py:72} INFO - Started process 3688 to run task
[2025-06-16T14:28:15.232+0900] {standard_task_runner.py:104} INFO - Running: ['***', 'tasks', 'run', 'image_ocr_v2', 'img_preprocess_task', 'manual__2025-06-16T05:28:07.446033+00:00', '--job-id', '168', '--raw', '--subdir', 'DAGS_FOLDER/test_dag.py', '--cfg-path', '/tmp/tmpidlzgc4z', '--map-index', '3']
[2025-06-16T14:28:15.235+0900] {standard_task_runner.py:105} INFO - Job 168: Subtask img_preprocess_task
[2025-06-16T14:28:15.287+0900] {task_command.py:467} INFO - Running <TaskInstance: image_ocr_v2.img_preprocess_task manual__2025-06-16T05:28:07.446033+00:00 map_index=3 [running]> on host f6d4228a9eb8
[2025-06-16T14:28:15.376+0900] {taskinstance.py:3134} INFO - Exporting env vars: AIRFLOW_CTX_DAG_OWNER='***' AIRFLOW_CTX_DAG_ID='image_ocr_v2' AIRFLOW_CTX_TASK_ID='img_preprocess_task' AIRFLOW_CTX_EXECUTION_DATE='2025-06-16T05:28:07.446033+00:00' AIRFLOW_CTX_TRY_NUMBER='1' AIRFLOW_CTX_DAG_RUN_ID='manual__2025-06-16T05:28:07.446033+00:00'
[2025-06-16T14:28:15.377+0900] {taskinstance.py:732} INFO - ::endgroup::
[2025-06-16T14:28:15.380+0900] {logging_mixin.py:190} INFO - empty map check {} {'process_id': '_a7341194-11cb-4469-b5a1-301cffbb695f_pre', 'folder_path': 'aec2357f-305e-4a76-8f10-182c0a209bd2/a7341194-11cb-4469-b5a1-301cffbb695f', 'step_list': [{'name': 'calc_angle_set1', 'param': {'key': 'angle1', 'iterations': 3}}, {'name': 'calc_angle_set2', 'param': {'key': 'angle2', 'iterations': 3}}, {'name': 'threshold', 'param': {}}, {'name': 'morphology1', 'param': {}}, {'name': 'save', 'param': {'key': 'classify_preprocess'}}], 'result_file_list': []}
[2025-06-16T14:28:15.381+0900] {logging_mixin.py:190} INFO - step : calc_angle_set1
[2025-06-16T14:28:15.438+0900] {logging_mixin.py:190} INFO - angle1 :  0 0.21189131358332958 -89.65691560047647 -89.65691560047647 90.08069822764313 90.08069822764313
[2025-06-16T14:28:15.550+0900] {logging_mixin.py:190} INFO - angle2 :  0.21189131358332958 -0.018318380355516695 -89.87530862011141 -89.87517279115113 89.79825513125313 89.87895275858736
[2025-06-16T14:28:15.552+0900] {logging_mixin.py:190} INFO - step : calc_angle_set2
[2025-06-16T14:28:22.997+0900] {logging_mixin.py:190} INFO - osd 1 90 90 4.94 Latin 0.48
[2025-06-16T14:28:30.381+0900] {logging_mixin.py:190} INFO - osd 2 270 180 4.59 Latin 1.03
[2025-06-16T14:28:36.912+0900] {logging_mixin.py:190} INFO - step : threshold
[2025-06-16T14:28:36.917+0900] {logging_mixin.py:190} INFO - step : morphology1
[2025-06-16T14:28:36.930+0900] {logging_mixin.py:190} INFO - step : save
[2025-06-16T14:28:36.966+0900] {logging_mixin.py:190} INFO - file_copy: /opt/***/data/temp/aec2357f-305e-4a76-8f10-182c0a209bd2/a7341194-11cb-4469-b5a1-301cffbb695f/classify_preprocess.png
[2025-06-16T14:28:36.968+0900] {python.py:240} INFO - Done. Returned value was: {'file_id': 'aec2357f-305e-4a76-8f10-182c0a209bd2', 'file_path': '/opt/***/data/upload/Gas Engine 점검일지_ 2021년 2월.pdf-image-013.jpg', 'result': {'process_id': '_a7341194-11cb-4469-b5a1-301cffbb695f_pre', 'folder_path': 'aec2357f-305e-4a76-8f10-182c0a209bd2/a7341194-11cb-4469-b5a1-301cffbb695f', 'step_list': [{'name': 'calc_angle_set1', 'param': {'key': 'angle1', 'iterations': 3}}, {'name': 'calc_angle_set2', 'param': {'key': 'angle2', 'iterations': 3}}, {'name': 'threshold', 'param': {}}, {'name': 'morphology1', 'param': {}}, {'name': 'save', 'param': {'key': 'classify_preprocess'}}], 'result_file_list': [{'key': 'classify_preprocess', 'path': '/opt/***/data/temp/aec2357f-305e-4a76-8f10-182c0a209bd2/a7341194-11cb-4469-b5a1-301cffbb695f/classify_preprocess.png'}]}}
[2025-06-16T14:28:36.999+0900] {taskinstance.py:341} INFO - ::group::Post task execution logs
[2025-06-16T14:28:36.999+0900] {taskinstance.py:353} INFO - Marking task as SUCCESS. dag_id=image_ocr_v2, task_id=img_preprocess_task, run_id=manual__2025-06-16T05:28:07.446033+00:00, map_index=3, execution_date=20250616T052807, start_date=20250616T052815, end_date=20250616T052836
[2025-06-16T14:28:37.058+0900] {local_task_job_runner.py:266} INFO - Task exited with return code 0
[2025-06-16T14:28:37.078+0900] {taskinstance.py:3901} INFO - 0 downstream tasks scheduled from follow-on schedule check
[2025-06-16T14:28:37.081+0900] {local_task_job_runner.py:245} INFO - ::endgroup::
