[2025-06-18T13:04:37.597+0900] {local_task_job_runner.py:123} INFO - ::group::Pre task execution logs
[2025-06-18T13:04:37.623+0900] {taskinstance.py:2614} INFO - Dependencies all met for dep_context=non-requeueable deps ti=<TaskInstance: image_preprocess_v1.img_preprocess_task manual__2025-06-18T04:04:29.716769+00:00 map_index=3 [queued]>
[2025-06-18T13:04:37.637+0900] {taskinstance.py:2614} INFO - Dependencies all met for dep_context=requeueable deps ti=<TaskInstance: image_preprocess_v1.img_preprocess_task manual__2025-06-18T04:04:29.716769+00:00 map_index=3 [queued]>
[2025-06-18T13:04:37.639+0900] {taskinstance.py:2867} INFO - Starting attempt 1 of 1
[2025-06-18T13:04:37.653+0900] {taskinstance.py:2890} INFO - Executing <Mapped(_PythonDecoratedOperator): img_preprocess_task> on 2025-06-18 04:04:29.716769+00:00
[2025-06-18T13:04:37.662+0900] {warnings.py:112} WARNING - /home/***/.local/lib/python3.12/site-packages/***/task/task_runner/standard_task_runner.py:70: DeprecationWarning: This process (pid=25599) is multi-threaded, use of fork() may lead to deadlocks in the child.
  pid = os.fork()

[2025-06-18T13:04:37.665+0900] {standard_task_runner.py:72} INFO - Started process 25643 to run task
[2025-06-18T13:04:37.664+0900] {standard_task_runner.py:104} INFO - Running: ['***', 'tasks', 'run', 'image_preprocess_v1', 'img_preprocess_task', 'manual__2025-06-18T04:04:29.716769+00:00', '--job-id', '1000', '--raw', '--subdir', 'DAGS_FOLDER/test_dag.py', '--cfg-path', '/tmp/tmpcf643zr2', '--map-index', '3']
[2025-06-18T13:04:37.668+0900] {standard_task_runner.py:105} INFO - Job 1000: Subtask img_preprocess_task
[2025-06-18T13:04:37.720+0900] {task_command.py:467} INFO - Running <TaskInstance: image_preprocess_v1.img_preprocess_task manual__2025-06-18T04:04:29.716769+00:00 map_index=3 [running]> on host f6d4228a9eb8
[2025-06-18T13:04:37.822+0900] {taskinstance.py:3134} INFO - Exporting env vars: AIRFLOW_CTX_DAG_OWNER='***' AIRFLOW_CTX_DAG_ID='image_preprocess_v1' AIRFLOW_CTX_TASK_ID='img_preprocess_task' AIRFLOW_CTX_EXECUTION_DATE='2025-06-18T04:04:29.716769+00:00' AIRFLOW_CTX_TRY_NUMBER='1' AIRFLOW_CTX_DAG_RUN_ID='manual__2025-06-18T04:04:29.716769+00:00'
[2025-06-18T13:04:37.824+0900] {taskinstance.py:732} INFO - ::endgroup::
[2025-06-18T13:04:37.827+0900] {logging_mixin.py:190} INFO - empty map check {} {'process_id': '_3a6fd2e5-99c1-46a3-ac83-1bfb80a56286_pre', 'folder_path': '6b328e28-c7dd-48d3-a461-900fc1496c51/3a6fd2e5-99c1-46a3-ac83-1bfb80a56286', 'step_list': [{'name': 'calc_angle_set1', 'param': {'key': 'angle1', 'iterations': 4, 'iter_save': False}}, {'name': 'text_orientation_set', 'param': {'key': 'angle2', 'iterations': 4, 'iter_save': False}}, {'name': 'line_tracking', 'param': {'iter_save': True}}, {'name': 'save', 'param': {'key': 'classify_preprocess'}}], 'result_file_list': []}
[2025-06-18T13:04:37.828+0900] {logging_mixin.py:190} INFO - step : calc_angle_set1
[2025-06-18T13:04:37.873+0900] {logging_mixin.py:190} INFO - angle1 :  0 0.21189131358332958 -89.65691560047647 -89.65691560047647 90.08069822764313 90.08069822764313
[2025-06-18T13:04:37.957+0900] {logging_mixin.py:190} INFO - angle2 :  0.21189131358332958 -0.018318380355516695 -89.87530862011141 -89.87517279115113 89.79825513125313 89.87895275858736
[2025-06-18T13:04:37.964+0900] {logging_mixin.py:190} INFO - step : text_orientation_set
[2025-06-18T13:04:45.487+0900] {logging_mixin.py:190} INFO - osd 1 90 90 4.94 Latin 0.48
[2025-06-18T13:04:53.180+0900] {logging_mixin.py:190} INFO - osd 2 270 180 4.59 Latin 1.03
[2025-06-18T13:05:00.900+0900] {logging_mixin.py:190} INFO - osd 3 break  270 0 6.44 Latin 2.9
[2025-06-18T13:05:00.900+0900] {logging_mixin.py:190} INFO - step : line_tracking
[2025-06-18T13:05:00.905+0900] {logging_mixin.py:190} INFO - binary: (2344, 1661)
[2025-06-18T13:05:00.943+0900] {logging_mixin.py:190} INFO - file_copy: /opt/***/data/temp/6b328e28-c7dd-48d3-a461-900fc1496c51/3a6fd2e5-99c1-46a3-ac83-1bfb80a56286/line_binary.png
[2025-06-18T13:05:00.982+0900] {logging_mixin.py:190} INFO - output: (2344, 1661, 3)
[2025-06-18T13:05:01.119+0900] {logging_mixin.py:190} INFO - file_copy: /opt/***/data/temp/6b328e28-c7dd-48d3-a461-900fc1496c51/3a6fd2e5-99c1-46a3-ac83-1bfb80a56286/detected_lines.png
[2025-06-18T13:05:01.128+0900] {logging_mixin.py:190} INFO - step : save
[2025-06-18T13:05:01.349+0900] {logging_mixin.py:190} INFO - file_copy: /opt/***/data/temp/6b328e28-c7dd-48d3-a461-900fc1496c51/3a6fd2e5-99c1-46a3-ac83-1bfb80a56286/classify_preprocess.png
[2025-06-18T13:05:01.367+0900] {python.py:240} INFO - Done. Returned value was: {'file_id': '6b328e28-c7dd-48d3-a461-900fc1496c51', 'file_path': '/opt/***/data/upload/Gas Engine 점검일지_ 2021년 2월.pdf-image-013.jpg', 'result': {'process_id': '_3a6fd2e5-99c1-46a3-ac83-1bfb80a56286_pre', 'folder_path': '6b328e28-c7dd-48d3-a461-900fc1496c51/3a6fd2e5-99c1-46a3-ac83-1bfb80a56286', 'step_list': [{'name': 'calc_angle_set1', 'param': {'key': 'angle1', 'iterations': 4, 'iter_save': False}}, {'name': 'text_orientation_set', 'param': {'key': 'angle2', 'iterations': 4, 'iter_save': False}}, {'name': 'line_tracking', 'param': {'iter_save': True}}, {'name': 'save', 'param': {'key': 'classify_preprocess'}}], 'result_file_list': [{'key': 'line_binary', 'path': '/opt/***/data/temp/6b328e28-c7dd-48d3-a461-900fc1496c51/3a6fd2e5-99c1-46a3-ac83-1bfb80a56286/line_binary.png'}, {'key': 'detected_lines', 'path': '/opt/***/data/temp/6b328e28-c7dd-48d3-a461-900fc1496c51/3a6fd2e5-99c1-46a3-ac83-1bfb80a56286/detected_lines.png'}, {'key': 'classify_preprocess', 'path': '/opt/***/data/temp/6b328e28-c7dd-48d3-a461-900fc1496c51/3a6fd2e5-99c1-46a3-ac83-1bfb80a56286/classify_preprocess.png'}]}}
[2025-06-18T13:05:01.401+0900] {taskinstance.py:341} INFO - ::group::Post task execution logs
[2025-06-18T13:05:01.402+0900] {taskinstance.py:353} INFO - Marking task as SUCCESS. dag_id=image_preprocess_v1, task_id=img_preprocess_task, run_id=manual__2025-06-18T04:04:29.716769+00:00, map_index=3, execution_date=20250618T040429, start_date=20250618T040437, end_date=20250618T040501
[2025-06-18T13:05:01.442+0900] {local_task_job_runner.py:266} INFO - Task exited with return code 0
[2025-06-18T13:05:01.466+0900] {taskinstance.py:3901} INFO - 0 downstream tasks scheduled from follow-on schedule check
[2025-06-18T13:05:01.468+0900] {local_task_job_runner.py:245} INFO - ::endgroup::
