[2025-06-19T18:33:59.850+0900] {local_task_job_runner.py:123} INFO - ::group::Pre task execution logs
[2025-06-19T18:33:59.922+0900] {taskinstance.py:2614} INFO - Dependencies all met for dep_context=non-requeueable deps ti=<TaskInstance: lilt_document_classifier_balanced_V0.1.img_preprocess_task__1 manual__2025-06-19T09:32:07.760195+00:00 map_index=25 [queued]>
[2025-06-19T18:33:59.946+0900] {taskinstance.py:2614} INFO - Dependencies all met for dep_context=requeueable deps ti=<TaskInstance: lilt_document_classifier_balanced_V0.1.img_preprocess_task__1 manual__2025-06-19T09:32:07.760195+00:00 map_index=25 [queued]>
[2025-06-19T18:33:59.995+0900] {taskinstance.py:2867} INFO - Starting attempt 1 of 1
[2025-06-19T18:34:00.156+0900] {taskinstance.py:2890} INFO - Executing <Mapped(_PythonDecoratedOperator): img_preprocess_task__1> on 2025-06-19 09:32:07.760195+00:00
[2025-06-19T18:34:00.246+0900] {warnings.py:112} WARNING - /home/***/.local/lib/python3.12/site-packages/***/task/task_runner/standard_task_runner.py:70: DeprecationWarning: This process (pid=10642) is multi-threaded, use of fork() may lead to deadlocks in the child.
  pid = os.fork()

[2025-06-19T18:34:00.271+0900] {standard_task_runner.py:72} INFO - Started process 10708 to run task
[2025-06-19T18:34:00.259+0900] {standard_task_runner.py:104} INFO - Running: ['***', 'tasks', 'run', 'lilt_document_classifier_balanced_V0.1', 'img_preprocess_task__1', 'manual__2025-06-19T09:32:07.760195+00:00', '--job-id', '1748', '--raw', '--subdir', 'DAGS_FOLDER/class_create_dag.py', '--cfg-path', '/tmp/tmpu6hwb7by', '--map-index', '25']
[2025-06-19T18:34:00.326+0900] {standard_task_runner.py:105} INFO - Job 1748: Subtask img_preprocess_task__1
[2025-06-19T18:34:00.500+0900] {task_command.py:467} INFO - Running <TaskInstance: lilt_document_classifier_balanced_V0.1.img_preprocess_task__1 manual__2025-06-19T09:32:07.760195+00:00 map_index=25 [running]> on host f6d4228a9eb8
[2025-06-19T18:34:01.120+0900] {taskinstance.py:3134} INFO - Exporting env vars: AIRFLOW_CTX_DAG_OWNER='***' AIRFLOW_CTX_DAG_ID='lilt_document_classifier_balanced_V0.1' AIRFLOW_CTX_TASK_ID='img_preprocess_task__1' AIRFLOW_CTX_EXECUTION_DATE='2025-06-19T09:32:07.760195+00:00' AIRFLOW_CTX_TRY_NUMBER='1' AIRFLOW_CTX_DAG_RUN_ID='manual__2025-06-19T09:32:07.760195+00:00'
[2025-06-19T18:34:01.126+0900] {taskinstance.py:732} INFO - ::endgroup::
[2025-06-19T18:34:01.171+0900] {logging_mixin.py:190} INFO - empty map check {} {'process_id': '_ad809373-f9f1-4eb0-9ba1-17301af1a313_pre', 'folder_path': 'd7618754-d911-4846-a454-31ca8f4ddf8e/ad809373-f9f1-4eb0-9ba1-17301af1a313', 'step_list': [{'name': 'cache', 'param': {'key': 'origin'}}, {'name': 'calc_angle_set1', 'param': {'key': 'angle1', 'iterations': 4, 'iter_save': False}}, {'name': 'text_orientation_set', 'param': {'key': 'angle2', 'iterations': 4, 'iter_save': False}}, {'name': 'load', 'param': {'key': 'origin'}}, {'name': 'rotate', 'param': {'key': 'angle1'}}, {'name': 'rotate', 'param': {'key': 'angle2'}}], 'result_file_map': {}}
[2025-06-19T18:34:01.210+0900] {logging_mixin.py:190} INFO - step : cache
[2025-06-19T18:34:01.259+0900] {logging_mixin.py:190} INFO - step : calc_angle_set1
[2025-06-19T18:34:01.377+0900] {logging_mixin.py:190} INFO - step : text_orientation_set
[2025-06-19T18:34:05.712+0900] {logging_mixin.py:190} INFO - Tesseract OSD Error: (1, 'Estimating resolution as 192 Too few characters. Skipping this page Warning. Invalid resolution 0 dpi. Using 70 instead. Too few characters. Skipping this page Error during processing.')
[2025-06-19T18:34:05.713+0900] {logging_mixin.py:190} INFO - step : load
[2025-06-19T18:34:05.719+0900] {logging_mixin.py:190} INFO - step : rotate
[2025-06-19T18:34:05.750+0900] {logging_mixin.py:190} INFO - step : rotate
[2025-06-19T18:34:05.880+0900] {logging_mixin.py:190} INFO - file_copy: /opt/***/data/temp/d7618754-d911-4846-a454-31ca8f4ddf8e/ad809373-f9f1-4eb0-9ba1-17301af1a313/_result.png
[2025-06-19T18:34:05.907+0900] {python.py:240} INFO - Done. Returned value was: {'file_id': 'd7618754-d911-4846-a454-31ca8f4ddf8e', 'file_path': '/opt/***/data/class/a_class/classify/ready/false/copied_11_2020049054.png', 'false': {'process_id': '_ad809373-f9f1-4eb0-9ba1-17301af1a313_pre', 'folder_path': 'd7618754-d911-4846-a454-31ca8f4ddf8e/ad809373-f9f1-4eb0-9ba1-17301af1a313', 'step_list': [{'name': 'cache', 'param': {'key': 'origin'}}, {'name': 'calc_angle_set1', 'param': {'key': 'angle1', 'iterations': 4, 'iter_save': False}}, {'name': 'text_orientation_set', 'param': {'key': 'angle2', 'iterations': 4, 'iter_save': False}}, {'name': 'load', 'param': {'key': 'origin'}}, {'name': 'rotate', 'param': {'key': 'angle1'}}, {'name': 'rotate', 'param': {'key': 'angle2'}}], 'result_file_map': {'_result': '/opt/***/data/temp/d7618754-d911-4846-a454-31ca8f4ddf8e/ad809373-f9f1-4eb0-9ba1-17301af1a313/_result.png'}}}
[2025-06-19T18:34:06.171+0900] {taskinstance.py:341} INFO - ::group::Post task execution logs
[2025-06-19T18:34:06.179+0900] {taskinstance.py:353} INFO - Marking task as SUCCESS. dag_id=lilt_document_classifier_balanced_V0.1, task_id=img_preprocess_task__1, run_id=manual__2025-06-19T09:32:07.760195+00:00, map_index=25, execution_date=20250619T093207, start_date=20250619T093359, end_date=20250619T093406
[2025-06-19T18:34:06.441+0900] {local_task_job_runner.py:266} INFO - Task exited with return code 0
[2025-06-19T18:34:06.711+0900] {taskinstance.py:3901} INFO - 0 downstream tasks scheduled from follow-on schedule check
[2025-06-19T18:34:06.741+0900] {local_task_job_runner.py:245} INFO - ::endgroup::
