[2025-06-24T15:55:41.525+0900] {local_task_job_runner.py:123} INFO - ::group::Pre task execution logs
[2025-06-24T15:55:41.700+0900] {taskinstance.py:2614} INFO - Dependencies all met for dep_context=non-requeueable deps ti=<TaskInstance: lilt_document_classifier_balanced_V0.1.img_preprocess_task__1 manual__2025-06-24T06:53:42.323966+00:00 map_index=11 [queued]>
[2025-06-24T15:55:41.811+0900] {taskinstance.py:2614} INFO - Dependencies all met for dep_context=requeueable deps ti=<TaskInstance: lilt_document_classifier_balanced_V0.1.img_preprocess_task__1 manual__2025-06-24T06:53:42.323966+00:00 map_index=11 [queued]>
[2025-06-24T15:55:41.832+0900] {taskinstance.py:2867} INFO - Starting attempt 1 of 1
[2025-06-24T15:55:41.959+0900] {taskinstance.py:2890} INFO - Executing <Mapped(_PythonDecoratedOperator): img_preprocess_task__1> on 2025-06-24 06:53:42.323966+00:00
[2025-06-24T15:55:42.048+0900] {standard_task_runner.py:104} INFO - Running: ['***', 'tasks', 'run', 'lilt_document_classifier_balanced_V0.1', 'img_preprocess_task__1', 'manual__2025-06-24T06:53:42.323966+00:00', '--job-id', '4243', '--raw', '--subdir', 'DAGS_FOLDER/class_create_dag.py', '--cfg-path', '/tmp/tmptjtubl2q', '--map-index', '11']
[2025-06-24T15:55:42.042+0900] {warnings.py:112} WARNING - /home/***/.local/lib/python3.12/site-packages/***/task/task_runner/standard_task_runner.py:70: DeprecationWarning: This process (pid=47929) is multi-threaded, use of fork() may lead to deadlocks in the child.
  pid = os.fork()

[2025-06-24T15:55:42.074+0900] {standard_task_runner.py:105} INFO - Job 4243: Subtask img_preprocess_task__1
[2025-06-24T15:55:42.074+0900] {standard_task_runner.py:72} INFO - Started process 47963 to run task
[2025-06-24T15:55:42.251+0900] {task_command.py:467} INFO - Running <TaskInstance: lilt_document_classifier_balanced_V0.1.img_preprocess_task__1 manual__2025-06-24T06:53:42.323966+00:00 map_index=11 [running]> on host f6d4228a9eb8
[2025-06-24T15:55:42.718+0900] {taskinstance.py:3134} INFO - Exporting env vars: AIRFLOW_CTX_DAG_OWNER='***' AIRFLOW_CTX_DAG_ID='lilt_document_classifier_balanced_V0.1' AIRFLOW_CTX_TASK_ID='img_preprocess_task__1' AIRFLOW_CTX_EXECUTION_DATE='2025-06-24T06:53:42.323966+00:00' AIRFLOW_CTX_TRY_NUMBER='1' AIRFLOW_CTX_DAG_RUN_ID='manual__2025-06-24T06:53:42.323966+00:00'
[2025-06-24T15:55:42.722+0900] {taskinstance.py:732} INFO - ::endgroup::
[2025-06-24T15:55:42.729+0900] {logging_mixin.py:190} INFO - empty map check {} {'process_id': '_aefdb33d-8d1e-4eb9-9bba-243a67d6dce2_pre', 'folder_path': '1d8bd388-de40-4cec-8654-298311fcb405/aefdb33d-8d1e-4eb9-9bba-243a67d6dce2', 'step_list': [{'name': 'cache', 'param': {'key': 'origin'}}, {'name': 'calc_angle_set2', 'param': {'key': 'angle1', 'iterations': 4, 'iter_save': False}}, {'name': 'text_orientation_set', 'param': {'key': 'angle2', 'iterations': 4, 'iter_save': False}}, {'name': 'load', 'param': {'key': 'origin'}}, {'name': 'rotate', 'param': {'key': 'angle1'}}, {'name': 'rotate', 'param': {'key': 'angle2'}}], 'result_file_map': {}}
[2025-06-24T15:55:42.731+0900] {logging_mixin.py:190} INFO - step : cache
[2025-06-24T15:55:42.735+0900] {logging_mixin.py:190} INFO - step : calc_angle_set2
[2025-06-24T15:55:48.253+0900] {logging_mixin.py:190} INFO - osd 1 0.0 0.0 20 3173 [0, 0, 0, 4, 7, 3, 0, 7, 66, 182, 366, 562, 765, 969, 1163, 1344, 1589, 1827, 2347, 3073, 3173, 2885, 2272, 1773, 1561, 1381, 1191, 977, 809, 593, 404, 196, 74, 52, 15, 5, 22, 24, 15, 17, 9]
[2025-06-24T15:55:56.510+0900] {logging_mixin.py:190} INFO - osd 2 0.0 0.0 20 3173 [0, 0, 0, 4, 7, 3, 0, 7, 66, 182, 366, 562, 765, 969, 1163, 1344, 1589, 1827, 2347, 3073, 3173, 2885, 2272, 1773, 1561, 1381, 1191, 977, 809, 593, 404, 196, 74, 52, 15, 5, 22, 24, 15, 17, 9]
[2025-06-24T15:56:03.007+0900] {logging_mixin.py:190} INFO - osd 3 0.0 0.0 20 3173 [0, 0, 0, 4, 7, 3, 0, 7, 66, 182, 366, 562, 765, 969, 1163, 1344, 1589, 1827, 2347, 3073, 3173, 2885, 2272, 1773, 1561, 1381, 1191, 977, 809, 593, 404, 196, 74, 52, 15, 5, 22, 24, 15, 17, 9]
[2025-06-24T15:56:09.166+0900] {logging_mixin.py:190} INFO - osd 4 0.0 0.0 20 3173 [0, 0, 0, 4, 7, 3, 0, 7, 66, 182, 366, 562, 765, 969, 1163, 1344, 1589, 1827, 2347, 3073, 3173, 2885, 2272, 1773, 1561, 1381, 1191, 977, 809, 593, 404, 196, 74, 52, 15, 5, 22, 24, 15, 17, 9]
[2025-06-24T15:56:09.198+0900] {logging_mixin.py:190} INFO - step : text_orientation_set
[2025-06-24T15:56:15.976+0900] {logging_mixin.py:190} INFO - osd 1 break  0 0 1.45 Latin 4.17
[2025-06-24T15:56:15.980+0900] {logging_mixin.py:190} INFO - step : load
[2025-06-24T15:56:15.986+0900] {logging_mixin.py:190} INFO - step : rotate
[2025-06-24T15:56:16.027+0900] {logging_mixin.py:190} INFO - step : rotate
[2025-06-24T15:56:16.165+0900] {logging_mixin.py:190} INFO - file_copy: /opt/***/data/temp/1d8bd388-de40-4cec-8654-298311fcb405/aefdb33d-8d1e-4eb9-9bba-243a67d6dce2/_result.png
[2025-06-24T15:56:16.232+0900] {python.py:240} INFO - Done. Returned value was: {'file_id': '1d8bd388-de40-4cec-8654-298311fcb405', 'file_path': '/opt/***/data/class/a_class/classify/ready/false/copied_3_50507884-7884.png', 'false': {'process_id': '_aefdb33d-8d1e-4eb9-9bba-243a67d6dce2_pre', 'folder_path': '1d8bd388-de40-4cec-8654-298311fcb405/aefdb33d-8d1e-4eb9-9bba-243a67d6dce2', 'step_list': [{'name': 'cache', 'param': {'key': 'origin'}}, {'name': 'calc_angle_set2', 'param': {'key': 'angle1', 'iterations': 4, 'iter_save': False}}, {'name': 'text_orientation_set', 'param': {'key': 'angle2', 'iterations': 4, 'iter_save': False}}, {'name': 'load', 'param': {'key': 'origin'}}, {'name': 'rotate', 'param': {'key': 'angle1'}}, {'name': 'rotate', 'param': {'key': 'angle2'}}], 'result_file_map': {'_result': '/opt/***/data/temp/1d8bd388-de40-4cec-8654-298311fcb405/aefdb33d-8d1e-4eb9-9bba-243a67d6dce2/_result.png'}}}
[2025-06-24T15:56:16.443+0900] {taskinstance.py:341} INFO - ::group::Post task execution logs
[2025-06-24T15:56:16.446+0900] {taskinstance.py:353} INFO - Marking task as SUCCESS. dag_id=lilt_document_classifier_balanced_V0.1, task_id=img_preprocess_task__1, run_id=manual__2025-06-24T06:53:42.323966+00:00, map_index=11, execution_date=20250624T065342, start_date=20250624T065541, end_date=20250624T065616
[2025-06-24T15:56:16.615+0900] {local_task_job_runner.py:266} INFO - Task exited with return code 0
[2025-06-24T15:56:16.728+0900] {taskinstance.py:3901} INFO - 0 downstream tasks scheduled from follow-on schedule check
[2025-06-24T15:56:16.756+0900] {local_task_job_runner.py:245} INFO - ::endgroup::
