[2025-06-19T15:44:21.150+0900] {local_task_job_runner.py:123} INFO - ::group::Pre task execution logs
[2025-06-19T15:44:21.213+0900] {taskinstance.py:2614} INFO - Dependencies all met for dep_context=non-requeueable deps ti=<TaskInstance: lilt_document_classifier_balanced_V0.1.img_preprocess_task manual__2025-06-19T06:40:24.218660+00:00 map_index=92 [queued]>
[2025-06-19T15:44:21.246+0900] {taskinstance.py:2614} INFO - Dependencies all met for dep_context=requeueable deps ti=<TaskInstance: lilt_document_classifier_balanced_V0.1.img_preprocess_task manual__2025-06-19T06:40:24.218660+00:00 map_index=92 [queued]>
[2025-06-19T15:44:21.248+0900] {taskinstance.py:2867} INFO - Starting attempt 1 of 1
[2025-06-19T15:44:21.389+0900] {taskinstance.py:2890} INFO - Executing <Mapped(_PythonDecoratedOperator): img_preprocess_task> on 2025-06-19 06:40:24.218660+00:00
[2025-06-19T15:44:21.450+0900] {warnings.py:112} WARNING - /home/***/.local/lib/python3.12/site-packages/***/task/task_runner/standard_task_runner.py:70: DeprecationWarning: This process (pid=1943) is multi-threaded, use of fork() may lead to deadlocks in the child.
  pid = os.fork()

[2025-06-19T15:44:21.466+0900] {standard_task_runner.py:72} INFO - Started process 2089 to run task
[2025-06-19T15:44:21.461+0900] {standard_task_runner.py:104} INFO - Running: ['***', 'tasks', 'run', 'lilt_document_classifier_balanced_V0.1', 'img_preprocess_task', 'manual__2025-06-19T06:40:24.218660+00:00', '--job-id', '1438', '--raw', '--subdir', 'DAGS_FOLDER/class_create_dag.py', '--cfg-path', '/tmp/tmpj5r6cxuf', '--map-index', '92']
[2025-06-19T15:44:21.488+0900] {standard_task_runner.py:105} INFO - Job 1438: Subtask img_preprocess_task
[2025-06-19T15:44:21.601+0900] {task_command.py:467} INFO - Running <TaskInstance: lilt_document_classifier_balanced_V0.1.img_preprocess_task manual__2025-06-19T06:40:24.218660+00:00 map_index=92 [running]> on host f6d4228a9eb8
[2025-06-19T15:44:21.785+0900] {taskinstance.py:3134} INFO - Exporting env vars: AIRFLOW_CTX_DAG_OWNER='***' AIRFLOW_CTX_DAG_ID='lilt_document_classifier_balanced_V0.1' AIRFLOW_CTX_TASK_ID='img_preprocess_task' AIRFLOW_CTX_EXECUTION_DATE='2025-06-19T06:40:24.218660+00:00' AIRFLOW_CTX_TRY_NUMBER='1' AIRFLOW_CTX_DAG_RUN_ID='manual__2025-06-19T06:40:24.218660+00:00'
[2025-06-19T15:44:21.789+0900] {taskinstance.py:732} INFO - ::endgroup::
[2025-06-19T15:44:21.810+0900] {logging_mixin.py:190} INFO - empty map check {} {'process_id': '_10a0d8c3-bdd5-40f8-baff-db12056620a9_pre', 'folder_path': 'b7388a6e-82aa-443f-b74f-5a759a3a77af/10a0d8c3-bdd5-40f8-baff-db12056620a9', 'step_list': [{'name': 'cache', 'param': {'key': 'origin'}}, {'name': 'calc_angle_set1', 'param': {'key': 'angle1', 'iterations': 4, 'iter_save': False}}, {'name': 'text_orientation_set', 'param': {'key': 'angle2', 'iterations': 4, 'iter_save': False}}, {'name': 'load', 'param': {'key': 'origin'}}, {'name': 'rotate', 'param': {'key': 'angle1'}}, {'name': 'rotate', 'param': {'key': 'angle2'}}], 'result_file_map': {}}
[2025-06-19T15:44:21.876+0900] {logging_mixin.py:190} INFO - step : cache
[2025-06-19T15:44:21.883+0900] {logging_mixin.py:190} INFO - step : calc_angle_set1
[2025-06-19T15:44:23.100+0900] {logging_mixin.py:190} INFO - step : text_orientation_set
[2025-06-19T15:44:34.991+0900] {logging_mixin.py:190} INFO - osd 1 break  0 0 15.37 Korean 1.36
[2025-06-19T15:44:34.992+0900] {logging_mixin.py:190} INFO - step : load
[2025-06-19T15:44:34.996+0900] {logging_mixin.py:190} INFO - step : rotate
[2025-06-19T15:44:35.047+0900] {logging_mixin.py:190} INFO - step : rotate
[2025-06-19T15:44:35.164+0900] {logging_mixin.py:190} INFO - file_copy: /opt/***/data/temp/b7388a6e-82aa-443f-b74f-5a759a3a77af/10a0d8c3-bdd5-40f8-baff-db12056620a9/_result.png
[2025-06-19T15:44:35.169+0900] {python.py:240} INFO - Done. Returned value was: {'file_id': 'b7388a6e-82aa-443f-b74f-5a759a3a77af', 'file_path': '/opt/***/data/class/a_class/classify/ready/true/상계동 정진빌딩 - 정부24 - 건축물대장 등본(초본) 발급(열람) _ 문서출력_page_1_aug2.png', 'true': {'process_id': '_10a0d8c3-bdd5-40f8-baff-db12056620a9_pre', 'folder_path': 'b7388a6e-82aa-443f-b74f-5a759a3a77af/10a0d8c3-bdd5-40f8-baff-db12056620a9', 'step_list': [{'name': 'cache', 'param': {'key': 'origin'}}, {'name': 'calc_angle_set1', 'param': {'key': 'angle1', 'iterations': 4, 'iter_save': False}}, {'name': 'text_orientation_set', 'param': {'key': 'angle2', 'iterations': 4, 'iter_save': False}}, {'name': 'load', 'param': {'key': 'origin'}}, {'name': 'rotate', 'param': {'key': 'angle1'}}, {'name': 'rotate', 'param': {'key': 'angle2'}}], 'result_file_map': {'_result': '/opt/***/data/temp/b7388a6e-82aa-443f-b74f-5a759a3a77af/10a0d8c3-bdd5-40f8-baff-db12056620a9/_result.png'}}}
[2025-06-19T15:44:35.197+0900] {taskinstance.py:341} INFO - ::group::Post task execution logs
[2025-06-19T15:44:35.197+0900] {taskinstance.py:353} INFO - Marking task as SUCCESS. dag_id=lilt_document_classifier_balanced_V0.1, task_id=img_preprocess_task, run_id=manual__2025-06-19T06:40:24.218660+00:00, map_index=92, execution_date=20250619T064024, start_date=20250619T064421, end_date=20250619T064435
[2025-06-19T15:44:35.258+0900] {local_task_job_runner.py:266} INFO - Task exited with return code 0
[2025-06-19T15:44:35.294+0900] {taskinstance.py:3901} INFO - 0 downstream tasks scheduled from follow-on schedule check
[2025-06-19T15:44:35.297+0900] {local_task_job_runner.py:245} INFO - ::endgroup::
