[2025-06-10T05:00:50.945+0000] {local_task_job_runner.py:123} INFO - ::group::Pre task execution logs
[2025-06-10T05:00:50.979+0000] {taskinstance.py:2614} INFO - Dependencies all met for dep_context=non-requeueable deps ti=<TaskInstance: image_ocr_v2.img_preprocess_task manual__2025-06-10T05:00:44.021093+00:00 map_index=2 [queued]>
[2025-06-10T05:00:50.995+0000] {taskinstance.py:2614} INFO - Dependencies all met for dep_context=requeueable deps ti=<TaskInstance: image_ocr_v2.img_preprocess_task manual__2025-06-10T05:00:44.021093+00:00 map_index=2 [queued]>
[2025-06-10T05:00:50.997+0000] {taskinstance.py:2867} INFO - Starting attempt 1 of 1
[2025-06-10T05:00:51.012+0000] {taskinstance.py:2890} INFO - Executing <Mapped(_PythonDecoratedOperator): img_preprocess_task> on 2025-06-10 05:00:44.021093+00:00
[2025-06-10T05:00:51.019+0000] {warnings.py:112} WARNING - /home/***/.local/lib/python3.12/site-packages/***/task/task_runner/standard_task_runner.py:70: DeprecationWarning: This process (pid=23202) is multi-threaded, use of fork() may lead to deadlocks in the child.
  pid = os.fork()

[2025-06-10T05:00:51.020+0000] {standard_task_runner.py:72} INFO - Started process 23213 to run task
[2025-06-10T05:00:51.021+0000] {standard_task_runner.py:104} INFO - Running: ['***', 'tasks', 'run', 'image_ocr_v2', 'img_preprocess_task', 'manual__2025-06-10T05:00:44.021093+00:00', '--job-id', '307', '--raw', '--subdir', 'DAGS_FOLDER/test_dag.py', '--cfg-path', '/tmp/tmp4nka3z3q', '--map-index', '2']
[2025-06-10T05:00:51.023+0000] {standard_task_runner.py:105} INFO - Job 307: Subtask img_preprocess_task
[2025-06-10T05:00:51.064+0000] {task_command.py:467} INFO - Running <TaskInstance: image_ocr_v2.img_preprocess_task manual__2025-06-10T05:00:44.021093+00:00 map_index=2 [running]> on host 85194d6fbd18
[2025-06-10T05:00:51.146+0000] {taskinstance.py:3134} INFO - Exporting env vars: AIRFLOW_CTX_DAG_OWNER='***' AIRFLOW_CTX_DAG_ID='image_ocr_v2' AIRFLOW_CTX_TASK_ID='img_preprocess_task' AIRFLOW_CTX_EXECUTION_DATE='2025-06-10T05:00:44.021093+00:00' AIRFLOW_CTX_TRY_NUMBER='1' AIRFLOW_CTX_DAG_RUN_ID='manual__2025-06-10T05:00:44.021093+00:00'
[2025-06-10T05:00:51.147+0000] {taskinstance.py:732} INFO - ::endgroup::
[2025-06-10T05:00:51.150+0000] {logging_mixin.py:190} INFO - empty map check {} {'process_id': 'd2147a68-c584-4a8f-91b2-c7360938be64', 'folder_path': '3594adb0-2b26-4d19-a5fb-84e8e859807d/d2147a68-c584-4a8f-91b2-c7360938be64', 'step_list': [{'name': 'cache', 'param': {'key': 'origin'}}, {'name': 'calc_angle_set1', 'param': {'key': 'angle1', 'iterations': 3}}, {'name': 'save', 'param': {'key': 'rotate1'}}, {'name': 'calc_angle_set2', 'param': {'key': 'angle2', 'iterations': 2}}, {'name': 'save', 'param': {'key': 'rotate2'}}, {'name': 'threshold', 'param': {}}, {'name': 'morphology1', 'param': {}}, {'name': 'scale1', 'param': {'width': 500, 'height': 500}}, {'name': 'save', 'param': {'key': 'classify_preprocess'}}], 'result_file_list': []}
[2025-06-10T05:00:51.150+0000] {logging_mixin.py:190} INFO - step : cache
[2025-06-10T05:00:51.151+0000] {logging_mixin.py:190} INFO - step : calc_angle_set1
[2025-06-10T05:00:51.179+0000] {logging_mixin.py:190} INFO - angle1 :  0 0.713230715971469 0.8104411942118901 0.8732485601018993 0.6043634443972675 0.564869665174819
[2025-06-10T05:00:51.258+0000] {logging_mixin.py:190} INFO - angle2 :  0.713230715971469 -0.026117178044682207 0.09351859950895403 0.12469137988858847 -0.16128255645588765 -0.16139613512038367
[2025-06-10T05:00:51.258+0000] {logging_mixin.py:190} INFO - step : save
[2025-06-10T05:00:51.513+0000] {logging_mixin.py:190} INFO - file_copy: /opt/***/data/result/3594adb0-2b26-4d19-a5fb-84e8e859807d/d2147a68-c584-4a8f-91b2-c7360938be64/rotate1.png
[2025-06-10T05:00:51.521+0000] {logging_mixin.py:190} INFO - step : calc_angle_set2
[2025-06-10T05:00:52.345+0000] {logging_mixin.py:190} INFO - osd 180 180 0.01 Cyrillic 0.83
[2025-06-10T05:00:52.499+0000] {logging_mixin.py:190} INFO - file_copy: /opt/***/data/result/3594adb0-2b26-4d19-a5fb-84e8e859807d/d2147a68-c584-4a8f-91b2-c7360938be64/rotate2_1.png
[2025-06-10T05:00:53.350+0000] {logging_mixin.py:190} INFO - osd 360 180 0.07 Arabic 0.0
[2025-06-10T05:00:53.485+0000] {logging_mixin.py:190} INFO - file_copy: /opt/***/data/result/3594adb0-2b26-4d19-a5fb-84e8e859807d/d2147a68-c584-4a8f-91b2-c7360938be64/rotate2_2.png
[2025-06-10T05:00:53.559+0000] {logging_mixin.py:190} INFO - step : save
[2025-06-10T05:00:53.703+0000] {logging_mixin.py:190} INFO - file_copy: /opt/***/data/result/3594adb0-2b26-4d19-a5fb-84e8e859807d/d2147a68-c584-4a8f-91b2-c7360938be64/rotate2.png
[2025-06-10T05:00:53.711+0000] {logging_mixin.py:190} INFO - step : threshold
[2025-06-10T05:00:53.811+0000] {logging_mixin.py:190} INFO - step : morphology1
[2025-06-10T05:00:53.825+0000] {logging_mixin.py:190} INFO - step : scale1
[2025-06-10T05:00:53.835+0000] {logging_mixin.py:190} INFO - step : save
[2025-06-10T05:00:53.852+0000] {logging_mixin.py:190} INFO - file_copy: /opt/***/data/result/3594adb0-2b26-4d19-a5fb-84e8e859807d/d2147a68-c584-4a8f-91b2-c7360938be64/classify_preprocess.png
[2025-06-10T05:00:53.862+0000] {python.py:240} INFO - Done. Returned value was: {'file_id': '3594adb0-2b26-4d19-a5fb-84e8e859807d', 'file_path': '/opt/***/data/upload/Gas Engine 점검일지_ 2021년 2월.pdf-image-005.jpg', 'preprocess_list': [{'process_id': 'd2147a68-c584-4a8f-91b2-c7360938be64', 'folder_path': '3594adb0-2b26-4d19-a5fb-84e8e859807d/d2147a68-c584-4a8f-91b2-c7360938be64', 'step_list': [{'name': 'cache', 'param': {'key': 'origin'}}, {'name': 'calc_angle_set1', 'param': {'key': 'angle1', 'iterations': 3}}, {'name': 'save', 'param': {'key': 'rotate1'}}, {'name': 'calc_angle_set2', 'param': {'key': 'angle2', 'iterations': 2}}, {'name': 'save', 'param': {'key': 'rotate2'}}, {'name': 'threshold', 'param': {}}, {'name': 'morphology1', 'param': {}}, {'name': 'scale1', 'param': {'width': 500, 'height': 500}}, {'name': 'save', 'param': {'key': 'classify_preprocess'}}], 'result_file_list': [{'rotate1': '/opt/***/data/result/3594adb0-2b26-4d19-a5fb-84e8e859807d/d2147a68-c584-4a8f-91b2-c7360938be64/rotate1.png'}, {'rotate2_1': '/opt/***/data/result/3594adb0-2b26-4d19-a5fb-84e8e859807d/d2147a68-c584-4a8f-91b2-c7360938be64/rotate2_1.png'}, {'rotate2_2': '/opt/***/data/result/3594adb0-2b26-4d19-a5fb-84e8e859807d/d2147a68-c584-4a8f-91b2-c7360938be64/rotate2_2.png'}, {'rotate2': '/opt/***/data/result/3594adb0-2b26-4d19-a5fb-84e8e859807d/d2147a68-c584-4a8f-91b2-c7360938be64/rotate2.png'}, {'classify_preprocess': '/opt/***/data/result/3594adb0-2b26-4d19-a5fb-84e8e859807d/d2147a68-c584-4a8f-91b2-c7360938be64/classify_preprocess.png'}]}]}
[2025-06-10T05:00:53.894+0000] {taskinstance.py:341} INFO - ::group::Post task execution logs
[2025-06-10T05:00:53.895+0000] {taskinstance.py:353} INFO - Marking task as SUCCESS. dag_id=image_ocr_v2, task_id=img_preprocess_task, run_id=manual__2025-06-10T05:00:44.021093+00:00, map_index=2, execution_date=20250610T050044, start_date=20250610T050050, end_date=20250610T050053
[2025-06-10T05:00:53.962+0000] {local_task_job_runner.py:266} INFO - Task exited with return code 0
[2025-06-10T05:00:53.969+0000] {local_task_job_runner.py:245} INFO - ::endgroup::
