[2025-06-24T13:37:04.651+0900] {local_task_job_runner.py:123} INFO - ::group::Pre task execution logs
[2025-06-24T13:37:04.827+0900] {taskinstance.py:2614} INFO - Dependencies all met for dep_context=non-requeueable deps ti=<TaskInstance: lilt_document_classifier_balanced_V0.1.img_preprocess_task manual__2025-06-24T04:23:33.505927+00:00 map_index=64 [queued]>
[2025-06-24T13:37:04.975+0900] {taskinstance.py:2614} INFO - Dependencies all met for dep_context=requeueable deps ti=<TaskInstance: lilt_document_classifier_balanced_V0.1.img_preprocess_task manual__2025-06-24T04:23:33.505927+00:00 map_index=64 [queued]>
[2025-06-24T13:37:04.982+0900] {taskinstance.py:2867} INFO - Starting attempt 1 of 1
[2025-06-24T13:37:05.013+0900] {taskinstance.py:2890} INFO - Executing <Mapped(_PythonDecoratedOperator): img_preprocess_task> on 2025-06-24 04:23:33.505927+00:00
[2025-06-24T13:37:05.089+0900] {warnings.py:112} WARNING - /home/***/.local/lib/python3.12/site-packages/***/task/task_runner/standard_task_runner.py:70: DeprecationWarning: This process (pid=41105) is multi-threaded, use of fork() may lead to deadlocks in the child.
  pid = os.fork()

[2025-06-24T13:37:05.119+0900] {standard_task_runner.py:72} INFO - Started process 41122 to run task
[2025-06-24T13:37:05.092+0900] {standard_task_runner.py:104} INFO - Running: ['***', 'tasks', 'run', 'lilt_document_classifier_balanced_V0.1', 'img_preprocess_task', 'manual__2025-06-24T04:23:33.505927+00:00', '--job-id', '4061', '--raw', '--subdir', 'DAGS_FOLDER/class_create_dag.py', '--cfg-path', '/tmp/tmpylc40gms', '--map-index', '64']
[2025-06-24T13:37:05.141+0900] {standard_task_runner.py:105} INFO - Job 4061: Subtask img_preprocess_task
[2025-06-24T13:37:05.293+0900] {task_command.py:467} INFO - Running <TaskInstance: lilt_document_classifier_balanced_V0.1.img_preprocess_task manual__2025-06-24T04:23:33.505927+00:00 map_index=64 [running]> on host f6d4228a9eb8
[2025-06-24T13:37:05.534+0900] {taskinstance.py:3134} INFO - Exporting env vars: AIRFLOW_CTX_DAG_OWNER='***' AIRFLOW_CTX_DAG_ID='lilt_document_classifier_balanced_V0.1' AIRFLOW_CTX_TASK_ID='img_preprocess_task' AIRFLOW_CTX_EXECUTION_DATE='2025-06-24T04:23:33.505927+00:00' AIRFLOW_CTX_TRY_NUMBER='1' AIRFLOW_CTX_DAG_RUN_ID='manual__2025-06-24T04:23:33.505927+00:00'
[2025-06-24T13:37:05.543+0900] {taskinstance.py:732} INFO - ::endgroup::
[2025-06-24T13:37:05.564+0900] {logging_mixin.py:190} INFO - empty map check {} {'process_id': '_63fbda90-47b0-4a96-8101-3d1e1b8585a4_pre', 'folder_path': 'ed186379-57fd-4e33-b4bc-5f2960e3f617/63fbda90-47b0-4a96-8101-3d1e1b8585a4', 'step_list': [{'name': 'cache', 'param': {'key': 'origin'}}, {'name': 'calc_angle_set2', 'param': {'key': 'angle1', 'iterations': 4, 'iter_save': True}}, {'name': 'save', 'param': {'key': 'ag1'}}, {'name': 'text_orientation_set', 'param': {'key': 'angle2', 'iterations': 4, 'iter_save': True}}, {'name': 'save', 'param': {'key': 'ag2'}}, {'name': 'load', 'param': {'key': 'origin'}}, {'name': 'rotate', 'param': {'key': 'angle1'}}, {'name': 'rotate', 'param': {'key': 'angle2'}}], 'result_file_map': {}}
[2025-06-24T13:37:05.568+0900] {logging_mixin.py:190} INFO - step : cache
[2025-06-24T13:37:05.571+0900] {logging_mixin.py:190} INFO - step : calc_angle_set2
[2025-06-24T13:37:38.893+0900] {logging_mixin.py:190} INFO - osd 1 0 0 0 0 [0, 0, 0, 0, 0, 0, 0, 0, 0, 0, 0, 0, 0, 0, 0, 0, 0, 0, 0, 0, 0, 0, 0, 0, 0, 0, 0, 0, 0, 0, 0, 0, 0, 0, 0, 0, 0, 0, 0, 0, 0]
[2025-06-24T13:38:09.137+0900] {logging_mixin.py:190} INFO - osd 2 0 0 0 0 [0, 0, 0, 0, 0, 0, 0, 0, 0, 0, 0, 0, 0, 0, 0, 0, 0, 0, 0, 0, 0, 0, 0, 0, 0, 0, 0, 0, 0, 0, 0, 0, 0, 0, 0, 0, 0, 0, 0, 0, 0]
[2025-06-24T13:38:43.945+0900] {logging_mixin.py:190} INFO - osd 3 0 0 0 0 [0, 0, 0, 0, 0, 0, 0, 0, 0, 0, 0, 0, 0, 0, 0, 0, 0, 0, 0, 0, 0, 0, 0, 0, 0, 0, 0, 0, 0, 0, 0, 0, 0, 0, 0, 0, 0, 0, 0, 0, 0]
[2025-06-24T13:39:13.434+0900] {logging_mixin.py:190} INFO - osd 4 0 0 0 0 [0, 0, 0, 0, 0, 0, 0, 0, 0, 0, 0, 0, 0, 0, 0, 0, 0, 0, 0, 0, 0, 0, 0, 0, 0, 0, 0, 0, 0, 0, 0, 0, 0, 0, 0, 0, 0, 0, 0, 0, 0]
[2025-06-24T13:39:13.692+0900] {logging_mixin.py:190} INFO - step : save
[2025-06-24T13:39:14.234+0900] {logging_mixin.py:190} INFO - file_copy: /opt/***/data/temp/ed186379-57fd-4e33-b4bc-5f2960e3f617/63fbda90-47b0-4a96-8101-3d1e1b8585a4/ag1.png
[2025-06-24T13:39:14.275+0900] {logging_mixin.py:190} INFO - step : text_orientation_set
[2025-06-24T13:39:25.269+0900] {logging_mixin.py:190} INFO - file_copy: /opt/***/data/temp/ed186379-57fd-4e33-b4bc-5f2960e3f617/63fbda90-47b0-4a96-8101-3d1e1b8585a4/rotate2_1.png
[2025-06-24T13:39:31.346+0900] {logging_mixin.py:190} INFO - osd 1 break  0 0 6.29 Korean 1.06
[2025-06-24T13:39:31.347+0900] {logging_mixin.py:190} INFO - step : save
[2025-06-24T13:39:31.942+0900] {logging_mixin.py:190} INFO - file_copy: /opt/***/data/temp/ed186379-57fd-4e33-b4bc-5f2960e3f617/63fbda90-47b0-4a96-8101-3d1e1b8585a4/ag2.png
[2025-06-24T13:39:31.961+0900] {logging_mixin.py:190} INFO - step : load
[2025-06-24T13:39:31.961+0900] {logging_mixin.py:190} INFO - step : rotate
[2025-06-24T13:39:32.223+0900] {logging_mixin.py:190} INFO - step : rotate
[2025-06-24T13:39:32.506+0900] {logging_mixin.py:190} INFO - file_copy: /opt/***/data/temp/ed186379-57fd-4e33-b4bc-5f2960e3f617/63fbda90-47b0-4a96-8101-3d1e1b8585a4/_result.png
[2025-06-24T13:39:32.514+0900] {python.py:240} INFO - Done. Returned value was: {'file_id': 'ed186379-57fd-4e33-b4bc-5f2960e3f617', 'file_path': '/opt/***/data/class/a_class/classify/ready/true/청진동 삼선빌딩 - 정부24 - 건축물대장 등본(초본) 발급(열람) _ 문서출력_page_1_aug1.png', 'true': {'process_id': '_63fbda90-47b0-4a96-8101-3d1e1b8585a4_pre', 'folder_path': 'ed186379-57fd-4e33-b4bc-5f2960e3f617/63fbda90-47b0-4a96-8101-3d1e1b8585a4', 'step_list': [{'name': 'cache', 'param': {'key': 'origin'}}, {'name': 'calc_angle_set2', 'param': {'key': 'angle1', 'iterations': 4, 'iter_save': True}}, {'name': 'save', 'param': {'key': 'ag1'}}, {'name': 'text_orientation_set', 'param': {'key': 'angle2', 'iterations': 4, 'iter_save': True}}, {'name': 'save', 'param': {'key': 'ag2'}}, {'name': 'load', 'param': {'key': 'origin'}}, {'name': 'rotate', 'param': {'key': 'angle1'}}, {'name': 'rotate', 'param': {'key': 'angle2'}}], 'result_file_map': {'ag1': '/opt/***/data/temp/ed186379-57fd-4e33-b4bc-5f2960e3f617/63fbda90-47b0-4a96-8101-3d1e1b8585a4/ag1.png', 'rotate2_1': '/opt/***/data/temp/ed186379-57fd-4e33-b4bc-5f2960e3f617/63fbda90-47b0-4a96-8101-3d1e1b8585a4/rotate2_1.png', 'ag2': '/opt/***/data/temp/ed186379-57fd-4e33-b4bc-5f2960e3f617/63fbda90-47b0-4a96-8101-3d1e1b8585a4/ag2.png', '_result': '/opt/***/data/temp/ed186379-57fd-4e33-b4bc-5f2960e3f617/63fbda90-47b0-4a96-8101-3d1e1b8585a4/_result.png'}}}
[2025-06-24T13:39:32.635+0900] {taskinstance.py:341} INFO - ::group::Post task execution logs
[2025-06-24T13:39:32.637+0900] {taskinstance.py:353} INFO - Marking task as SUCCESS. dag_id=lilt_document_classifier_balanced_V0.1, task_id=img_preprocess_task, run_id=manual__2025-06-24T04:23:33.505927+00:00, map_index=64, execution_date=20250624T042333, start_date=20250624T043704, end_date=20250624T043932
[2025-06-24T13:39:32.759+0900] {local_task_job_runner.py:266} INFO - Task exited with return code 0
[2025-06-24T13:39:32.836+0900] {taskinstance.py:3901} INFO - 0 downstream tasks scheduled from follow-on schedule check
[2025-06-24T13:39:32.911+0900] {local_task_job_runner.py:245} INFO - ::endgroup::
