[2025-06-23T10:28:51.382+0900] {local_task_job_runner.py:123} INFO - ::group::Pre task execution logs
[2025-06-23T10:28:51.498+0900] {taskinstance.py:2614} INFO - Dependencies all met for dep_context=non-requeueable deps ti=<TaskInstance: lilt_document_classifier_balanced_V0.1.img_preprocess_task__1 manual__2025-06-23T01:24:40.043171+00:00 map_index=68 [queued]>
[2025-06-23T10:28:51.739+0900] {taskinstance.py:2614} INFO - Dependencies all met for dep_context=requeueable deps ti=<TaskInstance: lilt_document_classifier_balanced_V0.1.img_preprocess_task__1 manual__2025-06-23T01:24:40.043171+00:00 map_index=68 [queued]>
[2025-06-23T10:28:51.760+0900] {taskinstance.py:2867} INFO - Starting attempt 1 of 1
[2025-06-23T10:28:51.896+0900] {taskinstance.py:2890} INFO - Executing <Mapped(_PythonDecoratedOperator): img_preprocess_task__1> on 2025-06-23 01:24:40.043171+00:00
[2025-06-23T10:28:52.049+0900] {standard_task_runner.py:104} INFO - Running: ['***', 'tasks', 'run', 'lilt_document_classifier_balanced_V0.1', 'img_preprocess_task__1', 'manual__2025-06-23T01:24:40.043171+00:00', '--job-id', '2222', '--raw', '--subdir', 'DAGS_FOLDER/class_create_dag.py', '--cfg-path', '/tmp/tmpx5cf736q', '--map-index', '68']
[2025-06-23T10:28:52.064+0900] {standard_task_runner.py:105} INFO - Job 2222: Subtask img_preprocess_task__1
[2025-06-23T10:28:52.046+0900] {warnings.py:112} WARNING - /home/***/.local/lib/python3.12/site-packages/***/task/task_runner/standard_task_runner.py:70: DeprecationWarning: This process (pid=87623) is multi-threaded, use of fork() may lead to deadlocks in the child.
  pid = os.fork()

[2025-06-23T10:28:52.079+0900] {standard_task_runner.py:72} INFO - Started process 87739 to run task
[2025-06-23T10:28:52.189+0900] {task_command.py:467} INFO - Running <TaskInstance: lilt_document_classifier_balanced_V0.1.img_preprocess_task__1 manual__2025-06-23T01:24:40.043171+00:00 map_index=68 [running]> on host f6d4228a9eb8
[2025-06-23T10:28:52.551+0900] {taskinstance.py:3134} INFO - Exporting env vars: AIRFLOW_CTX_DAG_OWNER='***' AIRFLOW_CTX_DAG_ID='lilt_document_classifier_balanced_V0.1' AIRFLOW_CTX_TASK_ID='img_preprocess_task__1' AIRFLOW_CTX_EXECUTION_DATE='2025-06-23T01:24:40.043171+00:00' AIRFLOW_CTX_TRY_NUMBER='1' AIRFLOW_CTX_DAG_RUN_ID='manual__2025-06-23T01:24:40.043171+00:00'
[2025-06-23T10:28:52.553+0900] {taskinstance.py:732} INFO - ::endgroup::
[2025-06-23T10:28:52.566+0900] {logging_mixin.py:190} INFO - empty map check {} {'process_id': '_a327fb60-d1f4-4262-a0ec-2223f4385756_pre', 'folder_path': 'c655a9df-9d44-4dd3-983a-d887ce904a9b/a327fb60-d1f4-4262-a0ec-2223f4385756', 'step_list': [{'name': 'cache', 'param': {'key': 'origin'}}, {'name': 'calc_angle_set1', 'param': {'key': 'angle1', 'iterations': 4, 'iter_save': False}}, {'name': 'text_orientation_set', 'param': {'key': 'angle2', 'iterations': 4, 'iter_save': False}}, {'name': 'load', 'param': {'key': 'origin'}}, {'name': 'rotate', 'param': {'key': 'angle1'}}, {'name': 'rotate', 'param': {'key': 'angle2'}}], 'result_file_map': {}}
[2025-06-23T10:28:52.569+0900] {logging_mixin.py:190} INFO - step : cache
[2025-06-23T10:28:52.571+0900] {logging_mixin.py:190} INFO - step : calc_angle_set1
[2025-06-23T10:28:52.739+0900] {logging_mixin.py:190} INFO - step : text_orientation_set
[2025-06-23T10:29:00.000+0900] {logging_mixin.py:190} INFO - osd 1 break  0 0 6.31 Cyrillic 1.33
[2025-06-23T10:29:00.000+0900] {logging_mixin.py:190} INFO - step : load
[2025-06-23T10:29:00.001+0900] {logging_mixin.py:190} INFO - step : rotate
[2025-06-23T10:29:00.021+0900] {logging_mixin.py:190} INFO - step : rotate
[2025-06-23T10:29:00.112+0900] {logging_mixin.py:190} INFO - file_copy: /opt/***/data/temp/c655a9df-9d44-4dd3-983a-d887ce904a9b/a327fb60-d1f4-4262-a0ec-2223f4385756/_result.png
[2025-06-23T10:29:00.128+0900] {python.py:240} INFO - Done. Returned value was: {'file_id': 'c655a9df-9d44-4dd3-983a-d887ce904a9b', 'file_path': '/opt/***/data/class/a_class/classify/ready/false/copied_11_0012181632.png', 'false': {'process_id': '_a327fb60-d1f4-4262-a0ec-2223f4385756_pre', 'folder_path': 'c655a9df-9d44-4dd3-983a-d887ce904a9b/a327fb60-d1f4-4262-a0ec-2223f4385756', 'step_list': [{'name': 'cache', 'param': {'key': 'origin'}}, {'name': 'calc_angle_set1', 'param': {'key': 'angle1', 'iterations': 4, 'iter_save': False}}, {'name': 'text_orientation_set', 'param': {'key': 'angle2', 'iterations': 4, 'iter_save': False}}, {'name': 'load', 'param': {'key': 'origin'}}, {'name': 'rotate', 'param': {'key': 'angle1'}}, {'name': 'rotate', 'param': {'key': 'angle2'}}], 'result_file_map': {'_result': '/opt/***/data/temp/c655a9df-9d44-4dd3-983a-d887ce904a9b/a327fb60-d1f4-4262-a0ec-2223f4385756/_result.png'}}}
[2025-06-23T10:29:00.283+0900] {taskinstance.py:341} INFO - ::group::Post task execution logs
[2025-06-23T10:29:00.285+0900] {taskinstance.py:353} INFO - Marking task as SUCCESS. dag_id=lilt_document_classifier_balanced_V0.1, task_id=img_preprocess_task__1, run_id=manual__2025-06-23T01:24:40.043171+00:00, map_index=68, execution_date=20250623T012440, start_date=20250623T012851, end_date=20250623T012900
[2025-06-23T10:29:00.625+0900] {local_task_job_runner.py:266} INFO - Task exited with return code 0
[2025-06-23T10:29:00.933+0900] {taskinstance.py:3901} INFO - 0 downstream tasks scheduled from follow-on schedule check
[2025-06-23T10:29:00.998+0900] {local_task_job_runner.py:245} INFO - ::endgroup::
