[2025-06-24T15:54:45.907+0900] {local_task_job_runner.py:123} INFO - ::group::Pre task execution logs
[2025-06-24T15:54:45.973+0900] {taskinstance.py:2614} INFO - Dependencies all met for dep_context=non-requeueable deps ti=<TaskInstance: lilt_document_classifier_balanced_V0.1.img_preprocess_task__1 manual__2025-06-24T06:53:42.323966+00:00 map_index=3 [queued]>
[2025-06-24T15:54:46.006+0900] {taskinstance.py:2614} INFO - Dependencies all met for dep_context=requeueable deps ti=<TaskInstance: lilt_document_classifier_balanced_V0.1.img_preprocess_task__1 manual__2025-06-24T06:53:42.323966+00:00 map_index=3 [queued]>
[2025-06-24T15:54:46.007+0900] {taskinstance.py:2867} INFO - Starting attempt 1 of 1
[2025-06-24T15:54:46.058+0900] {taskinstance.py:2890} INFO - Executing <Mapped(_PythonDecoratedOperator): img_preprocess_task__1> on 2025-06-24 06:53:42.323966+00:00
[2025-06-24T15:54:46.129+0900] {warnings.py:112} WARNING - /home/***/.local/lib/python3.12/site-packages/***/task/task_runner/standard_task_runner.py:70: DeprecationWarning: This process (pid=47520) is multi-threaded, use of fork() may lead to deadlocks in the child.
  pid = os.fork()

[2025-06-24T15:54:46.139+0900] {standard_task_runner.py:72} INFO - Started process 47620 to run task
[2025-06-24T15:54:46.132+0900] {standard_task_runner.py:104} INFO - Running: ['***', 'tasks', 'run', 'lilt_document_classifier_balanced_V0.1', 'img_preprocess_task__1', 'manual__2025-06-24T06:53:42.323966+00:00', '--job-id', '4223', '--raw', '--subdir', 'DAGS_FOLDER/class_create_dag.py', '--cfg-path', '/tmp/tmpoalklgyf', '--map-index', '3']
[2025-06-24T15:54:46.144+0900] {standard_task_runner.py:105} INFO - Job 4223: Subtask img_preprocess_task__1
[2025-06-24T15:54:46.298+0900] {task_command.py:467} INFO - Running <TaskInstance: lilt_document_classifier_balanced_V0.1.img_preprocess_task__1 manual__2025-06-24T06:53:42.323966+00:00 map_index=3 [running]> on host f6d4228a9eb8
[2025-06-24T15:54:46.441+0900] {taskinstance.py:3134} INFO - Exporting env vars: AIRFLOW_CTX_DAG_OWNER='***' AIRFLOW_CTX_DAG_ID='lilt_document_classifier_balanced_V0.1' AIRFLOW_CTX_TASK_ID='img_preprocess_task__1' AIRFLOW_CTX_EXECUTION_DATE='2025-06-24T06:53:42.323966+00:00' AIRFLOW_CTX_TRY_NUMBER='1' AIRFLOW_CTX_DAG_RUN_ID='manual__2025-06-24T06:53:42.323966+00:00'
[2025-06-24T15:54:46.445+0900] {taskinstance.py:732} INFO - ::endgroup::
[2025-06-24T15:54:46.448+0900] {logging_mixin.py:190} INFO - empty map check {} {'process_id': '_0d1bb398-5254-4d3d-bc4d-275f2dac99ed_pre', 'folder_path': '15ea1b38-37d6-4bfe-8180-87e379699dc5/0d1bb398-5254-4d3d-bc4d-275f2dac99ed', 'step_list': [{'name': 'cache', 'param': {'key': 'origin'}}, {'name': 'calc_angle_set2', 'param': {'key': 'angle1', 'iterations': 4, 'iter_save': False}}, {'name': 'text_orientation_set', 'param': {'key': 'angle2', 'iterations': 4, 'iter_save': False}}, {'name': 'load', 'param': {'key': 'origin'}}, {'name': 'rotate', 'param': {'key': 'angle1'}}, {'name': 'rotate', 'param': {'key': 'angle2'}}], 'result_file_map': {}}
[2025-06-24T15:54:46.448+0900] {logging_mixin.py:190} INFO - step : cache
[2025-06-24T15:54:46.450+0900] {logging_mixin.py:190} INFO - step : calc_angle_set2
[2025-06-24T15:54:52.567+0900] {logging_mixin.py:190} INFO - osd 1 0 0 6 18 [0, 0, 0, 0, 0, 0, 18, 0, 0, 0, 0, 0, 0, 1, 0, 0, 0, 0, 0, 11, 0, 9, 0, 0, 0, 3, 0, 0, 10, 0, 0, 0, 0, 7, 0, 0, 0, 0, 2, 0, 0]
[2025-06-24T15:54:59.681+0900] {logging_mixin.py:190} INFO - osd 2 0 0 6 18 [0, 0, 0, 0, 0, 0, 18, 0, 0, 0, 0, 0, 0, 1, 0, 0, 0, 0, 0, 11, 0, 9, 0, 0, 0, 3, 0, 0, 10, 0, 0, 0, 0, 7, 0, 0, 0, 0, 2, 0, 0]
[2025-06-24T15:55:05.255+0900] {logging_mixin.py:190} INFO - osd 3 0 0 6 18 [0, 0, 0, 0, 0, 0, 18, 0, 0, 0, 0, 0, 0, 1, 0, 0, 0, 0, 0, 11, 0, 9, 0, 0, 0, 3, 0, 0, 10, 0, 0, 0, 0, 7, 0, 0, 0, 0, 2, 0, 0]
[2025-06-24T15:55:11.784+0900] {logging_mixin.py:190} INFO - osd 4 0 0 6 18 [0, 0, 0, 0, 0, 0, 18, 0, 0, 0, 0, 0, 0, 1, 0, 0, 0, 0, 0, 11, 0, 9, 0, 0, 0, 3, 0, 0, 10, 0, 0, 0, 0, 7, 0, 0, 0, 0, 2, 0, 0]
[2025-06-24T15:55:11.883+0900] {logging_mixin.py:190} INFO - step : text_orientation_set
[2025-06-24T15:55:18.755+0900] {logging_mixin.py:190} INFO - osd 1 180 180 0.93 Latin 0.59
[2025-06-24T15:55:24.215+0900] {logging_mixin.py:190} INFO - osd 2 break  180 0 1.93 Cyrillic 0.83
[2025-06-24T15:55:24.225+0900] {logging_mixin.py:190} INFO - step : load
[2025-06-24T15:55:24.229+0900] {logging_mixin.py:190} INFO - step : rotate
[2025-06-24T15:55:24.262+0900] {logging_mixin.py:190} INFO - step : rotate
[2025-06-24T15:55:24.488+0900] {logging_mixin.py:190} INFO - file_copy: /opt/***/data/temp/15ea1b38-37d6-4bfe-8180-87e379699dc5/0d1bb398-5254-4d3d-bc4d-275f2dac99ed/_result.png
[2025-06-24T15:55:24.500+0900] {python.py:240} INFO - Done. Returned value was: {'file_id': '15ea1b38-37d6-4bfe-8180-87e379699dc5', 'file_path': '/opt/***/data/class/a_class/classify/ready/false/copied_76_2010066817.png', 'false': {'process_id': '_0d1bb398-5254-4d3d-bc4d-275f2dac99ed_pre', 'folder_path': '15ea1b38-37d6-4bfe-8180-87e379699dc5/0d1bb398-5254-4d3d-bc4d-275f2dac99ed', 'step_list': [{'name': 'cache', 'param': {'key': 'origin'}}, {'name': 'calc_angle_set2', 'param': {'key': 'angle1', 'iterations': 4, 'iter_save': False}}, {'name': 'text_orientation_set', 'param': {'key': 'angle2', 'iterations': 4, 'iter_save': False}}, {'name': 'load', 'param': {'key': 'origin'}}, {'name': 'rotate', 'param': {'key': 'angle1'}}, {'name': 'rotate', 'param': {'key': 'angle2'}}], 'result_file_map': {'_result': '/opt/***/data/temp/15ea1b38-37d6-4bfe-8180-87e379699dc5/0d1bb398-5254-4d3d-bc4d-275f2dac99ed/_result.png'}}}
[2025-06-24T15:55:24.641+0900] {taskinstance.py:341} INFO - ::group::Post task execution logs
[2025-06-24T15:55:24.645+0900] {taskinstance.py:353} INFO - Marking task as SUCCESS. dag_id=lilt_document_classifier_balanced_V0.1, task_id=img_preprocess_task__1, run_id=manual__2025-06-24T06:53:42.323966+00:00, map_index=3, execution_date=20250624T065342, start_date=20250624T065445, end_date=20250624T065524
[2025-06-24T15:55:24.836+0900] {local_task_job_runner.py:266} INFO - Task exited with return code 0
[2025-06-24T15:55:25.072+0900] {taskinstance.py:3901} INFO - 0 downstream tasks scheduled from follow-on schedule check
[2025-06-24T15:55:25.081+0900] {local_task_job_runner.py:245} INFO - ::endgroup::
