[2025-06-19T18:34:58.634+0900] {local_task_job_runner.py:123} INFO - ::group::Pre task execution logs
[2025-06-19T18:34:58.694+0900] {taskinstance.py:2614} INFO - Dependencies all met for dep_context=non-requeueable deps ti=<TaskInstance: lilt_document_classifier_balanced_V0.1.img_preprocess_task manual__2025-06-19T09:32:07.760195+00:00 map_index=51 [queued]>
[2025-06-19T18:34:58.743+0900] {taskinstance.py:2614} INFO - Dependencies all met for dep_context=requeueable deps ti=<TaskInstance: lilt_document_classifier_balanced_V0.1.img_preprocess_task manual__2025-06-19T09:32:07.760195+00:00 map_index=51 [queued]>
[2025-06-19T18:34:58.752+0900] {taskinstance.py:2867} INFO - Starting attempt 1 of 1
[2025-06-19T18:34:58.843+0900] {taskinstance.py:2890} INFO - Executing <Mapped(_PythonDecoratedOperator): img_preprocess_task> on 2025-06-19 09:32:07.760195+00:00
[2025-06-19T18:34:58.932+0900] {standard_task_runner.py:104} INFO - Running: ['***', 'tasks', 'run', 'lilt_document_classifier_balanced_V0.1', 'img_preprocess_task', 'manual__2025-06-19T09:32:07.760195+00:00', '--job-id', '1796', '--raw', '--subdir', 'DAGS_FOLDER/class_create_dag.py', '--cfg-path', '/tmp/tmp6w3rmu2q', '--map-index', '51']
[2025-06-19T18:34:58.939+0900] {standard_task_runner.py:105} INFO - Job 1796: Subtask img_preprocess_task
[2025-06-19T18:34:58.955+0900] {warnings.py:112} WARNING - /home/***/.local/lib/python3.12/site-packages/***/task/task_runner/standard_task_runner.py:70: DeprecationWarning: This process (pid=11563) is multi-threaded, use of fork() may lead to deadlocks in the child.
  pid = os.fork()

[2025-06-19T18:34:58.974+0900] {standard_task_runner.py:72} INFO - Started process 11653 to run task
[2025-06-19T18:34:59.078+0900] {task_command.py:467} INFO - Running <TaskInstance: lilt_document_classifier_balanced_V0.1.img_preprocess_task manual__2025-06-19T09:32:07.760195+00:00 map_index=51 [running]> on host f6d4228a9eb8
[2025-06-19T18:34:59.608+0900] {taskinstance.py:3134} INFO - Exporting env vars: AIRFLOW_CTX_DAG_OWNER='***' AIRFLOW_CTX_DAG_ID='lilt_document_classifier_balanced_V0.1' AIRFLOW_CTX_TASK_ID='img_preprocess_task' AIRFLOW_CTX_EXECUTION_DATE='2025-06-19T09:32:07.760195+00:00' AIRFLOW_CTX_TRY_NUMBER='1' AIRFLOW_CTX_DAG_RUN_ID='manual__2025-06-19T09:32:07.760195+00:00'
[2025-06-19T18:34:59.613+0900] {taskinstance.py:732} INFO - ::endgroup::
[2025-06-19T18:34:59.620+0900] {logging_mixin.py:190} INFO - empty map check {} {'process_id': '_e1ef9469-db2c-41d7-931d-6832b5346af7_pre', 'folder_path': '4db8b93e-6354-4435-8c98-4462d71040e5/e1ef9469-db2c-41d7-931d-6832b5346af7', 'step_list': [{'name': 'cache', 'param': {'key': 'origin'}}, {'name': 'calc_angle_set1', 'param': {'key': 'angle1', 'iterations': 4, 'iter_save': False}}, {'name': 'text_orientation_set', 'param': {'key': 'angle2', 'iterations': 4, 'iter_save': False}}, {'name': 'load', 'param': {'key': 'origin'}}, {'name': 'rotate', 'param': {'key': 'angle1'}}, {'name': 'rotate', 'param': {'key': 'angle2'}}], 'result_file_map': {}}
[2025-06-19T18:34:59.628+0900] {logging_mixin.py:190} INFO - step : cache
[2025-06-19T18:34:59.633+0900] {logging_mixin.py:190} INFO - step : calc_angle_set1
[2025-06-19T18:35:00.193+0900] {logging_mixin.py:190} INFO - step : text_orientation_set
[2025-06-19T18:35:16.519+0900] {logging_mixin.py:190} INFO - osd 1 break  0 0 9.26 Korean 0.21
[2025-06-19T18:35:16.520+0900] {logging_mixin.py:190} INFO - step : load
[2025-06-19T18:35:16.527+0900] {logging_mixin.py:190} INFO - step : rotate
[2025-06-19T18:35:16.853+0900] {logging_mixin.py:190} INFO - step : rotate
[2025-06-19T18:35:17.080+0900] {logging_mixin.py:190} INFO - file_copy: /opt/***/data/temp/4db8b93e-6354-4435-8c98-4462d71040e5/e1ef9469-db2c-41d7-931d-6832b5346af7/_result.png
[2025-06-19T18:35:17.104+0900] {python.py:240} INFO - Done. Returned value was: {'file_id': '4db8b93e-6354-4435-8c98-4462d71040e5', 'file_path': '/opt/***/data/class/a_class/classify/ready/true/송정동 연세빌딩 - 정부24 - 건축물대장 등본(초본) 발급(열람) _ 문서출력_page_1_aug1.png', 'true': {'process_id': '_e1ef9469-db2c-41d7-931d-6832b5346af7_pre', 'folder_path': '4db8b93e-6354-4435-8c98-4462d71040e5/e1ef9469-db2c-41d7-931d-6832b5346af7', 'step_list': [{'name': 'cache', 'param': {'key': 'origin'}}, {'name': 'calc_angle_set1', 'param': {'key': 'angle1', 'iterations': 4, 'iter_save': False}}, {'name': 'text_orientation_set', 'param': {'key': 'angle2', 'iterations': 4, 'iter_save': False}}, {'name': 'load', 'param': {'key': 'origin'}}, {'name': 'rotate', 'param': {'key': 'angle1'}}, {'name': 'rotate', 'param': {'key': 'angle2'}}], 'result_file_map': {'_result': '/opt/***/data/temp/4db8b93e-6354-4435-8c98-4462d71040e5/e1ef9469-db2c-41d7-931d-6832b5346af7/_result.png'}}}
[2025-06-19T18:35:17.152+0900] {taskinstance.py:341} INFO - ::group::Post task execution logs
[2025-06-19T18:35:17.159+0900] {taskinstance.py:353} INFO - Marking task as SUCCESS. dag_id=lilt_document_classifier_balanced_V0.1, task_id=img_preprocess_task, run_id=manual__2025-06-19T09:32:07.760195+00:00, map_index=51, execution_date=20250619T093207, start_date=20250619T093458, end_date=20250619T093517
[2025-06-19T18:35:17.312+0900] {local_task_job_runner.py:266} INFO - Task exited with return code 0
[2025-06-19T18:35:17.465+0900] {taskinstance.py:3901} INFO - 0 downstream tasks scheduled from follow-on schedule check
[2025-06-19T18:35:17.479+0900] {local_task_job_runner.py:245} INFO - ::endgroup::
