[2025-06-23T10:29:24.589+0900] {local_task_job_runner.py:123} INFO - ::group::Pre task execution logs
[2025-06-23T10:29:24.682+0900] {taskinstance.py:2614} INFO - Dependencies all met for dep_context=non-requeueable deps ti=<TaskInstance: lilt_document_classifier_balanced_V0.1.img_preprocess_task__1 manual__2025-06-23T01:24:40.043171+00:00 map_index=78 [queued]>
[2025-06-23T10:29:24.742+0900] {taskinstance.py:2614} INFO - Dependencies all met for dep_context=requeueable deps ti=<TaskInstance: lilt_document_classifier_balanced_V0.1.img_preprocess_task__1 manual__2025-06-23T01:24:40.043171+00:00 map_index=78 [queued]>
[2025-06-23T10:29:24.749+0900] {taskinstance.py:2867} INFO - Starting attempt 1 of 1
[2025-06-23T10:29:24.786+0900] {taskinstance.py:2890} INFO - Executing <Mapped(_PythonDecoratedOperator): img_preprocess_task__1> on 2025-06-23 01:24:40.043171+00:00
[2025-06-23T10:29:24.850+0900] {warnings.py:112} WARNING - /home/***/.local/lib/python3.12/site-packages/***/task/task_runner/standard_task_runner.py:70: DeprecationWarning: This process (pid=88057) is multi-threaded, use of fork() may lead to deadlocks in the child.
  pid = os.fork()

[2025-06-23T10:29:24.860+0900] {standard_task_runner.py:72} INFO - Started process 88136 to run task
[2025-06-23T10:29:24.863+0900] {standard_task_runner.py:104} INFO - Running: ['***', 'tasks', 'run', 'lilt_document_classifier_balanced_V0.1', 'img_preprocess_task__1', 'manual__2025-06-23T01:24:40.043171+00:00', '--job-id', '2243', '--raw', '--subdir', 'DAGS_FOLDER/class_create_dag.py', '--cfg-path', '/tmp/tmpc4e1ipwb', '--map-index', '78']
[2025-06-23T10:29:24.869+0900] {standard_task_runner.py:105} INFO - Job 2243: Subtask img_preprocess_task__1
[2025-06-23T10:29:24.997+0900] {task_command.py:467} INFO - Running <TaskInstance: lilt_document_classifier_balanced_V0.1.img_preprocess_task__1 manual__2025-06-23T01:24:40.043171+00:00 map_index=78 [running]> on host f6d4228a9eb8
[2025-06-23T10:29:25.181+0900] {taskinstance.py:3134} INFO - Exporting env vars: AIRFLOW_CTX_DAG_OWNER='***' AIRFLOW_CTX_DAG_ID='lilt_document_classifier_balanced_V0.1' AIRFLOW_CTX_TASK_ID='img_preprocess_task__1' AIRFLOW_CTX_EXECUTION_DATE='2025-06-23T01:24:40.043171+00:00' AIRFLOW_CTX_TRY_NUMBER='1' AIRFLOW_CTX_DAG_RUN_ID='manual__2025-06-23T01:24:40.043171+00:00'
[2025-06-23T10:29:25.183+0900] {taskinstance.py:732} INFO - ::endgroup::
[2025-06-23T10:29:25.193+0900] {logging_mixin.py:190} INFO - empty map check {} {'process_id': '_554f2fcd-74dc-4ddf-b781-74cf310de443_pre', 'folder_path': '1d2fd0ab-a378-49fb-9442-edd8f2c45cd7/554f2fcd-74dc-4ddf-b781-74cf310de443', 'step_list': [{'name': 'cache', 'param': {'key': 'origin'}}, {'name': 'calc_angle_set1', 'param': {'key': 'angle1', 'iterations': 4, 'iter_save': False}}, {'name': 'text_orientation_set', 'param': {'key': 'angle2', 'iterations': 4, 'iter_save': False}}, {'name': 'load', 'param': {'key': 'origin'}}, {'name': 'rotate', 'param': {'key': 'angle1'}}, {'name': 'rotate', 'param': {'key': 'angle2'}}], 'result_file_map': {}}
[2025-06-23T10:29:25.210+0900] {logging_mixin.py:190} INFO - step : cache
[2025-06-23T10:29:25.219+0900] {logging_mixin.py:190} INFO - step : calc_angle_set1
[2025-06-23T10:29:25.341+0900] {logging_mixin.py:190} INFO - angle1 :  0 90.3187971454519 180.11837954129044 180.17775262366573 0.5866257075105518 0.39243070934087027
[2025-06-23T10:29:25.476+0900] {logging_mixin.py:190} INFO - angle2 :  90.3187971454519 89.97486925496246 89.88149803967765 89.82243100390133 90.19554797627086 90.0
[2025-06-23T10:29:25.606+0900] {logging_mixin.py:190} INFO - angle3 :  180.29366640041434 90.10241961703386 179.94074895647492 179.88162045870956 0.19621765589392123 0.3910913970570309
[2025-06-23T10:29:25.712+0900] {logging_mixin.py:190} INFO - angle4 :  270.39608601744817 90.05833168636761 89.82243100390133 89.82224737633429 90.19621765589393 90.39243070934087
[2025-06-23T10:29:25.857+0900] {logging_mixin.py:190} INFO - step : text_orientation_set
[2025-06-23T10:29:30.870+0900] {logging_mixin.py:190} INFO - Tesseract OSD Error: (1, 'Estimating resolution as 482 Warning. Invalid resolution 0 dpi. Using 70 instead. Too few characters. Skipping this page Error during processing.')
[2025-06-23T10:29:30.883+0900] {logging_mixin.py:190} INFO - step : load
[2025-06-23T10:29:30.887+0900] {logging_mixin.py:190} INFO - step : rotate
[2025-06-23T10:29:31.095+0900] {logging_mixin.py:190} INFO - step : rotate
[2025-06-23T10:29:31.233+0900] {logging_mixin.py:190} INFO - file_copy: /opt/***/data/temp/1d2fd0ab-a378-49fb-9442-edd8f2c45cd7/554f2fcd-74dc-4ddf-b781-74cf310de443/_result.png
[2025-06-23T10:29:31.250+0900] {python.py:240} INFO - Done. Returned value was: {'file_id': '1d2fd0ab-a378-49fb-9442-edd8f2c45cd7', 'file_path': '/opt/***/data/class/a_class/classify/ready/false/copied_84_528693346+-3346.png', 'false': {'process_id': '_554f2fcd-74dc-4ddf-b781-74cf310de443_pre', 'folder_path': '1d2fd0ab-a378-49fb-9442-edd8f2c45cd7/554f2fcd-74dc-4ddf-b781-74cf310de443', 'step_list': [{'name': 'cache', 'param': {'key': 'origin'}}, {'name': 'calc_angle_set1', 'param': {'key': 'angle1', 'iterations': 4, 'iter_save': False}}, {'name': 'text_orientation_set', 'param': {'key': 'angle2', 'iterations': 4, 'iter_save': False}}, {'name': 'load', 'param': {'key': 'origin'}}, {'name': 'rotate', 'param': {'key': 'angle1'}}, {'name': 'rotate', 'param': {'key': 'angle2'}}], 'result_file_map': {'_result': '/opt/***/data/temp/1d2fd0ab-a378-49fb-9442-edd8f2c45cd7/554f2fcd-74dc-4ddf-b781-74cf310de443/_result.png'}}}
[2025-06-23T10:29:31.331+0900] {taskinstance.py:341} INFO - ::group::Post task execution logs
[2025-06-23T10:29:31.337+0900] {taskinstance.py:353} INFO - Marking task as SUCCESS. dag_id=lilt_document_classifier_balanced_V0.1, task_id=img_preprocess_task__1, run_id=manual__2025-06-23T01:24:40.043171+00:00, map_index=78, execution_date=20250623T012440, start_date=20250623T012924, end_date=20250623T012931
[2025-06-23T10:29:31.517+0900] {local_task_job_runner.py:266} INFO - Task exited with return code 0
[2025-06-23T10:29:31.646+0900] {taskinstance.py:3901} INFO - 0 downstream tasks scheduled from follow-on schedule check
[2025-06-23T10:29:31.674+0900] {local_task_job_runner.py:245} INFO - ::endgroup::
