[2025-06-25T09:10:46.552+0900] {local_task_job_runner.py:123} INFO - ::group::Pre task execution logs
[2025-06-25T09:10:46.582+0900] {taskinstance.py:2614} INFO - Dependencies all met for dep_context=non-requeueable deps ti=<TaskInstance: lilt_document_classifier_balanced_V0.1.img_preprocess_task__1 manual__2025-06-25T00:04:18.909063+00:00 map_index=40 [queued]>
[2025-06-25T09:10:46.606+0900] {taskinstance.py:2614} INFO - Dependencies all met for dep_context=requeueable deps ti=<TaskInstance: lilt_document_classifier_balanced_V0.1.img_preprocess_task__1 manual__2025-06-25T00:04:18.909063+00:00 map_index=40 [queued]>
[2025-06-25T09:10:46.622+0900] {taskinstance.py:2867} INFO - Starting attempt 1 of 1
[2025-06-25T09:10:46.668+0900] {taskinstance.py:2890} INFO - Executing <Mapped(_PythonDecoratedOperator): img_preprocess_task__1> on 2025-06-25 00:04:18.909063+00:00
[2025-06-25T09:10:46.684+0900] {warnings.py:112} WARNING - /home/***/.local/lib/python3.12/site-packages/***/task/task_runner/standard_task_runner.py:70: DeprecationWarning: This process (pid=73730) is multi-threaded, use of fork() may lead to deadlocks in the child.
  pid = os.fork()

[2025-06-25T09:10:46.686+0900] {standard_task_runner.py:72} INFO - Started process 73740 to run task
[2025-06-25T09:10:46.690+0900] {standard_task_runner.py:104} INFO - Running: ['***', 'tasks', 'run', 'lilt_document_classifier_balanced_V0.1', 'img_preprocess_task__1', 'manual__2025-06-25T00:04:18.909063+00:00', '--job-id', '4880', '--raw', '--subdir', 'DAGS_FOLDER/class_create_dag.py', '--cfg-path', '/tmp/tmpmqhpfzln', '--map-index', '40']
[2025-06-25T09:10:46.704+0900] {standard_task_runner.py:105} INFO - Job 4880: Subtask img_preprocess_task__1
[2025-06-25T09:10:46.907+0900] {task_command.py:467} INFO - Running <TaskInstance: lilt_document_classifier_balanced_V0.1.img_preprocess_task__1 manual__2025-06-25T00:04:18.909063+00:00 map_index=40 [running]> on host f6d4228a9eb8
[2025-06-25T09:10:47.383+0900] {taskinstance.py:3134} INFO - Exporting env vars: AIRFLOW_CTX_DAG_OWNER='***' AIRFLOW_CTX_DAG_ID='lilt_document_classifier_balanced_V0.1' AIRFLOW_CTX_TASK_ID='img_preprocess_task__1' AIRFLOW_CTX_EXECUTION_DATE='2025-06-25T00:04:18.909063+00:00' AIRFLOW_CTX_TRY_NUMBER='1' AIRFLOW_CTX_DAG_RUN_ID='manual__2025-06-25T00:04:18.909063+00:00'
[2025-06-25T09:10:47.387+0900] {taskinstance.py:732} INFO - ::endgroup::
[2025-06-25T09:10:47.402+0900] {logging_mixin.py:190} INFO - empty map check {} {'process_id': '_aa70c511-a7e8-4b01-a464-633a4e3bb43e_pre', 'folder_path': '225b24fa-70de-4d4e-9570-fd85ec0d7950/aa70c511-a7e8-4b01-a464-633a4e3bb43e', 'step_list': [{'name': 'cache', 'param': {'cache_key': 'origin'}}, {'name': 'calc_angle_set2', 'param': {'angle_key': 'angle1', 'iterations': 4, 'iter_save': False}}, {'name': 'text_orientation_set', 'param': {'angle_key': 'angle2', 'iterations': 4, 'iter_save': False}}, {'name': 'load', 'param': {'cache_key': 'origin'}}, {'name': 'rotate', 'param': {'angle_key': 'angle1'}}, {'name': 'rotate', 'param': {'angle_key': 'angle2'}}], 'result_file_map': {}}
[2025-06-25T09:10:47.407+0900] {logging_mixin.py:190} INFO - step : cache
[2025-06-25T09:10:47.411+0900] {logging_mixin.py:190} INFO - step : calc_angle_set2
[2025-06-25T09:10:51.145+0900] {logging_mixin.py:190} INFO - osd 1 -1.0 -1.0 16 376481 [355819, 356101, 357269, 358022, 358351, 359839, 361024, 363098, 364558, 364781, 367250, 369294, 369262, 371556, 373611, 375537, 376481, 375870, 376054, 374344, 371825, 371012, 368716, 366025, 364899, 362857, 360983, 360785, 358819, 357285, 357121, 356117, 355229, 354694, 352847, 352964, 350579, 350047, 350195, 349288, 347230]
[2025-06-25T09:10:55.078+0900] {logging_mixin.py:190} INFO - osd 2 -1.25 -0.25 19 366494 [343059, 343199, 343070, 345211, 346260, 346502, 347466, 348202, 349516, 350632, 351740, 352400, 354431, 355449, 357758, 359700, 360244, 362318, 365589, 366494, 364748, 366336, 365884, 364290, 363132, 360215, 358300, 357006, 355382, 353348, 351737, 351213, 349376, 348579, 347691, 345950, 345257, 345151, 344076, 342936, 342530]
[2025-06-25T09:10:58.915+0900] {logging_mixin.py:190} INFO - osd 3 -0.75 0.5 22 364588 [338952, 339670, 340178, 341180, 341721, 343841, 344577, 345063, 346124, 347015, 347527, 348691, 349752, 351582, 353734, 354972, 356699, 358285, 361268, 362687, 361889, 364523, 364588, 363225, 361901, 359136, 358484, 356881, 353404, 352182, 352054, 349671, 348050, 348262, 345836, 345022, 344444, 344799, 342654, 341879, 341490]
[2025-06-25T09:11:02.972+0900] {logging_mixin.py:190} INFO - osd 4 -1.0 -0.25 19 359589 [335491, 336117, 336898, 338331, 338684, 339784, 339968, 341619, 342585, 343446, 344476, 346508, 347463, 349127, 351256, 353824, 354992, 356562, 359372, 359589, 357215, 358797, 357589, 354728, 353937, 350709, 349275, 348044, 345812, 344634, 343869, 343004, 341936, 339215, 338066, 338246, 337595, 336119, 335359, 335501, 334337]
[2025-06-25T09:11:03.031+0900] {logging_mixin.py:190} INFO - step : text_orientation_set
[2025-06-25T09:11:06.349+0900] {logging_mixin.py:190} INFO - Tesseract OSD Error: (1, 'Estimating resolution as 318 Too few characters. Skipping this page Warning. Invalid resolution 0 dpi. Using 70 instead. Too few characters. Skipping this page Error during processing.')
[2025-06-25T09:11:06.352+0900] {logging_mixin.py:190} INFO - step : load
[2025-06-25T09:11:06.352+0900] {logging_mixin.py:190} INFO - step : rotate
[2025-06-25T09:11:06.397+0900] {logging_mixin.py:190} INFO - step : rotate
[2025-06-25T09:11:06.455+0900] {logging_mixin.py:190} INFO - file_copy: /opt/***/data/temp/225b24fa-70de-4d4e-9570-fd85ec0d7950/aa70c511-a7e8-4b01-a464-633a4e3bb43e/_result.png
[2025-06-25T09:11:06.467+0900] {python.py:240} INFO - Done. Returned value was: {'file_id': '225b24fa-70de-4d4e-9570-fd85ec0d7950', 'file_path': '/opt/***/data/class/a_class/classify/ready/false/copied_51_91394658.png', 'false': {'process_id': '_aa70c511-a7e8-4b01-a464-633a4e3bb43e_pre', 'folder_path': '225b24fa-70de-4d4e-9570-fd85ec0d7950/aa70c511-a7e8-4b01-a464-633a4e3bb43e', 'step_list': [{'name': 'cache', 'param': {'cache_key': 'origin'}}, {'name': 'calc_angle_set2', 'param': {'angle_key': 'angle1', 'iterations': 4, 'iter_save': False}}, {'name': 'text_orientation_set', 'param': {'angle_key': 'angle2', 'iterations': 4, 'iter_save': False}}, {'name': 'load', 'param': {'cache_key': 'origin'}}, {'name': 'rotate', 'param': {'angle_key': 'angle1'}}, {'name': 'rotate', 'param': {'angle_key': 'angle2'}}], 'result_file_map': {'_result': '/opt/***/data/temp/225b24fa-70de-4d4e-9570-fd85ec0d7950/aa70c511-a7e8-4b01-a464-633a4e3bb43e/_result.png'}}}
[2025-06-25T09:11:06.526+0900] {taskinstance.py:341} INFO - ::group::Post task execution logs
[2025-06-25T09:11:06.527+0900] {taskinstance.py:353} INFO - Marking task as SUCCESS. dag_id=lilt_document_classifier_balanced_V0.1, task_id=img_preprocess_task__1, run_id=manual__2025-06-25T00:04:18.909063+00:00, map_index=40, execution_date=20250625T000418, start_date=20250625T001046, end_date=20250625T001106
[2025-06-25T09:11:06.665+0900] {local_task_job_runner.py:266} INFO - Task exited with return code 0
[2025-06-25T09:11:06.701+0900] {standard_task_runner.py:217} INFO - Process not found (most likely exited), stop collecting metrics
[2025-06-25T09:11:06.743+0900] {taskinstance.py:3901} INFO - 0 downstream tasks scheduled from follow-on schedule check
[2025-06-25T09:11:06.763+0900] {local_task_job_runner.py:245} INFO - ::endgroup::
