[2025-06-23T17:00:12.884+0900] {local_task_job_runner.py:123} INFO - ::group::Pre task execution logs
[2025-06-23T17:00:12.983+0900] {taskinstance.py:2614} INFO - Dependencies all met for dep_context=non-requeueable deps ti=<TaskInstance: lilt_document_classifier_balanced_V0.1.img_preprocess_task manual__2025-06-23T07:44:09.997775+00:00 map_index=59 [queued]>
[2025-06-23T17:00:13.024+0900] {taskinstance.py:2614} INFO - Dependencies all met for dep_context=requeueable deps ti=<TaskInstance: lilt_document_classifier_balanced_V0.1.img_preprocess_task manual__2025-06-23T07:44:09.997775+00:00 map_index=59 [queued]>
[2025-06-23T17:00:13.027+0900] {taskinstance.py:2867} INFO - Starting attempt 1 of 1
[2025-06-23T17:00:13.079+0900] {taskinstance.py:2890} INFO - Executing <Mapped(_PythonDecoratedOperator): img_preprocess_task> on 2025-06-23 07:44:09.997775+00:00
[2025-06-23T17:00:13.138+0900] {standard_task_runner.py:104} INFO - Running: ['***', 'tasks', 'run', 'lilt_document_classifier_balanced_V0.1', 'img_preprocess_task', 'manual__2025-06-23T07:44:09.997775+00:00', '--job-id', '3619', '--raw', '--subdir', 'DAGS_FOLDER/class_create_dag.py', '--cfg-path', '/tmp/tmpyoct8jin', '--map-index', '59']
[2025-06-23T17:00:13.145+0900] {standard_task_runner.py:105} INFO - Job 3619: Subtask img_preprocess_task
[2025-06-23T17:00:13.140+0900] {warnings.py:112} WARNING - /home/***/.local/lib/python3.12/site-packages/***/task/task_runner/standard_task_runner.py:70: DeprecationWarning: This process (pid=12244) is multi-threaded, use of fork() may lead to deadlocks in the child.
  pid = os.fork()

[2025-06-23T17:00:13.153+0900] {standard_task_runner.py:72} INFO - Started process 12270 to run task
[2025-06-23T17:00:13.242+0900] {task_command.py:467} INFO - Running <TaskInstance: lilt_document_classifier_balanced_V0.1.img_preprocess_task manual__2025-06-23T07:44:09.997775+00:00 map_index=59 [running]> on host f6d4228a9eb8
[2025-06-23T17:00:13.483+0900] {taskinstance.py:3134} INFO - Exporting env vars: AIRFLOW_CTX_DAG_OWNER='***' AIRFLOW_CTX_DAG_ID='lilt_document_classifier_balanced_V0.1' AIRFLOW_CTX_TASK_ID='img_preprocess_task' AIRFLOW_CTX_EXECUTION_DATE='2025-06-23T07:44:09.997775+00:00' AIRFLOW_CTX_TRY_NUMBER='1' AIRFLOW_CTX_DAG_RUN_ID='manual__2025-06-23T07:44:09.997775+00:00'
[2025-06-23T17:00:13.486+0900] {taskinstance.py:732} INFO - ::endgroup::
[2025-06-23T17:00:13.509+0900] {logging_mixin.py:190} INFO - empty map check {} {'process_id': '_7663754e-3077-4dea-b22a-3ffb8796d331_pre', 'folder_path': '1806b7b9-2509-42cc-ae12-e65a49130bd7/7663754e-3077-4dea-b22a-3ffb8796d331', 'step_list': [{'name': 'cache', 'param': {'key': 'origin'}}, {'name': 'calc_angle_set2', 'param': {'key': 'angle1', 'iterations': 4, 'iter_save': False}}, {'name': 'text_orientation_set', 'param': {'key': 'angle2', 'iterations': 4, 'iter_save': False}}, {'name': 'load', 'param': {'key': 'origin'}}, {'name': 'rotate', 'param': {'key': 'angle1'}}, {'name': 'rotate', 'param': {'key': 'angle2'}}], 'result_file_map': {}}
[2025-06-23T17:00:13.531+0900] {logging_mixin.py:190} INFO - step : cache
[2025-06-23T17:00:13.533+0900] {logging_mixin.py:190} INFO - step : calc_angle_set2
[2025-06-23T17:00:40.470+0900] {logging_mixin.py:190} INFO - osd 1 -5.0 -5.0 0 1345961 [1345961, 1292937, 1236253, 1178797, 1122762, 1066624, 1012171, 956328, 903066, 846666, 795841, 744858, 692450, 642238, 596167, 549478, 504022, 460347, 418007, 376729, 340590, 376168, 414719, 454327, 493476, 532901, 573430, 614127, 662038, 711866, 762276, 813700, 868287, 919599, 970133, 1017146, 1064871, 1111842, 1159955, 1207149, 1250807]
[2025-06-23T17:01:22.698+0900] {logging_mixin.py:190} INFO - osd 2 0.0 5.0 40 2867766 [2669260, 2593963, 2525352, 2453214, 2377106, 2306142, 2237283, 2164397, 2096960, 2022683, 1957520, 1888239, 1821590, 1757929, 1687672, 1621789, 1552535, 1486783, 1426724, 1357995, 1295277, 1364297, 1439203, 1507970, 1582018, 1661997, 1740192, 1823960, 1901136, 1982364, 2064628, 2141939, 2228777, 2307923, 2390712, 2469575, 2548510, 2632324, 2712747, 2787328, 2867766]
[2025-06-23T17:02:09.766+0900] {logging_mixin.py:190} INFO - osd 3 -5.0 -5.0 0 4591208 [4591208, 4491463, 4400128, 4304037, 4217097, 4124830, 4038839, 3944442, 3855125, 3767115, 3680829, 3593679, 3504044, 3417513, 3326652, 3241673, 3152453, 3062785, 2974884, 2886932, 2800760, 2885120, 2971460, 3057425, 3145258, 3233306, 3316650, 3405029, 3488279, 3575788, 3659257, 3742159, 3826156, 3910800, 3998215, 4070563, 4148902, 4221586, 4300688, 4374758, 4455455]
[2025-06-23T17:03:10.119+0900] {logging_mixin.py:190} INFO - osd 4 0.0 5.0 40 6928182 [6816977, 6691939, 6567353, 6444998, 6323571, 6203373, 6076382, 5951720, 5833899, 5709892, 5594008, 5468771, 5355596, 5232960, 5118965, 5007002, 4894812, 4781364, 4668557, 4557460, 4461398, 4572456, 4695839, 4819104, 4942609, 5063539, 5183233, 5306307, 5435601, 5555369, 5686171, 5808121, 5934244, 6057161, 6184443, 6312754, 6435708, 6558857, 6682124, 6805880, 6928182]
[2025-06-23T17:03:10.637+0900] {logging_mixin.py:190} INFO - step : text_orientation_set
[2025-06-23T17:03:33.649+0900] {logging_mixin.py:190} INFO - osd 1 break  0 0 11.53 Japanese 0.5
[2025-06-23T17:03:33.661+0900] {logging_mixin.py:190} INFO - step : load
[2025-06-23T17:03:33.671+0900] {logging_mixin.py:190} INFO - step : rotate
[2025-06-23T17:03:33.855+0900] {logging_mixin.py:190} INFO - step : rotate
[2025-06-23T17:03:34.231+0900] {logging_mixin.py:190} INFO - file_copy: /opt/***/data/temp/1806b7b9-2509-42cc-ae12-e65a49130bd7/7663754e-3077-4dea-b22a-3ffb8796d331/_result.png
[2025-06-23T17:03:34.283+0900] {python.py:240} INFO - Done. Returned value was: {'file_id': '1806b7b9-2509-42cc-ae12-e65a49130bd7', 'file_path': '/opt/***/data/class/a_class/classify/ready/true/종로 우성빌딩 - 정부24 - 건축물대장 등본(초본) 발급(열람) _ 문서출력_page_1_aug2.png', 'true': {'process_id': '_7663754e-3077-4dea-b22a-3ffb8796d331_pre', 'folder_path': '1806b7b9-2509-42cc-ae12-e65a49130bd7/7663754e-3077-4dea-b22a-3ffb8796d331', 'step_list': [{'name': 'cache', 'param': {'key': 'origin'}}, {'name': 'calc_angle_set2', 'param': {'key': 'angle1', 'iterations': 4, 'iter_save': False}}, {'name': 'text_orientation_set', 'param': {'key': 'angle2', 'iterations': 4, 'iter_save': False}}, {'name': 'load', 'param': {'key': 'origin'}}, {'name': 'rotate', 'param': {'key': 'angle1'}}, {'name': 'rotate', 'param': {'key': 'angle2'}}], 'result_file_map': {'_result': '/opt/***/data/temp/1806b7b9-2509-42cc-ae12-e65a49130bd7/7663754e-3077-4dea-b22a-3ffb8796d331/_result.png'}}}
[2025-06-23T17:03:34.565+0900] {taskinstance.py:341} INFO - ::group::Post task execution logs
[2025-06-23T17:03:34.567+0900] {taskinstance.py:353} INFO - Marking task as SUCCESS. dag_id=lilt_document_classifier_balanced_V0.1, task_id=img_preprocess_task, run_id=manual__2025-06-23T07:44:09.997775+00:00, map_index=59, execution_date=20250623T074409, start_date=20250623T080012, end_date=20250623T080334
[2025-06-23T17:03:34.739+0900] {local_task_job_runner.py:266} INFO - Task exited with return code 0
[2025-06-23T17:03:34.760+0900] {local_task_job_runner.py:245} INFO - ::endgroup::
