[2025-06-23T09:46:42.935+0900] {local_task_job_runner.py:123} INFO - ::group::Pre task execution logs
[2025-06-23T09:46:43.061+0900] {taskinstance.py:2614} INFO - Dependencies all met for dep_context=non-requeueable deps ti=<TaskInstance: lilt_document_classifier_balanced_V0.1.img_preprocess_task manual__2025-06-23T00:42:21.868462+00:00 map_index=71 [queued]>
[2025-06-23T09:46:43.195+0900] {taskinstance.py:2614} INFO - Dependencies all met for dep_context=requeueable deps ti=<TaskInstance: lilt_document_classifier_balanced_V0.1.img_preprocess_task manual__2025-06-23T00:42:21.868462+00:00 map_index=71 [queued]>
[2025-06-23T09:46:43.203+0900] {taskinstance.py:2867} INFO - Starting attempt 1 of 1
[2025-06-23T09:46:43.275+0900] {taskinstance.py:2890} INFO - Executing <Mapped(_PythonDecoratedOperator): img_preprocess_task> on 2025-06-23 00:42:21.868462+00:00
[2025-06-23T09:46:43.333+0900] {standard_task_runner.py:104} INFO - Running: ['***', 'tasks', 'run', 'lilt_document_classifier_balanced_V0.1', 'img_preprocess_task', 'manual__2025-06-23T00:42:21.868462+00:00', '--job-id', '2034', '--raw', '--subdir', 'DAGS_FOLDER/class_create_dag.py', '--cfg-path', '/tmp/tmpd53qo41d', '--map-index', '71']
[2025-06-23T09:46:43.328+0900] {warnings.py:112} WARNING - /home/***/.local/lib/python3.12/site-packages/***/task/task_runner/standard_task_runner.py:70: DeprecationWarning: This process (pid=83615) is multi-threaded, use of fork() may lead to deadlocks in the child.
  pid = os.fork()

[2025-06-23T09:46:43.340+0900] {standard_task_runner.py:105} INFO - Job 2034: Subtask img_preprocess_task
[2025-06-23T09:46:43.344+0900] {standard_task_runner.py:72} INFO - Started process 83650 to run task
[2025-06-23T09:46:43.438+0900] {task_command.py:467} INFO - Running <TaskInstance: lilt_document_classifier_balanced_V0.1.img_preprocess_task manual__2025-06-23T00:42:21.868462+00:00 map_index=71 [running]> on host f6d4228a9eb8
[2025-06-23T09:46:43.668+0900] {taskinstance.py:3134} INFO - Exporting env vars: AIRFLOW_CTX_DAG_OWNER='***' AIRFLOW_CTX_DAG_ID='lilt_document_classifier_balanced_V0.1' AIRFLOW_CTX_TASK_ID='img_preprocess_task' AIRFLOW_CTX_EXECUTION_DATE='2025-06-23T00:42:21.868462+00:00' AIRFLOW_CTX_TRY_NUMBER='1' AIRFLOW_CTX_DAG_RUN_ID='manual__2025-06-23T00:42:21.868462+00:00'
[2025-06-23T09:46:43.678+0900] {taskinstance.py:732} INFO - ::endgroup::
[2025-06-23T09:46:43.700+0900] {logging_mixin.py:190} INFO - empty map check {} {'process_id': '_b5aaacac-688c-487c-bed8-c1919ccdb0b4_pre', 'folder_path': 'cc21bf8c-61c7-4650-b5fe-2f84caf70f18/b5aaacac-688c-487c-bed8-c1919ccdb0b4', 'step_list': [{'name': 'cache', 'param': {'key': 'origin'}}, {'name': 'calc_angle_set1', 'param': {'key': 'angle1', 'iterations': 4, 'iter_save': False}}, {'name': 'text_orientation_set', 'param': {'key': 'angle2', 'iterations': 4, 'iter_save': False}}, {'name': 'load', 'param': {'key': 'origin'}}, {'name': 'rotate', 'param': {'key': 'angle1'}}, {'name': 'rotate', 'param': {'key': 'angle2'}}], 'result_file_map': {}}
[2025-06-23T09:46:43.710+0900] {logging_mixin.py:190} INFO - step : cache
[2025-06-23T09:46:43.714+0900] {logging_mixin.py:190} INFO - step : calc_angle_set1
[2025-06-23T09:46:44.151+0900] {logging_mixin.py:190} INFO - step : text_orientation_set
[2025-06-23T09:47:07.876+0900] {logging_mixin.py:190} INFO - osd 1 break  0 0 8.81 Korean 0.85
[2025-06-23T09:47:07.880+0900] {logging_mixin.py:190} INFO - step : load
[2025-06-23T09:47:07.881+0900] {logging_mixin.py:190} INFO - step : rotate
[2025-06-23T09:47:08.038+0900] {logging_mixin.py:190} INFO - step : rotate
[2025-06-23T09:47:08.417+0900] {logging_mixin.py:190} INFO - file_copy: /opt/***/data/temp/cc21bf8c-61c7-4650-b5fe-2f84caf70f18/b5aaacac-688c-487c-bed8-c1919ccdb0b4/_result.png
[2025-06-23T09:47:08.437+0900] {python.py:240} INFO - Done. Returned value was: {'file_id': 'cc21bf8c-61c7-4650-b5fe-2f84caf70f18', 'file_path': '/opt/***/data/class/a_class/classify/ready/true/경희궁지내 - 정부24 - 건축물대장 등본(초본) 발급(열람) _ 문서출력_page_1_aug1.png', 'true': {'process_id': '_b5aaacac-688c-487c-bed8-c1919ccdb0b4_pre', 'folder_path': 'cc21bf8c-61c7-4650-b5fe-2f84caf70f18/b5aaacac-688c-487c-bed8-c1919ccdb0b4', 'step_list': [{'name': 'cache', 'param': {'key': 'origin'}}, {'name': 'calc_angle_set1', 'param': {'key': 'angle1', 'iterations': 4, 'iter_save': False}}, {'name': 'text_orientation_set', 'param': {'key': 'angle2', 'iterations': 4, 'iter_save': False}}, {'name': 'load', 'param': {'key': 'origin'}}, {'name': 'rotate', 'param': {'key': 'angle1'}}, {'name': 'rotate', 'param': {'key': 'angle2'}}], 'result_file_map': {'_result': '/opt/***/data/temp/cc21bf8c-61c7-4650-b5fe-2f84caf70f18/b5aaacac-688c-487c-bed8-c1919ccdb0b4/_result.png'}}}
[2025-06-23T09:47:08.493+0900] {taskinstance.py:341} INFO - ::group::Post task execution logs
[2025-06-23T09:47:08.495+0900] {taskinstance.py:353} INFO - Marking task as SUCCESS. dag_id=lilt_document_classifier_balanced_V0.1, task_id=img_preprocess_task, run_id=manual__2025-06-23T00:42:21.868462+00:00, map_index=71, execution_date=20250623T004221, start_date=20250623T004643, end_date=20250623T004708
[2025-06-23T09:47:08.625+0900] {local_task_job_runner.py:266} INFO - Task exited with return code 0
[2025-06-23T09:47:08.692+0900] {taskinstance.py:3901} INFO - 0 downstream tasks scheduled from follow-on schedule check
[2025-06-23T09:47:08.713+0900] {local_task_job_runner.py:245} INFO - ::endgroup::
