[2025-06-23T16:18:13.191+0900] {local_task_job_runner.py:123} INFO - ::group::Pre task execution logs
[2025-06-23T16:18:13.442+0900] {taskinstance.py:2614} INFO - Dependencies all met for dep_context=non-requeueable deps ti=<TaskInstance: lilt_document_classifier_balanced_V0.1.img_preprocess_task__1 manual__2025-06-23T06:45:10.371530+00:00 map_index=78 [queued]>
[2025-06-23T16:18:13.734+0900] {taskinstance.py:2614} INFO - Dependencies all met for dep_context=requeueable deps ti=<TaskInstance: lilt_document_classifier_balanced_V0.1.img_preprocess_task__1 manual__2025-06-23T06:45:10.371530+00:00 map_index=78 [queued]>
[2025-06-23T16:18:13.763+0900] {taskinstance.py:2867} INFO - Starting attempt 2 of 2
[2025-06-23T16:18:13.945+0900] {taskinstance.py:2890} INFO - Executing <Mapped(_PythonDecoratedOperator): img_preprocess_task__1> on 2025-06-23 06:45:10.371530+00:00
[2025-06-23T16:18:13.974+0900] {warnings.py:112} WARNING - /home/***/.local/lib/python3.12/site-packages/***/task/task_runner/standard_task_runner.py:70: DeprecationWarning: This process (pid=6287) is multi-threaded, use of fork() may lead to deadlocks in the child.
  pid = os.fork()

[2025-06-23T16:18:13.976+0900] {standard_task_runner.py:72} INFO - Started process 6314 to run task
[2025-06-23T16:18:13.973+0900] {standard_task_runner.py:104} INFO - Running: ['***', 'tasks', 'run', 'lilt_document_classifier_balanced_V0.1', 'img_preprocess_task__1', 'manual__2025-06-23T06:45:10.371530+00:00', '--job-id', '3329', '--raw', '--subdir', 'DAGS_FOLDER/class_create_dag.py', '--cfg-path', '/tmp/tmpquyzdpad', '--map-index', '78']
[2025-06-23T16:18:13.984+0900] {standard_task_runner.py:105} INFO - Job 3329: Subtask img_preprocess_task__1
[2025-06-23T16:18:14.278+0900] {task_command.py:467} INFO - Running <TaskInstance: lilt_document_classifier_balanced_V0.1.img_preprocess_task__1 manual__2025-06-23T06:45:10.371530+00:00 map_index=78 [running]> on host f6d4228a9eb8
[2025-06-23T16:18:14.612+0900] {taskinstance.py:3134} INFO - Exporting env vars: AIRFLOW_CTX_DAG_OWNER='***' AIRFLOW_CTX_DAG_ID='lilt_document_classifier_balanced_V0.1' AIRFLOW_CTX_TASK_ID='img_preprocess_task__1' AIRFLOW_CTX_EXECUTION_DATE='2025-06-23T06:45:10.371530+00:00' AIRFLOW_CTX_TRY_NUMBER='2' AIRFLOW_CTX_DAG_RUN_ID='manual__2025-06-23T06:45:10.371530+00:00'
[2025-06-23T16:18:14.617+0900] {taskinstance.py:732} INFO - ::endgroup::
[2025-06-23T16:18:14.632+0900] {logging_mixin.py:190} INFO - empty map check {} {'process_id': '_7da09abf-08c1-4329-bb33-b88b338b3905_pre', 'folder_path': '99720b0d-185f-45e6-bbed-e513ee0dcd9a/7da09abf-08c1-4329-bb33-b88b338b3905', 'step_list': [{'name': 'cache', 'param': {'key': 'origin'}}, {'name': 'calc_angle_set2', 'param': {'key': 'angle1', 'iterations': 4, 'iter_save': False}}, {'name': 'text_orientation_set', 'param': {'key': 'angle2', 'iterations': 4, 'iter_save': False}}, {'name': 'load', 'param': {'key': 'origin'}}, {'name': 'rotate', 'param': {'key': 'angle1'}}, {'name': 'rotate', 'param': {'key': 'angle2'}}], 'result_file_map': {}}
[2025-06-23T16:18:14.637+0900] {logging_mixin.py:190} INFO - step : cache
[2025-06-23T16:18:14.639+0900] {logging_mixin.py:190} INFO - step : calc_angle_set2
[2025-06-23T16:18:20.309+0900] {logging_mixin.py:190} INFO - osd 1 -0.25 -0.25 19 814 [0, 0, 0, 0, 0, 0, 0, 0, 0, 0, 0, 0, 0, 27, 106, 252, 415, 376, 756, 814, 545, 574, 401, 219, 87, 13, 2, 0, 0, 0, 0, 0, 0, 0, 0, 0, 0, 0, 0, 0, 0]
[2025-06-23T16:18:28.417+0900] {logging_mixin.py:190} INFO - osd 2 -0.25 0.0 20 814 [0, 0, 0, 0, 0, 0, 0, 0, 0, 0, 0, 0, 0, 1, 40, 94, 267, 346, 429, 670, 814, 568, 603, 394, 243, 91, 20, 3, 0, 0, 0, 0, 0, 0, 0, 0, 0, 0, 0, 0, 0]
[2025-06-23T16:18:35.030+0900] {logging_mixin.py:190} INFO - osd 3 -0.25 0.0 20 814 [0, 0, 0, 0, 0, 0, 0, 0, 0, 0, 0, 0, 0, 1, 40, 94, 267, 346, 429, 670, 814, 568, 603, 394, 243, 91, 20, 3, 0, 0, 0, 0, 0, 0, 0, 0, 0, 0, 0, 0, 0]
[2025-06-23T16:18:40.834+0900] {logging_mixin.py:190} INFO - osd 4 -0.25 0.0 20 814 [0, 0, 0, 0, 0, 0, 0, 0, 0, 0, 0, 0, 0, 1, 40, 94, 267, 346, 429, 670, 814, 568, 603, 394, 243, 91, 20, 3, 0, 0, 0, 0, 0, 0, 0, 0, 0, 0, 0, 0, 0]
[2025-06-23T16:18:40.960+0900] {logging_mixin.py:190} INFO - step : text_orientation_set
[2025-06-23T16:18:47.620+0900] {logging_mixin.py:190} INFO - osd 1 break  0 0 2.94 Latin 0.74
[2025-06-23T16:18:47.653+0900] {logging_mixin.py:190} INFO - step : load
[2025-06-23T16:18:47.662+0900] {logging_mixin.py:190} INFO - step : rotate
[2025-06-23T16:18:47.812+0900] {logging_mixin.py:190} INFO - step : rotate
[2025-06-23T16:18:48.034+0900] {logging_mixin.py:190} INFO - file_copy: /opt/***/data/temp/99720b0d-185f-45e6-bbed-e513ee0dcd9a/7da09abf-08c1-4329-bb33-b88b338b3905/_result.png
[2025-06-23T16:18:48.091+0900] {python.py:240} INFO - Done. Returned value was: {'file_id': '99720b0d-185f-45e6-bbed-e513ee0dcd9a', 'file_path': '/opt/***/data/class/a_class/classify/ready/false/copied_40_86462730.png', 'false': {'process_id': '_7da09abf-08c1-4329-bb33-b88b338b3905_pre', 'folder_path': '99720b0d-185f-45e6-bbed-e513ee0dcd9a/7da09abf-08c1-4329-bb33-b88b338b3905', 'step_list': [{'name': 'cache', 'param': {'key': 'origin'}}, {'name': 'calc_angle_set2', 'param': {'key': 'angle1', 'iterations': 4, 'iter_save': False}}, {'name': 'text_orientation_set', 'param': {'key': 'angle2', 'iterations': 4, 'iter_save': False}}, {'name': 'load', 'param': {'key': 'origin'}}, {'name': 'rotate', 'param': {'key': 'angle1'}}, {'name': 'rotate', 'param': {'key': 'angle2'}}], 'result_file_map': {'_result': '/opt/***/data/temp/99720b0d-185f-45e6-bbed-e513ee0dcd9a/7da09abf-08c1-4329-bb33-b88b338b3905/_result.png'}}}
[2025-06-23T16:18:48.230+0900] {taskinstance.py:341} INFO - ::group::Post task execution logs
[2025-06-23T16:18:48.252+0900] {taskinstance.py:353} INFO - Marking task as SUCCESS. dag_id=lilt_document_classifier_balanced_V0.1, task_id=img_preprocess_task__1, run_id=manual__2025-06-23T06:45:10.371530+00:00, map_index=78, execution_date=20250623T064510, start_date=20250623T071813, end_date=20250623T071848
[2025-06-23T16:18:48.339+0900] {local_task_job_runner.py:266} INFO - Task exited with return code 0
[2025-06-23T16:18:48.378+0900] {taskinstance.py:3901} INFO - 0 downstream tasks scheduled from follow-on schedule check
[2025-06-23T16:18:48.385+0900] {local_task_job_runner.py:245} INFO - ::endgroup::
