[2025-06-24T15:57:22.113+0900] {local_task_job_runner.py:123} INFO - ::group::Pre task execution logs
[2025-06-24T15:57:22.249+0900] {taskinstance.py:2614} INFO - Dependencies all met for dep_context=non-requeueable deps ti=<TaskInstance: lilt_document_classifier_balanced_V0.1.img_preprocess_task manual__2025-06-24T06:53:42.323966+00:00 map_index=15 [queued]>
[2025-06-24T15:57:22.355+0900] {taskinstance.py:2614} INFO - Dependencies all met for dep_context=requeueable deps ti=<TaskInstance: lilt_document_classifier_balanced_V0.1.img_preprocess_task manual__2025-06-24T06:53:42.323966+00:00 map_index=15 [queued]>
[2025-06-24T15:57:22.374+0900] {taskinstance.py:2867} INFO - Starting attempt 1 of 1
[2025-06-24T15:57:22.483+0900] {taskinstance.py:2890} INFO - Executing <Mapped(_PythonDecoratedOperator): img_preprocess_task> on 2025-06-24 06:53:42.323966+00:00
[2025-06-24T15:57:22.593+0900] {standard_task_runner.py:104} INFO - Running: ['***', 'tasks', 'run', 'lilt_document_classifier_balanced_V0.1', 'img_preprocess_task', 'manual__2025-06-24T06:53:42.323966+00:00', '--job-id', '4250', '--raw', '--subdir', 'DAGS_FOLDER/class_create_dag.py', '--cfg-path', '/tmp/tmpp8ol595n', '--map-index', '15']
[2025-06-24T15:57:22.622+0900] {standard_task_runner.py:105} INFO - Job 4250: Subtask img_preprocess_task
[2025-06-24T15:57:22.642+0900] {warnings.py:112} WARNING - /home/***/.local/lib/python3.12/site-packages/***/task/task_runner/standard_task_runner.py:70: DeprecationWarning: This process (pid=48089) is multi-threaded, use of fork() may lead to deadlocks in the child.
  pid = os.fork()

[2025-06-24T15:57:22.673+0900] {standard_task_runner.py:72} INFO - Started process 48114 to run task
[2025-06-24T15:57:22.936+0900] {task_command.py:467} INFO - Running <TaskInstance: lilt_document_classifier_balanced_V0.1.img_preprocess_task manual__2025-06-24T06:53:42.323966+00:00 map_index=15 [running]> on host f6d4228a9eb8
[2025-06-24T15:57:23.923+0900] {taskinstance.py:3134} INFO - Exporting env vars: AIRFLOW_CTX_DAG_OWNER='***' AIRFLOW_CTX_DAG_ID='lilt_document_classifier_balanced_V0.1' AIRFLOW_CTX_TASK_ID='img_preprocess_task' AIRFLOW_CTX_EXECUTION_DATE='2025-06-24T06:53:42.323966+00:00' AIRFLOW_CTX_TRY_NUMBER='1' AIRFLOW_CTX_DAG_RUN_ID='manual__2025-06-24T06:53:42.323966+00:00'
[2025-06-24T15:57:23.978+0900] {taskinstance.py:732} INFO - ::endgroup::
[2025-06-24T15:57:24.008+0900] {logging_mixin.py:190} INFO - empty map check {} {'process_id': '_7f6cbcbf-ba5c-4775-8077-8172cac9768e_pre', 'folder_path': 'ebc70892-43e5-4ab2-8b18-2b4ebb0276ec/7f6cbcbf-ba5c-4775-8077-8172cac9768e', 'step_list': [{'name': 'cache', 'param': {'key': 'origin'}}, {'name': 'calc_angle_set2', 'param': {'key': 'angle1', 'iterations': 4, 'iter_save': False}}, {'name': 'text_orientation_set', 'param': {'key': 'angle2', 'iterations': 4, 'iter_save': False}}, {'name': 'load', 'param': {'key': 'origin'}}, {'name': 'rotate', 'param': {'key': 'angle1'}}, {'name': 'rotate', 'param': {'key': 'angle2'}}], 'result_file_map': {}}
[2025-06-24T15:57:24.021+0900] {logging_mixin.py:190} INFO - step : cache
[2025-06-24T15:57:24.024+0900] {logging_mixin.py:190} INFO - step : calc_angle_set2
[2025-06-24T15:57:57.172+0900] {logging_mixin.py:190} INFO - osd 1 -0.5 -0.5 18 136023 [0, 0, 0, 0, 2, 0, 0, 0, 0, 0, 0, 0, 19, 1534, 14093, 34807, 55985, 75671, 136023, 99460, 73500, 55467, 32394, 12563, 1726, 13, 84, 47, 6, 6, 23, 48, 0, 0, 0, 0, 37, 0, 10, 0, 0]
[2025-06-24T15:58:31.153+0900] {logging_mixin.py:190} INFO - osd 2 -0.5 0.0 20 143630 [0, 24, 0, 0, 9, 100, 0, 41, 0, 0, 23, 40, 57, 65, 71, 3139, 18500, 40442, 61411, 81726, 143630, 106482, 76703, 60737, 36210, 16787, 2818, 5, 29, 136, 53, 98, 13, 72, 68, 81, 0, 13, 0, 0, 20]
[2025-06-24T15:59:04.513+0900] {logging_mixin.py:190} INFO - osd 3 -0.5 0.0 20 143630 [0, 24, 0, 0, 9, 100, 0, 41, 0, 0, 23, 40, 57, 65, 71, 3139, 18500, 40442, 61411, 81726, 143630, 106482, 76703, 60737, 36210, 16787, 2818, 5, 29, 136, 53, 98, 13, 72, 68, 81, 0, 13, 0, 0, 20]
[2025-06-24T15:59:36.873+0900] {logging_mixin.py:190} INFO - osd 4 -0.5 0.0 20 143630 [0, 24, 0, 0, 9, 100, 0, 41, 0, 0, 23, 40, 57, 65, 71, 3139, 18500, 40442, 61411, 81726, 143630, 106482, 76703, 60737, 36210, 16787, 2818, 5, 29, 136, 53, 98, 13, 72, 68, 81, 0, 13, 0, 0, 20]
[2025-06-24T15:59:37.083+0900] {logging_mixin.py:190} INFO - step : text_orientation_set
[2025-06-24T15:59:55.667+0900] {logging_mixin.py:190} INFO - osd 1 break  0 0 9.21 Korean 0.99
[2025-06-24T15:59:55.669+0900] {logging_mixin.py:190} INFO - step : load
[2025-06-24T15:59:55.672+0900] {logging_mixin.py:190} INFO - step : rotate
[2025-06-24T15:59:56.467+0900] {logging_mixin.py:190} INFO - step : rotate
[2025-06-24T15:59:57.296+0900] {logging_mixin.py:190} INFO - file_copy: /opt/***/data/temp/ebc70892-43e5-4ab2-8b18-2b4ebb0276ec/7f6cbcbf-ba5c-4775-8077-8172cac9768e/_result.png
[2025-06-24T15:59:57.388+0900] {python.py:240} INFO - Done. Returned value was: {'file_id': 'ebc70892-43e5-4ab2-8b18-2b4ebb0276ec', 'file_path': '/opt/***/data/class/a_class/classify/ready/true/목동 자성빌딩 - 정부24 - 건축물대장 등본(초본) 발급(열람) _ 문서출력_page_1_aug0.png', 'true': {'process_id': '_7f6cbcbf-ba5c-4775-8077-8172cac9768e_pre', 'folder_path': 'ebc70892-43e5-4ab2-8b18-2b4ebb0276ec/7f6cbcbf-ba5c-4775-8077-8172cac9768e', 'step_list': [{'name': 'cache', 'param': {'key': 'origin'}}, {'name': 'calc_angle_set2', 'param': {'key': 'angle1', 'iterations': 4, 'iter_save': False}}, {'name': 'text_orientation_set', 'param': {'key': 'angle2', 'iterations': 4, 'iter_save': False}}, {'name': 'load', 'param': {'key': 'origin'}}, {'name': 'rotate', 'param': {'key': 'angle1'}}, {'name': 'rotate', 'param': {'key': 'angle2'}}], 'result_file_map': {'_result': '/opt/***/data/temp/ebc70892-43e5-4ab2-8b18-2b4ebb0276ec/7f6cbcbf-ba5c-4775-8077-8172cac9768e/_result.png'}}}
[2025-06-24T15:59:57.445+0900] {taskinstance.py:341} INFO - ::group::Post task execution logs
[2025-06-24T15:59:57.446+0900] {taskinstance.py:353} INFO - Marking task as SUCCESS. dag_id=lilt_document_classifier_balanced_V0.1, task_id=img_preprocess_task, run_id=manual__2025-06-24T06:53:42.323966+00:00, map_index=15, execution_date=20250624T065342, start_date=20250624T065722, end_date=20250624T065957
[2025-06-24T15:59:57.598+0900] {local_task_job_runner.py:266} INFO - Task exited with return code 0
[2025-06-24T15:59:57.691+0900] {local_task_job_runner.py:245} INFO - ::endgroup::
