[2025-05-27T08:38:01.985+0000] {local_task_job_runner.py:123} INFO - ::group::Pre task execution logs
[2025-05-27T08:38:02.741+0000] {taskinstance.py:2614} INFO - Dependencies all met for dep_context=non-requeueable deps ti=<TaskInstance: image_processing_per_file_v2.file_copy_task manual__2025-05-27T08:27:30.939474+00:00 map_index=125 [queued]>
[2025-05-27T08:38:03.557+0000] {taskinstance.py:2614} INFO - Dependencies all met for dep_context=requeueable deps ti=<TaskInstance: image_processing_per_file_v2.file_copy_task manual__2025-05-27T08:27:30.939474+00:00 map_index=125 [queued]>
[2025-05-27T08:38:03.558+0000] {taskinstance.py:2867} INFO - Starting attempt 1 of 1
[2025-05-27T08:38:03.775+0000] {taskinstance.py:2890} INFO - Executing <Mapped(_PythonDecoratedOperator): file_copy_task> on 2025-05-27 08:27:30.939474+00:00
[2025-05-27T08:38:03.952+0000] {logging_mixin.py:190} WARNING - /home/***/.local/lib/python3.12/site-packages/***/task/task_runner/standard_task_runner.py:70 DeprecationWarning: This process (pid=22104) is multi-threaded, use of fork() may lead to deadlocks in the child.
[2025-05-27T08:38:03.968+0000] {standard_task_runner.py:104} INFO - Running: ['***', 'tasks', 'run', 'image_processing_per_file_v2', 'file_copy_task', 'manual__2025-05-27T08:27:30.939474+00:00', '--job-id', '581', '--raw', '--subdir', 'DAGS_FOLDER/test_dag.py', '--cfg-path', '/tmp/tmpmdchkyq8', '--map-index', '125']
[2025-05-27T08:38:04.001+0000] {standard_task_runner.py:105} INFO - Job 581: Subtask file_copy_task
[2025-05-27T08:38:03.988+0000] {standard_task_runner.py:72} INFO - Started process 22220 to run task
[2025-05-27T08:38:04.416+0000] {task_command.py:467} INFO - Running <TaskInstance: image_processing_per_file_v2.file_copy_task manual__2025-05-27T08:27:30.939474+00:00 map_index=125 [running]> on host d13339a4a574
[2025-05-27T08:38:05.225+0000] {taskinstance.py:3134} INFO - Exporting env vars: AIRFLOW_CTX_DAG_OWNER='***' AIRFLOW_CTX_DAG_ID='image_processing_per_file_v2' AIRFLOW_CTX_TASK_ID='file_copy_task' AIRFLOW_CTX_EXECUTION_DATE='2025-05-27T08:27:30.939474+00:00' AIRFLOW_CTX_TRY_NUMBER='1' AIRFLOW_CTX_DAG_RUN_ID='manual__2025-05-27T08:27:30.939474+00:00'
[2025-05-27T08:38:05.242+0000] {logging_mixin.py:190} INFO - Task instance is in running state
[2025-05-27T08:38:04.709+0000] {logging_mixin.py:190} INFO -  Previous state of the Task instance: queued
[2025-05-27T08:38:04.723+0000] {logging_mixin.py:190} INFO - Current task name:file_copy_task state:running start_date:2025-05-27 08:38:02.757131+00:00
[2025-05-27T08:38:04.762+0000] {logging_mixin.py:190} INFO - Dag name:image_processing_per_file_v2 and current dag run status:running
[2025-05-27T08:38:04.777+0000] {taskinstance.py:732} INFO - ::endgroup::
[2025-05-27T08:38:05.589+0000] {logging_mixin.py:190} INFO - copy: /opt/***/data/result/test/스크린샷 2025-05-21 172720 - 복사본 - 복사본(2).png
[2025-05-27T08:38:05.590+0000] {python.py:240} INFO - Done. Returned value was: /opt/***/data/result/test/스크린샷 2025-05-21 172720 - 복사본 - 복사본(2).png
[2025-05-27T08:38:05.862+0000] {taskinstance.py:341} INFO - ::group::Post task execution logs
[2025-05-27T08:38:05.883+0000] {taskinstance.py:353} INFO - Marking task as SUCCESS. dag_id=image_processing_per_file_v2, task_id=file_copy_task, run_id=manual__2025-05-27T08:27:30.939474+00:00, map_index=125, execution_date=20250527T082730, start_date=20250527T083802, end_date=20250527T083805
[2025-05-27T08:38:06.536+0000] {logging_mixin.py:190} INFO - Task instance in success state
[2025-05-27T08:38:06.549+0000] {logging_mixin.py:190} INFO -  Previous state of the Task instance: running
[2025-05-27T08:38:06.569+0000] {logging_mixin.py:190} INFO - Dag name:image_processing_per_file_v2 queued_at:2025-05-27 08:27:30.973127+00:00
[2025-05-27T08:38:06.584+0000] {logging_mixin.py:190} INFO - Task hostname:d13339a4a574 operator:_PythonDecoratedOperator
[2025-05-27T08:38:06.740+0000] {local_task_job_runner.py:266} INFO - Task exited with return code 0
[2025-05-27T08:38:07.991+0000] {taskinstance.py:3901} INFO - 0 downstream tasks scheduled from follow-on schedule check
[2025-05-27T08:38:08.037+0000] {local_task_job_runner.py:245} INFO - ::endgroup::
[2025-05-27T08:38:08.099+0000] {standard_task_runner.py:217} INFO - Process not found (most likely exited), stop collecting metrics
