[2025-06-19T16:15:10.395+0900] {local_task_job_runner.py:123} INFO - ::group::Pre task execution logs
[2025-06-19T16:15:10.467+0900] {taskinstance.py:2614} INFO - Dependencies all met for dep_context=non-requeueable deps ti=<TaskInstance: lilt_document_classifier_balanced_V0.1.img_preprocess_task__1 manual__2025-06-19T07:13:53.100355+00:00 map_index=6 [queued]>
[2025-06-19T16:15:10.539+0900] {taskinstance.py:2614} INFO - Dependencies all met for dep_context=requeueable deps ti=<TaskInstance: lilt_document_classifier_balanced_V0.1.img_preprocess_task__1 manual__2025-06-19T07:13:53.100355+00:00 map_index=6 [queued]>
[2025-06-19T16:15:10.544+0900] {taskinstance.py:2867} INFO - Starting attempt 1 of 1
[2025-06-19T16:15:10.598+0900] {taskinstance.py:2890} INFO - Executing <Mapped(_PythonDecoratedOperator): img_preprocess_task__1> on 2025-06-19 07:13:53.100355+00:00
[2025-06-19T16:15:10.668+0900] {standard_task_runner.py:104} INFO - Running: ['***', 'tasks', 'run', 'lilt_document_classifier_balanced_V0.1', 'img_preprocess_task__1', 'manual__2025-06-19T07:13:53.100355+00:00', '--job-id', '1452', '--raw', '--subdir', 'DAGS_FOLDER/class_create_dag.py', '--cfg-path', '/tmp/tmpx25dbare', '--map-index', '6']
[2025-06-19T16:15:10.692+0900] {standard_task_runner.py:105} INFO - Job 1452: Subtask img_preprocess_task__1
[2025-06-19T16:15:10.664+0900] {warnings.py:112} WARNING - /home/***/.local/lib/python3.12/site-packages/***/task/task_runner/standard_task_runner.py:70: DeprecationWarning: This process (pid=2642) is multi-threaded, use of fork() may lead to deadlocks in the child.
  pid = os.fork()

[2025-06-19T16:15:10.700+0900] {standard_task_runner.py:72} INFO - Started process 2747 to run task
[2025-06-19T16:15:10.877+0900] {task_command.py:467} INFO - Running <TaskInstance: lilt_document_classifier_balanced_V0.1.img_preprocess_task__1 manual__2025-06-19T07:13:53.100355+00:00 map_index=6 [running]> on host f6d4228a9eb8
[2025-06-19T16:15:11.369+0900] {taskinstance.py:3134} INFO - Exporting env vars: AIRFLOW_CTX_DAG_OWNER='***' AIRFLOW_CTX_DAG_ID='lilt_document_classifier_balanced_V0.1' AIRFLOW_CTX_TASK_ID='img_preprocess_task__1' AIRFLOW_CTX_EXECUTION_DATE='2025-06-19T07:13:53.100355+00:00' AIRFLOW_CTX_TRY_NUMBER='1' AIRFLOW_CTX_DAG_RUN_ID='manual__2025-06-19T07:13:53.100355+00:00'
[2025-06-19T16:15:11.380+0900] {taskinstance.py:732} INFO - ::endgroup::
[2025-06-19T16:15:11.388+0900] {logging_mixin.py:190} INFO - empty map check {} {'process_id': '_86a7a1b4-02f7-44b6-a8f7-fbaac09fa0c3_pre', 'folder_path': '63e8d05b-4c6e-4c3e-818b-2ae50ce805d0/86a7a1b4-02f7-44b6-a8f7-fbaac09fa0c3', 'step_list': [{'name': 'cache', 'param': {'key': 'origin'}}, {'name': 'calc_angle_set1', 'param': {'key': 'angle1', 'iterations': 4, 'iter_save': False}}, {'name': 'text_orientation_set', 'param': {'key': 'angle2', 'iterations': 4, 'iter_save': False}}, {'name': 'load', 'param': {'key': 'origin'}}, {'name': 'rotate', 'param': {'key': 'angle1'}}, {'name': 'rotate', 'param': {'key': 'angle2'}}], 'result_file_map': {}}
[2025-06-19T16:15:11.390+0900] {logging_mixin.py:190} INFO - step : cache
[2025-06-19T16:15:11.394+0900] {logging_mixin.py:190} INFO - step : calc_angle_set1
[2025-06-19T16:15:11.421+0900] {logging_mixin.py:190} INFO - angle1 :  0 90.23979869309858 180.408276554025 180.0 0.09256176036887707 0.4583564580004315
[2025-06-19T16:15:11.468+0900] {logging_mixin.py:190} INFO - angle2 :  90.23979869309858 89.97232681630777 89.72909998787114 90.06764551699112 90.09256176036888 90.0
[2025-06-19T16:15:11.552+0900] {logging_mixin.py:190} INFO - angle3 :  180.21212550940635 90.05219538826915 179.8647091545999 180.06772547615662 0.18393445485401697 0.09241246746612015
[2025-06-19T16:15:11.648+0900] {logging_mixin.py:190} INFO - angle4 :  270.2643208976755 89.97225791693205 90.0 89.79706420335208 90.09196746437614 90.0
[2025-06-19T16:15:11.883+0900] {logging_mixin.py:190} INFO - step : text_orientation_set
[2025-06-19T16:15:20.313+0900] {logging_mixin.py:190} INFO - Tesseract OSD Error: (1, 'Estimating resolution as 116 Warning. Invalid resolution 0 dpi. Using 70 instead. Too few characters. Skipping this page Error during processing.')
[2025-06-19T16:15:20.331+0900] {logging_mixin.py:190} INFO - step : load
[2025-06-19T16:15:20.341+0900] {logging_mixin.py:190} INFO - step : rotate
[2025-06-19T16:15:20.448+0900] {logging_mixin.py:190} INFO - step : rotate
[2025-06-19T16:15:20.587+0900] {logging_mixin.py:190} INFO - file_copy: /opt/***/data/temp/63e8d05b-4c6e-4c3e-818b-2ae50ce805d0/86a7a1b4-02f7-44b6-a8f7-fbaac09fa0c3/_result.png
[2025-06-19T16:15:20.614+0900] {python.py:240} INFO - Done. Returned value was: {'file_id': '63e8d05b-4c6e-4c3e-818b-2ae50ce805d0', 'file_path': '/opt/***/data/class/a_class/classify/ready/false/copied_58_0000546703.png', 'false': {'process_id': '_86a7a1b4-02f7-44b6-a8f7-fbaac09fa0c3_pre', 'folder_path': '63e8d05b-4c6e-4c3e-818b-2ae50ce805d0/86a7a1b4-02f7-44b6-a8f7-fbaac09fa0c3', 'step_list': [{'name': 'cache', 'param': {'key': 'origin'}}, {'name': 'calc_angle_set1', 'param': {'key': 'angle1', 'iterations': 4, 'iter_save': False}}, {'name': 'text_orientation_set', 'param': {'key': 'angle2', 'iterations': 4, 'iter_save': False}}, {'name': 'load', 'param': {'key': 'origin'}}, {'name': 'rotate', 'param': {'key': 'angle1'}}, {'name': 'rotate', 'param': {'key': 'angle2'}}], 'result_file_map': {'_result': '/opt/***/data/temp/63e8d05b-4c6e-4c3e-818b-2ae50ce805d0/86a7a1b4-02f7-44b6-a8f7-fbaac09fa0c3/_result.png'}}}
[2025-06-19T16:15:20.690+0900] {taskinstance.py:341} INFO - ::group::Post task execution logs
[2025-06-19T16:15:20.692+0900] {taskinstance.py:353} INFO - Marking task as SUCCESS. dag_id=lilt_document_classifier_balanced_V0.1, task_id=img_preprocess_task__1, run_id=manual__2025-06-19T07:13:53.100355+00:00, map_index=6, execution_date=20250619T071353, start_date=20250619T071510, end_date=20250619T071520
[2025-06-19T16:15:20.855+0900] {local_task_job_runner.py:266} INFO - Task exited with return code 0
[2025-06-19T16:15:21.056+0900] {taskinstance.py:3901} INFO - 0 downstream tasks scheduled from follow-on schedule check
[2025-06-19T16:15:21.074+0900] {local_task_job_runner.py:245} INFO - ::endgroup::
