[2025-06-24T11:52:35.354+0900] {local_task_job_runner.py:123} INFO - ::group::Pre task execution logs
[2025-06-24T11:52:35.581+0900] {taskinstance.py:2614} INFO - Dependencies all met for dep_context=non-requeueable deps ti=<TaskInstance: lilt_document_classifier_balanced_V0.1.img_preprocess_task__1 manual__2025-06-24T02:31:44.485922+00:00 map_index=76 [queued]>
[2025-06-24T11:52:35.685+0900] {taskinstance.py:2614} INFO - Dependencies all met for dep_context=requeueable deps ti=<TaskInstance: lilt_document_classifier_balanced_V0.1.img_preprocess_task__1 manual__2025-06-24T02:31:44.485922+00:00 map_index=76 [queued]>
[2025-06-24T11:52:35.689+0900] {taskinstance.py:2867} INFO - Starting attempt 1 of 1
[2025-06-24T11:52:35.737+0900] {taskinstance.py:2890} INFO - Executing <Mapped(_PythonDecoratedOperator): img_preprocess_task__1> on 2025-06-24 02:31:44.485922+00:00
[2025-06-24T11:52:35.764+0900] {warnings.py:112} WARNING - /home/***/.local/lib/python3.12/site-packages/***/task/task_runner/standard_task_runner.py:70: DeprecationWarning: This process (pid=36614) is multi-threaded, use of fork() may lead to deadlocks in the child.
  pid = os.fork()

[2025-06-24T11:52:35.766+0900] {standard_task_runner.py:104} INFO - Running: ['***', 'tasks', 'run', 'lilt_document_classifier_balanced_V0.1', 'img_preprocess_task__1', 'manual__2025-06-24T02:31:44.485922+00:00', '--job-id', '3891', '--raw', '--subdir', 'DAGS_FOLDER/class_create_dag.py', '--cfg-path', '/tmp/tmpl3l3zpv4', '--map-index', '76']
[2025-06-24T11:52:35.772+0900] {standard_task_runner.py:72} INFO - Started process 36624 to run task
[2025-06-24T11:52:35.775+0900] {standard_task_runner.py:105} INFO - Job 3891: Subtask img_preprocess_task__1
[2025-06-24T11:52:35.864+0900] {task_command.py:467} INFO - Running <TaskInstance: lilt_document_classifier_balanced_V0.1.img_preprocess_task__1 manual__2025-06-24T02:31:44.485922+00:00 map_index=76 [running]> on host f6d4228a9eb8
[2025-06-24T11:52:36.602+0900] {taskinstance.py:3134} INFO - Exporting env vars: AIRFLOW_CTX_DAG_OWNER='***' AIRFLOW_CTX_DAG_ID='lilt_document_classifier_balanced_V0.1' AIRFLOW_CTX_TASK_ID='img_preprocess_task__1' AIRFLOW_CTX_EXECUTION_DATE='2025-06-24T02:31:44.485922+00:00' AIRFLOW_CTX_TRY_NUMBER='1' AIRFLOW_CTX_DAG_RUN_ID='manual__2025-06-24T02:31:44.485922+00:00'
[2025-06-24T11:52:36.604+0900] {taskinstance.py:732} INFO - ::endgroup::
[2025-06-24T11:52:36.616+0900] {logging_mixin.py:190} INFO - empty map check {} {'process_id': '_482803ed-332f-41c3-89e2-a78c453afdb7_pre', 'folder_path': 'f63f16a8-e872-42a6-ab78-7bc668c895b5/482803ed-332f-41c3-89e2-a78c453afdb7', 'step_list': [{'name': 'cache', 'param': {'key': 'origin'}}, {'name': 'calc_angle_set2', 'param': {'key': 'angle1', 'iterations': 4, 'iter_save': True}}, {'name': 'save', 'param': {'key': 'ag1'}}, {'name': 'text_orientation_set', 'param': {'key': 'angle2', 'iterations': 4, 'iter_save': True}}, {'name': 'save', 'param': {'key': 'ag2'}}, {'name': 'load', 'param': {'key': 'origin'}}, {'name': 'rotate', 'param': {'key': 'angle1'}}, {'name': 'rotate', 'param': {'key': 'angle2'}}], 'result_file_map': {}}
[2025-06-24T11:52:36.644+0900] {logging_mixin.py:190} INFO - step : cache
[2025-06-24T11:52:36.656+0900] {logging_mixin.py:190} INFO - step : calc_angle_set2
[2025-06-24T11:52:42.970+0900] {logging_mixin.py:190} INFO - osd 1 -5.0 -5.0 0 148687 [148687, 141428, 133251, 125215, 116103, 108362, 100714, 93318, 86130, 79208, 70860, 64740, 59039, 53881, 47750, 42612, 37536, 31782, 25771, 20553, 15244, 19412, 23405, 28181, 32662, 36416, 40170, 44973, 48726, 52881, 57084, 63948, 69215, 74828, 80657, 86710, 93056, 100458, 106923, 113648, 119511]
[2025-06-24T11:52:52.742+0900] {logging_mixin.py:190} INFO - osd 2 0.0 5.0 40 376966 [339730, 328614, 318767, 309488, 297777, 288774, 279364, 267861, 259003, 247293, 238535, 229779, 218368, 209760, 198854, 188709, 179356, 168783, 160595, 149912, 141921, 150760, 162303, 171407, 183072, 193575, 205081, 217606, 228076, 241926, 253068, 264401, 278494, 289996, 304453, 315881, 327294, 341817, 353065, 364535, 376966]
[2025-06-24T11:53:00.206+0900] {logging_mixin.py:190} INFO - osd 3 -5.0 -5.0 0 617015 [617015, 605173, 593116, 581433, 567634, 555715, 544187, 530949, 517404, 507293, 494250, 480825, 467933, 456696, 443796, 430416, 418966, 405613, 392622, 379757, 367512, 379279, 390970, 403694, 415665, 426205, 438768, 450721, 460836, 473330, 485272, 497854, 507307, 519263, 532057, 542553, 553739, 566482, 577285, 588385, 599561]
[2025-06-24T11:53:11.893+0900] {logging_mixin.py:190} INFO - osd 4 0.0 5.0 40 947742 [920103, 902398, 885073, 868396, 851388, 835136, 818583, 800728, 784983, 768890, 753046, 737771, 720836, 706082, 690995, 675208, 659118, 645098, 629792, 616369, 602551, 619258, 635462, 653678, 670007, 688634, 707090, 724075, 740711, 759434, 776206, 793436, 810302, 827519, 846345, 862824, 880311, 896910, 914138, 931310, 947742]
[2025-06-24T11:53:11.983+0900] {logging_mixin.py:190} INFO - step : save
[2025-06-24T11:53:13.016+0900] {logging_mixin.py:190} INFO - file_copy: /opt/***/data/temp/f63f16a8-e872-42a6-ab78-7bc668c895b5/482803ed-332f-41c3-89e2-a78c453afdb7/ag1.png
[2025-06-24T11:53:13.077+0900] {logging_mixin.py:190} INFO - step : text_orientation_set
[2025-06-24T11:53:17.628+0900] {logging_mixin.py:190} INFO - file_copy: /opt/***/data/temp/f63f16a8-e872-42a6-ab78-7bc668c895b5/482803ed-332f-41c3-89e2-a78c453afdb7/rotate2_1.png
[2025-06-24T11:53:19.600+0900] {logging_mixin.py:190} INFO - osd 1 break  0 0 2.23 Latin 2.28
[2025-06-24T11:53:19.604+0900] {logging_mixin.py:190} INFO - step : save
[2025-06-24T11:53:19.764+0900] {logging_mixin.py:190} INFO - file_copy: /opt/***/data/temp/f63f16a8-e872-42a6-ab78-7bc668c895b5/482803ed-332f-41c3-89e2-a78c453afdb7/ag2.png
[2025-06-24T11:53:19.785+0900] {logging_mixin.py:190} INFO - step : load
[2025-06-24T11:53:19.787+0900] {logging_mixin.py:190} INFO - step : rotate
[2025-06-24T11:53:19.821+0900] {logging_mixin.py:190} INFO - step : rotate
[2025-06-24T11:53:19.944+0900] {logging_mixin.py:190} INFO - file_copy: /opt/***/data/temp/f63f16a8-e872-42a6-ab78-7bc668c895b5/482803ed-332f-41c3-89e2-a78c453afdb7/_result.png
[2025-06-24T11:53:19.966+0900] {python.py:240} INFO - Done. Returned value was: {'file_id': 'f63f16a8-e872-42a6-ab78-7bc668c895b5', 'file_path': '/opt/***/data/class/a_class/classify/ready/false/copied_36_518548641+-8655.png', 'false': {'process_id': '_482803ed-332f-41c3-89e2-a78c453afdb7_pre', 'folder_path': 'f63f16a8-e872-42a6-ab78-7bc668c895b5/482803ed-332f-41c3-89e2-a78c453afdb7', 'step_list': [{'name': 'cache', 'param': {'key': 'origin'}}, {'name': 'calc_angle_set2', 'param': {'key': 'angle1', 'iterations': 4, 'iter_save': True}}, {'name': 'save', 'param': {'key': 'ag1'}}, {'name': 'text_orientation_set', 'param': {'key': 'angle2', 'iterations': 4, 'iter_save': True}}, {'name': 'save', 'param': {'key': 'ag2'}}, {'name': 'load', 'param': {'key': 'origin'}}, {'name': 'rotate', 'param': {'key': 'angle1'}}, {'name': 'rotate', 'param': {'key': 'angle2'}}], 'result_file_map': {'ag1': '/opt/***/data/temp/f63f16a8-e872-42a6-ab78-7bc668c895b5/482803ed-332f-41c3-89e2-a78c453afdb7/ag1.png', 'rotate2_1': '/opt/***/data/temp/f63f16a8-e872-42a6-ab78-7bc668c895b5/482803ed-332f-41c3-89e2-a78c453afdb7/rotate2_1.png', 'ag2': '/opt/***/data/temp/f63f16a8-e872-42a6-ab78-7bc668c895b5/482803ed-332f-41c3-89e2-a78c453afdb7/ag2.png', '_result': '/opt/***/data/temp/f63f16a8-e872-42a6-ab78-7bc668c895b5/482803ed-332f-41c3-89e2-a78c453afdb7/_result.png'}}}
[2025-06-24T11:53:20.139+0900] {taskinstance.py:341} INFO - ::group::Post task execution logs
[2025-06-24T11:53:20.140+0900] {taskinstance.py:353} INFO - Marking task as SUCCESS. dag_id=lilt_document_classifier_balanced_V0.1, task_id=img_preprocess_task__1, run_id=manual__2025-06-24T02:31:44.485922+00:00, map_index=76, execution_date=20250624T023144, start_date=20250624T025235, end_date=20250624T025320
[2025-06-24T11:53:20.454+0900] {local_task_job_runner.py:266} INFO - Task exited with return code 0
[2025-06-24T11:53:20.567+0900] {taskinstance.py:3901} INFO - 0 downstream tasks scheduled from follow-on schedule check
[2025-06-24T11:53:20.585+0900] {local_task_job_runner.py:245} INFO - ::endgroup::
