[2025-06-23T16:45:55.562+0900] {local_task_job_runner.py:123} INFO - ::group::Pre task execution logs
[2025-06-23T16:45:55.740+0900] {taskinstance.py:2614} INFO - Dependencies all met for dep_context=non-requeueable deps ti=<TaskInstance: lilt_document_classifier_balanced_V0.1.img_preprocess_task manual__2025-06-23T07:44:09.997775+00:00 map_index=8 [queued]>
[2025-06-23T16:45:55.801+0900] {taskinstance.py:2614} INFO - Dependencies all met for dep_context=requeueable deps ti=<TaskInstance: lilt_document_classifier_balanced_V0.1.img_preprocess_task manual__2025-06-23T07:44:09.997775+00:00 map_index=8 [queued]>
[2025-06-23T16:45:55.816+0900] {taskinstance.py:2867} INFO - Starting attempt 1 of 1
[2025-06-23T16:45:56.027+0900] {taskinstance.py:2890} INFO - Executing <Mapped(_PythonDecoratedOperator): img_preprocess_task> on 2025-06-23 07:44:09.997775+00:00
[2025-06-23T16:45:56.221+0900] {standard_task_runner.py:104} INFO - Running: ['***', 'tasks', 'run', 'lilt_document_classifier_balanced_V0.1', 'img_preprocess_task', 'manual__2025-06-23T07:44:09.997775+00:00', '--job-id', '3517', '--raw', '--subdir', 'DAGS_FOLDER/class_create_dag.py', '--cfg-path', '/tmp/tmpglmt7olf', '--map-index', '8']
[2025-06-23T16:45:56.227+0900] {standard_task_runner.py:105} INFO - Job 3517: Subtask img_preprocess_task
[2025-06-23T16:45:56.213+0900] {warnings.py:112} WARNING - /home/***/.local/lib/python3.12/site-packages/***/task/task_runner/standard_task_runner.py:70: DeprecationWarning: This process (pid=10140) is multi-threaded, use of fork() may lead to deadlocks in the child.
  pid = os.fork()

[2025-06-23T16:45:56.256+0900] {standard_task_runner.py:72} INFO - Started process 10179 to run task
[2025-06-23T16:45:56.353+0900] {task_command.py:467} INFO - Running <TaskInstance: lilt_document_classifier_balanced_V0.1.img_preprocess_task manual__2025-06-23T07:44:09.997775+00:00 map_index=8 [running]> on host f6d4228a9eb8
[2025-06-23T16:45:56.600+0900] {taskinstance.py:3134} INFO - Exporting env vars: AIRFLOW_CTX_DAG_OWNER='***' AIRFLOW_CTX_DAG_ID='lilt_document_classifier_balanced_V0.1' AIRFLOW_CTX_TASK_ID='img_preprocess_task' AIRFLOW_CTX_EXECUTION_DATE='2025-06-23T07:44:09.997775+00:00' AIRFLOW_CTX_TRY_NUMBER='1' AIRFLOW_CTX_DAG_RUN_ID='manual__2025-06-23T07:44:09.997775+00:00'
[2025-06-23T16:45:56.606+0900] {taskinstance.py:732} INFO - ::endgroup::
[2025-06-23T16:45:56.614+0900] {logging_mixin.py:190} INFO - empty map check {} {'process_id': '_717aec5f-85cb-4a3c-958c-fdce1ac5b05f_pre', 'folder_path': '46b2fde3-b486-4ef4-a855-e782257e8b61/717aec5f-85cb-4a3c-958c-fdce1ac5b05f', 'step_list': [{'name': 'cache', 'param': {'key': 'origin'}}, {'name': 'calc_angle_set2', 'param': {'key': 'angle1', 'iterations': 4, 'iter_save': False}}, {'name': 'text_orientation_set', 'param': {'key': 'angle2', 'iterations': 4, 'iter_save': False}}, {'name': 'load', 'param': {'key': 'origin'}}, {'name': 'rotate', 'param': {'key': 'angle1'}}, {'name': 'rotate', 'param': {'key': 'angle2'}}], 'result_file_map': {}}
[2025-06-23T16:45:56.615+0900] {logging_mixin.py:190} INFO - step : cache
[2025-06-23T16:45:56.620+0900] {logging_mixin.py:190} INFO - step : calc_angle_set2
[2025-06-23T16:46:32.095+0900] {logging_mixin.py:190} INFO - osd 1 5.0 5.0 40 1098032 [1065218, 1023893, 979418, 935099, 892099, 848489, 805649, 762678, 721722, 678538, 638372, 598261, 557605, 517597, 481362, 444284, 409268, 376831, 346217, 317421, 290567, 324149, 360871, 396757, 432941, 469270, 507362, 541538, 579120, 619036, 658864, 699041, 744535, 787080, 830461, 874390, 919471, 963670, 1010140, 1054850, 1098032]
[2025-06-23T16:47:07.659+0900] {logging_mixin.py:190} INFO - osd 2 0.0 -5.0 0 2450189 [2450189, 2386363, 2326275, 2262515, 2193762, 2129049, 2062204, 1990140, 1917949, 1839365, 1768253, 1692988, 1619417, 1548337, 1471166, 1398466, 1322923, 1253541, 1188446, 1119408, 1056598, 1106929, 1161517, 1211033, 1262836, 1318590, 1371892, 1428326, 1479053, 1532398, 1586450, 1637906, 1696105, 1747906, 1802409, 1855212, 1909358, 1966999, 2021894, 2074263, 2130041]
[2025-06-23T16:47:51.229+0900] {logging_mixin.py:190} INFO - osd 3 5.0 5.0 40 3844767 [3781773, 3707944, 3639121, 3566737, 3500491, 3430458, 3365934, 3294224, 3226024, 3157628, 3090649, 3023563, 2952232, 2885043, 2815280, 2748453, 2679032, 2610262, 2541238, 2472564, 2405494, 2483196, 2561906, 2642054, 2721412, 2800298, 2874702, 2948706, 3015714, 3087272, 3155581, 3222647, 3291574, 3360111, 3433045, 3496965, 3566613, 3631750, 3702538, 3770981, 3844767]
[2025-06-23T16:49:08.151+0900] {logging_mixin.py:190} INFO - osd 4 0.0 -5.0 0 5849222 [5849222, 5748487, 5649769, 5554373, 5458858, 5365229, 5263768, 5158342, 5054652, 4946843, 4843004, 4730769, 4628639, 4516997, 4409798, 4303971, 4198610, 4088413, 3979960, 3870952, 3771601, 3845637, 3929960, 4015906, 4104312, 4188729, 4274440, 4362142, 4455725, 4539896, 4633762, 4719644, 4811477, 4898883, 4992505, 5086466, 5177270, 5268018, 5360136, 5452739, 5546896]
[2025-06-23T16:49:08.517+0900] {logging_mixin.py:190} INFO - step : text_orientation_set
[2025-06-23T16:49:36.852+0900] {logging_mixin.py:190} INFO - osd 1 break  0 0 13.0 Japanese 0.54
[2025-06-23T16:49:36.858+0900] {logging_mixin.py:190} INFO - step : load
[2025-06-23T16:49:36.871+0900] {logging_mixin.py:190} INFO - step : rotate
[2025-06-23T16:49:36.943+0900] {logging_mixin.py:190} INFO - step : rotate
[2025-06-23T16:49:37.367+0900] {logging_mixin.py:190} INFO - file_copy: /opt/***/data/temp/46b2fde3-b486-4ef4-a855-e782257e8b61/717aec5f-85cb-4a3c-958c-fdce1ac5b05f/_result.png
[2025-06-23T16:49:37.435+0900] {python.py:240} INFO - Done. Returned value was: {'file_id': '46b2fde3-b486-4ef4-a855-e782257e8b61', 'file_path': '/opt/***/data/class/a_class/classify/ready/true/우면동 고호빌딩 - 정부24 - 건축물대장 등본(초본) 발급(열람) _ 문서출력_page_1_aug2.png', 'true': {'process_id': '_717aec5f-85cb-4a3c-958c-fdce1ac5b05f_pre', 'folder_path': '46b2fde3-b486-4ef4-a855-e782257e8b61/717aec5f-85cb-4a3c-958c-fdce1ac5b05f', 'step_list': [{'name': 'cache', 'param': {'key': 'origin'}}, {'name': 'calc_angle_set2', 'param': {'key': 'angle1', 'iterations': 4, 'iter_save': False}}, {'name': 'text_orientation_set', 'param': {'key': 'angle2', 'iterations': 4, 'iter_save': False}}, {'name': 'load', 'param': {'key': 'origin'}}, {'name': 'rotate', 'param': {'key': 'angle1'}}, {'name': 'rotate', 'param': {'key': 'angle2'}}], 'result_file_map': {'_result': '/opt/***/data/temp/46b2fde3-b486-4ef4-a855-e782257e8b61/717aec5f-85cb-4a3c-958c-fdce1ac5b05f/_result.png'}}}
[2025-06-23T16:49:37.518+0900] {taskinstance.py:341} INFO - ::group::Post task execution logs
[2025-06-23T16:49:37.524+0900] {taskinstance.py:353} INFO - Marking task as SUCCESS. dag_id=lilt_document_classifier_balanced_V0.1, task_id=img_preprocess_task, run_id=manual__2025-06-23T07:44:09.997775+00:00, map_index=8, execution_date=20250623T074409, start_date=20250623T074555, end_date=20250623T074937
[2025-06-23T16:49:37.718+0900] {local_task_job_runner.py:266} INFO - Task exited with return code 0
[2025-06-23T16:49:37.983+0900] {taskinstance.py:3901} INFO - 0 downstream tasks scheduled from follow-on schedule check
[2025-06-23T16:49:38.000+0900] {local_task_job_runner.py:245} INFO - ::endgroup::
