[2025-06-19T18:34:44.934+0900] {local_task_job_runner.py:123} INFO - ::group::Pre task execution logs
[2025-06-19T18:34:45.049+0900] {taskinstance.py:2614} INFO - Dependencies all met for dep_context=non-requeueable deps ti=<TaskInstance: lilt_document_classifier_balanced_V0.1.img_preprocess_task manual__2025-06-19T09:32:07.760195+00:00 map_index=45 [queued]>
[2025-06-19T18:34:45.184+0900] {taskinstance.py:2614} INFO - Dependencies all met for dep_context=requeueable deps ti=<TaskInstance: lilt_document_classifier_balanced_V0.1.img_preprocess_task manual__2025-06-19T09:32:07.760195+00:00 map_index=45 [queued]>
[2025-06-19T18:34:45.192+0900] {taskinstance.py:2867} INFO - Starting attempt 1 of 1
[2025-06-19T18:34:45.288+0900] {taskinstance.py:2890} INFO - Executing <Mapped(_PythonDecoratedOperator): img_preprocess_task> on 2025-06-19 09:32:07.760195+00:00
[2025-06-19T18:34:45.408+0900] {standard_task_runner.py:104} INFO - Running: ['***', 'tasks', 'run', 'lilt_document_classifier_balanced_V0.1', 'img_preprocess_task', 'manual__2025-06-19T09:32:07.760195+00:00', '--job-id', '1786', '--raw', '--subdir', 'DAGS_FOLDER/class_create_dag.py', '--cfg-path', '/tmp/tmphmfhz7sf', '--map-index', '45']
[2025-06-19T18:34:45.413+0900] {standard_task_runner.py:105} INFO - Job 1786: Subtask img_preprocess_task
[2025-06-19T18:34:45.399+0900] {warnings.py:112} WARNING - /home/***/.local/lib/python3.12/site-packages/***/task/task_runner/standard_task_runner.py:70: DeprecationWarning: This process (pid=11346) is multi-threaded, use of fork() may lead to deadlocks in the child.
  pid = os.fork()

[2025-06-19T18:34:45.423+0900] {standard_task_runner.py:72} INFO - Started process 11450 to run task
[2025-06-19T18:34:45.493+0900] {task_command.py:467} INFO - Running <TaskInstance: lilt_document_classifier_balanced_V0.1.img_preprocess_task manual__2025-06-19T09:32:07.760195+00:00 map_index=45 [running]> on host f6d4228a9eb8
[2025-06-19T18:34:45.792+0900] {taskinstance.py:3134} INFO - Exporting env vars: AIRFLOW_CTX_DAG_OWNER='***' AIRFLOW_CTX_DAG_ID='lilt_document_classifier_balanced_V0.1' AIRFLOW_CTX_TASK_ID='img_preprocess_task' AIRFLOW_CTX_EXECUTION_DATE='2025-06-19T09:32:07.760195+00:00' AIRFLOW_CTX_TRY_NUMBER='1' AIRFLOW_CTX_DAG_RUN_ID='manual__2025-06-19T09:32:07.760195+00:00'
[2025-06-19T18:34:45.795+0900] {taskinstance.py:732} INFO - ::endgroup::
[2025-06-19T18:34:45.839+0900] {logging_mixin.py:190} INFO - empty map check {} {'process_id': '_853f541b-263b-4343-9d0c-3689d628d8f6_pre', 'folder_path': '6675aa2e-ee8a-49b1-89bf-b3fea2888eb3/853f541b-263b-4343-9d0c-3689d628d8f6', 'step_list': [{'name': 'cache', 'param': {'key': 'origin'}}, {'name': 'calc_angle_set1', 'param': {'key': 'angle1', 'iterations': 4, 'iter_save': False}}, {'name': 'text_orientation_set', 'param': {'key': 'angle2', 'iterations': 4, 'iter_save': False}}, {'name': 'load', 'param': {'key': 'origin'}}, {'name': 'rotate', 'param': {'key': 'angle1'}}, {'name': 'rotate', 'param': {'key': 'angle2'}}], 'result_file_map': {}}
[2025-06-19T18:34:45.847+0900] {logging_mixin.py:190} INFO - step : cache
[2025-06-19T18:34:45.850+0900] {logging_mixin.py:190} INFO - step : calc_angle_set1
[2025-06-19T18:34:46.400+0900] {logging_mixin.py:190} INFO - step : text_orientation_set
[2025-06-19T18:35:03.061+0900] {logging_mixin.py:190} INFO - osd 1 break  0 0 8.2 Korean 0.78
[2025-06-19T18:35:03.091+0900] {logging_mixin.py:190} INFO - step : load
[2025-06-19T18:35:03.092+0900] {logging_mixin.py:190} INFO - step : rotate
[2025-06-19T18:35:03.250+0900] {logging_mixin.py:190} INFO - step : rotate
[2025-06-19T18:35:05.448+0900] {logging_mixin.py:190} INFO - file_copy: /opt/***/data/temp/6675aa2e-ee8a-49b1-89bf-b3fea2888eb3/853f541b-263b-4343-9d0c-3689d628d8f6/_result.png
[2025-06-19T18:35:05.477+0900] {python.py:240} INFO - Done. Returned value was: {'file_id': '6675aa2e-ee8a-49b1-89bf-b3fea2888eb3', 'file_path': '/opt/***/data/class/a_class/classify/ready/true/필동 평강빌딩 - 정부24 - 건축물대장 등본(초본) 발급(열람) _ 문서출력_page_1_aug0.png', 'true': {'process_id': '_853f541b-263b-4343-9d0c-3689d628d8f6_pre', 'folder_path': '6675aa2e-ee8a-49b1-89bf-b3fea2888eb3/853f541b-263b-4343-9d0c-3689d628d8f6', 'step_list': [{'name': 'cache', 'param': {'key': 'origin'}}, {'name': 'calc_angle_set1', 'param': {'key': 'angle1', 'iterations': 4, 'iter_save': False}}, {'name': 'text_orientation_set', 'param': {'key': 'angle2', 'iterations': 4, 'iter_save': False}}, {'name': 'load', 'param': {'key': 'origin'}}, {'name': 'rotate', 'param': {'key': 'angle1'}}, {'name': 'rotate', 'param': {'key': 'angle2'}}], 'result_file_map': {'_result': '/opt/***/data/temp/6675aa2e-ee8a-49b1-89bf-b3fea2888eb3/853f541b-263b-4343-9d0c-3689d628d8f6/_result.png'}}}
[2025-06-19T18:35:05.548+0900] {taskinstance.py:341} INFO - ::group::Post task execution logs
[2025-06-19T18:35:05.551+0900] {taskinstance.py:353} INFO - Marking task as SUCCESS. dag_id=lilt_document_classifier_balanced_V0.1, task_id=img_preprocess_task, run_id=manual__2025-06-19T09:32:07.760195+00:00, map_index=45, execution_date=20250619T093207, start_date=20250619T093445, end_date=20250619T093505
[2025-06-19T18:35:05.652+0900] {local_task_job_runner.py:266} INFO - Task exited with return code 0
[2025-06-19T18:35:05.726+0900] {taskinstance.py:3901} INFO - 0 downstream tasks scheduled from follow-on schedule check
[2025-06-19T18:35:05.732+0900] {local_task_job_runner.py:245} INFO - ::endgroup::
