[2025-06-23T16:45:13.402+0900] {local_task_job_runner.py:123} INFO - ::group::Pre task execution logs
[2025-06-23T16:45:13.520+0900] {taskinstance.py:2614} INFO - Dependencies all met for dep_context=non-requeueable deps ti=<TaskInstance: lilt_document_classifier_balanced_V0.1.img_preprocess_task__1 manual__2025-06-23T07:44:09.997775+00:00 map_index=4 [queued]>
[2025-06-23T16:45:13.606+0900] {taskinstance.py:2614} INFO - Dependencies all met for dep_context=requeueable deps ti=<TaskInstance: lilt_document_classifier_balanced_V0.1.img_preprocess_task__1 manual__2025-06-23T07:44:09.997775+00:00 map_index=4 [queued]>
[2025-06-23T16:45:13.612+0900] {taskinstance.py:2867} INFO - Starting attempt 1 of 1
[2025-06-23T16:45:13.680+0900] {taskinstance.py:2890} INFO - Executing <Mapped(_PythonDecoratedOperator): img_preprocess_task__1> on 2025-06-23 07:44:09.997775+00:00
[2025-06-23T16:45:13.745+0900] {standard_task_runner.py:104} INFO - Running: ['***', 'tasks', 'run', 'lilt_document_classifier_balanced_V0.1', 'img_preprocess_task__1', 'manual__2025-06-23T07:44:09.997775+00:00', '--job-id', '3504', '--raw', '--subdir', 'DAGS_FOLDER/class_create_dag.py', '--cfg-path', '/tmp/tmp716vzkvz', '--map-index', '4']
[2025-06-23T16:45:13.750+0900] {standard_task_runner.py:105} INFO - Job 3504: Subtask img_preprocess_task__1
[2025-06-23T16:45:13.744+0900] {warnings.py:112} WARNING - /home/***/.local/lib/python3.12/site-packages/***/task/task_runner/standard_task_runner.py:70: DeprecationWarning: This process (pid=9839) is multi-threaded, use of fork() may lead to deadlocks in the child.
  pid = os.fork()

[2025-06-23T16:45:13.759+0900] {standard_task_runner.py:72} INFO - Started process 9993 to run task
[2025-06-23T16:45:13.845+0900] {task_command.py:467} INFO - Running <TaskInstance: lilt_document_classifier_balanced_V0.1.img_preprocess_task__1 manual__2025-06-23T07:44:09.997775+00:00 map_index=4 [running]> on host f6d4228a9eb8
[2025-06-23T16:45:14.290+0900] {taskinstance.py:3134} INFO - Exporting env vars: AIRFLOW_CTX_DAG_OWNER='***' AIRFLOW_CTX_DAG_ID='lilt_document_classifier_balanced_V0.1' AIRFLOW_CTX_TASK_ID='img_preprocess_task__1' AIRFLOW_CTX_EXECUTION_DATE='2025-06-23T07:44:09.997775+00:00' AIRFLOW_CTX_TRY_NUMBER='1' AIRFLOW_CTX_DAG_RUN_ID='manual__2025-06-23T07:44:09.997775+00:00'
[2025-06-23T16:45:14.293+0900] {taskinstance.py:732} INFO - ::endgroup::
[2025-06-23T16:45:14.296+0900] {logging_mixin.py:190} INFO - empty map check {} {'process_id': '_906b8d59-58ae-4424-b179-9399f2ed3c57_pre', 'folder_path': '5fb02f4a-8a5c-46b7-bad6-e27e1a16f5f1/906b8d59-58ae-4424-b179-9399f2ed3c57', 'step_list': [{'name': 'cache', 'param': {'key': 'origin'}}, {'name': 'calc_angle_set2', 'param': {'key': 'angle1', 'iterations': 4, 'iter_save': False}}, {'name': 'text_orientation_set', 'param': {'key': 'angle2', 'iterations': 4, 'iter_save': False}}, {'name': 'load', 'param': {'key': 'origin'}}, {'name': 'rotate', 'param': {'key': 'angle1'}}, {'name': 'rotate', 'param': {'key': 'angle2'}}], 'result_file_map': {}}
[2025-06-23T16:45:14.303+0900] {logging_mixin.py:190} INFO - step : cache
[2025-06-23T16:45:14.307+0900] {logging_mixin.py:190} INFO - step : calc_angle_set2
[2025-06-23T16:45:20.653+0900] {logging_mixin.py:190} INFO - osd 1 0 0 0 0 [0, 0, 0, 0, 0, 0, 0, 0, 0, 0, 0, 0, 0, 0, 0, 0, 0, 0, 0, 0, 0, 0, 0, 0, 0, 0, 0, 0, 0, 0, 0, 0, 0, 0, 0, 0, 0, 0, 0, 0, 0]
[2025-06-23T16:45:26.283+0900] {logging_mixin.py:190} INFO - osd 2 0 0 0 0 [0, 0, 0, 0, 0, 0, 0, 0, 0, 0, 0, 0, 0, 0, 0, 0, 0, 0, 0, 0, 0, 0, 0, 0, 0, 0, 0, 0, 0, 0, 0, 0, 0, 0, 0, 0, 0, 0, 0, 0, 0]
[2025-06-23T16:45:31.757+0900] {logging_mixin.py:190} INFO - osd 3 0 0 0 0 [0, 0, 0, 0, 0, 0, 0, 0, 0, 0, 0, 0, 0, 0, 0, 0, 0, 0, 0, 0, 0, 0, 0, 0, 0, 0, 0, 0, 0, 0, 0, 0, 0, 0, 0, 0, 0, 0, 0, 0, 0]
[2025-06-23T16:45:37.335+0900] {logging_mixin.py:190} INFO - osd 4 0 0 0 0 [0, 0, 0, 0, 0, 0, 0, 0, 0, 0, 0, 0, 0, 0, 0, 0, 0, 0, 0, 0, 0, 0, 0, 0, 0, 0, 0, 0, 0, 0, 0, 0, 0, 0, 0, 0, 0, 0, 0, 0, 0]
[2025-06-23T16:45:37.359+0900] {logging_mixin.py:190} INFO - step : text_orientation_set
[2025-06-23T16:45:48.320+0900] {logging_mixin.py:190} INFO - osd 1 180 180 3.51 Latin 0.78
[2025-06-23T16:45:57.518+0900] {logging_mixin.py:190} INFO - osd 2 break  180 0 6.16 Latin 0.92
[2025-06-23T16:45:57.520+0900] {logging_mixin.py:190} INFO - step : load
[2025-06-23T16:45:57.522+0900] {logging_mixin.py:190} INFO - step : rotate
[2025-06-23T16:45:57.613+0900] {logging_mixin.py:190} INFO - step : rotate
[2025-06-23T16:45:58.494+0900] {logging_mixin.py:190} INFO - file_copy: /opt/***/data/temp/5fb02f4a-8a5c-46b7-bad6-e27e1a16f5f1/906b8d59-58ae-4424-b179-9399f2ed3c57/_result.png
[2025-06-23T16:45:58.608+0900] {python.py:240} INFO - Done. Returned value was: {'file_id': '5fb02f4a-8a5c-46b7-bad6-e27e1a16f5f1', 'file_path': '/opt/***/data/class/a_class/classify/ready/false/copied_28_2016003733_2016003734.png', 'false': {'process_id': '_906b8d59-58ae-4424-b179-9399f2ed3c57_pre', 'folder_path': '5fb02f4a-8a5c-46b7-bad6-e27e1a16f5f1/906b8d59-58ae-4424-b179-9399f2ed3c57', 'step_list': [{'name': 'cache', 'param': {'key': 'origin'}}, {'name': 'calc_angle_set2', 'param': {'key': 'angle1', 'iterations': 4, 'iter_save': False}}, {'name': 'text_orientation_set', 'param': {'key': 'angle2', 'iterations': 4, 'iter_save': False}}, {'name': 'load', 'param': {'key': 'origin'}}, {'name': 'rotate', 'param': {'key': 'angle1'}}, {'name': 'rotate', 'param': {'key': 'angle2'}}], 'result_file_map': {'_result': '/opt/***/data/temp/5fb02f4a-8a5c-46b7-bad6-e27e1a16f5f1/906b8d59-58ae-4424-b179-9399f2ed3c57/_result.png'}}}
[2025-06-23T16:45:58.670+0900] {taskinstance.py:341} INFO - ::group::Post task execution logs
[2025-06-23T16:45:58.674+0900] {taskinstance.py:353} INFO - Marking task as SUCCESS. dag_id=lilt_document_classifier_balanced_V0.1, task_id=img_preprocess_task__1, run_id=manual__2025-06-23T07:44:09.997775+00:00, map_index=4, execution_date=20250623T074409, start_date=20250623T074513, end_date=20250623T074558
[2025-06-23T16:45:58.935+0900] {local_task_job_runner.py:266} INFO - Task exited with return code 0
[2025-06-23T16:45:59.019+0900] {taskinstance.py:3901} INFO - 0 downstream tasks scheduled from follow-on schedule check
[2025-06-23T16:45:59.031+0900] {local_task_job_runner.py:245} INFO - ::endgroup::
