[2025-06-23T16:51:36.808+0900] {local_task_job_runner.py:123} INFO - ::group::Pre task execution logs
[2025-06-23T16:51:36.886+0900] {taskinstance.py:2614} INFO - Dependencies all met for dep_context=non-requeueable deps ti=<TaskInstance: lilt_document_classifier_balanced_V0.1.img_preprocess_task__1 manual__2025-06-23T07:44:09.997775+00:00 map_index=28 [queued]>
[2025-06-23T16:51:36.956+0900] {taskinstance.py:2614} INFO - Dependencies all met for dep_context=requeueable deps ti=<TaskInstance: lilt_document_classifier_balanced_V0.1.img_preprocess_task__1 manual__2025-06-23T07:44:09.997775+00:00 map_index=28 [queued]>
[2025-06-23T16:51:36.964+0900] {taskinstance.py:2867} INFO - Starting attempt 1 of 1
[2025-06-23T16:51:37.011+0900] {taskinstance.py:2890} INFO - Executing <Mapped(_PythonDecoratedOperator): img_preprocess_task__1> on 2025-06-23 07:44:09.997775+00:00
[2025-06-23T16:51:37.030+0900] {warnings.py:112} WARNING - /home/***/.local/lib/python3.12/site-packages/***/task/task_runner/standard_task_runner.py:70: DeprecationWarning: This process (pid=10954) is multi-threaded, use of fork() may lead to deadlocks in the child.
  pid = os.fork()

[2025-06-23T16:51:37.037+0900] {standard_task_runner.py:72} INFO - Started process 10981 to run task
[2025-06-23T16:51:37.054+0900] {standard_task_runner.py:104} INFO - Running: ['***', 'tasks', 'run', 'lilt_document_classifier_balanced_V0.1', 'img_preprocess_task__1', 'manual__2025-06-23T07:44:09.997775+00:00', '--job-id', '3556', '--raw', '--subdir', 'DAGS_FOLDER/class_create_dag.py', '--cfg-path', '/tmp/tmpv96llvgn', '--map-index', '28']
[2025-06-23T16:51:37.060+0900] {standard_task_runner.py:105} INFO - Job 3556: Subtask img_preprocess_task__1
[2025-06-23T16:51:37.199+0900] {task_command.py:467} INFO - Running <TaskInstance: lilt_document_classifier_balanced_V0.1.img_preprocess_task__1 manual__2025-06-23T07:44:09.997775+00:00 map_index=28 [running]> on host f6d4228a9eb8
[2025-06-23T16:51:37.942+0900] {taskinstance.py:3134} INFO - Exporting env vars: AIRFLOW_CTX_DAG_OWNER='***' AIRFLOW_CTX_DAG_ID='lilt_document_classifier_balanced_V0.1' AIRFLOW_CTX_TASK_ID='img_preprocess_task__1' AIRFLOW_CTX_EXECUTION_DATE='2025-06-23T07:44:09.997775+00:00' AIRFLOW_CTX_TRY_NUMBER='1' AIRFLOW_CTX_DAG_RUN_ID='manual__2025-06-23T07:44:09.997775+00:00'
[2025-06-23T16:51:37.961+0900] {taskinstance.py:732} INFO - ::endgroup::
[2025-06-23T16:51:37.980+0900] {logging_mixin.py:190} INFO - empty map check {} {'process_id': '_e34af2d5-6e97-4d92-ad08-7c50e432d714_pre', 'folder_path': '057473a2-3259-443c-b46a-b6a32e18325d/e34af2d5-6e97-4d92-ad08-7c50e432d714', 'step_list': [{'name': 'cache', 'param': {'key': 'origin'}}, {'name': 'calc_angle_set2', 'param': {'key': 'angle1', 'iterations': 4, 'iter_save': False}}, {'name': 'text_orientation_set', 'param': {'key': 'angle2', 'iterations': 4, 'iter_save': False}}, {'name': 'load', 'param': {'key': 'origin'}}, {'name': 'rotate', 'param': {'key': 'angle1'}}, {'name': 'rotate', 'param': {'key': 'angle2'}}], 'result_file_map': {}}
[2025-06-23T16:51:38.072+0900] {logging_mixin.py:190} INFO - step : cache
[2025-06-23T16:51:38.076+0900] {logging_mixin.py:190} INFO - step : calc_angle_set2
[2025-06-23T16:51:45.543+0900] {logging_mixin.py:190} INFO - osd 1 0 0 0 0 [0, 0, 0, 0, 0, 0, 0, 0, 0, 0, 0, 0, 0, 0, 0, 0, 0, 0, 0, 0, 0, 0, 0, 0, 0, 0, 0, 0, 0, 0, 0, 0, 0, 0, 0, 0, 0, 0, 0, 0, 0]
[2025-06-23T16:51:52.583+0900] {logging_mixin.py:190} INFO - osd 2 0 0 0 0 [0, 0, 0, 0, 0, 0, 0, 0, 0, 0, 0, 0, 0, 0, 0, 0, 0, 0, 0, 0, 0, 0, 0, 0, 0, 0, 0, 0, 0, 0, 0, 0, 0, 0, 0, 0, 0, 0, 0, 0, 0]
[2025-06-23T16:51:58.961+0900] {logging_mixin.py:190} INFO - osd 3 0 0 0 0 [0, 0, 0, 0, 0, 0, 0, 0, 0, 0, 0, 0, 0, 0, 0, 0, 0, 0, 0, 0, 0, 0, 0, 0, 0, 0, 0, 0, 0, 0, 0, 0, 0, 0, 0, 0, 0, 0, 0, 0, 0]
[2025-06-23T16:52:04.846+0900] {logging_mixin.py:190} INFO - osd 4 0 0 0 0 [0, 0, 0, 0, 0, 0, 0, 0, 0, 0, 0, 0, 0, 0, 0, 0, 0, 0, 0, 0, 0, 0, 0, 0, 0, 0, 0, 0, 0, 0, 0, 0, 0, 0, 0, 0, 0, 0, 0, 0, 0]
[2025-06-23T16:52:04.885+0900] {logging_mixin.py:190} INFO - step : text_orientation_set
[2025-06-23T16:52:17.257+0900] {logging_mixin.py:190} INFO - osd 1 break  0 0 1.97 Cyrillic 0.45
[2025-06-23T16:52:17.273+0900] {logging_mixin.py:190} INFO - step : load
[2025-06-23T16:52:17.280+0900] {logging_mixin.py:190} INFO - step : rotate
[2025-06-23T16:52:17.315+0900] {logging_mixin.py:190} INFO - step : rotate
[2025-06-23T16:52:17.510+0900] {logging_mixin.py:190} INFO - file_copy: /opt/***/data/temp/057473a2-3259-443c-b46a-b6a32e18325d/e34af2d5-6e97-4d92-ad08-7c50e432d714/_result.png
[2025-06-23T16:52:17.525+0900] {python.py:240} INFO - Done. Returned value was: {'file_id': '057473a2-3259-443c-b46a-b6a32e18325d', 'file_path': '/opt/***/data/class/a_class/classify/ready/false/copied_58_2023584443.png', 'false': {'process_id': '_e34af2d5-6e97-4d92-ad08-7c50e432d714_pre', 'folder_path': '057473a2-3259-443c-b46a-b6a32e18325d/e34af2d5-6e97-4d92-ad08-7c50e432d714', 'step_list': [{'name': 'cache', 'param': {'key': 'origin'}}, {'name': 'calc_angle_set2', 'param': {'key': 'angle1', 'iterations': 4, 'iter_save': False}}, {'name': 'text_orientation_set', 'param': {'key': 'angle2', 'iterations': 4, 'iter_save': False}}, {'name': 'load', 'param': {'key': 'origin'}}, {'name': 'rotate', 'param': {'key': 'angle1'}}, {'name': 'rotate', 'param': {'key': 'angle2'}}], 'result_file_map': {'_result': '/opt/***/data/temp/057473a2-3259-443c-b46a-b6a32e18325d/e34af2d5-6e97-4d92-ad08-7c50e432d714/_result.png'}}}
[2025-06-23T16:52:17.600+0900] {taskinstance.py:341} INFO - ::group::Post task execution logs
[2025-06-23T16:52:17.603+0900] {taskinstance.py:353} INFO - Marking task as SUCCESS. dag_id=lilt_document_classifier_balanced_V0.1, task_id=img_preprocess_task__1, run_id=manual__2025-06-23T07:44:09.997775+00:00, map_index=28, execution_date=20250623T074409, start_date=20250623T075136, end_date=20250623T075217
[2025-06-23T16:52:17.784+0900] {local_task_job_runner.py:266} INFO - Task exited with return code 0
[2025-06-23T16:52:17.910+0900] {taskinstance.py:3901} INFO - 0 downstream tasks scheduled from follow-on schedule check
[2025-06-23T16:52:17.947+0900] {local_task_job_runner.py:245} INFO - ::endgroup::
