[2025-06-23T16:15:45.544+0900] {local_task_job_runner.py:123} INFO - ::group::Pre task execution logs
[2025-06-23T16:15:45.641+0900] {taskinstance.py:2614} INFO - Dependencies all met for dep_context=non-requeueable deps ti=<TaskInstance: lilt_document_classifier_balanced_V0.1.img_preprocess_task__1 manual__2025-06-23T06:45:10.371530+00:00 map_index=73 [queued]>
[2025-06-23T16:15:45.865+0900] {taskinstance.py:2614} INFO - Dependencies all met for dep_context=requeueable deps ti=<TaskInstance: lilt_document_classifier_balanced_V0.1.img_preprocess_task__1 manual__2025-06-23T06:45:10.371530+00:00 map_index=73 [queued]>
[2025-06-23T16:15:45.869+0900] {taskinstance.py:2867} INFO - Starting attempt 2 of 2
[2025-06-23T16:15:45.961+0900] {taskinstance.py:2890} INFO - Executing <Mapped(_PythonDecoratedOperator): img_preprocess_task__1> on 2025-06-23 06:45:10.371530+00:00
[2025-06-23T16:15:46.096+0900] {warnings.py:112} WARNING - /home/***/.local/lib/python3.12/site-packages/***/task/task_runner/standard_task_runner.py:70: DeprecationWarning: This process (pid=5895) is multi-threaded, use of fork() may lead to deadlocks in the child.
  pid = os.fork()

[2025-06-23T16:15:46.131+0900] {standard_task_runner.py:72} INFO - Started process 5922 to run task
[2025-06-23T16:15:46.114+0900] {standard_task_runner.py:104} INFO - Running: ['***', 'tasks', 'run', 'lilt_document_classifier_balanced_V0.1', 'img_preprocess_task__1', 'manual__2025-06-23T06:45:10.371530+00:00', '--job-id', '3310', '--raw', '--subdir', 'DAGS_FOLDER/class_create_dag.py', '--cfg-path', '/tmp/tmpnols10mo', '--map-index', '73']
[2025-06-23T16:15:46.172+0900] {standard_task_runner.py:105} INFO - Job 3310: Subtask img_preprocess_task__1
[2025-06-23T16:15:46.284+0900] {task_command.py:467} INFO - Running <TaskInstance: lilt_document_classifier_balanced_V0.1.img_preprocess_task__1 manual__2025-06-23T06:45:10.371530+00:00 map_index=73 [running]> on host f6d4228a9eb8
[2025-06-23T16:15:46.807+0900] {taskinstance.py:3134} INFO - Exporting env vars: AIRFLOW_CTX_DAG_OWNER='***' AIRFLOW_CTX_DAG_ID='lilt_document_classifier_balanced_V0.1' AIRFLOW_CTX_TASK_ID='img_preprocess_task__1' AIRFLOW_CTX_EXECUTION_DATE='2025-06-23T06:45:10.371530+00:00' AIRFLOW_CTX_TRY_NUMBER='2' AIRFLOW_CTX_DAG_RUN_ID='manual__2025-06-23T06:45:10.371530+00:00'
[2025-06-23T16:15:46.811+0900] {taskinstance.py:732} INFO - ::endgroup::
[2025-06-23T16:15:46.823+0900] {logging_mixin.py:190} INFO - empty map check {} {'process_id': '_f615a1b1-05e3-49ee-96d7-a315b1b85e29_pre', 'folder_path': '8c34f817-0449-481a-93d7-28284e5ea47f/f615a1b1-05e3-49ee-96d7-a315b1b85e29', 'step_list': [{'name': 'cache', 'param': {'key': 'origin'}}, {'name': 'calc_angle_set2', 'param': {'key': 'angle1', 'iterations': 4, 'iter_save': False}}, {'name': 'text_orientation_set', 'param': {'key': 'angle2', 'iterations': 4, 'iter_save': False}}, {'name': 'load', 'param': {'key': 'origin'}}, {'name': 'rotate', 'param': {'key': 'angle1'}}, {'name': 'rotate', 'param': {'key': 'angle2'}}], 'result_file_map': {}}
[2025-06-23T16:15:46.825+0900] {logging_mixin.py:190} INFO - step : cache
[2025-06-23T16:15:46.827+0900] {logging_mixin.py:190} INFO - step : calc_angle_set2
[2025-06-23T16:15:53.044+0900] {logging_mixin.py:190} INFO - osd 1 -3.75 -3.75 5 1043 [940, 1012, 943, 962, 956, 1043, 962, 877, 968, 914, 885, 871, 851, 892, 838, 825, 830, 765, 800, 816, 818, 786, 798, 738, 808, 658, 758, 766, 690, 700, 709, 716, 615, 624, 687, 570, 645, 582, 624, 574, 636]
[2025-06-23T16:16:00.532+0900] {logging_mixin.py:190} INFO - osd 2 -8.0 -4.25 3 1472 [1400, 1459, 1346, 1472, 1338, 1292, 1340, 1326, 1303, 1261, 1265, 1282, 1181, 1224, 1179, 1202, 1123, 1054, 1087, 1066, 1051, 1060, 1014, 1040, 1001, 1126, 1111, 997, 1024, 1015, 1028, 1104, 975, 952, 957, 995, 929, 973, 871, 924, 891]
[2025-06-23T16:16:08.429+0900] {logging_mixin.py:190} INFO - osd 3 -13.0 -5.0 0 1447 [1447, 1370, 1400, 1361, 1358, 1343, 1253, 1325, 1327, 1293, 1291, 1212, 1233, 1322, 1349, 1271, 1225, 1177, 1148, 1168, 1350, 1165, 1161, 1128, 1161, 1016, 1129, 1077, 1016, 1090, 1014, 937, 950, 916, 898, 978, 908, 830, 953, 908, 971]
[2025-06-23T16:16:18.230+0900] {logging_mixin.py:190} INFO - osd 4 -15.5 -2.5 10 1314 [1237, 1228, 1294, 1241, 1216, 1265, 1295, 1291, 1202, 1272, 1314, 1215, 1238, 1237, 1259, 1241, 1211, 1245, 1188, 1187, 1247, 1167, 1128, 1117, 1056, 1160, 1053, 1045, 1043, 1087, 1074, 1005, 924, 954, 997, 956, 936, 891, 870, 968, 904]
[2025-06-23T16:16:18.342+0900] {logging_mixin.py:190} INFO - step : text_orientation_set
[2025-06-23T16:16:27.080+0900] {logging_mixin.py:190} INFO - osd 1 270 270 1.61 Arabic 0.28
[2025-06-23T16:16:36.832+0900] {logging_mixin.py:190} INFO - osd 2 450 180 2.6 Arabic 2.92
[2025-06-23T16:16:49.506+0900] {logging_mixin.py:190} INFO - osd 3 break  450 0 2.07 Bengali 1.67
[2025-06-23T16:16:49.523+0900] {logging_mixin.py:190} INFO - step : load
[2025-06-23T16:16:49.527+0900] {logging_mixin.py:190} INFO - step : rotate
[2025-06-23T16:16:49.679+0900] {logging_mixin.py:190} INFO - step : rotate
[2025-06-23T16:16:49.936+0900] {logging_mixin.py:190} INFO - file_copy: /opt/***/data/temp/8c34f817-0449-481a-93d7-28284e5ea47f/f615a1b1-05e3-49ee-96d7-a315b1b85e29/_result.png
[2025-06-23T16:16:49.970+0900] {python.py:240} INFO - Done. Returned value was: {'file_id': '8c34f817-0449-481a-93d7-28284e5ea47f', 'file_path': '/opt/***/data/class/a_class/classify/ready/false/copied_27_2083780250.png', 'false': {'process_id': '_f615a1b1-05e3-49ee-96d7-a315b1b85e29_pre', 'folder_path': '8c34f817-0449-481a-93d7-28284e5ea47f/f615a1b1-05e3-49ee-96d7-a315b1b85e29', 'step_list': [{'name': 'cache', 'param': {'key': 'origin'}}, {'name': 'calc_angle_set2', 'param': {'key': 'angle1', 'iterations': 4, 'iter_save': False}}, {'name': 'text_orientation_set', 'param': {'key': 'angle2', 'iterations': 4, 'iter_save': False}}, {'name': 'load', 'param': {'key': 'origin'}}, {'name': 'rotate', 'param': {'key': 'angle1'}}, {'name': 'rotate', 'param': {'key': 'angle2'}}], 'result_file_map': {'_result': '/opt/***/data/temp/8c34f817-0449-481a-93d7-28284e5ea47f/f615a1b1-05e3-49ee-96d7-a315b1b85e29/_result.png'}}}
[2025-06-23T16:16:50.176+0900] {taskinstance.py:341} INFO - ::group::Post task execution logs
[2025-06-23T16:16:50.182+0900] {taskinstance.py:353} INFO - Marking task as SUCCESS. dag_id=lilt_document_classifier_balanced_V0.1, task_id=img_preprocess_task__1, run_id=manual__2025-06-23T06:45:10.371530+00:00, map_index=73, execution_date=20250623T064510, start_date=20250623T071545, end_date=20250623T071650
[2025-06-23T16:16:50.426+0900] {local_task_job_runner.py:266} INFO - Task exited with return code 0
[2025-06-23T16:16:50.523+0900] {taskinstance.py:3901} INFO - 0 downstream tasks scheduled from follow-on schedule check
[2025-06-23T16:16:50.547+0900] {local_task_job_runner.py:245} INFO - ::endgroup::
