[2025-06-24T13:43:10.610+0900] {local_task_job_runner.py:123} INFO - ::group::Pre task execution logs
[2025-06-24T13:43:10.753+0900] {taskinstance.py:2614} INFO - Dependencies all met for dep_context=non-requeueable deps ti=<TaskInstance: lilt_document_classifier_balanced_V0.1.img_preprocess_task__1 manual__2025-06-24T04:23:33.505927+00:00 map_index=92 [queued]>
[2025-06-24T13:43:10.890+0900] {taskinstance.py:2614} INFO - Dependencies all met for dep_context=requeueable deps ti=<TaskInstance: lilt_document_classifier_balanced_V0.1.img_preprocess_task__1 manual__2025-06-24T04:23:33.505927+00:00 map_index=92 [queued]>
[2025-06-24T13:43:10.897+0900] {taskinstance.py:2867} INFO - Starting attempt 1 of 1
[2025-06-24T13:43:10.957+0900] {taskinstance.py:2890} INFO - Executing <Mapped(_PythonDecoratedOperator): img_preprocess_task__1> on 2025-06-24 04:23:33.505927+00:00
[2025-06-24T13:43:10.993+0900] {warnings.py:112} WARNING - /home/***/.local/lib/python3.12/site-packages/***/task/task_runner/standard_task_runner.py:70: DeprecationWarning: This process (pid=42235) is multi-threaded, use of fork() may lead to deadlocks in the child.
  pid = os.fork()

[2025-06-24T13:43:11.008+0900] {standard_task_runner.py:72} INFO - Started process 42251 to run task
[2025-06-24T13:43:11.060+0900] {standard_task_runner.py:104} INFO - Running: ['***', 'tasks', 'run', 'lilt_document_classifier_balanced_V0.1', 'img_preprocess_task__1', 'manual__2025-06-24T04:23:33.505927+00:00', '--job-id', '4117', '--raw', '--subdir', 'DAGS_FOLDER/class_create_dag.py', '--cfg-path', '/tmp/tmplg0fawol', '--map-index', '92']
[2025-06-24T13:43:11.103+0900] {standard_task_runner.py:105} INFO - Job 4117: Subtask img_preprocess_task__1
[2025-06-24T13:43:11.546+0900] {task_command.py:467} INFO - Running <TaskInstance: lilt_document_classifier_balanced_V0.1.img_preprocess_task__1 manual__2025-06-24T04:23:33.505927+00:00 map_index=92 [running]> on host f6d4228a9eb8
[2025-06-24T13:43:12.010+0900] {taskinstance.py:3134} INFO - Exporting env vars: AIRFLOW_CTX_DAG_OWNER='***' AIRFLOW_CTX_DAG_ID='lilt_document_classifier_balanced_V0.1' AIRFLOW_CTX_TASK_ID='img_preprocess_task__1' AIRFLOW_CTX_EXECUTION_DATE='2025-06-24T04:23:33.505927+00:00' AIRFLOW_CTX_TRY_NUMBER='1' AIRFLOW_CTX_DAG_RUN_ID='manual__2025-06-24T04:23:33.505927+00:00'
[2025-06-24T13:43:12.012+0900] {taskinstance.py:732} INFO - ::endgroup::
[2025-06-24T13:43:12.019+0900] {logging_mixin.py:190} INFO - empty map check {} {'process_id': '_119e1222-7328-47ef-9ad0-e52fd0ba5f3d_pre', 'folder_path': '3342fdeb-eb81-4c74-893b-99d91c4486b2/119e1222-7328-47ef-9ad0-e52fd0ba5f3d', 'step_list': [{'name': 'cache', 'param': {'key': 'origin'}}, {'name': 'calc_angle_set2', 'param': {'key': 'angle1', 'iterations': 4, 'iter_save': True}}, {'name': 'save', 'param': {'key': 'ag1'}}, {'name': 'text_orientation_set', 'param': {'key': 'angle2', 'iterations': 4, 'iter_save': True}}, {'name': 'save', 'param': {'key': 'ag2'}}, {'name': 'load', 'param': {'key': 'origin'}}, {'name': 'rotate', 'param': {'key': 'angle1'}}, {'name': 'rotate', 'param': {'key': 'angle2'}}], 'result_file_map': {}}
[2025-06-24T13:43:12.023+0900] {logging_mixin.py:190} INFO - step : cache
[2025-06-24T13:43:12.029+0900] {logging_mixin.py:190} INFO - step : calc_angle_set2
[2025-06-24T13:43:18.986+0900] {logging_mixin.py:190} INFO - osd 1 0 0 0 0 [0, 0, 0, 0, 0, 0, 0, 0, 0, 0, 0, 0, 0, 0, 0, 0, 0, 0, 0, 0, 0, 0, 0, 0, 0, 0, 0, 0, 0, 0, 0, 0, 0, 0, 0, 0, 0, 0, 0, 0, 0]
[2025-06-24T13:43:24.211+0900] {logging_mixin.py:190} INFO - osd 2 0 0 0 0 [0, 0, 0, 0, 0, 0, 0, 0, 0, 0, 0, 0, 0, 0, 0, 0, 0, 0, 0, 0, 0, 0, 0, 0, 0, 0, 0, 0, 0, 0, 0, 0, 0, 0, 0, 0, 0, 0, 0, 0, 0]
[2025-06-24T13:43:29.022+0900] {logging_mixin.py:190} INFO - osd 3 0 0 0 0 [0, 0, 0, 0, 0, 0, 0, 0, 0, 0, 0, 0, 0, 0, 0, 0, 0, 0, 0, 0, 0, 0, 0, 0, 0, 0, 0, 0, 0, 0, 0, 0, 0, 0, 0, 0, 0, 0, 0, 0, 0]
[2025-06-24T13:43:34.530+0900] {logging_mixin.py:190} INFO - osd 4 0 0 0 0 [0, 0, 0, 0, 0, 0, 0, 0, 0, 0, 0, 0, 0, 0, 0, 0, 0, 0, 0, 0, 0, 0, 0, 0, 0, 0, 0, 0, 0, 0, 0, 0, 0, 0, 0, 0, 0, 0, 0, 0, 0]
[2025-06-24T13:43:34.611+0900] {logging_mixin.py:190} INFO - step : save
[2025-06-24T13:43:34.717+0900] {logging_mixin.py:190} INFO - file_copy: /opt/***/data/temp/3342fdeb-eb81-4c74-893b-99d91c4486b2/119e1222-7328-47ef-9ad0-e52fd0ba5f3d/ag1.png
[2025-06-24T13:43:34.732+0900] {logging_mixin.py:190} INFO - step : text_orientation_set
[2025-06-24T13:43:37.232+0900] {logging_mixin.py:190} INFO - file_copy: /opt/***/data/temp/3342fdeb-eb81-4c74-893b-99d91c4486b2/119e1222-7328-47ef-9ad0-e52fd0ba5f3d/rotate2_1.png
[2025-06-24T13:43:39.716+0900] {logging_mixin.py:190} INFO - osd 1 break  0 0 9.73 Latin 1.46
[2025-06-24T13:43:39.717+0900] {logging_mixin.py:190} INFO - step : save
[2025-06-24T13:43:39.938+0900] {logging_mixin.py:190} INFO - file_copy: /opt/***/data/temp/3342fdeb-eb81-4c74-893b-99d91c4486b2/119e1222-7328-47ef-9ad0-e52fd0ba5f3d/ag2.png
[2025-06-24T13:43:40.012+0900] {logging_mixin.py:190} INFO - step : load
[2025-06-24T13:43:40.012+0900] {logging_mixin.py:190} INFO - step : rotate
[2025-06-24T13:43:40.055+0900] {logging_mixin.py:190} INFO - step : rotate
[2025-06-24T13:43:40.340+0900] {logging_mixin.py:190} INFO - file_copy: /opt/***/data/temp/3342fdeb-eb81-4c74-893b-99d91c4486b2/119e1222-7328-47ef-9ad0-e52fd0ba5f3d/_result.png
[2025-06-24T13:43:40.413+0900] {python.py:240} INFO - Done. Returned value was: {'file_id': '3342fdeb-eb81-4c74-893b-99d91c4486b2', 'file_path': '/opt/***/data/class/a_class/classify/ready/false/copied_47_ti31110800.png', 'false': {'process_id': '_119e1222-7328-47ef-9ad0-e52fd0ba5f3d_pre', 'folder_path': '3342fdeb-eb81-4c74-893b-99d91c4486b2/119e1222-7328-47ef-9ad0-e52fd0ba5f3d', 'step_list': [{'name': 'cache', 'param': {'key': 'origin'}}, {'name': 'calc_angle_set2', 'param': {'key': 'angle1', 'iterations': 4, 'iter_save': True}}, {'name': 'save', 'param': {'key': 'ag1'}}, {'name': 'text_orientation_set', 'param': {'key': 'angle2', 'iterations': 4, 'iter_save': True}}, {'name': 'save', 'param': {'key': 'ag2'}}, {'name': 'load', 'param': {'key': 'origin'}}, {'name': 'rotate', 'param': {'key': 'angle1'}}, {'name': 'rotate', 'param': {'key': 'angle2'}}], 'result_file_map': {'ag1': '/opt/***/data/temp/3342fdeb-eb81-4c74-893b-99d91c4486b2/119e1222-7328-47ef-9ad0-e52fd0ba5f3d/ag1.png', 'rotate2_1': '/opt/***/data/temp/3342fdeb-eb81-4c74-893b-99d91c4486b2/119e1222-7328-47ef-9ad0-e52fd0ba5f3d/rotate2_1.png', 'ag2': '/opt/***/data/temp/3342fdeb-eb81-4c74-893b-99d91c4486b2/119e1222-7328-47ef-9ad0-e52fd0ba5f3d/ag2.png', '_result': '/opt/***/data/temp/3342fdeb-eb81-4c74-893b-99d91c4486b2/119e1222-7328-47ef-9ad0-e52fd0ba5f3d/_result.png'}}}
[2025-06-24T13:43:40.571+0900] {taskinstance.py:341} INFO - ::group::Post task execution logs
[2025-06-24T13:43:40.589+0900] {taskinstance.py:353} INFO - Marking task as SUCCESS. dag_id=lilt_document_classifier_balanced_V0.1, task_id=img_preprocess_task__1, run_id=manual__2025-06-24T04:23:33.505927+00:00, map_index=92, execution_date=20250624T042333, start_date=20250624T044310, end_date=20250624T044340
[2025-06-24T13:43:40.804+0900] {local_task_job_runner.py:266} INFO - Task exited with return code 0
[2025-06-24T13:43:40.880+0900] {taskinstance.py:3901} INFO - 1 downstream tasks scheduled from follow-on schedule check
[2025-06-24T13:43:40.891+0900] {local_task_job_runner.py:245} INFO - ::endgroup::
