[2025-06-23T16:02:08.770+0900] {local_task_job_runner.py:123} INFO - ::group::Pre task execution logs
[2025-06-23T16:02:08.939+0900] {taskinstance.py:2614} INFO - Dependencies all met for dep_context=non-requeueable deps ti=<TaskInstance: lilt_document_classifier_balanced_V0.1.img_preprocess_task manual__2025-06-23T06:45:10.371530+00:00 map_index=48 [queued]>
[2025-06-23T16:02:08.983+0900] {taskinstance.py:2614} INFO - Dependencies all met for dep_context=requeueable deps ti=<TaskInstance: lilt_document_classifier_balanced_V0.1.img_preprocess_task manual__2025-06-23T06:45:10.371530+00:00 map_index=48 [queued]>
[2025-06-23T16:02:08.985+0900] {taskinstance.py:2867} INFO - Starting attempt 1 of 1
[2025-06-23T16:02:09.058+0900] {taskinstance.py:2890} INFO - Executing <Mapped(_PythonDecoratedOperator): img_preprocess_task> on 2025-06-23 06:45:10.371530+00:00
[2025-06-23T16:02:09.095+0900] {warnings.py:112} WARNING - /home/***/.local/lib/python3.12/site-packages/***/task/task_runner/standard_task_runner.py:70: DeprecationWarning: This process (pid=3914) is multi-threaded, use of fork() may lead to deadlocks in the child.
  pid = os.fork()

[2025-06-23T16:02:09.105+0900] {standard_task_runner.py:72} INFO - Started process 3941 to run task
[2025-06-23T16:02:09.099+0900] {standard_task_runner.py:104} INFO - Running: ['***', 'tasks', 'run', 'lilt_document_classifier_balanced_V0.1', 'img_preprocess_task', 'manual__2025-06-23T06:45:10.371530+00:00', '--job-id', '3213', '--raw', '--subdir', 'DAGS_FOLDER/class_create_dag.py', '--cfg-path', '/tmp/tmp98unaum8', '--map-index', '48']
[2025-06-23T16:02:09.110+0900] {standard_task_runner.py:105} INFO - Job 3213: Subtask img_preprocess_task
[2025-06-23T16:02:09.211+0900] {task_command.py:467} INFO - Running <TaskInstance: lilt_document_classifier_balanced_V0.1.img_preprocess_task manual__2025-06-23T06:45:10.371530+00:00 map_index=48 [running]> on host f6d4228a9eb8
[2025-06-23T16:02:09.606+0900] {taskinstance.py:3134} INFO - Exporting env vars: AIRFLOW_CTX_DAG_OWNER='***' AIRFLOW_CTX_DAG_ID='lilt_document_classifier_balanced_V0.1' AIRFLOW_CTX_TASK_ID='img_preprocess_task' AIRFLOW_CTX_EXECUTION_DATE='2025-06-23T06:45:10.371530+00:00' AIRFLOW_CTX_TRY_NUMBER='1' AIRFLOW_CTX_DAG_RUN_ID='manual__2025-06-23T06:45:10.371530+00:00'
[2025-06-23T16:02:09.608+0900] {taskinstance.py:732} INFO - ::endgroup::
[2025-06-23T16:02:09.644+0900] {logging_mixin.py:190} INFO - empty map check {} {'process_id': '_0410f804-8202-466d-aa3c-2e0588ef7e94_pre', 'folder_path': '96468e8c-f63e-4f02-b2c4-a4ee81261b7b/0410f804-8202-466d-aa3c-2e0588ef7e94', 'step_list': [{'name': 'cache', 'param': {'key': 'origin'}}, {'name': 'calc_angle_set2', 'param': {'key': 'angle1', 'iterations': 4, 'iter_save': False}}, {'name': 'text_orientation_set', 'param': {'key': 'angle2', 'iterations': 4, 'iter_save': False}}, {'name': 'load', 'param': {'key': 'origin'}}, {'name': 'rotate', 'param': {'key': 'angle1'}}, {'name': 'rotate', 'param': {'key': 'angle2'}}], 'result_file_map': {}}
[2025-06-23T16:02:09.670+0900] {logging_mixin.py:190} INFO - step : cache
[2025-06-23T16:02:09.676+0900] {logging_mixin.py:190} INFO - step : calc_angle_set2
[2025-06-23T16:02:46.509+0900] {logging_mixin.py:190} INFO - osd 1 -5.0 -5.0 0 1485636 [1485636, 1422225, 1356064, 1287708, 1222553, 1155993, 1091483, 1026512, 964690, 899335, 839677, 779300, 717866, 658036, 604044, 547594, 492788, 440329, 389264, 340513, 297334, 335880, 379242, 422257, 466406, 509193, 553217, 594591, 641037, 690777, 739906, 789839, 845507, 899803, 956279, 1011686, 1068606, 1123904, 1181823, 1238134, 1286016]
[2025-06-23T16:03:28.304+0900] {logging_mixin.py:190} INFO - osd 2 0.0 5.0 40 3097674 [3048616, 2958439, 2877520, 2791234, 2702187, 2617860, 2534665, 2447759, 2366528, 2278281, 2199501, 2118675, 2037809, 1962064, 1879533, 1802517, 1721567, 1644749, 1573303, 1493380, 1419486, 1492720, 1572527, 1645225, 1722534, 1806669, 1887440, 1975945, 2057431, 2144074, 2231869, 2315312, 2409154, 2493767, 2583466, 2668747, 2754266, 2845008, 2931149, 3012459, 3097674]
[2025-06-23T16:04:20.701+0900] {logging_mixin.py:190} INFO - osd 3 -5.0 -5.0 0 5101392 [5101392, 4985965, 4878965, 4766648, 4661857, 4552492, 4450447, 4339747, 4234930, 4131046, 4029042, 3928337, 3824348, 3724797, 3621471, 3522854, 3419086, 3317246, 3215492, 3114113, 3015512, 3107890, 3202014, 3297158, 3393126, 3489191, 3580039, 3675217, 3767319, 3864208, 3956754, 4045769, 4137991, 4229605, 4328054, 4413722, 4506035, 4593785, 4686917, 4772239, 4859161]
[2025-06-23T16:05:20.293+0900] {logging_mixin.py:190} INFO - osd 4 -10.0 -5.0 0 7633235 [7633235, 7489431, 7346397, 7205704, 7064900, 6926480, 6781328, 6637987, 6504018, 6364463, 6234062, 6093406, 5966921, 5829277, 5698003, 5570656, 5441982, 5310055, 5180724, 5050874, 4936458, 5056137, 5190511, 5324677, 5459427, 5590059, 5720287, 5852107, 5989663, 6115614, 6255914, 6383642, 6517910, 6647096, 6781987, 6920082, 7049438, 7180415, 7311905, 7443681, 7574341]
[2025-06-23T16:05:20.637+0900] {logging_mixin.py:190} INFO - step : text_orientation_set
[2025-06-23T16:05:47.663+0900] {logging_mixin.py:190} INFO - osd 1 break  0 0 6.56 Japanese 0.27
[2025-06-23T16:05:47.668+0900] {logging_mixin.py:190} INFO - step : load
[2025-06-23T16:05:47.674+0900] {logging_mixin.py:190} INFO - step : rotate
[2025-06-23T16:05:48.072+0900] {logging_mixin.py:190} INFO - step : rotate
[2025-06-23T16:05:49.386+0900] {logging_mixin.py:190} INFO - file_copy: /opt/***/data/temp/96468e8c-f63e-4f02-b2c4-a4ee81261b7b/0410f804-8202-466d-aa3c-2e0588ef7e94/_result.png
[2025-06-23T16:05:49.410+0900] {python.py:240} INFO - Done. Returned value was: {'file_id': '96468e8c-f63e-4f02-b2c4-a4ee81261b7b', 'file_path': '/opt/***/data/class/a_class/classify/ready/true/삼성동 초록빌딩 - 정부24 - 건축물대장 등본(초본) 발급(열람) _ 문서출력_page_1_aug1.png', 'true': {'process_id': '_0410f804-8202-466d-aa3c-2e0588ef7e94_pre', 'folder_path': '96468e8c-f63e-4f02-b2c4-a4ee81261b7b/0410f804-8202-466d-aa3c-2e0588ef7e94', 'step_list': [{'name': 'cache', 'param': {'key': 'origin'}}, {'name': 'calc_angle_set2', 'param': {'key': 'angle1', 'iterations': 4, 'iter_save': False}}, {'name': 'text_orientation_set', 'param': {'key': 'angle2', 'iterations': 4, 'iter_save': False}}, {'name': 'load', 'param': {'key': 'origin'}}, {'name': 'rotate', 'param': {'key': 'angle1'}}, {'name': 'rotate', 'param': {'key': 'angle2'}}], 'result_file_map': {'_result': '/opt/***/data/temp/96468e8c-f63e-4f02-b2c4-a4ee81261b7b/0410f804-8202-466d-aa3c-2e0588ef7e94/_result.png'}}}
[2025-06-23T16:05:49.461+0900] {taskinstance.py:341} INFO - ::group::Post task execution logs
[2025-06-23T16:05:49.462+0900] {taskinstance.py:353} INFO - Marking task as SUCCESS. dag_id=lilt_document_classifier_balanced_V0.1, task_id=img_preprocess_task, run_id=manual__2025-06-23T06:45:10.371530+00:00, map_index=48, execution_date=20250623T064510, start_date=20250623T070208, end_date=20250623T070549
[2025-06-23T16:05:49.562+0900] {local_task_job_runner.py:266} INFO - Task exited with return code 0
[2025-06-23T16:05:49.794+0900] {taskinstance.py:3901} INFO - 0 downstream tasks scheduled from follow-on schedule check
[2025-06-23T16:05:49.803+0900] {local_task_job_runner.py:245} INFO - ::endgroup::
