[2025-06-23T16:10:08.781+0900] {local_task_job_runner.py:123} INFO - ::group::Pre task execution logs
[2025-06-23T16:10:08.890+0900] {taskinstance.py:2614} INFO - Dependencies all met for dep_context=non-requeueable deps ti=<TaskInstance: lilt_document_classifier_balanced_b_class_V0.1.img_preprocess_task__1 manual__2025-06-23T06:58:09.542610+00:00 map_index=13 [queued]>
[2025-06-23T16:10:08.920+0900] {taskinstance.py:2614} INFO - Dependencies all met for dep_context=requeueable deps ti=<TaskInstance: lilt_document_classifier_balanced_b_class_V0.1.img_preprocess_task__1 manual__2025-06-23T06:58:09.542610+00:00 map_index=13 [queued]>
[2025-06-23T16:10:08.921+0900] {taskinstance.py:2867} INFO - Starting attempt 1 of 1
[2025-06-23T16:10:09.006+0900] {taskinstance.py:2890} INFO - Executing <Mapped(_PythonDecoratedOperator): img_preprocess_task__1> on 2025-06-23 06:58:09.542610+00:00
[2025-06-23T16:10:09.058+0900] {warnings.py:112} WARNING - /home/***/.local/lib/python3.12/site-packages/***/task/task_runner/standard_task_runner.py:70: DeprecationWarning: This process (pid=5114) is multi-threaded, use of fork() may lead to deadlocks in the child.
  pid = os.fork()

[2025-06-23T16:10:09.076+0900] {standard_task_runner.py:72} INFO - Started process 5164 to run task
[2025-06-23T16:10:09.084+0900] {standard_task_runner.py:104} INFO - Running: ['***', 'tasks', 'run', 'lilt_document_classifier_balanced_b_class_V0.1', 'img_preprocess_task__1', 'manual__2025-06-23T06:58:09.542610+00:00', '--job-id', '3274', '--raw', '--subdir', 'DAGS_FOLDER/class_create_dag_b_class.py', '--cfg-path', '/tmp/tmpz5o3fsnt', '--map-index', '13']
[2025-06-23T16:10:09.101+0900] {standard_task_runner.py:105} INFO - Job 3274: Subtask img_preprocess_task__1
[2025-06-23T16:10:09.322+0900] {task_command.py:467} INFO - Running <TaskInstance: lilt_document_classifier_balanced_b_class_V0.1.img_preprocess_task__1 manual__2025-06-23T06:58:09.542610+00:00 map_index=13 [running]> on host f6d4228a9eb8
[2025-06-23T16:10:09.684+0900] {taskinstance.py:3134} INFO - Exporting env vars: AIRFLOW_CTX_DAG_OWNER='***' AIRFLOW_CTX_DAG_ID='lilt_document_classifier_balanced_b_class_V0.1' AIRFLOW_CTX_TASK_ID='img_preprocess_task__1' AIRFLOW_CTX_EXECUTION_DATE='2025-06-23T06:58:09.542610+00:00' AIRFLOW_CTX_TRY_NUMBER='1' AIRFLOW_CTX_DAG_RUN_ID='manual__2025-06-23T06:58:09.542610+00:00'
[2025-06-23T16:10:09.687+0900] {taskinstance.py:732} INFO - ::endgroup::
[2025-06-23T16:10:09.693+0900] {logging_mixin.py:190} INFO - empty map check {} {'process_id': '_9fa05e13-054f-4acb-a66a-252f38db7df9_pre', 'folder_path': 'fbb2d0f7-b297-4fbd-88eb-3d3298a1258b/9fa05e13-054f-4acb-a66a-252f38db7df9', 'step_list': [{'name': 'cache', 'param': {'key': 'origin'}}, {'name': 'calc_angle_set2', 'param': {'key': 'angle1', 'iterations': 4, 'iter_save': False}}, {'name': 'text_orientation_set', 'param': {'key': 'angle2', 'iterations': 4, 'iter_save': False}}, {'name': 'load', 'param': {'key': 'origin'}}, {'name': 'rotate', 'param': {'key': 'angle1'}}, {'name': 'rotate', 'param': {'key': 'angle2'}}], 'result_file_map': {}}
[2025-06-23T16:10:09.697+0900] {logging_mixin.py:190} INFO - step : cache
[2025-06-23T16:10:09.699+0900] {logging_mixin.py:190} INFO - step : calc_angle_set2
[2025-06-23T16:10:15.761+0900] {logging_mixin.py:190} INFO - osd 1 0 0 0 0 [0, 0, 0, 0, 0, 0, 0, 0, 0, 0, 0, 0, 0, 0, 0, 0, 0, 0, 0, 0, 0, 0, 0, 0, 0, 0, 0, 0, 0, 0, 0, 0, 0, 0, 0, 0, 0, 0, 0, 0, 0]
[2025-06-23T16:10:22.214+0900] {logging_mixin.py:190} INFO - osd 2 0 0 0 0 [0, 0, 0, 0, 0, 0, 0, 0, 0, 0, 0, 0, 0, 0, 0, 0, 0, 0, 0, 0, 0, 0, 0, 0, 0, 0, 0, 0, 0, 0, 0, 0, 0, 0, 0, 0, 0, 0, 0, 0, 0]
[2025-06-23T16:10:28.435+0900] {logging_mixin.py:190} INFO - osd 3 0 0 0 0 [0, 0, 0, 0, 0, 0, 0, 0, 0, 0, 0, 0, 0, 0, 0, 0, 0, 0, 0, 0, 0, 0, 0, 0, 0, 0, 0, 0, 0, 0, 0, 0, 0, 0, 0, 0, 0, 0, 0, 0, 0]
[2025-06-23T16:10:33.964+0900] {logging_mixin.py:190} INFO - osd 4 0 0 0 0 [0, 0, 0, 0, 0, 0, 0, 0, 0, 0, 0, 0, 0, 0, 0, 0, 0, 0, 0, 0, 0, 0, 0, 0, 0, 0, 0, 0, 0, 0, 0, 0, 0, 0, 0, 0, 0, 0, 0, 0, 0]
[2025-06-23T16:10:34.112+0900] {logging_mixin.py:190} INFO - step : text_orientation_set
[2025-06-23T16:10:40.574+0900] {logging_mixin.py:190} INFO - osd 1 break  0 0 0.96 Latin 0.83
[2025-06-23T16:10:40.580+0900] {logging_mixin.py:190} INFO - step : load
[2025-06-23T16:10:40.580+0900] {logging_mixin.py:190} INFO - step : rotate
[2025-06-23T16:10:40.593+0900] {logging_mixin.py:190} INFO - step : rotate
[2025-06-23T16:10:40.657+0900] {logging_mixin.py:190} INFO - file_copy: /opt/***/data/temp/fbb2d0f7-b297-4fbd-88eb-3d3298a1258b/9fa05e13-054f-4acb-a66a-252f38db7df9/_result.png
[2025-06-23T16:10:40.695+0900] {python.py:240} INFO - Done. Returned value was: {'file_id': 'fbb2d0f7-b297-4fbd-88eb-3d3298a1258b', 'file_path': '/opt/***/data/class/b_class/classify/ready/false/copied_8_2071720584d_0587.png', 'false': {'process_id': '_9fa05e13-054f-4acb-a66a-252f38db7df9_pre', 'folder_path': 'fbb2d0f7-b297-4fbd-88eb-3d3298a1258b/9fa05e13-054f-4acb-a66a-252f38db7df9', 'step_list': [{'name': 'cache', 'param': {'key': 'origin'}}, {'name': 'calc_angle_set2', 'param': {'key': 'angle1', 'iterations': 4, 'iter_save': False}}, {'name': 'text_orientation_set', 'param': {'key': 'angle2', 'iterations': 4, 'iter_save': False}}, {'name': 'load', 'param': {'key': 'origin'}}, {'name': 'rotate', 'param': {'key': 'angle1'}}, {'name': 'rotate', 'param': {'key': 'angle2'}}], 'result_file_map': {'_result': '/opt/***/data/temp/fbb2d0f7-b297-4fbd-88eb-3d3298a1258b/9fa05e13-054f-4acb-a66a-252f38db7df9/_result.png'}}}
[2025-06-23T16:10:40.779+0900] {taskinstance.py:341} INFO - ::group::Post task execution logs
[2025-06-23T16:10:40.790+0900] {taskinstance.py:353} INFO - Marking task as SUCCESS. dag_id=lilt_document_classifier_balanced_b_class_V0.1, task_id=img_preprocess_task__1, run_id=manual__2025-06-23T06:58:09.542610+00:00, map_index=13, execution_date=20250623T065809, start_date=20250623T071008, end_date=20250623T071040
[2025-06-23T16:10:40.911+0900] {local_task_job_runner.py:266} INFO - Task exited with return code 0
[2025-06-23T16:10:40.983+0900] {taskinstance.py:3901} INFO - 0 downstream tasks scheduled from follow-on schedule check
[2025-06-23T16:10:40.988+0900] {local_task_job_runner.py:245} INFO - ::endgroup::
