[2025-05-27T08:33:39.623+0000] {local_task_job_runner.py:123} INFO - ::group::Pre task execution logs
[2025-05-27T08:33:40.248+0000] {taskinstance.py:2614} INFO - Dependencies all met for dep_context=non-requeueable deps ti=<TaskInstance: image_processing_per_file_v2.grayscale_task manual__2025-05-27T08:27:30.939474+00:00 map_index=285 [queued]>
[2025-05-27T08:33:40.830+0000] {taskinstance.py:2614} INFO - Dependencies all met for dep_context=requeueable deps ti=<TaskInstance: image_processing_per_file_v2.grayscale_task manual__2025-05-27T08:27:30.939474+00:00 map_index=285 [queued]>
[2025-05-27T08:33:40.833+0000] {taskinstance.py:2867} INFO - Starting attempt 1 of 1
[2025-05-27T08:33:41.021+0000] {taskinstance.py:2890} INFO - Executing <Mapped(_PythonDecoratedOperator): grayscale_task> on 2025-05-27 08:27:30.939474+00:00
[2025-05-27T08:33:41.199+0000] {standard_task_runner.py:104} INFO - Running: ['***', 'tasks', 'run', 'image_processing_per_file_v2', 'grayscale_task', 'manual__2025-05-27T08:27:30.939474+00:00', '--job-id', '376', '--raw', '--subdir', 'DAGS_FOLDER/test_dag.py', '--cfg-path', '/tmp/tmpjils7c8z', '--map-index', '285']
[2025-05-27T08:33:41.209+0000] {standard_task_runner.py:105} INFO - Job 376: Subtask grayscale_task
[2025-05-27T08:33:41.179+0000] {logging_mixin.py:190} WARNING - /home/***/.local/lib/python3.12/site-packages/***/task/task_runner/standard_task_runner.py:70 DeprecationWarning: This process (pid=20381) is multi-threaded, use of fork() may lead to deadlocks in the child.
[2025-05-27T08:33:41.220+0000] {standard_task_runner.py:72} INFO - Started process 20475 to run task
[2025-05-27T08:33:41.634+0000] {task_command.py:467} INFO - Running <TaskInstance: image_processing_per_file_v2.grayscale_task manual__2025-05-27T08:27:30.939474+00:00 map_index=285 [running]> on host d13339a4a574
[2025-05-27T08:33:42.422+0000] {taskinstance.py:3134} INFO - Exporting env vars: AIRFLOW_CTX_DAG_OWNER='***' AIRFLOW_CTX_DAG_ID='image_processing_per_file_v2' AIRFLOW_CTX_TASK_ID='grayscale_task' AIRFLOW_CTX_EXECUTION_DATE='2025-05-27T08:27:30.939474+00:00' AIRFLOW_CTX_TRY_NUMBER='1' AIRFLOW_CTX_DAG_RUN_ID='manual__2025-05-27T08:27:30.939474+00:00'
[2025-05-27T08:33:42.425+0000] {logging_mixin.py:190} INFO - Task instance is in running state
[2025-05-27T08:33:42.439+0000] {logging_mixin.py:190} INFO -  Previous state of the Task instance: queued
[2025-05-27T08:33:42.440+0000] {logging_mixin.py:190} INFO - Current task name:grayscale_task state:running start_date:2025-05-27 08:33:40.255340+00:00
[2025-05-27T08:33:42.442+0000] {logging_mixin.py:190} INFO - Dag name:image_processing_per_file_v2 and current dag run status:running
[2025-05-27T08:33:42.455+0000] {taskinstance.py:732} INFO - ::endgroup::
[2025-05-27T08:33:42.582+0000] {logging_mixin.py:190} INFO - ----------file_path /opt/***/data/upload/test/스크린샷 2025-05-23 141009 - 복사본 - 복사본 - 복사본 (4) - 복사본 - 복사본.png
[2025-05-27T08:33:43.554+0000] {logging_mixin.py:190} INFO - gray: /opt/***/data/temp/스크린샷 2025-05-23 141009 - 복사본 - 복사본 - 복사본 (4) - 복사본 - 복사본.png
[2025-05-27T08:33:43.555+0000] {python.py:240} INFO - Done. Returned value was: /opt/***/data/temp/스크린샷 2025-05-23 141009 - 복사본 - 복사본 - 복사본 (4) - 복사본 - 복사본.png
[2025-05-27T08:33:43.674+0000] {taskinstance.py:341} INFO - ::group::Post task execution logs
[2025-05-27T08:33:43.677+0000] {taskinstance.py:353} INFO - Marking task as SUCCESS. dag_id=image_processing_per_file_v2, task_id=grayscale_task, run_id=manual__2025-05-27T08:27:30.939474+00:00, map_index=285, execution_date=20250527T082730, start_date=20250527T083340, end_date=20250527T083343
[2025-05-27T08:33:44.082+0000] {logging_mixin.py:190} INFO - Task instance in success state
[2025-05-27T08:33:44.090+0000] {logging_mixin.py:190} INFO -  Previous state of the Task instance: running
[2025-05-27T08:33:44.093+0000] {logging_mixin.py:190} INFO - Dag name:image_processing_per_file_v2 queued_at:2025-05-27 08:27:30.973127+00:00
[2025-05-27T08:33:44.180+0000] {logging_mixin.py:190} INFO - Task hostname:d13339a4a574 operator:_PythonDecoratedOperator
[2025-05-27T08:33:44.550+0000] {local_task_job_runner.py:266} INFO - Task exited with return code 0
[2025-05-27T08:33:44.650+0000] {local_task_job_runner.py:245} INFO - ::endgroup::
