[2025-06-25T09:26:24.159+0900] {local_task_job_runner.py:123} INFO - ::group::Pre task execution logs
[2025-06-25T09:26:24.200+0900] {taskinstance.py:2614} INFO - Dependencies all met for dep_context=non-requeueable deps ti=<TaskInstance: lilt_document_classifier_balanced_V0.1.img_preprocess_task__1 manual__2025-06-25T00:18:31.692203+00:00 map_index=59 [queued]>
[2025-06-25T09:26:24.249+0900] {taskinstance.py:2614} INFO - Dependencies all met for dep_context=requeueable deps ti=<TaskInstance: lilt_document_classifier_balanced_V0.1.img_preprocess_task__1 manual__2025-06-25T00:18:31.692203+00:00 map_index=59 [queued]>
[2025-06-25T09:26:24.290+0900] {taskinstance.py:2867} INFO - Starting attempt 1 of 1
[2025-06-25T09:26:24.309+0900] {taskinstance.py:2890} INFO - Executing <Mapped(_PythonDecoratedOperator): img_preprocess_task__1> on 2025-06-25 00:18:31.692203+00:00
[2025-06-25T09:26:24.326+0900] {warnings.py:112} WARNING - /home/***/.local/lib/python3.12/site-packages/***/task/task_runner/standard_task_runner.py:70: DeprecationWarning: This process (pid=77790) is multi-threaded, use of fork() may lead to deadlocks in the child.
  pid = os.fork()

[2025-06-25T09:26:24.329+0900] {standard_task_runner.py:72} INFO - Started process 77809 to run task
[2025-06-25T09:26:24.332+0900] {standard_task_runner.py:104} INFO - Running: ['***', 'tasks', 'run', 'lilt_document_classifier_balanced_V0.1', 'img_preprocess_task__1', 'manual__2025-06-25T00:18:31.692203+00:00', '--job-id', '5091', '--raw', '--subdir', 'DAGS_FOLDER/class_create_dag.py', '--cfg-path', '/tmp/tmp9m1prc5k', '--map-index', '59']
[2025-06-25T09:26:24.337+0900] {standard_task_runner.py:105} INFO - Job 5091: Subtask img_preprocess_task__1
[2025-06-25T09:26:24.508+0900] {task_command.py:467} INFO - Running <TaskInstance: lilt_document_classifier_balanced_V0.1.img_preprocess_task__1 manual__2025-06-25T00:18:31.692203+00:00 map_index=59 [running]> on host f6d4228a9eb8
[2025-06-25T09:26:24.862+0900] {taskinstance.py:3134} INFO - Exporting env vars: AIRFLOW_CTX_DAG_OWNER='***' AIRFLOW_CTX_DAG_ID='lilt_document_classifier_balanced_V0.1' AIRFLOW_CTX_TASK_ID='img_preprocess_task__1' AIRFLOW_CTX_EXECUTION_DATE='2025-06-25T00:18:31.692203+00:00' AIRFLOW_CTX_TRY_NUMBER='1' AIRFLOW_CTX_DAG_RUN_ID='manual__2025-06-25T00:18:31.692203+00:00'
[2025-06-25T09:26:24.867+0900] {taskinstance.py:732} INFO - ::endgroup::
[2025-06-25T09:26:24.898+0900] {logging_mixin.py:190} INFO - empty map check {} {'process_id': '_c61c09bf-95f6-47ea-ac11-141ca1140058_pre', 'folder_path': '35a85ca7-0d54-4ff8-905a-723c943a7671/c61c09bf-95f6-47ea-ac11-141ca1140058', 'step_list': [{'name': 'cache', 'param': {'cache_key': 'origin'}}, {'name': 'calc_angle_set2', 'param': {'angle_key': 'angle2_1', 'delta': 8.0, 'limit': 40, 'iterations': 2, 'iter_save': False}}, {'name': 'calc_angle_set2', 'param': {'angle_key': 'angle2_2', 'delta': 1.0, 'limit': 8, 'iterations': 2, 'iter_save': False}}, {'name': 'calc_angle_set2', 'param': {'angle_key': 'angle2_3', 'delta': 0.125, 'limit': 1, 'iterations': 2, 'iter_save': False}}, {'name': 'text_orientation_set', 'param': {'angle_key': 'orint', 'iterations': 3, 'iter_save': False}}, {'name': 'load', 'param': {'cache_key': 'origin'}}, {'name': 'rotate', 'param': {'angle_key': 'angle2_1'}}, {'name': 'rotate', 'param': {'angle_key': 'angle2_2'}}, {'name': 'rotate', 'param': {'angle_key': 'angle2_3'}}, {'name': 'rotate', 'param': {'angle_key': 'orint'}}], 'result_file_map': {}}
[2025-06-25T09:26:24.905+0900] {logging_mixin.py:190} INFO - step : cache
[2025-06-25T09:26:24.935+0900] {logging_mixin.py:190} INFO - step : calc_angle_set2
[2025-06-25T09:26:26.748+0900] {logging_mixin.py:190} INFO - osd 1 0 0 5 50 [0, 0, 0, 0, 0, 50, 0, 0, 0, 0, 0]
[2025-06-25T09:26:28.469+0900] {logging_mixin.py:190} INFO - osd 2 0 0 5 50 [0, 0, 0, 0, 0, 50, 0, 0, 0, 0, 0]
[2025-06-25T09:26:28.563+0900] {logging_mixin.py:190} INFO - step : calc_angle_set2
[2025-06-25T09:26:31.043+0900] {logging_mixin.py:190} INFO - osd 1 2.0 2.0 10 139 [0, 0, 0, 0, 0, 10, 8, 44, 50, 124, 139, 109, 34, 34, 39, 9, 0]
[2025-06-25T09:26:32.915+0900] {logging_mixin.py:190} INFO - osd 2 0.0 -2.0 6 108 [0, 0, 0, 11, 42, 74, 108, 93, 53, 45, 60, 0, 0, 0, 0, 0, 0]
[2025-06-25T09:26:32.935+0900] {logging_mixin.py:190} INFO - step : calc_angle_set2
[2025-06-25T09:26:34.850+0900] {logging_mixin.py:190} INFO - osd 1 1.0 1.0 16 168 [62, 55, 34, 87, 73, 74, 91, 60, 104, 124, 126, 120, 156, 153, 122, 131, 168]
[2025-06-25T09:26:36.061+0900] {logging_mixin.py:190} INFO - osd 2 0.125 -0.875 1 150 [96, 150, 105, 77, 100, 122, 90, 129, 82, 103, 144, 106, 60, 72, 91, 111, 99]
[2025-06-25T09:26:36.085+0900] {logging_mixin.py:190} INFO - step : text_orientation_set
[2025-06-25T09:26:44.161+0900] {logging_mixin.py:190} INFO - osd 1 180 180 2.56 Latin 0.17
[2025-06-25T09:26:51.041+0900] {logging_mixin.py:190} INFO - osd 2 break  180 0 3.51 Cyrillic 1.46
[2025-06-25T09:26:51.066+0900] {logging_mixin.py:190} INFO - step : load
[2025-06-25T09:26:51.093+0900] {logging_mixin.py:190} INFO - step : rotate
[2025-06-25T09:26:51.205+0900] {logging_mixin.py:190} INFO - step : rotate
[2025-06-25T09:26:51.235+0900] {logging_mixin.py:190} INFO - step : rotate
[2025-06-25T09:26:51.301+0900] {logging_mixin.py:190} INFO - step : rotate
[2025-06-25T09:26:51.736+0900] {logging_mixin.py:190} INFO - file_copy: /opt/***/data/temp/35a85ca7-0d54-4ff8-905a-723c943a7671/c61c09bf-95f6-47ea-ac11-141ca1140058/_result.png
[2025-06-25T09:26:51.822+0900] {python.py:240} INFO - Done. Returned value was: {'file_id': '35a85ca7-0d54-4ff8-905a-723c943a7671', 'file_path': '/opt/***/data/class/a_class/classify/ready/false/copied_70_1001858667.png', 'false': {'process_id': '_c61c09bf-95f6-47ea-ac11-141ca1140058_pre', 'folder_path': '35a85ca7-0d54-4ff8-905a-723c943a7671/c61c09bf-95f6-47ea-ac11-141ca1140058', 'step_list': [{'name': 'cache', 'param': {'cache_key': 'origin'}}, {'name': 'calc_angle_set2', 'param': {'angle_key': 'angle2_1', 'delta': 8.0, 'limit': 40, 'iterations': 2, 'iter_save': False}}, {'name': 'calc_angle_set2', 'param': {'angle_key': 'angle2_2', 'delta': 1.0, 'limit': 8, 'iterations': 2, 'iter_save': False}}, {'name': 'calc_angle_set2', 'param': {'angle_key': 'angle2_3', 'delta': 0.125, 'limit': 1, 'iterations': 2, 'iter_save': False}}, {'name': 'text_orientation_set', 'param': {'angle_key': 'orint', 'iterations': 3, 'iter_save': False}}, {'name': 'load', 'param': {'cache_key': 'origin'}}, {'name': 'rotate', 'param': {'angle_key': 'angle2_1'}}, {'name': 'rotate', 'param': {'angle_key': 'angle2_2'}}, {'name': 'rotate', 'param': {'angle_key': 'angle2_3'}}, {'name': 'rotate', 'param': {'angle_key': 'orint'}}], 'result_file_map': {'_result': '/opt/***/data/temp/35a85ca7-0d54-4ff8-905a-723c943a7671/c61c09bf-95f6-47ea-ac11-141ca1140058/_result.png'}}}
[2025-06-25T09:26:51.907+0900] {taskinstance.py:341} INFO - ::group::Post task execution logs
[2025-06-25T09:26:51.910+0900] {taskinstance.py:353} INFO - Marking task as SUCCESS. dag_id=lilt_document_classifier_balanced_V0.1, task_id=img_preprocess_task__1, run_id=manual__2025-06-25T00:18:31.692203+00:00, map_index=59, execution_date=20250625T001831, start_date=20250625T002624, end_date=20250625T002651
[2025-06-25T09:26:52.309+0900] {local_task_job_runner.py:266} INFO - Task exited with return code 0
[2025-06-25T09:26:52.379+0900] {taskinstance.py:3901} INFO - 0 downstream tasks scheduled from follow-on schedule check
[2025-06-25T09:26:52.389+0900] {local_task_job_runner.py:245} INFO - ::endgroup::
