[2025-06-24T16:46:28.505+0900] {local_task_job_runner.py:123} INFO - ::group::Pre task execution logs
[2025-06-24T16:46:28.599+0900] {taskinstance.py:2614} INFO - Dependencies all met for dep_context=non-requeueable deps ti=<TaskInstance: lilt_document_classifier_balanced_V0.1.img_preprocess_task__1 manual__2025-06-24T07:39:02.784990+00:00 map_index=44 [queued]>
[2025-06-24T16:46:28.662+0900] {taskinstance.py:2614} INFO - Dependencies all met for dep_context=requeueable deps ti=<TaskInstance: lilt_document_classifier_balanced_V0.1.img_preprocess_task__1 manual__2025-06-24T07:39:02.784990+00:00 map_index=44 [queued]>
[2025-06-24T16:46:28.664+0900] {taskinstance.py:2867} INFO - Starting attempt 1 of 1
[2025-06-24T16:46:28.702+0900] {taskinstance.py:2890} INFO - Executing <Mapped(_PythonDecoratedOperator): img_preprocess_task__1> on 2025-06-24 07:39:02.784990+00:00
[2025-06-24T16:46:28.710+0900] {warnings.py:112} WARNING - /home/***/.local/lib/python3.12/site-packages/***/task/task_runner/standard_task_runner.py:70: DeprecationWarning: This process (pid=55443) is multi-threaded, use of fork() may lead to deadlocks in the child.
  pid = os.fork()

[2025-06-24T16:46:28.723+0900] {standard_task_runner.py:72} INFO - Started process 55452 to run task
[2025-06-24T16:46:28.740+0900] {standard_task_runner.py:104} INFO - Running: ['***', 'tasks', 'run', 'lilt_document_classifier_balanced_V0.1', 'img_preprocess_task__1', 'manual__2025-06-24T07:39:02.784990+00:00', '--job-id', '4504', '--raw', '--subdir', 'DAGS_FOLDER/class_create_dag.py', '--cfg-path', '/tmp/tmp7uj4w2lq', '--map-index', '44']
[2025-06-24T16:46:28.784+0900] {standard_task_runner.py:105} INFO - Job 4504: Subtask img_preprocess_task__1
[2025-06-24T16:46:28.926+0900] {task_command.py:467} INFO - Running <TaskInstance: lilt_document_classifier_balanced_V0.1.img_preprocess_task__1 manual__2025-06-24T07:39:02.784990+00:00 map_index=44 [running]> on host f6d4228a9eb8
[2025-06-24T16:46:29.274+0900] {taskinstance.py:3134} INFO - Exporting env vars: AIRFLOW_CTX_DAG_OWNER='***' AIRFLOW_CTX_DAG_ID='lilt_document_classifier_balanced_V0.1' AIRFLOW_CTX_TASK_ID='img_preprocess_task__1' AIRFLOW_CTX_EXECUTION_DATE='2025-06-24T07:39:02.784990+00:00' AIRFLOW_CTX_TRY_NUMBER='1' AIRFLOW_CTX_DAG_RUN_ID='manual__2025-06-24T07:39:02.784990+00:00'
[2025-06-24T16:46:29.280+0900] {taskinstance.py:732} INFO - ::endgroup::
[2025-06-24T16:46:29.283+0900] {logging_mixin.py:190} INFO - empty map check {} {'process_id': '_9ae11bb6-667d-4adf-8e28-962842f4506f_pre', 'folder_path': 'ae5d3204-6597-4822-a5a0-ed85391f35ee/9ae11bb6-667d-4adf-8e28-962842f4506f', 'step_list': [{'name': 'cache', 'param': {'key': 'origin'}}, {'name': 'calc_angle_set2', 'param': {'key': 'angle1', 'iterations': 4, 'iter_save': False}}, {'name': 'text_orientation_set', 'param': {'key': 'angle2', 'iterations': 4, 'iter_save': False}}, {'name': 'load', 'param': {'key': 'origin'}}, {'name': 'rotate', 'param': {'key': 'angle1'}}, {'name': 'rotate', 'param': {'key': 'angle2'}}], 'result_file_map': {}}
[2025-06-24T16:46:29.285+0900] {logging_mixin.py:190} INFO - step : cache
[2025-06-24T16:46:29.288+0900] {logging_mixin.py:190} INFO - step : calc_angle_set2
[2025-06-24T16:46:33.565+0900] {logging_mixin.py:190} INFO - osd 1 0.0 0.0 20 384 [8, 7, 5, 11, 8, 8, 8, 10, 12, 43, 37, 69, 69, 127, 129, 163, 203, 230, 232, 298, 384, 259, 260, 258, 271, 236, 180, 120, 126, 105, 102, 92, 25, 52, 4, 0, 66, 27, 58, 22, 0]
[2025-06-24T16:46:36.641+0900] {logging_mixin.py:190} INFO - osd 2 0.0 0.0 20 384 [8, 7, 5, 11, 8, 8, 8, 10, 12, 43, 37, 69, 69, 127, 129, 163, 203, 230, 232, 298, 384, 259, 260, 258, 271, 236, 180, 120, 126, 105, 102, 92, 25, 52, 4, 0, 66, 27, 58, 22, 0]
[2025-06-24T16:46:40.578+0900] {logging_mixin.py:190} INFO - osd 3 0.0 0.0 20 384 [8, 7, 5, 11, 8, 8, 8, 10, 12, 43, 37, 69, 69, 127, 129, 163, 203, 230, 232, 298, 384, 259, 260, 258, 271, 236, 180, 120, 126, 105, 102, 92, 25, 52, 4, 0, 66, 27, 58, 22, 0]
[2025-06-24T16:46:44.762+0900] {logging_mixin.py:190} INFO - osd 4 0.0 0.0 20 384 [8, 7, 5, 11, 8, 8, 8, 10, 12, 43, 37, 69, 69, 127, 129, 163, 203, 230, 232, 298, 384, 259, 260, 258, 271, 236, 180, 120, 126, 105, 102, 92, 25, 52, 4, 0, 66, 27, 58, 22, 0]
[2025-06-24T16:46:44.833+0900] {logging_mixin.py:190} INFO - step : text_orientation_set
[2025-06-24T16:46:48.624+0900] {logging_mixin.py:190} INFO - Tesseract OSD Error: (1, 'Estimating resolution as 112 Warning. Invalid resolution 0 dpi. Using 70 instead. Too few characters. Skipping this page Error during processing.')
[2025-06-24T16:46:48.635+0900] {logging_mixin.py:190} INFO - step : load
[2025-06-24T16:46:48.638+0900] {logging_mixin.py:190} INFO - step : rotate
[2025-06-24T16:46:48.650+0900] {logging_mixin.py:190} INFO - step : rotate
[2025-06-24T16:46:48.684+0900] {logging_mixin.py:190} INFO - file_copy: /opt/***/data/temp/ae5d3204-6597-4822-a5a0-ed85391f35ee/9ae11bb6-667d-4adf-8e28-962842f4506f/_result.png
[2025-06-24T16:46:48.688+0900] {python.py:240} INFO - Done. Returned value was: {'file_id': 'ae5d3204-6597-4822-a5a0-ed85391f35ee', 'file_path': '/opt/***/data/class/a_class/classify/ready/false/copied_92_0060050774.png', 'false': {'process_id': '_9ae11bb6-667d-4adf-8e28-962842f4506f_pre', 'folder_path': 'ae5d3204-6597-4822-a5a0-ed85391f35ee/9ae11bb6-667d-4adf-8e28-962842f4506f', 'step_list': [{'name': 'cache', 'param': {'key': 'origin'}}, {'name': 'calc_angle_set2', 'param': {'key': 'angle1', 'iterations': 4, 'iter_save': False}}, {'name': 'text_orientation_set', 'param': {'key': 'angle2', 'iterations': 4, 'iter_save': False}}, {'name': 'load', 'param': {'key': 'origin'}}, {'name': 'rotate', 'param': {'key': 'angle1'}}, {'name': 'rotate', 'param': {'key': 'angle2'}}], 'result_file_map': {'_result': '/opt/***/data/temp/ae5d3204-6597-4822-a5a0-ed85391f35ee/9ae11bb6-667d-4adf-8e28-962842f4506f/_result.png'}}}
[2025-06-24T16:46:48.757+0900] {taskinstance.py:341} INFO - ::group::Post task execution logs
[2025-06-24T16:46:48.760+0900] {taskinstance.py:353} INFO - Marking task as SUCCESS. dag_id=lilt_document_classifier_balanced_V0.1, task_id=img_preprocess_task__1, run_id=manual__2025-06-24T07:39:02.784990+00:00, map_index=44, execution_date=20250624T073902, start_date=20250624T074628, end_date=20250624T074648
[2025-06-24T16:46:48.926+0900] {local_task_job_runner.py:266} INFO - Task exited with return code 0
[2025-06-24T16:46:48.936+0900] {local_task_job_runner.py:245} INFO - ::endgroup::
