[2025-06-09T06:14:40.111+0000] {local_task_job_runner.py:123} INFO - ::group::Pre task execution logs
[2025-06-09T06:14:40.144+0000] {taskinstance.py:2614} INFO - Dependencies all met for dep_context=non-requeueable deps ti=<TaskInstance: image_ocr_v2.img_preprocess_task manual__2025-06-09T06:14:33.299479+00:00 map_index=0 [queued]>
[2025-06-09T06:14:40.156+0000] {taskinstance.py:2614} INFO - Dependencies all met for dep_context=requeueable deps ti=<TaskInstance: image_ocr_v2.img_preprocess_task manual__2025-06-09T06:14:33.299479+00:00 map_index=0 [queued]>
[2025-06-09T06:14:40.157+0000] {taskinstance.py:2867} INFO - Starting attempt 1 of 1
[2025-06-09T06:14:40.176+0000] {taskinstance.py:2890} INFO - Executing <Mapped(_PythonDecoratedOperator): img_preprocess_task> on 2025-06-09 06:14:33.299479+00:00
[2025-06-09T06:14:40.186+0000] {warnings.py:112} WARNING - /home/***/.local/lib/python3.12/site-packages/***/task/task_runner/standard_task_runner.py:70: DeprecationWarning: This process (pid=3931) is multi-threaded, use of fork() may lead to deadlocks in the child.
  pid = os.fork()

[2025-06-09T06:14:40.188+0000] {standard_task_runner.py:72} INFO - Started process 3943 to run task
[2025-06-09T06:14:40.190+0000] {standard_task_runner.py:104} INFO - Running: ['***', 'tasks', 'run', 'image_ocr_v2', 'img_preprocess_task', 'manual__2025-06-09T06:14:33.299479+00:00', '--job-id', '131', '--raw', '--subdir', 'DAGS_FOLDER/test_dag.py', '--cfg-path', '/tmp/tmpwzij5qnp', '--map-index', '0']
[2025-06-09T06:14:40.194+0000] {standard_task_runner.py:105} INFO - Job 131: Subtask img_preprocess_task
[2025-06-09T06:14:40.246+0000] {task_command.py:467} INFO - Running <TaskInstance: image_ocr_v2.img_preprocess_task manual__2025-06-09T06:14:33.299479+00:00 map_index=0 [running]> on host 85194d6fbd18
[2025-06-09T06:14:40.343+0000] {taskinstance.py:3134} INFO - Exporting env vars: AIRFLOW_CTX_DAG_OWNER='***' AIRFLOW_CTX_DAG_ID='image_ocr_v2' AIRFLOW_CTX_TASK_ID='img_preprocess_task' AIRFLOW_CTX_EXECUTION_DATE='2025-06-09T06:14:33.299479+00:00' AIRFLOW_CTX_TRY_NUMBER='1' AIRFLOW_CTX_DAG_RUN_ID='manual__2025-06-09T06:14:33.299479+00:00'
[2025-06-09T06:14:40.346+0000] {taskinstance.py:732} INFO - ::endgroup::
[2025-06-09T06:14:40.349+0000] {logging_mixin.py:190} INFO - empty map check {} {'process_id': 'f10396da-ffd8-4c0c-890c-59e4793b5db0', 'folder_path': '58e0bbf4-3ab0-4d87-bc20-e2ab4484599a/f10396da-ffd8-4c0c-890c-59e4793b5db0', 'step_list': [{'name': 'gray1', 'param': {}}, {'name': 'cache', 'param': {'key': 'gray1'}}, {'name': 'binary2', 'param': {}}, {'name': 'thinner', 'param': {}}, {'name': 'canny', 'param': {}}, {'name': 'save', 'param': {'key': 'before_angle1'}}, {'name': 'calc_angle1', 'param': {'key': 'angle1'}}, {'name': 'load', 'param': {'key': 'gray1'}}, {'name': 'rotate', 'param': {'key': 'angle1'}}, {'name': 'cache', 'param': {'key': 'rotate1'}}, {'name': 'save', 'param': {'key': 'rotate1'}}, {'name': 'binary2', 'param': {}}, {'name': 'calc_angle2', 'param': {'key': 'angle2'}}, {'name': 'load', 'param': {'key': 'rotate1'}}, {'name': 'rotate', 'param': {'key': 'angle2'}}, {'name': 'save', 'param': {'key': 'rotate2'}}, {'name': 'scale1', 'param': {'width': 500, 'height': 500}}, {'name': 'binary2', 'param': {}}, {'name': 'morphology1', 'param': {}}, {'name': 'save', 'param': {'key': 'classify_preprocess'}}], 'result_file_list': []}
[2025-06-09T06:14:40.350+0000] {logging_mixin.py:190} INFO - step : gray1
[2025-06-09T06:14:40.379+0000] {logging_mixin.py:190} INFO - step : cache
[2025-06-09T06:14:40.532+0000] {logging_mixin.py:190} INFO - step : binary2
[2025-06-09T06:14:40.565+0000] {logging_mixin.py:190} INFO - step : thinner
[2025-06-09T06:14:40.567+0000] {logging_mixin.py:190} INFO - step : canny
[2025-06-09T06:14:40.578+0000] {logging_mixin.py:190} INFO - step : save
[2025-06-09T06:14:40.625+0000] {logging_mixin.py:190} INFO - file_copy: /opt/***/data/temp/0ebe4a47-8eb8-45df-9667-5e454c1ff954.png /opt/***/data/result/58e0bbf4-3ab0-4d87-bc20-e2ab4484599a/f10396da-ffd8-4c0c-890c-59e4793b5db0/before_angle1.png
[2025-06-09T06:14:40.627+0000] {logging_mixin.py:190} INFO - step : calc_angle1
[2025-06-09T06:14:40.978+0000] {logging_mixin.py:190} INFO - before 67 0
[2025-06-09T06:14:40.979+0000] {logging_mixin.py:190} INFO - after 67 67
[2025-06-09T06:14:40.980+0000] {logging_mixin.py:190} INFO - Angle counts: Counter({0.0: 66, 0.4291738422022746: 1})
[2025-06-09T06:14:40.981+0000] {logging_mixin.py:190} INFO - step : load
[2025-06-09T06:14:40.982+0000] {logging_mixin.py:190} INFO - step : rotate
[2025-06-09T06:14:41.061+0000] {logging_mixin.py:190} INFO - step : cache
[2025-06-09T06:14:41.186+0000] {logging_mixin.py:190} INFO - step : save
[2025-06-09T06:14:41.187+0000] {logging_mixin.py:190} INFO - file_copy: /opt/***/data/temp/24efc431-d2f3-4420-aa04-46cd15507d4a.png /opt/***/data/result/58e0bbf4-3ab0-4d87-bc20-e2ab4484599a/f10396da-ffd8-4c0c-890c-59e4793b5db0/rotate1.png
[2025-06-09T06:14:41.196+0000] {logging_mixin.py:190} INFO - step : binary2
[2025-06-09T06:14:41.252+0000] {logging_mixin.py:190} INFO - step : calc_angle2
[2025-06-09T06:14:42.328+0000] {logging_mixin.py:190} INFO - step : load
[2025-06-09T06:14:42.329+0000] {logging_mixin.py:190} INFO - step : rotate
[2025-06-09T06:14:42.390+0000] {logging_mixin.py:190} INFO - step : save
[2025-06-09T06:14:42.572+0000] {logging_mixin.py:190} INFO - file_copy: /opt/***/data/temp/137ce522-91ab-4e14-a602-2c34be85a58c.png /opt/***/data/result/58e0bbf4-3ab0-4d87-bc20-e2ab4484599a/f10396da-ffd8-4c0c-890c-59e4793b5db0/rotate2.png
[2025-06-09T06:14:42.582+0000] {logging_mixin.py:190} INFO - step : scale1
[2025-06-09T06:14:42.667+0000] {logging_mixin.py:190} INFO - step : binary2
[2025-06-09T06:14:42.669+0000] {logging_mixin.py:190} INFO - step : morphology1
[2025-06-09T06:14:42.670+0000] {logging_mixin.py:190} INFO - step : save
[2025-06-09T06:14:42.671+0000] {logging_mixin.py:190} INFO - file_copy: /opt/***/data/temp/929a03ee-5f66-46ac-83f5-734ac3049e1e.png /opt/***/data/result/58e0bbf4-3ab0-4d87-bc20-e2ab4484599a/f10396da-ffd8-4c0c-890c-59e4793b5db0/classify_preprocess.png
[2025-06-09T06:14:42.675+0000] {python.py:240} INFO - Done. Returned value was: {'file_id': '58e0bbf4-3ab0-4d87-bc20-e2ab4484599a', 'file_path': '/opt/***/data/upload/Gas Engine 점검일지_ 2021년 2월.pdf-image-011.jpg', 'preprocess_list': [{'process_id': 'f10396da-ffd8-4c0c-890c-59e4793b5db0', 'folder_path': '58e0bbf4-3ab0-4d87-bc20-e2ab4484599a/f10396da-ffd8-4c0c-890c-59e4793b5db0', 'step_list': [{'name': 'gray1', 'param': {}}, {'name': 'cache', 'param': {'key': 'gray1'}}, {'name': 'binary2', 'param': {}}, {'name': 'thinner', 'param': {}}, {'name': 'canny', 'param': {}}, {'name': 'save', 'param': {'key': 'before_angle1'}}, {'name': 'calc_angle1', 'param': {'key': 'angle1'}}, {'name': 'load', 'param': {'key': 'gray1'}}, {'name': 'rotate', 'param': {'key': 'angle1'}}, {'name': 'cache', 'param': {'key': 'rotate1'}}, {'name': 'save', 'param': {'key': 'rotate1'}}, {'name': 'binary2', 'param': {}}, {'name': 'calc_angle2', 'param': {'key': 'angle2'}}, {'name': 'load', 'param': {'key': 'rotate1'}}, {'name': 'rotate', 'param': {'key': 'angle2'}}, {'name': 'save', 'param': {'key': 'rotate2'}}, {'name': 'scale1', 'param': {'width': 500, 'height': 500}}, {'name': 'binary2', 'param': {}}, {'name': 'morphology1', 'param': {}}, {'name': 'save', 'param': {'key': 'classify_preprocess'}}], 'result_file_list': [{'before_angle1': '/opt/***/data/result/58e0bbf4-3ab0-4d87-bc20-e2ab4484599a/f10396da-ffd8-4c0c-890c-59e4793b5db0/before_angle1.png'}, {'rotate1': '/opt/***/data/result/58e0bbf4-3ab0-4d87-bc20-e2ab4484599a/f10396da-ffd8-4c0c-890c-59e4793b5db0/rotate1.png'}, {'rotate2': '/opt/***/data/result/58e0bbf4-3ab0-4d87-bc20-e2ab4484599a/f10396da-ffd8-4c0c-890c-59e4793b5db0/rotate2.png'}, {'classify_preprocess': '/opt/***/data/result/58e0bbf4-3ab0-4d87-bc20-e2ab4484599a/f10396da-ffd8-4c0c-890c-59e4793b5db0/classify_preprocess.png'}]}]}
[2025-06-09T06:14:42.702+0000] {taskinstance.py:341} INFO - ::group::Post task execution logs
[2025-06-09T06:14:42.703+0000] {taskinstance.py:353} INFO - Marking task as SUCCESS. dag_id=image_ocr_v2, task_id=img_preprocess_task, run_id=manual__2025-06-09T06:14:33.299479+00:00, map_index=0, execution_date=20250609T061433, start_date=20250609T061440, end_date=20250609T061442
[2025-06-09T06:14:42.758+0000] {local_task_job_runner.py:266} INFO - Task exited with return code 0
[2025-06-09T06:14:42.771+0000] {taskinstance.py:3901} INFO - 0 downstream tasks scheduled from follow-on schedule check
[2025-06-09T06:14:42.773+0000] {local_task_job_runner.py:245} INFO - ::endgroup::
