[2025-06-23T16:54:07.019+0900] {local_task_job_runner.py:123} INFO - ::group::Pre task execution logs
[2025-06-23T16:54:07.193+0900] {taskinstance.py:2614} INFO - Dependencies all met for dep_context=non-requeueable deps ti=<TaskInstance: lilt_document_classifier_balanced_V0.1.img_preprocess_task manual__2025-06-23T07:44:09.997775+00:00 map_index=36 [queued]>
[2025-06-23T16:54:07.253+0900] {taskinstance.py:2614} INFO - Dependencies all met for dep_context=requeueable deps ti=<TaskInstance: lilt_document_classifier_balanced_V0.1.img_preprocess_task manual__2025-06-23T07:44:09.997775+00:00 map_index=36 [queued]>
[2025-06-23T16:54:07.257+0900] {taskinstance.py:2867} INFO - Starting attempt 1 of 1
[2025-06-23T16:54:07.295+0900] {taskinstance.py:2890} INFO - Executing <Mapped(_PythonDecoratedOperator): img_preprocess_task> on 2025-06-23 07:44:09.997775+00:00
[2025-06-23T16:54:07.320+0900] {warnings.py:112} WARNING - /home/***/.local/lib/python3.12/site-packages/***/task/task_runner/standard_task_runner.py:70: DeprecationWarning: This process (pid=11322) is multi-threaded, use of fork() may lead to deadlocks in the child.
  pid = os.fork()

[2025-06-23T16:54:07.326+0900] {standard_task_runner.py:72} INFO - Started process 11336 to run task
[2025-06-23T16:54:07.326+0900] {standard_task_runner.py:104} INFO - Running: ['***', 'tasks', 'run', 'lilt_document_classifier_balanced_V0.1', 'img_preprocess_task', 'manual__2025-06-23T07:44:09.997775+00:00', '--job-id', '3573', '--raw', '--subdir', 'DAGS_FOLDER/class_create_dag.py', '--cfg-path', '/tmp/tmprnn90h8r', '--map-index', '36']
[2025-06-23T16:54:07.332+0900] {standard_task_runner.py:105} INFO - Job 3573: Subtask img_preprocess_task
[2025-06-23T16:54:07.434+0900] {task_command.py:467} INFO - Running <TaskInstance: lilt_document_classifier_balanced_V0.1.img_preprocess_task manual__2025-06-23T07:44:09.997775+00:00 map_index=36 [running]> on host f6d4228a9eb8
[2025-06-23T16:54:07.638+0900] {taskinstance.py:3134} INFO - Exporting env vars: AIRFLOW_CTX_DAG_OWNER='***' AIRFLOW_CTX_DAG_ID='lilt_document_classifier_balanced_V0.1' AIRFLOW_CTX_TASK_ID='img_preprocess_task' AIRFLOW_CTX_EXECUTION_DATE='2025-06-23T07:44:09.997775+00:00' AIRFLOW_CTX_TRY_NUMBER='1' AIRFLOW_CTX_DAG_RUN_ID='manual__2025-06-23T07:44:09.997775+00:00'
[2025-06-23T16:54:07.641+0900] {taskinstance.py:732} INFO - ::endgroup::
[2025-06-23T16:54:07.646+0900] {logging_mixin.py:190} INFO - empty map check {} {'process_id': '_7472946e-0124-4d69-a860-ebbf34b279bd_pre', 'folder_path': '64ef1e8a-1e12-41c7-9973-4823655e9316/7472946e-0124-4d69-a860-ebbf34b279bd', 'step_list': [{'name': 'cache', 'param': {'key': 'origin'}}, {'name': 'calc_angle_set2', 'param': {'key': 'angle1', 'iterations': 4, 'iter_save': False}}, {'name': 'text_orientation_set', 'param': {'key': 'angle2', 'iterations': 4, 'iter_save': False}}, {'name': 'load', 'param': {'key': 'origin'}}, {'name': 'rotate', 'param': {'key': 'angle1'}}, {'name': 'rotate', 'param': {'key': 'angle2'}}], 'result_file_map': {}}
[2025-06-23T16:54:07.651+0900] {logging_mixin.py:190} INFO - step : cache
[2025-06-23T16:54:07.654+0900] {logging_mixin.py:190} INFO - step : calc_angle_set2
[2025-06-23T16:54:39.956+0900] {logging_mixin.py:190} INFO - osd 1 5.0 5.0 40 1170322 [906948, 866186, 823316, 779621, 737958, 695723, 655801, 615802, 578031, 538320, 503210, 468912, 433974, 397720, 360133, 320677, 280459, 241423, 202579, 163143, 128342, 165886, 205743, 246080, 287466, 330009, 374188, 417644, 467578, 520192, 572691, 626305, 685620, 743498, 803002, 862304, 923682, 985555, 1047683, 1110641, 1170322]
[2025-06-23T16:55:18.716+0900] {logging_mixin.py:190} INFO - osd 2 0.0 -5.0 0 2706852 [2706852, 2626401, 2548981, 2466397, 2379794, 2298012, 2215606, 2129732, 2048161, 1958366, 1880034, 1796258, 1715655, 1640282, 1558584, 1483174, 1404316, 1331851, 1265088, 1190899, 1121717, 1192105, 1267256, 1335241, 1406778, 1483924, 1557529, 1635706, 1706974, 1781276, 1857594, 1928375, 2010759, 2083673, 2161813, 2237810, 2314404, 2396698, 2476556, 2551961, 2633981]
[2025-06-23T16:56:10.608+0900] {logging_mixin.py:190} INFO - osd 3 5.0 5.0 40 4605438 [4256492, 4175612, 4101914, 4022723, 3949816, 3871287, 3799391, 3716002, 3638629, 3560650, 3484472, 3406923, 3324940, 3244661, 3154811, 3071931, 2982695, 2894534, 2805943, 2718111, 2631365, 2727472, 2827509, 2925986, 3025553, 3125831, 3220685, 3321060, 3417651, 3518306, 3615990, 3711550, 3809388, 3907430, 4011362, 4104035, 4202258, 4296350, 4398256, 4497614, 4605438]
[2025-06-23T16:57:10.914+0900] {logging_mixin.py:190} INFO - osd 4 10.0 5.0 40 7015840 [6981613, 6859339, 6738729, 6615526, 6492343, 6369564, 6239846, 6111845, 5988899, 5860520, 5738454, 5604647, 5483225, 5350840, 5225108, 5100373, 4975432, 4845280, 4716186, 4588474, 4472511, 4576836, 4693995, 4815787, 4939755, 5059813, 5180659, 5304406, 5435793, 5556457, 5689734, 5813009, 5945269, 6072346, 6206322, 6344160, 6475392, 6607964, 6743235, 6878292, 7015840]
[2025-06-23T16:57:11.413+0900] {logging_mixin.py:190} INFO - step : text_orientation_set
[2025-06-23T16:57:35.589+0900] {logging_mixin.py:190} INFO - osd 1 break  0 0 2.31 Japanese 0.39
[2025-06-23T16:57:35.605+0900] {logging_mixin.py:190} INFO - step : load
[2025-06-23T16:57:35.610+0900] {logging_mixin.py:190} INFO - step : rotate
[2025-06-23T16:57:36.147+0900] {logging_mixin.py:190} INFO - step : rotate
[2025-06-23T16:57:37.007+0900] {logging_mixin.py:190} INFO - file_copy: /opt/***/data/temp/64ef1e8a-1e12-41c7-9973-4823655e9316/7472946e-0124-4d69-a860-ebbf34b279bd/_result.png
[2025-06-23T16:57:37.159+0900] {python.py:240} INFO - Done. Returned value was: {'file_id': '64ef1e8a-1e12-41c7-9973-4823655e9316', 'file_path': '/opt/***/data/class/a_class/classify/ready/true/남양주시 정덕빌딩 - 정부24 - 건축물대장 등본(초본) 발급(열람) _ 문서출력_page_1_aug2.png', 'true': {'process_id': '_7472946e-0124-4d69-a860-ebbf34b279bd_pre', 'folder_path': '64ef1e8a-1e12-41c7-9973-4823655e9316/7472946e-0124-4d69-a860-ebbf34b279bd', 'step_list': [{'name': 'cache', 'param': {'key': 'origin'}}, {'name': 'calc_angle_set2', 'param': {'key': 'angle1', 'iterations': 4, 'iter_save': False}}, {'name': 'text_orientation_set', 'param': {'key': 'angle2', 'iterations': 4, 'iter_save': False}}, {'name': 'load', 'param': {'key': 'origin'}}, {'name': 'rotate', 'param': {'key': 'angle1'}}, {'name': 'rotate', 'param': {'key': 'angle2'}}], 'result_file_map': {'_result': '/opt/***/data/temp/64ef1e8a-1e12-41c7-9973-4823655e9316/7472946e-0124-4d69-a860-ebbf34b279bd/_result.png'}}}
[2025-06-23T16:57:37.229+0900] {taskinstance.py:341} INFO - ::group::Post task execution logs
[2025-06-23T16:57:37.233+0900] {taskinstance.py:353} INFO - Marking task as SUCCESS. dag_id=lilt_document_classifier_balanced_V0.1, task_id=img_preprocess_task, run_id=manual__2025-06-23T07:44:09.997775+00:00, map_index=36, execution_date=20250623T074409, start_date=20250623T075407, end_date=20250623T075737
[2025-06-23T16:57:37.487+0900] {local_task_job_runner.py:266} INFO - Task exited with return code 0
[2025-06-23T16:57:37.519+0900] {standard_task_runner.py:217} INFO - Process not found (most likely exited), stop collecting metrics
[2025-06-23T16:57:37.694+0900] {taskinstance.py:3901} INFO - 0 downstream tasks scheduled from follow-on schedule check
[2025-06-23T16:57:37.712+0900] {local_task_job_runner.py:245} INFO - ::endgroup::
