[2025-06-23T16:09:47.241+0900] {local_task_job_runner.py:123} INFO - ::group::Pre task execution logs
[2025-06-23T16:09:47.457+0900] {taskinstance.py:2614} INFO - Dependencies all met for dep_context=non-requeueable deps ti=<TaskInstance: lilt_document_classifier_balanced_V0.1.img_preprocess_task__1 manual__2025-06-23T06:45:10.371530+00:00 map_index=61 [queued]>
[2025-06-23T16:09:47.600+0900] {taskinstance.py:2614} INFO - Dependencies all met for dep_context=requeueable deps ti=<TaskInstance: lilt_document_classifier_balanced_V0.1.img_preprocess_task__1 manual__2025-06-23T06:45:10.371530+00:00 map_index=61 [queued]>
[2025-06-23T16:09:47.612+0900] {taskinstance.py:2867} INFO - Starting attempt 2 of 2
[2025-06-23T16:09:47.712+0900] {taskinstance.py:2890} INFO - Executing <Mapped(_PythonDecoratedOperator): img_preprocess_task__1> on 2025-06-23 06:45:10.371530+00:00
[2025-06-23T16:09:47.778+0900] {warnings.py:112} WARNING - /home/***/.local/lib/python3.12/site-packages/***/task/task_runner/standard_task_runner.py:70: DeprecationWarning: This process (pid=5004) is multi-threaded, use of fork() may lead to deadlocks in the child.
  pid = os.fork()

[2025-06-23T16:09:47.782+0900] {standard_task_runner.py:104} INFO - Running: ['***', 'tasks', 'run', 'lilt_document_classifier_balanced_V0.1', 'img_preprocess_task__1', 'manual__2025-06-23T06:45:10.371530+00:00', '--job-id', '3266', '--raw', '--subdir', 'DAGS_FOLDER/class_create_dag.py', '--cfg-path', '/tmp/tmp20j_vnjt', '--map-index', '61']
[2025-06-23T16:09:47.815+0900] {standard_task_runner.py:105} INFO - Job 3266: Subtask img_preprocess_task__1
[2025-06-23T16:09:47.811+0900] {standard_task_runner.py:72} INFO - Started process 5015 to run task
[2025-06-23T16:09:47.947+0900] {task_command.py:467} INFO - Running <TaskInstance: lilt_document_classifier_balanced_V0.1.img_preprocess_task__1 manual__2025-06-23T06:45:10.371530+00:00 map_index=61 [running]> on host f6d4228a9eb8
[2025-06-23T16:09:48.198+0900] {taskinstance.py:3134} INFO - Exporting env vars: AIRFLOW_CTX_DAG_OWNER='***' AIRFLOW_CTX_DAG_ID='lilt_document_classifier_balanced_V0.1' AIRFLOW_CTX_TASK_ID='img_preprocess_task__1' AIRFLOW_CTX_EXECUTION_DATE='2025-06-23T06:45:10.371530+00:00' AIRFLOW_CTX_TRY_NUMBER='2' AIRFLOW_CTX_DAG_RUN_ID='manual__2025-06-23T06:45:10.371530+00:00'
[2025-06-23T16:09:48.199+0900] {taskinstance.py:732} INFO - ::endgroup::
[2025-06-23T16:09:48.202+0900] {logging_mixin.py:190} INFO - empty map check {} {'process_id': '_66b2a3dc-c5e1-4cee-8759-64a1f6f10c0d_pre', 'folder_path': 'd89eee6c-b26c-4757-81a5-130a6fa9e217/66b2a3dc-c5e1-4cee-8759-64a1f6f10c0d', 'step_list': [{'name': 'cache', 'param': {'key': 'origin'}}, {'name': 'calc_angle_set2', 'param': {'key': 'angle1', 'iterations': 4, 'iter_save': False}}, {'name': 'text_orientation_set', 'param': {'key': 'angle2', 'iterations': 4, 'iter_save': False}}, {'name': 'load', 'param': {'key': 'origin'}}, {'name': 'rotate', 'param': {'key': 'angle1'}}, {'name': 'rotate', 'param': {'key': 'angle2'}}], 'result_file_map': {}}
[2025-06-23T16:09:48.204+0900] {logging_mixin.py:190} INFO - step : cache
[2025-06-23T16:09:48.207+0900] {logging_mixin.py:190} INFO - step : calc_angle_set2
[2025-06-23T16:09:55.984+0900] {logging_mixin.py:190} INFO - osd 1 0 0 20 32 [0, 0, 0, 0, 0, 0, 0, 0, 0, 0, 0, 0, 0, 0, 7, 11, 16, 29, 23, 17, 32, 26, 1, 9, 0, 0, 0, 0, 0, 0, 0, 0, 0, 0, 0, 0, 0, 0, 0, 0, 0]
[2025-06-23T16:10:00.895+0900] {logging_mixin.py:190} INFO - osd 2 0 0 20 32 [0, 0, 0, 0, 0, 0, 0, 0, 0, 0, 0, 0, 0, 0, 7, 11, 16, 29, 23, 17, 32, 26, 1, 9, 0, 0, 0, 0, 0, 0, 0, 0, 0, 0, 0, 0, 0, 0, 0, 0, 0]
[2025-06-23T16:10:07.074+0900] {logging_mixin.py:190} INFO - osd 3 0 0 20 32 [0, 0, 0, 0, 0, 0, 0, 0, 0, 0, 0, 0, 0, 0, 7, 11, 16, 29, 23, 17, 32, 26, 1, 9, 0, 0, 0, 0, 0, 0, 0, 0, 0, 0, 0, 0, 0, 0, 0, 0, 0]
[2025-06-23T16:10:11.744+0900] {logging_mixin.py:190} INFO - osd 4 0 0 20 32 [0, 0, 0, 0, 0, 0, 0, 0, 0, 0, 0, 0, 0, 0, 7, 11, 16, 29, 23, 17, 32, 26, 1, 9, 0, 0, 0, 0, 0, 0, 0, 0, 0, 0, 0, 0, 0, 0, 0, 0, 0]
[2025-06-23T16:10:11.795+0900] {logging_mixin.py:190} INFO - step : text_orientation_set
[2025-06-23T16:10:19.245+0900] {logging_mixin.py:190} INFO - osd 1 break  0 0 1.28 Cyrillic 2.67
[2025-06-23T16:10:19.246+0900] {logging_mixin.py:190} INFO - step : load
[2025-06-23T16:10:19.250+0900] {logging_mixin.py:190} INFO - step : rotate
[2025-06-23T16:10:19.264+0900] {logging_mixin.py:190} INFO - step : rotate
[2025-06-23T16:10:19.539+0900] {logging_mixin.py:190} INFO - file_copy: /opt/***/data/temp/d89eee6c-b26c-4757-81a5-130a6fa9e217/66b2a3dc-c5e1-4cee-8759-64a1f6f10c0d/_result.png
[2025-06-23T16:10:19.553+0900] {python.py:240} INFO - Done. Returned value was: {'file_id': 'd89eee6c-b26c-4757-81a5-130a6fa9e217', 'file_path': '/opt/***/data/class/a_class/classify/ready/false/copied_34_2023064817_2023064821.png', 'false': {'process_id': '_66b2a3dc-c5e1-4cee-8759-64a1f6f10c0d_pre', 'folder_path': 'd89eee6c-b26c-4757-81a5-130a6fa9e217/66b2a3dc-c5e1-4cee-8759-64a1f6f10c0d', 'step_list': [{'name': 'cache', 'param': {'key': 'origin'}}, {'name': 'calc_angle_set2', 'param': {'key': 'angle1', 'iterations': 4, 'iter_save': False}}, {'name': 'text_orientation_set', 'param': {'key': 'angle2', 'iterations': 4, 'iter_save': False}}, {'name': 'load', 'param': {'key': 'origin'}}, {'name': 'rotate', 'param': {'key': 'angle1'}}, {'name': 'rotate', 'param': {'key': 'angle2'}}], 'result_file_map': {'_result': '/opt/***/data/temp/d89eee6c-b26c-4757-81a5-130a6fa9e217/66b2a3dc-c5e1-4cee-8759-64a1f6f10c0d/_result.png'}}}
[2025-06-23T16:10:19.607+0900] {taskinstance.py:341} INFO - ::group::Post task execution logs
[2025-06-23T16:10:19.609+0900] {taskinstance.py:353} INFO - Marking task as SUCCESS. dag_id=lilt_document_classifier_balanced_V0.1, task_id=img_preprocess_task__1, run_id=manual__2025-06-23T06:45:10.371530+00:00, map_index=61, execution_date=20250623T064510, start_date=20250623T070947, end_date=20250623T071019
[2025-06-23T16:10:19.817+0900] {local_task_job_runner.py:266} INFO - Task exited with return code 0
[2025-06-23T16:10:19.912+0900] {taskinstance.py:3901} INFO - 0 downstream tasks scheduled from follow-on schedule check
[2025-06-23T16:10:19.925+0900] {local_task_job_runner.py:245} INFO - ::endgroup::
