[2025-06-24T16:52:51.671+0900] {local_task_job_runner.py:123} INFO - ::group::Pre task execution logs
[2025-06-24T16:52:51.768+0900] {taskinstance.py:2614} INFO - Dependencies all met for dep_context=non-requeueable deps ti=<TaskInstance: lilt_document_classifier_balanced_V0.1.img_preprocess_task manual__2025-06-24T07:39:02.784990+00:00 map_index=86 [queued]>
[2025-06-24T16:52:51.904+0900] {taskinstance.py:2614} INFO - Dependencies all met for dep_context=requeueable deps ti=<TaskInstance: lilt_document_classifier_balanced_V0.1.img_preprocess_task manual__2025-06-24T07:39:02.784990+00:00 map_index=86 [queued]>
[2025-06-24T16:52:51.912+0900] {taskinstance.py:2867} INFO - Starting attempt 1 of 1
[2025-06-24T16:52:51.966+0900] {taskinstance.py:2890} INFO - Executing <Mapped(_PythonDecoratedOperator): img_preprocess_task> on 2025-06-24 07:39:02.784990+00:00
[2025-06-24T16:52:52.010+0900] {warnings.py:112} WARNING - /home/***/.local/lib/python3.12/site-packages/***/task/task_runner/standard_task_runner.py:70: DeprecationWarning: This process (pid=57066) is multi-threaded, use of fork() may lead to deadlocks in the child.
  pid = os.fork()

[2025-06-24T16:52:52.012+0900] {standard_task_runner.py:72} INFO - Started process 57107 to run task
[2025-06-24T16:52:52.013+0900] {standard_task_runner.py:104} INFO - Running: ['***', 'tasks', 'run', 'lilt_document_classifier_balanced_V0.1', 'img_preprocess_task', 'manual__2025-06-24T07:39:02.784990+00:00', '--job-id', '4587', '--raw', '--subdir', 'DAGS_FOLDER/class_create_dag.py', '--cfg-path', '/tmp/tmp7g9xzyx3', '--map-index', '86']
[2025-06-24T16:52:52.059+0900] {standard_task_runner.py:105} INFO - Job 4587: Subtask img_preprocess_task
[2025-06-24T16:52:52.147+0900] {task_command.py:467} INFO - Running <TaskInstance: lilt_document_classifier_balanced_V0.1.img_preprocess_task manual__2025-06-24T07:39:02.784990+00:00 map_index=86 [running]> on host f6d4228a9eb8
[2025-06-24T16:52:52.591+0900] {taskinstance.py:3134} INFO - Exporting env vars: AIRFLOW_CTX_DAG_OWNER='***' AIRFLOW_CTX_DAG_ID='lilt_document_classifier_balanced_V0.1' AIRFLOW_CTX_TASK_ID='img_preprocess_task' AIRFLOW_CTX_EXECUTION_DATE='2025-06-24T07:39:02.784990+00:00' AIRFLOW_CTX_TRY_NUMBER='1' AIRFLOW_CTX_DAG_RUN_ID='manual__2025-06-24T07:39:02.784990+00:00'
[2025-06-24T16:52:52.617+0900] {taskinstance.py:732} INFO - ::endgroup::
[2025-06-24T16:52:52.629+0900] {logging_mixin.py:190} INFO - empty map check {} {'process_id': '_eec5112a-3f8f-42e5-9d7b-4c070f4518cf_pre', 'folder_path': '75dc5730-bf6a-47ce-bf34-a4bee318d7d3/eec5112a-3f8f-42e5-9d7b-4c070f4518cf', 'step_list': [{'name': 'cache', 'param': {'key': 'origin'}}, {'name': 'calc_angle_set2', 'param': {'key': 'angle1', 'iterations': 4, 'iter_save': False}}, {'name': 'text_orientation_set', 'param': {'key': 'angle2', 'iterations': 4, 'iter_save': False}}, {'name': 'load', 'param': {'key': 'origin'}}, {'name': 'rotate', 'param': {'key': 'angle1'}}, {'name': 'rotate', 'param': {'key': 'angle2'}}], 'result_file_map': {}}
[2025-06-24T16:52:52.642+0900] {logging_mixin.py:190} INFO - step : cache
[2025-06-24T16:52:52.645+0900] {logging_mixin.py:190} INFO - step : calc_angle_set2
[2025-06-24T16:53:14.488+0900] {logging_mixin.py:190} INFO - osd 1 -1.25 -1.25 15 133018 [0, 0, 0, 0, 0, 0, 0, 0, 0, 0, 675, 6672, 23776, 44572, 65956, 133018, 68028, 48112, 29755, 15557, 7252, 1104, 0, 0, 0, 0, 0, 0, 0, 0, 0, 0, 0, 0, 0, 0, 0, 0, 0, 0, 0]
[2025-06-24T16:53:37.700+0900] {logging_mixin.py:190} INFO - osd 2 -1.25 0.0 20 138875 [0, 0, 0, 0, 0, 0, 0, 0, 0, 0, 0, 0, 0, 0, 0, 552, 8259, 25968, 47617, 70705, 138875, 72898, 50898, 32739, 16585, 9226, 1203, 0, 0, 0, 0, 0, 0, 0, 0, 0, 0, 0, 0, 0, 0]
[2025-06-24T16:54:00.277+0900] {logging_mixin.py:190} INFO - osd 3 -1.25 0.0 20 138875 [0, 0, 0, 0, 0, 0, 0, 0, 0, 0, 0, 0, 0, 0, 0, 552, 8259, 25968, 47617, 70705, 138875, 72898, 50898, 32739, 16585, 9226, 1203, 0, 0, 0, 0, 0, 0, 0, 0, 0, 0, 0, 0, 0, 0]
[2025-06-24T16:54:21.471+0900] {logging_mixin.py:190} INFO - osd 4 -1.25 0.0 20 138875 [0, 0, 0, 0, 0, 0, 0, 0, 0, 0, 0, 0, 0, 0, 0, 552, 8259, 25968, 47617, 70705, 138875, 72898, 50898, 32739, 16585, 9226, 1203, 0, 0, 0, 0, 0, 0, 0, 0, 0, 0, 0, 0, 0, 0]
[2025-06-24T16:54:21.574+0900] {logging_mixin.py:190} INFO - step : text_orientation_set
[2025-06-24T16:54:31.271+0900] {logging_mixin.py:190} INFO - osd 1 break  0 0 10.1 Korean 0.76
[2025-06-24T16:54:31.273+0900] {logging_mixin.py:190} INFO - step : load
[2025-06-24T16:54:31.274+0900] {logging_mixin.py:190} INFO - step : rotate
[2025-06-24T16:54:31.502+0900] {logging_mixin.py:190} INFO - step : rotate
[2025-06-24T16:54:32.081+0900] {logging_mixin.py:190} INFO - file_copy: /opt/***/data/temp/75dc5730-bf6a-47ce-bf34-a4bee318d7d3/eec5112a-3f8f-42e5-9d7b-4c070f4518cf/_result.png
[2025-06-24T16:54:32.144+0900] {python.py:240} INFO - Done. Returned value was: {'file_id': '75dc5730-bf6a-47ce-bf34-a4bee318d7d3', 'file_path': '/opt/***/data/class/a_class/classify/ready/true/신월동 한솔빌딩 - 정부24 - 건축물대장 등본(초본) 발급(열람) _ 문서출력_page_1_aug2.png', 'true': {'process_id': '_eec5112a-3f8f-42e5-9d7b-4c070f4518cf_pre', 'folder_path': '75dc5730-bf6a-47ce-bf34-a4bee318d7d3/eec5112a-3f8f-42e5-9d7b-4c070f4518cf', 'step_list': [{'name': 'cache', 'param': {'key': 'origin'}}, {'name': 'calc_angle_set2', 'param': {'key': 'angle1', 'iterations': 4, 'iter_save': False}}, {'name': 'text_orientation_set', 'param': {'key': 'angle2', 'iterations': 4, 'iter_save': False}}, {'name': 'load', 'param': {'key': 'origin'}}, {'name': 'rotate', 'param': {'key': 'angle1'}}, {'name': 'rotate', 'param': {'key': 'angle2'}}], 'result_file_map': {'_result': '/opt/***/data/temp/75dc5730-bf6a-47ce-bf34-a4bee318d7d3/eec5112a-3f8f-42e5-9d7b-4c070f4518cf/_result.png'}}}
[2025-06-24T16:54:32.280+0900] {taskinstance.py:341} INFO - ::group::Post task execution logs
[2025-06-24T16:54:32.286+0900] {taskinstance.py:353} INFO - Marking task as SUCCESS. dag_id=lilt_document_classifier_balanced_V0.1, task_id=img_preprocess_task, run_id=manual__2025-06-24T07:39:02.784990+00:00, map_index=86, execution_date=20250624T073902, start_date=20250624T075251, end_date=20250624T075432
[2025-06-24T16:54:32.420+0900] {local_task_job_runner.py:266} INFO - Task exited with return code 0
[2025-06-24T16:54:32.454+0900] {taskinstance.py:3901} INFO - 0 downstream tasks scheduled from follow-on schedule check
[2025-06-24T16:54:32.479+0900] {local_task_job_runner.py:245} INFO - ::endgroup::
