[2025-06-23T16:03:40.565+0900] {local_task_job_runner.py:123} INFO - ::group::Pre task execution logs
[2025-06-23T16:03:40.772+0900] {taskinstance.py:2614} INFO - Dependencies all met for dep_context=non-requeueable deps ti=<TaskInstance: lilt_document_classifier_balanced_b_class_V0.1.img_preprocess_task__1 manual__2025-06-23T06:58:09.542610+00:00 map_index=9 [queued]>
[2025-06-23T16:03:40.809+0900] {taskinstance.py:2614} INFO - Dependencies all met for dep_context=requeueable deps ti=<TaskInstance: lilt_document_classifier_balanced_b_class_V0.1.img_preprocess_task__1 manual__2025-06-23T06:58:09.542610+00:00 map_index=9 [queued]>
[2025-06-23T16:03:40.812+0900] {taskinstance.py:2867} INFO - Starting attempt 1 of 1
[2025-06-23T16:03:40.882+0900] {taskinstance.py:2890} INFO - Executing <Mapped(_PythonDecoratedOperator): img_preprocess_task__1> on 2025-06-23 06:58:09.542610+00:00
[2025-06-23T16:03:40.923+0900] {warnings.py:112} WARNING - /home/***/.local/lib/python3.12/site-packages/***/task/task_runner/standard_task_runner.py:70: DeprecationWarning: This process (pid=4195) is multi-threaded, use of fork() may lead to deadlocks in the child.
  pid = os.fork()

[2025-06-23T16:03:40.928+0900] {standard_task_runner.py:72} INFO - Started process 4205 to run task
[2025-06-23T16:03:40.927+0900] {standard_task_runner.py:104} INFO - Running: ['***', 'tasks', 'run', 'lilt_document_classifier_balanced_b_class_V0.1', 'img_preprocess_task__1', 'manual__2025-06-23T06:58:09.542610+00:00', '--job-id', '3227', '--raw', '--subdir', 'DAGS_FOLDER/class_create_dag_b_class.py', '--cfg-path', '/tmp/tmpp1irwdyz', '--map-index', '9']
[2025-06-23T16:03:40.936+0900] {standard_task_runner.py:105} INFO - Job 3227: Subtask img_preprocess_task__1
[2025-06-23T16:03:41.046+0900] {task_command.py:467} INFO - Running <TaskInstance: lilt_document_classifier_balanced_b_class_V0.1.img_preprocess_task__1 manual__2025-06-23T06:58:09.542610+00:00 map_index=9 [running]> on host f6d4228a9eb8
[2025-06-23T16:03:41.278+0900] {taskinstance.py:3134} INFO - Exporting env vars: AIRFLOW_CTX_DAG_OWNER='***' AIRFLOW_CTX_DAG_ID='lilt_document_classifier_balanced_b_class_V0.1' AIRFLOW_CTX_TASK_ID='img_preprocess_task__1' AIRFLOW_CTX_EXECUTION_DATE='2025-06-23T06:58:09.542610+00:00' AIRFLOW_CTX_TRY_NUMBER='1' AIRFLOW_CTX_DAG_RUN_ID='manual__2025-06-23T06:58:09.542610+00:00'
[2025-06-23T16:03:41.282+0900] {taskinstance.py:732} INFO - ::endgroup::
[2025-06-23T16:03:41.289+0900] {logging_mixin.py:190} INFO - empty map check {} {'process_id': '_13bd39e6-f96e-4724-994b-75c3078c4e89_pre', 'folder_path': '4676f356-5c99-4a1f-88e3-e9a6f70da6ee/13bd39e6-f96e-4724-994b-75c3078c4e89', 'step_list': [{'name': 'cache', 'param': {'key': 'origin'}}, {'name': 'calc_angle_set2', 'param': {'key': 'angle1', 'iterations': 4, 'iter_save': False}}, {'name': 'text_orientation_set', 'param': {'key': 'angle2', 'iterations': 4, 'iter_save': False}}, {'name': 'load', 'param': {'key': 'origin'}}, {'name': 'rotate', 'param': {'key': 'angle1'}}, {'name': 'rotate', 'param': {'key': 'angle2'}}], 'result_file_map': {}}
[2025-06-23T16:03:41.292+0900] {logging_mixin.py:190} INFO - step : cache
[2025-06-23T16:03:41.294+0900] {logging_mixin.py:190} INFO - step : calc_angle_set2
[2025-06-23T16:03:47.062+0900] {logging_mixin.py:190} INFO - osd 1 0.0 0.0 20 111 [0, 0, 0, 0, 0, 0, 0, 0, 0, 0, 0, 0, 0, 0, 15, 33, 48, 70, 93, 100, 111, 95, 108, 62, 47, 30, 19, 0, 0, 0, 0, 0, 0, 0, 0, 0, 0, 0, 0, 0, 0]
[2025-06-23T16:03:55.507+0900] {logging_mixin.py:190} INFO - osd 2 0.0 0.0 20 111 [0, 0, 0, 0, 0, 0, 0, 0, 0, 0, 0, 0, 0, 0, 15, 33, 48, 70, 93, 100, 111, 95, 108, 62, 47, 30, 19, 0, 0, 0, 0, 0, 0, 0, 0, 0, 0, 0, 0, 0, 0]
[2025-06-23T16:04:03.425+0900] {logging_mixin.py:190} INFO - osd 3 0.0 0.0 20 111 [0, 0, 0, 0, 0, 0, 0, 0, 0, 0, 0, 0, 0, 0, 15, 33, 48, 70, 93, 100, 111, 95, 108, 62, 47, 30, 19, 0, 0, 0, 0, 0, 0, 0, 0, 0, 0, 0, 0, 0, 0]
[2025-06-23T16:04:09.686+0900] {logging_mixin.py:190} INFO - osd 4 0.0 0.0 20 111 [0, 0, 0, 0, 0, 0, 0, 0, 0, 0, 0, 0, 0, 0, 15, 33, 48, 70, 93, 100, 111, 95, 108, 62, 47, 30, 19, 0, 0, 0, 0, 0, 0, 0, 0, 0, 0, 0, 0, 0, 0]
[2025-06-23T16:04:09.765+0900] {logging_mixin.py:190} INFO - step : text_orientation_set
[2025-06-23T16:04:16.052+0900] {logging_mixin.py:190} INFO - osd 1 break  0 0 0.67 Latin 1.11
[2025-06-23T16:04:16.086+0900] {logging_mixin.py:190} INFO - step : load
[2025-06-23T16:04:16.086+0900] {logging_mixin.py:190} INFO - step : rotate
[2025-06-23T16:04:16.121+0900] {logging_mixin.py:190} INFO - step : rotate
[2025-06-23T16:04:16.248+0900] {logging_mixin.py:190} INFO - file_copy: /opt/***/data/temp/4676f356-5c99-4a1f-88e3-e9a6f70da6ee/13bd39e6-f96e-4724-994b-75c3078c4e89/_result.png
[2025-06-23T16:04:16.272+0900] {python.py:240} INFO - Done. Returned value was: {'file_id': '4676f356-5c99-4a1f-88e3-e9a6f70da6ee', 'file_path': '/opt/***/data/class/b_class/classify/ready/false/copied_6_2083647153.png', 'false': {'process_id': '_13bd39e6-f96e-4724-994b-75c3078c4e89_pre', 'folder_path': '4676f356-5c99-4a1f-88e3-e9a6f70da6ee/13bd39e6-f96e-4724-994b-75c3078c4e89', 'step_list': [{'name': 'cache', 'param': {'key': 'origin'}}, {'name': 'calc_angle_set2', 'param': {'key': 'angle1', 'iterations': 4, 'iter_save': False}}, {'name': 'text_orientation_set', 'param': {'key': 'angle2', 'iterations': 4, 'iter_save': False}}, {'name': 'load', 'param': {'key': 'origin'}}, {'name': 'rotate', 'param': {'key': 'angle1'}}, {'name': 'rotate', 'param': {'key': 'angle2'}}], 'result_file_map': {'_result': '/opt/***/data/temp/4676f356-5c99-4a1f-88e3-e9a6f70da6ee/13bd39e6-f96e-4724-994b-75c3078c4e89/_result.png'}}}
[2025-06-23T16:04:16.321+0900] {taskinstance.py:341} INFO - ::group::Post task execution logs
[2025-06-23T16:04:16.322+0900] {taskinstance.py:353} INFO - Marking task as SUCCESS. dag_id=lilt_document_classifier_balanced_b_class_V0.1, task_id=img_preprocess_task__1, run_id=manual__2025-06-23T06:58:09.542610+00:00, map_index=9, execution_date=20250623T065809, start_date=20250623T070340, end_date=20250623T070416
[2025-06-23T16:04:16.454+0900] {local_task_job_runner.py:266} INFO - Task exited with return code 0
[2025-06-23T16:04:16.671+0900] {taskinstance.py:3901} INFO - 0 downstream tasks scheduled from follow-on schedule check
[2025-06-23T16:04:16.707+0900] {local_task_job_runner.py:245} INFO - ::endgroup::
