[2025-06-23T16:23:32.593+0900] {local_task_job_runner.py:123} INFO - ::group::Pre task execution logs
[2025-06-23T16:23:32.699+0900] {taskinstance.py:2614} INFO - Dependencies all met for dep_context=non-requeueable deps ti=<TaskInstance: lilt_document_classifier_balanced_b_class_V0.1.img_preprocess_task__1 manual__2025-06-23T06:58:09.542610+00:00 map_index=33 [queued]>
[2025-06-23T16:23:32.842+0900] {taskinstance.py:2614} INFO - Dependencies all met for dep_context=requeueable deps ti=<TaskInstance: lilt_document_classifier_balanced_b_class_V0.1.img_preprocess_task__1 manual__2025-06-23T06:58:09.542610+00:00 map_index=33 [queued]>
[2025-06-23T16:23:32.851+0900] {taskinstance.py:2867} INFO - Starting attempt 1 of 1
[2025-06-23T16:23:32.965+0900] {taskinstance.py:2890} INFO - Executing <Mapped(_PythonDecoratedOperator): img_preprocess_task__1> on 2025-06-23 06:58:09.542610+00:00
[2025-06-23T16:23:33.044+0900] {warnings.py:112} WARNING - /home/***/.local/lib/python3.12/site-packages/***/task/task_runner/standard_task_runner.py:70: DeprecationWarning: This process (pid=7062) is multi-threaded, use of fork() may lead to deadlocks in the child.
  pid = os.fork()

[2025-06-23T16:23:33.072+0900] {standard_task_runner.py:104} INFO - Running: ['***', 'tasks', 'run', 'lilt_document_classifier_balanced_b_class_V0.1', 'img_preprocess_task__1', 'manual__2025-06-23T06:58:09.542610+00:00', '--job-id', '3366', '--raw', '--subdir', 'DAGS_FOLDER/class_create_dag_b_class.py', '--cfg-path', '/tmp/tmpft6ys2zp', '--map-index', '33']
[2025-06-23T16:23:33.074+0900] {standard_task_runner.py:105} INFO - Job 3366: Subtask img_preprocess_task__1
[2025-06-23T16:23:33.056+0900] {standard_task_runner.py:72} INFO - Started process 7079 to run task
[2025-06-23T16:23:33.310+0900] {task_command.py:467} INFO - Running <TaskInstance: lilt_document_classifier_balanced_b_class_V0.1.img_preprocess_task__1 manual__2025-06-23T06:58:09.542610+00:00 map_index=33 [running]> on host f6d4228a9eb8
[2025-06-23T16:23:33.626+0900] {taskinstance.py:3134} INFO - Exporting env vars: AIRFLOW_CTX_DAG_OWNER='***' AIRFLOW_CTX_DAG_ID='lilt_document_classifier_balanced_b_class_V0.1' AIRFLOW_CTX_TASK_ID='img_preprocess_task__1' AIRFLOW_CTX_EXECUTION_DATE='2025-06-23T06:58:09.542610+00:00' AIRFLOW_CTX_TRY_NUMBER='1' AIRFLOW_CTX_DAG_RUN_ID='manual__2025-06-23T06:58:09.542610+00:00'
[2025-06-23T16:23:33.637+0900] {taskinstance.py:732} INFO - ::endgroup::
[2025-06-23T16:23:33.655+0900] {logging_mixin.py:190} INFO - empty map check {} {'process_id': '_27716890-f416-4725-8f9f-c2aceeeec5eb_pre', 'folder_path': 'e8293c7b-5cdf-4b24-8b8c-abfca92ee024/27716890-f416-4725-8f9f-c2aceeeec5eb', 'step_list': [{'name': 'cache', 'param': {'key': 'origin'}}, {'name': 'calc_angle_set2', 'param': {'key': 'angle1', 'iterations': 4, 'iter_save': False}}, {'name': 'text_orientation_set', 'param': {'key': 'angle2', 'iterations': 4, 'iter_save': False}}, {'name': 'load', 'param': {'key': 'origin'}}, {'name': 'rotate', 'param': {'key': 'angle1'}}, {'name': 'rotate', 'param': {'key': 'angle2'}}], 'result_file_map': {}}
[2025-06-23T16:23:33.666+0900] {logging_mixin.py:190} INFO - step : cache
[2025-06-23T16:23:33.667+0900] {logging_mixin.py:190} INFO - step : calc_angle_set2
[2025-06-23T16:23:38.790+0900] {logging_mixin.py:190} INFO - osd 1 5.0 5.0 40 178513 [161340, 155049, 151629, 147582, 143240, 138964, 135114, 131660, 127628, 125302, 121594, 119499, 116918, 114425, 111695, 112029, 109277, 107029, 104648, 99822, 100351, 97630, 100451, 101347, 104336, 107102, 110471, 112778, 115984, 120395, 125163, 130350, 134536, 139823, 145076, 149926, 154420, 161001, 167704, 172724, 178513]
[2025-06-23T16:23:44.232+0900] {logging_mixin.py:190} INFO - osd 2 0.0 -5.0 0 388997 [388997, 376765, 363967, 353587, 342307, 329647, 318050, 305259, 294372, 282393, 272101, 265557, 250568, 238092, 230738, 220206, 207929, 198460, 193588, 181434, 178528, 180906, 189656, 194045, 201664, 204257, 212262, 222525, 229026, 238010, 243699, 254071, 260266, 267577, 276031, 283124, 291829, 298441, 304858, 315392, 321671]
[2025-06-23T16:23:53.907+0900] {logging_mixin.py:190} INFO - osd 3 -5.0 -5.0 0 558703 [558703, 547933, 538768, 530596, 521538, 513851, 506074, 498028, 491280, 481399, 474596, 465224, 459304, 453327, 443902, 433782, 430527, 417340, 410985, 398152, 397610, 397293, 404163, 409256, 418255, 423856, 431237, 439367, 446973, 457644, 464661, 474572, 479887, 488571, 497552, 505411, 515876, 523883, 533279, 542442, 551910]
[2025-06-23T16:24:03.398+0900] {logging_mixin.py:190} INFO - osd 4 0.0 5.0 40 823297 [767402, 754230, 742098, 729497, 716775, 704343, 691977, 680406, 668645, 657430, 645169, 634010, 623184, 612385, 601455, 592087, 579971, 569488, 558931, 549292, 541451, 553732, 566344, 581552, 595106, 611461, 624559, 639822, 653965, 669680, 683332, 700241, 714315, 730085, 743896, 759824, 773912, 790298, 802767, 812722, 823297]
[2025-06-23T16:24:03.566+0900] {logging_mixin.py:190} INFO - step : text_orientation_set
[2025-06-23T16:24:13.089+0900] {logging_mixin.py:190} INFO - Tesseract OSD Error: (1, 'Estimating resolution as 103 Warning. Invalid resolution 0 dpi. Using 70 instead. Too few characters. Skipping this page Error during processing.')
[2025-06-23T16:24:13.096+0900] {logging_mixin.py:190} INFO - step : load
[2025-06-23T16:24:13.100+0900] {logging_mixin.py:190} INFO - step : rotate
[2025-06-23T16:24:13.147+0900] {logging_mixin.py:190} INFO - step : rotate
[2025-06-23T16:24:13.415+0900] {logging_mixin.py:190} INFO - file_copy: /opt/***/data/temp/e8293c7b-5cdf-4b24-8b8c-abfca92ee024/27716890-f416-4725-8f9f-c2aceeeec5eb/_result.png
[2025-06-23T16:24:13.519+0900] {python.py:240} INFO - Done. Returned value was: {'file_id': 'e8293c7b-5cdf-4b24-8b8c-abfca92ee024', 'file_path': '/opt/***/data/class/b_class/classify/ready/false/copied_81_0001241938.png', 'false': {'process_id': '_27716890-f416-4725-8f9f-c2aceeeec5eb_pre', 'folder_path': 'e8293c7b-5cdf-4b24-8b8c-abfca92ee024/27716890-f416-4725-8f9f-c2aceeeec5eb', 'step_list': [{'name': 'cache', 'param': {'key': 'origin'}}, {'name': 'calc_angle_set2', 'param': {'key': 'angle1', 'iterations': 4, 'iter_save': False}}, {'name': 'text_orientation_set', 'param': {'key': 'angle2', 'iterations': 4, 'iter_save': False}}, {'name': 'load', 'param': {'key': 'origin'}}, {'name': 'rotate', 'param': {'key': 'angle1'}}, {'name': 'rotate', 'param': {'key': 'angle2'}}], 'result_file_map': {'_result': '/opt/***/data/temp/e8293c7b-5cdf-4b24-8b8c-abfca92ee024/27716890-f416-4725-8f9f-c2aceeeec5eb/_result.png'}}}
[2025-06-23T16:24:13.906+0900] {taskinstance.py:341} INFO - ::group::Post task execution logs
[2025-06-23T16:24:13.920+0900] {taskinstance.py:353} INFO - Marking task as SUCCESS. dag_id=lilt_document_classifier_balanced_b_class_V0.1, task_id=img_preprocess_task__1, run_id=manual__2025-06-23T06:58:09.542610+00:00, map_index=33, execution_date=20250623T065809, start_date=20250623T072332, end_date=20250623T072413
[2025-06-23T16:24:14.084+0900] {local_task_job_runner.py:266} INFO - Task exited with return code 0
[2025-06-23T16:24:14.289+0900] {taskinstance.py:3901} INFO - 0 downstream tasks scheduled from follow-on schedule check
[2025-06-23T16:24:14.309+0900] {local_task_job_runner.py:245} INFO - ::endgroup::
