[2025-06-18T13:49:03.007+0900] {local_task_job_runner.py:123} INFO - ::group::Pre task execution logs
[2025-06-18T13:49:03.338+0900] {taskinstance.py:2614} INFO - Dependencies all met for dep_context=non-requeueable deps ti=<TaskInstance: lilt_document_classifier_balanced_V0.1.img_preprocess_task manual__2025-06-18T04:46:36.476365+00:00 map_index=38 [queued]>
[2025-06-18T13:49:03.403+0900] {taskinstance.py:2614} INFO - Dependencies all met for dep_context=requeueable deps ti=<TaskInstance: lilt_document_classifier_balanced_V0.1.img_preprocess_task manual__2025-06-18T04:46:36.476365+00:00 map_index=38 [queued]>
[2025-06-18T13:49:03.419+0900] {taskinstance.py:2867} INFO - Starting attempt 1 of 1
[2025-06-18T13:49:03.519+0900] {taskinstance.py:2890} INFO - Executing <Mapped(_PythonDecoratedOperator): img_preprocess_task> on 2025-06-18 04:46:36.476365+00:00
[2025-06-18T13:49:03.629+0900] {warnings.py:112} WARNING - /home/***/.local/lib/python3.12/site-packages/***/task/task_runner/standard_task_runner.py:70: DeprecationWarning: This process (pid=27874) is multi-threaded, use of fork() may lead to deadlocks in the child.
  pid = os.fork()

[2025-06-18T13:49:03.671+0900] {standard_task_runner.py:72} INFO - Started process 27932 to run task
[2025-06-18T13:49:03.695+0900] {standard_task_runner.py:104} INFO - Running: ['***', 'tasks', 'run', 'lilt_document_classifier_balanced_V0.1', 'img_preprocess_task', 'manual__2025-06-18T04:46:36.476365+00:00', '--job-id', '1094', '--raw', '--subdir', 'DAGS_FOLDER/class_create_dag.py', '--cfg-path', '/tmp/tmpg44s0ju3', '--map-index', '38']
[2025-06-18T13:49:03.731+0900] {standard_task_runner.py:105} INFO - Job 1094: Subtask img_preprocess_task
[2025-06-18T13:49:03.811+0900] {task_command.py:467} INFO - Running <TaskInstance: lilt_document_classifier_balanced_V0.1.img_preprocess_task manual__2025-06-18T04:46:36.476365+00:00 map_index=38 [running]> on host f6d4228a9eb8
[2025-06-18T13:49:04.551+0900] {taskinstance.py:3134} INFO - Exporting env vars: AIRFLOW_CTX_DAG_OWNER='***' AIRFLOW_CTX_DAG_ID='lilt_document_classifier_balanced_V0.1' AIRFLOW_CTX_TASK_ID='img_preprocess_task' AIRFLOW_CTX_EXECUTION_DATE='2025-06-18T04:46:36.476365+00:00' AIRFLOW_CTX_TRY_NUMBER='1' AIRFLOW_CTX_DAG_RUN_ID='manual__2025-06-18T04:46:36.476365+00:00'
[2025-06-18T13:49:04.565+0900] {taskinstance.py:732} INFO - ::endgroup::
[2025-06-18T13:49:04.570+0900] {logging_mixin.py:190} INFO - empty map check {} {'process_id': '_b8f77fa7-9e47-4bcc-866d-a08a03a1aa81_pre', 'folder_path': 'f2853b83-7270-42b5-b411-6fff8038ead3/b8f77fa7-9e47-4bcc-866d-a08a03a1aa81', 'step_list': [{'name': 'cache', 'param': {'key': 'origin'}}, {'name': 'calc_angle_set1', 'param': {'key': 'angle1', 'iterations': 4, 'iter_save': False}}, {'name': 'text_orientation_set', 'param': {'key': 'angle2', 'iterations': 4, 'iter_save': False}}, {'name': 'load', 'param': {'key': 'origin'}}, {'name': 'rotate', 'param': {'key': 'angle1'}}, {'name': 'rotate', 'param': {'key': 'angle2'}}, {'name': 'save', 'param': {'key': 'classify_preprocess'}}], 'result_file_list': []}
[2025-06-18T13:49:04.590+0900] {logging_mixin.py:190} INFO - step : cache
[2025-06-18T13:49:04.591+0900] {logging_mixin.py:190} INFO - step : calc_angle_set1
[2025-06-18T13:49:05.189+0900] {logging_mixin.py:190} INFO - step : text_orientation_set
[2025-06-18T13:49:23.244+0900] {logging_mixin.py:190} INFO - osd 1 break  0 0 6.94 Korean 0.67
[2025-06-18T13:49:23.252+0900] {logging_mixin.py:190} INFO - step : load
[2025-06-18T13:49:23.261+0900] {logging_mixin.py:190} INFO - step : rotate
[2025-06-18T13:49:23.711+0900] {logging_mixin.py:190} INFO - step : rotate
[2025-06-18T13:49:23.715+0900] {logging_mixin.py:190} INFO - step : save
[2025-06-18T13:49:23.983+0900] {logging_mixin.py:190} INFO - file_copy: /opt/***/data/temp/f2853b83-7270-42b5-b411-6fff8038ead3/b8f77fa7-9e47-4bcc-866d-a08a03a1aa81/classify_preprocess.png
[2025-06-18T13:49:24.094+0900] {python.py:240} INFO - Done. Returned value was: {'file_id': 'f2853b83-7270-42b5-b411-6fff8038ead3', 'file_path': '/opt/***/data/class/a_class/classify/ready/true/거제동 고성빌딩 - 정부24 - 건축물대장 등본(초본) 발급(열람) _ 문서출력_page_1_aug2.png', 'true': {'process_id': '_b8f77fa7-9e47-4bcc-866d-a08a03a1aa81_pre', 'folder_path': 'f2853b83-7270-42b5-b411-6fff8038ead3/b8f77fa7-9e47-4bcc-866d-a08a03a1aa81', 'step_list': [{'name': 'cache', 'param': {'key': 'origin'}}, {'name': 'calc_angle_set1', 'param': {'key': 'angle1', 'iterations': 4, 'iter_save': False}}, {'name': 'text_orientation_set', 'param': {'key': 'angle2', 'iterations': 4, 'iter_save': False}}, {'name': 'load', 'param': {'key': 'origin'}}, {'name': 'rotate', 'param': {'key': 'angle1'}}, {'name': 'rotate', 'param': {'key': 'angle2'}}, {'name': 'save', 'param': {'key': 'classify_preprocess'}}], 'result_file_list': [{'key': 'classify_preprocess', 'path': '/opt/***/data/temp/f2853b83-7270-42b5-b411-6fff8038ead3/b8f77fa7-9e47-4bcc-866d-a08a03a1aa81/classify_preprocess.png'}]}}
[2025-06-18T13:49:24.236+0900] {taskinstance.py:341} INFO - ::group::Post task execution logs
[2025-06-18T13:49:24.240+0900] {taskinstance.py:353} INFO - Marking task as SUCCESS. dag_id=lilt_document_classifier_balanced_V0.1, task_id=img_preprocess_task, run_id=manual__2025-06-18T04:46:36.476365+00:00, map_index=38, execution_date=20250618T044636, start_date=20250618T044903, end_date=20250618T044924
[2025-06-18T13:49:24.409+0900] {local_task_job_runner.py:266} INFO - Task exited with return code 0
[2025-06-18T13:49:24.587+0900] {taskinstance.py:3901} INFO - 0 downstream tasks scheduled from follow-on schedule check
[2025-06-18T13:49:24.597+0900] {local_task_job_runner.py:245} INFO - ::endgroup::
