[2025-06-23T16:08:02.311+0900] {local_task_job_runner.py:123} INFO - ::group::Pre task execution logs
[2025-06-23T16:08:02.367+0900] {taskinstance.py:2614} INFO - Dependencies all met for dep_context=non-requeueable deps ti=<TaskInstance: lilt_document_classifier_balanced_V0.1.img_preprocess_task__1 manual__2025-06-23T06:45:10.371530+00:00 map_index=56 [queued]>
[2025-06-23T16:08:02.424+0900] {taskinstance.py:2614} INFO - Dependencies all met for dep_context=requeueable deps ti=<TaskInstance: lilt_document_classifier_balanced_V0.1.img_preprocess_task__1 manual__2025-06-23T06:45:10.371530+00:00 map_index=56 [queued]>
[2025-06-23T16:08:02.428+0900] {taskinstance.py:2867} INFO - Starting attempt 2 of 2
[2025-06-23T16:08:02.476+0900] {taskinstance.py:2890} INFO - Executing <Mapped(_PythonDecoratedOperator): img_preprocess_task__1> on 2025-06-23 06:45:10.371530+00:00
[2025-06-23T16:08:02.505+0900] {warnings.py:112} WARNING - /home/***/.local/lib/python3.12/site-packages/***/task/task_runner/standard_task_runner.py:70: DeprecationWarning: This process (pid=4726) is multi-threaded, use of fork() may lead to deadlocks in the child.
  pid = os.fork()

[2025-06-23T16:08:02.510+0900] {standard_task_runner.py:72} INFO - Started process 4745 to run task
[2025-06-23T16:08:02.506+0900] {standard_task_runner.py:104} INFO - Running: ['***', 'tasks', 'run', 'lilt_document_classifier_balanced_V0.1', 'img_preprocess_task__1', 'manual__2025-06-23T06:45:10.371530+00:00', '--job-id', '3253', '--raw', '--subdir', 'DAGS_FOLDER/class_create_dag.py', '--cfg-path', '/tmp/tmp6xhy129t', '--map-index', '56']
[2025-06-23T16:08:02.520+0900] {standard_task_runner.py:105} INFO - Job 3253: Subtask img_preprocess_task__1
[2025-06-23T16:08:02.810+0900] {task_command.py:467} INFO - Running <TaskInstance: lilt_document_classifier_balanced_V0.1.img_preprocess_task__1 manual__2025-06-23T06:45:10.371530+00:00 map_index=56 [running]> on host f6d4228a9eb8
[2025-06-23T16:08:03.063+0900] {taskinstance.py:3134} INFO - Exporting env vars: AIRFLOW_CTX_DAG_OWNER='***' AIRFLOW_CTX_DAG_ID='lilt_document_classifier_balanced_V0.1' AIRFLOW_CTX_TASK_ID='img_preprocess_task__1' AIRFLOW_CTX_EXECUTION_DATE='2025-06-23T06:45:10.371530+00:00' AIRFLOW_CTX_TRY_NUMBER='2' AIRFLOW_CTX_DAG_RUN_ID='manual__2025-06-23T06:45:10.371530+00:00'
[2025-06-23T16:08:03.065+0900] {taskinstance.py:732} INFO - ::endgroup::
[2025-06-23T16:08:03.072+0900] {logging_mixin.py:190} INFO - empty map check {} {'process_id': '_b8ef01c9-23e9-4e6a-a708-d01c52e69cd7_pre', 'folder_path': '2eb8a795-594d-4e23-a272-53e59c5909f4/b8ef01c9-23e9-4e6a-a708-d01c52e69cd7', 'step_list': [{'name': 'cache', 'param': {'key': 'origin'}}, {'name': 'calc_angle_set2', 'param': {'key': 'angle1', 'iterations': 4, 'iter_save': False}}, {'name': 'text_orientation_set', 'param': {'key': 'angle2', 'iterations': 4, 'iter_save': False}}, {'name': 'load', 'param': {'key': 'origin'}}, {'name': 'rotate', 'param': {'key': 'angle1'}}, {'name': 'rotate', 'param': {'key': 'angle2'}}], 'result_file_map': {}}
[2025-06-23T16:08:03.074+0900] {logging_mixin.py:190} INFO - step : cache
[2025-06-23T16:08:03.075+0900] {logging_mixin.py:190} INFO - step : calc_angle_set2
[2025-06-23T16:08:09.869+0900] {logging_mixin.py:190} INFO - osd 1 5.0 5.0 40 103850 [103765, 98705, 93463, 88369, 82045, 76895, 72140, 67061, 62362, 57753, 52034, 47631, 43846, 40273, 36035, 32664, 29359, 26035, 22046, 18948, 15055, 18736, 21958, 25893, 29065, 32336, 35575, 39885, 43562, 47581, 51974, 57994, 62429, 67222, 72284, 77057, 82120, 88426, 93504, 98664, 103850]
[2025-06-23T16:08:23.654+0900] {logging_mixin.py:190} INFO - osd 2 0.0 -5.0 0 266932 [266932, 257428, 249793, 241563, 231548, 223376, 215193, 205138, 197010, 187260, 179142, 170965, 161032, 153461, 144243, 135637, 128687, 120209, 113670, 105529, 99331, 104210, 110855, 116186, 122955, 128587, 135158, 142179, 147413, 154394, 160051, 165377, 172460, 178072, 185342, 190938, 196713, 204271, 210221, 216273, 223944]
[2025-06-23T16:08:33.606+0900] {logging_mixin.py:190} INFO - osd 3 -5.0 -5.0 0 426208 [426208, 418873, 410196, 403202, 394344, 386123, 379167, 370345, 361748, 355086, 346416, 337693, 329089, 322432, 313604, 305180, 296864, 288010, 279816, 271090, 263899, 270629, 279157, 287793, 296084, 304258, 313042, 321674, 328615, 337270, 346086, 354628, 361302, 370125, 378584, 385716, 393948, 402824, 409896, 418676, 425938]
[2025-06-23T16:08:46.854+0900] {logging_mixin.py:190} INFO - osd 4 0.0 5.0 40 669361 [626675, 615359, 604069, 592576, 581402, 570166, 559255, 547634, 537024, 526163, 515907, 505386, 494565, 484825, 474818, 464683, 453354, 444018, 434900, 426027, 417293, 429332, 441534, 454150, 466394, 480725, 493476, 505836, 518668, 531481, 544052, 556570, 569129, 581859, 594975, 607702, 620527, 633030, 645919, 657829, 669361]
[2025-06-23T16:08:46.929+0900] {logging_mixin.py:190} INFO - step : text_orientation_set
[2025-06-23T16:08:52.988+0900] {logging_mixin.py:190} INFO - osd 1 270 270 0.28 Latin 7.5
[2025-06-23T16:08:58.123+0900] {logging_mixin.py:190} INFO - Tesseract OSD Error: (1, 'Estimating resolution as 633 Warning. Invalid resolution 0 dpi. Using 70 instead. Too few characters. Skipping this page Error during processing.')
[2025-06-23T16:08:58.141+0900] {logging_mixin.py:190} INFO - step : load
[2025-06-23T16:08:58.145+0900] {logging_mixin.py:190} INFO - step : rotate
[2025-06-23T16:08:58.211+0900] {logging_mixin.py:190} INFO - step : rotate
[2025-06-23T16:08:58.638+0900] {logging_mixin.py:190} INFO - file_copy: /opt/***/data/temp/2eb8a795-594d-4e23-a272-53e59c5909f4/b8ef01c9-23e9-4e6a-a708-d01c52e69cd7/_result.png
[2025-06-23T16:08:58.710+0900] {python.py:240} INFO - Done. Returned value was: {'file_id': '2eb8a795-594d-4e23-a272-53e59c5909f4', 'file_path': '/opt/***/data/class/a_class/classify/ready/false/copied_83_521164931+-4931.png', 'false': {'process_id': '_b8ef01c9-23e9-4e6a-a708-d01c52e69cd7_pre', 'folder_path': '2eb8a795-594d-4e23-a272-53e59c5909f4/b8ef01c9-23e9-4e6a-a708-d01c52e69cd7', 'step_list': [{'name': 'cache', 'param': {'key': 'origin'}}, {'name': 'calc_angle_set2', 'param': {'key': 'angle1', 'iterations': 4, 'iter_save': False}}, {'name': 'text_orientation_set', 'param': {'key': 'angle2', 'iterations': 4, 'iter_save': False}}, {'name': 'load', 'param': {'key': 'origin'}}, {'name': 'rotate', 'param': {'key': 'angle1'}}, {'name': 'rotate', 'param': {'key': 'angle2'}}], 'result_file_map': {'_result': '/opt/***/data/temp/2eb8a795-594d-4e23-a272-53e59c5909f4/b8ef01c9-23e9-4e6a-a708-d01c52e69cd7/_result.png'}}}
[2025-06-23T16:08:58.783+0900] {taskinstance.py:341} INFO - ::group::Post task execution logs
[2025-06-23T16:08:58.784+0900] {taskinstance.py:353} INFO - Marking task as SUCCESS. dag_id=lilt_document_classifier_balanced_V0.1, task_id=img_preprocess_task__1, run_id=manual__2025-06-23T06:45:10.371530+00:00, map_index=56, execution_date=20250623T064510, start_date=20250623T070802, end_date=20250623T070858
[2025-06-23T16:08:58.927+0900] {local_task_job_runner.py:266} INFO - Task exited with return code 0
[2025-06-23T16:08:58.996+0900] {taskinstance.py:3901} INFO - 0 downstream tasks scheduled from follow-on schedule check
[2025-06-23T16:08:59.019+0900] {local_task_job_runner.py:245} INFO - ::endgroup::
