[2025-06-13T17:52:51.890+0900] {local_task_job_runner.py:123} INFO - ::group::Pre task execution logs
[2025-06-13T17:52:51.917+0900] {taskinstance.py:2614} INFO - Dependencies all met for dep_context=non-requeueable deps ti=<TaskInstance: image_ocr_v2.img_preprocess_task manual__2025-06-13T08:52:44.499393+00:00 map_index=0 [queued]>
[2025-06-13T17:52:51.936+0900] {taskinstance.py:2614} INFO - Dependencies all met for dep_context=requeueable deps ti=<TaskInstance: image_ocr_v2.img_preprocess_task manual__2025-06-13T08:52:44.499393+00:00 map_index=0 [queued]>
[2025-06-13T17:52:51.937+0900] {taskinstance.py:2867} INFO - Starting attempt 1 of 1
[2025-06-13T17:52:51.951+0900] {taskinstance.py:2890} INFO - Executing <Mapped(_PythonDecoratedOperator): img_preprocess_task> on 2025-06-13 08:52:44.499393+00:00
[2025-06-13T17:52:51.959+0900] {warnings.py:112} WARNING - /home/***/.local/lib/python3.12/site-packages/***/task/task_runner/standard_task_runner.py:70: DeprecationWarning: This process (pid=3222) is multi-threaded, use of fork() may lead to deadlocks in the child.
  pid = os.fork()

[2025-06-13T17:52:51.961+0900] {standard_task_runner.py:72} INFO - Started process 3237 to run task
[2025-06-13T17:52:51.961+0900] {standard_task_runner.py:104} INFO - Running: ['***', 'tasks', 'run', 'image_ocr_v2', 'img_preprocess_task', 'manual__2025-06-13T08:52:44.499393+00:00', '--job-id', '51', '--raw', '--subdir', 'DAGS_FOLDER/test_dag.py', '--cfg-path', '/tmp/tmp91ez9nj7', '--map-index', '0']
[2025-06-13T17:52:51.964+0900] {standard_task_runner.py:105} INFO - Job 51: Subtask img_preprocess_task
[2025-06-13T17:52:52.013+0900] {task_command.py:467} INFO - Running <TaskInstance: image_ocr_v2.img_preprocess_task manual__2025-06-13T08:52:44.499393+00:00 map_index=0 [running]> on host f6d4228a9eb8
[2025-06-13T17:52:52.111+0900] {taskinstance.py:3134} INFO - Exporting env vars: AIRFLOW_CTX_DAG_OWNER='***' AIRFLOW_CTX_DAG_ID='image_ocr_v2' AIRFLOW_CTX_TASK_ID='img_preprocess_task' AIRFLOW_CTX_EXECUTION_DATE='2025-06-13T08:52:44.499393+00:00' AIRFLOW_CTX_TRY_NUMBER='1' AIRFLOW_CTX_DAG_RUN_ID='manual__2025-06-13T08:52:44.499393+00:00'
[2025-06-13T17:52:52.115+0900] {taskinstance.py:732} INFO - ::endgroup::
[2025-06-13T17:52:52.118+0900] {logging_mixin.py:190} INFO - empty map check {} {'process_id': '_5ccb3386-3448-4c18-b54c-5b1d6f66a5c1_pre', 'folder_path': '68a56e18-6ce1-4085-8400-d184a0ec3952/5ccb3386-3448-4c18-b54c-5b1d6f66a5c1', 'step_list': [{'name': 'cache', 'param': {'key': 'origin'}}, {'name': 'calc_angle_set1', 'param': {'key': 'angle1', 'iterations': 3}}, {'name': 'save', 'param': {'key': 'rotate1'}}, {'name': 'calc_angle_set2', 'param': {'key': 'angle2', 'iterations': 3}}, {'name': 'save', 'param': {'key': 'rotate2'}}, {'name': 'threshold', 'param': {}}, {'name': 'morphology1', 'param': {}}, {'name': 'scale1', 'param': {'width': 500, 'height': 500}}, {'name': 'save', 'param': {'key': 'classify_preprocess'}}], 'result_file_list': []}
[2025-06-13T17:52:52.122+0900] {logging_mixin.py:190} INFO - step : cache
[2025-06-13T17:52:52.122+0900] {logging_mixin.py:190} INFO - step : calc_angle_set1
[2025-06-13T17:52:52.236+0900] {logging_mixin.py:190} INFO - angle1 :  0 0.2554785715445469 -89.62572695989181 -89.59453854111105 90.12113254576842 90.12104724141264
[2025-06-13T17:52:52.293+0900] {logging_mixin.py:190} INFO - angle2 :  0.2554785715445469 -0.00829794558688235 -89.87530862011141 -89.87524074260142 89.8384901261337 89.8788674542316
[2025-06-13T17:52:52.293+0900] {logging_mixin.py:190} INFO - step : save
[2025-06-13T17:52:52.433+0900] {logging_mixin.py:190} INFO - file_copy: /opt/***/data/result/68a56e18-6ce1-4085-8400-d184a0ec3952/5ccb3386-3448-4c18-b54c-5b1d6f66a5c1/rotate1.png
[2025-06-13T17:52:52.448+0900] {logging_mixin.py:190} INFO - step : calc_angle_set2
[2025-06-13T17:52:58.256+0900] {logging_mixin.py:190} INFO - file_copy: /opt/***/data/result/68a56e18-6ce1-4085-8400-d184a0ec3952/5ccb3386-3448-4c18-b54c-5b1d6f66a5c1/rotate2_1.png
[2025-06-13T17:52:59.711+0900] {logging_mixin.py:190} INFO - osd 1 90 90 6.82 Cyrillic 0.43
[2025-06-13T17:53:05.869+0900] {logging_mixin.py:190} INFO - file_copy: /opt/***/data/result/68a56e18-6ce1-4085-8400-d184a0ec3952/5ccb3386-3448-4c18-b54c-5b1d6f66a5c1/rotate2_2.png
[2025-06-13T17:53:07.302+0900] {logging_mixin.py:190} INFO - osd 2 270 180 5.01 Latin 0.4
[2025-06-13T17:53:13.101+0900] {logging_mixin.py:190} INFO - file_copy: /opt/***/data/result/68a56e18-6ce1-4085-8400-d184a0ec3952/5ccb3386-3448-4c18-b54c-5b1d6f66a5c1/rotate2_3.png
[2025-06-13T17:53:14.807+0900] {logging_mixin.py:190} INFO - step : save
[2025-06-13T17:53:15.228+0900] {logging_mixin.py:190} INFO - file_copy: /opt/***/data/result/68a56e18-6ce1-4085-8400-d184a0ec3952/5ccb3386-3448-4c18-b54c-5b1d6f66a5c1/rotate2.png
[2025-06-13T17:53:15.250+0900] {logging_mixin.py:190} INFO - step : threshold
[2025-06-13T17:53:15.355+0900] {logging_mixin.py:190} INFO - step : morphology1
[2025-06-13T17:53:15.370+0900] {logging_mixin.py:190} INFO - step : scale1
[2025-06-13T17:53:15.376+0900] {logging_mixin.py:190} INFO - step : save
[2025-06-13T17:53:15.381+0900] {logging_mixin.py:190} INFO - file_copy: /opt/***/data/result/68a56e18-6ce1-4085-8400-d184a0ec3952/5ccb3386-3448-4c18-b54c-5b1d6f66a5c1/classify_preprocess.png
[2025-06-13T17:53:15.385+0900] {python.py:240} INFO - Done. Returned value was: {'file_id': '68a56e18-6ce1-4085-8400-d184a0ec3952', 'file_path': '/opt/***/data/upload/Gas Engine 점검일지_ 2021년 2월.pdf-image-011.jpg', 'preprocess_list': [{'process_id': '_5ccb3386-3448-4c18-b54c-5b1d6f66a5c1_pre', 'folder_path': '68a56e18-6ce1-4085-8400-d184a0ec3952/5ccb3386-3448-4c18-b54c-5b1d6f66a5c1', 'step_list': [{'name': 'cache', 'param': {'key': 'origin'}}, {'name': 'calc_angle_set1', 'param': {'key': 'angle1', 'iterations': 3}}, {'name': 'save', 'param': {'key': 'rotate1'}}, {'name': 'calc_angle_set2', 'param': {'key': 'angle2', 'iterations': 3}}, {'name': 'save', 'param': {'key': 'rotate2'}}, {'name': 'threshold', 'param': {}}, {'name': 'morphology1', 'param': {}}, {'name': 'scale1', 'param': {'width': 500, 'height': 500}}, {'name': 'save', 'param': {'key': 'classify_preprocess'}}], 'result_file_list': [{'rotate1': '/opt/***/data/result/68a56e18-6ce1-4085-8400-d184a0ec3952/5ccb3386-3448-4c18-b54c-5b1d6f66a5c1/rotate1.png'}, {'rotate2_1': '/opt/***/data/result/68a56e18-6ce1-4085-8400-d184a0ec3952/5ccb3386-3448-4c18-b54c-5b1d6f66a5c1/rotate2_1.png'}, {'rotate2_2': '/opt/***/data/result/68a56e18-6ce1-4085-8400-d184a0ec3952/5ccb3386-3448-4c18-b54c-5b1d6f66a5c1/rotate2_2.png'}, {'rotate2_3': '/opt/***/data/result/68a56e18-6ce1-4085-8400-d184a0ec3952/5ccb3386-3448-4c18-b54c-5b1d6f66a5c1/rotate2_3.png'}, {'rotate2': '/opt/***/data/result/68a56e18-6ce1-4085-8400-d184a0ec3952/5ccb3386-3448-4c18-b54c-5b1d6f66a5c1/rotate2.png'}, {'classify_preprocess': '/opt/***/data/result/68a56e18-6ce1-4085-8400-d184a0ec3952/5ccb3386-3448-4c18-b54c-5b1d6f66a5c1/classify_preprocess.png'}]}]}
[2025-06-13T17:53:15.414+0900] {taskinstance.py:341} INFO - ::group::Post task execution logs
[2025-06-13T17:53:15.415+0900] {taskinstance.py:353} INFO - Marking task as SUCCESS. dag_id=image_ocr_v2, task_id=img_preprocess_task, run_id=manual__2025-06-13T08:52:44.499393+00:00, map_index=0, execution_date=20250613T085244, start_date=20250613T085251, end_date=20250613T085315
[2025-06-13T17:53:15.471+0900] {local_task_job_runner.py:266} INFO - Task exited with return code 0
[2025-06-13T17:53:15.494+0900] {taskinstance.py:3901} INFO - 0 downstream tasks scheduled from follow-on schedule check
[2025-06-13T17:53:15.495+0900] {local_task_job_runner.py:245} INFO - ::endgroup::
