[2025-06-19T18:34:44.422+0900] {local_task_job_runner.py:123} INFO - ::group::Pre task execution logs
[2025-06-19T18:34:44.639+0900] {taskinstance.py:2614} INFO - Dependencies all met for dep_context=non-requeueable deps ti=<TaskInstance: lilt_document_classifier_balanced_V0.1.img_preprocess_task__1 manual__2025-06-19T09:32:07.760195+00:00 map_index=43 [queued]>
[2025-06-19T18:34:44.755+0900] {taskinstance.py:2614} INFO - Dependencies all met for dep_context=requeueable deps ti=<TaskInstance: lilt_document_classifier_balanced_V0.1.img_preprocess_task__1 manual__2025-06-19T09:32:07.760195+00:00 map_index=43 [queued]>
[2025-06-19T18:34:44.768+0900] {taskinstance.py:2867} INFO - Starting attempt 1 of 1
[2025-06-19T18:34:44.850+0900] {taskinstance.py:2890} INFO - Executing <Mapped(_PythonDecoratedOperator): img_preprocess_task__1> on 2025-06-19 09:32:07.760195+00:00
[2025-06-19T18:34:44.902+0900] {standard_task_runner.py:104} INFO - Running: ['***', 'tasks', 'run', 'lilt_document_classifier_balanced_V0.1', 'img_preprocess_task__1', 'manual__2025-06-19T09:32:07.760195+00:00', '--job-id', '1784', '--raw', '--subdir', 'DAGS_FOLDER/class_create_dag.py', '--cfg-path', '/tmp/tmpovf4kgmn', '--map-index', '43']
[2025-06-19T18:34:44.914+0900] {standard_task_runner.py:105} INFO - Job 1784: Subtask img_preprocess_task__1
[2025-06-19T18:34:44.922+0900] {warnings.py:112} WARNING - /home/***/.local/lib/python3.12/site-packages/***/task/task_runner/standard_task_runner.py:70: DeprecationWarning: This process (pid=11323) is multi-threaded, use of fork() may lead to deadlocks in the child.
  pid = os.fork()

[2025-06-19T18:34:44.933+0900] {standard_task_runner.py:72} INFO - Started process 11424 to run task
[2025-06-19T18:34:45.013+0900] {task_command.py:467} INFO - Running <TaskInstance: lilt_document_classifier_balanced_V0.1.img_preprocess_task__1 manual__2025-06-19T09:32:07.760195+00:00 map_index=43 [running]> on host f6d4228a9eb8
[2025-06-19T18:34:45.225+0900] {taskinstance.py:3134} INFO - Exporting env vars: AIRFLOW_CTX_DAG_OWNER='***' AIRFLOW_CTX_DAG_ID='lilt_document_classifier_balanced_V0.1' AIRFLOW_CTX_TASK_ID='img_preprocess_task__1' AIRFLOW_CTX_EXECUTION_DATE='2025-06-19T09:32:07.760195+00:00' AIRFLOW_CTX_TRY_NUMBER='1' AIRFLOW_CTX_DAG_RUN_ID='manual__2025-06-19T09:32:07.760195+00:00'
[2025-06-19T18:34:45.227+0900] {taskinstance.py:732} INFO - ::endgroup::
[2025-06-19T18:34:45.232+0900] {logging_mixin.py:190} INFO - empty map check {} {'process_id': '_2915d154-4d43-47ee-91b3-c4f7afb76332_pre', 'folder_path': 'bcda3643-603b-48c2-9ad4-6ef6834fdc1c/2915d154-4d43-47ee-91b3-c4f7afb76332', 'step_list': [{'name': 'cache', 'param': {'key': 'origin'}}, {'name': 'calc_angle_set1', 'param': {'key': 'angle1', 'iterations': 4, 'iter_save': False}}, {'name': 'text_orientation_set', 'param': {'key': 'angle2', 'iterations': 4, 'iter_save': False}}, {'name': 'load', 'param': {'key': 'origin'}}, {'name': 'rotate', 'param': {'key': 'angle1'}}, {'name': 'rotate', 'param': {'key': 'angle2'}}], 'result_file_map': {}}
[2025-06-19T18:34:45.236+0900] {logging_mixin.py:190} INFO - step : cache
[2025-06-19T18:34:45.237+0900] {logging_mixin.py:190} INFO - step : calc_angle_set1
[2025-06-19T18:34:45.300+0900] {logging_mixin.py:190} INFO - step : text_orientation_set
[2025-06-19T18:34:53.687+0900] {logging_mixin.py:190} INFO - osd 1 break  0 0 0.51 Cyrillic 0.83
[2025-06-19T18:34:53.690+0900] {logging_mixin.py:190} INFO - step : load
[2025-06-19T18:34:53.696+0900] {logging_mixin.py:190} INFO - step : rotate
[2025-06-19T18:34:53.712+0900] {logging_mixin.py:190} INFO - step : rotate
[2025-06-19T18:34:53.757+0900] {logging_mixin.py:190} INFO - file_copy: /opt/***/data/temp/bcda3643-603b-48c2-9ad4-6ef6834fdc1c/2915d154-4d43-47ee-91b3-c4f7afb76332/_result.png
[2025-06-19T18:34:53.779+0900] {python.py:240} INFO - Done. Returned value was: {'file_id': 'bcda3643-603b-48c2-9ad4-6ef6834fdc1c', 'file_path': '/opt/***/data/class/a_class/classify/ready/false/copied_37_2028727463.png', 'false': {'process_id': '_2915d154-4d43-47ee-91b3-c4f7afb76332_pre', 'folder_path': 'bcda3643-603b-48c2-9ad4-6ef6834fdc1c/2915d154-4d43-47ee-91b3-c4f7afb76332', 'step_list': [{'name': 'cache', 'param': {'key': 'origin'}}, {'name': 'calc_angle_set1', 'param': {'key': 'angle1', 'iterations': 4, 'iter_save': False}}, {'name': 'text_orientation_set', 'param': {'key': 'angle2', 'iterations': 4, 'iter_save': False}}, {'name': 'load', 'param': {'key': 'origin'}}, {'name': 'rotate', 'param': {'key': 'angle1'}}, {'name': 'rotate', 'param': {'key': 'angle2'}}], 'result_file_map': {'_result': '/opt/***/data/temp/bcda3643-603b-48c2-9ad4-6ef6834fdc1c/2915d154-4d43-47ee-91b3-c4f7afb76332/_result.png'}}}
[2025-06-19T18:34:53.853+0900] {taskinstance.py:341} INFO - ::group::Post task execution logs
[2025-06-19T18:34:53.855+0900] {taskinstance.py:353} INFO - Marking task as SUCCESS. dag_id=lilt_document_classifier_balanced_V0.1, task_id=img_preprocess_task__1, run_id=manual__2025-06-19T09:32:07.760195+00:00, map_index=43, execution_date=20250619T093207, start_date=20250619T093444, end_date=20250619T093453
[2025-06-19T18:34:54.058+0900] {local_task_job_runner.py:266} INFO - Task exited with return code 0
[2025-06-19T18:34:54.208+0900] {taskinstance.py:3901} INFO - 0 downstream tasks scheduled from follow-on schedule check
[2025-06-19T18:34:54.218+0900] {local_task_job_runner.py:245} INFO - ::endgroup::
