[2025-06-16T17:41:44.787+0900] {local_task_job_runner.py:123} INFO - ::group::Pre task execution logs
[2025-06-16T17:41:44.810+0900] {taskinstance.py:2614} INFO - Dependencies all met for dep_context=non-requeueable deps ti=<TaskInstance: image_ocr_v2.img_preprocess_task manual__2025-06-16T08:41:39.520079+00:00 map_index=2 [queued]>
[2025-06-16T17:41:44.821+0900] {taskinstance.py:2614} INFO - Dependencies all met for dep_context=requeueable deps ti=<TaskInstance: image_ocr_v2.img_preprocess_task manual__2025-06-16T08:41:39.520079+00:00 map_index=2 [queued]>
[2025-06-16T17:41:44.822+0900] {taskinstance.py:2867} INFO - Starting attempt 1 of 1
[2025-06-16T17:41:44.837+0900] {taskinstance.py:2890} INFO - Executing <Mapped(_PythonDecoratedOperator): img_preprocess_task> on 2025-06-16 08:41:39.520079+00:00
[2025-06-16T17:41:44.844+0900] {warnings.py:112} WARNING - /home/***/.local/lib/python3.12/site-packages/***/task/task_runner/standard_task_runner.py:70: DeprecationWarning: This process (pid=11947) is multi-threaded, use of fork() may lead to deadlocks in the child.
  pid = os.fork()

[2025-06-16T17:41:44.846+0900] {standard_task_runner.py:72} INFO - Started process 11960 to run task
[2025-06-16T17:41:44.846+0900] {standard_task_runner.py:104} INFO - Running: ['***', 'tasks', 'run', 'image_ocr_v2', 'img_preprocess_task', 'manual__2025-06-16T08:41:39.520079+00:00', '--job-id', '664', '--raw', '--subdir', 'DAGS_FOLDER/test_dag.py', '--cfg-path', '/tmp/tmpb2h3ncad', '--map-index', '2']
[2025-06-16T17:41:44.848+0900] {standard_task_runner.py:105} INFO - Job 664: Subtask img_preprocess_task
[2025-06-16T17:41:44.893+0900] {task_command.py:467} INFO - Running <TaskInstance: image_ocr_v2.img_preprocess_task manual__2025-06-16T08:41:39.520079+00:00 map_index=2 [running]> on host f6d4228a9eb8
[2025-06-16T17:41:44.979+0900] {taskinstance.py:3134} INFO - Exporting env vars: AIRFLOW_CTX_DAG_OWNER='***' AIRFLOW_CTX_DAG_ID='image_ocr_v2' AIRFLOW_CTX_TASK_ID='img_preprocess_task' AIRFLOW_CTX_EXECUTION_DATE='2025-06-16T08:41:39.520079+00:00' AIRFLOW_CTX_TRY_NUMBER='1' AIRFLOW_CTX_DAG_RUN_ID='manual__2025-06-16T08:41:39.520079+00:00'
[2025-06-16T17:41:44.981+0900] {taskinstance.py:732} INFO - ::endgroup::
[2025-06-16T17:41:44.983+0900] {logging_mixin.py:190} INFO - empty map check {} {'process_id': '_4b0b7dd6-6bbc-484b-8d21-f09db25ae524_pre', 'folder_path': '5d909064-b5c4-4300-b178-13359f66f723/4b0b7dd6-6bbc-484b-8d21-f09db25ae524', 'step_list': [{'name': 'cache', 'param': {'key': 'origin'}}, {'name': 'calc_angle_set3', 'param': {'key': 'angle1', 'iterations': 3, 'iter_save': True}}, {'name': 'calc_angle_set2', 'param': {'key': 'angle2', 'iterations': 1, 'iter_save': True}}, {'name': 'threshold', 'param': {}}, {'name': 'save', 'param': {'key': 'classify_preprocess'}}], 'result_file_list': []}
[2025-06-16T17:41:44.986+0900] {logging_mixin.py:190} INFO - step : cache
[2025-06-16T17:41:44.987+0900] {logging_mixin.py:190} INFO - step : calc_angle_set3
[2025-06-16T17:41:45.060+0900] {logging_mixin.py:190} INFO - file_copy: /opt/***/data/temp/5d909064-b5c4-4300-b178-13359f66f723/4b0b7dd6-6bbc-484b-8d21-f09db25ae524/rotate31_1.png
[2025-06-16T17:41:45.094+0900] {logging_mixin.py:190} INFO - file_copy: /opt/***/data/temp/5d909064-b5c4-4300-b178-13359f66f723/4b0b7dd6-6bbc-484b-8d21-f09db25ae524/rotate32_1.png
[2025-06-16T17:41:45.154+0900] {logging_mixin.py:190} INFO - osd 1 -1 -1 [1, 1, 1, 1, 1, 1, 1]
[2025-06-16T17:41:45.156+0900] {logging_mixin.py:190} INFO - step : calc_angle_set2
[2025-06-16T17:41:50.993+0900] {logging_mixin.py:190} INFO - file_copy: /opt/***/data/temp/5d909064-b5c4-4300-b178-13359f66f723/4b0b7dd6-6bbc-484b-8d21-f09db25ae524/rotate2_1.png
[2025-06-16T17:41:52.285+0900] {logging_mixin.py:190} INFO - osd 1 270 270 4.81 Latin 2.99
[2025-06-16T17:41:52.378+0900] {logging_mixin.py:190} INFO - step : threshold
[2025-06-16T17:41:52.380+0900] {logging_mixin.py:190} INFO - step : save
[2025-06-16T17:41:52.416+0900] {logging_mixin.py:190} INFO - file_copy: /opt/***/data/temp/5d909064-b5c4-4300-b178-13359f66f723/4b0b7dd6-6bbc-484b-8d21-f09db25ae524/classify_preprocess.png
[2025-06-16T17:41:52.423+0900] {python.py:240} INFO - Done. Returned value was: {'file_id': '5d909064-b5c4-4300-b178-13359f66f723', 'file_path': '/opt/***/data/upload/Gas Engine 점검일지_ 2021년 2월.pdf-image-005.jpg', 'result': {'process_id': '_4b0b7dd6-6bbc-484b-8d21-f09db25ae524_pre', 'folder_path': '5d909064-b5c4-4300-b178-13359f66f723/4b0b7dd6-6bbc-484b-8d21-f09db25ae524', 'step_list': [{'name': 'cache', 'param': {'key': 'origin'}}, {'name': 'calc_angle_set3', 'param': {'key': 'angle1', 'iterations': 3, 'iter_save': True}}, {'name': 'calc_angle_set2', 'param': {'key': 'angle2', 'iterations': 1, 'iter_save': True}}, {'name': 'threshold', 'param': {}}, {'name': 'save', 'param': {'key': 'classify_preprocess'}}], 'result_file_list': [{'key': 'rotate31_1', 'path': '/opt/***/data/temp/5d909064-b5c4-4300-b178-13359f66f723/4b0b7dd6-6bbc-484b-8d21-f09db25ae524/rotate31_1.png'}, {'key': 'rotate32_1', 'path': '/opt/***/data/temp/5d909064-b5c4-4300-b178-13359f66f723/4b0b7dd6-6bbc-484b-8d21-f09db25ae524/rotate32_1.png'}, {'key': 'rotate2_1', 'path': '/opt/***/data/temp/5d909064-b5c4-4300-b178-13359f66f723/4b0b7dd6-6bbc-484b-8d21-f09db25ae524/rotate2_1.png'}, {'key': 'classify_preprocess', 'path': '/opt/***/data/temp/5d909064-b5c4-4300-b178-13359f66f723/4b0b7dd6-6bbc-484b-8d21-f09db25ae524/classify_preprocess.png'}]}}
[2025-06-16T17:41:52.471+0900] {taskinstance.py:341} INFO - ::group::Post task execution logs
[2025-06-16T17:41:52.472+0900] {taskinstance.py:353} INFO - Marking task as SUCCESS. dag_id=image_ocr_v2, task_id=img_preprocess_task, run_id=manual__2025-06-16T08:41:39.520079+00:00, map_index=2, execution_date=20250616T084139, start_date=20250616T084144, end_date=20250616T084152
[2025-06-16T17:41:52.549+0900] {local_task_job_runner.py:266} INFO - Task exited with return code 0
[2025-06-16T17:41:52.558+0900] {local_task_job_runner.py:245} INFO - ::endgroup::
