[2025-06-24T11:49:19.717+0900] {local_task_job_runner.py:123} INFO - ::group::Pre task execution logs
[2025-06-24T11:49:19.950+0900] {taskinstance.py:2614} INFO - Dependencies all met for dep_context=non-requeueable deps ti=<TaskInstance: lilt_document_classifier_balanced_V0.1.img_preprocess_task manual__2025-06-24T02:31:44.485922+00:00 map_index=65 [queued]>
[2025-06-24T11:49:20.098+0900] {taskinstance.py:2614} INFO - Dependencies all met for dep_context=requeueable deps ti=<TaskInstance: lilt_document_classifier_balanced_V0.1.img_preprocess_task manual__2025-06-24T02:31:44.485922+00:00 map_index=65 [queued]>
[2025-06-24T11:49:20.133+0900] {taskinstance.py:2867} INFO - Starting attempt 1 of 1
[2025-06-24T11:49:20.194+0900] {taskinstance.py:2890} INFO - Executing <Mapped(_PythonDecoratedOperator): img_preprocess_task> on 2025-06-24 02:31:44.485922+00:00
[2025-06-24T11:49:20.303+0900] {warnings.py:112} WARNING - /home/***/.local/lib/python3.12/site-packages/***/task/task_runner/standard_task_runner.py:70: DeprecationWarning: This process (pid=36156) is multi-threaded, use of fork() may lead to deadlocks in the child.
  pid = os.fork()

[2025-06-24T11:49:20.331+0900] {standard_task_runner.py:104} INFO - Running: ['***', 'tasks', 'run', 'lilt_document_classifier_balanced_V0.1', 'img_preprocess_task', 'manual__2025-06-24T02:31:44.485922+00:00', '--job-id', '3869', '--raw', '--subdir', 'DAGS_FOLDER/class_create_dag.py', '--cfg-path', '/tmp/tmp6c8q73nl', '--map-index', '65']
[2025-06-24T11:49:20.400+0900] {standard_task_runner.py:72} INFO - Started process 36165 to run task
[2025-06-24T11:49:20.450+0900] {standard_task_runner.py:105} INFO - Job 3869: Subtask img_preprocess_task
[2025-06-24T11:49:20.562+0900] {task_command.py:467} INFO - Running <TaskInstance: lilt_document_classifier_balanced_V0.1.img_preprocess_task manual__2025-06-24T02:31:44.485922+00:00 map_index=65 [running]> on host f6d4228a9eb8
[2025-06-24T11:49:20.705+0900] {taskinstance.py:3134} INFO - Exporting env vars: AIRFLOW_CTX_DAG_OWNER='***' AIRFLOW_CTX_DAG_ID='lilt_document_classifier_balanced_V0.1' AIRFLOW_CTX_TASK_ID='img_preprocess_task' AIRFLOW_CTX_EXECUTION_DATE='2025-06-24T02:31:44.485922+00:00' AIRFLOW_CTX_TRY_NUMBER='1' AIRFLOW_CTX_DAG_RUN_ID='manual__2025-06-24T02:31:44.485922+00:00'
[2025-06-24T11:49:20.711+0900] {taskinstance.py:732} INFO - ::endgroup::
[2025-06-24T11:49:20.717+0900] {logging_mixin.py:190} INFO - empty map check {} {'process_id': '_8cf6bc5c-ec6b-4278-a6ee-be582b1316e0_pre', 'folder_path': '35758895-f9f0-489e-8b14-8663525964b3/8cf6bc5c-ec6b-4278-a6ee-be582b1316e0', 'step_list': [{'name': 'cache', 'param': {'key': 'origin'}}, {'name': 'calc_angle_set2', 'param': {'key': 'angle1', 'iterations': 4, 'iter_save': True}}, {'name': 'save', 'param': {'key': 'ag1'}}, {'name': 'text_orientation_set', 'param': {'key': 'angle2', 'iterations': 4, 'iter_save': True}}, {'name': 'save', 'param': {'key': 'ag2'}}, {'name': 'load', 'param': {'key': 'origin'}}, {'name': 'rotate', 'param': {'key': 'angle1'}}, {'name': 'rotate', 'param': {'key': 'angle2'}}], 'result_file_map': {}}
[2025-06-24T11:49:20.722+0900] {logging_mixin.py:190} INFO - step : cache
[2025-06-24T11:49:20.728+0900] {logging_mixin.py:190} INFO - step : calc_angle_set2
[2025-06-24T11:49:57.110+0900] {logging_mixin.py:190} INFO - osd 1 -5.0 -5.0 0 752433 [752433, 712432, 670881, 629289, 588663, 549075, 510012, 471820, 434979, 397604, 364823, 332310, 300500, 270698, 244321, 215463, 186734, 158117, 129631, 101721, 75434, 101736, 130089, 158178, 186792, 215521, 243952, 270790, 300219, 332103, 364157, 397001, 434741, 471015, 508811, 547678, 588775, 628636, 671134, 712840, 752204]
[2025-06-24T11:50:38.957+0900] {logging_mixin.py:190} INFO - osd 2 0.0 5.0 40 1952118 [1735487, 1680900, 1630601, 1577585, 1522987, 1471795, 1421961, 1368188, 1318949, 1262632, 1214105, 1162680, 1111655, 1063360, 1010007, 960340, 908056, 859404, 814213, 763648, 716967, 768574, 824205, 875670, 930225, 989233, 1046509, 1109677, 1167668, 1231840, 1297281, 1360281, 1431472, 1496578, 1565328, 1630136, 1694764, 1763009, 1827724, 1889091, 1952118]
[2025-06-24T11:51:24.475+0900] {logging_mixin.py:190} INFO - osd 3 5.0 5.0 40 3185658 [3184926, 3119491, 3058081, 2993805, 2932706, 2867998, 2807423, 2740384, 2676432, 2613697, 2550868, 2488096, 2422073, 2359312, 2293641, 2230906, 2164738, 2099248, 2033674, 1968451, 1904753, 1964960, 2027029, 2088622, 2150977, 2213497, 2273013, 2336033, 2395591, 2459514, 2520423, 2579990, 2641215, 2702267, 2766213, 2833343, 2906327, 2974460, 3046257, 3113048, 3185658]
[2025-06-24T11:52:22.988+0900] {logging_mixin.py:190} INFO - osd 4 0.0 -5.0 0 5035151 [5035151, 4939151, 4844876, 4749835, 4654441, 4559911, 4460804, 4363168, 4269028, 4171625, 4077192, 3977228, 3883644, 3783563, 3687475, 3591763, 3495128, 3396170, 3297371, 3199151, 3109241, 3181141, 3260922, 3342158, 3425152, 3505518, 3587513, 3669364, 3758097, 3838169, 3927414, 4009801, 4098292, 4181127, 4270181, 4360999, 4445977, 4533588, 4621632, 4710102, 4799970]
[2025-06-24T11:52:23.378+0900] {logging_mixin.py:190} INFO - step : save
[2025-06-24T11:52:24.352+0900] {logging_mixin.py:190} INFO - file_copy: /opt/***/data/temp/35758895-f9f0-489e-8b14-8663525964b3/8cf6bc5c-ec6b-4278-a6ee-be582b1316e0/ag1.png
[2025-06-24T11:52:24.466+0900] {logging_mixin.py:190} INFO - step : text_orientation_set
[2025-06-24T11:52:38.231+0900] {logging_mixin.py:190} INFO - file_copy: /opt/***/data/temp/35758895-f9f0-489e-8b14-8663525964b3/8cf6bc5c-ec6b-4278-a6ee-be582b1316e0/rotate2_1.png
[2025-06-24T11:52:42.877+0900] {logging_mixin.py:190} INFO - osd 1 break  0 0 9.1 Korean 0.89
[2025-06-24T11:52:42.889+0900] {logging_mixin.py:190} INFO - step : save
[2025-06-24T11:52:46.554+0900] {logging_mixin.py:190} INFO - file_copy: /opt/***/data/temp/35758895-f9f0-489e-8b14-8663525964b3/8cf6bc5c-ec6b-4278-a6ee-be582b1316e0/ag2.png
[2025-06-24T11:52:46.597+0900] {logging_mixin.py:190} INFO - step : load
[2025-06-24T11:52:46.597+0900] {logging_mixin.py:190} INFO - step : rotate
[2025-06-24T11:52:46.685+0900] {logging_mixin.py:190} INFO - step : rotate
[2025-06-24T11:52:47.055+0900] {logging_mixin.py:190} INFO - file_copy: /opt/***/data/temp/35758895-f9f0-489e-8b14-8663525964b3/8cf6bc5c-ec6b-4278-a6ee-be582b1316e0/_result.png
[2025-06-24T11:52:47.078+0900] {python.py:240} INFO - Done. Returned value was: {'file_id': '35758895-f9f0-489e-8b14-8663525964b3', 'file_path': '/opt/***/data/class/a_class/classify/ready/true/유동 학정빌딩 - 정부24 - 건축물대장 등본(초본) 발급(열람) _ 문서출력_page_1_aug1.png', 'true': {'process_id': '_8cf6bc5c-ec6b-4278-a6ee-be582b1316e0_pre', 'folder_path': '35758895-f9f0-489e-8b14-8663525964b3/8cf6bc5c-ec6b-4278-a6ee-be582b1316e0', 'step_list': [{'name': 'cache', 'param': {'key': 'origin'}}, {'name': 'calc_angle_set2', 'param': {'key': 'angle1', 'iterations': 4, 'iter_save': True}}, {'name': 'save', 'param': {'key': 'ag1'}}, {'name': 'text_orientation_set', 'param': {'key': 'angle2', 'iterations': 4, 'iter_save': True}}, {'name': 'save', 'param': {'key': 'ag2'}}, {'name': 'load', 'param': {'key': 'origin'}}, {'name': 'rotate', 'param': {'key': 'angle1'}}, {'name': 'rotate', 'param': {'key': 'angle2'}}], 'result_file_map': {'ag1': '/opt/***/data/temp/35758895-f9f0-489e-8b14-8663525964b3/8cf6bc5c-ec6b-4278-a6ee-be582b1316e0/ag1.png', 'rotate2_1': '/opt/***/data/temp/35758895-f9f0-489e-8b14-8663525964b3/8cf6bc5c-ec6b-4278-a6ee-be582b1316e0/rotate2_1.png', 'ag2': '/opt/***/data/temp/35758895-f9f0-489e-8b14-8663525964b3/8cf6bc5c-ec6b-4278-a6ee-be582b1316e0/ag2.png', '_result': '/opt/***/data/temp/35758895-f9f0-489e-8b14-8663525964b3/8cf6bc5c-ec6b-4278-a6ee-be582b1316e0/_result.png'}}}
[2025-06-24T11:52:47.128+0900] {taskinstance.py:341} INFO - ::group::Post task execution logs
[2025-06-24T11:52:47.130+0900] {taskinstance.py:353} INFO - Marking task as SUCCESS. dag_id=lilt_document_classifier_balanced_V0.1, task_id=img_preprocess_task, run_id=manual__2025-06-24T02:31:44.485922+00:00, map_index=65, execution_date=20250624T023144, start_date=20250624T024919, end_date=20250624T025247
[2025-06-24T11:52:47.311+0900] {local_task_job_runner.py:266} INFO - Task exited with return code 0
[2025-06-24T11:52:47.358+0900] {taskinstance.py:3901} INFO - 0 downstream tasks scheduled from follow-on schedule check
[2025-06-24T11:52:47.366+0900] {local_task_job_runner.py:245} INFO - ::endgroup::
