[2025-06-09T05:05:16.802+0000] {local_task_job_runner.py:123} INFO - ::group::Pre task execution logs
[2025-06-09T05:05:16.826+0000] {taskinstance.py:2614} INFO - Dependencies all met for dep_context=non-requeueable deps ti=<TaskInstance: image_ocr_v2.img_preprocess_task manual__2025-06-09T05:05:07.726016+00:00 map_index=0 [queued]>
[2025-06-09T05:05:16.837+0000] {taskinstance.py:2614} INFO - Dependencies all met for dep_context=requeueable deps ti=<TaskInstance: image_ocr_v2.img_preprocess_task manual__2025-06-09T05:05:07.726016+00:00 map_index=0 [queued]>
[2025-06-09T05:05:16.837+0000] {taskinstance.py:2867} INFO - Starting attempt 1 of 1
[2025-06-09T05:05:16.854+0000] {taskinstance.py:2890} INFO - Executing <Mapped(_PythonDecoratedOperator): img_preprocess_task> on 2025-06-09 05:05:07.726016+00:00
[2025-06-09T05:05:16.861+0000] {warnings.py:112} WARNING - /home/***/.local/lib/python3.12/site-packages/***/task/task_runner/standard_task_runner.py:70: DeprecationWarning: This process (pid=2382) is multi-threaded, use of fork() may lead to deadlocks in the child.
  pid = os.fork()

[2025-06-09T05:05:16.863+0000] {standard_task_runner.py:72} INFO - Started process 2392 to run task
[2025-06-09T05:05:16.863+0000] {standard_task_runner.py:104} INFO - Running: ['***', 'tasks', 'run', 'image_ocr_v2', 'img_preprocess_task', 'manual__2025-06-09T05:05:07.726016+00:00', '--job-id', '61', '--raw', '--subdir', 'DAGS_FOLDER/test_dag.py', '--cfg-path', '/tmp/tmpc07di__j', '--map-index', '0']
[2025-06-09T05:05:16.866+0000] {standard_task_runner.py:105} INFO - Job 61: Subtask img_preprocess_task
[2025-06-09T05:05:16.908+0000] {task_command.py:467} INFO - Running <TaskInstance: image_ocr_v2.img_preprocess_task manual__2025-06-09T05:05:07.726016+00:00 map_index=0 [running]> on host 85194d6fbd18
[2025-06-09T05:05:16.999+0000] {taskinstance.py:3134} INFO - Exporting env vars: AIRFLOW_CTX_DAG_OWNER='***' AIRFLOW_CTX_DAG_ID='image_ocr_v2' AIRFLOW_CTX_TASK_ID='img_preprocess_task' AIRFLOW_CTX_EXECUTION_DATE='2025-06-09T05:05:07.726016+00:00' AIRFLOW_CTX_TRY_NUMBER='1' AIRFLOW_CTX_DAG_RUN_ID='manual__2025-06-09T05:05:07.726016+00:00'
[2025-06-09T05:05:17.000+0000] {taskinstance.py:732} INFO - ::endgroup::
[2025-06-09T05:05:17.003+0000] {logging_mixin.py:190} INFO - empty map check {} {'process_id': '1de2a614-eb77-4c23-a54f-5b7505f14d03', 'folder_path': '9d95551b-8877-4e41-9227-fa3fd0994c8a/1de2a614-eb77-4c23-a54f-5b7505f14d03', 'step_list': [{'name': 'gray1', 'param': {}}, {'name': 'cache', 'param': {'key': 'gray1'}}, {'name': 'binary2', 'param': {}}, {'name': 'calc_angle1', 'param': {'key': 'angle1'}}, {'name': 'load', 'param': {'key': 'gray1'}}, {'name': 'rotate', 'param': {'key': 'angle1'}}, {'name': 'cache', 'param': {'key': 'rotate1'}}, {'name': 'save', 'param': {'key': 'rotate1'}}, {'name': 'binary2', 'param': {}}, {'name': 'calc_angle2', 'param': {'key': 'angle2'}}, {'name': 'load', 'param': {'key': 'rotate1'}}, {'name': 'rotate', 'param': {'key': 'angle2'}}, {'name': 'save', 'param': {'key': 'rotate2'}}, {'name': 'scale1', 'param': {'width': 500, 'height': 500}}, {'name': 'binary2', 'param': {}}, {'name': 'morphology1', 'param': {}}, {'name': 'save', 'param': {'key': 'classify_preprocess'}}], 'result_file_list': []}
[2025-06-09T05:05:17.003+0000] {logging_mixin.py:190} INFO - step : gray1
[2025-06-09T05:05:17.035+0000] {logging_mixin.py:190} INFO - step : cache
[2025-06-09T05:05:17.170+0000] {logging_mixin.py:190} INFO - step : binary2
[2025-06-09T05:05:17.201+0000] {logging_mixin.py:190} INFO - step : calc_angle1
[2025-06-09T05:05:17.278+0000] {logging_mixin.py:190} INFO - step : load
[2025-06-09T05:05:17.279+0000] {logging_mixin.py:190} INFO - step : rotate
[2025-06-09T05:05:17.339+0000] {logging_mixin.py:190} INFO - step : cache
[2025-06-09T05:05:17.575+0000] {logging_mixin.py:190} INFO - step : save
[2025-06-09T05:05:17.575+0000] {logging_mixin.py:190} INFO - file_copy: /opt/***/data/temp/18c77fe4-96e3-4d20-b110-65cd6c7ef047.png /opt/***/data/result/9d95551b-8877-4e41-9227-fa3fd0994c8a/1de2a614-eb77-4c23-a54f-5b7505f14d03/rotate1.png
[2025-06-09T05:05:17.590+0000] {logging_mixin.py:190} INFO - step : binary2
[2025-06-09T05:05:17.660+0000] {logging_mixin.py:190} INFO - step : calc_angle2
[2025-06-09T05:05:18.755+0000] {logging_mixin.py:190} INFO - step : load
[2025-06-09T05:05:18.756+0000] {logging_mixin.py:190} INFO - step : rotate
[2025-06-09T05:05:18.866+0000] {logging_mixin.py:190} INFO - step : save
[2025-06-09T05:05:19.105+0000] {logging_mixin.py:190} INFO - file_copy: /opt/***/data/temp/d6f379a3-a0b1-48e6-948e-4e834a4a4f82.png /opt/***/data/result/9d95551b-8877-4e41-9227-fa3fd0994c8a/1de2a614-eb77-4c23-a54f-5b7505f14d03/rotate2.png
[2025-06-09T05:05:19.117+0000] {logging_mixin.py:190} INFO - step : scale1
[2025-06-09T05:05:19.183+0000] {logging_mixin.py:190} INFO - step : binary2
[2025-06-09T05:05:19.184+0000] {logging_mixin.py:190} INFO - step : morphology1
[2025-06-09T05:05:19.186+0000] {logging_mixin.py:190} INFO - step : save
[2025-06-09T05:05:19.191+0000] {logging_mixin.py:190} INFO - file_copy: /opt/***/data/temp/26f3edb5-df0c-4576-8920-865c0e70d7dc.png /opt/***/data/result/9d95551b-8877-4e41-9227-fa3fd0994c8a/1de2a614-eb77-4c23-a54f-5b7505f14d03/classify_preprocess.png
[2025-06-09T05:05:19.204+0000] {python.py:240} INFO - Done. Returned value was: {'file_id': '9d95551b-8877-4e41-9227-fa3fd0994c8a', 'file_path': '/opt/***/data/upload/Gas Engine 점검일지_ 2021년 2월.pdf-image-011.jpg', 'preprocess_list': [{'process_id': '1de2a614-eb77-4c23-a54f-5b7505f14d03', 'folder_path': '9d95551b-8877-4e41-9227-fa3fd0994c8a/1de2a614-eb77-4c23-a54f-5b7505f14d03', 'step_list': [{'name': 'gray1', 'param': {}}, {'name': 'cache', 'param': {'key': 'gray1'}}, {'name': 'binary2', 'param': {}}, {'name': 'calc_angle1', 'param': {'key': 'angle1'}}, {'name': 'load', 'param': {'key': 'gray1'}}, {'name': 'rotate', 'param': {'key': 'angle1'}}, {'name': 'cache', 'param': {'key': 'rotate1'}}, {'name': 'save', 'param': {'key': 'rotate1'}}, {'name': 'binary2', 'param': {}}, {'name': 'calc_angle2', 'param': {'key': 'angle2'}}, {'name': 'load', 'param': {'key': 'rotate1'}}, {'name': 'rotate', 'param': {'key': 'angle2'}}, {'name': 'save', 'param': {'key': 'rotate2'}}, {'name': 'scale1', 'param': {'width': 500, 'height': 500}}, {'name': 'binary2', 'param': {}}, {'name': 'morphology1', 'param': {}}, {'name': 'save', 'param': {'key': 'classify_preprocess'}}], 'result_file_list': [{'rotate1': '/opt/***/data/result/9d95551b-8877-4e41-9227-fa3fd0994c8a/1de2a614-eb77-4c23-a54f-5b7505f14d03/rotate1.png'}, {'rotate2': '/opt/***/data/result/9d95551b-8877-4e41-9227-fa3fd0994c8a/1de2a614-eb77-4c23-a54f-5b7505f14d03/rotate2.png'}, {'classify_preprocess': '/opt/***/data/result/9d95551b-8877-4e41-9227-fa3fd0994c8a/1de2a614-eb77-4c23-a54f-5b7505f14d03/classify_preprocess.png'}]}]}
[2025-06-09T05:05:19.233+0000] {taskinstance.py:341} INFO - ::group::Post task execution logs
[2025-06-09T05:05:19.233+0000] {taskinstance.py:353} INFO - Marking task as SUCCESS. dag_id=image_ocr_v2, task_id=img_preprocess_task, run_id=manual__2025-06-09T05:05:07.726016+00:00, map_index=0, execution_date=20250609T050507, start_date=20250609T050516, end_date=20250609T050519
[2025-06-09T05:05:19.268+0000] {local_task_job_runner.py:266} INFO - Task exited with return code 0
[2025-06-09T05:05:19.287+0000] {taskinstance.py:3901} INFO - 0 downstream tasks scheduled from follow-on schedule check
[2025-06-09T05:05:19.289+0000] {local_task_job_runner.py:245} INFO - ::endgroup::
