[2025-06-25T18:39:17.902+0900] {local_task_job_runner.py:123} INFO - ::group::Pre task execution logs
[2025-06-25T18:39:18.031+0900] {taskinstance.py:2614} INFO - Dependencies all met for dep_context=non-requeueable deps ti=<TaskInstance: lilt_document_classifier_balanced_V0.1.img_preprocess_task manual__2025-06-25T09:28:52.715795+00:00 map_index=57 [queued]>
[2025-06-25T18:39:18.096+0900] {taskinstance.py:2614} INFO - Dependencies all met for dep_context=requeueable deps ti=<TaskInstance: lilt_document_classifier_balanced_V0.1.img_preprocess_task manual__2025-06-25T09:28:52.715795+00:00 map_index=57 [queued]>
[2025-06-25T18:39:18.107+0900] {taskinstance.py:2867} INFO - Starting attempt 1 of 1
[2025-06-25T18:39:18.173+0900] {taskinstance.py:2890} INFO - Executing <Mapped(_PythonDecoratedOperator): img_preprocess_task> on 2025-06-25 09:28:52.715795+00:00
[2025-06-25T18:39:18.265+0900] {warnings.py:112} WARNING - /home/***/.local/lib/python3.12/site-packages/***/task/task_runner/standard_task_runner.py:70: DeprecationWarning: This process (pid=3090) is multi-threaded, use of fork() may lead to deadlocks in the child.
  pid = os.fork()

[2025-06-25T18:39:18.270+0900] {standard_task_runner.py:72} INFO - Started process 3207 to run task
[2025-06-25T18:39:18.268+0900] {standard_task_runner.py:104} INFO - Running: ['***', 'tasks', 'run', 'lilt_document_classifier_balanced_V0.1', 'img_preprocess_task', 'manual__2025-06-25T09:28:52.715795+00:00', '--job-id', '5448', '--raw', '--subdir', 'DAGS_FOLDER/class_create_dag.py', '--cfg-path', '/tmp/tmp324rd2ms', '--map-index', '57']
[2025-06-25T18:39:18.276+0900] {standard_task_runner.py:105} INFO - Job 5448: Subtask img_preprocess_task
[2025-06-25T18:39:18.362+0900] {task_command.py:467} INFO - Running <TaskInstance: lilt_document_classifier_balanced_V0.1.img_preprocess_task manual__2025-06-25T09:28:52.715795+00:00 map_index=57 [running]> on host f6d4228a9eb8
[2025-06-25T18:39:20.077+0900] {taskinstance.py:3134} INFO - Exporting env vars: AIRFLOW_CTX_DAG_OWNER='***' AIRFLOW_CTX_DAG_ID='lilt_document_classifier_balanced_V0.1' AIRFLOW_CTX_TASK_ID='img_preprocess_task' AIRFLOW_CTX_EXECUTION_DATE='2025-06-25T09:28:52.715795+00:00' AIRFLOW_CTX_TRY_NUMBER='1' AIRFLOW_CTX_DAG_RUN_ID='manual__2025-06-25T09:28:52.715795+00:00'
[2025-06-25T18:39:20.078+0900] {taskinstance.py:732} INFO - ::endgroup::
[2025-06-25T18:39:20.086+0900] {logging_mixin.py:190} INFO - empty map check {} {}
[2025-06-25T18:39:20.104+0900] {logging_mixin.py:190} INFO - step : cache
[2025-06-25T18:39:20.114+0900] {logging_mixin.py:190} INFO - step : calc_angle_set2
[2025-06-25T18:39:27.854+0900] {logging_mixin.py:190} INFO - osd 1 0 0 0 0 [0, 0, 0, 0, 0, 0, 0, 0, 0, 0, 0]
[2025-06-25T18:39:34.551+0900] {logging_mixin.py:190} INFO - osd 2 0 0 0 0 [0, 0, 0, 0, 0, 0, 0, 0, 0, 0, 0]
[2025-06-25T18:39:34.613+0900] {logging_mixin.py:190} INFO - step : calc_angle_set2
[2025-06-25T18:39:44.977+0900] {logging_mixin.py:190} INFO - osd 1 -4.0 -4.0 4 101298 [0, 0, 0, 6417, 101298, 58140, 0, 0, 0, 0, 0, 0, 0, 0, 0, 0, 0]
[2025-06-25T18:39:56.944+0900] {logging_mixin.py:190} INFO - osd 2 -4.0 0.0 8 91930 [0, 0, 0, 0, 0, 0, 0, 2397, 91930, 53257, 0, 0, 0, 0, 0, 0, 0]
[2025-06-25T18:39:57.065+0900] {logging_mixin.py:190} INFO - step : calc_angle_set2
[2025-06-25T18:40:07.840+0900] {logging_mixin.py:190} INFO - osd 1 0.25 0.25 10 176493 [2397, 8605, 18490, 30720, 42692, 55056, 67582, 80003, 91930, 136261, 176493, 170231, 128991, 91246, 77788, 65834, 53257]
[2025-06-25T18:40:17.579+0900] {logging_mixin.py:190} INFO - osd 2 0.25 0.0 8 178036 [21059, 33162, 45617, 57853, 70657, 82256, 97017, 141005, 178036, 177418, 134288, 94769, 80824, 68230, 56232, 43867, 31624]
[2025-06-25T18:40:17.765+0900] {logging_mixin.py:190} INFO - step : text_orientation_set
[2025-06-25T18:40:29.756+0900] {logging_mixin.py:190} INFO - osd 1 break  0 0 11.7 Korean 0.75
[2025-06-25T18:40:30.307+0900] {logging_mixin.py:190} INFO - file_copy: /opt/***/data/temp/87ed22b0-695e-485e-b746-e2fcfd27409b/91dd3f2f-33e0-4263-abb3-31535c281730/_result.png
[2025-06-25T18:40:30.327+0900] {python.py:240} INFO - Done. Returned value was: {'file_id': '87ed22b0-695e-485e-b746-e2fcfd27409b', 'file_path': '/opt/***/data/class/a_class/classify/ready/true/종로 우성빌딩 - 정부24 - 건축물대장 등본(초본) 발급(열람) _ 문서출력_page_1_aug0.png', 'true': {'process_id': '_91dd3f2f-33e0-4263-abb3-31535c281730_pre', 'folder_path': '87ed22b0-695e-485e-b746-e2fcfd27409b/91dd3f2f-33e0-4263-abb3-31535c281730', 'step_list': [{'name': 'cache', 'param': {'cache_key': 'origin'}}, {'name': 'calc_angle_set2', 'param': {'angle_key': 'angle2_1', 'delta': 8.0, 'limit': 40, 'iterations': 2, 'iter_save': False}}, {'name': 'calc_angle_set2', 'param': {'angle_key': 'angle2_2', 'delta': 1.0, 'limit': 8, 'iterations': 2, 'iter_save': False}}, {'name': 'calc_angle_set2', 'param': {'angle_key': 'angle2_3', 'delta': 0.125, 'limit': 1, 'iterations': 2, 'iter_save': False}}, {'name': 'text_orientation_set', 'param': {'angle_key': 'orint', 'iterations': 3, 'iter_save': False}}], 'result_file_map': {'_result': '/opt/***/data/temp/87ed22b0-695e-485e-b746-e2fcfd27409b/91dd3f2f-33e0-4263-abb3-31535c281730/_result.png'}}}
[2025-06-25T18:40:30.377+0900] {taskinstance.py:341} INFO - ::group::Post task execution logs
[2025-06-25T18:40:30.379+0900] {taskinstance.py:353} INFO - Marking task as SUCCESS. dag_id=lilt_document_classifier_balanced_V0.1, task_id=img_preprocess_task, run_id=manual__2025-06-25T09:28:52.715795+00:00, map_index=57, execution_date=20250625T092852, start_date=20250625T093918, end_date=20250625T094030
[2025-06-25T18:40:30.650+0900] {local_task_job_runner.py:266} INFO - Task exited with return code 0
[2025-06-25T18:40:30.805+0900] {taskinstance.py:3901} INFO - 0 downstream tasks scheduled from follow-on schedule check
[2025-06-25T18:40:30.833+0900] {local_task_job_runner.py:245} INFO - ::endgroup::
