[2025-06-24T11:54:21.583+0900] {local_task_job_runner.py:123} INFO - ::group::Pre task execution logs
[2025-06-24T11:54:21.736+0900] {taskinstance.py:2614} INFO - Dependencies all met for dep_context=non-requeueable deps ti=<TaskInstance: lilt_document_classifier_balanced_V0.1.img_preprocess_task__1 manual__2025-06-24T02:31:44.485922+00:00 map_index=83 [queued]>
[2025-06-24T11:54:21.815+0900] {taskinstance.py:2614} INFO - Dependencies all met for dep_context=requeueable deps ti=<TaskInstance: lilt_document_classifier_balanced_V0.1.img_preprocess_task__1 manual__2025-06-24T02:31:44.485922+00:00 map_index=83 [queued]>
[2025-06-24T11:54:21.817+0900] {taskinstance.py:2867} INFO - Starting attempt 1 of 1
[2025-06-24T11:54:21.844+0900] {taskinstance.py:2890} INFO - Executing <Mapped(_PythonDecoratedOperator): img_preprocess_task__1> on 2025-06-24 02:31:44.485922+00:00
[2025-06-24T11:54:21.878+0900] {warnings.py:112} WARNING - /home/***/.local/lib/python3.12/site-packages/***/task/task_runner/standard_task_runner.py:70: DeprecationWarning: This process (pid=36899) is multi-threaded, use of fork() may lead to deadlocks in the child.
  pid = os.fork()

[2025-06-24T11:54:21.883+0900] {standard_task_runner.py:72} INFO - Started process 36910 to run task
[2025-06-24T11:54:21.922+0900] {standard_task_runner.py:104} INFO - Running: ['***', 'tasks', 'run', 'lilt_document_classifier_balanced_V0.1', 'img_preprocess_task__1', 'manual__2025-06-24T02:31:44.485922+00:00', '--job-id', '3905', '--raw', '--subdir', 'DAGS_FOLDER/class_create_dag.py', '--cfg-path', '/tmp/tmpim3eg38m', '--map-index', '83']
[2025-06-24T11:54:21.945+0900] {standard_task_runner.py:105} INFO - Job 3905: Subtask img_preprocess_task__1
[2025-06-24T11:54:22.077+0900] {task_command.py:467} INFO - Running <TaskInstance: lilt_document_classifier_balanced_V0.1.img_preprocess_task__1 manual__2025-06-24T02:31:44.485922+00:00 map_index=83 [running]> on host f6d4228a9eb8
[2025-06-24T11:54:22.445+0900] {taskinstance.py:3134} INFO - Exporting env vars: AIRFLOW_CTX_DAG_OWNER='***' AIRFLOW_CTX_DAG_ID='lilt_document_classifier_balanced_V0.1' AIRFLOW_CTX_TASK_ID='img_preprocess_task__1' AIRFLOW_CTX_EXECUTION_DATE='2025-06-24T02:31:44.485922+00:00' AIRFLOW_CTX_TRY_NUMBER='1' AIRFLOW_CTX_DAG_RUN_ID='manual__2025-06-24T02:31:44.485922+00:00'
[2025-06-24T11:54:22.477+0900] {taskinstance.py:732} INFO - ::endgroup::
[2025-06-24T11:54:22.488+0900] {logging_mixin.py:190} INFO - empty map check {} {'process_id': '_b9b0cea4-4a55-4ada-81ea-85caf050f49f_pre', 'folder_path': '90490375-e36f-41cd-a271-46c61275e36f/b9b0cea4-4a55-4ada-81ea-85caf050f49f', 'step_list': [{'name': 'cache', 'param': {'key': 'origin'}}, {'name': 'calc_angle_set2', 'param': {'key': 'angle1', 'iterations': 4, 'iter_save': True}}, {'name': 'save', 'param': {'key': 'ag1'}}, {'name': 'text_orientation_set', 'param': {'key': 'angle2', 'iterations': 4, 'iter_save': True}}, {'name': 'save', 'param': {'key': 'ag2'}}, {'name': 'load', 'param': {'key': 'origin'}}, {'name': 'rotate', 'param': {'key': 'angle1'}}, {'name': 'rotate', 'param': {'key': 'angle2'}}], 'result_file_map': {}}
[2025-06-24T11:54:22.519+0900] {logging_mixin.py:190} INFO - step : cache
[2025-06-24T11:54:22.523+0900] {logging_mixin.py:190} INFO - step : calc_angle_set2
[2025-06-24T11:54:28.493+0900] {logging_mixin.py:190} INFO - osd 1 0.0 0.0 20 16262 [10034, 10269, 10586, 10894, 11579, 11607, 12059, 12454, 12774, 13207, 13528, 14109, 14315, 14753, 15152, 15020, 15409, 15092, 15138, 15668, 16262, 14621, 14084, 13745, 13676, 12973, 12870, 12448, 12233, 11790, 11568, 10579, 10646, 10428, 10586, 9907, 9594, 10100, 9696, 9425, 9212]
[2025-06-24T11:54:37.554+0900] {logging_mixin.py:190} INFO - osd 2 0.0 0.0 20 16262 [10034, 10269, 10586, 10894, 11579, 11607, 12059, 12454, 12774, 13207, 13528, 14109, 14315, 14753, 15152, 15020, 15409, 15092, 15138, 15668, 16262, 14621, 14084, 13745, 13676, 12973, 12870, 12448, 12233, 11790, 11568, 10579, 10646, 10428, 10586, 9907, 9594, 10100, 9696, 9425, 9212]
[2025-06-24T11:54:42.906+0900] {logging_mixin.py:190} INFO - osd 3 0.0 0.0 20 16262 [10034, 10269, 10586, 10894, 11579, 11607, 12059, 12454, 12774, 13207, 13528, 14109, 14315, 14753, 15152, 15020, 15409, 15092, 15138, 15668, 16262, 14621, 14084, 13745, 13676, 12973, 12870, 12448, 12233, 11790, 11568, 10579, 10646, 10428, 10586, 9907, 9594, 10100, 9696, 9425, 9212]
[2025-06-24T11:54:48.257+0900] {logging_mixin.py:190} INFO - osd 4 0.0 0.0 20 16262 [10034, 10269, 10586, 10894, 11579, 11607, 12059, 12454, 12774, 13207, 13528, 14109, 14315, 14753, 15152, 15020, 15409, 15092, 15138, 15668, 16262, 14621, 14084, 13745, 13676, 12973, 12870, 12448, 12233, 11790, 11568, 10579, 10646, 10428, 10586, 9907, 9594, 10100, 9696, 9425, 9212]
[2025-06-24T11:54:48.287+0900] {logging_mixin.py:190} INFO - step : save
[2025-06-24T11:54:48.492+0900] {logging_mixin.py:190} INFO - file_copy: /opt/***/data/temp/90490375-e36f-41cd-a271-46c61275e36f/b9b0cea4-4a55-4ada-81ea-85caf050f49f/ag1.png
[2025-06-24T11:54:48.538+0900] {logging_mixin.py:190} INFO - step : text_orientation_set
[2025-06-24T11:54:52.568+0900] {logging_mixin.py:190} INFO - file_copy: /opt/***/data/temp/90490375-e36f-41cd-a271-46c61275e36f/b9b0cea4-4a55-4ada-81ea-85caf050f49f/rotate2_1.png
[2025-06-24T11:54:56.882+0900] {logging_mixin.py:190} INFO - osd 1 break  0 0 1.54 Latin 3.75
[2025-06-24T11:54:56.884+0900] {logging_mixin.py:190} INFO - step : save
[2025-06-24T11:54:57.065+0900] {logging_mixin.py:190} INFO - file_copy: /opt/***/data/temp/90490375-e36f-41cd-a271-46c61275e36f/b9b0cea4-4a55-4ada-81ea-85caf050f49f/ag2.png
[2025-06-24T11:54:57.078+0900] {logging_mixin.py:190} INFO - step : load
[2025-06-24T11:54:57.078+0900] {logging_mixin.py:190} INFO - step : rotate
[2025-06-24T11:54:57.090+0900] {logging_mixin.py:190} INFO - step : rotate
[2025-06-24T11:54:57.235+0900] {logging_mixin.py:190} INFO - file_copy: /opt/***/data/temp/90490375-e36f-41cd-a271-46c61275e36f/b9b0cea4-4a55-4ada-81ea-85caf050f49f/_result.png
[2025-06-24T11:54:57.260+0900] {python.py:240} INFO - Done. Returned value was: {'file_id': '90490375-e36f-41cd-a271-46c61275e36f', 'file_path': '/opt/***/data/class/a_class/classify/ready/false/copied_45_50535465-5465.png', 'false': {'process_id': '_b9b0cea4-4a55-4ada-81ea-85caf050f49f_pre', 'folder_path': '90490375-e36f-41cd-a271-46c61275e36f/b9b0cea4-4a55-4ada-81ea-85caf050f49f', 'step_list': [{'name': 'cache', 'param': {'key': 'origin'}}, {'name': 'calc_angle_set2', 'param': {'key': 'angle1', 'iterations': 4, 'iter_save': True}}, {'name': 'save', 'param': {'key': 'ag1'}}, {'name': 'text_orientation_set', 'param': {'key': 'angle2', 'iterations': 4, 'iter_save': True}}, {'name': 'save', 'param': {'key': 'ag2'}}, {'name': 'load', 'param': {'key': 'origin'}}, {'name': 'rotate', 'param': {'key': 'angle1'}}, {'name': 'rotate', 'param': {'key': 'angle2'}}], 'result_file_map': {'ag1': '/opt/***/data/temp/90490375-e36f-41cd-a271-46c61275e36f/b9b0cea4-4a55-4ada-81ea-85caf050f49f/ag1.png', 'rotate2_1': '/opt/***/data/temp/90490375-e36f-41cd-a271-46c61275e36f/b9b0cea4-4a55-4ada-81ea-85caf050f49f/rotate2_1.png', 'ag2': '/opt/***/data/temp/90490375-e36f-41cd-a271-46c61275e36f/b9b0cea4-4a55-4ada-81ea-85caf050f49f/ag2.png', '_result': '/opt/***/data/temp/90490375-e36f-41cd-a271-46c61275e36f/b9b0cea4-4a55-4ada-81ea-85caf050f49f/_result.png'}}}
[2025-06-24T11:54:57.408+0900] {taskinstance.py:341} INFO - ::group::Post task execution logs
[2025-06-24T11:54:57.412+0900] {taskinstance.py:353} INFO - Marking task as SUCCESS. dag_id=lilt_document_classifier_balanced_V0.1, task_id=img_preprocess_task__1, run_id=manual__2025-06-24T02:31:44.485922+00:00, map_index=83, execution_date=20250624T023144, start_date=20250624T025421, end_date=20250624T025457
[2025-06-24T11:54:57.700+0900] {local_task_job_runner.py:266} INFO - Task exited with return code 0
[2025-06-24T11:54:57.807+0900] {taskinstance.py:3901} INFO - 0 downstream tasks scheduled from follow-on schedule check
[2025-06-24T11:54:57.821+0900] {local_task_job_runner.py:245} INFO - ::endgroup::
