[2025-05-28T07:25:56.811+0000] {local_task_job_runner.py:123} INFO - ::group::Pre task execution logs
[2025-05-28T07:25:57.045+0000] {taskinstance.py:2614} INFO - Dependencies all met for dep_context=non-requeueable deps ti=<TaskInstance: image_processing_per_file_v2.preprocess_group.file_copy_task manual__2025-05-28T07:25:28.138938+00:00 map_index=8 [queued]>
[2025-05-28T07:25:57.131+0000] {taskinstance.py:2614} INFO - Dependencies all met for dep_context=requeueable deps ti=<TaskInstance: image_processing_per_file_v2.preprocess_group.file_copy_task manual__2025-05-28T07:25:28.138938+00:00 map_index=8 [queued]>
[2025-05-28T07:25:57.144+0000] {taskinstance.py:2867} INFO - Starting attempt 1 of 1
[2025-05-28T07:25:57.194+0000] {taskinstance.py:2890} INFO - Executing <Task(_PythonDecoratedOperator): preprocess_group.file_copy_task> on 2025-05-28 07:25:28.138938+00:00
[2025-05-28T07:25:57.267+0000] {standard_task_runner.py:104} INFO - Running: ['***', 'tasks', 'run', 'image_processing_per_file_v2', 'preprocess_group.file_copy_task', 'manual__2025-05-28T07:25:28.138938+00:00', '--job-id', '60', '--raw', '--subdir', 'DAGS_FOLDER/test_dag.py', '--cfg-path', '/tmp/tmphr0m6tmv', '--map-index', '8']
[2025-05-28T07:25:57.287+0000] {standard_task_runner.py:105} INFO - Job 60: Subtask preprocess_group.file_copy_task
[2025-05-28T07:25:57.283+0000] {logging_mixin.py:190} WARNING - /home/***/.local/lib/python3.12/site-packages/***/task/task_runner/standard_task_runner.py:70 DeprecationWarning: This process (pid=44039) is multi-threaded, use of fork() may lead to deadlocks in the child.
[2025-05-28T07:25:57.293+0000] {standard_task_runner.py:72} INFO - Started process 44136 to run task
[2025-05-28T07:25:57.533+0000] {task_command.py:467} INFO - Running <TaskInstance: image_processing_per_file_v2.preprocess_group.file_copy_task manual__2025-05-28T07:25:28.138938+00:00 map_index=8 [running]> on host 293edbf976f9
[2025-05-28T07:25:57.976+0000] {taskinstance.py:3134} INFO - Exporting env vars: AIRFLOW_CTX_DAG_OWNER='***' AIRFLOW_CTX_DAG_ID='image_processing_per_file_v2' AIRFLOW_CTX_TASK_ID='preprocess_group.file_copy_task' AIRFLOW_CTX_EXECUTION_DATE='2025-05-28T07:25:28.138938+00:00' AIRFLOW_CTX_TRY_NUMBER='1' AIRFLOW_CTX_DAG_RUN_ID='manual__2025-05-28T07:25:28.138938+00:00'
[2025-05-28T07:25:57.984+0000] {logging_mixin.py:190} INFO - Task instance is in running state
[2025-05-28T07:25:57.985+0000] {logging_mixin.py:190} INFO -  Previous state of the Task instance: queued
[2025-05-28T07:25:57.986+0000] {logging_mixin.py:190} INFO - Current task name:preprocess_group.file_copy_task state:running start_date:2025-05-28 07:25:57.052702+00:00
[2025-05-28T07:25:57.990+0000] {logging_mixin.py:190} INFO - Dag name:image_processing_per_file_v2 and current dag run status:running
[2025-05-28T07:25:57.991+0000] {taskinstance.py:732} INFO - ::endgroup::
[2025-05-28T07:25:58.041+0000] {logging_mixin.py:190} INFO - copy: /opt/***/data/result/test/스크린샷 2025-05-23 141009 - 복사본 (2)(2).png
[2025-05-28T07:25:58.041+0000] {python.py:240} INFO - Done. Returned value was: /opt/***/data/result/test/스크린샷 2025-05-23 141009 - 복사본 (2)(2).png
[2025-05-28T07:25:58.130+0000] {taskinstance.py:341} INFO - ::group::Post task execution logs
[2025-05-28T07:25:58.133+0000] {taskinstance.py:353} INFO - Marking task as SUCCESS. dag_id=image_processing_per_file_v2, task_id=preprocess_group.file_copy_task, run_id=manual__2025-05-28T07:25:28.138938+00:00, map_index=8, execution_date=20250528T072528, start_date=20250528T072557, end_date=20250528T072558
[2025-05-28T07:25:58.341+0000] {logging_mixin.py:190} INFO - Task instance in success state
[2025-05-28T07:25:58.375+0000] {logging_mixin.py:190} INFO -  Previous state of the Task instance: running
[2025-05-28T07:25:58.378+0000] {logging_mixin.py:190} INFO - Dag name:image_processing_per_file_v2 queued_at:2025-05-28 07:25:28.178051+00:00
[2025-05-28T07:25:58.386+0000] {logging_mixin.py:190} INFO - Task hostname:293edbf976f9 operator:_PythonDecoratedOperator
[2025-05-28T07:25:58.542+0000] {local_task_job_runner.py:266} INFO - Task exited with return code 0
[2025-05-28T07:25:58.700+0000] {local_task_job_runner.py:245} INFO - ::endgroup::
