[2025-06-24T16:10:07.234+0900] {local_task_job_runner.py:123} INFO - ::group::Pre task execution logs
[2025-06-24T16:10:07.431+0900] {taskinstance.py:2614} INFO - Dependencies all met for dep_context=non-requeueable deps ti=<TaskInstance: lilt_document_classifier_balanced_V0.1.img_preprocess_task manual__2025-06-24T06:53:42.323966+00:00 map_index=77 [queued]>
[2025-06-24T16:10:07.472+0900] {taskinstance.py:2614} INFO - Dependencies all met for dep_context=requeueable deps ti=<TaskInstance: lilt_document_classifier_balanced_V0.1.img_preprocess_task manual__2025-06-24T06:53:42.323966+00:00 map_index=77 [queued]>
[2025-06-24T16:10:07.472+0900] {taskinstance.py:2867} INFO - Starting attempt 1 of 1
[2025-06-24T16:10:07.527+0900] {taskinstance.py:2890} INFO - Executing <Mapped(_PythonDecoratedOperator): img_preprocess_task> on 2025-06-24 06:53:42.323966+00:00
[2025-06-24T16:10:07.560+0900] {standard_task_runner.py:104} INFO - Running: ['***', 'tasks', 'run', 'lilt_document_classifier_balanced_V0.1', 'img_preprocess_task', 'manual__2025-06-24T06:53:42.323966+00:00', '--job-id', '4375', '--raw', '--subdir', 'DAGS_FOLDER/class_create_dag.py', '--cfg-path', '/tmp/tmp8yb0oe99', '--map-index', '77']
[2025-06-24T16:10:07.558+0900] {warnings.py:112} WARNING - /home/***/.local/lib/python3.12/site-packages/***/task/task_runner/standard_task_runner.py:70: DeprecationWarning: This process (pid=50594) is multi-threaded, use of fork() may lead to deadlocks in the child.
  pid = os.fork()

[2025-06-24T16:10:07.582+0900] {standard_task_runner.py:105} INFO - Job 4375: Subtask img_preprocess_task
[2025-06-24T16:10:07.581+0900] {standard_task_runner.py:72} INFO - Started process 50634 to run task
[2025-06-24T16:10:07.684+0900] {task_command.py:467} INFO - Running <TaskInstance: lilt_document_classifier_balanced_V0.1.img_preprocess_task manual__2025-06-24T06:53:42.323966+00:00 map_index=77 [running]> on host f6d4228a9eb8
[2025-06-24T16:10:07.859+0900] {taskinstance.py:3134} INFO - Exporting env vars: AIRFLOW_CTX_DAG_OWNER='***' AIRFLOW_CTX_DAG_ID='lilt_document_classifier_balanced_V0.1' AIRFLOW_CTX_TASK_ID='img_preprocess_task' AIRFLOW_CTX_EXECUTION_DATE='2025-06-24T06:53:42.323966+00:00' AIRFLOW_CTX_TRY_NUMBER='1' AIRFLOW_CTX_DAG_RUN_ID='manual__2025-06-24T06:53:42.323966+00:00'
[2025-06-24T16:10:07.865+0900] {taskinstance.py:732} INFO - ::endgroup::
[2025-06-24T16:10:07.889+0900] {logging_mixin.py:190} INFO - empty map check {} {'process_id': '_53e5999d-3e73-41ce-9a78-0e9384cacd0d_pre', 'folder_path': '1d9f3f90-5810-4017-a8c6-df7e2723822c/53e5999d-3e73-41ce-9a78-0e9384cacd0d', 'step_list': [{'name': 'cache', 'param': {'key': 'origin'}}, {'name': 'calc_angle_set2', 'param': {'key': 'angle1', 'iterations': 4, 'iter_save': False}}, {'name': 'text_orientation_set', 'param': {'key': 'angle2', 'iterations': 4, 'iter_save': False}}, {'name': 'load', 'param': {'key': 'origin'}}, {'name': 'rotate', 'param': {'key': 'angle1'}}, {'name': 'rotate', 'param': {'key': 'angle2'}}], 'result_file_map': {}}
[2025-06-24T16:10:07.900+0900] {logging_mixin.py:190} INFO - step : cache
[2025-06-24T16:10:07.902+0900] {logging_mixin.py:190} INFO - step : calc_angle_set2
[2025-06-24T16:10:41.118+0900] {logging_mixin.py:190} INFO - osd 1 1.25 1.25 25 109376 [0, 0, 0, 0, 0, 0, 0, 0, 0, 0, 0, 0, 0, 0, 0, 0, 3, 0, 0, 2364, 12496, 28456, 44537, 63257, 103983, 109376, 60363, 40422, 19918, 4413, 0, 0, 0, 0, 0, 0, 0, 0, 0, 0, 0]
[2025-06-24T16:11:12.003+0900] {logging_mixin.py:190} INFO - osd 2 1.25 0.0 20 117844 [0, 0, 0, 0, 0, 0, 0, 0, 0, 0, 0, 0, 0, 0, 2836, 19538, 31444, 49661, 67560, 117705, 117844, 67139, 45971, 24291, 6492, 0, 0, 0, 0, 0, 0, 0, 0, 0, 0, 0, 0, 0, 0, 0, 0]
[2025-06-24T16:11:45.611+0900] {logging_mixin.py:190} INFO - osd 3 1.25 0.0 20 117844 [0, 0, 0, 0, 0, 0, 0, 0, 0, 0, 0, 0, 0, 0, 2836, 19538, 31444, 49661, 67560, 117705, 117844, 67139, 45971, 24291, 6492, 0, 0, 0, 0, 0, 0, 0, 0, 0, 0, 0, 0, 0, 0, 0, 0]
[2025-06-24T16:12:16.518+0900] {logging_mixin.py:190} INFO - osd 4 1.25 0.0 20 117844 [0, 0, 0, 0, 0, 0, 0, 0, 0, 0, 0, 0, 0, 0, 2836, 19538, 31444, 49661, 67560, 117705, 117844, 67139, 45971, 24291, 6492, 0, 0, 0, 0, 0, 0, 0, 0, 0, 0, 0, 0, 0, 0, 0, 0]
[2025-06-24T16:12:17.033+0900] {logging_mixin.py:190} INFO - step : text_orientation_set
[2025-06-24T16:12:30.466+0900] {logging_mixin.py:190} INFO - osd 1 break  0 0 2.91 Korean 1.29
[2025-06-24T16:12:30.467+0900] {logging_mixin.py:190} INFO - step : load
[2025-06-24T16:12:30.471+0900] {logging_mixin.py:190} INFO - step : rotate
[2025-06-24T16:12:30.888+0900] {logging_mixin.py:190} INFO - step : rotate
[2025-06-24T16:12:31.416+0900] {logging_mixin.py:190} INFO - file_copy: /opt/***/data/temp/1d9f3f90-5810-4017-a8c6-df7e2723822c/53e5999d-3e73-41ce-9a78-0e9384cacd0d/_result.png
[2025-06-24T16:12:31.450+0900] {python.py:240} INFO - Done. Returned value was: {'file_id': '1d9f3f90-5810-4017-a8c6-df7e2723822c', 'file_path': '/opt/***/data/class/a_class/classify/ready/true/남산동 대흥빌딩 - 정부24 - 건축물대장 등본(초본) 발급(열람) _ 문서출력_page_1_aug2.png', 'true': {'process_id': '_53e5999d-3e73-41ce-9a78-0e9384cacd0d_pre', 'folder_path': '1d9f3f90-5810-4017-a8c6-df7e2723822c/53e5999d-3e73-41ce-9a78-0e9384cacd0d', 'step_list': [{'name': 'cache', 'param': {'key': 'origin'}}, {'name': 'calc_angle_set2', 'param': {'key': 'angle1', 'iterations': 4, 'iter_save': False}}, {'name': 'text_orientation_set', 'param': {'key': 'angle2', 'iterations': 4, 'iter_save': False}}, {'name': 'load', 'param': {'key': 'origin'}}, {'name': 'rotate', 'param': {'key': 'angle1'}}, {'name': 'rotate', 'param': {'key': 'angle2'}}], 'result_file_map': {'_result': '/opt/***/data/temp/1d9f3f90-5810-4017-a8c6-df7e2723822c/53e5999d-3e73-41ce-9a78-0e9384cacd0d/_result.png'}}}
[2025-06-24T16:12:31.494+0900] {taskinstance.py:341} INFO - ::group::Post task execution logs
[2025-06-24T16:12:31.495+0900] {taskinstance.py:353} INFO - Marking task as SUCCESS. dag_id=lilt_document_classifier_balanced_V0.1, task_id=img_preprocess_task, run_id=manual__2025-06-24T06:53:42.323966+00:00, map_index=77, execution_date=20250624T065342, start_date=20250624T071007, end_date=20250624T071231
[2025-06-24T16:12:31.626+0900] {local_task_job_runner.py:266} INFO - Task exited with return code 0
[2025-06-24T16:12:32.147+0900] {taskinstance.py:3901} INFO - 0 downstream tasks scheduled from follow-on schedule check
[2025-06-24T16:12:32.162+0900] {local_task_job_runner.py:245} INFO - ::endgroup::
