[2025-06-24T16:50:36.083+0900] {local_task_job_runner.py:123} INFO - ::group::Pre task execution logs
[2025-06-24T16:50:36.252+0900] {taskinstance.py:2614} INFO - Dependencies all met for dep_context=non-requeueable deps ti=<TaskInstance: lilt_document_classifier_balanced_V0.1.img_preprocess_task__1 manual__2025-06-24T07:39:02.784990+00:00 map_index=70 [queued]>
[2025-06-24T16:50:36.443+0900] {taskinstance.py:2614} INFO - Dependencies all met for dep_context=requeueable deps ti=<TaskInstance: lilt_document_classifier_balanced_V0.1.img_preprocess_task__1 manual__2025-06-24T07:39:02.784990+00:00 map_index=70 [queued]>
[2025-06-24T16:50:36.444+0900] {taskinstance.py:2867} INFO - Starting attempt 1 of 1
[2025-06-24T16:50:36.502+0900] {taskinstance.py:2890} INFO - Executing <Mapped(_PythonDecoratedOperator): img_preprocess_task__1> on 2025-06-24 07:39:02.784990+00:00
[2025-06-24T16:50:36.540+0900] {warnings.py:112} WARNING - /home/***/.local/lib/python3.12/site-packages/***/task/task_runner/standard_task_runner.py:70: DeprecationWarning: This process (pid=56463) is multi-threaded, use of fork() may lead to deadlocks in the child.
  pid = os.fork()

[2025-06-24T16:50:36.555+0900] {standard_task_runner.py:72} INFO - Started process 56481 to run task
[2025-06-24T16:50:36.547+0900] {standard_task_runner.py:104} INFO - Running: ['***', 'tasks', 'run', 'lilt_document_classifier_balanced_V0.1', 'img_preprocess_task__1', 'manual__2025-06-24T07:39:02.784990+00:00', '--job-id', '4555', '--raw', '--subdir', 'DAGS_FOLDER/class_create_dag.py', '--cfg-path', '/tmp/tmpv4spjet6', '--map-index', '70']
[2025-06-24T16:50:36.563+0900] {standard_task_runner.py:105} INFO - Job 4555: Subtask img_preprocess_task__1
[2025-06-24T16:50:36.744+0900] {task_command.py:467} INFO - Running <TaskInstance: lilt_document_classifier_balanced_V0.1.img_preprocess_task__1 manual__2025-06-24T07:39:02.784990+00:00 map_index=70 [running]> on host f6d4228a9eb8
[2025-06-24T16:50:37.012+0900] {taskinstance.py:3134} INFO - Exporting env vars: AIRFLOW_CTX_DAG_OWNER='***' AIRFLOW_CTX_DAG_ID='lilt_document_classifier_balanced_V0.1' AIRFLOW_CTX_TASK_ID='img_preprocess_task__1' AIRFLOW_CTX_EXECUTION_DATE='2025-06-24T07:39:02.784990+00:00' AIRFLOW_CTX_TRY_NUMBER='1' AIRFLOW_CTX_DAG_RUN_ID='manual__2025-06-24T07:39:02.784990+00:00'
[2025-06-24T16:50:37.017+0900] {taskinstance.py:732} INFO - ::endgroup::
[2025-06-24T16:50:37.024+0900] {logging_mixin.py:190} INFO - empty map check {} {'process_id': '_83d5f042-a885-4695-a295-239fbc485a8b_pre', 'folder_path': '73837bc5-c693-4bba-a4c5-bfc7ba7cc91f/83d5f042-a885-4695-a295-239fbc485a8b', 'step_list': [{'name': 'cache', 'param': {'key': 'origin'}}, {'name': 'calc_angle_set2', 'param': {'key': 'angle1', 'iterations': 4, 'iter_save': False}}, {'name': 'text_orientation_set', 'param': {'key': 'angle2', 'iterations': 4, 'iter_save': False}}, {'name': 'load', 'param': {'key': 'origin'}}, {'name': 'rotate', 'param': {'key': 'angle1'}}, {'name': 'rotate', 'param': {'key': 'angle2'}}], 'result_file_map': {}}
[2025-06-24T16:50:37.059+0900] {logging_mixin.py:190} INFO - step : cache
[2025-06-24T16:50:37.067+0900] {logging_mixin.py:190} INFO - step : calc_angle_set2
[2025-06-24T16:50:41.163+0900] {logging_mixin.py:190} INFO - osd 1 0.0 0.0 20 1306 [0, 0, 0, 0, 0, 0, 0, 0, 0, 0, 0, 2, 44, 117, 234, 368, 471, 616, 769, 1045, 1306, 882, 684, 554, 431, 299, 166, 88, 22, 1, 0, 0, 0, 0, 0, 0, 0, 0, 0, 0, 0]
[2025-06-24T16:50:45.630+0900] {logging_mixin.py:190} INFO - osd 2 0.0 0.0 20 1306 [0, 0, 0, 0, 0, 0, 0, 0, 0, 0, 0, 2, 44, 117, 234, 368, 471, 616, 769, 1045, 1306, 882, 684, 554, 431, 299, 166, 88, 22, 1, 0, 0, 0, 0, 0, 0, 0, 0, 0, 0, 0]
[2025-06-24T16:50:49.372+0900] {logging_mixin.py:190} INFO - osd 3 0.0 0.0 20 1306 [0, 0, 0, 0, 0, 0, 0, 0, 0, 0, 0, 2, 44, 117, 234, 368, 471, 616, 769, 1045, 1306, 882, 684, 554, 431, 299, 166, 88, 22, 1, 0, 0, 0, 0, 0, 0, 0, 0, 0, 0, 0]
[2025-06-24T16:50:52.462+0900] {logging_mixin.py:190} INFO - osd 4 0.0 0.0 20 1306 [0, 0, 0, 0, 0, 0, 0, 0, 0, 0, 0, 2, 44, 117, 234, 368, 471, 616, 769, 1045, 1306, 882, 684, 554, 431, 299, 166, 88, 22, 1, 0, 0, 0, 0, 0, 0, 0, 0, 0, 0, 0]
[2025-06-24T16:50:52.512+0900] {logging_mixin.py:190} INFO - step : text_orientation_set
[2025-06-24T16:50:55.949+0900] {logging_mixin.py:190} INFO - Tesseract OSD Error: (1, 'Estimating resolution as 100 Warning. Invalid resolution 0 dpi. Using 70 instead. Too few characters. Skipping this page Error during processing.')
[2025-06-24T16:50:55.954+0900] {logging_mixin.py:190} INFO - step : load
[2025-06-24T16:50:55.955+0900] {logging_mixin.py:190} INFO - step : rotate
[2025-06-24T16:50:55.978+0900] {logging_mixin.py:190} INFO - step : rotate
[2025-06-24T16:50:56.089+0900] {logging_mixin.py:190} INFO - file_copy: /opt/***/data/temp/73837bc5-c693-4bba-a4c5-bfc7ba7cc91f/83d5f042-a885-4695-a295-239fbc485a8b/_result.png
[2025-06-24T16:50:56.132+0900] {python.py:240} INFO - Done. Returned value was: {'file_id': '73837bc5-c693-4bba-a4c5-bfc7ba7cc91f', 'file_path': '/opt/***/data/class/a_class/classify/ready/false/copied_80_2040764466.png', 'false': {'process_id': '_83d5f042-a885-4695-a295-239fbc485a8b_pre', 'folder_path': '73837bc5-c693-4bba-a4c5-bfc7ba7cc91f/83d5f042-a885-4695-a295-239fbc485a8b', 'step_list': [{'name': 'cache', 'param': {'key': 'origin'}}, {'name': 'calc_angle_set2', 'param': {'key': 'angle1', 'iterations': 4, 'iter_save': False}}, {'name': 'text_orientation_set', 'param': {'key': 'angle2', 'iterations': 4, 'iter_save': False}}, {'name': 'load', 'param': {'key': 'origin'}}, {'name': 'rotate', 'param': {'key': 'angle1'}}, {'name': 'rotate', 'param': {'key': 'angle2'}}], 'result_file_map': {'_result': '/opt/***/data/temp/73837bc5-c693-4bba-a4c5-bfc7ba7cc91f/83d5f042-a885-4695-a295-239fbc485a8b/_result.png'}}}
[2025-06-24T16:50:56.228+0900] {taskinstance.py:341} INFO - ::group::Post task execution logs
[2025-06-24T16:50:56.233+0900] {taskinstance.py:353} INFO - Marking task as SUCCESS. dag_id=lilt_document_classifier_balanced_V0.1, task_id=img_preprocess_task__1, run_id=manual__2025-06-24T07:39:02.784990+00:00, map_index=70, execution_date=20250624T073902, start_date=20250624T075036, end_date=20250624T075056
[2025-06-24T16:50:56.435+0900] {local_task_job_runner.py:266} INFO - Task exited with return code 0
[2025-06-24T16:50:56.582+0900] {standard_task_runner.py:217} INFO - Process not found (most likely exited), stop collecting metrics
[2025-06-24T16:50:56.618+0900] {taskinstance.py:3901} INFO - 0 downstream tasks scheduled from follow-on schedule check
[2025-06-24T16:50:56.640+0900] {local_task_job_runner.py:245} INFO - ::endgroup::
