[2025-06-24T13:30:14.860+0900] {local_task_job_runner.py:123} INFO - ::group::Pre task execution logs
[2025-06-24T13:30:14.931+0900] {taskinstance.py:2614} INFO - Dependencies all met for dep_context=non-requeueable deps ti=<TaskInstance: lilt_document_classifier_balanced_V0.1.img_preprocess_task__1 manual__2025-06-24T04:23:33.505927+00:00 map_index=32 [queued]>
[2025-06-24T13:30:14.966+0900] {taskinstance.py:2614} INFO - Dependencies all met for dep_context=requeueable deps ti=<TaskInstance: lilt_document_classifier_balanced_V0.1.img_preprocess_task__1 manual__2025-06-24T04:23:33.505927+00:00 map_index=32 [queued]>
[2025-06-24T13:30:14.968+0900] {taskinstance.py:2867} INFO - Starting attempt 1 of 1
[2025-06-24T13:30:15.008+0900] {taskinstance.py:2890} INFO - Executing <Mapped(_PythonDecoratedOperator): img_preprocess_task__1> on 2025-06-24 04:23:33.505927+00:00
[2025-06-24T13:30:15.033+0900] {warnings.py:112} WARNING - /home/***/.local/lib/python3.12/site-packages/***/task/task_runner/standard_task_runner.py:70: DeprecationWarning: This process (pid=39800) is multi-threaded, use of fork() may lead to deadlocks in the child.
  pid = os.fork()

[2025-06-24T13:30:15.034+0900] {standard_task_runner.py:72} INFO - Started process 39821 to run task
[2025-06-24T13:30:15.032+0900] {standard_task_runner.py:104} INFO - Running: ['***', 'tasks', 'run', 'lilt_document_classifier_balanced_V0.1', 'img_preprocess_task__1', 'manual__2025-06-24T04:23:33.505927+00:00', '--job-id', '3997', '--raw', '--subdir', 'DAGS_FOLDER/class_create_dag.py', '--cfg-path', '/tmp/tmpet8pqr4t', '--map-index', '32']
[2025-06-24T13:30:15.045+0900] {standard_task_runner.py:105} INFO - Job 3997: Subtask img_preprocess_task__1
[2025-06-24T13:30:15.094+0900] {task_command.py:467} INFO - Running <TaskInstance: lilt_document_classifier_balanced_V0.1.img_preprocess_task__1 manual__2025-06-24T04:23:33.505927+00:00 map_index=32 [running]> on host f6d4228a9eb8
[2025-06-24T13:30:15.353+0900] {taskinstance.py:3134} INFO - Exporting env vars: AIRFLOW_CTX_DAG_OWNER='***' AIRFLOW_CTX_DAG_ID='lilt_document_classifier_balanced_V0.1' AIRFLOW_CTX_TASK_ID='img_preprocess_task__1' AIRFLOW_CTX_EXECUTION_DATE='2025-06-24T04:23:33.505927+00:00' AIRFLOW_CTX_TRY_NUMBER='1' AIRFLOW_CTX_DAG_RUN_ID='manual__2025-06-24T04:23:33.505927+00:00'
[2025-06-24T13:30:15.358+0900] {taskinstance.py:732} INFO - ::endgroup::
[2025-06-24T13:30:15.383+0900] {logging_mixin.py:190} INFO - empty map check {} {'process_id': '_c0078bd3-1801-4fdb-b6f4-1024655e604c_pre', 'folder_path': '7f2ea0fb-e801-4da3-b1e1-9d739ed877bf/c0078bd3-1801-4fdb-b6f4-1024655e604c', 'step_list': [{'name': 'cache', 'param': {'key': 'origin'}}, {'name': 'calc_angle_set2', 'param': {'key': 'angle1', 'iterations': 4, 'iter_save': True}}, {'name': 'save', 'param': {'key': 'ag1'}}, {'name': 'text_orientation_set', 'param': {'key': 'angle2', 'iterations': 4, 'iter_save': True}}, {'name': 'save', 'param': {'key': 'ag2'}}, {'name': 'load', 'param': {'key': 'origin'}}, {'name': 'rotate', 'param': {'key': 'angle1'}}, {'name': 'rotate', 'param': {'key': 'angle2'}}], 'result_file_map': {}}
[2025-06-24T13:30:15.396+0900] {logging_mixin.py:190} INFO - step : cache
[2025-06-24T13:30:15.398+0900] {logging_mixin.py:190} INFO - step : calc_angle_set2
[2025-06-24T13:30:23.085+0900] {logging_mixin.py:190} INFO - osd 1 0 0 19 33 [0, 0, 0, 0, 0, 0, 0, 0, 0, 0, 0, 0, 0, 0, 0, 0, 13, 7, 17, 33, 17, 17, 16, 0, 9, 0, 0, 0, 0, 0, 0, 0, 0, 0, 0, 0, 0, 0, 0, 0, 0]
[2025-06-24T13:30:29.394+0900] {logging_mixin.py:190} INFO - osd 2 0 0 19 33 [0, 0, 0, 0, 0, 0, 0, 0, 0, 0, 0, 0, 0, 0, 0, 0, 13, 7, 17, 33, 17, 17, 16, 0, 9, 0, 0, 0, 0, 0, 0, 0, 0, 0, 0, 0, 0, 0, 0, 0, 0]
[2025-06-24T13:30:34.392+0900] {logging_mixin.py:190} INFO - osd 3 0 0 19 33 [0, 0, 0, 0, 0, 0, 0, 0, 0, 0, 0, 0, 0, 0, 0, 0, 13, 7, 17, 33, 17, 17, 16, 0, 9, 0, 0, 0, 0, 0, 0, 0, 0, 0, 0, 0, 0, 0, 0, 0, 0]
[2025-06-24T13:30:38.807+0900] {logging_mixin.py:190} INFO - osd 4 0 0 19 33 [0, 0, 0, 0, 0, 0, 0, 0, 0, 0, 0, 0, 0, 0, 0, 0, 13, 7, 17, 33, 17, 17, 16, 0, 9, 0, 0, 0, 0, 0, 0, 0, 0, 0, 0, 0, 0, 0, 0, 0, 0]
[2025-06-24T13:30:38.836+0900] {logging_mixin.py:190} INFO - step : save
[2025-06-24T13:30:38.856+0900] {logging_mixin.py:190} INFO - file_copy: /opt/***/data/temp/7f2ea0fb-e801-4da3-b1e1-9d739ed877bf/c0078bd3-1801-4fdb-b6f4-1024655e604c/ag1.png
[2025-06-24T13:30:38.866+0900] {logging_mixin.py:190} INFO - step : text_orientation_set
[2025-06-24T13:30:42.085+0900] {logging_mixin.py:190} INFO - file_copy: /opt/***/data/temp/7f2ea0fb-e801-4da3-b1e1-9d739ed877bf/c0078bd3-1801-4fdb-b6f4-1024655e604c/rotate2_1.png
[2025-06-24T13:30:44.659+0900] {logging_mixin.py:190} INFO - Tesseract OSD Error: (1, 'Estimating resolution as 117 Warning. Invalid resolution 0 dpi. Using 70 instead. Too few characters. Skipping this page Error during processing.')
[2025-06-24T13:30:44.666+0900] {logging_mixin.py:190} INFO - step : save
[2025-06-24T13:30:44.727+0900] {logging_mixin.py:190} INFO - file_copy: /opt/***/data/temp/7f2ea0fb-e801-4da3-b1e1-9d739ed877bf/c0078bd3-1801-4fdb-b6f4-1024655e604c/ag2.png
[2025-06-24T13:30:44.846+0900] {logging_mixin.py:190} INFO - step : load
[2025-06-24T13:30:44.848+0900] {logging_mixin.py:190} INFO - step : rotate
[2025-06-24T13:30:44.866+0900] {logging_mixin.py:190} INFO - step : rotate
[2025-06-24T13:30:44.937+0900] {logging_mixin.py:190} INFO - file_copy: /opt/***/data/temp/7f2ea0fb-e801-4da3-b1e1-9d739ed877bf/c0078bd3-1801-4fdb-b6f4-1024655e604c/_result.png
[2025-06-24T13:30:44.955+0900] {python.py:240} INFO - Done. Returned value was: {'file_id': '7f2ea0fb-e801-4da3-b1e1-9d739ed877bf', 'file_path': '/opt/***/data/class/a_class/classify/ready/false/copied_8_2078645707.png', 'false': {'process_id': '_c0078bd3-1801-4fdb-b6f4-1024655e604c_pre', 'folder_path': '7f2ea0fb-e801-4da3-b1e1-9d739ed877bf/c0078bd3-1801-4fdb-b6f4-1024655e604c', 'step_list': [{'name': 'cache', 'param': {'key': 'origin'}}, {'name': 'calc_angle_set2', 'param': {'key': 'angle1', 'iterations': 4, 'iter_save': True}}, {'name': 'save', 'param': {'key': 'ag1'}}, {'name': 'text_orientation_set', 'param': {'key': 'angle2', 'iterations': 4, 'iter_save': True}}, {'name': 'save', 'param': {'key': 'ag2'}}, {'name': 'load', 'param': {'key': 'origin'}}, {'name': 'rotate', 'param': {'key': 'angle1'}}, {'name': 'rotate', 'param': {'key': 'angle2'}}], 'result_file_map': {'ag1': '/opt/***/data/temp/7f2ea0fb-e801-4da3-b1e1-9d739ed877bf/c0078bd3-1801-4fdb-b6f4-1024655e604c/ag1.png', 'rotate2_1': '/opt/***/data/temp/7f2ea0fb-e801-4da3-b1e1-9d739ed877bf/c0078bd3-1801-4fdb-b6f4-1024655e604c/rotate2_1.png', 'ag2': '/opt/***/data/temp/7f2ea0fb-e801-4da3-b1e1-9d739ed877bf/c0078bd3-1801-4fdb-b6f4-1024655e604c/ag2.png', '_result': '/opt/***/data/temp/7f2ea0fb-e801-4da3-b1e1-9d739ed877bf/c0078bd3-1801-4fdb-b6f4-1024655e604c/_result.png'}}}
[2025-06-24T13:30:45.032+0900] {taskinstance.py:341} INFO - ::group::Post task execution logs
[2025-06-24T13:30:45.034+0900] {taskinstance.py:353} INFO - Marking task as SUCCESS. dag_id=lilt_document_classifier_balanced_V0.1, task_id=img_preprocess_task__1, run_id=manual__2025-06-24T04:23:33.505927+00:00, map_index=32, execution_date=20250624T042333, start_date=20250624T043014, end_date=20250624T043045
[2025-06-24T13:30:45.193+0900] {local_task_job_runner.py:266} INFO - Task exited with return code 0
[2025-06-24T13:30:45.410+0900] {taskinstance.py:3901} INFO - 0 downstream tasks scheduled from follow-on schedule check
[2025-06-24T13:30:45.440+0900] {local_task_job_runner.py:245} INFO - ::endgroup::
