[2025-06-25T15:25:27.373+0900] {local_task_job_runner.py:123} INFO - ::group::Pre task execution logs
[2025-06-25T15:25:27.396+0900] {taskinstance.py:2614} INFO - Dependencies all met for dep_context=non-requeueable deps ti=<TaskInstance: image_preprocess_v1.copy_results_folder_task manual__2025-06-25T06:24:41.815174+00:00 [queued]>
[2025-06-25T15:25:27.408+0900] {taskinstance.py:2614} INFO - Dependencies all met for dep_context=requeueable deps ti=<TaskInstance: image_preprocess_v1.copy_results_folder_task manual__2025-06-25T06:24:41.815174+00:00 [queued]>
[2025-06-25T15:25:27.408+0900] {taskinstance.py:2867} INFO - Starting attempt 1 of 1
[2025-06-25T15:25:27.426+0900] {taskinstance.py:2890} INFO - Executing <Task(_PythonDecoratedOperator): copy_results_folder_task> on 2025-06-25 06:24:41.815174+00:00
[2025-06-25T15:25:27.437+0900] {warnings.py:112} WARNING - /home/***/.local/lib/python3.12/site-packages/***/task/task_runner/standard_task_runner.py:70: DeprecationWarning: This process (pid=88072) is multi-threaded, use of fork() may lead to deadlocks in the child.
  pid = os.fork()

[2025-06-25T15:25:27.441+0900] {standard_task_runner.py:72} INFO - Started process 88081 to run task
[2025-06-25T15:25:27.442+0900] {standard_task_runner.py:104} INFO - Running: ['***', 'tasks', 'run', 'image_preprocess_v1', 'copy_results_folder_task', 'manual__2025-06-25T06:24:41.815174+00:00', '--job-id', '5299', '--raw', '--subdir', 'DAGS_FOLDER/test_dag.py', '--cfg-path', '/tmp/tmp197h4b5q']
[2025-06-25T15:25:27.447+0900] {standard_task_runner.py:105} INFO - Job 5299: Subtask copy_results_folder_task
[2025-06-25T15:25:27.605+0900] {task_command.py:467} INFO - Running <TaskInstance: image_preprocess_v1.copy_results_folder_task manual__2025-06-25T06:24:41.815174+00:00 [running]> on host f6d4228a9eb8
[2025-06-25T15:25:27.987+0900] {taskinstance.py:3134} INFO - Exporting env vars: AIRFLOW_CTX_DAG_OWNER='***' AIRFLOW_CTX_DAG_ID='image_preprocess_v1' AIRFLOW_CTX_TASK_ID='copy_results_folder_task' AIRFLOW_CTX_EXECUTION_DATE='2025-06-25T06:24:41.815174+00:00' AIRFLOW_CTX_TRY_NUMBER='1' AIRFLOW_CTX_DAG_RUN_ID='manual__2025-06-25T06:24:41.815174+00:00'
[2025-06-25T15:25:27.993+0900] {taskinstance.py:732} INFO - ::endgroup::
[2025-06-25T15:25:28.006+0900] {logging_mixin.py:190} INFO - 5
[2025-06-25T15:25:28.034+0900] {logging_mixin.py:190} INFO - 1
[2025-06-25T15:25:28.064+0900] {logging_mixin.py:190} INFO - 복사 완료: /opt/***/data/temp/8334e767-74dd-4aba-a20c-1a25022a53fc/b6d05436-4517-474b-aa62-062c040251aa/_result.png → /opt/***/data/temp/manual__2025-06-25T06:24:41.815174+00:00/a_class/_b6d05436-4517-474b-aa62-062c040251aa_pre__result.png
[2025-06-25T15:25:28.068+0900] {logging_mixin.py:190} INFO - 1
[2025-06-25T15:25:28.097+0900] {logging_mixin.py:190} INFO - 복사 완료: /opt/***/data/temp/0bad4eff-ed34-4ff0-a819-28f900941bc7/c9c80b8d-b50c-4149-8da0-00e432c0065d/_result.png → /opt/***/data/temp/manual__2025-06-25T06:24:41.815174+00:00/a_class/_c9c80b8d-b50c-4149-8da0-00e432c0065d_pre__result.png
[2025-06-25T15:25:28.101+0900] {logging_mixin.py:190} INFO - 1
[2025-06-25T15:25:28.135+0900] {logging_mixin.py:190} INFO - 복사 완료: /opt/***/data/temp/e6f6a606-ef74-4f6b-9b22-be98f0277bf5/ce5adb77-c45a-421c-858e-874781720803/_result.png → /opt/***/data/temp/manual__2025-06-25T06:24:41.815174+00:00/a_class/_ce5adb77-c45a-421c-858e-874781720803_pre__result.png
[2025-06-25T15:25:28.138+0900] {logging_mixin.py:190} INFO - 1
[2025-06-25T15:25:28.165+0900] {logging_mixin.py:190} INFO - 복사 완료: /opt/***/data/temp/646e24a1-8adf-4f03-bb46-4de30f4f549d/8ac5c775-418c-4692-8282-bd169f6c0496/_result.png → /opt/***/data/temp/manual__2025-06-25T06:24:41.815174+00:00/a_class/_8ac5c775-418c-4692-8282-bd169f6c0496_pre__result.png
[2025-06-25T15:25:28.168+0900] {logging_mixin.py:190} INFO - 1
[2025-06-25T15:25:28.203+0900] {logging_mixin.py:190} INFO - 복사 완료: /opt/***/data/temp/e50a4c47-8c61-4373-ad89-858ceebba944/afc8ce19-cc5f-472a-9257-6295ff8c7274/_result.png → /opt/***/data/temp/manual__2025-06-25T06:24:41.815174+00:00/a_class/_afc8ce19-cc5f-472a-9257-6295ff8c7274_pre__result.png
[2025-06-25T15:25:28.206+0900] {python.py:240} INFO - Done. Returned value was: /opt/***/data/temp/manual__2025-06-25T06:24:41.815174+00:00/a_class
[2025-06-25T15:25:28.280+0900] {taskinstance.py:341} INFO - ::group::Post task execution logs
[2025-06-25T15:25:28.282+0900] {taskinstance.py:353} INFO - Marking task as SUCCESS. dag_id=image_preprocess_v1, task_id=copy_results_folder_task, run_id=manual__2025-06-25T06:24:41.815174+00:00, execution_date=20250625T062441, start_date=20250625T062527, end_date=20250625T062528
[2025-06-25T15:25:28.410+0900] {local_task_job_runner.py:266} INFO - Task exited with return code 0
[2025-06-25T15:25:28.496+0900] {taskinstance.py:3901} INFO - 1 downstream tasks scheduled from follow-on schedule check
[2025-06-25T15:25:28.503+0900] {local_task_job_runner.py:245} INFO - ::endgroup::
