[2025-06-19T16:16:03.820+0900] {local_task_job_runner.py:123} INFO - ::group::Pre task execution logs
[2025-06-19T16:16:03.926+0900] {taskinstance.py:2614} INFO - Dependencies all met for dep_context=non-requeueable deps ti=<TaskInstance: lilt_document_classifier_balanced_V0.1.img_preprocess_task__1 manual__2025-06-19T07:13:53.100355+00:00 map_index=21 [queued]>
[2025-06-19T16:16:03.975+0900] {taskinstance.py:2614} INFO - Dependencies all met for dep_context=requeueable deps ti=<TaskInstance: lilt_document_classifier_balanced_V0.1.img_preprocess_task__1 manual__2025-06-19T07:13:53.100355+00:00 map_index=21 [queued]>
[2025-06-19T16:16:03.980+0900] {taskinstance.py:2867} INFO - Starting attempt 1 of 1
[2025-06-19T16:16:04.009+0900] {taskinstance.py:2890} INFO - Executing <Mapped(_PythonDecoratedOperator): img_preprocess_task__1> on 2025-06-19 07:13:53.100355+00:00
[2025-06-19T16:16:04.074+0900] {warnings.py:112} WARNING - /home/***/.local/lib/python3.12/site-packages/***/task/task_runner/standard_task_runner.py:70: DeprecationWarning: This process (pid=3441) is multi-threaded, use of fork() may lead to deadlocks in the child.
  pid = os.fork()

[2025-06-19T16:16:04.080+0900] {standard_task_runner.py:104} INFO - Running: ['***', 'tasks', 'run', 'lilt_document_classifier_balanced_V0.1', 'img_preprocess_task__1', 'manual__2025-06-19T07:13:53.100355+00:00', '--job-id', '1494', '--raw', '--subdir', 'DAGS_FOLDER/class_create_dag.py', '--cfg-path', '/tmp/tmpext991fr', '--map-index', '21']
[2025-06-19T16:16:04.087+0900] {standard_task_runner.py:105} INFO - Job 1494: Subtask img_preprocess_task__1
[2025-06-19T16:16:04.094+0900] {standard_task_runner.py:72} INFO - Started process 3506 to run task
[2025-06-19T16:16:04.186+0900] {task_command.py:467} INFO - Running <TaskInstance: lilt_document_classifier_balanced_V0.1.img_preprocess_task__1 manual__2025-06-19T07:13:53.100355+00:00 map_index=21 [running]> on host f6d4228a9eb8
[2025-06-19T16:16:04.389+0900] {taskinstance.py:3134} INFO - Exporting env vars: AIRFLOW_CTX_DAG_OWNER='***' AIRFLOW_CTX_DAG_ID='lilt_document_classifier_balanced_V0.1' AIRFLOW_CTX_TASK_ID='img_preprocess_task__1' AIRFLOW_CTX_EXECUTION_DATE='2025-06-19T07:13:53.100355+00:00' AIRFLOW_CTX_TRY_NUMBER='1' AIRFLOW_CTX_DAG_RUN_ID='manual__2025-06-19T07:13:53.100355+00:00'
[2025-06-19T16:16:04.393+0900] {taskinstance.py:732} INFO - ::endgroup::
[2025-06-19T16:16:04.402+0900] {logging_mixin.py:190} INFO - empty map check {} {'process_id': '_f2d5f3b6-1583-4be4-8697-7e294aea40fa_pre', 'folder_path': 'd08767bc-503a-4223-8666-4c1a70566655/f2d5f3b6-1583-4be4-8697-7e294aea40fa', 'step_list': [{'name': 'cache', 'param': {'key': 'origin'}}, {'name': 'calc_angle_set1', 'param': {'key': 'angle1', 'iterations': 4, 'iter_save': False}}, {'name': 'text_orientation_set', 'param': {'key': 'angle2', 'iterations': 4, 'iter_save': False}}, {'name': 'load', 'param': {'key': 'origin'}}, {'name': 'rotate', 'param': {'key': 'angle1'}}, {'name': 'rotate', 'param': {'key': 'angle2'}}], 'result_file_map': {}}
[2025-06-19T16:16:04.405+0900] {logging_mixin.py:190} INFO - step : cache
[2025-06-19T16:16:04.407+0900] {logging_mixin.py:190} INFO - step : calc_angle_set1
[2025-06-19T16:16:04.432+0900] {logging_mixin.py:190} INFO - step : text_orientation_set
[2025-06-19T16:16:12.028+0900] {logging_mixin.py:190} INFO - osd 1 break  0 0 0.59 Cyrillic 0.42
[2025-06-19T16:16:12.030+0900] {logging_mixin.py:190} INFO - step : load
[2025-06-19T16:16:12.036+0900] {logging_mixin.py:190} INFO - step : rotate
[2025-06-19T16:16:12.095+0900] {logging_mixin.py:190} INFO - step : rotate
[2025-06-19T16:16:12.309+0900] {logging_mixin.py:190} INFO - file_copy: /opt/***/data/temp/d08767bc-503a-4223-8666-4c1a70566655/f2d5f3b6-1583-4be4-8697-7e294aea40fa/_result.png
[2025-06-19T16:16:12.341+0900] {python.py:240} INFO - Done. Returned value was: {'file_id': 'd08767bc-503a-4223-8666-4c1a70566655', 'file_path': '/opt/***/data/class/a_class/classify/ready/false/copied_23_ti16800588.png', 'false': {'process_id': '_f2d5f3b6-1583-4be4-8697-7e294aea40fa_pre', 'folder_path': 'd08767bc-503a-4223-8666-4c1a70566655/f2d5f3b6-1583-4be4-8697-7e294aea40fa', 'step_list': [{'name': 'cache', 'param': {'key': 'origin'}}, {'name': 'calc_angle_set1', 'param': {'key': 'angle1', 'iterations': 4, 'iter_save': False}}, {'name': 'text_orientation_set', 'param': {'key': 'angle2', 'iterations': 4, 'iter_save': False}}, {'name': 'load', 'param': {'key': 'origin'}}, {'name': 'rotate', 'param': {'key': 'angle1'}}, {'name': 'rotate', 'param': {'key': 'angle2'}}], 'result_file_map': {'_result': '/opt/***/data/temp/d08767bc-503a-4223-8666-4c1a70566655/f2d5f3b6-1583-4be4-8697-7e294aea40fa/_result.png'}}}
[2025-06-19T16:16:12.560+0900] {taskinstance.py:341} INFO - ::group::Post task execution logs
[2025-06-19T16:16:12.570+0900] {taskinstance.py:353} INFO - Marking task as SUCCESS. dag_id=lilt_document_classifier_balanced_V0.1, task_id=img_preprocess_task__1, run_id=manual__2025-06-19T07:13:53.100355+00:00, map_index=21, execution_date=20250619T071353, start_date=20250619T071603, end_date=20250619T071612
[2025-06-19T16:16:12.773+0900] {local_task_job_runner.py:266} INFO - Task exited with return code 0
[2025-06-19T16:16:12.918+0900] {taskinstance.py:3901} INFO - 0 downstream tasks scheduled from follow-on schedule check
[2025-06-19T16:16:12.948+0900] {local_task_job_runner.py:245} INFO - ::endgroup::
