[2025-06-25T15:35:35.624+0900] {local_task_job_runner.py:123} INFO - ::group::Pre task execution logs
[2025-06-25T15:35:35.656+0900] {taskinstance.py:2614} INFO - Dependencies all met for dep_context=non-requeueable deps ti=<TaskInstance: image_preprocess_v1.img_preprocess_task manual__2025-06-25T06:35:27.676869+00:00 map_index=0 [queued]>
[2025-06-25T15:35:35.668+0900] {taskinstance.py:2614} INFO - Dependencies all met for dep_context=requeueable deps ti=<TaskInstance: image_preprocess_v1.img_preprocess_task manual__2025-06-25T06:35:27.676869+00:00 map_index=0 [queued]>
[2025-06-25T15:35:35.669+0900] {taskinstance.py:2867} INFO - Starting attempt 1 of 1
[2025-06-25T15:35:35.687+0900] {taskinstance.py:2890} INFO - Executing <Mapped(_PythonDecoratedOperator): img_preprocess_task> on 2025-06-25 06:35:27.676869+00:00
[2025-06-25T15:35:35.700+0900] {warnings.py:112} WARNING - /home/***/.local/lib/python3.12/site-packages/***/task/task_runner/standard_task_runner.py:70: DeprecationWarning: This process (pid=88250) is multi-threaded, use of fork() may lead to deadlocks in the child.
  pid = os.fork()

[2025-06-25T15:35:35.703+0900] {standard_task_runner.py:72} INFO - Started process 88295 to run task
[2025-06-25T15:35:35.703+0900] {standard_task_runner.py:104} INFO - Running: ['***', 'tasks', 'run', 'image_preprocess_v1', 'img_preprocess_task', 'manual__2025-06-25T06:35:27.676869+00:00', '--job-id', '5304', '--raw', '--subdir', 'DAGS_FOLDER/test_dag.py', '--cfg-path', '/tmp/tmp9vq5ony0', '--map-index', '0']
[2025-06-25T15:35:35.707+0900] {standard_task_runner.py:105} INFO - Job 5304: Subtask img_preprocess_task
[2025-06-25T15:35:35.762+0900] {task_command.py:467} INFO - Running <TaskInstance: image_preprocess_v1.img_preprocess_task manual__2025-06-25T06:35:27.676869+00:00 map_index=0 [running]> on host f6d4228a9eb8
[2025-06-25T15:35:35.881+0900] {taskinstance.py:3134} INFO - Exporting env vars: AIRFLOW_CTX_DAG_OWNER='***' AIRFLOW_CTX_DAG_ID='image_preprocess_v1' AIRFLOW_CTX_TASK_ID='img_preprocess_task' AIRFLOW_CTX_EXECUTION_DATE='2025-06-25T06:35:27.676869+00:00' AIRFLOW_CTX_TRY_NUMBER='1' AIRFLOW_CTX_DAG_RUN_ID='manual__2025-06-25T06:35:27.676869+00:00'
[2025-06-25T15:35:35.882+0900] {taskinstance.py:732} INFO - ::endgroup::
[2025-06-25T15:35:35.887+0900] {logging_mixin.py:190} INFO - empty map check {} {}
[2025-06-25T15:35:35.890+0900] {logging_mixin.py:190} INFO - step : cache
[2025-06-25T15:35:35.891+0900] {logging_mixin.py:190} INFO - step : calc_angle_set2
[2025-06-25T15:35:38.715+0900] {logging_mixin.py:190} INFO - osd 1 0 0 4 6 [0, 0, 0, 0, 6, 3, 0, 0, 0, 0, 0]
[2025-06-25T15:35:41.161+0900] {logging_mixin.py:190} INFO - osd 2 0 0 4 6 [0, 0, 0, 0, 6, 3, 0, 0, 0, 0, 0]
[2025-06-25T15:35:41.203+0900] {logging_mixin.py:190} INFO - step : calc_angle_set2
[2025-06-25T15:35:44.082+0900] {logging_mixin.py:190} INFO - osd 1 -4.0 -4.0 4 85385 [6, 11, 14, 21460, 85385, 768, 5, 4, 3, 1, 0, 0, 0, 0, 0, 0, 0]
[2025-06-25T15:35:47.678+0900] {logging_mixin.py:190} INFO - osd 2 -4.0 0.0 8 91081 [0, 0, 0, 0, 0, 0, 0, 24186, 91081, 542, 0, 0, 0, 0, 0, 0, 0]
[2025-06-25T15:35:47.711+0900] {logging_mixin.py:190} INFO - step : calc_angle_set2
[2025-06-25T15:35:50.578+0900] {logging_mixin.py:190} INFO - osd 1 -0.25 -0.25 6 141832 [24186, 36487, 48251, 60909, 72114, 102757, 141832, 134661, 91081, 69653, 58240, 45936, 33845, 21863, 11381, 3877, 542]
[2025-06-25T15:35:54.267+0900] {logging_mixin.py:190} INFO - osd 2 -0.25 0.0 8 146437 [8037, 17618, 29321, 41700, 53449, 66146, 77935, 111712, 146437, 142857, 98966, 74997, 64065, 51242, 39359, 26759, 15245]
[2025-06-25T15:35:54.314+0900] {logging_mixin.py:190} INFO - step : text_orientation_set
[2025-06-25T15:36:03.256+0900] {logging_mixin.py:190} INFO - osd 1 break  0 0 5.28 Korean 0.75
[2025-06-25T15:36:03.258+0900] {logging_mixin.py:190} INFO - step : load
[2025-06-25T15:36:03.262+0900] {logging_mixin.py:190} INFO - step : rotate
[2025-06-25T15:36:03.475+0900] {logging_mixin.py:190} INFO - step : rotate
[2025-06-25T15:36:03.517+0900] {logging_mixin.py:190} INFO - rotate  -4.0
[2025-06-25T15:36:03.520+0900] {logging_mixin.py:190} INFO - step : rotate
[2025-06-25T15:36:03.585+0900] {logging_mixin.py:190} INFO - rotate  -0.25
[2025-06-25T15:36:03.586+0900] {logging_mixin.py:190} INFO - step : rotate
[2025-06-25T15:36:03.586+0900] {logging_mixin.py:190} INFO - step : del_blank_set1
[2025-06-25T15:36:03.644+0900] {logging_mixin.py:190} INFO - 공백 제거 완료
[2025-06-25T15:36:03.816+0900] {logging_mixin.py:190} INFO - file_copy: /opt/***/data/temp/46dc8112-74cd-457a-8417-6736428ebafb/e7fbf58e-b077-4578-9c4c-4990a37a81d4/_result.png
[2025-06-25T15:36:03.834+0900] {python.py:240} INFO - Done. Returned value was: {'file_id': '46dc8112-74cd-457a-8417-6736428ebafb', 'file_path': '/opt/***/data/upload/남양주시 정덕빌딩 - 정부24 - 건축물대장 등본(초본) 발급(열람) _ 문서출력_page_1_aug1.png', 'result': {'process_id': '_e7fbf58e-b077-4578-9c4c-4990a37a81d4_pre', 'folder_path': '46dc8112-74cd-457a-8417-6736428ebafb/e7fbf58e-b077-4578-9c4c-4990a37a81d4', 'step_list': [{'name': 'cache', 'param': {'cache_key': 'origin'}}, {'name': 'calc_angle_set2', 'param': {'angle_key': 'angle2_1', 'delta': 8.0, 'limit': 40, 'iterations': 2, 'iter_save': False}}, {'name': 'calc_angle_set2', 'param': {'angle_key': 'angle2_2', 'delta': 1.0, 'limit': 8, 'iterations': 2, 'iter_save': False}}, {'name': 'calc_angle_set2', 'param': {'angle_key': 'angle2_3', 'delta': 0.125, 'limit': 1, 'iterations': 2, 'iter_save': False}}, {'name': 'text_orientation_set', 'param': {'angle_key': 'orint', 'iterations': 3, 'iter_save': False}}, {'name': 'load', 'param': {'cache_key': 'origin'}}, {'name': 'rotate', 'param': {'angle_key': 'angle2_1'}}, {'name': 'rotate', 'param': {'angle_key': 'angle2_2'}}, {'name': 'rotate', 'param': {'angle_key': 'angle2_3'}}, {'name': 'rotate', 'param': {'angle_key': 'orint'}}, {'name': 'del_blank_set1', 'param': {}}], 'result_file_map': {'_result': '/opt/***/data/temp/46dc8112-74cd-457a-8417-6736428ebafb/e7fbf58e-b077-4578-9c4c-4990a37a81d4/_result.png'}}}
[2025-06-25T15:36:03.869+0900] {taskinstance.py:341} INFO - ::group::Post task execution logs
[2025-06-25T15:36:03.870+0900] {taskinstance.py:353} INFO - Marking task as SUCCESS. dag_id=image_preprocess_v1, task_id=img_preprocess_task, run_id=manual__2025-06-25T06:35:27.676869+00:00, map_index=0, execution_date=20250625T063527, start_date=20250625T063535, end_date=20250625T063603
[2025-06-25T15:36:03.929+0900] {local_task_job_runner.py:266} INFO - Task exited with return code 0
[2025-06-25T15:36:03.974+0900] {taskinstance.py:3901} INFO - 0 downstream tasks scheduled from follow-on schedule check
[2025-06-25T15:36:03.978+0900] {local_task_job_runner.py:245} INFO - ::endgroup::
