[2025-06-19T16:17:12.527+0900] {local_task_job_runner.py:123} INFO - ::group::Pre task execution logs
[2025-06-19T16:17:12.704+0900] {taskinstance.py:2614} INFO - Dependencies all met for dep_context=non-requeueable deps ti=<TaskInstance: lilt_document_classifier_balanced_V0.1.img_preprocess_task manual__2025-06-19T07:13:53.100355+00:00 map_index=49 [queued]>
[2025-06-19T16:17:12.779+0900] {taskinstance.py:2614} INFO - Dependencies all met for dep_context=requeueable deps ti=<TaskInstance: lilt_document_classifier_balanced_V0.1.img_preprocess_task manual__2025-06-19T07:13:53.100355+00:00 map_index=49 [queued]>
[2025-06-19T16:17:12.783+0900] {taskinstance.py:2867} INFO - Starting attempt 1 of 1
[2025-06-19T16:17:12.837+0900] {taskinstance.py:2890} INFO - Executing <Mapped(_PythonDecoratedOperator): img_preprocess_task> on 2025-06-19 07:13:53.100355+00:00
[2025-06-19T16:17:12.865+0900] {warnings.py:112} WARNING - /home/***/.local/lib/python3.12/site-packages/***/task/task_runner/standard_task_runner.py:70: DeprecationWarning: This process (pid=4501) is multi-threaded, use of fork() may lead to deadlocks in the child.
  pid = os.fork()

[2025-06-19T16:17:12.869+0900] {standard_task_runner.py:72} INFO - Started process 4565 to run task
[2025-06-19T16:17:12.886+0900] {standard_task_runner.py:104} INFO - Running: ['***', 'tasks', 'run', 'lilt_document_classifier_balanced_V0.1', 'img_preprocess_task', 'manual__2025-06-19T07:13:53.100355+00:00', '--job-id', '1549', '--raw', '--subdir', 'DAGS_FOLDER/class_create_dag.py', '--cfg-path', '/tmp/tmphwasjazm', '--map-index', '49']
[2025-06-19T16:17:12.914+0900] {standard_task_runner.py:105} INFO - Job 1549: Subtask img_preprocess_task
[2025-06-19T16:17:13.000+0900] {task_command.py:467} INFO - Running <TaskInstance: lilt_document_classifier_balanced_V0.1.img_preprocess_task manual__2025-06-19T07:13:53.100355+00:00 map_index=49 [running]> on host f6d4228a9eb8
[2025-06-19T16:17:13.451+0900] {taskinstance.py:3134} INFO - Exporting env vars: AIRFLOW_CTX_DAG_OWNER='***' AIRFLOW_CTX_DAG_ID='lilt_document_classifier_balanced_V0.1' AIRFLOW_CTX_TASK_ID='img_preprocess_task' AIRFLOW_CTX_EXECUTION_DATE='2025-06-19T07:13:53.100355+00:00' AIRFLOW_CTX_TRY_NUMBER='1' AIRFLOW_CTX_DAG_RUN_ID='manual__2025-06-19T07:13:53.100355+00:00'
[2025-06-19T16:17:13.461+0900] {taskinstance.py:732} INFO - ::endgroup::
[2025-06-19T16:17:13.470+0900] {logging_mixin.py:190} INFO - empty map check {} {'process_id': '_bd4eb9ae-c447-46e9-be2d-1786c464ffe5_pre', 'folder_path': '8811eca2-dd25-4679-b688-af808e41a9a6/bd4eb9ae-c447-46e9-be2d-1786c464ffe5', 'step_list': [{'name': 'cache', 'param': {'key': 'origin'}}, {'name': 'calc_angle_set1', 'param': {'key': 'angle1', 'iterations': 4, 'iter_save': False}}, {'name': 'text_orientation_set', 'param': {'key': 'angle2', 'iterations': 4, 'iter_save': False}}, {'name': 'load', 'param': {'key': 'origin'}}, {'name': 'rotate', 'param': {'key': 'angle1'}}, {'name': 'rotate', 'param': {'key': 'angle2'}}], 'result_file_map': {}}
[2025-06-19T16:17:13.480+0900] {logging_mixin.py:190} INFO - step : cache
[2025-06-19T16:17:13.484+0900] {logging_mixin.py:190} INFO - step : calc_angle_set1
[2025-06-19T16:17:13.726+0900] {logging_mixin.py:190} INFO - step : text_orientation_set
[2025-06-19T16:17:29.716+0900] {logging_mixin.py:190} INFO - osd 1 break  0 0 6.47 Korean 0.58
[2025-06-19T16:17:29.731+0900] {logging_mixin.py:190} INFO - step : load
[2025-06-19T16:17:29.735+0900] {logging_mixin.py:190} INFO - step : rotate
[2025-06-19T16:17:30.165+0900] {logging_mixin.py:190} INFO - step : rotate
[2025-06-19T16:17:30.565+0900] {logging_mixin.py:190} INFO - file_copy: /opt/***/data/temp/8811eca2-dd25-4679-b688-af808e41a9a6/bd4eb9ae-c447-46e9-be2d-1786c464ffe5/_result.png
[2025-06-19T16:17:30.604+0900] {python.py:240} INFO - Done. Returned value was: {'file_id': '8811eca2-dd25-4679-b688-af808e41a9a6', 'file_path': '/opt/***/data/class/a_class/classify/ready/true/거제동 고성빌딩 - 정부24 - 건축물대장 등본(초본) 발급(열람) _ 문서출력_page_1_aug1.png', 'true': {'process_id': '_bd4eb9ae-c447-46e9-be2d-1786c464ffe5_pre', 'folder_path': '8811eca2-dd25-4679-b688-af808e41a9a6/bd4eb9ae-c447-46e9-be2d-1786c464ffe5', 'step_list': [{'name': 'cache', 'param': {'key': 'origin'}}, {'name': 'calc_angle_set1', 'param': {'key': 'angle1', 'iterations': 4, 'iter_save': False}}, {'name': 'text_orientation_set', 'param': {'key': 'angle2', 'iterations': 4, 'iter_save': False}}, {'name': 'load', 'param': {'key': 'origin'}}, {'name': 'rotate', 'param': {'key': 'angle1'}}, {'name': 'rotate', 'param': {'key': 'angle2'}}], 'result_file_map': {'_result': '/opt/***/data/temp/8811eca2-dd25-4679-b688-af808e41a9a6/bd4eb9ae-c447-46e9-be2d-1786c464ffe5/_result.png'}}}
[2025-06-19T16:17:30.670+0900] {taskinstance.py:341} INFO - ::group::Post task execution logs
[2025-06-19T16:17:30.672+0900] {taskinstance.py:353} INFO - Marking task as SUCCESS. dag_id=lilt_document_classifier_balanced_V0.1, task_id=img_preprocess_task, run_id=manual__2025-06-19T07:13:53.100355+00:00, map_index=49, execution_date=20250619T071353, start_date=20250619T071712, end_date=20250619T071730
[2025-06-19T16:17:30.852+0900] {local_task_job_runner.py:266} INFO - Task exited with return code 0
[2025-06-19T16:17:30.986+0900] {taskinstance.py:3901} INFO - 0 downstream tasks scheduled from follow-on schedule check
[2025-06-19T16:17:31.001+0900] {local_task_job_runner.py:245} INFO - ::endgroup::
