[2025-06-19T18:06:39.085+0900] {local_task_job_runner.py:123} INFO - ::group::Pre task execution logs
[2025-06-19T18:06:39.103+0900] {taskinstance.py:2614} INFO - Dependencies all met for dep_context=non-requeueable deps ti=<TaskInstance: image_classify_v1.check_file_exists_branch manual__2025-06-19T09:06:27.482206+00:00 [queued]>
[2025-06-19T18:06:39.111+0900] {taskinstance.py:2614} INFO - Dependencies all met for dep_context=requeueable deps ti=<TaskInstance: image_classify_v1.check_file_exists_branch manual__2025-06-19T09:06:27.482206+00:00 [queued]>
[2025-06-19T18:06:39.111+0900] {taskinstance.py:2867} INFO - Starting attempt 1 of 1
[2025-06-19T18:06:39.132+0900] {taskinstance.py:2890} INFO - Executing <Task(_BranchPythonDecoratedOperator): check_file_exists_branch> on 2025-06-19 09:06:27.482206+00:00
[2025-06-19T18:06:39.145+0900] {warnings.py:112} WARNING - /home/***/.local/lib/python3.12/site-packages/***/task/task_runner/standard_task_runner.py:70: DeprecationWarning: This process (pid=9102) is multi-threaded, use of fork() may lead to deadlocks in the child.
  pid = os.fork()

[2025-06-19T18:06:39.146+0900] {standard_task_runner.py:72} INFO - Started process 9111 to run task
[2025-06-19T18:06:39.147+0900] {standard_task_runner.py:104} INFO - Running: ['***', 'tasks', 'run', 'image_classify_v1', 'check_file_exists_branch', 'manual__2025-06-19T09:06:27.482206+00:00', '--job-id', '1681', '--raw', '--subdir', 'DAGS_FOLDER/img_classify.py', '--cfg-path', '/tmp/tmpaij1t49a']
[2025-06-19T18:06:39.150+0900] {standard_task_runner.py:105} INFO - Job 1681: Subtask check_file_exists_branch
[2025-06-19T18:06:39.190+0900] {task_command.py:467} INFO - Running <TaskInstance: image_classify_v1.check_file_exists_branch manual__2025-06-19T09:06:27.482206+00:00 [running]> on host f6d4228a9eb8
[2025-06-19T18:06:39.263+0900] {taskinstance.py:3134} INFO - Exporting env vars: AIRFLOW_CTX_DAG_OWNER='***' AIRFLOW_CTX_DAG_ID='image_classify_v1' AIRFLOW_CTX_TASK_ID='check_file_exists_branch' AIRFLOW_CTX_EXECUTION_DATE='2025-06-19T09:06:27.482206+00:00' AIRFLOW_CTX_TRY_NUMBER='1' AIRFLOW_CTX_DAG_RUN_ID='manual__2025-06-19T09:06:27.482206+00:00'
[2025-06-19T18:06:39.265+0900] {taskinstance.py:732} INFO - ::endgroup::
[2025-06-19T18:06:39.268+0900] {python.py:240} INFO - Done. Returned value was: get_file_info_list_task
[2025-06-19T18:06:39.269+0900] {branch.py:38} INFO - Branch into get_file_info_list_task
[2025-06-19T18:06:39.269+0900] {skipmixin.py:233} INFO - Following branch ('get_file_info_list_task',)
[2025-06-19T18:06:39.277+0900] {skipmixin.py:281} INFO - Skipping tasks [('end_task', -1)]
[2025-06-19T18:06:39.307+0900] {taskinstance.py:341} INFO - ::group::Post task execution logs
[2025-06-19T18:06:39.307+0900] {taskinstance.py:353} INFO - Marking task as SUCCESS. dag_id=image_classify_v1, task_id=check_file_exists_branch, run_id=manual__2025-06-19T09:06:27.482206+00:00, execution_date=20250619T090627, start_date=20250619T090639, end_date=20250619T090639
[2025-06-19T18:06:39.369+0900] {local_task_job_runner.py:266} INFO - Task exited with return code 0
[2025-06-19T18:06:39.399+0900] {taskinstance.py:3901} INFO - 1 downstream tasks scheduled from follow-on schedule check
[2025-06-19T18:06:39.403+0900] {local_task_job_runner.py:245} INFO - ::endgroup::
