[2025-06-24T16:43:01.817+0900] {local_task_job_runner.py:123} INFO - ::group::Pre task execution logs
[2025-06-24T16:43:01.860+0900] {taskinstance.py:2614} INFO - Dependencies all met for dep_context=non-requeueable deps ti=<TaskInstance: lilt_document_classifier_balanced_V0.1.img_preprocess_task__1 manual__2025-06-24T07:39:02.784990+00:00 map_index=24 [queued]>
[2025-06-24T16:43:01.874+0900] {taskinstance.py:2614} INFO - Dependencies all met for dep_context=requeueable deps ti=<TaskInstance: lilt_document_classifier_balanced_V0.1.img_preprocess_task__1 manual__2025-06-24T07:39:02.784990+00:00 map_index=24 [queued]>
[2025-06-24T16:43:01.874+0900] {taskinstance.py:2867} INFO - Starting attempt 1 of 1
[2025-06-24T16:43:01.887+0900] {taskinstance.py:2890} INFO - Executing <Mapped(_PythonDecoratedOperator): img_preprocess_task__1> on 2025-06-24 07:39:02.784990+00:00
[2025-06-24T16:43:01.931+0900] {standard_task_runner.py:104} INFO - Running: ['***', 'tasks', 'run', 'lilt_document_classifier_balanced_V0.1', 'img_preprocess_task__1', 'manual__2025-06-24T07:39:02.784990+00:00', '--job-id', '4465', '--raw', '--subdir', 'DAGS_FOLDER/class_create_dag.py', '--cfg-path', '/tmp/tmpklwsb2hi', '--map-index', '24']
[2025-06-24T16:43:01.928+0900] {warnings.py:112} WARNING - /home/***/.local/lib/python3.12/site-packages/***/task/task_runner/standard_task_runner.py:70: DeprecationWarning: This process (pid=54632) is multi-threaded, use of fork() may lead to deadlocks in the child.
  pid = os.fork()

[2025-06-24T16:43:01.937+0900] {standard_task_runner.py:105} INFO - Job 4465: Subtask img_preprocess_task__1
[2025-06-24T16:43:01.938+0900] {standard_task_runner.py:72} INFO - Started process 54670 to run task
[2025-06-24T16:43:02.052+0900] {task_command.py:467} INFO - Running <TaskInstance: lilt_document_classifier_balanced_V0.1.img_preprocess_task__1 manual__2025-06-24T07:39:02.784990+00:00 map_index=24 [running]> on host f6d4228a9eb8
[2025-06-24T16:43:02.448+0900] {taskinstance.py:3134} INFO - Exporting env vars: AIRFLOW_CTX_DAG_OWNER='***' AIRFLOW_CTX_DAG_ID='lilt_document_classifier_balanced_V0.1' AIRFLOW_CTX_TASK_ID='img_preprocess_task__1' AIRFLOW_CTX_EXECUTION_DATE='2025-06-24T07:39:02.784990+00:00' AIRFLOW_CTX_TRY_NUMBER='1' AIRFLOW_CTX_DAG_RUN_ID='manual__2025-06-24T07:39:02.784990+00:00'
[2025-06-24T16:43:02.454+0900] {taskinstance.py:732} INFO - ::endgroup::
[2025-06-24T16:43:02.467+0900] {logging_mixin.py:190} INFO - empty map check {} {'process_id': '_ceae100a-0265-4ca6-bfe7-561a405fde52_pre', 'folder_path': 'b27b0046-03b0-43af-bb2d-1b86cd8c17f9/ceae100a-0265-4ca6-bfe7-561a405fde52', 'step_list': [{'name': 'cache', 'param': {'key': 'origin'}}, {'name': 'calc_angle_set2', 'param': {'key': 'angle1', 'iterations': 4, 'iter_save': False}}, {'name': 'text_orientation_set', 'param': {'key': 'angle2', 'iterations': 4, 'iter_save': False}}, {'name': 'load', 'param': {'key': 'origin'}}, {'name': 'rotate', 'param': {'key': 'angle1'}}, {'name': 'rotate', 'param': {'key': 'angle2'}}], 'result_file_map': {}}
[2025-06-24T16:43:02.471+0900] {logging_mixin.py:190} INFO - step : cache
[2025-06-24T16:43:02.472+0900] {logging_mixin.py:190} INFO - step : calc_angle_set2
[2025-06-24T16:43:07.179+0900] {logging_mixin.py:190} INFO - osd 1 0 0 0 0 [0, 0, 0, 0, 0, 0, 0, 0, 0, 0, 0, 0, 0, 0, 0, 0, 0, 0, 0, 0, 0, 0, 0, 0, 0, 0, 0, 0, 0, 0, 0, 0, 0, 0, 0, 0, 0, 0, 0, 0, 0]
[2025-06-24T16:43:11.232+0900] {logging_mixin.py:190} INFO - osd 2 0 0 0 0 [0, 0, 0, 0, 0, 0, 0, 0, 0, 0, 0, 0, 0, 0, 0, 0, 0, 0, 0, 0, 0, 0, 0, 0, 0, 0, 0, 0, 0, 0, 0, 0, 0, 0, 0, 0, 0, 0, 0, 0, 0]
[2025-06-24T16:43:16.814+0900] {logging_mixin.py:190} INFO - osd 3 0 0 0 0 [0, 0, 0, 0, 0, 0, 0, 0, 0, 0, 0, 0, 0, 0, 0, 0, 0, 0, 0, 0, 0, 0, 0, 0, 0, 0, 0, 0, 0, 0, 0, 0, 0, 0, 0, 0, 0, 0, 0, 0, 0]
[2025-06-24T16:43:22.426+0900] {logging_mixin.py:190} INFO - osd 4 0 0 0 0 [0, 0, 0, 0, 0, 0, 0, 0, 0, 0, 0, 0, 0, 0, 0, 0, 0, 0, 0, 0, 0, 0, 0, 0, 0, 0, 0, 0, 0, 0, 0, 0, 0, 0, 0, 0, 0, 0, 0, 0, 0]
[2025-06-24T16:43:22.466+0900] {logging_mixin.py:190} INFO - step : text_orientation_set
[2025-06-24T16:43:28.563+0900] {logging_mixin.py:190} INFO - Tesseract OSD Error: (1, 'Estimating resolution as 100 Warning. Invalid resolution 0 dpi. Using 70 instead. Too few characters. Skipping this page Error during processing.')
[2025-06-24T16:43:28.574+0900] {logging_mixin.py:190} INFO - step : load
[2025-06-24T16:43:28.576+0900] {logging_mixin.py:190} INFO - step : rotate
[2025-06-24T16:43:28.600+0900] {logging_mixin.py:190} INFO - step : rotate
[2025-06-24T16:43:28.944+0900] {logging_mixin.py:190} INFO - file_copy: /opt/***/data/temp/b27b0046-03b0-43af-bb2d-1b86cd8c17f9/ceae100a-0265-4ca6-bfe7-561a405fde52/_result.png
[2025-06-24T16:43:29.009+0900] {python.py:240} INFO - Done. Returned value was: {'file_id': 'b27b0046-03b0-43af-bb2d-1b86cd8c17f9', 'file_path': '/opt/***/data/class/a_class/classify/ready/false/copied_28_2040962447.png', 'false': {'process_id': '_ceae100a-0265-4ca6-bfe7-561a405fde52_pre', 'folder_path': 'b27b0046-03b0-43af-bb2d-1b86cd8c17f9/ceae100a-0265-4ca6-bfe7-561a405fde52', 'step_list': [{'name': 'cache', 'param': {'key': 'origin'}}, {'name': 'calc_angle_set2', 'param': {'key': 'angle1', 'iterations': 4, 'iter_save': False}}, {'name': 'text_orientation_set', 'param': {'key': 'angle2', 'iterations': 4, 'iter_save': False}}, {'name': 'load', 'param': {'key': 'origin'}}, {'name': 'rotate', 'param': {'key': 'angle1'}}, {'name': 'rotate', 'param': {'key': 'angle2'}}], 'result_file_map': {'_result': '/opt/***/data/temp/b27b0046-03b0-43af-bb2d-1b86cd8c17f9/ceae100a-0265-4ca6-bfe7-561a405fde52/_result.png'}}}
[2025-06-24T16:43:29.103+0900] {taskinstance.py:341} INFO - ::group::Post task execution logs
[2025-06-24T16:43:29.112+0900] {taskinstance.py:353} INFO - Marking task as SUCCESS. dag_id=lilt_document_classifier_balanced_V0.1, task_id=img_preprocess_task__1, run_id=manual__2025-06-24T07:39:02.784990+00:00, map_index=24, execution_date=20250624T073902, start_date=20250624T074301, end_date=20250624T074329
[2025-06-24T16:43:29.252+0900] {local_task_job_runner.py:266} INFO - Task exited with return code 0
[2025-06-24T16:43:29.292+0900] {taskinstance.py:3901} INFO - 0 downstream tasks scheduled from follow-on schedule check
[2025-06-24T16:43:29.303+0900] {local_task_job_runner.py:245} INFO - ::endgroup::
