[2025-06-23T09:44:56.582+0900] {local_task_job_runner.py:123} INFO - ::group::Pre task execution logs
[2025-06-23T09:44:56.648+0900] {taskinstance.py:2614} INFO - Dependencies all met for dep_context=non-requeueable deps ti=<TaskInstance: lilt_document_classifier_balanced_V0.1.img_preprocess_task__1 manual__2025-06-23T00:42:21.868462+00:00 map_index=35 [queued]>
[2025-06-23T09:44:56.908+0900] {taskinstance.py:2614} INFO - Dependencies all met for dep_context=requeueable deps ti=<TaskInstance: lilt_document_classifier_balanced_V0.1.img_preprocess_task__1 manual__2025-06-23T00:42:21.868462+00:00 map_index=35 [queued]>
[2025-06-23T09:44:56.948+0900] {taskinstance.py:2867} INFO - Starting attempt 1 of 1
[2025-06-23T09:44:57.052+0900] {taskinstance.py:2890} INFO - Executing <Mapped(_PythonDecoratedOperator): img_preprocess_task__1> on 2025-06-23 00:42:21.868462+00:00
[2025-06-23T09:44:57.211+0900] {warnings.py:112} WARNING - /home/***/.local/lib/python3.12/site-packages/***/task/task_runner/standard_task_runner.py:70: DeprecationWarning: This process (pid=82146) is multi-threaded, use of fork() may lead to deadlocks in the child.
  pid = os.fork()

[2025-06-23T09:44:57.231+0900] {standard_task_runner.py:72} INFO - Started process 82204 to run task
[2025-06-23T09:44:57.224+0900] {standard_task_runner.py:104} INFO - Running: ['***', 'tasks', 'run', 'lilt_document_classifier_balanced_V0.1', 'img_preprocess_task__1', 'manual__2025-06-23T00:42:21.868462+00:00', '--job-id', '1959', '--raw', '--subdir', 'DAGS_FOLDER/class_create_dag.py', '--cfg-path', '/tmp/tmpgen4l1so', '--map-index', '35']
[2025-06-23T09:44:57.243+0900] {standard_task_runner.py:105} INFO - Job 1959: Subtask img_preprocess_task__1
[2025-06-23T09:44:57.463+0900] {task_command.py:467} INFO - Running <TaskInstance: lilt_document_classifier_balanced_V0.1.img_preprocess_task__1 manual__2025-06-23T00:42:21.868462+00:00 map_index=35 [running]> on host f6d4228a9eb8
[2025-06-23T09:44:57.713+0900] {taskinstance.py:3134} INFO - Exporting env vars: AIRFLOW_CTX_DAG_OWNER='***' AIRFLOW_CTX_DAG_ID='lilt_document_classifier_balanced_V0.1' AIRFLOW_CTX_TASK_ID='img_preprocess_task__1' AIRFLOW_CTX_EXECUTION_DATE='2025-06-23T00:42:21.868462+00:00' AIRFLOW_CTX_TRY_NUMBER='1' AIRFLOW_CTX_DAG_RUN_ID='manual__2025-06-23T00:42:21.868462+00:00'
[2025-06-23T09:44:57.716+0900] {taskinstance.py:732} INFO - ::endgroup::
[2025-06-23T09:44:57.720+0900] {logging_mixin.py:190} INFO - empty map check {} {'process_id': '_aa3e0077-b2fb-47de-bbc7-88721204bcc8_pre', 'folder_path': '8c394401-f819-464d-9ce9-4374d345b81e/aa3e0077-b2fb-47de-bbc7-88721204bcc8', 'step_list': [{'name': 'cache', 'param': {'key': 'origin'}}, {'name': 'calc_angle_set1', 'param': {'key': 'angle1', 'iterations': 4, 'iter_save': False}}, {'name': 'text_orientation_set', 'param': {'key': 'angle2', 'iterations': 4, 'iter_save': False}}, {'name': 'load', 'param': {'key': 'origin'}}, {'name': 'rotate', 'param': {'key': 'angle1'}}, {'name': 'rotate', 'param': {'key': 'angle2'}}], 'result_file_map': {}}
[2025-06-23T09:44:57.720+0900] {logging_mixin.py:190} INFO - step : cache
[2025-06-23T09:44:57.723+0900] {logging_mixin.py:190} INFO - step : calc_angle_set1
[2025-06-23T09:44:57.901+0900] {logging_mixin.py:190} INFO - step : text_orientation_set
[2025-06-23T09:45:03.025+0900] {logging_mixin.py:190} INFO - Tesseract OSD Error: (1, 'Estimating resolution as 264 Warning. Invalid resolution 0 dpi. Using 70 instead. Too few characters. Skipping this page Error during processing.')
[2025-06-23T09:45:03.029+0900] {logging_mixin.py:190} INFO - step : load
[2025-06-23T09:45:03.030+0900] {logging_mixin.py:190} INFO - step : rotate
[2025-06-23T09:45:03.060+0900] {logging_mixin.py:190} INFO - step : rotate
[2025-06-23T09:45:03.245+0900] {logging_mixin.py:190} INFO - file_copy: /opt/***/data/temp/8c394401-f819-464d-9ce9-4374d345b81e/aa3e0077-b2fb-47de-bbc7-88721204bcc8/_result.png
[2025-06-23T09:45:03.273+0900] {python.py:240} INFO - Done. Returned value was: {'file_id': '8c394401-f819-464d-9ce9-4374d345b81e', 'file_path': '/opt/***/data/class/a_class/classify/ready/false/copied_75_2045968187.png', 'false': {'process_id': '_aa3e0077-b2fb-47de-bbc7-88721204bcc8_pre', 'folder_path': '8c394401-f819-464d-9ce9-4374d345b81e/aa3e0077-b2fb-47de-bbc7-88721204bcc8', 'step_list': [{'name': 'cache', 'param': {'key': 'origin'}}, {'name': 'calc_angle_set1', 'param': {'key': 'angle1', 'iterations': 4, 'iter_save': False}}, {'name': 'text_orientation_set', 'param': {'key': 'angle2', 'iterations': 4, 'iter_save': False}}, {'name': 'load', 'param': {'key': 'origin'}}, {'name': 'rotate', 'param': {'key': 'angle1'}}, {'name': 'rotate', 'param': {'key': 'angle2'}}], 'result_file_map': {'_result': '/opt/***/data/temp/8c394401-f819-464d-9ce9-4374d345b81e/aa3e0077-b2fb-47de-bbc7-88721204bcc8/_result.png'}}}
[2025-06-23T09:45:03.370+0900] {taskinstance.py:341} INFO - ::group::Post task execution logs
[2025-06-23T09:45:03.378+0900] {taskinstance.py:353} INFO - Marking task as SUCCESS. dag_id=lilt_document_classifier_balanced_V0.1, task_id=img_preprocess_task__1, run_id=manual__2025-06-23T00:42:21.868462+00:00, map_index=35, execution_date=20250623T004221, start_date=20250623T004456, end_date=20250623T004503
[2025-06-23T09:45:03.542+0900] {local_task_job_runner.py:266} INFO - Task exited with return code 0
[2025-06-23T09:45:03.651+0900] {taskinstance.py:3901} INFO - 0 downstream tasks scheduled from follow-on schedule check
[2025-06-23T09:45:03.666+0900] {local_task_job_runner.py:245} INFO - ::endgroup::
