[2025-06-23T09:47:37.468+0900] {local_task_job_runner.py:123} INFO - ::group::Pre task execution logs
[2025-06-23T09:47:37.705+0900] {taskinstance.py:2614} INFO - Dependencies all met for dep_context=non-requeueable deps ti=<TaskInstance: lilt_document_classifier_balanced_V0.1.img_preprocess_task manual__2025-06-23T00:42:21.868462+00:00 map_index=91 [queued]>
[2025-06-23T09:47:37.886+0900] {taskinstance.py:2614} INFO - Dependencies all met for dep_context=requeueable deps ti=<TaskInstance: lilt_document_classifier_balanced_V0.1.img_preprocess_task manual__2025-06-23T00:42:21.868462+00:00 map_index=91 [queued]>
[2025-06-23T09:47:37.893+0900] {taskinstance.py:2867} INFO - Starting attempt 1 of 1
[2025-06-23T09:47:37.949+0900] {taskinstance.py:2890} INFO - Executing <Mapped(_PythonDecoratedOperator): img_preprocess_task> on 2025-06-23 00:42:21.868462+00:00
[2025-06-23T09:47:38.034+0900] {standard_task_runner.py:104} INFO - Running: ['***', 'tasks', 'run', 'lilt_document_classifier_balanced_V0.1', 'img_preprocess_task', 'manual__2025-06-23T00:42:21.868462+00:00', '--job-id', '2069', '--raw', '--subdir', 'DAGS_FOLDER/class_create_dag.py', '--cfg-path', '/tmp/tmp84rb_3no', '--map-index', '91']
[2025-06-23T09:47:38.051+0900] {standard_task_runner.py:105} INFO - Job 2069: Subtask img_preprocess_task
[2025-06-23T09:47:38.031+0900] {warnings.py:112} WARNING - /home/***/.local/lib/python3.12/site-packages/***/task/task_runner/standard_task_runner.py:70: DeprecationWarning: This process (pid=84279) is multi-threaded, use of fork() may lead to deadlocks in the child.
  pid = os.fork()

[2025-06-23T09:47:38.063+0900] {standard_task_runner.py:72} INFO - Started process 84362 to run task
[2025-06-23T09:47:38.163+0900] {task_command.py:467} INFO - Running <TaskInstance: lilt_document_classifier_balanced_V0.1.img_preprocess_task manual__2025-06-23T00:42:21.868462+00:00 map_index=91 [running]> on host f6d4228a9eb8
[2025-06-23T09:47:38.425+0900] {taskinstance.py:3134} INFO - Exporting env vars: AIRFLOW_CTX_DAG_OWNER='***' AIRFLOW_CTX_DAG_ID='lilt_document_classifier_balanced_V0.1' AIRFLOW_CTX_TASK_ID='img_preprocess_task' AIRFLOW_CTX_EXECUTION_DATE='2025-06-23T00:42:21.868462+00:00' AIRFLOW_CTX_TRY_NUMBER='1' AIRFLOW_CTX_DAG_RUN_ID='manual__2025-06-23T00:42:21.868462+00:00'
[2025-06-23T09:47:38.431+0900] {taskinstance.py:732} INFO - ::endgroup::
[2025-06-23T09:47:38.449+0900] {logging_mixin.py:190} INFO - empty map check {} {'process_id': '_1396f6ae-c9a9-4a71-97de-4b184bbbc153_pre', 'folder_path': 'f39a2722-ec69-485c-a7c9-21ea189540fd/1396f6ae-c9a9-4a71-97de-4b184bbbc153', 'step_list': [{'name': 'cache', 'param': {'key': 'origin'}}, {'name': 'calc_angle_set1', 'param': {'key': 'angle1', 'iterations': 4, 'iter_save': False}}, {'name': 'text_orientation_set', 'param': {'key': 'angle2', 'iterations': 4, 'iter_save': False}}, {'name': 'load', 'param': {'key': 'origin'}}, {'name': 'rotate', 'param': {'key': 'angle1'}}, {'name': 'rotate', 'param': {'key': 'angle2'}}], 'result_file_map': {}}
[2025-06-23T09:47:38.458+0900] {logging_mixin.py:190} INFO - step : cache
[2025-06-23T09:47:38.460+0900] {logging_mixin.py:190} INFO - step : calc_angle_set1
[2025-06-23T09:47:39.483+0900] {logging_mixin.py:190} INFO - step : text_orientation_set
[2025-06-23T09:47:51.551+0900] {logging_mixin.py:190} INFO - osd 1 break  0 0 9.25 Korean 1.01
[2025-06-23T09:47:51.552+0900] {logging_mixin.py:190} INFO - step : load
[2025-06-23T09:47:51.553+0900] {logging_mixin.py:190} INFO - step : rotate
[2025-06-23T09:47:51.631+0900] {logging_mixin.py:190} INFO - step : rotate
[2025-06-23T09:47:51.796+0900] {logging_mixin.py:190} INFO - file_copy: /opt/***/data/temp/f39a2722-ec69-485c-a7c9-21ea189540fd/1396f6ae-c9a9-4a71-97de-4b184bbbc153/_result.png
[2025-06-23T09:47:51.812+0900] {python.py:240} INFO - Done. Returned value was: {'file_id': 'f39a2722-ec69-485c-a7c9-21ea189540fd', 'file_path': '/opt/***/data/class/a_class/classify/ready/true/동선동 나성빌딩 - 정부24 - 건축물대장 등본(초본) 발급(열람) _ 문서출력_page_1_aug0.png', 'true': {'process_id': '_1396f6ae-c9a9-4a71-97de-4b184bbbc153_pre', 'folder_path': 'f39a2722-ec69-485c-a7c9-21ea189540fd/1396f6ae-c9a9-4a71-97de-4b184bbbc153', 'step_list': [{'name': 'cache', 'param': {'key': 'origin'}}, {'name': 'calc_angle_set1', 'param': {'key': 'angle1', 'iterations': 4, 'iter_save': False}}, {'name': 'text_orientation_set', 'param': {'key': 'angle2', 'iterations': 4, 'iter_save': False}}, {'name': 'load', 'param': {'key': 'origin'}}, {'name': 'rotate', 'param': {'key': 'angle1'}}, {'name': 'rotate', 'param': {'key': 'angle2'}}], 'result_file_map': {'_result': '/opt/***/data/temp/f39a2722-ec69-485c-a7c9-21ea189540fd/1396f6ae-c9a9-4a71-97de-4b184bbbc153/_result.png'}}}
[2025-06-23T09:47:51.848+0900] {taskinstance.py:341} INFO - ::group::Post task execution logs
[2025-06-23T09:47:51.848+0900] {taskinstance.py:353} INFO - Marking task as SUCCESS. dag_id=lilt_document_classifier_balanced_V0.1, task_id=img_preprocess_task, run_id=manual__2025-06-23T00:42:21.868462+00:00, map_index=91, execution_date=20250623T004221, start_date=20250623T004737, end_date=20250623T004751
[2025-06-23T09:47:51.937+0900] {local_task_job_runner.py:266} INFO - Task exited with return code 0
[2025-06-23T09:47:51.989+0900] {taskinstance.py:3901} INFO - 0 downstream tasks scheduled from follow-on schedule check
[2025-06-23T09:47:51.994+0900] {local_task_job_runner.py:245} INFO - ::endgroup::
