[2025-06-24T11:49:59.196+0900] {local_task_job_runner.py:123} INFO - ::group::Pre task execution logs
[2025-06-24T11:49:59.278+0900] {taskinstance.py:2614} INFO - Dependencies all met for dep_context=non-requeueable deps ti=<TaskInstance: lilt_document_classifier_balanced_V0.1.img_preprocess_task manual__2025-06-24T02:31:44.485922+00:00 map_index=67 [queued]>
[2025-06-24T11:49:59.365+0900] {taskinstance.py:2614} INFO - Dependencies all met for dep_context=requeueable deps ti=<TaskInstance: lilt_document_classifier_balanced_V0.1.img_preprocess_task manual__2025-06-24T02:31:44.485922+00:00 map_index=67 [queued]>
[2025-06-24T11:49:59.371+0900] {taskinstance.py:2867} INFO - Starting attempt 1 of 1
[2025-06-24T11:49:59.479+0900] {taskinstance.py:2890} INFO - Executing <Mapped(_PythonDecoratedOperator): img_preprocess_task> on 2025-06-24 02:31:44.485922+00:00
[2025-06-24T11:49:59.510+0900] {warnings.py:112} WARNING - /home/***/.local/lib/python3.12/site-packages/***/task/task_runner/standard_task_runner.py:70: DeprecationWarning: This process (pid=36226) is multi-threaded, use of fork() may lead to deadlocks in the child.
  pid = os.fork()

[2025-06-24T11:49:59.531+0900] {standard_task_runner.py:72} INFO - Started process 36251 to run task
[2025-06-24T11:49:59.513+0900] {standard_task_runner.py:104} INFO - Running: ['***', 'tasks', 'run', 'lilt_document_classifier_balanced_V0.1', 'img_preprocess_task', 'manual__2025-06-24T02:31:44.485922+00:00', '--job-id', '3873', '--raw', '--subdir', 'DAGS_FOLDER/class_create_dag.py', '--cfg-path', '/tmp/tmp1lkjenhh', '--map-index', '67']
[2025-06-24T11:49:59.538+0900] {standard_task_runner.py:105} INFO - Job 3873: Subtask img_preprocess_task
[2025-06-24T11:49:59.633+0900] {task_command.py:467} INFO - Running <TaskInstance: lilt_document_classifier_balanced_V0.1.img_preprocess_task manual__2025-06-24T02:31:44.485922+00:00 map_index=67 [running]> on host f6d4228a9eb8
[2025-06-24T11:50:00.154+0900] {taskinstance.py:3134} INFO - Exporting env vars: AIRFLOW_CTX_DAG_OWNER='***' AIRFLOW_CTX_DAG_ID='lilt_document_classifier_balanced_V0.1' AIRFLOW_CTX_TASK_ID='img_preprocess_task' AIRFLOW_CTX_EXECUTION_DATE='2025-06-24T02:31:44.485922+00:00' AIRFLOW_CTX_TRY_NUMBER='1' AIRFLOW_CTX_DAG_RUN_ID='manual__2025-06-24T02:31:44.485922+00:00'
[2025-06-24T11:50:00.157+0900] {taskinstance.py:732} INFO - ::endgroup::
[2025-06-24T11:50:00.160+0900] {logging_mixin.py:190} INFO - empty map check {} {'process_id': '_5ef5c30b-a6a1-413f-b39e-fa6be9e5cf4d_pre', 'folder_path': '30839efe-c810-43e5-bea9-4c8ed07e2551/5ef5c30b-a6a1-413f-b39e-fa6be9e5cf4d', 'step_list': [{'name': 'cache', 'param': {'key': 'origin'}}, {'name': 'calc_angle_set2', 'param': {'key': 'angle1', 'iterations': 4, 'iter_save': True}}, {'name': 'save', 'param': {'key': 'ag1'}}, {'name': 'text_orientation_set', 'param': {'key': 'angle2', 'iterations': 4, 'iter_save': True}}, {'name': 'save', 'param': {'key': 'ag2'}}, {'name': 'load', 'param': {'key': 'origin'}}, {'name': 'rotate', 'param': {'key': 'angle1'}}, {'name': 'rotate', 'param': {'key': 'angle2'}}], 'result_file_map': {}}
[2025-06-24T11:50:00.184+0900] {logging_mixin.py:190} INFO - step : cache
[2025-06-24T11:50:00.193+0900] {logging_mixin.py:190} INFO - step : calc_angle_set2
[2025-06-24T11:50:33.807+0900] {logging_mixin.py:190} INFO - osd 1 5.0 5.0 40 880097 [879938, 839172, 796703, 753063, 711497, 669469, 628603, 588316, 549024, 507160, 470915, 434657, 399745, 368051, 340283, 311306, 281480, 252321, 223685, 194790, 168002, 194805, 223301, 252368, 281568, 310880, 340324, 367696, 399705, 434400, 470372, 506926, 547590, 587221, 627684, 668285, 710336, 752729, 795127, 838874, 880097]
[2025-06-24T11:51:08.968+0900] {logging_mixin.py:190} INFO - osd 2 0.0 -5.0 0 2119018 [2119018, 2054801, 1992764, 1927021, 1857663, 1792185, 1726599, 1656960, 1590916, 1518655, 1453466, 1385126, 1317346, 1255492, 1188625, 1128113, 1066045, 1008761, 955038, 897033, 843037, 891657, 943850, 990364, 1040424, 1094098, 1145021, 1199625, 1249045, 1301069, 1353530, 1402990, 1459482, 1510453, 1564258, 1615800, 1667620, 1722814, 1776307, 1827021, 1881105]
[2025-06-24T11:51:56.958+0900] {logging_mixin.py:190} INFO - osd 3 -5.0 -5.0 0 3378527 [3378527, 3305310, 3237179, 3164971, 3096113, 3022160, 2953115, 2882072, 2819578, 2757349, 2697488, 2635074, 2570442, 2510353, 2445857, 2385462, 2321395, 2258707, 2195324, 2132426, 2071990, 2135598, 2201216, 2267199, 2333706, 2399799, 2462877, 2528891, 2592280, 2658346, 2721191, 2784554, 2847676, 2911948, 2979510, 3040286, 3105494, 3166910, 3231640, 3293362, 3359374]
[2025-06-24T11:53:02.059+0900] {logging_mixin.py:190} INFO - osd 4 0.0 5.0 40 5240312 [5023079, 4930843, 4839181, 4750698, 4660277, 4572619, 4480584, 4390816, 4305906, 4217038, 4134263, 4042332, 3960180, 3870929, 3787546, 3705053, 3623136, 3538630, 3457371, 3374987, 3302564, 3393214, 3492203, 3591678, 3692052, 3788328, 3885108, 3980876, 4083394, 4175934, 4277469, 4371819, 4470480, 4564681, 4663552, 4762140, 4858215, 4953047, 5048771, 5143663, 5240312]
[2025-06-24T11:53:02.479+0900] {logging_mixin.py:190} INFO - step : save
[2025-06-24T11:53:03.293+0900] {logging_mixin.py:190} INFO - file_copy: /opt/***/data/temp/30839efe-c810-43e5-bea9-4c8ed07e2551/5ef5c30b-a6a1-413f-b39e-fa6be9e5cf4d/ag1.png
[2025-06-24T11:53:03.327+0900] {logging_mixin.py:190} INFO - step : text_orientation_set
[2025-06-24T11:53:20.119+0900] {logging_mixin.py:190} INFO - file_copy: /opt/***/data/temp/30839efe-c810-43e5-bea9-4c8ed07e2551/5ef5c30b-a6a1-413f-b39e-fa6be9e5cf4d/rotate2_1.png
[2025-06-24T11:53:26.226+0900] {logging_mixin.py:190} INFO - osd 1 break  0 0 11.46 Japanese 0.4
[2025-06-24T11:53:26.228+0900] {logging_mixin.py:190} INFO - step : save
[2025-06-24T11:53:26.938+0900] {logging_mixin.py:190} INFO - file_copy: /opt/***/data/temp/30839efe-c810-43e5-bea9-4c8ed07e2551/5ef5c30b-a6a1-413f-b39e-fa6be9e5cf4d/ag2.png
[2025-06-24T11:53:26.986+0900] {logging_mixin.py:190} INFO - step : load
[2025-06-24T11:53:26.988+0900] {logging_mixin.py:190} INFO - step : rotate
[2025-06-24T11:53:27.080+0900] {logging_mixin.py:190} INFO - step : rotate
[2025-06-24T11:53:27.428+0900] {logging_mixin.py:190} INFO - file_copy: /opt/***/data/temp/30839efe-c810-43e5-bea9-4c8ed07e2551/5ef5c30b-a6a1-413f-b39e-fa6be9e5cf4d/_result.png
[2025-06-24T11:53:27.450+0900] {python.py:240} INFO - Done. Returned value was: {'file_id': '30839efe-c810-43e5-bea9-4c8ed07e2551', 'file_path': '/opt/***/data/class/a_class/classify/ready/true/필동 평강빌딩 - 정부24 - 건축물대장 등본(초본) 발급(열람) _ 문서출력_page_1_aug2.png', 'true': {'process_id': '_5ef5c30b-a6a1-413f-b39e-fa6be9e5cf4d_pre', 'folder_path': '30839efe-c810-43e5-bea9-4c8ed07e2551/5ef5c30b-a6a1-413f-b39e-fa6be9e5cf4d', 'step_list': [{'name': 'cache', 'param': {'key': 'origin'}}, {'name': 'calc_angle_set2', 'param': {'key': 'angle1', 'iterations': 4, 'iter_save': True}}, {'name': 'save', 'param': {'key': 'ag1'}}, {'name': 'text_orientation_set', 'param': {'key': 'angle2', 'iterations': 4, 'iter_save': True}}, {'name': 'save', 'param': {'key': 'ag2'}}, {'name': 'load', 'param': {'key': 'origin'}}, {'name': 'rotate', 'param': {'key': 'angle1'}}, {'name': 'rotate', 'param': {'key': 'angle2'}}], 'result_file_map': {'ag1': '/opt/***/data/temp/30839efe-c810-43e5-bea9-4c8ed07e2551/5ef5c30b-a6a1-413f-b39e-fa6be9e5cf4d/ag1.png', 'rotate2_1': '/opt/***/data/temp/30839efe-c810-43e5-bea9-4c8ed07e2551/5ef5c30b-a6a1-413f-b39e-fa6be9e5cf4d/rotate2_1.png', 'ag2': '/opt/***/data/temp/30839efe-c810-43e5-bea9-4c8ed07e2551/5ef5c30b-a6a1-413f-b39e-fa6be9e5cf4d/ag2.png', '_result': '/opt/***/data/temp/30839efe-c810-43e5-bea9-4c8ed07e2551/5ef5c30b-a6a1-413f-b39e-fa6be9e5cf4d/_result.png'}}}
[2025-06-24T11:53:27.499+0900] {taskinstance.py:341} INFO - ::group::Post task execution logs
[2025-06-24T11:53:27.500+0900] {taskinstance.py:353} INFO - Marking task as SUCCESS. dag_id=lilt_document_classifier_balanced_V0.1, task_id=img_preprocess_task, run_id=manual__2025-06-24T02:31:44.485922+00:00, map_index=67, execution_date=20250624T023144, start_date=20250624T024959, end_date=20250624T025327
[2025-06-24T11:53:27.747+0900] {local_task_job_runner.py:266} INFO - Task exited with return code 0
[2025-06-24T11:53:27.998+0900] {taskinstance.py:3901} INFO - 0 downstream tasks scheduled from follow-on schedule check
[2025-06-24T11:53:28.018+0900] {local_task_job_runner.py:245} INFO - ::endgroup::
