[2025-06-24T11:42:43.983+0900] {local_task_job_runner.py:123} INFO - ::group::Pre task execution logs
[2025-06-24T11:42:44.153+0900] {taskinstance.py:2614} INFO - Dependencies all met for dep_context=non-requeueable deps ti=<TaskInstance: lilt_document_classifier_balanced_V0.1.img_preprocess_task manual__2025-06-24T02:31:44.485922+00:00 map_index=41 [queued]>
[2025-06-24T11:42:44.184+0900] {taskinstance.py:2614} INFO - Dependencies all met for dep_context=requeueable deps ti=<TaskInstance: lilt_document_classifier_balanced_V0.1.img_preprocess_task manual__2025-06-24T02:31:44.485922+00:00 map_index=41 [queued]>
[2025-06-24T11:42:44.196+0900] {taskinstance.py:2867} INFO - Starting attempt 1 of 1
[2025-06-24T11:42:44.242+0900] {taskinstance.py:2890} INFO - Executing <Mapped(_PythonDecoratedOperator): img_preprocess_task> on 2025-06-24 02:31:44.485922+00:00
[2025-06-24T11:42:44.307+0900] {standard_task_runner.py:104} INFO - Running: ['***', 'tasks', 'run', 'lilt_document_classifier_balanced_V0.1', 'img_preprocess_task', 'manual__2025-06-24T02:31:44.485922+00:00', '--job-id', '3820', '--raw', '--subdir', 'DAGS_FOLDER/class_create_dag.py', '--cfg-path', '/tmp/tmpmkj_y9wx', '--map-index', '41']
[2025-06-24T11:42:44.314+0900] {standard_task_runner.py:105} INFO - Job 3820: Subtask img_preprocess_task
[2025-06-24T11:42:44.307+0900] {warnings.py:112} WARNING - /home/***/.local/lib/python3.12/site-packages/***/task/task_runner/standard_task_runner.py:70: DeprecationWarning: This process (pid=35151) is multi-threaded, use of fork() may lead to deadlocks in the child.
  pid = os.fork()

[2025-06-24T11:42:44.322+0900] {standard_task_runner.py:72} INFO - Started process 35161 to run task
[2025-06-24T11:42:44.385+0900] {task_command.py:467} INFO - Running <TaskInstance: lilt_document_classifier_balanced_V0.1.img_preprocess_task manual__2025-06-24T02:31:44.485922+00:00 map_index=41 [running]> on host f6d4228a9eb8
[2025-06-24T11:42:44.730+0900] {taskinstance.py:3134} INFO - Exporting env vars: AIRFLOW_CTX_DAG_OWNER='***' AIRFLOW_CTX_DAG_ID='lilt_document_classifier_balanced_V0.1' AIRFLOW_CTX_TASK_ID='img_preprocess_task' AIRFLOW_CTX_EXECUTION_DATE='2025-06-24T02:31:44.485922+00:00' AIRFLOW_CTX_TRY_NUMBER='1' AIRFLOW_CTX_DAG_RUN_ID='manual__2025-06-24T02:31:44.485922+00:00'
[2025-06-24T11:42:44.749+0900] {taskinstance.py:732} INFO - ::endgroup::
[2025-06-24T11:42:44.760+0900] {logging_mixin.py:190} INFO - empty map check {} {'process_id': '_dd565ff9-4fa1-440c-832c-ace256bb2097_pre', 'folder_path': '6d1288b5-f795-431a-b620-a31f6f500a64/dd565ff9-4fa1-440c-832c-ace256bb2097', 'step_list': [{'name': 'cache', 'param': {'key': 'origin'}}, {'name': 'calc_angle_set2', 'param': {'key': 'angle1', 'iterations': 4, 'iter_save': True}}, {'name': 'save', 'param': {'key': 'ag1'}}, {'name': 'text_orientation_set', 'param': {'key': 'angle2', 'iterations': 4, 'iter_save': True}}, {'name': 'save', 'param': {'key': 'ag2'}}, {'name': 'load', 'param': {'key': 'origin'}}, {'name': 'rotate', 'param': {'key': 'angle1'}}, {'name': 'rotate', 'param': {'key': 'angle2'}}], 'result_file_map': {}}
[2025-06-24T11:42:44.797+0900] {logging_mixin.py:190} INFO - step : cache
[2025-06-24T11:42:44.798+0900] {logging_mixin.py:190} INFO - step : calc_angle_set2
[2025-06-24T11:43:19.492+0900] {logging_mixin.py:190} INFO - osd 1 5.0 5.0 40 909837 [905993, 865352, 823089, 780096, 738683, 696608, 655871, 615455, 576236, 534895, 498026, 461956, 425483, 391220, 361042, 331740, 302564, 273507, 244969, 216176, 189456, 216191, 244585, 273552, 302650, 331864, 362126, 391704, 426256, 462097, 498784, 535651, 576696, 615927, 657455, 698885, 740621, 783177, 826570, 869315, 909837]
[2025-06-24T11:44:00.417+0900] {logging_mixin.py:190} INFO - osd 2 0.0 -5.0 0 2258324 [2258324, 2189482, 2122635, 2051612, 1977796, 1906853, 1835696, 1760374, 1689875, 1611149, 1541078, 1466966, 1394815, 1326489, 1253759, 1187350, 1118927, 1055973, 996066, 931842, 872523, 920958, 973279, 1020758, 1070336, 1124210, 1175134, 1229438, 1277936, 1330435, 1382376, 1431394, 1488886, 1538461, 1592598, 1644077, 1695493, 1752237, 1806277, 1855812, 1911259]
[2025-06-24T11:44:50.341+0900] {logging_mixin.py:190} INFO - osd 3 5.0 5.0 40 3588656 [3554457, 3482094, 3416476, 3347447, 3283464, 3216665, 3154735, 3083589, 3018301, 2951818, 2886353, 2820749, 2750958, 2685486, 2616891, 2552989, 2483983, 2415717, 2348409, 2280783, 2215662, 2283595, 2353758, 2424302, 2495793, 2565933, 2633108, 2704150, 2771021, 2841369, 2909442, 2976083, 3043932, 3112215, 3183880, 3248372, 3317340, 3381799, 3451382, 3517686, 3588656]
[2025-06-24T11:45:50.590+0900] {logging_mixin.py:190} INFO - osd 4 0.0 -5.0 0 5600312 [5600312, 5500287, 5398426, 5297516, 5197167, 5095310, 4989610, 4883259, 4783348, 4676210, 4575089, 4465045, 4363440, 4253965, 4148271, 4044070, 3939263, 3831343, 3723912, 3616992, 3520136, 3592231, 3674458, 3758007, 3843158, 3926232, 4008684, 4093023, 4182361, 4264440, 4356376, 4440060, 4529600, 4613629, 4704425, 4798826, 4886889, 4977788, 5068955, 5161783, 5255258]
[2025-06-24T11:45:50.921+0900] {logging_mixin.py:190} INFO - step : save
[2025-06-24T11:45:51.928+0900] {logging_mixin.py:190} INFO - file_copy: /opt/***/data/temp/6d1288b5-f795-431a-b620-a31f6f500a64/dd565ff9-4fa1-440c-832c-ace256bb2097/ag1.png
[2025-06-24T11:45:51.988+0900] {logging_mixin.py:190} INFO - step : text_orientation_set
[2025-06-24T11:46:07.745+0900] {logging_mixin.py:190} INFO - file_copy: /opt/***/data/temp/6d1288b5-f795-431a-b620-a31f6f500a64/dd565ff9-4fa1-440c-832c-ace256bb2097/rotate2_1.png
[2025-06-24T11:46:16.763+0900] {logging_mixin.py:190} INFO - osd 1 break  0 0 10.41 Korean 0.19
[2025-06-24T11:46:16.764+0900] {logging_mixin.py:190} INFO - step : save
[2025-06-24T11:46:17.676+0900] {logging_mixin.py:190} INFO - file_copy: /opt/***/data/temp/6d1288b5-f795-431a-b620-a31f6f500a64/dd565ff9-4fa1-440c-832c-ace256bb2097/ag2.png
[2025-06-24T11:46:17.912+0900] {logging_mixin.py:190} INFO - step : load
[2025-06-24T11:46:17.945+0900] {logging_mixin.py:190} INFO - step : rotate
[2025-06-24T11:46:18.521+0900] {logging_mixin.py:190} INFO - step : rotate
[2025-06-24T11:46:20.514+0900] {logging_mixin.py:190} INFO - file_copy: /opt/***/data/temp/6d1288b5-f795-431a-b620-a31f6f500a64/dd565ff9-4fa1-440c-832c-ace256bb2097/_result.png
[2025-06-24T11:46:20.539+0900] {python.py:240} INFO - Done. Returned value was: {'file_id': '6d1288b5-f795-431a-b620-a31f6f500a64', 'file_path': '/opt/***/data/class/a_class/classify/ready/true/청진동 삼선빌딩 - 정부24 - 건축물대장 등본(초본) 발급(열람) _ 문서출력_page_1_aug0.png', 'true': {'process_id': '_dd565ff9-4fa1-440c-832c-ace256bb2097_pre', 'folder_path': '6d1288b5-f795-431a-b620-a31f6f500a64/dd565ff9-4fa1-440c-832c-ace256bb2097', 'step_list': [{'name': 'cache', 'param': {'key': 'origin'}}, {'name': 'calc_angle_set2', 'param': {'key': 'angle1', 'iterations': 4, 'iter_save': True}}, {'name': 'save', 'param': {'key': 'ag1'}}, {'name': 'text_orientation_set', 'param': {'key': 'angle2', 'iterations': 4, 'iter_save': True}}, {'name': 'save', 'param': {'key': 'ag2'}}, {'name': 'load', 'param': {'key': 'origin'}}, {'name': 'rotate', 'param': {'key': 'angle1'}}, {'name': 'rotate', 'param': {'key': 'angle2'}}], 'result_file_map': {'ag1': '/opt/***/data/temp/6d1288b5-f795-431a-b620-a31f6f500a64/dd565ff9-4fa1-440c-832c-ace256bb2097/ag1.png', 'rotate2_1': '/opt/***/data/temp/6d1288b5-f795-431a-b620-a31f6f500a64/dd565ff9-4fa1-440c-832c-ace256bb2097/rotate2_1.png', 'ag2': '/opt/***/data/temp/6d1288b5-f795-431a-b620-a31f6f500a64/dd565ff9-4fa1-440c-832c-ace256bb2097/ag2.png', '_result': '/opt/***/data/temp/6d1288b5-f795-431a-b620-a31f6f500a64/dd565ff9-4fa1-440c-832c-ace256bb2097/_result.png'}}}
[2025-06-24T11:46:20.792+0900] {taskinstance.py:341} INFO - ::group::Post task execution logs
[2025-06-24T11:46:20.795+0900] {taskinstance.py:353} INFO - Marking task as SUCCESS. dag_id=lilt_document_classifier_balanced_V0.1, task_id=img_preprocess_task, run_id=manual__2025-06-24T02:31:44.485922+00:00, map_index=41, execution_date=20250624T023144, start_date=20250624T024244, end_date=20250624T024620
[2025-06-24T11:46:20.943+0900] {local_task_job_runner.py:266} INFO - Task exited with return code 0
[2025-06-24T11:46:21.008+0900] {taskinstance.py:3901} INFO - 0 downstream tasks scheduled from follow-on schedule check
[2025-06-24T11:46:21.014+0900] {local_task_job_runner.py:245} INFO - ::endgroup::
