[2025-05-27T09:02:50.306+0000] {local_task_job_runner.py:123} INFO - ::group::Pre task execution logs
[2025-05-27T09:02:50.612+0000] {taskinstance.py:2614} INFO - Dependencies all met for dep_context=non-requeueable deps ti=<TaskInstance: image_processing_per_file_v2.preprocess_group.grayscale_task manual__2025-05-27T08:58:50.827042+00:00 map_index=161 [queued]>
[2025-05-27T09:02:50.854+0000] {taskinstance.py:2614} INFO - Dependencies all met for dep_context=requeueable deps ti=<TaskInstance: image_processing_per_file_v2.preprocess_group.grayscale_task manual__2025-05-27T08:58:50.827042+00:00 map_index=161 [queued]>
[2025-05-27T09:02:50.893+0000] {taskinstance.py:2867} INFO - Starting attempt 1 of 1
[2025-05-27T09:02:51.044+0000] {taskinstance.py:2890} INFO - Executing <Task(_PythonDecoratedOperator): preprocess_group.grayscale_task> on 2025-05-27 08:58:50.827042+00:00
[2025-05-27T09:02:51.224+0000] {logging_mixin.py:190} WARNING - /home/***/.local/lib/python3.12/site-packages/***/task/task_runner/standard_task_runner.py:70 DeprecationWarning: This process (pid=34262) is multi-threaded, use of fork() may lead to deadlocks in the child.
[2025-05-27T09:02:51.217+0000] {standard_task_runner.py:104} INFO - Running: ['***', 'tasks', 'run', 'image_processing_per_file_v2', 'preprocess_group.grayscale_task', 'manual__2025-05-27T08:58:50.827042+00:00', '--job-id', '1153', '--raw', '--subdir', 'DAGS_FOLDER/test_dag.py', '--cfg-path', '/tmp/tmp5pgw5cfv', '--map-index', '161']
[2025-05-27T09:02:51.248+0000] {standard_task_runner.py:72} INFO - Started process 34347 to run task
[2025-05-27T09:02:51.251+0000] {standard_task_runner.py:105} INFO - Job 1153: Subtask preprocess_group.grayscale_task
[2025-05-27T09:02:51.751+0000] {task_command.py:467} INFO - Running <TaskInstance: image_processing_per_file_v2.preprocess_group.grayscale_task manual__2025-05-27T08:58:50.827042+00:00 map_index=161 [running]> on host d13339a4a574
[2025-05-27T09:02:53.065+0000] {taskinstance.py:3134} INFO - Exporting env vars: AIRFLOW_CTX_DAG_OWNER='***' AIRFLOW_CTX_DAG_ID='image_processing_per_file_v2' AIRFLOW_CTX_TASK_ID='preprocess_group.grayscale_task' AIRFLOW_CTX_EXECUTION_DATE='2025-05-27T08:58:50.827042+00:00' AIRFLOW_CTX_TRY_NUMBER='1' AIRFLOW_CTX_DAG_RUN_ID='manual__2025-05-27T08:58:50.827042+00:00'
[2025-05-27T09:02:53.079+0000] {logging_mixin.py:190} INFO - Task instance is in running state
[2025-05-27T09:02:53.114+0000] {logging_mixin.py:190} INFO -  Previous state of the Task instance: queued
[2025-05-27T09:02:53.116+0000] {logging_mixin.py:190} INFO - Current task name:preprocess_group.grayscale_task state:running start_date:2025-05-27 09:02:50.627614+00:00
[2025-05-27T09:02:53.128+0000] {logging_mixin.py:190} INFO - Dag name:image_processing_per_file_v2 and current dag run status:running
[2025-05-27T09:02:53.130+0000] {taskinstance.py:732} INFO - ::endgroup::
[2025-05-27T09:02:53.148+0000] {logging_mixin.py:190} INFO - ----------file_path /opt/***/data/upload/test/스크린샷 2025-05-21 181632 - 복사본 - 복사본 - 복사본 (2).png
[2025-05-27T09:02:54.483+0000] {logging_mixin.py:190} INFO - gray: /opt/***/data/temp/스크린샷 2025-05-21 181632 - 복사본 - 복사본 - 복사본 (2).png
[2025-05-27T09:02:54.493+0000] {python.py:240} INFO - Done. Returned value was: /opt/***/data/temp/스크린샷 2025-05-21 181632 - 복사본 - 복사본 - 복사본 (2).png
[2025-05-27T09:02:54.697+0000] {taskinstance.py:341} INFO - ::group::Post task execution logs
[2025-05-27T09:02:54.700+0000] {taskinstance.py:353} INFO - Marking task as SUCCESS. dag_id=image_processing_per_file_v2, task_id=preprocess_group.grayscale_task, run_id=manual__2025-05-27T08:58:50.827042+00:00, map_index=161, execution_date=20250527T085850, start_date=20250527T090250, end_date=20250527T090254
[2025-05-27T09:02:54.844+0000] {logging_mixin.py:190} INFO - Task instance in success state
[2025-05-27T09:02:54.869+0000] {logging_mixin.py:190} INFO -  Previous state of the Task instance: running
[2025-05-27T09:02:54.878+0000] {logging_mixin.py:190} INFO - Dag name:image_processing_per_file_v2 queued_at:2025-05-27 08:58:50.983771+00:00
[2025-05-27T09:02:54.888+0000] {logging_mixin.py:190} INFO - Task hostname:d13339a4a574 operator:_PythonDecoratedOperator
[2025-05-27T09:02:54.992+0000] {local_task_job_runner.py:266} INFO - Task exited with return code 0
[2025-05-27T09:02:55.039+0000] {local_task_job_runner.py:245} INFO - ::endgroup::
