[2025-06-09T09:03:33.721+0000] {local_task_job_runner.py:123} INFO - ::group::Pre task execution logs
[2025-06-09T09:03:33.747+0000] {taskinstance.py:2614} INFO - Dependencies all met for dep_context=non-requeueable deps ti=<TaskInstance: image_ocr_v2.img_preprocess_task manual__2025-06-09T09:03:27.070202+00:00 map_index=4 [queued]>
[2025-06-09T09:03:33.765+0000] {taskinstance.py:2614} INFO - Dependencies all met for dep_context=requeueable deps ti=<TaskInstance: image_ocr_v2.img_preprocess_task manual__2025-06-09T09:03:27.070202+00:00 map_index=4 [queued]>
[2025-06-09T09:03:33.765+0000] {taskinstance.py:2867} INFO - Starting attempt 1 of 1
[2025-06-09T09:03:33.785+0000] {taskinstance.py:2890} INFO - Executing <Mapped(_PythonDecoratedOperator): img_preprocess_task> on 2025-06-09 09:03:27.070202+00:00
[2025-06-09T09:03:33.792+0000] {warnings.py:112} WARNING - /home/***/.local/lib/python3.12/site-packages/***/task/task_runner/standard_task_runner.py:70: DeprecationWarning: This process (pid=7094) is multi-threaded, use of fork() may lead to deadlocks in the child.
  pid = os.fork()

[2025-06-09T09:03:33.795+0000] {standard_task_runner.py:72} INFO - Started process 7112 to run task
[2025-06-09T09:03:33.794+0000] {standard_task_runner.py:104} INFO - Running: ['***', 'tasks', 'run', 'image_ocr_v2', 'img_preprocess_task', 'manual__2025-06-09T09:03:27.070202+00:00', '--job-id', '237', '--raw', '--subdir', 'DAGS_FOLDER/test_dag.py', '--cfg-path', '/tmp/tmpxtu_dp_l', '--map-index', '4']
[2025-06-09T09:03:33.796+0000] {standard_task_runner.py:105} INFO - Job 237: Subtask img_preprocess_task
[2025-06-09T09:03:33.847+0000] {task_command.py:467} INFO - Running <TaskInstance: image_ocr_v2.img_preprocess_task manual__2025-06-09T09:03:27.070202+00:00 map_index=4 [running]> on host 85194d6fbd18
[2025-06-09T09:03:33.939+0000] {taskinstance.py:3134} INFO - Exporting env vars: AIRFLOW_CTX_DAG_OWNER='***' AIRFLOW_CTX_DAG_ID='image_ocr_v2' AIRFLOW_CTX_TASK_ID='img_preprocess_task' AIRFLOW_CTX_EXECUTION_DATE='2025-06-09T09:03:27.070202+00:00' AIRFLOW_CTX_TRY_NUMBER='1' AIRFLOW_CTX_DAG_RUN_ID='manual__2025-06-09T09:03:27.070202+00:00'
[2025-06-09T09:03:33.942+0000] {taskinstance.py:732} INFO - ::endgroup::
[2025-06-09T09:03:33.948+0000] {logging_mixin.py:190} INFO - empty map check {} {'process_id': 'bd2166cc-41e9-48e4-b0c2-e06e1aad9343', 'folder_path': '33e6167f-e33a-450d-9171-cc3066263bd5/bd2166cc-41e9-48e4-b0c2-e06e1aad9343', 'step_list': [{'name': 'cache', 'param': {'key': 'origin'}}, {'name': 'calc_angle_set1', 'param': {'key': 'angle1', 'iterations': 3}}, {'name': 'save', 'param': {'key': 'rotate1'}}, {'name': 'calc_angle_set2', 'param': {'key': 'angle2', 'iterations': 2}}, {'name': 'save', 'param': {'key': 'rotate2'}}, {'name': 'binary2', 'param': {}}, {'name': 'morphology1', 'param': {}}, {'name': 'scale1', 'param': {'width': 500, 'height': 500}}, {'name': 'save', 'param': {'key': 'classify_preprocess'}}], 'result_file_list': []}
[2025-06-09T09:03:33.949+0000] {logging_mixin.py:190} INFO - step : cache
[2025-06-09T09:03:33.949+0000] {logging_mixin.py:190} INFO - step : calc_angle_set1
[2025-06-09T09:03:34.044+0000] {logging_mixin.py:190} INFO - angle :  0 -0.11197593701704417
[2025-06-09T09:03:34.093+0000] {logging_mixin.py:190} INFO - angle :  -0.11197593701704417 -0.13422991936914475
[2025-06-09T09:03:34.131+0000] {logging_mixin.py:190} INFO - angle :  -0.24620585638618891 -0.1156916627470348
[2025-06-09T09:03:34.131+0000] {logging_mixin.py:190} INFO - step : save
[2025-06-09T09:03:34.530+0000] {logging_mixin.py:190} INFO - file_copy: /opt/***/data/result/33e6167f-e33a-450d-9171-cc3066263bd5/bd2166cc-41e9-48e4-b0c2-e06e1aad9343/rotate1.png
[2025-06-09T09:03:34.550+0000] {logging_mixin.py:190} INFO - step : calc_angle_set2
[2025-06-09T09:03:36.159+0000] {logging_mixin.py:190} INFO - step : save
[2025-06-09T09:03:36.415+0000] {logging_mixin.py:190} INFO - file_copy: /opt/***/data/result/33e6167f-e33a-450d-9171-cc3066263bd5/bd2166cc-41e9-48e4-b0c2-e06e1aad9343/rotate2.png
[2025-06-09T09:03:36.452+0000] {logging_mixin.py:190} INFO - step : binary2
[2025-06-09T09:03:36.519+0000] {logging_mixin.py:190} INFO - step : morphology1
[2025-06-09T09:03:36.538+0000] {logging_mixin.py:190} INFO - step : scale1
[2025-06-09T09:03:36.544+0000] {logging_mixin.py:190} INFO - step : save
[2025-06-09T09:03:36.550+0000] {logging_mixin.py:190} INFO - file_copy: /opt/***/data/result/33e6167f-e33a-450d-9171-cc3066263bd5/bd2166cc-41e9-48e4-b0c2-e06e1aad9343/classify_preprocess.png
[2025-06-09T09:03:36.552+0000] {python.py:240} INFO - Done. Returned value was: {'file_id': '33e6167f-e33a-450d-9171-cc3066263bd5', 'file_path': '/opt/***/data/upload/Gas Engine 점검일지_ 2021년 2월.pdf-image-017.jpg', 'preprocess_list': [{'process_id': 'bd2166cc-41e9-48e4-b0c2-e06e1aad9343', 'folder_path': '33e6167f-e33a-450d-9171-cc3066263bd5/bd2166cc-41e9-48e4-b0c2-e06e1aad9343', 'step_list': [{'name': 'cache', 'param': {'key': 'origin'}}, {'name': 'calc_angle_set1', 'param': {'key': 'angle1', 'iterations': 3}}, {'name': 'save', 'param': {'key': 'rotate1'}}, {'name': 'calc_angle_set2', 'param': {'key': 'angle2', 'iterations': 2}}, {'name': 'save', 'param': {'key': 'rotate2'}}, {'name': 'binary2', 'param': {}}, {'name': 'morphology1', 'param': {}}, {'name': 'scale1', 'param': {'width': 500, 'height': 500}}, {'name': 'save', 'param': {'key': 'classify_preprocess'}}], 'result_file_list': [{'rotate1': '/opt/***/data/result/33e6167f-e33a-450d-9171-cc3066263bd5/bd2166cc-41e9-48e4-b0c2-e06e1aad9343/rotate1.png'}, {'rotate2': '/opt/***/data/result/33e6167f-e33a-450d-9171-cc3066263bd5/bd2166cc-41e9-48e4-b0c2-e06e1aad9343/rotate2.png'}, {'classify_preprocess': '/opt/***/data/result/33e6167f-e33a-450d-9171-cc3066263bd5/bd2166cc-41e9-48e4-b0c2-e06e1aad9343/classify_preprocess.png'}]}]}
[2025-06-09T09:03:36.580+0000] {taskinstance.py:341} INFO - ::group::Post task execution logs
[2025-06-09T09:03:36.580+0000] {taskinstance.py:353} INFO - Marking task as SUCCESS. dag_id=image_ocr_v2, task_id=img_preprocess_task, run_id=manual__2025-06-09T09:03:27.070202+00:00, map_index=4, execution_date=20250609T090327, start_date=20250609T090333, end_date=20250609T090336
[2025-06-09T09:03:36.618+0000] {local_task_job_runner.py:266} INFO - Task exited with return code 0
[2025-06-09T09:03:36.632+0000] {taskinstance.py:3901} INFO - 0 downstream tasks scheduled from follow-on schedule check
[2025-06-09T09:03:36.634+0000] {local_task_job_runner.py:245} INFO - ::endgroup::
