[2025-06-23T16:36:20.594+0900] {local_task_job_runner.py:123} INFO - ::group::Pre task execution logs
[2025-06-23T16:36:20.696+0900] {taskinstance.py:2614} INFO - Dependencies all met for dep_context=non-requeueable deps ti=<TaskInstance: lilt_document_classifier_balanced_b_class_V0.1.img_preprocess_task manual__2025-06-23T06:58:09.542610+00:00 map_index=78 [queued]>
[2025-06-23T16:36:20.732+0900] {taskinstance.py:2614} INFO - Dependencies all met for dep_context=requeueable deps ti=<TaskInstance: lilt_document_classifier_balanced_b_class_V0.1.img_preprocess_task manual__2025-06-23T06:58:09.542610+00:00 map_index=78 [queued]>
[2025-06-23T16:36:20.736+0900] {taskinstance.py:2867} INFO - Starting attempt 1 of 1
[2025-06-23T16:36:20.889+0900] {taskinstance.py:2890} INFO - Executing <Mapped(_PythonDecoratedOperator): img_preprocess_task> on 2025-06-23 06:58:09.542610+00:00
[2025-06-23T16:36:20.927+0900] {warnings.py:112} WARNING - /home/***/.local/lib/python3.12/site-packages/***/task/task_runner/standard_task_runner.py:70: DeprecationWarning: This process (pid=9056) is multi-threaded, use of fork() may lead to deadlocks in the child.
  pid = os.fork()

[2025-06-23T16:36:20.953+0900] {standard_task_runner.py:72} INFO - Started process 9066 to run task
[2025-06-23T16:36:20.957+0900] {standard_task_runner.py:104} INFO - Running: ['***', 'tasks', 'run', 'lilt_document_classifier_balanced_b_class_V0.1', 'img_preprocess_task', 'manual__2025-06-23T06:58:09.542610+00:00', '--job-id', '3462', '--raw', '--subdir', 'DAGS_FOLDER/class_create_dag_b_class.py', '--cfg-path', '/tmp/tmpbio2kfxk', '--map-index', '78']
[2025-06-23T16:36:21.068+0900] {standard_task_runner.py:105} INFO - Job 3462: Subtask img_preprocess_task
[2025-06-23T16:36:21.237+0900] {task_command.py:467} INFO - Running <TaskInstance: lilt_document_classifier_balanced_b_class_V0.1.img_preprocess_task manual__2025-06-23T06:58:09.542610+00:00 map_index=78 [running]> on host f6d4228a9eb8
[2025-06-23T16:36:21.570+0900] {taskinstance.py:3134} INFO - Exporting env vars: AIRFLOW_CTX_DAG_OWNER='***' AIRFLOW_CTX_DAG_ID='lilt_document_classifier_balanced_b_class_V0.1' AIRFLOW_CTX_TASK_ID='img_preprocess_task' AIRFLOW_CTX_EXECUTION_DATE='2025-06-23T06:58:09.542610+00:00' AIRFLOW_CTX_TRY_NUMBER='1' AIRFLOW_CTX_DAG_RUN_ID='manual__2025-06-23T06:58:09.542610+00:00'
[2025-06-23T16:36:21.572+0900] {taskinstance.py:732} INFO - ::endgroup::
[2025-06-23T16:36:21.581+0900] {logging_mixin.py:190} INFO - empty map check {} {'process_id': '_bdc30961-3cfc-476d-8e41-28b3d2f55b69_pre', 'folder_path': '773e37b0-b387-4428-81de-70d90178e468/bdc30961-3cfc-476d-8e41-28b3d2f55b69', 'step_list': [{'name': 'cache', 'param': {'key': 'origin'}}, {'name': 'calc_angle_set2', 'param': {'key': 'angle1', 'iterations': 4, 'iter_save': False}}, {'name': 'text_orientation_set', 'param': {'key': 'angle2', 'iterations': 4, 'iter_save': False}}, {'name': 'load', 'param': {'key': 'origin'}}, {'name': 'rotate', 'param': {'key': 'angle1'}}, {'name': 'rotate', 'param': {'key': 'angle2'}}], 'result_file_map': {}}
[2025-06-23T16:36:21.594+0900] {logging_mixin.py:190} INFO - step : cache
[2025-06-23T16:36:21.596+0900] {logging_mixin.py:190} INFO - step : calc_angle_set2
[2025-06-23T16:36:50.659+0900] {logging_mixin.py:190} INFO - osd 1 -5.0 -5.0 0 1027238 [1027238, 985073, 940581, 895834, 852360, 808337, 765813, 722621, 681480, 638194, 598407, 559688, 520839, 483325, 452855, 422331, 392078, 361716, 327219, 291487, 259219, 286123, 315210, 344180, 374202, 404485, 437769, 471909, 510088, 550520, 589591, 629426, 673054, 714115, 755988, 798232, 842188, 884655, 928963, 972390, 1013975]
[2025-06-23T16:37:26.865+0900] {logging_mixin.py:190} INFO - osd 2 0.0 5.0 40 2387113 [2044777, 1988984, 1938228, 1884737, 1827643, 1775842, 1723819, 1669532, 1618028, 1560309, 1509377, 1456291, 1403450, 1352999, 1296907, 1245098, 1189825, 1138508, 1090909, 1037017, 987064, 1048282, 1114839, 1176011, 1243410, 1315980, 1387148, 1464475, 1535120, 1609217, 1683634, 1754394, 1833681, 1905273, 1980681, 2052852, 2122924, 2198059, 2263671, 2323932, 2387113]
[2025-06-23T16:38:12.189+0900] {logging_mixin.py:190} INFO - osd 3 -5.0 -5.0 0 3749228 [3749228, 3677814, 3611713, 3541615, 3477567, 3408016, 3342940, 3270647, 3201872, 3132841, 3066224, 2997439, 2926199, 2858000, 2787031, 2719871, 2648867, 2575600, 2498766, 2419617, 2343202, 2409841, 2477707, 2546541, 2615619, 2683956, 2749895, 2819806, 2886046, 2956087, 3022509, 3088609, 3155906, 3223364, 3294717, 3358268, 3425686, 3491133, 3562133, 3630768, 3704161]
[2025-06-23T16:39:10.956+0900] {logging_mixin.py:190} INFO - osd 4 0.0 5.0 40 5756436 [5433185, 5337991, 5244630, 5152122, 5059977, 4968866, 4874743, 4781584, 4695050, 4603541, 4519740, 4428340, 4347450, 4257474, 4172533, 4090216, 4007172, 3922260, 3838662, 3755814, 3682446, 3781735, 3889469, 3997566, 4106169, 4211738, 4316907, 4423113, 4533254, 4635649, 4746478, 4848550, 4954686, 5056645, 5163639, 5269591, 5371231, 5473026, 5568404, 5661880, 5756436]
[2025-06-23T16:39:11.493+0900] {logging_mixin.py:190} INFO - step : text_orientation_set
[2025-06-23T16:39:33.655+0900] {logging_mixin.py:190} INFO - osd 1 break  0 0 13.31 Japanese 0.64
[2025-06-23T16:39:33.666+0900] {logging_mixin.py:190} INFO - step : load
[2025-06-23T16:39:33.682+0900] {logging_mixin.py:190} INFO - step : rotate
[2025-06-23T16:39:34.173+0900] {logging_mixin.py:190} INFO - step : rotate
[2025-06-23T16:39:34.708+0900] {logging_mixin.py:190} INFO - file_copy: /opt/***/data/temp/773e37b0-b387-4428-81de-70d90178e468/bdc30961-3cfc-476d-8e41-28b3d2f55b69/_result.png
[2025-06-23T16:39:34.764+0900] {python.py:240} INFO - Done. Returned value was: {'file_id': '773e37b0-b387-4428-81de-70d90178e468', 'file_path': '/opt/***/data/class/b_class/classify/ready/true/송정동 연세빌딩 - 정부24 - 건축물대장 등본(초본) 발급(열람) _ 문서출력_page_1_aug2.png', 'true': {'process_id': '_bdc30961-3cfc-476d-8e41-28b3d2f55b69_pre', 'folder_path': '773e37b0-b387-4428-81de-70d90178e468/bdc30961-3cfc-476d-8e41-28b3d2f55b69', 'step_list': [{'name': 'cache', 'param': {'key': 'origin'}}, {'name': 'calc_angle_set2', 'param': {'key': 'angle1', 'iterations': 4, 'iter_save': False}}, {'name': 'text_orientation_set', 'param': {'key': 'angle2', 'iterations': 4, 'iter_save': False}}, {'name': 'load', 'param': {'key': 'origin'}}, {'name': 'rotate', 'param': {'key': 'angle1'}}, {'name': 'rotate', 'param': {'key': 'angle2'}}], 'result_file_map': {'_result': '/opt/***/data/temp/773e37b0-b387-4428-81de-70d90178e468/bdc30961-3cfc-476d-8e41-28b3d2f55b69/_result.png'}}}
[2025-06-23T16:39:34.815+0900] {taskinstance.py:341} INFO - ::group::Post task execution logs
[2025-06-23T16:39:34.821+0900] {taskinstance.py:353} INFO - Marking task as SUCCESS. dag_id=lilt_document_classifier_balanced_b_class_V0.1, task_id=img_preprocess_task, run_id=manual__2025-06-23T06:58:09.542610+00:00, map_index=78, execution_date=20250623T065809, start_date=20250623T073620, end_date=20250623T073934
[2025-06-23T16:39:34.956+0900] {local_task_job_runner.py:266} INFO - Task exited with return code 0
[2025-06-23T16:39:35.079+0900] {taskinstance.py:3901} INFO - 0 downstream tasks scheduled from follow-on schedule check
[2025-06-23T16:39:35.113+0900] {local_task_job_runner.py:245} INFO - ::endgroup::
