[2025-06-23T16:58:42.798+0900] {local_task_job_runner.py:123} INFO - ::group::Pre task execution logs
[2025-06-23T16:58:42.983+0900] {taskinstance.py:2614} INFO - Dependencies all met for dep_context=non-requeueable deps ti=<TaskInstance: lilt_document_classifier_balanced_V0.1.img_preprocess_task__1 manual__2025-06-23T07:44:09.997775+00:00 map_index=54 [queued]>
[2025-06-23T16:58:43.139+0900] {taskinstance.py:2614} INFO - Dependencies all met for dep_context=requeueable deps ti=<TaskInstance: lilt_document_classifier_balanced_V0.1.img_preprocess_task__1 manual__2025-06-23T07:44:09.997775+00:00 map_index=54 [queued]>
[2025-06-23T16:58:43.140+0900] {taskinstance.py:2867} INFO - Starting attempt 1 of 1
[2025-06-23T16:58:43.246+0900] {taskinstance.py:2890} INFO - Executing <Mapped(_PythonDecoratedOperator): img_preprocess_task__1> on 2025-06-23 07:44:09.997775+00:00
[2025-06-23T16:58:43.281+0900] {standard_task_runner.py:104} INFO - Running: ['***', 'tasks', 'run', 'lilt_document_classifier_balanced_V0.1', 'img_preprocess_task__1', 'manual__2025-06-23T07:44:09.997775+00:00', '--job-id', '3608', '--raw', '--subdir', 'DAGS_FOLDER/class_create_dag.py', '--cfg-path', '/tmp/tmpo2vkmcbd', '--map-index', '54']
[2025-06-23T16:58:43.287+0900] {standard_task_runner.py:105} INFO - Job 3608: Subtask img_preprocess_task__1
[2025-06-23T16:58:43.278+0900] {warnings.py:112} WARNING - /home/***/.local/lib/python3.12/site-packages/***/task/task_runner/standard_task_runner.py:70: DeprecationWarning: This process (pid=12035) is multi-threaded, use of fork() may lead to deadlocks in the child.
  pid = os.fork()

[2025-06-23T16:58:43.294+0900] {standard_task_runner.py:72} INFO - Started process 12047 to run task
[2025-06-23T16:58:43.397+0900] {task_command.py:467} INFO - Running <TaskInstance: lilt_document_classifier_balanced_V0.1.img_preprocess_task__1 manual__2025-06-23T07:44:09.997775+00:00 map_index=54 [running]> on host f6d4228a9eb8
[2025-06-23T16:58:43.911+0900] {taskinstance.py:3134} INFO - Exporting env vars: AIRFLOW_CTX_DAG_OWNER='***' AIRFLOW_CTX_DAG_ID='lilt_document_classifier_balanced_V0.1' AIRFLOW_CTX_TASK_ID='img_preprocess_task__1' AIRFLOW_CTX_EXECUTION_DATE='2025-06-23T07:44:09.997775+00:00' AIRFLOW_CTX_TRY_NUMBER='1' AIRFLOW_CTX_DAG_RUN_ID='manual__2025-06-23T07:44:09.997775+00:00'
[2025-06-23T16:58:43.915+0900] {taskinstance.py:732} INFO - ::endgroup::
[2025-06-23T16:58:43.926+0900] {logging_mixin.py:190} INFO - empty map check {} {'process_id': '_c46f8310-5dc5-49aa-be6f-669a427a8e70_pre', 'folder_path': 'ed199808-87a5-457d-af17-99e43d834b16/c46f8310-5dc5-49aa-be6f-669a427a8e70', 'step_list': [{'name': 'cache', 'param': {'key': 'origin'}}, {'name': 'calc_angle_set2', 'param': {'key': 'angle1', 'iterations': 4, 'iter_save': False}}, {'name': 'text_orientation_set', 'param': {'key': 'angle2', 'iterations': 4, 'iter_save': False}}, {'name': 'load', 'param': {'key': 'origin'}}, {'name': 'rotate', 'param': {'key': 'angle1'}}, {'name': 'rotate', 'param': {'key': 'angle2'}}], 'result_file_map': {}}
[2025-06-23T16:58:43.933+0900] {logging_mixin.py:190} INFO - step : cache
[2025-06-23T16:58:43.934+0900] {logging_mixin.py:190} INFO - step : calc_angle_set2
[2025-06-23T16:58:48.964+0900] {logging_mixin.py:190} INFO - osd 1 0 0 0 0 [0, 0, 0, 0, 0, 0, 0, 0, 0, 0, 0, 0, 0, 0, 0, 0, 0, 0, 0, 0, 0, 0, 0, 0, 0, 0, 0, 0, 0, 0, 0, 0, 0, 0, 0, 0, 0, 0, 0, 0, 0]
[2025-06-23T16:58:55.174+0900] {logging_mixin.py:190} INFO - osd 2 0 0 0 0 [0, 0, 0, 0, 0, 0, 0, 0, 0, 0, 0, 0, 0, 0, 0, 0, 0, 0, 0, 0, 0, 0, 0, 0, 0, 0, 0, 0, 0, 0, 0, 0, 0, 0, 0, 0, 0, 0, 0, 0, 0]
[2025-06-23T16:59:00.126+0900] {logging_mixin.py:190} INFO - osd 3 0 0 0 0 [0, 0, 0, 0, 0, 0, 0, 0, 0, 0, 0, 0, 0, 0, 0, 0, 0, 0, 0, 0, 0, 0, 0, 0, 0, 0, 0, 0, 0, 0, 0, 0, 0, 0, 0, 0, 0, 0, 0, 0, 0]
[2025-06-23T16:59:07.667+0900] {logging_mixin.py:190} INFO - osd 4 0 0 0 0 [0, 0, 0, 0, 0, 0, 0, 0, 0, 0, 0, 0, 0, 0, 0, 0, 0, 0, 0, 0, 0, 0, 0, 0, 0, 0, 0, 0, 0, 0, 0, 0, 0, 0, 0, 0, 0, 0, 0, 0, 0]
[2025-06-23T16:59:07.762+0900] {logging_mixin.py:190} INFO - step : text_orientation_set
[2025-06-23T16:59:15.469+0900] {logging_mixin.py:190} INFO - osd 1 break  0 0 4.34 Cyrillic 2.28
[2025-06-23T16:59:15.474+0900] {logging_mixin.py:190} INFO - step : load
[2025-06-23T16:59:15.475+0900] {logging_mixin.py:190} INFO - step : rotate
[2025-06-23T16:59:15.519+0900] {logging_mixin.py:190} INFO - step : rotate
[2025-06-23T16:59:15.613+0900] {logging_mixin.py:190} INFO - file_copy: /opt/***/data/temp/ed199808-87a5-457d-af17-99e43d834b16/c46f8310-5dc5-49aa-be6f-669a427a8e70/_result.png
[2025-06-23T16:59:15.647+0900] {python.py:240} INFO - Done. Returned value was: {'file_id': 'ed199808-87a5-457d-af17-99e43d834b16', 'file_path': '/opt/***/data/class/a_class/classify/ready/false/copied_52_89414564_89414648.png', 'false': {'process_id': '_c46f8310-5dc5-49aa-be6f-669a427a8e70_pre', 'folder_path': 'ed199808-87a5-457d-af17-99e43d834b16/c46f8310-5dc5-49aa-be6f-669a427a8e70', 'step_list': [{'name': 'cache', 'param': {'key': 'origin'}}, {'name': 'calc_angle_set2', 'param': {'key': 'angle1', 'iterations': 4, 'iter_save': False}}, {'name': 'text_orientation_set', 'param': {'key': 'angle2', 'iterations': 4, 'iter_save': False}}, {'name': 'load', 'param': {'key': 'origin'}}, {'name': 'rotate', 'param': {'key': 'angle1'}}, {'name': 'rotate', 'param': {'key': 'angle2'}}], 'result_file_map': {'_result': '/opt/***/data/temp/ed199808-87a5-457d-af17-99e43d834b16/c46f8310-5dc5-49aa-be6f-669a427a8e70/_result.png'}}}
[2025-06-23T16:59:15.836+0900] {taskinstance.py:341} INFO - ::group::Post task execution logs
[2025-06-23T16:59:15.858+0900] {taskinstance.py:353} INFO - Marking task as SUCCESS. dag_id=lilt_document_classifier_balanced_V0.1, task_id=img_preprocess_task__1, run_id=manual__2025-06-23T07:44:09.997775+00:00, map_index=54, execution_date=20250623T074409, start_date=20250623T075842, end_date=20250623T075915
[2025-06-23T16:59:16.159+0900] {local_task_job_runner.py:266} INFO - Task exited with return code 0
[2025-06-23T16:59:16.348+0900] {taskinstance.py:3901} INFO - 0 downstream tasks scheduled from follow-on schedule check
[2025-06-23T16:59:16.425+0900] {local_task_job_runner.py:245} INFO - ::endgroup::
