[2025-06-24T15:57:21.495+0900] {local_task_job_runner.py:123} INFO - ::group::Pre task execution logs
[2025-06-24T15:57:21.573+0900] {taskinstance.py:2614} INFO - Dependencies all met for dep_context=non-requeueable deps ti=<TaskInstance: lilt_document_classifier_balanced_V0.1.img_preprocess_task__1 manual__2025-06-24T06:53:42.323966+00:00 map_index=14 [queued]>
[2025-06-24T15:57:21.603+0900] {taskinstance.py:2614} INFO - Dependencies all met for dep_context=requeueable deps ti=<TaskInstance: lilt_document_classifier_balanced_V0.1.img_preprocess_task__1 manual__2025-06-24T06:53:42.323966+00:00 map_index=14 [queued]>
[2025-06-24T15:57:21.603+0900] {taskinstance.py:2867} INFO - Starting attempt 1 of 1
[2025-06-24T15:57:21.713+0900] {taskinstance.py:2890} INFO - Executing <Mapped(_PythonDecoratedOperator): img_preprocess_task__1> on 2025-06-24 06:53:42.323966+00:00
[2025-06-24T15:57:21.822+0900] {standard_task_runner.py:104} INFO - Running: ['***', 'tasks', 'run', 'lilt_document_classifier_balanced_V0.1', 'img_preprocess_task__1', 'manual__2025-06-24T06:53:42.323966+00:00', '--job-id', '4249', '--raw', '--subdir', 'DAGS_FOLDER/class_create_dag.py', '--cfg-path', '/tmp/tmptkhgzclm', '--map-index', '14']
[2025-06-24T15:57:21.828+0900] {standard_task_runner.py:105} INFO - Job 4249: Subtask img_preprocess_task__1
[2025-06-24T15:57:21.841+0900] {warnings.py:112} WARNING - /home/***/.local/lib/python3.12/site-packages/***/task/task_runner/standard_task_runner.py:70: DeprecationWarning: This process (pid=48084) is multi-threaded, use of fork() may lead to deadlocks in the child.
  pid = os.fork()

[2025-06-24T15:57:21.860+0900] {standard_task_runner.py:72} INFO - Started process 48105 to run task
[2025-06-24T15:57:21.938+0900] {task_command.py:467} INFO - Running <TaskInstance: lilt_document_classifier_balanced_V0.1.img_preprocess_task__1 manual__2025-06-24T06:53:42.323966+00:00 map_index=14 [running]> on host f6d4228a9eb8
[2025-06-24T15:57:22.348+0900] {taskinstance.py:3134} INFO - Exporting env vars: AIRFLOW_CTX_DAG_OWNER='***' AIRFLOW_CTX_DAG_ID='lilt_document_classifier_balanced_V0.1' AIRFLOW_CTX_TASK_ID='img_preprocess_task__1' AIRFLOW_CTX_EXECUTION_DATE='2025-06-24T06:53:42.323966+00:00' AIRFLOW_CTX_TRY_NUMBER='1' AIRFLOW_CTX_DAG_RUN_ID='manual__2025-06-24T06:53:42.323966+00:00'
[2025-06-24T15:57:22.351+0900] {taskinstance.py:732} INFO - ::endgroup::
[2025-06-24T15:57:22.365+0900] {logging_mixin.py:190} INFO - empty map check {} {'process_id': '_bfa71a63-ef4a-48b9-bed4-63bb8479c4b8_pre', 'folder_path': '00537a20-1d94-449a-a6aa-a370a1e9b7a8/bfa71a63-ef4a-48b9-bed4-63bb8479c4b8', 'step_list': [{'name': 'cache', 'param': {'key': 'origin'}}, {'name': 'calc_angle_set2', 'param': {'key': 'angle1', 'iterations': 4, 'iter_save': False}}, {'name': 'text_orientation_set', 'param': {'key': 'angle2', 'iterations': 4, 'iter_save': False}}, {'name': 'load', 'param': {'key': 'origin'}}, {'name': 'rotate', 'param': {'key': 'angle1'}}, {'name': 'rotate', 'param': {'key': 'angle2'}}], 'result_file_map': {}}
[2025-06-24T15:57:22.428+0900] {logging_mixin.py:190} INFO - step : cache
[2025-06-24T15:57:22.433+0900] {logging_mixin.py:190} INFO - step : calc_angle_set2
[2025-06-24T15:57:29.274+0900] {logging_mixin.py:190} INFO - osd 1 1.75 1.75 27 4547 [6, 0, 30, 30, 6, 0, 5, 24, 109, 241, 442, 759, 933, 1270, 1650, 1921, 2355, 2803, 3221, 3532, 3744, 3796, 3738, 3901, 3832, 4185, 4298, 4547, 3639, 3089, 2617, 2150, 1988, 1651, 1521, 1270, 1071, 810, 603, 410, 268]
[2025-06-24T15:57:35.299+0900] {logging_mixin.py:190} INFO - osd 2 1.75 0.0 20 4448 [12, 117, 255, 451, 666, 930, 1222, 1487, 1876, 2268, 2653, 3022, 3356, 3480, 3711, 3719, 3796, 3916, 4075, 4390, 4448, 3636, 3028, 2470, 2168, 1886, 1670, 1430, 1244, 978, 758, 556, 385, 200, 138, 58, 15, 1, 0, 5, 0]
[2025-06-24T15:57:42.504+0900] {logging_mixin.py:190} INFO - osd 3 1.75 0.0 20 4448 [12, 117, 255, 451, 666, 930, 1222, 1487, 1876, 2268, 2653, 3022, 3356, 3480, 3711, 3719, 3796, 3916, 4075, 4390, 4448, 3636, 3028, 2470, 2168, 1886, 1670, 1430, 1244, 978, 758, 556, 385, 200, 138, 58, 15, 1, 0, 5, 0]
[2025-06-24T15:57:51.246+0900] {logging_mixin.py:190} INFO - osd 4 1.75 0.0 20 4448 [12, 117, 255, 451, 666, 930, 1222, 1487, 1876, 2268, 2653, 3022, 3356, 3480, 3711, 3719, 3796, 3916, 4075, 4390, 4448, 3636, 3028, 2470, 2168, 1886, 1670, 1430, 1244, 978, 758, 556, 385, 200, 138, 58, 15, 1, 0, 5, 0]
[2025-06-24T15:57:51.362+0900] {logging_mixin.py:190} INFO - step : text_orientation_set
[2025-06-24T15:57:59.365+0900] {logging_mixin.py:190} INFO - osd 1 180 180 6.83 Latin 0.46
[2025-06-24T15:58:05.069+0900] {logging_mixin.py:190} INFO - osd 2 break  180 0 7.07 Latin 3.33
[2025-06-24T15:58:05.071+0900] {logging_mixin.py:190} INFO - step : load
[2025-06-24T15:58:05.091+0900] {logging_mixin.py:190} INFO - step : rotate
[2025-06-24T15:58:05.209+0900] {logging_mixin.py:190} INFO - step : rotate
[2025-06-24T15:58:05.490+0900] {logging_mixin.py:190} INFO - file_copy: /opt/***/data/temp/00537a20-1d94-449a-a6aa-a370a1e9b7a8/bfa71a63-ef4a-48b9-bed4-63bb8479c4b8/_result.png
[2025-06-24T15:58:05.507+0900] {python.py:240} INFO - Done. Returned value was: {'file_id': '00537a20-1d94-449a-a6aa-a370a1e9b7a8', 'file_path': '/opt/***/data/class/a_class/classify/ready/false/copied_17_0000171539.png', 'false': {'process_id': '_bfa71a63-ef4a-48b9-bed4-63bb8479c4b8_pre', 'folder_path': '00537a20-1d94-449a-a6aa-a370a1e9b7a8/bfa71a63-ef4a-48b9-bed4-63bb8479c4b8', 'step_list': [{'name': 'cache', 'param': {'key': 'origin'}}, {'name': 'calc_angle_set2', 'param': {'key': 'angle1', 'iterations': 4, 'iter_save': False}}, {'name': 'text_orientation_set', 'param': {'key': 'angle2', 'iterations': 4, 'iter_save': False}}, {'name': 'load', 'param': {'key': 'origin'}}, {'name': 'rotate', 'param': {'key': 'angle1'}}, {'name': 'rotate', 'param': {'key': 'angle2'}}], 'result_file_map': {'_result': '/opt/***/data/temp/00537a20-1d94-449a-a6aa-a370a1e9b7a8/bfa71a63-ef4a-48b9-bed4-63bb8479c4b8/_result.png'}}}
[2025-06-24T15:58:05.571+0900] {taskinstance.py:341} INFO - ::group::Post task execution logs
[2025-06-24T15:58:05.573+0900] {taskinstance.py:353} INFO - Marking task as SUCCESS. dag_id=lilt_document_classifier_balanced_V0.1, task_id=img_preprocess_task__1, run_id=manual__2025-06-24T06:53:42.323966+00:00, map_index=14, execution_date=20250624T065342, start_date=20250624T065721, end_date=20250624T065805
[2025-06-24T15:58:05.663+0900] {local_task_job_runner.py:266} INFO - Task exited with return code 0
[2025-06-24T15:58:05.838+0900] {taskinstance.py:3901} INFO - 0 downstream tasks scheduled from follow-on schedule check
[2025-06-24T15:58:05.854+0900] {local_task_job_runner.py:245} INFO - ::endgroup::
