[2025-06-25T09:07:26.760+0900] {local_task_job_runner.py:123} INFO - ::group::Pre task execution logs
[2025-06-25T09:07:26.984+0900] {taskinstance.py:2614} INFO - Dependencies all met for dep_context=non-requeueable deps ti=<TaskInstance: lilt_document_classifier_balanced_V0.1.img_preprocess_task manual__2025-06-25T00:04:18.909063+00:00 map_index=18 [queued]>
[2025-06-25T09:07:27.013+0900] {taskinstance.py:2614} INFO - Dependencies all met for dep_context=requeueable deps ti=<TaskInstance: lilt_document_classifier_balanced_V0.1.img_preprocess_task manual__2025-06-25T00:04:18.909063+00:00 map_index=18 [queued]>
[2025-06-25T09:07:27.015+0900] {taskinstance.py:2867} INFO - Starting attempt 1 of 1
[2025-06-25T09:07:27.042+0900] {taskinstance.py:2890} INFO - Executing <Mapped(_PythonDecoratedOperator): img_preprocess_task> on 2025-06-25 00:04:18.909063+00:00
[2025-06-25T09:07:27.064+0900] {warnings.py:112} WARNING - /home/***/.local/lib/python3.12/site-packages/***/task/task_runner/standard_task_runner.py:70: DeprecationWarning: This process (pid=72832) is multi-threaded, use of fork() may lead to deadlocks in the child.
  pid = os.fork()

[2025-06-25T09:07:27.067+0900] {standard_task_runner.py:72} INFO - Started process 72844 to run task
[2025-06-25T09:07:27.069+0900] {standard_task_runner.py:104} INFO - Running: ['***', 'tasks', 'run', 'lilt_document_classifier_balanced_V0.1', 'img_preprocess_task', 'manual__2025-06-25T00:04:18.909063+00:00', '--job-id', '4835', '--raw', '--subdir', 'DAGS_FOLDER/class_create_dag.py', '--cfg-path', '/tmp/tmp5c9subv5', '--map-index', '18']
[2025-06-25T09:07:27.076+0900] {standard_task_runner.py:105} INFO - Job 4835: Subtask img_preprocess_task
[2025-06-25T09:07:27.214+0900] {task_command.py:467} INFO - Running <TaskInstance: lilt_document_classifier_balanced_V0.1.img_preprocess_task manual__2025-06-25T00:04:18.909063+00:00 map_index=18 [running]> on host f6d4228a9eb8
[2025-06-25T09:07:27.711+0900] {taskinstance.py:3134} INFO - Exporting env vars: AIRFLOW_CTX_DAG_OWNER='***' AIRFLOW_CTX_DAG_ID='lilt_document_classifier_balanced_V0.1' AIRFLOW_CTX_TASK_ID='img_preprocess_task' AIRFLOW_CTX_EXECUTION_DATE='2025-06-25T00:04:18.909063+00:00' AIRFLOW_CTX_TRY_NUMBER='1' AIRFLOW_CTX_DAG_RUN_ID='manual__2025-06-25T00:04:18.909063+00:00'
[2025-06-25T09:07:27.714+0900] {taskinstance.py:732} INFO - ::endgroup::
[2025-06-25T09:07:27.722+0900] {logging_mixin.py:190} INFO - empty map check {} {'process_id': '_377724f7-c76d-4ff6-af53-ccdbbcf2d2f5_pre', 'folder_path': '39c53fda-afaf-4a0d-830f-811fb8b2464d/377724f7-c76d-4ff6-af53-ccdbbcf2d2f5', 'step_list': [{'name': 'cache', 'param': {'cache_key': 'origin'}}, {'name': 'calc_angle_set2', 'param': {'angle_key': 'angle1', 'iterations': 4, 'iter_save': False}}, {'name': 'text_orientation_set', 'param': {'angle_key': 'angle2', 'iterations': 4, 'iter_save': False}}, {'name': 'load', 'param': {'cache_key': 'origin'}}, {'name': 'rotate', 'param': {'angle_key': 'angle1'}}, {'name': 'rotate', 'param': {'angle_key': 'angle2'}}], 'result_file_map': {}}
[2025-06-25T09:07:27.725+0900] {logging_mixin.py:190} INFO - step : cache
[2025-06-25T09:07:27.730+0900] {logging_mixin.py:190} INFO - step : calc_angle_set2
[2025-06-25T09:07:53.826+0900] {logging_mixin.py:190} INFO - osd 1 -2.0 -2.0 12 126858 [0, 0, 0, 0, 0, 0, 0, 1765, 12644, 32839, 54464, 90556, 126858, 63797, 43754, 23419, 7624, 904, 28, 0, 0, 0, 0, 0, 0, 0, 0, 0, 0, 0, 0, 0, 0, 0, 0, 0, 0, 0, 0, 0, 0]
[2025-06-25T09:08:22.494+0900] {logging_mixin.py:190} INFO - osd 2 -2.0 0.0 20 135404 [0, 0, 0, 0, 0, 0, 0, 0, 0, 0, 0, 0, 0, 0, 0, 2246, 16622, 38923, 61228, 102136, 135404, 72072, 50600, 28935, 10677, 607, 1, 0, 0, 0, 0, 0, 0, 0, 0, 0, 0, 0, 0, 0, 0]
[2025-06-25T09:08:46.351+0900] {logging_mixin.py:190} INFO - osd 3 -2.0 0.0 20 135404 [0, 0, 0, 0, 0, 0, 0, 0, 0, 0, 0, 0, 0, 0, 0, 2246, 16622, 38923, 61228, 102136, 135404, 72072, 50600, 28935, 10677, 607, 1, 0, 0, 0, 0, 0, 0, 0, 0, 0, 0, 0, 0, 0, 0]
[2025-06-25T09:09:12.156+0900] {logging_mixin.py:190} INFO - osd 4 -2.0 0.0 20 135404 [0, 0, 0, 0, 0, 0, 0, 0, 0, 0, 0, 0, 0, 0, 0, 2246, 16622, 38923, 61228, 102136, 135404, 72072, 50600, 28935, 10677, 607, 1, 0, 0, 0, 0, 0, 0, 0, 0, 0, 0, 0, 0, 0, 0]
[2025-06-25T09:09:12.281+0900] {logging_mixin.py:190} INFO - step : text_orientation_set
[2025-06-25T09:09:26.972+0900] {logging_mixin.py:190} INFO - osd 1 break  0 0 9.47 Korean 0.99
[2025-06-25T09:09:26.976+0900] {logging_mixin.py:190} INFO - step : load
[2025-06-25T09:09:26.996+0900] {logging_mixin.py:190} INFO - step : rotate
[2025-06-25T09:09:27.768+0900] {logging_mixin.py:190} INFO - step : rotate
[2025-06-25T09:09:29.643+0900] {logging_mixin.py:190} INFO - file_copy: /opt/***/data/temp/39c53fda-afaf-4a0d-830f-811fb8b2464d/377724f7-c76d-4ff6-af53-ccdbbcf2d2f5/_result.png
[2025-06-25T09:09:29.667+0900] {python.py:240} INFO - Done. Returned value was: {'file_id': '39c53fda-afaf-4a0d-830f-811fb8b2464d', 'file_path': '/opt/***/data/class/a_class/classify/ready/true/죽전동 일성빌딩 - 정부24 - 건축물대장 등본(초본) 발급(열람) _ 문서출력_page_1_aug2.png', 'true': {'process_id': '_377724f7-c76d-4ff6-af53-ccdbbcf2d2f5_pre', 'folder_path': '39c53fda-afaf-4a0d-830f-811fb8b2464d/377724f7-c76d-4ff6-af53-ccdbbcf2d2f5', 'step_list': [{'name': 'cache', 'param': {'cache_key': 'origin'}}, {'name': 'calc_angle_set2', 'param': {'angle_key': 'angle1', 'iterations': 4, 'iter_save': False}}, {'name': 'text_orientation_set', 'param': {'angle_key': 'angle2', 'iterations': 4, 'iter_save': False}}, {'name': 'load', 'param': {'cache_key': 'origin'}}, {'name': 'rotate', 'param': {'angle_key': 'angle1'}}, {'name': 'rotate', 'param': {'angle_key': 'angle2'}}], 'result_file_map': {'_result': '/opt/***/data/temp/39c53fda-afaf-4a0d-830f-811fb8b2464d/377724f7-c76d-4ff6-af53-ccdbbcf2d2f5/_result.png'}}}
[2025-06-25T09:09:29.743+0900] {taskinstance.py:341} INFO - ::group::Post task execution logs
[2025-06-25T09:09:29.748+0900] {taskinstance.py:353} INFO - Marking task as SUCCESS. dag_id=lilt_document_classifier_balanced_V0.1, task_id=img_preprocess_task, run_id=manual__2025-06-25T00:04:18.909063+00:00, map_index=18, execution_date=20250625T000418, start_date=20250625T000726, end_date=20250625T000929
[2025-06-25T09:09:29.927+0900] {local_task_job_runner.py:266} INFO - Task exited with return code 0
[2025-06-25T09:09:30.099+0900] {taskinstance.py:3901} INFO - 0 downstream tasks scheduled from follow-on schedule check
[2025-06-25T09:09:30.110+0900] {local_task_job_runner.py:245} INFO - ::endgroup::
