[2025-06-23T15:54:52.294+0900] {local_task_job_runner.py:123} INFO - ::group::Pre task execution logs
[2025-06-23T15:54:52.324+0900] {taskinstance.py:2614} INFO - Dependencies all met for dep_context=non-requeueable deps ti=<TaskInstance: lilt_document_classifier_balanced_V0.1.img_preprocess_task__1 manual__2025-06-23T06:45:10.371530+00:00 map_index=23 [queued]>
[2025-06-23T15:54:52.453+0900] {taskinstance.py:2614} INFO - Dependencies all met for dep_context=requeueable deps ti=<TaskInstance: lilt_document_classifier_balanced_V0.1.img_preprocess_task__1 manual__2025-06-23T06:45:10.371530+00:00 map_index=23 [queued]>
[2025-06-23T15:54:52.509+0900] {taskinstance.py:2867} INFO - Starting attempt 2 of 2
[2025-06-23T15:54:52.591+0900] {taskinstance.py:2890} INFO - Executing <Mapped(_PythonDecoratedOperator): img_preprocess_task__1> on 2025-06-23 06:45:10.371530+00:00
[2025-06-23T15:54:52.635+0900] {warnings.py:112} WARNING - /home/***/.local/lib/python3.12/site-packages/***/task/task_runner/standard_task_runner.py:70: DeprecationWarning: This process (pid=2820) is multi-threaded, use of fork() may lead to deadlocks in the child.
  pid = os.fork()

[2025-06-23T15:54:52.647+0900] {standard_task_runner.py:72} INFO - Started process 2845 to run task
[2025-06-23T15:54:52.641+0900] {standard_task_runner.py:104} INFO - Running: ['***', 'tasks', 'run', 'lilt_document_classifier_balanced_V0.1', 'img_preprocess_task__1', 'manual__2025-06-23T06:45:10.371530+00:00', '--job-id', '3158', '--raw', '--subdir', 'DAGS_FOLDER/class_create_dag.py', '--cfg-path', '/tmp/tmpxzxxkzdq', '--map-index', '23']
[2025-06-23T15:54:52.655+0900] {standard_task_runner.py:105} INFO - Job 3158: Subtask img_preprocess_task__1
[2025-06-23T15:54:52.945+0900] {task_command.py:467} INFO - Running <TaskInstance: lilt_document_classifier_balanced_V0.1.img_preprocess_task__1 manual__2025-06-23T06:45:10.371530+00:00 map_index=23 [running]> on host f6d4228a9eb8
[2025-06-23T15:54:53.297+0900] {taskinstance.py:3134} INFO - Exporting env vars: AIRFLOW_CTX_DAG_OWNER='***' AIRFLOW_CTX_DAG_ID='lilt_document_classifier_balanced_V0.1' AIRFLOW_CTX_TASK_ID='img_preprocess_task__1' AIRFLOW_CTX_EXECUTION_DATE='2025-06-23T06:45:10.371530+00:00' AIRFLOW_CTX_TRY_NUMBER='2' AIRFLOW_CTX_DAG_RUN_ID='manual__2025-06-23T06:45:10.371530+00:00'
[2025-06-23T15:54:53.303+0900] {taskinstance.py:732} INFO - ::endgroup::
[2025-06-23T15:54:53.306+0900] {logging_mixin.py:190} INFO - empty map check {} {'process_id': '_ac94ac26-58d9-4ac3-a40f-e457c5222563_pre', 'folder_path': '3eef064e-1b3b-4561-94fc-e127cf9205f1/ac94ac26-58d9-4ac3-a40f-e457c5222563', 'step_list': [{'name': 'cache', 'param': {'key': 'origin'}}, {'name': 'calc_angle_set2', 'param': {'key': 'angle1', 'iterations': 4, 'iter_save': False}}, {'name': 'text_orientation_set', 'param': {'key': 'angle2', 'iterations': 4, 'iter_save': False}}, {'name': 'load', 'param': {'key': 'origin'}}, {'name': 'rotate', 'param': {'key': 'angle1'}}, {'name': 'rotate', 'param': {'key': 'angle2'}}], 'result_file_map': {}}
[2025-06-23T15:54:53.308+0900] {logging_mixin.py:190} INFO - step : cache
[2025-06-23T15:54:53.310+0900] {logging_mixin.py:190} INFO - step : calc_angle_set2
[2025-06-23T15:55:00.383+0900] {logging_mixin.py:190} INFO - osd 1 3.75 3.75 35 1342 [1012, 1028, 1044, 1061, 1076, 1093, 1110, 1124, 1139, 1164, 1176, 1189, 1200, 1217, 1230, 1259, 1229, 1271, 1289, 1286, 1268, 1292, 1281, 1277, 1309, 1283, 1301, 1301, 1280, 1311, 1334, 1334, 1316, 1334, 1326, 1342, 1320, 1314, 1327, 1316, 1324]
[2025-06-23T15:55:08.697+0900] {logging_mixin.py:190} INFO - osd 2 4.5 0.75 23 1190 [1100, 1103, 1088, 1116, 1128, 1127, 1108, 1143, 1135, 1115, 1117, 1141, 1162, 1162, 1146, 1146, 1167, 1176, 1164, 1157, 1177, 1159, 1153, 1190, 1163, 1155, 1150, 1115, 1112, 1103, 1083, 1071, 1051, 1038, 1027, 1008, 1000, 977, 966, 949, 931]
[2025-06-23T15:55:14.739+0900] {logging_mixin.py:190} INFO - osd 3 4.5 0.0 20 1135 [1059, 1074, 1061, 1081, 1079, 1103, 1071, 1088, 1106, 1111, 1088, 1090, 1115, 1116, 1098, 1107, 1130, 1123, 1106, 1109, 1135, 1101, 1103, 1096, 1061, 1064, 1052, 1029, 1021, 1006, 985, 975, 961, 947, 925, 914, 900, 880, 868, 854, 840]
[2025-06-23T15:55:19.730+0900] {logging_mixin.py:190} INFO - osd 4 4.5 0.0 20 1135 [1059, 1074, 1061, 1081, 1079, 1103, 1071, 1088, 1106, 1111, 1088, 1090, 1115, 1116, 1098, 1107, 1130, 1123, 1106, 1109, 1135, 1101, 1103, 1096, 1061, 1064, 1052, 1029, 1021, 1006, 985, 975, 961, 947, 925, 914, 900, 880, 868, 854, 840]
[2025-06-23T15:55:19.785+0900] {logging_mixin.py:190} INFO - step : text_orientation_set
[2025-06-23T15:55:22.457+0900] {logging_mixin.py:190} INFO - Tesseract OSD Error: (1, 'Estimating resolution as 134 Too few characters. Skipping this page Warning. Invalid resolution 0 dpi. Using 70 instead. Too few characters. Skipping this page Error during processing.')
[2025-06-23T15:55:22.459+0900] {logging_mixin.py:190} INFO - step : load
[2025-06-23T15:55:22.461+0900] {logging_mixin.py:190} INFO - step : rotate
[2025-06-23T15:55:22.524+0900] {logging_mixin.py:190} INFO - step : rotate
[2025-06-23T15:55:22.558+0900] {logging_mixin.py:190} INFO - file_copy: /opt/***/data/temp/3eef064e-1b3b-4561-94fc-e127cf9205f1/ac94ac26-58d9-4ac3-a40f-e457c5222563/_result.png
[2025-06-23T15:55:22.573+0900] {python.py:240} INFO - Done. Returned value was: {'file_id': '3eef064e-1b3b-4561-94fc-e127cf9205f1', 'file_path': '/opt/***/data/class/a_class/classify/ready/false/copied_4_2046982729.png', 'false': {'process_id': '_ac94ac26-58d9-4ac3-a40f-e457c5222563_pre', 'folder_path': '3eef064e-1b3b-4561-94fc-e127cf9205f1/ac94ac26-58d9-4ac3-a40f-e457c5222563', 'step_list': [{'name': 'cache', 'param': {'key': 'origin'}}, {'name': 'calc_angle_set2', 'param': {'key': 'angle1', 'iterations': 4, 'iter_save': False}}, {'name': 'text_orientation_set', 'param': {'key': 'angle2', 'iterations': 4, 'iter_save': False}}, {'name': 'load', 'param': {'key': 'origin'}}, {'name': 'rotate', 'param': {'key': 'angle1'}}, {'name': 'rotate', 'param': {'key': 'angle2'}}], 'result_file_map': {'_result': '/opt/***/data/temp/3eef064e-1b3b-4561-94fc-e127cf9205f1/ac94ac26-58d9-4ac3-a40f-e457c5222563/_result.png'}}}
[2025-06-23T15:55:22.636+0900] {taskinstance.py:341} INFO - ::group::Post task execution logs
[2025-06-23T15:55:22.638+0900] {taskinstance.py:353} INFO - Marking task as SUCCESS. dag_id=lilt_document_classifier_balanced_V0.1, task_id=img_preprocess_task__1, run_id=manual__2025-06-23T06:45:10.371530+00:00, map_index=23, execution_date=20250623T064510, start_date=20250623T065452, end_date=20250623T065522
[2025-06-23T15:55:22.755+0900] {local_task_job_runner.py:266} INFO - Task exited with return code 0
[2025-06-23T15:55:22.831+0900] {standard_task_runner.py:217} INFO - Process not found (most likely exited), stop collecting metrics
[2025-06-23T15:55:22.851+0900] {taskinstance.py:3901} INFO - 0 downstream tasks scheduled from follow-on schedule check
[2025-06-23T15:55:22.866+0900] {local_task_job_runner.py:245} INFO - ::endgroup::
