[2025-06-24T11:46:24.209+0900] {local_task_job_runner.py:123} INFO - ::group::Pre task execution logs
[2025-06-24T11:46:24.292+0900] {taskinstance.py:2614} INFO - Dependencies all met for dep_context=non-requeueable deps ti=<TaskInstance: lilt_document_classifier_balanced_V0.1.img_preprocess_task__1 manual__2025-06-24T02:31:44.485922+00:00 map_index=54 [queued]>
[2025-06-24T11:46:24.421+0900] {taskinstance.py:2614} INFO - Dependencies all met for dep_context=requeueable deps ti=<TaskInstance: lilt_document_classifier_balanced_V0.1.img_preprocess_task__1 manual__2025-06-24T02:31:44.485922+00:00 map_index=54 [queued]>
[2025-06-24T11:46:24.429+0900] {taskinstance.py:2867} INFO - Starting attempt 1 of 1
[2025-06-24T11:46:24.511+0900] {taskinstance.py:2890} INFO - Executing <Mapped(_PythonDecoratedOperator): img_preprocess_task__1> on 2025-06-24 02:31:44.485922+00:00
[2025-06-24T11:46:24.541+0900] {warnings.py:112} WARNING - /home/***/.local/lib/python3.12/site-packages/***/task/task_runner/standard_task_runner.py:70: DeprecationWarning: This process (pid=35664) is multi-threaded, use of fork() may lead to deadlocks in the child.
  pid = os.fork()

[2025-06-24T11:46:24.545+0900] {standard_task_runner.py:72} INFO - Started process 35692 to run task
[2025-06-24T11:46:24.543+0900] {standard_task_runner.py:104} INFO - Running: ['***', 'tasks', 'run', 'lilt_document_classifier_balanced_V0.1', 'img_preprocess_task__1', 'manual__2025-06-24T02:31:44.485922+00:00', '--job-id', '3846', '--raw', '--subdir', 'DAGS_FOLDER/class_create_dag.py', '--cfg-path', '/tmp/tmpfe5oc4qf', '--map-index', '54']
[2025-06-24T11:46:24.582+0900] {standard_task_runner.py:105} INFO - Job 3846: Subtask img_preprocess_task__1
[2025-06-24T11:46:24.680+0900] {task_command.py:467} INFO - Running <TaskInstance: lilt_document_classifier_balanced_V0.1.img_preprocess_task__1 manual__2025-06-24T02:31:44.485922+00:00 map_index=54 [running]> on host f6d4228a9eb8
[2025-06-24T11:46:24.858+0900] {taskinstance.py:3134} INFO - Exporting env vars: AIRFLOW_CTX_DAG_OWNER='***' AIRFLOW_CTX_DAG_ID='lilt_document_classifier_balanced_V0.1' AIRFLOW_CTX_TASK_ID='img_preprocess_task__1' AIRFLOW_CTX_EXECUTION_DATE='2025-06-24T02:31:44.485922+00:00' AIRFLOW_CTX_TRY_NUMBER='1' AIRFLOW_CTX_DAG_RUN_ID='manual__2025-06-24T02:31:44.485922+00:00'
[2025-06-24T11:46:24.859+0900] {taskinstance.py:732} INFO - ::endgroup::
[2025-06-24T11:46:24.862+0900] {logging_mixin.py:190} INFO - empty map check {} {'process_id': '_b3a34fba-a205-4d37-8c91-676b1dcb6426_pre', 'folder_path': '77cef245-ccfc-4300-9c28-581c2250fa75/b3a34fba-a205-4d37-8c91-676b1dcb6426', 'step_list': [{'name': 'cache', 'param': {'key': 'origin'}}, {'name': 'calc_angle_set2', 'param': {'key': 'angle1', 'iterations': 4, 'iter_save': True}}, {'name': 'save', 'param': {'key': 'ag1'}}, {'name': 'text_orientation_set', 'param': {'key': 'angle2', 'iterations': 4, 'iter_save': True}}, {'name': 'save', 'param': {'key': 'ag2'}}, {'name': 'load', 'param': {'key': 'origin'}}, {'name': 'rotate', 'param': {'key': 'angle1'}}, {'name': 'rotate', 'param': {'key': 'angle2'}}], 'result_file_map': {}}
[2025-06-24T11:46:24.866+0900] {logging_mixin.py:190} INFO - step : cache
[2025-06-24T11:46:24.866+0900] {logging_mixin.py:190} INFO - step : calc_angle_set2
[2025-06-24T11:46:30.700+0900] {logging_mixin.py:190} INFO - osd 1 0 0 0 0 [0, 0, 0, 0, 0, 0, 0, 0, 0, 0, 0, 0, 0, 0, 0, 0, 0, 0, 0, 0, 0, 0, 0, 0, 0, 0, 0, 0, 0, 0, 0, 0, 0, 0, 0, 0, 0, 0, 0, 0, 0]
[2025-06-24T11:46:35.760+0900] {logging_mixin.py:190} INFO - osd 2 0 0 0 0 [0, 0, 0, 0, 0, 0, 0, 0, 0, 0, 0, 0, 0, 0, 0, 0, 0, 0, 0, 0, 0, 0, 0, 0, 0, 0, 0, 0, 0, 0, 0, 0, 0, 0, 0, 0, 0, 0, 0, 0, 0]
[2025-06-24T11:46:41.327+0900] {logging_mixin.py:190} INFO - osd 3 0 0 0 0 [0, 0, 0, 0, 0, 0, 0, 0, 0, 0, 0, 0, 0, 0, 0, 0, 0, 0, 0, 0, 0, 0, 0, 0, 0, 0, 0, 0, 0, 0, 0, 0, 0, 0, 0, 0, 0, 0, 0, 0, 0]
[2025-06-24T11:46:47.921+0900] {logging_mixin.py:190} INFO - osd 4 0 0 0 0 [0, 0, 0, 0, 0, 0, 0, 0, 0, 0, 0, 0, 0, 0, 0, 0, 0, 0, 0, 0, 0, 0, 0, 0, 0, 0, 0, 0, 0, 0, 0, 0, 0, 0, 0, 0, 0, 0, 0, 0, 0]
[2025-06-24T11:46:47.946+0900] {logging_mixin.py:190} INFO - step : save
[2025-06-24T11:46:48.019+0900] {logging_mixin.py:190} INFO - file_copy: /opt/***/data/temp/77cef245-ccfc-4300-9c28-581c2250fa75/b3a34fba-a205-4d37-8c91-676b1dcb6426/ag1.png
[2025-06-24T11:46:48.038+0900] {logging_mixin.py:190} INFO - step : text_orientation_set
[2025-06-24T11:46:51.933+0900] {logging_mixin.py:190} INFO - file_copy: /opt/***/data/temp/77cef245-ccfc-4300-9c28-581c2250fa75/b3a34fba-a205-4d37-8c91-676b1dcb6426/rotate2_1.png
[2025-06-24T11:46:54.244+0900] {logging_mixin.py:190} INFO - osd 1 break  0 0 4.34 Cyrillic 2.28
[2025-06-24T11:46:54.248+0900] {logging_mixin.py:190} INFO - step : save
[2025-06-24T11:46:54.399+0900] {logging_mixin.py:190} INFO - file_copy: /opt/***/data/temp/77cef245-ccfc-4300-9c28-581c2250fa75/b3a34fba-a205-4d37-8c91-676b1dcb6426/ag2.png
[2025-06-24T11:46:54.417+0900] {logging_mixin.py:190} INFO - step : load
[2025-06-24T11:46:54.420+0900] {logging_mixin.py:190} INFO - step : rotate
[2025-06-24T11:46:54.441+0900] {logging_mixin.py:190} INFO - step : rotate
[2025-06-24T11:46:54.521+0900] {logging_mixin.py:190} INFO - file_copy: /opt/***/data/temp/77cef245-ccfc-4300-9c28-581c2250fa75/b3a34fba-a205-4d37-8c91-676b1dcb6426/_result.png
[2025-06-24T11:46:54.537+0900] {python.py:240} INFO - Done. Returned value was: {'file_id': '77cef245-ccfc-4300-9c28-581c2250fa75', 'file_path': '/opt/***/data/class/a_class/classify/ready/false/copied_52_89414564_89414648.png', 'false': {'process_id': '_b3a34fba-a205-4d37-8c91-676b1dcb6426_pre', 'folder_path': '77cef245-ccfc-4300-9c28-581c2250fa75/b3a34fba-a205-4d37-8c91-676b1dcb6426', 'step_list': [{'name': 'cache', 'param': {'key': 'origin'}}, {'name': 'calc_angle_set2', 'param': {'key': 'angle1', 'iterations': 4, 'iter_save': True}}, {'name': 'save', 'param': {'key': 'ag1'}}, {'name': 'text_orientation_set', 'param': {'key': 'angle2', 'iterations': 4, 'iter_save': True}}, {'name': 'save', 'param': {'key': 'ag2'}}, {'name': 'load', 'param': {'key': 'origin'}}, {'name': 'rotate', 'param': {'key': 'angle1'}}, {'name': 'rotate', 'param': {'key': 'angle2'}}], 'result_file_map': {'ag1': '/opt/***/data/temp/77cef245-ccfc-4300-9c28-581c2250fa75/b3a34fba-a205-4d37-8c91-676b1dcb6426/ag1.png', 'rotate2_1': '/opt/***/data/temp/77cef245-ccfc-4300-9c28-581c2250fa75/b3a34fba-a205-4d37-8c91-676b1dcb6426/rotate2_1.png', 'ag2': '/opt/***/data/temp/77cef245-ccfc-4300-9c28-581c2250fa75/b3a34fba-a205-4d37-8c91-676b1dcb6426/ag2.png', '_result': '/opt/***/data/temp/77cef245-ccfc-4300-9c28-581c2250fa75/b3a34fba-a205-4d37-8c91-676b1dcb6426/_result.png'}}}
[2025-06-24T11:46:54.725+0900] {taskinstance.py:341} INFO - ::group::Post task execution logs
[2025-06-24T11:46:54.726+0900] {taskinstance.py:353} INFO - Marking task as SUCCESS. dag_id=lilt_document_classifier_balanced_V0.1, task_id=img_preprocess_task__1, run_id=manual__2025-06-24T02:31:44.485922+00:00, map_index=54, execution_date=20250624T023144, start_date=20250624T024624, end_date=20250624T024654
[2025-06-24T11:46:54.887+0900] {local_task_job_runner.py:266} INFO - Task exited with return code 0
[2025-06-24T11:46:54.987+0900] {taskinstance.py:3901} INFO - 0 downstream tasks scheduled from follow-on schedule check
[2025-06-24T11:46:54.999+0900] {local_task_job_runner.py:245} INFO - ::endgroup::
