[2025-06-17T15:09:18.367+0900] {local_task_job_runner.py:123} INFO - ::group::Pre task execution logs
[2025-06-17T15:09:18.399+0900] {taskinstance.py:2614} INFO - Dependencies all met for dep_context=non-requeueable deps ti=<TaskInstance: image_ocr_v2.img_preprocess_task manual__2025-06-17T06:09:08.849553+00:00 map_index=0 [queued]>
[2025-06-17T15:09:18.414+0900] {taskinstance.py:2614} INFO - Dependencies all met for dep_context=requeueable deps ti=<TaskInstance: image_ocr_v2.img_preprocess_task manual__2025-06-17T06:09:08.849553+00:00 map_index=0 [queued]>
[2025-06-17T15:09:18.415+0900] {taskinstance.py:2867} INFO - Starting attempt 1 of 1
[2025-06-17T15:09:18.433+0900] {taskinstance.py:2890} INFO - Executing <Mapped(_PythonDecoratedOperator): img_preprocess_task> on 2025-06-17 06:09:08.849553+00:00
[2025-06-17T15:09:18.442+0900] {warnings.py:112} WARNING - /home/***/.local/lib/python3.12/site-packages/***/task/task_runner/standard_task_runner.py:70: DeprecationWarning: This process (pid=6376) is multi-threaded, use of fork() may lead to deadlocks in the child.
  pid = os.fork()

[2025-06-17T15:09:18.444+0900] {standard_task_runner.py:72} INFO - Started process 6430 to run task
[2025-06-17T15:09:18.447+0900] {standard_task_runner.py:104} INFO - Running: ['***', 'tasks', 'run', 'image_ocr_v2', 'img_preprocess_task', 'manual__2025-06-17T06:09:08.849553+00:00', '--job-id', '912', '--raw', '--subdir', 'DAGS_FOLDER/test_dag.py', '--cfg-path', '/tmp/tmppdltakyf', '--map-index', '0']
[2025-06-17T15:09:18.449+0900] {standard_task_runner.py:105} INFO - Job 912: Subtask img_preprocess_task
[2025-06-17T15:09:18.499+0900] {task_command.py:467} INFO - Running <TaskInstance: image_ocr_v2.img_preprocess_task manual__2025-06-17T06:09:08.849553+00:00 map_index=0 [running]> on host f6d4228a9eb8
[2025-06-17T15:09:18.595+0900] {taskinstance.py:3134} INFO - Exporting env vars: AIRFLOW_CTX_DAG_OWNER='***' AIRFLOW_CTX_DAG_ID='image_ocr_v2' AIRFLOW_CTX_TASK_ID='img_preprocess_task' AIRFLOW_CTX_EXECUTION_DATE='2025-06-17T06:09:08.849553+00:00' AIRFLOW_CTX_TRY_NUMBER='1' AIRFLOW_CTX_DAG_RUN_ID='manual__2025-06-17T06:09:08.849553+00:00'
[2025-06-17T15:09:18.598+0900] {taskinstance.py:732} INFO - ::endgroup::
[2025-06-17T15:09:18.602+0900] {logging_mixin.py:190} INFO - empty map check {} {'process_id': '_ee467bd7-8436-4d38-b07e-e907d5046bef_pre', 'folder_path': 'f93ffa08-b8db-47a6-bd5b-810c7f1a25d2/ee467bd7-8436-4d38-b07e-e907d5046bef', 'step_list': [{'name': 'cache', 'param': {'key': 'origin'}}, {'name': 'calc_angle_set5', 'param': {'key': 'angle1', 'iterations': 4, 'iter_save': True}}, {'name': 'calc_angle_set2', 'param': {'key': 'angle2', 'iterations': 4, 'iter_save': True}}, {'name': 'threshold', 'param': {}}, {'name': 'save', 'param': {'key': 'classify_preprocess'}}], 'result_file_list': []}
[2025-06-17T15:09:18.603+0900] {logging_mixin.py:190} INFO - step : cache
[2025-06-17T15:09:18.604+0900] {logging_mixin.py:190} INFO - step : calc_angle_set5
[2025-06-17T15:09:18.854+0900] {logging_mixin.py:190} INFO - file_copy: /opt/***/data/temp/f93ffa08-b8db-47a6-bd5b-810c7f1a25d2/ee467bd7-8436-4d38-b07e-e907d5046bef/rotate5_1_-5.0.png
[2025-06-17T15:09:19.280+0900] {logging_mixin.py:190} INFO - file_copy: /opt/***/data/temp/f93ffa08-b8db-47a6-bd5b-810c7f1a25d2/ee467bd7-8436-4d38-b07e-e907d5046bef/rotate5_1_-4.75.png
[2025-06-17T15:09:19.727+0900] {logging_mixin.py:190} INFO - file_copy: /opt/***/data/temp/f93ffa08-b8db-47a6-bd5b-810c7f1a25d2/ee467bd7-8436-4d38-b07e-e907d5046bef/rotate5_1_-4.5.png
[2025-06-17T15:09:20.042+0900] {logging_mixin.py:190} INFO - file_copy: /opt/***/data/temp/f93ffa08-b8db-47a6-bd5b-810c7f1a25d2/ee467bd7-8436-4d38-b07e-e907d5046bef/rotate5_1_-4.25.png
[2025-06-17T15:09:20.352+0900] {logging_mixin.py:190} INFO - file_copy: /opt/***/data/temp/f93ffa08-b8db-47a6-bd5b-810c7f1a25d2/ee467bd7-8436-4d38-b07e-e907d5046bef/rotate5_1_-4.0.png
[2025-06-17T15:09:20.729+0900] {logging_mixin.py:190} INFO - file_copy: /opt/***/data/temp/f93ffa08-b8db-47a6-bd5b-810c7f1a25d2/ee467bd7-8436-4d38-b07e-e907d5046bef/rotate5_1_-3.75.png
[2025-06-17T15:09:21.089+0900] {logging_mixin.py:190} INFO - file_copy: /opt/***/data/temp/f93ffa08-b8db-47a6-bd5b-810c7f1a25d2/ee467bd7-8436-4d38-b07e-e907d5046bef/rotate5_1_-3.5.png
[2025-06-17T15:09:21.484+0900] {logging_mixin.py:190} INFO - file_copy: /opt/***/data/temp/f93ffa08-b8db-47a6-bd5b-810c7f1a25d2/ee467bd7-8436-4d38-b07e-e907d5046bef/rotate5_1_-3.25.png
[2025-06-17T15:09:21.913+0900] {logging_mixin.py:190} INFO - file_copy: /opt/***/data/temp/f93ffa08-b8db-47a6-bd5b-810c7f1a25d2/ee467bd7-8436-4d38-b07e-e907d5046bef/rotate5_1_-3.0.png
[2025-06-17T15:09:22.311+0900] {logging_mixin.py:190} INFO - file_copy: /opt/***/data/temp/f93ffa08-b8db-47a6-bd5b-810c7f1a25d2/ee467bd7-8436-4d38-b07e-e907d5046bef/rotate5_1_-2.75.png
[2025-06-17T15:09:22.762+0900] {logging_mixin.py:190} INFO - file_copy: /opt/***/data/temp/f93ffa08-b8db-47a6-bd5b-810c7f1a25d2/ee467bd7-8436-4d38-b07e-e907d5046bef/rotate5_1_-2.5.png
[2025-06-17T15:09:23.052+0900] {logging_mixin.py:190} INFO - file_copy: /opt/***/data/temp/f93ffa08-b8db-47a6-bd5b-810c7f1a25d2/ee467bd7-8436-4d38-b07e-e907d5046bef/rotate5_1_-2.25.png
[2025-06-17T15:09:23.352+0900] {logging_mixin.py:190} INFO - file_copy: /opt/***/data/temp/f93ffa08-b8db-47a6-bd5b-810c7f1a25d2/ee467bd7-8436-4d38-b07e-e907d5046bef/rotate5_1_-2.0.png
[2025-06-17T15:09:23.714+0900] {logging_mixin.py:190} INFO - file_copy: /opt/***/data/temp/f93ffa08-b8db-47a6-bd5b-810c7f1a25d2/ee467bd7-8436-4d38-b07e-e907d5046bef/rotate5_1_-1.75.png
[2025-06-17T15:09:24.071+0900] {logging_mixin.py:190} INFO - file_copy: /opt/***/data/temp/f93ffa08-b8db-47a6-bd5b-810c7f1a25d2/ee467bd7-8436-4d38-b07e-e907d5046bef/rotate5_1_-1.5.png
[2025-06-17T15:09:24.428+0900] {logging_mixin.py:190} INFO - file_copy: /opt/***/data/temp/f93ffa08-b8db-47a6-bd5b-810c7f1a25d2/ee467bd7-8436-4d38-b07e-e907d5046bef/rotate5_1_-1.25.png
[2025-06-17T15:09:24.859+0900] {logging_mixin.py:190} INFO - file_copy: /opt/***/data/temp/f93ffa08-b8db-47a6-bd5b-810c7f1a25d2/ee467bd7-8436-4d38-b07e-e907d5046bef/rotate5_1_-1.0.png
[2025-06-17T15:09:25.182+0900] {logging_mixin.py:190} INFO - file_copy: /opt/***/data/temp/f93ffa08-b8db-47a6-bd5b-810c7f1a25d2/ee467bd7-8436-4d38-b07e-e907d5046bef/rotate5_1_-0.75.png
[2025-06-17T15:09:25.419+0900] {logging_mixin.py:190} INFO - file_copy: /opt/***/data/temp/f93ffa08-b8db-47a6-bd5b-810c7f1a25d2/ee467bd7-8436-4d38-b07e-e907d5046bef/rotate5_1_-0.5.png
[2025-06-17T15:09:25.786+0900] {logging_mixin.py:190} INFO - file_copy: /opt/***/data/temp/f93ffa08-b8db-47a6-bd5b-810c7f1a25d2/ee467bd7-8436-4d38-b07e-e907d5046bef/rotate5_1_-0.25.png
[2025-06-17T15:09:26.076+0900] {logging_mixin.py:190} INFO - file_copy: /opt/***/data/temp/f93ffa08-b8db-47a6-bd5b-810c7f1a25d2/ee467bd7-8436-4d38-b07e-e907d5046bef/rotate5_1_0.0.png
[2025-06-17T15:09:26.458+0900] {logging_mixin.py:190} INFO - file_copy: /opt/***/data/temp/f93ffa08-b8db-47a6-bd5b-810c7f1a25d2/ee467bd7-8436-4d38-b07e-e907d5046bef/rotate5_1_0.25.png
[2025-06-17T15:09:26.779+0900] {logging_mixin.py:190} INFO - file_copy: /opt/***/data/temp/f93ffa08-b8db-47a6-bd5b-810c7f1a25d2/ee467bd7-8436-4d38-b07e-e907d5046bef/rotate5_1_0.5.png
[2025-06-17T15:09:27.134+0900] {logging_mixin.py:190} INFO - file_copy: /opt/***/data/temp/f93ffa08-b8db-47a6-bd5b-810c7f1a25d2/ee467bd7-8436-4d38-b07e-e907d5046bef/rotate5_1_0.75.png
[2025-06-17T15:09:27.429+0900] {logging_mixin.py:190} INFO - file_copy: /opt/***/data/temp/f93ffa08-b8db-47a6-bd5b-810c7f1a25d2/ee467bd7-8436-4d38-b07e-e907d5046bef/rotate5_1_1.0.png
[2025-06-17T15:09:27.758+0900] {logging_mixin.py:190} INFO - file_copy: /opt/***/data/temp/f93ffa08-b8db-47a6-bd5b-810c7f1a25d2/ee467bd7-8436-4d38-b07e-e907d5046bef/rotate5_1_1.25.png
[2025-06-17T15:09:28.122+0900] {logging_mixin.py:190} INFO - file_copy: /opt/***/data/temp/f93ffa08-b8db-47a6-bd5b-810c7f1a25d2/ee467bd7-8436-4d38-b07e-e907d5046bef/rotate5_1_1.5.png
[2025-06-17T15:09:28.452+0900] {logging_mixin.py:190} INFO - file_copy: /opt/***/data/temp/f93ffa08-b8db-47a6-bd5b-810c7f1a25d2/ee467bd7-8436-4d38-b07e-e907d5046bef/rotate5_1_1.75.png
[2025-06-17T15:09:28.838+0900] {logging_mixin.py:190} INFO - file_copy: /opt/***/data/temp/f93ffa08-b8db-47a6-bd5b-810c7f1a25d2/ee467bd7-8436-4d38-b07e-e907d5046bef/rotate5_1_2.0.png
[2025-06-17T15:09:29.134+0900] {logging_mixin.py:190} INFO - file_copy: /opt/***/data/temp/f93ffa08-b8db-47a6-bd5b-810c7f1a25d2/ee467bd7-8436-4d38-b07e-e907d5046bef/rotate5_1_2.25.png
[2025-06-17T15:09:29.554+0900] {logging_mixin.py:190} INFO - file_copy: /opt/***/data/temp/f93ffa08-b8db-47a6-bd5b-810c7f1a25d2/ee467bd7-8436-4d38-b07e-e907d5046bef/rotate5_1_2.5.png
[2025-06-17T15:09:29.914+0900] {logging_mixin.py:190} INFO - file_copy: /opt/***/data/temp/f93ffa08-b8db-47a6-bd5b-810c7f1a25d2/ee467bd7-8436-4d38-b07e-e907d5046bef/rotate5_1_2.75.png
[2025-06-17T15:09:30.225+0900] {logging_mixin.py:190} INFO - file_copy: /opt/***/data/temp/f93ffa08-b8db-47a6-bd5b-810c7f1a25d2/ee467bd7-8436-4d38-b07e-e907d5046bef/rotate5_1_3.0.png
[2025-06-17T15:09:30.677+0900] {logging_mixin.py:190} INFO - file_copy: /opt/***/data/temp/f93ffa08-b8db-47a6-bd5b-810c7f1a25d2/ee467bd7-8436-4d38-b07e-e907d5046bef/rotate5_1_3.25.png
[2025-06-17T15:09:31.102+0900] {logging_mixin.py:190} INFO - file_copy: /opt/***/data/temp/f93ffa08-b8db-47a6-bd5b-810c7f1a25d2/ee467bd7-8436-4d38-b07e-e907d5046bef/rotate5_1_3.5.png
[2025-06-17T15:09:31.515+0900] {logging_mixin.py:190} INFO - file_copy: /opt/***/data/temp/f93ffa08-b8db-47a6-bd5b-810c7f1a25d2/ee467bd7-8436-4d38-b07e-e907d5046bef/rotate5_1_3.75.png
[2025-06-17T15:09:31.937+0900] {logging_mixin.py:190} INFO - file_copy: /opt/***/data/temp/f93ffa08-b8db-47a6-bd5b-810c7f1a25d2/ee467bd7-8436-4d38-b07e-e907d5046bef/rotate5_1_4.0.png
[2025-06-17T15:09:32.405+0900] {logging_mixin.py:190} INFO - file_copy: /opt/***/data/temp/f93ffa08-b8db-47a6-bd5b-810c7f1a25d2/ee467bd7-8436-4d38-b07e-e907d5046bef/rotate5_1_4.25.png
[2025-06-17T15:09:32.823+0900] {logging_mixin.py:190} INFO - file_copy: /opt/***/data/temp/f93ffa08-b8db-47a6-bd5b-810c7f1a25d2/ee467bd7-8436-4d38-b07e-e907d5046bef/rotate5_1_4.5.png
[2025-06-17T15:09:33.279+0900] {logging_mixin.py:190} INFO - file_copy: /opt/***/data/temp/f93ffa08-b8db-47a6-bd5b-810c7f1a25d2/ee467bd7-8436-4d38-b07e-e907d5046bef/rotate5_1_4.75.png
[2025-06-17T15:09:33.673+0900] {logging_mixin.py:190} INFO - file_copy: /opt/***/data/temp/f93ffa08-b8db-47a6-bd5b-810c7f1a25d2/ee467bd7-8436-4d38-b07e-e907d5046bef/rotate5_1_5.0.png
[2025-06-17T15:09:33.995+0900] {logging_mixin.py:190} INFO - osd 1 0 0 0 0 [0, 0, 0, 0, 0, 0, 0, 0, 0, 0, 0, 0, 0, 0, 0, 0, 0, 0, 0, 0, 0, 0, 0, 0, 0, 0, 0, 0, 0, 0, 0, 0, 0, 0, 0, 0, 0, 0, 0, 0, 0]
[2025-06-17T15:09:34.518+0900] {logging_mixin.py:190} INFO - file_copy: /opt/***/data/temp/f93ffa08-b8db-47a6-bd5b-810c7f1a25d2/ee467bd7-8436-4d38-b07e-e907d5046bef/rotate5_1_0.png
[2025-06-17T15:09:34.742+0900] {logging_mixin.py:190} INFO - file_copy: /opt/***/data/temp/f93ffa08-b8db-47a6-bd5b-810c7f1a25d2/ee467bd7-8436-4d38-b07e-e907d5046bef/rotate5_2_-5.0.png
[2025-06-17T15:09:35.264+0900] {logging_mixin.py:190} INFO - file_copy: /opt/***/data/temp/f93ffa08-b8db-47a6-bd5b-810c7f1a25d2/ee467bd7-8436-4d38-b07e-e907d5046bef/rotate5_2_-4.75.png
[2025-06-17T15:09:35.799+0900] {logging_mixin.py:190} INFO - file_copy: /opt/***/data/temp/f93ffa08-b8db-47a6-bd5b-810c7f1a25d2/ee467bd7-8436-4d38-b07e-e907d5046bef/rotate5_2_-4.5.png
[2025-06-17T15:09:36.269+0900] {logging_mixin.py:190} INFO - file_copy: /opt/***/data/temp/f93ffa08-b8db-47a6-bd5b-810c7f1a25d2/ee467bd7-8436-4d38-b07e-e907d5046bef/rotate5_2_-4.25.png
[2025-06-17T15:09:36.565+0900] {logging_mixin.py:190} INFO - file_copy: /opt/***/data/temp/f93ffa08-b8db-47a6-bd5b-810c7f1a25d2/ee467bd7-8436-4d38-b07e-e907d5046bef/rotate5_2_-4.0.png
[2025-06-17T15:09:37.045+0900] {logging_mixin.py:190} INFO - file_copy: /opt/***/data/temp/f93ffa08-b8db-47a6-bd5b-810c7f1a25d2/ee467bd7-8436-4d38-b07e-e907d5046bef/rotate5_2_-3.75.png
[2025-06-17T15:09:37.552+0900] {logging_mixin.py:190} INFO - file_copy: /opt/***/data/temp/f93ffa08-b8db-47a6-bd5b-810c7f1a25d2/ee467bd7-8436-4d38-b07e-e907d5046bef/rotate5_2_-3.5.png
[2025-06-17T15:09:37.963+0900] {logging_mixin.py:190} INFO - file_copy: /opt/***/data/temp/f93ffa08-b8db-47a6-bd5b-810c7f1a25d2/ee467bd7-8436-4d38-b07e-e907d5046bef/rotate5_2_-3.25.png
[2025-06-17T15:09:38.312+0900] {logging_mixin.py:190} INFO - file_copy: /opt/***/data/temp/f93ffa08-b8db-47a6-bd5b-810c7f1a25d2/ee467bd7-8436-4d38-b07e-e907d5046bef/rotate5_2_-3.0.png
[2025-06-17T15:09:38.696+0900] {logging_mixin.py:190} INFO - file_copy: /opt/***/data/temp/f93ffa08-b8db-47a6-bd5b-810c7f1a25d2/ee467bd7-8436-4d38-b07e-e907d5046bef/rotate5_2_-2.75.png
[2025-06-17T15:09:39.078+0900] {logging_mixin.py:190} INFO - file_copy: /opt/***/data/temp/f93ffa08-b8db-47a6-bd5b-810c7f1a25d2/ee467bd7-8436-4d38-b07e-e907d5046bef/rotate5_2_-2.5.png
[2025-06-17T15:09:39.422+0900] {logging_mixin.py:190} INFO - file_copy: /opt/***/data/temp/f93ffa08-b8db-47a6-bd5b-810c7f1a25d2/ee467bd7-8436-4d38-b07e-e907d5046bef/rotate5_2_-2.25.png
[2025-06-17T15:09:39.844+0900] {logging_mixin.py:190} INFO - file_copy: /opt/***/data/temp/f93ffa08-b8db-47a6-bd5b-810c7f1a25d2/ee467bd7-8436-4d38-b07e-e907d5046bef/rotate5_2_-2.0.png
[2025-06-17T15:09:40.156+0900] {logging_mixin.py:190} INFO - file_copy: /opt/***/data/temp/f93ffa08-b8db-47a6-bd5b-810c7f1a25d2/ee467bd7-8436-4d38-b07e-e907d5046bef/rotate5_2_-1.75.png
[2025-06-17T15:09:40.566+0900] {logging_mixin.py:190} INFO - file_copy: /opt/***/data/temp/f93ffa08-b8db-47a6-bd5b-810c7f1a25d2/ee467bd7-8436-4d38-b07e-e907d5046bef/rotate5_2_-1.5.png
[2025-06-17T15:09:40.943+0900] {logging_mixin.py:190} INFO - file_copy: /opt/***/data/temp/f93ffa08-b8db-47a6-bd5b-810c7f1a25d2/ee467bd7-8436-4d38-b07e-e907d5046bef/rotate5_2_-1.25.png
[2025-06-17T15:09:41.328+0900] {logging_mixin.py:190} INFO - file_copy: /opt/***/data/temp/f93ffa08-b8db-47a6-bd5b-810c7f1a25d2/ee467bd7-8436-4d38-b07e-e907d5046bef/rotate5_2_-1.0.png
[2025-06-17T15:09:41.696+0900] {logging_mixin.py:190} INFO - file_copy: /opt/***/data/temp/f93ffa08-b8db-47a6-bd5b-810c7f1a25d2/ee467bd7-8436-4d38-b07e-e907d5046bef/rotate5_2_-0.75.png
[2025-06-17T15:09:42.025+0900] {logging_mixin.py:190} INFO - file_copy: /opt/***/data/temp/f93ffa08-b8db-47a6-bd5b-810c7f1a25d2/ee467bd7-8436-4d38-b07e-e907d5046bef/rotate5_2_-0.5.png
[2025-06-17T15:09:42.438+0900] {logging_mixin.py:190} INFO - file_copy: /opt/***/data/temp/f93ffa08-b8db-47a6-bd5b-810c7f1a25d2/ee467bd7-8436-4d38-b07e-e907d5046bef/rotate5_2_-0.25.png
[2025-06-17T15:09:42.729+0900] {logging_mixin.py:190} INFO - file_copy: /opt/***/data/temp/f93ffa08-b8db-47a6-bd5b-810c7f1a25d2/ee467bd7-8436-4d38-b07e-e907d5046bef/rotate5_2_0.0.png
[2025-06-17T15:09:43.099+0900] {logging_mixin.py:190} INFO - file_copy: /opt/***/data/temp/f93ffa08-b8db-47a6-bd5b-810c7f1a25d2/ee467bd7-8436-4d38-b07e-e907d5046bef/rotate5_2_0.25.png
[2025-06-17T15:09:43.414+0900] {logging_mixin.py:190} INFO - file_copy: /opt/***/data/temp/f93ffa08-b8db-47a6-bd5b-810c7f1a25d2/ee467bd7-8436-4d38-b07e-e907d5046bef/rotate5_2_0.5.png
[2025-06-17T15:09:43.830+0900] {logging_mixin.py:190} INFO - file_copy: /opt/***/data/temp/f93ffa08-b8db-47a6-bd5b-810c7f1a25d2/ee467bd7-8436-4d38-b07e-e907d5046bef/rotate5_2_0.75.png
[2025-06-17T15:09:44.197+0900] {logging_mixin.py:190} INFO - file_copy: /opt/***/data/temp/f93ffa08-b8db-47a6-bd5b-810c7f1a25d2/ee467bd7-8436-4d38-b07e-e907d5046bef/rotate5_2_1.0.png
[2025-06-17T15:09:44.511+0900] {logging_mixin.py:190} INFO - file_copy: /opt/***/data/temp/f93ffa08-b8db-47a6-bd5b-810c7f1a25d2/ee467bd7-8436-4d38-b07e-e907d5046bef/rotate5_2_1.25.png
[2025-06-17T15:09:44.948+0900] {logging_mixin.py:190} INFO - file_copy: /opt/***/data/temp/f93ffa08-b8db-47a6-bd5b-810c7f1a25d2/ee467bd7-8436-4d38-b07e-e907d5046bef/rotate5_2_1.5.png
[2025-06-17T15:09:45.293+0900] {logging_mixin.py:190} INFO - file_copy: /opt/***/data/temp/f93ffa08-b8db-47a6-bd5b-810c7f1a25d2/ee467bd7-8436-4d38-b07e-e907d5046bef/rotate5_2_1.75.png
[2025-06-17T15:09:45.715+0900] {logging_mixin.py:190} INFO - file_copy: /opt/***/data/temp/f93ffa08-b8db-47a6-bd5b-810c7f1a25d2/ee467bd7-8436-4d38-b07e-e907d5046bef/rotate5_2_2.0.png
[2025-06-17T15:09:46.029+0900] {logging_mixin.py:190} INFO - file_copy: /opt/***/data/temp/f93ffa08-b8db-47a6-bd5b-810c7f1a25d2/ee467bd7-8436-4d38-b07e-e907d5046bef/rotate5_2_2.25.png
[2025-06-17T15:09:46.361+0900] {logging_mixin.py:190} INFO - file_copy: /opt/***/data/temp/f93ffa08-b8db-47a6-bd5b-810c7f1a25d2/ee467bd7-8436-4d38-b07e-e907d5046bef/rotate5_2_2.5.png
[2025-06-17T15:09:46.673+0900] {logging_mixin.py:190} INFO - file_copy: /opt/***/data/temp/f93ffa08-b8db-47a6-bd5b-810c7f1a25d2/ee467bd7-8436-4d38-b07e-e907d5046bef/rotate5_2_2.75.png
[2025-06-17T15:09:47.079+0900] {logging_mixin.py:190} INFO - file_copy: /opt/***/data/temp/f93ffa08-b8db-47a6-bd5b-810c7f1a25d2/ee467bd7-8436-4d38-b07e-e907d5046bef/rotate5_2_3.0.png
[2025-06-17T15:09:47.491+0900] {logging_mixin.py:190} INFO - file_copy: /opt/***/data/temp/f93ffa08-b8db-47a6-bd5b-810c7f1a25d2/ee467bd7-8436-4d38-b07e-e907d5046bef/rotate5_2_3.25.png
[2025-06-17T15:09:47.799+0900] {logging_mixin.py:190} INFO - file_copy: /opt/***/data/temp/f93ffa08-b8db-47a6-bd5b-810c7f1a25d2/ee467bd7-8436-4d38-b07e-e907d5046bef/rotate5_2_3.5.png
[2025-06-17T15:09:48.244+0900] {logging_mixin.py:190} INFO - file_copy: /opt/***/data/temp/f93ffa08-b8db-47a6-bd5b-810c7f1a25d2/ee467bd7-8436-4d38-b07e-e907d5046bef/rotate5_2_3.75.png
[2025-06-17T15:09:48.711+0900] {logging_mixin.py:190} INFO - file_copy: /opt/***/data/temp/f93ffa08-b8db-47a6-bd5b-810c7f1a25d2/ee467bd7-8436-4d38-b07e-e907d5046bef/rotate5_2_4.0.png
[2025-06-17T15:09:49.089+0900] {logging_mixin.py:190} INFO - file_copy: /opt/***/data/temp/f93ffa08-b8db-47a6-bd5b-810c7f1a25d2/ee467bd7-8436-4d38-b07e-e907d5046bef/rotate5_2_4.25.png
[2025-06-17T15:09:49.450+0900] {logging_mixin.py:190} INFO - file_copy: /opt/***/data/temp/f93ffa08-b8db-47a6-bd5b-810c7f1a25d2/ee467bd7-8436-4d38-b07e-e907d5046bef/rotate5_2_4.5.png
[2025-06-17T15:09:49.860+0900] {logging_mixin.py:190} INFO - file_copy: /opt/***/data/temp/f93ffa08-b8db-47a6-bd5b-810c7f1a25d2/ee467bd7-8436-4d38-b07e-e907d5046bef/rotate5_2_4.75.png
[2025-06-17T15:09:50.295+0900] {logging_mixin.py:190} INFO - file_copy: /opt/***/data/temp/f93ffa08-b8db-47a6-bd5b-810c7f1a25d2/ee467bd7-8436-4d38-b07e-e907d5046bef/rotate5_2_5.0.png
[2025-06-17T15:09:50.542+0900] {logging_mixin.py:190} INFO - osd 2 0 0 0 0 [0, 0, 0, 0, 0, 0, 0, 0, 0, 0, 0, 0, 0, 0, 0, 0, 0, 0, 0, 0, 0, 0, 0, 0, 0, 0, 0, 0, 0, 0, 0, 0, 0, 0, 0, 0, 0, 0, 0, 0, 0]
[2025-06-17T15:09:50.861+0900] {logging_mixin.py:190} INFO - file_copy: /opt/***/data/temp/f93ffa08-b8db-47a6-bd5b-810c7f1a25d2/ee467bd7-8436-4d38-b07e-e907d5046bef/rotate5_2_0.png
[2025-06-17T15:09:50.983+0900] {logging_mixin.py:190} INFO - file_copy: /opt/***/data/temp/f93ffa08-b8db-47a6-bd5b-810c7f1a25d2/ee467bd7-8436-4d38-b07e-e907d5046bef/rotate5_3_-5.0.png
[2025-06-17T15:09:51.381+0900] {logging_mixin.py:190} INFO - file_copy: /opt/***/data/temp/f93ffa08-b8db-47a6-bd5b-810c7f1a25d2/ee467bd7-8436-4d38-b07e-e907d5046bef/rotate5_3_-4.75.png
[2025-06-17T15:09:51.907+0900] {logging_mixin.py:190} INFO - file_copy: /opt/***/data/temp/f93ffa08-b8db-47a6-bd5b-810c7f1a25d2/ee467bd7-8436-4d38-b07e-e907d5046bef/rotate5_3_-4.5.png
[2025-06-17T15:09:52.288+0900] {logging_mixin.py:190} INFO - file_copy: /opt/***/data/temp/f93ffa08-b8db-47a6-bd5b-810c7f1a25d2/ee467bd7-8436-4d38-b07e-e907d5046bef/rotate5_3_-4.25.png
[2025-06-17T15:09:52.611+0900] {logging_mixin.py:190} INFO - file_copy: /opt/***/data/temp/f93ffa08-b8db-47a6-bd5b-810c7f1a25d2/ee467bd7-8436-4d38-b07e-e907d5046bef/rotate5_3_-4.0.png
[2025-06-17T15:09:53.069+0900] {logging_mixin.py:190} INFO - file_copy: /opt/***/data/temp/f93ffa08-b8db-47a6-bd5b-810c7f1a25d2/ee467bd7-8436-4d38-b07e-e907d5046bef/rotate5_3_-3.75.png
[2025-06-17T15:09:53.393+0900] {logging_mixin.py:190} INFO - file_copy: /opt/***/data/temp/f93ffa08-b8db-47a6-bd5b-810c7f1a25d2/ee467bd7-8436-4d38-b07e-e907d5046bef/rotate5_3_-3.5.png
[2025-06-17T15:09:53.743+0900] {logging_mixin.py:190} INFO - file_copy: /opt/***/data/temp/f93ffa08-b8db-47a6-bd5b-810c7f1a25d2/ee467bd7-8436-4d38-b07e-e907d5046bef/rotate5_3_-3.25.png
[2025-06-17T15:09:54.126+0900] {logging_mixin.py:190} INFO - file_copy: /opt/***/data/temp/f93ffa08-b8db-47a6-bd5b-810c7f1a25d2/ee467bd7-8436-4d38-b07e-e907d5046bef/rotate5_3_-3.0.png
[2025-06-17T15:09:54.525+0900] {logging_mixin.py:190} INFO - file_copy: /opt/***/data/temp/f93ffa08-b8db-47a6-bd5b-810c7f1a25d2/ee467bd7-8436-4d38-b07e-e907d5046bef/rotate5_3_-2.75.png
[2025-06-17T15:09:54.795+0900] {logging_mixin.py:190} INFO - file_copy: /opt/***/data/temp/f93ffa08-b8db-47a6-bd5b-810c7f1a25d2/ee467bd7-8436-4d38-b07e-e907d5046bef/rotate5_3_-2.5.png
[2025-06-17T15:09:55.055+0900] {logging_mixin.py:190} INFO - file_copy: /opt/***/data/temp/f93ffa08-b8db-47a6-bd5b-810c7f1a25d2/ee467bd7-8436-4d38-b07e-e907d5046bef/rotate5_3_-2.25.png
[2025-06-17T15:09:55.404+0900] {logging_mixin.py:190} INFO - file_copy: /opt/***/data/temp/f93ffa08-b8db-47a6-bd5b-810c7f1a25d2/ee467bd7-8436-4d38-b07e-e907d5046bef/rotate5_3_-2.0.png
[2025-06-17T15:09:55.695+0900] {logging_mixin.py:190} INFO - file_copy: /opt/***/data/temp/f93ffa08-b8db-47a6-bd5b-810c7f1a25d2/ee467bd7-8436-4d38-b07e-e907d5046bef/rotate5_3_-1.75.png
[2025-06-17T15:09:55.987+0900] {logging_mixin.py:190} INFO - file_copy: /opt/***/data/temp/f93ffa08-b8db-47a6-bd5b-810c7f1a25d2/ee467bd7-8436-4d38-b07e-e907d5046bef/rotate5_3_-1.5.png
[2025-06-17T15:09:56.406+0900] {logging_mixin.py:190} INFO - file_copy: /opt/***/data/temp/f93ffa08-b8db-47a6-bd5b-810c7f1a25d2/ee467bd7-8436-4d38-b07e-e907d5046bef/rotate5_3_-1.25.png
[2025-06-17T15:09:56.828+0900] {logging_mixin.py:190} INFO - file_copy: /opt/***/data/temp/f93ffa08-b8db-47a6-bd5b-810c7f1a25d2/ee467bd7-8436-4d38-b07e-e907d5046bef/rotate5_3_-1.0.png
[2025-06-17T15:09:57.115+0900] {logging_mixin.py:190} INFO - file_copy: /opt/***/data/temp/f93ffa08-b8db-47a6-bd5b-810c7f1a25d2/ee467bd7-8436-4d38-b07e-e907d5046bef/rotate5_3_-0.75.png
[2025-06-17T15:09:57.403+0900] {logging_mixin.py:190} INFO - file_copy: /opt/***/data/temp/f93ffa08-b8db-47a6-bd5b-810c7f1a25d2/ee467bd7-8436-4d38-b07e-e907d5046bef/rotate5_3_-0.5.png
[2025-06-17T15:09:57.815+0900] {logging_mixin.py:190} INFO - file_copy: /opt/***/data/temp/f93ffa08-b8db-47a6-bd5b-810c7f1a25d2/ee467bd7-8436-4d38-b07e-e907d5046bef/rotate5_3_-0.25.png
[2025-06-17T15:09:58.117+0900] {logging_mixin.py:190} INFO - file_copy: /opt/***/data/temp/f93ffa08-b8db-47a6-bd5b-810c7f1a25d2/ee467bd7-8436-4d38-b07e-e907d5046bef/rotate5_3_0.0.png
[2025-06-17T15:09:58.461+0900] {logging_mixin.py:190} INFO - file_copy: /opt/***/data/temp/f93ffa08-b8db-47a6-bd5b-810c7f1a25d2/ee467bd7-8436-4d38-b07e-e907d5046bef/rotate5_3_0.25.png
[2025-06-17T15:09:58.806+0900] {logging_mixin.py:190} INFO - file_copy: /opt/***/data/temp/f93ffa08-b8db-47a6-bd5b-810c7f1a25d2/ee467bd7-8436-4d38-b07e-e907d5046bef/rotate5_3_0.5.png
[2025-06-17T15:09:59.179+0900] {logging_mixin.py:190} INFO - file_copy: /opt/***/data/temp/f93ffa08-b8db-47a6-bd5b-810c7f1a25d2/ee467bd7-8436-4d38-b07e-e907d5046bef/rotate5_3_0.75.png
[2025-06-17T15:09:59.512+0900] {logging_mixin.py:190} INFO - file_copy: /opt/***/data/temp/f93ffa08-b8db-47a6-bd5b-810c7f1a25d2/ee467bd7-8436-4d38-b07e-e907d5046bef/rotate5_3_1.0.png
[2025-06-17T15:09:59.882+0900] {logging_mixin.py:190} INFO - file_copy: /opt/***/data/temp/f93ffa08-b8db-47a6-bd5b-810c7f1a25d2/ee467bd7-8436-4d38-b07e-e907d5046bef/rotate5_3_1.25.png
[2025-06-17T15:10:00.246+0900] {logging_mixin.py:190} INFO - file_copy: /opt/***/data/temp/f93ffa08-b8db-47a6-bd5b-810c7f1a25d2/ee467bd7-8436-4d38-b07e-e907d5046bef/rotate5_3_1.5.png
[2025-06-17T15:10:00.579+0900] {logging_mixin.py:190} INFO - file_copy: /opt/***/data/temp/f93ffa08-b8db-47a6-bd5b-810c7f1a25d2/ee467bd7-8436-4d38-b07e-e907d5046bef/rotate5_3_1.75.png
[2025-06-17T15:10:01.023+0900] {logging_mixin.py:190} INFO - file_copy: /opt/***/data/temp/f93ffa08-b8db-47a6-bd5b-810c7f1a25d2/ee467bd7-8436-4d38-b07e-e907d5046bef/rotate5_3_2.0.png
[2025-06-17T15:10:01.322+0900] {logging_mixin.py:190} INFO - file_copy: /opt/***/data/temp/f93ffa08-b8db-47a6-bd5b-810c7f1a25d2/ee467bd7-8436-4d38-b07e-e907d5046bef/rotate5_3_2.25.png
[2025-06-17T15:10:01.708+0900] {logging_mixin.py:190} INFO - file_copy: /opt/***/data/temp/f93ffa08-b8db-47a6-bd5b-810c7f1a25d2/ee467bd7-8436-4d38-b07e-e907d5046bef/rotate5_3_2.5.png
[2025-06-17T15:10:02.045+0900] {logging_mixin.py:190} INFO - file_copy: /opt/***/data/temp/f93ffa08-b8db-47a6-bd5b-810c7f1a25d2/ee467bd7-8436-4d38-b07e-e907d5046bef/rotate5_3_2.75.png
[2025-06-17T15:10:02.402+0900] {logging_mixin.py:190} INFO - file_copy: /opt/***/data/temp/f93ffa08-b8db-47a6-bd5b-810c7f1a25d2/ee467bd7-8436-4d38-b07e-e907d5046bef/rotate5_3_3.0.png
[2025-06-17T15:10:02.842+0900] {logging_mixin.py:190} INFO - file_copy: /opt/***/data/temp/f93ffa08-b8db-47a6-bd5b-810c7f1a25d2/ee467bd7-8436-4d38-b07e-e907d5046bef/rotate5_3_3.25.png
[2025-06-17T15:10:03.151+0900] {logging_mixin.py:190} INFO - file_copy: /opt/***/data/temp/f93ffa08-b8db-47a6-bd5b-810c7f1a25d2/ee467bd7-8436-4d38-b07e-e907d5046bef/rotate5_3_3.5.png
[2025-06-17T15:10:03.575+0900] {logging_mixin.py:190} INFO - file_copy: /opt/***/data/temp/f93ffa08-b8db-47a6-bd5b-810c7f1a25d2/ee467bd7-8436-4d38-b07e-e907d5046bef/rotate5_3_3.75.png
[2025-06-17T15:10:03.977+0900] {logging_mixin.py:190} INFO - file_copy: /opt/***/data/temp/f93ffa08-b8db-47a6-bd5b-810c7f1a25d2/ee467bd7-8436-4d38-b07e-e907d5046bef/rotate5_3_4.0.png
[2025-06-17T15:10:04.322+0900] {logging_mixin.py:190} INFO - file_copy: /opt/***/data/temp/f93ffa08-b8db-47a6-bd5b-810c7f1a25d2/ee467bd7-8436-4d38-b07e-e907d5046bef/rotate5_3_4.25.png
[2025-06-17T15:10:04.710+0900] {logging_mixin.py:190} INFO - file_copy: /opt/***/data/temp/f93ffa08-b8db-47a6-bd5b-810c7f1a25d2/ee467bd7-8436-4d38-b07e-e907d5046bef/rotate5_3_4.5.png
[2025-06-17T15:10:05.129+0900] {logging_mixin.py:190} INFO - file_copy: /opt/***/data/temp/f93ffa08-b8db-47a6-bd5b-810c7f1a25d2/ee467bd7-8436-4d38-b07e-e907d5046bef/rotate5_3_4.75.png
[2025-06-17T15:10:05.525+0900] {logging_mixin.py:190} INFO - file_copy: /opt/***/data/temp/f93ffa08-b8db-47a6-bd5b-810c7f1a25d2/ee467bd7-8436-4d38-b07e-e907d5046bef/rotate5_3_5.0.png
[2025-06-17T15:10:05.758+0900] {logging_mixin.py:190} INFO - osd 3 0 0 0 0 [0, 0, 0, 0, 0, 0, 0, 0, 0, 0, 0, 0, 0, 0, 0, 0, 0, 0, 0, 0, 0, 0, 0, 0, 0, 0, 0, 0, 0, 0, 0, 0, 0, 0, 0, 0, 0, 0, 0, 0, 0]
[2025-06-17T15:10:06.013+0900] {logging_mixin.py:190} INFO - file_copy: /opt/***/data/temp/f93ffa08-b8db-47a6-bd5b-810c7f1a25d2/ee467bd7-8436-4d38-b07e-e907d5046bef/rotate5_3_0.png
[2025-06-17T15:10:06.102+0900] {logging_mixin.py:190} INFO - file_copy: /opt/***/data/temp/f93ffa08-b8db-47a6-bd5b-810c7f1a25d2/ee467bd7-8436-4d38-b07e-e907d5046bef/rotate5_4_-5.0.png
[2025-06-17T15:10:06.456+0900] {logging_mixin.py:190} INFO - file_copy: /opt/***/data/temp/f93ffa08-b8db-47a6-bd5b-810c7f1a25d2/ee467bd7-8436-4d38-b07e-e907d5046bef/rotate5_4_-4.75.png
[2025-06-17T15:10:06.805+0900] {logging_mixin.py:190} INFO - file_copy: /opt/***/data/temp/f93ffa08-b8db-47a6-bd5b-810c7f1a25d2/ee467bd7-8436-4d38-b07e-e907d5046bef/rotate5_4_-4.5.png
[2025-06-17T15:10:07.241+0900] {logging_mixin.py:190} INFO - file_copy: /opt/***/data/temp/f93ffa08-b8db-47a6-bd5b-810c7f1a25d2/ee467bd7-8436-4d38-b07e-e907d5046bef/rotate5_4_-4.25.png
[2025-06-17T15:10:07.606+0900] {logging_mixin.py:190} INFO - file_copy: /opt/***/data/temp/f93ffa08-b8db-47a6-bd5b-810c7f1a25d2/ee467bd7-8436-4d38-b07e-e907d5046bef/rotate5_4_-4.0.png
[2025-06-17T15:10:07.996+0900] {logging_mixin.py:190} INFO - file_copy: /opt/***/data/temp/f93ffa08-b8db-47a6-bd5b-810c7f1a25d2/ee467bd7-8436-4d38-b07e-e907d5046bef/rotate5_4_-3.75.png
[2025-06-17T15:10:08.364+0900] {logging_mixin.py:190} INFO - file_copy: /opt/***/data/temp/f93ffa08-b8db-47a6-bd5b-810c7f1a25d2/ee467bd7-8436-4d38-b07e-e907d5046bef/rotate5_4_-3.5.png
[2025-06-17T15:10:08.786+0900] {logging_mixin.py:190} INFO - file_copy: /opt/***/data/temp/f93ffa08-b8db-47a6-bd5b-810c7f1a25d2/ee467bd7-8436-4d38-b07e-e907d5046bef/rotate5_4_-3.25.png
[2025-06-17T15:10:09.285+0900] {logging_mixin.py:190} INFO - file_copy: /opt/***/data/temp/f93ffa08-b8db-47a6-bd5b-810c7f1a25d2/ee467bd7-8436-4d38-b07e-e907d5046bef/rotate5_4_-3.0.png
[2025-06-17T15:10:09.822+0900] {logging_mixin.py:190} INFO - file_copy: /opt/***/data/temp/f93ffa08-b8db-47a6-bd5b-810c7f1a25d2/ee467bd7-8436-4d38-b07e-e907d5046bef/rotate5_4_-2.75.png
[2025-06-17T15:10:10.166+0900] {logging_mixin.py:190} INFO - file_copy: /opt/***/data/temp/f93ffa08-b8db-47a6-bd5b-810c7f1a25d2/ee467bd7-8436-4d38-b07e-e907d5046bef/rotate5_4_-2.5.png
[2025-06-17T15:10:10.542+0900] {logging_mixin.py:190} INFO - file_copy: /opt/***/data/temp/f93ffa08-b8db-47a6-bd5b-810c7f1a25d2/ee467bd7-8436-4d38-b07e-e907d5046bef/rotate5_4_-2.25.png
[2025-06-17T15:10:10.920+0900] {logging_mixin.py:190} INFO - file_copy: /opt/***/data/temp/f93ffa08-b8db-47a6-bd5b-810c7f1a25d2/ee467bd7-8436-4d38-b07e-e907d5046bef/rotate5_4_-2.0.png
[2025-06-17T15:10:11.270+0900] {logging_mixin.py:190} INFO - file_copy: /opt/***/data/temp/f93ffa08-b8db-47a6-bd5b-810c7f1a25d2/ee467bd7-8436-4d38-b07e-e907d5046bef/rotate5_4_-1.75.png
[2025-06-17T15:10:11.747+0900] {logging_mixin.py:190} INFO - file_copy: /opt/***/data/temp/f93ffa08-b8db-47a6-bd5b-810c7f1a25d2/ee467bd7-8436-4d38-b07e-e907d5046bef/rotate5_4_-1.5.png
[2025-06-17T15:10:12.108+0900] {logging_mixin.py:190} INFO - file_copy: /opt/***/data/temp/f93ffa08-b8db-47a6-bd5b-810c7f1a25d2/ee467bd7-8436-4d38-b07e-e907d5046bef/rotate5_4_-1.25.png
[2025-06-17T15:10:12.505+0900] {logging_mixin.py:190} INFO - file_copy: /opt/***/data/temp/f93ffa08-b8db-47a6-bd5b-810c7f1a25d2/ee467bd7-8436-4d38-b07e-e907d5046bef/rotate5_4_-1.0.png
[2025-06-17T15:10:12.780+0900] {logging_mixin.py:190} INFO - file_copy: /opt/***/data/temp/f93ffa08-b8db-47a6-bd5b-810c7f1a25d2/ee467bd7-8436-4d38-b07e-e907d5046bef/rotate5_4_-0.75.png
[2025-06-17T15:10:13.155+0900] {logging_mixin.py:190} INFO - file_copy: /opt/***/data/temp/f93ffa08-b8db-47a6-bd5b-810c7f1a25d2/ee467bd7-8436-4d38-b07e-e907d5046bef/rotate5_4_-0.5.png
[2025-06-17T15:10:13.478+0900] {logging_mixin.py:190} INFO - file_copy: /opt/***/data/temp/f93ffa08-b8db-47a6-bd5b-810c7f1a25d2/ee467bd7-8436-4d38-b07e-e907d5046bef/rotate5_4_-0.25.png
[2025-06-17T15:10:13.808+0900] {logging_mixin.py:190} INFO - file_copy: /opt/***/data/temp/f93ffa08-b8db-47a6-bd5b-810c7f1a25d2/ee467bd7-8436-4d38-b07e-e907d5046bef/rotate5_4_0.0.png
[2025-06-17T15:10:14.145+0900] {logging_mixin.py:190} INFO - file_copy: /opt/***/data/temp/f93ffa08-b8db-47a6-bd5b-810c7f1a25d2/ee467bd7-8436-4d38-b07e-e907d5046bef/rotate5_4_0.25.png
[2025-06-17T15:10:14.494+0900] {logging_mixin.py:190} INFO - file_copy: /opt/***/data/temp/f93ffa08-b8db-47a6-bd5b-810c7f1a25d2/ee467bd7-8436-4d38-b07e-e907d5046bef/rotate5_4_0.5.png
[2025-06-17T15:10:14.904+0900] {logging_mixin.py:190} INFO - file_copy: /opt/***/data/temp/f93ffa08-b8db-47a6-bd5b-810c7f1a25d2/ee467bd7-8436-4d38-b07e-e907d5046bef/rotate5_4_0.75.png
[2025-06-17T15:10:15.253+0900] {logging_mixin.py:190} INFO - file_copy: /opt/***/data/temp/f93ffa08-b8db-47a6-bd5b-810c7f1a25d2/ee467bd7-8436-4d38-b07e-e907d5046bef/rotate5_4_1.0.png
[2025-06-17T15:10:15.602+0900] {logging_mixin.py:190} INFO - file_copy: /opt/***/data/temp/f93ffa08-b8db-47a6-bd5b-810c7f1a25d2/ee467bd7-8436-4d38-b07e-e907d5046bef/rotate5_4_1.25.png
[2025-06-17T15:10:16.071+0900] {logging_mixin.py:190} INFO - file_copy: /opt/***/data/temp/f93ffa08-b8db-47a6-bd5b-810c7f1a25d2/ee467bd7-8436-4d38-b07e-e907d5046bef/rotate5_4_1.5.png
[2025-06-17T15:10:16.447+0900] {logging_mixin.py:190} INFO - file_copy: /opt/***/data/temp/f93ffa08-b8db-47a6-bd5b-810c7f1a25d2/ee467bd7-8436-4d38-b07e-e907d5046bef/rotate5_4_1.75.png
[2025-06-17T15:10:17.045+0900] {logging_mixin.py:190} INFO - file_copy: /opt/***/data/temp/f93ffa08-b8db-47a6-bd5b-810c7f1a25d2/ee467bd7-8436-4d38-b07e-e907d5046bef/rotate5_4_2.0.png
[2025-06-17T15:10:17.539+0900] {logging_mixin.py:190} INFO - file_copy: /opt/***/data/temp/f93ffa08-b8db-47a6-bd5b-810c7f1a25d2/ee467bd7-8436-4d38-b07e-e907d5046bef/rotate5_4_2.25.png
[2025-06-17T15:10:17.926+0900] {logging_mixin.py:190} INFO - file_copy: /opt/***/data/temp/f93ffa08-b8db-47a6-bd5b-810c7f1a25d2/ee467bd7-8436-4d38-b07e-e907d5046bef/rotate5_4_2.5.png
[2025-06-17T15:10:18.281+0900] {logging_mixin.py:190} INFO - file_copy: /opt/***/data/temp/f93ffa08-b8db-47a6-bd5b-810c7f1a25d2/ee467bd7-8436-4d38-b07e-e907d5046bef/rotate5_4_2.75.png
[2025-06-17T15:10:18.654+0900] {logging_mixin.py:190} INFO - file_copy: /opt/***/data/temp/f93ffa08-b8db-47a6-bd5b-810c7f1a25d2/ee467bd7-8436-4d38-b07e-e907d5046bef/rotate5_4_3.0.png
[2025-06-17T15:10:19.035+0900] {logging_mixin.py:190} INFO - file_copy: /opt/***/data/temp/f93ffa08-b8db-47a6-bd5b-810c7f1a25d2/ee467bd7-8436-4d38-b07e-e907d5046bef/rotate5_4_3.25.png
[2025-06-17T15:10:19.517+0900] {logging_mixin.py:190} INFO - file_copy: /opt/***/data/temp/f93ffa08-b8db-47a6-bd5b-810c7f1a25d2/ee467bd7-8436-4d38-b07e-e907d5046bef/rotate5_4_3.5.png
[2025-06-17T15:10:19.979+0900] {logging_mixin.py:190} INFO - file_copy: /opt/***/data/temp/f93ffa08-b8db-47a6-bd5b-810c7f1a25d2/ee467bd7-8436-4d38-b07e-e907d5046bef/rotate5_4_3.75.png
[2025-06-17T15:10:20.343+0900] {logging_mixin.py:190} INFO - file_copy: /opt/***/data/temp/f93ffa08-b8db-47a6-bd5b-810c7f1a25d2/ee467bd7-8436-4d38-b07e-e907d5046bef/rotate5_4_4.0.png
[2025-06-17T15:10:20.849+0900] {logging_mixin.py:190} INFO - file_copy: /opt/***/data/temp/f93ffa08-b8db-47a6-bd5b-810c7f1a25d2/ee467bd7-8436-4d38-b07e-e907d5046bef/rotate5_4_4.25.png
[2025-06-17T15:10:21.295+0900] {logging_mixin.py:190} INFO - file_copy: /opt/***/data/temp/f93ffa08-b8db-47a6-bd5b-810c7f1a25d2/ee467bd7-8436-4d38-b07e-e907d5046bef/rotate5_4_4.5.png
[2025-06-17T15:10:21.819+0900] {logging_mixin.py:190} INFO - file_copy: /opt/***/data/temp/f93ffa08-b8db-47a6-bd5b-810c7f1a25d2/ee467bd7-8436-4d38-b07e-e907d5046bef/rotate5_4_4.75.png
[2025-06-17T15:10:22.271+0900] {logging_mixin.py:190} INFO - file_copy: /opt/***/data/temp/f93ffa08-b8db-47a6-bd5b-810c7f1a25d2/ee467bd7-8436-4d38-b07e-e907d5046bef/rotate5_4_5.0.png
[2025-06-17T15:10:22.507+0900] {logging_mixin.py:190} INFO - osd 4 0 0 0 0 [0, 0, 0, 0, 0, 0, 0, 0, 0, 0, 0, 0, 0, 0, 0, 0, 0, 0, 0, 0, 0, 0, 0, 0, 0, 0, 0, 0, 0, 0, 0, 0, 0, 0, 0, 0, 0, 0, 0, 0, 0]
[2025-06-17T15:10:22.757+0900] {logging_mixin.py:190} INFO - file_copy: /opt/***/data/temp/f93ffa08-b8db-47a6-bd5b-810c7f1a25d2/ee467bd7-8436-4d38-b07e-e907d5046bef/rotate5_4_0.png
[2025-06-17T15:10:22.763+0900] {logging_mixin.py:190} INFO - step : calc_angle_set2
[2025-06-17T15:10:25.519+0900] {logging_mixin.py:190} INFO - file_copy: /opt/***/data/temp/f93ffa08-b8db-47a6-bd5b-810c7f1a25d2/ee467bd7-8436-4d38-b07e-e907d5046bef/rotate2_1.png
[2025-06-17T15:10:27.166+0900] {logging_mixin.py:190} INFO - osd 1 break  0 0 7.3 Korean 0.02
[2025-06-17T15:10:27.167+0900] {logging_mixin.py:190} INFO - step : threshold
[2025-06-17T15:10:27.170+0900] {logging_mixin.py:190} INFO - step : save
[2025-06-17T15:10:27.201+0900] {logging_mixin.py:190} INFO - file_copy: /opt/***/data/temp/f93ffa08-b8db-47a6-bd5b-810c7f1a25d2/ee467bd7-8436-4d38-b07e-e907d5046bef/classify_preprocess.png
[2025-06-17T15:10:27.207+0900] {python.py:240} INFO - Done. Returned value was: {'file_id': 'f93ffa08-b8db-47a6-bd5b-810c7f1a25d2', 'file_path': '/opt/***/data/upload/광장동 가람빌딩 - 정부24 - 건축물대장 등본(초본) 발급(열람) _ 문서출력_page_1.png', 'result': {'process_id': '_ee467bd7-8436-4d38-b07e-e907d5046bef_pre', 'folder_path': 'f93ffa08-b8db-47a6-bd5b-810c7f1a25d2/ee467bd7-8436-4d38-b07e-e907d5046bef', 'step_list': [{'name': 'cache', 'param': {'key': 'origin'}}, {'name': 'calc_angle_set5', 'param': {'key': 'angle1', 'iterations': 4, 'iter_save': True}}, {'name': 'calc_angle_set2', 'param': {'key': 'angle2', 'iterations': 4, 'iter_save': True}}, {'name': 'threshold', 'param': {}}, {'name': 'save', 'param': {'key': 'classify_preprocess'}}], 'result_file_list': [{'key': 'rotate5_1_-5.0', 'path': '/opt/***/data/temp/f93ffa08-b8db-47a6-bd5b-810c7f1a25d2/ee467bd7-8436-4d38-b07e-e907d5046bef/rotate5_1_-5.0.png'}, {'key': 'rotate5_1_-4.75', 'path': '/opt/***/data/temp/f93ffa08-b8db-47a6-bd5b-810c7f1a25d2/ee467bd7-8436-4d38-b07e-e907d5046bef/rotate5_1_-4.75.png'}, {'key': 'rotate5_1_-4.5', 'path': '/opt/***/data/temp/f93ffa08-b8db-47a6-bd5b-810c7f1a25d2/ee467bd7-8436-4d38-b07e-e907d5046bef/rotate5_1_-4.5.png'}, {'key': 'rotate5_1_-4.25', 'path': '/opt/***/data/temp/f93ffa08-b8db-47a6-bd5b-810c7f1a25d2/ee467bd7-8436-4d38-b07e-e907d5046bef/rotate5_1_-4.25.png'}, {'key': 'rotate5_1_-4.0', 'path': '/opt/***/data/temp/f93ffa08-b8db-47a6-bd5b-810c7f1a25d2/ee467bd7-8436-4d38-b07e-e907d5046bef/rotate5_1_-4.0.png'}, {'key': 'rotate5_1_-3.75', 'path': '/opt/***/data/temp/f93ffa08-b8db-47a6-bd5b-810c7f1a25d2/ee467bd7-8436-4d38-b07e-e907d5046bef/rotate5_1_-3.75.png'}, {'key': 'rotate5_1_-3.5', 'path': '/opt/***/data/temp/f93ffa08-b8db-47a6-bd5b-810c7f1a25d2/ee467bd7-8436-4d38-b07e-e907d5046bef/rotate5_1_-3.5.png'}, {'key': 'rotate5_1_-3.25', 'path': '/opt/***/data/temp/f93ffa08-b8db-47a6-bd5b-810c7f1a25d2/ee467bd7-8436-4d38-b07e-e907d5046bef/rotate5_1_-3.25.png'}, {'key': 'rotate5_1_-3.0', 'path': '/opt/***/data/temp/f93ffa08-b8db-47a6-bd5b-810c7f1a25d2/ee467bd7-8436-4d38-b07e-e907d5046bef/rotate5_1_-3.0.png'}, {'key': 'rotate5_1_-2.75', 'path': '/opt/***/data/temp/f93ffa08-b8db-47a6-bd5b-810c7f1a25d2/ee467bd7-8436-4d38-b07e-e907d5046bef/rotate5_1_-2.75.png'}, {'key': 'rotate5_1_-2.5', 'path': '/opt/***/data/temp/f93ffa08-b8db-47a6-bd5b-810c7f1a25d2/ee467bd7-8436-4d38-b07e-e907d5046bef/rotate5_1_-2.5.png'}, {'key': 'rotate5_1_-2.25', 'path': '/opt/***/data/temp/f93ffa08-b8db-47a6-bd5b-810c7f1a25d2/ee467bd7-8436-4d38-b07e-e907d5046bef/rotate5_1_-2.25.png'}, {'key': 'rotate5_1_-2.0', 'path': '/opt/***/data/temp/f93ffa08-b8db-47a6-bd5b-810c7f1a25d2/ee467bd7-8436-4d38-b07e-e907d5046bef/rotate5_1_-2.0.png'}, {'key': 'rotate5_1_-1.75', 'path': '/opt/***/data/temp/f93ffa08-b8db-47a6-bd5b-810c7f1a25d2/ee467bd7-8436-4d38-b07e-e907d5046bef/rotate5_1_-1.75.png'}, {'key': 'rotate5_1_-1.5', 'path': '/opt/***/data/temp/f93ffa08-b8db-47a6-bd5b-810c7f1a25d2/ee467bd7-8436-4d38-b07e-e907d5046bef/rotate5_1_-1.5.png'}, {'key': 'rotate5_1_-1.25', 'path': '/opt/***/data/temp/f93ffa08-b8db-47a6-bd5b-810c7f1a25d2/ee467bd7-8436-4d38-b07e-e907d5046bef/rotate5_1_-1.25.png'}, {'key': 'rotate5_1_-1.0', 'path': '/opt/***/data/temp/f93ffa08-b8db-47a6-bd5b-810c7f1a25d2/ee467bd7-8436-4d38-b07e-e907d5046bef/rotate5_1_-1.0.png'}, {'key': 'rotate5_1_-0.75', 'path': '/opt/***/data/temp/f93ffa08-b8db-47a6-bd5b-810c7f1a25d2/ee467bd7-8436-4d38-b07e-e907d5046bef/rotate5_1_-0.75.png'}, {'key': 'rotate5_1_-0.5', 'path': '/opt/***/data/temp/f93ffa08-b8db-47a6-bd5b-810c7f1a25d2/ee467bd7-8436-4d38-b07e-e907d5046bef/rotate5_1_-0.5.png'}, {'key': 'rotate5_1_-0.25', 'path': '/opt/***/data/temp/f93ffa08-b8db-47a6-bd5b-810c7f1a25d2/ee467bd7-8436-4d38-b07e-e907d5046bef/rotate5_1_-0.25.png'}, {'key': 'rotate5_1_0.0', 'path': '/opt/***/data/temp/f93ffa08-b8db-47a6-bd5b-810c7f1a25d2/ee467bd7-8436-4d38-b07e-e907d5046bef/rotate5_1_0.0.png'}, {'key': 'rotate5_1_0.25', 'path': '/opt/***/data/temp/f93ffa08-b8db-47a6-bd5b-810c7f1a25d2/ee467bd7-8436-4d38-b07e-e907d5046bef/rotate5_1_0.25.png'}, {'key': 'rotate5_1_0.5', 'path': '/opt/***/data/temp/f93ffa08-b8db-47a6-bd5b-810c7f1a25d2/ee467bd7-8436-4d38-b07e-e907d5046bef/rotate5_1_0.5.png'}, {'key': 'rotate5_1_0.75', 'path': '/opt/***/data/temp/f93ffa08-b8db-47a6-bd5b-810c7f1a25d2/ee467bd7-8436-4d38-b07e-e907d5046bef/rotate5_1_0.75.png'}, {'key': 'rotate5_1_1.0', 'path': '/opt/***/data/temp/f93ffa08-b8db-47a6-bd5b-810c7f1a25d2/ee467bd7-8436-4d38-b07e-e907d5046bef/rotate5_1_1.0.png'}, {'key': 'rotate5_1_1.25', 'path': '/opt/***/data/temp/f93ffa08-b8db-47a6-bd5b-810c7f1a25d2/ee467bd7-8436-4d38-b07e-e907d5046bef/rotate5_1_1.25.png'}, {'key': 'rotate5_1_1.5', 'path': '/opt/***/data/temp/f93ffa08-b8db-47a6-bd5b-810c7f1a25d2/ee467bd7-8436-4d38-b07e-e907d5046bef/rotate5_1_1.5.png'}, {'key': 'rotate5_1_1.75', 'path': '/opt/***/data/temp/f93ffa08-b8db-47a6-bd5b-810c7f1a25d2/ee467bd7-8436-4d38-b07e-e907d5046bef/rotate5_1_1.75.png'}, {'key': 'rotate5_1_2.0', 'path': '/opt/***/data/temp/f93ffa08-b8db-47a6-bd5b-810c7f1a25d2/ee467bd7-8436-4d38-b07e-e907d5046bef/rotate5_1_2.0.png'}, {'key': 'rotate5_1_2.25', 'path': '/opt/***/data/temp/f93ffa08-b8db-47a6-bd5b-810c7f1a25d2/ee467bd7-8436-4d38-b07e-e907d5046bef/rotate5_1_2.25.png'}, {'key': 'rotate5_1_2.5', 'path': '/opt/***/data/temp/f93ffa08-b8db-47a6-bd5b-810c7f1a25d2/ee467bd7-8436-4d38-b07e-e907d5046bef/rotate5_1_2.5.png'}, {'key': 'rotate5_1_2.75', 'path': '/opt/***/data/temp/f93ffa08-b8db-47a6-bd5b-810c7f1a25d2/ee467bd7-8436-4d38-b07e-e907d5046bef/rotate5_1_2.75.png'}, {'key': 'rotate5_1_3.0', 'path': '/opt/***/data/temp/f93ffa08-b8db-47a6-bd5b-810c7f1a25d2/ee467bd7-8436-4d38-b07e-e907d5046bef/rotate5_1_3.0.png'}, {'key': 'rotate5_1_3.25', 'path': '/opt/***/data/temp/f93ffa08-b8db-47a6-bd5b-810c7f1a25d2/ee467bd7-8436-4d38-b07e-e907d5046bef/rotate5_1_3.25.png'}, {'key': 'rotate5_1_3.5', 'path': '/opt/***/data/temp/f93ffa08-b8db-47a6-bd5b-810c7f1a25d2/ee467bd7-8436-4d38-b07e-e907d5046bef/rotate5_1_3.5.png'}, {'key': 'rotate5_1_3.75', 'path': '/opt/***/data/temp/f93ffa08-b8db-47a6-bd5b-810c7f1a25d2/ee467bd7-8436-4d38-b07e-e907d5046bef/rotate5_1_3.75.png'}, {'key': 'rotate5_1_4.0', 'path': '/opt/***/data/temp/f93ffa08-b8db-47a6-bd5b-810c7f1a25d2/ee467bd7-8436-4d38-b07e-e907d5046bef/rotate5_1_4.0.png'}, {'key': 'rotate5_1_4.25', 'path': '/opt/***/data/temp/f93ffa08-b8db-47a6-bd5b-810c7f1a25d2/ee467bd7-8436-4d38-b07e-e907d5046bef/rotate5_1_4.25.png'}, {'key': 'rotate5_1_4.5', 'path': '/opt/***/data/temp/f93ffa08-b8db-47a6-bd5b-810c7f1a25d2/ee467bd7-8436-4d38-b07e-e907d5046bef/rotate5_1_4.5.png'}, {'key': 'rotate5_1_4.75', 'path': '/opt/***/data/temp/f93ffa08-b8db-47a6-bd5b-810c7f1a25d2/ee467bd7-8436-4d38-b07e-e907d5046bef/rotate5_1_4.75.png'}, {'key': 'rotate5_1_5.0', 'path': '/opt/***/data/temp/f93ffa08-b8db-47a6-bd5b-810c7f1a25d2/ee467bd7-8436-4d38-b07e-e907d5046bef/rotate5_1_5.0.png'}, {'key': 'rotate5_1_0', 'path': '/opt/***/data/temp/f93ffa08-b8db-47a6-bd5b-810c7f1a25d2/ee467bd7-8436-4d38-b07e-e907d5046bef/rotate5_1_0.png'}, {'key': 'rotate5_2_-5.0', 'path': '/opt/***/data/temp/f93ffa08-b8db-47a6-bd5b-810c7f1a25d2/ee467bd7-8436-4d38-b07e-e907d5046bef/rotate5_2_-5.0.png'}, {'key': 'rotate5_2_-4.75', 'path': '/opt/***/data/temp/f93ffa08-b8db-47a6-bd5b-810c7f1a25d2/ee467bd7-8436-4d38-b07e-e907d5046bef/rotate5_2_-4.75.png'}, {'key': 'rotate5_2_-4.5', 'path': '/opt/***/data/temp/f93ffa08-b8db-47a6-bd5b-810c7f1a25d2/ee467bd7-8436-4d38-b07e-e907d5046bef/rotate5_2_-4.5.png'}, {'key': 'rotate5_2_-4.25', 'path': '/opt/***/data/temp/f93ffa08-b8db-47a6-bd5b-810c7f1a25d2/ee467bd7-8436-4d38-b07e-e907d5046bef/rotate5_2_-4.25.png'}, {'key': 'rotate5_2_-4.0', 'path': '/opt/***/data/temp/f93ffa08-b8db-47a6-bd5b-810c7f1a25d2/ee467bd7-8436-4d38-b07e-e907d5046bef/rotate5_2_-4.0.png'}, {'key': 'rotate5_2_-3.75', 'path': '/opt/***/data/temp/f93ffa08-b8db-47a6-bd5b-810c7f1a25d2/ee467bd7-8436-4d38-b07e-e907d5046bef/rotate5_2_-3.75.png'}, {'key': 'rotate5_2_-3.5', 'path': '/opt/***/data/temp/f93ffa08-b8db-47a6-bd5b-810c7f1a25d2/ee467bd7-8436-4d38-b07e-e907d5046bef/rotate5_2_-3.5.png'}, {'key': 'rotate5_2_-3.25', 'path': '/opt/***/data/temp/f93ffa08-b8db-47a6-bd5b-810c7f1a25d2/ee467bd7-8436-4d38-b07e-e907d5046bef/rotate5_2_-3.25.png'}, {'key': 'rotate5_2_-3.0', 'path': '/opt/***/data/temp/f93ffa08-b8db-47a6-bd5b-810c7f1a25d2/ee467bd7-8436-4d38-b07e-e907d5046bef/rotate5_2_-3.0.png'}, {'key': 'rotate5_2_-2.75', 'path': '/opt/***/data/temp/f93ffa08-b8db-47a6-bd5b-810c7f1a25d2/ee467bd7-8436-4d38-b07e-e907d5046bef/rotate5_2_-2.75.png'}, {'key': 'rotate5_2_-2.5', 'path': '/opt/***/data/temp/f93ffa08-b8db-47a6-bd5b-810c7f1a25d2/ee467bd7-8436-4d38-b07e-e907d5046bef/rotate5_2_-2.5.png'}, {'key': 'rotate5_2_-2.25', 'path': '/opt/***/data/temp/f93ffa08-b8db-47a6-bd5b-810c7f1a25d2/ee467bd7-8436-4d38-b07e-e907d5046bef/rotate5_2_-2.25.png'}, {'key': 'rotate5_2_-2.0', 'path': '/opt/***/data/temp/f93ffa08-b8db-47a6-bd5b-810c7f1a25d2/ee467bd7-8436-4d38-b07e-e907d5046bef/rotate5_2_-2.0.png'}, {'key': 'rotate5_2_-1.75', 'path': '/opt/***/data/temp/f93ffa08-b8db-47a6-bd5b-810c7f1a25d2/ee467bd7-8436-4d38-b07e-e907d5046bef/rotate5_2_-1.75.png'}, {'key': 'rotate5_2_-1.5', 'path': '/opt/***/data/temp/f93ffa08-b8db-47a6-bd5b-810c7f1a25d2/ee467bd7-8436-4d38-b07e-e907d5046bef/rotate5_2_-1.5.png'}, {'key': 'rotate5_2_-1.25', 'path': '/opt/***/data/temp/f93ffa08-b8db-47a6-bd5b-810c7f1a25d2/ee467bd7-8436-4d38-b07e-e907d5046bef/rotate5_2_-1.25.png'}, {'key': 'rotate5_2_-1.0', 'path': '/opt/***/data/temp/f93ffa08-b8db-47a6-bd5b-810c7f1a25d2/ee467bd7-8436-4d38-b07e-e907d5046bef/rotate5_2_-1.0.png'}, {'key': 'rotate5_2_-0.75', 'path': '/opt/***/data/temp/f93ffa08-b8db-47a6-bd5b-810c7f1a25d2/ee467bd7-8436-4d38-b07e-e907d5046bef/rotate5_2_-0.75.png'}, {'key': 'rotate5_2_-0.5', 'path': '/opt/***/data/temp/f93ffa08-b8db-47a6-bd5b-810c7f1a25d2/ee467bd7-8436-4d38-b07e-e907d5046bef/rotate5_2_-0.5.png'}, {'key': 'rotate5_2_-0.25', 'path': '/opt/***/data/temp/f93ffa08-b8db-47a6-bd5b-810c7f1a25d2/ee467bd7-8436-4d38-b07e-e907d5046bef/rotate5_2_-0.25.png'}, {'key': 'rotate5_2_0.0', 'path': '/opt/***/data/temp/f93ffa08-b8db-47a6-bd5b-810c7f1a25d2/ee467bd7-8436-4d38-b07e-e907d5046bef/rotate5_2_0.0.png'}, {'key': 'rotate5_2_0.25', 'path': '/opt/***/data/temp/f93ffa08-b8db-47a6-bd5b-810c7f1a25d2/ee467bd7-8436-4d38-b07e-e907d5046bef/rotate5_2_0.25.png'}, {'key': 'rotate5_2_0.5', 'path': '/opt/***/data/temp/f93ffa08-b8db-47a6-bd5b-810c7f1a25d2/ee467bd7-8436-4d38-b07e-e907d5046bef/rotate5_2_0.5.png'}, {'key': 'rotate5_2_0.75', 'path': '/opt/***/data/temp/f93ffa08-b8db-47a6-bd5b-810c7f1a25d2/ee467bd7-8436-4d38-b07e-e907d5046bef/rotate5_2_0.75.png'}, {'key': 'rotate5_2_1.0', 'path': '/opt/***/data/temp/f93ffa08-b8db-47a6-bd5b-810c7f1a25d2/ee467bd7-8436-4d38-b07e-e907d5046bef/rotate5_2_1.0.png'}, {'key': 'rotate5_2_1.25', 'path': '/opt/***/data/temp/f93ffa08-b8db-47a6-bd5b-810c7f1a25d2/ee467bd7-8436-4d38-b07e-e907d5046bef/rotate5_2_1.25.png'}, {'key': 'rotate5_2_1.5', 'path': '/opt/***/data/temp/f93ffa08-b8db-47a6-bd5b-810c7f1a25d2/ee467bd7-8436-4d38-b07e-e907d5046bef/rotate5_2_1.5.png'}, {'key': 'rotate5_2_1.75', 'path': '/opt/***/data/temp/f93ffa08-b8db-47a6-bd5b-810c7f1a25d2/ee467bd7-8436-4d38-b07e-e907d5046bef/rotate5_2_1.75.png'}, {'key': 'rotate5_2_2.0', 'path': '/opt/***/data/temp/f93ffa08-b8db-47a6-bd5b-810c7f1a25d2/ee467bd7-8436-4d38-b07e-e907d5046bef/rotate5_2_2.0.png'}, {'key': 'rotate5_2_2.25', 'path': '/opt/***/data/temp/f93ffa08-b8db-47a6-bd5b-810c7f1a25d2/ee467bd7-8436-4d38-b07e-e907d5046bef/rotate5_2_2.25.png'}, {'key': 'rotate5_2_2.5', 'path': '/opt/***/data/temp/f93ffa08-b8db-47a6-bd5b-810c7f1a25d2/ee467bd7-8436-4d38-b07e-e907d5046bef/rotate5_2_2.5.png'}, {'key': 'rotate5_2_2.75', 'path': '/opt/***/data/temp/f93ffa08-b8db-47a6-bd5b-810c7f1a25d2/ee467bd7-8436-4d38-b07e-e907d5046bef/rotate5_2_2.75.png'}, {'key': 'rotate5_2_3.0', 'path': '/opt/***/data/temp/f93ffa08-b8db-47a6-bd5b-810c7f1a25d2/ee467bd7-8436-4d38-b07e-e907d5046bef/rotate5_2_3.0.png'}, {'key': 'rotate5_2_3.25', 'path': '/opt/***/data/temp/f93ffa08-b8db-47a6-bd5b-810c7f1a25d2/ee467bd7-8436-4d38-b07e-e907d5046bef/rotate5_2_3.25.png'}, {'key': 'rotate5_2_3.5', 'path': '/opt/***/data/temp/f93ffa08-b8db-47a6-bd5b-810c7f1a25d2/ee467bd7-8436-4d38-b07e-e907d5046bef/rotate5_2_3.5.png'}, {'key': 'rotate5_2_3.75', 'path': '/opt/***/data/temp/f93ffa08-b8db-47a6-bd5b-810c7f1a25d2/ee467bd7-8436-4d38-b07e-e907d5046bef/rotate5_2_3.75.png'}, {'key': 'rotate5_2_4.0', 'path': '/opt/***/data/temp/f93ffa08-b8db-47a6-bd5b-810c7f1a25d2/ee467bd7-8436-4d38-b07e-e907d5046bef/rotate5_2_4.0.png'}, {'key': 'rotate5_2_4.25', 'path': '/opt/***/data/temp/f93ffa08-b8db-47a6-bd5b-810c7f1a25d2/ee467bd7-8436-4d38-b07e-e907d5046bef/rotate5_2_4.25.png'}, {'key': 'rotate5_2_4.5', 'path': '/opt/***/data/temp/f93ffa08-b8db-47a6-bd5b-810c7f1a25d2/ee467bd7-8436-4d38-b07e-e907d5046bef/rotate5_2_4.5.png'}, {'key': 'rotate5_2_4.75', 'path': '/opt/***/data/temp/f93ffa08-b8db-47a6-bd5b-810c7f1a25d2/ee467bd7-8436-4d38-b07e-e907d5046bef/rotate5_2_4.75.png'}, {'key': 'rotate5_2_5.0', 'path': '/opt/***/data/temp/f93ffa08-b8db-47a6-bd5b-810c7f1a25d2/ee467bd7-8436-4d38-b07e-e907d5046bef/rotate5_2_5.0.png'}, {'key': 'rotate5_2_0', 'path': '/opt/***/data/temp/f93ffa08-b8db-47a6-bd5b-810c7f1a25d2/ee467bd7-8436-4d38-b07e-e907d5046bef/rotate5_2_0.png'}, {'key': 'rotate5_3_-5.0', 'path': '/opt/***/data/temp/f93ffa08-b8db-47a6-bd5b-810c7f1a25d2/ee467bd7-8436-4d38-b07e-e907d5046bef/rotate5_3_-5.0.png'}, {'key': 'rotate5_3_-4.75', 'path': '/opt/***/data/temp/f93ffa08-b8db-47a6-bd5b-810c7f1a25d2/ee467bd7-8436-4d38-b07e-e907d5046bef/rotate5_3_-4.75.png'}, {'key': 'rotate5_3_-4.5', 'path': '/opt/***/data/temp/f93ffa08-b8db-47a6-bd5b-810c7f1a25d2/ee467bd7-8436-4d38-b07e-e907d5046bef/rotate5_3_-4.5.png'}, {'key': 'rotate5_3_-4.25', 'path': '/opt/***/data/temp/f93ffa08-b8db-47a6-bd5b-810c7f1a25d2/ee467bd7-8436-4d38-b07e-e907d5046bef/rotate5_3_-4.25.png'}, {'key': 'rotate5_3_-4.0', 'path': '/opt/***/data/temp/f93ffa08-b8db-47a6-bd5b-810c7f1a25d2/ee467bd7-8436-4d38-b07e-e907d5046bef/rotate5_3_-4.0.png'}, {'key': 'rotate5_3_-3.75', 'path': '/opt/***/data/temp/f93ffa08-b8db-47a6-bd5b-810c7f1a25d2/ee467bd7-8436-4d38-b07e-e907d5046bef/rotate5_3_-3.75.png'}, {'key': 'rotate5_3_-3.5', 'path': '/opt/***/data/temp/f93ffa08-b8db-47a6-bd5b-810c7f1a25d2/ee467bd7-8436-4d38-b07e-e907d5046bef/rotate5_3_-3.5.png'}, {'key': 'rotate5_3_-3.25', 'path': '/opt/***/data/temp/f93ffa08-b8db-47a6-bd5b-810c7f1a25d2/ee467bd7-8436-4d38-b07e-e907d5046bef/rotate5_3_-3.25.png'}, {'key': 'rotate5_3_-3.0', 'path': '/opt/***/data/temp/f93ffa08-b8db-47a6-bd5b-810c7f1a25d2/ee467bd7-8436-4d38-b07e-e907d5046bef/rotate5_3_-3.0.png'}, {'key': 'rotate5_3_-2.75', 'path': '/opt/***/data/temp/f93ffa08-b8db-47a6-bd5b-810c7f1a25d2/ee467bd7-8436-4d38-b07e-e907d5046bef/rotate5_3_-2.75.png'}, {'key': 'rotate5_3_-2.5', 'path': '/opt/***/data/temp/f93ffa08-b8db-47a6-bd5b-810c7f1a25d2/ee467bd7-8436-4d38-b07e-e907d5046bef/rotate5_3_-2.5.png'}, {'key': 'rotate5_3_-2.25', 'path': '/opt/***/data/temp/f93ffa08-b8db-47a6-bd5b-810c7f1a25d2/ee467bd7-8436-4d38-b07e-e907d5046bef/rotate5_3_-2.25.png'}, {'key': 'rotate5_3_-2.0', 'path': '/opt/***/data/temp/f93ffa08-b8db-47a6-bd5b-810c7f1a25d2/ee467bd7-8436-4d38-b07e-e907d5046bef/rotate5_3_-2.0.png'}, {'key': 'rotate5_3_-1.75', 'path': '/opt/***/data/temp/f93ffa08-b8db-47a6-bd5b-810c7f1a25d2/ee467bd7-8436-4d38-b07e-e907d5046bef/rotate5_3_-1.75.png'}, {'key': 'rotate5_3_-1.5', 'path': '/opt/***/data/temp/f93ffa08-b8db-47a6-bd5b-810c7f1a25d2/ee467bd7-8436-4d38-b07e-e907d5046bef/rotate5_3_-1.5.png'}, {'key': 'rotate5_3_-1.25', 'path': '/opt/***/data/temp/f93ffa08-b8db-47a6-bd5b-810c7f1a25d2/ee467bd7-8436-4d38-b07e-e907d5046bef/rotate5_3_-1.25.png'}, {'key': 'rotate5_3_-1.0', 'path': '/opt/***/data/temp/f93ffa08-b8db-47a6-bd5b-810c7f1a25d2/ee467bd7-8436-4d38-b07e-e907d5046bef/rotate5_3_-1.0.png'}, {'key': 'rotate5_3_-0.75', 'path': '/opt/***/data/temp/f93ffa08-b8db-47a6-bd5b-810c7f1a25d2/ee467bd7-8436-4d38-b07e-e907d5046bef/rotate5_3_-0.75.png'}, {'key': 'rotate5_3_-0.5', 'path': '/opt/***/data/temp/f93ffa08-b8db-47a6-bd5b-810c7f1a25d2/ee467bd7-8436-4d38-b07e-e907d5046bef/rotate5_3_-0.5.png'}, {'key': 'rotate5_3_-0.25', 'path': '/opt/***/data/temp/f93ffa08-b8db-47a6-bd5b-810c7f1a25d2/ee467bd7-8436-4d38-b07e-e907d5046bef/rotate5_3_-0.25.png'}, {'key': 'rotate5_3_0.0', 'path': '/opt/***/data/temp/f93ffa08-b8db-47a6-bd5b-810c7f1a25d2/ee467bd7-8436-4d38-b07e-e907d5046bef/rotate5_3_0.0.png'}, {'key': 'rotate5_3_0.25', 'path': '/opt/***/data/temp/f93ffa08-b8db-47a6-bd5b-810c7f1a25d2/ee467bd7-8436-4d38-b07e-e907d5046bef/rotate5_3_0.25.png'}, {'key': 'rotate5_3_0.5', 'path': '/opt/***/data/temp/f93ffa08-b8db-47a6-bd5b-810c7f1a25d2/ee467bd7-8436-4d38-b07e-e907d5046bef/rotate5_3_0.5.png'}, {'key': 'rotate5_3_0.75', 'path': '/opt/***/data/temp/f93ffa08-b8db-47a6-bd5b-810c7f1a25d2/ee467bd7-8436-4d38-b07e-e907d5046bef/rotate5_3_0.75.png'}, {'key': 'rotate5_3_1.0', 'path': '/opt/***/data/temp/f93ffa08-b8db-47a6-bd5b-810c7f1a25d2/ee467bd7-8436-4d38-b07e-e907d5046bef/rotate5_3_1.0.png'}, {'key': 'rotate5_3_1.25', 'path': '/opt/***/data/temp/f93ffa08-b8db-47a6-bd5b-810c7f1a25d2/ee467bd7-8436-4d38-b07e-e907d5046bef/rotate5_3_1.25.png'}, {'key': 'rotate5_3_1.5', 'path': '/opt/***/data/temp/f93ffa08-b8db-47a6-bd5b-810c7f1a25d2/ee467bd7-8436-4d38-b07e-e907d5046bef/rotate5_3_1.5.png'}, {'key': 'rotate5_3_1.75', 'path': '/opt/***/data/temp/f93ffa08-b8db-47a6-bd5b-810c7f1a25d2/ee467bd7-8436-4d38-b07e-e907d5046bef/rotate5_3_1.75.png'}, {'key': 'rotate5_3_2.0', 'path': '/opt/***/data/temp/f93ffa08-b8db-47a6-bd5b-810c7f1a25d2/ee467bd7-8436-4d38-b07e-e907d5046bef/rotate5_3_2.0.png'}, {'key': 'rotate5_3_2.25', 'path': '/opt/***/data/temp/f93ffa08-b8db-47a6-bd5b-810c7f1a25d2/ee467bd7-8436-4d38-b07e-e907d5046bef/rotate5_3_2.25.png'}, {'key': 'rotate5_3_2.5', 'path': '/opt/***/data/temp/f93ffa08-b8db-47a6-bd5b-810c7f1a25d2/ee467bd7-8436-4d38-b07e-e907d5046bef/rotate5_3_2.5.png'}, {'key': 'rotate5_3_2.75', 'path': '/opt/***/data/temp/f93ffa08-b8db-47a6-bd5b-810c7f1a25d2/ee467bd7-8436-4d38-b07e-e907d5046bef/rotate5_3_2.75.png'}, {'key': 'rotate5_3_3.0', 'path': '/opt/***/data/temp/f93ffa08-b8db-47a6-bd5b-810c7f1a25d2/ee467bd7-8436-4d38-b07e-e907d5046bef/rotate5_3_3.0.png'}, {'key': 'rotate5_3_3.25', 'path': '/opt/***/data/temp/f93ffa08-b8db-47a6-bd5b-810c7f1a25d2/ee467bd7-8436-4d38-b07e-e907d5046bef/rotate5_3_3.25.png'}, {'key': 'rotate5_3_3.5', 'path': '/opt/***/data/temp/f93ffa08-b8db-47a6-bd5b-810c7f1a25d2/ee467bd7-8436-4d38-b07e-e907d5046bef/rotate5_3_3.5.png'}, {'key': 'rotate5_3_3.75', 'path': '/opt/***/data/temp/f93ffa08-b8db-47a6-bd5b-810c7f1a25d2/ee467bd7-8436-4d38-b07e-e907d5046bef/rotate5_3_3.75.png'}, {'key': 'rotate5_3_4.0', 'path': '/opt/***/data/temp/f93ffa08-b8db-47a6-bd5b-810c7f1a25d2/ee467bd7-8436-4d38-b07e-e907d5046bef/rotate5_3_4.0.png'}, {'key': 'rotate5_3_4.25', 'path': '/opt/***/data/temp/f93ffa08-b8db-47a6-bd5b-810c7f1a25d2/ee467bd7-8436-4d38-b07e-e907d5046bef/rotate5_3_4.25.png'}, {'key': 'rotate5_3_4.5', 'path': '/opt/***/data/temp/f93ffa08-b8db-47a6-bd5b-810c7f1a25d2/ee467bd7-8436-4d38-b07e-e907d5046bef/rotate5_3_4.5.png'}, {'key': 'rotate5_3_4.75', 'path': '/opt/***/data/temp/f93ffa08-b8db-47a6-bd5b-810c7f1a25d2/ee467bd7-8436-4d38-b07e-e907d5046bef/rotate5_3_4.75.png'}, {'key': 'rotate5_3_5.0', 'path': '/opt/***/data/temp/f93ffa08-b8db-47a6-bd5b-810c7f1a25d2/ee467bd7-8436-4d38-b07e-e907d5046bef/rotate5_3_5.0.png'}, {'key': 'rotate5_3_0', 'path': '/opt/***/data/temp/f93ffa08-b8db-47a6-bd5b-810c7f1a25d2/ee467bd7-8436-4d38-b07e-e907d5046bef/rotate5_3_0.png'}, {'key': 'rotate5_4_-5.0', 'path': '/opt/***/data/temp/f93ffa08-b8db-47a6-bd5b-810c7f1a25d2/ee467bd7-8436-4d38-b07e-e907d5046bef/rotate5_4_-5.0.png'}, {'key': 'rotate5_4_-4.75', 'path': '/opt/***/data/temp/f93ffa08-b8db-47a6-bd5b-810c7f1a25d2/ee467bd7-8436-4d38-b07e-e907d5046bef/rotate5_4_-4.75.png'}, {'key': 'rotate5_4_-4.5', 'path': '/opt/***/data/temp/f93ffa08-b8db-47a6-bd5b-810c7f1a25d2/ee467bd7-8436-4d38-b07e-e907d5046bef/rotate5_4_-4.5.png'}, {'key': 'rotate5_4_-4.25', 'path': '/opt/***/data/temp/f93ffa08-b8db-47a6-bd5b-810c7f1a25d2/ee467bd7-8436-4d38-b07e-e907d5046bef/rotate5_4_-4.25.png'}, {'key': 'rotate5_4_-4.0', 'path': '/opt/***/data/temp/f93ffa08-b8db-47a6-bd5b-810c7f1a25d2/ee467bd7-8436-4d38-b07e-e907d5046bef/rotate5_4_-4.0.png'}, {'key': 'rotate5_4_-3.75', 'path': '/opt/***/data/temp/f93ffa08-b8db-47a6-bd5b-810c7f1a25d2/ee467bd7-8436-4d38-b07e-e907d5046bef/rotate5_4_-3.75.png'}, {'key': 'rotate5_4_-3.5', 'path': '/opt/***/data/temp/f93ffa08-b8db-47a6-bd5b-810c7f1a25d2/ee467bd7-8436-4d38-b07e-e907d5046bef/rotate5_4_-3.5.png'}, {'key': 'rotate5_4_-3.25', 'path': '/opt/***/data/temp/f93ffa08-b8db-47a6-bd5b-810c7f1a25d2/ee467bd7-8436-4d38-b07e-e907d5046bef/rotate5_4_-3.25.png'}, {'key': 'rotate5_4_-3.0', 'path': '/opt/***/data/temp/f93ffa08-b8db-47a6-bd5b-810c7f1a25d2/ee467bd7-8436-4d38-b07e-e907d5046bef/rotate5_4_-3.0.png'}, {'key': 'rotate5_4_-2.75', 'path': '/opt/***/data/temp/f93ffa08-b8db-47a6-bd5b-810c7f1a25d2/ee467bd7-8436-4d38-b07e-e907d5046bef/rotate5_4_-2.75.png'}, {'key': 'rotate5_4_-2.5', 'path': '/opt/***/data/temp/f93ffa08-b8db-47a6-bd5b-810c7f1a25d2/ee467bd7-8436-4d38-b07e-e907d5046bef/rotate5_4_-2.5.png'}, {'key': 'rotate5_4_-2.25', 'path': '/opt/***/data/temp/f93ffa08-b8db-47a6-bd5b-810c7f1a25d2/ee467bd7-8436-4d38-b07e-e907d5046bef/rotate5_4_-2.25.png'}, {'key': 'rotate5_4_-2.0', 'path': '/opt/***/data/temp/f93ffa08-b8db-47a6-bd5b-810c7f1a25d2/ee467bd7-8436-4d38-b07e-e907d5046bef/rotate5_4_-2.0.png'}, {'key': 'rotate5_4_-1.75', 'path': '/opt/***/data/temp/f93ffa08-b8db-47a6-bd5b-810c7f1a25d2/ee467bd7-8436-4d38-b07e-e907d5046bef/rotate5_4_-1.75.png'}, {'key': 'rotate5_4_-1.5', 'path': '/opt/***/data/temp/f93ffa08-b8db-47a6-bd5b-810c7f1a25d2/ee467bd7-8436-4d38-b07e-e907d5046bef/rotate5_4_-1.5.png'}, {'key': 'rotate5_4_-1.25', 'path': '/opt/***/data/temp/f93ffa08-b8db-47a6-bd5b-810c7f1a25d2/ee467bd7-8436-4d38-b07e-e907d5046bef/rotate5_4_-1.25.png'}, {'key': 'rotate5_4_-1.0', 'path': '/opt/***/data/temp/f93ffa08-b8db-47a6-bd5b-810c7f1a25d2/ee467bd7-8436-4d38-b07e-e907d5046bef/rotate5_4_-1.0.png'}, {'key': 'rotate5_4_-0.75', 'path': '/opt/***/data/temp/f93ffa08-b8db-47a6-bd5b-810c7f1a25d2/ee467bd7-8436-4d38-b07e-e907d5046bef/rotate5_4_-0.75.png'}, {'key': 'rotate5_4_-0.5', 'path': '/opt/***/data/temp/f93ffa08-b8db-47a6-bd5b-810c7f1a25d2/ee467bd7-8436-4d38-b07e-e907d5046bef/rotate5_4_-0.5.png'}, {'key': 'rotate5_4_-0.25', 'path': '/opt/***/data/temp/f93ffa08-b8db-47a6-bd5b-810c7f1a25d2/ee467bd7-8436-4d38-b07e-e907d5046bef/rotate5_4_-0.25.png'}, {'key': 'rotate5_4_0.0', 'path': '/opt/***/data/temp/f93ffa08-b8db-47a6-bd5b-810c7f1a25d2/ee467bd7-8436-4d38-b07e-e907d5046bef/rotate5_4_0.0.png'}, {'key': 'rotate5_4_0.25', 'path': '/opt/***/data/temp/f93ffa08-b8db-47a6-bd5b-810c7f1a25d2/ee467bd7-8436-4d38-b07e-e907d5046bef/rotate5_4_0.25.png'}, {'key': 'rotate5_4_0.5', 'path': '/opt/***/data/temp/f93ffa08-b8db-47a6-bd5b-810c7f1a25d2/ee467bd7-8436-4d38-b07e-e907d5046bef/rotate5_4_0.5.png'}, {'key': 'rotate5_4_0.75', 'path': '/opt/***/data/temp/f93ffa08-b8db-47a6-bd5b-810c7f1a25d2/ee467bd7-8436-4d38-b07e-e907d5046bef/rotate5_4_0.75.png'}, {'key': 'rotate5_4_1.0', 'path': '/opt/***/data/temp/f93ffa08-b8db-47a6-bd5b-810c7f1a25d2/ee467bd7-8436-4d38-b07e-e907d5046bef/rotate5_4_1.0.png'}, {'key': 'rotate5_4_1.25', 'path': '/opt/***/data/temp/f93ffa08-b8db-47a6-bd5b-810c7f1a25d2/ee467bd7-8436-4d38-b07e-e907d5046bef/rotate5_4_1.25.png'}, {'key': 'rotate5_4_1.5', 'path': '/opt/***/data/temp/f93ffa08-b8db-47a6-bd5b-810c7f1a25d2/ee467bd7-8436-4d38-b07e-e907d5046bef/rotate5_4_1.5.png'}, {'key': 'rotate5_4_1.75', 'path': '/opt/***/data/temp/f93ffa08-b8db-47a6-bd5b-810c7f1a25d2/ee467bd7-8436-4d38-b07e-e907d5046bef/rotate5_4_1.75.png'}, {'key': 'rotate5_4_2.0', 'path': '/opt/***/data/temp/f93ffa08-b8db-47a6-bd5b-810c7f1a25d2/ee467bd7-8436-4d38-b07e-e907d5046bef/rotate5_4_2.0.png'}, {'key': 'rotate5_4_2.25', 'path': '/opt/***/data/temp/f93ffa08-b8db-47a6-bd5b-810c7f1a25d2/ee467bd7-8436-4d38-b07e-e907d5046bef/rotate5_4_2.25.png'}, {'key': 'rotate5_4_2.5', 'path': '/opt/***/data/temp/f93ffa08-b8db-47a6-bd5b-810c7f1a25d2/ee467bd7-8436-4d38-b07e-e907d5046bef/rotate5_4_2.5.png'}, {'key': 'rotate5_4_2.75', 'path': '/opt/***/data/temp/f93ffa08-b8db-47a6-bd5b-810c7f1a25d2/ee467bd7-8436-4d38-b07e-e907d5046bef/rotate5_4_2.75.png'}, {'key': 'rotate5_4_3.0', 'path': '/opt/***/data/temp/f93ffa08-b8db-47a6-bd5b-810c7f1a25d2/ee467bd7-8436-4d38-b07e-e907d5046bef/rotate5_4_3.0.png'}, {'key': 'rotate5_4_3.25', 'path': '/opt/***/data/temp/f93ffa08-b8db-47a6-bd5b-810c7f1a25d2/ee467bd7-8436-4d38-b07e-e907d5046bef/rotate5_4_3.25.png'}, {'key': 'rotate5_4_3.5', 'path': '/opt/***/data/temp/f93ffa08-b8db-47a6-bd5b-810c7f1a25d2/ee467bd7-8436-4d38-b07e-e907d5046bef/rotate5_4_3.5.png'}, {'key': 'rotate5_4_3.75', 'path': '/opt/***/data/temp/f93ffa08-b8db-47a6-bd5b-810c7f1a25d2/ee467bd7-8436-4d38-b07e-e907d5046bef/rotate5_4_3.75.png'}, {'key': 'rotate5_4_4.0', 'path': '/opt/***/data/temp/f93ffa08-b8db-47a6-bd5b-810c7f1a25d2/ee467bd7-8436-4d38-b07e-e907d5046bef/rotate5_4_4.0.png'}, {'key': 'rotate5_4_4.25', 'path': '/opt/***/data/temp/f93ffa08-b8db-47a6-bd5b-810c7f1a25d2/ee467bd7-8436-4d38-b07e-e907d5046bef/rotate5_4_4.25.png'}, {'key': 'rotate5_4_4.5', 'path': '/opt/***/data/temp/f93ffa08-b8db-47a6-bd5b-810c7f1a25d2/ee467bd7-8436-4d38-b07e-e907d5046bef/rotate5_4_4.5.png'}, {'key': 'rotate5_4_4.75', 'path': '/opt/***/data/temp/f93ffa08-b8db-47a6-bd5b-810c7f1a25d2/ee467bd7-8436-4d38-b07e-e907d5046bef/rotate5_4_4.75.png'}, {'key': 'rotate5_4_5.0', 'path': '/opt/***/data/temp/f93ffa08-b8db-47a6-bd5b-810c7f1a25d2/ee467bd7-8436-4d38-b07e-e907d5046bef/rotate5_4_5.0.png'}, {'key': 'rotate5_4_0', 'path': '/opt/***/data/temp/f93ffa08-b8db-47a6-bd5b-810c7f1a25d2/ee467bd7-8436-4d38-b07e-e907d5046bef/rotate5_4_0.png'}, {'key': 'rotate2_1', 'path': '/opt/***/data/temp/f93ffa08-b8db-47a6-bd5b-810c7f1a25d2/ee467bd7-8436-4d38-b07e-e907d5046bef/rotate2_1.png'}, {'key': 'classify_preprocess', 'path': '/opt/***/data/temp/f93ffa08-b8db-47a6-bd5b-810c7f1a25d2/ee467bd7-8436-4d38-b07e-e907d5046bef/classify_preprocess.png'}]}}
[2025-06-17T15:10:27.291+0900] {taskinstance.py:341} INFO - ::group::Post task execution logs
[2025-06-17T15:10:27.292+0900] {taskinstance.py:353} INFO - Marking task as SUCCESS. dag_id=image_ocr_v2, task_id=img_preprocess_task, run_id=manual__2025-06-17T06:09:08.849553+00:00, map_index=0, execution_date=20250617T060908, start_date=20250617T060918, end_date=20250617T061027
[2025-06-17T15:10:27.375+0900] {local_task_job_runner.py:266} INFO - Task exited with return code 0
[2025-06-17T15:10:27.399+0900] {taskinstance.py:3901} INFO - 0 downstream tasks scheduled from follow-on schedule check
[2025-06-17T15:10:27.403+0900] {local_task_job_runner.py:245} INFO - ::endgroup::
