[2025-06-24T13:31:02.943+0900] {local_task_job_runner.py:123} INFO - ::group::Pre task execution logs
[2025-06-24T13:31:03.013+0900] {taskinstance.py:2614} INFO - Dependencies all met for dep_context=non-requeueable deps ti=<TaskInstance: lilt_document_classifier_balanced_V0.1.img_preprocess_task__1 manual__2025-06-24T04:23:33.505927+00:00 map_index=37 [queued]>
[2025-06-24T13:31:03.071+0900] {taskinstance.py:2614} INFO - Dependencies all met for dep_context=requeueable deps ti=<TaskInstance: lilt_document_classifier_balanced_V0.1.img_preprocess_task__1 manual__2025-06-24T04:23:33.505927+00:00 map_index=37 [queued]>
[2025-06-24T13:31:03.072+0900] {taskinstance.py:2867} INFO - Starting attempt 1 of 1
[2025-06-24T13:31:03.116+0900] {taskinstance.py:2890} INFO - Executing <Mapped(_PythonDecoratedOperator): img_preprocess_task__1> on 2025-06-24 04:23:33.505927+00:00
[2025-06-24T13:31:03.144+0900] {warnings.py:112} WARNING - /home/***/.local/lib/python3.12/site-packages/***/task/task_runner/standard_task_runner.py:70: DeprecationWarning: This process (pid=39981) is multi-threaded, use of fork() may lead to deadlocks in the child.
  pid = os.fork()

[2025-06-24T13:31:03.149+0900] {standard_task_runner.py:72} INFO - Started process 40043 to run task
[2025-06-24T13:31:03.143+0900] {standard_task_runner.py:104} INFO - Running: ['***', 'tasks', 'run', 'lilt_document_classifier_balanced_V0.1', 'img_preprocess_task__1', 'manual__2025-06-24T04:23:33.505927+00:00', '--job-id', '4008', '--raw', '--subdir', 'DAGS_FOLDER/class_create_dag.py', '--cfg-path', '/tmp/tmpej88xk9y', '--map-index', '37']
[2025-06-24T13:31:03.150+0900] {standard_task_runner.py:105} INFO - Job 4008: Subtask img_preprocess_task__1
[2025-06-24T13:31:03.287+0900] {task_command.py:467} INFO - Running <TaskInstance: lilt_document_classifier_balanced_V0.1.img_preprocess_task__1 manual__2025-06-24T04:23:33.505927+00:00 map_index=37 [running]> on host f6d4228a9eb8
[2025-06-24T13:31:03.672+0900] {taskinstance.py:3134} INFO - Exporting env vars: AIRFLOW_CTX_DAG_OWNER='***' AIRFLOW_CTX_DAG_ID='lilt_document_classifier_balanced_V0.1' AIRFLOW_CTX_TASK_ID='img_preprocess_task__1' AIRFLOW_CTX_EXECUTION_DATE='2025-06-24T04:23:33.505927+00:00' AIRFLOW_CTX_TRY_NUMBER='1' AIRFLOW_CTX_DAG_RUN_ID='manual__2025-06-24T04:23:33.505927+00:00'
[2025-06-24T13:31:03.675+0900] {taskinstance.py:732} INFO - ::endgroup::
[2025-06-24T13:31:03.690+0900] {logging_mixin.py:190} INFO - empty map check {} {'process_id': '_e8b7729c-1dbb-4639-995b-4f01c0ed42a9_pre', 'folder_path': '4845ff0a-3c5b-47bd-b7a2-a8a7ff14d5ad/e8b7729c-1dbb-4639-995b-4f01c0ed42a9', 'step_list': [{'name': 'cache', 'param': {'key': 'origin'}}, {'name': 'calc_angle_set2', 'param': {'key': 'angle1', 'iterations': 4, 'iter_save': True}}, {'name': 'save', 'param': {'key': 'ag1'}}, {'name': 'text_orientation_set', 'param': {'key': 'angle2', 'iterations': 4, 'iter_save': True}}, {'name': 'save', 'param': {'key': 'ag2'}}, {'name': 'load', 'param': {'key': 'origin'}}, {'name': 'rotate', 'param': {'key': 'angle1'}}, {'name': 'rotate', 'param': {'key': 'angle2'}}], 'result_file_map': {}}
[2025-06-24T13:31:03.712+0900] {logging_mixin.py:190} INFO - step : cache
[2025-06-24T13:31:03.716+0900] {logging_mixin.py:190} INFO - step : calc_angle_set2
[2025-06-24T13:31:09.383+0900] {logging_mixin.py:190} INFO - osd 1 0 0 32 7 [0, 0, 0, 0, 0, 0, 0, 0, 0, 0, 0, 0, 0, 0, 0, 0, 0, 0, 0, 0, 0, 0, 0, 0, 0, 0, 0, 0, 0, 3, 6, 1, 7, 0, 1, 0, 0, 0, 0, 0, 0]
[2025-06-24T13:31:13.610+0900] {logging_mixin.py:190} INFO - osd 2 0 0 32 7 [0, 0, 0, 0, 0, 0, 0, 0, 0, 0, 0, 0, 0, 0, 0, 0, 0, 0, 0, 0, 0, 0, 0, 0, 0, 0, 0, 0, 0, 3, 6, 1, 7, 0, 1, 0, 0, 0, 0, 0, 0]
[2025-06-24T13:31:18.644+0900] {logging_mixin.py:190} INFO - osd 3 0 0 32 7 [0, 0, 0, 0, 0, 0, 0, 0, 0, 0, 0, 0, 0, 0, 0, 0, 0, 0, 0, 0, 0, 0, 0, 0, 0, 0, 0, 0, 0, 3, 6, 1, 7, 0, 1, 0, 0, 0, 0, 0, 0]
[2025-06-24T13:31:24.131+0900] {logging_mixin.py:190} INFO - osd 4 0 0 32 7 [0, 0, 0, 0, 0, 0, 0, 0, 0, 0, 0, 0, 0, 0, 0, 0, 0, 0, 0, 0, 0, 0, 0, 0, 0, 0, 0, 0, 0, 3, 6, 1, 7, 0, 1, 0, 0, 0, 0, 0, 0]
[2025-06-24T13:31:24.192+0900] {logging_mixin.py:190} INFO - step : save
[2025-06-24T13:31:24.434+0900] {logging_mixin.py:190} INFO - file_copy: /opt/***/data/temp/4845ff0a-3c5b-47bd-b7a2-a8a7ff14d5ad/e8b7729c-1dbb-4639-995b-4f01c0ed42a9/ag1.png
[2025-06-24T13:31:24.464+0900] {logging_mixin.py:190} INFO - step : text_orientation_set
[2025-06-24T13:31:27.916+0900] {logging_mixin.py:190} INFO - file_copy: /opt/***/data/temp/4845ff0a-3c5b-47bd-b7a2-a8a7ff14d5ad/e8b7729c-1dbb-4639-995b-4f01c0ed42a9/rotate2_1.png
[2025-06-24T13:31:33.122+0900] {logging_mixin.py:190} INFO - osd 1 break  0 0 2.6 Latin 0.98
[2025-06-24T13:31:33.125+0900] {logging_mixin.py:190} INFO - step : save
[2025-06-24T13:31:33.224+0900] {logging_mixin.py:190} INFO - file_copy: /opt/***/data/temp/4845ff0a-3c5b-47bd-b7a2-a8a7ff14d5ad/e8b7729c-1dbb-4639-995b-4f01c0ed42a9/ag2.png
[2025-06-24T13:31:33.236+0900] {logging_mixin.py:190} INFO - step : load
[2025-06-24T13:31:33.240+0900] {logging_mixin.py:190} INFO - step : rotate
[2025-06-24T13:31:33.252+0900] {logging_mixin.py:190} INFO - step : rotate
[2025-06-24T13:31:33.424+0900] {logging_mixin.py:190} INFO - file_copy: /opt/***/data/temp/4845ff0a-3c5b-47bd-b7a2-a8a7ff14d5ad/e8b7729c-1dbb-4639-995b-4f01c0ed42a9/_result.png
[2025-06-24T13:31:33.442+0900] {python.py:240} INFO - Done. Returned value was: {'file_id': '4845ff0a-3c5b-47bd-b7a2-a8a7ff14d5ad', 'file_path': '/opt/***/data/class/a_class/classify/ready/false/copied_24_50457914-7914.png', 'false': {'process_id': '_e8b7729c-1dbb-4639-995b-4f01c0ed42a9_pre', 'folder_path': '4845ff0a-3c5b-47bd-b7a2-a8a7ff14d5ad/e8b7729c-1dbb-4639-995b-4f01c0ed42a9', 'step_list': [{'name': 'cache', 'param': {'key': 'origin'}}, {'name': 'calc_angle_set2', 'param': {'key': 'angle1', 'iterations': 4, 'iter_save': True}}, {'name': 'save', 'param': {'key': 'ag1'}}, {'name': 'text_orientation_set', 'param': {'key': 'angle2', 'iterations': 4, 'iter_save': True}}, {'name': 'save', 'param': {'key': 'ag2'}}, {'name': 'load', 'param': {'key': 'origin'}}, {'name': 'rotate', 'param': {'key': 'angle1'}}, {'name': 'rotate', 'param': {'key': 'angle2'}}], 'result_file_map': {'ag1': '/opt/***/data/temp/4845ff0a-3c5b-47bd-b7a2-a8a7ff14d5ad/e8b7729c-1dbb-4639-995b-4f01c0ed42a9/ag1.png', 'rotate2_1': '/opt/***/data/temp/4845ff0a-3c5b-47bd-b7a2-a8a7ff14d5ad/e8b7729c-1dbb-4639-995b-4f01c0ed42a9/rotate2_1.png', 'ag2': '/opt/***/data/temp/4845ff0a-3c5b-47bd-b7a2-a8a7ff14d5ad/e8b7729c-1dbb-4639-995b-4f01c0ed42a9/ag2.png', '_result': '/opt/***/data/temp/4845ff0a-3c5b-47bd-b7a2-a8a7ff14d5ad/e8b7729c-1dbb-4639-995b-4f01c0ed42a9/_result.png'}}}
[2025-06-24T13:31:33.550+0900] {taskinstance.py:341} INFO - ::group::Post task execution logs
[2025-06-24T13:31:33.551+0900] {taskinstance.py:353} INFO - Marking task as SUCCESS. dag_id=lilt_document_classifier_balanced_V0.1, task_id=img_preprocess_task__1, run_id=manual__2025-06-24T04:23:33.505927+00:00, map_index=37, execution_date=20250624T042333, start_date=20250624T043103, end_date=20250624T043133
[2025-06-24T13:31:33.903+0900] {local_task_job_runner.py:266} INFO - Task exited with return code 0
[2025-06-24T13:31:33.930+0900] {local_task_job_runner.py:245} INFO - ::endgroup::
