[2025-06-24T13:31:00.552+0900] {local_task_job_runner.py:123} INFO - ::group::Pre task execution logs
[2025-06-24T13:31:00.621+0900] {taskinstance.py:2614} INFO - Dependencies all met for dep_context=non-requeueable deps ti=<TaskInstance: lilt_document_classifier_balanced_V0.1.img_preprocess_task__1 manual__2025-06-24T04:23:33.505927+00:00 map_index=36 [queued]>
[2025-06-24T13:31:00.651+0900] {taskinstance.py:2614} INFO - Dependencies all met for dep_context=requeueable deps ti=<TaskInstance: lilt_document_classifier_balanced_V0.1.img_preprocess_task__1 manual__2025-06-24T04:23:33.505927+00:00 map_index=36 [queued]>
[2025-06-24T13:31:00.656+0900] {taskinstance.py:2867} INFO - Starting attempt 1 of 1
[2025-06-24T13:31:00.684+0900] {taskinstance.py:2890} INFO - Executing <Mapped(_PythonDecoratedOperator): img_preprocess_task__1> on 2025-06-24 04:23:33.505927+00:00
[2025-06-24T13:31:00.705+0900] {warnings.py:112} WARNING - /home/***/.local/lib/python3.12/site-packages/***/task/task_runner/standard_task_runner.py:70: DeprecationWarning: This process (pid=39970) is multi-threaded, use of fork() may lead to deadlocks in the child.
  pid = os.fork()

[2025-06-24T13:31:00.711+0900] {standard_task_runner.py:72} INFO - Started process 39993 to run task
[2025-06-24T13:31:00.710+0900] {standard_task_runner.py:104} INFO - Running: ['***', 'tasks', 'run', 'lilt_document_classifier_balanced_V0.1', 'img_preprocess_task__1', 'manual__2025-06-24T04:23:33.505927+00:00', '--job-id', '4005', '--raw', '--subdir', 'DAGS_FOLDER/class_create_dag.py', '--cfg-path', '/tmp/tmpsnpidi4i', '--map-index', '36']
[2025-06-24T13:31:00.732+0900] {standard_task_runner.py:105} INFO - Job 4005: Subtask img_preprocess_task__1
[2025-06-24T13:31:00.874+0900] {task_command.py:467} INFO - Running <TaskInstance: lilt_document_classifier_balanced_V0.1.img_preprocess_task__1 manual__2025-06-24T04:23:33.505927+00:00 map_index=36 [running]> on host f6d4228a9eb8
[2025-06-24T13:31:01.037+0900] {taskinstance.py:3134} INFO - Exporting env vars: AIRFLOW_CTX_DAG_OWNER='***' AIRFLOW_CTX_DAG_ID='lilt_document_classifier_balanced_V0.1' AIRFLOW_CTX_TASK_ID='img_preprocess_task__1' AIRFLOW_CTX_EXECUTION_DATE='2025-06-24T04:23:33.505927+00:00' AIRFLOW_CTX_TRY_NUMBER='1' AIRFLOW_CTX_DAG_RUN_ID='manual__2025-06-24T04:23:33.505927+00:00'
[2025-06-24T13:31:01.041+0900] {taskinstance.py:732} INFO - ::endgroup::
[2025-06-24T13:31:01.045+0900] {logging_mixin.py:190} INFO - empty map check {} {'process_id': '_65687c11-acc3-453b-b1bf-a08991612983_pre', 'folder_path': 'fc6aed74-3b25-4ca9-a2c9-058d246aa791/65687c11-acc3-453b-b1bf-a08991612983', 'step_list': [{'name': 'cache', 'param': {'key': 'origin'}}, {'name': 'calc_angle_set2', 'param': {'key': 'angle1', 'iterations': 4, 'iter_save': True}}, {'name': 'save', 'param': {'key': 'ag1'}}, {'name': 'text_orientation_set', 'param': {'key': 'angle2', 'iterations': 4, 'iter_save': True}}, {'name': 'save', 'param': {'key': 'ag2'}}, {'name': 'load', 'param': {'key': 'origin'}}, {'name': 'rotate', 'param': {'key': 'angle1'}}, {'name': 'rotate', 'param': {'key': 'angle2'}}], 'result_file_map': {}}
[2025-06-24T13:31:01.054+0900] {logging_mixin.py:190} INFO - step : cache
[2025-06-24T13:31:01.056+0900] {logging_mixin.py:190} INFO - step : calc_angle_set2
[2025-06-24T13:31:08.604+0900] {logging_mixin.py:190} INFO - osd 1 0 0 0 0 [0, 0, 0, 0, 0, 0, 0, 0, 0, 0, 0, 0, 0, 0, 0, 0, 0, 0, 0, 0, 0, 0, 0, 0, 0, 0, 0, 0, 0, 0, 0, 0, 0, 0, 0, 0, 0, 0, 0, 0, 0]
[2025-06-24T13:31:13.442+0900] {logging_mixin.py:190} INFO - osd 2 0 0 0 0 [0, 0, 0, 0, 0, 0, 0, 0, 0, 0, 0, 0, 0, 0, 0, 0, 0, 0, 0, 0, 0, 0, 0, 0, 0, 0, 0, 0, 0, 0, 0, 0, 0, 0, 0, 0, 0, 0, 0, 0, 0]
[2025-06-24T13:31:18.674+0900] {logging_mixin.py:190} INFO - osd 3 0 0 0 0 [0, 0, 0, 0, 0, 0, 0, 0, 0, 0, 0, 0, 0, 0, 0, 0, 0, 0, 0, 0, 0, 0, 0, 0, 0, 0, 0, 0, 0, 0, 0, 0, 0, 0, 0, 0, 0, 0, 0, 0, 0]
[2025-06-24T13:31:24.656+0900] {logging_mixin.py:190} INFO - osd 4 0 0 0 0 [0, 0, 0, 0, 0, 0, 0, 0, 0, 0, 0, 0, 0, 0, 0, 0, 0, 0, 0, 0, 0, 0, 0, 0, 0, 0, 0, 0, 0, 0, 0, 0, 0, 0, 0, 0, 0, 0, 0, 0, 0]
[2025-06-24T13:31:24.696+0900] {logging_mixin.py:190} INFO - step : save
[2025-06-24T13:31:24.894+0900] {logging_mixin.py:190} INFO - file_copy: /opt/***/data/temp/fc6aed74-3b25-4ca9-a2c9-058d246aa791/65687c11-acc3-453b-b1bf-a08991612983/ag1.png
[2025-06-24T13:31:24.990+0900] {logging_mixin.py:190} INFO - step : text_orientation_set
[2025-06-24T13:31:27.832+0900] {logging_mixin.py:190} INFO - file_copy: /opt/***/data/temp/fc6aed74-3b25-4ca9-a2c9-058d246aa791/65687c11-acc3-453b-b1bf-a08991612983/rotate2_1.png
[2025-06-24T13:31:28.916+0900] {logging_mixin.py:190} INFO - Tesseract OSD Error: (1, 'Estimating resolution as 117 Warning. Invalid resolution 0 dpi. Using 70 instead. Too few characters. Skipping this page Error during processing.')
[2025-06-24T13:31:28.941+0900] {logging_mixin.py:190} INFO - step : save
[2025-06-24T13:31:28.963+0900] {logging_mixin.py:190} INFO - file_copy: /opt/***/data/temp/fc6aed74-3b25-4ca9-a2c9-058d246aa791/65687c11-acc3-453b-b1bf-a08991612983/ag2.png
[2025-06-24T13:31:28.973+0900] {logging_mixin.py:190} INFO - step : load
[2025-06-24T13:31:28.978+0900] {logging_mixin.py:190} INFO - step : rotate
[2025-06-24T13:31:28.987+0900] {logging_mixin.py:190} INFO - step : rotate
[2025-06-24T13:31:29.011+0900] {logging_mixin.py:190} INFO - file_copy: /opt/***/data/temp/fc6aed74-3b25-4ca9-a2c9-058d246aa791/65687c11-acc3-453b-b1bf-a08991612983/_result.png
[2025-06-24T13:31:29.017+0900] {python.py:240} INFO - Done. Returned value was: {'file_id': 'fc6aed74-3b25-4ca9-a2c9-058d246aa791', 'file_path': '/opt/***/data/class/a_class/classify/ready/false/copied_35_2064211869c.png', 'false': {'process_id': '_65687c11-acc3-453b-b1bf-a08991612983_pre', 'folder_path': 'fc6aed74-3b25-4ca9-a2c9-058d246aa791/65687c11-acc3-453b-b1bf-a08991612983', 'step_list': [{'name': 'cache', 'param': {'key': 'origin'}}, {'name': 'calc_angle_set2', 'param': {'key': 'angle1', 'iterations': 4, 'iter_save': True}}, {'name': 'save', 'param': {'key': 'ag1'}}, {'name': 'text_orientation_set', 'param': {'key': 'angle2', 'iterations': 4, 'iter_save': True}}, {'name': 'save', 'param': {'key': 'ag2'}}, {'name': 'load', 'param': {'key': 'origin'}}, {'name': 'rotate', 'param': {'key': 'angle1'}}, {'name': 'rotate', 'param': {'key': 'angle2'}}], 'result_file_map': {'ag1': '/opt/***/data/temp/fc6aed74-3b25-4ca9-a2c9-058d246aa791/65687c11-acc3-453b-b1bf-a08991612983/ag1.png', 'rotate2_1': '/opt/***/data/temp/fc6aed74-3b25-4ca9-a2c9-058d246aa791/65687c11-acc3-453b-b1bf-a08991612983/rotate2_1.png', 'ag2': '/opt/***/data/temp/fc6aed74-3b25-4ca9-a2c9-058d246aa791/65687c11-acc3-453b-b1bf-a08991612983/ag2.png', '_result': '/opt/***/data/temp/fc6aed74-3b25-4ca9-a2c9-058d246aa791/65687c11-acc3-453b-b1bf-a08991612983/_result.png'}}}
[2025-06-24T13:31:29.068+0900] {taskinstance.py:341} INFO - ::group::Post task execution logs
[2025-06-24T13:31:29.069+0900] {taskinstance.py:353} INFO - Marking task as SUCCESS. dag_id=lilt_document_classifier_balanced_V0.1, task_id=img_preprocess_task__1, run_id=manual__2025-06-24T04:23:33.505927+00:00, map_index=36, execution_date=20250624T042333, start_date=20250624T043100, end_date=20250624T043129
[2025-06-24T13:31:29.285+0900] {local_task_job_runner.py:266} INFO - Task exited with return code 0
[2025-06-24T13:31:29.764+0900] {taskinstance.py:3901} INFO - 0 downstream tasks scheduled from follow-on schedule check
[2025-06-24T13:31:29.793+0900] {local_task_job_runner.py:245} INFO - ::endgroup::
