[2025-06-24T16:06:21.219+0900] {local_task_job_runner.py:123} INFO - ::group::Pre task execution logs
[2025-06-24T16:06:21.303+0900] {taskinstance.py:2614} INFO - Dependencies all met for dep_context=non-requeueable deps ti=<TaskInstance: lilt_document_classifier_balanced_V0.1.img_preprocess_task manual__2025-06-24T06:53:42.323966+00:00 map_index=59 [queued]>
[2025-06-24T16:06:21.350+0900] {taskinstance.py:2614} INFO - Dependencies all met for dep_context=requeueable deps ti=<TaskInstance: lilt_document_classifier_balanced_V0.1.img_preprocess_task manual__2025-06-24T06:53:42.323966+00:00 map_index=59 [queued]>
[2025-06-24T16:06:21.350+0900] {taskinstance.py:2867} INFO - Starting attempt 1 of 1
[2025-06-24T16:06:21.400+0900] {taskinstance.py:2890} INFO - Executing <Mapped(_PythonDecoratedOperator): img_preprocess_task> on 2025-06-24 06:53:42.323966+00:00
[2025-06-24T16:06:21.473+0900] {standard_task_runner.py:104} INFO - Running: ['***', 'tasks', 'run', 'lilt_document_classifier_balanced_V0.1', 'img_preprocess_task', 'manual__2025-06-24T06:53:42.323966+00:00', '--job-id', '4338', '--raw', '--subdir', 'DAGS_FOLDER/class_create_dag.py', '--cfg-path', '/tmp/tmppsytkn1b', '--map-index', '59']
[2025-06-24T16:06:21.483+0900] {standard_task_runner.py:105} INFO - Job 4338: Subtask img_preprocess_task
[2025-06-24T16:06:21.487+0900] {warnings.py:112} WARNING - /home/***/.local/lib/python3.12/site-packages/***/task/task_runner/standard_task_runner.py:70: DeprecationWarning: This process (pid=49851) is multi-threaded, use of fork() may lead to deadlocks in the child.
  pid = os.fork()

[2025-06-24T16:06:21.490+0900] {standard_task_runner.py:72} INFO - Started process 49885 to run task
[2025-06-24T16:06:22.093+0900] {task_command.py:467} INFO - Running <TaskInstance: lilt_document_classifier_balanced_V0.1.img_preprocess_task manual__2025-06-24T06:53:42.323966+00:00 map_index=59 [running]> on host f6d4228a9eb8
[2025-06-24T16:06:22.384+0900] {taskinstance.py:3134} INFO - Exporting env vars: AIRFLOW_CTX_DAG_OWNER='***' AIRFLOW_CTX_DAG_ID='lilt_document_classifier_balanced_V0.1' AIRFLOW_CTX_TASK_ID='img_preprocess_task' AIRFLOW_CTX_EXECUTION_DATE='2025-06-24T06:53:42.323966+00:00' AIRFLOW_CTX_TRY_NUMBER='1' AIRFLOW_CTX_DAG_RUN_ID='manual__2025-06-24T06:53:42.323966+00:00'
[2025-06-24T16:06:22.393+0900] {taskinstance.py:732} INFO - ::endgroup::
[2025-06-24T16:06:22.401+0900] {logging_mixin.py:190} INFO - empty map check {} {'process_id': '_261ac43c-dae0-43a2-80b8-cd17d5fc81f7_pre', 'folder_path': '6515b751-c9bb-44d4-947b-5bf7d543a8bd/261ac43c-dae0-43a2-80b8-cd17d5fc81f7', 'step_list': [{'name': 'cache', 'param': {'key': 'origin'}}, {'name': 'calc_angle_set2', 'param': {'key': 'angle1', 'iterations': 4, 'iter_save': False}}, {'name': 'text_orientation_set', 'param': {'key': 'angle2', 'iterations': 4, 'iter_save': False}}, {'name': 'load', 'param': {'key': 'origin'}}, {'name': 'rotate', 'param': {'key': 'angle1'}}, {'name': 'rotate', 'param': {'key': 'angle2'}}], 'result_file_map': {}}
[2025-06-24T16:06:22.409+0900] {logging_mixin.py:190} INFO - step : cache
[2025-06-24T16:06:22.411+0900] {logging_mixin.py:190} INFO - step : calc_angle_set2
[2025-06-24T16:06:55.764+0900] {logging_mixin.py:190} INFO - osd 1 1.25 1.25 25 128873 [0, 0, 0, 0, 0, 0, 0, 0, 0, 0, 0, 0, 0, 0, 0, 0, 0, 0, 0, 898, 5552, 13812, 28249, 46440, 63805, 128873, 73958, 48899, 28412, 9627, 955, 0, 0, 0, 0, 0, 0, 0, 0, 0, 0]
[2025-06-24T16:07:29.381+0900] {logging_mixin.py:190} INFO - osd 2 1.25 0.0 20 139142 [0, 0, 0, 0, 0, 0, 0, 0, 0, 0, 0, 0, 0, 0, 763, 6920, 15825, 33853, 52303, 71803, 139142, 85037, 55619, 34054, 13305, 1918, 1, 0, 0, 0, 0, 0, 0, 0, 0, 0, 0, 0, 0, 0, 0]
[2025-06-24T16:08:01.924+0900] {logging_mixin.py:190} INFO - osd 3 1.25 0.0 20 139142 [0, 0, 0, 0, 0, 0, 0, 0, 0, 0, 0, 0, 0, 0, 763, 6920, 15825, 33853, 52303, 71803, 139142, 85037, 55619, 34054, 13305, 1918, 1, 0, 0, 0, 0, 0, 0, 0, 0, 0, 0, 0, 0, 0, 0]
[2025-06-24T16:08:34.804+0900] {logging_mixin.py:190} INFO - osd 4 1.25 0.0 20 139142 [0, 0, 0, 0, 0, 0, 0, 0, 0, 0, 0, 0, 0, 0, 763, 6920, 15825, 33853, 52303, 71803, 139142, 85037, 55619, 34054, 13305, 1918, 1, 0, 0, 0, 0, 0, 0, 0, 0, 0, 0, 0, 0, 0, 0]
[2025-06-24T16:08:35.120+0900] {logging_mixin.py:190} INFO - step : text_orientation_set
[2025-06-24T16:08:48.104+0900] {logging_mixin.py:190} INFO - osd 1 break  0 0 9.77 Korean 1.29
[2025-06-24T16:08:48.105+0900] {logging_mixin.py:190} INFO - step : load
[2025-06-24T16:08:48.125+0900] {logging_mixin.py:190} INFO - step : rotate
[2025-06-24T16:08:48.518+0900] {logging_mixin.py:190} INFO - step : rotate
[2025-06-24T16:08:51.028+0900] {logging_mixin.py:190} INFO - file_copy: /opt/***/data/temp/6515b751-c9bb-44d4-947b-5bf7d543a8bd/261ac43c-dae0-43a2-80b8-cd17d5fc81f7/_result.png
[2025-06-24T16:08:51.083+0900] {python.py:240} INFO - Done. Returned value was: {'file_id': '6515b751-c9bb-44d4-947b-5bf7d543a8bd', 'file_path': '/opt/***/data/class/a_class/classify/ready/true/종로 우성빌딩 - 정부24 - 건축물대장 등본(초본) 발급(열람) _ 문서출력_page_1_aug2.png', 'true': {'process_id': '_261ac43c-dae0-43a2-80b8-cd17d5fc81f7_pre', 'folder_path': '6515b751-c9bb-44d4-947b-5bf7d543a8bd/261ac43c-dae0-43a2-80b8-cd17d5fc81f7', 'step_list': [{'name': 'cache', 'param': {'key': 'origin'}}, {'name': 'calc_angle_set2', 'param': {'key': 'angle1', 'iterations': 4, 'iter_save': False}}, {'name': 'text_orientation_set', 'param': {'key': 'angle2', 'iterations': 4, 'iter_save': False}}, {'name': 'load', 'param': {'key': 'origin'}}, {'name': 'rotate', 'param': {'key': 'angle1'}}, {'name': 'rotate', 'param': {'key': 'angle2'}}], 'result_file_map': {'_result': '/opt/***/data/temp/6515b751-c9bb-44d4-947b-5bf7d543a8bd/261ac43c-dae0-43a2-80b8-cd17d5fc81f7/_result.png'}}}
[2025-06-24T16:08:51.221+0900] {taskinstance.py:341} INFO - ::group::Post task execution logs
[2025-06-24T16:08:51.225+0900] {taskinstance.py:353} INFO - Marking task as SUCCESS. dag_id=lilt_document_classifier_balanced_V0.1, task_id=img_preprocess_task, run_id=manual__2025-06-24T06:53:42.323966+00:00, map_index=59, execution_date=20250624T065342, start_date=20250624T070621, end_date=20250624T070851
[2025-06-24T16:08:51.609+0900] {local_task_job_runner.py:266} INFO - Task exited with return code 0
[2025-06-24T16:08:51.651+0900] {standard_task_runner.py:217} INFO - Process not found (most likely exited), stop collecting metrics
[2025-06-24T16:08:51.675+0900] {local_task_job_runner.py:245} INFO - ::endgroup::
