[2025-06-16T17:34:40.926+0900] {local_task_job_runner.py:123} INFO - ::group::Pre task execution logs
[2025-06-16T17:34:40.951+0900] {taskinstance.py:2614} INFO - Dependencies all met for dep_context=non-requeueable deps ti=<TaskInstance: image_ocr_v2.img_preprocess_task manual__2025-06-16T08:34:34.297214+00:00 map_index=4 [queued]>
[2025-06-16T17:34:40.963+0900] {taskinstance.py:2614} INFO - Dependencies all met for dep_context=requeueable deps ti=<TaskInstance: image_ocr_v2.img_preprocess_task manual__2025-06-16T08:34:34.297214+00:00 map_index=4 [queued]>
[2025-06-16T17:34:40.964+0900] {taskinstance.py:2867} INFO - Starting attempt 1 of 1
[2025-06-16T17:34:40.977+0900] {taskinstance.py:2890} INFO - Executing <Mapped(_PythonDecoratedOperator): img_preprocess_task> on 2025-06-16 08:34:34.297214+00:00
[2025-06-16T17:34:40.985+0900] {warnings.py:112} WARNING - /home/***/.local/lib/python3.12/site-packages/***/task/task_runner/standard_task_runner.py:70: DeprecationWarning: This process (pid=11652) is multi-threaded, use of fork() may lead to deadlocks in the child.
  pid = os.fork()

[2025-06-16T17:34:40.987+0900] {standard_task_runner.py:72} INFO - Started process 11664 to run task
[2025-06-16T17:34:40.987+0900] {standard_task_runner.py:104} INFO - Running: ['***', 'tasks', 'run', 'image_ocr_v2', 'img_preprocess_task', 'manual__2025-06-16T08:34:34.297214+00:00', '--job-id', '640', '--raw', '--subdir', 'DAGS_FOLDER/test_dag.py', '--cfg-path', '/tmp/tmp_talip_x', '--map-index', '4']
[2025-06-16T17:34:40.990+0900] {standard_task_runner.py:105} INFO - Job 640: Subtask img_preprocess_task
[2025-06-16T17:34:41.031+0900] {task_command.py:467} INFO - Running <TaskInstance: image_ocr_v2.img_preprocess_task manual__2025-06-16T08:34:34.297214+00:00 map_index=4 [running]> on host f6d4228a9eb8
[2025-06-16T17:34:41.116+0900] {taskinstance.py:3134} INFO - Exporting env vars: AIRFLOW_CTX_DAG_OWNER='***' AIRFLOW_CTX_DAG_ID='image_ocr_v2' AIRFLOW_CTX_TASK_ID='img_preprocess_task' AIRFLOW_CTX_EXECUTION_DATE='2025-06-16T08:34:34.297214+00:00' AIRFLOW_CTX_TRY_NUMBER='1' AIRFLOW_CTX_DAG_RUN_ID='manual__2025-06-16T08:34:34.297214+00:00'
[2025-06-16T17:34:41.119+0900] {taskinstance.py:732} INFO - ::endgroup::
[2025-06-16T17:34:41.123+0900] {logging_mixin.py:190} INFO - empty map check {} {'process_id': '_55f60cd2-880f-449f-a051-71412af61d60_pre', 'folder_path': '6c877b29-98f8-472e-bd66-dd6f78b1cbaa/55f60cd2-880f-449f-a051-71412af61d60', 'step_list': [{'name': 'cache', 'param': {'key': 'origin'}}, {'name': 'calc_angle_set3', 'param': {'key': 'angle1', 'iterations': 3, 'iter_save': True}}, {'name': 'calc_angle_set2', 'param': {'key': 'angle2', 'iterations': 1, 'iter_save': True}}, {'name': 'threshold', 'param': {}}, {'name': 'save', 'param': {'key': 'classify_preprocess'}}], 'result_file_list': []}
[2025-06-16T17:34:41.123+0900] {logging_mixin.py:190} INFO - step : cache
[2025-06-16T17:34:41.124+0900] {logging_mixin.py:190} INFO - step : calc_angle_set3
[2025-06-16T17:34:41.193+0900] {logging_mixin.py:190} INFO - file_copy: /opt/***/data/temp/6c877b29-98f8-472e-bd66-dd6f78b1cbaa/55f60cd2-880f-449f-a051-71412af61d60/rotate31_1.png
[2025-06-16T17:34:41.239+0900] {logging_mixin.py:190} INFO - file_copy: /opt/***/data/temp/6c877b29-98f8-472e-bd66-dd6f78b1cbaa/55f60cd2-880f-449f-a051-71412af61d60/rotate32_1.png
[2025-06-16T17:34:41.275+0900] {logging_mixin.py:190} INFO - file_copy: /opt/***/data/temp/6c877b29-98f8-472e-bd66-dd6f78b1cbaa/55f60cd2-880f-449f-a051-71412af61d60/rotate33_1.png
[2025-06-16T17:34:41.327+0900] {logging_mixin.py:190} INFO - step : calc_angle_set2
[2025-06-16T17:34:47.155+0900] {logging_mixin.py:190} INFO - file_copy: /opt/***/data/temp/6c877b29-98f8-472e-bd66-dd6f78b1cbaa/55f60cd2-880f-449f-a051-71412af61d60/rotate2_1.png
[2025-06-16T17:34:48.575+0900] {logging_mixin.py:190} INFO - osd 1 270 270 6.12 Latin 1.22
[2025-06-16T17:34:48.689+0900] {logging_mixin.py:190} INFO - step : threshold
[2025-06-16T17:34:48.692+0900] {logging_mixin.py:190} INFO - step : save
[2025-06-16T17:34:48.719+0900] {logging_mixin.py:190} INFO - file_copy: /opt/***/data/temp/6c877b29-98f8-472e-bd66-dd6f78b1cbaa/55f60cd2-880f-449f-a051-71412af61d60/classify_preprocess.png
[2025-06-16T17:34:48.725+0900] {python.py:240} INFO - Done. Returned value was: {'file_id': '6c877b29-98f8-472e-bd66-dd6f78b1cbaa', 'file_path': '/opt/***/data/upload/Gas Engine 점검일지_ 2021년 2월.pdf-image-017.jpg', 'result': {'process_id': '_55f60cd2-880f-449f-a051-71412af61d60_pre', 'folder_path': '6c877b29-98f8-472e-bd66-dd6f78b1cbaa/55f60cd2-880f-449f-a051-71412af61d60', 'step_list': [{'name': 'cache', 'param': {'key': 'origin'}}, {'name': 'calc_angle_set3', 'param': {'key': 'angle1', 'iterations': 3, 'iter_save': True}}, {'name': 'calc_angle_set2', 'param': {'key': 'angle2', 'iterations': 1, 'iter_save': True}}, {'name': 'threshold', 'param': {}}, {'name': 'save', 'param': {'key': 'classify_preprocess'}}], 'result_file_list': [{'key': 'rotate31_1', 'path': '/opt/***/data/temp/6c877b29-98f8-472e-bd66-dd6f78b1cbaa/55f60cd2-880f-449f-a051-71412af61d60/rotate31_1.png'}, {'key': 'rotate32_1', 'path': '/opt/***/data/temp/6c877b29-98f8-472e-bd66-dd6f78b1cbaa/55f60cd2-880f-449f-a051-71412af61d60/rotate32_1.png'}, {'key': 'rotate33_1', 'path': '/opt/***/data/temp/6c877b29-98f8-472e-bd66-dd6f78b1cbaa/55f60cd2-880f-449f-a051-71412af61d60/rotate33_1.png'}, {'key': 'rotate2_1', 'path': '/opt/***/data/temp/6c877b29-98f8-472e-bd66-dd6f78b1cbaa/55f60cd2-880f-449f-a051-71412af61d60/rotate2_1.png'}, {'key': 'classify_preprocess', 'path': '/opt/***/data/temp/6c877b29-98f8-472e-bd66-dd6f78b1cbaa/55f60cd2-880f-449f-a051-71412af61d60/classify_preprocess.png'}]}}
[2025-06-16T17:34:48.761+0900] {taskinstance.py:341} INFO - ::group::Post task execution logs
[2025-06-16T17:34:48.762+0900] {taskinstance.py:353} INFO - Marking task as SUCCESS. dag_id=image_ocr_v2, task_id=img_preprocess_task, run_id=manual__2025-06-16T08:34:34.297214+00:00, map_index=4, execution_date=20250616T083434, start_date=20250616T083440, end_date=20250616T083448
[2025-06-16T17:34:48.833+0900] {local_task_job_runner.py:266} INFO - Task exited with return code 0
[2025-06-16T17:34:48.854+0900] {taskinstance.py:3901} INFO - 0 downstream tasks scheduled from follow-on schedule check
[2025-06-16T17:34:48.857+0900] {local_task_job_runner.py:245} INFO - ::endgroup::
