[2025-06-23T16:46:03.247+0900] {local_task_job_runner.py:123} INFO - ::group::Pre task execution logs
[2025-06-23T16:46:03.348+0900] {taskinstance.py:2614} INFO - Dependencies all met for dep_context=non-requeueable deps ti=<TaskInstance: lilt_document_classifier_balanced_V0.1.img_preprocess_task manual__2025-06-23T07:44:09.997775+00:00 map_index=10 [queued]>
[2025-06-23T16:46:03.400+0900] {taskinstance.py:2614} INFO - Dependencies all met for dep_context=requeueable deps ti=<TaskInstance: lilt_document_classifier_balanced_V0.1.img_preprocess_task manual__2025-06-23T07:44:09.997775+00:00 map_index=10 [queued]>
[2025-06-23T16:46:03.401+0900] {taskinstance.py:2867} INFO - Starting attempt 1 of 1
[2025-06-23T16:46:03.481+0900] {taskinstance.py:2890} INFO - Executing <Mapped(_PythonDecoratedOperator): img_preprocess_task> on 2025-06-23 07:44:09.997775+00:00
[2025-06-23T16:46:03.528+0900] {warnings.py:112} WARNING - /home/***/.local/lib/python3.12/site-packages/***/task/task_runner/standard_task_runner.py:70: DeprecationWarning: This process (pid=10207) is multi-threaded, use of fork() may lead to deadlocks in the child.
  pid = os.fork()

[2025-06-23T16:46:03.533+0900] {standard_task_runner.py:72} INFO - Started process 10238 to run task
[2025-06-23T16:46:03.534+0900] {standard_task_runner.py:104} INFO - Running: ['***', 'tasks', 'run', 'lilt_document_classifier_balanced_V0.1', 'img_preprocess_task', 'manual__2025-06-23T07:44:09.997775+00:00', '--job-id', '3520', '--raw', '--subdir', 'DAGS_FOLDER/class_create_dag.py', '--cfg-path', '/tmp/tmp5ldffbuj', '--map-index', '10']
[2025-06-23T16:46:03.543+0900] {standard_task_runner.py:105} INFO - Job 3520: Subtask img_preprocess_task
[2025-06-23T16:46:03.879+0900] {task_command.py:467} INFO - Running <TaskInstance: lilt_document_classifier_balanced_V0.1.img_preprocess_task manual__2025-06-23T07:44:09.997775+00:00 map_index=10 [running]> on host f6d4228a9eb8
[2025-06-23T16:46:04.427+0900] {taskinstance.py:3134} INFO - Exporting env vars: AIRFLOW_CTX_DAG_OWNER='***' AIRFLOW_CTX_DAG_ID='lilt_document_classifier_balanced_V0.1' AIRFLOW_CTX_TASK_ID='img_preprocess_task' AIRFLOW_CTX_EXECUTION_DATE='2025-06-23T07:44:09.997775+00:00' AIRFLOW_CTX_TRY_NUMBER='1' AIRFLOW_CTX_DAG_RUN_ID='manual__2025-06-23T07:44:09.997775+00:00'
[2025-06-23T16:46:04.436+0900] {taskinstance.py:732} INFO - ::endgroup::
[2025-06-23T16:46:04.443+0900] {logging_mixin.py:190} INFO - empty map check {} {'process_id': '_5a181df5-7f63-4321-a26b-d5330f83f24a_pre', 'folder_path': 'cfb38d6c-142f-4c80-904f-620ac3b70d7f/5a181df5-7f63-4321-a26b-d5330f83f24a', 'step_list': [{'name': 'cache', 'param': {'key': 'origin'}}, {'name': 'calc_angle_set2', 'param': {'key': 'angle1', 'iterations': 4, 'iter_save': False}}, {'name': 'text_orientation_set', 'param': {'key': 'angle2', 'iterations': 4, 'iter_save': False}}, {'name': 'load', 'param': {'key': 'origin'}}, {'name': 'rotate', 'param': {'key': 'angle1'}}, {'name': 'rotate', 'param': {'key': 'angle2'}}], 'result_file_map': {}}
[2025-06-23T16:46:04.450+0900] {logging_mixin.py:190} INFO - step : cache
[2025-06-23T16:46:04.450+0900] {logging_mixin.py:190} INFO - step : calc_angle_set2
[2025-06-23T16:46:36.345+0900] {logging_mixin.py:190} INFO - osd 1 -5.0 -5.0 0 1317015 [1317015, 1258186, 1196880, 1134740, 1073696, 1012557, 952564, 892030, 834499, 774623, 719340, 664961, 609572, 556503, 508466, 458670, 411381, 366271, 323510, 282467, 245699, 281504, 321742, 361458, 402319, 441704, 483131, 521251, 565153, 609892, 656914, 703429, 754909, 801241, 845502, 889857, 936412, 981490, 1029591, 1075874, 1119136]
[2025-06-23T16:47:09.788+0900] {logging_mixin.py:190} INFO - osd 2 0.0 5.0 40 2872369 [2763646, 2682186, 2607557, 2527898, 2445911, 2368580, 2292321, 2213898, 2140061, 2059333, 1987350, 1912983, 1839643, 1770614, 1694025, 1621168, 1545566, 1474688, 1407939, 1334046, 1264855, 1334788, 1409780, 1477503, 1551143, 1630976, 1709148, 1794200, 1872585, 1955969, 2040190, 2121171, 2211228, 2292474, 2378405, 2461175, 2543076, 2630014, 2712708, 2791298, 2872369]
[2025-06-23T16:47:55.873+0900] {logging_mixin.py:190} INFO - osd 3 -5.0 -5.0 0 4742007 [4742007, 4635519, 4536177, 4432498, 4335828, 4235194, 4141830, 4039188, 3943145, 3847839, 3754406, 3659256, 3560731, 3466603, 3369683, 3276486, 3179018, 3082577, 2986345, 2890667, 2796956, 2884568, 2973790, 3064469, 3155180, 3245996, 3332343, 3423300, 3509192, 3600872, 3687742, 3774507, 3861129, 3945607, 4031154, 4103926, 4184184, 4259071, 4339479, 4413609, 4495506]
[2025-06-23T16:49:16.871+0900] {logging_mixin.py:190} INFO - osd 4 0.0 5.0 40 7128566 [7115863, 6980125, 6846827, 6713321, 6582295, 6451336, 6316146, 6184035, 6059645, 5928965, 5808689, 5675348, 5557724, 5427003, 5304858, 5185359, 5065066, 4941741, 4821448, 4701960, 4594941, 4713009, 4841047, 4970885, 5100521, 5224950, 5349896, 5477783, 5609919, 5731927, 5866734, 5989464, 6117962, 6241858, 6370973, 6502724, 6627518, 6752382, 6877293, 7003171, 7128566]
[2025-06-23T16:49:17.301+0900] {logging_mixin.py:190} INFO - step : text_orientation_set
[2025-06-23T16:49:44.184+0900] {logging_mixin.py:190} INFO - osd 1 break  0 0 8.41 Korean 0.11
[2025-06-23T16:49:44.192+0900] {logging_mixin.py:190} INFO - step : load
[2025-06-23T16:49:44.195+0900] {logging_mixin.py:190} INFO - step : rotate
[2025-06-23T16:49:44.427+0900] {logging_mixin.py:190} INFO - step : rotate
[2025-06-23T16:49:44.897+0900] {logging_mixin.py:190} INFO - file_copy: /opt/***/data/temp/cfb38d6c-142f-4c80-904f-620ac3b70d7f/5a181df5-7f63-4321-a26b-d5330f83f24a/_result.png
[2025-06-23T16:49:45.033+0900] {python.py:240} INFO - Done. Returned value was: {'file_id': 'cfb38d6c-142f-4c80-904f-620ac3b70d7f', 'file_path': '/opt/***/data/class/a_class/classify/ready/true/남산동 대흥빌딩 - 정부24 - 건축물대장 등본(초본) 발급(열람) _ 문서출력_page_1_aug0.png', 'true': {'process_id': '_5a181df5-7f63-4321-a26b-d5330f83f24a_pre', 'folder_path': 'cfb38d6c-142f-4c80-904f-620ac3b70d7f/5a181df5-7f63-4321-a26b-d5330f83f24a', 'step_list': [{'name': 'cache', 'param': {'key': 'origin'}}, {'name': 'calc_angle_set2', 'param': {'key': 'angle1', 'iterations': 4, 'iter_save': False}}, {'name': 'text_orientation_set', 'param': {'key': 'angle2', 'iterations': 4, 'iter_save': False}}, {'name': 'load', 'param': {'key': 'origin'}}, {'name': 'rotate', 'param': {'key': 'angle1'}}, {'name': 'rotate', 'param': {'key': 'angle2'}}], 'result_file_map': {'_result': '/opt/***/data/temp/cfb38d6c-142f-4c80-904f-620ac3b70d7f/5a181df5-7f63-4321-a26b-d5330f83f24a/_result.png'}}}
[2025-06-23T16:49:45.257+0900] {taskinstance.py:341} INFO - ::group::Post task execution logs
[2025-06-23T16:49:45.258+0900] {taskinstance.py:353} INFO - Marking task as SUCCESS. dag_id=lilt_document_classifier_balanced_V0.1, task_id=img_preprocess_task, run_id=manual__2025-06-23T07:44:09.997775+00:00, map_index=10, execution_date=20250623T074409, start_date=20250623T074603, end_date=20250623T074945
[2025-06-23T16:49:45.538+0900] {local_task_job_runner.py:266} INFO - Task exited with return code 0
[2025-06-23T16:49:45.616+0900] {taskinstance.py:3901} INFO - 0 downstream tasks scheduled from follow-on schedule check
[2025-06-23T16:49:45.629+0900] {local_task_job_runner.py:245} INFO - ::endgroup::
