[2025-06-23T16:27:16.528+0900] {local_task_job_runner.py:123} INFO - ::group::Pre task execution logs
[2025-06-23T16:27:16.626+0900] {taskinstance.py:2614} INFO - Dependencies all met for dep_context=non-requeueable deps ti=<TaskInstance: lilt_document_classifier_balanced_b_class_V0.1.img_preprocess_task manual__2025-06-23T06:58:09.542610+00:00 map_index=45 [queued]>
[2025-06-23T16:27:16.671+0900] {taskinstance.py:2614} INFO - Dependencies all met for dep_context=requeueable deps ti=<TaskInstance: lilt_document_classifier_balanced_b_class_V0.1.img_preprocess_task manual__2025-06-23T06:58:09.542610+00:00 map_index=45 [queued]>
[2025-06-23T16:27:16.674+0900] {taskinstance.py:2867} INFO - Starting attempt 1 of 1
[2025-06-23T16:27:16.715+0900] {taskinstance.py:2890} INFO - Executing <Mapped(_PythonDecoratedOperator): img_preprocess_task> on 2025-06-23 06:58:09.542610+00:00
[2025-06-23T16:27:16.764+0900] {warnings.py:112} WARNING - /home/***/.local/lib/python3.12/site-packages/***/task/task_runner/standard_task_runner.py:70: DeprecationWarning: This process (pid=7660) is multi-threaded, use of fork() may lead to deadlocks in the child.
  pid = os.fork()

[2025-06-23T16:27:16.772+0900] {standard_task_runner.py:72} INFO - Started process 7671 to run task
[2025-06-23T16:27:16.770+0900] {standard_task_runner.py:104} INFO - Running: ['***', 'tasks', 'run', 'lilt_document_classifier_balanced_b_class_V0.1', 'img_preprocess_task', 'manual__2025-06-23T06:58:09.542610+00:00', '--job-id', '3395', '--raw', '--subdir', 'DAGS_FOLDER/class_create_dag_b_class.py', '--cfg-path', '/tmp/tmpa8g2a8ui', '--map-index', '45']
[2025-06-23T16:27:16.789+0900] {standard_task_runner.py:105} INFO - Job 3395: Subtask img_preprocess_task
[2025-06-23T16:27:16.871+0900] {task_command.py:467} INFO - Running <TaskInstance: lilt_document_classifier_balanced_b_class_V0.1.img_preprocess_task manual__2025-06-23T06:58:09.542610+00:00 map_index=45 [running]> on host f6d4228a9eb8
[2025-06-23T16:27:17.084+0900] {taskinstance.py:3134} INFO - Exporting env vars: AIRFLOW_CTX_DAG_OWNER='***' AIRFLOW_CTX_DAG_ID='lilt_document_classifier_balanced_b_class_V0.1' AIRFLOW_CTX_TASK_ID='img_preprocess_task' AIRFLOW_CTX_EXECUTION_DATE='2025-06-23T06:58:09.542610+00:00' AIRFLOW_CTX_TRY_NUMBER='1' AIRFLOW_CTX_DAG_RUN_ID='manual__2025-06-23T06:58:09.542610+00:00'
[2025-06-23T16:27:17.086+0900] {taskinstance.py:732} INFO - ::endgroup::
[2025-06-23T16:27:17.095+0900] {logging_mixin.py:190} INFO - empty map check {} {'process_id': '_9db36951-f0ab-4824-a354-af7b4c39cb02_pre', 'folder_path': '6c51e1ee-18b9-4928-a013-350733134f6d/9db36951-f0ab-4824-a354-af7b4c39cb02', 'step_list': [{'name': 'cache', 'param': {'key': 'origin'}}, {'name': 'calc_angle_set2', 'param': {'key': 'angle1', 'iterations': 4, 'iter_save': False}}, {'name': 'text_orientation_set', 'param': {'key': 'angle2', 'iterations': 4, 'iter_save': False}}, {'name': 'load', 'param': {'key': 'origin'}}, {'name': 'rotate', 'param': {'key': 'angle1'}}, {'name': 'rotate', 'param': {'key': 'angle2'}}], 'result_file_map': {}}
[2025-06-23T16:27:17.096+0900] {logging_mixin.py:190} INFO - step : cache
[2025-06-23T16:27:17.097+0900] {logging_mixin.py:190} INFO - step : calc_angle_set2
[2025-06-23T16:27:48.847+0900] {logging_mixin.py:190} INFO - osd 1 -5.0 -5.0 0 1008586 [1008586, 956376, 901291, 846561, 792714, 738715, 685907, 633544, 583137, 531672, 483975, 439168, 394688, 353236, 318582, 283890, 249367, 214955, 180590, 146370, 113916, 133401, 155602, 176846, 199846, 217892, 232798, 246344, 261200, 277067, 291419, 306975, 324970, 341588, 358389, 375848, 393227, 410828, 429336, 447681, 465458]
[2025-06-23T16:28:24.574+0900] {logging_mixin.py:190} INFO - osd 2 -10.0 -5.0 0 2259565 [2259565, 2191717, 2127290, 2060616, 1992083, 1928031, 1865294, 1800112, 1738098, 1670295, 1608723, 1544646, 1480749, 1419862, 1353447, 1290481, 1224810, 1162478, 1103848, 1039154, 977877, 1021681, 1068976, 1111222, 1156561, 1205716, 1252370, 1303148, 1348891, 1398153, 1449871, 1496756, 1552170, 1599749, 1652109, 1701142, 1749893, 1801889, 1850657, 1895225, 1941820]
[2025-06-23T16:29:17.958+0900] {logging_mixin.py:190} INFO - osd 3 -15.0 -5.0 0 3846109 [3846109, 3751970, 3662941, 3571640, 3484250, 3393819, 3308393, 3216076, 3128751, 3043536, 2958692, 2874959, 2788966, 2707815, 2624581, 2546811, 2466006, 2386340, 2308082, 2231208, 2159825, 2218664, 2282211, 2346407, 2412196, 2477778, 2540820, 2607874, 2672332, 2740823, 2806453, 2872011, 2938253, 3004756, 3075035, 3138485, 3205846, 3269664, 3337674, 3402225, 3470164]
[2025-06-23T16:30:23.308+0900] {logging_mixin.py:190} INFO - osd 4 -20.0 -5.0 0 5796935 [5796935, 5687329, 5577457, 5468070, 5360097, 5251475, 5138725, 5026001, 4918722, 4808665, 4702983, 4588867, 4484720, 4372733, 4267558, 4161994, 4057774, 3950205, 3843919, 3740081, 3644635, 3724904, 3814296, 3904537, 3995830, 4083535, 4171889, 4261057, 4355333, 4441277, 4537921, 4624973, 4716010, 4804228, 4898547, 4992606, 5082333, 5172601, 5263377, 5354696, 5445925]
[2025-06-23T16:30:23.565+0900] {logging_mixin.py:190} INFO - step : text_orientation_set
[2025-06-23T16:30:44.764+0900] {logging_mixin.py:190} INFO - osd 1 180 180 1.76 Japanese 0.29
[2025-06-23T16:31:06.863+0900] {logging_mixin.py:190} INFO - osd 2 360 180 1.92 Japanese 0.15
[2025-06-23T16:31:29.733+0900] {logging_mixin.py:190} INFO - osd 3 540 180 1.76 Japanese 0.29
[2025-06-23T16:31:51.190+0900] {logging_mixin.py:190} INFO - osd 4 720 180 1.92 Japanese 0.15
[2025-06-23T16:31:51.657+0900] {logging_mixin.py:190} INFO - step : load
[2025-06-23T16:31:51.658+0900] {logging_mixin.py:190} INFO - step : rotate
[2025-06-23T16:31:52.291+0900] {logging_mixin.py:190} INFO - step : rotate
[2025-06-23T16:31:53.162+0900] {logging_mixin.py:190} INFO - file_copy: /opt/***/data/temp/6c51e1ee-18b9-4928-a013-350733134f6d/9db36951-f0ab-4824-a354-af7b4c39cb02/_result.png
[2025-06-23T16:31:53.201+0900] {python.py:240} INFO - Done. Returned value was: {'file_id': '6c51e1ee-18b9-4928-a013-350733134f6d', 'file_path': '/opt/***/data/class/b_class/classify/ready/true/필동 평강빌딩 - 정부24 - 건축물대장 등본(초본) 발급(열람) _ 문서출력_page_1_aug0.png', 'true': {'process_id': '_9db36951-f0ab-4824-a354-af7b4c39cb02_pre', 'folder_path': '6c51e1ee-18b9-4928-a013-350733134f6d/9db36951-f0ab-4824-a354-af7b4c39cb02', 'step_list': [{'name': 'cache', 'param': {'key': 'origin'}}, {'name': 'calc_angle_set2', 'param': {'key': 'angle1', 'iterations': 4, 'iter_save': False}}, {'name': 'text_orientation_set', 'param': {'key': 'angle2', 'iterations': 4, 'iter_save': False}}, {'name': 'load', 'param': {'key': 'origin'}}, {'name': 'rotate', 'param': {'key': 'angle1'}}, {'name': 'rotate', 'param': {'key': 'angle2'}}], 'result_file_map': {'_result': '/opt/***/data/temp/6c51e1ee-18b9-4928-a013-350733134f6d/9db36951-f0ab-4824-a354-af7b4c39cb02/_result.png'}}}
[2025-06-23T16:31:53.244+0900] {taskinstance.py:341} INFO - ::group::Post task execution logs
[2025-06-23T16:31:53.246+0900] {taskinstance.py:353} INFO - Marking task as SUCCESS. dag_id=lilt_document_classifier_balanced_b_class_V0.1, task_id=img_preprocess_task, run_id=manual__2025-06-23T06:58:09.542610+00:00, map_index=45, execution_date=20250623T065809, start_date=20250623T072716, end_date=20250623T073153
[2025-06-23T16:31:53.377+0900] {local_task_job_runner.py:266} INFO - Task exited with return code 0
[2025-06-23T16:31:53.455+0900] {taskinstance.py:3901} INFO - 0 downstream tasks scheduled from follow-on schedule check
[2025-06-23T16:31:53.468+0900] {local_task_job_runner.py:245} INFO - ::endgroup::
