[2025-06-23T16:04:49.495+0900] {local_task_job_runner.py:123} INFO - ::group::Pre task execution logs
[2025-06-23T16:04:49.549+0900] {taskinstance.py:2614} INFO - Dependencies all met for dep_context=non-requeueable deps ti=<TaskInstance: lilt_document_classifier_balanced_b_class_V0.1.img_preprocess_task manual__2025-06-23T06:58:09.542610+00:00 map_index=3 [queued]>
[2025-06-23T16:04:49.588+0900] {taskinstance.py:2614} INFO - Dependencies all met for dep_context=requeueable deps ti=<TaskInstance: lilt_document_classifier_balanced_b_class_V0.1.img_preprocess_task manual__2025-06-23T06:58:09.542610+00:00 map_index=3 [queued]>
[2025-06-23T16:04:49.594+0900] {taskinstance.py:2867} INFO - Starting attempt 1 of 1
[2025-06-23T16:04:49.628+0900] {taskinstance.py:2890} INFO - Executing <Mapped(_PythonDecoratedOperator): img_preprocess_task> on 2025-06-23 06:58:09.542610+00:00
[2025-06-23T16:04:49.641+0900] {warnings.py:112} WARNING - /home/***/.local/lib/python3.12/site-packages/***/task/task_runner/standard_task_runner.py:70: DeprecationWarning: This process (pid=4435) is multi-threaded, use of fork() may lead to deadlocks in the child.
  pid = os.fork()

[2025-06-23T16:04:49.643+0900] {standard_task_runner.py:72} INFO - Started process 4464 to run task
[2025-06-23T16:04:49.644+0900] {standard_task_runner.py:104} INFO - Running: ['***', 'tasks', 'run', 'lilt_document_classifier_balanced_b_class_V0.1', 'img_preprocess_task', 'manual__2025-06-23T06:58:09.542610+00:00', '--job-id', '3240', '--raw', '--subdir', 'DAGS_FOLDER/class_create_dag_b_class.py', '--cfg-path', '/tmp/tmp_8mv0py0', '--map-index', '3']
[2025-06-23T16:04:49.668+0900] {standard_task_runner.py:105} INFO - Job 3240: Subtask img_preprocess_task
[2025-06-23T16:04:49.839+0900] {task_command.py:467} INFO - Running <TaskInstance: lilt_document_classifier_balanced_b_class_V0.1.img_preprocess_task manual__2025-06-23T06:58:09.542610+00:00 map_index=3 [running]> on host f6d4228a9eb8
[2025-06-23T16:04:50.108+0900] {taskinstance.py:3134} INFO - Exporting env vars: AIRFLOW_CTX_DAG_OWNER='***' AIRFLOW_CTX_DAG_ID='lilt_document_classifier_balanced_b_class_V0.1' AIRFLOW_CTX_TASK_ID='img_preprocess_task' AIRFLOW_CTX_EXECUTION_DATE='2025-06-23T06:58:09.542610+00:00' AIRFLOW_CTX_TRY_NUMBER='1' AIRFLOW_CTX_DAG_RUN_ID='manual__2025-06-23T06:58:09.542610+00:00'
[2025-06-23T16:04:50.113+0900] {taskinstance.py:732} INFO - ::endgroup::
[2025-06-23T16:04:50.119+0900] {logging_mixin.py:190} INFO - empty map check {} {'process_id': '_d093863b-4142-49e9-ba28-1099e62da7d0_pre', 'folder_path': '4b5b211e-6a9f-42d2-80f3-8af4d63e951b/d093863b-4142-49e9-ba28-1099e62da7d0', 'step_list': [{'name': 'cache', 'param': {'key': 'origin'}}, {'name': 'calc_angle_set2', 'param': {'key': 'angle1', 'iterations': 4, 'iter_save': False}}, {'name': 'text_orientation_set', 'param': {'key': 'angle2', 'iterations': 4, 'iter_save': False}}, {'name': 'load', 'param': {'key': 'origin'}}, {'name': 'rotate', 'param': {'key': 'angle1'}}, {'name': 'rotate', 'param': {'key': 'angle2'}}], 'result_file_map': {}}
[2025-06-23T16:04:50.121+0900] {logging_mixin.py:190} INFO - step : cache
[2025-06-23T16:04:50.122+0900] {logging_mixin.py:190} INFO - step : calc_angle_set2
[2025-06-23T16:05:18.674+0900] {logging_mixin.py:190} INFO - osd 1 -5.0 -5.0 0 1354462 [1354462, 1295820, 1233791, 1170589, 1110136, 1048592, 988524, 928047, 870129, 808944, 753796, 698335, 641263, 586342, 536586, 484562, 435385, 388784, 344693, 302208, 264524, 302067, 343276, 383944, 424896, 466931, 508431, 547312, 591639, 638264, 685784, 734601, 786256, 836068, 884883, 929615, 977147, 1024628, 1073670, 1121681, 1166030]
[2025-06-23T16:05:58.253+0900] {logging_mixin.py:190} INFO - osd 2 0.0 5.0 40 2924512 [2799791, 2718347, 2642458, 2563347, 2480391, 2402733, 2327991, 2248461, 2174357, 2093897, 2023199, 1948593, 1876086, 1806076, 1729146, 1657997, 1582144, 1510231, 1444202, 1369100, 1299878, 1371227, 1448071, 1518169, 1592462, 1674259, 1752040, 1838030, 1917050, 2001477, 2087095, 2167965, 2258778, 2341341, 2427721, 2510209, 2592812, 2680862, 2764223, 2842283, 2924512]
[2025-06-23T16:06:41.934+0900] {logging_mixin.py:190} INFO - osd 3 -5.0 -5.0 0 4780813 [4780813, 4674490, 4575372, 4471786, 4375772, 4276659, 4185742, 4086915, 3991858, 3897214, 3804479, 3710062, 3612595, 3519784, 3422810, 3330802, 3233585, 3138014, 3043319, 2948276, 2854939, 2943786, 3034070, 3123444, 3215039, 3304406, 3392239, 3483830, 3571064, 3663370, 3751979, 3836685, 3924421, 4012569, 4102452, 4176898, 4258172, 4333036, 4414956, 4490074, 4572000]
[2025-06-23T16:07:54.247+0900] {logging_mixin.py:190} INFO - osd 4 0.0 5.0 40 7179821 [7177949, 7042832, 6907822, 6775290, 6643521, 6513030, 6375881, 6241750, 6115297, 5982191, 5858253, 5724733, 5603818, 5472915, 5350558, 5231931, 5111788, 4990113, 4869277, 4750094, 4645005, 4759725, 4887265, 5014565, 5143385, 5267410, 5390473, 5516654, 5646948, 5767278, 5901514, 6026873, 6157419, 6283619, 6414030, 6547680, 6672906, 6800349, 6926762, 7053890, 7179821]
[2025-06-23T16:07:54.765+0900] {logging_mixin.py:190} INFO - step : text_orientation_set
[2025-06-23T16:08:26.088+0900] {logging_mixin.py:190} INFO - osd 1 break  0 0 9.94 Japanese 0.52
[2025-06-23T16:08:26.094+0900] {logging_mixin.py:190} INFO - step : load
[2025-06-23T16:08:26.141+0900] {logging_mixin.py:190} INFO - step : rotate
[2025-06-23T16:08:27.023+0900] {logging_mixin.py:190} INFO - step : rotate
[2025-06-23T16:08:27.699+0900] {logging_mixin.py:190} INFO - file_copy: /opt/***/data/temp/4b5b211e-6a9f-42d2-80f3-8af4d63e951b/d093863b-4142-49e9-ba28-1099e62da7d0/_result.png
[2025-06-23T16:08:27.716+0900] {python.py:240} INFO - Done. Returned value was: {'file_id': '4b5b211e-6a9f-42d2-80f3-8af4d63e951b', 'file_path': '/opt/***/data/class/b_class/classify/ready/true/역촌동 만민빌딩 - 정부24 - 건축물대장 등본(초본) 발급(열람) _ 문서출력_page_1_aug1.png', 'true': {'process_id': '_d093863b-4142-49e9-ba28-1099e62da7d0_pre', 'folder_path': '4b5b211e-6a9f-42d2-80f3-8af4d63e951b/d093863b-4142-49e9-ba28-1099e62da7d0', 'step_list': [{'name': 'cache', 'param': {'key': 'origin'}}, {'name': 'calc_angle_set2', 'param': {'key': 'angle1', 'iterations': 4, 'iter_save': False}}, {'name': 'text_orientation_set', 'param': {'key': 'angle2', 'iterations': 4, 'iter_save': False}}, {'name': 'load', 'param': {'key': 'origin'}}, {'name': 'rotate', 'param': {'key': 'angle1'}}, {'name': 'rotate', 'param': {'key': 'angle2'}}], 'result_file_map': {'_result': '/opt/***/data/temp/4b5b211e-6a9f-42d2-80f3-8af4d63e951b/d093863b-4142-49e9-ba28-1099e62da7d0/_result.png'}}}
[2025-06-23T16:08:27.776+0900] {taskinstance.py:341} INFO - ::group::Post task execution logs
[2025-06-23T16:08:27.777+0900] {taskinstance.py:353} INFO - Marking task as SUCCESS. dag_id=lilt_document_classifier_balanced_b_class_V0.1, task_id=img_preprocess_task, run_id=manual__2025-06-23T06:58:09.542610+00:00, map_index=3, execution_date=20250623T065809, start_date=20250623T070449, end_date=20250623T070827
[2025-06-23T16:08:27.846+0900] {local_task_job_runner.py:266} INFO - Task exited with return code 0
[2025-06-23T16:08:27.946+0900] {taskinstance.py:3901} INFO - 0 downstream tasks scheduled from follow-on schedule check
[2025-06-23T16:08:27.954+0900] {local_task_job_runner.py:245} INFO - ::endgroup::
