[2025-06-18T13:51:17.822+0900] {local_task_job_runner.py:123} INFO - ::group::Pre task execution logs
[2025-06-18T13:51:17.889+0900] {taskinstance.py:2614} INFO - Dependencies all met for dep_context=non-requeueable deps ti=<TaskInstance: lilt_document_classifier_balanced_V0.1.img_preprocess_task manual__2025-06-18T04:46:36.476365+00:00 map_index=87 [queued]>
[2025-06-18T13:51:17.912+0900] {taskinstance.py:2614} INFO - Dependencies all met for dep_context=requeueable deps ti=<TaskInstance: lilt_document_classifier_balanced_V0.1.img_preprocess_task manual__2025-06-18T04:46:36.476365+00:00 map_index=87 [queued]>
[2025-06-18T13:51:17.912+0900] {taskinstance.py:2867} INFO - Starting attempt 1 of 1
[2025-06-18T13:51:17.949+0900] {taskinstance.py:2890} INFO - Executing <Mapped(_PythonDecoratedOperator): img_preprocess_task> on 2025-06-18 04:46:36.476365+00:00
[2025-06-18T13:51:18.060+0900] {warnings.py:112} WARNING - /home/***/.local/lib/python3.12/site-packages/***/task/task_runner/standard_task_runner.py:70: DeprecationWarning: This process (pid=29781) is multi-threaded, use of fork() may lead to deadlocks in the child.
  pid = os.fork()

[2025-06-18T13:51:18.062+0900] {standard_task_runner.py:72} INFO - Started process 29850 to run task
[2025-06-18T13:51:18.058+0900] {standard_task_runner.py:104} INFO - Running: ['***', 'tasks', 'run', 'lilt_document_classifier_balanced_V0.1', 'img_preprocess_task', 'manual__2025-06-18T04:46:36.476365+00:00', '--job-id', '1192', '--raw', '--subdir', 'DAGS_FOLDER/class_create_dag.py', '--cfg-path', '/tmp/tmpg9gdkbna', '--map-index', '87']
[2025-06-18T13:51:18.064+0900] {standard_task_runner.py:105} INFO - Job 1192: Subtask img_preprocess_task
[2025-06-18T13:51:18.142+0900] {task_command.py:467} INFO - Running <TaskInstance: lilt_document_classifier_balanced_V0.1.img_preprocess_task manual__2025-06-18T04:46:36.476365+00:00 map_index=87 [running]> on host f6d4228a9eb8
[2025-06-18T13:51:18.349+0900] {taskinstance.py:3134} INFO - Exporting env vars: AIRFLOW_CTX_DAG_OWNER='***' AIRFLOW_CTX_DAG_ID='lilt_document_classifier_balanced_V0.1' AIRFLOW_CTX_TASK_ID='img_preprocess_task' AIRFLOW_CTX_EXECUTION_DATE='2025-06-18T04:46:36.476365+00:00' AIRFLOW_CTX_TRY_NUMBER='1' AIRFLOW_CTX_DAG_RUN_ID='manual__2025-06-18T04:46:36.476365+00:00'
[2025-06-18T13:51:18.357+0900] {taskinstance.py:732} INFO - ::endgroup::
[2025-06-18T13:51:18.368+0900] {logging_mixin.py:190} INFO - empty map check {} {'process_id': '_ee53b42d-4407-4fa5-9da0-d14ce8f5a5c8_pre', 'folder_path': '821b345e-620c-4e7b-8f4b-53a82cb27f47/ee53b42d-4407-4fa5-9da0-d14ce8f5a5c8', 'step_list': [{'name': 'cache', 'param': {'key': 'origin'}}, {'name': 'calc_angle_set1', 'param': {'key': 'angle1', 'iterations': 4, 'iter_save': False}}, {'name': 'text_orientation_set', 'param': {'key': 'angle2', 'iterations': 4, 'iter_save': False}}, {'name': 'load', 'param': {'key': 'origin'}}, {'name': 'rotate', 'param': {'key': 'angle1'}}, {'name': 'rotate', 'param': {'key': 'angle2'}}, {'name': 'save', 'param': {'key': 'classify_preprocess'}}], 'result_file_list': []}
[2025-06-18T13:51:18.371+0900] {logging_mixin.py:190} INFO - step : cache
[2025-06-18T13:51:18.372+0900] {logging_mixin.py:190} INFO - step : calc_angle_set1
[2025-06-18T13:51:18.695+0900] {logging_mixin.py:190} INFO - step : text_orientation_set
[2025-06-18T13:51:33.981+0900] {logging_mixin.py:190} INFO - osd 1 break  0 0 18.86 Korean 0.51
[2025-06-18T13:51:33.983+0900] {logging_mixin.py:190} INFO - step : load
[2025-06-18T13:51:33.984+0900] {logging_mixin.py:190} INFO - step : rotate
[2025-06-18T13:51:34.241+0900] {logging_mixin.py:190} INFO - step : rotate
[2025-06-18T13:51:34.245+0900] {logging_mixin.py:190} INFO - step : save
[2025-06-18T13:51:34.544+0900] {logging_mixin.py:190} INFO - file_copy: /opt/***/data/temp/821b345e-620c-4e7b-8f4b-53a82cb27f47/ee53b42d-4407-4fa5-9da0-d14ce8f5a5c8/classify_preprocess.png
[2025-06-18T13:51:34.562+0900] {python.py:240} INFO - Done. Returned value was: {'file_id': '821b345e-620c-4e7b-8f4b-53a82cb27f47', 'file_path': '/opt/***/data/class/a_class/classify/ready/true/녹번동 삼진빌딩 - 정부24 - 건축물대장 등본(초본) 발급(열람) _ 문서출력_page_1_aug0.png', 'true': {'process_id': '_ee53b42d-4407-4fa5-9da0-d14ce8f5a5c8_pre', 'folder_path': '821b345e-620c-4e7b-8f4b-53a82cb27f47/ee53b42d-4407-4fa5-9da0-d14ce8f5a5c8', 'step_list': [{'name': 'cache', 'param': {'key': 'origin'}}, {'name': 'calc_angle_set1', 'param': {'key': 'angle1', 'iterations': 4, 'iter_save': False}}, {'name': 'text_orientation_set', 'param': {'key': 'angle2', 'iterations': 4, 'iter_save': False}}, {'name': 'load', 'param': {'key': 'origin'}}, {'name': 'rotate', 'param': {'key': 'angle1'}}, {'name': 'rotate', 'param': {'key': 'angle2'}}, {'name': 'save', 'param': {'key': 'classify_preprocess'}}], 'result_file_list': [{'key': 'classify_preprocess', 'path': '/opt/***/data/temp/821b345e-620c-4e7b-8f4b-53a82cb27f47/ee53b42d-4407-4fa5-9da0-d14ce8f5a5c8/classify_preprocess.png'}]}}
[2025-06-18T13:51:34.613+0900] {taskinstance.py:341} INFO - ::group::Post task execution logs
[2025-06-18T13:51:34.615+0900] {taskinstance.py:353} INFO - Marking task as SUCCESS. dag_id=lilt_document_classifier_balanced_V0.1, task_id=img_preprocess_task, run_id=manual__2025-06-18T04:46:36.476365+00:00, map_index=87, execution_date=20250618T044636, start_date=20250618T045117, end_date=20250618T045134
[2025-06-18T13:51:34.787+0900] {local_task_job_runner.py:266} INFO - Task exited with return code 0
[2025-06-18T13:51:34.851+0900] {taskinstance.py:3901} INFO - 0 downstream tasks scheduled from follow-on schedule check
[2025-06-18T13:51:34.860+0900] {local_task_job_runner.py:245} INFO - ::endgroup::
