[2025-06-23T15:47:41.073+0900] {local_task_job_runner.py:123} INFO - ::group::Pre task execution logs
[2025-06-23T15:47:41.349+0900] {taskinstance.py:2614} INFO - Dependencies all met for dep_context=non-requeueable deps ti=<TaskInstance: lilt_document_classifier_balanced_V0.1.img_preprocess_task__1 manual__2025-06-23T06:45:10.371530+00:00 map_index=9 [queued]>
[2025-06-23T15:47:41.458+0900] {taskinstance.py:2614} INFO - Dependencies all met for dep_context=requeueable deps ti=<TaskInstance: lilt_document_classifier_balanced_V0.1.img_preprocess_task__1 manual__2025-06-23T06:45:10.371530+00:00 map_index=9 [queued]>
[2025-06-23T15:47:41.459+0900] {taskinstance.py:2867} INFO - Starting attempt 1 of 1
[2025-06-23T15:47:41.710+0900] {taskinstance.py:2890} INFO - Executing <Mapped(_PythonDecoratedOperator): img_preprocess_task__1> on 2025-06-23 06:45:10.371530+00:00
[2025-06-23T15:47:41.922+0900] {warnings.py:112} WARNING - /home/***/.local/lib/python3.12/site-packages/***/task/task_runner/standard_task_runner.py:70: DeprecationWarning: This process (pid=3294) is multi-threaded, use of fork() may lead to deadlocks in the child.
  pid = os.fork()

[2025-06-23T15:47:41.954+0900] {standard_task_runner.py:72} INFO - Started process 3362 to run task
[2025-06-23T15:47:41.904+0900] {standard_task_runner.py:104} INFO - Running: ['***', 'tasks', 'run', 'lilt_document_classifier_balanced_V0.1', 'img_preprocess_task__1', 'manual__2025-06-23T06:45:10.371530+00:00', '--job-id', '2924', '--raw', '--subdir', 'DAGS_FOLDER/class_create_dag.py', '--cfg-path', '/tmp/tmpgor9gb4c', '--map-index', '9']
[2025-06-23T15:47:41.990+0900] {standard_task_runner.py:105} INFO - Job 2924: Subtask img_preprocess_task__1
[2025-06-23T15:47:43.317+0900] {task_command.py:467} INFO - Running <TaskInstance: lilt_document_classifier_balanced_V0.1.img_preprocess_task__1 manual__2025-06-23T06:45:10.371530+00:00 map_index=9 [running]> on host f6d4228a9eb8
[2025-06-23T15:47:46.612+0900] {taskinstance.py:3134} INFO - Exporting env vars: AIRFLOW_CTX_DAG_OWNER='***' AIRFLOW_CTX_DAG_ID='lilt_document_classifier_balanced_V0.1' AIRFLOW_CTX_TASK_ID='img_preprocess_task__1' AIRFLOW_CTX_EXECUTION_DATE='2025-06-23T06:45:10.371530+00:00' AIRFLOW_CTX_TRY_NUMBER='1' AIRFLOW_CTX_DAG_RUN_ID='manual__2025-06-23T06:45:10.371530+00:00'
[2025-06-23T15:47:46.643+0900] {taskinstance.py:732} INFO - ::endgroup::
[2025-06-23T15:47:46.675+0900] {logging_mixin.py:190} INFO - empty map check {} {'process_id': '_41a5a6fd-2427-4e6d-b92a-961cdbdc79e1_pre', 'folder_path': '56aa7c23-245d-458e-8383-493b05491d37/41a5a6fd-2427-4e6d-b92a-961cdbdc79e1', 'step_list': [{'name': 'cache', 'param': {'key': 'origin'}}, {'name': 'calc_angle_set2', 'param': {'key': 'angle1', 'iterations': 4, 'iter_save': False}}, {'name': 'text_orientation_set', 'param': {'key': 'angle2', 'iterations': 4, 'iter_save': False}}, {'name': 'load', 'param': {'key': 'origin'}}, {'name': 'rotate', 'param': {'key': 'angle1'}}, {'name': 'rotate', 'param': {'key': 'angle2'}}], 'result_file_map': {}}
[2025-06-23T15:47:46.707+0900] {logging_mixin.py:190} INFO - step : cache
[2025-06-23T15:47:46.720+0900] {logging_mixin.py:190} INFO - step : calc_angle_set2
[2025-06-23T15:47:53.289+0900] {logging_mixin.py:190} INFO - osd 1 5.0 5.0 40 58703 [4234, 3868, 3391, 2930, 2352, 1874, 1438, 1023, 768, 522, 263, 73, 84, 91, 6, 0, 14, 16, 29, 20, 0, 0, 0, 8100, 10288, 12364, 14602, 17447, 19604, 21801, 24076, 27452, 30305, 33353, 36572, 39853, 43293, 47712, 51288, 54943, 58703]
[2025-06-23T15:48:00.188+0900] {logging_mixin.py:190} INFO - osd 2 10.0 5.0 40 184742 [181497, 175202, 168139, 162208, 156496, 149559, 143547, 136610, 130773, 123888, 117936, 112344, 105728, 100744, 94813, 89277, 84695, 79240, 75086, 69944, 65924, 70673, 76755, 81608, 87741, 92963, 99014, 105341, 110491, 116919, 122143, 127641, 133995, 139522, 145957, 151576, 158056, 163999, 171177, 178059, 184742]
[2025-06-23T15:48:09.336+0900] {logging_mixin.py:190} INFO - osd 3 15.0 5.0 40 330511 [297665, 290653, 283748, 278447, 271682, 264690, 259092, 252616, 245640, 239940, 233273, 226471, 220131, 215082, 208916, 202746, 196700, 190771, 185005, 179311, 174688, 180870, 188113, 195388, 202676, 210044, 217559, 225232, 231467, 239441, 247273, 255328, 262296, 270756, 279031, 286361, 295226, 304194, 311720, 320969, 330511]
[2025-06-23T15:48:30.873+0900] {job.py:229} INFO - Heartbeat recovered after 12.12 seconds
