[2025-06-23T09:45:30.859+0900] {local_task_job_runner.py:123} INFO - ::group::Pre task execution logs
[2025-06-23T09:45:31.054+0900] {taskinstance.py:2614} INFO - Dependencies all met for dep_context=non-requeueable deps ti=<TaskInstance: lilt_document_classifier_balanced_V0.1.img_preprocess_task__1 manual__2025-06-23T00:42:21.868462+00:00 map_index=47 [queued]>
[2025-06-23T09:45:31.207+0900] {taskinstance.py:2614} INFO - Dependencies all met for dep_context=requeueable deps ti=<TaskInstance: lilt_document_classifier_balanced_V0.1.img_preprocess_task__1 manual__2025-06-23T00:42:21.868462+00:00 map_index=47 [queued]>
[2025-06-23T09:45:31.235+0900] {taskinstance.py:2867} INFO - Starting attempt 1 of 1
[2025-06-23T09:45:31.400+0900] {taskinstance.py:2890} INFO - Executing <Mapped(_PythonDecoratedOperator): img_preprocess_task__1> on 2025-06-23 00:42:21.868462+00:00
[2025-06-23T09:45:31.449+0900] {warnings.py:112} WARNING - /home/***/.local/lib/python3.12/site-packages/***/task/task_runner/standard_task_runner.py:70: DeprecationWarning: This process (pid=82652) is multi-threaded, use of fork() may lead to deadlocks in the child.
  pid = os.fork()

[2025-06-23T09:45:31.480+0900] {standard_task_runner.py:72} INFO - Started process 82685 to run task
[2025-06-23T09:45:31.471+0900] {standard_task_runner.py:104} INFO - Running: ['***', 'tasks', 'run', 'lilt_document_classifier_balanced_V0.1', 'img_preprocess_task__1', 'manual__2025-06-23T00:42:21.868462+00:00', '--job-id', '1984', '--raw', '--subdir', 'DAGS_FOLDER/class_create_dag.py', '--cfg-path', '/tmp/tmpygimqhmc', '--map-index', '47']
[2025-06-23T09:45:31.502+0900] {standard_task_runner.py:105} INFO - Job 1984: Subtask img_preprocess_task__1
[2025-06-23T09:45:31.614+0900] {task_command.py:467} INFO - Running <TaskInstance: lilt_document_classifier_balanced_V0.1.img_preprocess_task__1 manual__2025-06-23T00:42:21.868462+00:00 map_index=47 [running]> on host f6d4228a9eb8
[2025-06-23T09:45:32.106+0900] {taskinstance.py:3134} INFO - Exporting env vars: AIRFLOW_CTX_DAG_OWNER='***' AIRFLOW_CTX_DAG_ID='lilt_document_classifier_balanced_V0.1' AIRFLOW_CTX_TASK_ID='img_preprocess_task__1' AIRFLOW_CTX_EXECUTION_DATE='2025-06-23T00:42:21.868462+00:00' AIRFLOW_CTX_TRY_NUMBER='1' AIRFLOW_CTX_DAG_RUN_ID='manual__2025-06-23T00:42:21.868462+00:00'
[2025-06-23T09:45:32.111+0900] {taskinstance.py:732} INFO - ::endgroup::
[2025-06-23T09:45:32.125+0900] {logging_mixin.py:190} INFO - empty map check {} {'process_id': '_26af61e0-d4c9-4843-9172-ffa6c5da4c39_pre', 'folder_path': '0bbd9130-0c9e-41da-974e-7221f828e2e2/26af61e0-d4c9-4843-9172-ffa6c5da4c39', 'step_list': [{'name': 'cache', 'param': {'key': 'origin'}}, {'name': 'calc_angle_set1', 'param': {'key': 'angle1', 'iterations': 4, 'iter_save': False}}, {'name': 'text_orientation_set', 'param': {'key': 'angle2', 'iterations': 4, 'iter_save': False}}, {'name': 'load', 'param': {'key': 'origin'}}, {'name': 'rotate', 'param': {'key': 'angle1'}}, {'name': 'rotate', 'param': {'key': 'angle2'}}], 'result_file_map': {}}
[2025-06-23T09:45:32.130+0900] {logging_mixin.py:190} INFO - step : cache
[2025-06-23T09:45:32.136+0900] {logging_mixin.py:190} INFO - step : calc_angle_set1
[2025-06-23T09:45:32.185+0900] {logging_mixin.py:190} INFO - step : text_orientation_set
[2025-06-23T09:45:38.856+0900] {logging_mixin.py:190} INFO - osd 1 break  0 0 8.43 Cyrillic 0.98
[2025-06-23T09:45:38.857+0900] {logging_mixin.py:190} INFO - step : load
[2025-06-23T09:45:38.867+0900] {logging_mixin.py:190} INFO - step : rotate
[2025-06-23T09:45:38.888+0900] {logging_mixin.py:190} INFO - step : rotate
[2025-06-23T09:45:39.014+0900] {logging_mixin.py:190} INFO - file_copy: /opt/***/data/temp/0bbd9130-0c9e-41da-974e-7221f828e2e2/26af61e0-d4c9-4843-9172-ffa6c5da4c39/_result.png
[2025-06-23T09:45:39.038+0900] {python.py:240} INFO - Done. Returned value was: {'file_id': '0bbd9130-0c9e-41da-974e-7221f828e2e2', 'file_path': '/opt/***/data/class/a_class/classify/ready/false/copied_2_2084116028.png', 'false': {'process_id': '_26af61e0-d4c9-4843-9172-ffa6c5da4c39_pre', 'folder_path': '0bbd9130-0c9e-41da-974e-7221f828e2e2/26af61e0-d4c9-4843-9172-ffa6c5da4c39', 'step_list': [{'name': 'cache', 'param': {'key': 'origin'}}, {'name': 'calc_angle_set1', 'param': {'key': 'angle1', 'iterations': 4, 'iter_save': False}}, {'name': 'text_orientation_set', 'param': {'key': 'angle2', 'iterations': 4, 'iter_save': False}}, {'name': 'load', 'param': {'key': 'origin'}}, {'name': 'rotate', 'param': {'key': 'angle1'}}, {'name': 'rotate', 'param': {'key': 'angle2'}}], 'result_file_map': {'_result': '/opt/***/data/temp/0bbd9130-0c9e-41da-974e-7221f828e2e2/26af61e0-d4c9-4843-9172-ffa6c5da4c39/_result.png'}}}
[2025-06-23T09:45:39.120+0900] {taskinstance.py:341} INFO - ::group::Post task execution logs
[2025-06-23T09:45:39.127+0900] {taskinstance.py:353} INFO - Marking task as SUCCESS. dag_id=lilt_document_classifier_balanced_V0.1, task_id=img_preprocess_task__1, run_id=manual__2025-06-23T00:42:21.868462+00:00, map_index=47, execution_date=20250623T004221, start_date=20250623T004531, end_date=20250623T004539
[2025-06-23T09:45:39.248+0900] {local_task_job_runner.py:266} INFO - Task exited with return code 0
[2025-06-23T09:45:39.357+0900] {taskinstance.py:3901} INFO - 0 downstream tasks scheduled from follow-on schedule check
[2025-06-23T09:45:39.369+0900] {local_task_job_runner.py:245} INFO - ::endgroup::
