[2025-06-24T11:55:40.259+0900] {local_task_job_runner.py:123} INFO - ::group::Pre task execution logs
[2025-06-24T11:55:40.358+0900] {taskinstance.py:2614} INFO - Dependencies all met for dep_context=non-requeueable deps ti=<TaskInstance: lilt_document_classifier_balanced_V0.1.img_preprocess_task manual__2025-06-24T02:31:44.485922+00:00 map_index=88 [queued]>
[2025-06-24T11:55:40.381+0900] {taskinstance.py:2614} INFO - Dependencies all met for dep_context=requeueable deps ti=<TaskInstance: lilt_document_classifier_balanced_V0.1.img_preprocess_task manual__2025-06-24T02:31:44.485922+00:00 map_index=88 [queued]>
[2025-06-24T11:55:40.384+0900] {taskinstance.py:2867} INFO - Starting attempt 1 of 1
[2025-06-24T11:55:40.425+0900] {taskinstance.py:2890} INFO - Executing <Mapped(_PythonDecoratedOperator): img_preprocess_task> on 2025-06-24 02:31:44.485922+00:00
[2025-06-24T11:55:40.472+0900] {standard_task_runner.py:104} INFO - Running: ['***', 'tasks', 'run', 'lilt_document_classifier_balanced_V0.1', 'img_preprocess_task', 'manual__2025-06-24T02:31:44.485922+00:00', '--job-id', '3916', '--raw', '--subdir', 'DAGS_FOLDER/class_create_dag.py', '--cfg-path', '/tmp/tmph4dqmqp5', '--map-index', '88']
[2025-06-24T11:55:40.491+0900] {standard_task_runner.py:105} INFO - Job 3916: Subtask img_preprocess_task
[2025-06-24T11:55:40.482+0900] {warnings.py:112} WARNING - /home/***/.local/lib/python3.12/site-packages/***/task/task_runner/standard_task_runner.py:70: DeprecationWarning: This process (pid=37082) is multi-threaded, use of fork() may lead to deadlocks in the child.
  pid = os.fork()

[2025-06-24T11:55:40.493+0900] {standard_task_runner.py:72} INFO - Started process 37119 to run task
[2025-06-24T11:55:40.723+0900] {task_command.py:467} INFO - Running <TaskInstance: lilt_document_classifier_balanced_V0.1.img_preprocess_task manual__2025-06-24T02:31:44.485922+00:00 map_index=88 [running]> on host f6d4228a9eb8
[2025-06-24T11:55:41.202+0900] {taskinstance.py:3134} INFO - Exporting env vars: AIRFLOW_CTX_DAG_OWNER='***' AIRFLOW_CTX_DAG_ID='lilt_document_classifier_balanced_V0.1' AIRFLOW_CTX_TASK_ID='img_preprocess_task' AIRFLOW_CTX_EXECUTION_DATE='2025-06-24T02:31:44.485922+00:00' AIRFLOW_CTX_TRY_NUMBER='1' AIRFLOW_CTX_DAG_RUN_ID='manual__2025-06-24T02:31:44.485922+00:00'
[2025-06-24T11:55:41.205+0900] {taskinstance.py:732} INFO - ::endgroup::
[2025-06-24T11:55:41.211+0900] {logging_mixin.py:190} INFO - empty map check {} {'process_id': '_cf1adb3c-e111-48c7-acaf-aff6e94b5550_pre', 'folder_path': '812210ab-df79-43e5-90ad-40269639308c/cf1adb3c-e111-48c7-acaf-aff6e94b5550', 'step_list': [{'name': 'cache', 'param': {'key': 'origin'}}, {'name': 'calc_angle_set2', 'param': {'key': 'angle1', 'iterations': 4, 'iter_save': True}}, {'name': 'save', 'param': {'key': 'ag1'}}, {'name': 'text_orientation_set', 'param': {'key': 'angle2', 'iterations': 4, 'iter_save': True}}, {'name': 'save', 'param': {'key': 'ag2'}}, {'name': 'load', 'param': {'key': 'origin'}}, {'name': 'rotate', 'param': {'key': 'angle1'}}, {'name': 'rotate', 'param': {'key': 'angle2'}}], 'result_file_map': {}}
[2025-06-24T11:55:41.212+0900] {logging_mixin.py:190} INFO - step : cache
[2025-06-24T11:55:41.212+0900] {logging_mixin.py:190} INFO - step : calc_angle_set2
[2025-06-24T11:56:14.257+0900] {logging_mixin.py:190} INFO - osd 1 5.0 5.0 40 903661 [901885, 861218, 817284, 773629, 731709, 689485, 648663, 607347, 568037, 527024, 490039, 453644, 418145, 385188, 356431, 326579, 297178, 267891, 238733, 210155, 183270, 210170, 239191, 267951, 297238, 327189, 356564, 385746, 418436, 454877, 491079, 528893, 570207, 609930, 650564, 691783, 734750, 777063, 819915, 862646, 903661]
[2025-06-24T11:56:50.250+0900] {logging_mixin.py:190} INFO - osd 2 0.0 -5.0 0 2260797 [2260797, 2190485, 2122805, 2051601, 1976318, 1904299, 1831947, 1757452, 1685573, 1607161, 1536086, 1462162, 1388314, 1320004, 1246691, 1180382, 1111516, 1047825, 989155, 924882, 864751, 913654, 966170, 1013197, 1062916, 1116408, 1167769, 1222179, 1271153, 1322740, 1375100, 1424926, 1481102, 1531526, 1585097, 1635527, 1686097, 1741017, 1794253, 1843438, 1897746]
[2025-06-24T11:57:27.859+0900] {logging_mixin.py:190} INFO - osd 3 5.0 5.0 40 3581579 [3564578, 3495836, 3431581, 3363712, 3299949, 3230905, 3167675, 3096569, 3028366, 2962011, 2895853, 2829183, 2759438, 2692774, 2623652, 2557466, 2488505, 2420241, 2351833, 2283742, 2218239, 2285774, 2356517, 2427160, 2496569, 2567089, 2633498, 2703937, 2770728, 2841232, 2907803, 2974702, 3042314, 3110296, 3182201, 3245086, 3313825, 3377244, 3446222, 3510937, 3581579]
[2025-06-24T11:58:01.523+0900] {logging_mixin.py:190} INFO - osd 4 0.0 -5.0 0 5621452 [5621452, 5519537, 5415954, 5312808, 5209443, 5108050, 4999730, 4892471, 4789352, 4680869, 4578617, 4465751, 4364065, 4253866, 4147127, 4041700, 3936982, 3827483, 3718467, 3611544, 3512885, 3585272, 3667467, 3748388, 3833688, 3915055, 3999186, 4083167, 4173925, 4255914, 4348410, 4432126, 4521756, 4607327, 4698484, 4792307, 4882004, 4971563, 5062617, 5155272, 5247084]
[2025-06-24T11:58:01.739+0900] {logging_mixin.py:190} INFO - step : save
[2025-06-24T11:58:02.236+0900] {logging_mixin.py:190} INFO - file_copy: /opt/***/data/temp/812210ab-df79-43e5-90ad-40269639308c/cf1adb3c-e111-48c7-acaf-aff6e94b5550/ag1.png
[2025-06-24T11:58:02.286+0900] {logging_mixin.py:190} INFO - step : text_orientation_set
[2025-06-24T11:58:09.693+0900] {logging_mixin.py:190} INFO - file_copy: /opt/***/data/temp/812210ab-df79-43e5-90ad-40269639308c/cf1adb3c-e111-48c7-acaf-aff6e94b5550/rotate2_1.png
[2025-06-24T11:58:12.689+0900] {logging_mixin.py:190} INFO - osd 1 break  0 0 15.29 Korean 0.22
[2025-06-24T11:58:12.691+0900] {logging_mixin.py:190} INFO - step : save
[2025-06-24T11:58:13.020+0900] {logging_mixin.py:190} INFO - file_copy: /opt/***/data/temp/812210ab-df79-43e5-90ad-40269639308c/cf1adb3c-e111-48c7-acaf-aff6e94b5550/ag2.png
[2025-06-24T11:58:13.040+0900] {logging_mixin.py:190} INFO - step : load
[2025-06-24T11:58:13.040+0900] {logging_mixin.py:190} INFO - step : rotate
[2025-06-24T11:58:13.088+0900] {logging_mixin.py:190} INFO - step : rotate
[2025-06-24T11:58:13.289+0900] {logging_mixin.py:190} INFO - file_copy: /opt/***/data/temp/812210ab-df79-43e5-90ad-40269639308c/cf1adb3c-e111-48c7-acaf-aff6e94b5550/_result.png
[2025-06-24T11:58:13.308+0900] {python.py:240} INFO - Done. Returned value was: {'file_id': '812210ab-df79-43e5-90ad-40269639308c', 'file_path': '/opt/***/data/class/a_class/classify/ready/true/종로 우성빌딩 - 정부24 - 건축물대장 등본(초본) 발급(열람) _ 문서출력_page_1_aug1.png', 'true': {'process_id': '_cf1adb3c-e111-48c7-acaf-aff6e94b5550_pre', 'folder_path': '812210ab-df79-43e5-90ad-40269639308c/cf1adb3c-e111-48c7-acaf-aff6e94b5550', 'step_list': [{'name': 'cache', 'param': {'key': 'origin'}}, {'name': 'calc_angle_set2', 'param': {'key': 'angle1', 'iterations': 4, 'iter_save': True}}, {'name': 'save', 'param': {'key': 'ag1'}}, {'name': 'text_orientation_set', 'param': {'key': 'angle2', 'iterations': 4, 'iter_save': True}}, {'name': 'save', 'param': {'key': 'ag2'}}, {'name': 'load', 'param': {'key': 'origin'}}, {'name': 'rotate', 'param': {'key': 'angle1'}}, {'name': 'rotate', 'param': {'key': 'angle2'}}], 'result_file_map': {'ag1': '/opt/***/data/temp/812210ab-df79-43e5-90ad-40269639308c/cf1adb3c-e111-48c7-acaf-aff6e94b5550/ag1.png', 'rotate2_1': '/opt/***/data/temp/812210ab-df79-43e5-90ad-40269639308c/cf1adb3c-e111-48c7-acaf-aff6e94b5550/rotate2_1.png', 'ag2': '/opt/***/data/temp/812210ab-df79-43e5-90ad-40269639308c/cf1adb3c-e111-48c7-acaf-aff6e94b5550/ag2.png', '_result': '/opt/***/data/temp/812210ab-df79-43e5-90ad-40269639308c/cf1adb3c-e111-48c7-acaf-aff6e94b5550/_result.png'}}}
[2025-06-24T11:58:13.341+0900] {taskinstance.py:341} INFO - ::group::Post task execution logs
[2025-06-24T11:58:13.342+0900] {taskinstance.py:353} INFO - Marking task as SUCCESS. dag_id=lilt_document_classifier_balanced_V0.1, task_id=img_preprocess_task, run_id=manual__2025-06-24T02:31:44.485922+00:00, map_index=88, execution_date=20250624T023144, start_date=20250624T025540, end_date=20250624T025813
[2025-06-24T11:58:13.382+0900] {local_task_job_runner.py:266} INFO - Task exited with return code 0
[2025-06-24T11:58:13.417+0900] {taskinstance.py:3901} INFO - 0 downstream tasks scheduled from follow-on schedule check
[2025-06-24T11:58:13.429+0900] {local_task_job_runner.py:245} INFO - ::endgroup::
