[2025-06-23T09:44:49.630+0900] {local_task_job_runner.py:123} INFO - ::group::Pre task execution logs
[2025-06-23T09:44:49.754+0900] {taskinstance.py:2614} INFO - Dependencies all met for dep_context=non-requeueable deps ti=<TaskInstance: lilt_document_classifier_balanced_V0.1.img_preprocess_task__1 manual__2025-06-23T00:42:21.868462+00:00 map_index=30 [queued]>
[2025-06-23T09:44:49.853+0900] {taskinstance.py:2614} INFO - Dependencies all met for dep_context=requeueable deps ti=<TaskInstance: lilt_document_classifier_balanced_V0.1.img_preprocess_task__1 manual__2025-06-23T00:42:21.868462+00:00 map_index=30 [queued]>
[2025-06-23T09:44:49.877+0900] {taskinstance.py:2867} INFO - Starting attempt 1 of 1
[2025-06-23T09:44:49.967+0900] {taskinstance.py:2890} INFO - Executing <Mapped(_PythonDecoratedOperator): img_preprocess_task__1> on 2025-06-23 00:42:21.868462+00:00
[2025-06-23T09:44:50.083+0900] {standard_task_runner.py:104} INFO - Running: ['***', 'tasks', 'run', 'lilt_document_classifier_balanced_V0.1', 'img_preprocess_task__1', 'manual__2025-06-23T00:42:21.868462+00:00', '--job-id', '1954', '--raw', '--subdir', 'DAGS_FOLDER/class_create_dag.py', '--cfg-path', '/tmp/tmp6zejggv_', '--map-index', '30']
[2025-06-23T09:44:50.105+0900] {warnings.py:112} WARNING - /home/***/.local/lib/python3.12/site-packages/***/task/task_runner/standard_task_runner.py:70: DeprecationWarning: This process (pid=81982) is multi-threaded, use of fork() may lead to deadlocks in the child.
  pid = os.fork()

[2025-06-23T09:44:50.112+0900] {standard_task_runner.py:72} INFO - Started process 82112 to run task
[2025-06-23T09:44:50.107+0900] {standard_task_runner.py:105} INFO - Job 1954: Subtask img_preprocess_task__1
[2025-06-23T09:44:50.308+0900] {task_command.py:467} INFO - Running <TaskInstance: lilt_document_classifier_balanced_V0.1.img_preprocess_task__1 manual__2025-06-23T00:42:21.868462+00:00 map_index=30 [running]> on host f6d4228a9eb8
[2025-06-23T09:44:50.532+0900] {taskinstance.py:3134} INFO - Exporting env vars: AIRFLOW_CTX_DAG_OWNER='***' AIRFLOW_CTX_DAG_ID='lilt_document_classifier_balanced_V0.1' AIRFLOW_CTX_TASK_ID='img_preprocess_task__1' AIRFLOW_CTX_EXECUTION_DATE='2025-06-23T00:42:21.868462+00:00' AIRFLOW_CTX_TRY_NUMBER='1' AIRFLOW_CTX_DAG_RUN_ID='manual__2025-06-23T00:42:21.868462+00:00'
[2025-06-23T09:44:50.537+0900] {taskinstance.py:732} INFO - ::endgroup::
[2025-06-23T09:44:50.540+0900] {logging_mixin.py:190} INFO - empty map check {} {'process_id': '_7f0a76bf-d6ec-4fd8-b78c-fad43ccab26c_pre', 'folder_path': 'da991ce9-1d0a-42d1-8522-4a9c7b8c9248/7f0a76bf-d6ec-4fd8-b78c-fad43ccab26c', 'step_list': [{'name': 'cache', 'param': {'key': 'origin'}}, {'name': 'calc_angle_set1', 'param': {'key': 'angle1', 'iterations': 4, 'iter_save': False}}, {'name': 'text_orientation_set', 'param': {'key': 'angle2', 'iterations': 4, 'iter_save': False}}, {'name': 'load', 'param': {'key': 'origin'}}, {'name': 'rotate', 'param': {'key': 'angle1'}}, {'name': 'rotate', 'param': {'key': 'angle2'}}], 'result_file_map': {}}
[2025-06-23T09:44:50.547+0900] {logging_mixin.py:190} INFO - step : cache
[2025-06-23T09:44:50.552+0900] {logging_mixin.py:190} INFO - step : calc_angle_set1
[2025-06-23T09:44:50.605+0900] {logging_mixin.py:190} INFO - angle1 :  0 90.17789851129783 180.12551081679302 180.25102042903828 0.16728647212914982 0.1677763272308936
[2025-06-23T09:44:50.692+0900] {logging_mixin.py:190} INFO - angle2 :  90.17789851129783 89.94765020994083 90.0 89.87448918320698 90.0 89.9161116565564
[2025-06-23T09:44:50.795+0900] {logging_mixin.py:190} INFO - angle3 :  180.12554872123866 89.97908522340292 180.12551081679302 179.87435156213832 0.0 -0.0835214853196694
[2025-06-23T09:44:50.905+0900] {logging_mixin.py:190} INFO - angle4 :  270.1046339446416 89.97908522340293 89.87435156213832 90.12551081679302 90.0 89.91647851468034
[2025-06-23T09:44:51.052+0900] {logging_mixin.py:190} INFO - step : text_orientation_set
[2025-06-23T09:44:57.113+0900] {logging_mixin.py:190} INFO - Tesseract OSD Error: (1, 'Estimating resolution as 124 Warning. Invalid resolution 0 dpi. Using 70 instead. Too few characters. Skipping this page Error during processing.')
[2025-06-23T09:44:57.117+0900] {logging_mixin.py:190} INFO - step : load
[2025-06-23T09:44:57.119+0900] {logging_mixin.py:190} INFO - step : rotate
[2025-06-23T09:44:57.371+0900] {logging_mixin.py:190} INFO - step : rotate
[2025-06-23T09:44:57.471+0900] {logging_mixin.py:190} INFO - file_copy: /opt/***/data/temp/da991ce9-1d0a-42d1-8522-4a9c7b8c9248/7f0a76bf-d6ec-4fd8-b78c-fad43ccab26c/_result.png
[2025-06-23T09:44:57.493+0900] {python.py:240} INFO - Done. Returned value was: {'file_id': 'da991ce9-1d0a-42d1-8522-4a9c7b8c9248', 'file_path': '/opt/***/data/class/a_class/classify/ready/false/copied_13_2501662049.png', 'false': {'process_id': '_7f0a76bf-d6ec-4fd8-b78c-fad43ccab26c_pre', 'folder_path': 'da991ce9-1d0a-42d1-8522-4a9c7b8c9248/7f0a76bf-d6ec-4fd8-b78c-fad43ccab26c', 'step_list': [{'name': 'cache', 'param': {'key': 'origin'}}, {'name': 'calc_angle_set1', 'param': {'key': 'angle1', 'iterations': 4, 'iter_save': False}}, {'name': 'text_orientation_set', 'param': {'key': 'angle2', 'iterations': 4, 'iter_save': False}}, {'name': 'load', 'param': {'key': 'origin'}}, {'name': 'rotate', 'param': {'key': 'angle1'}}, {'name': 'rotate', 'param': {'key': 'angle2'}}], 'result_file_map': {'_result': '/opt/***/data/temp/da991ce9-1d0a-42d1-8522-4a9c7b8c9248/7f0a76bf-d6ec-4fd8-b78c-fad43ccab26c/_result.png'}}}
[2025-06-23T09:44:57.568+0900] {taskinstance.py:341} INFO - ::group::Post task execution logs
[2025-06-23T09:44:57.572+0900] {taskinstance.py:353} INFO - Marking task as SUCCESS. dag_id=lilt_document_classifier_balanced_V0.1, task_id=img_preprocess_task__1, run_id=manual__2025-06-23T00:42:21.868462+00:00, map_index=30, execution_date=20250623T004221, start_date=20250623T004449, end_date=20250623T004457
[2025-06-23T09:44:57.740+0900] {local_task_job_runner.py:266} INFO - Task exited with return code 0
[2025-06-23T09:44:57.763+0900] {local_task_job_runner.py:245} INFO - ::endgroup::
