[2025-06-24T16:42:21.757+0900] {local_task_job_runner.py:123} INFO - ::group::Pre task execution logs
[2025-06-24T16:42:21.840+0900] {taskinstance.py:2614} INFO - Dependencies all met for dep_context=non-requeueable deps ti=<TaskInstance: lilt_document_classifier_balanced_V0.1.img_preprocess_task__1 manual__2025-06-24T07:39:02.784990+00:00 map_index=18 [queued]>
[2025-06-24T16:42:21.923+0900] {taskinstance.py:2614} INFO - Dependencies all met for dep_context=requeueable deps ti=<TaskInstance: lilt_document_classifier_balanced_V0.1.img_preprocess_task__1 manual__2025-06-24T07:39:02.784990+00:00 map_index=18 [queued]>
[2025-06-24T16:42:21.946+0900] {taskinstance.py:2867} INFO - Starting attempt 1 of 1
[2025-06-24T16:42:22.023+0900] {taskinstance.py:2890} INFO - Executing <Mapped(_PythonDecoratedOperator): img_preprocess_task__1> on 2025-06-24 07:39:02.784990+00:00
[2025-06-24T16:42:22.081+0900] {warnings.py:112} WARNING - /home/***/.local/lib/python3.12/site-packages/***/task/task_runner/standard_task_runner.py:70: DeprecationWarning: This process (pid=54376) is multi-threaded, use of fork() may lead to deadlocks in the child.
  pid = os.fork()

[2025-06-24T16:42:22.083+0900] {standard_task_runner.py:72} INFO - Started process 54424 to run task
[2025-06-24T16:42:22.105+0900] {standard_task_runner.py:104} INFO - Running: ['***', 'tasks', 'run', 'lilt_document_classifier_balanced_V0.1', 'img_preprocess_task__1', 'manual__2025-06-24T07:39:02.784990+00:00', '--job-id', '4452', '--raw', '--subdir', 'DAGS_FOLDER/class_create_dag.py', '--cfg-path', '/tmp/tmpp2vkdjqy', '--map-index', '18']
[2025-06-24T16:42:22.112+0900] {standard_task_runner.py:105} INFO - Job 4452: Subtask img_preprocess_task__1
[2025-06-24T16:42:22.268+0900] {task_command.py:467} INFO - Running <TaskInstance: lilt_document_classifier_balanced_V0.1.img_preprocess_task__1 manual__2025-06-24T07:39:02.784990+00:00 map_index=18 [running]> on host f6d4228a9eb8
[2025-06-24T16:42:22.577+0900] {taskinstance.py:3134} INFO - Exporting env vars: AIRFLOW_CTX_DAG_OWNER='***' AIRFLOW_CTX_DAG_ID='lilt_document_classifier_balanced_V0.1' AIRFLOW_CTX_TASK_ID='img_preprocess_task__1' AIRFLOW_CTX_EXECUTION_DATE='2025-06-24T07:39:02.784990+00:00' AIRFLOW_CTX_TRY_NUMBER='1' AIRFLOW_CTX_DAG_RUN_ID='manual__2025-06-24T07:39:02.784990+00:00'
[2025-06-24T16:42:22.594+0900] {taskinstance.py:732} INFO - ::endgroup::
[2025-06-24T16:42:22.604+0900] {logging_mixin.py:190} INFO - empty map check {} {'process_id': '_ccd5f5bf-b25b-422b-9203-c86a93891fd2_pre', 'folder_path': '3f2193be-8c96-4320-8e62-b4b0157091af/ccd5f5bf-b25b-422b-9203-c86a93891fd2', 'step_list': [{'name': 'cache', 'param': {'key': 'origin'}}, {'name': 'calc_angle_set2', 'param': {'key': 'angle1', 'iterations': 4, 'iter_save': False}}, {'name': 'text_orientation_set', 'param': {'key': 'angle2', 'iterations': 4, 'iter_save': False}}, {'name': 'load', 'param': {'key': 'origin'}}, {'name': 'rotate', 'param': {'key': 'angle1'}}, {'name': 'rotate', 'param': {'key': 'angle2'}}], 'result_file_map': {}}
[2025-06-24T16:42:22.627+0900] {logging_mixin.py:190} INFO - step : cache
[2025-06-24T16:42:22.635+0900] {logging_mixin.py:190} INFO - step : calc_angle_set2
[2025-06-24T16:42:26.433+0900] {logging_mixin.py:190} INFO - osd 1 0.5 0.5 22 119978 [91731, 90751, 90575, 93695, 92877, 93694, 95424, 95435, 97781, 96524, 97781, 96717, 100671, 100061, 102091, 105485, 107429, 107955, 110899, 115184, 104497, 118154, 119978, 118311, 119453, 119638, 117534, 116198, 113514, 111046, 112486, 110839, 108739, 107397, 104514, 103895, 102681, 102469, 99744, 100626, 96848]
[2025-06-24T16:42:30.685+0900] {logging_mixin.py:190} INFO - osd 2 1.0 0.5 22 113530 [83959, 84495, 86991, 87971, 88432, 88733, 89322, 88758, 91703, 91661, 92974, 93997, 96825, 96852, 99069, 103114, 104768, 105288, 106732, 111513, 102206, 111190, 113530, 110854, 111547, 110354, 107545, 106115, 103421, 101638, 100767, 97705, 96551, 94740, 93571, 95274, 96579, 94033, 93353, 90932, 90508]
[2025-06-24T16:42:35.034+0900] {logging_mixin.py:190} INFO - osd 3 1.25 0.25 21 106277 [81069, 81844, 83177, 82579, 84591, 85521, 85531, 86508, 88835, 90382, 90939, 95521, 95175, 95877, 99290, 100243, 104388, 103644, 105148, 105371, 98792, 106277, 105288, 103280, 101312, 97912, 96985, 93890, 95423, 93567, 92839, 91711, 89595, 87939, 88031, 85784, 86223, 87020, 83950, 85301, 83724]
[2025-06-24T16:42:41.746+0900] {logging_mixin.py:190} INFO - osd 4 0.5 -0.75 17 105902 [80800, 80930, 83551, 83930, 84422, 84941, 86538, 88519, 87781, 90180, 91216, 93256, 96451, 98830, 100705, 105406, 104952, 105902, 103304, 104179, 98833, 102663, 101939, 100204, 98421, 95986, 94567, 92421, 90907, 90252, 88537, 88756, 86496, 85967, 85116, 83873, 85967, 83000, 82899, 82119, 80566]
[2025-06-24T16:42:41.853+0900] {logging_mixin.py:190} INFO - step : text_orientation_set
[2025-06-24T16:42:48.342+0900] {logging_mixin.py:190} INFO - osd 1 break  0 0 3.14 Latin 0.83
[2025-06-24T16:42:48.347+0900] {logging_mixin.py:190} INFO - step : load
[2025-06-24T16:42:48.352+0900] {logging_mixin.py:190} INFO - step : rotate
[2025-06-24T16:42:48.407+0900] {logging_mixin.py:190} INFO - step : rotate
[2025-06-24T16:42:48.527+0900] {logging_mixin.py:190} INFO - file_copy: /opt/***/data/temp/3f2193be-8c96-4320-8e62-b4b0157091af/ccd5f5bf-b25b-422b-9203-c86a93891fd2/_result.png
[2025-06-24T16:42:48.538+0900] {python.py:240} INFO - Done. Returned value was: {'file_id': '3f2193be-8c96-4320-8e62-b4b0157091af', 'file_path': '/opt/***/data/class/a_class/classify/ready/false/copied_63_502610116+-0116.png', 'false': {'process_id': '_ccd5f5bf-b25b-422b-9203-c86a93891fd2_pre', 'folder_path': '3f2193be-8c96-4320-8e62-b4b0157091af/ccd5f5bf-b25b-422b-9203-c86a93891fd2', 'step_list': [{'name': 'cache', 'param': {'key': 'origin'}}, {'name': 'calc_angle_set2', 'param': {'key': 'angle1', 'iterations': 4, 'iter_save': False}}, {'name': 'text_orientation_set', 'param': {'key': 'angle2', 'iterations': 4, 'iter_save': False}}, {'name': 'load', 'param': {'key': 'origin'}}, {'name': 'rotate', 'param': {'key': 'angle1'}}, {'name': 'rotate', 'param': {'key': 'angle2'}}], 'result_file_map': {'_result': '/opt/***/data/temp/3f2193be-8c96-4320-8e62-b4b0157091af/ccd5f5bf-b25b-422b-9203-c86a93891fd2/_result.png'}}}
[2025-06-24T16:42:48.595+0900] {taskinstance.py:341} INFO - ::group::Post task execution logs
[2025-06-24T16:42:48.596+0900] {taskinstance.py:353} INFO - Marking task as SUCCESS. dag_id=lilt_document_classifier_balanced_V0.1, task_id=img_preprocess_task__1, run_id=manual__2025-06-24T07:39:02.784990+00:00, map_index=18, execution_date=20250624T073902, start_date=20250624T074221, end_date=20250624T074248
[2025-06-24T16:42:48.756+0900] {local_task_job_runner.py:266} INFO - Task exited with return code 0
[2025-06-24T16:42:48.836+0900] {taskinstance.py:3901} INFO - 0 downstream tasks scheduled from follow-on schedule check
[2025-06-24T16:42:48.845+0900] {local_task_job_runner.py:245} INFO - ::endgroup::
