[2025-06-23T16:46:48.507+0900] {local_task_job_runner.py:123} INFO - ::group::Pre task execution logs
[2025-06-23T16:46:48.571+0900] {taskinstance.py:2614} INFO - Dependencies all met for dep_context=non-requeueable deps ti=<TaskInstance: lilt_document_classifier_balanced_V0.1.img_preprocess_task manual__2025-06-23T07:44:09.997775+00:00 map_index=13 [queued]>
[2025-06-23T16:46:48.666+0900] {taskinstance.py:2614} INFO - Dependencies all met for dep_context=requeueable deps ti=<TaskInstance: lilt_document_classifier_balanced_V0.1.img_preprocess_task manual__2025-06-23T07:44:09.997775+00:00 map_index=13 [queued]>
[2025-06-23T16:46:48.669+0900] {taskinstance.py:2867} INFO - Starting attempt 1 of 1
[2025-06-23T16:46:48.750+0900] {taskinstance.py:2890} INFO - Executing <Mapped(_PythonDecoratedOperator): img_preprocess_task> on 2025-06-23 07:44:09.997775+00:00
[2025-06-23T16:46:48.798+0900] {standard_task_runner.py:104} INFO - Running: ['***', 'tasks', 'run', 'lilt_document_classifier_balanced_V0.1', 'img_preprocess_task', 'manual__2025-06-23T07:44:09.997775+00:00', '--job-id', '3527', '--raw', '--subdir', 'DAGS_FOLDER/class_create_dag.py', '--cfg-path', '/tmp/tmpzz0cjbkt', '--map-index', '13']
[2025-06-23T16:46:48.812+0900] {standard_task_runner.py:105} INFO - Job 3527: Subtask img_preprocess_task
[2025-06-23T16:46:48.814+0900] {warnings.py:112} WARNING - /home/***/.local/lib/python3.12/site-packages/***/task/task_runner/standard_task_runner.py:70: DeprecationWarning: This process (pid=10363) is multi-threaded, use of fork() may lead to deadlocks in the child.
  pid = os.fork()

[2025-06-23T16:46:48.847+0900] {standard_task_runner.py:72} INFO - Started process 10372 to run task
[2025-06-23T16:46:49.105+0900] {task_command.py:467} INFO - Running <TaskInstance: lilt_document_classifier_balanced_V0.1.img_preprocess_task manual__2025-06-23T07:44:09.997775+00:00 map_index=13 [running]> on host f6d4228a9eb8
[2025-06-23T16:46:49.637+0900] {taskinstance.py:3134} INFO - Exporting env vars: AIRFLOW_CTX_DAG_OWNER='***' AIRFLOW_CTX_DAG_ID='lilt_document_classifier_balanced_V0.1' AIRFLOW_CTX_TASK_ID='img_preprocess_task' AIRFLOW_CTX_EXECUTION_DATE='2025-06-23T07:44:09.997775+00:00' AIRFLOW_CTX_TRY_NUMBER='1' AIRFLOW_CTX_DAG_RUN_ID='manual__2025-06-23T07:44:09.997775+00:00'
[2025-06-23T16:46:49.651+0900] {taskinstance.py:732} INFO - ::endgroup::
[2025-06-23T16:46:49.661+0900] {logging_mixin.py:190} INFO - empty map check {} {'process_id': '_4ad4b2a0-b4be-4932-a23e-14bf374eec5b_pre', 'folder_path': '752ab8c9-e134-4f2d-999f-3a3c94893de4/4ad4b2a0-b4be-4932-a23e-14bf374eec5b', 'step_list': [{'name': 'cache', 'param': {'key': 'origin'}}, {'name': 'calc_angle_set2', 'param': {'key': 'angle1', 'iterations': 4, 'iter_save': False}}, {'name': 'text_orientation_set', 'param': {'key': 'angle2', 'iterations': 4, 'iter_save': False}}, {'name': 'load', 'param': {'key': 'origin'}}, {'name': 'rotate', 'param': {'key': 'angle1'}}, {'name': 'rotate', 'param': {'key': 'angle2'}}], 'result_file_map': {}}
[2025-06-23T16:46:49.665+0900] {logging_mixin.py:190} INFO - step : cache
[2025-06-23T16:46:49.666+0900] {logging_mixin.py:190} INFO - step : calc_angle_set2
[2025-06-23T16:47:19.738+0900] {logging_mixin.py:190} INFO - osd 1 -5.0 -5.0 0 1171060 [1171060, 1110425, 1045859, 981202, 918827, 856501, 796343, 735935, 676990, 616617, 561998, 508738, 455086, 405422, 361217, 316107, 272698, 230365, 188872, 147600, 108861, 144557, 184588, 224170, 263868, 304613, 344816, 383618, 415840, 451024, 485957, 520935, 560262, 598084, 636928, 677306, 718517, 760502, 803882, 846210, 887168]
[2025-06-23T16:47:54.436+0900] {logging_mixin.py:190} INFO - osd 2 0.0 5.0 40 2724555 [2677849, 2593675, 2515371, 2434216, 2349667, 2270170, 2192949, 2111575, 2036700, 1952822, 1879135, 1801328, 1724047, 1651521, 1571126, 1495356, 1416097, 1341598, 1271715, 1194612, 1123396, 1192503, 1267581, 1335791, 1408540, 1488238, 1564678, 1647289, 1723393, 1805310, 1888816, 1967408, 2057375, 2139808, 2226886, 2310311, 2393076, 2481064, 2564847, 2643028, 2724555]
[2025-06-23T16:49:04.409+0900] {logging_mixin.py:190} INFO - osd 3 -5.0 -5.0 0 4664564 [4664564, 4555910, 4455498, 4351754, 4254640, 4153213, 4058253, 3952878, 3852506, 3753424, 3654531, 3555493, 3451729, 3352915, 3250010, 3152889, 3050420, 2948595, 2847597, 2746301, 2647233, 2735012, 2824284, 2914195, 3003914, 3093599, 3179325, 3269644, 3348526, 3431748, 3508480, 3587532, 3665255, 3744394, 3828541, 3901911, 3982068, 4055591, 4134802, 4209280, 4290232]
[2025-06-23T16:50:15.612+0900] {logging_mixin.py:190} INFO - osd 4 -10.0 -5.0 0 7125327 [7125327, 6985538, 6846487, 6710006, 6575819, 6442061, 6302079, 6164637, 6037087, 5902257, 5776231, 5639078, 5515717, 5382646, 5255342, 5131648, 5008048, 4882573, 4758313, 4638643, 4530743, 4649269, 4779541, 4909386, 5040909, 5166165, 5294774, 5420899, 5554790, 5677673, 5813260, 5936655, 6066357, 6190522, 6320242, 6451263, 6575858, 6700060, 6824622, 6946598, 7069611]
[2025-06-23T16:50:16.197+0900] {logging_mixin.py:190} INFO - step : text_orientation_set
[2025-06-23T16:50:41.826+0900] {logging_mixin.py:190} INFO - osd 1 break  0 0 4.87 Japanese 0.26
[2025-06-23T16:50:41.854+0900] {logging_mixin.py:190} INFO - step : load
[2025-06-23T16:50:41.881+0900] {logging_mixin.py:190} INFO - step : rotate
[2025-06-23T16:50:42.692+0900] {logging_mixin.py:190} INFO - step : rotate
[2025-06-23T16:50:43.954+0900] {logging_mixin.py:190} INFO - file_copy: /opt/***/data/temp/752ab8c9-e134-4f2d-999f-3a3c94893de4/4ad4b2a0-b4be-4932-a23e-14bf374eec5b/_result.png
[2025-06-23T16:50:43.988+0900] {python.py:240} INFO - Done. Returned value was: {'file_id': '752ab8c9-e134-4f2d-999f-3a3c94893de4', 'file_path': '/opt/***/data/class/a_class/classify/ready/true/당주동 선덕빌딩 - 정부24 - 건축물대장 등본(초본) 발급(열람) _ 문서출력_page_1_aug2.png', 'true': {'process_id': '_4ad4b2a0-b4be-4932-a23e-14bf374eec5b_pre', 'folder_path': '752ab8c9-e134-4f2d-999f-3a3c94893de4/4ad4b2a0-b4be-4932-a23e-14bf374eec5b', 'step_list': [{'name': 'cache', 'param': {'key': 'origin'}}, {'name': 'calc_angle_set2', 'param': {'key': 'angle1', 'iterations': 4, 'iter_save': False}}, {'name': 'text_orientation_set', 'param': {'key': 'angle2', 'iterations': 4, 'iter_save': False}}, {'name': 'load', 'param': {'key': 'origin'}}, {'name': 'rotate', 'param': {'key': 'angle1'}}, {'name': 'rotate', 'param': {'key': 'angle2'}}], 'result_file_map': {'_result': '/opt/***/data/temp/752ab8c9-e134-4f2d-999f-3a3c94893de4/4ad4b2a0-b4be-4932-a23e-14bf374eec5b/_result.png'}}}
[2025-06-23T16:50:44.099+0900] {taskinstance.py:341} INFO - ::group::Post task execution logs
[2025-06-23T16:50:44.100+0900] {taskinstance.py:353} INFO - Marking task as SUCCESS. dag_id=lilt_document_classifier_balanced_V0.1, task_id=img_preprocess_task, run_id=manual__2025-06-23T07:44:09.997775+00:00, map_index=13, execution_date=20250623T074409, start_date=20250623T074648, end_date=20250623T075044
[2025-06-23T16:50:44.238+0900] {local_task_job_runner.py:266} INFO - Task exited with return code 0
[2025-06-23T16:50:44.375+0900] {taskinstance.py:3901} INFO - 0 downstream tasks scheduled from follow-on schedule check
[2025-06-23T16:50:44.377+0900] {local_task_job_runner.py:245} INFO - ::endgroup::
