[2025-06-23T17:09:32.715+0900] {local_task_job_runner.py:123} INFO - ::group::Pre task execution logs
[2025-06-23T17:09:32.865+0900] {taskinstance.py:2614} INFO - Dependencies all met for dep_context=non-requeueable deps ti=<TaskInstance: lilt_document_classifier_balanced_V0.1.img_preprocess_task manual__2025-06-23T07:44:09.997775+00:00 map_index=91 [queued]>
[2025-06-23T17:09:32.967+0900] {taskinstance.py:2614} INFO - Dependencies all met for dep_context=requeueable deps ti=<TaskInstance: lilt_document_classifier_balanced_V0.1.img_preprocess_task manual__2025-06-23T07:44:09.997775+00:00 map_index=91 [queued]>
[2025-06-23T17:09:32.968+0900] {taskinstance.py:2867} INFO - Starting attempt 1 of 1
[2025-06-23T17:09:33.010+0900] {taskinstance.py:2890} INFO - Executing <Mapped(_PythonDecoratedOperator): img_preprocess_task> on 2025-06-23 07:44:09.997775+00:00
[2025-06-23T17:09:33.055+0900] {warnings.py:112} WARNING - /home/***/.local/lib/python3.12/site-packages/***/task/task_runner/standard_task_runner.py:70: DeprecationWarning: This process (pid=13560) is multi-threaded, use of fork() may lead to deadlocks in the child.
  pid = os.fork()

[2025-06-23T17:09:33.060+0900] {standard_task_runner.py:72} INFO - Started process 13601 to run task
[2025-06-23T17:09:33.061+0900] {standard_task_runner.py:104} INFO - Running: ['***', 'tasks', 'run', 'lilt_document_classifier_balanced_V0.1', 'img_preprocess_task', 'manual__2025-06-23T07:44:09.997775+00:00', '--job-id', '3683', '--raw', '--subdir', 'DAGS_FOLDER/class_create_dag.py', '--cfg-path', '/tmp/tmpmcn3kspd', '--map-index', '91']
[2025-06-23T17:09:33.067+0900] {standard_task_runner.py:105} INFO - Job 3683: Subtask img_preprocess_task
[2025-06-23T17:09:33.165+0900] {task_command.py:467} INFO - Running <TaskInstance: lilt_document_classifier_balanced_V0.1.img_preprocess_task manual__2025-06-23T07:44:09.997775+00:00 map_index=91 [running]> on host f6d4228a9eb8
[2025-06-23T17:09:33.780+0900] {taskinstance.py:3134} INFO - Exporting env vars: AIRFLOW_CTX_DAG_OWNER='***' AIRFLOW_CTX_DAG_ID='lilt_document_classifier_balanced_V0.1' AIRFLOW_CTX_TASK_ID='img_preprocess_task' AIRFLOW_CTX_EXECUTION_DATE='2025-06-23T07:44:09.997775+00:00' AIRFLOW_CTX_TRY_NUMBER='1' AIRFLOW_CTX_DAG_RUN_ID='manual__2025-06-23T07:44:09.997775+00:00'
[2025-06-23T17:09:33.803+0900] {taskinstance.py:732} INFO - ::endgroup::
[2025-06-23T17:09:33.927+0900] {logging_mixin.py:190} INFO - empty map check {} {'process_id': '_78601833-137e-4f09-8319-d15db026bf3b_pre', 'folder_path': '704684e1-806e-4fb8-8a34-08a1ebdbbedf/78601833-137e-4f09-8319-d15db026bf3b', 'step_list': [{'name': 'cache', 'param': {'key': 'origin'}}, {'name': 'calc_angle_set2', 'param': {'key': 'angle1', 'iterations': 4, 'iter_save': False}}, {'name': 'text_orientation_set', 'param': {'key': 'angle2', 'iterations': 4, 'iter_save': False}}, {'name': 'load', 'param': {'key': 'origin'}}, {'name': 'rotate', 'param': {'key': 'angle1'}}, {'name': 'rotate', 'param': {'key': 'angle2'}}], 'result_file_map': {}}
[2025-06-23T17:09:33.947+0900] {logging_mixin.py:190} INFO - step : cache
[2025-06-23T17:09:33.948+0900] {logging_mixin.py:190} INFO - step : calc_angle_set2
[2025-06-23T17:10:13.221+0900] {logging_mixin.py:190} INFO - osd 1 5.0 5.0 40 1305685 [1115399, 1070949, 1023738, 976424, 930815, 884387, 840295, 795557, 753042, 708611, 668437, 622561, 576242, 531753, 493666, 452555, 412379, 372371, 332498, 292235, 256396, 292679, 332405, 373935, 417152, 462387, 511486, 558687, 611289, 666378, 720376, 774268, 834310, 890558, 949117, 1007634, 1067438, 1126322, 1187840, 1248350, 1305685]
[2025-06-23T17:10:42.743+0900] {logging_mixin.py:190} INFO - osd 2 0.0 -5.0 0 2804131 [2804131, 2726236, 2651401, 2571203, 2487854, 2409374, 2329862, 2248514, 2169701, 2083447, 2006282, 1925103, 1845385, 1768555, 1686331, 1611708, 1533855, 1462651, 1394773, 1322179, 1254126, 1321302, 1393326, 1458378, 1528236, 1601837, 1671766, 1746416, 1814442, 1885706, 1956450, 2025659, 2103938, 2174987, 2250027, 2322383, 2396907, 2475838, 2552693, 2625727, 2704817]
[2025-06-23T17:11:13.418+0900] {logging_mixin.py:190} INFO - osd 3 5.0 5.0 40 4546193 [4343279, 4265648, 4192849, 4115697, 4045370, 3968335, 3896563, 3816758, 3740602, 3664963, 3592149, 3508387, 3420461, 3337687, 3252267, 3170149, 3083197, 2997707, 2911441, 2826581, 2742454, 2828913, 2918675, 3008294, 3097959, 3188306, 3275419, 3366591, 3454515, 3546050, 3634850, 3721052, 3810069, 3899582, 3992857, 4078402, 4171236, 4260228, 4354938, 4446983, 4546193]
[2025-06-23T17:11:36.634+0900] {logging_mixin.py:190} INFO - osd 4 10.0 5.0 40 6790870 [6756411, 6640366, 6525518, 6410454, 6294068, 6179284, 6058816, 5940622, 5826751, 5706597, 5594966, 5471601, 5360866, 5238730, 5122046, 5007675, 4892261, 4772238, 4653958, 4536325, 4428521, 4527153, 4637622, 4749193, 4863861, 4976376, 5087786, 5202353, 5324862, 5435491, 5560116, 5675196, 5798854, 5918002, 6041797, 6169840, 6292801, 6415357, 6538978, 6663237, 6790870]
[2025-06-23T17:11:36.786+0900] {logging_mixin.py:190} INFO - step : text_orientation_set
[2025-06-23T17:11:48.536+0900] {logging_mixin.py:190} INFO - osd 1 180 180 1.19 Japanese 0.33
[2025-06-23T17:11:55.714+0900] {logging_mixin.py:190} INFO - osd 2 360 180 1.62 Japanese 0.21
[2025-06-23T17:12:01.083+0900] {logging_mixin.py:190} INFO - osd 3 540 180 1.19 Japanese 0.33
[2025-06-23T17:12:05.458+0900] {logging_mixin.py:190} INFO - osd 4 720 180 1.62 Japanese 0.21
[2025-06-23T17:12:05.518+0900] {logging_mixin.py:190} INFO - step : load
[2025-06-23T17:12:05.518+0900] {logging_mixin.py:190} INFO - step : rotate
[2025-06-23T17:12:05.625+0900] {logging_mixin.py:190} INFO - step : rotate
[2025-06-23T17:12:05.791+0900] {logging_mixin.py:190} INFO - file_copy: /opt/***/data/temp/704684e1-806e-4fb8-8a34-08a1ebdbbedf/78601833-137e-4f09-8319-d15db026bf3b/_result.png
[2025-06-23T17:12:05.800+0900] {python.py:240} INFO - Done. Returned value was: {'file_id': '704684e1-806e-4fb8-8a34-08a1ebdbbedf', 'file_path': '/opt/***/data/class/a_class/classify/ready/true/동선동 나성빌딩 - 정부24 - 건축물대장 등본(초본) 발급(열람) _ 문서출력_page_1_aug0.png', 'true': {'process_id': '_78601833-137e-4f09-8319-d15db026bf3b_pre', 'folder_path': '704684e1-806e-4fb8-8a34-08a1ebdbbedf/78601833-137e-4f09-8319-d15db026bf3b', 'step_list': [{'name': 'cache', 'param': {'key': 'origin'}}, {'name': 'calc_angle_set2', 'param': {'key': 'angle1', 'iterations': 4, 'iter_save': False}}, {'name': 'text_orientation_set', 'param': {'key': 'angle2', 'iterations': 4, 'iter_save': False}}, {'name': 'load', 'param': {'key': 'origin'}}, {'name': 'rotate', 'param': {'key': 'angle1'}}, {'name': 'rotate', 'param': {'key': 'angle2'}}], 'result_file_map': {'_result': '/opt/***/data/temp/704684e1-806e-4fb8-8a34-08a1ebdbbedf/78601833-137e-4f09-8319-d15db026bf3b/_result.png'}}}
[2025-06-23T17:12:05.828+0900] {taskinstance.py:341} INFO - ::group::Post task execution logs
[2025-06-23T17:12:05.829+0900] {taskinstance.py:353} INFO - Marking task as SUCCESS. dag_id=lilt_document_classifier_balanced_V0.1, task_id=img_preprocess_task, run_id=manual__2025-06-23T07:44:09.997775+00:00, map_index=91, execution_date=20250623T074409, start_date=20250623T080932, end_date=20250623T081205
[2025-06-23T17:12:05.867+0900] {local_task_job_runner.py:266} INFO - Task exited with return code 0
[2025-06-23T17:12:05.900+0900] {taskinstance.py:3901} INFO - 1 downstream tasks scheduled from follow-on schedule check
[2025-06-23T17:12:05.902+0900] {local_task_job_runner.py:245} INFO - ::endgroup::
