[2025-06-24T11:38:53.490+0900] {local_task_job_runner.py:123} INFO - ::group::Pre task execution logs
[2025-06-24T11:38:53.561+0900] {taskinstance.py:2614} INFO - Dependencies all met for dep_context=non-requeueable deps ti=<TaskInstance: lilt_document_classifier_balanced_V0.1.img_preprocess_task__1 manual__2025-06-24T02:31:44.485922+00:00 map_index=27 [queued]>
[2025-06-24T11:38:53.600+0900] {taskinstance.py:2614} INFO - Dependencies all met for dep_context=requeueable deps ti=<TaskInstance: lilt_document_classifier_balanced_V0.1.img_preprocess_task__1 manual__2025-06-24T02:31:44.485922+00:00 map_index=27 [queued]>
[2025-06-24T11:38:53.611+0900] {taskinstance.py:2867} INFO - Starting attempt 1 of 1
[2025-06-24T11:38:53.644+0900] {taskinstance.py:2890} INFO - Executing <Mapped(_PythonDecoratedOperator): img_preprocess_task__1> on 2025-06-24 02:31:44.485922+00:00
[2025-06-24T11:38:53.678+0900] {warnings.py:112} WARNING - /home/***/.local/lib/python3.12/site-packages/***/task/task_runner/standard_task_runner.py:70: DeprecationWarning: This process (pid=34594) is multi-threaded, use of fork() may lead to deadlocks in the child.
  pid = os.fork()

[2025-06-24T11:38:53.685+0900] {standard_task_runner.py:72} INFO - Started process 34604 to run task
[2025-06-24T11:38:53.685+0900] {standard_task_runner.py:104} INFO - Running: ['***', 'tasks', 'run', 'lilt_document_classifier_balanced_V0.1', 'img_preprocess_task__1', 'manual__2025-06-24T02:31:44.485922+00:00', '--job-id', '3793', '--raw', '--subdir', 'DAGS_FOLDER/class_create_dag.py', '--cfg-path', '/tmp/tmp9emqs1ty', '--map-index', '27']
[2025-06-24T11:38:53.693+0900] {standard_task_runner.py:105} INFO - Job 3793: Subtask img_preprocess_task__1
[2025-06-24T11:38:53.817+0900] {task_command.py:467} INFO - Running <TaskInstance: lilt_document_classifier_balanced_V0.1.img_preprocess_task__1 manual__2025-06-24T02:31:44.485922+00:00 map_index=27 [running]> on host f6d4228a9eb8
[2025-06-24T11:38:54.018+0900] {taskinstance.py:3134} INFO - Exporting env vars: AIRFLOW_CTX_DAG_OWNER='***' AIRFLOW_CTX_DAG_ID='lilt_document_classifier_balanced_V0.1' AIRFLOW_CTX_TASK_ID='img_preprocess_task__1' AIRFLOW_CTX_EXECUTION_DATE='2025-06-24T02:31:44.485922+00:00' AIRFLOW_CTX_TRY_NUMBER='1' AIRFLOW_CTX_DAG_RUN_ID='manual__2025-06-24T02:31:44.485922+00:00'
[2025-06-24T11:38:54.020+0900] {taskinstance.py:732} INFO - ::endgroup::
[2025-06-24T11:38:54.024+0900] {logging_mixin.py:190} INFO - empty map check {} {'process_id': '_af87577b-4354-4f3f-9d1a-407ec32af5b6_pre', 'folder_path': 'b8570e6c-0868-4c64-89a8-89c9b257212f/af87577b-4354-4f3f-9d1a-407ec32af5b6', 'step_list': [{'name': 'cache', 'param': {'key': 'origin'}}, {'name': 'calc_angle_set2', 'param': {'key': 'angle1', 'iterations': 4, 'iter_save': True}}, {'name': 'save', 'param': {'key': 'ag1'}}, {'name': 'text_orientation_set', 'param': {'key': 'angle2', 'iterations': 4, 'iter_save': True}}, {'name': 'save', 'param': {'key': 'ag2'}}, {'name': 'load', 'param': {'key': 'origin'}}, {'name': 'rotate', 'param': {'key': 'angle1'}}, {'name': 'rotate', 'param': {'key': 'angle2'}}], 'result_file_map': {}}
[2025-06-24T11:38:54.024+0900] {logging_mixin.py:190} INFO - step : cache
[2025-06-24T11:38:54.025+0900] {logging_mixin.py:190} INFO - step : calc_angle_set2
[2025-06-24T11:38:59.628+0900] {logging_mixin.py:190} INFO - osd 1 5.0 5.0 40 9978 [776, 738, 698, 640, 604, 573, 538, 498, 472, 434, 381, 352, 322, 256, 197, 172, 154, 126, 51, 42, 25, 169, 307, 531, 680, 831, 994, 1176, 1342, 1503, 1722, 2267, 2972, 3826, 4718, 5567, 6432, 7313, 8274, 9108, 9978]
[2025-06-24T11:39:06.558+0900] {logging_mixin.py:190} INFO - osd 2 10.0 5.0 40 69110 [45693, 44753, 43442, 42487, 41388, 40116, 39085, 37747, 36760, 35802, 34471, 33502, 32165, 31214, 29882, 28566, 27641, 26382, 25445, 24187, 23432, 25442, 27907, 30062, 32475, 34576, 37090, 39647, 41772, 44277, 46427, 48859, 51035, 53120, 55671, 57779, 60313, 62418, 64468, 67043, 69110]
[2025-06-24T11:39:15.710+0900] {logging_mixin.py:190} INFO - osd 3 15.0 5.0 40 117818 [95348, 93508, 91638, 90084, 88313, 86865, 84973, 83151, 81724, 79963, 78134, 76598, 75012, 73895, 72463, 70995, 69606, 68217, 66726, 65410, 64422, 66565, 68917, 71364, 73873, 76340, 78804, 81325, 83546, 86160, 88771, 91489, 94262, 96710, 99632, 102627, 105428, 108396, 111217, 114533, 117818]
[2025-06-24T11:39:24.783+0900] {logging_mixin.py:190} INFO - osd 4 20.0 5.0 40 181040 [146907, 144322, 142164, 139852, 137554, 135376, 133300, 131100, 128672, 126721, 124892, 123240, 121634, 120195, 118610, 117107, 115212, 113697, 112193, 110833, 109455, 112578, 115681, 118963, 122069, 125979, 129381, 132882, 136360, 139871, 143488, 147086, 150758, 154548, 158313, 162047, 165796, 169502, 173388, 177320, 181040]
[2025-06-24T11:39:24.834+0900] {logging_mixin.py:190} INFO - step : save
[2025-06-24T11:39:25.407+0900] {logging_mixin.py:190} INFO - file_copy: /opt/***/data/temp/b8570e6c-0868-4c64-89a8-89c9b257212f/af87577b-4354-4f3f-9d1a-407ec32af5b6/ag1.png
[2025-06-24T11:39:25.504+0900] {logging_mixin.py:190} INFO - step : text_orientation_set
[2025-06-24T11:39:29.954+0900] {logging_mixin.py:190} INFO - file_copy: /opt/***/data/temp/b8570e6c-0868-4c64-89a8-89c9b257212f/af87577b-4354-4f3f-9d1a-407ec32af5b6/rotate2_1.png
[2025-06-24T11:39:32.055+0900] {logging_mixin.py:190} INFO - osd 1 break  0 0 0.15 Arabic 3.33
[2025-06-24T11:39:32.067+0900] {logging_mixin.py:190} INFO - step : save
[2025-06-24T11:39:32.187+0900] {logging_mixin.py:190} INFO - file_copy: /opt/***/data/temp/b8570e6c-0868-4c64-89a8-89c9b257212f/af87577b-4354-4f3f-9d1a-407ec32af5b6/ag2.png
[2025-06-24T11:39:32.194+0900] {logging_mixin.py:190} INFO - step : load
[2025-06-24T11:39:32.194+0900] {logging_mixin.py:190} INFO - step : rotate
[2025-06-24T11:39:32.299+0900] {logging_mixin.py:190} INFO - step : rotate
[2025-06-24T11:39:32.390+0900] {logging_mixin.py:190} INFO - file_copy: /opt/***/data/temp/b8570e6c-0868-4c64-89a8-89c9b257212f/af87577b-4354-4f3f-9d1a-407ec32af5b6/_result.png
[2025-06-24T11:39:32.399+0900] {python.py:240} INFO - Done. Returned value was: {'file_id': 'b8570e6c-0868-4c64-89a8-89c9b257212f', 'file_path': '/opt/***/data/class/a_class/classify/ready/false/copied_34_2040766193.png', 'false': {'process_id': '_af87577b-4354-4f3f-9d1a-407ec32af5b6_pre', 'folder_path': 'b8570e6c-0868-4c64-89a8-89c9b257212f/af87577b-4354-4f3f-9d1a-407ec32af5b6', 'step_list': [{'name': 'cache', 'param': {'key': 'origin'}}, {'name': 'calc_angle_set2', 'param': {'key': 'angle1', 'iterations': 4, 'iter_save': True}}, {'name': 'save', 'param': {'key': 'ag1'}}, {'name': 'text_orientation_set', 'param': {'key': 'angle2', 'iterations': 4, 'iter_save': True}}, {'name': 'save', 'param': {'key': 'ag2'}}, {'name': 'load', 'param': {'key': 'origin'}}, {'name': 'rotate', 'param': {'key': 'angle1'}}, {'name': 'rotate', 'param': {'key': 'angle2'}}], 'result_file_map': {'ag1': '/opt/***/data/temp/b8570e6c-0868-4c64-89a8-89c9b257212f/af87577b-4354-4f3f-9d1a-407ec32af5b6/ag1.png', 'rotate2_1': '/opt/***/data/temp/b8570e6c-0868-4c64-89a8-89c9b257212f/af87577b-4354-4f3f-9d1a-407ec32af5b6/rotate2_1.png', 'ag2': '/opt/***/data/temp/b8570e6c-0868-4c64-89a8-89c9b257212f/af87577b-4354-4f3f-9d1a-407ec32af5b6/ag2.png', '_result': '/opt/***/data/temp/b8570e6c-0868-4c64-89a8-89c9b257212f/af87577b-4354-4f3f-9d1a-407ec32af5b6/_result.png'}}}
[2025-06-24T11:39:32.447+0900] {taskinstance.py:341} INFO - ::group::Post task execution logs
[2025-06-24T11:39:32.450+0900] {taskinstance.py:353} INFO - Marking task as SUCCESS. dag_id=lilt_document_classifier_balanced_V0.1, task_id=img_preprocess_task__1, run_id=manual__2025-06-24T02:31:44.485922+00:00, map_index=27, execution_date=20250624T023144, start_date=20250624T023853, end_date=20250624T023932
[2025-06-24T11:39:32.543+0900] {local_task_job_runner.py:266} INFO - Task exited with return code 0
[2025-06-24T11:39:32.613+0900] {taskinstance.py:3901} INFO - 0 downstream tasks scheduled from follow-on schedule check
[2025-06-24T11:39:32.619+0900] {local_task_job_runner.py:245} INFO - ::endgroup::
