[2025-06-10T04:45:52.504+0000] {local_task_job_runner.py:123} INFO - ::group::Pre task execution logs
[2025-06-10T04:45:52.534+0000] {taskinstance.py:2614} INFO - Dependencies all met for dep_context=non-requeueable deps ti=<TaskInstance: image_ocr_v2.img_preprocess_task manual__2025-06-10T04:45:44.703279+00:00 map_index=1 [queued]>
[2025-06-10T04:45:52.547+0000] {taskinstance.py:2614} INFO - Dependencies all met for dep_context=requeueable deps ti=<TaskInstance: image_ocr_v2.img_preprocess_task manual__2025-06-10T04:45:44.703279+00:00 map_index=1 [queued]>
[2025-06-10T04:45:52.548+0000] {taskinstance.py:2867} INFO - Starting attempt 1 of 1
[2025-06-10T04:45:52.566+0000] {taskinstance.py:2890} INFO - Executing <Mapped(_PythonDecoratedOperator): img_preprocess_task> on 2025-06-10 04:45:44.703279+00:00
[2025-06-10T04:45:52.574+0000] {warnings.py:112} WARNING - /home/***/.local/lib/python3.12/site-packages/***/task/task_runner/standard_task_runner.py:70: DeprecationWarning: This process (pid=22786) is multi-threaded, use of fork() may lead to deadlocks in the child.
  pid = os.fork()

[2025-06-10T04:45:52.575+0000] {standard_task_runner.py:72} INFO - Started process 22796 to run task
[2025-06-10T04:45:52.575+0000] {standard_task_runner.py:104} INFO - Running: ['***', 'tasks', 'run', 'image_ocr_v2', 'img_preprocess_task', 'manual__2025-06-10T04:45:44.703279+00:00', '--job-id', '285', '--raw', '--subdir', 'DAGS_FOLDER/test_dag.py', '--cfg-path', '/tmp/tmpnvi2cibk', '--map-index', '1']
[2025-06-10T04:45:52.578+0000] {standard_task_runner.py:105} INFO - Job 285: Subtask img_preprocess_task
[2025-06-10T04:45:52.621+0000] {task_command.py:467} INFO - Running <TaskInstance: image_ocr_v2.img_preprocess_task manual__2025-06-10T04:45:44.703279+00:00 map_index=1 [running]> on host 85194d6fbd18
[2025-06-10T04:45:52.707+0000] {taskinstance.py:3134} INFO - Exporting env vars: AIRFLOW_CTX_DAG_OWNER='***' AIRFLOW_CTX_DAG_ID='image_ocr_v2' AIRFLOW_CTX_TASK_ID='img_preprocess_task' AIRFLOW_CTX_EXECUTION_DATE='2025-06-10T04:45:44.703279+00:00' AIRFLOW_CTX_TRY_NUMBER='1' AIRFLOW_CTX_DAG_RUN_ID='manual__2025-06-10T04:45:44.703279+00:00'
[2025-06-10T04:45:52.708+0000] {taskinstance.py:732} INFO - ::endgroup::
[2025-06-10T04:45:52.711+0000] {logging_mixin.py:190} INFO - empty map check {} {'process_id': '77cfb237-6aed-4347-95a1-6e05ab22b341', 'folder_path': '428a5702-7e75-422f-9631-f4cc1d58ccc1/77cfb237-6aed-4347-95a1-6e05ab22b341', 'step_list': [{'name': 'cache', 'param': {'key': 'origin'}}, {'name': 'calc_angle_set1', 'param': {'key': 'angle1', 'iterations': 3}}, {'name': 'save', 'param': {'key': 'rotate1'}}, {'name': 'calc_angle_set2', 'param': {'key': 'angle2', 'iterations': 2}}, {'name': 'save', 'param': {'key': 'rotate2'}}, {'name': 'threshold', 'param': {}}, {'name': 'morphology1', 'param': {}}, {'name': 'scale1', 'param': {'width': 500, 'height': 500}}, {'name': 'save', 'param': {'key': 'classify_preprocess'}}], 'result_file_list': []}
[2025-06-10T04:45:52.711+0000] {logging_mixin.py:190} INFO - step : cache
[2025-06-10T04:45:52.711+0000] {logging_mixin.py:190} INFO - step : calc_angle_set1
[2025-06-10T04:45:52.739+0000] {logging_mixin.py:190} INFO - angle1 :  0 0 0.21820920429236423 0.21820920429236423 -0.040349133832011205 -0.040349133832011205
[2025-06-10T04:45:52.740+0000] {logging_mixin.py:190} INFO - step : save
[2025-06-10T04:45:52.968+0000] {logging_mixin.py:190} INFO - file_copy: /opt/***/data/result/428a5702-7e75-422f-9631-f4cc1d58ccc1/77cfb237-6aed-4347-95a1-6e05ab22b341/rotate1.png
[2025-06-10T04:45:52.977+0000] {logging_mixin.py:190} INFO - step : calc_angle_set2
[2025-06-10T04:45:53.763+0000] {logging_mixin.py:190} INFO - osd 180 180 0.76 6.67
[2025-06-10T04:45:54.447+0000] {logging_mixin.py:190} INFO - osd 180 0 0.4 2.56
[2025-06-10T04:45:54.481+0000] {logging_mixin.py:190} INFO - step : save
[2025-06-10T04:45:54.612+0000] {logging_mixin.py:190} INFO - file_copy: /opt/***/data/result/428a5702-7e75-422f-9631-f4cc1d58ccc1/77cfb237-6aed-4347-95a1-6e05ab22b341/rotate2.png
[2025-06-10T04:45:54.620+0000] {logging_mixin.py:190} INFO - step : threshold
[2025-06-10T04:45:54.713+0000] {logging_mixin.py:190} INFO - step : morphology1
[2025-06-10T04:45:54.729+0000] {logging_mixin.py:190} INFO - step : scale1
[2025-06-10T04:45:54.736+0000] {logging_mixin.py:190} INFO - step : save
[2025-06-10T04:45:54.750+0000] {logging_mixin.py:190} INFO - file_copy: /opt/***/data/result/428a5702-7e75-422f-9631-f4cc1d58ccc1/77cfb237-6aed-4347-95a1-6e05ab22b341/classify_preprocess.png
[2025-06-10T04:45:54.755+0000] {python.py:240} INFO - Done. Returned value was: {'file_id': '428a5702-7e75-422f-9631-f4cc1d58ccc1', 'file_path': '/opt/***/data/upload/Gas Engine 점검일지_ 2021년 2월.pdf-image-007.jpg', 'preprocess_list': [{'process_id': '77cfb237-6aed-4347-95a1-6e05ab22b341', 'folder_path': '428a5702-7e75-422f-9631-f4cc1d58ccc1/77cfb237-6aed-4347-95a1-6e05ab22b341', 'step_list': [{'name': 'cache', 'param': {'key': 'origin'}}, {'name': 'calc_angle_set1', 'param': {'key': 'angle1', 'iterations': 3}}, {'name': 'save', 'param': {'key': 'rotate1'}}, {'name': 'calc_angle_set2', 'param': {'key': 'angle2', 'iterations': 2}}, {'name': 'save', 'param': {'key': 'rotate2'}}, {'name': 'threshold', 'param': {}}, {'name': 'morphology1', 'param': {}}, {'name': 'scale1', 'param': {'width': 500, 'height': 500}}, {'name': 'save', 'param': {'key': 'classify_preprocess'}}], 'result_file_list': [{'rotate1': '/opt/***/data/result/428a5702-7e75-422f-9631-f4cc1d58ccc1/77cfb237-6aed-4347-95a1-6e05ab22b341/rotate1.png'}, {'rotate2': '/opt/***/data/result/428a5702-7e75-422f-9631-f4cc1d58ccc1/77cfb237-6aed-4347-95a1-6e05ab22b341/rotate2.png'}, {'classify_preprocess': '/opt/***/data/result/428a5702-7e75-422f-9631-f4cc1d58ccc1/77cfb237-6aed-4347-95a1-6e05ab22b341/classify_preprocess.png'}]}]}
[2025-06-10T04:45:54.785+0000] {taskinstance.py:341} INFO - ::group::Post task execution logs
[2025-06-10T04:45:54.785+0000] {taskinstance.py:353} INFO - Marking task as SUCCESS. dag_id=image_ocr_v2, task_id=img_preprocess_task, run_id=manual__2025-06-10T04:45:44.703279+00:00, map_index=1, execution_date=20250610T044544, start_date=20250610T044552, end_date=20250610T044554
[2025-06-10T04:45:54.862+0000] {local_task_job_runner.py:266} INFO - Task exited with return code 0
[2025-06-10T04:45:54.875+0000] {taskinstance.py:3901} INFO - 0 downstream tasks scheduled from follow-on schedule check
[2025-06-10T04:45:54.877+0000] {local_task_job_runner.py:245} INFO - ::endgroup::
