[2025-06-23T09:43:24.938+0900] {local_task_job_runner.py:123} INFO - ::group::Pre task execution logs
[2025-06-23T09:43:25.034+0900] {taskinstance.py:2614} INFO - Dependencies all met for dep_context=non-requeueable deps ti=<TaskInstance: lilt_document_classifier_balanced_V0.1.img_preprocess_task manual__2025-06-23T00:42:21.868462+00:00 map_index=0 [queued]>
[2025-06-23T09:43:25.079+0900] {taskinstance.py:2614} INFO - Dependencies all met for dep_context=requeueable deps ti=<TaskInstance: lilt_document_classifier_balanced_V0.1.img_preprocess_task manual__2025-06-23T00:42:21.868462+00:00 map_index=0 [queued]>
[2025-06-23T09:43:25.083+0900] {taskinstance.py:2867} INFO - Starting attempt 1 of 1
[2025-06-23T09:43:25.151+0900] {taskinstance.py:2890} INFO - Executing <Mapped(_PythonDecoratedOperator): img_preprocess_task> on 2025-06-23 00:42:21.868462+00:00
[2025-06-23T09:43:25.175+0900] {standard_task_runner.py:104} INFO - Running: ['***', 'tasks', 'run', 'lilt_document_classifier_balanced_V0.1', 'img_preprocess_task', 'manual__2025-06-23T00:42:21.868462+00:00', '--job-id', '1892', '--raw', '--subdir', 'DAGS_FOLDER/class_create_dag.py', '--cfg-path', '/tmp/tmp6nhzi9yy', '--map-index', '0']
[2025-06-23T09:43:25.181+0900] {standard_task_runner.py:105} INFO - Job 1892: Subtask img_preprocess_task
[2025-06-23T09:43:25.179+0900] {warnings.py:112} WARNING - /home/***/.local/lib/python3.12/site-packages/***/task/task_runner/standard_task_runner.py:70: DeprecationWarning: This process (pid=80853) is multi-threaded, use of fork() may lead to deadlocks in the child.
  pid = os.fork()

[2025-06-23T09:43:25.187+0900] {standard_task_runner.py:72} INFO - Started process 80938 to run task
[2025-06-23T09:43:25.334+0900] {task_command.py:467} INFO - Running <TaskInstance: lilt_document_classifier_balanced_V0.1.img_preprocess_task manual__2025-06-23T00:42:21.868462+00:00 map_index=0 [running]> on host f6d4228a9eb8
[2025-06-23T09:43:25.889+0900] {taskinstance.py:3134} INFO - Exporting env vars: AIRFLOW_CTX_DAG_OWNER='***' AIRFLOW_CTX_DAG_ID='lilt_document_classifier_balanced_V0.1' AIRFLOW_CTX_TASK_ID='img_preprocess_task' AIRFLOW_CTX_EXECUTION_DATE='2025-06-23T00:42:21.868462+00:00' AIRFLOW_CTX_TRY_NUMBER='1' AIRFLOW_CTX_DAG_RUN_ID='manual__2025-06-23T00:42:21.868462+00:00'
[2025-06-23T09:43:25.891+0900] {taskinstance.py:732} INFO - ::endgroup::
[2025-06-23T09:43:25.901+0900] {logging_mixin.py:190} INFO - empty map check {} {'process_id': '_0266050a-6ba7-4f36-9979-66305526c798_pre', 'folder_path': '948ccf01-b8e1-4ccb-a657-c70cc4bc3bfd/0266050a-6ba7-4f36-9979-66305526c798', 'step_list': [{'name': 'cache', 'param': {'key': 'origin'}}, {'name': 'calc_angle_set1', 'param': {'key': 'angle1', 'iterations': 4, 'iter_save': False}}, {'name': 'text_orientation_set', 'param': {'key': 'angle2', 'iterations': 4, 'iter_save': False}}, {'name': 'load', 'param': {'key': 'origin'}}, {'name': 'rotate', 'param': {'key': 'angle1'}}, {'name': 'rotate', 'param': {'key': 'angle2'}}], 'result_file_map': {}}
[2025-06-23T09:43:25.948+0900] {logging_mixin.py:190} INFO - step : cache
[2025-06-23T09:43:25.957+0900] {logging_mixin.py:190} INFO - step : calc_angle_set1
[2025-06-23T09:43:26.496+0900] {logging_mixin.py:190} INFO - step : text_orientation_set
[2025-06-23T09:43:44.343+0900] {logging_mixin.py:190} INFO - osd 1 break  0 0 15.29 Japanese 0.11
[2025-06-23T09:43:44.346+0900] {logging_mixin.py:190} INFO - step : load
[2025-06-23T09:43:44.355+0900] {logging_mixin.py:190} INFO - step : rotate
[2025-06-23T09:43:44.632+0900] {logging_mixin.py:190} INFO - step : rotate
[2025-06-23T09:43:44.918+0900] {logging_mixin.py:190} INFO - file_copy: /opt/***/data/temp/948ccf01-b8e1-4ccb-a657-c70cc4bc3bfd/0266050a-6ba7-4f36-9979-66305526c798/_result.png
[2025-06-23T09:43:44.934+0900] {python.py:240} INFO - Done. Returned value was: {'file_id': '948ccf01-b8e1-4ccb-a657-c70cc4bc3bfd', 'file_path': '/opt/***/data/class/a_class/classify/ready/true/창동 정선빌딩 - 정부24 - 건축물대장 등본(초본) 발급(열람) _ 문서출력_page_1_aug1.png', 'true': {'process_id': '_0266050a-6ba7-4f36-9979-66305526c798_pre', 'folder_path': '948ccf01-b8e1-4ccb-a657-c70cc4bc3bfd/0266050a-6ba7-4f36-9979-66305526c798', 'step_list': [{'name': 'cache', 'param': {'key': 'origin'}}, {'name': 'calc_angle_set1', 'param': {'key': 'angle1', 'iterations': 4, 'iter_save': False}}, {'name': 'text_orientation_set', 'param': {'key': 'angle2', 'iterations': 4, 'iter_save': False}}, {'name': 'load', 'param': {'key': 'origin'}}, {'name': 'rotate', 'param': {'key': 'angle1'}}, {'name': 'rotate', 'param': {'key': 'angle2'}}], 'result_file_map': {'_result': '/opt/***/data/temp/948ccf01-b8e1-4ccb-a657-c70cc4bc3bfd/0266050a-6ba7-4f36-9979-66305526c798/_result.png'}}}
[2025-06-23T09:43:45.030+0900] {taskinstance.py:341} INFO - ::group::Post task execution logs
[2025-06-23T09:43:45.031+0900] {taskinstance.py:353} INFO - Marking task as SUCCESS. dag_id=lilt_document_classifier_balanced_V0.1, task_id=img_preprocess_task, run_id=manual__2025-06-23T00:42:21.868462+00:00, map_index=0, execution_date=20250623T004221, start_date=20250623T004325, end_date=20250623T004345
[2025-06-23T09:43:45.288+0900] {local_task_job_runner.py:266} INFO - Task exited with return code 0
[2025-06-23T09:43:45.381+0900] {taskinstance.py:3901} INFO - 0 downstream tasks scheduled from follow-on schedule check
[2025-06-23T09:43:45.398+0900] {local_task_job_runner.py:245} INFO - ::endgroup::
