[2025-06-18T13:48:04.648+0900] {local_task_job_runner.py:123} INFO - ::group::Pre task execution logs
[2025-06-18T13:48:04.717+0900] {taskinstance.py:2614} INFO - Dependencies all met for dep_context=non-requeueable deps ti=<TaskInstance: lilt_document_classifier_balanced_V0.1.img_preprocess_task__1 manual__2025-06-18T04:46:36.476365+00:00 map_index=13 [queued]>
[2025-06-18T13:48:04.771+0900] {taskinstance.py:2614} INFO - Dependencies all met for dep_context=requeueable deps ti=<TaskInstance: lilt_document_classifier_balanced_V0.1.img_preprocess_task__1 manual__2025-06-18T04:46:36.476365+00:00 map_index=13 [queued]>
[2025-06-18T13:48:04.775+0900] {taskinstance.py:2867} INFO - Starting attempt 1 of 1
[2025-06-18T13:48:04.830+0900] {taskinstance.py:2890} INFO - Executing <Mapped(_PythonDecoratedOperator): img_preprocess_task__1> on 2025-06-18 04:46:36.476365+00:00
[2025-06-18T13:48:04.861+0900] {warnings.py:112} WARNING - /home/***/.local/lib/python3.12/site-packages/***/task/task_runner/standard_task_runner.py:70: DeprecationWarning: This process (pid=26916) is multi-threaded, use of fork() may lead to deadlocks in the child.
  pid = os.fork()

[2025-06-18T13:48:04.862+0900] {standard_task_runner.py:72} INFO - Started process 26995 to run task
[2025-06-18T13:48:04.858+0900] {standard_task_runner.py:104} INFO - Running: ['***', 'tasks', 'run', 'lilt_document_classifier_balanced_V0.1', 'img_preprocess_task__1', 'manual__2025-06-18T04:46:36.476365+00:00', '--job-id', '1044', '--raw', '--subdir', 'DAGS_FOLDER/class_create_dag.py', '--cfg-path', '/tmp/tmpdvvul9o1', '--map-index', '13']
[2025-06-18T13:48:04.866+0900] {standard_task_runner.py:105} INFO - Job 1044: Subtask img_preprocess_task__1
[2025-06-18T13:48:05.055+0900] {task_command.py:467} INFO - Running <TaskInstance: lilt_document_classifier_balanced_V0.1.img_preprocess_task__1 manual__2025-06-18T04:46:36.476365+00:00 map_index=13 [running]> on host f6d4228a9eb8
[2025-06-18T13:48:05.292+0900] {taskinstance.py:3134} INFO - Exporting env vars: AIRFLOW_CTX_DAG_OWNER='***' AIRFLOW_CTX_DAG_ID='lilt_document_classifier_balanced_V0.1' AIRFLOW_CTX_TASK_ID='img_preprocess_task__1' AIRFLOW_CTX_EXECUTION_DATE='2025-06-18T04:46:36.476365+00:00' AIRFLOW_CTX_TRY_NUMBER='1' AIRFLOW_CTX_DAG_RUN_ID='manual__2025-06-18T04:46:36.476365+00:00'
[2025-06-18T13:48:05.304+0900] {taskinstance.py:732} INFO - ::endgroup::
[2025-06-18T13:48:05.313+0900] {logging_mixin.py:190} INFO - empty map check {} {'process_id': '_f0b0912b-7ac3-4f21-8dbe-faf6eeebf49e_pre', 'folder_path': '0fa7da83-fc56-476f-a40f-0a99aeb3478c/f0b0912b-7ac3-4f21-8dbe-faf6eeebf49e', 'step_list': [{'name': 'cache', 'param': {'key': 'origin'}}, {'name': 'calc_angle_set1', 'param': {'key': 'angle1', 'iterations': 4, 'iter_save': False}}, {'name': 'text_orientation_set', 'param': {'key': 'angle2', 'iterations': 4, 'iter_save': False}}, {'name': 'load', 'param': {'key': 'origin'}}, {'name': 'rotate', 'param': {'key': 'angle1'}}, {'name': 'rotate', 'param': {'key': 'angle2'}}, {'name': 'save', 'param': {'key': 'classify_preprocess'}}], 'result_file_list': []}
[2025-06-18T13:48:05.315+0900] {logging_mixin.py:190} INFO - step : cache
[2025-06-18T13:48:05.316+0900] {logging_mixin.py:190} INFO - step : calc_angle_set1
[2025-06-18T13:48:05.348+0900] {logging_mixin.py:190} INFO - step : text_orientation_set
[2025-06-18T13:48:10.582+0900] {logging_mixin.py:190} INFO - osd 1 break  0 0 0.52 Latin 1.11
[2025-06-18T13:48:10.583+0900] {logging_mixin.py:190} INFO - step : load
[2025-06-18T13:48:10.584+0900] {logging_mixin.py:190} INFO - step : rotate
[2025-06-18T13:48:10.615+0900] {logging_mixin.py:190} INFO - step : rotate
[2025-06-18T13:48:10.623+0900] {logging_mixin.py:190} INFO - step : save
[2025-06-18T13:48:10.681+0900] {logging_mixin.py:190} INFO - file_copy: /opt/***/data/temp/0fa7da83-fc56-476f-a40f-0a99aeb3478c/f0b0912b-7ac3-4f21-8dbe-faf6eeebf49e/classify_preprocess.png
[2025-06-18T13:48:10.703+0900] {python.py:240} INFO - Done. Returned value was: {'file_id': '0fa7da83-fc56-476f-a40f-0a99aeb3478c', 'file_path': '/opt/***/data/class/a_class/classify/ready/false/copied_29_2031293070.png', 'false': {'process_id': '_f0b0912b-7ac3-4f21-8dbe-faf6eeebf49e_pre', 'folder_path': '0fa7da83-fc56-476f-a40f-0a99aeb3478c/f0b0912b-7ac3-4f21-8dbe-faf6eeebf49e', 'step_list': [{'name': 'cache', 'param': {'key': 'origin'}}, {'name': 'calc_angle_set1', 'param': {'key': 'angle1', 'iterations': 4, 'iter_save': False}}, {'name': 'text_orientation_set', 'param': {'key': 'angle2', 'iterations': 4, 'iter_save': False}}, {'name': 'load', 'param': {'key': 'origin'}}, {'name': 'rotate', 'param': {'key': 'angle1'}}, {'name': 'rotate', 'param': {'key': 'angle2'}}, {'name': 'save', 'param': {'key': 'classify_preprocess'}}], 'result_file_list': [{'key': 'classify_preprocess', 'path': '/opt/***/data/temp/0fa7da83-fc56-476f-a40f-0a99aeb3478c/f0b0912b-7ac3-4f21-8dbe-faf6eeebf49e/classify_preprocess.png'}]}}
[2025-06-18T13:48:10.821+0900] {taskinstance.py:341} INFO - ::group::Post task execution logs
[2025-06-18T13:48:10.827+0900] {taskinstance.py:353} INFO - Marking task as SUCCESS. dag_id=lilt_document_classifier_balanced_V0.1, task_id=img_preprocess_task__1, run_id=manual__2025-06-18T04:46:36.476365+00:00, map_index=13, execution_date=20250618T044636, start_date=20250618T044804, end_date=20250618T044810
[2025-06-18T13:48:10.989+0900] {local_task_job_runner.py:266} INFO - Task exited with return code 0
[2025-06-18T13:48:11.030+0900] {taskinstance.py:3901} INFO - 0 downstream tasks scheduled from follow-on schedule check
[2025-06-18T13:48:11.057+0900] {local_task_job_runner.py:245} INFO - ::endgroup::
