[2025-06-16T11:37:30.101+0900] {local_task_job_runner.py:123} INFO - ::group::Pre task execution logs
[2025-06-16T11:37:30.125+0900] {taskinstance.py:2614} INFO - Dependencies all met for dep_context=non-requeueable deps ti=<TaskInstance: image_ocr_v2.img_preprocess_task manual__2025-06-16T02:37:19.731840+00:00 map_index=1 [queued]>
[2025-06-16T11:37:30.139+0900] {taskinstance.py:2614} INFO - Dependencies all met for dep_context=requeueable deps ti=<TaskInstance: image_ocr_v2.img_preprocess_task manual__2025-06-16T02:37:19.731840+00:00 map_index=1 [queued]>
[2025-06-16T11:37:30.139+0900] {taskinstance.py:2867} INFO - Starting attempt 1 of 1
[2025-06-16T11:37:30.153+0900] {taskinstance.py:2890} INFO - Executing <Mapped(_PythonDecoratedOperator): img_preprocess_task> on 2025-06-16 02:37:19.731840+00:00
[2025-06-16T11:37:30.159+0900] {warnings.py:112} WARNING - /home/***/.local/lib/python3.12/site-packages/***/task/task_runner/standard_task_runner.py:70: DeprecationWarning: This process (pid=452) is multi-threaded, use of fork() may lead to deadlocks in the child.
  pid = os.fork()

[2025-06-16T11:37:30.162+0900] {standard_task_runner.py:72} INFO - Started process 466 to run task
[2025-06-16T11:37:30.162+0900] {standard_task_runner.py:104} INFO - Running: ['***', 'tasks', 'run', 'image_ocr_v2', 'img_preprocess_task', 'manual__2025-06-16T02:37:19.731840+00:00', '--job-id', '75', '--raw', '--subdir', 'DAGS_FOLDER/test_dag.py', '--cfg-path', '/tmp/tmpo8ruof_k', '--map-index', '1']
[2025-06-16T11:37:30.167+0900] {standard_task_runner.py:105} INFO - Job 75: Subtask img_preprocess_task
[2025-06-16T11:37:30.231+0900] {task_command.py:467} INFO - Running <TaskInstance: image_ocr_v2.img_preprocess_task manual__2025-06-16T02:37:19.731840+00:00 map_index=1 [running]> on host f6d4228a9eb8
[2025-06-16T11:37:30.334+0900] {taskinstance.py:3134} INFO - Exporting env vars: AIRFLOW_CTX_DAG_OWNER='***' AIRFLOW_CTX_DAG_ID='image_ocr_v2' AIRFLOW_CTX_TASK_ID='img_preprocess_task' AIRFLOW_CTX_EXECUTION_DATE='2025-06-16T02:37:19.731840+00:00' AIRFLOW_CTX_TRY_NUMBER='1' AIRFLOW_CTX_DAG_RUN_ID='manual__2025-06-16T02:37:19.731840+00:00'
[2025-06-16T11:37:30.336+0900] {taskinstance.py:732} INFO - ::endgroup::
[2025-06-16T11:37:30.342+0900] {logging_mixin.py:190} INFO - empty map check {} {'process_id': '_a667dc61-7475-4c5f-b58e-f959b7187cae_pre', 'folder_path': '8e86b0c8-0f9c-45ef-8726-3d77e9214eba/a667dc61-7475-4c5f-b58e-f959b7187cae', 'step_list': [{'name': 'cache', 'param': {'key': 'origin'}}, {'name': 'calc_angle_set1', 'param': {'key': 'angle1', 'iterations': 3}}, {'name': 'save', 'param': {'key': 'rotate1'}}, {'name': 'calc_angle_set2', 'param': {'key': 'angle2', 'iterations': 3}}, {'name': 'save', 'param': {'key': 'rotate2'}}, {'name': 'threshold', 'param': {}}, {'name': 'morphology1', 'param': {}}, {'name': 'scale1', 'param': {'width': 500, 'height': 500}}, {'name': 'save', 'param': {'key': 'classify_preprocess'}}], 'result_file_list': []}
[2025-06-16T11:37:30.343+0900] {logging_mixin.py:190} INFO - step : cache
[2025-06-16T11:37:30.344+0900] {logging_mixin.py:190} INFO - step : calc_angle_set1
[2025-06-16T11:37:30.438+0900] {logging_mixin.py:190} INFO - angle1 :  0 0.0889300352301774 -89.78179079570764 -89.78179079570764 89.95965086616799 89.95965086616799
[2025-06-16T11:37:30.447+0900] {logging_mixin.py:190} INFO - step : save
[2025-06-16T11:37:30.718+0900] {logging_mixin.py:190} INFO - file_copy: /opt/***/data/temp/8e86b0c8-0f9c-45ef-8726-3d77e9214eba/a667dc61-7475-4c5f-b58e-f959b7187cae/rotate1.png
[2025-06-16T11:37:30.737+0900] {logging_mixin.py:190} INFO - step : calc_angle_set2
[2025-06-16T11:37:36.818+0900] {logging_mixin.py:190} INFO - file_copy: /opt/***/data/temp/8e86b0c8-0f9c-45ef-8726-3d77e9214eba/a667dc61-7475-4c5f-b58e-f959b7187cae/rotate2_1.png
[2025-06-16T11:37:38.270+0900] {logging_mixin.py:190} INFO - osd 1 270 270 5.35 Latin 1.73
[2025-06-16T11:37:44.422+0900] {logging_mixin.py:190} INFO - file_copy: /opt/***/data/temp/8e86b0c8-0f9c-45ef-8726-3d77e9214eba/a667dc61-7475-4c5f-b58e-f959b7187cae/rotate2_2.png
[2025-06-16T11:37:45.816+0900] {logging_mixin.py:190} INFO - osd 2 450 180 3.32 Cyrillic 2.35
[2025-06-16T11:37:51.697+0900] {logging_mixin.py:190} INFO - file_copy: /opt/***/data/temp/8e86b0c8-0f9c-45ef-8726-3d77e9214eba/a667dc61-7475-4c5f-b58e-f959b7187cae/rotate2_3.png
[2025-06-16T11:37:53.112+0900] {logging_mixin.py:190} INFO - step : save
[2025-06-16T11:37:53.287+0900] {logging_mixin.py:190} INFO - file_copy: /opt/***/data/temp/8e86b0c8-0f9c-45ef-8726-3d77e9214eba/a667dc61-7475-4c5f-b58e-f959b7187cae/rotate2.png
[2025-06-16T11:37:53.298+0900] {logging_mixin.py:190} INFO - step : threshold
[2025-06-16T11:37:53.366+0900] {logging_mixin.py:190} INFO - step : morphology1
[2025-06-16T11:37:53.377+0900] {logging_mixin.py:190} INFO - step : scale1
[2025-06-16T11:37:53.382+0900] {logging_mixin.py:190} INFO - step : save
[2025-06-16T11:37:53.386+0900] {logging_mixin.py:190} INFO - file_copy: /opt/***/data/temp/8e86b0c8-0f9c-45ef-8726-3d77e9214eba/a667dc61-7475-4c5f-b58e-f959b7187cae/classify_preprocess.png
[2025-06-16T11:37:53.388+0900] {taskinstance.py:3313} ERROR - Task failed with exception
Traceback (most recent call last):
  File "/home/airflow/.local/lib/python3.12/site-packages/airflow/models/taskinstance.py", line 768, in _execute_task
    result = _execute_callable(context=context, **execute_callable_kwargs)
             ^^^^^^^^^^^^^^^^^^^^^^^^^^^^^^^^^^^^^^^^^^^^^^^^^^^^^^^^^^^^^
  File "/home/airflow/.local/lib/python3.12/site-packages/airflow/models/taskinstance.py", line 734, in _execute_callable
    return ExecutionCallableRunner(
           ^^^^^^^^^^^^^^^^^^^^^^^^
  File "/home/airflow/.local/lib/python3.12/site-packages/airflow/utils/operator_helpers.py", line 252, in run
    return self.func(*args, **kwargs)
           ^^^^^^^^^^^^^^^^^^^^^^^^^^
  File "/home/airflow/.local/lib/python3.12/site-packages/airflow/models/baseoperator.py", line 424, in wrapper
    return func(self, *args, **kwargs)
           ^^^^^^^^^^^^^^^^^^^^^^^^^^^
  File "/home/airflow/.local/lib/python3.12/site-packages/airflow/decorators/base.py", line 266, in execute
    return_value = super().execute(context)
                   ^^^^^^^^^^^^^^^^^^^^^^^^
  File "/home/airflow/.local/lib/python3.12/site-packages/airflow/models/baseoperator.py", line 424, in wrapper
    return func(self, *args, **kwargs)
           ^^^^^^^^^^^^^^^^^^^^^^^^^^^
  File "/home/airflow/.local/lib/python3.12/site-packages/airflow/operators/python.py", line 238, in execute
    return_value = self.execute_callable()
                   ^^^^^^^^^^^^^^^^^^^^^^^
  File "/home/airflow/.local/lib/python3.12/site-packages/airflow/operators/python.py", line 256, in execute_callable
    return runner.run(*self.op_args, **self.op_kwargs)
           ^^^^^^^^^^^^^^^^^^^^^^^^^^^^^^^^^^^^^^^^^^^
  File "/home/airflow/.local/lib/python3.12/site-packages/airflow/utils/operator_helpers.py", line 252, in run
    return self.func(*args, **kwargs)
           ^^^^^^^^^^^^^^^^^^^^^^^^^^
  File "/opt/airflow/dags/tasks/img_preprocess_task.py", line 60, in img_preprocess_task
    file_info.setdefault(key, {}).append(result_map)
    ^^^^^^^^^^^^^^^^^^^^^^^^^^^^^^^^^^^^
AttributeError: 'dict' object has no attribute 'append'
[2025-06-16T11:37:53.399+0900] {taskinstance.py:1226} INFO - Marking task as FAILED. dag_id=image_ocr_v2, task_id=img_preprocess_task, run_id=manual__2025-06-16T02:37:19.731840+00:00, map_index=1, execution_date=20250616T023719, start_date=20250616T023730, end_date=20250616T023753
[2025-06-16T11:37:53.421+0900] {taskinstance.py:341} INFO - ::group::Post task execution logs
[2025-06-16T11:37:53.422+0900] {standard_task_runner.py:124} ERROR - Failed to execute job 75 for task img_preprocess_task ('dict' object has no attribute 'append'; 466)
Traceback (most recent call last):
  File "/home/airflow/.local/lib/python3.12/site-packages/airflow/task/task_runner/standard_task_runner.py", line 117, in _start_by_fork
    ret = args.func(args, dag=self.dag)
          ^^^^^^^^^^^^^^^^^^^^^^^^^^^^^
  File "/home/airflow/.local/lib/python3.12/site-packages/airflow/cli/cli_config.py", line 49, in command
    return func(*args, **kwargs)
           ^^^^^^^^^^^^^^^^^^^^^
  File "/home/airflow/.local/lib/python3.12/site-packages/airflow/utils/cli.py", line 116, in wrapper
    return f(*args, **kwargs)
           ^^^^^^^^^^^^^^^^^^
  File "/home/airflow/.local/lib/python3.12/site-packages/airflow/cli/commands/task_command.py", line 483, in task_run
    task_return_code = _run_task_by_selected_method(args, _dag, ti)
                       ^^^^^^^^^^^^^^^^^^^^^^^^^^^^^^^^^^^^^^^^^^^^
  File "/home/airflow/.local/lib/python3.12/site-packages/airflow/cli/commands/task_command.py", line 256, in _run_task_by_selected_method
    return _run_raw_task(args, ti)
           ^^^^^^^^^^^^^^^^^^^^^^^
  File "/home/airflow/.local/lib/python3.12/site-packages/airflow/cli/commands/task_command.py", line 341, in _run_raw_task
    return ti._run_raw_task(
           ^^^^^^^^^^^^^^^^^
  File "/home/airflow/.local/lib/python3.12/site-packages/airflow/utils/session.py", line 97, in wrapper
    return func(*args, session=session, **kwargs)
           ^^^^^^^^^^^^^^^^^^^^^^^^^^^^^^^^^^^^^^
  File "/home/airflow/.local/lib/python3.12/site-packages/airflow/models/taskinstance.py", line 3006, in _run_raw_task
    return _run_raw_task(
           ^^^^^^^^^^^^^^
  File "/home/airflow/.local/lib/python3.12/site-packages/airflow/models/taskinstance.py", line 274, in _run_raw_task
    TaskInstance._execute_task_with_callbacks(
  File "/home/airflow/.local/lib/python3.12/site-packages/airflow/models/taskinstance.py", line 3161, in _execute_task_with_callbacks
    result = self._execute_task(context, task_orig)
             ^^^^^^^^^^^^^^^^^^^^^^^^^^^^^^^^^^^^^^
  File "/home/airflow/.local/lib/python3.12/site-packages/airflow/models/taskinstance.py", line 3185, in _execute_task
    return _execute_task(self, context, task_orig)
           ^^^^^^^^^^^^^^^^^^^^^^^^^^^^^^^^^^^^^^^
  File "/home/airflow/.local/lib/python3.12/site-packages/airflow/models/taskinstance.py", line 768, in _execute_task
    result = _execute_callable(context=context, **execute_callable_kwargs)
             ^^^^^^^^^^^^^^^^^^^^^^^^^^^^^^^^^^^^^^^^^^^^^^^^^^^^^^^^^^^^^
  File "/home/airflow/.local/lib/python3.12/site-packages/airflow/models/taskinstance.py", line 734, in _execute_callable
    return ExecutionCallableRunner(
           ^^^^^^^^^^^^^^^^^^^^^^^^
  File "/home/airflow/.local/lib/python3.12/site-packages/airflow/utils/operator_helpers.py", line 252, in run
    return self.func(*args, **kwargs)
           ^^^^^^^^^^^^^^^^^^^^^^^^^^
  File "/home/airflow/.local/lib/python3.12/site-packages/airflow/models/baseoperator.py", line 424, in wrapper
    return func(self, *args, **kwargs)
           ^^^^^^^^^^^^^^^^^^^^^^^^^^^
  File "/home/airflow/.local/lib/python3.12/site-packages/airflow/decorators/base.py", line 266, in execute
    return_value = super().execute(context)
                   ^^^^^^^^^^^^^^^^^^^^^^^^
  File "/home/airflow/.local/lib/python3.12/site-packages/airflow/models/baseoperator.py", line 424, in wrapper
    return func(self, *args, **kwargs)
           ^^^^^^^^^^^^^^^^^^^^^^^^^^^
  File "/home/airflow/.local/lib/python3.12/site-packages/airflow/operators/python.py", line 238, in execute
    return_value = self.execute_callable()
                   ^^^^^^^^^^^^^^^^^^^^^^^
  File "/home/airflow/.local/lib/python3.12/site-packages/airflow/operators/python.py", line 256, in execute_callable
    return runner.run(*self.op_args, **self.op_kwargs)
           ^^^^^^^^^^^^^^^^^^^^^^^^^^^^^^^^^^^^^^^^^^^
  File "/home/airflow/.local/lib/python3.12/site-packages/airflow/utils/operator_helpers.py", line 252, in run
    return self.func(*args, **kwargs)
           ^^^^^^^^^^^^^^^^^^^^^^^^^^
  File "/opt/airflow/dags/tasks/img_preprocess_task.py", line 60, in img_preprocess_task
    file_info.setdefault(key, {}).append(result_map)
    ^^^^^^^^^^^^^^^^^^^^^^^^^^^^^^^^^^^^
AttributeError: 'dict' object has no attribute 'append'
[2025-06-16T11:37:53.463+0900] {local_task_job_runner.py:266} INFO - Task exited with return code 1
[2025-06-16T11:37:53.476+0900] {taskinstance.py:3901} INFO - 0 downstream tasks scheduled from follow-on schedule check
[2025-06-16T11:37:53.477+0900] {local_task_job_runner.py:245} INFO - ::endgroup::
