[2025-06-23T09:46:25.140+0900] {local_task_job_runner.py:123} INFO - ::group::Pre task execution logs
[2025-06-23T09:46:25.344+0900] {taskinstance.py:2614} INFO - Dependencies all met for dep_context=non-requeueable deps ti=<TaskInstance: lilt_document_classifier_balanced_V0.1.img_preprocess_task__1 manual__2025-06-23T00:42:21.868462+00:00 map_index=69 [queued]>
[2025-06-23T09:46:25.526+0900] {taskinstance.py:2614} INFO - Dependencies all met for dep_context=requeueable deps ti=<TaskInstance: lilt_document_classifier_balanced_V0.1.img_preprocess_task__1 manual__2025-06-23T00:42:21.868462+00:00 map_index=69 [queued]>
[2025-06-23T09:46:25.534+0900] {taskinstance.py:2867} INFO - Starting attempt 1 of 1
[2025-06-23T09:46:25.756+0900] {taskinstance.py:2890} INFO - Executing <Mapped(_PythonDecoratedOperator): img_preprocess_task__1> on 2025-06-23 00:42:21.868462+00:00
[2025-06-23T09:46:25.874+0900] {standard_task_runner.py:104} INFO - Running: ['***', 'tasks', 'run', 'lilt_document_classifier_balanced_V0.1', 'img_preprocess_task__1', 'manual__2025-06-23T00:42:21.868462+00:00', '--job-id', '2024', '--raw', '--subdir', 'DAGS_FOLDER/class_create_dag.py', '--cfg-path', '/tmp/tmpvru4hgc0', '--map-index', '69']
[2025-06-23T09:46:25.883+0900] {standard_task_runner.py:105} INFO - Job 2024: Subtask img_preprocess_task__1
[2025-06-23T09:46:25.906+0900] {warnings.py:112} WARNING - /home/***/.local/lib/python3.12/site-packages/***/task/task_runner/standard_task_runner.py:70: DeprecationWarning: This process (pid=83411) is multi-threaded, use of fork() may lead to deadlocks in the child.
  pid = os.fork()

[2025-06-23T09:46:25.957+0900] {standard_task_runner.py:72} INFO - Started process 83461 to run task
[2025-06-23T09:46:26.096+0900] {task_command.py:467} INFO - Running <TaskInstance: lilt_document_classifier_balanced_V0.1.img_preprocess_task__1 manual__2025-06-23T00:42:21.868462+00:00 map_index=69 [running]> on host f6d4228a9eb8
[2025-06-23T09:46:26.765+0900] {taskinstance.py:3134} INFO - Exporting env vars: AIRFLOW_CTX_DAG_OWNER='***' AIRFLOW_CTX_DAG_ID='lilt_document_classifier_balanced_V0.1' AIRFLOW_CTX_TASK_ID='img_preprocess_task__1' AIRFLOW_CTX_EXECUTION_DATE='2025-06-23T00:42:21.868462+00:00' AIRFLOW_CTX_TRY_NUMBER='1' AIRFLOW_CTX_DAG_RUN_ID='manual__2025-06-23T00:42:21.868462+00:00'
[2025-06-23T09:46:26.769+0900] {taskinstance.py:732} INFO - ::endgroup::
[2025-06-23T09:46:26.775+0900] {logging_mixin.py:190} INFO - empty map check {} {'process_id': '_3c97ca5d-6b2a-4315-889f-062f2c26199a_pre', 'folder_path': 'dc439cb6-1c2b-496a-829d-0cec7d88e517/3c97ca5d-6b2a-4315-889f-062f2c26199a', 'step_list': [{'name': 'cache', 'param': {'key': 'origin'}}, {'name': 'calc_angle_set1', 'param': {'key': 'angle1', 'iterations': 4, 'iter_save': False}}, {'name': 'text_orientation_set', 'param': {'key': 'angle2', 'iterations': 4, 'iter_save': False}}, {'name': 'load', 'param': {'key': 'origin'}}, {'name': 'rotate', 'param': {'key': 'angle1'}}, {'name': 'rotate', 'param': {'key': 'angle2'}}], 'result_file_map': {}}
[2025-06-23T09:46:26.812+0900] {logging_mixin.py:190} INFO - step : cache
[2025-06-23T09:46:26.841+0900] {logging_mixin.py:190} INFO - step : calc_angle_set1
[2025-06-23T09:46:27.076+0900] {logging_mixin.py:190} INFO - step : text_orientation_set
[2025-06-23T09:46:36.196+0900] {logging_mixin.py:190} INFO - osd 1 180 180 0.69 Latin 4.17
[2025-06-23T09:46:41.688+0900] {logging_mixin.py:190} INFO - osd 2 break  180 0 0.32 Latin 2.67
[2025-06-23T09:46:41.694+0900] {logging_mixin.py:190} INFO - step : load
[2025-06-23T09:46:41.697+0900] {logging_mixin.py:190} INFO - step : rotate
[2025-06-23T09:46:41.706+0900] {logging_mixin.py:190} INFO - step : rotate
[2025-06-23T09:46:41.781+0900] {logging_mixin.py:190} INFO - file_copy: /opt/***/data/temp/dc439cb6-1c2b-496a-829d-0cec7d88e517/3c97ca5d-6b2a-4315-889f-062f2c26199a/_result.png
[2025-06-23T09:46:41.793+0900] {python.py:240} INFO - Done. Returned value was: {'file_id': 'dc439cb6-1c2b-496a-829d-0cec7d88e517', 'file_path': '/opt/***/data/class/a_class/classify/ready/false/copied_50_50618842-8842.png', 'false': {'process_id': '_3c97ca5d-6b2a-4315-889f-062f2c26199a_pre', 'folder_path': 'dc439cb6-1c2b-496a-829d-0cec7d88e517/3c97ca5d-6b2a-4315-889f-062f2c26199a', 'step_list': [{'name': 'cache', 'param': {'key': 'origin'}}, {'name': 'calc_angle_set1', 'param': {'key': 'angle1', 'iterations': 4, 'iter_save': False}}, {'name': 'text_orientation_set', 'param': {'key': 'angle2', 'iterations': 4, 'iter_save': False}}, {'name': 'load', 'param': {'key': 'origin'}}, {'name': 'rotate', 'param': {'key': 'angle1'}}, {'name': 'rotate', 'param': {'key': 'angle2'}}], 'result_file_map': {'_result': '/opt/***/data/temp/dc439cb6-1c2b-496a-829d-0cec7d88e517/3c97ca5d-6b2a-4315-889f-062f2c26199a/_result.png'}}}
[2025-06-23T09:46:41.851+0900] {taskinstance.py:341} INFO - ::group::Post task execution logs
[2025-06-23T09:46:41.853+0900] {taskinstance.py:353} INFO - Marking task as SUCCESS. dag_id=lilt_document_classifier_balanced_V0.1, task_id=img_preprocess_task__1, run_id=manual__2025-06-23T00:42:21.868462+00:00, map_index=69, execution_date=20250623T004221, start_date=20250623T004625, end_date=20250623T004641
[2025-06-23T09:46:41.941+0900] {local_task_job_runner.py:266} INFO - Task exited with return code 0
[2025-06-23T09:46:42.074+0900] {taskinstance.py:3901} INFO - 0 downstream tasks scheduled from follow-on schedule check
[2025-06-23T09:46:42.093+0900] {local_task_job_runner.py:245} INFO - ::endgroup::
