[2025-06-25T09:07:35.913+0900] {local_task_job_runner.py:123} INFO - ::group::Pre task execution logs
[2025-06-25T09:07:35.955+0900] {taskinstance.py:2614} INFO - Dependencies all met for dep_context=non-requeueable deps ti=<TaskInstance: lilt_document_classifier_balanced_V0.1.img_preprocess_task manual__2025-06-25T00:04:18.909063+00:00 map_index=19 [queued]>
[2025-06-25T09:07:35.976+0900] {taskinstance.py:2614} INFO - Dependencies all met for dep_context=requeueable deps ti=<TaskInstance: lilt_document_classifier_balanced_V0.1.img_preprocess_task manual__2025-06-25T00:04:18.909063+00:00 map_index=19 [queued]>
[2025-06-25T09:07:35.976+0900] {taskinstance.py:2867} INFO - Starting attempt 1 of 1
[2025-06-25T09:07:36.049+0900] {taskinstance.py:2890} INFO - Executing <Mapped(_PythonDecoratedOperator): img_preprocess_task> on 2025-06-25 00:04:18.909063+00:00
[2025-06-25T09:07:36.089+0900] {warnings.py:112} WARNING - /home/***/.local/lib/python3.12/site-packages/***/task/task_runner/standard_task_runner.py:70: DeprecationWarning: This process (pid=72898) is multi-threaded, use of fork() may lead to deadlocks in the child.
  pid = os.fork()

[2025-06-25T09:07:36.090+0900] {standard_task_runner.py:72} INFO - Started process 72907 to run task
[2025-06-25T09:07:36.093+0900] {standard_task_runner.py:104} INFO - Running: ['***', 'tasks', 'run', 'lilt_document_classifier_balanced_V0.1', 'img_preprocess_task', 'manual__2025-06-25T00:04:18.909063+00:00', '--job-id', '4838', '--raw', '--subdir', 'DAGS_FOLDER/class_create_dag.py', '--cfg-path', '/tmp/tmpj93ov1hn', '--map-index', '19']
[2025-06-25T09:07:36.112+0900] {standard_task_runner.py:105} INFO - Job 4838: Subtask img_preprocess_task
[2025-06-25T09:07:36.251+0900] {task_command.py:467} INFO - Running <TaskInstance: lilt_document_classifier_balanced_V0.1.img_preprocess_task manual__2025-06-25T00:04:18.909063+00:00 map_index=19 [running]> on host f6d4228a9eb8
[2025-06-25T09:07:36.888+0900] {taskinstance.py:3134} INFO - Exporting env vars: AIRFLOW_CTX_DAG_OWNER='***' AIRFLOW_CTX_DAG_ID='lilt_document_classifier_balanced_V0.1' AIRFLOW_CTX_TASK_ID='img_preprocess_task' AIRFLOW_CTX_EXECUTION_DATE='2025-06-25T00:04:18.909063+00:00' AIRFLOW_CTX_TRY_NUMBER='1' AIRFLOW_CTX_DAG_RUN_ID='manual__2025-06-25T00:04:18.909063+00:00'
[2025-06-25T09:07:36.890+0900] {taskinstance.py:732} INFO - ::endgroup::
[2025-06-25T09:07:36.894+0900] {logging_mixin.py:190} INFO - empty map check {} {'process_id': '_4c1366e3-263b-4798-835a-7f8901b9d025_pre', 'folder_path': '141062c3-606e-4eab-899f-5ba733160825/4c1366e3-263b-4798-835a-7f8901b9d025', 'step_list': [{'name': 'cache', 'param': {'cache_key': 'origin'}}, {'name': 'calc_angle_set2', 'param': {'angle_key': 'angle1', 'iterations': 4, 'iter_save': False}}, {'name': 'text_orientation_set', 'param': {'angle_key': 'angle2', 'iterations': 4, 'iter_save': False}}, {'name': 'load', 'param': {'cache_key': 'origin'}}, {'name': 'rotate', 'param': {'angle_key': 'angle1'}}, {'name': 'rotate', 'param': {'angle_key': 'angle2'}}], 'result_file_map': {}}
[2025-06-25T09:07:36.894+0900] {logging_mixin.py:190} INFO - step : cache
[2025-06-25T09:07:36.896+0900] {logging_mixin.py:190} INFO - step : calc_angle_set2
[2025-06-25T09:08:01.693+0900] {logging_mixin.py:190} INFO - osd 1 -1.0 -1.0 16 123997 [0, 0, 0, 0, 0, 0, 0, 0, 0, 0, 2, 3216, 15453, 35495, 55791, 89131, 123997, 67330, 50296, 34393, 15566, 2960, 5, 0, 0, 0, 0, 0, 0, 0, 0, 0, 0, 0, 0, 0, 0, 0, 0, 0, 0]
[2025-06-25T09:08:24.305+0900] {logging_mixin.py:190} INFO - osd 2 -1.0 0.0 20 132609 [0, 0, 0, 0, 0, 0, 0, 0, 0, 0, 0, 0, 0, 0, 11, 4308, 20132, 40614, 61482, 99083, 132609, 73426, 54636, 38297, 26676, 4501, 0, 9, 0, 0, 0, 0, 0, 0, 0, 0, 0, 0, 0, 0, 0]
[2025-06-25T09:08:43.137+0900] {logging_mixin.py:190} INFO - osd 3 -1.0 0.0 20 132609 [0, 0, 0, 0, 0, 0, 0, 0, 0, 0, 0, 0, 0, 0, 11, 4308, 20132, 40614, 61482, 99083, 132609, 73426, 54636, 38297, 26676, 4501, 0, 9, 0, 0, 0, 0, 0, 0, 0, 0, 0, 0, 0, 0, 0]
[2025-06-25T09:09:05.565+0900] {logging_mixin.py:190} INFO - osd 4 -1.0 0.0 20 132609 [0, 0, 0, 0, 0, 0, 0, 0, 0, 0, 0, 0, 0, 0, 11, 4308, 20132, 40614, 61482, 99083, 132609, 73426, 54636, 38297, 26676, 4501, 0, 9, 0, 0, 0, 0, 0, 0, 0, 0, 0, 0, 0, 0, 0]
[2025-06-25T09:09:05.746+0900] {logging_mixin.py:190} INFO - step : text_orientation_set
[2025-06-25T09:09:19.612+0900] {logging_mixin.py:190} INFO - osd 1 break  0 0 7.39 Korean 1.75
[2025-06-25T09:09:19.616+0900] {logging_mixin.py:190} INFO - step : load
[2025-06-25T09:09:19.625+0900] {logging_mixin.py:190} INFO - step : rotate
[2025-06-25T09:09:19.818+0900] {logging_mixin.py:190} INFO - step : rotate
[2025-06-25T09:09:20.308+0900] {logging_mixin.py:190} INFO - file_copy: /opt/***/data/temp/141062c3-606e-4eab-899f-5ba733160825/4c1366e3-263b-4798-835a-7f8901b9d025/_result.png
[2025-06-25T09:09:20.335+0900] {python.py:240} INFO - Done. Returned value was: {'file_id': '141062c3-606e-4eab-899f-5ba733160825', 'file_path': '/opt/***/data/class/a_class/classify/ready/true/여의도동 삼보빌딩 - 정부24 - 건축물대장 등본(초본) 발급(열람) _ 문서출력_page_1_aug0.png', 'true': {'process_id': '_4c1366e3-263b-4798-835a-7f8901b9d025_pre', 'folder_path': '141062c3-606e-4eab-899f-5ba733160825/4c1366e3-263b-4798-835a-7f8901b9d025', 'step_list': [{'name': 'cache', 'param': {'cache_key': 'origin'}}, {'name': 'calc_angle_set2', 'param': {'angle_key': 'angle1', 'iterations': 4, 'iter_save': False}}, {'name': 'text_orientation_set', 'param': {'angle_key': 'angle2', 'iterations': 4, 'iter_save': False}}, {'name': 'load', 'param': {'cache_key': 'origin'}}, {'name': 'rotate', 'param': {'angle_key': 'angle1'}}, {'name': 'rotate', 'param': {'angle_key': 'angle2'}}], 'result_file_map': {'_result': '/opt/***/data/temp/141062c3-606e-4eab-899f-5ba733160825/4c1366e3-263b-4798-835a-7f8901b9d025/_result.png'}}}
[2025-06-25T09:09:20.432+0900] {taskinstance.py:341} INFO - ::group::Post task execution logs
[2025-06-25T09:09:20.434+0900] {taskinstance.py:353} INFO - Marking task as SUCCESS. dag_id=lilt_document_classifier_balanced_V0.1, task_id=img_preprocess_task, run_id=manual__2025-06-25T00:04:18.909063+00:00, map_index=19, execution_date=20250625T000418, start_date=20250625T000735, end_date=20250625T000920
[2025-06-25T09:09:20.778+0900] {local_task_job_runner.py:266} INFO - Task exited with return code 0
[2025-06-25T09:09:20.858+0900] {taskinstance.py:3901} INFO - 0 downstream tasks scheduled from follow-on schedule check
[2025-06-25T09:09:20.867+0900] {local_task_job_runner.py:245} INFO - ::endgroup::
