[2025-06-24T15:59:11.410+0900] {local_task_job_runner.py:123} INFO - ::group::Pre task execution logs
[2025-06-24T15:59:11.579+0900] {taskinstance.py:2614} INFO - Dependencies all met for dep_context=non-requeueable deps ti=<TaskInstance: lilt_document_classifier_balanced_V0.1.img_preprocess_task__1 manual__2025-06-24T06:53:42.323966+00:00 map_index=25 [queued]>
[2025-06-24T15:59:11.640+0900] {taskinstance.py:2614} INFO - Dependencies all met for dep_context=requeueable deps ti=<TaskInstance: lilt_document_classifier_balanced_V0.1.img_preprocess_task__1 manual__2025-06-24T06:53:42.323966+00:00 map_index=25 [queued]>
[2025-06-24T15:59:11.645+0900] {taskinstance.py:2867} INFO - Starting attempt 1 of 1
[2025-06-24T15:59:11.712+0900] {taskinstance.py:2890} INFO - Executing <Mapped(_PythonDecoratedOperator): img_preprocess_task__1> on 2025-06-24 06:53:42.323966+00:00
[2025-06-24T15:59:11.751+0900] {warnings.py:112} WARNING - /home/***/.local/lib/python3.12/site-packages/***/task/task_runner/standard_task_runner.py:70: DeprecationWarning: This process (pid=48525) is multi-threaded, use of fork() may lead to deadlocks in the child.
  pid = os.fork()

[2025-06-24T15:59:11.758+0900] {standard_task_runner.py:72} INFO - Started process 48535 to run task
[2025-06-24T15:59:11.803+0900] {standard_task_runner.py:104} INFO - Running: ['***', 'tasks', 'run', 'lilt_document_classifier_balanced_V0.1', 'img_preprocess_task__1', 'manual__2025-06-24T06:53:42.323966+00:00', '--job-id', '4271', '--raw', '--subdir', 'DAGS_FOLDER/class_create_dag.py', '--cfg-path', '/tmp/tmpbhi0j9dv', '--map-index', '25']
[2025-06-24T15:59:11.822+0900] {standard_task_runner.py:105} INFO - Job 4271: Subtask img_preprocess_task__1
[2025-06-24T15:59:11.912+0900] {task_command.py:467} INFO - Running <TaskInstance: lilt_document_classifier_balanced_V0.1.img_preprocess_task__1 manual__2025-06-24T06:53:42.323966+00:00 map_index=25 [running]> on host f6d4228a9eb8
[2025-06-24T15:59:12.350+0900] {taskinstance.py:3134} INFO - Exporting env vars: AIRFLOW_CTX_DAG_OWNER='***' AIRFLOW_CTX_DAG_ID='lilt_document_classifier_balanced_V0.1' AIRFLOW_CTX_TASK_ID='img_preprocess_task__1' AIRFLOW_CTX_EXECUTION_DATE='2025-06-24T06:53:42.323966+00:00' AIRFLOW_CTX_TRY_NUMBER='1' AIRFLOW_CTX_DAG_RUN_ID='manual__2025-06-24T06:53:42.323966+00:00'
[2025-06-24T15:59:12.362+0900] {taskinstance.py:732} INFO - ::endgroup::
[2025-06-24T15:59:12.371+0900] {logging_mixin.py:190} INFO - empty map check {} {'process_id': '_06e0ecfc-f679-48c0-ab09-e80303d9a597_pre', 'folder_path': 'b4274956-a380-410c-b14c-1748935ace99/06e0ecfc-f679-48c0-ab09-e80303d9a597', 'step_list': [{'name': 'cache', 'param': {'key': 'origin'}}, {'name': 'calc_angle_set2', 'param': {'key': 'angle1', 'iterations': 4, 'iter_save': False}}, {'name': 'text_orientation_set', 'param': {'key': 'angle2', 'iterations': 4, 'iter_save': False}}, {'name': 'load', 'param': {'key': 'origin'}}, {'name': 'rotate', 'param': {'key': 'angle1'}}, {'name': 'rotate', 'param': {'key': 'angle2'}}], 'result_file_map': {}}
[2025-06-24T15:59:12.392+0900] {logging_mixin.py:190} INFO - step : cache
[2025-06-24T15:59:12.394+0900] {logging_mixin.py:190} INFO - step : calc_angle_set2
[2025-06-24T15:59:19.136+0900] {logging_mixin.py:190} INFO - osd 1 -0.5 -0.5 18 1084 [0, 7, 0, 6, 0, 7, 6, 20, 9, 65, 97, 186, 358, 425, 554, 508, 732, 907, 1084, 718, 592, 800, 801, 665, 513, 453, 367, 195, 149, 52, 11, 0, 0, 0, 0, 0, 0, 0, 0, 0, 0]
[2025-06-24T15:59:26.647+0900] {logging_mixin.py:190} INFO - osd 2 0.0 0.5 22 958 [0, 0, 0, 0, 6, 5, 6, 19, 13, 18, 43, 50, 43, 97, 441, 209, 469, 487, 804, 635, 499, 832, 958, 804, 619, 463, 551, 346, 368, 197, 185, 59, 8, 0, 0, 0, 0, 0, 0, 0, 0]
[2025-06-24T15:59:33.747+0900] {logging_mixin.py:190} INFO - osd 3 -0.5 -0.5 18 1044 [0, 0, 4, 5, 12, 4, 12, 12, 20, 62, 138, 187, 230, 369, 638, 379, 480, 844, 1044, 677, 251, 722, 916, 585, 347, 346, 387, 145, 110, 56, 8, 0, 0, 0, 0, 0, 0, 0, 0, 0, 0]
[2025-06-24T15:59:40.868+0900] {logging_mixin.py:190} INFO - osd 4 0.75 1.25 25 896 [0, 0, 0, 3, 0, 3, 3, 3, 14, 21, 22, 32, 117, 89, 357, 446, 418, 399, 748, 477, 442, 633, 776, 727, 560, 896, 470, 311, 419, 266, 137, 70, 16, 0, 0, 0, 0, 0, 0, 0, 0]
[2025-06-24T15:59:40.923+0900] {logging_mixin.py:190} INFO - step : text_orientation_set
[2025-06-24T15:59:46.792+0900] {logging_mixin.py:190} INFO - osd 1 break  0 0 1.15 Cyrillic 0.67
[2025-06-24T15:59:46.831+0900] {logging_mixin.py:190} INFO - step : load
[2025-06-24T15:59:46.835+0900] {logging_mixin.py:190} INFO - step : rotate
[2025-06-24T15:59:46.969+0900] {logging_mixin.py:190} INFO - step : rotate
[2025-06-24T15:59:47.132+0900] {logging_mixin.py:190} INFO - file_copy: /opt/***/data/temp/b4274956-a380-410c-b14c-1748935ace99/06e0ecfc-f679-48c0-ab09-e80303d9a597/_result.png
[2025-06-24T15:59:47.149+0900] {python.py:240} INFO - Done. Returned value was: {'file_id': 'b4274956-a380-410c-b14c-1748935ace99', 'file_path': '/opt/***/data/class/a_class/classify/ready/false/copied_77_94186568.png', 'false': {'process_id': '_06e0ecfc-f679-48c0-ab09-e80303d9a597_pre', 'folder_path': 'b4274956-a380-410c-b14c-1748935ace99/06e0ecfc-f679-48c0-ab09-e80303d9a597', 'step_list': [{'name': 'cache', 'param': {'key': 'origin'}}, {'name': 'calc_angle_set2', 'param': {'key': 'angle1', 'iterations': 4, 'iter_save': False}}, {'name': 'text_orientation_set', 'param': {'key': 'angle2', 'iterations': 4, 'iter_save': False}}, {'name': 'load', 'param': {'key': 'origin'}}, {'name': 'rotate', 'param': {'key': 'angle1'}}, {'name': 'rotate', 'param': {'key': 'angle2'}}], 'result_file_map': {'_result': '/opt/***/data/temp/b4274956-a380-410c-b14c-1748935ace99/06e0ecfc-f679-48c0-ab09-e80303d9a597/_result.png'}}}
[2025-06-24T15:59:47.362+0900] {taskinstance.py:341} INFO - ::group::Post task execution logs
[2025-06-24T15:59:47.365+0900] {taskinstance.py:353} INFO - Marking task as SUCCESS. dag_id=lilt_document_classifier_balanced_V0.1, task_id=img_preprocess_task__1, run_id=manual__2025-06-24T06:53:42.323966+00:00, map_index=25, execution_date=20250624T065342, start_date=20250624T065911, end_date=20250624T065947
[2025-06-24T15:59:47.461+0900] {local_task_job_runner.py:266} INFO - Task exited with return code 0
[2025-06-24T15:59:47.615+0900] {taskinstance.py:3901} INFO - 0 downstream tasks scheduled from follow-on schedule check
[2025-06-24T15:59:47.633+0900] {local_task_job_runner.py:245} INFO - ::endgroup::
