[2025-06-19T16:17:19.968+0900] {local_task_job_runner.py:123} INFO - ::group::Pre task execution logs
[2025-06-19T16:17:20.028+0900] {taskinstance.py:2614} INFO - Dependencies all met for dep_context=non-requeueable deps ti=<TaskInstance: lilt_document_classifier_balanced_V0.1.img_preprocess_task__1 manual__2025-06-19T07:13:53.100355+00:00 map_index=53 [queued]>
[2025-06-19T16:17:20.074+0900] {taskinstance.py:2614} INFO - Dependencies all met for dep_context=requeueable deps ti=<TaskInstance: lilt_document_classifier_balanced_V0.1.img_preprocess_task__1 manual__2025-06-19T07:13:53.100355+00:00 map_index=53 [queued]>
[2025-06-19T16:17:20.076+0900] {taskinstance.py:2867} INFO - Starting attempt 1 of 1
[2025-06-19T16:17:20.106+0900] {taskinstance.py:2890} INFO - Executing <Mapped(_PythonDecoratedOperator): img_preprocess_task__1> on 2025-06-19 07:13:53.100355+00:00
[2025-06-19T16:17:20.130+0900] {warnings.py:112} WARNING - /home/***/.local/lib/python3.12/site-packages/***/task/task_runner/standard_task_runner.py:70: DeprecationWarning: This process (pid=4617) is multi-threaded, use of fork() may lead to deadlocks in the child.
  pid = os.fork()

[2025-06-19T16:17:20.139+0900] {standard_task_runner.py:104} INFO - Running: ['***', 'tasks', 'run', 'lilt_document_classifier_balanced_V0.1', 'img_preprocess_task__1', 'manual__2025-06-19T07:13:53.100355+00:00', '--job-id', '1555', '--raw', '--subdir', 'DAGS_FOLDER/class_create_dag.py', '--cfg-path', '/tmp/tmpwkb5drws', '--map-index', '53']
[2025-06-19T16:17:20.142+0900] {standard_task_runner.py:105} INFO - Job 1555: Subtask img_preprocess_task__1
[2025-06-19T16:17:20.145+0900] {standard_task_runner.py:72} INFO - Started process 4680 to run task
[2025-06-19T16:17:20.302+0900] {task_command.py:467} INFO - Running <TaskInstance: lilt_document_classifier_balanced_V0.1.img_preprocess_task__1 manual__2025-06-19T07:13:53.100355+00:00 map_index=53 [running]> on host f6d4228a9eb8
[2025-06-19T16:17:20.526+0900] {taskinstance.py:3134} INFO - Exporting env vars: AIRFLOW_CTX_DAG_OWNER='***' AIRFLOW_CTX_DAG_ID='lilt_document_classifier_balanced_V0.1' AIRFLOW_CTX_TASK_ID='img_preprocess_task__1' AIRFLOW_CTX_EXECUTION_DATE='2025-06-19T07:13:53.100355+00:00' AIRFLOW_CTX_TRY_NUMBER='1' AIRFLOW_CTX_DAG_RUN_ID='manual__2025-06-19T07:13:53.100355+00:00'
[2025-06-19T16:17:20.530+0900] {taskinstance.py:732} INFO - ::endgroup::
[2025-06-19T16:17:20.540+0900] {logging_mixin.py:190} INFO - empty map check {} {'process_id': '_a040754b-4a42-4734-842a-9d2207de867c_pre', 'folder_path': '104f33a3-729e-4764-8b53-6804729317b8/a040754b-4a42-4734-842a-9d2207de867c', 'step_list': [{'name': 'cache', 'param': {'key': 'origin'}}, {'name': 'calc_angle_set1', 'param': {'key': 'angle1', 'iterations': 4, 'iter_save': False}}, {'name': 'text_orientation_set', 'param': {'key': 'angle2', 'iterations': 4, 'iter_save': False}}, {'name': 'load', 'param': {'key': 'origin'}}, {'name': 'rotate', 'param': {'key': 'angle1'}}, {'name': 'rotate', 'param': {'key': 'angle2'}}], 'result_file_map': {}}
[2025-06-19T16:17:20.546+0900] {logging_mixin.py:190} INFO - step : cache
[2025-06-19T16:17:20.547+0900] {logging_mixin.py:190} INFO - step : calc_angle_set1
[2025-06-19T16:17:20.620+0900] {logging_mixin.py:190} INFO - angle1 :  0 89.98424209119935 179.9369683647974 180.0 0.0 0.0
[2025-06-19T16:17:20.702+0900] {logging_mixin.py:190} INFO - angle2 :  89.98424209119935 89.98424209119935 90.0 89.93696836479738 90.0 90.0
[2025-06-19T16:17:20.836+0900] {logging_mixin.py:190} INFO - angle3 :  179.9684841823987 90.08175032329673 180.06310105324695 180.0 0.17602334640274253 0.08787689353722901
[2025-06-19T16:17:21.017+0900] {logging_mixin.py:190} INFO - angle4 :  270.0502345056954 89.96844951164432 89.87379804657729 90.0 90.0 90.0
[2025-06-19T16:17:21.237+0900] {logging_mixin.py:190} INFO - step : text_orientation_set
[2025-06-19T16:17:30.471+0900] {logging_mixin.py:190} INFO - osd 1 break  0 0 1.55 Cyrillic 4.44
[2025-06-19T16:17:30.472+0900] {logging_mixin.py:190} INFO - step : load
[2025-06-19T16:17:30.476+0900] {logging_mixin.py:190} INFO - step : rotate
[2025-06-19T16:17:30.530+0900] {logging_mixin.py:190} INFO - step : rotate
[2025-06-19T16:17:30.621+0900] {logging_mixin.py:190} INFO - file_copy: /opt/***/data/temp/104f33a3-729e-4764-8b53-6804729317b8/a040754b-4a42-4734-842a-9d2207de867c/_result.png
[2025-06-19T16:17:30.638+0900] {python.py:240} INFO - Done. Returned value was: {'file_id': '104f33a3-729e-4764-8b53-6804729317b8', 'file_path': '/opt/***/data/class/a_class/classify/ready/false/copied_54_515244307+-4307.png', 'false': {'process_id': '_a040754b-4a42-4734-842a-9d2207de867c_pre', 'folder_path': '104f33a3-729e-4764-8b53-6804729317b8/a040754b-4a42-4734-842a-9d2207de867c', 'step_list': [{'name': 'cache', 'param': {'key': 'origin'}}, {'name': 'calc_angle_set1', 'param': {'key': 'angle1', 'iterations': 4, 'iter_save': False}}, {'name': 'text_orientation_set', 'param': {'key': 'angle2', 'iterations': 4, 'iter_save': False}}, {'name': 'load', 'param': {'key': 'origin'}}, {'name': 'rotate', 'param': {'key': 'angle1'}}, {'name': 'rotate', 'param': {'key': 'angle2'}}], 'result_file_map': {'_result': '/opt/***/data/temp/104f33a3-729e-4764-8b53-6804729317b8/a040754b-4a42-4734-842a-9d2207de867c/_result.png'}}}
[2025-06-19T16:17:30.730+0900] {taskinstance.py:341} INFO - ::group::Post task execution logs
[2025-06-19T16:17:30.738+0900] {taskinstance.py:353} INFO - Marking task as SUCCESS. dag_id=lilt_document_classifier_balanced_V0.1, task_id=img_preprocess_task__1, run_id=manual__2025-06-19T07:13:53.100355+00:00, map_index=53, execution_date=20250619T071353, start_date=20250619T071720, end_date=20250619T071730
[2025-06-19T16:17:30.870+0900] {local_task_job_runner.py:266} INFO - Task exited with return code 0
[2025-06-19T16:17:30.889+0900] {local_task_job_runner.py:245} INFO - ::endgroup::
