[2025-06-23T16:28:12.594+0900] {local_task_job_runner.py:123} INFO - ::group::Pre task execution logs
[2025-06-23T16:28:12.766+0900] {taskinstance.py:2614} INFO - Dependencies all met for dep_context=non-requeueable deps ti=<TaskInstance: lilt_document_classifier_balanced_b_class_V0.1.img_preprocess_task manual__2025-06-23T06:58:09.542610+00:00 map_index=49 [queued]>
[2025-06-23T16:28:12.886+0900] {taskinstance.py:2614} INFO - Dependencies all met for dep_context=requeueable deps ti=<TaskInstance: lilt_document_classifier_balanced_b_class_V0.1.img_preprocess_task manual__2025-06-23T06:58:09.542610+00:00 map_index=49 [queued]>
[2025-06-23T16:28:12.887+0900] {taskinstance.py:2867} INFO - Starting attempt 1 of 1
[2025-06-23T16:28:12.994+0900] {taskinstance.py:2890} INFO - Executing <Mapped(_PythonDecoratedOperator): img_preprocess_task> on 2025-06-23 06:58:09.542610+00:00
[2025-06-23T16:28:13.036+0900] {standard_task_runner.py:104} INFO - Running: ['***', 'tasks', 'run', 'lilt_document_classifier_balanced_b_class_V0.1', 'img_preprocess_task', 'manual__2025-06-23T06:58:09.542610+00:00', '--job-id', '3403', '--raw', '--subdir', 'DAGS_FOLDER/class_create_dag_b_class.py', '--cfg-path', '/tmp/tmpqfjtxsrs', '--map-index', '49']
[2025-06-23T16:28:13.047+0900] {standard_task_runner.py:105} INFO - Job 3403: Subtask img_preprocess_task
[2025-06-23T16:28:13.048+0900] {warnings.py:112} WARNING - /home/***/.local/lib/python3.12/site-packages/***/task/task_runner/standard_task_runner.py:70: DeprecationWarning: This process (pid=7825) is multi-threaded, use of fork() may lead to deadlocks in the child.
  pid = os.fork()

[2025-06-23T16:28:13.051+0900] {standard_task_runner.py:72} INFO - Started process 7835 to run task
[2025-06-23T16:28:13.230+0900] {task_command.py:467} INFO - Running <TaskInstance: lilt_document_classifier_balanced_b_class_V0.1.img_preprocess_task manual__2025-06-23T06:58:09.542610+00:00 map_index=49 [running]> on host f6d4228a9eb8
[2025-06-23T16:28:13.622+0900] {taskinstance.py:3134} INFO - Exporting env vars: AIRFLOW_CTX_DAG_OWNER='***' AIRFLOW_CTX_DAG_ID='lilt_document_classifier_balanced_b_class_V0.1' AIRFLOW_CTX_TASK_ID='img_preprocess_task' AIRFLOW_CTX_EXECUTION_DATE='2025-06-23T06:58:09.542610+00:00' AIRFLOW_CTX_TRY_NUMBER='1' AIRFLOW_CTX_DAG_RUN_ID='manual__2025-06-23T06:58:09.542610+00:00'
[2025-06-23T16:28:13.629+0900] {taskinstance.py:732} INFO - ::endgroup::
[2025-06-23T16:28:13.659+0900] {logging_mixin.py:190} INFO - empty map check {} {'process_id': '_0cfcbcf4-66a5-4cc3-bb03-f0407351f59b_pre', 'folder_path': '1f19831a-b7fc-4e5b-93ba-52036ea517eb/0cfcbcf4-66a5-4cc3-bb03-f0407351f59b', 'step_list': [{'name': 'cache', 'param': {'key': 'origin'}}, {'name': 'calc_angle_set2', 'param': {'key': 'angle1', 'iterations': 4, 'iter_save': False}}, {'name': 'text_orientation_set', 'param': {'key': 'angle2', 'iterations': 4, 'iter_save': False}}, {'name': 'load', 'param': {'key': 'origin'}}, {'name': 'rotate', 'param': {'key': 'angle1'}}, {'name': 'rotate', 'param': {'key': 'angle2'}}], 'result_file_map': {}}
[2025-06-23T16:28:13.669+0900] {logging_mixin.py:190} INFO - step : cache
[2025-06-23T16:28:13.679+0900] {logging_mixin.py:190} INFO - step : calc_angle_set2
[2025-06-23T16:28:48.140+0900] {logging_mixin.py:190} INFO - osd 1 5.0 5.0 40 1006708 [839573, 798763, 756799, 713697, 672409, 630775, 590946, 550637, 512964, 473654, 439270, 405671, 373023, 342415, 314746, 283733, 252891, 218806, 182660, 145724, 112990, 145726, 180936, 216407, 251972, 287668, 324068, 358779, 398837, 442972, 488517, 535266, 587760, 637345, 689052, 740881, 793379, 846533, 900198, 955060, 1006708]
[2025-06-23T16:29:24.494+0900] {logging_mixin.py:190} INFO - osd 2 0.0 -5.0 0 2441558 [2441558, 2367791, 2296092, 2220042, 2139322, 2063065, 1987580, 1908681, 1833093, 1750273, 1675718, 1598229, 1522635, 1452897, 1376977, 1307824, 1236283, 1170739, 1107971, 1040088, 977642, 1038344, 1104186, 1163647, 1226229, 1293883, 1358190, 1426966, 1489630, 1554590, 1620699, 1683587, 1755350, 1818100, 1885763, 1951397, 2017925, 2088146, 2157424, 2223752, 2294602]
[2025-06-23T16:30:14.403+0900] {logging_mixin.py:190} INFO - osd 3 5.0 5.0 40 4069804 [3856722, 3782220, 3713864, 3639498, 3570956, 3498289, 3430315, 3353936, 3281135, 3209005, 3138427, 3067121, 2992210, 2921170, 2847022, 2775832, 2701384, 2623961, 2542909, 2463074, 2384069, 2466937, 2551682, 2637036, 2721343, 2806774, 2889305, 2975378, 3057724, 3144539, 3227389, 3310102, 3393349, 3477854, 3566193, 3645547, 3730913, 3811728, 3896807, 3979568, 4069804]
[2025-06-23T16:31:18.439+0900] {logging_mixin.py:190} INFO - osd 4 0.0 -5.0 0 6214371 [6214371, 6104959, 5994202, 5884196, 5774763, 5663785, 5548584, 5433706, 5324063, 5209541, 5099506, 4981755, 4873720, 4756094, 4642664, 4531883, 4420662, 4304994, 4190865, 4076252, 3972132, 4062079, 4162878, 4264090, 4369332, 4471926, 4575458, 4682066, 4796820, 4900472, 5016496, 5124136, 5239986, 5348601, 5464896, 5582440, 5696655, 5810615, 5924512, 6041492, 6159500]
[2025-06-23T16:31:18.895+0900] {logging_mixin.py:190} INFO - step : text_orientation_set
[2025-06-23T16:31:45.267+0900] {logging_mixin.py:190} INFO - osd 1 break  0 0 9.68 Japanese 0.31
[2025-06-23T16:31:45.268+0900] {logging_mixin.py:190} INFO - step : load
[2025-06-23T16:31:45.271+0900] {logging_mixin.py:190} INFO - step : rotate
[2025-06-23T16:31:45.408+0900] {logging_mixin.py:190} INFO - step : rotate
[2025-06-23T16:31:45.757+0900] {logging_mixin.py:190} INFO - file_copy: /opt/***/data/temp/1f19831a-b7fc-4e5b-93ba-52036ea517eb/0cfcbcf4-66a5-4cc3-bb03-f0407351f59b/_result.png
[2025-06-23T16:31:45.777+0900] {python.py:240} INFO - Done. Returned value was: {'file_id': '1f19831a-b7fc-4e5b-93ba-52036ea517eb', 'file_path': '/opt/***/data/class/b_class/classify/ready/true/거제동 고성빌딩 - 정부24 - 건축물대장 등본(초본) 발급(열람) _ 문서출력_page_1_aug1.png', 'true': {'process_id': '_0cfcbcf4-66a5-4cc3-bb03-f0407351f59b_pre', 'folder_path': '1f19831a-b7fc-4e5b-93ba-52036ea517eb/0cfcbcf4-66a5-4cc3-bb03-f0407351f59b', 'step_list': [{'name': 'cache', 'param': {'key': 'origin'}}, {'name': 'calc_angle_set2', 'param': {'key': 'angle1', 'iterations': 4, 'iter_save': False}}, {'name': 'text_orientation_set', 'param': {'key': 'angle2', 'iterations': 4, 'iter_save': False}}, {'name': 'load', 'param': {'key': 'origin'}}, {'name': 'rotate', 'param': {'key': 'angle1'}}, {'name': 'rotate', 'param': {'key': 'angle2'}}], 'result_file_map': {'_result': '/opt/***/data/temp/1f19831a-b7fc-4e5b-93ba-52036ea517eb/0cfcbcf4-66a5-4cc3-bb03-f0407351f59b/_result.png'}}}
[2025-06-23T16:31:45.828+0900] {taskinstance.py:341} INFO - ::group::Post task execution logs
[2025-06-23T16:31:45.832+0900] {taskinstance.py:353} INFO - Marking task as SUCCESS. dag_id=lilt_document_classifier_balanced_b_class_V0.1, task_id=img_preprocess_task, run_id=manual__2025-06-23T06:58:09.542610+00:00, map_index=49, execution_date=20250623T065809, start_date=20250623T072812, end_date=20250623T073145
[2025-06-23T16:31:46.052+0900] {local_task_job_runner.py:266} INFO - Task exited with return code 0
[2025-06-23T16:31:46.066+0900] {local_task_job_runner.py:245} INFO - ::endgroup::
