[2025-06-24T16:50:24.104+0900] {local_task_job_runner.py:123} INFO - ::group::Pre task execution logs
[2025-06-24T16:50:24.398+0900] {taskinstance.py:2614} INFO - Dependencies all met for dep_context=non-requeueable deps ti=<TaskInstance: lilt_document_classifier_balanced_V0.1.img_preprocess_task__1 manual__2025-06-24T07:39:02.784990+00:00 map_index=69 [queued]>
[2025-06-24T16:50:24.534+0900] {taskinstance.py:2614} INFO - Dependencies all met for dep_context=requeueable deps ti=<TaskInstance: lilt_document_classifier_balanced_V0.1.img_preprocess_task__1 manual__2025-06-24T07:39:02.784990+00:00 map_index=69 [queued]>
[2025-06-24T16:50:24.553+0900] {taskinstance.py:2867} INFO - Starting attempt 1 of 1
[2025-06-24T16:50:24.578+0900] {taskinstance.py:2890} INFO - Executing <Mapped(_PythonDecoratedOperator): img_preprocess_task__1> on 2025-06-24 07:39:02.784990+00:00
[2025-06-24T16:50:24.612+0900] {warnings.py:112} WARNING - /home/***/.local/lib/python3.12/site-packages/***/task/task_runner/standard_task_runner.py:70: DeprecationWarning: This process (pid=56424) is multi-threaded, use of fork() may lead to deadlocks in the child.
  pid = os.fork()

[2025-06-24T16:50:24.616+0900] {standard_task_runner.py:72} INFO - Started process 56451 to run task
[2025-06-24T16:50:24.612+0900] {standard_task_runner.py:104} INFO - Running: ['***', 'tasks', 'run', 'lilt_document_classifier_balanced_V0.1', 'img_preprocess_task__1', 'manual__2025-06-24T07:39:02.784990+00:00', '--job-id', '4554', '--raw', '--subdir', 'DAGS_FOLDER/class_create_dag.py', '--cfg-path', '/tmp/tmp3csdxj9u', '--map-index', '69']
[2025-06-24T16:50:24.624+0900] {standard_task_runner.py:105} INFO - Job 4554: Subtask img_preprocess_task__1
[2025-06-24T16:50:24.897+0900] {task_command.py:467} INFO - Running <TaskInstance: lilt_document_classifier_balanced_V0.1.img_preprocess_task__1 manual__2025-06-24T07:39:02.784990+00:00 map_index=69 [running]> on host f6d4228a9eb8
[2025-06-24T16:50:25.070+0900] {taskinstance.py:3134} INFO - Exporting env vars: AIRFLOW_CTX_DAG_OWNER='***' AIRFLOW_CTX_DAG_ID='lilt_document_classifier_balanced_V0.1' AIRFLOW_CTX_TASK_ID='img_preprocess_task__1' AIRFLOW_CTX_EXECUTION_DATE='2025-06-24T07:39:02.784990+00:00' AIRFLOW_CTX_TRY_NUMBER='1' AIRFLOW_CTX_DAG_RUN_ID='manual__2025-06-24T07:39:02.784990+00:00'
[2025-06-24T16:50:25.073+0900] {taskinstance.py:732} INFO - ::endgroup::
[2025-06-24T16:50:25.079+0900] {logging_mixin.py:190} INFO - empty map check {} {'process_id': '_c74864bb-0bf3-4321-81e4-2ec1bce7ff03_pre', 'folder_path': 'c89cc06f-e153-4eb4-b37a-c66f49d7c9e9/c74864bb-0bf3-4321-81e4-2ec1bce7ff03', 'step_list': [{'name': 'cache', 'param': {'key': 'origin'}}, {'name': 'calc_angle_set2', 'param': {'key': 'angle1', 'iterations': 4, 'iter_save': False}}, {'name': 'text_orientation_set', 'param': {'key': 'angle2', 'iterations': 4, 'iter_save': False}}, {'name': 'load', 'param': {'key': 'origin'}}, {'name': 'rotate', 'param': {'key': 'angle1'}}, {'name': 'rotate', 'param': {'key': 'angle2'}}], 'result_file_map': {}}
[2025-06-24T16:50:25.088+0900] {logging_mixin.py:190} INFO - step : cache
[2025-06-24T16:50:25.092+0900] {logging_mixin.py:190} INFO - step : calc_angle_set2
[2025-06-24T16:50:30.870+0900] {logging_mixin.py:190} INFO - osd 1 0.0 0.0 20 17854 [4583, 4837, 4794, 4809, 4877, 5048, 5166, 5352, 5381, 5707, 6067, 6775, 7808, 8713, 9559, 10441, 11526, 12160, 13650, 16241, 17854, 16081, 13816, 12228, 11562, 10523, 9524, 8796, 7953, 6785, 6169, 5569, 5257, 5008, 5073, 4836, 4604, 4670, 4553, 4533, 4425]
[2025-06-24T16:50:35.848+0900] {logging_mixin.py:190} INFO - osd 2 0.0 0.0 20 17854 [4583, 4837, 4794, 4809, 4877, 5048, 5166, 5352, 5381, 5707, 6067, 6775, 7808, 8713, 9559, 10441, 11526, 12160, 13650, 16241, 17854, 16081, 13816, 12228, 11562, 10523, 9524, 8796, 7953, 6785, 6169, 5569, 5257, 5008, 5073, 4836, 4604, 4670, 4553, 4533, 4425]
[2025-06-24T16:50:39.689+0900] {logging_mixin.py:190} INFO - osd 3 0.0 0.0 20 17854 [4583, 4837, 4794, 4809, 4877, 5048, 5166, 5352, 5381, 5707, 6067, 6775, 7808, 8713, 9559, 10441, 11526, 12160, 13650, 16241, 17854, 16081, 13816, 12228, 11562, 10523, 9524, 8796, 7953, 6785, 6169, 5569, 5257, 5008, 5073, 4836, 4604, 4670, 4553, 4533, 4425]
[2025-06-24T16:50:42.938+0900] {logging_mixin.py:190} INFO - osd 4 0.0 0.0 20 17854 [4583, 4837, 4794, 4809, 4877, 5048, 5166, 5352, 5381, 5707, 6067, 6775, 7808, 8713, 9559, 10441, 11526, 12160, 13650, 16241, 17854, 16081, 13816, 12228, 11562, 10523, 9524, 8796, 7953, 6785, 6169, 5569, 5257, 5008, 5073, 4836, 4604, 4670, 4553, 4533, 4425]
[2025-06-24T16:50:43.017+0900] {logging_mixin.py:190} INFO - step : text_orientation_set
[2025-06-24T16:50:47.513+0900] {logging_mixin.py:190} INFO - Tesseract OSD Error: (1, 'Estimating resolution as 116 Warning. Invalid resolution 0 dpi. Using 70 instead. Too few characters. Skipping this page Error during processing.')
[2025-06-24T16:50:47.516+0900] {logging_mixin.py:190} INFO - step : load
[2025-06-24T16:50:47.518+0900] {logging_mixin.py:190} INFO - step : rotate
[2025-06-24T16:50:47.547+0900] {logging_mixin.py:190} INFO - step : rotate
[2025-06-24T16:50:47.636+0900] {logging_mixin.py:190} INFO - file_copy: /opt/***/data/temp/c89cc06f-e153-4eb4-b37a-c66f49d7c9e9/c74864bb-0bf3-4321-81e4-2ec1bce7ff03/_result.png
[2025-06-24T16:50:47.645+0900] {python.py:240} INFO - Done. Returned value was: {'file_id': 'c89cc06f-e153-4eb4-b37a-c66f49d7c9e9', 'file_path': '/opt/***/data/class/a_class/classify/ready/false/copied_88_2072957840.png', 'false': {'process_id': '_c74864bb-0bf3-4321-81e4-2ec1bce7ff03_pre', 'folder_path': 'c89cc06f-e153-4eb4-b37a-c66f49d7c9e9/c74864bb-0bf3-4321-81e4-2ec1bce7ff03', 'step_list': [{'name': 'cache', 'param': {'key': 'origin'}}, {'name': 'calc_angle_set2', 'param': {'key': 'angle1', 'iterations': 4, 'iter_save': False}}, {'name': 'text_orientation_set', 'param': {'key': 'angle2', 'iterations': 4, 'iter_save': False}}, {'name': 'load', 'param': {'key': 'origin'}}, {'name': 'rotate', 'param': {'key': 'angle1'}}, {'name': 'rotate', 'param': {'key': 'angle2'}}], 'result_file_map': {'_result': '/opt/***/data/temp/c89cc06f-e153-4eb4-b37a-c66f49d7c9e9/c74864bb-0bf3-4321-81e4-2ec1bce7ff03/_result.png'}}}
[2025-06-24T16:50:47.724+0900] {taskinstance.py:341} INFO - ::group::Post task execution logs
[2025-06-24T16:50:47.729+0900] {taskinstance.py:353} INFO - Marking task as SUCCESS. dag_id=lilt_document_classifier_balanced_V0.1, task_id=img_preprocess_task__1, run_id=manual__2025-06-24T07:39:02.784990+00:00, map_index=69, execution_date=20250624T073902, start_date=20250624T075024, end_date=20250624T075047
[2025-06-24T16:50:47.930+0900] {local_task_job_runner.py:266} INFO - Task exited with return code 0
[2025-06-24T16:50:48.144+0900] {taskinstance.py:3901} INFO - 0 downstream tasks scheduled from follow-on schedule check
[2025-06-24T16:50:48.156+0900] {local_task_job_runner.py:245} INFO - ::endgroup::
