[2025-06-24T13:24:33.707+0900] {local_task_job_runner.py:123} INFO - ::group::Pre task execution logs
[2025-06-24T13:24:33.775+0900] {taskinstance.py:2614} INFO - Dependencies all met for dep_context=non-requeueable deps ti=<TaskInstance: lilt_document_classifier_balanced_V0.1.img_preprocess_task manual__2025-06-24T04:23:33.505927+00:00 map_index=7 [queued]>
[2025-06-24T13:24:33.795+0900] {taskinstance.py:2614} INFO - Dependencies all met for dep_context=requeueable deps ti=<TaskInstance: lilt_document_classifier_balanced_V0.1.img_preprocess_task manual__2025-06-24T04:23:33.505927+00:00 map_index=7 [queued]>
[2025-06-24T13:24:33.796+0900] {taskinstance.py:2867} INFO - Starting attempt 1 of 1
[2025-06-24T13:24:33.814+0900] {taskinstance.py:2890} INFO - Executing <Mapped(_PythonDecoratedOperator): img_preprocess_task> on 2025-06-24 04:23:33.505927+00:00
[2025-06-24T13:24:33.839+0900] {warnings.py:112} WARNING - /home/***/.local/lib/python3.12/site-packages/***/task/task_runner/standard_task_runner.py:70: DeprecationWarning: This process (pid=38551) is multi-threaded, use of fork() may lead to deadlocks in the child.
  pid = os.fork()

[2025-06-24T13:24:33.845+0900] {standard_task_runner.py:72} INFO - Started process 38773 to run task
[2025-06-24T13:24:33.835+0900] {standard_task_runner.py:104} INFO - Running: ['***', 'tasks', 'run', 'lilt_document_classifier_balanced_V0.1', 'img_preprocess_task', 'manual__2025-06-24T04:23:33.505927+00:00', '--job-id', '3947', '--raw', '--subdir', 'DAGS_FOLDER/class_create_dag.py', '--cfg-path', '/tmp/tmpi1u4npkd', '--map-index', '7']
[2025-06-24T13:24:33.864+0900] {standard_task_runner.py:105} INFO - Job 3947: Subtask img_preprocess_task
[2025-06-24T13:24:33.953+0900] {task_command.py:467} INFO - Running <TaskInstance: lilt_document_classifier_balanced_V0.1.img_preprocess_task manual__2025-06-24T04:23:33.505927+00:00 map_index=7 [running]> on host f6d4228a9eb8
[2025-06-24T13:24:34.167+0900] {taskinstance.py:3134} INFO - Exporting env vars: AIRFLOW_CTX_DAG_OWNER='***' AIRFLOW_CTX_DAG_ID='lilt_document_classifier_balanced_V0.1' AIRFLOW_CTX_TASK_ID='img_preprocess_task' AIRFLOW_CTX_EXECUTION_DATE='2025-06-24T04:23:33.505927+00:00' AIRFLOW_CTX_TRY_NUMBER='1' AIRFLOW_CTX_DAG_RUN_ID='manual__2025-06-24T04:23:33.505927+00:00'
[2025-06-24T13:24:34.170+0900] {taskinstance.py:732} INFO - ::endgroup::
[2025-06-24T13:24:34.179+0900] {logging_mixin.py:190} INFO - empty map check {} {'process_id': '_a7708fa8-601b-48e4-ae21-f3d828a724ab_pre', 'folder_path': '849779b8-7d6c-452f-bf9d-5c9cc28fb9b5/a7708fa8-601b-48e4-ae21-f3d828a724ab', 'step_list': [{'name': 'cache', 'param': {'key': 'origin'}}, {'name': 'calc_angle_set2', 'param': {'key': 'angle1', 'iterations': 4, 'iter_save': True}}, {'name': 'save', 'param': {'key': 'ag1'}}, {'name': 'text_orientation_set', 'param': {'key': 'angle2', 'iterations': 4, 'iter_save': True}}, {'name': 'save', 'param': {'key': 'ag2'}}, {'name': 'load', 'param': {'key': 'origin'}}, {'name': 'rotate', 'param': {'key': 'angle1'}}, {'name': 'rotate', 'param': {'key': 'angle2'}}], 'result_file_map': {}}
[2025-06-24T13:24:34.179+0900] {logging_mixin.py:190} INFO - step : cache
[2025-06-24T13:24:34.180+0900] {logging_mixin.py:190} INFO - step : calc_angle_set2
[2025-06-24T13:25:03.908+0900] {logging_mixin.py:190} INFO - osd 1 -3.5 -3.5 6 168 [30, 51, 60, 96, 118, 165, 168, 141, 127, 94, 42, 0, 0, 0, 0, 0, 0, 0, 0, 0, 0, 0, 0, 0, 0, 0, 0, 0, 0, 0, 0, 0, 0, 0, 0, 0, 0, 0, 0, 0, 0]
[2025-06-24T13:25:38.980+0900] {logging_mixin.py:190} INFO - osd 2 -6.75 -3.25 7 1696 [1303, 1408, 1486, 1515, 1575, 1667, 1656, 1696, 1667, 1635, 1609, 1549, 1460, 1394, 1335, 1213, 1158, 1012, 888, 760, 629, 649, 709, 766, 833, 894, 955, 1021, 1081, 1157, 1219, 1298, 1377, 1414, 1420, 1358, 1328, 1328, 1289, 1229, 1170]
[2025-06-24T13:26:19.454+0900] {logging_mixin.py:190} INFO - osd 3 -2.75 4.0 36 3842 [1140, 1281, 1372, 1434, 1483, 1582, 1631, 1670, 1735, 1753, 1687, 1697, 1726, 1711, 1659, 1662, 1620, 1621, 1640, 1555, 1510, 1615, 1845, 1959, 2149, 2278, 2492, 2608, 2852, 3079, 3225, 3452, 3727, 3813, 3820, 3827, 3842, 3810, 3680, 3630, 3563]
[2025-06-24T13:27:13.767+0900] {logging_mixin.py:190} INFO - osd 4 -3.75 -1.0 16 4783 [2045, 2298, 2497, 2761, 2872, 3116, 3326, 3410, 3667, 4053, 4121, 4398, 4535, 4771, 4703, 4764, 4783, 4699, 4341, 3936, 3786, 3649, 3603, 3566, 3380, 3277, 3063, 3037, 2742, 2744, 2578, 2363, 2204, 2119, 1985, 1907, 1680, 1557, 1423, 1352, 1229]
[2025-06-24T13:27:14.433+0900] {logging_mixin.py:190} INFO - step : save
[2025-06-24T13:27:15.744+0900] {logging_mixin.py:190} INFO - file_copy: /opt/***/data/temp/849779b8-7d6c-452f-bf9d-5c9cc28fb9b5/a7708fa8-601b-48e4-ae21-f3d828a724ab/ag1.png
[2025-06-24T13:27:15.799+0900] {logging_mixin.py:190} INFO - step : text_orientation_set
[2025-06-24T13:27:30.116+0900] {logging_mixin.py:190} INFO - file_copy: /opt/***/data/temp/849779b8-7d6c-452f-bf9d-5c9cc28fb9b5/a7708fa8-601b-48e4-ae21-f3d828a724ab/rotate2_1.png
[2025-06-24T13:27:40.951+0900] {logging_mixin.py:190} INFO - osd 1 break  0 0 5.67 Korean 0.85
[2025-06-24T13:27:40.953+0900] {logging_mixin.py:190} INFO - step : save
[2025-06-24T13:27:42.080+0900] {logging_mixin.py:190} INFO - file_copy: /opt/***/data/temp/849779b8-7d6c-452f-bf9d-5c9cc28fb9b5/a7708fa8-601b-48e4-ae21-f3d828a724ab/ag2.png
[2025-06-24T13:27:42.150+0900] {logging_mixin.py:190} INFO - step : load
[2025-06-24T13:27:42.152+0900] {logging_mixin.py:190} INFO - step : rotate
[2025-06-24T13:27:42.467+0900] {logging_mixin.py:190} INFO - step : rotate
[2025-06-24T13:27:43.216+0900] {logging_mixin.py:190} INFO - file_copy: /opt/***/data/temp/849779b8-7d6c-452f-bf9d-5c9cc28fb9b5/a7708fa8-601b-48e4-ae21-f3d828a724ab/_result.png
[2025-06-24T13:27:43.239+0900] {python.py:240} INFO - Done. Returned value was: {'file_id': '849779b8-7d6c-452f-bf9d-5c9cc28fb9b5', 'file_path': '/opt/***/data/class/a_class/classify/ready/true/종로구 - 정부24 - 건축물대장 등본(초본) 발급(열람) _ 문서출력_page_1_aug0.png', 'true': {'process_id': '_a7708fa8-601b-48e4-ae21-f3d828a724ab_pre', 'folder_path': '849779b8-7d6c-452f-bf9d-5c9cc28fb9b5/a7708fa8-601b-48e4-ae21-f3d828a724ab', 'step_list': [{'name': 'cache', 'param': {'key': 'origin'}}, {'name': 'calc_angle_set2', 'param': {'key': 'angle1', 'iterations': 4, 'iter_save': True}}, {'name': 'save', 'param': {'key': 'ag1'}}, {'name': 'text_orientation_set', 'param': {'key': 'angle2', 'iterations': 4, 'iter_save': True}}, {'name': 'save', 'param': {'key': 'ag2'}}, {'name': 'load', 'param': {'key': 'origin'}}, {'name': 'rotate', 'param': {'key': 'angle1'}}, {'name': 'rotate', 'param': {'key': 'angle2'}}], 'result_file_map': {'ag1': '/opt/***/data/temp/849779b8-7d6c-452f-bf9d-5c9cc28fb9b5/a7708fa8-601b-48e4-ae21-f3d828a724ab/ag1.png', 'rotate2_1': '/opt/***/data/temp/849779b8-7d6c-452f-bf9d-5c9cc28fb9b5/a7708fa8-601b-48e4-ae21-f3d828a724ab/rotate2_1.png', 'ag2': '/opt/***/data/temp/849779b8-7d6c-452f-bf9d-5c9cc28fb9b5/a7708fa8-601b-48e4-ae21-f3d828a724ab/ag2.png', '_result': '/opt/***/data/temp/849779b8-7d6c-452f-bf9d-5c9cc28fb9b5/a7708fa8-601b-48e4-ae21-f3d828a724ab/_result.png'}}}
[2025-06-24T13:27:43.295+0900] {taskinstance.py:341} INFO - ::group::Post task execution logs
[2025-06-24T13:27:43.303+0900] {taskinstance.py:353} INFO - Marking task as SUCCESS. dag_id=lilt_document_classifier_balanced_V0.1, task_id=img_preprocess_task, run_id=manual__2025-06-24T04:23:33.505927+00:00, map_index=7, execution_date=20250624T042333, start_date=20250624T042433, end_date=20250624T042743
[2025-06-24T13:27:43.456+0900] {local_task_job_runner.py:266} INFO - Task exited with return code 0
[2025-06-24T13:27:43.491+0900] {local_task_job_runner.py:245} INFO - ::endgroup::
