[2025-06-19T16:17:11.500+0900] {local_task_job_runner.py:123} INFO - ::group::Pre task execution logs
[2025-06-19T16:17:11.672+0900] {taskinstance.py:2614} INFO - Dependencies all met for dep_context=non-requeueable deps ti=<TaskInstance: lilt_document_classifier_balanced_V0.1.img_preprocess_task__1 manual__2025-06-19T07:13:53.100355+00:00 map_index=49 [queued]>
[2025-06-19T16:17:11.818+0900] {taskinstance.py:2614} INFO - Dependencies all met for dep_context=requeueable deps ti=<TaskInstance: lilt_document_classifier_balanced_V0.1.img_preprocess_task__1 manual__2025-06-19T07:13:53.100355+00:00 map_index=49 [queued]>
[2025-06-19T16:17:11.846+0900] {taskinstance.py:2867} INFO - Starting attempt 1 of 1
[2025-06-19T16:17:11.968+0900] {taskinstance.py:2890} INFO - Executing <Mapped(_PythonDecoratedOperator): img_preprocess_task__1> on 2025-06-19 07:13:53.100355+00:00
[2025-06-19T16:17:12.038+0900] {standard_task_runner.py:104} INFO - Running: ['***', 'tasks', 'run', 'lilt_document_classifier_balanced_V0.1', 'img_preprocess_task__1', 'manual__2025-06-19T07:13:53.100355+00:00', '--job-id', '1547', '--raw', '--subdir', 'DAGS_FOLDER/class_create_dag.py', '--cfg-path', '/tmp/tmpklspcwsj', '--map-index', '49']
[2025-06-19T16:17:12.045+0900] {warnings.py:112} WARNING - /home/***/.local/lib/python3.12/site-packages/***/task/task_runner/standard_task_runner.py:70: DeprecationWarning: This process (pid=4475) is multi-threaded, use of fork() may lead to deadlocks in the child.
  pid = os.fork()

[2025-06-19T16:17:12.047+0900] {standard_task_runner.py:72} INFO - Started process 4547 to run task
[2025-06-19T16:17:12.049+0900] {standard_task_runner.py:105} INFO - Job 1547: Subtask img_preprocess_task__1
[2025-06-19T16:17:12.193+0900] {task_command.py:467} INFO - Running <TaskInstance: lilt_document_classifier_balanced_V0.1.img_preprocess_task__1 manual__2025-06-19T07:13:53.100355+00:00 map_index=49 [running]> on host f6d4228a9eb8
[2025-06-19T16:17:12.642+0900] {taskinstance.py:3134} INFO - Exporting env vars: AIRFLOW_CTX_DAG_OWNER='***' AIRFLOW_CTX_DAG_ID='lilt_document_classifier_balanced_V0.1' AIRFLOW_CTX_TASK_ID='img_preprocess_task__1' AIRFLOW_CTX_EXECUTION_DATE='2025-06-19T07:13:53.100355+00:00' AIRFLOW_CTX_TRY_NUMBER='1' AIRFLOW_CTX_DAG_RUN_ID='manual__2025-06-19T07:13:53.100355+00:00'
[2025-06-19T16:17:12.645+0900] {taskinstance.py:732} INFO - ::endgroup::
[2025-06-19T16:17:12.659+0900] {logging_mixin.py:190} INFO - empty map check {} {'process_id': '_2460b129-5a4d-4262-ae83-a314f0a4af27_pre', 'folder_path': 'f7759485-e9e1-4aab-83e7-d26ebfbb710a/2460b129-5a4d-4262-ae83-a314f0a4af27', 'step_list': [{'name': 'cache', 'param': {'key': 'origin'}}, {'name': 'calc_angle_set1', 'param': {'key': 'angle1', 'iterations': 4, 'iter_save': False}}, {'name': 'text_orientation_set', 'param': {'key': 'angle2', 'iterations': 4, 'iter_save': False}}, {'name': 'load', 'param': {'key': 'origin'}}, {'name': 'rotate', 'param': {'key': 'angle1'}}, {'name': 'rotate', 'param': {'key': 'angle2'}}], 'result_file_map': {}}
[2025-06-19T16:17:12.661+0900] {logging_mixin.py:190} INFO - step : cache
[2025-06-19T16:17:12.662+0900] {logging_mixin.py:190} INFO - step : calc_angle_set1
[2025-06-19T16:17:12.710+0900] {logging_mixin.py:190} INFO - step : text_orientation_set
[2025-06-19T16:17:19.582+0900] {logging_mixin.py:190} INFO - osd 1 break  0 0 0.96 Latin 1.25
[2025-06-19T16:17:19.605+0900] {logging_mixin.py:190} INFO - step : load
[2025-06-19T16:17:19.614+0900] {logging_mixin.py:190} INFO - step : rotate
[2025-06-19T16:17:19.651+0900] {logging_mixin.py:190} INFO - step : rotate
[2025-06-19T16:17:19.800+0900] {logging_mixin.py:190} INFO - file_copy: /opt/***/data/temp/f7759485-e9e1-4aab-83e7-d26ebfbb710a/2460b129-5a4d-4262-ae83-a314f0a4af27/_result.png
[2025-06-19T16:17:19.873+0900] {python.py:240} INFO - Done. Returned value was: {'file_id': 'f7759485-e9e1-4aab-83e7-d26ebfbb710a', 'file_path': '/opt/***/data/class/a_class/classify/ready/false/copied_64_2078527848.png', 'false': {'process_id': '_2460b129-5a4d-4262-ae83-a314f0a4af27_pre', 'folder_path': 'f7759485-e9e1-4aab-83e7-d26ebfbb710a/2460b129-5a4d-4262-ae83-a314f0a4af27', 'step_list': [{'name': 'cache', 'param': {'key': 'origin'}}, {'name': 'calc_angle_set1', 'param': {'key': 'angle1', 'iterations': 4, 'iter_save': False}}, {'name': 'text_orientation_set', 'param': {'key': 'angle2', 'iterations': 4, 'iter_save': False}}, {'name': 'load', 'param': {'key': 'origin'}}, {'name': 'rotate', 'param': {'key': 'angle1'}}, {'name': 'rotate', 'param': {'key': 'angle2'}}], 'result_file_map': {'_result': '/opt/***/data/temp/f7759485-e9e1-4aab-83e7-d26ebfbb710a/2460b129-5a4d-4262-ae83-a314f0a4af27/_result.png'}}}
[2025-06-19T16:17:20.132+0900] {taskinstance.py:341} INFO - ::group::Post task execution logs
[2025-06-19T16:17:20.138+0900] {taskinstance.py:353} INFO - Marking task as SUCCESS. dag_id=lilt_document_classifier_balanced_V0.1, task_id=img_preprocess_task__1, run_id=manual__2025-06-19T07:13:53.100355+00:00, map_index=49, execution_date=20250619T071353, start_date=20250619T071711, end_date=20250619T071720
[2025-06-19T16:17:20.236+0900] {local_task_job_runner.py:266} INFO - Task exited with return code 0
[2025-06-19T16:17:20.326+0900] {taskinstance.py:3901} INFO - 0 downstream tasks scheduled from follow-on schedule check
[2025-06-19T16:17:20.348+0900] {local_task_job_runner.py:245} INFO - ::endgroup::
