[2025-06-19T18:34:46.149+0900] {local_task_job_runner.py:123} INFO - ::group::Pre task execution logs
[2025-06-19T18:34:46.227+0900] {taskinstance.py:2614} INFO - Dependencies all met for dep_context=non-requeueable deps ti=<TaskInstance: lilt_document_classifier_balanced_V0.1.img_preprocess_task__1 manual__2025-06-19T09:32:07.760195+00:00 map_index=47 [queued]>
[2025-06-19T18:34:46.258+0900] {taskinstance.py:2614} INFO - Dependencies all met for dep_context=requeueable deps ti=<TaskInstance: lilt_document_classifier_balanced_V0.1.img_preprocess_task__1 manual__2025-06-19T09:32:07.760195+00:00 map_index=47 [queued]>
[2025-06-19T18:34:46.262+0900] {taskinstance.py:2867} INFO - Starting attempt 1 of 1
[2025-06-19T18:34:46.297+0900] {taskinstance.py:2890} INFO - Executing <Mapped(_PythonDecoratedOperator): img_preprocess_task__1> on 2025-06-19 09:32:07.760195+00:00
[2025-06-19T18:34:46.319+0900] {warnings.py:112} WARNING - /home/***/.local/lib/python3.12/site-packages/***/task/task_runner/standard_task_runner.py:70: DeprecationWarning: This process (pid=11377) is multi-threaded, use of fork() may lead to deadlocks in the child.
  pid = os.fork()

[2025-06-19T18:34:46.322+0900] {standard_task_runner.py:72} INFO - Started process 11478 to run task
[2025-06-19T18:34:46.324+0900] {standard_task_runner.py:104} INFO - Running: ['***', 'tasks', 'run', 'lilt_document_classifier_balanced_V0.1', 'img_preprocess_task__1', 'manual__2025-06-19T09:32:07.760195+00:00', '--job-id', '1788', '--raw', '--subdir', 'DAGS_FOLDER/class_create_dag.py', '--cfg-path', '/tmp/tmpe0ht239n', '--map-index', '47']
[2025-06-19T18:34:46.328+0900] {standard_task_runner.py:105} INFO - Job 1788: Subtask img_preprocess_task__1
[2025-06-19T18:34:46.514+0900] {task_command.py:467} INFO - Running <TaskInstance: lilt_document_classifier_balanced_V0.1.img_preprocess_task__1 manual__2025-06-19T09:32:07.760195+00:00 map_index=47 [running]> on host f6d4228a9eb8
[2025-06-19T18:34:46.718+0900] {taskinstance.py:3134} INFO - Exporting env vars: AIRFLOW_CTX_DAG_OWNER='***' AIRFLOW_CTX_DAG_ID='lilt_document_classifier_balanced_V0.1' AIRFLOW_CTX_TASK_ID='img_preprocess_task__1' AIRFLOW_CTX_EXECUTION_DATE='2025-06-19T09:32:07.760195+00:00' AIRFLOW_CTX_TRY_NUMBER='1' AIRFLOW_CTX_DAG_RUN_ID='manual__2025-06-19T09:32:07.760195+00:00'
[2025-06-19T18:34:46.732+0900] {taskinstance.py:732} INFO - ::endgroup::
[2025-06-19T18:34:46.739+0900] {logging_mixin.py:190} INFO - empty map check {} {'process_id': '_f34295f1-7769-42df-b3f6-8e5f85e56773_pre', 'folder_path': '98747d02-f2c8-4a7a-a131-1e7768fcb8d7/f34295f1-7769-42df-b3f6-8e5f85e56773', 'step_list': [{'name': 'cache', 'param': {'key': 'origin'}}, {'name': 'calc_angle_set1', 'param': {'key': 'angle1', 'iterations': 4, 'iter_save': False}}, {'name': 'text_orientation_set', 'param': {'key': 'angle2', 'iterations': 4, 'iter_save': False}}, {'name': 'load', 'param': {'key': 'origin'}}, {'name': 'rotate', 'param': {'key': 'angle1'}}, {'name': 'rotate', 'param': {'key': 'angle2'}}], 'result_file_map': {}}
[2025-06-19T18:34:46.751+0900] {logging_mixin.py:190} INFO - step : cache
[2025-06-19T18:34:46.751+0900] {logging_mixin.py:190} INFO - step : calc_angle_set1
[2025-06-19T18:34:46.784+0900] {logging_mixin.py:190} INFO - step : text_orientation_set
[2025-06-19T18:34:52.848+0900] {logging_mixin.py:190} INFO - osd 1 break  0 0 0.72 Arabic 3.33
[2025-06-19T18:34:52.872+0900] {logging_mixin.py:190} INFO - step : load
[2025-06-19T18:34:52.872+0900] {logging_mixin.py:190} INFO - step : rotate
[2025-06-19T18:34:52.885+0900] {logging_mixin.py:190} INFO - step : rotate
[2025-06-19T18:34:53.038+0900] {logging_mixin.py:190} INFO - file_copy: /opt/***/data/temp/98747d02-f2c8-4a7a-a131-1e7768fcb8d7/f34295f1-7769-42df-b3f6-8e5f85e56773/_result.png
[2025-06-19T18:34:53.110+0900] {python.py:240} INFO - Done. Returned value was: {'file_id': '98747d02-f2c8-4a7a-a131-1e7768fcb8d7', 'file_path': '/opt/***/data/class/a_class/classify/ready/false/copied_16_2073416845a.png', 'false': {'process_id': '_f34295f1-7769-42df-b3f6-8e5f85e56773_pre', 'folder_path': '98747d02-f2c8-4a7a-a131-1e7768fcb8d7/f34295f1-7769-42df-b3f6-8e5f85e56773', 'step_list': [{'name': 'cache', 'param': {'key': 'origin'}}, {'name': 'calc_angle_set1', 'param': {'key': 'angle1', 'iterations': 4, 'iter_save': False}}, {'name': 'text_orientation_set', 'param': {'key': 'angle2', 'iterations': 4, 'iter_save': False}}, {'name': 'load', 'param': {'key': 'origin'}}, {'name': 'rotate', 'param': {'key': 'angle1'}}, {'name': 'rotate', 'param': {'key': 'angle2'}}], 'result_file_map': {'_result': '/opt/***/data/temp/98747d02-f2c8-4a7a-a131-1e7768fcb8d7/f34295f1-7769-42df-b3f6-8e5f85e56773/_result.png'}}}
[2025-06-19T18:34:53.196+0900] {taskinstance.py:341} INFO - ::group::Post task execution logs
[2025-06-19T18:34:53.205+0900] {taskinstance.py:353} INFO - Marking task as SUCCESS. dag_id=lilt_document_classifier_balanced_V0.1, task_id=img_preprocess_task__1, run_id=manual__2025-06-19T09:32:07.760195+00:00, map_index=47, execution_date=20250619T093207, start_date=20250619T093446, end_date=20250619T093453
[2025-06-19T18:34:53.717+0900] {local_task_job_runner.py:266} INFO - Task exited with return code 0
[2025-06-19T18:34:53.960+0900] {taskinstance.py:3901} INFO - 0 downstream tasks scheduled from follow-on schedule check
[2025-06-19T18:34:53.969+0900] {local_task_job_runner.py:245} INFO - ::endgroup::
