[2025-06-16T16:24:19.068+0900] {local_task_job_runner.py:123} INFO - ::group::Pre task execution logs
[2025-06-16T16:24:19.092+0900] {taskinstance.py:2614} INFO - Dependencies all met for dep_context=non-requeueable deps ti=<TaskInstance: image_ocr_v2.copy_results_folder_task manual__2025-06-16T07:23:34.268845+00:00 [queued]>
[2025-06-16T16:24:19.106+0900] {taskinstance.py:2614} INFO - Dependencies all met for dep_context=requeueable deps ti=<TaskInstance: image_ocr_v2.copy_results_folder_task manual__2025-06-16T07:23:34.268845+00:00 [queued]>
[2025-06-16T16:24:19.107+0900] {taskinstance.py:2867} INFO - Starting attempt 1 of 1
[2025-06-16T16:24:19.134+0900] {taskinstance.py:2890} INFO - Executing <Task(_PythonDecoratedOperator): copy_results_folder_task> on 2025-06-16 07:23:34.268845+00:00
[2025-06-16T16:24:19.152+0900] {warnings.py:112} WARNING - /home/***/.local/lib/python3.12/site-packages/***/task/task_runner/standard_task_runner.py:70: DeprecationWarning: This process (pid=9909) is multi-threaded, use of fork() may lead to deadlocks in the child.
  pid = os.fork()

[2025-06-16T16:24:19.158+0900] {standard_task_runner.py:72} INFO - Started process 9911 to run task
[2025-06-16T16:24:19.161+0900] {standard_task_runner.py:104} INFO - Running: ['***', 'tasks', 'run', 'image_ocr_v2', 'copy_results_folder_task', 'manual__2025-06-16T07:23:34.268845+00:00', '--job-id', '547', '--raw', '--subdir', 'DAGS_FOLDER/test_dag.py', '--cfg-path', '/tmp/tmp6he1ru9d']
[2025-06-16T16:24:19.171+0900] {standard_task_runner.py:105} INFO - Job 547: Subtask copy_results_folder_task
[2025-06-16T16:24:19.345+0900] {task_command.py:467} INFO - Running <TaskInstance: image_ocr_v2.copy_results_folder_task manual__2025-06-16T07:23:34.268845+00:00 [running]> on host f6d4228a9eb8
[2025-06-16T16:24:19.719+0900] {taskinstance.py:3134} INFO - Exporting env vars: AIRFLOW_CTX_DAG_OWNER='***' AIRFLOW_CTX_DAG_ID='image_ocr_v2' AIRFLOW_CTX_TASK_ID='copy_results_folder_task' AIRFLOW_CTX_EXECUTION_DATE='2025-06-16T07:23:34.268845+00:00' AIRFLOW_CTX_TRY_NUMBER='1' AIRFLOW_CTX_DAG_RUN_ID='manual__2025-06-16T07:23:34.268845+00:00'
[2025-06-16T16:24:19.724+0900] {taskinstance.py:732} INFO - ::endgroup::
[2025-06-16T16:24:19.737+0900] {logging_mixin.py:190} INFO - 5
[2025-06-16T16:24:19.764+0900] {logging_mixin.py:190} INFO - 6
[2025-06-16T16:24:19.776+0900] {logging_mixin.py:190} INFO - 복사 완료: /opt/***/data/temp/04afead7-4a87-467f-87ec-6429219a3c47/307de00b-b36e-4ae1-ae38-e14860b3ea08/rotate3_1.png → /opt/***/data/result/manual__2025-06-16T07:23:34.268845+00:00/_307de00b-b36e-4ae1-ae38-e14860b3ea08_pre_rotate3_1.png
[2025-06-16T16:24:19.787+0900] {logging_mixin.py:190} INFO - 복사 완료: /opt/***/data/temp/04afead7-4a87-467f-87ec-6429219a3c47/307de00b-b36e-4ae1-ae38-e14860b3ea08/rotate3_2.png → /opt/***/data/result/manual__2025-06-16T07:23:34.268845+00:00/_307de00b-b36e-4ae1-ae38-e14860b3ea08_pre_rotate3_2.png
[2025-06-16T16:24:19.800+0900] {logging_mixin.py:190} INFO - 복사 완료: /opt/***/data/temp/04afead7-4a87-467f-87ec-6429219a3c47/307de00b-b36e-4ae1-ae38-e14860b3ea08/rotate3_3.png → /opt/***/data/result/manual__2025-06-16T07:23:34.268845+00:00/_307de00b-b36e-4ae1-ae38-e14860b3ea08_pre_rotate3_3.png
[2025-06-16T16:24:19.815+0900] {logging_mixin.py:190} INFO - 복사 완료: /opt/***/data/temp/04afead7-4a87-467f-87ec-6429219a3c47/307de00b-b36e-4ae1-ae38-e14860b3ea08/rotate2_1.png → /opt/***/data/result/manual__2025-06-16T07:23:34.268845+00:00/_307de00b-b36e-4ae1-ae38-e14860b3ea08_pre_rotate2_1.png
[2025-06-16T16:24:19.827+0900] {logging_mixin.py:190} INFO - 복사 완료: /opt/***/data/temp/04afead7-4a87-467f-87ec-6429219a3c47/307de00b-b36e-4ae1-ae38-e14860b3ea08/threshold.png → /opt/***/data/result/manual__2025-06-16T07:23:34.268845+00:00/_307de00b-b36e-4ae1-ae38-e14860b3ea08_pre_threshold.png
[2025-06-16T16:24:19.838+0900] {logging_mixin.py:190} INFO - 복사 완료: /opt/***/data/temp/04afead7-4a87-467f-87ec-6429219a3c47/307de00b-b36e-4ae1-ae38-e14860b3ea08/classify_preprocess.png → /opt/***/data/result/manual__2025-06-16T07:23:34.268845+00:00/_307de00b-b36e-4ae1-ae38-e14860b3ea08_pre_classify_preprocess.png
[2025-06-16T16:24:19.842+0900] {logging_mixin.py:190} INFO - 6
[2025-06-16T16:24:19.852+0900] {logging_mixin.py:190} INFO - 복사 완료: /opt/***/data/temp/932d6d9b-59ff-4f71-b45b-3471e50d6d19/58a9ff34-f17a-4511-99aa-49accbcda04f/rotate3_1.png → /opt/***/data/result/manual__2025-06-16T07:23:34.268845+00:00/_58a9ff34-f17a-4511-99aa-49accbcda04f_pre_rotate3_1.png
[2025-06-16T16:24:19.867+0900] {logging_mixin.py:190} INFO - 복사 완료: /opt/***/data/temp/932d6d9b-59ff-4f71-b45b-3471e50d6d19/58a9ff34-f17a-4511-99aa-49accbcda04f/rotate2_1.png → /opt/***/data/result/manual__2025-06-16T07:23:34.268845+00:00/_58a9ff34-f17a-4511-99aa-49accbcda04f_pre_rotate2_1.png
[2025-06-16T16:24:19.882+0900] {logging_mixin.py:190} INFO - 복사 완료: /opt/***/data/temp/932d6d9b-59ff-4f71-b45b-3471e50d6d19/58a9ff34-f17a-4511-99aa-49accbcda04f/rotate2_2.png → /opt/***/data/result/manual__2025-06-16T07:23:34.268845+00:00/_58a9ff34-f17a-4511-99aa-49accbcda04f_pre_rotate2_2.png
[2025-06-16T16:24:19.900+0900] {logging_mixin.py:190} INFO - 복사 완료: /opt/***/data/temp/932d6d9b-59ff-4f71-b45b-3471e50d6d19/58a9ff34-f17a-4511-99aa-49accbcda04f/rotate2_3.png → /opt/***/data/result/manual__2025-06-16T07:23:34.268845+00:00/_58a9ff34-f17a-4511-99aa-49accbcda04f_pre_rotate2_3.png
[2025-06-16T16:24:19.913+0900] {logging_mixin.py:190} INFO - 복사 완료: /opt/***/data/temp/932d6d9b-59ff-4f71-b45b-3471e50d6d19/58a9ff34-f17a-4511-99aa-49accbcda04f/threshold.png → /opt/***/data/result/manual__2025-06-16T07:23:34.268845+00:00/_58a9ff34-f17a-4511-99aa-49accbcda04f_pre_threshold.png
[2025-06-16T16:24:19.923+0900] {logging_mixin.py:190} INFO - 복사 완료: /opt/***/data/temp/932d6d9b-59ff-4f71-b45b-3471e50d6d19/58a9ff34-f17a-4511-99aa-49accbcda04f/classify_preprocess.png → /opt/***/data/result/manual__2025-06-16T07:23:34.268845+00:00/_58a9ff34-f17a-4511-99aa-49accbcda04f_pre_classify_preprocess.png
[2025-06-16T16:24:19.926+0900] {logging_mixin.py:190} INFO - 6
[2025-06-16T16:24:19.942+0900] {logging_mixin.py:190} INFO - 복사 완료: /opt/***/data/temp/f2825c2d-b0a1-4e7e-a60a-5740b29b7342/c4362a1e-4b81-4079-9504-7fbe6bc38209/rotate3_1.png → /opt/***/data/result/manual__2025-06-16T07:23:34.268845+00:00/_c4362a1e-4b81-4079-9504-7fbe6bc38209_pre_rotate3_1.png
[2025-06-16T16:24:19.963+0900] {logging_mixin.py:190} INFO - 복사 완료: /opt/***/data/temp/f2825c2d-b0a1-4e7e-a60a-5740b29b7342/c4362a1e-4b81-4079-9504-7fbe6bc38209/rotate2_1.png → /opt/***/data/result/manual__2025-06-16T07:23:34.268845+00:00/_c4362a1e-4b81-4079-9504-7fbe6bc38209_pre_rotate2_1.png
[2025-06-16T16:24:19.975+0900] {logging_mixin.py:190} INFO - 복사 완료: /opt/***/data/temp/f2825c2d-b0a1-4e7e-a60a-5740b29b7342/c4362a1e-4b81-4079-9504-7fbe6bc38209/rotate2_2.png → /opt/***/data/result/manual__2025-06-16T07:23:34.268845+00:00/_c4362a1e-4b81-4079-9504-7fbe6bc38209_pre_rotate2_2.png
[2025-06-16T16:24:19.988+0900] {logging_mixin.py:190} INFO - 복사 완료: /opt/***/data/temp/f2825c2d-b0a1-4e7e-a60a-5740b29b7342/c4362a1e-4b81-4079-9504-7fbe6bc38209/rotate2_3.png → /opt/***/data/result/manual__2025-06-16T07:23:34.268845+00:00/_c4362a1e-4b81-4079-9504-7fbe6bc38209_pre_rotate2_3.png
[2025-06-16T16:24:20.007+0900] {logging_mixin.py:190} INFO - 복사 완료: /opt/***/data/temp/f2825c2d-b0a1-4e7e-a60a-5740b29b7342/c4362a1e-4b81-4079-9504-7fbe6bc38209/threshold.png → /opt/***/data/result/manual__2025-06-16T07:23:34.268845+00:00/_c4362a1e-4b81-4079-9504-7fbe6bc38209_pre_threshold.png
[2025-06-16T16:24:20.022+0900] {logging_mixin.py:190} INFO - 복사 완료: /opt/***/data/temp/f2825c2d-b0a1-4e7e-a60a-5740b29b7342/c4362a1e-4b81-4079-9504-7fbe6bc38209/classify_preprocess.png → /opt/***/data/result/manual__2025-06-16T07:23:34.268845+00:00/_c4362a1e-4b81-4079-9504-7fbe6bc38209_pre_classify_preprocess.png
[2025-06-16T16:24:20.025+0900] {logging_mixin.py:190} INFO - 6
[2025-06-16T16:24:20.039+0900] {logging_mixin.py:190} INFO - 복사 완료: /opt/***/data/temp/c8b9cd02-aa5b-4fec-889b-18b81c890853/bc5dc5e8-5f33-44f1-ad25-1dd86bfdce5b/rotate3_1.png → /opt/***/data/result/manual__2025-06-16T07:23:34.268845+00:00/_bc5dc5e8-5f33-44f1-ad25-1dd86bfdce5b_pre_rotate3_1.png
[2025-06-16T16:24:20.056+0900] {logging_mixin.py:190} INFO - 복사 완료: /opt/***/data/temp/c8b9cd02-aa5b-4fec-889b-18b81c890853/bc5dc5e8-5f33-44f1-ad25-1dd86bfdce5b/rotate2_1.png → /opt/***/data/result/manual__2025-06-16T07:23:34.268845+00:00/_bc5dc5e8-5f33-44f1-ad25-1dd86bfdce5b_pre_rotate2_1.png
[2025-06-16T16:24:20.083+0900] {logging_mixin.py:190} INFO - 복사 완료: /opt/***/data/temp/c8b9cd02-aa5b-4fec-889b-18b81c890853/bc5dc5e8-5f33-44f1-ad25-1dd86bfdce5b/rotate2_2.png → /opt/***/data/result/manual__2025-06-16T07:23:34.268845+00:00/_bc5dc5e8-5f33-44f1-ad25-1dd86bfdce5b_pre_rotate2_2.png
[2025-06-16T16:24:20.100+0900] {logging_mixin.py:190} INFO - 복사 완료: /opt/***/data/temp/c8b9cd02-aa5b-4fec-889b-18b81c890853/bc5dc5e8-5f33-44f1-ad25-1dd86bfdce5b/rotate2_3.png → /opt/***/data/result/manual__2025-06-16T07:23:34.268845+00:00/_bc5dc5e8-5f33-44f1-ad25-1dd86bfdce5b_pre_rotate2_3.png
[2025-06-16T16:24:20.116+0900] {logging_mixin.py:190} INFO - 복사 완료: /opt/***/data/temp/c8b9cd02-aa5b-4fec-889b-18b81c890853/bc5dc5e8-5f33-44f1-ad25-1dd86bfdce5b/threshold.png → /opt/***/data/result/manual__2025-06-16T07:23:34.268845+00:00/_bc5dc5e8-5f33-44f1-ad25-1dd86bfdce5b_pre_threshold.png
[2025-06-16T16:24:20.128+0900] {logging_mixin.py:190} INFO - 복사 완료: /opt/***/data/temp/c8b9cd02-aa5b-4fec-889b-18b81c890853/bc5dc5e8-5f33-44f1-ad25-1dd86bfdce5b/classify_preprocess.png → /opt/***/data/result/manual__2025-06-16T07:23:34.268845+00:00/_bc5dc5e8-5f33-44f1-ad25-1dd86bfdce5b_pre_classify_preprocess.png
[2025-06-16T16:24:20.131+0900] {logging_mixin.py:190} INFO - 6
[2025-06-16T16:24:20.148+0900] {logging_mixin.py:190} INFO - 복사 완료: /opt/***/data/temp/ca3f2e66-9279-4a89-91de-2b535185bcbd/6d66c464-beeb-4a5a-ae44-765a71e915bb/rotate3_1.png → /opt/***/data/result/manual__2025-06-16T07:23:34.268845+00:00/_6d66c464-beeb-4a5a-ae44-765a71e915bb_pre_rotate3_1.png
[2025-06-16T16:24:20.164+0900] {logging_mixin.py:190} INFO - 복사 완료: /opt/***/data/temp/ca3f2e66-9279-4a89-91de-2b535185bcbd/6d66c464-beeb-4a5a-ae44-765a71e915bb/rotate2_1.png → /opt/***/data/result/manual__2025-06-16T07:23:34.268845+00:00/_6d66c464-beeb-4a5a-ae44-765a71e915bb_pre_rotate2_1.png
[2025-06-16T16:24:20.179+0900] {logging_mixin.py:190} INFO - 복사 완료: /opt/***/data/temp/ca3f2e66-9279-4a89-91de-2b535185bcbd/6d66c464-beeb-4a5a-ae44-765a71e915bb/rotate2_2.png → /opt/***/data/result/manual__2025-06-16T07:23:34.268845+00:00/_6d66c464-beeb-4a5a-ae44-765a71e915bb_pre_rotate2_2.png
[2025-06-16T16:24:20.197+0900] {logging_mixin.py:190} INFO - 복사 완료: /opt/***/data/temp/ca3f2e66-9279-4a89-91de-2b535185bcbd/6d66c464-beeb-4a5a-ae44-765a71e915bb/rotate2_3.png → /opt/***/data/result/manual__2025-06-16T07:23:34.268845+00:00/_6d66c464-beeb-4a5a-ae44-765a71e915bb_pre_rotate2_3.png
[2025-06-16T16:24:20.212+0900] {logging_mixin.py:190} INFO - 복사 완료: /opt/***/data/temp/ca3f2e66-9279-4a89-91de-2b535185bcbd/6d66c464-beeb-4a5a-ae44-765a71e915bb/threshold.png → /opt/***/data/result/manual__2025-06-16T07:23:34.268845+00:00/_6d66c464-beeb-4a5a-ae44-765a71e915bb_pre_threshold.png
[2025-06-16T16:24:20.220+0900] {logging_mixin.py:190} INFO - 복사 완료: /opt/***/data/temp/ca3f2e66-9279-4a89-91de-2b535185bcbd/6d66c464-beeb-4a5a-ae44-765a71e915bb/classify_preprocess.png → /opt/***/data/result/manual__2025-06-16T07:23:34.268845+00:00/_6d66c464-beeb-4a5a-ae44-765a71e915bb_pre_classify_preprocess.png
[2025-06-16T16:24:20.222+0900] {logging_mixin.py:190} INFO - 총 30개의 파일이 복사되었습니다.
[2025-06-16T16:24:20.223+0900] {python.py:240} INFO - Done. Returned value was: {'total_copied': 30}
[2025-06-16T16:24:20.289+0900] {taskinstance.py:341} INFO - ::group::Post task execution logs
[2025-06-16T16:24:20.290+0900] {taskinstance.py:353} INFO - Marking task as SUCCESS. dag_id=image_ocr_v2, task_id=copy_results_folder_task, run_id=manual__2025-06-16T07:23:34.268845+00:00, execution_date=20250616T072334, start_date=20250616T072419, end_date=20250616T072420
[2025-06-16T16:24:20.335+0900] {local_task_job_runner.py:266} INFO - Task exited with return code 0
[2025-06-16T16:24:20.352+0900] {taskinstance.py:3901} INFO - 0 downstream tasks scheduled from follow-on schedule check
[2025-06-16T16:24:20.353+0900] {local_task_job_runner.py:245} INFO - ::endgroup::
