[2025-05-26T08:14:33.987+0000] {local_task_job_runner.py:123} INFO - ::group::Pre task execution logs
[2025-05-26T08:14:34.787+0000] {taskinstance.py:2614} INFO - Dependencies all met for dep_context=non-requeueable deps ti=<TaskInstance: image_processing_per_file_v2.file_copy_task manual__2025-05-26T08:14:03.293873+00:00 map_index=7 [queued]>
[2025-05-26T08:14:34.846+0000] {taskinstance.py:2614} INFO - Dependencies all met for dep_context=requeueable deps ti=<TaskInstance: image_processing_per_file_v2.file_copy_task manual__2025-05-26T08:14:03.293873+00:00 map_index=7 [queued]>
[2025-05-26T08:14:34.867+0000] {taskinstance.py:2867} INFO - Starting attempt 1 of 1
[2025-05-26T08:14:34.957+0000] {taskinstance.py:2890} INFO - Executing <Mapped(_PythonDecoratedOperator): file_copy_task> on 2025-05-26 08:14:03.293873+00:00
[2025-05-26T08:14:34.988+0000] {standard_task_runner.py:104} INFO - Running: ['***', 'tasks', 'run', 'image_processing_per_file_v2', 'file_copy_task', 'manual__2025-05-26T08:14:03.293873+00:00', '--job-id', '122', '--raw', '--subdir', 'DAGS_FOLDER/test_dag.py', '--cfg-path', '/tmp/tmpu2b3q3ji', '--map-index', '7']
[2025-05-26T08:14:34.994+0000] {standard_task_runner.py:105} INFO - Job 122: Subtask file_copy_task
[2025-05-26T08:14:35.009+0000] {warnings.py:112} WARNING - /home/***/.local/lib/python3.12/site-packages/***/task/task_runner/standard_task_runner.py:70: DeprecationWarning: This process (pid=672) is multi-threaded, use of fork() may lead to deadlocks in the child.
  pid = os.fork()

[2025-05-26T08:14:35.012+0000] {standard_task_runner.py:72} INFO - Started process 699 to run task
[2025-05-26T08:14:35.210+0000] {task_command.py:467} INFO - Running <TaskInstance: image_processing_per_file_v2.file_copy_task manual__2025-05-26T08:14:03.293873+00:00 map_index=7 [running]> on host a4866f957002
[2025-05-26T08:14:35.574+0000] {taskinstance.py:3134} INFO - Exporting env vars: AIRFLOW_CTX_DAG_OWNER='***' AIRFLOW_CTX_DAG_ID='image_processing_per_file_v2' AIRFLOW_CTX_TASK_ID='file_copy_task' AIRFLOW_CTX_EXECUTION_DATE='2025-05-26T08:14:03.293873+00:00' AIRFLOW_CTX_TRY_NUMBER='1' AIRFLOW_CTX_DAG_RUN_ID='manual__2025-05-26T08:14:03.293873+00:00'
[2025-05-26T08:14:35.580+0000] {logging_mixin.py:190} INFO - Task instance is in running state
[2025-05-26T08:14:35.581+0000] {logging_mixin.py:190} INFO -  Previous state of the Task instance: queued
[2025-05-26T08:14:35.581+0000] {logging_mixin.py:190} INFO - Current task name:file_copy_task state:running start_date:2025-05-26 08:14:34.789240+00:00
[2025-05-26T08:14:35.583+0000] {logging_mixin.py:190} INFO - Dag name:image_processing_per_file_v2 and current dag run status:running
[2025-05-26T08:14:35.584+0000] {taskinstance.py:732} INFO - ::endgroup::
[2025-05-26T08:14:35.835+0000] {logging_mixin.py:190} INFO - copy: /opt/***/data/result/test/스크린샷 2025-05-23 135629 - 복사본 - 복사본(5).png
[2025-05-26T08:14:35.836+0000] {python.py:240} INFO - Done. Returned value was: /opt/***/data/result/test/스크린샷 2025-05-23 135629 - 복사본 - 복사본(5).png
[2025-05-26T08:14:35.961+0000] {taskinstance.py:341} INFO - ::group::Post task execution logs
[2025-05-26T08:14:35.972+0000] {taskinstance.py:353} INFO - Marking task as SUCCESS. dag_id=image_processing_per_file_v2, task_id=file_copy_task, run_id=manual__2025-05-26T08:14:03.293873+00:00, map_index=7, execution_date=20250526T081403, start_date=20250526T081434, end_date=20250526T081435
[2025-05-26T08:14:36.118+0000] {logging_mixin.py:190} INFO - Task instance in success state
[2025-05-26T08:14:36.126+0000] {logging_mixin.py:190} INFO -  Previous state of the Task instance: running
[2025-05-26T08:14:36.129+0000] {logging_mixin.py:190} INFO - Dag name:image_processing_per_file_v2 queued_at:2025-05-26 08:14:03.302927+00:00
[2025-05-26T08:14:36.144+0000] {logging_mixin.py:190} INFO - Task hostname:a4866f957002 operator:_PythonDecoratedOperator
[2025-05-26T08:14:36.212+0000] {local_task_job_runner.py:266} INFO - Task exited with return code 0
[2025-05-26T08:14:36.344+0000] {taskinstance.py:3901} INFO - 0 downstream tasks scheduled from follow-on schedule check
[2025-05-26T08:14:36.367+0000] {local_task_job_runner.py:245} INFO - ::endgroup::
