[2025-05-28T07:18:34.730+0000] {local_task_job_runner.py:123} INFO - ::group::Pre task execution logs
[2025-05-28T07:18:34.750+0000] {taskinstance.py:2614} INFO - Dependencies all met for dep_context=non-requeueable deps ti=<TaskInstance: image_processing_per_file_v2.get_file_list manual__2025-05-28T07:18:31.615344+00:00 [queued]>
[2025-05-28T07:18:34.760+0000] {taskinstance.py:2614} INFO - Dependencies all met for dep_context=requeueable deps ti=<TaskInstance: image_processing_per_file_v2.get_file_list manual__2025-05-28T07:18:31.615344+00:00 [queued]>
[2025-05-28T07:18:34.760+0000] {taskinstance.py:2867} INFO - Starting attempt 1 of 1
[2025-05-28T07:18:34.776+0000] {taskinstance.py:2890} INFO - Executing <Task(_PythonDecoratedOperator): get_file_list> on 2025-05-28 07:18:31.615344+00:00
[2025-05-28T07:18:34.797+0000] {standard_task_runner.py:104} INFO - Running: ['***', 'tasks', 'run', 'image_processing_per_file_v2', 'get_file_list', 'manual__2025-05-28T07:18:31.615344+00:00', '--job-id', '29', '--raw', '--subdir', 'DAGS_FOLDER/test_dag.py', '--cfg-path', '/tmp/tmpnuge_66r']
[2025-05-28T07:18:34.800+0000] {standard_task_runner.py:105} INFO - Job 29: Subtask get_file_list
[2025-05-28T07:18:34.813+0000] {logging_mixin.py:190} WARNING - /home/***/.local/lib/python3.12/site-packages/***/task/task_runner/standard_task_runner.py:70 DeprecationWarning: This process (pid=39690) is multi-threaded, use of fork() may lead to deadlocks in the child.
[2025-05-28T07:18:34.819+0000] {standard_task_runner.py:72} INFO - Started process 39734 to run task
[2025-05-28T07:18:34.962+0000] {task_command.py:467} INFO - Running <TaskInstance: image_processing_per_file_v2.get_file_list manual__2025-05-28T07:18:31.615344+00:00 [running]> on host 293edbf976f9
[2025-05-28T07:18:35.131+0000] {taskinstance.py:3134} INFO - Exporting env vars: AIRFLOW_CTX_DAG_OWNER='***' AIRFLOW_CTX_DAG_ID='image_processing_per_file_v2' AIRFLOW_CTX_TASK_ID='get_file_list' AIRFLOW_CTX_EXECUTION_DATE='2025-05-28T07:18:31.615344+00:00' AIRFLOW_CTX_TRY_NUMBER='1' AIRFLOW_CTX_DAG_RUN_ID='manual__2025-05-28T07:18:31.615344+00:00'
[2025-05-28T07:18:35.138+0000] {logging_mixin.py:190} INFO - Task instance is in running state
[2025-05-28T07:18:35.140+0000] {logging_mixin.py:190} INFO -  Previous state of the Task instance: queued
[2025-05-28T07:18:35.140+0000] {logging_mixin.py:190} INFO - Current task name:get_file_list state:running start_date:2025-05-28 07:18:34.751147+00:00
[2025-05-28T07:18:35.141+0000] {logging_mixin.py:190} INFO - Dag name:image_processing_per_file_v2 and current dag run status:running
[2025-05-28T07:18:35.141+0000] {taskinstance.py:732} INFO - ::endgroup::
[2025-05-28T07:18:35.229+0000] {logging_mixin.py:190} INFO - --------filelen 12
[2025-05-28T07:18:35.230+0000] {python.py:240} INFO - Done. Returned value was: ['/opt/***/data/upload/test/스크린샷 2025-05-20 182000 - 복사본 (2).png', '/opt/***/data/upload/test/스크린샷 2025-05-20 182000 - 복사본 - 복사본.png', '/opt/***/data/upload/test/스크린샷 2025-05-21 172720 - 복사본 (2).png', '/opt/***/data/upload/test/스크린샷 2025-05-21 172720 - 복사본 - 복사본.png', '/opt/***/data/upload/test/스크린샷 2025-05-21 181632 - 복사본 (2).png', '/opt/***/data/upload/test/스크린샷 2025-05-21 181632 - 복사본 - 복사본.png', '/opt/***/data/upload/test/스크린샷 2025-05-23 135629 - 복사본 (2).png', '/opt/***/data/upload/test/스크린샷 2025-05-23 135629 - 복사본 - 복사본.png', '/opt/***/data/upload/test/스크린샷 2025-05-23 141009 - 복사본 (2).png', '/opt/***/data/upload/test/스크린샷 2025-05-23 141009 - 복사본 - 복사본.png', '/opt/***/data/upload/test/스크린샷 2025-05-23 143432 - 복사본 (2).png', '/opt/***/data/upload/test/스크린샷 2025-05-23 143432 - 복사본 - 복사본.png']
[2025-05-28T07:18:35.288+0000] {taskinstance.py:341} INFO - ::group::Post task execution logs
[2025-05-28T07:18:35.290+0000] {taskinstance.py:353} INFO - Marking task as SUCCESS. dag_id=image_processing_per_file_v2, task_id=get_file_list, run_id=manual__2025-05-28T07:18:31.615344+00:00, execution_date=20250528T071831, start_date=20250528T071834, end_date=20250528T071835
[2025-05-28T07:18:35.339+0000] {logging_mixin.py:190} INFO - Task instance in success state
[2025-05-28T07:18:35.339+0000] {logging_mixin.py:190} INFO -  Previous state of the Task instance: running
[2025-05-28T07:18:35.340+0000] {logging_mixin.py:190} INFO - Dag name:image_processing_per_file_v2 queued_at:2025-05-28 07:18:31.634747+00:00
[2025-05-28T07:18:35.341+0000] {logging_mixin.py:190} INFO - Task hostname:293edbf976f9 operator:_PythonDecoratedOperator
[2025-05-28T07:18:35.394+0000] {local_task_job_runner.py:266} INFO - Task exited with return code 0
[2025-05-28T07:18:35.919+0000] {taskinstance.py:3901} INFO - 12 downstream tasks scheduled from follow-on schedule check
[2025-05-28T07:18:35.923+0000] {local_task_job_runner.py:245} INFO - ::endgroup::
