[2025-06-24T16:11:06.240+0900] {local_task_job_runner.py:123} INFO - ::group::Pre task execution logs
[2025-06-24T16:11:06.334+0900] {taskinstance.py:2614} INFO - Dependencies all met for dep_context=non-requeueable deps ti=<TaskInstance: lilt_document_classifier_balanced_V0.1.img_preprocess_task__1 manual__2025-06-24T06:53:42.323966+00:00 map_index=82 [queued]>
[2025-06-24T16:11:06.370+0900] {taskinstance.py:2614} INFO - Dependencies all met for dep_context=requeueable deps ti=<TaskInstance: lilt_document_classifier_balanced_V0.1.img_preprocess_task__1 manual__2025-06-24T06:53:42.323966+00:00 map_index=82 [queued]>
[2025-06-24T16:11:06.373+0900] {taskinstance.py:2867} INFO - Starting attempt 1 of 1
[2025-06-24T16:11:06.454+0900] {taskinstance.py:2890} INFO - Executing <Mapped(_PythonDecoratedOperator): img_preprocess_task__1> on 2025-06-24 06:53:42.323966+00:00
[2025-06-24T16:11:06.502+0900] {standard_task_runner.py:104} INFO - Running: ['***', 'tasks', 'run', 'lilt_document_classifier_balanced_V0.1', 'img_preprocess_task__1', 'manual__2025-06-24T06:53:42.323966+00:00', '--job-id', '4384', '--raw', '--subdir', 'DAGS_FOLDER/class_create_dag.py', '--cfg-path', '/tmp/tmpg4s002pc', '--map-index', '82']
[2025-06-24T16:11:06.508+0900] {standard_task_runner.py:105} INFO - Job 4384: Subtask img_preprocess_task__1
[2025-06-24T16:11:06.497+0900] {warnings.py:112} WARNING - /home/***/.local/lib/python3.12/site-packages/***/task/task_runner/standard_task_runner.py:70: DeprecationWarning: This process (pid=50805) is multi-threaded, use of fork() may lead to deadlocks in the child.
  pid = os.fork()

[2025-06-24T16:11:06.527+0900] {standard_task_runner.py:72} INFO - Started process 50815 to run task
[2025-06-24T16:11:06.606+0900] {task_command.py:467} INFO - Running <TaskInstance: lilt_document_classifier_balanced_V0.1.img_preprocess_task__1 manual__2025-06-24T06:53:42.323966+00:00 map_index=82 [running]> on host f6d4228a9eb8
[2025-06-24T16:11:06.735+0900] {taskinstance.py:3134} INFO - Exporting env vars: AIRFLOW_CTX_DAG_OWNER='***' AIRFLOW_CTX_DAG_ID='lilt_document_classifier_balanced_V0.1' AIRFLOW_CTX_TASK_ID='img_preprocess_task__1' AIRFLOW_CTX_EXECUTION_DATE='2025-06-24T06:53:42.323966+00:00' AIRFLOW_CTX_TRY_NUMBER='1' AIRFLOW_CTX_DAG_RUN_ID='manual__2025-06-24T06:53:42.323966+00:00'
[2025-06-24T16:11:06.738+0900] {taskinstance.py:732} INFO - ::endgroup::
[2025-06-24T16:11:06.746+0900] {logging_mixin.py:190} INFO - empty map check {} {'process_id': '_f1d79b59-5974-4ded-be06-7096d587a5f2_pre', 'folder_path': 'e65b43b9-7e8e-44bb-9982-da53be937d0a/f1d79b59-5974-4ded-be06-7096d587a5f2', 'step_list': [{'name': 'cache', 'param': {'key': 'origin'}}, {'name': 'calc_angle_set2', 'param': {'key': 'angle1', 'iterations': 4, 'iter_save': False}}, {'name': 'text_orientation_set', 'param': {'key': 'angle2', 'iterations': 4, 'iter_save': False}}, {'name': 'load', 'param': {'key': 'origin'}}, {'name': 'rotate', 'param': {'key': 'angle1'}}, {'name': 'rotate', 'param': {'key': 'angle2'}}], 'result_file_map': {}}
[2025-06-24T16:11:06.754+0900] {logging_mixin.py:190} INFO - step : cache
[2025-06-24T16:11:06.756+0900] {logging_mixin.py:190} INFO - step : calc_angle_set2
[2025-06-24T16:11:14.494+0900] {logging_mixin.py:190} INFO - osd 1 0.25 0.25 21 25027 [15091, 15675, 16068, 16198, 16859, 17042, 17625, 17910, 18448, 18468, 19143, 19796, 20068, 20283, 21311, 21667, 22917, 23741, 23521, 23996, 23280, 25027, 23523, 24433, 23502, 22188, 21784, 20669, 20672, 20535, 19904, 19005, 18787, 18693, 18118, 17596, 17196, 16125, 15865, 16193, 15646]
[2025-06-24T16:11:20.389+0900] {logging_mixin.py:190} INFO - osd 2 -0.25 -0.5 18 23636 [14919, 15402, 15435, 15581, 15919, 16569, 17293, 17173, 17625, 18127, 18388, 19154, 19682, 20062, 20538, 21002, 22278, 23202, 23636, 23390, 22791, 23083, 22360, 22255, 21715, 20851, 20017, 19127, 18753, 18535, 18032, 18174, 17172, 17176, 16451, 15665, 15341, 15410, 14927, 14484, 14129]
[2025-06-24T16:11:26.857+0900] {logging_mixin.py:190} INFO - osd 3 0.5 0.75 23 22999 [13594, 13865, 13853, 14720, 14681, 14827, 14812, 15161, 15699, 16765, 16709, 17039, 17769, 18106, 18795, 19178, 20199, 20977, 21519, 21448, 21654, 22209, 22876, 22999, 22594, 20897, 20463, 19360, 19065, 18728, 18408, 17722, 17019, 16475, 16090, 15794, 15963, 15610, 14821, 14828, 13912]
[2025-06-24T16:11:32.093+0900] {logging_mixin.py:190} INFO - osd 4 -0.25 -0.75 17 22060 [13349, 13518, 14099, 14385, 14632, 14859, 15445, 15676, 16968, 16826, 17318, 17564, 17905, 19087, 19229, 20508, 21659, 22060, 21746, 21300, 20156, 20077, 19351, 19934, 18676, 17983, 17919, 17295, 16840, 15993, 15663, 15068, 15091, 14422, 13532, 13589, 13360, 12792, 12401, 12473, 12028]
[2025-06-24T16:11:32.246+0900] {logging_mixin.py:190} INFO - step : text_orientation_set
[2025-06-24T16:11:36.419+0900] {logging_mixin.py:190} INFO - osd 1 break  0 0 0.16 Arabic 0.83
[2025-06-24T16:11:36.429+0900] {logging_mixin.py:190} INFO - step : load
[2025-06-24T16:11:36.439+0900] {logging_mixin.py:190} INFO - step : rotate
[2025-06-24T16:11:36.517+0900] {logging_mixin.py:190} INFO - step : rotate
[2025-06-24T16:11:36.703+0900] {logging_mixin.py:190} INFO - file_copy: /opt/***/data/temp/e65b43b9-7e8e-44bb-9982-da53be937d0a/f1d79b59-5974-4ded-be06-7096d587a5f2/_result.png
[2025-06-24T16:11:36.725+0900] {python.py:240} INFO - Done. Returned value was: {'file_id': 'e65b43b9-7e8e-44bb-9982-da53be937d0a', 'file_path': '/opt/***/data/class/a_class/classify/ready/false/copied_15_1003478832.png', 'false': {'process_id': '_f1d79b59-5974-4ded-be06-7096d587a5f2_pre', 'folder_path': 'e65b43b9-7e8e-44bb-9982-da53be937d0a/f1d79b59-5974-4ded-be06-7096d587a5f2', 'step_list': [{'name': 'cache', 'param': {'key': 'origin'}}, {'name': 'calc_angle_set2', 'param': {'key': 'angle1', 'iterations': 4, 'iter_save': False}}, {'name': 'text_orientation_set', 'param': {'key': 'angle2', 'iterations': 4, 'iter_save': False}}, {'name': 'load', 'param': {'key': 'origin'}}, {'name': 'rotate', 'param': {'key': 'angle1'}}, {'name': 'rotate', 'param': {'key': 'angle2'}}], 'result_file_map': {'_result': '/opt/***/data/temp/e65b43b9-7e8e-44bb-9982-da53be937d0a/f1d79b59-5974-4ded-be06-7096d587a5f2/_result.png'}}}
[2025-06-24T16:11:36.773+0900] {taskinstance.py:341} INFO - ::group::Post task execution logs
[2025-06-24T16:11:36.787+0900] {taskinstance.py:353} INFO - Marking task as SUCCESS. dag_id=lilt_document_classifier_balanced_V0.1, task_id=img_preprocess_task__1, run_id=manual__2025-06-24T06:53:42.323966+00:00, map_index=82, execution_date=20250624T065342, start_date=20250624T071106, end_date=20250624T071136
[2025-06-24T16:11:36.860+0900] {local_task_job_runner.py:266} INFO - Task exited with return code 0
[2025-06-24T16:11:36.985+0900] {taskinstance.py:3901} INFO - 0 downstream tasks scheduled from follow-on schedule check
[2025-06-24T16:11:36.990+0900] {local_task_job_runner.py:245} INFO - ::endgroup::
