[2025-06-24T11:46:23.726+0900] {local_task_job_runner.py:123} INFO - ::group::Pre task execution logs
[2025-06-24T11:46:23.887+0900] {taskinstance.py:2614} INFO - Dependencies all met for dep_context=non-requeueable deps ti=<TaskInstance: lilt_document_classifier_balanced_V0.1.img_preprocess_task__1 manual__2025-06-24T02:31:44.485922+00:00 map_index=53 [queued]>
[2025-06-24T11:46:23.973+0900] {taskinstance.py:2614} INFO - Dependencies all met for dep_context=requeueable deps ti=<TaskInstance: lilt_document_classifier_balanced_V0.1.img_preprocess_task__1 manual__2025-06-24T02:31:44.485922+00:00 map_index=53 [queued]>
[2025-06-24T11:46:23.975+0900] {taskinstance.py:2867} INFO - Starting attempt 1 of 1
[2025-06-24T11:46:24.003+0900] {taskinstance.py:2890} INFO - Executing <Mapped(_PythonDecoratedOperator): img_preprocess_task__1> on 2025-06-24 02:31:44.485922+00:00
[2025-06-24T11:46:24.050+0900] {warnings.py:112} WARNING - /home/***/.local/lib/python3.12/site-packages/***/task/task_runner/standard_task_runner.py:70: DeprecationWarning: This process (pid=35663) is multi-threaded, use of fork() may lead to deadlocks in the child.
  pid = os.fork()

[2025-06-24T11:46:24.066+0900] {standard_task_runner.py:72} INFO - Started process 35690 to run task
[2025-06-24T11:46:24.060+0900] {standard_task_runner.py:104} INFO - Running: ['***', 'tasks', 'run', 'lilt_document_classifier_balanced_V0.1', 'img_preprocess_task__1', 'manual__2025-06-24T02:31:44.485922+00:00', '--job-id', '3845', '--raw', '--subdir', 'DAGS_FOLDER/class_create_dag.py', '--cfg-path', '/tmp/tmpt8u5ktlq', '--map-index', '53']
[2025-06-24T11:46:24.082+0900] {standard_task_runner.py:105} INFO - Job 3845: Subtask img_preprocess_task__1
[2025-06-24T11:46:24.323+0900] {task_command.py:467} INFO - Running <TaskInstance: lilt_document_classifier_balanced_V0.1.img_preprocess_task__1 manual__2025-06-24T02:31:44.485922+00:00 map_index=53 [running]> on host f6d4228a9eb8
[2025-06-24T11:46:24.940+0900] {taskinstance.py:3134} INFO - Exporting env vars: AIRFLOW_CTX_DAG_OWNER='***' AIRFLOW_CTX_DAG_ID='lilt_document_classifier_balanced_V0.1' AIRFLOW_CTX_TASK_ID='img_preprocess_task__1' AIRFLOW_CTX_EXECUTION_DATE='2025-06-24T02:31:44.485922+00:00' AIRFLOW_CTX_TRY_NUMBER='1' AIRFLOW_CTX_DAG_RUN_ID='manual__2025-06-24T02:31:44.485922+00:00'
[2025-06-24T11:46:24.948+0900] {taskinstance.py:732} INFO - ::endgroup::
[2025-06-24T11:46:24.952+0900] {logging_mixin.py:190} INFO - empty map check {} {'process_id': '_d25e58d2-cd24-43cd-b9d8-5aab44dc1e64_pre', 'folder_path': '0882542f-1a4b-4260-8328-d50ce278d41d/d25e58d2-cd24-43cd-b9d8-5aab44dc1e64', 'step_list': [{'name': 'cache', 'param': {'key': 'origin'}}, {'name': 'calc_angle_set2', 'param': {'key': 'angle1', 'iterations': 4, 'iter_save': True}}, {'name': 'save', 'param': {'key': 'ag1'}}, {'name': 'text_orientation_set', 'param': {'key': 'angle2', 'iterations': 4, 'iter_save': True}}, {'name': 'save', 'param': {'key': 'ag2'}}, {'name': 'load', 'param': {'key': 'origin'}}, {'name': 'rotate', 'param': {'key': 'angle1'}}, {'name': 'rotate', 'param': {'key': 'angle2'}}], 'result_file_map': {}}
[2025-06-24T11:46:24.966+0900] {logging_mixin.py:190} INFO - step : cache
[2025-06-24T11:46:24.975+0900] {logging_mixin.py:190} INFO - step : calc_angle_set2
[2025-06-24T11:46:29.348+0900] {logging_mixin.py:190} INFO - osd 1 0 0 0 0 [0, 0, 0, 0, 0, 0, 0, 0, 0, 0, 0, 0, 0, 0, 0, 0, 0, 0, 0, 0, 0, 0, 0, 0, 0, 0, 0, 0, 0, 0, 0, 0, 0, 0, 0, 0, 0, 0, 0, 0, 0]
[2025-06-24T11:46:35.117+0900] {logging_mixin.py:190} INFO - osd 2 0 0 0 0 [0, 0, 0, 0, 0, 0, 0, 0, 0, 0, 0, 0, 0, 0, 0, 0, 0, 0, 0, 0, 0, 0, 0, 0, 0, 0, 0, 0, 0, 0, 0, 0, 0, 0, 0, 0, 0, 0, 0, 0, 0]
[2025-06-24T11:46:42.433+0900] {logging_mixin.py:190} INFO - osd 3 0 0 0 0 [0, 0, 0, 0, 0, 0, 0, 0, 0, 0, 0, 0, 0, 0, 0, 0, 0, 0, 0, 0, 0, 0, 0, 0, 0, 0, 0, 0, 0, 0, 0, 0, 0, 0, 0, 0, 0, 0, 0, 0, 0]
[2025-06-24T11:46:48.292+0900] {logging_mixin.py:190} INFO - osd 4 0 0 0 0 [0, 0, 0, 0, 0, 0, 0, 0, 0, 0, 0, 0, 0, 0, 0, 0, 0, 0, 0, 0, 0, 0, 0, 0, 0, 0, 0, 0, 0, 0, 0, 0, 0, 0, 0, 0, 0, 0, 0, 0, 0]
[2025-06-24T11:46:48.388+0900] {logging_mixin.py:190} INFO - step : save
[2025-06-24T11:46:48.675+0900] {logging_mixin.py:190} INFO - file_copy: /opt/***/data/temp/0882542f-1a4b-4260-8328-d50ce278d41d/d25e58d2-cd24-43cd-b9d8-5aab44dc1e64/ag1.png
[2025-06-24T11:46:48.751+0900] {logging_mixin.py:190} INFO - step : text_orientation_set
[2025-06-24T11:46:54.103+0900] {logging_mixin.py:190} INFO - file_copy: /opt/***/data/temp/0882542f-1a4b-4260-8328-d50ce278d41d/d25e58d2-cd24-43cd-b9d8-5aab44dc1e64/rotate2_1.png
[2025-06-24T11:47:01.012+0900] {logging_mixin.py:190} INFO - osd 1 180 180 0.5 Arabic 0.0
[2025-06-24T11:47:04.417+0900] {logging_mixin.py:190} INFO - file_copy: /opt/***/data/temp/0882542f-1a4b-4260-8328-d50ce278d41d/d25e58d2-cd24-43cd-b9d8-5aab44dc1e64/rotate2_2.png
[2025-06-24T11:47:09.469+0900] {logging_mixin.py:190} INFO - osd 2 break  180 0 0.33 Arabic 0.83
[2025-06-24T11:47:09.470+0900] {logging_mixin.py:190} INFO - step : save
[2025-06-24T11:47:09.576+0900] {logging_mixin.py:190} INFO - file_copy: /opt/***/data/temp/0882542f-1a4b-4260-8328-d50ce278d41d/d25e58d2-cd24-43cd-b9d8-5aab44dc1e64/ag2.png
[2025-06-24T11:47:09.607+0900] {logging_mixin.py:190} INFO - step : load
[2025-06-24T11:47:09.612+0900] {logging_mixin.py:190} INFO - step : rotate
[2025-06-24T11:47:09.637+0900] {logging_mixin.py:190} INFO - step : rotate
[2025-06-24T11:47:09.761+0900] {logging_mixin.py:190} INFO - file_copy: /opt/***/data/temp/0882542f-1a4b-4260-8328-d50ce278d41d/d25e58d2-cd24-43cd-b9d8-5aab44dc1e64/_result.png
[2025-06-24T11:47:09.776+0900] {python.py:240} INFO - Done. Returned value was: {'file_id': '0882542f-1a4b-4260-8328-d50ce278d41d', 'file_path': '/opt/***/data/class/a_class/classify/ready/false/copied_2_2023270351.png', 'false': {'process_id': '_d25e58d2-cd24-43cd-b9d8-5aab44dc1e64_pre', 'folder_path': '0882542f-1a4b-4260-8328-d50ce278d41d/d25e58d2-cd24-43cd-b9d8-5aab44dc1e64', 'step_list': [{'name': 'cache', 'param': {'key': 'origin'}}, {'name': 'calc_angle_set2', 'param': {'key': 'angle1', 'iterations': 4, 'iter_save': True}}, {'name': 'save', 'param': {'key': 'ag1'}}, {'name': 'text_orientation_set', 'param': {'key': 'angle2', 'iterations': 4, 'iter_save': True}}, {'name': 'save', 'param': {'key': 'ag2'}}, {'name': 'load', 'param': {'key': 'origin'}}, {'name': 'rotate', 'param': {'key': 'angle1'}}, {'name': 'rotate', 'param': {'key': 'angle2'}}], 'result_file_map': {'ag1': '/opt/***/data/temp/0882542f-1a4b-4260-8328-d50ce278d41d/d25e58d2-cd24-43cd-b9d8-5aab44dc1e64/ag1.png', 'rotate2_1': '/opt/***/data/temp/0882542f-1a4b-4260-8328-d50ce278d41d/d25e58d2-cd24-43cd-b9d8-5aab44dc1e64/rotate2_1.png', 'rotate2_2': '/opt/***/data/temp/0882542f-1a4b-4260-8328-d50ce278d41d/d25e58d2-cd24-43cd-b9d8-5aab44dc1e64/rotate2_2.png', 'ag2': '/opt/***/data/temp/0882542f-1a4b-4260-8328-d50ce278d41d/d25e58d2-cd24-43cd-b9d8-5aab44dc1e64/ag2.png', '_result': '/opt/***/data/temp/0882542f-1a4b-4260-8328-d50ce278d41d/d25e58d2-cd24-43cd-b9d8-5aab44dc1e64/_result.png'}}}
[2025-06-24T11:47:09.838+0900] {taskinstance.py:341} INFO - ::group::Post task execution logs
[2025-06-24T11:47:09.839+0900] {taskinstance.py:353} INFO - Marking task as SUCCESS. dag_id=lilt_document_classifier_balanced_V0.1, task_id=img_preprocess_task__1, run_id=manual__2025-06-24T02:31:44.485922+00:00, map_index=53, execution_date=20250624T023144, start_date=20250624T024623, end_date=20250624T024709
[2025-06-24T11:47:10.036+0900] {local_task_job_runner.py:266} INFO - Task exited with return code 0
[2025-06-24T11:47:10.298+0900] {taskinstance.py:3901} INFO - 0 downstream tasks scheduled from follow-on schedule check
[2025-06-24T11:47:10.331+0900] {local_task_job_runner.py:245} INFO - ::endgroup::
