[2025-05-27T08:31:41.896+0000] {local_task_job_runner.py:123} INFO - ::group::Pre task execution logs
[2025-05-27T08:31:42.175+0000] {taskinstance.py:2614} INFO - Dependencies all met for dep_context=non-requeueable deps ti=<TaskInstance: image_processing_per_file_v2.grayscale_task manual__2025-05-27T08:27:30.939474+00:00 map_index=182 [queued]>
[2025-05-27T08:31:42.345+0000] {taskinstance.py:2614} INFO - Dependencies all met for dep_context=requeueable deps ti=<TaskInstance: image_processing_per_file_v2.grayscale_task manual__2025-05-27T08:27:30.939474+00:00 map_index=182 [queued]>
[2025-05-27T08:31:42.363+0000] {taskinstance.py:2867} INFO - Starting attempt 1 of 1
[2025-05-27T08:31:42.487+0000] {taskinstance.py:2890} INFO - Executing <Mapped(_PythonDecoratedOperator): grayscale_task> on 2025-05-27 08:27:30.939474+00:00
[2025-05-27T08:31:42.598+0000] {standard_task_runner.py:104} INFO - Running: ['***', 'tasks', 'run', 'image_processing_per_file_v2', 'grayscale_task', 'manual__2025-05-27T08:27:30.939474+00:00', '--job-id', '273', '--raw', '--subdir', 'DAGS_FOLDER/test_dag.py', '--cfg-path', '/tmp/tmpvns15gon', '--map-index', '182']
[2025-05-27T08:31:42.639+0000] {logging_mixin.py:190} WARNING - /home/***/.local/lib/python3.12/site-packages/***/task/task_runner/standard_task_runner.py:70 DeprecationWarning: This process (pid=19530) is multi-threaded, use of fork() may lead to deadlocks in the child.
[2025-05-27T08:31:42.719+0000] {standard_task_runner.py:72} INFO - Started process 19612 to run task
[2025-05-27T08:31:42.709+0000] {standard_task_runner.py:105} INFO - Job 273: Subtask grayscale_task
[2025-05-27T08:31:43.277+0000] {task_command.py:467} INFO - Running <TaskInstance: image_processing_per_file_v2.grayscale_task manual__2025-05-27T08:27:30.939474+00:00 map_index=182 [running]> on host d13339a4a574
[2025-05-27T08:31:44.097+0000] {taskinstance.py:3134} INFO - Exporting env vars: AIRFLOW_CTX_DAG_OWNER='***' AIRFLOW_CTX_DAG_ID='image_processing_per_file_v2' AIRFLOW_CTX_TASK_ID='grayscale_task' AIRFLOW_CTX_EXECUTION_DATE='2025-05-27T08:27:30.939474+00:00' AIRFLOW_CTX_TRY_NUMBER='1' AIRFLOW_CTX_DAG_RUN_ID='manual__2025-05-27T08:27:30.939474+00:00'
[2025-05-27T08:31:44.109+0000] {logging_mixin.py:190} INFO - Task instance is in running state
[2025-05-27T08:31:44.109+0000] {logging_mixin.py:190} INFO -  Previous state of the Task instance: queued
[2025-05-27T08:31:44.110+0000] {logging_mixin.py:190} INFO - Current task name:grayscale_task state:running start_date:2025-05-27 08:31:42.180315+00:00
[2025-05-27T08:31:44.110+0000] {logging_mixin.py:190} INFO - Dag name:image_processing_per_file_v2 and current dag run status:running
[2025-05-27T08:31:44.111+0000] {taskinstance.py:732} INFO - ::endgroup::
[2025-05-27T08:31:44.112+0000] {logging_mixin.py:190} INFO - ----------file_path /opt/***/data/upload/test/스크린샷 2025-05-21 181632 - 복사본 - 복사본 - 복사본 - 복사본 - 복사본.png
[2025-05-27T08:31:45.822+0000] {logging_mixin.py:190} INFO - gray: /opt/***/data/temp/스크린샷 2025-05-21 181632 - 복사본 - 복사본 - 복사본 - 복사본 - 복사본.png
[2025-05-27T08:31:45.834+0000] {python.py:240} INFO - Done. Returned value was: /opt/***/data/temp/스크린샷 2025-05-21 181632 - 복사본 - 복사본 - 복사본 - 복사본 - 복사본.png
[2025-05-27T08:31:46.084+0000] {taskinstance.py:341} INFO - ::group::Post task execution logs
[2025-05-27T08:31:46.089+0000] {taskinstance.py:353} INFO - Marking task as SUCCESS. dag_id=image_processing_per_file_v2, task_id=grayscale_task, run_id=manual__2025-05-27T08:27:30.939474+00:00, map_index=182, execution_date=20250527T082730, start_date=20250527T083142, end_date=20250527T083146
[2025-05-27T08:31:46.561+0000] {logging_mixin.py:190} INFO - Task instance in success state
[2025-05-27T08:31:46.614+0000] {logging_mixin.py:190} INFO -  Previous state of the Task instance: running
[2025-05-27T08:31:46.632+0000] {logging_mixin.py:190} INFO - Dag name:image_processing_per_file_v2 queued_at:2025-05-27 08:27:30.973127+00:00
[2025-05-27T08:31:46.656+0000] {logging_mixin.py:190} INFO - Task hostname:d13339a4a574 operator:_PythonDecoratedOperator
[2025-05-27T08:31:46.944+0000] {local_task_job_runner.py:266} INFO - Task exited with return code 0
[2025-05-27T08:31:47.342+0000] {taskinstance.py:3901} INFO - 0 downstream tasks scheduled from follow-on schedule check
[2025-05-27T08:31:46.811+0000] {local_task_job_runner.py:245} INFO - ::endgroup::
[2025-05-27T08:31:46.850+0000] {standard_task_runner.py:217} INFO - Process not found (most likely exited), stop collecting metrics
