[2025-06-23T10:28:15.324+0900] {local_task_job_runner.py:123} INFO - ::group::Pre task execution logs
[2025-06-23T10:28:15.465+0900] {taskinstance.py:2614} INFO - Dependencies all met for dep_context=non-requeueable deps ti=<TaskInstance: lilt_document_classifier_balanced_V0.1.img_preprocess_task__1 manual__2025-06-23T01:24:40.043171+00:00 map_index=55 [queued]>
[2025-06-23T10:28:15.640+0900] {taskinstance.py:2614} INFO - Dependencies all met for dep_context=requeueable deps ti=<TaskInstance: lilt_document_classifier_balanced_V0.1.img_preprocess_task__1 manual__2025-06-23T01:24:40.043171+00:00 map_index=55 [queued]>
[2025-06-23T10:28:15.655+0900] {taskinstance.py:2867} INFO - Starting attempt 1 of 1
[2025-06-23T10:28:15.901+0900] {taskinstance.py:2890} INFO - Executing <Mapped(_PythonDecoratedOperator): img_preprocess_task__1> on 2025-06-23 01:24:40.043171+00:00
[2025-06-23T10:28:15.997+0900] {standard_task_runner.py:104} INFO - Running: ['***', 'tasks', 'run', 'lilt_document_classifier_balanced_V0.1', 'img_preprocess_task__1', 'manual__2025-06-23T01:24:40.043171+00:00', '--job-id', '2197', '--raw', '--subdir', 'DAGS_FOLDER/class_create_dag.py', '--cfg-path', '/tmp/tmp2224k7hz', '--map-index', '55']
[2025-06-23T10:28:16.031+0900] {standard_task_runner.py:105} INFO - Job 2197: Subtask img_preprocess_task__1
[2025-06-23T10:28:15.994+0900] {warnings.py:112} WARNING - /home/***/.local/lib/python3.12/site-packages/***/task/task_runner/standard_task_runner.py:70: DeprecationWarning: This process (pid=87118) is multi-threaded, use of fork() may lead to deadlocks in the child.
  pid = os.fork()

[2025-06-23T10:28:16.032+0900] {standard_task_runner.py:72} INFO - Started process 87247 to run task
[2025-06-23T10:28:16.225+0900] {task_command.py:467} INFO - Running <TaskInstance: lilt_document_classifier_balanced_V0.1.img_preprocess_task__1 manual__2025-06-23T01:24:40.043171+00:00 map_index=55 [running]> on host f6d4228a9eb8
[2025-06-23T10:28:16.539+0900] {taskinstance.py:3134} INFO - Exporting env vars: AIRFLOW_CTX_DAG_OWNER='***' AIRFLOW_CTX_DAG_ID='lilt_document_classifier_balanced_V0.1' AIRFLOW_CTX_TASK_ID='img_preprocess_task__1' AIRFLOW_CTX_EXECUTION_DATE='2025-06-23T01:24:40.043171+00:00' AIRFLOW_CTX_TRY_NUMBER='1' AIRFLOW_CTX_DAG_RUN_ID='manual__2025-06-23T01:24:40.043171+00:00'
[2025-06-23T10:28:16.544+0900] {taskinstance.py:732} INFO - ::endgroup::
[2025-06-23T10:28:16.550+0900] {logging_mixin.py:190} INFO - empty map check {} {'process_id': '_a543b3db-6f7a-4d60-a79f-63867a14d84f_pre', 'folder_path': 'a9a81ffc-ab86-4ba6-8f2c-ece8a75334f6/a543b3db-6f7a-4d60-a79f-63867a14d84f', 'step_list': [{'name': 'cache', 'param': {'key': 'origin'}}, {'name': 'calc_angle_set1', 'param': {'key': 'angle1', 'iterations': 4, 'iter_save': False}}, {'name': 'text_orientation_set', 'param': {'key': 'angle2', 'iterations': 4, 'iter_save': False}}, {'name': 'load', 'param': {'key': 'origin'}}, {'name': 'rotate', 'param': {'key': 'angle1'}}, {'name': 'rotate', 'param': {'key': 'angle2'}}], 'result_file_map': {}}
[2025-06-23T10:28:16.559+0900] {logging_mixin.py:190} INFO - step : cache
[2025-06-23T10:28:16.559+0900] {logging_mixin.py:190} INFO - step : calc_angle_set1
[2025-06-23T10:28:16.588+0900] {logging_mixin.py:190} INFO - step : text_orientation_set
[2025-06-23T10:28:22.582+0900] {logging_mixin.py:190} INFO - osd 1 break  0 0 1.8 Latin 36.67
[2025-06-23T10:28:22.610+0900] {logging_mixin.py:190} INFO - step : load
[2025-06-23T10:28:22.620+0900] {logging_mixin.py:190} INFO - step : rotate
[2025-06-23T10:28:22.638+0900] {logging_mixin.py:190} INFO - step : rotate
[2025-06-23T10:28:22.676+0900] {logging_mixin.py:190} INFO - file_copy: /opt/***/data/temp/a9a81ffc-ab86-4ba6-8f2c-ece8a75334f6/a543b3db-6f7a-4d60-a79f-63867a14d84f/_result.png
[2025-06-23T10:28:22.687+0900] {python.py:240} INFO - Done. Returned value was: {'file_id': 'a9a81ffc-ab86-4ba6-8f2c-ece8a75334f6', 'file_path': '/opt/***/data/class/a_class/classify/ready/false/copied_22_2505502295_2310.png', 'false': {'process_id': '_a543b3db-6f7a-4d60-a79f-63867a14d84f_pre', 'folder_path': 'a9a81ffc-ab86-4ba6-8f2c-ece8a75334f6/a543b3db-6f7a-4d60-a79f-63867a14d84f', 'step_list': [{'name': 'cache', 'param': {'key': 'origin'}}, {'name': 'calc_angle_set1', 'param': {'key': 'angle1', 'iterations': 4, 'iter_save': False}}, {'name': 'text_orientation_set', 'param': {'key': 'angle2', 'iterations': 4, 'iter_save': False}}, {'name': 'load', 'param': {'key': 'origin'}}, {'name': 'rotate', 'param': {'key': 'angle1'}}, {'name': 'rotate', 'param': {'key': 'angle2'}}], 'result_file_map': {'_result': '/opt/***/data/temp/a9a81ffc-ab86-4ba6-8f2c-ece8a75334f6/a543b3db-6f7a-4d60-a79f-63867a14d84f/_result.png'}}}
[2025-06-23T10:28:22.992+0900] {taskinstance.py:341} INFO - ::group::Post task execution logs
[2025-06-23T10:28:23.001+0900] {taskinstance.py:353} INFO - Marking task as SUCCESS. dag_id=lilt_document_classifier_balanced_V0.1, task_id=img_preprocess_task__1, run_id=manual__2025-06-23T01:24:40.043171+00:00, map_index=55, execution_date=20250623T012440, start_date=20250623T012815, end_date=20250623T012823
[2025-06-23T10:28:23.139+0900] {local_task_job_runner.py:266} INFO - Task exited with return code 0
[2025-06-23T10:28:23.219+0900] {taskinstance.py:3901} INFO - 0 downstream tasks scheduled from follow-on schedule check
[2025-06-23T10:28:23.250+0900] {local_task_job_runner.py:245} INFO - ::endgroup::
