[2025-06-25T18:38:04.169+0900] {local_task_job_runner.py:123} INFO - ::group::Pre task execution logs
[2025-06-25T18:38:04.235+0900] {taskinstance.py:2614} INFO - Dependencies all met for dep_context=non-requeueable deps ti=<TaskInstance: lilt_document_classifier_balanced_V0.1.img_preprocess_task__1 manual__2025-06-25T09:28:52.715795+00:00 map_index=48 [queued]>
[2025-06-25T18:38:04.319+0900] {taskinstance.py:2614} INFO - Dependencies all met for dep_context=requeueable deps ti=<TaskInstance: lilt_document_classifier_balanced_V0.1.img_preprocess_task__1 manual__2025-06-25T09:28:52.715795+00:00 map_index=48 [queued]>
[2025-06-25T18:38:04.323+0900] {taskinstance.py:2867} INFO - Starting attempt 1 of 1
[2025-06-25T18:38:04.406+0900] {taskinstance.py:2890} INFO - Executing <Mapped(_PythonDecoratedOperator): img_preprocess_task__1> on 2025-06-25 09:28:52.715795+00:00
[2025-06-25T18:38:04.462+0900] {warnings.py:112} WARNING - /home/***/.local/lib/python3.12/site-packages/***/task/task_runner/standard_task_runner.py:70: DeprecationWarning: This process (pid=2727) is multi-threaded, use of fork() may lead to deadlocks in the child.
  pid = os.fork()

[2025-06-25T18:38:04.468+0900] {standard_task_runner.py:72} INFO - Started process 2817 to run task
[2025-06-25T18:38:04.479+0900] {standard_task_runner.py:104} INFO - Running: ['***', 'tasks', 'run', 'lilt_document_classifier_balanced_V0.1', 'img_preprocess_task__1', 'manual__2025-06-25T09:28:52.715795+00:00', '--job-id', '5429', '--raw', '--subdir', 'DAGS_FOLDER/class_create_dag.py', '--cfg-path', '/tmp/tmpfv6eqgax', '--map-index', '48']
[2025-06-25T18:38:04.492+0900] {standard_task_runner.py:105} INFO - Job 5429: Subtask img_preprocess_task__1
[2025-06-25T18:38:04.699+0900] {task_command.py:467} INFO - Running <TaskInstance: lilt_document_classifier_balanced_V0.1.img_preprocess_task__1 manual__2025-06-25T09:28:52.715795+00:00 map_index=48 [running]> on host f6d4228a9eb8
[2025-06-25T18:38:06.836+0900] {taskinstance.py:3134} INFO - Exporting env vars: AIRFLOW_CTX_DAG_OWNER='***' AIRFLOW_CTX_DAG_ID='lilt_document_classifier_balanced_V0.1' AIRFLOW_CTX_TASK_ID='img_preprocess_task__1' AIRFLOW_CTX_EXECUTION_DATE='2025-06-25T09:28:52.715795+00:00' AIRFLOW_CTX_TRY_NUMBER='1' AIRFLOW_CTX_DAG_RUN_ID='manual__2025-06-25T09:28:52.715795+00:00'
[2025-06-25T18:38:06.840+0900] {taskinstance.py:732} INFO - ::endgroup::
[2025-06-25T18:38:06.844+0900] {logging_mixin.py:190} INFO - empty map check {} {}
[2025-06-25T18:38:06.851+0900] {logging_mixin.py:190} INFO - step : cache
[2025-06-25T18:38:06.853+0900] {logging_mixin.py:190} INFO - step : calc_angle_set2
[2025-06-25T18:38:07.755+0900] {logging_mixin.py:190} INFO - osd 1 0.0 0.0 5 6077 [0, 0, 0, 0, 0, 6077, 0, 0, 0, 0, 0]
[2025-06-25T18:38:09.490+0900] {logging_mixin.py:190} INFO - osd 2 0.0 0.0 5 6077 [0, 0, 0, 0, 0, 6077, 0, 0, 0, 0, 0]
[2025-06-25T18:38:09.622+0900] {logging_mixin.py:190} INFO - step : calc_angle_set2
[2025-06-25T18:38:11.458+0900] {logging_mixin.py:190} INFO - osd 1 0.0 0.0 8 6077 [0, 0, 0, 0, 0, 0, 1113, 2935, 6077, 3213, 1489, 22, 0, 0, 0, 0, 0]
[2025-06-25T18:38:13.083+0900] {logging_mixin.py:190} INFO - osd 2 0.0 0.0 8 6077 [0, 0, 0, 0, 0, 0, 1113, 2935, 6077, 3213, 1489, 22, 0, 0, 0, 0, 0]
[2025-06-25T18:38:13.094+0900] {logging_mixin.py:190} INFO - step : calc_angle_set2
[2025-06-25T18:38:13.979+0900] {logging_mixin.py:190} INFO - osd 1 0.125 0.125 9 6335 [2935, 3202, 3724, 3961, 4054, 4491, 5601, 5604, 6077, 6335, 5895, 5300, 5280, 4232, 3899, 3473, 3213]
[2025-06-25T18:38:15.003+0900] {logging_mixin.py:190} INFO - osd 2 0.0 -0.125 7 6168 [3245, 3572, 3944, 4376, 4938, 5358, 5982, 6168, 5730, 6001, 5698, 4976, 4294, 3975, 3776, 3468, 3172]
[2025-06-25T18:38:15.355+0900] {logging_mixin.py:190} INFO - step : text_orientation_set
[2025-06-25T18:38:20.364+0900] {logging_mixin.py:190} INFO - Tesseract OSD Error: (1, 'Estimating resolution as 120 Warning. Invalid resolution 0 dpi. Using 70 instead. Too few characters. Skipping this page Error during processing.')
[2025-06-25T18:38:20.483+0900] {logging_mixin.py:190} INFO - file_copy: /opt/***/data/temp/5bff5029-3eca-4f06-b42e-08396b7cb247/f926535d-055e-4d0a-91af-e04d5b7f5122/_result.png
[2025-06-25T18:38:20.495+0900] {python.py:240} INFO - Done. Returned value was: {'file_id': '5bff5029-3eca-4f06-b42e-08396b7cb247', 'file_path': '/opt/***/data/class/a_class/classify/ready/false/copied_56_ton01920.33.png', 'false': {'process_id': '_f926535d-055e-4d0a-91af-e04d5b7f5122_pre', 'folder_path': '5bff5029-3eca-4f06-b42e-08396b7cb247/f926535d-055e-4d0a-91af-e04d5b7f5122', 'step_list': [{'name': 'cache', 'param': {'cache_key': 'origin'}}, {'name': 'calc_angle_set2', 'param': {'angle_key': 'angle2_1', 'delta': 8.0, 'limit': 40, 'iterations': 2, 'iter_save': False}}, {'name': 'calc_angle_set2', 'param': {'angle_key': 'angle2_2', 'delta': 1.0, 'limit': 8, 'iterations': 2, 'iter_save': False}}, {'name': 'calc_angle_set2', 'param': {'angle_key': 'angle2_3', 'delta': 0.125, 'limit': 1, 'iterations': 2, 'iter_save': False}}, {'name': 'text_orientation_set', 'param': {'angle_key': 'orint', 'iterations': 3, 'iter_save': False}}], 'result_file_map': {'_result': '/opt/***/data/temp/5bff5029-3eca-4f06-b42e-08396b7cb247/f926535d-055e-4d0a-91af-e04d5b7f5122/_result.png'}}}
[2025-06-25T18:38:20.603+0900] {taskinstance.py:341} INFO - ::group::Post task execution logs
[2025-06-25T18:38:20.606+0900] {taskinstance.py:353} INFO - Marking task as SUCCESS. dag_id=lilt_document_classifier_balanced_V0.1, task_id=img_preprocess_task__1, run_id=manual__2025-06-25T09:28:52.715795+00:00, map_index=48, execution_date=20250625T092852, start_date=20250625T093804, end_date=20250625T093820
[2025-06-25T18:38:20.810+0900] {local_task_job_runner.py:266} INFO - Task exited with return code 0
[2025-06-25T18:38:21.071+0900] {taskinstance.py:3901} INFO - 0 downstream tasks scheduled from follow-on schedule check
[2025-06-25T18:38:21.081+0900] {local_task_job_runner.py:245} INFO - ::endgroup::
