[2025-06-24T11:42:32.878+0900] {local_task_job_runner.py:123} INFO - ::group::Pre task execution logs
[2025-06-24T11:42:32.945+0900] {taskinstance.py:2614} INFO - Dependencies all met for dep_context=non-requeueable deps ti=<TaskInstance: lilt_document_classifier_balanced_V0.1.img_preprocess_task__1 manual__2025-06-24T02:31:44.485922+00:00 map_index=40 [queued]>
[2025-06-24T11:42:32.990+0900] {taskinstance.py:2614} INFO - Dependencies all met for dep_context=requeueable deps ti=<TaskInstance: lilt_document_classifier_balanced_V0.1.img_preprocess_task__1 manual__2025-06-24T02:31:44.485922+00:00 map_index=40 [queued]>
[2025-06-24T11:42:32.997+0900] {taskinstance.py:2867} INFO - Starting attempt 1 of 1
[2025-06-24T11:42:33.028+0900] {taskinstance.py:2890} INFO - Executing <Mapped(_PythonDecoratedOperator): img_preprocess_task__1> on 2025-06-24 02:31:44.485922+00:00
[2025-06-24T11:42:33.053+0900] {warnings.py:112} WARNING - /home/***/.local/lib/python3.12/site-packages/***/task/task_runner/standard_task_runner.py:70: DeprecationWarning: This process (pid=35132) is multi-threaded, use of fork() may lead to deadlocks in the child.
  pid = os.fork()

[2025-06-24T11:42:33.060+0900] {standard_task_runner.py:72} INFO - Started process 35142 to run task
[2025-06-24T11:42:33.054+0900] {standard_task_runner.py:104} INFO - Running: ['***', 'tasks', 'run', 'lilt_document_classifier_balanced_V0.1', 'img_preprocess_task__1', 'manual__2025-06-24T02:31:44.485922+00:00', '--job-id', '3819', '--raw', '--subdir', 'DAGS_FOLDER/class_create_dag.py', '--cfg-path', '/tmp/tmpkomdp5lz', '--map-index', '40']
[2025-06-24T11:42:33.065+0900] {standard_task_runner.py:105} INFO - Job 3819: Subtask img_preprocess_task__1
[2025-06-24T11:42:33.213+0900] {task_command.py:467} INFO - Running <TaskInstance: lilt_document_classifier_balanced_V0.1.img_preprocess_task__1 manual__2025-06-24T02:31:44.485922+00:00 map_index=40 [running]> on host f6d4228a9eb8
[2025-06-24T11:42:33.820+0900] {taskinstance.py:3134} INFO - Exporting env vars: AIRFLOW_CTX_DAG_OWNER='***' AIRFLOW_CTX_DAG_ID='lilt_document_classifier_balanced_V0.1' AIRFLOW_CTX_TASK_ID='img_preprocess_task__1' AIRFLOW_CTX_EXECUTION_DATE='2025-06-24T02:31:44.485922+00:00' AIRFLOW_CTX_TRY_NUMBER='1' AIRFLOW_CTX_DAG_RUN_ID='manual__2025-06-24T02:31:44.485922+00:00'
[2025-06-24T11:42:33.826+0900] {taskinstance.py:732} INFO - ::endgroup::
[2025-06-24T11:42:33.832+0900] {logging_mixin.py:190} INFO - empty map check {} {'process_id': '_990ba016-c611-42ec-8bf0-bde9946680fe_pre', 'folder_path': '61a46b0d-20de-4b43-8acd-63424298a2f4/990ba016-c611-42ec-8bf0-bde9946680fe', 'step_list': [{'name': 'cache', 'param': {'key': 'origin'}}, {'name': 'calc_angle_set2', 'param': {'key': 'angle1', 'iterations': 4, 'iter_save': True}}, {'name': 'save', 'param': {'key': 'ag1'}}, {'name': 'text_orientation_set', 'param': {'key': 'angle2', 'iterations': 4, 'iter_save': True}}, {'name': 'save', 'param': {'key': 'ag2'}}, {'name': 'load', 'param': {'key': 'origin'}}, {'name': 'rotate', 'param': {'key': 'angle1'}}, {'name': 'rotate', 'param': {'key': 'angle2'}}], 'result_file_map': {}}
[2025-06-24T11:42:33.840+0900] {logging_mixin.py:190} INFO - step : cache
[2025-06-24T11:42:33.841+0900] {logging_mixin.py:190} INFO - step : calc_angle_set2
[2025-06-24T11:42:41.225+0900] {logging_mixin.py:190} INFO - osd 1 -5.0 -5.0 0 27619 [27619, 25656, 23677, 21429, 19495, 17542, 15593, 13709, 11966, 10378, 8843, 7831, 7007, 6193, 5239, 4424, 3618, 2809, 1869, 1063, 266, 460, 612, 923, 1085, 1244, 1423, 1730, 1903, 2097, 2449, 2982, 3454, 3967, 4521, 5095, 5785, 6487, 7390, 8066, 8712]
[2025-06-24T11:42:47.633+0900] {logging_mixin.py:190} INFO - osd 2 0.0 5.0 40 157992 [157852, 153059, 147273, 142524, 137858, 132175, 127533, 121903, 117369, 112848, 107324, 102873, 97458, 93141, 87815, 83521, 78285, 73178, 69072, 64033, 60044, 63408, 67773, 71325, 75960, 80646, 84515, 89659, 93906, 99514, 104393, 110346, 115309, 120209, 126309, 131192, 137254, 142229, 147347, 153432, 157992]
[2025-06-24T11:42:55.409+0900] {logging_mixin.py:190} INFO - osd 3 -5.0 -5.0 0 250783 [250783, 245288, 240969, 235483, 229963, 225656, 220224, 214827, 210555, 205240, 199903, 194600, 190513, 185229, 179964, 174746, 169548, 164481, 159368, 154167, 149565, 154188, 159229, 164399, 169354, 174451, 179617, 184666, 189805, 193866, 199045, 204277, 209562, 213597, 218900, 224143, 228333, 233697, 239068, 243235, 248642]
[2025-06-24T11:43:04.059+0900] {logging_mixin.py:190} INFO - osd 4 -10.0 -5.0 0 365026 [365026, 357659, 350513, 344614, 337631, 330678, 323879, 317291, 310733, 303171, 297046, 290939, 285084, 279432, 273906, 268355, 262894, 256316, 250872, 245468, 240097, 245750, 251485, 257251, 264009, 269796, 275521, 281356, 287072, 292945, 298754, 304604, 311620, 317499, 323421, 329374, 335287, 341491, 346190, 352257, 357951]
[2025-06-24T11:43:04.346+0900] {logging_mixin.py:190} INFO - step : save
[2025-06-24T11:43:04.953+0900] {logging_mixin.py:190} INFO - file_copy: /opt/***/data/temp/61a46b0d-20de-4b43-8acd-63424298a2f4/990ba016-c611-42ec-8bf0-bde9946680fe/ag1.png
[2025-06-24T11:43:04.966+0900] {logging_mixin.py:190} INFO - step : text_orientation_set
[2025-06-24T11:43:07.751+0900] {logging_mixin.py:190} INFO - file_copy: /opt/***/data/temp/61a46b0d-20de-4b43-8acd-63424298a2f4/990ba016-c611-42ec-8bf0-bde9946680fe/rotate2_1.png
[2025-06-24T11:43:09.744+0900] {logging_mixin.py:190} INFO - osd 1 break  0 0 3.9 Latin 2.31
[2025-06-24T11:43:09.745+0900] {logging_mixin.py:190} INFO - step : save
[2025-06-24T11:43:09.955+0900] {logging_mixin.py:190} INFO - file_copy: /opt/***/data/temp/61a46b0d-20de-4b43-8acd-63424298a2f4/990ba016-c611-42ec-8bf0-bde9946680fe/ag2.png
[2025-06-24T11:43:09.973+0900] {logging_mixin.py:190} INFO - step : load
[2025-06-24T11:43:09.976+0900] {logging_mixin.py:190} INFO - step : rotate
[2025-06-24T11:43:10.046+0900] {logging_mixin.py:190} INFO - step : rotate
[2025-06-24T11:43:10.108+0900] {logging_mixin.py:190} INFO - file_copy: /opt/***/data/temp/61a46b0d-20de-4b43-8acd-63424298a2f4/990ba016-c611-42ec-8bf0-bde9946680fe/_result.png
[2025-06-24T11:43:10.130+0900] {python.py:240} INFO - Done. Returned value was: {'file_id': '61a46b0d-20de-4b43-8acd-63424298a2f4', 'file_path': '/opt/***/data/class/a_class/classify/ready/false/copied_63_2501428186_2501428207.png', 'false': {'process_id': '_990ba016-c611-42ec-8bf0-bde9946680fe_pre', 'folder_path': '61a46b0d-20de-4b43-8acd-63424298a2f4/990ba016-c611-42ec-8bf0-bde9946680fe', 'step_list': [{'name': 'cache', 'param': {'key': 'origin'}}, {'name': 'calc_angle_set2', 'param': {'key': 'angle1', 'iterations': 4, 'iter_save': True}}, {'name': 'save', 'param': {'key': 'ag1'}}, {'name': 'text_orientation_set', 'param': {'key': 'angle2', 'iterations': 4, 'iter_save': True}}, {'name': 'save', 'param': {'key': 'ag2'}}, {'name': 'load', 'param': {'key': 'origin'}}, {'name': 'rotate', 'param': {'key': 'angle1'}}, {'name': 'rotate', 'param': {'key': 'angle2'}}], 'result_file_map': {'ag1': '/opt/***/data/temp/61a46b0d-20de-4b43-8acd-63424298a2f4/990ba016-c611-42ec-8bf0-bde9946680fe/ag1.png', 'rotate2_1': '/opt/***/data/temp/61a46b0d-20de-4b43-8acd-63424298a2f4/990ba016-c611-42ec-8bf0-bde9946680fe/rotate2_1.png', 'ag2': '/opt/***/data/temp/61a46b0d-20de-4b43-8acd-63424298a2f4/990ba016-c611-42ec-8bf0-bde9946680fe/ag2.png', '_result': '/opt/***/data/temp/61a46b0d-20de-4b43-8acd-63424298a2f4/990ba016-c611-42ec-8bf0-bde9946680fe/_result.png'}}}
[2025-06-24T11:43:10.221+0900] {taskinstance.py:341} INFO - ::group::Post task execution logs
[2025-06-24T11:43:10.227+0900] {taskinstance.py:353} INFO - Marking task as SUCCESS. dag_id=lilt_document_classifier_balanced_V0.1, task_id=img_preprocess_task__1, run_id=manual__2025-06-24T02:31:44.485922+00:00, map_index=40, execution_date=20250624T023144, start_date=20250624T024232, end_date=20250624T024310
[2025-06-24T11:43:10.329+0900] {local_task_job_runner.py:266} INFO - Task exited with return code 0
[2025-06-24T11:43:10.501+0900] {taskinstance.py:3901} INFO - 0 downstream tasks scheduled from follow-on schedule check
[2025-06-24T11:43:10.521+0900] {local_task_job_runner.py:245} INFO - ::endgroup::
