[2025-06-23T16:09:25.026+0900] {local_task_job_runner.py:123} INFO - ::group::Pre task execution logs
[2025-06-23T16:09:25.118+0900] {taskinstance.py:2614} INFO - Dependencies all met for dep_context=non-requeueable deps ti=<TaskInstance: lilt_document_classifier_balanced_V0.1.img_preprocess_task manual__2025-06-23T06:45:10.371530+00:00 map_index=61 [queued]>
[2025-06-23T16:09:25.190+0900] {taskinstance.py:2614} INFO - Dependencies all met for dep_context=requeueable deps ti=<TaskInstance: lilt_document_classifier_balanced_V0.1.img_preprocess_task manual__2025-06-23T06:45:10.371530+00:00 map_index=61 [queued]>
[2025-06-23T16:09:25.196+0900] {taskinstance.py:2867} INFO - Starting attempt 1 of 1
[2025-06-23T16:09:25.456+0900] {taskinstance.py:2890} INFO - Executing <Mapped(_PythonDecoratedOperator): img_preprocess_task> on 2025-06-23 06:45:10.371530+00:00
[2025-06-23T16:09:25.565+0900] {warnings.py:112} WARNING - /home/***/.local/lib/python3.12/site-packages/***/task/task_runner/standard_task_runner.py:70: DeprecationWarning: This process (pid=4976) is multi-threaded, use of fork() may lead to deadlocks in the child.
  pid = os.fork()

[2025-06-23T16:09:25.572+0900] {standard_task_runner.py:72} INFO - Started process 4985 to run task
[2025-06-23T16:09:25.659+0900] {standard_task_runner.py:104} INFO - Running: ['***', 'tasks', 'run', 'lilt_document_classifier_balanced_V0.1', 'img_preprocess_task', 'manual__2025-06-23T06:45:10.371530+00:00', '--job-id', '3265', '--raw', '--subdir', 'DAGS_FOLDER/class_create_dag.py', '--cfg-path', '/tmp/tmpem_maxl8', '--map-index', '61']
[2025-06-23T16:09:25.667+0900] {standard_task_runner.py:105} INFO - Job 3265: Subtask img_preprocess_task
[2025-06-23T16:09:26.362+0900] {task_command.py:467} INFO - Running <TaskInstance: lilt_document_classifier_balanced_V0.1.img_preprocess_task manual__2025-06-23T06:45:10.371530+00:00 map_index=61 [running]> on host f6d4228a9eb8
[2025-06-23T16:09:27.019+0900] {taskinstance.py:3134} INFO - Exporting env vars: AIRFLOW_CTX_DAG_OWNER='***' AIRFLOW_CTX_DAG_ID='lilt_document_classifier_balanced_V0.1' AIRFLOW_CTX_TASK_ID='img_preprocess_task' AIRFLOW_CTX_EXECUTION_DATE='2025-06-23T06:45:10.371530+00:00' AIRFLOW_CTX_TRY_NUMBER='1' AIRFLOW_CTX_DAG_RUN_ID='manual__2025-06-23T06:45:10.371530+00:00'
[2025-06-23T16:09:27.066+0900] {taskinstance.py:732} INFO - ::endgroup::
[2025-06-23T16:09:27.075+0900] {logging_mixin.py:190} INFO - empty map check {} {'process_id': '_11c96627-1a2f-4ca8-bf1b-da1d8e314fd5_pre', 'folder_path': '87823f53-bc7a-4996-be6e-24ad1c584efe/11c96627-1a2f-4ca8-bf1b-da1d8e314fd5', 'step_list': [{'name': 'cache', 'param': {'key': 'origin'}}, {'name': 'calc_angle_set2', 'param': {'key': 'angle1', 'iterations': 4, 'iter_save': False}}, {'name': 'text_orientation_set', 'param': {'key': 'angle2', 'iterations': 4, 'iter_save': False}}, {'name': 'load', 'param': {'key': 'origin'}}, {'name': 'rotate', 'param': {'key': 'angle1'}}, {'name': 'rotate', 'param': {'key': 'angle2'}}], 'result_file_map': {}}
[2025-06-23T16:09:27.076+0900] {logging_mixin.py:190} INFO - step : cache
[2025-06-23T16:09:27.077+0900] {logging_mixin.py:190} INFO - step : calc_angle_set2
[2025-06-23T16:10:04.868+0900] {logging_mixin.py:190} INFO - osd 1 -5.0 -5.0 0 1371401 [1371401, 1306664, 1238349, 1170340, 1103407, 1036167, 971596, 906654, 843268, 777984, 717282, 657519, 596408, 537361, 484554, 430766, 378141, 329159, 282236, 236091, 194773, 232839, 275637, 317977, 360517, 404201, 447309, 487809, 533242, 580213, 626870, 673735, 724912, 774097, 824246, 870952, 917601, 963386, 1010543, 1056426, 1100235]
[2025-06-23T16:10:38.110+0900] {logging_mixin.py:190} INFO - osd 2 0.0 5.0 40 2977924 [2956855, 2867492, 2785204, 2697754, 2606447, 2521079, 2437786, 2351082, 2269354, 2179720, 2100810, 2019382, 1938538, 1861964, 1777959, 1698979, 1615302, 1538241, 1464413, 1383704, 1308104, 1381495, 1460303, 1531100, 1608052, 1690841, 1770124, 1857387, 1936472, 2022057, 2108596, 2192194, 2286364, 2371355, 2460741, 2546986, 2633570, 2724842, 2810604, 2892963, 2977924]
[2025-06-23T16:11:21.496+0900] {logging_mixin.py:190} INFO - osd 3 -5.0 -5.0 0 5004896 [5004896, 4888968, 4780823, 4667800, 4563322, 4453686, 4353289, 4243256, 4139570, 4036338, 3934269, 3832431, 3724651, 3622704, 3516673, 3415534, 3310339, 3205685, 3101304, 2997318, 2896315, 2988900, 3083322, 3179054, 3274830, 3370830, 3461279, 3557059, 3647502, 3743718, 3834429, 3923346, 4015421, 4106013, 4202879, 4282418, 4365800, 4442397, 4525833, 4604858, 4688211]
[2025-06-23T16:12:27.546+0900] {logging_mixin.py:190} INFO - osd 4 -10.0 -5.0 0 7580857 [7580857, 7434548, 7289200, 7146122, 7003145, 6862608, 6715274, 6572214, 6436478, 6294436, 6161829, 6017831, 5889711, 5750051, 5616791, 5487323, 5358208, 5224597, 5093813, 4962715, 4847651, 4968230, 5101382, 5236336, 5370071, 5501241, 5631276, 5762997, 5900474, 6027165, 6166996, 6293850, 6429488, 6557242, 6691782, 6829031, 6958830, 7087673, 7218027, 7349745, 7478116]
[2025-06-23T16:12:27.934+0900] {logging_mixin.py:190} INFO - step : text_orientation_set
[2025-06-23T16:12:47.550+0900] {logging_mixin.py:190} INFO - osd 1 break  0 0 5.81 Japanese 0.15
[2025-06-23T16:12:47.551+0900] {logging_mixin.py:190} INFO - step : load
[2025-06-23T16:12:47.594+0900] {logging_mixin.py:190} INFO - step : rotate
[2025-06-23T16:12:47.993+0900] {logging_mixin.py:190} INFO - step : rotate
[2025-06-23T16:12:49.966+0900] {logging_mixin.py:190} INFO - file_copy: /opt/***/data/temp/87823f53-bc7a-4996-be6e-24ad1c584efe/11c96627-1a2f-4ca8-bf1b-da1d8e314fd5/_result.png
[2025-06-23T16:12:50.019+0900] {python.py:240} INFO - Done. Returned value was: {'file_id': '87823f53-bc7a-4996-be6e-24ad1c584efe', 'file_path': '/opt/***/data/class/a_class/classify/ready/true/이화동 엘림빌딩 -정부24 - 건축물대장 등본(초본) 발급(열람) _ 문서출력_page_1_aug0.png', 'true': {'process_id': '_11c96627-1a2f-4ca8-bf1b-da1d8e314fd5_pre', 'folder_path': '87823f53-bc7a-4996-be6e-24ad1c584efe/11c96627-1a2f-4ca8-bf1b-da1d8e314fd5', 'step_list': [{'name': 'cache', 'param': {'key': 'origin'}}, {'name': 'calc_angle_set2', 'param': {'key': 'angle1', 'iterations': 4, 'iter_save': False}}, {'name': 'text_orientation_set', 'param': {'key': 'angle2', 'iterations': 4, 'iter_save': False}}, {'name': 'load', 'param': {'key': 'origin'}}, {'name': 'rotate', 'param': {'key': 'angle1'}}, {'name': 'rotate', 'param': {'key': 'angle2'}}], 'result_file_map': {'_result': '/opt/***/data/temp/87823f53-bc7a-4996-be6e-24ad1c584efe/11c96627-1a2f-4ca8-bf1b-da1d8e314fd5/_result.png'}}}
[2025-06-23T16:12:50.073+0900] {taskinstance.py:341} INFO - ::group::Post task execution logs
[2025-06-23T16:12:50.076+0900] {taskinstance.py:353} INFO - Marking task as SUCCESS. dag_id=lilt_document_classifier_balanced_V0.1, task_id=img_preprocess_task, run_id=manual__2025-06-23T06:45:10.371530+00:00, map_index=61, execution_date=20250623T064510, start_date=20250623T070925, end_date=20250623T071250
[2025-06-23T16:12:50.208+0900] {local_task_job_runner.py:266} INFO - Task exited with return code 0
[2025-06-23T16:12:50.244+0900] {taskinstance.py:3901} INFO - 0 downstream tasks scheduled from follow-on schedule check
[2025-06-23T16:12:50.255+0900] {local_task_job_runner.py:245} INFO - ::endgroup::
