[2025-06-24T16:08:23.267+0900] {local_task_job_runner.py:123} INFO - ::group::Pre task execution logs
[2025-06-24T16:08:23.390+0900] {taskinstance.py:2614} INFO - Dependencies all met for dep_context=non-requeueable deps ti=<TaskInstance: lilt_document_classifier_balanced_V0.1.img_preprocess_task__1 manual__2025-06-24T06:53:42.323966+00:00 map_index=68 [queued]>
[2025-06-24T16:08:23.676+0900] {taskinstance.py:2614} INFO - Dependencies all met for dep_context=requeueable deps ti=<TaskInstance: lilt_document_classifier_balanced_V0.1.img_preprocess_task__1 manual__2025-06-24T06:53:42.323966+00:00 map_index=68 [queued]>
[2025-06-24T16:08:23.677+0900] {taskinstance.py:2867} INFO - Starting attempt 1 of 1
[2025-06-24T16:08:23.711+0900] {taskinstance.py:2890} INFO - Executing <Mapped(_PythonDecoratedOperator): img_preprocess_task__1> on 2025-06-24 06:53:42.323966+00:00
[2025-06-24T16:08:23.796+0900] {warnings.py:112} WARNING - /home/***/.local/lib/python3.12/site-packages/***/task/task_runner/standard_task_runner.py:70: DeprecationWarning: This process (pid=50244) is multi-threaded, use of fork() may lead to deadlocks in the child.
  pid = os.fork()

[2025-06-24T16:08:23.802+0900] {standard_task_runner.py:72} INFO - Started process 50256 to run task
[2025-06-24T16:08:23.782+0900] {standard_task_runner.py:104} INFO - Running: ['***', 'tasks', 'run', 'lilt_document_classifier_balanced_V0.1', 'img_preprocess_task__1', 'manual__2025-06-24T06:53:42.323966+00:00', '--job-id', '4356', '--raw', '--subdir', 'DAGS_FOLDER/class_create_dag.py', '--cfg-path', '/tmp/tmpi7qnzhjx', '--map-index', '68']
[2025-06-24T16:08:23.816+0900] {standard_task_runner.py:105} INFO - Job 4356: Subtask img_preprocess_task__1
[2025-06-24T16:08:24.018+0900] {task_command.py:467} INFO - Running <TaskInstance: lilt_document_classifier_balanced_V0.1.img_preprocess_task__1 manual__2025-06-24T06:53:42.323966+00:00 map_index=68 [running]> on host f6d4228a9eb8
[2025-06-24T16:08:24.366+0900] {taskinstance.py:3134} INFO - Exporting env vars: AIRFLOW_CTX_DAG_OWNER='***' AIRFLOW_CTX_DAG_ID='lilt_document_classifier_balanced_V0.1' AIRFLOW_CTX_TASK_ID='img_preprocess_task__1' AIRFLOW_CTX_EXECUTION_DATE='2025-06-24T06:53:42.323966+00:00' AIRFLOW_CTX_TRY_NUMBER='1' AIRFLOW_CTX_DAG_RUN_ID='manual__2025-06-24T06:53:42.323966+00:00'
[2025-06-24T16:08:24.378+0900] {taskinstance.py:732} INFO - ::endgroup::
[2025-06-24T16:08:24.398+0900] {logging_mixin.py:190} INFO - empty map check {} {'process_id': '_68b64570-61c5-4769-9116-3bebb6773cab_pre', 'folder_path': '0afc2962-5500-4d60-b2ad-f534e5b85972/68b64570-61c5-4769-9116-3bebb6773cab', 'step_list': [{'name': 'cache', 'param': {'key': 'origin'}}, {'name': 'calc_angle_set2', 'param': {'key': 'angle1', 'iterations': 4, 'iter_save': False}}, {'name': 'text_orientation_set', 'param': {'key': 'angle2', 'iterations': 4, 'iter_save': False}}, {'name': 'load', 'param': {'key': 'origin'}}, {'name': 'rotate', 'param': {'key': 'angle1'}}, {'name': 'rotate', 'param': {'key': 'angle2'}}], 'result_file_map': {}}
[2025-06-24T16:08:24.442+0900] {logging_mixin.py:190} INFO - step : cache
[2025-06-24T16:08:24.455+0900] {logging_mixin.py:190} INFO - step : calc_angle_set2
[2025-06-24T16:08:32.189+0900] {logging_mixin.py:190} INFO - osd 1 0.25 0.25 21 2219 [4, 12, 26, 29, 43, 85, 134, 237, 323, 387, 514, 784, 966, 787, 1131, 1345, 952, 1759, 1697, 2002, 1094, 2219, 1959, 2159, 1621, 1594, 2063, 2002, 2056, 1439, 1725, 1537, 1534, 1206, 1337, 892, 1024, 648, 616, 629, 518]
[2025-06-24T16:08:38.517+0900] {logging_mixin.py:190} INFO - osd 2 0.5 0.25 21 2785 [6, 7, 7, 31, 61, 117, 240, 378, 504, 648, 870, 1046, 1317, 1399, 1679, 1966, 1546, 2097, 2184, 2585, 1465, 2785, 2523, 2422, 1971, 2466, 2257, 2248, 2207, 1997, 1699, 1871, 1476, 1812, 1376, 1222, 1042, 957, 634, 556, 446]
[2025-06-24T16:08:44.032+0900] {logging_mixin.py:190} INFO - osd 3 0.75 0.25 21 3572 [19, 26, 54, 72, 145, 219, 438, 603, 759, 1030, 1254, 1471, 1778, 1968, 2233, 2450, 2659, 2792, 2865, 3086, 2128, 3572, 3365, 3180, 3215, 3475, 3467, 2650, 3283, 2147, 2226, 2370, 2186, 1619, 1636, 1481, 1097, 929, 563, 485, 256]
[2025-06-24T16:08:49.293+0900] {logging_mixin.py:190} INFO - osd 4 1.25 0.5 22 4470 [28, 40, 78, 159, 233, 367, 585, 791, 1025, 1393, 1555, 2016, 2348, 2295, 2689, 2941, 3050, 3619, 3622, 3518, 2646, 3795, 4470, 3796, 3692, 3922, 3382, 3334, 3348, 2687, 2394, 2614, 2034, 1929, 1912, 1228, 966, 896, 511, 391, 217]
[2025-06-24T16:08:49.392+0900] {logging_mixin.py:190} INFO - step : text_orientation_set
[2025-06-24T16:08:58.197+0900] {logging_mixin.py:190} INFO - osd 1 break  0 0 0.09 Arabic 5.0
[2025-06-24T16:08:58.203+0900] {logging_mixin.py:190} INFO - step : load
[2025-06-24T16:08:58.203+0900] {logging_mixin.py:190} INFO - step : rotate
[2025-06-24T16:08:58.314+0900] {logging_mixin.py:190} INFO - step : rotate
[2025-06-24T16:08:58.637+0900] {logging_mixin.py:190} INFO - file_copy: /opt/***/data/temp/0afc2962-5500-4d60-b2ad-f534e5b85972/68b64570-61c5-4769-9116-3bebb6773cab/_result.png
[2025-06-24T16:08:58.657+0900] {python.py:240} INFO - Done. Returned value was: {'file_id': '0afc2962-5500-4d60-b2ad-f534e5b85972', 'file_path': '/opt/***/data/class/a_class/classify/ready/false/copied_9_10061961_10061966.png', 'false': {'process_id': '_68b64570-61c5-4769-9116-3bebb6773cab_pre', 'folder_path': '0afc2962-5500-4d60-b2ad-f534e5b85972/68b64570-61c5-4769-9116-3bebb6773cab', 'step_list': [{'name': 'cache', 'param': {'key': 'origin'}}, {'name': 'calc_angle_set2', 'param': {'key': 'angle1', 'iterations': 4, 'iter_save': False}}, {'name': 'text_orientation_set', 'param': {'key': 'angle2', 'iterations': 4, 'iter_save': False}}, {'name': 'load', 'param': {'key': 'origin'}}, {'name': 'rotate', 'param': {'key': 'angle1'}}, {'name': 'rotate', 'param': {'key': 'angle2'}}], 'result_file_map': {'_result': '/opt/***/data/temp/0afc2962-5500-4d60-b2ad-f534e5b85972/68b64570-61c5-4769-9116-3bebb6773cab/_result.png'}}}
[2025-06-24T16:08:58.812+0900] {taskinstance.py:341} INFO - ::group::Post task execution logs
[2025-06-24T16:08:58.817+0900] {taskinstance.py:353} INFO - Marking task as SUCCESS. dag_id=lilt_document_classifier_balanced_V0.1, task_id=img_preprocess_task__1, run_id=manual__2025-06-24T06:53:42.323966+00:00, map_index=68, execution_date=20250624T065342, start_date=20250624T070823, end_date=20250624T070858
[2025-06-24T16:08:59.076+0900] {local_task_job_runner.py:266} INFO - Task exited with return code 0
[2025-06-24T16:08:59.286+0900] {taskinstance.py:3901} INFO - 0 downstream tasks scheduled from follow-on schedule check
[2025-06-24T16:08:59.299+0900] {local_task_job_runner.py:245} INFO - ::endgroup::
