[2025-06-23T10:27:09.294+0900] {local_task_job_runner.py:123} INFO - ::group::Pre task execution logs
[2025-06-23T10:27:09.386+0900] {taskinstance.py:2614} INFO - Dependencies all met for dep_context=non-requeueable deps ti=<TaskInstance: lilt_document_classifier_balanced_V0.1.img_preprocess_task__1 manual__2025-06-23T01:24:40.043171+00:00 map_index=31 [queued]>
[2025-06-23T10:27:09.435+0900] {taskinstance.py:2614} INFO - Dependencies all met for dep_context=requeueable deps ti=<TaskInstance: lilt_document_classifier_balanced_V0.1.img_preprocess_task__1 manual__2025-06-23T01:24:40.043171+00:00 map_index=31 [queued]>
[2025-06-23T10:27:09.448+0900] {taskinstance.py:2867} INFO - Starting attempt 1 of 1
[2025-06-23T10:27:09.509+0900] {taskinstance.py:2890} INFO - Executing <Mapped(_PythonDecoratedOperator): img_preprocess_task__1> on 2025-06-23 01:24:40.043171+00:00
[2025-06-23T10:27:09.558+0900] {warnings.py:112} WARNING - /home/***/.local/lib/python3.12/site-packages/***/task/task_runner/standard_task_runner.py:70: DeprecationWarning: This process (pid=86210) is multi-threaded, use of fork() may lead to deadlocks in the child.
  pid = os.fork()

[2025-06-23T10:27:09.562+0900] {standard_task_runner.py:72} INFO - Started process 86261 to run task
[2025-06-23T10:27:09.562+0900] {standard_task_runner.py:104} INFO - Running: ['***', 'tasks', 'run', 'lilt_document_classifier_balanced_V0.1', 'img_preprocess_task__1', 'manual__2025-06-23T01:24:40.043171+00:00', '--job-id', '2147', '--raw', '--subdir', 'DAGS_FOLDER/class_create_dag.py', '--cfg-path', '/tmp/tmp2bfjdr5l', '--map-index', '31']
[2025-06-23T10:27:09.570+0900] {standard_task_runner.py:105} INFO - Job 2147: Subtask img_preprocess_task__1
[2025-06-23T10:27:09.682+0900] {task_command.py:467} INFO - Running <TaskInstance: lilt_document_classifier_balanced_V0.1.img_preprocess_task__1 manual__2025-06-23T01:24:40.043171+00:00 map_index=31 [running]> on host f6d4228a9eb8
[2025-06-23T10:27:09.982+0900] {taskinstance.py:3134} INFO - Exporting env vars: AIRFLOW_CTX_DAG_OWNER='***' AIRFLOW_CTX_DAG_ID='lilt_document_classifier_balanced_V0.1' AIRFLOW_CTX_TASK_ID='img_preprocess_task__1' AIRFLOW_CTX_EXECUTION_DATE='2025-06-23T01:24:40.043171+00:00' AIRFLOW_CTX_TRY_NUMBER='1' AIRFLOW_CTX_DAG_RUN_ID='manual__2025-06-23T01:24:40.043171+00:00'
[2025-06-23T10:27:09.989+0900] {taskinstance.py:732} INFO - ::endgroup::
[2025-06-23T10:27:09.997+0900] {logging_mixin.py:190} INFO - empty map check {} {'process_id': '_8e3dc8fd-9337-439f-8631-a159b4c8c489_pre', 'folder_path': 'a353b2dd-245e-4c92-bf1f-2950742781d1/8e3dc8fd-9337-439f-8631-a159b4c8c489', 'step_list': [{'name': 'cache', 'param': {'key': 'origin'}}, {'name': 'calc_angle_set1', 'param': {'key': 'angle1', 'iterations': 4, 'iter_save': False}}, {'name': 'text_orientation_set', 'param': {'key': 'angle2', 'iterations': 4, 'iter_save': False}}, {'name': 'load', 'param': {'key': 'origin'}}, {'name': 'rotate', 'param': {'key': 'angle1'}}, {'name': 'rotate', 'param': {'key': 'angle2'}}], 'result_file_map': {}}
[2025-06-23T10:27:10.000+0900] {logging_mixin.py:190} INFO - step : cache
[2025-06-23T10:27:10.001+0900] {logging_mixin.py:190} INFO - step : calc_angle_set1
[2025-06-23T10:27:10.037+0900] {logging_mixin.py:190} INFO - angle1 :  0 90.1938110327411 90.19356608626325 90.29083902235055 90.0 90.29083902235055
[2025-06-23T10:27:10.130+0900] {logging_mixin.py:190} INFO - angle2 :  90.1938110327411 90.12151331736305 180.0967833192872 180.09694708093645 0.2923228692285534 0.0
[2025-06-23T10:27:10.197+0900] {logging_mixin.py:190} INFO - angle3 :  180.31532435010416 89.80610334014436 90.0 89.80610639324657 89.7106298365594 89.70767713077144
[2025-06-23T10:27:10.422+0900] {logging_mixin.py:190} INFO - angle4 :  270.12142769024854 90.1695746788418 180.19389360675342 180.19356608626322 0.0 0.29083902235055187
[2025-06-23T10:27:10.633+0900] {logging_mixin.py:190} INFO - step : text_orientation_set
[2025-06-23T10:27:16.283+0900] {logging_mixin.py:190} INFO - osd 1 break  0 0 5.36 Cyrillic 1.4
[2025-06-23T10:27:16.285+0900] {logging_mixin.py:190} INFO - step : load
[2025-06-23T10:27:16.286+0900] {logging_mixin.py:190} INFO - step : rotate
[2025-06-23T10:27:16.319+0900] {logging_mixin.py:190} INFO - step : rotate
[2025-06-23T10:27:16.361+0900] {logging_mixin.py:190} INFO - file_copy: /opt/***/data/temp/a353b2dd-245e-4c92-bf1f-2950742781d1/8e3dc8fd-9337-439f-8631-a159b4c8c489/_result.png
[2025-06-23T10:27:16.368+0900] {python.py:240} INFO - Done. Returned value was: {'file_id': 'a353b2dd-245e-4c92-bf1f-2950742781d1', 'file_path': '/opt/***/data/class/a_class/classify/ready/false/copied_54_2044375204.png', 'false': {'process_id': '_8e3dc8fd-9337-439f-8631-a159b4c8c489_pre', 'folder_path': 'a353b2dd-245e-4c92-bf1f-2950742781d1/8e3dc8fd-9337-439f-8631-a159b4c8c489', 'step_list': [{'name': 'cache', 'param': {'key': 'origin'}}, {'name': 'calc_angle_set1', 'param': {'key': 'angle1', 'iterations': 4, 'iter_save': False}}, {'name': 'text_orientation_set', 'param': {'key': 'angle2', 'iterations': 4, 'iter_save': False}}, {'name': 'load', 'param': {'key': 'origin'}}, {'name': 'rotate', 'param': {'key': 'angle1'}}, {'name': 'rotate', 'param': {'key': 'angle2'}}], 'result_file_map': {'_result': '/opt/***/data/temp/a353b2dd-245e-4c92-bf1f-2950742781d1/8e3dc8fd-9337-439f-8631-a159b4c8c489/_result.png'}}}
[2025-06-23T10:27:16.430+0900] {taskinstance.py:341} INFO - ::group::Post task execution logs
[2025-06-23T10:27:16.438+0900] {taskinstance.py:353} INFO - Marking task as SUCCESS. dag_id=lilt_document_classifier_balanced_V0.1, task_id=img_preprocess_task__1, run_id=manual__2025-06-23T01:24:40.043171+00:00, map_index=31, execution_date=20250623T012440, start_date=20250623T012709, end_date=20250623T012716
[2025-06-23T10:27:16.585+0900] {local_task_job_runner.py:266} INFO - Task exited with return code 0
[2025-06-23T10:27:16.782+0900] {taskinstance.py:3901} INFO - 0 downstream tasks scheduled from follow-on schedule check
[2025-06-23T10:27:16.800+0900] {local_task_job_runner.py:245} INFO - ::endgroup::
