[2025-06-25T09:05:17.027+0900] {local_task_job_runner.py:123} INFO - ::group::Pre task execution logs
[2025-06-25T09:05:17.094+0900] {taskinstance.py:2614} INFO - Dependencies all met for dep_context=non-requeueable deps ti=<TaskInstance: lilt_document_classifier_balanced_V0.1.img_preprocess_task manual__2025-06-25T00:04:18.909063+00:00 map_index=5 [queued]>
[2025-06-25T09:05:17.119+0900] {taskinstance.py:2614} INFO - Dependencies all met for dep_context=requeueable deps ti=<TaskInstance: lilt_document_classifier_balanced_V0.1.img_preprocess_task manual__2025-06-25T00:04:18.909063+00:00 map_index=5 [queued]>
[2025-06-25T09:05:17.119+0900] {taskinstance.py:2867} INFO - Starting attempt 1 of 1
[2025-06-25T09:05:17.152+0900] {taskinstance.py:2890} INFO - Executing <Mapped(_PythonDecoratedOperator): img_preprocess_task> on 2025-06-25 00:04:18.909063+00:00
[2025-06-25T09:05:17.233+0900] {standard_task_runner.py:104} INFO - Running: ['***', 'tasks', 'run', 'lilt_document_classifier_balanced_V0.1', 'img_preprocess_task', 'manual__2025-06-25T00:04:18.909063+00:00', '--job-id', '4808', '--raw', '--subdir', 'DAGS_FOLDER/class_create_dag.py', '--cfg-path', '/tmp/tmpcvxxhy1s', '--map-index', '5']
[2025-06-25T09:05:17.239+0900] {standard_task_runner.py:105} INFO - Job 4808: Subtask img_preprocess_task
[2025-06-25T09:05:17.232+0900] {warnings.py:112} WARNING - /home/***/.local/lib/python3.12/site-packages/***/task/task_runner/standard_task_runner.py:70: DeprecationWarning: This process (pid=72149) is multi-threaded, use of fork() may lead to deadlocks in the child.
  pid = os.fork()

[2025-06-25T09:05:17.260+0900] {standard_task_runner.py:72} INFO - Started process 72326 to run task
[2025-06-25T09:05:17.373+0900] {task_command.py:467} INFO - Running <TaskInstance: lilt_document_classifier_balanced_V0.1.img_preprocess_task manual__2025-06-25T00:04:18.909063+00:00 map_index=5 [running]> on host f6d4228a9eb8
[2025-06-25T09:05:17.605+0900] {taskinstance.py:3134} INFO - Exporting env vars: AIRFLOW_CTX_DAG_OWNER='***' AIRFLOW_CTX_DAG_ID='lilt_document_classifier_balanced_V0.1' AIRFLOW_CTX_TASK_ID='img_preprocess_task' AIRFLOW_CTX_EXECUTION_DATE='2025-06-25T00:04:18.909063+00:00' AIRFLOW_CTX_TRY_NUMBER='1' AIRFLOW_CTX_DAG_RUN_ID='manual__2025-06-25T00:04:18.909063+00:00'
[2025-06-25T09:05:17.615+0900] {taskinstance.py:732} INFO - ::endgroup::
[2025-06-25T09:05:17.620+0900] {logging_mixin.py:190} INFO - empty map check {} {'process_id': '_a365b872-5005-4c23-97da-c81fc387dd19_pre', 'folder_path': '0723f14b-1ae4-4c41-9785-a861e7683745/a365b872-5005-4c23-97da-c81fc387dd19', 'step_list': [{'name': 'cache', 'param': {'cache_key': 'origin'}}, {'name': 'calc_angle_set2', 'param': {'angle_key': 'angle1', 'iterations': 4, 'iter_save': False}}, {'name': 'text_orientation_set', 'param': {'angle_key': 'angle2', 'iterations': 4, 'iter_save': False}}, {'name': 'load', 'param': {'cache_key': 'origin'}}, {'name': 'rotate', 'param': {'angle_key': 'angle1'}}, {'name': 'rotate', 'param': {'angle_key': 'angle2'}}], 'result_file_map': {}}
[2025-06-25T09:05:17.621+0900] {logging_mixin.py:190} INFO - step : cache
[2025-06-25T09:05:17.622+0900] {logging_mixin.py:190} INFO - step : calc_angle_set2
[2025-06-25T09:05:36.354+0900] {logging_mixin.py:190} INFO - osd 1 1.75 1.75 27 111914 [1, 1, 1, 3, 5, 6, 12, 14, 13, 16, 14, 13, 15, 17, 15, 26, 17, 16, 20, 15, 28, 21, 722, 6829, 21742, 40741, 60971, 111914, 105007, 58820, 37859, 16653, 2884, 51, 20, 21, 21, 16, 19, 15, 15]
[2025-06-25T09:05:59.958+0900] {logging_mixin.py:190} INFO - osd 2 1.75 0.0 20 121254 [0, 0, 0, 0, 0, 0, 0, 0, 0, 0, 0, 0, 0, 0, 0, 1496, 8984, 26110, 47112, 67955, 121254, 115308, 64940, 43669, 20909, 3737, 29, 0, 0, 0, 0, 0, 0, 0, 0, 0, 0, 0, 0, 0, 0]
[2025-06-25T09:06:22.117+0900] {logging_mixin.py:190} INFO - osd 3 1.75 0.0 20 121254 [0, 0, 0, 0, 0, 0, 0, 0, 0, 0, 0, 0, 0, 0, 0, 1496, 8984, 26110, 47112, 67955, 121254, 115308, 64940, 43669, 20909, 3737, 29, 0, 0, 0, 0, 0, 0, 0, 0, 0, 0, 0, 0, 0, 0]
[2025-06-25T09:06:46.643+0900] {logging_mixin.py:190} INFO - osd 4 1.75 0.0 20 121254 [0, 0, 0, 0, 0, 0, 0, 0, 0, 0, 0, 0, 0, 0, 0, 1496, 8984, 26110, 47112, 67955, 121254, 115308, 64940, 43669, 20909, 3737, 29, 0, 0, 0, 0, 0, 0, 0, 0, 0, 0, 0, 0, 0, 0]
[2025-06-25T09:06:46.794+0900] {logging_mixin.py:190} INFO - step : text_orientation_set
[2025-06-25T09:07:03.647+0900] {logging_mixin.py:190} INFO - osd 1 break  0 0 3.32 Korean 0.58
[2025-06-25T09:07:03.652+0900] {logging_mixin.py:190} INFO - step : load
[2025-06-25T09:07:03.667+0900] {logging_mixin.py:190} INFO - step : rotate
[2025-06-25T09:07:03.898+0900] {logging_mixin.py:190} INFO - step : rotate
[2025-06-25T09:07:06.642+0900] {logging_mixin.py:190} INFO - file_copy: /opt/***/data/temp/0723f14b-1ae4-4c41-9785-a861e7683745/a365b872-5005-4c23-97da-c81fc387dd19/_result.png
[2025-06-25T09:07:06.762+0900] {python.py:240} INFO - Done. Returned value was: {'file_id': '0723f14b-1ae4-4c41-9785-a861e7683745', 'file_path': '/opt/***/data/class/a_class/classify/ready/true/남양주시 정덕빌딩 - 정부24 - 건축물대장 등본(초본) 발급(열람) _ 문서출력_page_1_aug1.png', 'true': {'process_id': '_a365b872-5005-4c23-97da-c81fc387dd19_pre', 'folder_path': '0723f14b-1ae4-4c41-9785-a861e7683745/a365b872-5005-4c23-97da-c81fc387dd19', 'step_list': [{'name': 'cache', 'param': {'cache_key': 'origin'}}, {'name': 'calc_angle_set2', 'param': {'angle_key': 'angle1', 'iterations': 4, 'iter_save': False}}, {'name': 'text_orientation_set', 'param': {'angle_key': 'angle2', 'iterations': 4, 'iter_save': False}}, {'name': 'load', 'param': {'cache_key': 'origin'}}, {'name': 'rotate', 'param': {'angle_key': 'angle1'}}, {'name': 'rotate', 'param': {'angle_key': 'angle2'}}], 'result_file_map': {'_result': '/opt/***/data/temp/0723f14b-1ae4-4c41-9785-a861e7683745/a365b872-5005-4c23-97da-c81fc387dd19/_result.png'}}}
[2025-06-25T09:07:06.898+0900] {taskinstance.py:341} INFO - ::group::Post task execution logs
[2025-06-25T09:07:06.901+0900] {taskinstance.py:353} INFO - Marking task as SUCCESS. dag_id=lilt_document_classifier_balanced_V0.1, task_id=img_preprocess_task, run_id=manual__2025-06-25T00:04:18.909063+00:00, map_index=5, execution_date=20250625T000418, start_date=20250625T000517, end_date=20250625T000706
[2025-06-25T09:07:07.134+0900] {local_task_job_runner.py:266} INFO - Task exited with return code 0
[2025-06-25T09:07:07.155+0900] {local_task_job_runner.py:245} INFO - ::endgroup::
