[2025-06-24T16:04:20.467+0900] {local_task_job_runner.py:123} INFO - ::group::Pre task execution logs
[2025-06-24T16:04:20.509+0900] {taskinstance.py:2614} INFO - Dependencies all met for dep_context=non-requeueable deps ti=<TaskInstance: lilt_document_classifier_balanced_V0.1.img_preprocess_task manual__2025-06-24T06:53:42.323966+00:00 map_index=50 [queued]>
[2025-06-24T16:04:20.558+0900] {taskinstance.py:2614} INFO - Dependencies all met for dep_context=requeueable deps ti=<TaskInstance: lilt_document_classifier_balanced_V0.1.img_preprocess_task manual__2025-06-24T06:53:42.323966+00:00 map_index=50 [queued]>
[2025-06-24T16:04:20.558+0900] {taskinstance.py:2867} INFO - Starting attempt 1 of 1
[2025-06-24T16:04:20.593+0900] {taskinstance.py:2890} INFO - Executing <Mapped(_PythonDecoratedOperator): img_preprocess_task> on 2025-06-24 06:53:42.323966+00:00
[2025-06-24T16:04:20.624+0900] {warnings.py:112} WARNING - /home/***/.local/lib/python3.12/site-packages/***/task/task_runner/standard_task_runner.py:70: DeprecationWarning: This process (pid=49496) is multi-threaded, use of fork() may lead to deadlocks in the child.
  pid = os.fork()

[2025-06-24T16:04:20.641+0900] {standard_task_runner.py:72} INFO - Started process 49521 to run task
[2025-06-24T16:04:20.660+0900] {standard_task_runner.py:104} INFO - Running: ['***', 'tasks', 'run', 'lilt_document_classifier_balanced_V0.1', 'img_preprocess_task', 'manual__2025-06-24T06:53:42.323966+00:00', '--job-id', '4320', '--raw', '--subdir', 'DAGS_FOLDER/class_create_dag.py', '--cfg-path', '/tmp/tmpframrx_j', '--map-index', '50']
[2025-06-24T16:04:20.662+0900] {standard_task_runner.py:105} INFO - Job 4320: Subtask img_preprocess_task
[2025-06-24T16:04:20.753+0900] {task_command.py:467} INFO - Running <TaskInstance: lilt_document_classifier_balanced_V0.1.img_preprocess_task manual__2025-06-24T06:53:42.323966+00:00 map_index=50 [running]> on host f6d4228a9eb8
[2025-06-24T16:04:20.948+0900] {taskinstance.py:3134} INFO - Exporting env vars: AIRFLOW_CTX_DAG_OWNER='***' AIRFLOW_CTX_DAG_ID='lilt_document_classifier_balanced_V0.1' AIRFLOW_CTX_TASK_ID='img_preprocess_task' AIRFLOW_CTX_EXECUTION_DATE='2025-06-24T06:53:42.323966+00:00' AIRFLOW_CTX_TRY_NUMBER='1' AIRFLOW_CTX_DAG_RUN_ID='manual__2025-06-24T06:53:42.323966+00:00'
[2025-06-24T16:04:20.953+0900] {taskinstance.py:732} INFO - ::endgroup::
[2025-06-24T16:04:20.958+0900] {logging_mixin.py:190} INFO - empty map check {} {'process_id': '_03244ff1-f48b-4bb8-9e4a-eb9f13fede9a_pre', 'folder_path': '76952646-d0a4-4ea4-b552-e3bd4273acee/03244ff1-f48b-4bb8-9e4a-eb9f13fede9a', 'step_list': [{'name': 'cache', 'param': {'key': 'origin'}}, {'name': 'calc_angle_set2', 'param': {'key': 'angle1', 'iterations': 4, 'iter_save': False}}, {'name': 'text_orientation_set', 'param': {'key': 'angle2', 'iterations': 4, 'iter_save': False}}, {'name': 'load', 'param': {'key': 'origin'}}, {'name': 'rotate', 'param': {'key': 'angle1'}}, {'name': 'rotate', 'param': {'key': 'angle2'}}], 'result_file_map': {}}
[2025-06-24T16:04:20.959+0900] {logging_mixin.py:190} INFO - step : cache
[2025-06-24T16:04:20.960+0900] {logging_mixin.py:190} INFO - step : calc_angle_set2
[2025-06-24T16:04:48.767+0900] {logging_mixin.py:190} INFO - osd 1 3.25 3.25 33 151954 [0, 0, 0, 0, 0, 0, 0, 0, 0, 0, 0, 0, 0, 0, 0, 0, 0, 0, 0, 0, 0, 0, 0, 0, 0, 0, 2, 0, 709, 9926, 29277, 50758, 77170, 151954, 71594, 48606, 26658, 7621, 268, 0, 0]
[2025-06-24T16:05:24.843+0900] {logging_mixin.py:190} INFO - osd 2 3.25 0.0 20 168709 [0, 0, 0, 0, 0, 0, 0, 0, 0, 0, 0, 0, 0, 0, 0, 1400, 14339, 37104, 60357, 90952, 168709, 84267, 57932, 34022, 11157, 599, 0, 0, 12, 0, 0, 0, 0, 0, 0, 0, 0, 0, 0, 0, 0]
[2025-06-24T16:06:05.237+0900] {logging_mixin.py:190} INFO - osd 3 3.25 0.0 20 168709 [0, 0, 0, 0, 0, 0, 0, 0, 0, 0, 0, 0, 0, 0, 0, 1400, 14339, 37104, 60357, 90952, 168709, 84267, 57932, 34022, 11157, 599, 0, 0, 12, 0, 0, 0, 0, 0, 0, 0, 0, 0, 0, 0, 0]
[2025-06-24T16:06:40.531+0900] {logging_mixin.py:190} INFO - osd 4 3.25 0.0 20 168709 [0, 0, 0, 0, 0, 0, 0, 0, 0, 0, 0, 0, 0, 0, 0, 1400, 14339, 37104, 60357, 90952, 168709, 84267, 57932, 34022, 11157, 599, 0, 0, 12, 0, 0, 0, 0, 0, 0, 0, 0, 0, 0, 0, 0]
[2025-06-24T16:06:40.981+0900] {logging_mixin.py:190} INFO - step : text_orientation_set
[2025-06-24T16:06:55.471+0900] {logging_mixin.py:190} INFO - osd 1 break  0 0 3.78 Korean 0.81
[2025-06-24T16:06:55.471+0900] {logging_mixin.py:190} INFO - step : load
[2025-06-24T16:06:55.491+0900] {logging_mixin.py:190} INFO - step : rotate
[2025-06-24T16:06:56.156+0900] {logging_mixin.py:190} INFO - step : rotate
[2025-06-24T16:06:56.716+0900] {logging_mixin.py:190} INFO - file_copy: /opt/***/data/temp/76952646-d0a4-4ea4-b552-e3bd4273acee/03244ff1-f48b-4bb8-9e4a-eb9f13fede9a/_result.png
[2025-06-24T16:06:56.743+0900] {python.py:240} INFO - Done. Returned value was: {'file_id': '76952646-d0a4-4ea4-b552-e3bd4273acee', 'file_path': '/opt/***/data/class/a_class/classify/ready/true/종로구 - 정부24 - 건축물대장 등본(초본) 발급(열람) _ 문서출력_page_1_aug2.png', 'true': {'process_id': '_03244ff1-f48b-4bb8-9e4a-eb9f13fede9a_pre', 'folder_path': '76952646-d0a4-4ea4-b552-e3bd4273acee/03244ff1-f48b-4bb8-9e4a-eb9f13fede9a', 'step_list': [{'name': 'cache', 'param': {'key': 'origin'}}, {'name': 'calc_angle_set2', 'param': {'key': 'angle1', 'iterations': 4, 'iter_save': False}}, {'name': 'text_orientation_set', 'param': {'key': 'angle2', 'iterations': 4, 'iter_save': False}}, {'name': 'load', 'param': {'key': 'origin'}}, {'name': 'rotate', 'param': {'key': 'angle1'}}, {'name': 'rotate', 'param': {'key': 'angle2'}}], 'result_file_map': {'_result': '/opt/***/data/temp/76952646-d0a4-4ea4-b552-e3bd4273acee/03244ff1-f48b-4bb8-9e4a-eb9f13fede9a/_result.png'}}}
[2025-06-24T16:06:56.905+0900] {taskinstance.py:341} INFO - ::group::Post task execution logs
[2025-06-24T16:06:56.907+0900] {taskinstance.py:353} INFO - Marking task as SUCCESS. dag_id=lilt_document_classifier_balanced_V0.1, task_id=img_preprocess_task, run_id=manual__2025-06-24T06:53:42.323966+00:00, map_index=50, execution_date=20250624T065342, start_date=20250624T070420, end_date=20250624T070656
[2025-06-24T16:06:57.093+0900] {local_task_job_runner.py:266} INFO - Task exited with return code 0
[2025-06-24T16:06:57.282+0900] {taskinstance.py:3901} INFO - 0 downstream tasks scheduled from follow-on schedule check
[2025-06-24T16:06:57.291+0900] {local_task_job_runner.py:245} INFO - ::endgroup::
