[2025-06-25T09:05:17.443+0900] {local_task_job_runner.py:123} INFO - ::group::Pre task execution logs
[2025-06-25T09:05:17.524+0900] {taskinstance.py:2614} INFO - Dependencies all met for dep_context=non-requeueable deps ti=<TaskInstance: lilt_document_classifier_balanced_V0.1.img_preprocess_task__1 manual__2025-06-25T00:04:18.909063+00:00 map_index=2 [queued]>
[2025-06-25T09:05:17.577+0900] {taskinstance.py:2614} INFO - Dependencies all met for dep_context=requeueable deps ti=<TaskInstance: lilt_document_classifier_balanced_V0.1.img_preprocess_task__1 manual__2025-06-25T00:04:18.909063+00:00 map_index=2 [queued]>
[2025-06-25T09:05:17.579+0900] {taskinstance.py:2867} INFO - Starting attempt 1 of 1
[2025-06-25T09:05:17.613+0900] {taskinstance.py:2890} INFO - Executing <Mapped(_PythonDecoratedOperator): img_preprocess_task__1> on 2025-06-25 00:04:18.909063+00:00
[2025-06-25T09:05:17.696+0900] {warnings.py:112} WARNING - /home/***/.local/lib/python3.12/site-packages/***/task/task_runner/standard_task_runner.py:70: DeprecationWarning: This process (pid=72146) is multi-threaded, use of fork() may lead to deadlocks in the child.
  pid = os.fork()

[2025-06-25T09:05:17.710+0900] {standard_task_runner.py:72} INFO - Started process 72347 to run task
[2025-06-25T09:05:17.700+0900] {standard_task_runner.py:104} INFO - Running: ['***', 'tasks', 'run', 'lilt_document_classifier_balanced_V0.1', 'img_preprocess_task__1', 'manual__2025-06-25T00:04:18.909063+00:00', '--job-id', '4811', '--raw', '--subdir', 'DAGS_FOLDER/class_create_dag.py', '--cfg-path', '/tmp/tmpk55zp288', '--map-index', '2']
[2025-06-25T09:05:17.714+0900] {standard_task_runner.py:105} INFO - Job 4811: Subtask img_preprocess_task__1
[2025-06-25T09:05:17.880+0900] {task_command.py:467} INFO - Running <TaskInstance: lilt_document_classifier_balanced_V0.1.img_preprocess_task__1 manual__2025-06-25T00:04:18.909063+00:00 map_index=2 [running]> on host f6d4228a9eb8
[2025-06-25T09:05:18.146+0900] {taskinstance.py:3134} INFO - Exporting env vars: AIRFLOW_CTX_DAG_OWNER='***' AIRFLOW_CTX_DAG_ID='lilt_document_classifier_balanced_V0.1' AIRFLOW_CTX_TASK_ID='img_preprocess_task__1' AIRFLOW_CTX_EXECUTION_DATE='2025-06-25T00:04:18.909063+00:00' AIRFLOW_CTX_TRY_NUMBER='1' AIRFLOW_CTX_DAG_RUN_ID='manual__2025-06-25T00:04:18.909063+00:00'
[2025-06-25T09:05:18.149+0900] {taskinstance.py:732} INFO - ::endgroup::
[2025-06-25T09:05:18.155+0900] {logging_mixin.py:190} INFO - empty map check {} {'process_id': '_a9e8f656-ddbc-4a69-8eff-6771c0562034_pre', 'folder_path': '811f966b-db37-47ae-b22c-0f371f1e7bee/a9e8f656-ddbc-4a69-8eff-6771c0562034', 'step_list': [{'name': 'cache', 'param': {'cache_key': 'origin'}}, {'name': 'calc_angle_set2', 'param': {'angle_key': 'angle1', 'iterations': 4, 'iter_save': False}}, {'name': 'text_orientation_set', 'param': {'angle_key': 'angle2', 'iterations': 4, 'iter_save': False}}, {'name': 'load', 'param': {'cache_key': 'origin'}}, {'name': 'rotate', 'param': {'angle_key': 'angle1'}}, {'name': 'rotate', 'param': {'angle_key': 'angle2'}}], 'result_file_map': {}}
[2025-06-25T09:05:18.163+0900] {logging_mixin.py:190} INFO - step : cache
[2025-06-25T09:05:18.164+0900] {logging_mixin.py:190} INFO - step : calc_angle_set2
[2025-06-25T09:05:22.148+0900] {logging_mixin.py:190} INFO - osd 1 0.0 0.0 20 8808 [99, 113, 156, 230, 272, 392, 534, 666, 927, 1243, 1556, 1924, 2346, 2741, 3174, 3503, 4125, 4957, 6284, 7022, 8808, 6916, 5517, 4448, 3787, 3202, 2717, 2268, 1833, 1462, 1155, 904, 646, 475, 353, 262, 166, 134, 93, 61, 55]
[2025-06-25T09:05:26.165+0900] {logging_mixin.py:190} INFO - osd 2 0.0 0.0 20 8808 [99, 113, 156, 230, 272, 392, 534, 666, 927, 1243, 1556, 1924, 2346, 2741, 3174, 3503, 4125, 4957, 6284, 7022, 8808, 6916, 5517, 4448, 3787, 3202, 2717, 2268, 1833, 1462, 1155, 904, 646, 475, 353, 262, 166, 134, 93, 61, 55]
[2025-06-25T09:05:30.009+0900] {logging_mixin.py:190} INFO - osd 3 0.0 0.0 20 8808 [99, 113, 156, 230, 272, 392, 534, 666, 927, 1243, 1556, 1924, 2346, 2741, 3174, 3503, 4125, 4957, 6284, 7022, 8808, 6916, 5517, 4448, 3787, 3202, 2717, 2268, 1833, 1462, 1155, 904, 646, 475, 353, 262, 166, 134, 93, 61, 55]
[2025-06-25T09:05:33.626+0900] {logging_mixin.py:190} INFO - osd 4 0.0 0.0 20 8808 [99, 113, 156, 230, 272, 392, 534, 666, 927, 1243, 1556, 1924, 2346, 2741, 3174, 3503, 4125, 4957, 6284, 7022, 8808, 6916, 5517, 4448, 3787, 3202, 2717, 2268, 1833, 1462, 1155, 904, 646, 475, 353, 262, 166, 134, 93, 61, 55]
[2025-06-25T09:05:33.653+0900] {logging_mixin.py:190} INFO - step : text_orientation_set
[2025-06-25T09:05:38.588+0900] {logging_mixin.py:190} INFO - osd 1 break  0 0 0.18 Latin 1.43
[2025-06-25T09:05:38.589+0900] {logging_mixin.py:190} INFO - step : load
[2025-06-25T09:05:38.589+0900] {logging_mixin.py:190} INFO - step : rotate
[2025-06-25T09:05:38.603+0900] {logging_mixin.py:190} INFO - step : rotate
[2025-06-25T09:05:38.647+0900] {logging_mixin.py:190} INFO - file_copy: /opt/***/data/temp/811f966b-db37-47ae-b22c-0f371f1e7bee/a9e8f656-ddbc-4a69-8eff-6771c0562034/_result.png
[2025-06-25T09:05:38.655+0900] {python.py:240} INFO - Done. Returned value was: {'file_id': '811f966b-db37-47ae-b22c-0f371f1e7bee', 'file_path': '/opt/***/data/class/a_class/classify/ready/false/copied_29_12888045.png', 'false': {'process_id': '_a9e8f656-ddbc-4a69-8eff-6771c0562034_pre', 'folder_path': '811f966b-db37-47ae-b22c-0f371f1e7bee/a9e8f656-ddbc-4a69-8eff-6771c0562034', 'step_list': [{'name': 'cache', 'param': {'cache_key': 'origin'}}, {'name': 'calc_angle_set2', 'param': {'angle_key': 'angle1', 'iterations': 4, 'iter_save': False}}, {'name': 'text_orientation_set', 'param': {'angle_key': 'angle2', 'iterations': 4, 'iter_save': False}}, {'name': 'load', 'param': {'cache_key': 'origin'}}, {'name': 'rotate', 'param': {'angle_key': 'angle1'}}, {'name': 'rotate', 'param': {'angle_key': 'angle2'}}], 'result_file_map': {'_result': '/opt/***/data/temp/811f966b-db37-47ae-b22c-0f371f1e7bee/a9e8f656-ddbc-4a69-8eff-6771c0562034/_result.png'}}}
[2025-06-25T09:05:38.710+0900] {taskinstance.py:341} INFO - ::group::Post task execution logs
[2025-06-25T09:05:38.717+0900] {taskinstance.py:353} INFO - Marking task as SUCCESS. dag_id=lilt_document_classifier_balanced_V0.1, task_id=img_preprocess_task__1, run_id=manual__2025-06-25T00:04:18.909063+00:00, map_index=2, execution_date=20250625T000418, start_date=20250625T000517, end_date=20250625T000538
[2025-06-25T09:05:38.966+0900] {local_task_job_runner.py:266} INFO - Task exited with return code 0
[2025-06-25T09:05:39.110+0900] {taskinstance.py:3901} INFO - 0 downstream tasks scheduled from follow-on schedule check
[2025-06-25T09:05:39.148+0900] {local_task_job_runner.py:245} INFO - ::endgroup::
