[2025-06-24T16:04:38.935+0900] {local_task_job_runner.py:123} INFO - ::group::Pre task execution logs
[2025-06-24T16:04:39.110+0900] {taskinstance.py:2614} INFO - Dependencies all met for dep_context=non-requeueable deps ti=<TaskInstance: lilt_document_classifier_balanced_V0.1.img_preprocess_task manual__2025-06-24T06:53:42.323966+00:00 map_index=51 [queued]>
[2025-06-24T16:04:39.172+0900] {taskinstance.py:2614} INFO - Dependencies all met for dep_context=requeueable deps ti=<TaskInstance: lilt_document_classifier_balanced_V0.1.img_preprocess_task manual__2025-06-24T06:53:42.323966+00:00 map_index=51 [queued]>
[2025-06-24T16:04:39.177+0900] {taskinstance.py:2867} INFO - Starting attempt 1 of 1
[2025-06-24T16:04:39.242+0900] {taskinstance.py:2890} INFO - Executing <Mapped(_PythonDecoratedOperator): img_preprocess_task> on 2025-06-24 06:53:42.323966+00:00
[2025-06-24T16:04:39.292+0900] {warnings.py:112} WARNING - /home/***/.local/lib/python3.12/site-packages/***/task/task_runner/standard_task_runner.py:70: DeprecationWarning: This process (pid=49534) is multi-threaded, use of fork() may lead to deadlocks in the child.
  pid = os.fork()

[2025-06-24T16:04:39.306+0900] {standard_task_runner.py:72} INFO - Started process 49560 to run task
[2025-06-24T16:04:39.287+0900] {standard_task_runner.py:104} INFO - Running: ['***', 'tasks', 'run', 'lilt_document_classifier_balanced_V0.1', 'img_preprocess_task', 'manual__2025-06-24T06:53:42.323966+00:00', '--job-id', '4322', '--raw', '--subdir', 'DAGS_FOLDER/class_create_dag.py', '--cfg-path', '/tmp/tmp2u_1blgh', '--map-index', '51']
[2025-06-24T16:04:39.328+0900] {standard_task_runner.py:105} INFO - Job 4322: Subtask img_preprocess_task
[2025-06-24T16:04:39.481+0900] {task_command.py:467} INFO - Running <TaskInstance: lilt_document_classifier_balanced_V0.1.img_preprocess_task manual__2025-06-24T06:53:42.323966+00:00 map_index=51 [running]> on host f6d4228a9eb8
[2025-06-24T16:04:39.680+0900] {taskinstance.py:3134} INFO - Exporting env vars: AIRFLOW_CTX_DAG_OWNER='***' AIRFLOW_CTX_DAG_ID='lilt_document_classifier_balanced_V0.1' AIRFLOW_CTX_TASK_ID='img_preprocess_task' AIRFLOW_CTX_EXECUTION_DATE='2025-06-24T06:53:42.323966+00:00' AIRFLOW_CTX_TRY_NUMBER='1' AIRFLOW_CTX_DAG_RUN_ID='manual__2025-06-24T06:53:42.323966+00:00'
[2025-06-24T16:04:39.681+0900] {taskinstance.py:732} INFO - ::endgroup::
[2025-06-24T16:04:39.689+0900] {logging_mixin.py:190} INFO - empty map check {} {'process_id': '_ab048841-d7b9-41dd-a33d-b904ee5d817b_pre', 'folder_path': '975265fb-7085-4599-87ad-8d4938136811/ab048841-d7b9-41dd-a33d-b904ee5d817b', 'step_list': [{'name': 'cache', 'param': {'key': 'origin'}}, {'name': 'calc_angle_set2', 'param': {'key': 'angle1', 'iterations': 4, 'iter_save': False}}, {'name': 'text_orientation_set', 'param': {'key': 'angle2', 'iterations': 4, 'iter_save': False}}, {'name': 'load', 'param': {'key': 'origin'}}, {'name': 'rotate', 'param': {'key': 'angle1'}}, {'name': 'rotate', 'param': {'key': 'angle2'}}], 'result_file_map': {}}
[2025-06-24T16:04:39.693+0900] {logging_mixin.py:190} INFO - step : cache
[2025-06-24T16:04:39.695+0900] {logging_mixin.py:190} INFO - step : calc_angle_set2
[2025-06-24T16:05:14.897+0900] {logging_mixin.py:190} INFO - osd 1 -0.5 -0.5 18 123151 [0, 0, 1, 7, 20, 22, 33, 40, 60, 66, 67, 85, 577, 5074, 19077, 39562, 59164, 92299, 123151, 74155, 62375, 41326, 19733, 5811, 773, 76, 76, 47, 45, 34, 24, 16, 4, 2, 2, 0, 0, 0, 0, 0, 0]
[2025-06-24T16:05:46.745+0900] {logging_mixin.py:190} INFO - osd 2 -0.5 0.0 20 131560 [0, 0, 0, 0, 0, 2, 7, 11, 17, 21, 27, 33, 35, 43, 959, 7395, 23992, 45780, 64342, 102920, 131560, 79583, 62521, 46768, 22517, 7752, 1004, 34, 33, 32, 23, 20, 12, 7, 2, 1, 0, 0, 0, 0, 0]
[2025-06-24T16:06:16.319+0900] {logging_mixin.py:190} INFO - osd 3 -0.5 0.0 20 131560 [0, 0, 0, 0, 0, 2, 7, 11, 17, 21, 27, 33, 35, 43, 959, 7395, 23992, 45780, 64342, 102920, 131560, 79583, 62521, 46768, 22517, 7752, 1004, 34, 33, 32, 23, 20, 12, 7, 2, 1, 0, 0, 0, 0, 0]
[2025-06-24T16:06:45.894+0900] {logging_mixin.py:190} INFO - osd 4 -0.5 0.0 20 131560 [0, 0, 0, 0, 0, 2, 7, 11, 17, 21, 27, 33, 35, 43, 959, 7395, 23992, 45780, 64342, 102920, 131560, 79583, 62521, 46768, 22517, 7752, 1004, 34, 33, 32, 23, 20, 12, 7, 2, 1, 0, 0, 0, 0, 0]
[2025-06-24T16:06:46.149+0900] {logging_mixin.py:190} INFO - step : text_orientation_set
[2025-06-24T16:07:01.640+0900] {logging_mixin.py:190} INFO - osd 1 break  0 0 6.87 Korean 0.97
[2025-06-24T16:07:01.646+0900] {logging_mixin.py:190} INFO - step : load
[2025-06-24T16:07:01.647+0900] {logging_mixin.py:190} INFO - step : rotate
[2025-06-24T16:07:02.089+0900] {logging_mixin.py:190} INFO - step : rotate
[2025-06-24T16:07:02.729+0900] {logging_mixin.py:190} INFO - file_copy: /opt/***/data/temp/975265fb-7085-4599-87ad-8d4938136811/ab048841-d7b9-41dd-a33d-b904ee5d817b/_result.png
[2025-06-24T16:07:02.767+0900] {python.py:240} INFO - Done. Returned value was: {'file_id': '975265fb-7085-4599-87ad-8d4938136811', 'file_path': '/opt/***/data/class/a_class/classify/ready/true/송정동 연세빌딩 - 정부24 - 건축물대장 등본(초본) 발급(열람) _ 문서출력_page_1_aug1.png', 'true': {'process_id': '_ab048841-d7b9-41dd-a33d-b904ee5d817b_pre', 'folder_path': '975265fb-7085-4599-87ad-8d4938136811/ab048841-d7b9-41dd-a33d-b904ee5d817b', 'step_list': [{'name': 'cache', 'param': {'key': 'origin'}}, {'name': 'calc_angle_set2', 'param': {'key': 'angle1', 'iterations': 4, 'iter_save': False}}, {'name': 'text_orientation_set', 'param': {'key': 'angle2', 'iterations': 4, 'iter_save': False}}, {'name': 'load', 'param': {'key': 'origin'}}, {'name': 'rotate', 'param': {'key': 'angle1'}}, {'name': 'rotate', 'param': {'key': 'angle2'}}], 'result_file_map': {'_result': '/opt/***/data/temp/975265fb-7085-4599-87ad-8d4938136811/ab048841-d7b9-41dd-a33d-b904ee5d817b/_result.png'}}}
[2025-06-24T16:07:02.838+0900] {taskinstance.py:341} INFO - ::group::Post task execution logs
[2025-06-24T16:07:02.841+0900] {taskinstance.py:353} INFO - Marking task as SUCCESS. dag_id=lilt_document_classifier_balanced_V0.1, task_id=img_preprocess_task, run_id=manual__2025-06-24T06:53:42.323966+00:00, map_index=51, execution_date=20250624T065342, start_date=20250624T070439, end_date=20250624T070702
[2025-06-24T16:07:02.913+0900] {local_task_job_runner.py:266} INFO - Task exited with return code 0
[2025-06-24T16:07:03.308+0900] {taskinstance.py:3901} INFO - 0 downstream tasks scheduled from follow-on schedule check
[2025-06-24T16:07:03.320+0900] {local_task_job_runner.py:245} INFO - ::endgroup::
