[2025-06-23T09:44:25.278+0900] {local_task_job_runner.py:123} INFO - ::group::Pre task execution logs
[2025-06-23T09:44:25.355+0900] {taskinstance.py:2614} INFO - Dependencies all met for dep_context=non-requeueable deps ti=<TaskInstance: lilt_document_classifier_balanced_V0.1.img_preprocess_task manual__2025-06-23T00:42:21.868462+00:00 map_index=24 [queued]>
[2025-06-23T09:44:25.413+0900] {taskinstance.py:2614} INFO - Dependencies all met for dep_context=requeueable deps ti=<TaskInstance: lilt_document_classifier_balanced_V0.1.img_preprocess_task manual__2025-06-23T00:42:21.868462+00:00 map_index=24 [queued]>
[2025-06-23T09:44:25.414+0900] {taskinstance.py:2867} INFO - Starting attempt 1 of 1
[2025-06-23T09:44:25.554+0900] {taskinstance.py:2890} INFO - Executing <Mapped(_PythonDecoratedOperator): img_preprocess_task> on 2025-06-23 00:42:21.868462+00:00
[2025-06-23T09:44:25.615+0900] {standard_task_runner.py:104} INFO - Running: ['***', 'tasks', 'run', 'lilt_document_classifier_balanced_V0.1', 'img_preprocess_task', 'manual__2025-06-23T00:42:21.868462+00:00', '--job-id', '1937', '--raw', '--subdir', 'DAGS_FOLDER/class_create_dag.py', '--cfg-path', '/tmp/tmp63m197tb', '--map-index', '24']
[2025-06-23T09:44:25.632+0900] {standard_task_runner.py:105} INFO - Job 1937: Subtask img_preprocess_task
[2025-06-23T09:44:25.610+0900] {warnings.py:112} WARNING - /home/***/.local/lib/python3.12/site-packages/***/task/task_runner/standard_task_runner.py:70: DeprecationWarning: This process (pid=81719) is multi-threaded, use of fork() may lead to deadlocks in the child.
  pid = os.fork()

[2025-06-23T09:44:25.639+0900] {standard_task_runner.py:72} INFO - Started process 81766 to run task
[2025-06-23T09:44:25.696+0900] {task_command.py:467} INFO - Running <TaskInstance: lilt_document_classifier_balanced_V0.1.img_preprocess_task manual__2025-06-23T00:42:21.868462+00:00 map_index=24 [running]> on host f6d4228a9eb8
[2025-06-23T09:44:26.100+0900] {taskinstance.py:3134} INFO - Exporting env vars: AIRFLOW_CTX_DAG_OWNER='***' AIRFLOW_CTX_DAG_ID='lilt_document_classifier_balanced_V0.1' AIRFLOW_CTX_TASK_ID='img_preprocess_task' AIRFLOW_CTX_EXECUTION_DATE='2025-06-23T00:42:21.868462+00:00' AIRFLOW_CTX_TRY_NUMBER='1' AIRFLOW_CTX_DAG_RUN_ID='manual__2025-06-23T00:42:21.868462+00:00'
[2025-06-23T09:44:26.108+0900] {taskinstance.py:732} INFO - ::endgroup::
[2025-06-23T09:44:26.141+0900] {logging_mixin.py:190} INFO - empty map check {} {'process_id': '_f82d4d64-4ede-469d-8291-7fbfe369106b_pre', 'folder_path': '65eeec18-97e6-433a-a89d-1f8ef35ec37d/f82d4d64-4ede-469d-8291-7fbfe369106b', 'step_list': [{'name': 'cache', 'param': {'key': 'origin'}}, {'name': 'calc_angle_set1', 'param': {'key': 'angle1', 'iterations': 4, 'iter_save': False}}, {'name': 'text_orientation_set', 'param': {'key': 'angle2', 'iterations': 4, 'iter_save': False}}, {'name': 'load', 'param': {'key': 'origin'}}, {'name': 'rotate', 'param': {'key': 'angle1'}}, {'name': 'rotate', 'param': {'key': 'angle2'}}], 'result_file_map': {}}
[2025-06-23T09:44:26.150+0900] {logging_mixin.py:190} INFO - step : cache
[2025-06-23T09:44:26.163+0900] {logging_mixin.py:190} INFO - step : calc_angle_set1
[2025-06-23T09:44:26.626+0900] {logging_mixin.py:190} INFO - step : text_orientation_set
[2025-06-23T09:44:49.925+0900] {logging_mixin.py:190} INFO - osd 1 break  0 0 9.49 Korean 0.64
[2025-06-23T09:44:49.954+0900] {logging_mixin.py:190} INFO - step : load
[2025-06-23T09:44:49.958+0900] {logging_mixin.py:190} INFO - step : rotate
[2025-06-23T09:44:50.354+0900] {logging_mixin.py:190} INFO - step : rotate
[2025-06-23T09:44:50.704+0900] {logging_mixin.py:190} INFO - file_copy: /opt/***/data/temp/65eeec18-97e6-433a-a89d-1f8ef35ec37d/f82d4d64-4ede-469d-8291-7fbfe369106b/_result.png
[2025-06-23T09:44:50.739+0900] {python.py:240} INFO - Done. Returned value was: {'file_id': '65eeec18-97e6-433a-a89d-1f8ef35ec37d', 'file_path': '/opt/***/data/class/a_class/classify/ready/true/창동 정선빌딩 - 정부24 - 건축물대장 등본(초본) 발급(열람) _ 문서출력_page_1_aug2.png', 'true': {'process_id': '_f82d4d64-4ede-469d-8291-7fbfe369106b_pre', 'folder_path': '65eeec18-97e6-433a-a89d-1f8ef35ec37d/f82d4d64-4ede-469d-8291-7fbfe369106b', 'step_list': [{'name': 'cache', 'param': {'key': 'origin'}}, {'name': 'calc_angle_set1', 'param': {'key': 'angle1', 'iterations': 4, 'iter_save': False}}, {'name': 'text_orientation_set', 'param': {'key': 'angle2', 'iterations': 4, 'iter_save': False}}, {'name': 'load', 'param': {'key': 'origin'}}, {'name': 'rotate', 'param': {'key': 'angle1'}}, {'name': 'rotate', 'param': {'key': 'angle2'}}], 'result_file_map': {'_result': '/opt/***/data/temp/65eeec18-97e6-433a-a89d-1f8ef35ec37d/f82d4d64-4ede-469d-8291-7fbfe369106b/_result.png'}}}
[2025-06-23T09:44:50.847+0900] {taskinstance.py:341} INFO - ::group::Post task execution logs
[2025-06-23T09:44:50.850+0900] {taskinstance.py:353} INFO - Marking task as SUCCESS. dag_id=lilt_document_classifier_balanced_V0.1, task_id=img_preprocess_task, run_id=manual__2025-06-23T00:42:21.868462+00:00, map_index=24, execution_date=20250623T004221, start_date=20250623T004425, end_date=20250623T004450
[2025-06-23T09:44:51.118+0900] {local_task_job_runner.py:266} INFO - Task exited with return code 0
[2025-06-23T09:44:51.580+0900] {taskinstance.py:3901} INFO - 0 downstream tasks scheduled from follow-on schedule check
[2025-06-23T09:44:51.609+0900] {local_task_job_runner.py:245} INFO - ::endgroup::
