[2025-06-24T11:49:50.415+0900] {local_task_job_runner.py:123} INFO - ::group::Pre task execution logs
[2025-06-24T11:49:50.643+0900] {taskinstance.py:2614} INFO - Dependencies all met for dep_context=non-requeueable deps ti=<TaskInstance: lilt_document_classifier_balanced_V0.1.img_preprocess_task__1 manual__2025-06-24T02:31:44.485922+00:00 map_index=66 [queued]>
[2025-06-24T11:49:50.681+0900] {taskinstance.py:2614} INFO - Dependencies all met for dep_context=requeueable deps ti=<TaskInstance: lilt_document_classifier_balanced_V0.1.img_preprocess_task__1 manual__2025-06-24T02:31:44.485922+00:00 map_index=66 [queued]>
[2025-06-24T11:49:50.683+0900] {taskinstance.py:2867} INFO - Starting attempt 1 of 1
[2025-06-24T11:49:50.730+0900] {taskinstance.py:2890} INFO - Executing <Mapped(_PythonDecoratedOperator): img_preprocess_task__1> on 2025-06-24 02:31:44.485922+00:00
[2025-06-24T11:49:50.741+0900] {warnings.py:112} WARNING - /home/***/.local/lib/python3.12/site-packages/***/task/task_runner/standard_task_runner.py:70: DeprecationWarning: This process (pid=36183) is multi-threaded, use of fork() may lead to deadlocks in the child.
  pid = os.fork()

[2025-06-24T11:49:50.756+0900] {standard_task_runner.py:72} INFO - Started process 36195 to run task
[2025-06-24T11:49:50.745+0900] {standard_task_runner.py:104} INFO - Running: ['***', 'tasks', 'run', 'lilt_document_classifier_balanced_V0.1', 'img_preprocess_task__1', 'manual__2025-06-24T02:31:44.485922+00:00', '--job-id', '3870', '--raw', '--subdir', 'DAGS_FOLDER/class_create_dag.py', '--cfg-path', '/tmp/tmpvvpepety', '--map-index', '66']
[2025-06-24T11:49:50.767+0900] {standard_task_runner.py:105} INFO - Job 3870: Subtask img_preprocess_task__1
[2025-06-24T11:49:51.314+0900] {task_command.py:467} INFO - Running <TaskInstance: lilt_document_classifier_balanced_V0.1.img_preprocess_task__1 manual__2025-06-24T02:31:44.485922+00:00 map_index=66 [running]> on host f6d4228a9eb8
[2025-06-24T11:49:51.555+0900] {taskinstance.py:3134} INFO - Exporting env vars: AIRFLOW_CTX_DAG_OWNER='***' AIRFLOW_CTX_DAG_ID='lilt_document_classifier_balanced_V0.1' AIRFLOW_CTX_TASK_ID='img_preprocess_task__1' AIRFLOW_CTX_EXECUTION_DATE='2025-06-24T02:31:44.485922+00:00' AIRFLOW_CTX_TRY_NUMBER='1' AIRFLOW_CTX_DAG_RUN_ID='manual__2025-06-24T02:31:44.485922+00:00'
[2025-06-24T11:49:51.560+0900] {taskinstance.py:732} INFO - ::endgroup::
[2025-06-24T11:49:51.562+0900] {logging_mixin.py:190} INFO - empty map check {} {'process_id': '_ab7356e9-4bc7-435e-8e03-c97977ea6ea0_pre', 'folder_path': '54990435-c045-4bc6-afe8-009d855ec739/ab7356e9-4bc7-435e-8e03-c97977ea6ea0', 'step_list': [{'name': 'cache', 'param': {'key': 'origin'}}, {'name': 'calc_angle_set2', 'param': {'key': 'angle1', 'iterations': 4, 'iter_save': True}}, {'name': 'save', 'param': {'key': 'ag1'}}, {'name': 'text_orientation_set', 'param': {'key': 'angle2', 'iterations': 4, 'iter_save': True}}, {'name': 'save', 'param': {'key': 'ag2'}}, {'name': 'load', 'param': {'key': 'origin'}}, {'name': 'rotate', 'param': {'key': 'angle1'}}, {'name': 'rotate', 'param': {'key': 'angle2'}}], 'result_file_map': {}}
[2025-06-24T11:49:51.565+0900] {logging_mixin.py:190} INFO - step : cache
[2025-06-24T11:49:51.567+0900] {logging_mixin.py:190} INFO - step : calc_angle_set2
[2025-06-24T11:49:56.785+0900] {logging_mixin.py:190} INFO - osd 1 -5.0 -5.0 0 8357 [8357, 7604, 6896, 6108, 5539, 5046, 4653, 4339, 3978, 3625, 3237, 2703, 2401, 1666, 1415, 1188, 984, 813, 520, 342, 114, 332, 533, 861, 1034, 1263, 1517, 1776, 2013, 2355, 2535, 3028, 3288, 3514, 3926, 4380, 4822, 5421, 6008, 6771, 7457]
[2025-06-24T11:50:02.528+0900] {logging_mixin.py:190} INFO - osd 2 -10.0 -5.0 0 96363 [96363, 93550, 90100, 87267, 84476, 81078, 78228, 74756, 71960, 69105, 65714, 62855, 59503, 56688, 53292, 50450, 47114, 43778, 41035, 37717, 35225, 36321, 38361, 39867, 41833, 43962, 45572, 47686, 49312, 51458, 53223, 55415, 57031, 58753, 60911, 62639, 64893, 66595, 68211, 70501, 71860]
[2025-06-24T11:50:09.934+0900] {logging_mixin.py:190} INFO - osd 3 -15.0 -5.0 0 159936 [159936, 155829, 152132, 148089, 144160, 140606, 136697, 132857, 129589, 125936, 122253, 118594, 115792, 112411, 108902, 105617, 102134, 98993, 95288, 92108, 89775, 90725, 92279, 94169, 96040, 98015, 99926, 101980, 103855, 105199, 107186, 109174, 111249, 112751, 114869, 116869, 118447, 120585, 122650, 124215, 126287]
[2025-06-24T11:50:22.951+0900] {logging_mixin.py:190} INFO - osd 4 -20.0 -5.0 0 239537 [239537, 234619, 229497, 225188, 220228, 215404, 210594, 205796, 200913, 195618, 190799, 186488, 182026, 177610, 173107, 168973, 164522, 159758, 155347, 151808, 147823, 149426, 150890, 152598, 155284, 157140, 159076, 160903, 162890, 164831, 166958, 169025, 171715, 174028, 175749, 177944, 180076, 182490, 184091, 186299, 188509]
[2025-06-24T11:50:23.171+0900] {logging_mixin.py:190} INFO - step : save
[2025-06-24T11:50:24.083+0900] {logging_mixin.py:190} INFO - file_copy: /opt/***/data/temp/54990435-c045-4bc6-afe8-009d855ec739/ab7356e9-4bc7-435e-8e03-c97977ea6ea0/ag1.png
[2025-06-24T11:50:24.133+0900] {logging_mixin.py:190} INFO - step : text_orientation_set
[2025-06-24T11:50:28.895+0900] {logging_mixin.py:190} INFO - file_copy: /opt/***/data/temp/54990435-c045-4bc6-afe8-009d855ec739/ab7356e9-4bc7-435e-8e03-c97977ea6ea0/rotate2_1.png
[2025-06-24T11:50:33.247+0900] {logging_mixin.py:190} INFO - osd 1 180 180 0.52 Japanese 0.1
[2025-06-24T11:50:38.034+0900] {logging_mixin.py:190} INFO - file_copy: /opt/***/data/temp/54990435-c045-4bc6-afe8-009d855ec739/ab7356e9-4bc7-435e-8e03-c97977ea6ea0/rotate2_2.png
[2025-06-24T11:50:42.392+0900] {logging_mixin.py:190} INFO - osd 2 break  180 0 3.13 Latin 1.88
[2025-06-24T11:50:42.393+0900] {logging_mixin.py:190} INFO - step : save
[2025-06-24T11:50:42.568+0900] {logging_mixin.py:190} INFO - file_copy: /opt/***/data/temp/54990435-c045-4bc6-afe8-009d855ec739/ab7356e9-4bc7-435e-8e03-c97977ea6ea0/ag2.png
[2025-06-24T11:50:42.580+0900] {logging_mixin.py:190} INFO - step : load
[2025-06-24T11:50:42.582+0900] {logging_mixin.py:190} INFO - step : rotate
[2025-06-24T11:50:42.709+0900] {logging_mixin.py:190} INFO - step : rotate
[2025-06-24T11:50:42.889+0900] {logging_mixin.py:190} INFO - file_copy: /opt/***/data/temp/54990435-c045-4bc6-afe8-009d855ec739/ab7356e9-4bc7-435e-8e03-c97977ea6ea0/_result.png
[2025-06-24T11:50:42.901+0900] {python.py:240} INFO - Done. Returned value was: {'file_id': '54990435-c045-4bc6-afe8-009d855ec739', 'file_path': '/opt/***/data/class/a_class/classify/ready/false/copied_6_2057465568_2057465577.png', 'false': {'process_id': '_ab7356e9-4bc7-435e-8e03-c97977ea6ea0_pre', 'folder_path': '54990435-c045-4bc6-afe8-009d855ec739/ab7356e9-4bc7-435e-8e03-c97977ea6ea0', 'step_list': [{'name': 'cache', 'param': {'key': 'origin'}}, {'name': 'calc_angle_set2', 'param': {'key': 'angle1', 'iterations': 4, 'iter_save': True}}, {'name': 'save', 'param': {'key': 'ag1'}}, {'name': 'text_orientation_set', 'param': {'key': 'angle2', 'iterations': 4, 'iter_save': True}}, {'name': 'save', 'param': {'key': 'ag2'}}, {'name': 'load', 'param': {'key': 'origin'}}, {'name': 'rotate', 'param': {'key': 'angle1'}}, {'name': 'rotate', 'param': {'key': 'angle2'}}], 'result_file_map': {'ag1': '/opt/***/data/temp/54990435-c045-4bc6-afe8-009d855ec739/ab7356e9-4bc7-435e-8e03-c97977ea6ea0/ag1.png', 'rotate2_1': '/opt/***/data/temp/54990435-c045-4bc6-afe8-009d855ec739/ab7356e9-4bc7-435e-8e03-c97977ea6ea0/rotate2_1.png', 'rotate2_2': '/opt/***/data/temp/54990435-c045-4bc6-afe8-009d855ec739/ab7356e9-4bc7-435e-8e03-c97977ea6ea0/rotate2_2.png', 'ag2': '/opt/***/data/temp/54990435-c045-4bc6-afe8-009d855ec739/ab7356e9-4bc7-435e-8e03-c97977ea6ea0/ag2.png', '_result': '/opt/***/data/temp/54990435-c045-4bc6-afe8-009d855ec739/ab7356e9-4bc7-435e-8e03-c97977ea6ea0/_result.png'}}}
[2025-06-24T11:50:42.952+0900] {taskinstance.py:341} INFO - ::group::Post task execution logs
[2025-06-24T11:50:42.952+0900] {taskinstance.py:353} INFO - Marking task as SUCCESS. dag_id=lilt_document_classifier_balanced_V0.1, task_id=img_preprocess_task__1, run_id=manual__2025-06-24T02:31:44.485922+00:00, map_index=66, execution_date=20250624T023144, start_date=20250624T024950, end_date=20250624T025042
[2025-06-24T11:50:43.059+0900] {local_task_job_runner.py:266} INFO - Task exited with return code 0
[2025-06-24T11:50:43.141+0900] {taskinstance.py:3901} INFO - 0 downstream tasks scheduled from follow-on schedule check
[2025-06-24T11:50:43.147+0900] {local_task_job_runner.py:245} INFO - ::endgroup::
