[2025-06-23T16:27:48.335+0900] {local_task_job_runner.py:123} INFO - ::group::Pre task execution logs
[2025-06-23T16:27:48.420+0900] {taskinstance.py:2614} INFO - Dependencies all met for dep_context=non-requeueable deps ti=<TaskInstance: lilt_document_classifier_balanced_b_class_V0.1.img_preprocess_task__1 manual__2025-06-23T06:58:09.542610+00:00 map_index=47 [queued]>
[2025-06-23T16:27:48.454+0900] {taskinstance.py:2614} INFO - Dependencies all met for dep_context=requeueable deps ti=<TaskInstance: lilt_document_classifier_balanced_b_class_V0.1.img_preprocess_task__1 manual__2025-06-23T06:58:09.542610+00:00 map_index=47 [queued]>
[2025-06-23T16:27:48.466+0900] {taskinstance.py:2867} INFO - Starting attempt 1 of 1
[2025-06-23T16:27:48.542+0900] {taskinstance.py:2890} INFO - Executing <Mapped(_PythonDecoratedOperator): img_preprocess_task__1> on 2025-06-23 06:58:09.542610+00:00
[2025-06-23T16:27:48.578+0900] {warnings.py:112} WARNING - /home/***/.local/lib/python3.12/site-packages/***/task/task_runner/standard_task_runner.py:70: DeprecationWarning: This process (pid=7745) is multi-threaded, use of fork() may lead to deadlocks in the child.
  pid = os.fork()

[2025-06-23T16:27:48.584+0900] {standard_task_runner.py:72} INFO - Started process 7765 to run task
[2025-06-23T16:27:48.586+0900] {standard_task_runner.py:104} INFO - Running: ['***', 'tasks', 'run', 'lilt_document_classifier_balanced_b_class_V0.1', 'img_preprocess_task__1', 'manual__2025-06-23T06:58:09.542610+00:00', '--job-id', '3400', '--raw', '--subdir', 'DAGS_FOLDER/class_create_dag_b_class.py', '--cfg-path', '/tmp/tmp3y68o4u2', '--map-index', '47']
[2025-06-23T16:27:48.603+0900] {standard_task_runner.py:105} INFO - Job 3400: Subtask img_preprocess_task__1
[2025-06-23T16:27:48.713+0900] {task_command.py:467} INFO - Running <TaskInstance: lilt_document_classifier_balanced_b_class_V0.1.img_preprocess_task__1 manual__2025-06-23T06:58:09.542610+00:00 map_index=47 [running]> on host f6d4228a9eb8
[2025-06-23T16:27:48.855+0900] {taskinstance.py:3134} INFO - Exporting env vars: AIRFLOW_CTX_DAG_OWNER='***' AIRFLOW_CTX_DAG_ID='lilt_document_classifier_balanced_b_class_V0.1' AIRFLOW_CTX_TASK_ID='img_preprocess_task__1' AIRFLOW_CTX_EXECUTION_DATE='2025-06-23T06:58:09.542610+00:00' AIRFLOW_CTX_TRY_NUMBER='1' AIRFLOW_CTX_DAG_RUN_ID='manual__2025-06-23T06:58:09.542610+00:00'
[2025-06-23T16:27:48.860+0900] {taskinstance.py:732} INFO - ::endgroup::
[2025-06-23T16:27:48.866+0900] {logging_mixin.py:190} INFO - empty map check {} {'process_id': '_1abf81b6-01e8-43a1-a42c-21e5866393f6_pre', 'folder_path': '37a24e4e-3e3b-4b31-bf36-6064852eb042/1abf81b6-01e8-43a1-a42c-21e5866393f6', 'step_list': [{'name': 'cache', 'param': {'key': 'origin'}}, {'name': 'calc_angle_set2', 'param': {'key': 'angle1', 'iterations': 4, 'iter_save': False}}, {'name': 'text_orientation_set', 'param': {'key': 'angle2', 'iterations': 4, 'iter_save': False}}, {'name': 'load', 'param': {'key': 'origin'}}, {'name': 'rotate', 'param': {'key': 'angle1'}}, {'name': 'rotate', 'param': {'key': 'angle2'}}], 'result_file_map': {}}
[2025-06-23T16:27:48.888+0900] {logging_mixin.py:190} INFO - step : cache
[2025-06-23T16:27:48.888+0900] {logging_mixin.py:190} INFO - step : calc_angle_set2
[2025-06-23T16:27:53.116+0900] {logging_mixin.py:190} INFO - osd 1 -5.0 -5.0 0 413 [413, 367, 336, 284, 237, 193, 141, 97, 44, 0, 0, 0, 0, 0, 0, 0, 0, 0, 5, 5, 6, 5, 6, 0, 0, 0, 0, 0, 0, 0, 0, 0, 0, 0, 0, 0, 0, 0, 0, 0, 0]
[2025-06-23T16:28:00.154+0900] {logging_mixin.py:190} INFO - osd 2 -10.0 -5.0 0 995 [995, 975, 968, 968, 935, 929, 877, 882, 831, 789, 776, 717, 675, 661, 618, 584, 519, 472, 421, 375, 324, 368, 356, 352, 386, 365, 369, 387, 377, 397, 410, 424, 441, 435, 448, 467, 487, 498, 499, 511, 521]
[2025-06-23T16:28:08.500+0900] {logging_mixin.py:190} INFO - osd 3 -5.0 5.0 40 2103 [1290, 1331, 1295, 1361, 1299, 1337, 1349, 1296, 1289, 1298, 1291, 1199, 1277, 1206, 1110, 1185, 1198, 1252, 1103, 928, 852, 948, 998, 1009, 1033, 1088, 1166, 1260, 1323, 1383, 1491, 1580, 1650, 1700, 1779, 1821, 1826, 1903, 1894, 1885, 2103]
[2025-06-23T16:28:20.187+0900] {logging_mixin.py:190} INFO - osd 4 -10.0 -5.0 0 12884 [12884, 12212, 11502, 10855, 10081, 9418, 8716, 7905, 7180, 6403, 5817, 5342, 5005, 4605, 4108, 3778, 3292, 3007, 2697, 2290, 1716, 1968, 1896, 1945, 2036, 1909, 1972, 2059, 1928, 1983, 2051, 2004, 2037, 1941, 1921, 1857, 1879, 1871, 1869, 1863, 1791]
[2025-06-23T16:28:20.476+0900] {logging_mixin.py:190} INFO - step : text_orientation_set
[2025-06-23T16:28:29.350+0900] {logging_mixin.py:190} INFO - osd 1 180 180 3.76 Latin 0.44
[2025-06-23T16:28:39.238+0900] {logging_mixin.py:190} INFO - osd 2 break  180 0 7.43 Latin 1.43
[2025-06-23T16:28:39.255+0900] {logging_mixin.py:190} INFO - step : load
[2025-06-23T16:28:39.257+0900] {logging_mixin.py:190} INFO - step : rotate
[2025-06-23T16:28:39.382+0900] {logging_mixin.py:190} INFO - step : rotate
[2025-06-23T16:28:39.727+0900] {logging_mixin.py:190} INFO - file_copy: /opt/***/data/temp/37a24e4e-3e3b-4b31-bf36-6064852eb042/1abf81b6-01e8-43a1-a42c-21e5866393f6/_result.png
[2025-06-23T16:28:39.782+0900] {python.py:240} INFO - Done. Returned value was: {'file_id': '37a24e4e-3e3b-4b31-bf36-6064852eb042', 'file_path': '/opt/***/data/class/b_class/classify/ready/false/copied_55_50571232-1232.png', 'false': {'process_id': '_1abf81b6-01e8-43a1-a42c-21e5866393f6_pre', 'folder_path': '37a24e4e-3e3b-4b31-bf36-6064852eb042/1abf81b6-01e8-43a1-a42c-21e5866393f6', 'step_list': [{'name': 'cache', 'param': {'key': 'origin'}}, {'name': 'calc_angle_set2', 'param': {'key': 'angle1', 'iterations': 4, 'iter_save': False}}, {'name': 'text_orientation_set', 'param': {'key': 'angle2', 'iterations': 4, 'iter_save': False}}, {'name': 'load', 'param': {'key': 'origin'}}, {'name': 'rotate', 'param': {'key': 'angle1'}}, {'name': 'rotate', 'param': {'key': 'angle2'}}], 'result_file_map': {'_result': '/opt/***/data/temp/37a24e4e-3e3b-4b31-bf36-6064852eb042/1abf81b6-01e8-43a1-a42c-21e5866393f6/_result.png'}}}
[2025-06-23T16:28:39.832+0900] {taskinstance.py:341} INFO - ::group::Post task execution logs
[2025-06-23T16:28:39.834+0900] {taskinstance.py:353} INFO - Marking task as SUCCESS. dag_id=lilt_document_classifier_balanced_b_class_V0.1, task_id=img_preprocess_task__1, run_id=manual__2025-06-23T06:58:09.542610+00:00, map_index=47, execution_date=20250623T065809, start_date=20250623T072748, end_date=20250623T072839
[2025-06-23T16:28:39.944+0900] {local_task_job_runner.py:266} INFO - Task exited with return code 0
[2025-06-23T16:28:40.191+0900] {taskinstance.py:3901} INFO - 0 downstream tasks scheduled from follow-on schedule check
[2025-06-23T16:28:40.210+0900] {local_task_job_runner.py:245} INFO - ::endgroup::
