[2025-05-28T08:09:10.378+0000] {local_task_job_runner.py:123} INFO - ::group::Pre task execution logs
[2025-05-28T08:09:10.514+0000] {taskinstance.py:2614} INFO - Dependencies all met for dep_context=non-requeueable deps ti=<TaskInstance: image_processing_per_file_v2.preprocess_group.img_preprocess_task manual__2025-05-28T08:09:02.403910+00:00 map_index=2 [queued]>
[2025-05-28T08:09:10.555+0000] {taskinstance.py:2614} INFO - Dependencies all met for dep_context=requeueable deps ti=<TaskInstance: image_processing_per_file_v2.preprocess_group.img_preprocess_task manual__2025-05-28T08:09:02.403910+00:00 map_index=2 [queued]>
[2025-05-28T08:09:10.572+0000] {taskinstance.py:2867} INFO - Starting attempt 1 of 1
[2025-05-28T08:09:10.620+0000] {taskinstance.py:2890} INFO - Executing <Task(_PythonDecoratedOperator): preprocess_group.img_preprocess_task> on 2025-05-28 08:09:02.403910+00:00
[2025-05-28T08:09:10.741+0000] {standard_task_runner.py:104} INFO - Running: ['***', 'tasks', 'run', 'image_processing_per_file_v2', 'preprocess_group.img_preprocess_task', 'manual__2025-05-28T08:09:02.403910+00:00', '--job-id', '148', '--raw', '--subdir', 'DAGS_FOLDER/test_dag.py', '--cfg-path', '/tmp/tmp3nd6y2u4', '--map-index', '2']
[2025-05-28T08:09:10.748+0000] {logging_mixin.py:190} WARNING - /home/***/.local/lib/python3.12/site-packages/***/task/task_runner/standard_task_runner.py:70 DeprecationWarning: This process (pid=69468) is multi-threaded, use of fork() may lead to deadlocks in the child.
[2025-05-28T08:09:10.754+0000] {standard_task_runner.py:105} INFO - Job 148: Subtask preprocess_group.img_preprocess_task
[2025-05-28T08:09:10.755+0000] {standard_task_runner.py:72} INFO - Started process 69515 to run task
[2025-05-28T08:09:11.003+0000] {task_command.py:467} INFO - Running <TaskInstance: image_processing_per_file_v2.preprocess_group.img_preprocess_task manual__2025-05-28T08:09:02.403910+00:00 map_index=2 [running]> on host 293edbf976f9
[2025-05-28T08:09:11.428+0000] {taskinstance.py:3134} INFO - Exporting env vars: AIRFLOW_CTX_DAG_OWNER='***' AIRFLOW_CTX_DAG_ID='image_processing_per_file_v2' AIRFLOW_CTX_TASK_ID='preprocess_group.img_preprocess_task' AIRFLOW_CTX_EXECUTION_DATE='2025-05-28T08:09:02.403910+00:00' AIRFLOW_CTX_TRY_NUMBER='1' AIRFLOW_CTX_DAG_RUN_ID='manual__2025-05-28T08:09:02.403910+00:00'
[2025-05-28T08:09:11.433+0000] {logging_mixin.py:190} INFO - Task instance is in running state
[2025-05-28T08:09:11.433+0000] {logging_mixin.py:190} INFO -  Previous state of the Task instance: queued
[2025-05-28T08:09:11.434+0000] {logging_mixin.py:190} INFO - Current task name:preprocess_group.img_preprocess_task state:running start_date:2025-05-28 08:09:10.515297+00:00
[2025-05-28T08:09:11.434+0000] {logging_mixin.py:190} INFO - Dag name:image_processing_per_file_v2 and current dag run status:running
[2025-05-28T08:09:11.435+0000] {taskinstance.py:732} INFO - ::endgroup::
[2025-05-28T08:09:14.216+0000] {python.py:240} INFO - Done. Returned value was: /opt/***/data/temp/2f9832ac-cea2-490d-83b3-505d305e5236.png
[2025-05-28T08:09:14.294+0000] {taskinstance.py:341} INFO - ::group::Post task execution logs
[2025-05-28T08:09:14.295+0000] {taskinstance.py:353} INFO - Marking task as SUCCESS. dag_id=image_processing_per_file_v2, task_id=preprocess_group.img_preprocess_task, run_id=manual__2025-05-28T08:09:02.403910+00:00, map_index=2, execution_date=20250528T080902, start_date=20250528T080910, end_date=20250528T080914
[2025-05-28T08:09:14.405+0000] {logging_mixin.py:190} INFO - Task instance in success state
[2025-05-28T08:09:14.415+0000] {logging_mixin.py:190} INFO -  Previous state of the Task instance: running
[2025-05-28T08:09:14.441+0000] {logging_mixin.py:190} INFO - Dag name:image_processing_per_file_v2 queued_at:2025-05-28 08:09:02.439957+00:00
[2025-05-28T08:09:14.444+0000] {logging_mixin.py:190} INFO - Task hostname:293edbf976f9 operator:_PythonDecoratedOperator
[2025-05-28T08:09:14.643+0000] {local_task_job_runner.py:266} INFO - Task exited with return code 0
[2025-05-28T08:09:14.674+0000] {local_task_job_runner.py:245} INFO - ::endgroup::
