[2025-06-16T13:22:44.152+0900] {local_task_job_runner.py:123} INFO - ::group::Pre task execution logs
[2025-06-16T13:22:44.176+0900] {taskinstance.py:2614} INFO - Dependencies all met for dep_context=non-requeueable deps ti=<TaskInstance: image_ocr_v2.img_preprocess_task manual__2025-06-16T04:22:38.441788+00:00 map_index=2 [queued]>
[2025-06-16T13:22:44.188+0900] {taskinstance.py:2614} INFO - Dependencies all met for dep_context=requeueable deps ti=<TaskInstance: image_ocr_v2.img_preprocess_task manual__2025-06-16T04:22:38.441788+00:00 map_index=2 [queued]>
[2025-06-16T13:22:44.189+0900] {taskinstance.py:2867} INFO - Starting attempt 1 of 1
[2025-06-16T13:22:44.201+0900] {taskinstance.py:2890} INFO - Executing <Mapped(_PythonDecoratedOperator): img_preprocess_task> on 2025-06-16 04:22:38.441788+00:00
[2025-06-16T13:22:44.210+0900] {warnings.py:112} WARNING - /home/***/.local/lib/python3.12/site-packages/***/task/task_runner/standard_task_runner.py:70: DeprecationWarning: This process (pid=2511) is multi-threaded, use of fork() may lead to deadlocks in the child.
  pid = os.fork()

[2025-06-16T13:22:44.212+0900] {standard_task_runner.py:72} INFO - Started process 2520 to run task
[2025-06-16T13:22:44.212+0900] {standard_task_runner.py:104} INFO - Running: ['***', 'tasks', 'run', 'image_ocr_v2', 'img_preprocess_task', 'manual__2025-06-16T04:22:38.441788+00:00', '--job-id', '134', '--raw', '--subdir', 'DAGS_FOLDER/test_dag.py', '--cfg-path', '/tmp/tmp8jxezbtu', '--map-index', '2']
[2025-06-16T13:22:44.217+0900] {standard_task_runner.py:105} INFO - Job 134: Subtask img_preprocess_task
[2025-06-16T13:22:44.266+0900] {task_command.py:467} INFO - Running <TaskInstance: image_ocr_v2.img_preprocess_task manual__2025-06-16T04:22:38.441788+00:00 map_index=2 [running]> on host f6d4228a9eb8
[2025-06-16T13:22:44.355+0900] {taskinstance.py:3134} INFO - Exporting env vars: AIRFLOW_CTX_DAG_OWNER='***' AIRFLOW_CTX_DAG_ID='image_ocr_v2' AIRFLOW_CTX_TASK_ID='img_preprocess_task' AIRFLOW_CTX_EXECUTION_DATE='2025-06-16T04:22:38.441788+00:00' AIRFLOW_CTX_TRY_NUMBER='1' AIRFLOW_CTX_DAG_RUN_ID='manual__2025-06-16T04:22:38.441788+00:00'
[2025-06-16T13:22:44.356+0900] {taskinstance.py:732} INFO - ::endgroup::
[2025-06-16T13:22:44.364+0900] {logging_mixin.py:190} INFO - empty map check {} {'process_id': '_7ec09731-b4d1-4984-be4a-38252841467d_pre', 'folder_path': '97ac62e3-0960-4a0e-8d1f-485da64518e5/7ec09731-b4d1-4984-be4a-38252841467d', 'step_list': [{'name': 'cache', 'param': {'key': 'origin'}}, {'name': 'calc_angle_set1', 'param': {'key': 'angle1', 'iterations': 3}}, {'name': 'calc_angle_set2', 'param': {'key': 'angle2', 'iterations': 3}}, {'name': 'threshold', 'param': {}}, {'name': 'morphology1', 'param': {}}, {'name': 'save', 'param': {'key': 'classify_preprocess'}}], 'result_file_list': []}
[2025-06-16T13:22:44.365+0900] {logging_mixin.py:190} INFO - step : cache
[2025-06-16T13:22:44.366+0900] {logging_mixin.py:190} INFO - step : calc_angle_set1
[2025-06-16T13:22:44.417+0900] {logging_mixin.py:190} INFO - angle1 :  0 0.6774876878916665 -89.18955880578811 -89.18911768819981 90.52415507024762 90.56447217530697
[2025-06-16T13:22:44.495+0900] {logging_mixin.py:190} INFO - angle2 :  0.6774876878916665 0.017450961644254193 -89.87530862011141 -89.81296329926546 89.87895275858736 89.87912300736653
[2025-06-16T13:22:44.504+0900] {logging_mixin.py:190} INFO - step : calc_angle_set2
[2025-06-16T13:22:50.300+0900] {logging_mixin.py:190} INFO - file_copy: /opt/***/data/temp/97ac62e3-0960-4a0e-8d1f-485da64518e5/7ec09731-b4d1-4984-be4a-38252841467d/rotate2_1.png
[2025-06-16T13:22:51.632+0900] {logging_mixin.py:190} INFO - osd 1 270 270 3.58 Latin 0.56
[2025-06-16T13:22:57.612+0900] {logging_mixin.py:190} INFO - file_copy: /opt/***/data/temp/97ac62e3-0960-4a0e-8d1f-485da64518e5/7ec09731-b4d1-4984-be4a-38252841467d/rotate2_2.png
[2025-06-16T13:22:58.939+0900] {logging_mixin.py:190} INFO - osd 2 450 180 3.86 Latin 0.8
[2025-06-16T13:23:05.174+0900] {logging_mixin.py:190} INFO - file_copy: /opt/***/data/temp/97ac62e3-0960-4a0e-8d1f-485da64518e5/7ec09731-b4d1-4984-be4a-38252841467d/rotate2_3.png
[2025-06-16T13:23:06.484+0900] {logging_mixin.py:190} INFO - step : threshold
[2025-06-16T13:23:06.488+0900] {logging_mixin.py:190} INFO - step : morphology1
[2025-06-16T13:23:06.509+0900] {logging_mixin.py:190} INFO - step : save
[2025-06-16T13:23:06.564+0900] {logging_mixin.py:190} INFO - file_copy: /opt/***/data/temp/97ac62e3-0960-4a0e-8d1f-485da64518e5/7ec09731-b4d1-4984-be4a-38252841467d/classify_preprocess.png
[2025-06-16T13:23:06.575+0900] {python.py:240} INFO - Done. Returned value was: {'file_id': '97ac62e3-0960-4a0e-8d1f-485da64518e5', 'file_path': '/opt/***/data/upload/Gas Engine 점검일지_ 2021년 2월.pdf-image-005.jpg', 'result': {'process_id': '_7ec09731-b4d1-4984-be4a-38252841467d_pre', 'folder_path': '97ac62e3-0960-4a0e-8d1f-485da64518e5/7ec09731-b4d1-4984-be4a-38252841467d', 'step_list': [{'name': 'cache', 'param': {'key': 'origin'}}, {'name': 'calc_angle_set1', 'param': {'key': 'angle1', 'iterations': 3}}, {'name': 'calc_angle_set2', 'param': {'key': 'angle2', 'iterations': 3}}, {'name': 'threshold', 'param': {}}, {'name': 'morphology1', 'param': {}}, {'name': 'save', 'param': {'key': 'classify_preprocess'}}], 'result_file_list': [{'key': 'rotate2_1', 'path': '/opt/***/data/temp/97ac62e3-0960-4a0e-8d1f-485da64518e5/7ec09731-b4d1-4984-be4a-38252841467d/rotate2_1.png'}, {'key': 'rotate2_2', 'path': '/opt/***/data/temp/97ac62e3-0960-4a0e-8d1f-485da64518e5/7ec09731-b4d1-4984-be4a-38252841467d/rotate2_2.png'}, {'key': 'rotate2_3', 'path': '/opt/***/data/temp/97ac62e3-0960-4a0e-8d1f-485da64518e5/7ec09731-b4d1-4984-be4a-38252841467d/rotate2_3.png'}, {'key': 'classify_preprocess', 'path': '/opt/***/data/temp/97ac62e3-0960-4a0e-8d1f-485da64518e5/7ec09731-b4d1-4984-be4a-38252841467d/classify_preprocess.png'}]}}
[2025-06-16T13:23:06.605+0900] {taskinstance.py:341} INFO - ::group::Post task execution logs
[2025-06-16T13:23:06.606+0900] {taskinstance.py:353} INFO - Marking task as SUCCESS. dag_id=image_ocr_v2, task_id=img_preprocess_task, run_id=manual__2025-06-16T04:22:38.441788+00:00, map_index=2, execution_date=20250616T042238, start_date=20250616T042244, end_date=20250616T042306
[2025-06-16T13:23:06.651+0900] {local_task_job_runner.py:266} INFO - Task exited with return code 0
[2025-06-16T13:23:06.674+0900] {taskinstance.py:3901} INFO - 0 downstream tasks scheduled from follow-on schedule check
[2025-06-16T13:23:06.675+0900] {local_task_job_runner.py:245} INFO - ::endgroup::
