[2025-05-27T09:15:35.757+0000] {local_task_job_runner.py:123} INFO - ::group::Pre task execution logs
[2025-05-27T09:15:36.504+0000] {taskinstance.py:2614} INFO - Dependencies all met for dep_context=non-requeueable deps ti=<TaskInstance: image_processing_per_file_v2.preprocess_group.file_copy_task manual__2025-05-27T08:58:50.827042+00:00 map_index=12 [queued]>
[2025-05-27T09:15:37.104+0000] {taskinstance.py:2614} INFO - Dependencies all met for dep_context=requeueable deps ti=<TaskInstance: image_processing_per_file_v2.preprocess_group.file_copy_task manual__2025-05-27T08:58:50.827042+00:00 map_index=12 [queued]>
[2025-05-27T09:15:37.119+0000] {taskinstance.py:2867} INFO - Starting attempt 2 of 2
[2025-05-27T09:15:37.335+0000] {taskinstance.py:2890} INFO - Executing <Task(_PythonDecoratedOperator): preprocess_group.file_copy_task> on 2025-05-27 08:58:50.827042+00:00
[2025-05-27T09:15:37.437+0000] {standard_task_runner.py:104} INFO - Running: ['***', 'tasks', 'run', 'image_processing_per_file_v2', 'preprocess_group.file_copy_task', 'manual__2025-05-27T08:58:50.827042+00:00', '--job-id', '1711', '--raw', '--subdir', 'DAGS_FOLDER/test_dag.py', '--cfg-path', '/tmp/tmp38uxz_kc', '--map-index', '12']
[2025-05-27T09:15:37.452+0000] {standard_task_runner.py:105} INFO - Job 1711: Subtask preprocess_group.file_copy_task
[2025-05-27T09:15:37.429+0000] {logging_mixin.py:190} WARNING - /home/***/.local/lib/python3.12/site-packages/***/task/task_runner/standard_task_runner.py:70 DeprecationWarning: This process (pid=41304) is multi-threaded, use of fork() may lead to deadlocks in the child.
[2025-05-27T09:15:37.551+0000] {standard_task_runner.py:72} INFO - Started process 41382 to run task
[2025-05-27T09:15:37.610+0000] {task_command.py:467} INFO - Running <TaskInstance: image_processing_per_file_v2.preprocess_group.file_copy_task manual__2025-05-27T08:58:50.827042+00:00 map_index=12 [running]> on host d13339a4a574
[2025-05-27T09:15:38.275+0000] {taskinstance.py:3134} INFO - Exporting env vars: AIRFLOW_CTX_DAG_OWNER='***' AIRFLOW_CTX_DAG_ID='image_processing_per_file_v2' AIRFLOW_CTX_TASK_ID='preprocess_group.file_copy_task' AIRFLOW_CTX_EXECUTION_DATE='2025-05-27T08:58:50.827042+00:00' AIRFLOW_CTX_TRY_NUMBER='2' AIRFLOW_CTX_DAG_RUN_ID='manual__2025-05-27T08:58:50.827042+00:00'
[2025-05-27T09:15:38.292+0000] {logging_mixin.py:190} INFO - Task instance is in running state
[2025-05-27T09:15:38.297+0000] {logging_mixin.py:190} INFO -  Previous state of the Task instance: queued
[2025-05-27T09:15:38.298+0000] {logging_mixin.py:190} INFO - Current task name:preprocess_group.file_copy_task state:running start_date:2025-05-27 09:15:36.508719+00:00
[2025-05-27T09:15:38.298+0000] {logging_mixin.py:190} INFO - Dag name:image_processing_per_file_v2 and current dag run status:running
[2025-05-27T09:15:38.299+0000] {taskinstance.py:732} INFO - ::endgroup::
[2025-05-27T09:15:38.337+0000] {logging_mixin.py:190} INFO - copy: /opt/***/data/result/test/스크린샷 2025-05-20 182000 - 복사본 (3) - 복사본.png
[2025-05-27T09:15:38.338+0000] {python.py:240} INFO - Done. Returned value was: /opt/***/data/result/test/스크린샷 2025-05-20 182000 - 복사본 (3) - 복사본.png
[2025-05-27T09:15:38.387+0000] {taskinstance.py:341} INFO - ::group::Post task execution logs
[2025-05-27T09:15:38.392+0000] {taskinstance.py:353} INFO - Marking task as SUCCESS. dag_id=image_processing_per_file_v2, task_id=preprocess_group.file_copy_task, run_id=manual__2025-05-27T08:58:50.827042+00:00, map_index=12, execution_date=20250527T085850, start_date=20250527T091536, end_date=20250527T091538
[2025-05-27T09:15:38.507+0000] {logging_mixin.py:190} INFO - Task instance in success state
[2025-05-27T09:15:38.511+0000] {logging_mixin.py:190} INFO -  Previous state of the Task instance: running
[2025-05-27T09:15:38.511+0000] {logging_mixin.py:190} INFO - Dag name:image_processing_per_file_v2 queued_at:2025-05-27 08:58:50.983771+00:00
[2025-05-27T09:15:38.513+0000] {logging_mixin.py:190} INFO - Task hostname:d13339a4a574 operator:_PythonDecoratedOperator
[2025-05-27T09:15:38.583+0000] {local_task_job_runner.py:266} INFO - Task exited with return code 0
[2025-05-27T09:15:38.620+0000] {local_task_job_runner.py:245} INFO - ::endgroup::
