[2025-06-23T16:56:25.327+0900] {local_task_job_runner.py:123} INFO - ::group::Pre task execution logs
[2025-06-23T16:56:25.385+0900] {taskinstance.py:2614} INFO - Dependencies all met for dep_context=non-requeueable deps ti=<TaskInstance: lilt_document_classifier_balanced_V0.1.img_preprocess_task manual__2025-06-23T07:44:09.997775+00:00 map_index=45 [queued]>
[2025-06-23T16:56:25.472+0900] {taskinstance.py:2614} INFO - Dependencies all met for dep_context=requeueable deps ti=<TaskInstance: lilt_document_classifier_balanced_V0.1.img_preprocess_task manual__2025-06-23T07:44:09.997775+00:00 map_index=45 [queued]>
[2025-06-23T16:56:25.473+0900] {taskinstance.py:2867} INFO - Starting attempt 1 of 1
[2025-06-23T16:56:25.575+0900] {taskinstance.py:2890} INFO - Executing <Mapped(_PythonDecoratedOperator): img_preprocess_task> on 2025-06-23 07:44:09.997775+00:00
[2025-06-23T16:56:25.635+0900] {warnings.py:112} WARNING - /home/***/.local/lib/python3.12/site-packages/***/task/task_runner/standard_task_runner.py:70: DeprecationWarning: This process (pid=11685) is multi-threaded, use of fork() may lead to deadlocks in the child.
  pid = os.fork()

[2025-06-23T16:56:25.663+0900] {standard_task_runner.py:72} INFO - Started process 11695 to run task
[2025-06-23T16:56:25.678+0900] {standard_task_runner.py:104} INFO - Running: ['***', 'tasks', 'run', 'lilt_document_classifier_balanced_V0.1', 'img_preprocess_task', 'manual__2025-06-23T07:44:09.997775+00:00', '--job-id', '3591', '--raw', '--subdir', 'DAGS_FOLDER/class_create_dag.py', '--cfg-path', '/tmp/tmpq3xn0uss', '--map-index', '45']
[2025-06-23T16:56:25.704+0900] {standard_task_runner.py:105} INFO - Job 3591: Subtask img_preprocess_task
[2025-06-23T16:56:25.953+0900] {task_command.py:467} INFO - Running <TaskInstance: lilt_document_classifier_balanced_V0.1.img_preprocess_task manual__2025-06-23T07:44:09.997775+00:00 map_index=45 [running]> on host f6d4228a9eb8
[2025-06-23T16:56:26.343+0900] {taskinstance.py:3134} INFO - Exporting env vars: AIRFLOW_CTX_DAG_OWNER='***' AIRFLOW_CTX_DAG_ID='lilt_document_classifier_balanced_V0.1' AIRFLOW_CTX_TASK_ID='img_preprocess_task' AIRFLOW_CTX_EXECUTION_DATE='2025-06-23T07:44:09.997775+00:00' AIRFLOW_CTX_TRY_NUMBER='1' AIRFLOW_CTX_DAG_RUN_ID='manual__2025-06-23T07:44:09.997775+00:00'
[2025-06-23T16:56:26.348+0900] {taskinstance.py:732} INFO - ::endgroup::
[2025-06-23T16:56:26.366+0900] {logging_mixin.py:190} INFO - empty map check {} {'process_id': '_a8fdf10c-d3e8-48aa-81c9-22aa208df991_pre', 'folder_path': '1d181018-083f-4cc2-a783-7e1e283e7ff0/a8fdf10c-d3e8-48aa-81c9-22aa208df991', 'step_list': [{'name': 'cache', 'param': {'key': 'origin'}}, {'name': 'calc_angle_set2', 'param': {'key': 'angle1', 'iterations': 4, 'iter_save': False}}, {'name': 'text_orientation_set', 'param': {'key': 'angle2', 'iterations': 4, 'iter_save': False}}, {'name': 'load', 'param': {'key': 'origin'}}, {'name': 'rotate', 'param': {'key': 'angle1'}}, {'name': 'rotate', 'param': {'key': 'angle2'}}], 'result_file_map': {}}
[2025-06-23T16:56:26.370+0900] {logging_mixin.py:190} INFO - step : cache
[2025-06-23T16:56:26.372+0900] {logging_mixin.py:190} INFO - step : calc_angle_set2
[2025-06-23T16:57:00.513+0900] {logging_mixin.py:190} INFO - osd 1 5.0 5.0 40 1302363 [1034383, 991450, 946623, 899870, 856764, 811990, 770357, 728268, 688564, 640639, 596177, 551569, 506900, 463527, 425246, 382802, 341424, 299529, 258736, 217431, 180580, 219821, 261883, 305613, 351933, 399674, 450334, 499978, 555661, 613524, 670496, 727943, 791454, 852600, 914953, 978227, 1043701, 1107853, 1173818, 1239668, 1302363]
[2025-06-23T16:57:45.240+0900] {logging_mixin.py:190} INFO - osd 2 0.0 -5.0 0 2880842 [2880842, 2797959, 2717482, 2632936, 2543957, 2459208, 2375296, 2287308, 2204217, 2110962, 2030160, 1943182, 1859734, 1781476, 1696616, 1618433, 1537526, 1462376, 1393144, 1316181, 1244522, 1317730, 1395967, 1467561, 1541998, 1622191, 1698522, 1779888, 1853998, 1931930, 2010258, 2085238, 2171883, 2248116, 2331926, 2412520, 2493419, 2580979, 2665090, 2744185, 2830134]
[2025-06-23T16:58:36.167+0900] {logging_mixin.py:190} INFO - osd 3 5.0 5.0 40 4846818 [4526675, 4444242, 4368822, 4287064, 4211188, 4129850, 4054768, 3969053, 3889528, 3801829, 3714672, 3625656, 3531474, 3443088, 3351653, 3262941, 3169918, 3076819, 2983978, 2892424, 2801915, 2901021, 3002386, 3104095, 3205840, 3307653, 3406068, 3509309, 3608724, 3712668, 3813163, 3911095, 4011607, 4112439, 4218451, 4316991, 4421986, 4522155, 4631065, 4735245, 4846818]
[2025-06-23T16:59:34.427+0900] {logging_mixin.py:190} INFO - osd 4 10.0 5.0 40 7342368 [7275354, 7150555, 7022546, 6895621, 6769021, 6642228, 6508116, 6376746, 6250599, 6118684, 5993962, 5857765, 5733277, 5597659, 5468551, 5341306, 5213165, 5081175, 4948832, 4818201, 4698104, 4810286, 4935390, 5061694, 5190687, 5315785, 5442028, 5570195, 5705916, 5830460, 5968934, 6095921, 6230909, 6360973, 6501343, 6643160, 6779842, 6917723, 7057962, 7198395, 7342368]
[2025-06-23T16:59:34.748+0900] {logging_mixin.py:190} INFO - step : text_orientation_set
[2025-06-23T16:59:59.473+0900] {logging_mixin.py:190} INFO - osd 1 break  0 0 1.3 Japanese 0.21
[2025-06-23T16:59:59.478+0900] {logging_mixin.py:190} INFO - step : load
[2025-06-23T16:59:59.480+0900] {logging_mixin.py:190} INFO - step : rotate
[2025-06-23T17:00:00.263+0900] {logging_mixin.py:190} INFO - step : rotate
[2025-06-23T17:00:01.047+0900] {logging_mixin.py:190} INFO - file_copy: /opt/***/data/temp/1d181018-083f-4cc2-a783-7e1e283e7ff0/a8fdf10c-d3e8-48aa-81c9-22aa208df991/_result.png
[2025-06-23T17:00:01.079+0900] {python.py:240} INFO - Done. Returned value was: {'file_id': '1d181018-083f-4cc2-a783-7e1e283e7ff0', 'file_path': '/opt/***/data/class/a_class/classify/ready/true/필동 평강빌딩 - 정부24 - 건축물대장 등본(초본) 발급(열람) _ 문서출력_page_1_aug0.png', 'true': {'process_id': '_a8fdf10c-d3e8-48aa-81c9-22aa208df991_pre', 'folder_path': '1d181018-083f-4cc2-a783-7e1e283e7ff0/a8fdf10c-d3e8-48aa-81c9-22aa208df991', 'step_list': [{'name': 'cache', 'param': {'key': 'origin'}}, {'name': 'calc_angle_set2', 'param': {'key': 'angle1', 'iterations': 4, 'iter_save': False}}, {'name': 'text_orientation_set', 'param': {'key': 'angle2', 'iterations': 4, 'iter_save': False}}, {'name': 'load', 'param': {'key': 'origin'}}, {'name': 'rotate', 'param': {'key': 'angle1'}}, {'name': 'rotate', 'param': {'key': 'angle2'}}], 'result_file_map': {'_result': '/opt/***/data/temp/1d181018-083f-4cc2-a783-7e1e283e7ff0/a8fdf10c-d3e8-48aa-81c9-22aa208df991/_result.png'}}}
[2025-06-23T17:00:01.164+0900] {taskinstance.py:341} INFO - ::group::Post task execution logs
[2025-06-23T17:00:01.167+0900] {taskinstance.py:353} INFO - Marking task as SUCCESS. dag_id=lilt_document_classifier_balanced_V0.1, task_id=img_preprocess_task, run_id=manual__2025-06-23T07:44:09.997775+00:00, map_index=45, execution_date=20250623T074409, start_date=20250623T075625, end_date=20250623T080001
[2025-06-23T17:00:01.384+0900] {local_task_job_runner.py:266} INFO - Task exited with return code 0
[2025-06-23T17:00:01.534+0900] {taskinstance.py:3901} INFO - 0 downstream tasks scheduled from follow-on schedule check
[2025-06-23T17:00:01.546+0900] {local_task_job_runner.py:245} INFO - ::endgroup::
