[2025-06-16T15:17:26.609+0900] {local_task_job_runner.py:123} INFO - ::group::Pre task execution logs
[2025-06-16T15:17:26.657+0900] {taskinstance.py:2614} INFO - Dependencies all met for dep_context=non-requeueable deps ti=<TaskInstance: layoutxlm_document_classifier_balanced_V0.1.img_preprocess_task__1 manual__2025-06-16T06:17:12.771398+00:00 map_index=1 [queued]>
[2025-06-16T15:17:26.688+0900] {taskinstance.py:2614} INFO - Dependencies all met for dep_context=requeueable deps ti=<TaskInstance: layoutxlm_document_classifier_balanced_V0.1.img_preprocess_task__1 manual__2025-06-16T06:17:12.771398+00:00 map_index=1 [queued]>
[2025-06-16T15:17:26.695+0900] {taskinstance.py:2867} INFO - Starting attempt 1 of 1
[2025-06-16T15:17:26.733+0900] {taskinstance.py:2890} INFO - Executing <Mapped(_PythonDecoratedOperator): img_preprocess_task__1> on 2025-06-16 06:17:12.771398+00:00
[2025-06-16T15:17:26.742+0900] {warnings.py:112} WARNING - /home/***/.local/lib/python3.12/site-packages/***/task/task_runner/standard_task_runner.py:70: DeprecationWarning: This process (pid=7491) is multi-threaded, use of fork() may lead to deadlocks in the child.
  pid = os.fork()

[2025-06-16T15:17:26.746+0900] {standard_task_runner.py:104} INFO - Running: ['***', 'tasks', 'run', 'layoutxlm_document_classifier_balanced_V0.1', 'img_preprocess_task__1', 'manual__2025-06-16T06:17:12.771398+00:00', '--job-id', '452', '--raw', '--subdir', 'DAGS_FOLDER/class_create_dag.py', '--cfg-path', '/tmp/tmplmfw_lvs', '--map-index', '1']
[2025-06-16T15:17:26.754+0900] {standard_task_runner.py:105} INFO - Job 452: Subtask img_preprocess_task__1
[2025-06-16T15:17:26.752+0900] {standard_task_runner.py:72} INFO - Started process 7525 to run task
[2025-06-16T15:17:26.862+0900] {task_command.py:467} INFO - Running <TaskInstance: layoutxlm_document_classifier_balanced_V0.1.img_preprocess_task__1 manual__2025-06-16T06:17:12.771398+00:00 map_index=1 [running]> on host f6d4228a9eb8
[2025-06-16T15:17:27.072+0900] {taskinstance.py:3134} INFO - Exporting env vars: AIRFLOW_CTX_DAG_OWNER='***' AIRFLOW_CTX_DAG_ID='layoutxlm_document_classifier_balanced_V0.1' AIRFLOW_CTX_TASK_ID='img_preprocess_task__1' AIRFLOW_CTX_EXECUTION_DATE='2025-06-16T06:17:12.771398+00:00' AIRFLOW_CTX_TRY_NUMBER='1' AIRFLOW_CTX_DAG_RUN_ID='manual__2025-06-16T06:17:12.771398+00:00'
[2025-06-16T15:17:27.075+0900] {taskinstance.py:732} INFO - ::endgroup::
[2025-06-16T15:17:27.078+0900] {logging_mixin.py:190} INFO - empty map check {} {'process_id': '_542de8f9-0e3b-43ff-8656-853db2ef219d_pre', 'folder_path': '2648c50b-9fdf-452d-bedd-40bf11f94504/542de8f9-0e3b-43ff-8656-853db2ef219d', 'step_list': [{'name': 'calc_angle_set1', 'param': {'key': 'angle1', 'iterations': 3}}, {'name': 'calc_angle_set2', 'param': {'key': 'angle2', 'iterations': 3}}, {'name': 'threshold', 'param': {}}, {'name': 'morphology1', 'param': {}}, {'name': 'save', 'param': {'key': 'classify_preprocess'}}], 'result_file_list': []}
[2025-06-16T15:17:27.086+0900] {logging_mixin.py:190} INFO - step : calc_angle_set1
[2025-06-16T15:17:27.125+0900] {logging_mixin.py:190} INFO - step : calc_angle_set2
[2025-06-16T15:17:39.604+0900] {logging_mixin.py:190} INFO - osd 1 break  0 0 1.87 Latin 1.57
[2025-06-16T15:17:39.606+0900] {logging_mixin.py:190} INFO - step : threshold
[2025-06-16T15:17:39.627+0900] {logging_mixin.py:190} INFO - step : morphology1
[2025-06-16T15:17:39.630+0900] {logging_mixin.py:190} INFO - step : save
[2025-06-16T15:17:39.721+0900] {logging_mixin.py:190} INFO - file_copy: /opt/***/data/temp/2648c50b-9fdf-452d-bedd-40bf11f94504/542de8f9-0e3b-43ff-8656-853db2ef219d/classify_preprocess.png
[2025-06-16T15:17:39.733+0900] {python.py:240} INFO - Done. Returned value was: {'file_id': '2648c50b-9fdf-452d-bedd-40bf11f94504', 'file_path': '/opt/***/data/class/a_class/classify/origin/false/copied_5_40015388-5391.png', 'false': {'process_id': '_542de8f9-0e3b-43ff-8656-853db2ef219d_pre', 'folder_path': '2648c50b-9fdf-452d-bedd-40bf11f94504/542de8f9-0e3b-43ff-8656-853db2ef219d', 'step_list': [{'name': 'calc_angle_set1', 'param': {'key': 'angle1', 'iterations': 3}}, {'name': 'calc_angle_set2', 'param': {'key': 'angle2', 'iterations': 3}}, {'name': 'threshold', 'param': {}}, {'name': 'morphology1', 'param': {}}, {'name': 'save', 'param': {'key': 'classify_preprocess'}}], 'result_file_list': [{'key': 'classify_preprocess', 'path': '/opt/***/data/temp/2648c50b-9fdf-452d-bedd-40bf11f94504/542de8f9-0e3b-43ff-8656-853db2ef219d/classify_preprocess.png'}]}}
[2025-06-16T15:17:39.833+0900] {taskinstance.py:341} INFO - ::group::Post task execution logs
[2025-06-16T15:17:39.837+0900] {taskinstance.py:353} INFO - Marking task as SUCCESS. dag_id=layoutxlm_document_classifier_balanced_V0.1, task_id=img_preprocess_task__1, run_id=manual__2025-06-16T06:17:12.771398+00:00, map_index=1, execution_date=20250616T061712, start_date=20250616T061726, end_date=20250616T061739
[2025-06-16T15:17:39.933+0900] {local_task_job_runner.py:266} INFO - Task exited with return code 0
[2025-06-16T15:17:39.974+0900] {taskinstance.py:3901} INFO - 0 downstream tasks scheduled from follow-on schedule check
[2025-06-16T15:17:39.988+0900] {local_task_job_runner.py:245} INFO - ::endgroup::
