[2025-06-23T10:29:54.884+0900] {local_task_job_runner.py:123} INFO - ::group::Pre task execution logs
[2025-06-23T10:29:54.960+0900] {taskinstance.py:2614} INFO - Dependencies all met for dep_context=non-requeueable deps ti=<TaskInstance: lilt_document_classifier_balanced_V0.1.img_preprocess_task manual__2025-06-23T01:24:40.043171+00:00 map_index=88 [queued]>
[2025-06-23T10:29:55.054+0900] {taskinstance.py:2614} INFO - Dependencies all met for dep_context=requeueable deps ti=<TaskInstance: lilt_document_classifier_balanced_V0.1.img_preprocess_task manual__2025-06-23T01:24:40.043171+00:00 map_index=88 [queued]>
[2025-06-23T10:29:55.076+0900] {taskinstance.py:2867} INFO - Starting attempt 1 of 1
[2025-06-23T10:29:55.157+0900] {taskinstance.py:2890} INFO - Executing <Mapped(_PythonDecoratedOperator): img_preprocess_task> on 2025-06-23 01:24:40.043171+00:00
[2025-06-23T10:29:55.188+0900] {warnings.py:112} WARNING - /home/***/.local/lib/python3.12/site-packages/***/task/task_runner/standard_task_runner.py:70: DeprecationWarning: This process (pid=88441) is multi-threaded, use of fork() may lead to deadlocks in the child.
  pid = os.fork()

[2025-06-23T10:29:55.197+0900] {standard_task_runner.py:72} INFO - Started process 88499 to run task
[2025-06-23T10:29:55.193+0900] {standard_task_runner.py:104} INFO - Running: ['***', 'tasks', 'run', 'lilt_document_classifier_balanced_V0.1', 'img_preprocess_task', 'manual__2025-06-23T01:24:40.043171+00:00', '--job-id', '2261', '--raw', '--subdir', 'DAGS_FOLDER/class_create_dag.py', '--cfg-path', '/tmp/tmptw14bba8', '--map-index', '88']
[2025-06-23T10:29:55.200+0900] {standard_task_runner.py:105} INFO - Job 2261: Subtask img_preprocess_task
[2025-06-23T10:29:55.343+0900] {task_command.py:467} INFO - Running <TaskInstance: lilt_document_classifier_balanced_V0.1.img_preprocess_task manual__2025-06-23T01:24:40.043171+00:00 map_index=88 [running]> on host f6d4228a9eb8
[2025-06-23T10:29:55.992+0900] {taskinstance.py:3134} INFO - Exporting env vars: AIRFLOW_CTX_DAG_OWNER='***' AIRFLOW_CTX_DAG_ID='lilt_document_classifier_balanced_V0.1' AIRFLOW_CTX_TASK_ID='img_preprocess_task' AIRFLOW_CTX_EXECUTION_DATE='2025-06-23T01:24:40.043171+00:00' AIRFLOW_CTX_TRY_NUMBER='1' AIRFLOW_CTX_DAG_RUN_ID='manual__2025-06-23T01:24:40.043171+00:00'
[2025-06-23T10:29:56.048+0900] {taskinstance.py:732} INFO - ::endgroup::
[2025-06-23T10:29:56.062+0900] {logging_mixin.py:190} INFO - empty map check {} {'process_id': '_f223a013-a8a8-4e6c-a12f-e7e2d7091a37_pre', 'folder_path': 'a2393f77-c901-47e9-bc09-6b8e0ee023b2/f223a013-a8a8-4e6c-a12f-e7e2d7091a37', 'step_list': [{'name': 'cache', 'param': {'key': 'origin'}}, {'name': 'calc_angle_set1', 'param': {'key': 'angle1', 'iterations': 4, 'iter_save': False}}, {'name': 'text_orientation_set', 'param': {'key': 'angle2', 'iterations': 4, 'iter_save': False}}, {'name': 'load', 'param': {'key': 'origin'}}, {'name': 'rotate', 'param': {'key': 'angle1'}}, {'name': 'rotate', 'param': {'key': 'angle2'}}], 'result_file_map': {}}
[2025-06-23T10:29:56.087+0900] {logging_mixin.py:190} INFO - step : cache
[2025-06-23T10:29:56.090+0900] {logging_mixin.py:190} INFO - step : calc_angle_set1
[2025-06-23T10:29:56.242+0900] {logging_mixin.py:190} INFO - step : text_orientation_set
[2025-06-23T10:30:11.843+0900] {logging_mixin.py:190} INFO - osd 1 break  0 0 7.98 Korean 0.19
[2025-06-23T10:30:11.846+0900] {logging_mixin.py:190} INFO - step : load
[2025-06-23T10:30:11.849+0900] {logging_mixin.py:190} INFO - step : rotate
[2025-06-23T10:30:11.941+0900] {logging_mixin.py:190} INFO - step : rotate
[2025-06-23T10:30:12.161+0900] {logging_mixin.py:190} INFO - file_copy: /opt/***/data/temp/a2393f77-c901-47e9-bc09-6b8e0ee023b2/f223a013-a8a8-4e6c-a12f-e7e2d7091a37/_result.png
[2025-06-23T10:30:12.168+0900] {python.py:240} INFO - Done. Returned value was: {'file_id': 'a2393f77-c901-47e9-bc09-6b8e0ee023b2', 'file_path': '/opt/***/data/class/a_class/classify/ready/true/종로 우성빌딩 - 정부24 - 건축물대장 등본(초본) 발급(열람) _ 문서출력_page_1_aug1.png', 'true': {'process_id': '_f223a013-a8a8-4e6c-a12f-e7e2d7091a37_pre', 'folder_path': 'a2393f77-c901-47e9-bc09-6b8e0ee023b2/f223a013-a8a8-4e6c-a12f-e7e2d7091a37', 'step_list': [{'name': 'cache', 'param': {'key': 'origin'}}, {'name': 'calc_angle_set1', 'param': {'key': 'angle1', 'iterations': 4, 'iter_save': False}}, {'name': 'text_orientation_set', 'param': {'key': 'angle2', 'iterations': 4, 'iter_save': False}}, {'name': 'load', 'param': {'key': 'origin'}}, {'name': 'rotate', 'param': {'key': 'angle1'}}, {'name': 'rotate', 'param': {'key': 'angle2'}}], 'result_file_map': {'_result': '/opt/***/data/temp/a2393f77-c901-47e9-bc09-6b8e0ee023b2/f223a013-a8a8-4e6c-a12f-e7e2d7091a37/_result.png'}}}
[2025-06-23T10:30:12.240+0900] {taskinstance.py:341} INFO - ::group::Post task execution logs
[2025-06-23T10:30:12.241+0900] {taskinstance.py:353} INFO - Marking task as SUCCESS. dag_id=lilt_document_classifier_balanced_V0.1, task_id=img_preprocess_task, run_id=manual__2025-06-23T01:24:40.043171+00:00, map_index=88, execution_date=20250623T012440, start_date=20250623T012954, end_date=20250623T013012
[2025-06-23T10:30:12.303+0900] {local_task_job_runner.py:266} INFO - Task exited with return code 0
[2025-06-23T10:30:12.365+0900] {taskinstance.py:3901} INFO - 0 downstream tasks scheduled from follow-on schedule check
[2025-06-23T10:30:12.370+0900] {local_task_job_runner.py:245} INFO - ::endgroup::
