[2025-06-23T16:37:24.281+0900] {local_task_job_runner.py:123} INFO - ::group::Pre task execution logs
[2025-06-23T16:37:24.345+0900] {taskinstance.py:2614} INFO - Dependencies all met for dep_context=non-requeueable deps ti=<TaskInstance: lilt_document_classifier_balanced_b_class_V0.1.img_preprocess_task__1 manual__2025-06-23T06:58:09.542610+00:00 map_index=83 [queued]>
[2025-06-23T16:37:24.394+0900] {taskinstance.py:2614} INFO - Dependencies all met for dep_context=requeueable deps ti=<TaskInstance: lilt_document_classifier_balanced_b_class_V0.1.img_preprocess_task__1 manual__2025-06-23T06:58:09.542610+00:00 map_index=83 [queued]>
[2025-06-23T16:37:24.395+0900] {taskinstance.py:2867} INFO - Starting attempt 1 of 1
[2025-06-23T16:37:24.413+0900] {taskinstance.py:2890} INFO - Executing <Mapped(_PythonDecoratedOperator): img_preprocess_task__1> on 2025-06-23 06:58:09.542610+00:00
[2025-06-23T16:37:24.493+0900] {standard_task_runner.py:104} INFO - Running: ['***', 'tasks', 'run', 'lilt_document_classifier_balanced_b_class_V0.1', 'img_preprocess_task__1', 'manual__2025-06-23T06:58:09.542610+00:00', '--job-id', '3471', '--raw', '--subdir', 'DAGS_FOLDER/class_create_dag_b_class.py', '--cfg-path', '/tmp/tmpoo1opyzb', '--map-index', '83']
[2025-06-23T16:37:24.502+0900] {standard_task_runner.py:105} INFO - Job 3471: Subtask img_preprocess_task__1
[2025-06-23T16:37:24.512+0900] {warnings.py:112} WARNING - /home/***/.local/lib/python3.12/site-packages/***/task/task_runner/standard_task_runner.py:70: DeprecationWarning: This process (pid=9238) is multi-threaded, use of fork() may lead to deadlocks in the child.
  pid = os.fork()

[2025-06-23T16:37:24.514+0900] {standard_task_runner.py:72} INFO - Started process 9255 to run task
[2025-06-23T16:37:24.686+0900] {task_command.py:467} INFO - Running <TaskInstance: lilt_document_classifier_balanced_b_class_V0.1.img_preprocess_task__1 manual__2025-06-23T06:58:09.542610+00:00 map_index=83 [running]> on host f6d4228a9eb8
[2025-06-23T16:37:25.181+0900] {taskinstance.py:3134} INFO - Exporting env vars: AIRFLOW_CTX_DAG_OWNER='***' AIRFLOW_CTX_DAG_ID='lilt_document_classifier_balanced_b_class_V0.1' AIRFLOW_CTX_TASK_ID='img_preprocess_task__1' AIRFLOW_CTX_EXECUTION_DATE='2025-06-23T06:58:09.542610+00:00' AIRFLOW_CTX_TRY_NUMBER='1' AIRFLOW_CTX_DAG_RUN_ID='manual__2025-06-23T06:58:09.542610+00:00'
[2025-06-23T16:37:25.183+0900] {taskinstance.py:732} INFO - ::endgroup::
[2025-06-23T16:37:25.186+0900] {logging_mixin.py:190} INFO - empty map check {} {'process_id': '_b53d646f-536d-4751-a53e-eff3e1840f91_pre', 'folder_path': '0c33ff84-dd41-4db8-acfb-c20f61800fce/b53d646f-536d-4751-a53e-eff3e1840f91', 'step_list': [{'name': 'cache', 'param': {'key': 'origin'}}, {'name': 'calc_angle_set2', 'param': {'key': 'angle1', 'iterations': 4, 'iter_save': False}}, {'name': 'text_orientation_set', 'param': {'key': 'angle2', 'iterations': 4, 'iter_save': False}}, {'name': 'load', 'param': {'key': 'origin'}}, {'name': 'rotate', 'param': {'key': 'angle1'}}, {'name': 'rotate', 'param': {'key': 'angle2'}}], 'result_file_map': {}}
[2025-06-23T16:37:25.204+0900] {logging_mixin.py:190} INFO - step : cache
[2025-06-23T16:37:25.206+0900] {logging_mixin.py:190} INFO - step : calc_angle_set2
[2025-06-23T16:37:32.913+0900] {logging_mixin.py:190} INFO - osd 1 -5.0 -5.0 0 144169 [144169, 135998, 127910, 118800, 110941, 103238, 95522, 87960, 80496, 74147, 66173, 59660, 54131, 49278, 44239, 39026, 33997, 29146, 22206, 17288, 11879, 17410, 22086, 29063, 33698, 38906, 43994, 50260, 55853, 61458, 66962, 74319, 81446, 88385, 95958, 102982, 110550, 118553, 127564, 135556, 143930]
[2025-06-23T16:37:40.066+0900] {logging_mixin.py:190} INFO - osd 2 0.0 5.0 40 379564 [337931, 328331, 315815, 306549, 297393, 285293, 276276, 264729, 255806, 245832, 235253, 225431, 215030, 205332, 195504, 184348, 174974, 165422, 156231, 145604, 137693, 146741, 158375, 168631, 179415, 190396, 202784, 214695, 226317, 238665, 251002, 264053, 277024, 288791, 303812, 315816, 330300, 342562, 354264, 368745, 379564]
[2025-06-23T16:37:48.398+0900] {logging_mixin.py:190} INFO - osd 3 -5.0 -5.0 0 628568 [628568, 614961, 600880, 588955, 576953, 565161, 551253, 537917, 526257, 514451, 500918, 487805, 474706, 463214, 449807, 436866, 423260, 410210, 397253, 383709, 371952, 382578, 395132, 407300, 420016, 432214, 444628, 457440, 467991, 480953, 493484, 506384, 517771, 528585, 541753, 554615, 565950, 577483, 588489, 602003, 615005]
[2025-06-23T16:37:58.831+0900] {logging_mixin.py:190} INFO - osd 4 0.0 5.0 40 974544 [936243, 916849, 899892, 882675, 866161, 849291, 832669, 816639, 798722, 783063, 767128, 750255, 734663, 719317, 703172, 688281, 670851, 657114, 643018, 627956, 614025, 631197, 649634, 666936, 683877, 705150, 722319, 741534, 758826, 776669, 795598, 813584, 831408, 850485, 868218, 885782, 903297, 921364, 938355, 956616, 974544]
[2025-06-23T16:37:58.968+0900] {logging_mixin.py:190} INFO - step : text_orientation_set
[2025-06-23T16:38:06.891+0900] {logging_mixin.py:190} INFO - osd 1 break  0 0 1.39 Latin 0.42
[2025-06-23T16:38:06.904+0900] {logging_mixin.py:190} INFO - step : load
[2025-06-23T16:38:06.916+0900] {logging_mixin.py:190} INFO - step : rotate
[2025-06-23T16:38:07.055+0900] {logging_mixin.py:190} INFO - step : rotate
[2025-06-23T16:38:07.828+0900] {logging_mixin.py:190} INFO - file_copy: /opt/***/data/temp/0c33ff84-dd41-4db8-acfb-c20f61800fce/b53d646f-536d-4751-a53e-eff3e1840f91/_result.png
[2025-06-23T16:38:07.916+0900] {python.py:240} INFO - Done. Returned value was: {'file_id': '0c33ff84-dd41-4db8-acfb-c20f61800fce', 'file_path': '/opt/***/data/class/b_class/classify/ready/false/copied_41_2015000027-a.png', 'false': {'process_id': '_b53d646f-536d-4751-a53e-eff3e1840f91_pre', 'folder_path': '0c33ff84-dd41-4db8-acfb-c20f61800fce/b53d646f-536d-4751-a53e-eff3e1840f91', 'step_list': [{'name': 'cache', 'param': {'key': 'origin'}}, {'name': 'calc_angle_set2', 'param': {'key': 'angle1', 'iterations': 4, 'iter_save': False}}, {'name': 'text_orientation_set', 'param': {'key': 'angle2', 'iterations': 4, 'iter_save': False}}, {'name': 'load', 'param': {'key': 'origin'}}, {'name': 'rotate', 'param': {'key': 'angle1'}}, {'name': 'rotate', 'param': {'key': 'angle2'}}], 'result_file_map': {'_result': '/opt/***/data/temp/0c33ff84-dd41-4db8-acfb-c20f61800fce/b53d646f-536d-4751-a53e-eff3e1840f91/_result.png'}}}
[2025-06-23T16:38:08.101+0900] {taskinstance.py:341} INFO - ::group::Post task execution logs
[2025-06-23T16:38:08.104+0900] {taskinstance.py:353} INFO - Marking task as SUCCESS. dag_id=lilt_document_classifier_balanced_b_class_V0.1, task_id=img_preprocess_task__1, run_id=manual__2025-06-23T06:58:09.542610+00:00, map_index=83, execution_date=20250623T065809, start_date=20250623T073724, end_date=20250623T073808
[2025-06-23T16:38:08.222+0900] {local_task_job_runner.py:266} INFO - Task exited with return code 0
[2025-06-23T16:38:08.259+0900] {taskinstance.py:3901} INFO - 0 downstream tasks scheduled from follow-on schedule check
[2025-06-23T16:38:08.326+0900] {local_task_job_runner.py:245} INFO - ::endgroup::
