[2025-06-16T13:05:15.711+0900] {local_task_job_runner.py:123} INFO - ::group::Pre task execution logs
[2025-06-16T13:05:15.791+0900] {taskinstance.py:2614} INFO - Dependencies all met for dep_context=non-requeueable deps ti=<TaskInstance: image_ocr_v2.img_preprocess_task manual__2025-06-16T04:05:04.983051+00:00 map_index=13 [queued]>
[2025-06-16T13:05:15.831+0900] {taskinstance.py:2614} INFO - Dependencies all met for dep_context=requeueable deps ti=<TaskInstance: image_ocr_v2.img_preprocess_task manual__2025-06-16T04:05:04.983051+00:00 map_index=13 [queued]>
[2025-06-16T13:05:15.834+0900] {taskinstance.py:2867} INFO - Starting attempt 1 of 1
[2025-06-16T13:05:15.888+0900] {taskinstance.py:2890} INFO - Executing <Mapped(_PythonDecoratedOperator): img_preprocess_task> on 2025-06-16 04:05:04.983051+00:00
[2025-06-16T13:05:15.903+0900] {warnings.py:112} WARNING - /home/***/.local/lib/python3.12/site-packages/***/task/task_runner/standard_task_runner.py:70: DeprecationWarning: This process (pid=1758) is multi-threaded, use of fork() may lead to deadlocks in the child.
  pid = os.fork()

[2025-06-16T13:05:15.911+0900] {standard_task_runner.py:104} INFO - Running: ['***', 'tasks', 'run', 'image_ocr_v2', 'img_preprocess_task', 'manual__2025-06-16T04:05:04.983051+00:00', '--job-id', '98', '--raw', '--subdir', 'DAGS_FOLDER/test_dag.py', '--cfg-path', '/tmp/tmpmmoqx4ww', '--map-index', '13']
[2025-06-16T13:05:15.918+0900] {standard_task_runner.py:72} INFO - Started process 1819 to run task
[2025-06-16T13:05:15.918+0900] {standard_task_runner.py:105} INFO - Job 98: Subtask img_preprocess_task
[2025-06-16T13:05:16.025+0900] {task_command.py:467} INFO - Running <TaskInstance: image_ocr_v2.img_preprocess_task manual__2025-06-16T04:05:04.983051+00:00 map_index=13 [running]> on host f6d4228a9eb8
[2025-06-16T13:05:16.233+0900] {taskinstance.py:3134} INFO - Exporting env vars: AIRFLOW_CTX_DAG_OWNER='***' AIRFLOW_CTX_DAG_ID='image_ocr_v2' AIRFLOW_CTX_TASK_ID='img_preprocess_task' AIRFLOW_CTX_EXECUTION_DATE='2025-06-16T04:05:04.983051+00:00' AIRFLOW_CTX_TRY_NUMBER='1' AIRFLOW_CTX_DAG_RUN_ID='manual__2025-06-16T04:05:04.983051+00:00'
[2025-06-16T13:05:16.238+0900] {taskinstance.py:732} INFO - ::endgroup::
[2025-06-16T13:05:16.241+0900] {logging_mixin.py:190} INFO - empty map check {} {'process_id': '_b0bdea1f-21c5-4f60-934c-72a61502ffa6_pre', 'folder_path': '701b26f9-5a14-4942-91f6-aa31d5646a1a/b0bdea1f-21c5-4f60-934c-72a61502ffa6', 'step_list': [{'name': 'cache', 'param': {'key': 'origin'}}, {'name': 'calc_angle_set1', 'param': {'key': 'angle1', 'iterations': 3}}, {'name': 'save', 'param': {'key': 'rotate1'}}, {'name': 'calc_angle_set2', 'param': {'key': 'angle2', 'iterations': 3}}, {'name': 'save', 'param': {'key': 'rotate2'}}, {'name': 'threshold', 'param': {}}, {'name': 'morphology1', 'param': {}}, {'name': 'scale1', 'param': {'width': 500, 'height': 500}}, {'name': 'save', 'param': {'key': 'classify_preprocess'}}], 'result_file_list': []}
[2025-06-16T13:05:16.242+0900] {logging_mixin.py:190} INFO - step : cache
[2025-06-16T13:05:16.242+0900] {logging_mixin.py:190} INFO - step : calc_angle_set1
[2025-06-16T13:05:16.339+0900] {logging_mixin.py:190} INFO - angle1 :  0 0.10677363973272984 0.24938157866834842 0.21809054899273406 -0.04037756873016314 0.0
[2025-06-16T13:05:16.551+0900] {logging_mixin.py:190} INFO - angle2 :  0.10677363973272984 -0.051860308053222864 0.06234576376438383 0.09346774663589485 -0.20174486874687728 -0.1615098738662929
[2025-06-16T13:05:16.553+0900] {logging_mixin.py:190} INFO - step : save
[2025-06-16T13:05:16.922+0900] {logging_mixin.py:190} INFO - file_copy: /opt/***/data/temp/701b26f9-5a14-4942-91f6-aa31d5646a1a/b0bdea1f-21c5-4f60-934c-72a61502ffa6/rotate1.png
[2025-06-16T13:05:16.977+0900] {logging_mixin.py:190} INFO - step : calc_angle_set2
[2025-06-16T13:05:33.878+0900] {logging_mixin.py:190} INFO - file_copy: /opt/***/data/temp/701b26f9-5a14-4942-91f6-aa31d5646a1a/b0bdea1f-21c5-4f60-934c-72a61502ffa6/rotate2_1.png
[2025-06-16T13:05:37.973+0900] {logging_mixin.py:190} INFO - step : save
[2025-06-16T13:05:38.483+0900] {logging_mixin.py:190} INFO - file_copy: /opt/***/data/temp/701b26f9-5a14-4942-91f6-aa31d5646a1a/b0bdea1f-21c5-4f60-934c-72a61502ffa6/rotate2.png
[2025-06-16T13:05:38.510+0900] {logging_mixin.py:190} INFO - step : threshold
[2025-06-16T13:05:38.637+0900] {logging_mixin.py:190} INFO - step : morphology1
[2025-06-16T13:05:38.680+0900] {logging_mixin.py:190} INFO - step : scale1
[2025-06-16T13:05:38.704+0900] {logging_mixin.py:190} INFO - step : save
[2025-06-16T13:05:38.734+0900] {logging_mixin.py:190} INFO - file_copy: /opt/***/data/temp/701b26f9-5a14-4942-91f6-aa31d5646a1a/b0bdea1f-21c5-4f60-934c-72a61502ffa6/classify_preprocess.png
[2025-06-16T13:05:38.745+0900] {python.py:240} INFO - Done. Returned value was: {'file_id': '701b26f9-5a14-4942-91f6-aa31d5646a1a', 'file_path': '/opt/***/data/upload/_a69115e3-8d7f-401b-a374-6b93c68b1f7e_pre_rotate2_3.png', 'result': {'process_id': '_b0bdea1f-21c5-4f60-934c-72a61502ffa6_pre', 'folder_path': '701b26f9-5a14-4942-91f6-aa31d5646a1a/b0bdea1f-21c5-4f60-934c-72a61502ffa6', 'step_list': [{'name': 'cache', 'param': {'key': 'origin'}}, {'name': 'calc_angle_set1', 'param': {'key': 'angle1', 'iterations': 3}}, {'name': 'save', 'param': {'key': 'rotate1'}}, {'name': 'calc_angle_set2', 'param': {'key': 'angle2', 'iterations': 3}}, {'name': 'save', 'param': {'key': 'rotate2'}}, {'name': 'threshold', 'param': {}}, {'name': 'morphology1', 'param': {}}, {'name': 'scale1', 'param': {'width': 500, 'height': 500}}, {'name': 'save', 'param': {'key': 'classify_preprocess'}}], 'result_file_list': [{'key': 'rotate1', 'path': '/opt/***/data/temp/701b26f9-5a14-4942-91f6-aa31d5646a1a/b0bdea1f-21c5-4f60-934c-72a61502ffa6/rotate1.png'}, {'key': 'rotate2_1', 'path': '/opt/***/data/temp/701b26f9-5a14-4942-91f6-aa31d5646a1a/b0bdea1f-21c5-4f60-934c-72a61502ffa6/rotate2_1.png'}, {'key': 'rotate2', 'path': '/opt/***/data/temp/701b26f9-5a14-4942-91f6-aa31d5646a1a/b0bdea1f-21c5-4f60-934c-72a61502ffa6/rotate2.png'}, {'key': 'classify_preprocess', 'path': '/opt/***/data/temp/701b26f9-5a14-4942-91f6-aa31d5646a1a/b0bdea1f-21c5-4f60-934c-72a61502ffa6/classify_preprocess.png'}]}}
[2025-06-16T13:05:38.859+0900] {taskinstance.py:341} INFO - ::group::Post task execution logs
[2025-06-16T13:05:38.867+0900] {taskinstance.py:353} INFO - Marking task as SUCCESS. dag_id=image_ocr_v2, task_id=img_preprocess_task, run_id=manual__2025-06-16T04:05:04.983051+00:00, map_index=13, execution_date=20250616T040504, start_date=20250616T040515, end_date=20250616T040538
[2025-06-16T13:05:38.947+0900] {local_task_job_runner.py:266} INFO - Task exited with return code 0
[2025-06-16T13:05:38.967+0900] {taskinstance.py:3901} INFO - 0 downstream tasks scheduled from follow-on schedule check
[2025-06-16T13:05:38.969+0900] {local_task_job_runner.py:245} INFO - ::endgroup::
