[2025-06-23T16:52:25.430+0900] {local_task_job_runner.py:123} INFO - ::group::Pre task execution logs
[2025-06-23T16:52:25.789+0900] {taskinstance.py:2614} INFO - Dependencies all met for dep_context=non-requeueable deps ti=<TaskInstance: lilt_document_classifier_balanced_V0.1.img_preprocess_task manual__2025-06-23T07:44:09.997775+00:00 map_index=29 [queued]>
[2025-06-23T16:52:25.955+0900] {taskinstance.py:2614} INFO - Dependencies all met for dep_context=requeueable deps ti=<TaskInstance: lilt_document_classifier_balanced_V0.1.img_preprocess_task manual__2025-06-23T07:44:09.997775+00:00 map_index=29 [queued]>
[2025-06-23T16:52:25.961+0900] {taskinstance.py:2867} INFO - Starting attempt 1 of 1
[2025-06-23T16:52:26.053+0900] {taskinstance.py:2890} INFO - Executing <Mapped(_PythonDecoratedOperator): img_preprocess_task> on 2025-06-23 07:44:09.997775+00:00
[2025-06-23T16:52:26.181+0900] {standard_task_runner.py:104} INFO - Running: ['***', 'tasks', 'run', 'lilt_document_classifier_balanced_V0.1', 'img_preprocess_task', 'manual__2025-06-23T07:44:09.997775+00:00', '--job-id', '3559', '--raw', '--subdir', 'DAGS_FOLDER/class_create_dag.py', '--cfg-path', '/tmp/tmphgz7fc1d', '--map-index', '29']
[2025-06-23T16:52:26.166+0900] {warnings.py:112} WARNING - /home/***/.local/lib/python3.12/site-packages/***/task/task_runner/standard_task_runner.py:70: DeprecationWarning: This process (pid=11032) is multi-threaded, use of fork() may lead to deadlocks in the child.
  pid = os.fork()

[2025-06-23T16:52:26.223+0900] {standard_task_runner.py:72} INFO - Started process 11043 to run task
[2025-06-23T16:52:26.258+0900] {standard_task_runner.py:105} INFO - Job 3559: Subtask img_preprocess_task
[2025-06-23T16:52:26.659+0900] {task_command.py:467} INFO - Running <TaskInstance: lilt_document_classifier_balanced_V0.1.img_preprocess_task manual__2025-06-23T07:44:09.997775+00:00 map_index=29 [running]> on host f6d4228a9eb8
[2025-06-23T16:52:26.885+0900] {taskinstance.py:3134} INFO - Exporting env vars: AIRFLOW_CTX_DAG_OWNER='***' AIRFLOW_CTX_DAG_ID='lilt_document_classifier_balanced_V0.1' AIRFLOW_CTX_TASK_ID='img_preprocess_task' AIRFLOW_CTX_EXECUTION_DATE='2025-06-23T07:44:09.997775+00:00' AIRFLOW_CTX_TRY_NUMBER='1' AIRFLOW_CTX_DAG_RUN_ID='manual__2025-06-23T07:44:09.997775+00:00'
[2025-06-23T16:52:26.888+0900] {taskinstance.py:732} INFO - ::endgroup::
[2025-06-23T16:52:26.902+0900] {logging_mixin.py:190} INFO - empty map check {} {'process_id': '_ac42bb4d-a99f-4efa-9139-6d3306e34dcf_pre', 'folder_path': 'ae191742-d664-4d07-a3ff-78ed6764e8f1/ac42bb4d-a99f-4efa-9139-6d3306e34dcf', 'step_list': [{'name': 'cache', 'param': {'key': 'origin'}}, {'name': 'calc_angle_set2', 'param': {'key': 'angle1', 'iterations': 4, 'iter_save': False}}, {'name': 'text_orientation_set', 'param': {'key': 'angle2', 'iterations': 4, 'iter_save': False}}, {'name': 'load', 'param': {'key': 'origin'}}, {'name': 'rotate', 'param': {'key': 'angle1'}}, {'name': 'rotate', 'param': {'key': 'angle2'}}], 'result_file_map': {}}
[2025-06-23T16:52:26.953+0900] {logging_mixin.py:190} INFO - step : cache
[2025-06-23T16:52:26.954+0900] {logging_mixin.py:190} INFO - step : calc_angle_set2
[2025-06-23T16:52:58.664+0900] {logging_mixin.py:190} INFO - osd 1 5.0 5.0 40 1097918 [939662, 897710, 854447, 809829, 766919, 723936, 682597, 640648, 601284, 559368, 523001, 485904, 450555, 417325, 389078, 358295, 325649, 288729, 251777, 214674, 181327, 214229, 249679, 285271, 321577, 357694, 395375, 433132, 476343, 523519, 570703, 619043, 672834, 724191, 776121, 828837, 882088, 936054, 991589, 1045814, 1097918]
[2025-06-23T16:53:44.893+0900] {logging_mixin.py:190} INFO - osd 2 0.0 -5.0 0 2544832 [2544832, 2470581, 2398600, 2322588, 2241841, 2165543, 2090732, 2011007, 1935371, 1852454, 1778599, 1700351, 1622943, 1550708, 1472524, 1401352, 1328063, 1260937, 1196809, 1128360, 1063833, 1125944, 1192254, 1251247, 1314881, 1382833, 1447413, 1516392, 1579167, 1644182, 1710489, 1773418, 1845162, 1908773, 1976589, 2042509, 2108279, 2179440, 2248825, 2315028, 2386814]
[2025-06-23T16:54:34.917+0900] {logging_mixin.py:190} INFO - osd 3 5.0 5.0 40 4169245 [3967576, 3893719, 3824688, 3750250, 3682553, 3608641, 3540689, 3464010, 3391035, 3318897, 3248671, 3176687, 3101573, 3029674, 2955275, 2883822, 2807389, 2727566, 2646483, 2566613, 2487532, 2569740, 2654311, 2739032, 2823749, 2909134, 2990287, 3076053, 3158970, 3245363, 3328906, 3410187, 3493055, 3577146, 3665319, 3744238, 3829223, 3909787, 3996340, 4078173, 4169245]
[2025-06-23T16:55:31.327+0900] {logging_mixin.py:190} INFO - osd 4 0.0 -5.0 0 6312663 [6312663, 6202715, 6091790, 5981652, 5872188, 5762287, 5647017, 5531991, 5422187, 5306579, 5198961, 5079872, 4970610, 4853961, 4740635, 4629854, 4518441, 4402672, 4288547, 4175046, 4070941, 4160463, 4260695, 4364154, 4469208, 4570595, 4673887, 4781451, 4894756, 4998083, 5114820, 5222186, 5337483, 5446243, 5561630, 5680624, 5795024, 5909086, 6023059, 6139985, 6258955]
[2025-06-23T16:55:31.713+0900] {logging_mixin.py:190} INFO - step : text_orientation_set
[2025-06-23T16:55:52.350+0900] {logging_mixin.py:190} INFO - osd 1 break  0 0 10.83 Japanese 0.51
[2025-06-23T16:55:52.353+0900] {logging_mixin.py:190} INFO - step : load
[2025-06-23T16:55:52.361+0900] {logging_mixin.py:190} INFO - step : rotate
[2025-06-23T16:55:52.734+0900] {logging_mixin.py:190} INFO - step : rotate
[2025-06-23T16:55:52.943+0900] {logging_mixin.py:190} INFO - file_copy: /opt/***/data/temp/ae191742-d664-4d07-a3ff-78ed6764e8f1/ac42bb4d-a99f-4efa-9139-6d3306e34dcf/_result.png
[2025-06-23T16:55:52.960+0900] {python.py:240} INFO - Done. Returned value was: {'file_id': 'ae191742-d664-4d07-a3ff-78ed6764e8f1', 'file_path': '/opt/***/data/class/a_class/classify/ready/true/죽전동 일성빌딩 - 정부24 - 건축물대장 등본(초본) 발급(열람) _ 문서출력_page_1_aug0.png', 'true': {'process_id': '_ac42bb4d-a99f-4efa-9139-6d3306e34dcf_pre', 'folder_path': 'ae191742-d664-4d07-a3ff-78ed6764e8f1/ac42bb4d-a99f-4efa-9139-6d3306e34dcf', 'step_list': [{'name': 'cache', 'param': {'key': 'origin'}}, {'name': 'calc_angle_set2', 'param': {'key': 'angle1', 'iterations': 4, 'iter_save': False}}, {'name': 'text_orientation_set', 'param': {'key': 'angle2', 'iterations': 4, 'iter_save': False}}, {'name': 'load', 'param': {'key': 'origin'}}, {'name': 'rotate', 'param': {'key': 'angle1'}}, {'name': 'rotate', 'param': {'key': 'angle2'}}], 'result_file_map': {'_result': '/opt/***/data/temp/ae191742-d664-4d07-a3ff-78ed6764e8f1/ac42bb4d-a99f-4efa-9139-6d3306e34dcf/_result.png'}}}
[2025-06-23T16:55:52.999+0900] {taskinstance.py:341} INFO - ::group::Post task execution logs
[2025-06-23T16:55:53.002+0900] {taskinstance.py:353} INFO - Marking task as SUCCESS. dag_id=lilt_document_classifier_balanced_V0.1, task_id=img_preprocess_task, run_id=manual__2025-06-23T07:44:09.997775+00:00, map_index=29, execution_date=20250623T074409, start_date=20250623T075225, end_date=20250623T075553
[2025-06-23T16:55:53.118+0900] {local_task_job_runner.py:266} INFO - Task exited with return code 0
[2025-06-23T16:55:53.183+0900] {taskinstance.py:3901} INFO - 0 downstream tasks scheduled from follow-on schedule check
[2025-06-23T16:55:53.188+0900] {local_task_job_runner.py:245} INFO - ::endgroup::
