[2025-06-24T13:31:01.864+0900] {local_task_job_runner.py:123} INFO - ::group::Pre task execution logs
[2025-06-24T13:31:02.019+0900] {taskinstance.py:2614} INFO - Dependencies all met for dep_context=non-requeueable deps ti=<TaskInstance: lilt_document_classifier_balanced_V0.1.img_preprocess_task manual__2025-06-24T04:23:33.505927+00:00 map_index=38 [queued]>
[2025-06-24T13:31:02.119+0900] {taskinstance.py:2614} INFO - Dependencies all met for dep_context=requeueable deps ti=<TaskInstance: lilt_document_classifier_balanced_V0.1.img_preprocess_task manual__2025-06-24T04:23:33.505927+00:00 map_index=38 [queued]>
[2025-06-24T13:31:02.123+0900] {taskinstance.py:2867} INFO - Starting attempt 1 of 1
[2025-06-24T13:31:02.166+0900] {taskinstance.py:2890} INFO - Executing <Mapped(_PythonDecoratedOperator): img_preprocess_task> on 2025-06-24 04:23:33.505927+00:00
[2025-06-24T13:31:02.203+0900] {warnings.py:112} WARNING - /home/***/.local/lib/python3.12/site-packages/***/task/task_runner/standard_task_runner.py:70: DeprecationWarning: This process (pid=39982) is multi-threaded, use of fork() may lead to deadlocks in the child.
  pid = os.fork()

[2025-06-24T13:31:02.222+0900] {standard_task_runner.py:72} INFO - Started process 40027 to run task
[2025-06-24T13:31:02.213+0900] {standard_task_runner.py:104} INFO - Running: ['***', 'tasks', 'run', 'lilt_document_classifier_balanced_V0.1', 'img_preprocess_task', 'manual__2025-06-24T04:23:33.505927+00:00', '--job-id', '4007', '--raw', '--subdir', 'DAGS_FOLDER/class_create_dag.py', '--cfg-path', '/tmp/tmp4xbp9rw3', '--map-index', '38']
[2025-06-24T13:31:02.247+0900] {standard_task_runner.py:105} INFO - Job 4007: Subtask img_preprocess_task
[2025-06-24T13:31:02.842+0900] {task_command.py:467} INFO - Running <TaskInstance: lilt_document_classifier_balanced_V0.1.img_preprocess_task manual__2025-06-24T04:23:33.505927+00:00 map_index=38 [running]> on host f6d4228a9eb8
[2025-06-24T13:31:03.120+0900] {taskinstance.py:3134} INFO - Exporting env vars: AIRFLOW_CTX_DAG_OWNER='***' AIRFLOW_CTX_DAG_ID='lilt_document_classifier_balanced_V0.1' AIRFLOW_CTX_TASK_ID='img_preprocess_task' AIRFLOW_CTX_EXECUTION_DATE='2025-06-24T04:23:33.505927+00:00' AIRFLOW_CTX_TRY_NUMBER='1' AIRFLOW_CTX_DAG_RUN_ID='manual__2025-06-24T04:23:33.505927+00:00'
[2025-06-24T13:31:03.128+0900] {taskinstance.py:732} INFO - ::endgroup::
[2025-06-24T13:31:03.138+0900] {logging_mixin.py:190} INFO - empty map check {} {'process_id': '_79b2f9e0-2a0f-4282-a8d4-af5f735eaf74_pre', 'folder_path': '37f01469-bb1e-4bad-bab8-7fc5c953b62b/79b2f9e0-2a0f-4282-a8d4-af5f735eaf74', 'step_list': [{'name': 'cache', 'param': {'key': 'origin'}}, {'name': 'calc_angle_set2', 'param': {'key': 'angle1', 'iterations': 4, 'iter_save': True}}, {'name': 'save', 'param': {'key': 'ag1'}}, {'name': 'text_orientation_set', 'param': {'key': 'angle2', 'iterations': 4, 'iter_save': True}}, {'name': 'save', 'param': {'key': 'ag2'}}, {'name': 'load', 'param': {'key': 'origin'}}, {'name': 'rotate', 'param': {'key': 'angle1'}}, {'name': 'rotate', 'param': {'key': 'angle2'}}], 'result_file_map': {}}
[2025-06-24T13:31:03.139+0900] {logging_mixin.py:190} INFO - step : cache
[2025-06-24T13:31:03.139+0900] {logging_mixin.py:190} INFO - step : calc_angle_set2
[2025-06-24T13:31:32.209+0900] {logging_mixin.py:190} INFO - osd 1 0 0 0 0 [0, 0, 0, 0, 0, 0, 0, 0, 0, 0, 0, 0, 0, 0, 0, 0, 0, 0, 0, 0, 0, 0, 0, 0, 0, 0, 0, 0, 0, 0, 0, 0, 0, 0, 0, 0, 0, 0, 0, 0, 0]
[2025-06-24T13:32:03.765+0900] {logging_mixin.py:190} INFO - osd 2 0 0 0 0 [0, 0, 0, 0, 0, 0, 0, 0, 0, 0, 0, 0, 0, 0, 0, 0, 0, 0, 0, 0, 0, 0, 0, 0, 0, 0, 0, 0, 0, 0, 0, 0, 0, 0, 0, 0, 0, 0, 0, 0, 0]
[2025-06-24T13:32:33.150+0900] {logging_mixin.py:190} INFO - osd 3 0 0 0 0 [0, 0, 0, 0, 0, 0, 0, 0, 0, 0, 0, 0, 0, 0, 0, 0, 0, 0, 0, 0, 0, 0, 0, 0, 0, 0, 0, 0, 0, 0, 0, 0, 0, 0, 0, 0, 0, 0, 0, 0, 0]
[2025-06-24T13:33:08.382+0900] {logging_mixin.py:190} INFO - osd 4 0 0 0 0 [0, 0, 0, 0, 0, 0, 0, 0, 0, 0, 0, 0, 0, 0, 0, 0, 0, 0, 0, 0, 0, 0, 0, 0, 0, 0, 0, 0, 0, 0, 0, 0, 0, 0, 0, 0, 0, 0, 0, 0, 0]
[2025-06-24T13:33:08.804+0900] {logging_mixin.py:190} INFO - step : save
[2025-06-24T13:33:09.012+0900] {logging_mixin.py:190} INFO - file_copy: /opt/***/data/temp/37f01469-bb1e-4bad-bab8-7fc5c953b62b/79b2f9e0-2a0f-4282-a8d4-af5f735eaf74/ag1.png
[2025-06-24T13:33:09.036+0900] {logging_mixin.py:190} INFO - step : text_orientation_set
[2025-06-24T13:33:18.189+0900] {logging_mixin.py:190} INFO - file_copy: /opt/***/data/temp/37f01469-bb1e-4bad-bab8-7fc5c953b62b/79b2f9e0-2a0f-4282-a8d4-af5f735eaf74/rotate2_1.png
[2025-06-24T13:33:22.126+0900] {logging_mixin.py:190} INFO - osd 1 break  0 0 7.93 Korean 0.52
[2025-06-24T13:33:22.134+0900] {logging_mixin.py:190} INFO - step : save
[2025-06-24T13:33:22.782+0900] {logging_mixin.py:190} INFO - file_copy: /opt/***/data/temp/37f01469-bb1e-4bad-bab8-7fc5c953b62b/79b2f9e0-2a0f-4282-a8d4-af5f735eaf74/ag2.png
[2025-06-24T13:33:22.801+0900] {logging_mixin.py:190} INFO - step : load
[2025-06-24T13:33:22.851+0900] {logging_mixin.py:190} INFO - step : rotate
[2025-06-24T13:33:22.975+0900] {logging_mixin.py:190} INFO - step : rotate
[2025-06-24T13:33:23.298+0900] {logging_mixin.py:190} INFO - file_copy: /opt/***/data/temp/37f01469-bb1e-4bad-bab8-7fc5c953b62b/79b2f9e0-2a0f-4282-a8d4-af5f735eaf74/_result.png
[2025-06-24T13:33:23.316+0900] {python.py:240} INFO - Done. Returned value was: {'file_id': '37f01469-bb1e-4bad-bab8-7fc5c953b62b', 'file_path': '/opt/***/data/class/a_class/classify/ready/true/거제동 고성빌딩 - 정부24 - 건축물대장 등본(초본) 발급(열람) _ 문서출력_page_1_aug2.png', 'true': {'process_id': '_79b2f9e0-2a0f-4282-a8d4-af5f735eaf74_pre', 'folder_path': '37f01469-bb1e-4bad-bab8-7fc5c953b62b/79b2f9e0-2a0f-4282-a8d4-af5f735eaf74', 'step_list': [{'name': 'cache', 'param': {'key': 'origin'}}, {'name': 'calc_angle_set2', 'param': {'key': 'angle1', 'iterations': 4, 'iter_save': True}}, {'name': 'save', 'param': {'key': 'ag1'}}, {'name': 'text_orientation_set', 'param': {'key': 'angle2', 'iterations': 4, 'iter_save': True}}, {'name': 'save', 'param': {'key': 'ag2'}}, {'name': 'load', 'param': {'key': 'origin'}}, {'name': 'rotate', 'param': {'key': 'angle1'}}, {'name': 'rotate', 'param': {'key': 'angle2'}}], 'result_file_map': {'ag1': '/opt/***/data/temp/37f01469-bb1e-4bad-bab8-7fc5c953b62b/79b2f9e0-2a0f-4282-a8d4-af5f735eaf74/ag1.png', 'rotate2_1': '/opt/***/data/temp/37f01469-bb1e-4bad-bab8-7fc5c953b62b/79b2f9e0-2a0f-4282-a8d4-af5f735eaf74/rotate2_1.png', 'ag2': '/opt/***/data/temp/37f01469-bb1e-4bad-bab8-7fc5c953b62b/79b2f9e0-2a0f-4282-a8d4-af5f735eaf74/ag2.png', '_result': '/opt/***/data/temp/37f01469-bb1e-4bad-bab8-7fc5c953b62b/79b2f9e0-2a0f-4282-a8d4-af5f735eaf74/_result.png'}}}
[2025-06-24T13:33:23.719+0900] {taskinstance.py:341} INFO - ::group::Post task execution logs
[2025-06-24T13:33:23.722+0900] {taskinstance.py:353} INFO - Marking task as SUCCESS. dag_id=lilt_document_classifier_balanced_V0.1, task_id=img_preprocess_task, run_id=manual__2025-06-24T04:23:33.505927+00:00, map_index=38, execution_date=20250624T042333, start_date=20250624T043102, end_date=20250624T043323
[2025-06-24T13:33:23.895+0900] {local_task_job_runner.py:266} INFO - Task exited with return code 0
[2025-06-24T13:33:24.167+0900] {taskinstance.py:3901} INFO - 0 downstream tasks scheduled from follow-on schedule check
[2025-06-24T13:33:24.196+0900] {local_task_job_runner.py:245} INFO - ::endgroup::
