[2025-05-26T06:41:40.645+0000] {local_task_job_runner.py:123} INFO - ::group::Pre task execution logs
[2025-05-26T06:41:41.080+0000] {taskinstance.py:2614} INFO - Dependencies all met for dep_context=non-requeueable deps ti=<TaskInstance: image_processing_per_file_v2.grayscale_task manual__2025-05-26T06:41:33.694383+00:00 map_index=2 [queued]>
[2025-05-26T06:41:41.102+0000] {taskinstance.py:2614} INFO - Dependencies all met for dep_context=requeueable deps ti=<TaskInstance: image_processing_per_file_v2.grayscale_task manual__2025-05-26T06:41:33.694383+00:00 map_index=2 [queued]>
[2025-05-26T06:41:41.104+0000] {taskinstance.py:2867} INFO - Starting attempt 1 of 1
[2025-05-26T06:41:41.126+0000] {taskinstance.py:2890} INFO - Executing <Mapped(_PythonDecoratedOperator): grayscale_task> on 2025-05-26 06:41:33.694383+00:00
[2025-05-26T06:41:41.171+0000] {warnings.py:112} WARNING - /home/***/.local/lib/python3.12/site-packages/***/task/task_runner/standard_task_runner.py:70: DeprecationWarning: This process (pid=1002) is multi-threaded, use of fork() may lead to deadlocks in the child.
  pid = os.fork()

[2025-05-26T06:41:41.174+0000] {standard_task_runner.py:72} INFO - Started process 1013 to run task
[2025-05-26T06:41:41.181+0000] {standard_task_runner.py:104} INFO - Running: ['***', 'tasks', 'run', 'image_processing_per_file_v2', 'grayscale_task', 'manual__2025-05-26T06:41:33.694383+00:00', '--job-id', '49', '--raw', '--subdir', 'DAGS_FOLDER/test_dag.py', '--cfg-path', '/tmp/tmp5lzd79ts', '--map-index', '2']
[2025-05-26T06:41:41.184+0000] {standard_task_runner.py:105} INFO - Job 49: Subtask grayscale_task
[2025-05-26T06:41:41.293+0000] {task_command.py:467} INFO - Running <TaskInstance: image_processing_per_file_v2.grayscale_task manual__2025-05-26T06:41:33.694383+00:00 map_index=2 [running]> on host b0d7fbab896a
[2025-05-26T06:41:41.623+0000] {taskinstance.py:3134} INFO - Exporting env vars: AIRFLOW_CTX_DAG_OWNER='***' AIRFLOW_CTX_DAG_ID='image_processing_per_file_v2' AIRFLOW_CTX_TASK_ID='grayscale_task' AIRFLOW_CTX_EXECUTION_DATE='2025-05-26T06:41:33.694383+00:00' AIRFLOW_CTX_TRY_NUMBER='1' AIRFLOW_CTX_DAG_RUN_ID='manual__2025-05-26T06:41:33.694383+00:00'
[2025-05-26T06:41:41.626+0000] {logging_mixin.py:190} INFO - Task instance is in running state
[2025-05-26T06:41:41.627+0000] {logging_mixin.py:190} INFO -  Previous state of the Task instance: queued
[2025-05-26T06:41:41.627+0000] {logging_mixin.py:190} INFO - Current task name:grayscale_task state:running start_date:2025-05-26 06:41:41.082553+00:00
[2025-05-26T06:41:41.631+0000] {logging_mixin.py:190} INFO - Dag name:image_processing_per_file_v2 and current dag run status:running
[2025-05-26T06:41:41.633+0000] {taskinstance.py:732} INFO - ::endgroup::
[2025-05-26T06:41:41.635+0000] {logging_mixin.py:190} INFO - ----------file_path /opt/***/data/upload/test/스크린샷 2025-05-21 181632.png
[2025-05-26T06:41:41.801+0000] {python.py:240} INFO - Done. Returned value was: /opt/***/data/temp/스크린샷 2025-05-21 181632.png
[2025-05-26T06:41:41.901+0000] {taskinstance.py:341} INFO - ::group::Post task execution logs
[2025-05-26T06:41:41.902+0000] {taskinstance.py:353} INFO - Marking task as SUCCESS. dag_id=image_processing_per_file_v2, task_id=grayscale_task, run_id=manual__2025-05-26T06:41:33.694383+00:00, map_index=2, execution_date=20250526T064133, start_date=20250526T064141, end_date=20250526T064141
[2025-05-26T06:41:41.985+0000] {logging_mixin.py:190} INFO - Task instance in success state
[2025-05-26T06:41:41.986+0000] {logging_mixin.py:190} INFO -  Previous state of the Task instance: running
[2025-05-26T06:41:41.989+0000] {logging_mixin.py:190} INFO - Dag name:image_processing_per_file_v2 queued_at:2025-05-26 06:41:33.706891+00:00
[2025-05-26T06:41:41.991+0000] {logging_mixin.py:190} INFO - Task hostname:b0d7fbab896a operator:_PythonDecoratedOperator
[2025-05-26T06:41:42.040+0000] {local_task_job_runner.py:266} INFO - Task exited with return code 0
[2025-05-26T06:41:42.060+0000] {local_task_job_runner.py:245} INFO - ::endgroup::
