[2025-06-18T13:50:43.589+0900] {local_task_job_runner.py:123} INFO - ::group::Pre task execution logs
[2025-06-18T13:50:43.726+0900] {taskinstance.py:2614} INFO - Dependencies all met for dep_context=non-requeueable deps ti=<TaskInstance: lilt_document_classifier_balanced_V0.1.img_preprocess_task__1 manual__2025-06-18T04:46:36.476365+00:00 map_index=75 [queued]>
[2025-06-18T13:50:43.808+0900] {taskinstance.py:2614} INFO - Dependencies all met for dep_context=requeueable deps ti=<TaskInstance: lilt_document_classifier_balanced_V0.1.img_preprocess_task__1 manual__2025-06-18T04:46:36.476365+00:00 map_index=75 [queued]>
[2025-06-18T13:50:43.810+0900] {taskinstance.py:2867} INFO - Starting attempt 1 of 1
[2025-06-18T13:50:43.858+0900] {taskinstance.py:2890} INFO - Executing <Mapped(_PythonDecoratedOperator): img_preprocess_task__1> on 2025-06-18 04:46:36.476365+00:00
[2025-06-18T13:50:43.886+0900] {warnings.py:112} WARNING - /home/***/.local/lib/python3.12/site-packages/***/task/task_runner/standard_task_runner.py:70: DeprecationWarning: This process (pid=29314) is multi-threaded, use of fork() may lead to deadlocks in the child.
  pid = os.fork()

[2025-06-18T13:50:43.892+0900] {standard_task_runner.py:104} INFO - Running: ['***', 'tasks', 'run', 'lilt_document_classifier_balanced_V0.1', 'img_preprocess_task__1', 'manual__2025-06-18T04:46:36.476365+00:00', '--job-id', '1168', '--raw', '--subdir', 'DAGS_FOLDER/class_create_dag.py', '--cfg-path', '/tmp/tmpvgk40ncg', '--map-index', '75']
[2025-06-18T13:50:43.939+0900] {standard_task_runner.py:105} INFO - Job 1168: Subtask img_preprocess_task__1
[2025-06-18T13:50:43.899+0900] {standard_task_runner.py:72} INFO - Started process 29395 to run task
[2025-06-18T13:50:44.130+0900] {task_command.py:467} INFO - Running <TaskInstance: lilt_document_classifier_balanced_V0.1.img_preprocess_task__1 manual__2025-06-18T04:46:36.476365+00:00 map_index=75 [running]> on host f6d4228a9eb8
[2025-06-18T13:50:44.428+0900] {taskinstance.py:3134} INFO - Exporting env vars: AIRFLOW_CTX_DAG_OWNER='***' AIRFLOW_CTX_DAG_ID='lilt_document_classifier_balanced_V0.1' AIRFLOW_CTX_TASK_ID='img_preprocess_task__1' AIRFLOW_CTX_EXECUTION_DATE='2025-06-18T04:46:36.476365+00:00' AIRFLOW_CTX_TRY_NUMBER='1' AIRFLOW_CTX_DAG_RUN_ID='manual__2025-06-18T04:46:36.476365+00:00'
[2025-06-18T13:50:44.473+0900] {taskinstance.py:732} INFO - ::endgroup::
[2025-06-18T13:50:44.526+0900] {logging_mixin.py:190} INFO - empty map check {} {'process_id': '_5c43a5d2-87ea-4e81-8b47-5fe885a7dd04_pre', 'folder_path': '61662747-8551-4386-8a58-9189ab5f2148/5c43a5d2-87ea-4e81-8b47-5fe885a7dd04', 'step_list': [{'name': 'cache', 'param': {'key': 'origin'}}, {'name': 'calc_angle_set1', 'param': {'key': 'angle1', 'iterations': 4, 'iter_save': False}}, {'name': 'text_orientation_set', 'param': {'key': 'angle2', 'iterations': 4, 'iter_save': False}}, {'name': 'load', 'param': {'key': 'origin'}}, {'name': 'rotate', 'param': {'key': 'angle1'}}, {'name': 'rotate', 'param': {'key': 'angle2'}}, {'name': 'save', 'param': {'key': 'classify_preprocess'}}], 'result_file_list': []}
[2025-06-18T13:50:44.570+0900] {logging_mixin.py:190} INFO - step : cache
[2025-06-18T13:50:44.571+0900] {logging_mixin.py:190} INFO - step : calc_angle_set1
[2025-06-18T13:50:44.621+0900] {logging_mixin.py:190} INFO - step : text_orientation_set
[2025-06-18T13:50:50.482+0900] {logging_mixin.py:190} INFO - Tesseract OSD Error: (1, 'Estimating resolution as 159 Warning. Invalid resolution 0 dpi. Using 70 instead. Too few characters. Skipping this page Error during processing.')
[2025-06-18T13:50:50.484+0900] {logging_mixin.py:190} INFO - step : load
[2025-06-18T13:50:50.489+0900] {logging_mixin.py:190} INFO - step : rotate
[2025-06-18T13:50:50.512+0900] {logging_mixin.py:190} INFO - step : rotate
[2025-06-18T13:50:50.516+0900] {logging_mixin.py:190} INFO - step : save
[2025-06-18T13:50:50.605+0900] {logging_mixin.py:190} INFO - file_copy: /opt/***/data/temp/61662747-8551-4386-8a58-9189ab5f2148/5c43a5d2-87ea-4e81-8b47-5fe885a7dd04/classify_preprocess.png
[2025-06-18T13:50:50.626+0900] {python.py:240} INFO - Done. Returned value was: {'file_id': '61662747-8551-4386-8a58-9189ab5f2148', 'file_path': '/opt/***/data/class/a_class/classify/ready/false/copied_4_93367669.png', 'false': {'process_id': '_5c43a5d2-87ea-4e81-8b47-5fe885a7dd04_pre', 'folder_path': '61662747-8551-4386-8a58-9189ab5f2148/5c43a5d2-87ea-4e81-8b47-5fe885a7dd04', 'step_list': [{'name': 'cache', 'param': {'key': 'origin'}}, {'name': 'calc_angle_set1', 'param': {'key': 'angle1', 'iterations': 4, 'iter_save': False}}, {'name': 'text_orientation_set', 'param': {'key': 'angle2', 'iterations': 4, 'iter_save': False}}, {'name': 'load', 'param': {'key': 'origin'}}, {'name': 'rotate', 'param': {'key': 'angle1'}}, {'name': 'rotate', 'param': {'key': 'angle2'}}, {'name': 'save', 'param': {'key': 'classify_preprocess'}}], 'result_file_list': [{'key': 'classify_preprocess', 'path': '/opt/***/data/temp/61662747-8551-4386-8a58-9189ab5f2148/5c43a5d2-87ea-4e81-8b47-5fe885a7dd04/classify_preprocess.png'}]}}
[2025-06-18T13:50:50.748+0900] {taskinstance.py:341} INFO - ::group::Post task execution logs
[2025-06-18T13:50:50.762+0900] {taskinstance.py:353} INFO - Marking task as SUCCESS. dag_id=lilt_document_classifier_balanced_V0.1, task_id=img_preprocess_task__1, run_id=manual__2025-06-18T04:46:36.476365+00:00, map_index=75, execution_date=20250618T044636, start_date=20250618T045043, end_date=20250618T045050
[2025-06-18T13:50:51.008+0900] {local_task_job_runner.py:266} INFO - Task exited with return code 0
[2025-06-18T13:50:51.424+0900] {taskinstance.py:3901} INFO - 0 downstream tasks scheduled from follow-on schedule check
[2025-06-18T13:50:51.490+0900] {local_task_job_runner.py:245} INFO - ::endgroup::
