[2025-06-23T09:43:58.755+0900] {local_task_job_runner.py:123} INFO - ::group::Pre task execution logs
[2025-06-23T09:43:58.844+0900] {taskinstance.py:2614} INFO - Dependencies all met for dep_context=non-requeueable deps ti=<TaskInstance: lilt_document_classifier_balanced_V0.1.img_preprocess_task__1 manual__2025-06-23T00:42:21.868462+00:00 map_index=14 [queued]>
[2025-06-23T09:43:58.894+0900] {taskinstance.py:2614} INFO - Dependencies all met for dep_context=requeueable deps ti=<TaskInstance: lilt_document_classifier_balanced_V0.1.img_preprocess_task__1 manual__2025-06-23T00:42:21.868462+00:00 map_index=14 [queued]>
[2025-06-23T09:43:58.906+0900] {taskinstance.py:2867} INFO - Starting attempt 1 of 1
[2025-06-23T09:43:58.948+0900] {taskinstance.py:2890} INFO - Executing <Mapped(_PythonDecoratedOperator): img_preprocess_task__1> on 2025-06-23 00:42:21.868462+00:00
[2025-06-23T09:43:59.004+0900] {warnings.py:112} WARNING - /home/***/.local/lib/python3.12/site-packages/***/task/task_runner/standard_task_runner.py:70: DeprecationWarning: This process (pid=81310) is multi-threaded, use of fork() may lead to deadlocks in the child.
  pid = os.fork()

[2025-06-23T09:43:59.006+0900] {standard_task_runner.py:104} INFO - Running: ['***', 'tasks', 'run', 'lilt_document_classifier_balanced_V0.1', 'img_preprocess_task__1', 'manual__2025-06-23T00:42:21.868462+00:00', '--job-id', '1917', '--raw', '--subdir', 'DAGS_FOLDER/class_create_dag.py', '--cfg-path', '/tmp/tmppc5f1g2h', '--map-index', '14']
[2025-06-23T09:43:59.012+0900] {standard_task_runner.py:105} INFO - Job 1917: Subtask img_preprocess_task__1
[2025-06-23T09:43:59.016+0900] {standard_task_runner.py:72} INFO - Started process 81411 to run task
[2025-06-23T09:43:59.216+0900] {task_command.py:467} INFO - Running <TaskInstance: lilt_document_classifier_balanced_V0.1.img_preprocess_task__1 manual__2025-06-23T00:42:21.868462+00:00 map_index=14 [running]> on host f6d4228a9eb8
[2025-06-23T09:43:59.627+0900] {taskinstance.py:3134} INFO - Exporting env vars: AIRFLOW_CTX_DAG_OWNER='***' AIRFLOW_CTX_DAG_ID='lilt_document_classifier_balanced_V0.1' AIRFLOW_CTX_TASK_ID='img_preprocess_task__1' AIRFLOW_CTX_EXECUTION_DATE='2025-06-23T00:42:21.868462+00:00' AIRFLOW_CTX_TRY_NUMBER='1' AIRFLOW_CTX_DAG_RUN_ID='manual__2025-06-23T00:42:21.868462+00:00'
[2025-06-23T09:43:59.634+0900] {taskinstance.py:732} INFO - ::endgroup::
[2025-06-23T09:43:59.655+0900] {logging_mixin.py:190} INFO - empty map check {} {'process_id': '_6906cae4-90cb-4b6f-a762-1aed9fd01374_pre', 'folder_path': '974bda5a-e2eb-484e-b065-d9b66a1b262a/6906cae4-90cb-4b6f-a762-1aed9fd01374', 'step_list': [{'name': 'cache', 'param': {'key': 'origin'}}, {'name': 'calc_angle_set1', 'param': {'key': 'angle1', 'iterations': 4, 'iter_save': False}}, {'name': 'text_orientation_set', 'param': {'key': 'angle2', 'iterations': 4, 'iter_save': False}}, {'name': 'load', 'param': {'key': 'origin'}}, {'name': 'rotate', 'param': {'key': 'angle1'}}, {'name': 'rotate', 'param': {'key': 'angle2'}}], 'result_file_map': {}}
[2025-06-23T09:43:59.678+0900] {logging_mixin.py:190} INFO - step : cache
[2025-06-23T09:43:59.680+0900] {logging_mixin.py:190} INFO - step : calc_angle_set1
[2025-06-23T09:43:59.751+0900] {logging_mixin.py:190} INFO - step : text_orientation_set
[2025-06-23T09:44:06.405+0900] {logging_mixin.py:190} INFO - Tesseract OSD Error: (1, 'Estimating resolution as 122 Warning. Invalid resolution 0 dpi. Using 70 instead. Too few characters. Skipping this page Error during processing.')
[2025-06-23T09:44:06.407+0900] {logging_mixin.py:190} INFO - step : load
[2025-06-23T09:44:06.423+0900] {logging_mixin.py:190} INFO - step : rotate
[2025-06-23T09:44:06.489+0900] {logging_mixin.py:190} INFO - step : rotate
[2025-06-23T09:44:06.623+0900] {logging_mixin.py:190} INFO - file_copy: /opt/***/data/temp/974bda5a-e2eb-484e-b065-d9b66a1b262a/6906cae4-90cb-4b6f-a762-1aed9fd01374/_result.png
[2025-06-23T09:44:06.732+0900] {python.py:240} INFO - Done. Returned value was: {'file_id': '974bda5a-e2eb-484e-b065-d9b66a1b262a', 'file_path': '/opt/***/data/class/a_class/classify/ready/false/copied_53_87803166.png', 'false': {'process_id': '_6906cae4-90cb-4b6f-a762-1aed9fd01374_pre', 'folder_path': '974bda5a-e2eb-484e-b065-d9b66a1b262a/6906cae4-90cb-4b6f-a762-1aed9fd01374', 'step_list': [{'name': 'cache', 'param': {'key': 'origin'}}, {'name': 'calc_angle_set1', 'param': {'key': 'angle1', 'iterations': 4, 'iter_save': False}}, {'name': 'text_orientation_set', 'param': {'key': 'angle2', 'iterations': 4, 'iter_save': False}}, {'name': 'load', 'param': {'key': 'origin'}}, {'name': 'rotate', 'param': {'key': 'angle1'}}, {'name': 'rotate', 'param': {'key': 'angle2'}}], 'result_file_map': {'_result': '/opt/***/data/temp/974bda5a-e2eb-484e-b065-d9b66a1b262a/6906cae4-90cb-4b6f-a762-1aed9fd01374/_result.png'}}}
[2025-06-23T09:44:06.828+0900] {taskinstance.py:341} INFO - ::group::Post task execution logs
[2025-06-23T09:44:06.830+0900] {taskinstance.py:353} INFO - Marking task as SUCCESS. dag_id=lilt_document_classifier_balanced_V0.1, task_id=img_preprocess_task__1, run_id=manual__2025-06-23T00:42:21.868462+00:00, map_index=14, execution_date=20250623T004221, start_date=20250623T004358, end_date=20250623T004406
[2025-06-23T09:44:06.933+0900] {local_task_job_runner.py:266} INFO - Task exited with return code 0
[2025-06-23T09:44:06.997+0900] {taskinstance.py:3901} INFO - 0 downstream tasks scheduled from follow-on schedule check
[2025-06-23T09:44:07.009+0900] {local_task_job_runner.py:245} INFO - ::endgroup::
