[2025-06-24T13:34:29.602+0900] {local_task_job_runner.py:123} INFO - ::group::Pre task execution logs
[2025-06-24T13:34:29.956+0900] {taskinstance.py:2614} INFO - Dependencies all met for dep_context=non-requeueable deps ti=<TaskInstance: lilt_document_classifier_balanced_V0.1.img_preprocess_task manual__2025-06-24T04:23:33.505927+00:00 map_index=52 [queued]>
[2025-06-24T13:34:30.004+0900] {taskinstance.py:2614} INFO - Dependencies all met for dep_context=requeueable deps ti=<TaskInstance: lilt_document_classifier_balanced_V0.1.img_preprocess_task manual__2025-06-24T04:23:33.505927+00:00 map_index=52 [queued]>
[2025-06-24T13:34:30.006+0900] {taskinstance.py:2867} INFO - Starting attempt 1 of 1
[2025-06-24T13:34:30.326+0900] {taskinstance.py:2890} INFO - Executing <Mapped(_PythonDecoratedOperator): img_preprocess_task> on 2025-06-24 04:23:33.505927+00:00
[2025-06-24T13:34:30.469+0900] {warnings.py:112} WARNING - /home/***/.local/lib/python3.12/site-packages/***/task/task_runner/standard_task_runner.py:70: DeprecationWarning: This process (pid=40617) is multi-threaded, use of fork() may lead to deadlocks in the child.
  pid = os.fork()

[2025-06-24T13:34:30.532+0900] {standard_task_runner.py:104} INFO - Running: ['***', 'tasks', 'run', 'lilt_document_classifier_balanced_V0.1', 'img_preprocess_task', 'manual__2025-06-24T04:23:33.505927+00:00', '--job-id', '4038', '--raw', '--subdir', 'DAGS_FOLDER/class_create_dag.py', '--cfg-path', '/tmp/tmp8k2xs9ub', '--map-index', '52']
[2025-06-24T13:34:30.588+0900] {standard_task_runner.py:105} INFO - Job 4038: Subtask img_preprocess_task
[2025-06-24T13:34:30.537+0900] {standard_task_runner.py:72} INFO - Started process 40643 to run task
[2025-06-24T13:34:30.815+0900] {task_command.py:467} INFO - Running <TaskInstance: lilt_document_classifier_balanced_V0.1.img_preprocess_task manual__2025-06-24T04:23:33.505927+00:00 map_index=52 [running]> on host f6d4228a9eb8
[2025-06-24T13:34:31.067+0900] {taskinstance.py:3134} INFO - Exporting env vars: AIRFLOW_CTX_DAG_OWNER='***' AIRFLOW_CTX_DAG_ID='lilt_document_classifier_balanced_V0.1' AIRFLOW_CTX_TASK_ID='img_preprocess_task' AIRFLOW_CTX_EXECUTION_DATE='2025-06-24T04:23:33.505927+00:00' AIRFLOW_CTX_TRY_NUMBER='1' AIRFLOW_CTX_DAG_RUN_ID='manual__2025-06-24T04:23:33.505927+00:00'
[2025-06-24T13:34:31.069+0900] {taskinstance.py:732} INFO - ::endgroup::
[2025-06-24T13:34:31.072+0900] {logging_mixin.py:190} INFO - empty map check {} {'process_id': '_5e8931bb-a561-486f-9884-00c3ac2aecff_pre', 'folder_path': '2378c348-e74e-4adc-8786-36023393b6fb/5e8931bb-a561-486f-9884-00c3ac2aecff', 'step_list': [{'name': 'cache', 'param': {'key': 'origin'}}, {'name': 'calc_angle_set2', 'param': {'key': 'angle1', 'iterations': 4, 'iter_save': True}}, {'name': 'save', 'param': {'key': 'ag1'}}, {'name': 'text_orientation_set', 'param': {'key': 'angle2', 'iterations': 4, 'iter_save': True}}, {'name': 'save', 'param': {'key': 'ag2'}}, {'name': 'load', 'param': {'key': 'origin'}}, {'name': 'rotate', 'param': {'key': 'angle1'}}, {'name': 'rotate', 'param': {'key': 'angle2'}}], 'result_file_map': {}}
[2025-06-24T13:34:31.078+0900] {logging_mixin.py:190} INFO - step : cache
[2025-06-24T13:34:31.080+0900] {logging_mixin.py:190} INFO - step : calc_angle_set2
[2025-06-24T13:35:05.638+0900] {logging_mixin.py:190} INFO - osd 1 0 0 25 1 [0, 0, 0, 0, 0, 0, 0, 0, 0, 0, 0, 0, 0, 0, 0, 0, 0, 0, 0, 0, 0, 0, 0, 0, 0, 1, 0, 0, 0, 0, 0, 0, 0, 0, 0, 0, 0, 1, 0, 0, 0]
[2025-06-24T13:35:41.083+0900] {logging_mixin.py:190} INFO - osd 2 0 0 25 1 [0, 0, 0, 0, 0, 0, 0, 0, 0, 0, 0, 0, 0, 0, 0, 0, 0, 0, 0, 0, 0, 0, 0, 0, 0, 1, 0, 0, 0, 0, 0, 0, 0, 0, 0, 0, 0, 1, 0, 0, 0]
[2025-06-24T13:36:11.829+0900] {logging_mixin.py:190} INFO - osd 3 0 0 25 1 [0, 0, 0, 0, 0, 0, 0, 0, 0, 0, 0, 0, 0, 0, 0, 0, 0, 0, 0, 0, 0, 0, 0, 0, 0, 1, 0, 0, 0, 0, 0, 0, 0, 0, 0, 0, 0, 1, 0, 0, 0]
[2025-06-24T13:36:43.128+0900] {logging_mixin.py:190} INFO - osd 4 0 0 25 1 [0, 0, 0, 0, 0, 0, 0, 0, 0, 0, 0, 0, 0, 0, 0, 0, 0, 0, 0, 0, 0, 0, 0, 0, 0, 1, 0, 0, 0, 0, 0, 0, 0, 0, 0, 0, 0, 1, 0, 0, 0]
[2025-06-24T13:36:43.352+0900] {logging_mixin.py:190} INFO - step : save
[2025-06-24T13:36:43.926+0900] {logging_mixin.py:190} INFO - file_copy: /opt/***/data/temp/2378c348-e74e-4adc-8786-36023393b6fb/5e8931bb-a561-486f-9884-00c3ac2aecff/ag1.png
[2025-06-24T13:36:43.961+0900] {logging_mixin.py:190} INFO - step : text_orientation_set
[2025-06-24T13:36:52.296+0900] {logging_mixin.py:190} INFO - file_copy: /opt/***/data/temp/2378c348-e74e-4adc-8786-36023393b6fb/5e8931bb-a561-486f-9884-00c3ac2aecff/rotate2_1.png
[2025-06-24T13:36:59.747+0900] {logging_mixin.py:190} INFO - osd 1 break  0 0 11.44 Korean 0.11
[2025-06-24T13:36:59.751+0900] {logging_mixin.py:190} INFO - step : save
[2025-06-24T13:37:00.293+0900] {logging_mixin.py:190} INFO - file_copy: /opt/***/data/temp/2378c348-e74e-4adc-8786-36023393b6fb/5e8931bb-a561-486f-9884-00c3ac2aecff/ag2.png
[2025-06-24T13:37:00.330+0900] {logging_mixin.py:190} INFO - step : load
[2025-06-24T13:37:00.331+0900] {logging_mixin.py:190} INFO - step : rotate
[2025-06-24T13:37:00.863+0900] {logging_mixin.py:190} INFO - step : rotate
[2025-06-24T13:37:03.353+0900] {logging_mixin.py:190} INFO - file_copy: /opt/***/data/temp/2378c348-e74e-4adc-8786-36023393b6fb/5e8931bb-a561-486f-9884-00c3ac2aecff/_result.png
[2025-06-24T13:37:03.542+0900] {python.py:240} INFO - Done. Returned value was: {'file_id': '2378c348-e74e-4adc-8786-36023393b6fb', 'file_path': '/opt/***/data/class/a_class/classify/ready/true/창동 정선빌딩 - 정부24 - 건축물대장 등본(초본) 발급(열람) _ 문서출력_page_1_aug0.png', 'true': {'process_id': '_5e8931bb-a561-486f-9884-00c3ac2aecff_pre', 'folder_path': '2378c348-e74e-4adc-8786-36023393b6fb/5e8931bb-a561-486f-9884-00c3ac2aecff', 'step_list': [{'name': 'cache', 'param': {'key': 'origin'}}, {'name': 'calc_angle_set2', 'param': {'key': 'angle1', 'iterations': 4, 'iter_save': True}}, {'name': 'save', 'param': {'key': 'ag1'}}, {'name': 'text_orientation_set', 'param': {'key': 'angle2', 'iterations': 4, 'iter_save': True}}, {'name': 'save', 'param': {'key': 'ag2'}}, {'name': 'load', 'param': {'key': 'origin'}}, {'name': 'rotate', 'param': {'key': 'angle1'}}, {'name': 'rotate', 'param': {'key': 'angle2'}}], 'result_file_map': {'ag1': '/opt/***/data/temp/2378c348-e74e-4adc-8786-36023393b6fb/5e8931bb-a561-486f-9884-00c3ac2aecff/ag1.png', 'rotate2_1': '/opt/***/data/temp/2378c348-e74e-4adc-8786-36023393b6fb/5e8931bb-a561-486f-9884-00c3ac2aecff/rotate2_1.png', 'ag2': '/opt/***/data/temp/2378c348-e74e-4adc-8786-36023393b6fb/5e8931bb-a561-486f-9884-00c3ac2aecff/ag2.png', '_result': '/opt/***/data/temp/2378c348-e74e-4adc-8786-36023393b6fb/5e8931bb-a561-486f-9884-00c3ac2aecff/_result.png'}}}
[2025-06-24T13:37:03.891+0900] {taskinstance.py:341} INFO - ::group::Post task execution logs
[2025-06-24T13:37:03.892+0900] {taskinstance.py:353} INFO - Marking task as SUCCESS. dag_id=lilt_document_classifier_balanced_V0.1, task_id=img_preprocess_task, run_id=manual__2025-06-24T04:23:33.505927+00:00, map_index=52, execution_date=20250624T042333, start_date=20250624T043429, end_date=20250624T043703
[2025-06-24T13:37:04.445+0900] {local_task_job_runner.py:266} INFO - Task exited with return code 0
[2025-06-24T13:37:04.523+0900] {taskinstance.py:3901} INFO - 0 downstream tasks scheduled from follow-on schedule check
[2025-06-24T13:37:04.579+0900] {local_task_job_runner.py:245} INFO - ::endgroup::
