[2025-06-23T09:44:52.435+0900] {local_task_job_runner.py:123} INFO - ::group::Pre task execution logs
[2025-06-23T09:44:52.829+0900] {taskinstance.py:2614} INFO - Dependencies all met for dep_context=non-requeueable deps ti=<TaskInstance: lilt_document_classifier_balanced_V0.1.img_preprocess_task manual__2025-06-23T00:42:21.868462+00:00 map_index=33 [queued]>
[2025-06-23T09:44:52.914+0900] {taskinstance.py:2614} INFO - Dependencies all met for dep_context=requeueable deps ti=<TaskInstance: lilt_document_classifier_balanced_V0.1.img_preprocess_task manual__2025-06-23T00:42:21.868462+00:00 map_index=33 [queued]>
[2025-06-23T09:44:52.930+0900] {taskinstance.py:2867} INFO - Starting attempt 1 of 1
[2025-06-23T09:44:53.093+0900] {taskinstance.py:2890} INFO - Executing <Mapped(_PythonDecoratedOperator): img_preprocess_task> on 2025-06-23 00:42:21.868462+00:00
[2025-06-23T09:44:53.406+0900] {warnings.py:112} WARNING - /home/***/.local/lib/python3.12/site-packages/***/task/task_runner/standard_task_runner.py:70: DeprecationWarning: This process (pid=82078) is multi-threaded, use of fork() may lead to deadlocks in the child.
  pid = os.fork()

[2025-06-23T09:44:53.430+0900] {standard_task_runner.py:72} INFO - Started process 82158 to run task
[2025-06-23T09:44:53.414+0900] {standard_task_runner.py:104} INFO - Running: ['***', 'tasks', 'run', 'lilt_document_classifier_balanced_V0.1', 'img_preprocess_task', 'manual__2025-06-23T00:42:21.868462+00:00', '--job-id', '1956', '--raw', '--subdir', 'DAGS_FOLDER/class_create_dag.py', '--cfg-path', '/tmp/tmp1zzznfmd', '--map-index', '33']
[2025-06-23T09:44:53.443+0900] {standard_task_runner.py:105} INFO - Job 1956: Subtask img_preprocess_task
[2025-06-23T09:44:53.714+0900] {task_command.py:467} INFO - Running <TaskInstance: lilt_document_classifier_balanced_V0.1.img_preprocess_task manual__2025-06-23T00:42:21.868462+00:00 map_index=33 [running]> on host f6d4228a9eb8
[2025-06-23T09:44:53.923+0900] {taskinstance.py:3134} INFO - Exporting env vars: AIRFLOW_CTX_DAG_OWNER='***' AIRFLOW_CTX_DAG_ID='lilt_document_classifier_balanced_V0.1' AIRFLOW_CTX_TASK_ID='img_preprocess_task' AIRFLOW_CTX_EXECUTION_DATE='2025-06-23T00:42:21.868462+00:00' AIRFLOW_CTX_TRY_NUMBER='1' AIRFLOW_CTX_DAG_RUN_ID='manual__2025-06-23T00:42:21.868462+00:00'
[2025-06-23T09:44:53.926+0900] {taskinstance.py:732} INFO - ::endgroup::
[2025-06-23T09:44:53.934+0900] {logging_mixin.py:190} INFO - empty map check {} {'process_id': '_be4bf93d-2eaa-4602-ba19-88b7cff318c4_pre', 'folder_path': '2651a485-a32b-497e-a871-7022d5ae51e5/be4bf93d-2eaa-4602-ba19-88b7cff318c4', 'step_list': [{'name': 'cache', 'param': {'key': 'origin'}}, {'name': 'calc_angle_set1', 'param': {'key': 'angle1', 'iterations': 4, 'iter_save': False}}, {'name': 'text_orientation_set', 'param': {'key': 'angle2', 'iterations': 4, 'iter_save': False}}, {'name': 'load', 'param': {'key': 'origin'}}, {'name': 'rotate', 'param': {'key': 'angle1'}}, {'name': 'rotate', 'param': {'key': 'angle2'}}], 'result_file_map': {}}
[2025-06-23T09:44:53.936+0900] {logging_mixin.py:190} INFO - step : cache
[2025-06-23T09:44:53.939+0900] {logging_mixin.py:190} INFO - step : calc_angle_set1
[2025-06-23T09:44:54.564+0900] {logging_mixin.py:190} INFO - step : text_orientation_set
[2025-06-23T09:45:10.293+0900] {logging_mixin.py:190} INFO - osd 1 break  0 0 6.5 Korean 0.43
[2025-06-23T09:45:10.305+0900] {logging_mixin.py:190} INFO - step : load
[2025-06-23T09:45:10.307+0900] {logging_mixin.py:190} INFO - step : rotate
[2025-06-23T09:45:10.825+0900] {logging_mixin.py:190} INFO - step : rotate
[2025-06-23T09:45:11.290+0900] {logging_mixin.py:190} INFO - file_copy: /opt/***/data/temp/2651a485-a32b-497e-a871-7022d5ae51e5/be4bf93d-2eaa-4602-ba19-88b7cff318c4/_result.png
[2025-06-23T09:45:11.330+0900] {python.py:240} INFO - Done. Returned value was: {'file_id': '2651a485-a32b-497e-a871-7022d5ae51e5', 'file_path': '/opt/***/data/class/a_class/classify/ready/true/중곡동 삼성빌딩 - 정부24 - 건축물대장 등본(초본) 발급(열람) _ 문서출력_page_1_aug2.png', 'true': {'process_id': '_be4bf93d-2eaa-4602-ba19-88b7cff318c4_pre', 'folder_path': '2651a485-a32b-497e-a871-7022d5ae51e5/be4bf93d-2eaa-4602-ba19-88b7cff318c4', 'step_list': [{'name': 'cache', 'param': {'key': 'origin'}}, {'name': 'calc_angle_set1', 'param': {'key': 'angle1', 'iterations': 4, 'iter_save': False}}, {'name': 'text_orientation_set', 'param': {'key': 'angle2', 'iterations': 4, 'iter_save': False}}, {'name': 'load', 'param': {'key': 'origin'}}, {'name': 'rotate', 'param': {'key': 'angle1'}}, {'name': 'rotate', 'param': {'key': 'angle2'}}], 'result_file_map': {'_result': '/opt/***/data/temp/2651a485-a32b-497e-a871-7022d5ae51e5/be4bf93d-2eaa-4602-ba19-88b7cff318c4/_result.png'}}}
[2025-06-23T09:45:11.608+0900] {taskinstance.py:341} INFO - ::group::Post task execution logs
[2025-06-23T09:45:11.609+0900] {taskinstance.py:353} INFO - Marking task as SUCCESS. dag_id=lilt_document_classifier_balanced_V0.1, task_id=img_preprocess_task, run_id=manual__2025-06-23T00:42:21.868462+00:00, map_index=33, execution_date=20250623T004221, start_date=20250623T004452, end_date=20250623T004511
[2025-06-23T09:45:12.095+0900] {local_task_job_runner.py:266} INFO - Task exited with return code 0
[2025-06-23T09:45:12.190+0900] {taskinstance.py:3901} INFO - 0 downstream tasks scheduled from follow-on schedule check
[2025-06-23T09:45:12.197+0900] {local_task_job_runner.py:245} INFO - ::endgroup::
