[2025-06-24T13:31:56.982+0900] {local_task_job_runner.py:123} INFO - ::group::Pre task execution logs
[2025-06-24T13:31:57.173+0900] {taskinstance.py:2614} INFO - Dependencies all met for dep_context=non-requeueable deps ti=<TaskInstance: lilt_document_classifier_balanced_V0.1.img_preprocess_task manual__2025-06-24T04:23:33.505927+00:00 map_index=41 [queued]>
[2025-06-24T13:31:57.294+0900] {taskinstance.py:2614} INFO - Dependencies all met for dep_context=requeueable deps ti=<TaskInstance: lilt_document_classifier_balanced_V0.1.img_preprocess_task manual__2025-06-24T04:23:33.505927+00:00 map_index=41 [queued]>
[2025-06-24T13:31:57.303+0900] {taskinstance.py:2867} INFO - Starting attempt 1 of 1
[2025-06-24T13:31:57.390+0900] {taskinstance.py:2890} INFO - Executing <Mapped(_PythonDecoratedOperator): img_preprocess_task> on 2025-06-24 04:23:33.505927+00:00
[2025-06-24T13:31:57.437+0900] {warnings.py:112} WARNING - /home/***/.local/lib/python3.12/site-packages/***/task/task_runner/standard_task_runner.py:70: DeprecationWarning: This process (pid=40171) is multi-threaded, use of fork() may lead to deadlocks in the child.
  pid = os.fork()

[2025-06-24T13:31:57.460+0900] {standard_task_runner.py:72} INFO - Started process 40182 to run task
[2025-06-24T13:31:57.444+0900] {standard_task_runner.py:104} INFO - Running: ['***', 'tasks', 'run', 'lilt_document_classifier_balanced_V0.1', 'img_preprocess_task', 'manual__2025-06-24T04:23:33.505927+00:00', '--job-id', '4015', '--raw', '--subdir', 'DAGS_FOLDER/class_create_dag.py', '--cfg-path', '/tmp/tmpv06h1y38', '--map-index', '41']
[2025-06-24T13:31:57.475+0900] {standard_task_runner.py:105} INFO - Job 4015: Subtask img_preprocess_task
[2025-06-24T13:31:57.895+0900] {task_command.py:467} INFO - Running <TaskInstance: lilt_document_classifier_balanced_V0.1.img_preprocess_task manual__2025-06-24T04:23:33.505927+00:00 map_index=41 [running]> on host f6d4228a9eb8
[2025-06-24T13:31:58.142+0900] {taskinstance.py:3134} INFO - Exporting env vars: AIRFLOW_CTX_DAG_OWNER='***' AIRFLOW_CTX_DAG_ID='lilt_document_classifier_balanced_V0.1' AIRFLOW_CTX_TASK_ID='img_preprocess_task' AIRFLOW_CTX_EXECUTION_DATE='2025-06-24T04:23:33.505927+00:00' AIRFLOW_CTX_TRY_NUMBER='1' AIRFLOW_CTX_DAG_RUN_ID='manual__2025-06-24T04:23:33.505927+00:00'
[2025-06-24T13:31:58.146+0900] {taskinstance.py:732} INFO - ::endgroup::
[2025-06-24T13:31:58.182+0900] {logging_mixin.py:190} INFO - empty map check {} {'process_id': '_33c3f91a-5cbc-4ceb-b8ae-c3a9b7e428b0_pre', 'folder_path': 'e5b1ddb7-2829-4fd9-904e-c9c9b798f904/33c3f91a-5cbc-4ceb-b8ae-c3a9b7e428b0', 'step_list': [{'name': 'cache', 'param': {'key': 'origin'}}, {'name': 'calc_angle_set2', 'param': {'key': 'angle1', 'iterations': 4, 'iter_save': True}}, {'name': 'save', 'param': {'key': 'ag1'}}, {'name': 'text_orientation_set', 'param': {'key': 'angle2', 'iterations': 4, 'iter_save': True}}, {'name': 'save', 'param': {'key': 'ag2'}}, {'name': 'load', 'param': {'key': 'origin'}}, {'name': 'rotate', 'param': {'key': 'angle1'}}, {'name': 'rotate', 'param': {'key': 'angle2'}}], 'result_file_map': {}}
[2025-06-24T13:31:58.185+0900] {logging_mixin.py:190} INFO - step : cache
[2025-06-24T13:31:58.189+0900] {logging_mixin.py:190} INFO - step : calc_angle_set2
[2025-06-24T13:32:28.084+0900] {logging_mixin.py:190} INFO - osd 1 4.0 4.0 36 358 [0, 0, 0, 0, 0, 0, 0, 0, 0, 0, 0, 0, 0, 0, 0, 0, 0, 0, 0, 0, 0, 0, 0, 0, 0, 0, 0, 0, 0, 25, 106, 186, 237, 289, 312, 315, 358, 271, 293, 266, 210]
[2025-06-24T13:33:11.187+0900] {logging_mixin.py:190} INFO - osd 2 0.25 -3.75 5 1657 [879, 992, 1125, 1330, 1541, 1657, 1611, 1492, 1318, 1194, 1042, 915, 838, 758, 692, 618, 505, 452, 400, 369, 351, 358, 395, 422, 456, 450, 480, 433, 434, 495, 509, 523, 475, 482, 467, 438, 350, 355, 275, 280, 213]
[2025-06-24T13:33:53.343+0900] {logging_mixin.py:190} INFO - osd 3 1.5 1.25 25 2015 [155, 202, 227, 297, 375, 359, 438, 469, 546, 619, 611, 704, 746, 839, 911, 1084, 1249, 1323, 1460, 1699, 1614, 1788, 1991, 1906, 1972, 2015, 1883, 1840, 1645, 1543, 1399, 1225, 1090, 955, 797, 685, 563, 341, 289, 228, 159]
[2025-06-24T13:34:46.166+0900] {logging_mixin.py:190} INFO - osd 4 0.25 -1.25 15 3158 [362, 420, 528, 629, 734, 838, 952, 976, 1136, 1193, 1381, 1620, 1799, 2335, 2713, 3158, 3116, 2835, 2682, 2348, 1977, 2054, 2000, 1845, 1697, 1646, 1462, 1413, 1266, 1096, 948, 839, 702, 576, 497, 435, 315, 309, 225, 228, 195]
[2025-06-24T13:34:46.592+0900] {logging_mixin.py:190} INFO - step : save
[2025-06-24T13:34:47.345+0900] {logging_mixin.py:190} INFO - file_copy: /opt/***/data/temp/e5b1ddb7-2829-4fd9-904e-c9c9b798f904/33c3f91a-5cbc-4ceb-b8ae-c3a9b7e428b0/ag1.png
[2025-06-24T13:34:47.378+0900] {logging_mixin.py:190} INFO - step : text_orientation_set
[2025-06-24T13:34:58.307+0900] {logging_mixin.py:190} INFO - file_copy: /opt/***/data/temp/e5b1ddb7-2829-4fd9-904e-c9c9b798f904/33c3f91a-5cbc-4ceb-b8ae-c3a9b7e428b0/rotate2_1.png
[2025-06-24T13:35:02.551+0900] {logging_mixin.py:190} INFO - osd 1 break  0 0 6.27 Korean 0.97
[2025-06-24T13:35:02.556+0900] {logging_mixin.py:190} INFO - step : save
[2025-06-24T13:35:03.804+0900] {logging_mixin.py:190} INFO - file_copy: /opt/***/data/temp/e5b1ddb7-2829-4fd9-904e-c9c9b798f904/33c3f91a-5cbc-4ceb-b8ae-c3a9b7e428b0/ag2.png
[2025-06-24T13:35:03.876+0900] {logging_mixin.py:190} INFO - step : load
[2025-06-24T13:35:03.878+0900] {logging_mixin.py:190} INFO - step : rotate
[2025-06-24T13:35:04.044+0900] {logging_mixin.py:190} INFO - step : rotate
[2025-06-24T13:35:06.219+0900] {logging_mixin.py:190} INFO - file_copy: /opt/***/data/temp/e5b1ddb7-2829-4fd9-904e-c9c9b798f904/33c3f91a-5cbc-4ceb-b8ae-c3a9b7e428b0/_result.png
[2025-06-24T13:35:06.250+0900] {python.py:240} INFO - Done. Returned value was: {'file_id': 'e5b1ddb7-2829-4fd9-904e-c9c9b798f904', 'file_path': '/opt/***/data/class/a_class/classify/ready/true/청진동 삼선빌딩 - 정부24 - 건축물대장 등본(초본) 발급(열람) _ 문서출력_page_1_aug0.png', 'true': {'process_id': '_33c3f91a-5cbc-4ceb-b8ae-c3a9b7e428b0_pre', 'folder_path': 'e5b1ddb7-2829-4fd9-904e-c9c9b798f904/33c3f91a-5cbc-4ceb-b8ae-c3a9b7e428b0', 'step_list': [{'name': 'cache', 'param': {'key': 'origin'}}, {'name': 'calc_angle_set2', 'param': {'key': 'angle1', 'iterations': 4, 'iter_save': True}}, {'name': 'save', 'param': {'key': 'ag1'}}, {'name': 'text_orientation_set', 'param': {'key': 'angle2', 'iterations': 4, 'iter_save': True}}, {'name': 'save', 'param': {'key': 'ag2'}}, {'name': 'load', 'param': {'key': 'origin'}}, {'name': 'rotate', 'param': {'key': 'angle1'}}, {'name': 'rotate', 'param': {'key': 'angle2'}}], 'result_file_map': {'ag1': '/opt/***/data/temp/e5b1ddb7-2829-4fd9-904e-c9c9b798f904/33c3f91a-5cbc-4ceb-b8ae-c3a9b7e428b0/ag1.png', 'rotate2_1': '/opt/***/data/temp/e5b1ddb7-2829-4fd9-904e-c9c9b798f904/33c3f91a-5cbc-4ceb-b8ae-c3a9b7e428b0/rotate2_1.png', 'ag2': '/opt/***/data/temp/e5b1ddb7-2829-4fd9-904e-c9c9b798f904/33c3f91a-5cbc-4ceb-b8ae-c3a9b7e428b0/ag2.png', '_result': '/opt/***/data/temp/e5b1ddb7-2829-4fd9-904e-c9c9b798f904/33c3f91a-5cbc-4ceb-b8ae-c3a9b7e428b0/_result.png'}}}
[2025-06-24T13:35:06.291+0900] {taskinstance.py:341} INFO - ::group::Post task execution logs
[2025-06-24T13:35:06.295+0900] {taskinstance.py:353} INFO - Marking task as SUCCESS. dag_id=lilt_document_classifier_balanced_V0.1, task_id=img_preprocess_task, run_id=manual__2025-06-24T04:23:33.505927+00:00, map_index=41, execution_date=20250624T042333, start_date=20250624T043157, end_date=20250624T043506
[2025-06-24T13:35:06.542+0900] {local_task_job_runner.py:266} INFO - Task exited with return code 0
[2025-06-24T13:35:06.553+0900] {local_task_job_runner.py:245} INFO - ::endgroup::
