[2025-06-09T07:04:50.903+0000] {local_task_job_runner.py:123} INFO - ::group::Pre task execution logs
[2025-06-09T07:04:50.927+0000] {taskinstance.py:2614} INFO - Dependencies all met for dep_context=non-requeueable deps ti=<TaskInstance: image_ocr_v2.img_preprocess_task manual__2025-06-09T07:04:43.658311+00:00 map_index=2 [queued]>
[2025-06-09T07:04:50.939+0000] {taskinstance.py:2614} INFO - Dependencies all met for dep_context=requeueable deps ti=<TaskInstance: image_ocr_v2.img_preprocess_task manual__2025-06-09T07:04:43.658311+00:00 map_index=2 [queued]>
[2025-06-09T07:04:50.940+0000] {taskinstance.py:2867} INFO - Starting attempt 1 of 1
[2025-06-09T07:04:50.954+0000] {taskinstance.py:2890} INFO - Executing <Mapped(_PythonDecoratedOperator): img_preprocess_task> on 2025-06-09 07:04:43.658311+00:00
[2025-06-09T07:04:50.960+0000] {warnings.py:112} WARNING - /home/***/.local/lib/python3.12/site-packages/***/task/task_runner/standard_task_runner.py:70: DeprecationWarning: This process (pid=4981) is multi-threaded, use of fork() may lead to deadlocks in the child.
  pid = os.fork()

[2025-06-09T07:04:50.961+0000] {standard_task_runner.py:72} INFO - Started process 4993 to run task
[2025-06-09T07:04:50.962+0000] {standard_task_runner.py:104} INFO - Running: ['***', 'tasks', 'run', 'image_ocr_v2', 'img_preprocess_task', 'manual__2025-06-09T07:04:43.658311+00:00', '--job-id', '174', '--raw', '--subdir', 'DAGS_FOLDER/test_dag.py', '--cfg-path', '/tmp/tmpf851tj58', '--map-index', '2']
[2025-06-09T07:04:50.964+0000] {standard_task_runner.py:105} INFO - Job 174: Subtask img_preprocess_task
[2025-06-09T07:04:51.004+0000] {task_command.py:467} INFO - Running <TaskInstance: image_ocr_v2.img_preprocess_task manual__2025-06-09T07:04:43.658311+00:00 map_index=2 [running]> on host 85194d6fbd18
[2025-06-09T07:04:51.098+0000] {taskinstance.py:3134} INFO - Exporting env vars: AIRFLOW_CTX_DAG_OWNER='***' AIRFLOW_CTX_DAG_ID='image_ocr_v2' AIRFLOW_CTX_TASK_ID='img_preprocess_task' AIRFLOW_CTX_EXECUTION_DATE='2025-06-09T07:04:43.658311+00:00' AIRFLOW_CTX_TRY_NUMBER='1' AIRFLOW_CTX_DAG_RUN_ID='manual__2025-06-09T07:04:43.658311+00:00'
[2025-06-09T07:04:51.100+0000] {taskinstance.py:732} INFO - ::endgroup::
[2025-06-09T07:04:51.102+0000] {logging_mixin.py:190} INFO - empty map check {} {'process_id': 'd2f0e3a7-80dc-4c6d-a943-6b1257b51665', 'folder_path': 'd7412f5b-5f6f-4ccd-8db6-ce077a853ed9/d2f0e3a7-80dc-4c6d-a943-6b1257b51665', 'step_list': [{'name': 'cache', 'param': {'key': 'origin'}}, {'name': 'before_angle1', 'param': {}}, {'name': 'save', 'param': {'key': 'before_angle1_1'}}, {'name': 'calc_angle1', 'param': {'key': 'angle1'}}, {'name': 'load', 'param': {'key': 'origin'}}, {'name': 'rotate', 'param': {'key': 'angle1'}}, {'name': 'cache', 'param': {'key': 'rotate1_1'}}, {'name': 'before_angle1', 'param': {}}, {'name': 'save', 'param': {'key': 'before_angle1_2'}}, {'name': 'calc_angle1', 'param': {'key': 'angle1'}}, {'name': 'load', 'param': {'key': 'rotate1_1'}}, {'name': 'rotate', 'param': {'key': 'angle1'}}, {'name': 'cache', 'param': {'key': 'rotate1_2'}}, {'name': 'before_angle1', 'param': {}}, {'name': 'save', 'param': {'key': 'before_angle1_3'}}, {'name': 'calc_angle1', 'param': {'key': 'angle1'}}, {'name': 'load', 'param': {'key': 'rotate1_2'}}, {'name': 'rotate', 'param': {'key': 'angle1'}}, {'name': 'cache', 'param': {'key': 'rotate1'}}, {'name': 'save', 'param': {'key': 'rotate1'}}, {'name': 'before_angle2', 'param': {}}, {'name': 'calc_angle2', 'param': {'key': 'angle2'}}, {'name': 'load', 'param': {'key': 'rotate1'}}, {'name': 'rotate', 'param': {'key': 'angle2'}}, {'name': 'save', 'param': {'key': 'rotate2'}}, {'name': 'scale1', 'param': {'width': 500, 'height': 500}}, {'name': 'binary2', 'param': {}}, {'name': 'morphology1', 'param': {}}, {'name': 'save', 'param': {'key': 'classify_preprocess'}}], 'result_file_list': []}
[2025-06-09T07:04:51.102+0000] {logging_mixin.py:190} INFO - step : cache
[2025-06-09T07:04:51.103+0000] {logging_mixin.py:190} INFO - step : before_angle1
[2025-06-09T07:04:51.130+0000] {logging_mixin.py:190} INFO - step : save
[2025-06-09T07:04:51.153+0000] {logging_mixin.py:190} INFO - file_copy: /opt/***/data/temp/3ee25952-c5ea-4a55-9101-4bf930909bed.png /opt/***/data/result/d7412f5b-5f6f-4ccd-8db6-ce077a853ed9/d2f0e3a7-80dc-4c6d-a943-6b1257b51665/before_angle1_1.png
[2025-06-09T07:04:51.162+0000] {logging_mixin.py:190} INFO - step : calc_angle1
[2025-06-09T07:04:51.181+0000] {logging_mixin.py:190} INFO - 가로선 보정 각도: -0.60도
[2025-06-09T07:04:51.184+0000] {logging_mixin.py:190} INFO - step : load
[2025-06-09T07:04:51.185+0000] {logging_mixin.py:190} INFO - step : rotate
[2025-06-09T07:04:51.226+0000] {logging_mixin.py:190} INFO - step : cache
[2025-06-09T07:04:51.450+0000] {logging_mixin.py:190} INFO - step : before_angle1
[2025-06-09T07:04:51.550+0000] {logging_mixin.py:190} INFO - step : save
[2025-06-09T07:04:51.579+0000] {logging_mixin.py:190} INFO - file_copy: /opt/***/data/temp/5ea22d77-ec86-4437-ad14-b78992c7ba99.png /opt/***/data/result/d7412f5b-5f6f-4ccd-8db6-ce077a853ed9/d2f0e3a7-80dc-4c6d-a943-6b1257b51665/before_angle1_2.png
[2025-06-09T07:04:51.581+0000] {logging_mixin.py:190} INFO - step : calc_angle1
[2025-06-09T07:04:51.599+0000] {logging_mixin.py:190} INFO - 가로선 보정 각도: 0.04도
[2025-06-09T07:04:51.600+0000] {logging_mixin.py:190} INFO - step : load
[2025-06-09T07:04:51.600+0000] {logging_mixin.py:190} INFO - step : rotate
[2025-06-09T07:04:51.708+0000] {logging_mixin.py:190} INFO - step : cache
[2025-06-09T07:04:51.970+0000] {logging_mixin.py:190} INFO - step : before_angle1
[2025-06-09T07:04:52.038+0000] {logging_mixin.py:190} INFO - step : save
[2025-06-09T07:04:52.054+0000] {logging_mixin.py:190} INFO - file_copy: /opt/***/data/temp/c2d1c0f7-4f9c-435a-8fae-117b339c8e67.png /opt/***/data/result/d7412f5b-5f6f-4ccd-8db6-ce077a853ed9/d2f0e3a7-80dc-4c6d-a943-6b1257b51665/before_angle1_3.png
[2025-06-09T07:04:52.058+0000] {logging_mixin.py:190} INFO - step : calc_angle1
[2025-06-09T07:04:52.077+0000] {logging_mixin.py:190} INFO - 가로선 보정 각도: -0.00도
[2025-06-09T07:04:52.083+0000] {logging_mixin.py:190} INFO - step : load
[2025-06-09T07:04:52.084+0000] {logging_mixin.py:190} INFO - step : rotate
[2025-06-09T07:04:52.176+0000] {logging_mixin.py:190} INFO - step : cache
[2025-06-09T07:04:52.408+0000] {logging_mixin.py:190} INFO - step : save
[2025-06-09T07:04:52.409+0000] {logging_mixin.py:190} INFO - file_copy: /opt/***/data/temp/1bb7f4fe-fb68-49ce-a1b3-525f83b41853.png /opt/***/data/result/d7412f5b-5f6f-4ccd-8db6-ce077a853ed9/d2f0e3a7-80dc-4c6d-a943-6b1257b51665/rotate1.png
[2025-06-09T07:04:52.420+0000] {logging_mixin.py:190} INFO - step : before_angle2
[2025-06-09T07:04:52.496+0000] {logging_mixin.py:190} INFO - step : calc_angle2
[2025-06-09T07:04:53.730+0000] {logging_mixin.py:190} INFO - 가로선 보정 각도: 0.00도
[2025-06-09T07:04:53.730+0000] {logging_mixin.py:190} INFO - step : load
[2025-06-09T07:04:53.731+0000] {logging_mixin.py:190} INFO - step : rotate
[2025-06-09T07:04:53.809+0000] {logging_mixin.py:190} INFO - step : save
[2025-06-09T07:04:53.998+0000] {logging_mixin.py:190} INFO - file_copy: /opt/***/data/temp/d60c1d85-6600-4d2c-9156-72fd00a7b054.png /opt/***/data/result/d7412f5b-5f6f-4ccd-8db6-ce077a853ed9/d2f0e3a7-80dc-4c6d-a943-6b1257b51665/rotate2.png
[2025-06-09T07:04:54.012+0000] {logging_mixin.py:190} INFO - step : scale1
[2025-06-09T07:04:54.087+0000] {logging_mixin.py:190} INFO - step : binary2
[2025-06-09T07:04:54.088+0000] {logging_mixin.py:190} INFO - step : morphology1
[2025-06-09T07:04:54.090+0000] {logging_mixin.py:190} INFO - step : save
[2025-06-09T07:04:54.093+0000] {logging_mixin.py:190} INFO - file_copy: /opt/***/data/temp/d028c09b-4c7f-433c-ad82-beb4379e0ec6.png /opt/***/data/result/d7412f5b-5f6f-4ccd-8db6-ce077a853ed9/d2f0e3a7-80dc-4c6d-a943-6b1257b51665/classify_preprocess.png
[2025-06-09T07:04:54.097+0000] {python.py:240} INFO - Done. Returned value was: {'file_id': 'd7412f5b-5f6f-4ccd-8db6-ce077a853ed9', 'file_path': '/opt/***/data/upload/Gas Engine 점검일지_ 2021년 2월.pdf-image-005.jpg', 'preprocess_list': [{'process_id': 'd2f0e3a7-80dc-4c6d-a943-6b1257b51665', 'folder_path': 'd7412f5b-5f6f-4ccd-8db6-ce077a853ed9/d2f0e3a7-80dc-4c6d-a943-6b1257b51665', 'step_list': [{'name': 'cache', 'param': {'key': 'origin'}}, {'name': 'before_angle1', 'param': {}}, {'name': 'save', 'param': {'key': 'before_angle1_1'}}, {'name': 'calc_angle1', 'param': {'key': 'angle1'}}, {'name': 'load', 'param': {'key': 'origin'}}, {'name': 'rotate', 'param': {'key': 'angle1'}}, {'name': 'cache', 'param': {'key': 'rotate1_1'}}, {'name': 'before_angle1', 'param': {}}, {'name': 'save', 'param': {'key': 'before_angle1_2'}}, {'name': 'calc_angle1', 'param': {'key': 'angle1'}}, {'name': 'load', 'param': {'key': 'rotate1_1'}}, {'name': 'rotate', 'param': {'key': 'angle1'}}, {'name': 'cache', 'param': {'key': 'rotate1_2'}}, {'name': 'before_angle1', 'param': {}}, {'name': 'save', 'param': {'key': 'before_angle1_3'}}, {'name': 'calc_angle1', 'param': {'key': 'angle1'}}, {'name': 'load', 'param': {'key': 'rotate1_2'}}, {'name': 'rotate', 'param': {'key': 'angle1'}}, {'name': 'cache', 'param': {'key': 'rotate1'}}, {'name': 'save', 'param': {'key': 'rotate1'}}, {'name': 'before_angle2', 'param': {}}, {'name': 'calc_angle2', 'param': {'key': 'angle2'}}, {'name': 'load', 'param': {'key': 'rotate1'}}, {'name': 'rotate', 'param': {'key': 'angle2'}}, {'name': 'save', 'param': {'key': 'rotate2'}}, {'name': 'scale1', 'param': {'width': 500, 'height': 500}}, {'name': 'binary2', 'param': {}}, {'name': 'morphology1', 'param': {}}, {'name': 'save', 'param': {'key': 'classify_preprocess'}}], 'result_file_list': [{'before_angle1_1': '/opt/***/data/result/d7412f5b-5f6f-4ccd-8db6-ce077a853ed9/d2f0e3a7-80dc-4c6d-a943-6b1257b51665/before_angle1_1.png'}, {'before_angle1_2': '/opt/***/data/result/d7412f5b-5f6f-4ccd-8db6-ce077a853ed9/d2f0e3a7-80dc-4c6d-a943-6b1257b51665/before_angle1_2.png'}, {'before_angle1_3': '/opt/***/data/result/d7412f5b-5f6f-4ccd-8db6-ce077a853ed9/d2f0e3a7-80dc-4c6d-a943-6b1257b51665/before_angle1_3.png'}, {'rotate1': '/opt/***/data/result/d7412f5b-5f6f-4ccd-8db6-ce077a853ed9/d2f0e3a7-80dc-4c6d-a943-6b1257b51665/rotate1.png'}, {'rotate2': '/opt/***/data/result/d7412f5b-5f6f-4ccd-8db6-ce077a853ed9/d2f0e3a7-80dc-4c6d-a943-6b1257b51665/rotate2.png'}, {'classify_preprocess': '/opt/***/data/result/d7412f5b-5f6f-4ccd-8db6-ce077a853ed9/d2f0e3a7-80dc-4c6d-a943-6b1257b51665/classify_preprocess.png'}]}]}
[2025-06-09T07:04:54.130+0000] {taskinstance.py:341} INFO - ::group::Post task execution logs
[2025-06-09T07:04:54.130+0000] {taskinstance.py:353} INFO - Marking task as SUCCESS. dag_id=image_ocr_v2, task_id=img_preprocess_task, run_id=manual__2025-06-09T07:04:43.658311+00:00, map_index=2, execution_date=20250609T070443, start_date=20250609T070450, end_date=20250609T070454
[2025-06-09T07:04:54.179+0000] {local_task_job_runner.py:266} INFO - Task exited with return code 0
[2025-06-09T07:04:54.197+0000] {taskinstance.py:3901} INFO - 0 downstream tasks scheduled from follow-on schedule check
[2025-06-09T07:04:54.199+0000] {local_task_job_runner.py:245} INFO - ::endgroup::
