[2025-06-19T16:16:39.923+0900] {local_task_job_runner.py:123} INFO - ::group::Pre task execution logs
[2025-06-19T16:16:39.958+0900] {taskinstance.py:2614} INFO - Dependencies all met for dep_context=non-requeueable deps ti=<TaskInstance: lilt_document_classifier_balanced_V0.1.img_preprocess_task__1 manual__2025-06-19T07:13:53.100355+00:00 map_index=37 [queued]>
[2025-06-19T16:16:39.998+0900] {taskinstance.py:2614} INFO - Dependencies all met for dep_context=requeueable deps ti=<TaskInstance: lilt_document_classifier_balanced_V0.1.img_preprocess_task__1 manual__2025-06-19T07:13:53.100355+00:00 map_index=37 [queued]>
[2025-06-19T16:16:40.003+0900] {taskinstance.py:2867} INFO - Starting attempt 1 of 1
[2025-06-19T16:16:40.044+0900] {taskinstance.py:2890} INFO - Executing <Mapped(_PythonDecoratedOperator): img_preprocess_task__1> on 2025-06-19 07:13:53.100355+00:00
[2025-06-19T16:16:40.064+0900] {warnings.py:112} WARNING - /home/***/.local/lib/python3.12/site-packages/***/task/task_runner/standard_task_runner.py:70: DeprecationWarning: This process (pid=4001) is multi-threaded, use of fork() may lead to deadlocks in the child.
  pid = os.fork()

[2025-06-19T16:16:40.070+0900] {standard_task_runner.py:72} INFO - Started process 4069 to run task
[2025-06-19T16:16:40.066+0900] {standard_task_runner.py:104} INFO - Running: ['***', 'tasks', 'run', 'lilt_document_classifier_balanced_V0.1', 'img_preprocess_task__1', 'manual__2025-06-19T07:13:53.100355+00:00', '--job-id', '1522', '--raw', '--subdir', 'DAGS_FOLDER/class_create_dag.py', '--cfg-path', '/tmp/tmp614vysd4', '--map-index', '37']
[2025-06-19T16:16:40.080+0900] {standard_task_runner.py:105} INFO - Job 1522: Subtask img_preprocess_task__1
[2025-06-19T16:16:40.171+0900] {task_command.py:467} INFO - Running <TaskInstance: lilt_document_classifier_balanced_V0.1.img_preprocess_task__1 manual__2025-06-19T07:13:53.100355+00:00 map_index=37 [running]> on host f6d4228a9eb8
[2025-06-19T16:16:40.395+0900] {taskinstance.py:3134} INFO - Exporting env vars: AIRFLOW_CTX_DAG_OWNER='***' AIRFLOW_CTX_DAG_ID='lilt_document_classifier_balanced_V0.1' AIRFLOW_CTX_TASK_ID='img_preprocess_task__1' AIRFLOW_CTX_EXECUTION_DATE='2025-06-19T07:13:53.100355+00:00' AIRFLOW_CTX_TRY_NUMBER='1' AIRFLOW_CTX_DAG_RUN_ID='manual__2025-06-19T07:13:53.100355+00:00'
[2025-06-19T16:16:40.405+0900] {taskinstance.py:732} INFO - ::endgroup::
[2025-06-19T16:16:40.411+0900] {logging_mixin.py:190} INFO - empty map check {} {'process_id': '_c7ec98c3-bbfd-4d6a-be93-42a6c14dfe01_pre', 'folder_path': '9612f73d-731a-4ef2-a911-2f8aa98df314/c7ec98c3-bbfd-4d6a-be93-42a6c14dfe01', 'step_list': [{'name': 'cache', 'param': {'key': 'origin'}}, {'name': 'calc_angle_set1', 'param': {'key': 'angle1', 'iterations': 4, 'iter_save': False}}, {'name': 'text_orientation_set', 'param': {'key': 'angle2', 'iterations': 4, 'iter_save': False}}, {'name': 'load', 'param': {'key': 'origin'}}, {'name': 'rotate', 'param': {'key': 'angle1'}}, {'name': 'rotate', 'param': {'key': 'angle2'}}], 'result_file_map': {}}
[2025-06-19T16:16:40.416+0900] {logging_mixin.py:190} INFO - step : cache
[2025-06-19T16:16:40.420+0900] {logging_mixin.py:190} INFO - step : calc_angle_set1
[2025-06-19T16:16:40.456+0900] {logging_mixin.py:190} INFO - angle1 :  0 90.0658841364126 90.17629414984316 90.08787689353723 90.19035072662976 89.8090147756403
[2025-06-19T16:16:40.545+0900] {logging_mixin.py:190} INFO - angle2 :  90.0658841364126 90.25243641486598 180.26484763372736 180.1757533736399 0.0 0.5691446520966676
[2025-06-19T16:16:40.662+0900] {logging_mixin.py:190} INFO - angle3 :  180.3183205512786 90.04758768165743 90.0 90.0 90.0 90.19035072662976
[2025-06-19T16:16:40.809+0900] {logging_mixin.py:190} INFO - angle4 :  270.365908232936 89.99974928761779 179.9121231064628 180.08814728355287 0.19035072662975377 -0.19162396617427935
[2025-06-19T16:16:41.008+0900] {logging_mixin.py:190} INFO - step : text_orientation_set
[2025-06-19T16:16:51.038+0900] {logging_mixin.py:190} INFO - osd 1 break  0 0 0.33 Latin 0.14
[2025-06-19T16:16:51.039+0900] {logging_mixin.py:190} INFO - step : load
[2025-06-19T16:16:51.042+0900] {logging_mixin.py:190} INFO - step : rotate
[2025-06-19T16:16:51.151+0900] {logging_mixin.py:190} INFO - step : rotate
[2025-06-19T16:16:51.383+0900] {logging_mixin.py:190} INFO - file_copy: /opt/***/data/temp/9612f73d-731a-4ef2-a911-2f8aa98df314/c7ec98c3-bbfd-4d6a-be93-42a6c14dfe01/_result.png
[2025-06-19T16:16:51.399+0900] {python.py:240} INFO - Done. Returned value was: {'file_id': '9612f73d-731a-4ef2-a911-2f8aa98df314', 'file_path': '/opt/***/data/class/a_class/classify/ready/false/copied_83_2057442113_2057442114.png', 'false': {'process_id': '_c7ec98c3-bbfd-4d6a-be93-42a6c14dfe01_pre', 'folder_path': '9612f73d-731a-4ef2-a911-2f8aa98df314/c7ec98c3-bbfd-4d6a-be93-42a6c14dfe01', 'step_list': [{'name': 'cache', 'param': {'key': 'origin'}}, {'name': 'calc_angle_set1', 'param': {'key': 'angle1', 'iterations': 4, 'iter_save': False}}, {'name': 'text_orientation_set', 'param': {'key': 'angle2', 'iterations': 4, 'iter_save': False}}, {'name': 'load', 'param': {'key': 'origin'}}, {'name': 'rotate', 'param': {'key': 'angle1'}}, {'name': 'rotate', 'param': {'key': 'angle2'}}], 'result_file_map': {'_result': '/opt/***/data/temp/9612f73d-731a-4ef2-a911-2f8aa98df314/c7ec98c3-bbfd-4d6a-be93-42a6c14dfe01/_result.png'}}}
[2025-06-19T16:16:51.496+0900] {taskinstance.py:341} INFO - ::group::Post task execution logs
[2025-06-19T16:16:51.507+0900] {taskinstance.py:353} INFO - Marking task as SUCCESS. dag_id=lilt_document_classifier_balanced_V0.1, task_id=img_preprocess_task__1, run_id=manual__2025-06-19T07:13:53.100355+00:00, map_index=37, execution_date=20250619T071353, start_date=20250619T071639, end_date=20250619T071651
[2025-06-19T16:16:51.795+0900] {local_task_job_runner.py:266} INFO - Task exited with return code 0
[2025-06-19T16:16:51.873+0900] {taskinstance.py:3901} INFO - 0 downstream tasks scheduled from follow-on schedule check
[2025-06-19T16:16:51.883+0900] {local_task_job_runner.py:245} INFO - ::endgroup::
