[2025-06-23T11:00:30.751+0900] {local_task_job_runner.py:123} INFO - ::group::Pre task execution logs
[2025-06-23T11:00:30.802+0900] {taskinstance.py:2614} INFO - Dependencies all met for dep_context=non-requeueable deps ti=<TaskInstance: lilt_document_classifier_balanced_V0.1.img_preprocess_task manual__2025-06-23T01:55:15.838468+00:00 map_index=92 [queued]>
[2025-06-23T11:00:30.829+0900] {taskinstance.py:2614} INFO - Dependencies all met for dep_context=requeueable deps ti=<TaskInstance: lilt_document_classifier_balanced_V0.1.img_preprocess_task manual__2025-06-23T01:55:15.838468+00:00 map_index=92 [queued]>
[2025-06-23T11:00:30.829+0900] {taskinstance.py:2867} INFO - Starting attempt 1 of 1
[2025-06-23T11:00:30.851+0900] {taskinstance.py:2890} INFO - Executing <Mapped(_PythonDecoratedOperator): img_preprocess_task> on 2025-06-23 01:55:15.838468+00:00
[2025-06-23T11:00:30.873+0900] {warnings.py:112} WARNING - /home/***/.local/lib/python3.12/site-packages/***/task/task_runner/standard_task_runner.py:70: DeprecationWarning: This process (pid=92681) is multi-threaded, use of fork() may lead to deadlocks in the child.
  pid = os.fork()

[2025-06-23T11:00:30.880+0900] {standard_task_runner.py:72} INFO - Started process 92753 to run task
[2025-06-23T11:00:30.879+0900] {standard_task_runner.py:104} INFO - Running: ['***', 'tasks', 'run', 'lilt_document_classifier_balanced_V0.1', 'img_preprocess_task', 'manual__2025-06-23T01:55:15.838468+00:00', '--job-id', '2467', '--raw', '--subdir', 'DAGS_FOLDER/class_create_dag.py', '--cfg-path', '/tmp/tmpu9kqh2dv', '--map-index', '92']
[2025-06-23T11:00:30.890+0900] {standard_task_runner.py:105} INFO - Job 2467: Subtask img_preprocess_task
[2025-06-23T11:00:30.981+0900] {task_command.py:467} INFO - Running <TaskInstance: lilt_document_classifier_balanced_V0.1.img_preprocess_task manual__2025-06-23T01:55:15.838468+00:00 map_index=92 [running]> on host f6d4228a9eb8
[2025-06-23T11:00:31.174+0900] {taskinstance.py:3134} INFO - Exporting env vars: AIRFLOW_CTX_DAG_OWNER='***' AIRFLOW_CTX_DAG_ID='lilt_document_classifier_balanced_V0.1' AIRFLOW_CTX_TASK_ID='img_preprocess_task' AIRFLOW_CTX_EXECUTION_DATE='2025-06-23T01:55:15.838468+00:00' AIRFLOW_CTX_TRY_NUMBER='1' AIRFLOW_CTX_DAG_RUN_ID='manual__2025-06-23T01:55:15.838468+00:00'
[2025-06-23T11:00:31.178+0900] {taskinstance.py:732} INFO - ::endgroup::
[2025-06-23T11:00:31.182+0900] {logging_mixin.py:190} INFO - empty map check {} {'process_id': '_a64225bd-e3dd-4022-b1f4-62ed41956cc7_pre', 'folder_path': '4fa1658c-06d8-468a-8f4d-07f21a337bee/a64225bd-e3dd-4022-b1f4-62ed41956cc7', 'step_list': [{'name': 'cache', 'param': {'key': 'origin'}}, {'name': 'calc_angle_set1', 'param': {'key': 'angle1', 'iterations': 4, 'iter_save': False}}, {'name': 'text_orientation_set', 'param': {'key': 'angle2', 'iterations': 4, 'iter_save': False}}, {'name': 'load', 'param': {'key': 'origin'}}, {'name': 'rotate', 'param': {'key': 'angle1'}}, {'name': 'rotate', 'param': {'key': 'angle2'}}], 'result_file_map': {}}
[2025-06-23T11:00:31.189+0900] {logging_mixin.py:190} INFO - step : cache
[2025-06-23T11:00:31.190+0900] {logging_mixin.py:190} INFO - step : calc_angle_set1
[2025-06-23T11:00:31.441+0900] {logging_mixin.py:190} INFO - step : text_orientation_set
[2025-06-23T11:00:39.511+0900] {logging_mixin.py:190} INFO - osd 1 break  0 0 11.91 Korean 0.8
[2025-06-23T11:00:39.511+0900] {logging_mixin.py:190} INFO - step : load
[2025-06-23T11:00:39.512+0900] {logging_mixin.py:190} INFO - step : rotate
[2025-06-23T11:00:39.563+0900] {logging_mixin.py:190} INFO - step : rotate
[2025-06-23T11:00:39.691+0900] {logging_mixin.py:190} INFO - file_copy: /opt/***/data/temp/4fa1658c-06d8-468a-8f4d-07f21a337bee/a64225bd-e3dd-4022-b1f4-62ed41956cc7/_result.png
[2025-06-23T11:00:39.700+0900] {python.py:240} INFO - Done. Returned value was: {'file_id': '4fa1658c-06d8-468a-8f4d-07f21a337bee', 'file_path': '/opt/***/data/class/a_class/classify/ready/true/상계동 정진빌딩 - 정부24 - 건축물대장 등본(초본) 발급(열람) _ 문서출력_page_1_aug2.png', 'true': {'process_id': '_a64225bd-e3dd-4022-b1f4-62ed41956cc7_pre', 'folder_path': '4fa1658c-06d8-468a-8f4d-07f21a337bee/a64225bd-e3dd-4022-b1f4-62ed41956cc7', 'step_list': [{'name': 'cache', 'param': {'key': 'origin'}}, {'name': 'calc_angle_set1', 'param': {'key': 'angle1', 'iterations': 4, 'iter_save': False}}, {'name': 'text_orientation_set', 'param': {'key': 'angle2', 'iterations': 4, 'iter_save': False}}, {'name': 'load', 'param': {'key': 'origin'}}, {'name': 'rotate', 'param': {'key': 'angle1'}}, {'name': 'rotate', 'param': {'key': 'angle2'}}], 'result_file_map': {'_result': '/opt/***/data/temp/4fa1658c-06d8-468a-8f4d-07f21a337bee/a64225bd-e3dd-4022-b1f4-62ed41956cc7/_result.png'}}}
[2025-06-23T11:00:39.762+0900] {taskinstance.py:341} INFO - ::group::Post task execution logs
[2025-06-23T11:00:39.764+0900] {taskinstance.py:353} INFO - Marking task as SUCCESS. dag_id=lilt_document_classifier_balanced_V0.1, task_id=img_preprocess_task, run_id=manual__2025-06-23T01:55:15.838468+00:00, map_index=92, execution_date=20250623T015515, start_date=20250623T020030, end_date=20250623T020039
[2025-06-23T11:00:39.901+0900] {local_task_job_runner.py:266} INFO - Task exited with return code 0
[2025-06-23T11:00:40.059+0900] {taskinstance.py:3901} INFO - 1 downstream tasks scheduled from follow-on schedule check
[2025-06-23T11:00:40.065+0900] {local_task_job_runner.py:245} INFO - ::endgroup::
