[2025-06-25T18:36:19.290+0900] {local_task_job_runner.py:123} INFO - ::group::Pre task execution logs
[2025-06-25T18:36:19.501+0900] {taskinstance.py:2614} INFO - Dependencies all met for dep_context=non-requeueable deps ti=<TaskInstance: lilt_document_classifier_balanced_V0.1.img_preprocess_task__1 manual__2025-06-25T09:28:52.715795+00:00 map_index=36 [queued]>
[2025-06-25T18:36:19.518+0900] {taskinstance.py:2614} INFO - Dependencies all met for dep_context=requeueable deps ti=<TaskInstance: lilt_document_classifier_balanced_V0.1.img_preprocess_task__1 manual__2025-06-25T09:28:52.715795+00:00 map_index=36 [queued]>
[2025-06-25T18:36:19.520+0900] {taskinstance.py:2867} INFO - Starting attempt 1 of 1
[2025-06-25T18:36:19.650+0900] {taskinstance.py:2890} INFO - Executing <Mapped(_PythonDecoratedOperator): img_preprocess_task__1> on 2025-06-25 09:28:52.715795+00:00
[2025-06-25T18:36:19.792+0900] {warnings.py:112} WARNING - /home/***/.local/lib/python3.12/site-packages/***/task/task_runner/standard_task_runner.py:70: DeprecationWarning: This process (pid=2252) is multi-threaded, use of fork() may lead to deadlocks in the child.
  pid = os.fork()

[2025-06-25T18:36:19.892+0900] {standard_task_runner.py:72} INFO - Started process 2339 to run task
[2025-06-25T18:36:19.860+0900] {standard_task_runner.py:104} INFO - Running: ['***', 'tasks', 'run', 'lilt_document_classifier_balanced_V0.1', 'img_preprocess_task__1', 'manual__2025-06-25T09:28:52.715795+00:00', '--job-id', '5404', '--raw', '--subdir', 'DAGS_FOLDER/class_create_dag.py', '--cfg-path', '/tmp/tmpvt6yuzum', '--map-index', '36']
[2025-06-25T18:36:19.977+0900] {standard_task_runner.py:105} INFO - Job 5404: Subtask img_preprocess_task__1
[2025-06-25T18:36:20.203+0900] {task_command.py:467} INFO - Running <TaskInstance: lilt_document_classifier_balanced_V0.1.img_preprocess_task__1 manual__2025-06-25T09:28:52.715795+00:00 map_index=36 [running]> on host f6d4228a9eb8
[2025-06-25T18:36:20.883+0900] {taskinstance.py:3134} INFO - Exporting env vars: AIRFLOW_CTX_DAG_OWNER='***' AIRFLOW_CTX_DAG_ID='lilt_document_classifier_balanced_V0.1' AIRFLOW_CTX_TASK_ID='img_preprocess_task__1' AIRFLOW_CTX_EXECUTION_DATE='2025-06-25T09:28:52.715795+00:00' AIRFLOW_CTX_TRY_NUMBER='1' AIRFLOW_CTX_DAG_RUN_ID='manual__2025-06-25T09:28:52.715795+00:00'
[2025-06-25T18:36:20.891+0900] {taskinstance.py:732} INFO - ::endgroup::
[2025-06-25T18:36:20.893+0900] {logging_mixin.py:190} INFO - empty map check {} {}
[2025-06-25T18:36:20.894+0900] {logging_mixin.py:190} INFO - step : cache
[2025-06-25T18:36:20.895+0900] {logging_mixin.py:190} INFO - step : calc_angle_set2
[2025-06-25T18:36:23.186+0900] {logging_mixin.py:190} INFO - osd 1 0.0 0.0 5 1952 [0, 0, 0, 0, 0, 1952, 0, 0, 0, 0, 0]
[2025-06-25T18:36:24.673+0900] {logging_mixin.py:190} INFO - osd 2 0.0 0.0 5 1952 [0, 0, 0, 0, 0, 1952, 0, 0, 0, 0, 0]
[2025-06-25T18:36:24.827+0900] {logging_mixin.py:190} INFO - step : calc_angle_set2
[2025-06-25T18:36:27.253+0900] {logging_mixin.py:190} INFO - osd 1 0.0 0.0 8 1952 [0, 0, 9, 12, 22, 38, 380, 999, 1952, 1042, 340, 22, 19, 12, 4, 0, 0]
[2025-06-25T18:36:28.520+0900] {logging_mixin.py:190} INFO - osd 2 0.0 0.0 8 1952 [0, 0, 9, 12, 22, 38, 380, 999, 1952, 1042, 340, 22, 19, 12, 4, 0, 0]
[2025-06-25T18:36:28.555+0900] {logging_mixin.py:190} INFO - step : calc_angle_set2
[2025-06-25T18:36:29.954+0900] {logging_mixin.py:190} INFO - osd 1 -0.25 -0.25 6 1994 [999, 1098, 1287, 1375, 1543, 1641, 1994, 1920, 1952, 1808, 1902, 1719, 1377, 1318, 1241, 1072, 1042]
[2025-06-25T18:36:31.345+0900] {logging_mixin.py:190} INFO - osd 2 0.0 0.25 10 1966 [899, 1014, 1120, 1212, 1287, 1369, 1542, 1607, 1721, 1928, 1966, 1792, 1782, 1492, 1430, 1302, 1184]
[2025-06-25T18:36:31.367+0900] {logging_mixin.py:190} INFO - step : text_orientation_set
[2025-06-25T18:36:36.129+0900] {logging_mixin.py:190} INFO - Tesseract OSD Error: (1, 'Estimating resolution as 99 Warning. Invalid resolution 0 dpi. Using 70 instead. Too few characters. Skipping this page Error during processing.')
[2025-06-25T18:36:36.224+0900] {logging_mixin.py:190} INFO - file_copy: /opt/***/data/temp/3f9ce4fb-6680-40c7-be24-491f8aa01fcc/4672190a-b03c-4515-86c9-2958b84df2d4/_result.png
[2025-06-25T18:36:36.243+0900] {python.py:240} INFO - Done. Returned value was: {'file_id': '3f9ce4fb-6680-40c7-be24-491f8aa01fcc', 'file_path': '/opt/***/data/class/a_class/classify/ready/false/copied_10_2069716814.png', 'false': {'process_id': '_4672190a-b03c-4515-86c9-2958b84df2d4_pre', 'folder_path': '3f9ce4fb-6680-40c7-be24-491f8aa01fcc/4672190a-b03c-4515-86c9-2958b84df2d4', 'step_list': [{'name': 'cache', 'param': {'cache_key': 'origin'}}, {'name': 'calc_angle_set2', 'param': {'angle_key': 'angle2_1', 'delta': 8.0, 'limit': 40, 'iterations': 2, 'iter_save': False}}, {'name': 'calc_angle_set2', 'param': {'angle_key': 'angle2_2', 'delta': 1.0, 'limit': 8, 'iterations': 2, 'iter_save': False}}, {'name': 'calc_angle_set2', 'param': {'angle_key': 'angle2_3', 'delta': 0.125, 'limit': 1, 'iterations': 2, 'iter_save': False}}, {'name': 'text_orientation_set', 'param': {'angle_key': 'orint', 'iterations': 3, 'iter_save': False}}], 'result_file_map': {'_result': '/opt/***/data/temp/3f9ce4fb-6680-40c7-be24-491f8aa01fcc/4672190a-b03c-4515-86c9-2958b84df2d4/_result.png'}}}
[2025-06-25T18:36:36.361+0900] {taskinstance.py:341} INFO - ::group::Post task execution logs
[2025-06-25T18:36:36.362+0900] {taskinstance.py:353} INFO - Marking task as SUCCESS. dag_id=lilt_document_classifier_balanced_V0.1, task_id=img_preprocess_task__1, run_id=manual__2025-06-25T09:28:52.715795+00:00, map_index=36, execution_date=20250625T092852, start_date=20250625T093619, end_date=20250625T093636
[2025-06-25T18:36:36.477+0900] {local_task_job_runner.py:266} INFO - Task exited with return code 0
[2025-06-25T18:36:36.572+0900] {taskinstance.py:3901} INFO - 0 downstream tasks scheduled from follow-on schedule check
[2025-06-25T18:36:36.585+0900] {local_task_job_runner.py:245} INFO - ::endgroup::
