[2025-06-16T15:17:50.216+0900] {local_task_job_runner.py:123} INFO - ::group::Pre task execution logs
[2025-06-16T15:17:50.426+0900] {taskinstance.py:2614} INFO - Dependencies all met for dep_context=non-requeueable deps ti=<TaskInstance: layoutxlm_document_classifier_balanced_V0.1.img_preprocess_task manual__2025-06-16T06:17:12.771398+00:00 map_index=14 [queued]>
[2025-06-16T15:17:50.551+0900] {taskinstance.py:2614} INFO - Dependencies all met for dep_context=requeueable deps ti=<TaskInstance: layoutxlm_document_classifier_balanced_V0.1.img_preprocess_task manual__2025-06-16T06:17:12.771398+00:00 map_index=14 [queued]>
[2025-06-16T15:17:50.566+0900] {taskinstance.py:2867} INFO - Starting attempt 1 of 1
[2025-06-16T15:17:50.703+0900] {taskinstance.py:2890} INFO - Executing <Mapped(_PythonDecoratedOperator): img_preprocess_task> on 2025-06-16 06:17:12.771398+00:00
[2025-06-16T15:17:50.728+0900] {standard_task_runner.py:104} INFO - Running: ['***', 'tasks', 'run', 'layoutxlm_document_classifier_balanced_V0.1', 'img_preprocess_task', 'manual__2025-06-16T06:17:12.771398+00:00', '--job-id', '477', '--raw', '--subdir', 'DAGS_FOLDER/class_create_dag.py', '--cfg-path', '/tmp/tmp7ls2yat8', '--map-index', '14']
[2025-06-16T15:17:50.737+0900] {standard_task_runner.py:105} INFO - Job 477: Subtask img_preprocess_task
[2025-06-16T15:17:50.724+0900] {warnings.py:112} WARNING - /home/***/.local/lib/python3.12/site-packages/***/task/task_runner/standard_task_runner.py:70: DeprecationWarning: This process (pid=7778) is multi-threaded, use of fork() may lead to deadlocks in the child.
  pid = os.fork()

[2025-06-16T15:17:50.744+0900] {standard_task_runner.py:72} INFO - Started process 7824 to run task
[2025-06-16T15:17:50.853+0900] {task_command.py:467} INFO - Running <TaskInstance: layoutxlm_document_classifier_balanced_V0.1.img_preprocess_task manual__2025-06-16T06:17:12.771398+00:00 map_index=14 [running]> on host f6d4228a9eb8
[2025-06-16T15:17:51.046+0900] {taskinstance.py:3134} INFO - Exporting env vars: AIRFLOW_CTX_DAG_OWNER='***' AIRFLOW_CTX_DAG_ID='layoutxlm_document_classifier_balanced_V0.1' AIRFLOW_CTX_TASK_ID='img_preprocess_task' AIRFLOW_CTX_EXECUTION_DATE='2025-06-16T06:17:12.771398+00:00' AIRFLOW_CTX_TRY_NUMBER='1' AIRFLOW_CTX_DAG_RUN_ID='manual__2025-06-16T06:17:12.771398+00:00'
[2025-06-16T15:17:51.067+0900] {taskinstance.py:732} INFO - ::endgroup::
[2025-06-16T15:17:51.112+0900] {logging_mixin.py:190} INFO - empty map check {} {'process_id': '_758351d5-6c2b-4405-89b0-bd64d27ea32d_pre', 'folder_path': 'f8158a6d-bb0e-4b79-95ad-d06ca883b9b0/758351d5-6c2b-4405-89b0-bd64d27ea32d', 'step_list': [{'name': 'calc_angle_set1', 'param': {'key': 'angle1', 'iterations': 3}}, {'name': 'calc_angle_set2', 'param': {'key': 'angle2', 'iterations': 3}}, {'name': 'threshold', 'param': {}}, {'name': 'morphology1', 'param': {}}, {'name': 'save', 'param': {'key': 'classify_preprocess'}}], 'result_file_list': []}
[2025-06-16T15:17:51.135+0900] {logging_mixin.py:190} INFO - step : calc_angle_set1
[2025-06-16T15:17:51.577+0900] {logging_mixin.py:190} INFO - step : calc_angle_set2
[2025-06-16T15:18:09.339+0900] {logging_mixin.py:190} INFO - osd 1 break  0 0 6.37 Korean 1.31
[2025-06-16T15:18:09.380+0900] {logging_mixin.py:190} INFO - step : threshold
[2025-06-16T15:18:09.388+0900] {logging_mixin.py:190} INFO - step : morphology1
[2025-06-16T15:18:09.573+0900] {logging_mixin.py:190} INFO - step : save
[2025-06-16T15:18:10.175+0900] {logging_mixin.py:190} INFO - file_copy: /opt/***/data/temp/f8158a6d-bb0e-4b79-95ad-d06ca883b9b0/758351d5-6c2b-4405-89b0-bd64d27ea32d/classify_preprocess.png
[2025-06-16T15:18:10.211+0900] {python.py:240} INFO - Done. Returned value was: {'file_id': 'f8158a6d-bb0e-4b79-95ad-d06ca883b9b0', 'file_path': '/opt/***/data/class/a_class/classify/origin/true/삼성동 초록빌딩 - 정부24 - 건축물대장 등본(초본) 발급(열람) _ 문서출력_page_1.png', 'true': {'process_id': '_758351d5-6c2b-4405-89b0-bd64d27ea32d_pre', 'folder_path': 'f8158a6d-bb0e-4b79-95ad-d06ca883b9b0/758351d5-6c2b-4405-89b0-bd64d27ea32d', 'step_list': [{'name': 'calc_angle_set1', 'param': {'key': 'angle1', 'iterations': 3}}, {'name': 'calc_angle_set2', 'param': {'key': 'angle2', 'iterations': 3}}, {'name': 'threshold', 'param': {}}, {'name': 'morphology1', 'param': {}}, {'name': 'save', 'param': {'key': 'classify_preprocess'}}], 'result_file_list': [{'key': 'classify_preprocess', 'path': '/opt/***/data/temp/f8158a6d-bb0e-4b79-95ad-d06ca883b9b0/758351d5-6c2b-4405-89b0-bd64d27ea32d/classify_preprocess.png'}]}}
[2025-06-16T15:18:10.274+0900] {taskinstance.py:341} INFO - ::group::Post task execution logs
[2025-06-16T15:18:10.280+0900] {taskinstance.py:353} INFO - Marking task as SUCCESS. dag_id=layoutxlm_document_classifier_balanced_V0.1, task_id=img_preprocess_task, run_id=manual__2025-06-16T06:17:12.771398+00:00, map_index=14, execution_date=20250616T061712, start_date=20250616T061750, end_date=20250616T061810
[2025-06-16T15:18:10.710+0900] {local_task_job_runner.py:266} INFO - Task exited with return code 0
[2025-06-16T15:18:10.771+0900] {standard_task_runner.py:217} INFO - Process not found (most likely exited), stop collecting metrics
[2025-06-16T15:18:10.783+0900] {taskinstance.py:3901} INFO - 0 downstream tasks scheduled from follow-on schedule check
[2025-06-16T15:18:10.811+0900] {local_task_job_runner.py:245} INFO - ::endgroup::
