[2025-06-23T16:26:40.550+0900] {local_task_job_runner.py:123} INFO - ::group::Pre task execution logs
[2025-06-23T16:26:40.611+0900] {taskinstance.py:2614} INFO - Dependencies all met for dep_context=non-requeueable deps ti=<TaskInstance: lilt_document_classifier_balanced_b_class_V0.1.img_preprocess_task__1 manual__2025-06-23T06:58:09.542610+00:00 map_index=42 [queued]>
[2025-06-23T16:26:40.639+0900] {taskinstance.py:2614} INFO - Dependencies all met for dep_context=requeueable deps ti=<TaskInstance: lilt_document_classifier_balanced_b_class_V0.1.img_preprocess_task__1 manual__2025-06-23T06:58:09.542610+00:00 map_index=42 [queued]>
[2025-06-23T16:26:40.640+0900] {taskinstance.py:2867} INFO - Starting attempt 1 of 1
[2025-06-23T16:26:40.656+0900] {taskinstance.py:2890} INFO - Executing <Mapped(_PythonDecoratedOperator): img_preprocess_task__1> on 2025-06-23 06:58:09.542610+00:00
[2025-06-23T16:26:40.687+0900] {warnings.py:112} WARNING - /home/***/.local/lib/python3.12/site-packages/***/task/task_runner/standard_task_runner.py:70: DeprecationWarning: This process (pid=7557) is multi-threaded, use of fork() may lead to deadlocks in the child.
  pid = os.fork()

[2025-06-23T16:26:40.689+0900] {standard_task_runner.py:72} INFO - Started process 7566 to run task
[2025-06-23T16:26:40.690+0900] {standard_task_runner.py:104} INFO - Running: ['***', 'tasks', 'run', 'lilt_document_classifier_balanced_b_class_V0.1', 'img_preprocess_task__1', 'manual__2025-06-23T06:58:09.542610+00:00', '--job-id', '3390', '--raw', '--subdir', 'DAGS_FOLDER/class_create_dag_b_class.py', '--cfg-path', '/tmp/tmph1polbxb', '--map-index', '42']
[2025-06-23T16:26:40.703+0900] {standard_task_runner.py:105} INFO - Job 3390: Subtask img_preprocess_task__1
[2025-06-23T16:26:40.788+0900] {task_command.py:467} INFO - Running <TaskInstance: lilt_document_classifier_balanced_b_class_V0.1.img_preprocess_task__1 manual__2025-06-23T06:58:09.542610+00:00 map_index=42 [running]> on host f6d4228a9eb8
[2025-06-23T16:26:40.949+0900] {taskinstance.py:3134} INFO - Exporting env vars: AIRFLOW_CTX_DAG_OWNER='***' AIRFLOW_CTX_DAG_ID='lilt_document_classifier_balanced_b_class_V0.1' AIRFLOW_CTX_TASK_ID='img_preprocess_task__1' AIRFLOW_CTX_EXECUTION_DATE='2025-06-23T06:58:09.542610+00:00' AIRFLOW_CTX_TRY_NUMBER='1' AIRFLOW_CTX_DAG_RUN_ID='manual__2025-06-23T06:58:09.542610+00:00'
[2025-06-23T16:26:40.953+0900] {taskinstance.py:732} INFO - ::endgroup::
[2025-06-23T16:26:40.958+0900] {logging_mixin.py:190} INFO - empty map check {} {'process_id': '_37348415-e3c1-4a71-a304-7e23e0e3f829_pre', 'folder_path': '261dab4a-4964-4a7c-92ee-d01b79d7c72e/37348415-e3c1-4a71-a304-7e23e0e3f829', 'step_list': [{'name': 'cache', 'param': {'key': 'origin'}}, {'name': 'calc_angle_set2', 'param': {'key': 'angle1', 'iterations': 4, 'iter_save': False}}, {'name': 'text_orientation_set', 'param': {'key': 'angle2', 'iterations': 4, 'iter_save': False}}, {'name': 'load', 'param': {'key': 'origin'}}, {'name': 'rotate', 'param': {'key': 'angle1'}}, {'name': 'rotate', 'param': {'key': 'angle2'}}], 'result_file_map': {}}
[2025-06-23T16:26:40.959+0900] {logging_mixin.py:190} INFO - step : cache
[2025-06-23T16:26:40.961+0900] {logging_mixin.py:190} INFO - step : calc_angle_set2
[2025-06-23T16:26:48.160+0900] {logging_mixin.py:190} INFO - osd 1 0 0 0 0 [0, 0, 0, 0, 0, 0, 0, 0, 0, 0, 0, 0, 0, 0, 0, 0, 0, 0, 0, 0, 0, 0, 0, 0, 0, 0, 0, 0, 0, 0, 0, 0, 0, 0, 0, 0, 0, 0, 0, 0, 0]
[2025-06-23T16:26:53.918+0900] {logging_mixin.py:190} INFO - osd 2 0 0 0 0 [0, 0, 0, 0, 0, 0, 0, 0, 0, 0, 0, 0, 0, 0, 0, 0, 0, 0, 0, 0, 0, 0, 0, 0, 0, 0, 0, 0, 0, 0, 0, 0, 0, 0, 0, 0, 0, 0, 0, 0, 0]
[2025-06-23T16:26:58.097+0900] {logging_mixin.py:190} INFO - osd 3 0 0 0 0 [0, 0, 0, 0, 0, 0, 0, 0, 0, 0, 0, 0, 0, 0, 0, 0, 0, 0, 0, 0, 0, 0, 0, 0, 0, 0, 0, 0, 0, 0, 0, 0, 0, 0, 0, 0, 0, 0, 0, 0, 0]
[2025-06-23T16:27:03.639+0900] {logging_mixin.py:190} INFO - osd 4 0 0 0 0 [0, 0, 0, 0, 0, 0, 0, 0, 0, 0, 0, 0, 0, 0, 0, 0, 0, 0, 0, 0, 0, 0, 0, 0, 0, 0, 0, 0, 0, 0, 0, 0, 0, 0, 0, 0, 0, 0, 0, 0, 0]
[2025-06-23T16:27:03.790+0900] {logging_mixin.py:190} INFO - step : text_orientation_set
[2025-06-23T16:27:13.099+0900] {logging_mixin.py:190} INFO - osd 1 180 180 1.49 Thai 0.24
[2025-06-23T16:27:21.233+0900] {logging_mixin.py:190} INFO - osd 2 break  180 0 4.18 Greek 0.71
[2025-06-23T16:27:21.254+0900] {logging_mixin.py:190} INFO - step : load
[2025-06-23T16:27:21.258+0900] {logging_mixin.py:190} INFO - step : rotate
[2025-06-23T16:27:21.460+0900] {logging_mixin.py:190} INFO - step : rotate
[2025-06-23T16:27:22.261+0900] {logging_mixin.py:190} INFO - file_copy: /opt/***/data/temp/261dab4a-4964-4a7c-92ee-d01b79d7c72e/37348415-e3c1-4a71-a304-7e23e0e3f829/_result.png
[2025-06-23T16:27:22.340+0900] {python.py:240} INFO - Done. Returned value was: {'file_id': '261dab4a-4964-4a7c-92ee-d01b79d7c72e', 'file_path': '/opt/***/data/class/b_class/classify/ready/false/copied_2_2057745969.png', 'false': {'process_id': '_37348415-e3c1-4a71-a304-7e23e0e3f829_pre', 'folder_path': '261dab4a-4964-4a7c-92ee-d01b79d7c72e/37348415-e3c1-4a71-a304-7e23e0e3f829', 'step_list': [{'name': 'cache', 'param': {'key': 'origin'}}, {'name': 'calc_angle_set2', 'param': {'key': 'angle1', 'iterations': 4, 'iter_save': False}}, {'name': 'text_orientation_set', 'param': {'key': 'angle2', 'iterations': 4, 'iter_save': False}}, {'name': 'load', 'param': {'key': 'origin'}}, {'name': 'rotate', 'param': {'key': 'angle1'}}, {'name': 'rotate', 'param': {'key': 'angle2'}}], 'result_file_map': {'_result': '/opt/***/data/temp/261dab4a-4964-4a7c-92ee-d01b79d7c72e/37348415-e3c1-4a71-a304-7e23e0e3f829/_result.png'}}}
[2025-06-23T16:27:22.578+0900] {taskinstance.py:341} INFO - ::group::Post task execution logs
[2025-06-23T16:27:22.600+0900] {taskinstance.py:353} INFO - Marking task as SUCCESS. dag_id=lilt_document_classifier_balanced_b_class_V0.1, task_id=img_preprocess_task__1, run_id=manual__2025-06-23T06:58:09.542610+00:00, map_index=42, execution_date=20250623T065809, start_date=20250623T072640, end_date=20250623T072722
[2025-06-23T16:27:22.934+0900] {local_task_job_runner.py:266} INFO - Task exited with return code 0
[2025-06-23T16:27:23.010+0900] {taskinstance.py:3901} INFO - 0 downstream tasks scheduled from follow-on schedule check
[2025-06-23T16:27:23.029+0900] {local_task_job_runner.py:245} INFO - ::endgroup::
