[2025-06-19T18:36:23.081+0900] {local_task_job_runner.py:123} INFO - ::group::Pre task execution logs
[2025-06-19T18:36:23.434+0900] {taskinstance.py:2614} INFO - Dependencies all met for dep_context=non-requeueable deps ti=<TaskInstance: lilt_document_classifier_balanced_V0.1.img_preprocess_task manual__2025-06-19T09:32:07.760195+00:00 map_index=83 [queued]>
[2025-06-19T18:36:23.500+0900] {taskinstance.py:2614} INFO - Dependencies all met for dep_context=requeueable deps ti=<TaskInstance: lilt_document_classifier_balanced_V0.1.img_preprocess_task manual__2025-06-19T09:32:07.760195+00:00 map_index=83 [queued]>
[2025-06-19T18:36:23.509+0900] {taskinstance.py:2867} INFO - Starting attempt 1 of 1
[2025-06-19T18:36:23.560+0900] {taskinstance.py:2890} INFO - Executing <Mapped(_PythonDecoratedOperator): img_preprocess_task> on 2025-06-19 09:32:07.760195+00:00
[2025-06-19T18:36:23.602+0900] {standard_task_runner.py:104} INFO - Running: ['***', 'tasks', 'run', 'lilt_document_classifier_balanced_V0.1', 'img_preprocess_task', 'manual__2025-06-19T09:32:07.760195+00:00', '--job-id', '1860', '--raw', '--subdir', 'DAGS_FOLDER/class_create_dag.py', '--cfg-path', '/tmp/tmp3vifguyj', '--map-index', '83']
[2025-06-19T18:36:23.608+0900] {standard_task_runner.py:105} INFO - Job 1860: Subtask img_preprocess_task
[2025-06-19T18:36:23.597+0900] {warnings.py:112} WARNING - /home/***/.local/lib/python3.12/site-packages/***/task/task_runner/standard_task_runner.py:70: DeprecationWarning: This process (pid=12862) is multi-threaded, use of fork() may lead to deadlocks in the child.
  pid = os.fork()

[2025-06-19T18:36:23.619+0900] {standard_task_runner.py:72} INFO - Started process 12941 to run task
[2025-06-19T18:36:23.742+0900] {task_command.py:467} INFO - Running <TaskInstance: lilt_document_classifier_balanced_V0.1.img_preprocess_task manual__2025-06-19T09:32:07.760195+00:00 map_index=83 [running]> on host f6d4228a9eb8
[2025-06-19T18:36:24.084+0900] {taskinstance.py:3134} INFO - Exporting env vars: AIRFLOW_CTX_DAG_OWNER='***' AIRFLOW_CTX_DAG_ID='lilt_document_classifier_balanced_V0.1' AIRFLOW_CTX_TASK_ID='img_preprocess_task' AIRFLOW_CTX_EXECUTION_DATE='2025-06-19T09:32:07.760195+00:00' AIRFLOW_CTX_TRY_NUMBER='1' AIRFLOW_CTX_DAG_RUN_ID='manual__2025-06-19T09:32:07.760195+00:00'
[2025-06-19T18:36:24.088+0900] {taskinstance.py:732} INFO - ::endgroup::
[2025-06-19T18:36:24.093+0900] {logging_mixin.py:190} INFO - empty map check {} {'process_id': '_1ea7a8e5-4d4b-4499-a8d8-a971abd34860_pre', 'folder_path': 'af476e41-9b44-47f9-ab8b-0a97be1090f3/1ea7a8e5-4d4b-4499-a8d8-a971abd34860', 'step_list': [{'name': 'cache', 'param': {'key': 'origin'}}, {'name': 'calc_angle_set1', 'param': {'key': 'angle1', 'iterations': 4, 'iter_save': False}}, {'name': 'text_orientation_set', 'param': {'key': 'angle2', 'iterations': 4, 'iter_save': False}}, {'name': 'load', 'param': {'key': 'origin'}}, {'name': 'rotate', 'param': {'key': 'angle1'}}, {'name': 'rotate', 'param': {'key': 'angle2'}}], 'result_file_map': {}}
[2025-06-19T18:36:24.094+0900] {logging_mixin.py:190} INFO - step : cache
[2025-06-19T18:36:24.095+0900] {logging_mixin.py:190} INFO - step : calc_angle_set1
[2025-06-19T18:36:24.463+0900] {logging_mixin.py:190} INFO - step : text_orientation_set
[2025-06-19T18:36:42.199+0900] {logging_mixin.py:190} INFO - osd 1 break  0 0 8.1 Korean 1.01
[2025-06-19T18:36:42.200+0900] {logging_mixin.py:190} INFO - step : load
[2025-06-19T18:36:42.200+0900] {logging_mixin.py:190} INFO - step : rotate
[2025-06-19T18:36:42.274+0900] {logging_mixin.py:190} INFO - step : rotate
[2025-06-19T18:36:42.542+0900] {logging_mixin.py:190} INFO - file_copy: /opt/***/data/temp/af476e41-9b44-47f9-ab8b-0a97be1090f3/1ea7a8e5-4d4b-4499-a8d8-a971abd34860/_result.png
[2025-06-19T18:36:42.574+0900] {python.py:240} INFO - Done. Returned value was: {'file_id': 'af476e41-9b44-47f9-ab8b-0a97be1090f3', 'file_path': '/opt/***/data/class/a_class/classify/ready/true/동선동 나성빌딩 - 정부24 - 건축물대장 등본(초본) 발급(열람) _ 문서출력_page_1_aug1.png', 'true': {'process_id': '_1ea7a8e5-4d4b-4499-a8d8-a971abd34860_pre', 'folder_path': 'af476e41-9b44-47f9-ab8b-0a97be1090f3/1ea7a8e5-4d4b-4499-a8d8-a971abd34860', 'step_list': [{'name': 'cache', 'param': {'key': 'origin'}}, {'name': 'calc_angle_set1', 'param': {'key': 'angle1', 'iterations': 4, 'iter_save': False}}, {'name': 'text_orientation_set', 'param': {'key': 'angle2', 'iterations': 4, 'iter_save': False}}, {'name': 'load', 'param': {'key': 'origin'}}, {'name': 'rotate', 'param': {'key': 'angle1'}}, {'name': 'rotate', 'param': {'key': 'angle2'}}], 'result_file_map': {'_result': '/opt/***/data/temp/af476e41-9b44-47f9-ab8b-0a97be1090f3/1ea7a8e5-4d4b-4499-a8d8-a971abd34860/_result.png'}}}
[2025-06-19T18:36:42.676+0900] {taskinstance.py:341} INFO - ::group::Post task execution logs
[2025-06-19T18:36:42.677+0900] {taskinstance.py:353} INFO - Marking task as SUCCESS. dag_id=lilt_document_classifier_balanced_V0.1, task_id=img_preprocess_task, run_id=manual__2025-06-19T09:32:07.760195+00:00, map_index=83, execution_date=20250619T093207, start_date=20250619T093623, end_date=20250619T093642
[2025-06-19T18:36:42.871+0900] {local_task_job_runner.py:266} INFO - Task exited with return code 0
[2025-06-19T18:36:42.972+0900] {taskinstance.py:3901} INFO - 0 downstream tasks scheduled from follow-on schedule check
[2025-06-19T18:36:42.980+0900] {local_task_job_runner.py:245} INFO - ::endgroup::
