[2025-06-23T09:44:15.587+0900] {local_task_job_runner.py:123} INFO - ::group::Pre task execution logs
[2025-06-23T09:44:15.647+0900] {taskinstance.py:2614} INFO - Dependencies all met for dep_context=non-requeueable deps ti=<TaskInstance: lilt_document_classifier_balanced_V0.1.img_preprocess_task manual__2025-06-23T00:42:21.868462+00:00 map_index=21 [queued]>
[2025-06-23T09:44:15.712+0900] {taskinstance.py:2614} INFO - Dependencies all met for dep_context=requeueable deps ti=<TaskInstance: lilt_document_classifier_balanced_V0.1.img_preprocess_task manual__2025-06-23T00:42:21.868462+00:00 map_index=21 [queued]>
[2025-06-23T09:44:15.733+0900] {taskinstance.py:2867} INFO - Starting attempt 1 of 1
[2025-06-23T09:44:15.804+0900] {taskinstance.py:2890} INFO - Executing <Mapped(_PythonDecoratedOperator): img_preprocess_task> on 2025-06-23 00:42:21.868462+00:00
[2025-06-23T09:44:15.863+0900] {standard_task_runner.py:104} INFO - Running: ['***', 'tasks', 'run', 'lilt_document_classifier_balanced_V0.1', 'img_preprocess_task', 'manual__2025-06-23T00:42:21.868462+00:00', '--job-id', '1932', '--raw', '--subdir', 'DAGS_FOLDER/class_create_dag.py', '--cfg-path', '/tmp/tmpryltr2pk', '--map-index', '21']
[2025-06-23T09:44:15.885+0900] {standard_task_runner.py:105} INFO - Job 1932: Subtask img_preprocess_task
[2025-06-23T09:44:15.883+0900] {warnings.py:112} WARNING - /home/***/.local/lib/python3.12/site-packages/***/task/task_runner/standard_task_runner.py:70: DeprecationWarning: This process (pid=81622) is multi-threaded, use of fork() may lead to deadlocks in the child.
  pid = os.fork()

[2025-06-23T09:44:15.905+0900] {standard_task_runner.py:72} INFO - Started process 81670 to run task
[2025-06-23T09:44:15.997+0900] {task_command.py:467} INFO - Running <TaskInstance: lilt_document_classifier_balanced_V0.1.img_preprocess_task manual__2025-06-23T00:42:21.868462+00:00 map_index=21 [running]> on host f6d4228a9eb8
[2025-06-23T09:44:16.245+0900] {taskinstance.py:3134} INFO - Exporting env vars: AIRFLOW_CTX_DAG_OWNER='***' AIRFLOW_CTX_DAG_ID='lilt_document_classifier_balanced_V0.1' AIRFLOW_CTX_TASK_ID='img_preprocess_task' AIRFLOW_CTX_EXECUTION_DATE='2025-06-23T00:42:21.868462+00:00' AIRFLOW_CTX_TRY_NUMBER='1' AIRFLOW_CTX_DAG_RUN_ID='manual__2025-06-23T00:42:21.868462+00:00'
[2025-06-23T09:44:16.250+0900] {taskinstance.py:732} INFO - ::endgroup::
[2025-06-23T09:44:16.256+0900] {logging_mixin.py:190} INFO - empty map check {} {'process_id': '_fb3289ac-306e-41d7-9381-b15c2d35d5bf_pre', 'folder_path': '6d795bb4-19ea-45d5-984c-cc572b906952/fb3289ac-306e-41d7-9381-b15c2d35d5bf', 'step_list': [{'name': 'cache', 'param': {'key': 'origin'}}, {'name': 'calc_angle_set1', 'param': {'key': 'angle1', 'iterations': 4, 'iter_save': False}}, {'name': 'text_orientation_set', 'param': {'key': 'angle2', 'iterations': 4, 'iter_save': False}}, {'name': 'load', 'param': {'key': 'origin'}}, {'name': 'rotate', 'param': {'key': 'angle1'}}, {'name': 'rotate', 'param': {'key': 'angle2'}}], 'result_file_map': {}}
[2025-06-23T09:44:16.261+0900] {logging_mixin.py:190} INFO - step : cache
[2025-06-23T09:44:16.263+0900] {logging_mixin.py:190} INFO - step : calc_angle_set1
[2025-06-23T09:44:17.250+0900] {logging_mixin.py:190} INFO - step : text_orientation_set
[2025-06-23T09:44:37.582+0900] {logging_mixin.py:190} INFO - osd 1 break  0 0 9.29 Korean 0.64
[2025-06-23T09:44:37.599+0900] {logging_mixin.py:190} INFO - step : load
[2025-06-23T09:44:37.601+0900] {logging_mixin.py:190} INFO - step : rotate
[2025-06-23T09:44:37.970+0900] {logging_mixin.py:190} INFO - step : rotate
[2025-06-23T09:44:40.581+0900] {logging_mixin.py:190} INFO - file_copy: /opt/***/data/temp/6d795bb4-19ea-45d5-984c-cc572b906952/fb3289ac-306e-41d7-9381-b15c2d35d5bf/_result.png
[2025-06-23T09:44:40.615+0900] {python.py:240} INFO - Done. Returned value was: {'file_id': '6d795bb4-19ea-45d5-984c-cc572b906952', 'file_path': '/opt/***/data/class/a_class/classify/ready/true/이화동 엘림빌딩 -정부24 - 건축물대장 등본(초본) 발급(열람) _ 문서출력_page_1_aug1.png', 'true': {'process_id': '_fb3289ac-306e-41d7-9381-b15c2d35d5bf_pre', 'folder_path': '6d795bb4-19ea-45d5-984c-cc572b906952/fb3289ac-306e-41d7-9381-b15c2d35d5bf', 'step_list': [{'name': 'cache', 'param': {'key': 'origin'}}, {'name': 'calc_angle_set1', 'param': {'key': 'angle1', 'iterations': 4, 'iter_save': False}}, {'name': 'text_orientation_set', 'param': {'key': 'angle2', 'iterations': 4, 'iter_save': False}}, {'name': 'load', 'param': {'key': 'origin'}}, {'name': 'rotate', 'param': {'key': 'angle1'}}, {'name': 'rotate', 'param': {'key': 'angle2'}}], 'result_file_map': {'_result': '/opt/***/data/temp/6d795bb4-19ea-45d5-984c-cc572b906952/fb3289ac-306e-41d7-9381-b15c2d35d5bf/_result.png'}}}
[2025-06-23T09:44:40.695+0900] {taskinstance.py:341} INFO - ::group::Post task execution logs
[2025-06-23T09:44:40.697+0900] {taskinstance.py:353} INFO - Marking task as SUCCESS. dag_id=lilt_document_classifier_balanced_V0.1, task_id=img_preprocess_task, run_id=manual__2025-06-23T00:42:21.868462+00:00, map_index=21, execution_date=20250623T004221, start_date=20250623T004415, end_date=20250623T004440
[2025-06-23T09:44:41.026+0900] {local_task_job_runner.py:266} INFO - Task exited with return code 0
[2025-06-23T09:44:41.249+0900] {taskinstance.py:3901} INFO - 0 downstream tasks scheduled from follow-on schedule check
[2025-06-23T09:44:41.267+0900] {local_task_job_runner.py:245} INFO - ::endgroup::
