[2025-06-24T11:33:39.205+0900] {local_task_job_runner.py:123} INFO - ::group::Pre task execution logs
[2025-06-24T11:33:39.366+0900] {taskinstance.py:2614} INFO - Dependencies all met for dep_context=non-requeueable deps ti=<TaskInstance: lilt_document_classifier_balanced_V0.1.img_preprocess_task__1 manual__2025-06-24T02:31:44.485922+00:00 map_index=9 [queued]>
[2025-06-24T11:33:39.466+0900] {taskinstance.py:2614} INFO - Dependencies all met for dep_context=requeueable deps ti=<TaskInstance: lilt_document_classifier_balanced_V0.1.img_preprocess_task__1 manual__2025-06-24T02:31:44.485922+00:00 map_index=9 [queued]>
[2025-06-24T11:33:39.478+0900] {taskinstance.py:2867} INFO - Starting attempt 1 of 1
[2025-06-24T11:33:39.617+0900] {taskinstance.py:2890} INFO - Executing <Mapped(_PythonDecoratedOperator): img_preprocess_task__1> on 2025-06-24 02:31:44.485922+00:00
[2025-06-24T11:33:39.715+0900] {standard_task_runner.py:104} INFO - Running: ['***', 'tasks', 'run', 'lilt_document_classifier_balanced_V0.1', 'img_preprocess_task__1', 'manual__2025-06-24T02:31:44.485922+00:00', '--job-id', '3757', '--raw', '--subdir', 'DAGS_FOLDER/class_create_dag.py', '--cfg-path', '/tmp/tmpz0db8f6t', '--map-index', '9']
[2025-06-24T11:33:39.718+0900] {standard_task_runner.py:105} INFO - Job 3757: Subtask img_preprocess_task__1
[2025-06-24T11:33:39.704+0900] {warnings.py:112} WARNING - /home/***/.local/lib/python3.12/site-packages/***/task/task_runner/standard_task_runner.py:70: DeprecationWarning: This process (pid=33816) is multi-threaded, use of fork() may lead to deadlocks in the child.
  pid = os.fork()

[2025-06-24T11:33:39.807+0900] {standard_task_runner.py:72} INFO - Started process 33854 to run task
[2025-06-24T11:33:40.043+0900] {task_command.py:467} INFO - Running <TaskInstance: lilt_document_classifier_balanced_V0.1.img_preprocess_task__1 manual__2025-06-24T02:31:44.485922+00:00 map_index=9 [running]> on host f6d4228a9eb8
[2025-06-24T11:33:40.284+0900] {taskinstance.py:3134} INFO - Exporting env vars: AIRFLOW_CTX_DAG_OWNER='***' AIRFLOW_CTX_DAG_ID='lilt_document_classifier_balanced_V0.1' AIRFLOW_CTX_TASK_ID='img_preprocess_task__1' AIRFLOW_CTX_EXECUTION_DATE='2025-06-24T02:31:44.485922+00:00' AIRFLOW_CTX_TRY_NUMBER='1' AIRFLOW_CTX_DAG_RUN_ID='manual__2025-06-24T02:31:44.485922+00:00'
[2025-06-24T11:33:40.289+0900] {taskinstance.py:732} INFO - ::endgroup::
[2025-06-24T11:33:40.292+0900] {logging_mixin.py:190} INFO - empty map check {} {'process_id': '_5fcebdb5-e5f9-4481-9d45-4758da0fb9d7_pre', 'folder_path': 'daf597ae-ab8d-4a71-bcd0-589ce1c0fe40/5fcebdb5-e5f9-4481-9d45-4758da0fb9d7', 'step_list': [{'name': 'cache', 'param': {'key': 'origin'}}, {'name': 'calc_angle_set2', 'param': {'key': 'angle1', 'iterations': 4, 'iter_save': True}}, {'name': 'save', 'param': {'key': 'ag1'}}, {'name': 'text_orientation_set', 'param': {'key': 'angle2', 'iterations': 4, 'iter_save': True}}, {'name': 'save', 'param': {'key': 'ag2'}}, {'name': 'load', 'param': {'key': 'origin'}}, {'name': 'rotate', 'param': {'key': 'angle1'}}, {'name': 'rotate', 'param': {'key': 'angle2'}}], 'result_file_map': {}}
[2025-06-24T11:33:40.298+0900] {logging_mixin.py:190} INFO - step : cache
[2025-06-24T11:33:40.301+0900] {logging_mixin.py:190} INFO - step : calc_angle_set2
[2025-06-24T11:33:47.604+0900] {logging_mixin.py:190} INFO - osd 1 -5.0 -5.0 0 36633 [36633, 33585, 30782, 29146, 26066, 23249, 20399, 7592, 6899, 6305, 5989, 5690, 5337, 5059, 4610, 2792, 2270, 2266, 2289, 2308, 2359, 2268, 2226, 2128, 2038, 1970, 1872, 1856, 1741, 1628, 1545, 1443, 1382, 4540, 4666, 4779, 4896, 5037, 5151, 5349, 5541]
[2025-06-24T11:33:54.482+0900] {logging_mixin.py:190} INFO - osd 2 -10.0 -5.0 0 108428 [108428, 105126, 101728, 97634, 94518, 90419, 87341, 83331, 80206, 76344, 73207, 69510, 66364, 62649, 59664, 55935, 52200, 49420, 45970, 41543, 16292, 31447, 42993, 46312, 48159, 50112, 52789, 54273, 57259, 59251, 61722, 63811, 66690, 68594, 71630, 73382, 76510, 78180, 80716, 82634, 84230]
[2025-06-24T11:34:01.907+0900] {logging_mixin.py:190} INFO - osd 3 -15.0 -5.0 0 189966 [189966, 184865, 179891, 176029, 171147, 166707, 162088, 157489, 153855, 149730, 145334, 141077, 136811, 132754, 128550, 124315, 120081, 115881, 111603, 107345, 103771, 106918, 110281, 113931, 117481, 121124, 124662, 128304, 131810, 135498, 139133, 142951, 146577, 149488, 153292, 157003, 160511, 164271, 166805, 170495, 173817]
[2025-06-24T11:34:11.889+0900] {logging_mixin.py:190} INFO - osd 4 -20.0 -5.0 0 294126 [294126, 288171, 282293, 275491, 269691, 263817, 258047, 252400, 245921, 240448, 235005, 228518, 223235, 218006, 211996, 206857, 201514, 195675, 190695, 185166, 180447, 184549, 189527, 193780, 198849, 203555, 207896, 213070, 217478, 221870, 227224, 231775, 236255, 241535, 246039, 250701, 255263, 259872, 265547, 270224, 274831]
[2025-06-24T11:34:12.158+0900] {logging_mixin.py:190} INFO - step : save
[2025-06-24T11:34:12.365+0900] {logging_mixin.py:190} INFO - file_copy: /opt/***/data/temp/daf597ae-ab8d-4a71-bcd0-589ce1c0fe40/5fcebdb5-e5f9-4481-9d45-4758da0fb9d7/ag1.png
[2025-06-24T11:34:12.395+0900] {logging_mixin.py:190} INFO - step : text_orientation_set
[2025-06-24T11:34:17.427+0900] {logging_mixin.py:190} INFO - file_copy: /opt/***/data/temp/daf597ae-ab8d-4a71-bcd0-589ce1c0fe40/5fcebdb5-e5f9-4481-9d45-4758da0fb9d7/rotate2_1.png
[2025-06-24T11:34:23.937+0900] {logging_mixin.py:190} INFO - osd 1 180 180 1.19 Japanese 0.08
[2025-06-24T11:34:27.341+0900] {logging_mixin.py:190} INFO - file_copy: /opt/***/data/temp/daf597ae-ab8d-4a71-bcd0-589ce1c0fe40/5fcebdb5-e5f9-4481-9d45-4758da0fb9d7/rotate2_2.png
[2025-06-24T11:34:29.709+0900] {logging_mixin.py:190} INFO - osd 2 break  180 0 1.73 Japanese 0.09
[2025-06-24T11:34:29.710+0900] {logging_mixin.py:190} INFO - step : save
[2025-06-24T11:34:29.815+0900] {logging_mixin.py:190} INFO - file_copy: /opt/***/data/temp/daf597ae-ab8d-4a71-bcd0-589ce1c0fe40/5fcebdb5-e5f9-4481-9d45-4758da0fb9d7/ag2.png
[2025-06-24T11:34:29.831+0900] {logging_mixin.py:190} INFO - step : load
[2025-06-24T11:34:29.835+0900] {logging_mixin.py:190} INFO - step : rotate
[2025-06-24T11:34:29.947+0900] {logging_mixin.py:190} INFO - step : rotate
[2025-06-24T11:34:30.281+0900] {logging_mixin.py:190} INFO - file_copy: /opt/***/data/temp/daf597ae-ab8d-4a71-bcd0-589ce1c0fe40/5fcebdb5-e5f9-4481-9d45-4758da0fb9d7/_result.png
[2025-06-24T11:34:30.304+0900] {python.py:240} INFO - Done. Returned value was: {'file_id': 'daf597ae-ab8d-4a71-bcd0-589ce1c0fe40', 'file_path': '/opt/***/data/class/a_class/classify/ready/false/copied_81_2063116803.png', 'false': {'process_id': '_5fcebdb5-e5f9-4481-9d45-4758da0fb9d7_pre', 'folder_path': 'daf597ae-ab8d-4a71-bcd0-589ce1c0fe40/5fcebdb5-e5f9-4481-9d45-4758da0fb9d7', 'step_list': [{'name': 'cache', 'param': {'key': 'origin'}}, {'name': 'calc_angle_set2', 'param': {'key': 'angle1', 'iterations': 4, 'iter_save': True}}, {'name': 'save', 'param': {'key': 'ag1'}}, {'name': 'text_orientation_set', 'param': {'key': 'angle2', 'iterations': 4, 'iter_save': True}}, {'name': 'save', 'param': {'key': 'ag2'}}, {'name': 'load', 'param': {'key': 'origin'}}, {'name': 'rotate', 'param': {'key': 'angle1'}}, {'name': 'rotate', 'param': {'key': 'angle2'}}], 'result_file_map': {'ag1': '/opt/***/data/temp/daf597ae-ab8d-4a71-bcd0-589ce1c0fe40/5fcebdb5-e5f9-4481-9d45-4758da0fb9d7/ag1.png', 'rotate2_1': '/opt/***/data/temp/daf597ae-ab8d-4a71-bcd0-589ce1c0fe40/5fcebdb5-e5f9-4481-9d45-4758da0fb9d7/rotate2_1.png', 'rotate2_2': '/opt/***/data/temp/daf597ae-ab8d-4a71-bcd0-589ce1c0fe40/5fcebdb5-e5f9-4481-9d45-4758da0fb9d7/rotate2_2.png', 'ag2': '/opt/***/data/temp/daf597ae-ab8d-4a71-bcd0-589ce1c0fe40/5fcebdb5-e5f9-4481-9d45-4758da0fb9d7/ag2.png', '_result': '/opt/***/data/temp/daf597ae-ab8d-4a71-bcd0-589ce1c0fe40/5fcebdb5-e5f9-4481-9d45-4758da0fb9d7/_result.png'}}}
[2025-06-24T11:34:30.436+0900] {taskinstance.py:341} INFO - ::group::Post task execution logs
[2025-06-24T11:34:30.438+0900] {taskinstance.py:353} INFO - Marking task as SUCCESS. dag_id=lilt_document_classifier_balanced_V0.1, task_id=img_preprocess_task__1, run_id=manual__2025-06-24T02:31:44.485922+00:00, map_index=9, execution_date=20250624T023144, start_date=20250624T023339, end_date=20250624T023430
[2025-06-24T11:34:30.612+0900] {local_task_job_runner.py:266} INFO - Task exited with return code 0
[2025-06-24T11:34:30.645+0900] {taskinstance.py:3901} INFO - 0 downstream tasks scheduled from follow-on schedule check
[2025-06-24T11:34:30.656+0900] {local_task_job_runner.py:245} INFO - ::endgroup::
