[2025-06-25T18:34:57.966+0900] {local_task_job_runner.py:123} INFO - ::group::Pre task execution logs
[2025-06-25T18:34:58.023+0900] {taskinstance.py:2614} INFO - Dependencies all met for dep_context=non-requeueable deps ti=<TaskInstance: lilt_document_classifier_balanced_V0.1.img_preprocess_task__1 manual__2025-06-25T09:28:52.715795+00:00 map_index=25 [queued]>
[2025-06-25T18:34:58.085+0900] {taskinstance.py:2614} INFO - Dependencies all met for dep_context=requeueable deps ti=<TaskInstance: lilt_document_classifier_balanced_V0.1.img_preprocess_task__1 manual__2025-06-25T09:28:52.715795+00:00 map_index=25 [queued]>
[2025-06-25T18:34:58.087+0900] {taskinstance.py:2867} INFO - Starting attempt 1 of 1
[2025-06-25T18:34:58.131+0900] {taskinstance.py:2890} INFO - Executing <Mapped(_PythonDecoratedOperator): img_preprocess_task__1> on 2025-06-25 09:28:52.715795+00:00
[2025-06-25T18:34:58.239+0900] {warnings.py:112} WARNING - /home/***/.local/lib/python3.12/site-packages/***/task/task_runner/standard_task_runner.py:70: DeprecationWarning: This process (pid=1813) is multi-threaded, use of fork() may lead to deadlocks in the child.
  pid = os.fork()

[2025-06-25T18:34:58.258+0900] {standard_task_runner.py:72} INFO - Started process 1930 to run task
[2025-06-25T18:34:58.244+0900] {standard_task_runner.py:104} INFO - Running: ['***', 'tasks', 'run', 'lilt_document_classifier_balanced_V0.1', 'img_preprocess_task__1', 'manual__2025-06-25T09:28:52.715795+00:00', '--job-id', '5384', '--raw', '--subdir', 'DAGS_FOLDER/class_create_dag.py', '--cfg-path', '/tmp/tmpovdb5xs4', '--map-index', '25']
[2025-06-25T18:34:58.299+0900] {standard_task_runner.py:105} INFO - Job 5384: Subtask img_preprocess_task__1
[2025-06-25T18:34:58.435+0900] {task_command.py:467} INFO - Running <TaskInstance: lilt_document_classifier_balanced_V0.1.img_preprocess_task__1 manual__2025-06-25T09:28:52.715795+00:00 map_index=25 [running]> on host f6d4228a9eb8
[2025-06-25T18:34:58.646+0900] {taskinstance.py:3134} INFO - Exporting env vars: AIRFLOW_CTX_DAG_OWNER='***' AIRFLOW_CTX_DAG_ID='lilt_document_classifier_balanced_V0.1' AIRFLOW_CTX_TASK_ID='img_preprocess_task__1' AIRFLOW_CTX_EXECUTION_DATE='2025-06-25T09:28:52.715795+00:00' AIRFLOW_CTX_TRY_NUMBER='1' AIRFLOW_CTX_DAG_RUN_ID='manual__2025-06-25T09:28:52.715795+00:00'
[2025-06-25T18:34:58.656+0900] {taskinstance.py:732} INFO - ::endgroup::
[2025-06-25T18:34:58.670+0900] {logging_mixin.py:190} INFO - empty map check {} {}
[2025-06-25T18:34:58.691+0900] {logging_mixin.py:190} INFO - step : cache
[2025-06-25T18:34:58.693+0900] {logging_mixin.py:190} INFO - step : calc_angle_set2
[2025-06-25T18:34:59.966+0900] {logging_mixin.py:190} INFO - osd 1 0.0 0.0 5 12869 [0, 0, 0, 0, 0, 12869, 7, 0, 0, 0, 0]
[2025-06-25T18:35:01.229+0900] {logging_mixin.py:190} INFO - osd 2 0.0 0.0 5 12869 [0, 0, 0, 0, 0, 12869, 7, 0, 0, 0, 0]
[2025-06-25T18:35:01.292+0900] {logging_mixin.py:190} INFO - step : calc_angle_set2
[2025-06-25T18:35:02.829+0900] {logging_mixin.py:190} INFO - osd 1 0.0 0.0 8 12869 [0, 1, 15, 39, 911, 2193, 3467, 5970, 12869, 5911, 3340, 2049, 853, 39, 25, 18, 7]
[2025-06-25T18:35:04.375+0900] {logging_mixin.py:190} INFO - osd 2 0.0 0.0 8 12869 [0, 1, 15, 39, 911, 2193, 3467, 5970, 12869, 5911, 3340, 2049, 853, 39, 25, 18, 7]
[2025-06-25T18:35:04.390+0900] {logging_mixin.py:190} INFO - step : calc_angle_set2
[2025-06-25T18:35:05.532+0900] {logging_mixin.py:190} INFO - osd 1 0.0 0.0 8 12869 [5970, 6741, 7462, 8432, 9109, 10035, 10801, 11749, 12869, 11419, 10747, 9939, 9052, 8247, 7355, 6566, 5911]
[2025-06-25T18:35:06.941+0900] {logging_mixin.py:190} INFO - osd 2 0.0 0.0 8 12869 [5970, 6741, 7462, 8432, 9109, 10035, 10801, 11749, 12869, 11419, 10747, 9939, 9052, 8247, 7355, 6566, 5911]
[2025-06-25T18:35:06.949+0900] {logging_mixin.py:190} INFO - step : text_orientation_set
[2025-06-25T18:35:16.537+0900] {logging_mixin.py:190} INFO - osd 1 180 180 2.97 Japanese 0.06
[2025-06-25T18:35:23.229+0900] {logging_mixin.py:190} INFO - osd 2 break  180 0 3.3 Japanese 0.31
[2025-06-25T18:35:23.360+0900] {logging_mixin.py:190} INFO - file_copy: /opt/***/data/temp/e770e218-0d3f-4d94-838b-4987c4f485a5/9e94c4e9-fc4e-4045-8001-f9b964511a88/_result.png
[2025-06-25T18:35:23.378+0900] {python.py:240} INFO - Done. Returned value was: {'file_id': 'e770e218-0d3f-4d94-838b-4987c4f485a5', 'file_path': '/opt/***/data/class/a_class/classify/ready/false/copied_58_506839819+-9823.png', 'false': {'process_id': '_9e94c4e9-fc4e-4045-8001-f9b964511a88_pre', 'folder_path': 'e770e218-0d3f-4d94-838b-4987c4f485a5/9e94c4e9-fc4e-4045-8001-f9b964511a88', 'step_list': [{'name': 'cache', 'param': {'cache_key': 'origin'}}, {'name': 'calc_angle_set2', 'param': {'angle_key': 'angle2_1', 'delta': 8.0, 'limit': 40, 'iterations': 2, 'iter_save': False}}, {'name': 'calc_angle_set2', 'param': {'angle_key': 'angle2_2', 'delta': 1.0, 'limit': 8, 'iterations': 2, 'iter_save': False}}, {'name': 'calc_angle_set2', 'param': {'angle_key': 'angle2_3', 'delta': 0.125, 'limit': 1, 'iterations': 2, 'iter_save': False}}, {'name': 'text_orientation_set', 'param': {'angle_key': 'orint', 'iterations': 3, 'iter_save': False}}], 'result_file_map': {'_result': '/opt/***/data/temp/e770e218-0d3f-4d94-838b-4987c4f485a5/9e94c4e9-fc4e-4045-8001-f9b964511a88/_result.png'}}}
[2025-06-25T18:35:23.446+0900] {taskinstance.py:341} INFO - ::group::Post task execution logs
[2025-06-25T18:35:23.447+0900] {taskinstance.py:353} INFO - Marking task as SUCCESS. dag_id=lilt_document_classifier_balanced_V0.1, task_id=img_preprocess_task__1, run_id=manual__2025-06-25T09:28:52.715795+00:00, map_index=25, execution_date=20250625T092852, start_date=20250625T093458, end_date=20250625T093523
[2025-06-25T18:35:23.720+0900] {local_task_job_runner.py:266} INFO - Task exited with return code 0
[2025-06-25T18:35:23.757+0900] {taskinstance.py:3901} INFO - 0 downstream tasks scheduled from follow-on schedule check
[2025-06-25T18:35:23.768+0900] {local_task_job_runner.py:245} INFO - ::endgroup::
