[2025-05-26T07:42:39.772+0000] {local_task_job_runner.py:123} INFO - ::group::Pre task execution logs
[2025-05-26T07:42:40.581+0000] {taskinstance.py:2614} INFO - Dependencies all met for dep_context=non-requeueable deps ti=<TaskInstance: image_processing_per_file_v2.grayscale_task manual__2024-01-01T00:00:00+00:00 map_index=13 [queued]>
[2025-05-26T07:42:40.662+0000] {taskinstance.py:2614} INFO - Dependencies all met for dep_context=requeueable deps ti=<TaskInstance: image_processing_per_file_v2.grayscale_task manual__2024-01-01T00:00:00+00:00 map_index=13 [queued]>
[2025-05-26T07:42:40.663+0000] {taskinstance.py:2867} INFO - Starting attempt 1 of 1
[2025-05-26T07:42:40.725+0000] {taskinstance.py:2890} INFO - Executing <Mapped(_PythonDecoratedOperator): grayscale_task> on 2024-01-01 00:00:00+00:00
[2025-05-26T07:42:40.749+0000] {warnings.py:112} WARNING - /home/***/.local/lib/python3.12/site-packages/***/task/task_runner/standard_task_runner.py:70: DeprecationWarning: This process (pid=2624) is multi-threaded, use of fork() may lead to deadlocks in the child.
  pid = os.fork()

[2025-05-26T07:42:40.765+0000] {standard_task_runner.py:72} INFO - Started process 2665 to run task
[2025-05-26T07:42:40.773+0000] {standard_task_runner.py:104} INFO - Running: ['***', 'tasks', 'run', 'image_processing_per_file_v2', 'grayscale_task', 'manual__2024-01-01T00:00:00+00:00', '--job-id', '263', '--raw', '--subdir', 'DAGS_FOLDER/test_dag.py', '--cfg-path', '/tmp/tmpwhlkozs_', '--map-index', '13']
[2025-05-26T07:42:40.791+0000] {standard_task_runner.py:105} INFO - Job 263: Subtask grayscale_task
[2025-05-26T07:42:41.057+0000] {task_command.py:467} INFO - Running <TaskInstance: image_processing_per_file_v2.grayscale_task manual__2024-01-01T00:00:00+00:00 map_index=13 [running]> on host b0d7fbab896a
[2025-05-26T07:42:41.563+0000] {taskinstance.py:3134} INFO - Exporting env vars: AIRFLOW_CTX_DAG_OWNER='***' AIRFLOW_CTX_DAG_ID='image_processing_per_file_v2' AIRFLOW_CTX_TASK_ID='grayscale_task' AIRFLOW_CTX_EXECUTION_DATE='2024-01-01T00:00:00+00:00' AIRFLOW_CTX_TRY_NUMBER='1' AIRFLOW_CTX_DAG_RUN_ID='manual__2024-01-01T00:00:00+00:00'
[2025-05-26T07:42:41.566+0000] {logging_mixin.py:190} INFO - Task instance is in running state
[2025-05-26T07:42:41.577+0000] {logging_mixin.py:190} INFO -  Previous state of the Task instance: queued
[2025-05-26T07:42:41.583+0000] {logging_mixin.py:190} INFO - Current task name:grayscale_task state:running start_date:2025-05-26 07:42:40.584567+00:00
[2025-05-26T07:42:41.585+0000] {logging_mixin.py:190} INFO - Dag name:image_processing_per_file_v2 and current dag run status:running
[2025-05-26T07:42:41.596+0000] {taskinstance.py:732} INFO - ::endgroup::
[2025-05-26T07:42:41.600+0000] {logging_mixin.py:190} INFO - ----------file_path /opt/***/data/upload/test/스크린샷 2025-05-23 135629 - 복사본 - 복사본.png
[2025-05-26T07:42:42.750+0000] {logging_mixin.py:190} INFO - gray: /opt/***/data/temp/스크린샷 2025-05-23 135629 - 복사본 - 복사본.png
[2025-05-26T07:42:42.751+0000] {python.py:240} INFO - Done. Returned value was: /opt/***/data/temp/스크린샷 2025-05-23 135629 - 복사본 - 복사본.png
[2025-05-26T07:42:42.801+0000] {taskinstance.py:341} INFO - ::group::Post task execution logs
[2025-05-26T07:42:42.804+0000] {taskinstance.py:353} INFO - Marking task as SUCCESS. dag_id=image_processing_per_file_v2, task_id=grayscale_task, run_id=manual__2024-01-01T00:00:00+00:00, map_index=13, execution_date=20240101T000000, start_date=20250526T074240, end_date=20250526T074242
[2025-05-26T07:42:42.897+0000] {logging_mixin.py:190} INFO - Task instance in success state
[2025-05-26T07:42:42.902+0000] {logging_mixin.py:190} INFO -  Previous state of the Task instance: running
[2025-05-26T07:42:42.905+0000] {logging_mixin.py:190} INFO - Dag name:image_processing_per_file_v2 queued_at:None
[2025-05-26T07:42:42.905+0000] {logging_mixin.py:190} INFO - Task hostname:b0d7fbab896a operator:_PythonDecoratedOperator
[2025-05-26T07:42:42.957+0000] {local_task_job_runner.py:266} INFO - Task exited with return code 0
[2025-05-26T07:42:42.988+0000] {local_task_job_runner.py:245} INFO - ::endgroup::
