[2025-06-16T17:23:04.720+0900] {local_task_job_runner.py:123} INFO - ::group::Pre task execution logs
[2025-06-16T17:23:04.742+0900] {taskinstance.py:2614} INFO - Dependencies all met for dep_context=non-requeueable deps ti=<TaskInstance: image_ocr_v2.img_preprocess_task manual__2025-06-16T08:22:57.952437+00:00 map_index=1 [queued]>
[2025-06-16T17:23:04.755+0900] {taskinstance.py:2614} INFO - Dependencies all met for dep_context=requeueable deps ti=<TaskInstance: image_ocr_v2.img_preprocess_task manual__2025-06-16T08:22:57.952437+00:00 map_index=1 [queued]>
[2025-06-16T17:23:04.756+0900] {taskinstance.py:2867} INFO - Starting attempt 1 of 1
[2025-06-16T17:23:04.771+0900] {taskinstance.py:2890} INFO - Executing <Mapped(_PythonDecoratedOperator): img_preprocess_task> on 2025-06-16 08:22:57.952437+00:00
[2025-06-16T17:23:04.778+0900] {warnings.py:112} WARNING - /home/***/.local/lib/python3.12/site-packages/***/task/task_runner/standard_task_runner.py:70: DeprecationWarning: This process (pid=11354) is multi-threaded, use of fork() may lead to deadlocks in the child.
  pid = os.fork()

[2025-06-16T17:23:04.781+0900] {standard_task_runner.py:72} INFO - Started process 11362 to run task
[2025-06-16T17:23:04.780+0900] {standard_task_runner.py:104} INFO - Running: ['***', 'tasks', 'run', 'image_ocr_v2', 'img_preprocess_task', 'manual__2025-06-16T08:22:57.952437+00:00', '--job-id', '621', '--raw', '--subdir', 'DAGS_FOLDER/test_dag.py', '--cfg-path', '/tmp/tmp8r76wpxq', '--map-index', '1']
[2025-06-16T17:23:04.783+0900] {standard_task_runner.py:105} INFO - Job 621: Subtask img_preprocess_task
[2025-06-16T17:23:04.827+0900] {task_command.py:467} INFO - Running <TaskInstance: image_ocr_v2.img_preprocess_task manual__2025-06-16T08:22:57.952437+00:00 map_index=1 [running]> on host f6d4228a9eb8
[2025-06-16T17:23:04.914+0900] {taskinstance.py:3134} INFO - Exporting env vars: AIRFLOW_CTX_DAG_OWNER='***' AIRFLOW_CTX_DAG_ID='image_ocr_v2' AIRFLOW_CTX_TASK_ID='img_preprocess_task' AIRFLOW_CTX_EXECUTION_DATE='2025-06-16T08:22:57.952437+00:00' AIRFLOW_CTX_TRY_NUMBER='1' AIRFLOW_CTX_DAG_RUN_ID='manual__2025-06-16T08:22:57.952437+00:00'
[2025-06-16T17:23:04.916+0900] {taskinstance.py:732} INFO - ::endgroup::
[2025-06-16T17:23:04.919+0900] {logging_mixin.py:190} INFO - empty map check {} {'process_id': '_61dcec8b-85aa-46f9-b570-5235f72eb9d5_pre', 'folder_path': '7d170a53-d5cd-42da-bb4b-42a2af4e5a42/61dcec8b-85aa-46f9-b570-5235f72eb9d5', 'step_list': [{'name': 'cache', 'param': {'key': 'origin'}}, {'name': 'calc_angle_set3', 'param': {'key': 'angle1', 'iterations': 3, 'iter_save': True}}, {'name': 'calc_angle_set2', 'param': {'key': 'angle2', 'iterations': 1, 'iter_save': True}}, {'name': 'threshold', 'param': {}}, {'name': 'save', 'param': {'key': 'classify_preprocess'}}], 'result_file_list': []}
[2025-06-16T17:23:04.919+0900] {logging_mixin.py:190} INFO - step : cache
[2025-06-16T17:23:04.919+0900] {logging_mixin.py:190} INFO - step : calc_angle_set3
[2025-06-16T17:23:04.987+0900] {logging_mixin.py:190} INFO - file_copy: /opt/***/data/temp/7d170a53-d5cd-42da-bb4b-42a2af4e5a42/61dcec8b-85aa-46f9-b570-5235f72eb9d5/rotate31_1.png
[2025-06-16T17:23:05.051+0900] {logging_mixin.py:190} INFO - file_copy: /opt/***/data/temp/7d170a53-d5cd-42da-bb4b-42a2af4e5a42/61dcec8b-85aa-46f9-b570-5235f72eb9d5/rotate32_1.png
[2025-06-16T17:23:05.110+0900] {logging_mixin.py:190} INFO - file_copy: /opt/***/data/temp/7d170a53-d5cd-42da-bb4b-42a2af4e5a42/61dcec8b-85aa-46f9-b570-5235f72eb9d5/rotate33_1.png
[2025-06-16T17:23:05.219+0900] {logging_mixin.py:190} INFO - osd 1 0 0 [-90, -90, -90, -90, -90, -90, -90, -90, -90, -90, -90, -90, -90, -90, -90, -90, -90, -90, -90, -90, -90, -90, -90, -90, -90, -90, -90, -90, -90, -90, -90, -90, -90, -90, -90, -90, -90, -90, -90, -90, -90, -90, -90, -90, -90, -90, -90, -90, -90, -90, -90, -90, -90, -90, -90, -90, -90]
[2025-06-16T17:23:05.221+0900] {logging_mixin.py:190} INFO - step : calc_angle_set2
[2025-06-16T17:23:11.853+0900] {logging_mixin.py:190} INFO - file_copy: /opt/***/data/temp/7d170a53-d5cd-42da-bb4b-42a2af4e5a42/61dcec8b-85aa-46f9-b570-5235f72eb9d5/rotate2_1.png
[2025-06-16T17:23:13.345+0900] {logging_mixin.py:190} INFO - osd 1 270 270 5.35 Latin 1.73
[2025-06-16T17:23:13.423+0900] {logging_mixin.py:190} INFO - step : threshold
[2025-06-16T17:23:13.426+0900] {logging_mixin.py:190} INFO - step : save
[2025-06-16T17:23:13.523+0900] {logging_mixin.py:190} INFO - file_copy: /opt/***/data/temp/7d170a53-d5cd-42da-bb4b-42a2af4e5a42/61dcec8b-85aa-46f9-b570-5235f72eb9d5/classify_preprocess.png
[2025-06-16T17:23:13.543+0900] {python.py:240} INFO - Done. Returned value was: {'file_id': '7d170a53-d5cd-42da-bb4b-42a2af4e5a42', 'file_path': '/opt/***/data/upload/Gas Engine 점검일지_ 2021년 2월.pdf-image-007.jpg', 'result': {'process_id': '_61dcec8b-85aa-46f9-b570-5235f72eb9d5_pre', 'folder_path': '7d170a53-d5cd-42da-bb4b-42a2af4e5a42/61dcec8b-85aa-46f9-b570-5235f72eb9d5', 'step_list': [{'name': 'cache', 'param': {'key': 'origin'}}, {'name': 'calc_angle_set3', 'param': {'key': 'angle1', 'iterations': 3, 'iter_save': True}}, {'name': 'calc_angle_set2', 'param': {'key': 'angle2', 'iterations': 1, 'iter_save': True}}, {'name': 'threshold', 'param': {}}, {'name': 'save', 'param': {'key': 'classify_preprocess'}}], 'result_file_list': [{'key': 'rotate31_1', 'path': '/opt/***/data/temp/7d170a53-d5cd-42da-bb4b-42a2af4e5a42/61dcec8b-85aa-46f9-b570-5235f72eb9d5/rotate31_1.png'}, {'key': 'rotate32_1', 'path': '/opt/***/data/temp/7d170a53-d5cd-42da-bb4b-42a2af4e5a42/61dcec8b-85aa-46f9-b570-5235f72eb9d5/rotate32_1.png'}, {'key': 'rotate33_1', 'path': '/opt/***/data/temp/7d170a53-d5cd-42da-bb4b-42a2af4e5a42/61dcec8b-85aa-46f9-b570-5235f72eb9d5/rotate33_1.png'}, {'key': 'rotate2_1', 'path': '/opt/***/data/temp/7d170a53-d5cd-42da-bb4b-42a2af4e5a42/61dcec8b-85aa-46f9-b570-5235f72eb9d5/rotate2_1.png'}, {'key': 'classify_preprocess', 'path': '/opt/***/data/temp/7d170a53-d5cd-42da-bb4b-42a2af4e5a42/61dcec8b-85aa-46f9-b570-5235f72eb9d5/classify_preprocess.png'}]}}
[2025-06-16T17:23:13.592+0900] {taskinstance.py:341} INFO - ::group::Post task execution logs
[2025-06-16T17:23:13.593+0900] {taskinstance.py:353} INFO - Marking task as SUCCESS. dag_id=image_ocr_v2, task_id=img_preprocess_task, run_id=manual__2025-06-16T08:22:57.952437+00:00, map_index=1, execution_date=20250616T082257, start_date=20250616T082304, end_date=20250616T082313
[2025-06-16T17:23:13.631+0900] {local_task_job_runner.py:266} INFO - Task exited with return code 0
[2025-06-16T17:23:13.653+0900] {taskinstance.py:3901} INFO - 0 downstream tasks scheduled from follow-on schedule check
[2025-06-16T17:23:13.655+0900] {local_task_job_runner.py:245} INFO - ::endgroup::
