[2025-06-16T13:02:04.138+0900] {local_task_job_runner.py:123} INFO - ::group::Pre task execution logs
[2025-06-16T13:02:04.228+0900] {taskinstance.py:2614} INFO - Dependencies all met for dep_context=non-requeueable deps ti=<TaskInstance: image_ocr_v2.copy_results_folder_task manual__2025-06-16T04:01:31.597523+00:00 [queued]>
[2025-06-16T13:02:04.267+0900] {taskinstance.py:2614} INFO - Dependencies all met for dep_context=requeueable deps ti=<TaskInstance: image_ocr_v2.copy_results_folder_task manual__2025-06-16T04:01:31.597523+00:00 [queued]>
[2025-06-16T13:02:04.269+0900] {taskinstance.py:2867} INFO - Starting attempt 1 of 1
[2025-06-16T13:02:04.323+0900] {taskinstance.py:2890} INFO - Executing <Task(_PythonDecoratedOperator): copy_results_folder_task> on 2025-06-16 04:01:31.597523+00:00
[2025-06-16T13:02:04.344+0900] {warnings.py:112} WARNING - /home/***/.local/lib/python3.12/site-packages/***/task/task_runner/standard_task_runner.py:70: DeprecationWarning: This process (pid=1692) is multi-threaded, use of fork() may lead to deadlocks in the child.
  pid = os.fork()

[2025-06-16T13:02:04.350+0900] {standard_task_runner.py:72} INFO - Started process 1694 to run task
[2025-06-16T13:02:04.352+0900] {standard_task_runner.py:104} INFO - Running: ['***', 'tasks', 'run', 'image_ocr_v2', 'copy_results_folder_task', 'manual__2025-06-16T04:01:31.597523+00:00', '--job-id', '85', '--raw', '--subdir', 'DAGS_FOLDER/test_dag.py', '--cfg-path', '/tmp/tmp5hiao4ru']
[2025-06-16T13:02:04.361+0900] {standard_task_runner.py:105} INFO - Job 85: Subtask copy_results_folder_task
[2025-06-16T13:02:04.536+0900] {task_command.py:467} INFO - Running <TaskInstance: image_ocr_v2.copy_results_folder_task manual__2025-06-16T04:01:31.597523+00:00 [running]> on host f6d4228a9eb8
[2025-06-16T13:02:04.899+0900] {taskinstance.py:3134} INFO - Exporting env vars: AIRFLOW_CTX_DAG_OWNER='***' AIRFLOW_CTX_DAG_ID='image_ocr_v2' AIRFLOW_CTX_TASK_ID='copy_results_folder_task' AIRFLOW_CTX_EXECUTION_DATE='2025-06-16T04:01:31.597523+00:00' AIRFLOW_CTX_TRY_NUMBER='1' AIRFLOW_CTX_DAG_RUN_ID='manual__2025-06-16T04:01:31.597523+00:00'
[2025-06-16T13:02:04.903+0900] {taskinstance.py:732} INFO - ::endgroup::
[2025-06-16T13:02:04.997+0900] {logging_mixin.py:190} INFO - 복사 완료: /opt/***/data/temp/8965b705-ab53-470a-a284-9e324b4149ae/0e7417ae-d6f0-4a58-b3f3-8cadaa71c76c/rotate1.png → /opt/***/data/upload/_0e7417ae-d6f0-4a58-b3f3-8cadaa71c76c_pre_rotate1.png
[2025-06-16T13:02:05.013+0900] {logging_mixin.py:190} INFO - 복사 완료: /opt/***/data/temp/8965b705-ab53-470a-a284-9e324b4149ae/0e7417ae-d6f0-4a58-b3f3-8cadaa71c76c/rotate2_1.png → /opt/***/data/upload/_0e7417ae-d6f0-4a58-b3f3-8cadaa71c76c_pre_rotate2_1.png
[2025-06-16T13:02:05.026+0900] {logging_mixin.py:190} INFO - 복사 완료: /opt/***/data/temp/8965b705-ab53-470a-a284-9e324b4149ae/0e7417ae-d6f0-4a58-b3f3-8cadaa71c76c/rotate2_2.png → /opt/***/data/upload/_0e7417ae-d6f0-4a58-b3f3-8cadaa71c76c_pre_rotate2_2.png
[2025-06-16T13:02:05.042+0900] {logging_mixin.py:190} INFO - 복사 완료: /opt/***/data/temp/8965b705-ab53-470a-a284-9e324b4149ae/0e7417ae-d6f0-4a58-b3f3-8cadaa71c76c/rotate2_3.png → /opt/***/data/upload/_0e7417ae-d6f0-4a58-b3f3-8cadaa71c76c_pre_rotate2_3.png
[2025-06-16T13:02:05.076+0900] {logging_mixin.py:190} INFO - 복사 완료: /opt/***/data/temp/8965b705-ab53-470a-a284-9e324b4149ae/0e7417ae-d6f0-4a58-b3f3-8cadaa71c76c/rotate2.png → /opt/***/data/upload/_0e7417ae-d6f0-4a58-b3f3-8cadaa71c76c_pre_rotate2.png
[2025-06-16T13:02:05.086+0900] {logging_mixin.py:190} INFO - 복사 완료: /opt/***/data/temp/8965b705-ab53-470a-a284-9e324b4149ae/0e7417ae-d6f0-4a58-b3f3-8cadaa71c76c/classify_preprocess.png → /opt/***/data/upload/_0e7417ae-d6f0-4a58-b3f3-8cadaa71c76c_pre_classify_preprocess.png
[2025-06-16T13:02:05.135+0900] {logging_mixin.py:190} INFO - 복사 완료: /opt/***/data/temp/add70110-9c61-4ee7-b34d-981154386987/a69115e3-8d7f-401b-a374-6b93c68b1f7e/rotate1.png → /opt/***/data/upload/_a69115e3-8d7f-401b-a374-6b93c68b1f7e_pre_rotate1.png
[2025-06-16T13:02:05.145+0900] {logging_mixin.py:190} INFO - 복사 완료: /opt/***/data/temp/add70110-9c61-4ee7-b34d-981154386987/a69115e3-8d7f-401b-a374-6b93c68b1f7e/rotate2_1.png → /opt/***/data/upload/_a69115e3-8d7f-401b-a374-6b93c68b1f7e_pre_rotate2_1.png
[2025-06-16T13:02:05.157+0900] {logging_mixin.py:190} INFO - 복사 완료: /opt/***/data/temp/add70110-9c61-4ee7-b34d-981154386987/a69115e3-8d7f-401b-a374-6b93c68b1f7e/rotate2_2.png → /opt/***/data/upload/_a69115e3-8d7f-401b-a374-6b93c68b1f7e_pre_rotate2_2.png
[2025-06-16T13:02:05.169+0900] {logging_mixin.py:190} INFO - 복사 완료: /opt/***/data/temp/add70110-9c61-4ee7-b34d-981154386987/a69115e3-8d7f-401b-a374-6b93c68b1f7e/rotate2_3.png → /opt/***/data/upload/_a69115e3-8d7f-401b-a374-6b93c68b1f7e_pre_rotate2_3.png
[2025-06-16T13:02:05.191+0900] {logging_mixin.py:190} INFO - 복사 완료: /opt/***/data/temp/add70110-9c61-4ee7-b34d-981154386987/a69115e3-8d7f-401b-a374-6b93c68b1f7e/rotate2.png → /opt/***/data/upload/_a69115e3-8d7f-401b-a374-6b93c68b1f7e_pre_rotate2.png
[2025-06-16T13:02:05.194+0900] {logging_mixin.py:190} INFO - 복사 완료: /opt/***/data/temp/add70110-9c61-4ee7-b34d-981154386987/a69115e3-8d7f-401b-a374-6b93c68b1f7e/classify_preprocess.png → /opt/***/data/upload/_a69115e3-8d7f-401b-a374-6b93c68b1f7e_pre_classify_preprocess.png
[2025-06-16T13:02:05.207+0900] {logging_mixin.py:190} INFO - 복사 완료: /opt/***/data/temp/fcf70655-4539-4cda-9e6f-3eddd058ec6f/c672d8fa-4bc1-4db2-b530-0a1c4aae17c1/rotate1.png → /opt/***/data/upload/_c672d8fa-4bc1-4db2-b530-0a1c4aae17c1_pre_rotate1.png
[2025-06-16T13:02:05.211+0900] {logging_mixin.py:190} INFO - 복사 완료: /opt/***/data/temp/fcf70655-4539-4cda-9e6f-3eddd058ec6f/c672d8fa-4bc1-4db2-b530-0a1c4aae17c1/rotate2_1.png → /opt/***/data/upload/_c672d8fa-4bc1-4db2-b530-0a1c4aae17c1_pre_rotate2_1.png
[2025-06-16T13:02:05.213+0900] {logging_mixin.py:190} INFO - 복사 완료: /opt/***/data/temp/fcf70655-4539-4cda-9e6f-3eddd058ec6f/c672d8fa-4bc1-4db2-b530-0a1c4aae17c1/rotate2_2.png → /opt/***/data/upload/_c672d8fa-4bc1-4db2-b530-0a1c4aae17c1_pre_rotate2_2.png
[2025-06-16T13:02:05.216+0900] {logging_mixin.py:190} INFO - 복사 완료: /opt/***/data/temp/fcf70655-4539-4cda-9e6f-3eddd058ec6f/c672d8fa-4bc1-4db2-b530-0a1c4aae17c1/rotate2_3.png → /opt/***/data/upload/_c672d8fa-4bc1-4db2-b530-0a1c4aae17c1_pre_rotate2_3.png
[2025-06-16T13:02:05.225+0900] {logging_mixin.py:190} INFO - 복사 완료: /opt/***/data/temp/fcf70655-4539-4cda-9e6f-3eddd058ec6f/c672d8fa-4bc1-4db2-b530-0a1c4aae17c1/rotate2.png → /opt/***/data/upload/_c672d8fa-4bc1-4db2-b530-0a1c4aae17c1_pre_rotate2.png
[2025-06-16T13:02:05.227+0900] {logging_mixin.py:190} INFO - 복사 완료: /opt/***/data/temp/fcf70655-4539-4cda-9e6f-3eddd058ec6f/c672d8fa-4bc1-4db2-b530-0a1c4aae17c1/classify_preprocess.png → /opt/***/data/upload/_c672d8fa-4bc1-4db2-b530-0a1c4aae17c1_pre_classify_preprocess.png
[2025-06-16T13:02:05.237+0900] {logging_mixin.py:190} INFO - 복사 완료: /opt/***/data/temp/dd160d09-8ee9-4fbc-a8a8-2ad4510fb224/ee182cef-0c3f-4266-a4d0-0588b549446b/rotate1.png → /opt/***/data/upload/_ee182cef-0c3f-4266-a4d0-0588b549446b_pre_rotate1.png
[2025-06-16T13:02:05.241+0900] {logging_mixin.py:190} INFO - 복사 완료: /opt/***/data/temp/dd160d09-8ee9-4fbc-a8a8-2ad4510fb224/ee182cef-0c3f-4266-a4d0-0588b549446b/rotate2_1.png → /opt/***/data/upload/_ee182cef-0c3f-4266-a4d0-0588b549446b_pre_rotate2_1.png
[2025-06-16T13:02:05.243+0900] {logging_mixin.py:190} INFO - 복사 완료: /opt/***/data/temp/dd160d09-8ee9-4fbc-a8a8-2ad4510fb224/ee182cef-0c3f-4266-a4d0-0588b549446b/rotate2_2.png → /opt/***/data/upload/_ee182cef-0c3f-4266-a4d0-0588b549446b_pre_rotate2_2.png
[2025-06-16T13:02:05.245+0900] {logging_mixin.py:190} INFO - 복사 완료: /opt/***/data/temp/dd160d09-8ee9-4fbc-a8a8-2ad4510fb224/ee182cef-0c3f-4266-a4d0-0588b549446b/rotate2_3.png → /opt/***/data/upload/_ee182cef-0c3f-4266-a4d0-0588b549446b_pre_rotate2_3.png
[2025-06-16T13:02:05.251+0900] {logging_mixin.py:190} INFO - 복사 완료: /opt/***/data/temp/dd160d09-8ee9-4fbc-a8a8-2ad4510fb224/ee182cef-0c3f-4266-a4d0-0588b549446b/rotate2.png → /opt/***/data/upload/_ee182cef-0c3f-4266-a4d0-0588b549446b_pre_rotate2.png
[2025-06-16T13:02:05.253+0900] {logging_mixin.py:190} INFO - 복사 완료: /opt/***/data/temp/dd160d09-8ee9-4fbc-a8a8-2ad4510fb224/ee182cef-0c3f-4266-a4d0-0588b549446b/classify_preprocess.png → /opt/***/data/upload/_ee182cef-0c3f-4266-a4d0-0588b549446b_pre_classify_preprocess.png
[2025-06-16T13:02:05.264+0900] {logging_mixin.py:190} INFO - 복사 완료: /opt/***/data/temp/74925df4-be3c-4f24-8670-f13a6ab26823/33a953c8-fc8a-4e3a-9cfa-2d57601326c8/rotate1.png → /opt/***/data/upload/_33a953c8-fc8a-4e3a-9cfa-2d57601326c8_pre_rotate1.png
[2025-06-16T13:02:05.265+0900] {logging_mixin.py:190} INFO - 복사 완료: /opt/***/data/temp/74925df4-be3c-4f24-8670-f13a6ab26823/33a953c8-fc8a-4e3a-9cfa-2d57601326c8/rotate2_1.png → /opt/***/data/upload/_33a953c8-fc8a-4e3a-9cfa-2d57601326c8_pre_rotate2_1.png
[2025-06-16T13:02:05.267+0900] {logging_mixin.py:190} INFO - 복사 완료: /opt/***/data/temp/74925df4-be3c-4f24-8670-f13a6ab26823/33a953c8-fc8a-4e3a-9cfa-2d57601326c8/rotate2_2.png → /opt/***/data/upload/_33a953c8-fc8a-4e3a-9cfa-2d57601326c8_pre_rotate2_2.png
[2025-06-16T13:02:05.268+0900] {logging_mixin.py:190} INFO - 복사 완료: /opt/***/data/temp/74925df4-be3c-4f24-8670-f13a6ab26823/33a953c8-fc8a-4e3a-9cfa-2d57601326c8/rotate2_3.png → /opt/***/data/upload/_33a953c8-fc8a-4e3a-9cfa-2d57601326c8_pre_rotate2_3.png
[2025-06-16T13:02:05.274+0900] {logging_mixin.py:190} INFO - 복사 완료: /opt/***/data/temp/74925df4-be3c-4f24-8670-f13a6ab26823/33a953c8-fc8a-4e3a-9cfa-2d57601326c8/rotate2.png → /opt/***/data/upload/_33a953c8-fc8a-4e3a-9cfa-2d57601326c8_pre_rotate2.png
[2025-06-16T13:02:05.275+0900] {logging_mixin.py:190} INFO - 복사 완료: /opt/***/data/temp/74925df4-be3c-4f24-8670-f13a6ab26823/33a953c8-fc8a-4e3a-9cfa-2d57601326c8/classify_preprocess.png → /opt/***/data/upload/_33a953c8-fc8a-4e3a-9cfa-2d57601326c8_pre_classify_preprocess.png
[2025-06-16T13:02:05.275+0900] {logging_mixin.py:190} INFO - 총 30개의 파일이 복사되었습니다.
[2025-06-16T13:02:05.276+0900] {python.py:240} INFO - Done. Returned value was: {'total_copied': 30}
[2025-06-16T13:02:05.289+0900] {taskinstance.py:341} INFO - ::group::Post task execution logs
[2025-06-16T13:02:05.290+0900] {taskinstance.py:353} INFO - Marking task as SUCCESS. dag_id=image_ocr_v2, task_id=copy_results_folder_task, run_id=manual__2025-06-16T04:01:31.597523+00:00, execution_date=20250616T040131, start_date=20250616T040204, end_date=20250616T040205
[2025-06-16T13:02:05.321+0900] {local_task_job_runner.py:266} INFO - Task exited with return code 0
[2025-06-16T13:02:05.339+0900] {taskinstance.py:3901} INFO - 0 downstream tasks scheduled from follow-on schedule check
[2025-06-16T13:02:05.341+0900] {local_task_job_runner.py:245} INFO - ::endgroup::
