[2025-06-19T18:36:02.839+0900] {local_task_job_runner.py:123} INFO - ::group::Pre task execution logs
[2025-06-19T18:36:02.998+0900] {taskinstance.py:2614} INFO - Dependencies all met for dep_context=non-requeueable deps ti=<TaskInstance: lilt_document_classifier_balanced_V0.1.img_preprocess_task__1 manual__2025-06-19T09:32:07.760195+00:00 map_index=76 [queued]>
[2025-06-19T18:36:03.032+0900] {taskinstance.py:2614} INFO - Dependencies all met for dep_context=requeueable deps ti=<TaskInstance: lilt_document_classifier_balanced_V0.1.img_preprocess_task__1 manual__2025-06-19T09:32:07.760195+00:00 map_index=76 [queued]>
[2025-06-19T18:36:03.033+0900] {taskinstance.py:2867} INFO - Starting attempt 1 of 1
[2025-06-19T18:36:03.065+0900] {taskinstance.py:2890} INFO - Executing <Mapped(_PythonDecoratedOperator): img_preprocess_task__1> on 2025-06-19 09:32:07.760195+00:00
[2025-06-19T18:36:03.091+0900] {warnings.py:112} WARNING - /home/***/.local/lib/python3.12/site-packages/***/task/task_runner/standard_task_runner.py:70: DeprecationWarning: This process (pid=12555) is multi-threaded, use of fork() may lead to deadlocks in the child.
  pid = os.fork()

[2025-06-19T18:36:03.095+0900] {standard_task_runner.py:72} INFO - Started process 12638 to run task
[2025-06-19T18:36:03.087+0900] {standard_task_runner.py:104} INFO - Running: ['***', 'tasks', 'run', 'lilt_document_classifier_balanced_V0.1', 'img_preprocess_task__1', 'manual__2025-06-19T09:32:07.760195+00:00', '--job-id', '1848', '--raw', '--subdir', 'DAGS_FOLDER/class_create_dag.py', '--cfg-path', '/tmp/tmpi6pyvz_x', '--map-index', '76']
[2025-06-19T18:36:03.102+0900] {standard_task_runner.py:105} INFO - Job 1848: Subtask img_preprocess_task__1
[2025-06-19T18:36:03.205+0900] {task_command.py:467} INFO - Running <TaskInstance: lilt_document_classifier_balanced_V0.1.img_preprocess_task__1 manual__2025-06-19T09:32:07.760195+00:00 map_index=76 [running]> on host f6d4228a9eb8
[2025-06-19T18:36:03.507+0900] {taskinstance.py:3134} INFO - Exporting env vars: AIRFLOW_CTX_DAG_OWNER='***' AIRFLOW_CTX_DAG_ID='lilt_document_classifier_balanced_V0.1' AIRFLOW_CTX_TASK_ID='img_preprocess_task__1' AIRFLOW_CTX_EXECUTION_DATE='2025-06-19T09:32:07.760195+00:00' AIRFLOW_CTX_TRY_NUMBER='1' AIRFLOW_CTX_DAG_RUN_ID='manual__2025-06-19T09:32:07.760195+00:00'
[2025-06-19T18:36:03.519+0900] {taskinstance.py:732} INFO - ::endgroup::
[2025-06-19T18:36:03.533+0900] {logging_mixin.py:190} INFO - empty map check {} {'process_id': '_dfb0bc72-f33e-4446-9280-d809444caaad_pre', 'folder_path': '598b2e1c-8f26-44a6-9a82-be876b531ad8/dfb0bc72-f33e-4446-9280-d809444caaad', 'step_list': [{'name': 'cache', 'param': {'key': 'origin'}}, {'name': 'calc_angle_set1', 'param': {'key': 'angle1', 'iterations': 4, 'iter_save': False}}, {'name': 'text_orientation_set', 'param': {'key': 'angle2', 'iterations': 4, 'iter_save': False}}, {'name': 'load', 'param': {'key': 'origin'}}, {'name': 'rotate', 'param': {'key': 'angle1'}}, {'name': 'rotate', 'param': {'key': 'angle2'}}], 'result_file_map': {}}
[2025-06-19T18:36:03.543+0900] {logging_mixin.py:190} INFO - step : cache
[2025-06-19T18:36:03.585+0900] {logging_mixin.py:190} INFO - step : calc_angle_set1
[2025-06-19T18:36:03.744+0900] {logging_mixin.py:190} INFO - step : text_orientation_set
[2025-06-19T18:36:15.133+0900] {logging_mixin.py:190} INFO - osd 1 break  0 0 0.43 Latin 3.54
[2025-06-19T18:36:15.134+0900] {logging_mixin.py:190} INFO - step : load
[2025-06-19T18:36:15.135+0900] {logging_mixin.py:190} INFO - step : rotate
[2025-06-19T18:36:15.146+0900] {logging_mixin.py:190} INFO - step : rotate
[2025-06-19T18:36:15.217+0900] {logging_mixin.py:190} INFO - file_copy: /opt/***/data/temp/598b2e1c-8f26-44a6-9a82-be876b531ad8/dfb0bc72-f33e-4446-9280-d809444caaad/_result.png
[2025-06-19T18:36:15.225+0900] {python.py:240} INFO - Done. Returned value was: {'file_id': '598b2e1c-8f26-44a6-9a82-be876b531ad8', 'file_path': '/opt/***/data/class/a_class/classify/ready/false/copied_26_50577992-7993.png', 'false': {'process_id': '_dfb0bc72-f33e-4446-9280-d809444caaad_pre', 'folder_path': '598b2e1c-8f26-44a6-9a82-be876b531ad8/dfb0bc72-f33e-4446-9280-d809444caaad', 'step_list': [{'name': 'cache', 'param': {'key': 'origin'}}, {'name': 'calc_angle_set1', 'param': {'key': 'angle1', 'iterations': 4, 'iter_save': False}}, {'name': 'text_orientation_set', 'param': {'key': 'angle2', 'iterations': 4, 'iter_save': False}}, {'name': 'load', 'param': {'key': 'origin'}}, {'name': 'rotate', 'param': {'key': 'angle1'}}, {'name': 'rotate', 'param': {'key': 'angle2'}}], 'result_file_map': {'_result': '/opt/***/data/temp/598b2e1c-8f26-44a6-9a82-be876b531ad8/dfb0bc72-f33e-4446-9280-d809444caaad/_result.png'}}}
[2025-06-19T18:36:15.279+0900] {taskinstance.py:341} INFO - ::group::Post task execution logs
[2025-06-19T18:36:15.283+0900] {taskinstance.py:353} INFO - Marking task as SUCCESS. dag_id=lilt_document_classifier_balanced_V0.1, task_id=img_preprocess_task__1, run_id=manual__2025-06-19T09:32:07.760195+00:00, map_index=76, execution_date=20250619T093207, start_date=20250619T093602, end_date=20250619T093615
[2025-06-19T18:36:15.413+0900] {local_task_job_runner.py:266} INFO - Task exited with return code 0
[2025-06-19T18:36:15.484+0900] {taskinstance.py:3901} INFO - 0 downstream tasks scheduled from follow-on schedule check
[2025-06-19T18:36:15.509+0900] {local_task_job_runner.py:245} INFO - ::endgroup::
