[2025-06-24T15:54:46.867+0900] {local_task_job_runner.py:123} INFO - ::group::Pre task execution logs
[2025-06-24T15:54:46.969+0900] {taskinstance.py:2614} INFO - Dependencies all met for dep_context=non-requeueable deps ti=<TaskInstance: lilt_document_classifier_balanced_V0.1.img_preprocess_task manual__2025-06-24T06:53:42.323966+00:00 map_index=5 [queued]>
[2025-06-24T15:54:47.002+0900] {taskinstance.py:2614} INFO - Dependencies all met for dep_context=requeueable deps ti=<TaskInstance: lilt_document_classifier_balanced_V0.1.img_preprocess_task manual__2025-06-24T06:53:42.323966+00:00 map_index=5 [queued]>
[2025-06-24T15:54:47.003+0900] {taskinstance.py:2867} INFO - Starting attempt 1 of 1
[2025-06-24T15:54:47.045+0900] {taskinstance.py:2890} INFO - Executing <Mapped(_PythonDecoratedOperator): img_preprocess_task> on 2025-06-24 06:53:42.323966+00:00
[2025-06-24T15:54:47.069+0900] {warnings.py:112} WARNING - /home/***/.local/lib/python3.12/site-packages/***/task/task_runner/standard_task_runner.py:70: DeprecationWarning: This process (pid=47523) is multi-threaded, use of fork() may lead to deadlocks in the child.
  pid = os.fork()

[2025-06-24T15:54:47.070+0900] {standard_task_runner.py:72} INFO - Started process 47721 to run task
[2025-06-24T15:54:47.068+0900] {standard_task_runner.py:104} INFO - Running: ['***', 'tasks', 'run', 'lilt_document_classifier_balanced_V0.1', 'img_preprocess_task', 'manual__2025-06-24T06:53:42.323966+00:00', '--job-id', '4228', '--raw', '--subdir', 'DAGS_FOLDER/class_create_dag.py', '--cfg-path', '/tmp/tmpim8rxk26', '--map-index', '5']
[2025-06-24T15:54:47.073+0900] {standard_task_runner.py:105} INFO - Job 4228: Subtask img_preprocess_task
[2025-06-24T15:54:47.222+0900] {task_command.py:467} INFO - Running <TaskInstance: lilt_document_classifier_balanced_V0.1.img_preprocess_task manual__2025-06-24T06:53:42.323966+00:00 map_index=5 [running]> on host f6d4228a9eb8
[2025-06-24T15:54:47.512+0900] {taskinstance.py:3134} INFO - Exporting env vars: AIRFLOW_CTX_DAG_OWNER='***' AIRFLOW_CTX_DAG_ID='lilt_document_classifier_balanced_V0.1' AIRFLOW_CTX_TASK_ID='img_preprocess_task' AIRFLOW_CTX_EXECUTION_DATE='2025-06-24T06:53:42.323966+00:00' AIRFLOW_CTX_TRY_NUMBER='1' AIRFLOW_CTX_DAG_RUN_ID='manual__2025-06-24T06:53:42.323966+00:00'
[2025-06-24T15:54:47.522+0900] {taskinstance.py:732} INFO - ::endgroup::
[2025-06-24T15:54:47.540+0900] {logging_mixin.py:190} INFO - empty map check {} {'process_id': '_47498137-8ac8-4bbb-8957-8871fab3e8b0_pre', 'folder_path': 'c4b3959d-01dd-4b92-a08d-8c6e56d192c3/47498137-8ac8-4bbb-8957-8871fab3e8b0', 'step_list': [{'name': 'cache', 'param': {'key': 'origin'}}, {'name': 'calc_angle_set2', 'param': {'key': 'angle1', 'iterations': 4, 'iter_save': False}}, {'name': 'text_orientation_set', 'param': {'key': 'angle2', 'iterations': 4, 'iter_save': False}}, {'name': 'load', 'param': {'key': 'origin'}}, {'name': 'rotate', 'param': {'key': 'angle1'}}, {'name': 'rotate', 'param': {'key': 'angle2'}}], 'result_file_map': {}}
[2025-06-24T15:54:47.541+0900] {logging_mixin.py:190} INFO - step : cache
[2025-06-24T15:54:47.543+0900] {logging_mixin.py:190} INFO - step : calc_angle_set2
[2025-06-24T15:55:18.372+0900] {logging_mixin.py:190} INFO - osd 1 -1.0 -1.0 16 117055 [11, 21, 11, 18, 10, 13, 15, 14, 20, 21, 24, 3739, 17180, 37389, 57804, 97391, 117055, 65290, 47964, 31806, 14339, 2769, 24, 16, 14, 23, 11, 11, 13, 8, 7, 11, 6, 34, 7, 8, 5, 3, 1, 2, 1]
[2025-06-24T15:55:50.223+0900] {logging_mixin.py:190} INFO - osd 2 -1.0 0.0 20 125986 [0, 0, 0, 0, 0, 0, 0, 0, 0, 0, 0, 0, 0, 0, 13, 4897, 21203, 43346, 64024, 107195, 125986, 71373, 52996, 35671, 21612, 4134, 9, 23, 0, 0, 0, 0, 0, 0, 0, 0, 0, 0, 0, 0, 0]
[2025-06-24T15:56:24.154+0900] {logging_mixin.py:190} INFO - osd 3 -1.0 0.0 20 125986 [0, 0, 0, 0, 0, 0, 0, 0, 0, 0, 0, 0, 0, 0, 13, 4897, 21203, 43346, 64024, 107195, 125986, 71373, 52996, 35671, 21612, 4134, 9, 23, 0, 0, 0, 0, 0, 0, 0, 0, 0, 0, 0, 0, 0]
[2025-06-24T15:56:56.747+0900] {logging_mixin.py:190} INFO - osd 4 -1.0 0.0 20 125986 [0, 0, 0, 0, 0, 0, 0, 0, 0, 0, 0, 0, 0, 0, 13, 4897, 21203, 43346, 64024, 107195, 125986, 71373, 52996, 35671, 21612, 4134, 9, 23, 0, 0, 0, 0, 0, 0, 0, 0, 0, 0, 0, 0, 0]
[2025-06-24T15:56:57.000+0900] {logging_mixin.py:190} INFO - step : text_orientation_set
[2025-06-24T15:57:13.836+0900] {logging_mixin.py:190} INFO - osd 1 break  0 0 6.15 Korean 1.13
[2025-06-24T15:57:13.837+0900] {logging_mixin.py:190} INFO - step : load
[2025-06-24T15:57:13.844+0900] {logging_mixin.py:190} INFO - step : rotate
[2025-06-24T15:57:14.894+0900] {logging_mixin.py:190} INFO - step : rotate
[2025-06-24T15:57:15.549+0900] {logging_mixin.py:190} INFO - file_copy: /opt/***/data/temp/c4b3959d-01dd-4b92-a08d-8c6e56d192c3/47498137-8ac8-4bbb-8957-8871fab3e8b0/_result.png
[2025-06-24T15:57:15.586+0900] {python.py:240} INFO - Done. Returned value was: {'file_id': 'c4b3959d-01dd-4b92-a08d-8c6e56d192c3', 'file_path': '/opt/***/data/class/a_class/classify/ready/true/남양주시 정덕빌딩 - 정부24 - 건축물대장 등본(초본) 발급(열람) _ 문서출력_page_1_aug1.png', 'true': {'process_id': '_47498137-8ac8-4bbb-8957-8871fab3e8b0_pre', 'folder_path': 'c4b3959d-01dd-4b92-a08d-8c6e56d192c3/47498137-8ac8-4bbb-8957-8871fab3e8b0', 'step_list': [{'name': 'cache', 'param': {'key': 'origin'}}, {'name': 'calc_angle_set2', 'param': {'key': 'angle1', 'iterations': 4, 'iter_save': False}}, {'name': 'text_orientation_set', 'param': {'key': 'angle2', 'iterations': 4, 'iter_save': False}}, {'name': 'load', 'param': {'key': 'origin'}}, {'name': 'rotate', 'param': {'key': 'angle1'}}, {'name': 'rotate', 'param': {'key': 'angle2'}}], 'result_file_map': {'_result': '/opt/***/data/temp/c4b3959d-01dd-4b92-a08d-8c6e56d192c3/47498137-8ac8-4bbb-8957-8871fab3e8b0/_result.png'}}}
[2025-06-24T15:57:15.639+0900] {taskinstance.py:341} INFO - ::group::Post task execution logs
[2025-06-24T15:57:15.640+0900] {taskinstance.py:353} INFO - Marking task as SUCCESS. dag_id=lilt_document_classifier_balanced_V0.1, task_id=img_preprocess_task, run_id=manual__2025-06-24T06:53:42.323966+00:00, map_index=5, execution_date=20250624T065342, start_date=20250624T065446, end_date=20250624T065715
[2025-06-24T15:57:15.801+0900] {local_task_job_runner.py:266} INFO - Task exited with return code 0
[2025-06-24T15:57:15.969+0900] {taskinstance.py:3901} INFO - 0 downstream tasks scheduled from follow-on schedule check
[2025-06-24T15:57:15.986+0900] {local_task_job_runner.py:245} INFO - ::endgroup::
