[2025-06-23T17:07:59.426+0900] {local_task_job_runner.py:123} INFO - ::group::Pre task execution logs
[2025-06-23T17:07:59.896+0900] {taskinstance.py:2614} INFO - Dependencies all met for dep_context=non-requeueable deps ti=<TaskInstance: lilt_document_classifier_balanced_V0.1.img_preprocess_task manual__2025-06-23T07:44:09.997775+00:00 map_index=85 [queued]>
[2025-06-23T17:07:59.964+0900] {taskinstance.py:2614} INFO - Dependencies all met for dep_context=requeueable deps ti=<TaskInstance: lilt_document_classifier_balanced_V0.1.img_preprocess_task manual__2025-06-23T07:44:09.997775+00:00 map_index=85 [queued]>
[2025-06-23T17:07:59.971+0900] {taskinstance.py:2867} INFO - Starting attempt 1 of 1
[2025-06-23T17:08:00.044+0900] {taskinstance.py:2890} INFO - Executing <Mapped(_PythonDecoratedOperator): img_preprocess_task> on 2025-06-23 07:44:09.997775+00:00
[2025-06-23T17:08:00.074+0900] {warnings.py:112} WARNING - /home/***/.local/lib/python3.12/site-packages/***/task/task_runner/standard_task_runner.py:70: DeprecationWarning: This process (pid=13315) is multi-threaded, use of fork() may lead to deadlocks in the child.
  pid = os.fork()

[2025-06-23T17:08:00.079+0900] {standard_task_runner.py:72} INFO - Started process 13351 to run task
[2025-06-23T17:08:00.077+0900] {standard_task_runner.py:104} INFO - Running: ['***', 'tasks', 'run', 'lilt_document_classifier_balanced_V0.1', 'img_preprocess_task', 'manual__2025-06-23T07:44:09.997775+00:00', '--job-id', '3671', '--raw', '--subdir', 'DAGS_FOLDER/class_create_dag.py', '--cfg-path', '/tmp/tmpprg1siu0', '--map-index', '85']
[2025-06-23T17:08:00.089+0900] {standard_task_runner.py:105} INFO - Job 3671: Subtask img_preprocess_task
[2025-06-23T17:08:00.202+0900] {task_command.py:467} INFO - Running <TaskInstance: lilt_document_classifier_balanced_V0.1.img_preprocess_task manual__2025-06-23T07:44:09.997775+00:00 map_index=85 [running]> on host f6d4228a9eb8
[2025-06-23T17:08:00.609+0900] {taskinstance.py:3134} INFO - Exporting env vars: AIRFLOW_CTX_DAG_OWNER='***' AIRFLOW_CTX_DAG_ID='lilt_document_classifier_balanced_V0.1' AIRFLOW_CTX_TASK_ID='img_preprocess_task' AIRFLOW_CTX_EXECUTION_DATE='2025-06-23T07:44:09.997775+00:00' AIRFLOW_CTX_TRY_NUMBER='1' AIRFLOW_CTX_DAG_RUN_ID='manual__2025-06-23T07:44:09.997775+00:00'
[2025-06-23T17:08:00.612+0900] {taskinstance.py:732} INFO - ::endgroup::
[2025-06-23T17:08:00.629+0900] {logging_mixin.py:190} INFO - empty map check {} {'process_id': '_c25f784a-3155-4260-a332-2f2f77690687_pre', 'folder_path': '9917c4de-3956-4a19-8fe6-4fb67a7ca330/c25f784a-3155-4260-a332-2f2f77690687', 'step_list': [{'name': 'cache', 'param': {'key': 'origin'}}, {'name': 'calc_angle_set2', 'param': {'key': 'angle1', 'iterations': 4, 'iter_save': False}}, {'name': 'text_orientation_set', 'param': {'key': 'angle2', 'iterations': 4, 'iter_save': False}}, {'name': 'load', 'param': {'key': 'origin'}}, {'name': 'rotate', 'param': {'key': 'angle1'}}, {'name': 'rotate', 'param': {'key': 'angle2'}}], 'result_file_map': {}}
[2025-06-23T17:08:00.634+0900] {logging_mixin.py:190} INFO - step : cache
[2025-06-23T17:08:00.636+0900] {logging_mixin.py:190} INFO - step : calc_angle_set2
[2025-06-23T17:08:32.399+0900] {logging_mixin.py:190} INFO - osd 1 5.0 5.0 40 1529720 [1405921, 1356954, 1301065, 1243808, 1187890, 1130241, 1073037, 1016021, 960071, 899924, 846578, 793432, 741206, 690155, 647695, 603373, 560259, 516838, 475229, 432602, 394690, 437409, 484976, 534320, 585583, 637855, 692267, 744479, 800732, 859482, 915995, 973007, 1034655, 1095262, 1156770, 1218158, 1280639, 1343652, 1406983, 1469996, 1529720]
[2025-06-23T17:09:19.039+0900] {logging_mixin.py:190} INFO - osd 2 0.0 -5.0 0 3106840 [3106840, 3024332, 2945245, 2861237, 2773117, 2690962, 2606826, 2520479, 2437406, 2347544, 2267372, 2183284, 2099168, 2020305, 1932465, 1851862, 1768213, 1691684, 1619757, 1541269, 1469891, 1540023, 1614931, 1682323, 1754907, 1831307, 1904273, 1983413, 2054260, 2129886, 2207364, 2281452, 2365490, 2441932, 2522813, 2601377, 2680732, 2765920, 2847639, 2925283, 3009082]
[2025-06-23T17:10:17.417+0900] {logging_mixin.py:190} INFO - osd 3 5.0 5.0 40 4995135 [4826080, 4739592, 4653311, 4562432, 4479012, 4387882, 4302975, 4209566, 4120082, 4029084, 3941850, 3852069, 3757829, 3668954, 3575393, 3487218, 3393915, 3302316, 3210124, 3118362, 3029689, 3122787, 3217729, 3313227, 3408999, 3507392, 3599168, 3696905, 3790421, 3888221, 3984473, 4079928, 4178377, 4277715, 4383281, 4479371, 4582584, 4681182, 4786858, 4887616, 4995135]
[2025-06-23T17:11:00.133+0900] {logging_mixin.py:190} INFO - osd 4 0.0 -5.0 0 7415553 [7415553, 7287723, 7158309, 7029788, 6901749, 6774814, 6640919, 6509042, 6382713, 6249364, 6126540, 5989698, 5865477, 5731488, 5603760, 5476680, 5348712, 5215828, 5084738, 4954710, 4837475, 4947380, 5067643, 5190549, 5315146, 5436599, 5556950, 5681462, 5812436, 5933850, 6067780, 6190617, 6322502, 6449051, 6581502, 6718968, 6850846, 6983773, 7116771, 7251816, 7389373]
[2025-06-23T17:11:00.390+0900] {logging_mixin.py:190} INFO - step : text_orientation_set
[2025-06-23T17:11:15.068+0900] {logging_mixin.py:190} INFO - osd 1 break  0 0 9.05 Japanese 0.2
[2025-06-23T17:11:15.070+0900] {logging_mixin.py:190} INFO - step : load
[2025-06-23T17:11:15.079+0900] {logging_mixin.py:190} INFO - step : rotate
[2025-06-23T17:11:15.269+0900] {logging_mixin.py:190} INFO - step : rotate
[2025-06-23T17:11:15.743+0900] {logging_mixin.py:190} INFO - file_copy: /opt/***/data/temp/9917c4de-3956-4a19-8fe6-4fb67a7ca330/c25f784a-3155-4260-a332-2f2f77690687/_result.png
[2025-06-23T17:11:15.766+0900] {python.py:240} INFO - Done. Returned value was: {'file_id': '9917c4de-3956-4a19-8fe6-4fb67a7ca330', 'file_path': '/opt/***/data/class/a_class/classify/ready/true/여의도동 삼보빌딩 - 정부24 - 건축물대장 등본(초본) 발급(열람) _ 문서출력_page_1_aug1.png', 'true': {'process_id': '_c25f784a-3155-4260-a332-2f2f77690687_pre', 'folder_path': '9917c4de-3956-4a19-8fe6-4fb67a7ca330/c25f784a-3155-4260-a332-2f2f77690687', 'step_list': [{'name': 'cache', 'param': {'key': 'origin'}}, {'name': 'calc_angle_set2', 'param': {'key': 'angle1', 'iterations': 4, 'iter_save': False}}, {'name': 'text_orientation_set', 'param': {'key': 'angle2', 'iterations': 4, 'iter_save': False}}, {'name': 'load', 'param': {'key': 'origin'}}, {'name': 'rotate', 'param': {'key': 'angle1'}}, {'name': 'rotate', 'param': {'key': 'angle2'}}], 'result_file_map': {'_result': '/opt/***/data/temp/9917c4de-3956-4a19-8fe6-4fb67a7ca330/c25f784a-3155-4260-a332-2f2f77690687/_result.png'}}}
[2025-06-23T17:11:15.902+0900] {taskinstance.py:341} INFO - ::group::Post task execution logs
[2025-06-23T17:11:15.902+0900] {taskinstance.py:353} INFO - Marking task as SUCCESS. dag_id=lilt_document_classifier_balanced_V0.1, task_id=img_preprocess_task, run_id=manual__2025-06-23T07:44:09.997775+00:00, map_index=85, execution_date=20250623T074409, start_date=20250623T080759, end_date=20250623T081115
[2025-06-23T17:11:16.065+0900] {local_task_job_runner.py:266} INFO - Task exited with return code 0
[2025-06-23T17:11:16.197+0900] {taskinstance.py:3901} INFO - 0 downstream tasks scheduled from follow-on schedule check
[2025-06-23T17:11:16.206+0900] {local_task_job_runner.py:245} INFO - ::endgroup::
