[2025-06-23T09:46:13.812+0900] {local_task_job_runner.py:123} INFO - ::group::Pre task execution logs
[2025-06-23T09:46:13.874+0900] {taskinstance.py:2614} INFO - Dependencies all met for dep_context=non-requeueable deps ti=<TaskInstance: lilt_document_classifier_balanced_V0.1.img_preprocess_task__1 manual__2025-06-23T00:42:21.868462+00:00 map_index=62 [queued]>
[2025-06-23T09:46:13.915+0900] {taskinstance.py:2614} INFO - Dependencies all met for dep_context=requeueable deps ti=<TaskInstance: lilt_document_classifier_balanced_V0.1.img_preprocess_task__1 manual__2025-06-23T00:42:21.868462+00:00 map_index=62 [queued]>
[2025-06-23T09:46:13.915+0900] {taskinstance.py:2867} INFO - Starting attempt 1 of 1
[2025-06-23T09:46:13.951+0900] {taskinstance.py:2890} INFO - Executing <Mapped(_PythonDecoratedOperator): img_preprocess_task__1> on 2025-06-23 00:42:21.868462+00:00
[2025-06-23T09:46:13.998+0900] {warnings.py:112} WARNING - /home/***/.local/lib/python3.12/site-packages/***/task/task_runner/standard_task_runner.py:70: DeprecationWarning: This process (pid=83210) is multi-threaded, use of fork() may lead to deadlocks in the child.
  pid = os.fork()

[2025-06-23T09:46:13.999+0900] {standard_task_runner.py:104} INFO - Running: ['***', 'tasks', 'run', 'lilt_document_classifier_balanced_V0.1', 'img_preprocess_task__1', 'manual__2025-06-23T00:42:21.868462+00:00', '--job-id', '2015', '--raw', '--subdir', 'DAGS_FOLDER/class_create_dag.py', '--cfg-path', '/tmp/tmpd5w704bm', '--map-index', '62']
[2025-06-23T09:46:14.008+0900] {standard_task_runner.py:105} INFO - Job 2015: Subtask img_preprocess_task__1
[2025-06-23T09:46:14.004+0900] {standard_task_runner.py:72} INFO - Started process 83279 to run task
[2025-06-23T09:46:14.113+0900] {task_command.py:467} INFO - Running <TaskInstance: lilt_document_classifier_balanced_V0.1.img_preprocess_task__1 manual__2025-06-23T00:42:21.868462+00:00 map_index=62 [running]> on host f6d4228a9eb8
[2025-06-23T09:46:14.459+0900] {taskinstance.py:3134} INFO - Exporting env vars: AIRFLOW_CTX_DAG_OWNER='***' AIRFLOW_CTX_DAG_ID='lilt_document_classifier_balanced_V0.1' AIRFLOW_CTX_TASK_ID='img_preprocess_task__1' AIRFLOW_CTX_EXECUTION_DATE='2025-06-23T00:42:21.868462+00:00' AIRFLOW_CTX_TRY_NUMBER='1' AIRFLOW_CTX_DAG_RUN_ID='manual__2025-06-23T00:42:21.868462+00:00'
[2025-06-23T09:46:14.464+0900] {taskinstance.py:732} INFO - ::endgroup::
[2025-06-23T09:46:14.472+0900] {logging_mixin.py:190} INFO - empty map check {} {'process_id': '_93d6c38a-0e73-43e9-a063-2fa368f5d035_pre', 'folder_path': 'e689f864-6bea-4794-9b56-930b16fe3a19/93d6c38a-0e73-43e9-a063-2fa368f5d035', 'step_list': [{'name': 'cache', 'param': {'key': 'origin'}}, {'name': 'calc_angle_set1', 'param': {'key': 'angle1', 'iterations': 4, 'iter_save': False}}, {'name': 'text_orientation_set', 'param': {'key': 'angle2', 'iterations': 4, 'iter_save': False}}, {'name': 'load', 'param': {'key': 'origin'}}, {'name': 'rotate', 'param': {'key': 'angle1'}}, {'name': 'rotate', 'param': {'key': 'angle2'}}], 'result_file_map': {}}
[2025-06-23T09:46:14.488+0900] {logging_mixin.py:190} INFO - step : cache
[2025-06-23T09:46:14.494+0900] {logging_mixin.py:190} INFO - step : calc_angle_set1
[2025-06-23T09:46:14.548+0900] {logging_mixin.py:190} INFO - step : text_orientation_set
[2025-06-23T09:46:20.955+0900] {logging_mixin.py:190} INFO - osd 1 break  0 0 6.44 Latin 0.27
[2025-06-23T09:46:20.966+0900] {logging_mixin.py:190} INFO - step : load
[2025-06-23T09:46:20.971+0900] {logging_mixin.py:190} INFO - step : rotate
[2025-06-23T09:46:21.002+0900] {logging_mixin.py:190} INFO - step : rotate
[2025-06-23T09:46:21.152+0900] {logging_mixin.py:190} INFO - file_copy: /opt/***/data/temp/e689f864-6bea-4794-9b56-930b16fe3a19/93d6c38a-0e73-43e9-a063-2fa368f5d035/_result.png
[2025-06-23T09:46:21.184+0900] {python.py:240} INFO - Done. Returned value was: {'file_id': 'e689f864-6bea-4794-9b56-930b16fe3a19', 'file_path': '/opt/***/data/class/a_class/classify/ready/false/copied_5_titx0124.70_titx0124.73.png', 'false': {'process_id': '_93d6c38a-0e73-43e9-a063-2fa368f5d035_pre', 'folder_path': 'e689f864-6bea-4794-9b56-930b16fe3a19/93d6c38a-0e73-43e9-a063-2fa368f5d035', 'step_list': [{'name': 'cache', 'param': {'key': 'origin'}}, {'name': 'calc_angle_set1', 'param': {'key': 'angle1', 'iterations': 4, 'iter_save': False}}, {'name': 'text_orientation_set', 'param': {'key': 'angle2', 'iterations': 4, 'iter_save': False}}, {'name': 'load', 'param': {'key': 'origin'}}, {'name': 'rotate', 'param': {'key': 'angle1'}}, {'name': 'rotate', 'param': {'key': 'angle2'}}], 'result_file_map': {'_result': '/opt/***/data/temp/e689f864-6bea-4794-9b56-930b16fe3a19/93d6c38a-0e73-43e9-a063-2fa368f5d035/_result.png'}}}
[2025-06-23T09:46:21.313+0900] {taskinstance.py:341} INFO - ::group::Post task execution logs
[2025-06-23T09:46:21.318+0900] {taskinstance.py:353} INFO - Marking task as SUCCESS. dag_id=lilt_document_classifier_balanced_V0.1, task_id=img_preprocess_task__1, run_id=manual__2025-06-23T00:42:21.868462+00:00, map_index=62, execution_date=20250623T004221, start_date=20250623T004613, end_date=20250623T004621
[2025-06-23T09:46:21.530+0900] {local_task_job_runner.py:266} INFO - Task exited with return code 0
[2025-06-23T09:46:21.755+0900] {taskinstance.py:3901} INFO - 0 downstream tasks scheduled from follow-on schedule check
[2025-06-23T09:46:21.765+0900] {local_task_job_runner.py:245} INFO - ::endgroup::
