[2025-06-24T16:47:57.360+0900] {local_task_job_runner.py:123} INFO - ::group::Pre task execution logs
[2025-06-24T16:47:57.456+0900] {taskinstance.py:2614} INFO - Dependencies all met for dep_context=non-requeueable deps ti=<TaskInstance: lilt_document_classifier_balanced_V0.1.img_preprocess_task__1 manual__2025-06-24T07:39:02.784990+00:00 map_index=55 [queued]>
[2025-06-24T16:47:57.587+0900] {taskinstance.py:2614} INFO - Dependencies all met for dep_context=requeueable deps ti=<TaskInstance: lilt_document_classifier_balanced_V0.1.img_preprocess_task__1 manual__2025-06-24T07:39:02.784990+00:00 map_index=55 [queued]>
[2025-06-24T16:47:57.588+0900] {taskinstance.py:2867} INFO - Starting attempt 1 of 1
[2025-06-24T16:47:57.638+0900] {taskinstance.py:2890} INFO - Executing <Mapped(_PythonDecoratedOperator): img_preprocess_task__1> on 2025-06-24 07:39:02.784990+00:00
[2025-06-24T16:47:57.679+0900] {warnings.py:112} WARNING - /home/***/.local/lib/python3.12/site-packages/***/task/task_runner/standard_task_runner.py:70: DeprecationWarning: This process (pid=55812) is multi-threaded, use of fork() may lead to deadlocks in the child.
  pid = os.fork()

[2025-06-24T16:47:57.687+0900] {standard_task_runner.py:72} INFO - Started process 55865 to run task
[2025-06-24T16:47:57.745+0900] {standard_task_runner.py:104} INFO - Running: ['***', 'tasks', 'run', 'lilt_document_classifier_balanced_V0.1', 'img_preprocess_task__1', 'manual__2025-06-24T07:39:02.784990+00:00', '--job-id', '4525', '--raw', '--subdir', 'DAGS_FOLDER/class_create_dag.py', '--cfg-path', '/tmp/tmpi703ne4i', '--map-index', '55']
[2025-06-24T16:47:57.764+0900] {standard_task_runner.py:105} INFO - Job 4525: Subtask img_preprocess_task__1
[2025-06-24T16:47:57.871+0900] {task_command.py:467} INFO - Running <TaskInstance: lilt_document_classifier_balanced_V0.1.img_preprocess_task__1 manual__2025-06-24T07:39:02.784990+00:00 map_index=55 [running]> on host f6d4228a9eb8
[2025-06-24T16:47:58.130+0900] {taskinstance.py:3134} INFO - Exporting env vars: AIRFLOW_CTX_DAG_OWNER='***' AIRFLOW_CTX_DAG_ID='lilt_document_classifier_balanced_V0.1' AIRFLOW_CTX_TASK_ID='img_preprocess_task__1' AIRFLOW_CTX_EXECUTION_DATE='2025-06-24T07:39:02.784990+00:00' AIRFLOW_CTX_TRY_NUMBER='1' AIRFLOW_CTX_DAG_RUN_ID='manual__2025-06-24T07:39:02.784990+00:00'
[2025-06-24T16:47:58.135+0900] {taskinstance.py:732} INFO - ::endgroup::
[2025-06-24T16:47:58.141+0900] {logging_mixin.py:190} INFO - empty map check {} {'process_id': '_31ea42b5-f594-493f-b049-b60732a81587_pre', 'folder_path': 'ee6b0193-a170-4889-8c96-8f92e10b7492/31ea42b5-f594-493f-b049-b60732a81587', 'step_list': [{'name': 'cache', 'param': {'key': 'origin'}}, {'name': 'calc_angle_set2', 'param': {'key': 'angle1', 'iterations': 4, 'iter_save': False}}, {'name': 'text_orientation_set', 'param': {'key': 'angle2', 'iterations': 4, 'iter_save': False}}, {'name': 'load', 'param': {'key': 'origin'}}, {'name': 'rotate', 'param': {'key': 'angle1'}}, {'name': 'rotate', 'param': {'key': 'angle2'}}], 'result_file_map': {}}
[2025-06-24T16:47:58.153+0900] {logging_mixin.py:190} INFO - step : cache
[2025-06-24T16:47:58.156+0900] {logging_mixin.py:190} INFO - step : calc_angle_set2
[2025-06-24T16:48:03.171+0900] {logging_mixin.py:190} INFO - osd 1 -0.5 -0.5 18 2645 [0, 0, 0, 0, 0, 7, 47, 107, 357, 519, 744, 942, 1120, 1333, 1543, 1804, 2200, 2473, 2645, 2190, 1712, 1531, 1317, 1136, 919, 742, 465, 292, 108, 35, 3, 2, 0, 0, 0, 0, 0, 0, 0, 0, 0]
[2025-06-24T16:48:09.452+0900] {logging_mixin.py:190} INFO - osd 2 -0.75 -0.25 19 2721 [0, 0, 0, 0, 0, 0, 3, 5, 46, 163, 413, 563, 783, 1012, 1230, 1384, 1592, 1850, 2320, 2721, 2643, 2312, 1759, 1554, 1329, 1188, 981, 743, 499, 308, 156, 14, 0, 4, 9, 6, 6, 0, 0, 0, 0]
[2025-06-24T16:48:13.370+0900] {logging_mixin.py:190} INFO - osd 3 -0.75 0.0 20 2702 [0, 0, 0, 0, 0, 0, 0, 2, 8, 47, 190, 444, 613, 823, 1048, 1225, 1397, 1643, 1908, 2294, 2702, 2624, 2317, 1977, 1574, 1370, 1206, 1000, 764, 574, 344, 185, 23, 14, 6, 8, 6, 5, 0, 0, 0]
[2025-06-24T16:48:16.437+0900] {logging_mixin.py:190} INFO - osd 4 -0.75 0.0 20 2702 [0, 0, 0, 0, 0, 0, 0, 2, 8, 47, 190, 444, 613, 823, 1048, 1225, 1397, 1643, 1908, 2294, 2702, 2624, 2317, 1977, 1574, 1370, 1206, 1000, 764, 574, 344, 185, 23, 14, 6, 8, 6, 5, 0, 0, 0]
[2025-06-24T16:48:16.482+0900] {logging_mixin.py:190} INFO - step : text_orientation_set
[2025-06-24T16:48:20.293+0900] {logging_mixin.py:190} INFO - osd 1 180 180 0.05 Katakana 0.0
[2025-06-24T16:48:26.326+0900] {logging_mixin.py:190} INFO - osd 2 360 180 0.57 Katakana 0.0
[2025-06-24T16:48:30.724+0900] {logging_mixin.py:190} INFO - osd 3 540 180 0.05 Katakana 0.0
[2025-06-24T16:48:36.500+0900] {logging_mixin.py:190} INFO - osd 4 720 180 0.57 Katakana 0.0
[2025-06-24T16:48:36.655+0900] {logging_mixin.py:190} INFO - step : load
[2025-06-24T16:48:36.657+0900] {logging_mixin.py:190} INFO - step : rotate
[2025-06-24T16:48:36.758+0900] {logging_mixin.py:190} INFO - step : rotate
[2025-06-24T16:48:37.230+0900] {logging_mixin.py:190} INFO - file_copy: /opt/***/data/temp/ee6b0193-a170-4889-8c96-8f92e10b7492/31ea42b5-f594-493f-b049-b60732a81587/_result.png
[2025-06-24T16:48:37.268+0900] {python.py:240} INFO - Done. Returned value was: {'file_id': 'ee6b0193-a170-4889-8c96-8f92e10b7492', 'file_path': '/opt/***/data/class/a_class/classify/ready/false/copied_69_2031295795.png', 'false': {'process_id': '_31ea42b5-f594-493f-b049-b60732a81587_pre', 'folder_path': 'ee6b0193-a170-4889-8c96-8f92e10b7492/31ea42b5-f594-493f-b049-b60732a81587', 'step_list': [{'name': 'cache', 'param': {'key': 'origin'}}, {'name': 'calc_angle_set2', 'param': {'key': 'angle1', 'iterations': 4, 'iter_save': False}}, {'name': 'text_orientation_set', 'param': {'key': 'angle2', 'iterations': 4, 'iter_save': False}}, {'name': 'load', 'param': {'key': 'origin'}}, {'name': 'rotate', 'param': {'key': 'angle1'}}, {'name': 'rotate', 'param': {'key': 'angle2'}}], 'result_file_map': {'_result': '/opt/***/data/temp/ee6b0193-a170-4889-8c96-8f92e10b7492/31ea42b5-f594-493f-b049-b60732a81587/_result.png'}}}
[2025-06-24T16:48:37.470+0900] {taskinstance.py:341} INFO - ::group::Post task execution logs
[2025-06-24T16:48:37.475+0900] {taskinstance.py:353} INFO - Marking task as SUCCESS. dag_id=lilt_document_classifier_balanced_V0.1, task_id=img_preprocess_task__1, run_id=manual__2025-06-24T07:39:02.784990+00:00, map_index=55, execution_date=20250624T073902, start_date=20250624T074757, end_date=20250624T074837
[2025-06-24T16:48:37.638+0900] {local_task_job_runner.py:266} INFO - Task exited with return code 0
[2025-06-24T16:48:37.793+0900] {taskinstance.py:3901} INFO - 0 downstream tasks scheduled from follow-on schedule check
[2025-06-24T16:48:37.796+0900] {standard_task_runner.py:217} INFO - Process not found (most likely exited), stop collecting metrics
[2025-06-24T16:48:37.835+0900] {local_task_job_runner.py:245} INFO - ::endgroup::
