[2025-06-23T10:57:57.877+0900] {local_task_job_runner.py:123} INFO - ::group::Pre task execution logs
[2025-06-23T10:57:57.985+0900] {taskinstance.py:2614} INFO - Dependencies all met for dep_context=non-requeueable deps ti=<TaskInstance: lilt_document_classifier_balanced_V0.1.img_preprocess_task manual__2025-06-23T01:55:15.838468+00:00 map_index=38 [queued]>
[2025-06-23T10:57:58.012+0900] {taskinstance.py:2614} INFO - Dependencies all met for dep_context=requeueable deps ti=<TaskInstance: lilt_document_classifier_balanced_V0.1.img_preprocess_task manual__2025-06-23T01:55:15.838468+00:00 map_index=38 [queued]>
[2025-06-23T10:57:58.016+0900] {taskinstance.py:2867} INFO - Starting attempt 1 of 1
[2025-06-23T10:57:58.056+0900] {taskinstance.py:2890} INFO - Executing <Mapped(_PythonDecoratedOperator): img_preprocess_task> on 2025-06-23 01:55:15.838468+00:00
[2025-06-23T10:57:58.151+0900] {standard_task_runner.py:104} INFO - Running: ['***', 'tasks', 'run', 'lilt_document_classifier_balanced_V0.1', 'img_preprocess_task', 'manual__2025-06-23T01:55:15.838468+00:00', '--job-id', '2358', '--raw', '--subdir', 'DAGS_FOLDER/class_create_dag.py', '--cfg-path', '/tmp/tmpd1vdxeui', '--map-index', '38']
[2025-06-23T10:57:58.172+0900] {standard_task_runner.py:105} INFO - Job 2358: Subtask img_preprocess_task
[2025-06-23T10:57:58.173+0900] {warnings.py:112} WARNING - /home/***/.local/lib/python3.12/site-packages/***/task/task_runner/standard_task_runner.py:70: DeprecationWarning: This process (pid=90527) is multi-threaded, use of fork() may lead to deadlocks in the child.
  pid = os.fork()

[2025-06-23T10:57:58.186+0900] {standard_task_runner.py:72} INFO - Started process 90633 to run task
[2025-06-23T10:57:58.410+0900] {task_command.py:467} INFO - Running <TaskInstance: lilt_document_classifier_balanced_V0.1.img_preprocess_task manual__2025-06-23T01:55:15.838468+00:00 map_index=38 [running]> on host f6d4228a9eb8
[2025-06-23T10:57:58.981+0900] {taskinstance.py:3134} INFO - Exporting env vars: AIRFLOW_CTX_DAG_OWNER='***' AIRFLOW_CTX_DAG_ID='lilt_document_classifier_balanced_V0.1' AIRFLOW_CTX_TASK_ID='img_preprocess_task' AIRFLOW_CTX_EXECUTION_DATE='2025-06-23T01:55:15.838468+00:00' AIRFLOW_CTX_TRY_NUMBER='1' AIRFLOW_CTX_DAG_RUN_ID='manual__2025-06-23T01:55:15.838468+00:00'
[2025-06-23T10:57:58.997+0900] {taskinstance.py:732} INFO - ::endgroup::
[2025-06-23T10:57:59.016+0900] {logging_mixin.py:190} INFO - empty map check {} {'process_id': '_5ac83f4d-d47e-4ba0-a447-52ea81a41d72_pre', 'folder_path': '91990ae9-4a8d-4545-8058-8a922e4261de/5ac83f4d-d47e-4ba0-a447-52ea81a41d72', 'step_list': [{'name': 'cache', 'param': {'key': 'origin'}}, {'name': 'calc_angle_set1', 'param': {'key': 'angle1', 'iterations': 4, 'iter_save': False}}, {'name': 'text_orientation_set', 'param': {'key': 'angle2', 'iterations': 4, 'iter_save': False}}, {'name': 'load', 'param': {'key': 'origin'}}, {'name': 'rotate', 'param': {'key': 'angle1'}}, {'name': 'rotate', 'param': {'key': 'angle2'}}], 'result_file_map': {}}
[2025-06-23T10:57:59.051+0900] {logging_mixin.py:190} INFO - step : cache
[2025-06-23T10:57:59.066+0900] {logging_mixin.py:190} INFO - step : calc_angle_set1
[2025-06-23T10:57:59.474+0900] {logging_mixin.py:190} INFO - step : text_orientation_set
[2025-06-23T10:58:14.553+0900] {logging_mixin.py:190} INFO - osd 1 break  0 0 9.67 Korean 1.21
[2025-06-23T10:58:14.555+0900] {logging_mixin.py:190} INFO - step : load
[2025-06-23T10:58:14.555+0900] {logging_mixin.py:190} INFO - step : rotate
[2025-06-23T10:58:14.710+0900] {logging_mixin.py:190} INFO - step : rotate
[2025-06-23T10:58:14.959+0900] {logging_mixin.py:190} INFO - file_copy: /opt/***/data/temp/91990ae9-4a8d-4545-8058-8a922e4261de/5ac83f4d-d47e-4ba0-a447-52ea81a41d72/_result.png
[2025-06-23T10:58:14.983+0900] {python.py:240} INFO - Done. Returned value was: {'file_id': '91990ae9-4a8d-4545-8058-8a922e4261de', 'file_path': '/opt/***/data/class/a_class/classify/ready/true/거제동 고성빌딩 - 정부24 - 건축물대장 등본(초본) 발급(열람) _ 문서출력_page_1_aug2.png', 'true': {'process_id': '_5ac83f4d-d47e-4ba0-a447-52ea81a41d72_pre', 'folder_path': '91990ae9-4a8d-4545-8058-8a922e4261de/5ac83f4d-d47e-4ba0-a447-52ea81a41d72', 'step_list': [{'name': 'cache', 'param': {'key': 'origin'}}, {'name': 'calc_angle_set1', 'param': {'key': 'angle1', 'iterations': 4, 'iter_save': False}}, {'name': 'text_orientation_set', 'param': {'key': 'angle2', 'iterations': 4, 'iter_save': False}}, {'name': 'load', 'param': {'key': 'origin'}}, {'name': 'rotate', 'param': {'key': 'angle1'}}, {'name': 'rotate', 'param': {'key': 'angle2'}}], 'result_file_map': {'_result': '/opt/***/data/temp/91990ae9-4a8d-4545-8058-8a922e4261de/5ac83f4d-d47e-4ba0-a447-52ea81a41d72/_result.png'}}}
[2025-06-23T10:58:15.073+0900] {taskinstance.py:341} INFO - ::group::Post task execution logs
[2025-06-23T10:58:15.079+0900] {taskinstance.py:353} INFO - Marking task as SUCCESS. dag_id=lilt_document_classifier_balanced_V0.1, task_id=img_preprocess_task, run_id=manual__2025-06-23T01:55:15.838468+00:00, map_index=38, execution_date=20250623T015515, start_date=20250623T015757, end_date=20250623T015815
[2025-06-23T10:58:15.312+0900] {local_task_job_runner.py:266} INFO - Task exited with return code 0
[2025-06-23T10:58:15.471+0900] {taskinstance.py:3901} INFO - 0 downstream tasks scheduled from follow-on schedule check
[2025-06-23T10:58:15.484+0900] {local_task_job_runner.py:245} INFO - ::endgroup::
