[2025-06-25T18:34:04.016+0900] {local_task_job_runner.py:123} INFO - ::group::Pre task execution logs
[2025-06-25T18:34:04.083+0900] {taskinstance.py:2614} INFO - Dependencies all met for dep_context=non-requeueable deps ti=<TaskInstance: lilt_document_classifier_balanced_V0.1.img_preprocess_task__1 manual__2025-06-25T09:28:52.715795+00:00 map_index=19 [queued]>
[2025-06-25T18:34:04.112+0900] {taskinstance.py:2614} INFO - Dependencies all met for dep_context=requeueable deps ti=<TaskInstance: lilt_document_classifier_balanced_V0.1.img_preprocess_task__1 manual__2025-06-25T09:28:52.715795+00:00 map_index=19 [queued]>
[2025-06-25T18:34:04.118+0900] {taskinstance.py:2867} INFO - Starting attempt 1 of 1
[2025-06-25T18:34:04.171+0900] {taskinstance.py:2890} INFO - Executing <Mapped(_PythonDecoratedOperator): img_preprocess_task__1> on 2025-06-25 09:28:52.715795+00:00
[2025-06-25T18:34:04.278+0900] {warnings.py:112} WARNING - /home/***/.local/lib/python3.12/site-packages/***/task/task_runner/standard_task_runner.py:70: DeprecationWarning: This process (pid=1588) is multi-threaded, use of fork() may lead to deadlocks in the child.
  pid = os.fork()

[2025-06-25T18:34:04.303+0900] {standard_task_runner.py:72} INFO - Started process 1648 to run task
[2025-06-25T18:34:04.284+0900] {standard_task_runner.py:104} INFO - Running: ['***', 'tasks', 'run', 'lilt_document_classifier_balanced_V0.1', 'img_preprocess_task__1', 'manual__2025-06-25T09:28:52.715795+00:00', '--job-id', '5370', '--raw', '--subdir', 'DAGS_FOLDER/class_create_dag.py', '--cfg-path', '/tmp/tmp5iqoff6e', '--map-index', '19']
[2025-06-25T18:34:04.308+0900] {standard_task_runner.py:105} INFO - Job 5370: Subtask img_preprocess_task__1
[2025-06-25T18:34:04.388+0900] {task_command.py:467} INFO - Running <TaskInstance: lilt_document_classifier_balanced_V0.1.img_preprocess_task__1 manual__2025-06-25T09:28:52.715795+00:00 map_index=19 [running]> on host f6d4228a9eb8
[2025-06-25T18:34:04.572+0900] {taskinstance.py:3134} INFO - Exporting env vars: AIRFLOW_CTX_DAG_OWNER='***' AIRFLOW_CTX_DAG_ID='lilt_document_classifier_balanced_V0.1' AIRFLOW_CTX_TASK_ID='img_preprocess_task__1' AIRFLOW_CTX_EXECUTION_DATE='2025-06-25T09:28:52.715795+00:00' AIRFLOW_CTX_TRY_NUMBER='1' AIRFLOW_CTX_DAG_RUN_ID='manual__2025-06-25T09:28:52.715795+00:00'
[2025-06-25T18:34:04.581+0900] {taskinstance.py:732} INFO - ::endgroup::
[2025-06-25T18:34:04.593+0900] {logging_mixin.py:190} INFO - empty map check {} {}
[2025-06-25T18:34:04.626+0900] {logging_mixin.py:190} INFO - step : cache
[2025-06-25T18:34:04.627+0900] {logging_mixin.py:190} INFO - step : calc_angle_set2
[2025-06-25T18:34:05.680+0900] {logging_mixin.py:190} INFO - osd 1 0.0 0.0 5 408 [0, 0, 0, 0, 0, 408, 0, 0, 0, 0, 0]
[2025-06-25T18:34:06.910+0900] {logging_mixin.py:190} INFO - osd 2 0.0 0.0 5 408 [0, 0, 0, 0, 0, 408, 0, 0, 0, 0, 0]
[2025-06-25T18:34:06.995+0900] {logging_mixin.py:190} INFO - step : calc_angle_set2
[2025-06-25T18:34:08.443+0900] {logging_mixin.py:190} INFO - osd 1 2.0 2.0 10 794 [0, 0, 0, 2, 3, 20, 47, 103, 408, 764, 794, 391, 72, 23, 8, 7, 0]
[2025-06-25T18:34:09.776+0900] {logging_mixin.py:190} INFO - osd 2 2.0 0.0 8 816 [0, 21, 0, 3, 2, 82, 416, 801, 816, 490, 148, 64, 48, 17, 0, 0, 18]
[2025-06-25T18:34:09.830+0900] {logging_mixin.py:190} INFO - step : calc_angle_set2
[2025-06-25T18:34:11.501+0900] {logging_mixin.py:190} INFO - osd 1 -0.625 -0.625 3 917 [801, 873, 831, 917, 873, 817, 868, 837, 816, 865, 724, 715, 647, 588, 550, 519, 490]
[2025-06-25T18:34:13.029+0900] {logging_mixin.py:190} INFO - osd 2 -0.5 0.125 9 927 [567, 581, 672, 675, 716, 747, 816, 887, 908, 927, 913, 877, 798, 739, 720, 683, 614]
[2025-06-25T18:34:13.068+0900] {logging_mixin.py:190} INFO - step : text_orientation_set
[2025-06-25T18:34:18.813+0900] {logging_mixin.py:190} INFO - osd 1 180 180 0.18 Cyrillic 1.67
[2025-06-25T18:34:24.358+0900] {logging_mixin.py:190} INFO - osd 2 break  180 0 0.32 Cyrillic 2.22
[2025-06-25T18:34:24.405+0900] {logging_mixin.py:190} INFO - file_copy: /opt/***/data/temp/2d0ada47-7bd4-463c-8578-435fd7ef4f8b/0f45b990-9ba5-45a0-85a6-506fbe2f09a0/_result.png
[2025-06-25T18:34:24.412+0900] {python.py:240} INFO - Done. Returned value was: {'file_id': '2d0ada47-7bd4-463c-8578-435fd7ef4f8b', 'file_path': '/opt/***/data/class/a_class/classify/ready/false/copied_30_88791685.png', 'false': {'process_id': '_0f45b990-9ba5-45a0-85a6-506fbe2f09a0_pre', 'folder_path': '2d0ada47-7bd4-463c-8578-435fd7ef4f8b/0f45b990-9ba5-45a0-85a6-506fbe2f09a0', 'step_list': [{'name': 'cache', 'param': {'cache_key': 'origin'}}, {'name': 'calc_angle_set2', 'param': {'angle_key': 'angle2_1', 'delta': 8.0, 'limit': 40, 'iterations': 2, 'iter_save': False}}, {'name': 'calc_angle_set2', 'param': {'angle_key': 'angle2_2', 'delta': 1.0, 'limit': 8, 'iterations': 2, 'iter_save': False}}, {'name': 'calc_angle_set2', 'param': {'angle_key': 'angle2_3', 'delta': 0.125, 'limit': 1, 'iterations': 2, 'iter_save': False}}, {'name': 'text_orientation_set', 'param': {'angle_key': 'orint', 'iterations': 3, 'iter_save': False}}], 'result_file_map': {'_result': '/opt/***/data/temp/2d0ada47-7bd4-463c-8578-435fd7ef4f8b/0f45b990-9ba5-45a0-85a6-506fbe2f09a0/_result.png'}}}
[2025-06-25T18:34:24.483+0900] {taskinstance.py:341} INFO - ::group::Post task execution logs
[2025-06-25T18:34:24.485+0900] {taskinstance.py:353} INFO - Marking task as SUCCESS. dag_id=lilt_document_classifier_balanced_V0.1, task_id=img_preprocess_task__1, run_id=manual__2025-06-25T09:28:52.715795+00:00, map_index=19, execution_date=20250625T092852, start_date=20250625T093404, end_date=20250625T093424
[2025-06-25T18:34:24.703+0900] {local_task_job_runner.py:266} INFO - Task exited with return code 0
[2025-06-25T18:34:24.752+0900] {taskinstance.py:3901} INFO - 0 downstream tasks scheduled from follow-on schedule check
[2025-06-25T18:34:24.759+0900] {local_task_job_runner.py:245} INFO - ::endgroup::
