[2025-06-16T17:30:05.422+0900] {local_task_job_runner.py:123} INFO - ::group::Pre task execution logs
[2025-06-16T17:30:05.448+0900] {taskinstance.py:2614} INFO - Dependencies all met for dep_context=non-requeueable deps ti=<TaskInstance: image_ocr_v2.img_preprocess_task manual__2025-06-16T08:29:57.337742+00:00 map_index=1 [queued]>
[2025-06-16T17:30:05.462+0900] {taskinstance.py:2614} INFO - Dependencies all met for dep_context=requeueable deps ti=<TaskInstance: image_ocr_v2.img_preprocess_task manual__2025-06-16T08:29:57.337742+00:00 map_index=1 [queued]>
[2025-06-16T17:30:05.463+0900] {taskinstance.py:2867} INFO - Starting attempt 1 of 1
[2025-06-16T17:30:05.477+0900] {taskinstance.py:2890} INFO - Executing <Mapped(_PythonDecoratedOperator): img_preprocess_task> on 2025-06-16 08:29:57.337742+00:00
[2025-06-16T17:30:05.485+0900] {warnings.py:112} WARNING - /home/***/.local/lib/python3.12/site-packages/***/task/task_runner/standard_task_runner.py:70: DeprecationWarning: This process (pid=11517) is multi-threaded, use of fork() may lead to deadlocks in the child.
  pid = os.fork()

[2025-06-16T17:30:05.487+0900] {standard_task_runner.py:72} INFO - Started process 11528 to run task
[2025-06-16T17:30:05.487+0900] {standard_task_runner.py:104} INFO - Running: ['***', 'tasks', 'run', 'image_ocr_v2', 'img_preprocess_task', 'manual__2025-06-16T08:29:57.337742+00:00', '--job-id', '631', '--raw', '--subdir', 'DAGS_FOLDER/test_dag.py', '--cfg-path', '/tmp/tmpie2kjyv8', '--map-index', '1']
[2025-06-16T17:30:05.491+0900] {standard_task_runner.py:105} INFO - Job 631: Subtask img_preprocess_task
[2025-06-16T17:30:05.538+0900] {task_command.py:467} INFO - Running <TaskInstance: image_ocr_v2.img_preprocess_task manual__2025-06-16T08:29:57.337742+00:00 map_index=1 [running]> on host f6d4228a9eb8
[2025-06-16T17:30:05.628+0900] {taskinstance.py:3134} INFO - Exporting env vars: AIRFLOW_CTX_DAG_OWNER='***' AIRFLOW_CTX_DAG_ID='image_ocr_v2' AIRFLOW_CTX_TASK_ID='img_preprocess_task' AIRFLOW_CTX_EXECUTION_DATE='2025-06-16T08:29:57.337742+00:00' AIRFLOW_CTX_TRY_NUMBER='1' AIRFLOW_CTX_DAG_RUN_ID='manual__2025-06-16T08:29:57.337742+00:00'
[2025-06-16T17:30:05.630+0900] {taskinstance.py:732} INFO - ::endgroup::
[2025-06-16T17:30:05.633+0900] {logging_mixin.py:190} INFO - empty map check {} {'process_id': '_0cbf370b-b570-4c0a-8217-b4b72b8faa17_pre', 'folder_path': 'e6cfa96a-e5a2-456b-ac14-b959625ba44e/0cbf370b-b570-4c0a-8217-b4b72b8faa17', 'step_list': [{'name': 'cache', 'param': {'key': 'origin'}}, {'name': 'calc_angle_set3', 'param': {'key': 'angle1', 'iterations': 3, 'iter_save': True}}, {'name': 'calc_angle_set2', 'param': {'key': 'angle2', 'iterations': 1, 'iter_save': True}}, {'name': 'threshold', 'param': {}}, {'name': 'save', 'param': {'key': 'classify_preprocess'}}], 'result_file_list': []}
[2025-06-16T17:30:05.634+0900] {logging_mixin.py:190} INFO - step : cache
[2025-06-16T17:30:05.635+0900] {logging_mixin.py:190} INFO - step : calc_angle_set3
[2025-06-16T17:30:05.707+0900] {logging_mixin.py:190} INFO - file_copy: /opt/***/data/temp/e6cfa96a-e5a2-456b-ac14-b959625ba44e/0cbf370b-b570-4c0a-8217-b4b72b8faa17/rotate31_1.png
[2025-06-16T17:30:05.747+0900] {logging_mixin.py:190} INFO - file_copy: /opt/***/data/temp/e6cfa96a-e5a2-456b-ac14-b959625ba44e/0cbf370b-b570-4c0a-8217-b4b72b8faa17/rotate32_1.png
[2025-06-16T17:30:05.800+0900] {logging_mixin.py:190} INFO - file_copy: /opt/***/data/temp/e6cfa96a-e5a2-456b-ac14-b959625ba44e/0cbf370b-b570-4c0a-8217-b4b72b8faa17/rotate33_1.png
[2025-06-16T17:30:05.909+0900] {logging_mixin.py:190} INFO - osd 1 0 0 [-90, -90, -90, -90, -90, -90, -90, -90, -90, -90, -90, -90, -90, -90, -90, -90, -90, -90, -90, -90, -90, -90, -90, -90, -90, -90, -90, -90, -90, -90, -90, -90, -90, -90, -90, -90, -90, -90, -90, -90, -90, -90, -90, -90, -90, -90, -90, -90, -90, -90, -90]
[2025-06-16T17:30:05.910+0900] {logging_mixin.py:190} INFO - step : calc_angle_set2
[2025-06-16T17:30:11.966+0900] {logging_mixin.py:190} INFO - file_copy: /opt/***/data/temp/e6cfa96a-e5a2-456b-ac14-b959625ba44e/0cbf370b-b570-4c0a-8217-b4b72b8faa17/rotate2_1.png
[2025-06-16T17:30:13.542+0900] {logging_mixin.py:190} INFO - osd 1 270 270 5.35 Latin 1.73
[2025-06-16T17:30:13.670+0900] {logging_mixin.py:190} INFO - step : threshold
[2025-06-16T17:30:13.675+0900] {logging_mixin.py:190} INFO - step : save
[2025-06-16T17:30:13.768+0900] {logging_mixin.py:190} INFO - file_copy: /opt/***/data/temp/e6cfa96a-e5a2-456b-ac14-b959625ba44e/0cbf370b-b570-4c0a-8217-b4b72b8faa17/classify_preprocess.png
[2025-06-16T17:30:13.779+0900] {python.py:240} INFO - Done. Returned value was: {'file_id': 'e6cfa96a-e5a2-456b-ac14-b959625ba44e', 'file_path': '/opt/***/data/upload/Gas Engine 점검일지_ 2021년 2월.pdf-image-007.jpg', 'result': {'process_id': '_0cbf370b-b570-4c0a-8217-b4b72b8faa17_pre', 'folder_path': 'e6cfa96a-e5a2-456b-ac14-b959625ba44e/0cbf370b-b570-4c0a-8217-b4b72b8faa17', 'step_list': [{'name': 'cache', 'param': {'key': 'origin'}}, {'name': 'calc_angle_set3', 'param': {'key': 'angle1', 'iterations': 3, 'iter_save': True}}, {'name': 'calc_angle_set2', 'param': {'key': 'angle2', 'iterations': 1, 'iter_save': True}}, {'name': 'threshold', 'param': {}}, {'name': 'save', 'param': {'key': 'classify_preprocess'}}], 'result_file_list': [{'key': 'rotate31_1', 'path': '/opt/***/data/temp/e6cfa96a-e5a2-456b-ac14-b959625ba44e/0cbf370b-b570-4c0a-8217-b4b72b8faa17/rotate31_1.png'}, {'key': 'rotate32_1', 'path': '/opt/***/data/temp/e6cfa96a-e5a2-456b-ac14-b959625ba44e/0cbf370b-b570-4c0a-8217-b4b72b8faa17/rotate32_1.png'}, {'key': 'rotate33_1', 'path': '/opt/***/data/temp/e6cfa96a-e5a2-456b-ac14-b959625ba44e/0cbf370b-b570-4c0a-8217-b4b72b8faa17/rotate33_1.png'}, {'key': 'rotate2_1', 'path': '/opt/***/data/temp/e6cfa96a-e5a2-456b-ac14-b959625ba44e/0cbf370b-b570-4c0a-8217-b4b72b8faa17/rotate2_1.png'}, {'key': 'classify_preprocess', 'path': '/opt/***/data/temp/e6cfa96a-e5a2-456b-ac14-b959625ba44e/0cbf370b-b570-4c0a-8217-b4b72b8faa17/classify_preprocess.png'}]}}
[2025-06-16T17:30:13.811+0900] {taskinstance.py:341} INFO - ::group::Post task execution logs
[2025-06-16T17:30:13.812+0900] {taskinstance.py:353} INFO - Marking task as SUCCESS. dag_id=image_ocr_v2, task_id=img_preprocess_task, run_id=manual__2025-06-16T08:29:57.337742+00:00, map_index=1, execution_date=20250616T082957, start_date=20250616T083005, end_date=20250616T083013
[2025-06-16T17:30:13.902+0900] {local_task_job_runner.py:266} INFO - Task exited with return code 0
[2025-06-16T17:30:13.927+0900] {taskinstance.py:3901} INFO - 1 downstream tasks scheduled from follow-on schedule check
[2025-06-16T17:30:13.928+0900] {local_task_job_runner.py:245} INFO - ::endgroup::
