[2025-06-23T09:45:20.331+0900] {local_task_job_runner.py:123} INFO - ::group::Pre task execution logs
[2025-06-23T09:45:20.411+0900] {taskinstance.py:2614} INFO - Dependencies all met for dep_context=non-requeueable deps ti=<TaskInstance: lilt_document_classifier_balanced_V0.1.img_preprocess_task manual__2025-06-23T00:42:21.868462+00:00 map_index=44 [queued]>
[2025-06-23T09:45:20.446+0900] {taskinstance.py:2614} INFO - Dependencies all met for dep_context=requeueable deps ti=<TaskInstance: lilt_document_classifier_balanced_V0.1.img_preprocess_task manual__2025-06-23T00:42:21.868462+00:00 map_index=44 [queued]>
[2025-06-23T09:45:20.449+0900] {taskinstance.py:2867} INFO - Starting attempt 1 of 1
[2025-06-23T09:45:20.480+0900] {taskinstance.py:2890} INFO - Executing <Mapped(_PythonDecoratedOperator): img_preprocess_task> on 2025-06-23 00:42:21.868462+00:00
[2025-06-23T09:45:20.504+0900] {warnings.py:112} WARNING - /home/***/.local/lib/python3.12/site-packages/***/task/task_runner/standard_task_runner.py:70: DeprecationWarning: This process (pid=82478) is multi-threaded, use of fork() may lead to deadlocks in the child.
  pid = os.fork()

[2025-06-23T09:45:20.508+0900] {standard_task_runner.py:72} INFO - Started process 82536 to run task
[2025-06-23T09:45:20.513+0900] {standard_task_runner.py:104} INFO - Running: ['***', 'tasks', 'run', 'lilt_document_classifier_balanced_V0.1', 'img_preprocess_task', 'manual__2025-06-23T00:42:21.868462+00:00', '--job-id', '1977', '--raw', '--subdir', 'DAGS_FOLDER/class_create_dag.py', '--cfg-path', '/tmp/tmpylizc6f_', '--map-index', '44']
[2025-06-23T09:45:20.528+0900] {standard_task_runner.py:105} INFO - Job 1977: Subtask img_preprocess_task
[2025-06-23T09:45:20.738+0900] {task_command.py:467} INFO - Running <TaskInstance: lilt_document_classifier_balanced_V0.1.img_preprocess_task manual__2025-06-23T00:42:21.868462+00:00 map_index=44 [running]> on host f6d4228a9eb8
[2025-06-23T09:45:20.956+0900] {taskinstance.py:3134} INFO - Exporting env vars: AIRFLOW_CTX_DAG_OWNER='***' AIRFLOW_CTX_DAG_ID='lilt_document_classifier_balanced_V0.1' AIRFLOW_CTX_TASK_ID='img_preprocess_task' AIRFLOW_CTX_EXECUTION_DATE='2025-06-23T00:42:21.868462+00:00' AIRFLOW_CTX_TRY_NUMBER='1' AIRFLOW_CTX_DAG_RUN_ID='manual__2025-06-23T00:42:21.868462+00:00'
[2025-06-23T09:45:20.960+0900] {taskinstance.py:732} INFO - ::endgroup::
[2025-06-23T09:45:20.981+0900] {logging_mixin.py:190} INFO - empty map check {} {'process_id': '_fdb355b5-507d-4b35-8522-a66eaf53c552_pre', 'folder_path': '3a276315-0326-4250-a195-2b6d563db413/fdb355b5-507d-4b35-8522-a66eaf53c552', 'step_list': [{'name': 'cache', 'param': {'key': 'origin'}}, {'name': 'calc_angle_set1', 'param': {'key': 'angle1', 'iterations': 4, 'iter_save': False}}, {'name': 'text_orientation_set', 'param': {'key': 'angle2', 'iterations': 4, 'iter_save': False}}, {'name': 'load', 'param': {'key': 'origin'}}, {'name': 'rotate', 'param': {'key': 'angle1'}}, {'name': 'rotate', 'param': {'key': 'angle2'}}], 'result_file_map': {}}
[2025-06-23T09:45:21.003+0900] {logging_mixin.py:190} INFO - step : cache
[2025-06-23T09:45:21.006+0900] {logging_mixin.py:190} INFO - step : calc_angle_set1
[2025-06-23T09:45:21.909+0900] {logging_mixin.py:190} INFO - step : text_orientation_set
[2025-06-23T09:45:36.456+0900] {logging_mixin.py:190} INFO - osd 1 break  0 0 7.05 Japanese 0.18
[2025-06-23T09:45:36.459+0900] {logging_mixin.py:190} INFO - step : load
[2025-06-23T09:45:36.464+0900] {logging_mixin.py:190} INFO - step : rotate
[2025-06-23T09:45:36.734+0900] {logging_mixin.py:190} INFO - step : rotate
[2025-06-23T09:45:37.096+0900] {logging_mixin.py:190} INFO - file_copy: /opt/***/data/temp/3a276315-0326-4250-a195-2b6d563db413/fdb355b5-507d-4b35-8522-a66eaf53c552/_result.png
[2025-06-23T09:45:37.123+0900] {python.py:240} INFO - Done. Returned value was: {'file_id': '3a276315-0326-4250-a195-2b6d563db413', 'file_path': '/opt/***/data/class/a_class/classify/ready/true/이화동 엘림빌딩 -정부24 - 건축물대장 등본(초본) 발급(열람) _ 문서출력_page_1_aug2.png', 'true': {'process_id': '_fdb355b5-507d-4b35-8522-a66eaf53c552_pre', 'folder_path': '3a276315-0326-4250-a195-2b6d563db413/fdb355b5-507d-4b35-8522-a66eaf53c552', 'step_list': [{'name': 'cache', 'param': {'key': 'origin'}}, {'name': 'calc_angle_set1', 'param': {'key': 'angle1', 'iterations': 4, 'iter_save': False}}, {'name': 'text_orientation_set', 'param': {'key': 'angle2', 'iterations': 4, 'iter_save': False}}, {'name': 'load', 'param': {'key': 'origin'}}, {'name': 'rotate', 'param': {'key': 'angle1'}}, {'name': 'rotate', 'param': {'key': 'angle2'}}], 'result_file_map': {'_result': '/opt/***/data/temp/3a276315-0326-4250-a195-2b6d563db413/fdb355b5-507d-4b35-8522-a66eaf53c552/_result.png'}}}
[2025-06-23T09:45:37.235+0900] {taskinstance.py:341} INFO - ::group::Post task execution logs
[2025-06-23T09:45:37.245+0900] {taskinstance.py:353} INFO - Marking task as SUCCESS. dag_id=lilt_document_classifier_balanced_V0.1, task_id=img_preprocess_task, run_id=manual__2025-06-23T00:42:21.868462+00:00, map_index=44, execution_date=20250623T004221, start_date=20250623T004520, end_date=20250623T004537
[2025-06-23T09:45:37.337+0900] {local_task_job_runner.py:266} INFO - Task exited with return code 0
[2025-06-23T09:45:37.405+0900] {taskinstance.py:3901} INFO - 0 downstream tasks scheduled from follow-on schedule check
[2025-06-23T09:45:37.411+0900] {local_task_job_runner.py:245} INFO - ::endgroup::
