[2025-06-13T00:40:21.384+0000] {local_task_job_runner.py:123} INFO - ::group::Pre task execution logs
[2025-06-13T00:40:21.402+0000] {taskinstance.py:2614} INFO - Dependencies all met for dep_context=non-requeueable deps ti=<TaskInstance: layoutxlm_document_classifier_balanced.count_images manual__2025-06-13T00:40:16.394215+00:00 [queued]>
[2025-06-13T00:40:21.412+0000] {taskinstance.py:2614} INFO - Dependencies all met for dep_context=requeueable deps ti=<TaskInstance: layoutxlm_document_classifier_balanced.count_images manual__2025-06-13T00:40:16.394215+00:00 [queued]>
[2025-06-13T00:40:21.413+0000] {taskinstance.py:2867} INFO - Starting attempt 1 of 1
[2025-06-13T00:40:21.438+0000] {taskinstance.py:2890} INFO - Executing <Task(_PythonDecoratedOperator): count_images> on 2025-06-13 00:40:16.394215+00:00
[2025-06-13T00:40:21.468+0000] {warnings.py:112} WARNING - /home/***/.local/lib/python3.12/site-packages/***/task/task_runner/standard_task_runner.py:70: DeprecationWarning: This process (pid=11942) is multi-threaded, use of fork() may lead to deadlocks in the child.
  pid = os.fork()

[2025-06-13T00:40:21.474+0000] {standard_task_runner.py:72} INFO - Started process 11943 to run task
[2025-06-13T00:40:21.478+0000] {standard_task_runner.py:104} INFO - Running: ['***', 'tasks', 'run', 'layoutxlm_document_classifier_balanced', 'count_images', 'manual__2025-06-13T00:40:16.394215+00:00', '--job-id', '11', '--raw', '--subdir', 'DAGS_FOLDER/class_create_dag.py', '--cfg-path', '/tmp/tmpaqts03be']
[2025-06-13T00:40:21.489+0000] {standard_task_runner.py:105} INFO - Job 11: Subtask count_images
[2025-06-13T00:40:21.653+0000] {task_command.py:467} INFO - Running <TaskInstance: layoutxlm_document_classifier_balanced.count_images manual__2025-06-13T00:40:16.394215+00:00 [running]> on host 1b4dc43139a5
[2025-06-13T00:40:21.979+0000] {taskinstance.py:3134} INFO - Exporting env vars: AIRFLOW_CTX_DAG_OWNER='***' AIRFLOW_CTX_DAG_ID='layoutxlm_document_classifier_balanced' AIRFLOW_CTX_TASK_ID='count_images' AIRFLOW_CTX_EXECUTION_DATE='2025-06-13T00:40:16.394215+00:00' AIRFLOW_CTX_TRY_NUMBER='1' AIRFLOW_CTX_DAG_RUN_ID='manual__2025-06-13T00:40:16.394215+00:00'
[2025-06-13T00:40:21.984+0000] {taskinstance.py:732} INFO - ::endgroup::
[2025-06-13T00:40:22.634+0000] {logging_mixin.py:190} INFO - TRUE_IMAGE_DIR 파일 개수: 18
[2025-06-13T00:40:22.636+0000] {logging_mixin.py:190} INFO - FALSE_IMAGE_DIR 파일 개수: 0
[2025-06-13T00:40:22.637+0000] {logging_mixin.py:190} INFO - NONE_DOC_IMAGE_DIR 파일 개수: 39996
[2025-06-13T00:40:22.639+0000] {python.py:240} INFO - Done. Returned value was: {'true_count': 18, 'false_count': 0, 'none_doc_count': 39996}
[2025-06-13T00:40:22.719+0000] {taskinstance.py:341} INFO - ::group::Post task execution logs
[2025-06-13T00:40:22.721+0000] {taskinstance.py:353} INFO - Marking task as SUCCESS. dag_id=layoutxlm_document_classifier_balanced, task_id=count_images, run_id=manual__2025-06-13T00:40:16.394215+00:00, execution_date=20250613T004016, start_date=20250613T004021, end_date=20250613T004022
[2025-06-13T00:40:22.854+0000] {local_task_job_runner.py:266} INFO - Task exited with return code 0
[2025-06-13T00:40:22.967+0000] {taskinstance.py:3901} INFO - 1 downstream tasks scheduled from follow-on schedule check
[2025-06-13T00:40:22.973+0000] {local_task_job_runner.py:245} INFO - ::endgroup::
