[2025-06-10T04:59:11.971+0000] {local_task_job_runner.py:123} INFO - ::group::Pre task execution logs
[2025-06-10T04:59:11.997+0000] {taskinstance.py:2614} INFO - Dependencies all met for dep_context=non-requeueable deps ti=<TaskInstance: image_ocr_v2.img_preprocess_task manual__2025-06-10T04:59:04.497756+00:00 map_index=0 [queued]>
[2025-06-10T04:59:12.009+0000] {taskinstance.py:2614} INFO - Dependencies all met for dep_context=requeueable deps ti=<TaskInstance: image_ocr_v2.img_preprocess_task manual__2025-06-10T04:59:04.497756+00:00 map_index=0 [queued]>
[2025-06-10T04:59:12.010+0000] {taskinstance.py:2867} INFO - Starting attempt 1 of 1
[2025-06-10T04:59:12.025+0000] {taskinstance.py:2890} INFO - Executing <Mapped(_PythonDecoratedOperator): img_preprocess_task> on 2025-06-10 04:59:04.497756+00:00
[2025-06-10T04:59:12.032+0000] {warnings.py:112} WARNING - /home/***/.local/lib/python3.12/site-packages/***/task/task_runner/standard_task_runner.py:70: DeprecationWarning: This process (pid=23107) is multi-threaded, use of fork() may lead to deadlocks in the child.
  pid = os.fork()

[2025-06-10T04:59:12.033+0000] {standard_task_runner.py:72} INFO - Started process 23117 to run task
[2025-06-10T04:59:12.035+0000] {standard_task_runner.py:104} INFO - Running: ['***', 'tasks', 'run', 'image_ocr_v2', 'img_preprocess_task', 'manual__2025-06-10T04:59:04.497756+00:00', '--job-id', '299', '--raw', '--subdir', 'DAGS_FOLDER/test_dag.py', '--cfg-path', '/tmp/tmp0nt42lo_', '--map-index', '0']
[2025-06-10T04:59:12.037+0000] {standard_task_runner.py:105} INFO - Job 299: Subtask img_preprocess_task
[2025-06-10T04:59:12.092+0000] {task_command.py:467} INFO - Running <TaskInstance: image_ocr_v2.img_preprocess_task manual__2025-06-10T04:59:04.497756+00:00 map_index=0 [running]> on host 85194d6fbd18
[2025-06-10T04:59:12.187+0000] {taskinstance.py:3134} INFO - Exporting env vars: AIRFLOW_CTX_DAG_OWNER='***' AIRFLOW_CTX_DAG_ID='image_ocr_v2' AIRFLOW_CTX_TASK_ID='img_preprocess_task' AIRFLOW_CTX_EXECUTION_DATE='2025-06-10T04:59:04.497756+00:00' AIRFLOW_CTX_TRY_NUMBER='1' AIRFLOW_CTX_DAG_RUN_ID='manual__2025-06-10T04:59:04.497756+00:00'
[2025-06-10T04:59:12.190+0000] {taskinstance.py:732} INFO - ::endgroup::
[2025-06-10T04:59:12.192+0000] {logging_mixin.py:190} INFO - empty map check {} {'process_id': 'dae99a6c-e91c-41d8-ac69-ec387725d6a4', 'folder_path': '0f9339c5-ba43-4772-8b25-6d249c4f237a/dae99a6c-e91c-41d8-ac69-ec387725d6a4', 'step_list': [{'name': 'cache', 'param': {'key': 'origin'}}, {'name': 'calc_angle_set1', 'param': {'key': 'angle1', 'iterations': 3}}, {'name': 'save', 'param': {'key': 'rotate1'}}, {'name': 'calc_angle_set2', 'param': {'key': 'angle2', 'iterations': 2}}, {'name': 'save', 'param': {'key': 'rotate2'}}, {'name': 'threshold', 'param': {}}, {'name': 'morphology1', 'param': {}}, {'name': 'scale1', 'param': {'width': 500, 'height': 500}}, {'name': 'save', 'param': {'key': 'classify_preprocess'}}], 'result_file_list': []}
[2025-06-10T04:59:12.193+0000] {logging_mixin.py:190} INFO - step : cache
[2025-06-10T04:59:12.193+0000] {logging_mixin.py:190} INFO - step : calc_angle_set1
[2025-06-10T04:59:12.231+0000] {logging_mixin.py:190} INFO - angle1 :  0 0.25547857154454756 0.4054614588889507 0.37427304010819284 0.12113254576841094 0.12104724141263573
[2025-06-10T04:59:12.322+0000] {logging_mixin.py:190} INFO - angle2 :  0.25547857154454756 -0.008297945586883876 0.12475925739857985 0.12469137988858847 -0.1615098738662929 -0.12113254576841094
[2025-06-10T04:59:12.325+0000] {logging_mixin.py:190} INFO - step : save
[2025-06-10T04:59:12.578+0000] {logging_mixin.py:190} INFO - file_copy: /opt/***/data/result/0f9339c5-ba43-4772-8b25-6d249c4f237a/dae99a6c-e91c-41d8-ac69-ec387725d6a4/rotate1.png
[2025-06-10T04:59:12.590+0000] {logging_mixin.py:190} INFO - step : calc_angle_set2
[2025-06-10T04:59:13.387+0000] {logging_mixin.py:190} INFO - osd 0 0 0.1 Arabic 0.0
[2025-06-10T04:59:13.483+0000] {logging_mixin.py:190} INFO - file_copy: /opt/***/data/result/0f9339c5-ba43-4772-8b25-6d249c4f237a/dae99a6c-e91c-41d8-ac69-ec387725d6a4/rotate2_1.png
[2025-06-10T04:59:14.217+0000] {logging_mixin.py:190} INFO - osd 0 0 0.1 Arabic 0.0
[2025-06-10T04:59:14.310+0000] {logging_mixin.py:190} INFO - file_copy: /opt/***/data/result/0f9339c5-ba43-4772-8b25-6d249c4f237a/dae99a6c-e91c-41d8-ac69-ec387725d6a4/rotate2_2.png
[2025-06-10T04:59:14.381+0000] {logging_mixin.py:190} INFO - step : save
[2025-06-10T04:59:14.522+0000] {logging_mixin.py:190} INFO - file_copy: /opt/***/data/result/0f9339c5-ba43-4772-8b25-6d249c4f237a/dae99a6c-e91c-41d8-ac69-ec387725d6a4/rotate2.png
[2025-06-10T04:59:14.533+0000] {logging_mixin.py:190} INFO - step : threshold
[2025-06-10T04:59:14.604+0000] {logging_mixin.py:190} INFO - step : morphology1
[2025-06-10T04:59:14.619+0000] {logging_mixin.py:190} INFO - step : scale1
[2025-06-10T04:59:14.625+0000] {logging_mixin.py:190} INFO - step : save
[2025-06-10T04:59:14.637+0000] {logging_mixin.py:190} INFO - file_copy: /opt/***/data/result/0f9339c5-ba43-4772-8b25-6d249c4f237a/dae99a6c-e91c-41d8-ac69-ec387725d6a4/classify_preprocess.png
[2025-06-10T04:59:14.642+0000] {python.py:240} INFO - Done. Returned value was: {'file_id': '0f9339c5-ba43-4772-8b25-6d249c4f237a', 'file_path': '/opt/***/data/upload/Gas Engine 점검일지_ 2021년 2월.pdf-image-011.jpg', 'preprocess_list': [{'process_id': 'dae99a6c-e91c-41d8-ac69-ec387725d6a4', 'folder_path': '0f9339c5-ba43-4772-8b25-6d249c4f237a/dae99a6c-e91c-41d8-ac69-ec387725d6a4', 'step_list': [{'name': 'cache', 'param': {'key': 'origin'}}, {'name': 'calc_angle_set1', 'param': {'key': 'angle1', 'iterations': 3}}, {'name': 'save', 'param': {'key': 'rotate1'}}, {'name': 'calc_angle_set2', 'param': {'key': 'angle2', 'iterations': 2}}, {'name': 'save', 'param': {'key': 'rotate2'}}, {'name': 'threshold', 'param': {}}, {'name': 'morphology1', 'param': {}}, {'name': 'scale1', 'param': {'width': 500, 'height': 500}}, {'name': 'save', 'param': {'key': 'classify_preprocess'}}], 'result_file_list': [{'rotate1': '/opt/***/data/result/0f9339c5-ba43-4772-8b25-6d249c4f237a/dae99a6c-e91c-41d8-ac69-ec387725d6a4/rotate1.png'}, {'rotate2_1': '/opt/***/data/result/0f9339c5-ba43-4772-8b25-6d249c4f237a/dae99a6c-e91c-41d8-ac69-ec387725d6a4/rotate2_1.png'}, {'rotate2_2': '/opt/***/data/result/0f9339c5-ba43-4772-8b25-6d249c4f237a/dae99a6c-e91c-41d8-ac69-ec387725d6a4/rotate2_2.png'}, {'rotate2': '/opt/***/data/result/0f9339c5-ba43-4772-8b25-6d249c4f237a/dae99a6c-e91c-41d8-ac69-ec387725d6a4/rotate2.png'}, {'classify_preprocess': '/opt/***/data/result/0f9339c5-ba43-4772-8b25-6d249c4f237a/dae99a6c-e91c-41d8-ac69-ec387725d6a4/classify_preprocess.png'}]}]}
[2025-06-10T04:59:14.671+0000] {taskinstance.py:341} INFO - ::group::Post task execution logs
[2025-06-10T04:59:14.671+0000] {taskinstance.py:353} INFO - Marking task as SUCCESS. dag_id=image_ocr_v2, task_id=img_preprocess_task, run_id=manual__2025-06-10T04:59:04.497756+00:00, map_index=0, execution_date=20250610T045904, start_date=20250610T045911, end_date=20250610T045914
[2025-06-10T04:59:14.739+0000] {local_task_job_runner.py:266} INFO - Task exited with return code 0
[2025-06-10T04:59:14.754+0000] {taskinstance.py:3901} INFO - 0 downstream tasks scheduled from follow-on schedule check
[2025-06-10T04:59:14.756+0000] {local_task_job_runner.py:245} INFO - ::endgroup::
