[2025-06-23T10:59:36.914+0900] {local_task_job_runner.py:123} INFO - ::group::Pre task execution logs
[2025-06-23T10:59:36.978+0900] {taskinstance.py:2614} INFO - Dependencies all met for dep_context=non-requeueable deps ti=<TaskInstance: lilt_document_classifier_balanced_V0.1.img_preprocess_task__1 manual__2025-06-23T01:55:15.838468+00:00 map_index=74 [queued]>
[2025-06-23T10:59:37.013+0900] {taskinstance.py:2614} INFO - Dependencies all met for dep_context=requeueable deps ti=<TaskInstance: lilt_document_classifier_balanced_V0.1.img_preprocess_task__1 manual__2025-06-23T01:55:15.838468+00:00 map_index=74 [queued]>
[2025-06-23T10:59:37.014+0900] {taskinstance.py:2867} INFO - Starting attempt 1 of 1
[2025-06-23T10:59:37.041+0900] {taskinstance.py:2890} INFO - Executing <Mapped(_PythonDecoratedOperator): img_preprocess_task__1> on 2025-06-23 01:55:15.838468+00:00
[2025-06-23T10:59:37.063+0900] {warnings.py:112} WARNING - /home/***/.local/lib/python3.12/site-packages/***/task/task_runner/standard_task_runner.py:70: DeprecationWarning: This process (pid=91979) is multi-threaded, use of fork() may lead to deadlocks in the child.
  pid = os.fork()

[2025-06-23T10:59:37.070+0900] {standard_task_runner.py:72} INFO - Started process 92025 to run task
[2025-06-23T10:59:37.065+0900] {standard_task_runner.py:104} INFO - Running: ['***', 'tasks', 'run', 'lilt_document_classifier_balanced_V0.1', 'img_preprocess_task__1', 'manual__2025-06-23T01:55:15.838468+00:00', '--job-id', '2429', '--raw', '--subdir', 'DAGS_FOLDER/class_create_dag.py', '--cfg-path', '/tmp/tmpp_1pp1vx', '--map-index', '74']
[2025-06-23T10:59:37.079+0900] {standard_task_runner.py:105} INFO - Job 2429: Subtask img_preprocess_task__1
[2025-06-23T10:59:37.174+0900] {task_command.py:467} INFO - Running <TaskInstance: lilt_document_classifier_balanced_V0.1.img_preprocess_task__1 manual__2025-06-23T01:55:15.838468+00:00 map_index=74 [running]> on host f6d4228a9eb8
[2025-06-23T10:59:37.392+0900] {taskinstance.py:3134} INFO - Exporting env vars: AIRFLOW_CTX_DAG_OWNER='***' AIRFLOW_CTX_DAG_ID='lilt_document_classifier_balanced_V0.1' AIRFLOW_CTX_TASK_ID='img_preprocess_task__1' AIRFLOW_CTX_EXECUTION_DATE='2025-06-23T01:55:15.838468+00:00' AIRFLOW_CTX_TRY_NUMBER='1' AIRFLOW_CTX_DAG_RUN_ID='manual__2025-06-23T01:55:15.838468+00:00'
[2025-06-23T10:59:37.395+0900] {taskinstance.py:732} INFO - ::endgroup::
[2025-06-23T10:59:37.399+0900] {logging_mixin.py:190} INFO - empty map check {} {'process_id': '_58668ba4-f395-4605-ad97-9438d87b471f_pre', 'folder_path': '6615d694-2ab2-468d-8bfa-6a930e967059/58668ba4-f395-4605-ad97-9438d87b471f', 'step_list': [{'name': 'cache', 'param': {'key': 'origin'}}, {'name': 'calc_angle_set1', 'param': {'key': 'angle1', 'iterations': 4, 'iter_save': False}}, {'name': 'text_orientation_set', 'param': {'key': 'angle2', 'iterations': 4, 'iter_save': False}}, {'name': 'load', 'param': {'key': 'origin'}}, {'name': 'rotate', 'param': {'key': 'angle1'}}, {'name': 'rotate', 'param': {'key': 'angle2'}}], 'result_file_map': {}}
[2025-06-23T10:59:37.407+0900] {logging_mixin.py:190} INFO - step : cache
[2025-06-23T10:59:37.408+0900] {logging_mixin.py:190} INFO - step : calc_angle_set1
[2025-06-23T10:59:37.448+0900] {logging_mixin.py:190} INFO - step : text_orientation_set
[2025-06-23T10:59:45.015+0900] {logging_mixin.py:190} INFO - osd 1 180 180 0.37 Japanese 0.58
[2025-06-23T10:59:51.374+0900] {logging_mixin.py:190} INFO - osd 2 break  180 0 0.67 Japanese 0.71
[2025-06-23T10:59:51.375+0900] {logging_mixin.py:190} INFO - step : load
[2025-06-23T10:59:51.376+0900] {logging_mixin.py:190} INFO - step : rotate
[2025-06-23T10:59:51.392+0900] {logging_mixin.py:190} INFO - step : rotate
[2025-06-23T10:59:51.491+0900] {logging_mixin.py:190} INFO - file_copy: /opt/***/data/temp/6615d694-2ab2-468d-8bfa-6a930e967059/58668ba4-f395-4605-ad97-9438d87b471f/_result.png
[2025-06-23T10:59:51.498+0900] {python.py:240} INFO - Done. Returned value was: {'file_id': '6615d694-2ab2-468d-8bfa-6a930e967059', 'file_path': '/opt/***/data/class/a_class/classify/ready/false/copied_26_502174649.png', 'false': {'process_id': '_58668ba4-f395-4605-ad97-9438d87b471f_pre', 'folder_path': '6615d694-2ab2-468d-8bfa-6a930e967059/58668ba4-f395-4605-ad97-9438d87b471f', 'step_list': [{'name': 'cache', 'param': {'key': 'origin'}}, {'name': 'calc_angle_set1', 'param': {'key': 'angle1', 'iterations': 4, 'iter_save': False}}, {'name': 'text_orientation_set', 'param': {'key': 'angle2', 'iterations': 4, 'iter_save': False}}, {'name': 'load', 'param': {'key': 'origin'}}, {'name': 'rotate', 'param': {'key': 'angle1'}}, {'name': 'rotate', 'param': {'key': 'angle2'}}], 'result_file_map': {'_result': '/opt/***/data/temp/6615d694-2ab2-468d-8bfa-6a930e967059/58668ba4-f395-4605-ad97-9438d87b471f/_result.png'}}}
[2025-06-23T10:59:51.569+0900] {taskinstance.py:341} INFO - ::group::Post task execution logs
[2025-06-23T10:59:51.570+0900] {taskinstance.py:353} INFO - Marking task as SUCCESS. dag_id=lilt_document_classifier_balanced_V0.1, task_id=img_preprocess_task__1, run_id=manual__2025-06-23T01:55:15.838468+00:00, map_index=74, execution_date=20250623T015515, start_date=20250623T015936, end_date=20250623T015951
[2025-06-23T10:59:51.723+0900] {local_task_job_runner.py:266} INFO - Task exited with return code 0
[2025-06-23T10:59:51.738+0900] {local_task_job_runner.py:245} INFO - ::endgroup::
