[2025-06-24T16:10:46.966+0900] {local_task_job_runner.py:123} INFO - ::group::Pre task execution logs
[2025-06-24T16:10:47.049+0900] {taskinstance.py:2614} INFO - Dependencies all met for dep_context=non-requeueable deps ti=<TaskInstance: lilt_document_classifier_balanced_V0.1.img_preprocess_task manual__2025-06-24T06:53:42.323966+00:00 map_index=80 [queued]>
[2025-06-24T16:10:47.223+0900] {taskinstance.py:2614} INFO - Dependencies all met for dep_context=requeueable deps ti=<TaskInstance: lilt_document_classifier_balanced_V0.1.img_preprocess_task manual__2025-06-24T06:53:42.323966+00:00 map_index=80 [queued]>
[2025-06-24T16:10:47.244+0900] {taskinstance.py:2867} INFO - Starting attempt 1 of 1
[2025-06-24T16:10:47.385+0900] {taskinstance.py:2890} INFO - Executing <Mapped(_PythonDecoratedOperator): img_preprocess_task> on 2025-06-24 06:53:42.323966+00:00
[2025-06-24T16:10:47.439+0900] {warnings.py:112} WARNING - /home/***/.local/lib/python3.12/site-packages/***/task/task_runner/standard_task_runner.py:70: DeprecationWarning: This process (pid=50722) is multi-threaded, use of fork() may lead to deadlocks in the child.
  pid = os.fork()

[2025-06-24T16:10:47.446+0900] {standard_task_runner.py:72} INFO - Started process 50748 to run task
[2025-06-24T16:10:47.437+0900] {standard_task_runner.py:104} INFO - Running: ['***', 'tasks', 'run', 'lilt_document_classifier_balanced_V0.1', 'img_preprocess_task', 'manual__2025-06-24T06:53:42.323966+00:00', '--job-id', '4380', '--raw', '--subdir', 'DAGS_FOLDER/class_create_dag.py', '--cfg-path', '/tmp/tmppnqv2pwy', '--map-index', '80']
[2025-06-24T16:10:47.483+0900] {standard_task_runner.py:105} INFO - Job 4380: Subtask img_preprocess_task
[2025-06-24T16:10:47.589+0900] {task_command.py:467} INFO - Running <TaskInstance: lilt_document_classifier_balanced_V0.1.img_preprocess_task manual__2025-06-24T06:53:42.323966+00:00 map_index=80 [running]> on host f6d4228a9eb8
[2025-06-24T16:10:47.913+0900] {taskinstance.py:3134} INFO - Exporting env vars: AIRFLOW_CTX_DAG_OWNER='***' AIRFLOW_CTX_DAG_ID='lilt_document_classifier_balanced_V0.1' AIRFLOW_CTX_TASK_ID='img_preprocess_task' AIRFLOW_CTX_EXECUTION_DATE='2025-06-24T06:53:42.323966+00:00' AIRFLOW_CTX_TRY_NUMBER='1' AIRFLOW_CTX_DAG_RUN_ID='manual__2025-06-24T06:53:42.323966+00:00'
[2025-06-24T16:10:47.914+0900] {taskinstance.py:732} INFO - ::endgroup::
[2025-06-24T16:10:47.920+0900] {logging_mixin.py:190} INFO - empty map check {} {'process_id': '_8c07f333-28a1-450e-a110-975259986b79_pre', 'folder_path': 'c0490bc2-a2f0-4218-b35c-a979f4e2c150/8c07f333-28a1-450e-a110-975259986b79', 'step_list': [{'name': 'cache', 'param': {'key': 'origin'}}, {'name': 'calc_angle_set2', 'param': {'key': 'angle1', 'iterations': 4, 'iter_save': False}}, {'name': 'text_orientation_set', 'param': {'key': 'angle2', 'iterations': 4, 'iter_save': False}}, {'name': 'load', 'param': {'key': 'origin'}}, {'name': 'rotate', 'param': {'key': 'angle1'}}, {'name': 'rotate', 'param': {'key': 'angle2'}}], 'result_file_map': {}}
[2025-06-24T16:10:47.921+0900] {logging_mixin.py:190} INFO - step : cache
[2025-06-24T16:10:47.921+0900] {logging_mixin.py:190} INFO - step : calc_angle_set2
[2025-06-24T16:11:18.952+0900] {logging_mixin.py:190} INFO - osd 1 -3.75 -3.75 5 119163 [3190, 18492, 40311, 62587, 115317, 119163, 64048, 41781, 19993, 3986, 17, 66, 0, 0, 0, 0, 0, 0, 4, 0, 0, 13, 6, 0, 0, 7, 0, 0, 0, 0, 0, 0, 0, 0, 0, 0, 0, 0, 0, 0, 0]
[2025-06-24T16:11:54.427+0900] {logging_mixin.py:190} INFO - osd 2 -3.75 0.0 20 126940 [31, 0, 0, 0, 18, 0, 0, 0, 0, 0, 2, 8, 1, 10, 0, 3195, 20588, 44726, 68831, 124593, 126940, 70750, 46858, 22786, 4119, 74, 0, 0, 0, 0, 0, 0, 0, 0, 0, 0, 0, 0, 0, 0, 0]
[2025-06-24T16:12:31.617+0900] {logging_mixin.py:190} INFO - osd 3 -3.75 0.0 20 126940 [31, 0, 0, 0, 18, 0, 0, 0, 0, 0, 2, 8, 1, 10, 0, 3195, 20588, 44726, 68831, 124593, 126940, 70750, 46858, 22786, 4119, 74, 0, 0, 0, 0, 0, 0, 0, 0, 0, 0, 0, 0, 0, 0, 0]
[2025-06-24T16:13:04.774+0900] {logging_mixin.py:190} INFO - osd 4 -3.75 0.0 20 126940 [31, 0, 0, 0, 18, 0, 0, 0, 0, 0, 2, 8, 1, 10, 0, 3195, 20588, 44726, 68831, 124593, 126940, 70750, 46858, 22786, 4119, 74, 0, 0, 0, 0, 0, 0, 0, 0, 0, 0, 0, 0, 0, 0, 0]
[2025-06-24T16:13:04.941+0900] {logging_mixin.py:190} INFO - step : text_orientation_set
[2025-06-24T16:13:24.135+0900] {logging_mixin.py:190} INFO - osd 1 break  0 0 6.75 Korean 0.78
[2025-06-24T16:13:24.139+0900] {logging_mixin.py:190} INFO - step : load
[2025-06-24T16:13:24.140+0900] {logging_mixin.py:190} INFO - step : rotate
[2025-06-24T16:13:24.575+0900] {logging_mixin.py:190} INFO - step : rotate
[2025-06-24T16:13:25.196+0900] {logging_mixin.py:190} INFO - file_copy: /opt/***/data/temp/c0490bc2-a2f0-4218-b35c-a979f4e2c150/8c07f333-28a1-450e-a110-975259986b79/_result.png
[2025-06-24T16:13:25.227+0900] {python.py:240} INFO - Done. Returned value was: {'file_id': 'c0490bc2-a2f0-4218-b35c-a979f4e2c150', 'file_path': '/opt/***/data/class/a_class/classify/ready/true/상계동 정진빌딩 - 정부24 - 건축물대장 등본(초본) 발급(열람) _ 문서출력_page_1_aug1.png', 'true': {'process_id': '_8c07f333-28a1-450e-a110-975259986b79_pre', 'folder_path': 'c0490bc2-a2f0-4218-b35c-a979f4e2c150/8c07f333-28a1-450e-a110-975259986b79', 'step_list': [{'name': 'cache', 'param': {'key': 'origin'}}, {'name': 'calc_angle_set2', 'param': {'key': 'angle1', 'iterations': 4, 'iter_save': False}}, {'name': 'text_orientation_set', 'param': {'key': 'angle2', 'iterations': 4, 'iter_save': False}}, {'name': 'load', 'param': {'key': 'origin'}}, {'name': 'rotate', 'param': {'key': 'angle1'}}, {'name': 'rotate', 'param': {'key': 'angle2'}}], 'result_file_map': {'_result': '/opt/***/data/temp/c0490bc2-a2f0-4218-b35c-a979f4e2c150/8c07f333-28a1-450e-a110-975259986b79/_result.png'}}}
[2025-06-24T16:13:25.338+0900] {taskinstance.py:341} INFO - ::group::Post task execution logs
[2025-06-24T16:13:25.346+0900] {taskinstance.py:353} INFO - Marking task as SUCCESS. dag_id=lilt_document_classifier_balanced_V0.1, task_id=img_preprocess_task, run_id=manual__2025-06-24T06:53:42.323966+00:00, map_index=80, execution_date=20250624T065342, start_date=20250624T071047, end_date=20250624T071325
[2025-06-24T16:13:25.523+0900] {local_task_job_runner.py:266} INFO - Task exited with return code 0
[2025-06-24T16:13:25.564+0900] {taskinstance.py:3901} INFO - 0 downstream tasks scheduled from follow-on schedule check
[2025-06-24T16:13:25.570+0900] {local_task_job_runner.py:245} INFO - ::endgroup::
