[2025-06-09T09:06:28.539+0000] {local_task_job_runner.py:123} INFO - ::group::Pre task execution logs
[2025-06-09T09:06:28.563+0000] {taskinstance.py:2614} INFO - Dependencies all met for dep_context=non-requeueable deps ti=<TaskInstance: image_ocr_v2.img_preprocess_task manual__2025-06-09T09:06:20.771580+00:00 map_index=4 [queued]>
[2025-06-09T09:06:28.574+0000] {taskinstance.py:2614} INFO - Dependencies all met for dep_context=requeueable deps ti=<TaskInstance: image_ocr_v2.img_preprocess_task manual__2025-06-09T09:06:20.771580+00:00 map_index=4 [queued]>
[2025-06-09T09:06:28.574+0000] {taskinstance.py:2867} INFO - Starting attempt 1 of 1
[2025-06-09T09:06:28.591+0000] {taskinstance.py:2890} INFO - Executing <Mapped(_PythonDecoratedOperator): img_preprocess_task> on 2025-06-09 09:06:20.771580+00:00
[2025-06-09T09:06:28.598+0000] {warnings.py:112} WARNING - /home/***/.local/lib/python3.12/site-packages/***/task/task_runner/standard_task_runner.py:70: DeprecationWarning: This process (pid=7211) is multi-threaded, use of fork() may lead to deadlocks in the child.
  pid = os.fork()

[2025-06-09T09:06:28.600+0000] {standard_task_runner.py:72} INFO - Started process 7226 to run task
[2025-06-09T09:06:28.600+0000] {standard_task_runner.py:104} INFO - Running: ['***', 'tasks', 'run', 'image_ocr_v2', 'img_preprocess_task', 'manual__2025-06-09T09:06:20.771580+00:00', '--job-id', '247', '--raw', '--subdir', 'DAGS_FOLDER/test_dag.py', '--cfg-path', '/tmp/tmpu_vz4dgc', '--map-index', '4']
[2025-06-09T09:06:28.603+0000] {standard_task_runner.py:105} INFO - Job 247: Subtask img_preprocess_task
[2025-06-09T09:06:28.645+0000] {task_command.py:467} INFO - Running <TaskInstance: image_ocr_v2.img_preprocess_task manual__2025-06-09T09:06:20.771580+00:00 map_index=4 [running]> on host 85194d6fbd18
[2025-06-09T09:06:28.744+0000] {taskinstance.py:3134} INFO - Exporting env vars: AIRFLOW_CTX_DAG_OWNER='***' AIRFLOW_CTX_DAG_ID='image_ocr_v2' AIRFLOW_CTX_TASK_ID='img_preprocess_task' AIRFLOW_CTX_EXECUTION_DATE='2025-06-09T09:06:20.771580+00:00' AIRFLOW_CTX_TRY_NUMBER='1' AIRFLOW_CTX_DAG_RUN_ID='manual__2025-06-09T09:06:20.771580+00:00'
[2025-06-09T09:06:28.747+0000] {taskinstance.py:732} INFO - ::endgroup::
[2025-06-09T09:06:28.749+0000] {logging_mixin.py:190} INFO - empty map check {} {'process_id': 'c0d423c3-2ec7-4f22-b0d9-f173489cff3e', 'folder_path': '1fd3d8b6-1637-4948-bdba-b70af804fdf0/c0d423c3-2ec7-4f22-b0d9-f173489cff3e', 'step_list': [{'name': 'cache', 'param': {'key': 'origin'}}, {'name': 'calc_angle_set1', 'param': {'key': 'angle1', 'iterations': 3}}, {'name': 'save', 'param': {'key': 'rotate1'}}, {'name': 'calc_angle_set2', 'param': {'key': 'angle2', 'iterations': 2}}, {'name': 'save', 'param': {'key': 'rotate2'}}, {'name': 'binary2', 'param': {}}, {'name': 'morphology1', 'param': {}}, {'name': 'scale1', 'param': {'width': 500, 'height': 500}}, {'name': 'save', 'param': {'key': 'classify_preprocess'}}], 'result_file_list': []}
[2025-06-09T09:06:28.751+0000] {logging_mixin.py:190} INFO - step : cache
[2025-06-09T09:06:28.752+0000] {logging_mixin.py:190} INFO - step : calc_angle_set1
[2025-06-09T09:06:28.837+0000] {logging_mixin.py:190} INFO - angle :  0 -0.11197593701704417
[2025-06-09T09:06:28.896+0000] {logging_mixin.py:190} INFO - angle :  -0.11197593701704417 -0.13422991936914475
[2025-06-09T09:06:28.939+0000] {logging_mixin.py:190} INFO - angle :  -0.24620585638618891 -0.1156916627470348
[2025-06-09T09:06:28.941+0000] {logging_mixin.py:190} INFO - step : save
[2025-06-09T09:06:29.078+0000] {logging_mixin.py:190} INFO - file_copy: /opt/***/data/result/1fd3d8b6-1637-4948-bdba-b70af804fdf0/c0d423c3-2ec7-4f22-b0d9-f173489cff3e/rotate1.png
[2025-06-09T09:06:29.089+0000] {logging_mixin.py:190} INFO - step : calc_angle_set2
[2025-06-09T09:06:30.473+0000] {logging_mixin.py:190} INFO - step : save
[2025-06-09T09:06:30.633+0000] {logging_mixin.py:190} INFO - file_copy: /opt/***/data/result/1fd3d8b6-1637-4948-bdba-b70af804fdf0/c0d423c3-2ec7-4f22-b0d9-f173489cff3e/rotate2.png
[2025-06-09T09:06:30.645+0000] {logging_mixin.py:190} INFO - step : binary2
[2025-06-09T09:06:30.735+0000] {logging_mixin.py:190} INFO - step : morphology1
[2025-06-09T09:06:30.750+0000] {logging_mixin.py:190} INFO - step : scale1
[2025-06-09T09:06:30.758+0000] {logging_mixin.py:190} INFO - step : save
[2025-06-09T09:06:30.782+0000] {logging_mixin.py:190} INFO - file_copy: /opt/***/data/result/1fd3d8b6-1637-4948-bdba-b70af804fdf0/c0d423c3-2ec7-4f22-b0d9-f173489cff3e/classify_preprocess.png
[2025-06-09T09:06:30.786+0000] {python.py:240} INFO - Done. Returned value was: {'file_id': '1fd3d8b6-1637-4948-bdba-b70af804fdf0', 'file_path': '/opt/***/data/upload/Gas Engine 점검일지_ 2021년 2월.pdf-image-017.jpg', 'preprocess_list': [{'process_id': 'c0d423c3-2ec7-4f22-b0d9-f173489cff3e', 'folder_path': '1fd3d8b6-1637-4948-bdba-b70af804fdf0/c0d423c3-2ec7-4f22-b0d9-f173489cff3e', 'step_list': [{'name': 'cache', 'param': {'key': 'origin'}}, {'name': 'calc_angle_set1', 'param': {'key': 'angle1', 'iterations': 3}}, {'name': 'save', 'param': {'key': 'rotate1'}}, {'name': 'calc_angle_set2', 'param': {'key': 'angle2', 'iterations': 2}}, {'name': 'save', 'param': {'key': 'rotate2'}}, {'name': 'binary2', 'param': {}}, {'name': 'morphology1', 'param': {}}, {'name': 'scale1', 'param': {'width': 500, 'height': 500}}, {'name': 'save', 'param': {'key': 'classify_preprocess'}}], 'result_file_list': [{'rotate1': '/opt/***/data/result/1fd3d8b6-1637-4948-bdba-b70af804fdf0/c0d423c3-2ec7-4f22-b0d9-f173489cff3e/rotate1.png'}, {'rotate2': '/opt/***/data/result/1fd3d8b6-1637-4948-bdba-b70af804fdf0/c0d423c3-2ec7-4f22-b0d9-f173489cff3e/rotate2.png'}, {'classify_preprocess': '/opt/***/data/result/1fd3d8b6-1637-4948-bdba-b70af804fdf0/c0d423c3-2ec7-4f22-b0d9-f173489cff3e/classify_preprocess.png'}]}]}
[2025-06-09T09:06:30.820+0000] {taskinstance.py:341} INFO - ::group::Post task execution logs
[2025-06-09T09:06:30.822+0000] {taskinstance.py:353} INFO - Marking task as SUCCESS. dag_id=image_ocr_v2, task_id=img_preprocess_task, run_id=manual__2025-06-09T09:06:20.771580+00:00, map_index=4, execution_date=20250609T090620, start_date=20250609T090628, end_date=20250609T090630
[2025-06-09T09:06:30.890+0000] {local_task_job_runner.py:266} INFO - Task exited with return code 0
[2025-06-09T09:06:30.905+0000] {taskinstance.py:3901} INFO - 0 downstream tasks scheduled from follow-on schedule check
[2025-06-09T09:06:30.907+0000] {local_task_job_runner.py:245} INFO - ::endgroup::
