[2025-06-25T09:27:27.454+0900] {local_task_job_runner.py:123} INFO - ::group::Pre task execution logs
[2025-06-25T09:27:27.588+0900] {taskinstance.py:2614} INFO - Dependencies all met for dep_context=non-requeueable deps ti=<TaskInstance: lilt_document_classifier_balanced_V0.1.img_preprocess_task__1 manual__2025-06-25T00:18:31.692203+00:00 map_index=68 [queued]>
[2025-06-25T09:27:27.824+0900] {taskinstance.py:2614} INFO - Dependencies all met for dep_context=requeueable deps ti=<TaskInstance: lilt_document_classifier_balanced_V0.1.img_preprocess_task__1 manual__2025-06-25T00:18:31.692203+00:00 map_index=68 [queued]>
[2025-06-25T09:27:27.851+0900] {taskinstance.py:2867} INFO - Starting attempt 1 of 1
[2025-06-25T09:27:28.133+0900] {taskinstance.py:2890} INFO - Executing <Mapped(_PythonDecoratedOperator): img_preprocess_task__1> on 2025-06-25 00:18:31.692203+00:00
[2025-06-25T09:27:28.200+0900] {standard_task_runner.py:104} INFO - Running: ['***', 'tasks', 'run', 'lilt_document_classifier_balanced_V0.1', 'img_preprocess_task__1', 'manual__2025-06-25T00:18:31.692203+00:00', '--job-id', '5109', '--raw', '--subdir', 'DAGS_FOLDER/class_create_dag.py', '--cfg-path', '/tmp/tmp6szkyn4r', '--map-index', '68']
[2025-06-25T09:27:28.225+0900] {standard_task_runner.py:105} INFO - Job 5109: Subtask img_preprocess_task__1
[2025-06-25T09:27:28.210+0900] {warnings.py:112} WARNING - /home/***/.local/lib/python3.12/site-packages/***/task/task_runner/standard_task_runner.py:70: DeprecationWarning: This process (pid=78128) is multi-threaded, use of fork() may lead to deadlocks in the child.
  pid = os.fork()

[2025-06-25T09:27:28.281+0900] {standard_task_runner.py:72} INFO - Started process 78162 to run task
[2025-06-25T09:27:28.390+0900] {task_command.py:467} INFO - Running <TaskInstance: lilt_document_classifier_balanced_V0.1.img_preprocess_task__1 manual__2025-06-25T00:18:31.692203+00:00 map_index=68 [running]> on host f6d4228a9eb8
[2025-06-25T09:27:29.586+0900] {taskinstance.py:3134} INFO - Exporting env vars: AIRFLOW_CTX_DAG_OWNER='***' AIRFLOW_CTX_DAG_ID='lilt_document_classifier_balanced_V0.1' AIRFLOW_CTX_TASK_ID='img_preprocess_task__1' AIRFLOW_CTX_EXECUTION_DATE='2025-06-25T00:18:31.692203+00:00' AIRFLOW_CTX_TRY_NUMBER='1' AIRFLOW_CTX_DAG_RUN_ID='manual__2025-06-25T00:18:31.692203+00:00'
[2025-06-25T09:27:29.620+0900] {taskinstance.py:732} INFO - ::endgroup::
[2025-06-25T09:27:29.626+0900] {logging_mixin.py:190} INFO - empty map check {} {'process_id': '_0e74b931-fc41-49b0-b443-852207bcf925_pre', 'folder_path': '3a69c402-2e7d-40ee-af18-437ea390641f/0e74b931-fc41-49b0-b443-852207bcf925', 'step_list': [{'name': 'cache', 'param': {'cache_key': 'origin'}}, {'name': 'calc_angle_set2', 'param': {'angle_key': 'angle2_1', 'delta': 8.0, 'limit': 40, 'iterations': 2, 'iter_save': False}}, {'name': 'calc_angle_set2', 'param': {'angle_key': 'angle2_2', 'delta': 1.0, 'limit': 8, 'iterations': 2, 'iter_save': False}}, {'name': 'calc_angle_set2', 'param': {'angle_key': 'angle2_3', 'delta': 0.125, 'limit': 1, 'iterations': 2, 'iter_save': False}}, {'name': 'text_orientation_set', 'param': {'angle_key': 'orint', 'iterations': 3, 'iter_save': False}}, {'name': 'load', 'param': {'cache_key': 'origin'}}, {'name': 'rotate', 'param': {'angle_key': 'angle2_1'}}, {'name': 'rotate', 'param': {'angle_key': 'angle2_2'}}, {'name': 'rotate', 'param': {'angle_key': 'angle2_3'}}, {'name': 'rotate', 'param': {'angle_key': 'orint'}}], 'result_file_map': {}}
[2025-06-25T09:27:29.634+0900] {logging_mixin.py:190} INFO - step : cache
[2025-06-25T09:27:29.643+0900] {logging_mixin.py:190} INFO - step : calc_angle_set2
[2025-06-25T09:27:31.672+0900] {logging_mixin.py:190} INFO - osd 1 40.0 40.0 10 2310204 [2309659, 2063723, 1633620, 1057311, 473396, 12383, 477689, 1059759, 1635177, 2064853, 2310204]
[2025-06-25T09:27:35.252+0900] {logging_mixin.py:190} INFO - osd 2 0.0 -40.0 0 11897 [11897, 0, 0, 0, 0, 0, 0, 0, 0, 0, 0]
[2025-06-25T09:27:35.385+0900] {logging_mixin.py:190} INFO - step : calc_angle_set2
[2025-06-25T09:27:43.026+0900] {logging_mixin.py:190} INFO - osd 1 0.0 0.0 8 7685 [0, 0, 0, 0, 0, 0, 230, 2519, 7685, 3660, 724, 26, 0, 0, 0, 0, 0]
[2025-06-25T09:27:51.720+0900] {logging_mixin.py:190} INFO - osd 2 0.0 0.0 8 7685 [0, 0, 0, 0, 0, 0, 230, 2519, 7685, 3660, 724, 26, 0, 0, 0, 0, 0]
[2025-06-25T09:27:51.829+0900] {logging_mixin.py:190} INFO - step : calc_angle_set2
[2025-06-25T09:28:00.224+0900] {logging_mixin.py:190} INFO - osd 1 0.0 0.0 8 7685 [2519, 3054, 3680, 4188, 4893, 5324, 5904, 6792, 7685, 7676, 7195, 6672, 5827, 5475, 4892, 4235, 3660]
[2025-06-25T09:28:09.758+0900] {logging_mixin.py:190} INFO - osd 2 0.0 0.0 8 7685 [2519, 3054, 3680, 4188, 4893, 5324, 5904, 6792, 7685, 7676, 7195, 6672, 5827, 5475, 4892, 4235, 3660]
[2025-06-25T09:28:09.861+0900] {logging_mixin.py:190} INFO - step : text_orientation_set
[2025-06-25T09:28:19.551+0900] {logging_mixin.py:190} INFO - osd 1 break  0 0 3.91 Latin 1.93
[2025-06-25T09:28:19.553+0900] {logging_mixin.py:190} INFO - step : load
[2025-06-25T09:28:19.560+0900] {logging_mixin.py:190} INFO - step : rotate
[2025-06-25T09:28:19.595+0900] {logging_mixin.py:190} INFO - step : rotate
[2025-06-25T09:28:19.604+0900] {logging_mixin.py:190} INFO - step : rotate
[2025-06-25T09:28:19.617+0900] {logging_mixin.py:190} INFO - step : rotate
[2025-06-25T09:28:19.710+0900] {logging_mixin.py:190} INFO - file_copy: /opt/***/data/temp/3a69c402-2e7d-40ee-af18-437ea390641f/0e74b931-fc41-49b0-b443-852207bcf925/_result.png
[2025-06-25T09:28:19.727+0900] {python.py:240} INFO - Done. Returned value was: {'file_id': '3a69c402-2e7d-40ee-af18-437ea390641f', 'file_path': '/opt/***/data/class/a_class/classify/ready/false/copied_10_502127200_502127204.png', 'false': {'process_id': '_0e74b931-fc41-49b0-b443-852207bcf925_pre', 'folder_path': '3a69c402-2e7d-40ee-af18-437ea390641f/0e74b931-fc41-49b0-b443-852207bcf925', 'step_list': [{'name': 'cache', 'param': {'cache_key': 'origin'}}, {'name': 'calc_angle_set2', 'param': {'angle_key': 'angle2_1', 'delta': 8.0, 'limit': 40, 'iterations': 2, 'iter_save': False}}, {'name': 'calc_angle_set2', 'param': {'angle_key': 'angle2_2', 'delta': 1.0, 'limit': 8, 'iterations': 2, 'iter_save': False}}, {'name': 'calc_angle_set2', 'param': {'angle_key': 'angle2_3', 'delta': 0.125, 'limit': 1, 'iterations': 2, 'iter_save': False}}, {'name': 'text_orientation_set', 'param': {'angle_key': 'orint', 'iterations': 3, 'iter_save': False}}, {'name': 'load', 'param': {'cache_key': 'origin'}}, {'name': 'rotate', 'param': {'angle_key': 'angle2_1'}}, {'name': 'rotate', 'param': {'angle_key': 'angle2_2'}}, {'name': 'rotate', 'param': {'angle_key': 'angle2_3'}}, {'name': 'rotate', 'param': {'angle_key': 'orint'}}], 'result_file_map': {'_result': '/opt/***/data/temp/3a69c402-2e7d-40ee-af18-437ea390641f/0e74b931-fc41-49b0-b443-852207bcf925/_result.png'}}}
[2025-06-25T09:28:19.775+0900] {taskinstance.py:341} INFO - ::group::Post task execution logs
[2025-06-25T09:28:19.780+0900] {taskinstance.py:353} INFO - Marking task as SUCCESS. dag_id=lilt_document_classifier_balanced_V0.1, task_id=img_preprocess_task__1, run_id=manual__2025-06-25T00:18:31.692203+00:00, map_index=68, execution_date=20250625T001831, start_date=20250625T002727, end_date=20250625T002819
[2025-06-25T09:28:19.895+0900] {local_task_job_runner.py:266} INFO - Task exited with return code 0
[2025-06-25T09:28:20.005+0900] {taskinstance.py:3901} INFO - 0 downstream tasks scheduled from follow-on schedule check
[2025-06-25T09:28:20.012+0900] {local_task_job_runner.py:245} INFO - ::endgroup::
