[2025-06-10T04:50:36.493+0000] {local_task_job_runner.py:123} INFO - ::group::Pre task execution logs
[2025-06-10T04:50:36.515+0000] {taskinstance.py:2614} INFO - Dependencies all met for dep_context=non-requeueable deps ti=<TaskInstance: image_ocr_v2.img_preprocess_task manual__2025-06-10T04:50:29.334869+00:00 map_index=0 [queued]>
[2025-06-10T04:50:36.526+0000] {taskinstance.py:2614} INFO - Dependencies all met for dep_context=requeueable deps ti=<TaskInstance: image_ocr_v2.img_preprocess_task manual__2025-06-10T04:50:29.334869+00:00 map_index=0 [queued]>
[2025-06-10T04:50:36.526+0000] {taskinstance.py:2867} INFO - Starting attempt 1 of 1
[2025-06-10T04:50:36.538+0000] {taskinstance.py:2890} INFO - Executing <Mapped(_PythonDecoratedOperator): img_preprocess_task> on 2025-06-10 04:50:29.334869+00:00
[2025-06-10T04:50:36.546+0000] {warnings.py:112} WARNING - /home/***/.local/lib/python3.12/site-packages/***/task/task_runner/standard_task_runner.py:70: DeprecationWarning: This process (pid=22925) is multi-threaded, use of fork() may lead to deadlocks in the child.
  pid = os.fork()

[2025-06-10T04:50:36.548+0000] {standard_task_runner.py:72} INFO - Started process 22936 to run task
[2025-06-10T04:50:36.547+0000] {standard_task_runner.py:104} INFO - Running: ['***', 'tasks', 'run', 'image_ocr_v2', 'img_preprocess_task', 'manual__2025-06-10T04:50:29.334869+00:00', '--job-id', '294', '--raw', '--subdir', 'DAGS_FOLDER/test_dag.py', '--cfg-path', '/tmp/tmpq1q1ycuf', '--map-index', '0']
[2025-06-10T04:50:36.550+0000] {standard_task_runner.py:105} INFO - Job 294: Subtask img_preprocess_task
[2025-06-10T04:50:36.596+0000] {task_command.py:467} INFO - Running <TaskInstance: image_ocr_v2.img_preprocess_task manual__2025-06-10T04:50:29.334869+00:00 map_index=0 [running]> on host 85194d6fbd18
[2025-06-10T04:50:36.681+0000] {taskinstance.py:3134} INFO - Exporting env vars: AIRFLOW_CTX_DAG_OWNER='***' AIRFLOW_CTX_DAG_ID='image_ocr_v2' AIRFLOW_CTX_TASK_ID='img_preprocess_task' AIRFLOW_CTX_EXECUTION_DATE='2025-06-10T04:50:29.334869+00:00' AIRFLOW_CTX_TRY_NUMBER='1' AIRFLOW_CTX_DAG_RUN_ID='manual__2025-06-10T04:50:29.334869+00:00'
[2025-06-10T04:50:36.684+0000] {taskinstance.py:732} INFO - ::endgroup::
[2025-06-10T04:50:36.687+0000] {logging_mixin.py:190} INFO - empty map check {} {'process_id': 'fc522c4b-ea1b-4d35-b2f7-4e505c9e4c31', 'folder_path': '95c579b1-ef42-4ecc-86cc-8850ac8fbf27/fc522c4b-ea1b-4d35-b2f7-4e505c9e4c31', 'step_list': [{'name': 'cache', 'param': {'key': 'origin'}}, {'name': 'calc_angle_set1', 'param': {'key': 'angle1', 'iterations': 3}}, {'name': 'save', 'param': {'key': 'rotate1'}}, {'name': 'calc_angle_set2', 'param': {'key': 'angle2', 'iterations': 2}}, {'name': 'save', 'param': {'key': 'rotate2'}}, {'name': 'threshold', 'param': {}}, {'name': 'morphology1', 'param': {}}, {'name': 'scale1', 'param': {'width': 500, 'height': 500}}, {'name': 'save', 'param': {'key': 'classify_preprocess'}}], 'result_file_list': []}
[2025-06-10T04:50:36.688+0000] {logging_mixin.py:190} INFO - step : cache
[2025-06-10T04:50:36.688+0000] {logging_mixin.py:190} INFO - step : calc_angle_set1
[2025-06-10T04:50:36.722+0000] {logging_mixin.py:190} INFO - angle1 :  0 0.25547857154454756 0.4054614588889507 0.37427304010819284 0.12113254576841094 0.12104724141263573
[2025-06-10T04:50:36.803+0000] {logging_mixin.py:190} INFO - angle2 :  0.25547857154454756 -0.008297945586883876 0.12475925739857985 0.12469137988858847 -0.1615098738662929 -0.12113254576841094
[2025-06-10T04:50:36.804+0000] {logging_mixin.py:190} INFO - step : save
[2025-06-10T04:50:36.960+0000] {logging_mixin.py:190} INFO - file_copy: /opt/***/data/result/95c579b1-ef42-4ecc-86cc-8850ac8fbf27/fc522c4b-ea1b-4d35-b2f7-4e505c9e4c31/rotate1.png
[2025-06-10T04:50:36.969+0000] {logging_mixin.py:190} INFO - step : calc_angle_set2
[2025-06-10T04:50:37.626+0000] {logging_mixin.py:190} INFO - osd 0 0 0.1 0.0
[2025-06-10T04:50:38.317+0000] {logging_mixin.py:190} INFO - osd 0 0 0.1 0.0
[2025-06-10T04:50:38.360+0000] {logging_mixin.py:190} INFO - step : save
[2025-06-10T04:50:38.551+0000] {logging_mixin.py:190} INFO - file_copy: /opt/***/data/result/95c579b1-ef42-4ecc-86cc-8850ac8fbf27/fc522c4b-ea1b-4d35-b2f7-4e505c9e4c31/rotate2.png
[2025-06-10T04:50:38.571+0000] {logging_mixin.py:190} INFO - step : threshold
[2025-06-10T04:50:38.621+0000] {logging_mixin.py:190} INFO - step : morphology1
[2025-06-10T04:50:38.635+0000] {logging_mixin.py:190} INFO - step : scale1
[2025-06-10T04:50:38.645+0000] {logging_mixin.py:190} INFO - step : save
[2025-06-10T04:50:38.649+0000] {logging_mixin.py:190} INFO - file_copy: /opt/***/data/result/95c579b1-ef42-4ecc-86cc-8850ac8fbf27/fc522c4b-ea1b-4d35-b2f7-4e505c9e4c31/classify_preprocess.png
[2025-06-10T04:50:38.651+0000] {python.py:240} INFO - Done. Returned value was: {'file_id': '95c579b1-ef42-4ecc-86cc-8850ac8fbf27', 'file_path': '/opt/***/data/upload/Gas Engine 점검일지_ 2021년 2월.pdf-image-011.jpg', 'preprocess_list': [{'process_id': 'fc522c4b-ea1b-4d35-b2f7-4e505c9e4c31', 'folder_path': '95c579b1-ef42-4ecc-86cc-8850ac8fbf27/fc522c4b-ea1b-4d35-b2f7-4e505c9e4c31', 'step_list': [{'name': 'cache', 'param': {'key': 'origin'}}, {'name': 'calc_angle_set1', 'param': {'key': 'angle1', 'iterations': 3}}, {'name': 'save', 'param': {'key': 'rotate1'}}, {'name': 'calc_angle_set2', 'param': {'key': 'angle2', 'iterations': 2}}, {'name': 'save', 'param': {'key': 'rotate2'}}, {'name': 'threshold', 'param': {}}, {'name': 'morphology1', 'param': {}}, {'name': 'scale1', 'param': {'width': 500, 'height': 500}}, {'name': 'save', 'param': {'key': 'classify_preprocess'}}], 'result_file_list': [{'rotate1': '/opt/***/data/result/95c579b1-ef42-4ecc-86cc-8850ac8fbf27/fc522c4b-ea1b-4d35-b2f7-4e505c9e4c31/rotate1.png'}, {'rotate2': '/opt/***/data/result/95c579b1-ef42-4ecc-86cc-8850ac8fbf27/fc522c4b-ea1b-4d35-b2f7-4e505c9e4c31/rotate2.png'}, {'classify_preprocess': '/opt/***/data/result/95c579b1-ef42-4ecc-86cc-8850ac8fbf27/fc522c4b-ea1b-4d35-b2f7-4e505c9e4c31/classify_preprocess.png'}]}]}
[2025-06-10T04:50:38.679+0000] {taskinstance.py:341} INFO - ::group::Post task execution logs
[2025-06-10T04:50:38.680+0000] {taskinstance.py:353} INFO - Marking task as SUCCESS. dag_id=image_ocr_v2, task_id=img_preprocess_task, run_id=manual__2025-06-10T04:50:29.334869+00:00, map_index=0, execution_date=20250610T045029, start_date=20250610T045036, end_date=20250610T045038
[2025-06-10T04:50:38.746+0000] {local_task_job_runner.py:266} INFO - Task exited with return code 0
[2025-06-10T04:50:38.761+0000] {taskinstance.py:3901} INFO - 0 downstream tasks scheduled from follow-on schedule check
[2025-06-10T04:50:38.764+0000] {local_task_job_runner.py:245} INFO - ::endgroup::
