[2025-06-16T18:48:02.123+0900] {local_task_job_runner.py:123} INFO - ::group::Pre task execution logs
[2025-06-16T18:48:02.216+0900] {taskinstance.py:2614} INFO - Dependencies all met for dep_context=non-requeueable deps ti=<TaskInstance: image_ocr_v2.copy_results_folder_task manual__2025-06-16T09:47:36.004121+00:00 [queued]>
[2025-06-16T18:48:02.255+0900] {taskinstance.py:2614} INFO - Dependencies all met for dep_context=requeueable deps ti=<TaskInstance: image_ocr_v2.copy_results_folder_task manual__2025-06-16T09:47:36.004121+00:00 [queued]>
[2025-06-16T18:48:02.257+0900] {taskinstance.py:2867} INFO - Starting attempt 1 of 1
[2025-06-16T18:48:02.310+0900] {taskinstance.py:2890} INFO - Executing <Task(_PythonDecoratedOperator): copy_results_folder_task> on 2025-06-16 09:47:36.004121+00:00
[2025-06-16T18:48:02.332+0900] {warnings.py:112} WARNING - /home/***/.local/lib/python3.12/site-packages/***/task/task_runner/standard_task_runner.py:70: DeprecationWarning: This process (pid=13416) is multi-threaded, use of fork() may lead to deadlocks in the child.
  pid = os.fork()

[2025-06-16T18:48:02.338+0900] {standard_task_runner.py:72} INFO - Started process 13418 to run task
[2025-06-16T18:48:02.341+0900] {standard_task_runner.py:104} INFO - Running: ['***', 'tasks', 'run', 'image_ocr_v2', 'copy_results_folder_task', 'manual__2025-06-16T09:47:36.004121+00:00', '--job-id', '728', '--raw', '--subdir', 'DAGS_FOLDER/test_dag.py', '--cfg-path', '/tmp/tmplm7x9x3c']
[2025-06-16T18:48:02.350+0900] {standard_task_runner.py:105} INFO - Job 728: Subtask copy_results_folder_task
[2025-06-16T18:48:02.525+0900] {task_command.py:467} INFO - Running <TaskInstance: image_ocr_v2.copy_results_folder_task manual__2025-06-16T09:47:36.004121+00:00 [running]> on host f6d4228a9eb8
[2025-06-16T18:48:02.891+0900] {taskinstance.py:3134} INFO - Exporting env vars: AIRFLOW_CTX_DAG_OWNER='***' AIRFLOW_CTX_DAG_ID='image_ocr_v2' AIRFLOW_CTX_TASK_ID='copy_results_folder_task' AIRFLOW_CTX_EXECUTION_DATE='2025-06-16T09:47:36.004121+00:00' AIRFLOW_CTX_TRY_NUMBER='1' AIRFLOW_CTX_DAG_RUN_ID='manual__2025-06-16T09:47:36.004121+00:00'
[2025-06-16T18:48:02.896+0900] {taskinstance.py:732} INFO - ::endgroup::
[2025-06-16T18:48:02.910+0900] {logging_mixin.py:190} INFO - 5
[2025-06-16T18:48:02.938+0900] {logging_mixin.py:190} INFO - 6
[2025-06-16T18:48:02.953+0900] {logging_mixin.py:190} INFO - 복사 완료: /opt/***/data/temp/9fb78071-93fd-44d4-8d21-e169c1ae64a3/75fc0b1d-4bd6-4d2f-95b8-9db9cbf73d82/rotate30_1.png → /opt/***/data/result/manual__2025-06-16T09:47:36.004121+00:00/_75fc0b1d-4bd6-4d2f-95b8-9db9cbf73d82_pre_rotate30_1.png
[2025-06-16T18:48:02.963+0900] {logging_mixin.py:190} INFO - 복사 완료: /opt/***/data/temp/9fb78071-93fd-44d4-8d21-e169c1ae64a3/75fc0b1d-4bd6-4d2f-95b8-9db9cbf73d82/rotate31_1.png → /opt/***/data/result/manual__2025-06-16T09:47:36.004121+00:00/_75fc0b1d-4bd6-4d2f-95b8-9db9cbf73d82_pre_rotate31_1.png
[2025-06-16T18:48:02.974+0900] {logging_mixin.py:190} INFO - 복사 완료: /opt/***/data/temp/9fb78071-93fd-44d4-8d21-e169c1ae64a3/75fc0b1d-4bd6-4d2f-95b8-9db9cbf73d82/rotate30_2.png → /opt/***/data/result/manual__2025-06-16T09:47:36.004121+00:00/_75fc0b1d-4bd6-4d2f-95b8-9db9cbf73d82_pre_rotate30_2.png
[2025-06-16T18:48:02.981+0900] {logging_mixin.py:190} INFO - 복사 완료: /opt/***/data/temp/9fb78071-93fd-44d4-8d21-e169c1ae64a3/75fc0b1d-4bd6-4d2f-95b8-9db9cbf73d82/rotate31_2.png → /opt/***/data/result/manual__2025-06-16T09:47:36.004121+00:00/_75fc0b1d-4bd6-4d2f-95b8-9db9cbf73d82_pre_rotate31_2.png
[2025-06-16T18:48:02.993+0900] {logging_mixin.py:190} INFO - 복사 완료: /opt/***/data/temp/9fb78071-93fd-44d4-8d21-e169c1ae64a3/75fc0b1d-4bd6-4d2f-95b8-9db9cbf73d82/rotate2_1.png → /opt/***/data/result/manual__2025-06-16T09:47:36.004121+00:00/_75fc0b1d-4bd6-4d2f-95b8-9db9cbf73d82_pre_rotate2_1.png
[2025-06-16T18:48:03.005+0900] {logging_mixin.py:190} INFO - 복사 완료: /opt/***/data/temp/9fb78071-93fd-44d4-8d21-e169c1ae64a3/75fc0b1d-4bd6-4d2f-95b8-9db9cbf73d82/classify_preprocess.png → /opt/***/data/result/manual__2025-06-16T09:47:36.004121+00:00/_75fc0b1d-4bd6-4d2f-95b8-9db9cbf73d82_pre_classify_preprocess.png
[2025-06-16T18:48:03.008+0900] {logging_mixin.py:190} INFO - 6
[2025-06-16T18:48:03.018+0900] {logging_mixin.py:190} INFO - 복사 완료: /opt/***/data/temp/52859492-a08c-4ebb-87a0-e2e492b5140b/65ab48a0-73d9-424a-a4c1-111448e13dfd/rotate30_1.png → /opt/***/data/result/manual__2025-06-16T09:47:36.004121+00:00/_65ab48a0-73d9-424a-a4c1-111448e13dfd_pre_rotate30_1.png
[2025-06-16T18:48:03.029+0900] {logging_mixin.py:190} INFO - 복사 완료: /opt/***/data/temp/52859492-a08c-4ebb-87a0-e2e492b5140b/65ab48a0-73d9-424a-a4c1-111448e13dfd/rotate31_1.png → /opt/***/data/result/manual__2025-06-16T09:47:36.004121+00:00/_65ab48a0-73d9-424a-a4c1-111448e13dfd_pre_rotate31_1.png
[2025-06-16T18:48:03.041+0900] {logging_mixin.py:190} INFO - 복사 완료: /opt/***/data/temp/52859492-a08c-4ebb-87a0-e2e492b5140b/65ab48a0-73d9-424a-a4c1-111448e13dfd/rotate30_2.png → /opt/***/data/result/manual__2025-06-16T09:47:36.004121+00:00/_65ab48a0-73d9-424a-a4c1-111448e13dfd_pre_rotate30_2.png
[2025-06-16T18:48:03.051+0900] {logging_mixin.py:190} INFO - 복사 완료: /opt/***/data/temp/52859492-a08c-4ebb-87a0-e2e492b5140b/65ab48a0-73d9-424a-a4c1-111448e13dfd/rotate31_2.png → /opt/***/data/result/manual__2025-06-16T09:47:36.004121+00:00/_65ab48a0-73d9-424a-a4c1-111448e13dfd_pre_rotate31_2.png
[2025-06-16T18:48:03.063+0900] {logging_mixin.py:190} INFO - 복사 완료: /opt/***/data/temp/52859492-a08c-4ebb-87a0-e2e492b5140b/65ab48a0-73d9-424a-a4c1-111448e13dfd/rotate2_1.png → /opt/***/data/result/manual__2025-06-16T09:47:36.004121+00:00/_65ab48a0-73d9-424a-a4c1-111448e13dfd_pre_rotate2_1.png
[2025-06-16T18:48:03.075+0900] {logging_mixin.py:190} INFO - 복사 완료: /opt/***/data/temp/52859492-a08c-4ebb-87a0-e2e492b5140b/65ab48a0-73d9-424a-a4c1-111448e13dfd/classify_preprocess.png → /opt/***/data/result/manual__2025-06-16T09:47:36.004121+00:00/_65ab48a0-73d9-424a-a4c1-111448e13dfd_pre_classify_preprocess.png
[2025-06-16T18:48:03.078+0900] {logging_mixin.py:190} INFO - 6
[2025-06-16T18:48:03.089+0900] {logging_mixin.py:190} INFO - 복사 완료: /opt/***/data/temp/d56352a8-cee8-404d-8f8b-c679c8eb2766/b1bb7f42-9b49-4ae8-942b-31e795d5d180/rotate30_1.png → /opt/***/data/result/manual__2025-06-16T09:47:36.004121+00:00/_b1bb7f42-9b49-4ae8-942b-31e795d5d180_pre_rotate30_1.png
[2025-06-16T18:48:03.100+0900] {logging_mixin.py:190} INFO - 복사 완료: /opt/***/data/temp/d56352a8-cee8-404d-8f8b-c679c8eb2766/b1bb7f42-9b49-4ae8-942b-31e795d5d180/rotate31_1.png → /opt/***/data/result/manual__2025-06-16T09:47:36.004121+00:00/_b1bb7f42-9b49-4ae8-942b-31e795d5d180_pre_rotate31_1.png
[2025-06-16T18:48:03.112+0900] {logging_mixin.py:190} INFO - 복사 완료: /opt/***/data/temp/d56352a8-cee8-404d-8f8b-c679c8eb2766/b1bb7f42-9b49-4ae8-942b-31e795d5d180/rotate30_2.png → /opt/***/data/result/manual__2025-06-16T09:47:36.004121+00:00/_b1bb7f42-9b49-4ae8-942b-31e795d5d180_pre_rotate30_2.png
[2025-06-16T18:48:03.120+0900] {logging_mixin.py:190} INFO - 복사 완료: /opt/***/data/temp/d56352a8-cee8-404d-8f8b-c679c8eb2766/b1bb7f42-9b49-4ae8-942b-31e795d5d180/rotate31_2.png → /opt/***/data/result/manual__2025-06-16T09:47:36.004121+00:00/_b1bb7f42-9b49-4ae8-942b-31e795d5d180_pre_rotate31_2.png
[2025-06-16T18:48:03.134+0900] {logging_mixin.py:190} INFO - 복사 완료: /opt/***/data/temp/d56352a8-cee8-404d-8f8b-c679c8eb2766/b1bb7f42-9b49-4ae8-942b-31e795d5d180/rotate2_1.png → /opt/***/data/result/manual__2025-06-16T09:47:36.004121+00:00/_b1bb7f42-9b49-4ae8-942b-31e795d5d180_pre_rotate2_1.png
[2025-06-16T18:48:03.143+0900] {logging_mixin.py:190} INFO - 복사 완료: /opt/***/data/temp/d56352a8-cee8-404d-8f8b-c679c8eb2766/b1bb7f42-9b49-4ae8-942b-31e795d5d180/classify_preprocess.png → /opt/***/data/result/manual__2025-06-16T09:47:36.004121+00:00/_b1bb7f42-9b49-4ae8-942b-31e795d5d180_pre_classify_preprocess.png
[2025-06-16T18:48:03.146+0900] {logging_mixin.py:190} INFO - 6
[2025-06-16T18:48:03.156+0900] {logging_mixin.py:190} INFO - 복사 완료: /opt/***/data/temp/cc6ecf87-d5b1-4999-9734-e567b67b49bd/34dbdcdf-770a-4ee9-991e-30cede4bce0c/rotate30_1.png → /opt/***/data/result/manual__2025-06-16T09:47:36.004121+00:00/_34dbdcdf-770a-4ee9-991e-30cede4bce0c_pre_rotate30_1.png
[2025-06-16T18:48:03.166+0900] {logging_mixin.py:190} INFO - 복사 완료: /opt/***/data/temp/cc6ecf87-d5b1-4999-9734-e567b67b49bd/34dbdcdf-770a-4ee9-991e-30cede4bce0c/rotate31_1.png → /opt/***/data/result/manual__2025-06-16T09:47:36.004121+00:00/_34dbdcdf-770a-4ee9-991e-30cede4bce0c_pre_rotate31_1.png
[2025-06-16T18:48:03.177+0900] {logging_mixin.py:190} INFO - 복사 완료: /opt/***/data/temp/cc6ecf87-d5b1-4999-9734-e567b67b49bd/34dbdcdf-770a-4ee9-991e-30cede4bce0c/rotate30_2.png → /opt/***/data/result/manual__2025-06-16T09:47:36.004121+00:00/_34dbdcdf-770a-4ee9-991e-30cede4bce0c_pre_rotate30_2.png
[2025-06-16T18:48:03.186+0900] {logging_mixin.py:190} INFO - 복사 완료: /opt/***/data/temp/cc6ecf87-d5b1-4999-9734-e567b67b49bd/34dbdcdf-770a-4ee9-991e-30cede4bce0c/rotate31_2.png → /opt/***/data/result/manual__2025-06-16T09:47:36.004121+00:00/_34dbdcdf-770a-4ee9-991e-30cede4bce0c_pre_rotate31_2.png
[2025-06-16T18:48:03.201+0900] {logging_mixin.py:190} INFO - 복사 완료: /opt/***/data/temp/cc6ecf87-d5b1-4999-9734-e567b67b49bd/34dbdcdf-770a-4ee9-991e-30cede4bce0c/rotate2_1.png → /opt/***/data/result/manual__2025-06-16T09:47:36.004121+00:00/_34dbdcdf-770a-4ee9-991e-30cede4bce0c_pre_rotate2_1.png
[2025-06-16T18:48:03.215+0900] {logging_mixin.py:190} INFO - 복사 완료: /opt/***/data/temp/cc6ecf87-d5b1-4999-9734-e567b67b49bd/34dbdcdf-770a-4ee9-991e-30cede4bce0c/classify_preprocess.png → /opt/***/data/result/manual__2025-06-16T09:47:36.004121+00:00/_34dbdcdf-770a-4ee9-991e-30cede4bce0c_pre_classify_preprocess.png
[2025-06-16T18:48:03.218+0900] {logging_mixin.py:190} INFO - 6
[2025-06-16T18:48:03.229+0900] {logging_mixin.py:190} INFO - 복사 완료: /opt/***/data/temp/bbb4483a-41f8-4046-ab5a-858b455e2b5f/fb6fbb46-5a05-412f-8fcb-865b40ee0540/rotate30_1.png → /opt/***/data/result/manual__2025-06-16T09:47:36.004121+00:00/_fb6fbb46-5a05-412f-8fcb-865b40ee0540_pre_rotate30_1.png
[2025-06-16T18:48:03.239+0900] {logging_mixin.py:190} INFO - 복사 완료: /opt/***/data/temp/bbb4483a-41f8-4046-ab5a-858b455e2b5f/fb6fbb46-5a05-412f-8fcb-865b40ee0540/rotate31_1.png → /opt/***/data/result/manual__2025-06-16T09:47:36.004121+00:00/_fb6fbb46-5a05-412f-8fcb-865b40ee0540_pre_rotate31_1.png
[2025-06-16T18:48:03.253+0900] {logging_mixin.py:190} INFO - 복사 완료: /opt/***/data/temp/bbb4483a-41f8-4046-ab5a-858b455e2b5f/fb6fbb46-5a05-412f-8fcb-865b40ee0540/rotate30_2.png → /opt/***/data/result/manual__2025-06-16T09:47:36.004121+00:00/_fb6fbb46-5a05-412f-8fcb-865b40ee0540_pre_rotate30_2.png
[2025-06-16T18:48:03.262+0900] {logging_mixin.py:190} INFO - 복사 완료: /opt/***/data/temp/bbb4483a-41f8-4046-ab5a-858b455e2b5f/fb6fbb46-5a05-412f-8fcb-865b40ee0540/rotate31_2.png → /opt/***/data/result/manual__2025-06-16T09:47:36.004121+00:00/_fb6fbb46-5a05-412f-8fcb-865b40ee0540_pre_rotate31_2.png
[2025-06-16T18:48:03.275+0900] {logging_mixin.py:190} INFO - 복사 완료: /opt/***/data/temp/bbb4483a-41f8-4046-ab5a-858b455e2b5f/fb6fbb46-5a05-412f-8fcb-865b40ee0540/rotate2_1.png → /opt/***/data/result/manual__2025-06-16T09:47:36.004121+00:00/_fb6fbb46-5a05-412f-8fcb-865b40ee0540_pre_rotate2_1.png
[2025-06-16T18:48:03.286+0900] {logging_mixin.py:190} INFO - 복사 완료: /opt/***/data/temp/bbb4483a-41f8-4046-ab5a-858b455e2b5f/fb6fbb46-5a05-412f-8fcb-865b40ee0540/classify_preprocess.png → /opt/***/data/result/manual__2025-06-16T09:47:36.004121+00:00/_fb6fbb46-5a05-412f-8fcb-865b40ee0540_pre_classify_preprocess.png
[2025-06-16T18:48:03.288+0900] {logging_mixin.py:190} INFO - 총 30개의 파일이 복사되었습니다.
[2025-06-16T18:48:03.290+0900] {python.py:240} INFO - Done. Returned value was: {'total_copied': 30}
[2025-06-16T18:48:03.354+0900] {taskinstance.py:341} INFO - ::group::Post task execution logs
[2025-06-16T18:48:03.357+0900] {taskinstance.py:353} INFO - Marking task as SUCCESS. dag_id=image_ocr_v2, task_id=copy_results_folder_task, run_id=manual__2025-06-16T09:47:36.004121+00:00, execution_date=20250616T094736, start_date=20250616T094802, end_date=20250616T094803
[2025-06-16T18:48:03.474+0900] {local_task_job_runner.py:266} INFO - Task exited with return code 0
[2025-06-16T18:48:03.537+0900] {taskinstance.py:3901} INFO - 0 downstream tasks scheduled from follow-on schedule check
[2025-06-16T18:48:03.544+0900] {local_task_job_runner.py:245} INFO - ::endgroup::
