[2025-06-23T16:46:43.267+0900] {local_task_job_runner.py:123} INFO - ::group::Pre task execution logs
[2025-06-23T16:46:43.343+0900] {taskinstance.py:2614} INFO - Dependencies all met for dep_context=non-requeueable deps ti=<TaskInstance: lilt_document_classifier_balanced_V0.1.img_preprocess_task__1 manual__2025-06-23T07:44:09.997775+00:00 map_index=13 [queued]>
[2025-06-23T16:46:43.358+0900] {taskinstance.py:2614} INFO - Dependencies all met for dep_context=requeueable deps ti=<TaskInstance: lilt_document_classifier_balanced_V0.1.img_preprocess_task__1 manual__2025-06-23T07:44:09.997775+00:00 map_index=13 [queued]>
[2025-06-23T16:46:43.362+0900] {taskinstance.py:2867} INFO - Starting attempt 1 of 1
[2025-06-23T16:46:43.388+0900] {taskinstance.py:2890} INFO - Executing <Mapped(_PythonDecoratedOperator): img_preprocess_task__1> on 2025-06-23 07:44:09.997775+00:00
[2025-06-23T16:46:43.419+0900] {warnings.py:112} WARNING - /home/***/.local/lib/python3.12/site-packages/***/task/task_runner/standard_task_runner.py:70: DeprecationWarning: This process (pid=10328) is multi-threaded, use of fork() may lead to deadlocks in the child.
  pid = os.fork()

[2025-06-23T16:46:43.428+0900] {standard_task_runner.py:72} INFO - Started process 10354 to run task
[2025-06-23T16:46:43.432+0900] {standard_task_runner.py:104} INFO - Running: ['***', 'tasks', 'run', 'lilt_document_classifier_balanced_V0.1', 'img_preprocess_task__1', 'manual__2025-06-23T07:44:09.997775+00:00', '--job-id', '3526', '--raw', '--subdir', 'DAGS_FOLDER/class_create_dag.py', '--cfg-path', '/tmp/tmpc62mot_3', '--map-index', '13']
[2025-06-23T16:46:43.439+0900] {standard_task_runner.py:105} INFO - Job 3526: Subtask img_preprocess_task__1
[2025-06-23T16:46:43.515+0900] {task_command.py:467} INFO - Running <TaskInstance: lilt_document_classifier_balanced_V0.1.img_preprocess_task__1 manual__2025-06-23T07:44:09.997775+00:00 map_index=13 [running]> on host f6d4228a9eb8
[2025-06-23T16:46:44.018+0900] {taskinstance.py:3134} INFO - Exporting env vars: AIRFLOW_CTX_DAG_OWNER='***' AIRFLOW_CTX_DAG_ID='lilt_document_classifier_balanced_V0.1' AIRFLOW_CTX_TASK_ID='img_preprocess_task__1' AIRFLOW_CTX_EXECUTION_DATE='2025-06-23T07:44:09.997775+00:00' AIRFLOW_CTX_TRY_NUMBER='1' AIRFLOW_CTX_DAG_RUN_ID='manual__2025-06-23T07:44:09.997775+00:00'
[2025-06-23T16:46:44.021+0900] {taskinstance.py:732} INFO - ::endgroup::
[2025-06-23T16:46:44.030+0900] {logging_mixin.py:190} INFO - empty map check {} {'process_id': '_9aa19072-0230-413d-a050-e47620847d51_pre', 'folder_path': '3f018ccc-5562-4563-8b38-cfcb73ad7e82/9aa19072-0230-413d-a050-e47620847d51', 'step_list': [{'name': 'cache', 'param': {'key': 'origin'}}, {'name': 'calc_angle_set2', 'param': {'key': 'angle1', 'iterations': 4, 'iter_save': False}}, {'name': 'text_orientation_set', 'param': {'key': 'angle2', 'iterations': 4, 'iter_save': False}}, {'name': 'load', 'param': {'key': 'origin'}}, {'name': 'rotate', 'param': {'key': 'angle1'}}, {'name': 'rotate', 'param': {'key': 'angle2'}}], 'result_file_map': {}}
[2025-06-23T16:46:44.035+0900] {logging_mixin.py:190} INFO - step : cache
[2025-06-23T16:46:44.038+0900] {logging_mixin.py:190} INFO - step : calc_angle_set2
[2025-06-23T16:46:50.198+0900] {logging_mixin.py:190} INFO - osd 1 -5.0 -5.0 0 9725 [9725, 8974, 8114, 7372, 6578, 5828, 5042, 4291, 3506, 2845, 2420, 1374, 1353, 925, 968, 463, 522, 317, 526, 148, 26, 68, 102, 81, 135, 111, 157, 175, 279, 212, 253, 248, 274, 392, 387, 336, 338, 455, 416, 462, 521]
[2025-06-23T16:46:59.188+0900] {logging_mixin.py:190} INFO - osd 2 -10.0 -5.0 0 41201 [41201, 40113, 38246, 37053, 35709, 34301, 32947, 31450, 30288, 28951, 27384, 26692, 25096, 23678, 22278, 21289, 19845, 18238, 17385, 15478, 14923, 14140, 14879, 14902, 15604, 15475, 15543, 16298, 16469, 16720, 17131, 17582, 17021, 17637, 17780, 18414, 18426, 18729, 19077, 19306, 19400]
[2025-06-23T16:47:07.605+0900] {logging_mixin.py:190} INFO - osd 3 -15.0 -5.0 0 77856 [77856, 75637, 73387, 70958, 68916, 66495, 64249, 61800, 59829, 57556, 55591, 53809, 51995, 50211, 48482, 47024, 45800, 44295, 42856, 41126, 40340, 40052, 40425, 40617, 41126, 41205, 41565, 41655, 42004, 42148, 42291, 42963, 43072, 43397, 43806, 44176, 44583, 44862, 45244, 45306, 45500]
[2025-06-23T16:47:17.878+0900] {logging_mixin.py:190} INFO - osd 4 -20.0 -5.0 0 120734 [120734, 118858, 116243, 113795, 110997, 108957, 106662, 104220, 101854, 99278, 97101, 94989, 92601, 89610, 87344, 85112, 82924, 79588, 77103, 74711, 73519, 72618, 73000, 73547, 74582, 74969, 75104, 75693, 75599, 76527, 77045, 77305, 77924, 78295, 78814, 79230, 79668, 80080, 80538, 81055, 81155]
[2025-06-23T16:47:17.971+0900] {logging_mixin.py:190} INFO - step : text_orientation_set
[2025-06-23T16:47:26.669+0900] {logging_mixin.py:190} INFO - osd 1 90 90 1.13 Japanese 0.82
[2025-06-23T16:47:36.018+0900] {logging_mixin.py:190} INFO - osd 2 break  90 0 1.81 Japanese 0.03
[2025-06-23T16:47:36.020+0900] {logging_mixin.py:190} INFO - step : load
[2025-06-23T16:47:36.025+0900] {logging_mixin.py:190} INFO - step : rotate
[2025-06-23T16:47:36.359+0900] {logging_mixin.py:190} INFO - step : rotate
[2025-06-23T16:47:36.757+0900] {logging_mixin.py:190} INFO - file_copy: /opt/***/data/temp/3f018ccc-5562-4563-8b38-cfcb73ad7e82/9aa19072-0230-413d-a050-e47620847d51/_result.png
[2025-06-23T16:47:36.770+0900] {python.py:240} INFO - Done. Returned value was: {'file_id': '3f018ccc-5562-4563-8b38-cfcb73ad7e82', 'file_path': '/opt/***/data/class/a_class/classify/ready/false/copied_16_2041454869_2041454986.png', 'false': {'process_id': '_9aa19072-0230-413d-a050-e47620847d51_pre', 'folder_path': '3f018ccc-5562-4563-8b38-cfcb73ad7e82/9aa19072-0230-413d-a050-e47620847d51', 'step_list': [{'name': 'cache', 'param': {'key': 'origin'}}, {'name': 'calc_angle_set2', 'param': {'key': 'angle1', 'iterations': 4, 'iter_save': False}}, {'name': 'text_orientation_set', 'param': {'key': 'angle2', 'iterations': 4, 'iter_save': False}}, {'name': 'load', 'param': {'key': 'origin'}}, {'name': 'rotate', 'param': {'key': 'angle1'}}, {'name': 'rotate', 'param': {'key': 'angle2'}}], 'result_file_map': {'_result': '/opt/***/data/temp/3f018ccc-5562-4563-8b38-cfcb73ad7e82/9aa19072-0230-413d-a050-e47620847d51/_result.png'}}}
[2025-06-23T16:47:36.820+0900] {taskinstance.py:341} INFO - ::group::Post task execution logs
[2025-06-23T16:47:36.822+0900] {taskinstance.py:353} INFO - Marking task as SUCCESS. dag_id=lilt_document_classifier_balanced_V0.1, task_id=img_preprocess_task__1, run_id=manual__2025-06-23T07:44:09.997775+00:00, map_index=13, execution_date=20250623T074409, start_date=20250623T074643, end_date=20250623T074736
[2025-06-23T16:47:36.887+0900] {local_task_job_runner.py:266} INFO - Task exited with return code 0
[2025-06-23T16:47:36.932+0900] {taskinstance.py:3901} INFO - 0 downstream tasks scheduled from follow-on schedule check
[2025-06-23T16:47:36.948+0900] {local_task_job_runner.py:245} INFO - ::endgroup::
