[2025-06-25T18:32:09.701+0900] {local_task_job_runner.py:123} INFO - ::group::Pre task execution logs
[2025-06-25T18:32:09.772+0900] {taskinstance.py:2614} INFO - Dependencies all met for dep_context=non-requeueable deps ti=<TaskInstance: lilt_document_classifier_balanced_V0.1.img_preprocess_task manual__2025-06-25T09:28:52.715795+00:00 map_index=1 [queued]>
[2025-06-25T18:32:09.804+0900] {taskinstance.py:2614} INFO - Dependencies all met for dep_context=requeueable deps ti=<TaskInstance: lilt_document_classifier_balanced_V0.1.img_preprocess_task manual__2025-06-25T09:28:52.715795+00:00 map_index=1 [queued]>
[2025-06-25T18:32:09.805+0900] {taskinstance.py:2867} INFO - Starting attempt 1 of 1
[2025-06-25T18:32:09.843+0900] {taskinstance.py:2890} INFO - Executing <Mapped(_PythonDecoratedOperator): img_preprocess_task> on 2025-06-25 09:28:52.715795+00:00
[2025-06-25T18:32:09.898+0900] {warnings.py:112} WARNING - /home/***/.local/lib/python3.12/site-packages/***/task/task_runner/standard_task_runner.py:70: DeprecationWarning: This process (pid=887) is multi-threaded, use of fork() may lead to deadlocks in the child.
  pid = os.fork()

[2025-06-25T18:32:09.905+0900] {standard_task_runner.py:72} INFO - Started process 1100 to run task
[2025-06-25T18:32:09.912+0900] {standard_task_runner.py:104} INFO - Running: ['***', 'tasks', 'run', 'lilt_document_classifier_balanced_V0.1', 'img_preprocess_task', 'manual__2025-06-25T09:28:52.715795+00:00', '--job-id', '5341', '--raw', '--subdir', 'DAGS_FOLDER/class_create_dag.py', '--cfg-path', '/tmp/tmp73qa820v', '--map-index', '1']
[2025-06-25T18:32:09.919+0900] {standard_task_runner.py:105} INFO - Job 5341: Subtask img_preprocess_task
[2025-06-25T18:32:10.086+0900] {task_command.py:467} INFO - Running <TaskInstance: lilt_document_classifier_balanced_V0.1.img_preprocess_task manual__2025-06-25T09:28:52.715795+00:00 map_index=1 [running]> on host f6d4228a9eb8
[2025-06-25T18:32:10.556+0900] {taskinstance.py:3134} INFO - Exporting env vars: AIRFLOW_CTX_DAG_OWNER='***' AIRFLOW_CTX_DAG_ID='lilt_document_classifier_balanced_V0.1' AIRFLOW_CTX_TASK_ID='img_preprocess_task' AIRFLOW_CTX_EXECUTION_DATE='2025-06-25T09:28:52.715795+00:00' AIRFLOW_CTX_TRY_NUMBER='1' AIRFLOW_CTX_DAG_RUN_ID='manual__2025-06-25T09:28:52.715795+00:00'
[2025-06-25T18:32:10.558+0900] {taskinstance.py:732} INFO - ::endgroup::
[2025-06-25T18:32:10.561+0900] {logging_mixin.py:190} INFO - empty map check {} {}
[2025-06-25T18:32:10.569+0900] {logging_mixin.py:190} INFO - step : cache
[2025-06-25T18:32:10.578+0900] {logging_mixin.py:190} INFO - step : calc_angle_set2
[2025-06-25T18:32:16.297+0900] {logging_mixin.py:190} INFO - osd 1 0 0 5 11 [0, 0, 0, 0, 0, 11, 0, 0, 0, 0, 0]
[2025-06-25T18:32:24.680+0900] {logging_mixin.py:190} INFO - osd 2 0 0 5 11 [0, 0, 0, 0, 0, 11, 0, 0, 0, 0, 0]
[2025-06-25T18:32:24.804+0900] {logging_mixin.py:190} INFO - step : calc_angle_set2
[2025-06-25T18:32:33.269+0900] {logging_mixin.py:190} INFO - osd 1 2.0 2.0 10 87811 [0, 0, 0, 0, 0, 0, 20, 0, 11, 2105, 87811, 82940, 628, 0, 0, 0, 0]
[2025-06-25T18:32:40.058+0900] {logging_mixin.py:190} INFO - osd 2 2.0 0.0 8 85339 [0, 0, 0, 0, 0, 0, 0, 705, 85339, 81680, 11, 0, 0, 0, 0, 0, 0]
[2025-06-25T18:32:40.227+0900] {logging_mixin.py:190} INFO - step : calc_angle_set2
[2025-06-25T18:32:48.358+0900] {logging_mixin.py:190} INFO - osd 1 0.5 0.5 12 201757 [705, 5220, 13904, 25688, 38017, 50422, 62626, 75051, 85339, 100310, 139305, 180320, 201757, 162770, 120393, 93273, 81680]
[2025-06-25T18:32:56.749+0900] {logging_mixin.py:190} INFO - osd 2 0.5 0.0 8 202862 [39129, 51581, 63975, 76437, 87867, 102221, 142078, 184001, 202862, 166588, 123502, 95665, 83417, 71111, 58671, 46207, 33885]
[2025-06-25T18:32:56.866+0900] {logging_mixin.py:190} INFO - step : text_orientation_set
[2025-06-25T18:33:18.062+0900] {logging_mixin.py:190} INFO - osd 1 break  0 0 2.91 Korean 0.99
[2025-06-25T18:33:18.559+0900] {logging_mixin.py:190} INFO - file_copy: /opt/***/data/temp/cb73e2d1-b756-4faa-b9db-ed0d02110ce0/5a32ae1a-25a9-4ac4-a93d-448593869293/_result.png
[2025-06-25T18:33:18.593+0900] {python.py:240} INFO - Done. Returned value was: {'file_id': 'cb73e2d1-b756-4faa-b9db-ed0d02110ce0', 'file_path': '/opt/***/data/class/a_class/classify/ready/true/종로구 - 정부24 - 건축물대장 등본(초본) 발급(열람) _ 문서출력_page_1_aug1.png', 'true': {'process_id': '_5a32ae1a-25a9-4ac4-a93d-448593869293_pre', 'folder_path': 'cb73e2d1-b756-4faa-b9db-ed0d02110ce0/5a32ae1a-25a9-4ac4-a93d-448593869293', 'step_list': [{'name': 'cache', 'param': {'cache_key': 'origin'}}, {'name': 'calc_angle_set2', 'param': {'angle_key': 'angle2_1', 'delta': 8.0, 'limit': 40, 'iterations': 2, 'iter_save': False}}, {'name': 'calc_angle_set2', 'param': {'angle_key': 'angle2_2', 'delta': 1.0, 'limit': 8, 'iterations': 2, 'iter_save': False}}, {'name': 'calc_angle_set2', 'param': {'angle_key': 'angle2_3', 'delta': 0.125, 'limit': 1, 'iterations': 2, 'iter_save': False}}, {'name': 'text_orientation_set', 'param': {'angle_key': 'orint', 'iterations': 3, 'iter_save': False}}], 'result_file_map': {'_result': '/opt/***/data/temp/cb73e2d1-b756-4faa-b9db-ed0d02110ce0/5a32ae1a-25a9-4ac4-a93d-448593869293/_result.png'}}}
[2025-06-25T18:33:18.650+0900] {taskinstance.py:341} INFO - ::group::Post task execution logs
[2025-06-25T18:33:18.652+0900] {taskinstance.py:353} INFO - Marking task as SUCCESS. dag_id=lilt_document_classifier_balanced_V0.1, task_id=img_preprocess_task, run_id=manual__2025-06-25T09:28:52.715795+00:00, map_index=1, execution_date=20250625T092852, start_date=20250625T093209, end_date=20250625T093318
[2025-06-25T18:33:18.771+0900] {local_task_job_runner.py:266} INFO - Task exited with return code 0
[2025-06-25T18:33:18.828+0900] {taskinstance.py:3901} INFO - 0 downstream tasks scheduled from follow-on schedule check
[2025-06-25T18:33:18.839+0900] {local_task_job_runner.py:245} INFO - ::endgroup::
