[2025-06-23T10:56:50.963+0900] {local_task_job_runner.py:123} INFO - ::group::Pre task execution logs
[2025-06-23T10:56:51.030+0900] {taskinstance.py:2614} INFO - Dependencies all met for dep_context=non-requeueable deps ti=<TaskInstance: lilt_document_classifier_balanced_V0.1.img_preprocess_task manual__2025-06-23T01:55:15.838468+00:00 map_index=15 [queued]>
[2025-06-23T10:56:51.166+0900] {taskinstance.py:2614} INFO - Dependencies all met for dep_context=requeueable deps ti=<TaskInstance: lilt_document_classifier_balanced_V0.1.img_preprocess_task manual__2025-06-23T01:55:15.838468+00:00 map_index=15 [queued]>
[2025-06-23T10:56:51.174+0900] {taskinstance.py:2867} INFO - Starting attempt 1 of 1
[2025-06-23T10:56:51.285+0900] {taskinstance.py:2890} INFO - Executing <Mapped(_PythonDecoratedOperator): img_preprocess_task> on 2025-06-23 01:55:15.838468+00:00
[2025-06-23T10:56:51.315+0900] {warnings.py:112} WARNING - /home/***/.local/lib/python3.12/site-packages/***/task/task_runner/standard_task_runner.py:70: DeprecationWarning: This process (pid=89597) is multi-threaded, use of fork() may lead to deadlocks in the child.
  pid = os.fork()

[2025-06-23T10:56:51.320+0900] {standard_task_runner.py:72} INFO - Started process 89781 to run task
[2025-06-23T10:56:51.318+0900] {standard_task_runner.py:104} INFO - Running: ['***', 'tasks', 'run', 'lilt_document_classifier_balanced_V0.1', 'img_preprocess_task', 'manual__2025-06-23T01:55:15.838468+00:00', '--job-id', '2314', '--raw', '--subdir', 'DAGS_FOLDER/class_create_dag.py', '--cfg-path', '/tmp/tmpuu4qhyp_', '--map-index', '15']
[2025-06-23T10:56:51.346+0900] {standard_task_runner.py:105} INFO - Job 2314: Subtask img_preprocess_task
[2025-06-23T10:56:51.485+0900] {task_command.py:467} INFO - Running <TaskInstance: lilt_document_classifier_balanced_V0.1.img_preprocess_task manual__2025-06-23T01:55:15.838468+00:00 map_index=15 [running]> on host f6d4228a9eb8
[2025-06-23T10:56:51.839+0900] {taskinstance.py:3134} INFO - Exporting env vars: AIRFLOW_CTX_DAG_OWNER='***' AIRFLOW_CTX_DAG_ID='lilt_document_classifier_balanced_V0.1' AIRFLOW_CTX_TASK_ID='img_preprocess_task' AIRFLOW_CTX_EXECUTION_DATE='2025-06-23T01:55:15.838468+00:00' AIRFLOW_CTX_TRY_NUMBER='1' AIRFLOW_CTX_DAG_RUN_ID='manual__2025-06-23T01:55:15.838468+00:00'
[2025-06-23T10:56:51.844+0900] {taskinstance.py:732} INFO - ::endgroup::
[2025-06-23T10:56:51.848+0900] {logging_mixin.py:190} INFO - empty map check {} {'process_id': '_6a3cdce3-b504-489b-9e55-a3b56efb721c_pre', 'folder_path': '6237e915-89a8-4117-aaa1-df9319786826/6a3cdce3-b504-489b-9e55-a3b56efb721c', 'step_list': [{'name': 'cache', 'param': {'key': 'origin'}}, {'name': 'calc_angle_set1', 'param': {'key': 'angle1', 'iterations': 4, 'iter_save': False}}, {'name': 'text_orientation_set', 'param': {'key': 'angle2', 'iterations': 4, 'iter_save': False}}, {'name': 'load', 'param': {'key': 'origin'}}, {'name': 'rotate', 'param': {'key': 'angle1'}}, {'name': 'rotate', 'param': {'key': 'angle2'}}], 'result_file_map': {}}
[2025-06-23T10:56:51.882+0900] {logging_mixin.py:190} INFO - step : cache
[2025-06-23T10:56:51.906+0900] {logging_mixin.py:190} INFO - step : calc_angle_set1
[2025-06-23T10:56:52.304+0900] {logging_mixin.py:190} INFO - step : text_orientation_set
[2025-06-23T10:57:13.016+0900] {logging_mixin.py:190} INFO - osd 1 break  0 0 9.56 Korean 0.73
[2025-06-23T10:57:13.031+0900] {logging_mixin.py:190} INFO - step : load
[2025-06-23T10:57:13.038+0900] {logging_mixin.py:190} INFO - step : rotate
[2025-06-23T10:57:13.293+0900] {logging_mixin.py:190} INFO - step : rotate
[2025-06-23T10:57:13.862+0900] {logging_mixin.py:190} INFO - file_copy: /opt/***/data/temp/6237e915-89a8-4117-aaa1-df9319786826/6a3cdce3-b504-489b-9e55-a3b56efb721c/_result.png
[2025-06-23T10:57:13.896+0900] {python.py:240} INFO - Done. Returned value was: {'file_id': '6237e915-89a8-4117-aaa1-df9319786826', 'file_path': '/opt/***/data/class/a_class/classify/ready/true/목동 자성빌딩 - 정부24 - 건축물대장 등본(초본) 발급(열람) _ 문서출력_page_1_aug0.png', 'true': {'process_id': '_6a3cdce3-b504-489b-9e55-a3b56efb721c_pre', 'folder_path': '6237e915-89a8-4117-aaa1-df9319786826/6a3cdce3-b504-489b-9e55-a3b56efb721c', 'step_list': [{'name': 'cache', 'param': {'key': 'origin'}}, {'name': 'calc_angle_set1', 'param': {'key': 'angle1', 'iterations': 4, 'iter_save': False}}, {'name': 'text_orientation_set', 'param': {'key': 'angle2', 'iterations': 4, 'iter_save': False}}, {'name': 'load', 'param': {'key': 'origin'}}, {'name': 'rotate', 'param': {'key': 'angle1'}}, {'name': 'rotate', 'param': {'key': 'angle2'}}], 'result_file_map': {'_result': '/opt/***/data/temp/6237e915-89a8-4117-aaa1-df9319786826/6a3cdce3-b504-489b-9e55-a3b56efb721c/_result.png'}}}
[2025-06-23T10:57:13.992+0900] {taskinstance.py:341} INFO - ::group::Post task execution logs
[2025-06-23T10:57:13.999+0900] {taskinstance.py:353} INFO - Marking task as SUCCESS. dag_id=lilt_document_classifier_balanced_V0.1, task_id=img_preprocess_task, run_id=manual__2025-06-23T01:55:15.838468+00:00, map_index=15, execution_date=20250623T015515, start_date=20250623T015651, end_date=20250623T015713
[2025-06-23T10:57:14.221+0900] {local_task_job_runner.py:266} INFO - Task exited with return code 0
[2025-06-23T10:57:14.324+0900] {taskinstance.py:3901} INFO - 0 downstream tasks scheduled from follow-on schedule check
[2025-06-23T10:57:14.332+0900] {local_task_job_runner.py:245} INFO - ::endgroup::
