[2025-06-25T09:27:16.115+0900] {local_task_job_runner.py:123} INFO - ::group::Pre task execution logs
[2025-06-25T09:27:16.209+0900] {taskinstance.py:2614} INFO - Dependencies all met for dep_context=non-requeueable deps ti=<TaskInstance: lilt_document_classifier_balanced_V0.1.img_preprocess_task__1 manual__2025-06-25T00:18:31.692203+00:00 map_index=66 [queued]>
[2025-06-25T09:27:16.279+0900] {taskinstance.py:2614} INFO - Dependencies all met for dep_context=requeueable deps ti=<TaskInstance: lilt_document_classifier_balanced_V0.1.img_preprocess_task__1 manual__2025-06-25T00:18:31.692203+00:00 map_index=66 [queued]>
[2025-06-25T09:27:16.280+0900] {taskinstance.py:2867} INFO - Starting attempt 1 of 1
[2025-06-25T09:27:16.314+0900] {taskinstance.py:2890} INFO - Executing <Mapped(_PythonDecoratedOperator): img_preprocess_task__1> on 2025-06-25 00:18:31.692203+00:00
[2025-06-25T09:27:16.333+0900] {warnings.py:112} WARNING - /home/***/.local/lib/python3.12/site-packages/***/task/task_runner/standard_task_runner.py:70: DeprecationWarning: This process (pid=78043) is multi-threaded, use of fork() may lead to deadlocks in the child.
  pid = os.fork()

[2025-06-25T09:27:16.337+0900] {standard_task_runner.py:72} INFO - Started process 78078 to run task
[2025-06-25T09:27:16.339+0900] {standard_task_runner.py:104} INFO - Running: ['***', 'tasks', 'run', 'lilt_document_classifier_balanced_V0.1', 'img_preprocess_task__1', 'manual__2025-06-25T00:18:31.692203+00:00', '--job-id', '5105', '--raw', '--subdir', 'DAGS_FOLDER/class_create_dag.py', '--cfg-path', '/tmp/tmpnpwj0a_l', '--map-index', '66']
[2025-06-25T09:27:16.347+0900] {standard_task_runner.py:105} INFO - Job 5105: Subtask img_preprocess_task__1
[2025-06-25T09:27:16.461+0900] {task_command.py:467} INFO - Running <TaskInstance: lilt_document_classifier_balanced_V0.1.img_preprocess_task__1 manual__2025-06-25T00:18:31.692203+00:00 map_index=66 [running]> on host f6d4228a9eb8
[2025-06-25T09:27:16.851+0900] {taskinstance.py:3134} INFO - Exporting env vars: AIRFLOW_CTX_DAG_OWNER='***' AIRFLOW_CTX_DAG_ID='lilt_document_classifier_balanced_V0.1' AIRFLOW_CTX_TASK_ID='img_preprocess_task__1' AIRFLOW_CTX_EXECUTION_DATE='2025-06-25T00:18:31.692203+00:00' AIRFLOW_CTX_TRY_NUMBER='1' AIRFLOW_CTX_DAG_RUN_ID='manual__2025-06-25T00:18:31.692203+00:00'
[2025-06-25T09:27:16.861+0900] {taskinstance.py:732} INFO - ::endgroup::
[2025-06-25T09:27:16.885+0900] {logging_mixin.py:190} INFO - empty map check {} {'process_id': '_7ff2973e-7bcb-431f-a1c9-f4c897c3a300_pre', 'folder_path': '34cc2a28-bc68-4c62-a171-3991fef5a5b0/7ff2973e-7bcb-431f-a1c9-f4c897c3a300', 'step_list': [{'name': 'cache', 'param': {'cache_key': 'origin'}}, {'name': 'calc_angle_set2', 'param': {'angle_key': 'angle2_1', 'delta': 8.0, 'limit': 40, 'iterations': 2, 'iter_save': False}}, {'name': 'calc_angle_set2', 'param': {'angle_key': 'angle2_2', 'delta': 1.0, 'limit': 8, 'iterations': 2, 'iter_save': False}}, {'name': 'calc_angle_set2', 'param': {'angle_key': 'angle2_3', 'delta': 0.125, 'limit': 1, 'iterations': 2, 'iter_save': False}}, {'name': 'text_orientation_set', 'param': {'angle_key': 'orint', 'iterations': 3, 'iter_save': False}}, {'name': 'load', 'param': {'cache_key': 'origin'}}, {'name': 'rotate', 'param': {'angle_key': 'angle2_1'}}, {'name': 'rotate', 'param': {'angle_key': 'angle2_2'}}, {'name': 'rotate', 'param': {'angle_key': 'angle2_3'}}, {'name': 'rotate', 'param': {'angle_key': 'orint'}}], 'result_file_map': {}}
[2025-06-25T09:27:16.899+0900] {logging_mixin.py:190} INFO - step : cache
[2025-06-25T09:27:16.900+0900] {logging_mixin.py:190} INFO - step : calc_angle_set2
[2025-06-25T09:27:18.247+0900] {logging_mixin.py:190} INFO - osd 1 0.0 0.0 5 1897 [0, 0, 0, 0, 637, 1897, 277, 0, 0, 0, 0]
[2025-06-25T09:27:19.382+0900] {logging_mixin.py:190} INFO - osd 2 0.0 0.0 5 1897 [0, 0, 0, 0, 637, 1897, 277, 0, 0, 0, 0]
[2025-06-25T09:27:19.412+0900] {logging_mixin.py:190} INFO - step : calc_angle_set2
[2025-06-25T09:27:21.226+0900] {logging_mixin.py:190} INFO - osd 1 -1.0 -1.0 7 1991 [637, 841, 930, 1239, 1289, 1526, 1748, 1991, 1897, 1907, 1331, 1568, 972, 966, 623, 508, 277]
[2025-06-25T09:27:23.130+0900] {logging_mixin.py:190} INFO - osd 2 -1.0 0.0 8 1919 [345, 471, 678, 911, 1209, 1345, 1849, 1875, 1919, 1722, 1866, 1247, 1237, 944, 741, 561, 404]
[2025-06-25T09:27:23.191+0900] {logging_mixin.py:190} INFO - step : calc_angle_set2
[2025-06-25T09:27:25.952+0900] {logging_mixin.py:190} INFO - osd 1 -0.375 -0.375 5 2373 [1875, 1673, 1749, 1839, 1906, 2373, 2015, 1884, 1919, 2013, 1927, 2359, 1984, 1987, 1812, 1796, 1722]
[2025-06-25T09:27:28.627+0900] {logging_mixin.py:190} INFO - osd 2 -0.125 0.25 10 2704 [2122, 2304, 2360, 2343, 2342, 2514, 2411, 2523, 2460, 2508, 2704, 2527, 2468, 2518, 2563, 2492, 2505]
[2025-06-25T09:27:28.681+0900] {logging_mixin.py:190} INFO - step : text_orientation_set
[2025-06-25T09:27:33.163+0900] {logging_mixin.py:190} INFO - Tesseract OSD Error: (1, 'Estimating resolution as 162 Too few characters. Skipping this page Warning. Invalid resolution 0 dpi. Using 70 instead. Too few characters. Skipping this page Error during processing.')
[2025-06-25T09:27:33.171+0900] {logging_mixin.py:190} INFO - step : load
[2025-06-25T09:27:33.174+0900] {logging_mixin.py:190} INFO - step : rotate
[2025-06-25T09:27:33.192+0900] {logging_mixin.py:190} INFO - step : rotate
[2025-06-25T09:27:33.220+0900] {logging_mixin.py:190} INFO - step : rotate
[2025-06-25T09:27:33.254+0900] {logging_mixin.py:190} INFO - step : rotate
[2025-06-25T09:27:33.297+0900] {logging_mixin.py:190} INFO - file_copy: /opt/***/data/temp/34cc2a28-bc68-4c62-a171-3991fef5a5b0/7ff2973e-7bcb-431f-a1c9-f4c897c3a300/_result.png
[2025-06-25T09:27:33.311+0900] {python.py:240} INFO - Done. Returned value was: {'file_id': '34cc2a28-bc68-4c62-a171-3991fef5a5b0', 'file_path': '/opt/***/data/class/a_class/classify/ready/false/copied_17_50568526-8526.png', 'false': {'process_id': '_7ff2973e-7bcb-431f-a1c9-f4c897c3a300_pre', 'folder_path': '34cc2a28-bc68-4c62-a171-3991fef5a5b0/7ff2973e-7bcb-431f-a1c9-f4c897c3a300', 'step_list': [{'name': 'cache', 'param': {'cache_key': 'origin'}}, {'name': 'calc_angle_set2', 'param': {'angle_key': 'angle2_1', 'delta': 8.0, 'limit': 40, 'iterations': 2, 'iter_save': False}}, {'name': 'calc_angle_set2', 'param': {'angle_key': 'angle2_2', 'delta': 1.0, 'limit': 8, 'iterations': 2, 'iter_save': False}}, {'name': 'calc_angle_set2', 'param': {'angle_key': 'angle2_3', 'delta': 0.125, 'limit': 1, 'iterations': 2, 'iter_save': False}}, {'name': 'text_orientation_set', 'param': {'angle_key': 'orint', 'iterations': 3, 'iter_save': False}}, {'name': 'load', 'param': {'cache_key': 'origin'}}, {'name': 'rotate', 'param': {'angle_key': 'angle2_1'}}, {'name': 'rotate', 'param': {'angle_key': 'angle2_2'}}, {'name': 'rotate', 'param': {'angle_key': 'angle2_3'}}, {'name': 'rotate', 'param': {'angle_key': 'orint'}}], 'result_file_map': {'_result': '/opt/***/data/temp/34cc2a28-bc68-4c62-a171-3991fef5a5b0/7ff2973e-7bcb-431f-a1c9-f4c897c3a300/_result.png'}}}
[2025-06-25T09:27:33.431+0900] {taskinstance.py:341} INFO - ::group::Post task execution logs
[2025-06-25T09:27:33.433+0900] {taskinstance.py:353} INFO - Marking task as SUCCESS. dag_id=lilt_document_classifier_balanced_V0.1, task_id=img_preprocess_task__1, run_id=manual__2025-06-25T00:18:31.692203+00:00, map_index=66, execution_date=20250625T001831, start_date=20250625T002716, end_date=20250625T002733
[2025-06-25T09:27:33.548+0900] {local_task_job_runner.py:266} INFO - Task exited with return code 0
[2025-06-25T09:27:33.700+0900] {taskinstance.py:3901} INFO - 0 downstream tasks scheduled from follow-on schedule check
[2025-06-25T09:27:33.722+0900] {local_task_job_runner.py:245} INFO - ::endgroup::
