[2025-06-23T09:43:58.993+0900] {local_task_job_runner.py:123} INFO - ::group::Pre task execution logs
[2025-06-23T09:43:59.162+0900] {taskinstance.py:2614} INFO - Dependencies all met for dep_context=non-requeueable deps ti=<TaskInstance: lilt_document_classifier_balanced_V0.1.img_preprocess_task manual__2025-06-23T00:42:21.868462+00:00 map_index=14 [queued]>
[2025-06-23T09:43:59.211+0900] {taskinstance.py:2614} INFO - Dependencies all met for dep_context=requeueable deps ti=<TaskInstance: lilt_document_classifier_balanced_V0.1.img_preprocess_task manual__2025-06-23T00:42:21.868462+00:00 map_index=14 [queued]>
[2025-06-23T09:43:59.213+0900] {taskinstance.py:2867} INFO - Starting attempt 1 of 1
[2025-06-23T09:43:59.318+0900] {taskinstance.py:2890} INFO - Executing <Mapped(_PythonDecoratedOperator): img_preprocess_task> on 2025-06-23 00:42:21.868462+00:00
[2025-06-23T09:43:59.370+0900] {standard_task_runner.py:104} INFO - Running: ['***', 'tasks', 'run', 'lilt_document_classifier_balanced_V0.1', 'img_preprocess_task', 'manual__2025-06-23T00:42:21.868462+00:00', '--job-id', '1920', '--raw', '--subdir', 'DAGS_FOLDER/class_create_dag.py', '--cfg-path', '/tmp/tmpp8s5z67k', '--map-index', '14']
[2025-06-23T09:43:59.385+0900] {standard_task_runner.py:105} INFO - Job 1920: Subtask img_preprocess_task
[2025-06-23T09:43:59.364+0900] {warnings.py:112} WARNING - /home/***/.local/lib/python3.12/site-packages/***/task/task_runner/standard_task_runner.py:70: DeprecationWarning: This process (pid=81311) is multi-threaded, use of fork() may lead to deadlocks in the child.
  pid = os.fork()

[2025-06-23T09:43:59.397+0900] {standard_task_runner.py:72} INFO - Started process 81419 to run task
[2025-06-23T09:43:59.713+0900] {task_command.py:467} INFO - Running <TaskInstance: lilt_document_classifier_balanced_V0.1.img_preprocess_task manual__2025-06-23T00:42:21.868462+00:00 map_index=14 [running]> on host f6d4228a9eb8
[2025-06-23T09:44:00.000+0900] {taskinstance.py:3134} INFO - Exporting env vars: AIRFLOW_CTX_DAG_OWNER='***' AIRFLOW_CTX_DAG_ID='lilt_document_classifier_balanced_V0.1' AIRFLOW_CTX_TASK_ID='img_preprocess_task' AIRFLOW_CTX_EXECUTION_DATE='2025-06-23T00:42:21.868462+00:00' AIRFLOW_CTX_TRY_NUMBER='1' AIRFLOW_CTX_DAG_RUN_ID='manual__2025-06-23T00:42:21.868462+00:00'
[2025-06-23T09:44:00.013+0900] {taskinstance.py:732} INFO - ::endgroup::
[2025-06-23T09:44:00.017+0900] {logging_mixin.py:190} INFO - empty map check {} {'process_id': '_a9193411-2c2f-4dca-979d-f19f051e3c69_pre', 'folder_path': '3e34b2f3-ec03-483e-a553-fbf5a2c90fec/a9193411-2c2f-4dca-979d-f19f051e3c69', 'step_list': [{'name': 'cache', 'param': {'key': 'origin'}}, {'name': 'calc_angle_set1', 'param': {'key': 'angle1', 'iterations': 4, 'iter_save': False}}, {'name': 'text_orientation_set', 'param': {'key': 'angle2', 'iterations': 4, 'iter_save': False}}, {'name': 'load', 'param': {'key': 'origin'}}, {'name': 'rotate', 'param': {'key': 'angle1'}}, {'name': 'rotate', 'param': {'key': 'angle2'}}], 'result_file_map': {}}
[2025-06-23T09:44:00.027+0900] {logging_mixin.py:190} INFO - step : cache
[2025-06-23T09:44:00.038+0900] {logging_mixin.py:190} INFO - step : calc_angle_set1
[2025-06-23T09:44:00.956+0900] {logging_mixin.py:190} INFO - step : text_orientation_set
[2025-06-23T09:44:18.925+0900] {logging_mixin.py:190} INFO - osd 1 break  0 0 11.21 Korean 0.75
[2025-06-23T09:44:18.929+0900] {logging_mixin.py:190} INFO - step : load
[2025-06-23T09:44:18.936+0900] {logging_mixin.py:190} INFO - step : rotate
[2025-06-23T09:44:19.601+0900] {logging_mixin.py:190} INFO - step : rotate
[2025-06-23T09:44:22.850+0900] {logging_mixin.py:190} INFO - file_copy: /opt/***/data/temp/3e34b2f3-ec03-483e-a553-fbf5a2c90fec/a9193411-2c2f-4dca-979d-f19f051e3c69/_result.png
[2025-06-23T09:44:22.904+0900] {python.py:240} INFO - Done. Returned value was: {'file_id': '3e34b2f3-ec03-483e-a553-fbf5a2c90fec', 'file_path': '/opt/***/data/class/a_class/classify/ready/true/신도림동 기임빌딩 - 정부24 - 건축물대장 등본(초본) 발급(열람) _ 문서출력_page_1_aug2.png', 'true': {'process_id': '_a9193411-2c2f-4dca-979d-f19f051e3c69_pre', 'folder_path': '3e34b2f3-ec03-483e-a553-fbf5a2c90fec/a9193411-2c2f-4dca-979d-f19f051e3c69', 'step_list': [{'name': 'cache', 'param': {'key': 'origin'}}, {'name': 'calc_angle_set1', 'param': {'key': 'angle1', 'iterations': 4, 'iter_save': False}}, {'name': 'text_orientation_set', 'param': {'key': 'angle2', 'iterations': 4, 'iter_save': False}}, {'name': 'load', 'param': {'key': 'origin'}}, {'name': 'rotate', 'param': {'key': 'angle1'}}, {'name': 'rotate', 'param': {'key': 'angle2'}}], 'result_file_map': {'_result': '/opt/***/data/temp/3e34b2f3-ec03-483e-a553-fbf5a2c90fec/a9193411-2c2f-4dca-979d-f19f051e3c69/_result.png'}}}
[2025-06-23T09:44:23.039+0900] {taskinstance.py:341} INFO - ::group::Post task execution logs
[2025-06-23T09:44:23.046+0900] {taskinstance.py:353} INFO - Marking task as SUCCESS. dag_id=lilt_document_classifier_balanced_V0.1, task_id=img_preprocess_task, run_id=manual__2025-06-23T00:42:21.868462+00:00, map_index=14, execution_date=20250623T004221, start_date=20250623T004359, end_date=20250623T004423
[2025-06-23T09:44:23.265+0900] {local_task_job_runner.py:266} INFO - Task exited with return code 0
[2025-06-23T09:44:23.336+0900] {taskinstance.py:3901} INFO - 0 downstream tasks scheduled from follow-on schedule check
[2025-06-23T09:44:23.343+0900] {local_task_job_runner.py:245} INFO - ::endgroup::
