[2025-06-10T05:14:22.585+0000] {local_task_job_runner.py:123} INFO - ::group::Pre task execution logs
[2025-06-10T05:14:22.608+0000] {taskinstance.py:2614} INFO - Dependencies all met for dep_context=non-requeueable deps ti=<TaskInstance: image_ocr_v2.img_preprocess_task manual__2025-06-10T05:14:17.629246+00:00 map_index=0 [queued]>
[2025-06-10T05:14:22.621+0000] {taskinstance.py:2614} INFO - Dependencies all met for dep_context=requeueable deps ti=<TaskInstance: image_ocr_v2.img_preprocess_task manual__2025-06-10T05:14:17.629246+00:00 map_index=0 [queued]>
[2025-06-10T05:14:22.622+0000] {taskinstance.py:2867} INFO - Starting attempt 1 of 1
[2025-06-10T05:14:22.639+0000] {taskinstance.py:2890} INFO - Executing <Mapped(_PythonDecoratedOperator): img_preprocess_task> on 2025-06-10 05:14:17.629246+00:00
[2025-06-10T05:14:22.648+0000] {warnings.py:112} WARNING - /home/***/.local/lib/python3.12/site-packages/***/task/task_runner/standard_task_runner.py:70: DeprecationWarning: This process (pid=23586) is multi-threaded, use of fork() may lead to deadlocks in the child.
  pid = os.fork()

[2025-06-10T05:14:22.651+0000] {standard_task_runner.py:72} INFO - Started process 23596 to run task
[2025-06-10T05:14:22.650+0000] {standard_task_runner.py:104} INFO - Running: ['***', 'tasks', 'run', 'image_ocr_v2', 'img_preprocess_task', 'manual__2025-06-10T05:14:17.629246+00:00', '--job-id', '328', '--raw', '--subdir', 'DAGS_FOLDER/test_dag.py', '--cfg-path', '/tmp/tmppst5d13c', '--map-index', '0']
[2025-06-10T05:14:22.653+0000] {standard_task_runner.py:105} INFO - Job 328: Subtask img_preprocess_task
[2025-06-10T05:14:22.700+0000] {task_command.py:467} INFO - Running <TaskInstance: image_ocr_v2.img_preprocess_task manual__2025-06-10T05:14:17.629246+00:00 map_index=0 [running]> on host 85194d6fbd18
[2025-06-10T05:14:22.789+0000] {taskinstance.py:3134} INFO - Exporting env vars: AIRFLOW_CTX_DAG_OWNER='***' AIRFLOW_CTX_DAG_ID='image_ocr_v2' AIRFLOW_CTX_TASK_ID='img_preprocess_task' AIRFLOW_CTX_EXECUTION_DATE='2025-06-10T05:14:17.629246+00:00' AIRFLOW_CTX_TRY_NUMBER='1' AIRFLOW_CTX_DAG_RUN_ID='manual__2025-06-10T05:14:17.629246+00:00'
[2025-06-10T05:14:22.790+0000] {taskinstance.py:732} INFO - ::endgroup::
[2025-06-10T05:14:22.795+0000] {logging_mixin.py:190} INFO - empty map check {} {'process_id': '7cdc0675-741a-4fc7-98b9-d40c1075f8de', 'folder_path': 'f4c9adbb-086b-424c-9267-247d848a1469/7cdc0675-741a-4fc7-98b9-d40c1075f8de', 'step_list': [{'name': 'cache', 'param': {'key': 'origin'}}, {'name': 'calc_angle_set1', 'param': {'key': 'angle1', 'iterations': 3}}, {'name': 'save', 'param': {'key': 'rotate1'}}, {'name': 'calc_angle_set2', 'param': {'key': 'angle2', 'iterations': 2}}, {'name': 'save', 'param': {'key': 'rotate2'}}, {'name': 'threshold', 'param': {}}, {'name': 'morphology1', 'param': {}}, {'name': 'scale1', 'param': {'width': 500, 'height': 500}}, {'name': 'save', 'param': {'key': 'classify_preprocess'}}], 'result_file_list': []}
[2025-06-10T05:14:22.795+0000] {logging_mixin.py:190} INFO - step : cache
[2025-06-10T05:14:22.796+0000] {logging_mixin.py:190} INFO - step : calc_angle_set1
[2025-06-10T05:14:22.824+0000] {logging_mixin.py:190} INFO - angle1 :  0 0.25547857154454756 0.4054614588889507 0.37427304010819284 0.12113254576841094 0.12104724141263573
[2025-06-10T05:14:22.878+0000] {logging_mixin.py:190} INFO - angle2 :  0.25547857154454756 -0.008297945586883876 0.12475925739857985 0.12469137988858847 -0.1615098738662929 -0.12113254576841094
[2025-06-10T05:14:22.879+0000] {logging_mixin.py:190} INFO - step : save
[2025-06-10T05:14:23.140+0000] {logging_mixin.py:190} INFO - file_copy: /opt/***/data/result/f4c9adbb-086b-424c-9267-247d848a1469/7cdc0675-741a-4fc7-98b9-d40c1075f8de/rotate1.png
[2025-06-10T05:14:23.152+0000] {logging_mixin.py:190} INFO - step : calc_angle_set2
[2025-06-10T05:14:30.765+0000] {logging_mixin.py:190} INFO - osd 0 0 2.73 Latin 1.25
[2025-06-10T05:14:31.094+0000] {logging_mixin.py:190} INFO - file_copy: /opt/***/data/result/f4c9adbb-086b-424c-9267-247d848a1469/7cdc0675-741a-4fc7-98b9-d40c1075f8de/rotate2_1.png
[2025-06-10T05:14:38.208+0000] {logging_mixin.py:190} INFO - osd 0 0 2.73 Latin 1.25
[2025-06-10T05:14:38.372+0000] {logging_mixin.py:190} INFO - file_copy: /opt/***/data/result/f4c9adbb-086b-424c-9267-247d848a1469/7cdc0675-741a-4fc7-98b9-d40c1075f8de/rotate2_2.png
[2025-06-10T05:14:38.429+0000] {logging_mixin.py:190} INFO - step : save
[2025-06-10T05:14:38.595+0000] {logging_mixin.py:190} INFO - file_copy: /opt/***/data/result/f4c9adbb-086b-424c-9267-247d848a1469/7cdc0675-741a-4fc7-98b9-d40c1075f8de/rotate2.png
[2025-06-10T05:14:38.617+0000] {logging_mixin.py:190} INFO - step : threshold
[2025-06-10T05:14:38.692+0000] {logging_mixin.py:190} INFO - step : morphology1
[2025-06-10T05:14:38.704+0000] {logging_mixin.py:190} INFO - step : scale1
[2025-06-10T05:14:38.709+0000] {logging_mixin.py:190} INFO - step : save
[2025-06-10T05:14:38.715+0000] {logging_mixin.py:190} INFO - file_copy: /opt/***/data/result/f4c9adbb-086b-424c-9267-247d848a1469/7cdc0675-741a-4fc7-98b9-d40c1075f8de/classify_preprocess.png
[2025-06-10T05:14:38.722+0000] {python.py:240} INFO - Done. Returned value was: {'file_id': 'f4c9adbb-086b-424c-9267-247d848a1469', 'file_path': '/opt/***/data/upload/Gas Engine 점검일지_ 2021년 2월.pdf-image-011.jpg', 'preprocess_list': [{'process_id': '7cdc0675-741a-4fc7-98b9-d40c1075f8de', 'folder_path': 'f4c9adbb-086b-424c-9267-247d848a1469/7cdc0675-741a-4fc7-98b9-d40c1075f8de', 'step_list': [{'name': 'cache', 'param': {'key': 'origin'}}, {'name': 'calc_angle_set1', 'param': {'key': 'angle1', 'iterations': 3}}, {'name': 'save', 'param': {'key': 'rotate1'}}, {'name': 'calc_angle_set2', 'param': {'key': 'angle2', 'iterations': 2}}, {'name': 'save', 'param': {'key': 'rotate2'}}, {'name': 'threshold', 'param': {}}, {'name': 'morphology1', 'param': {}}, {'name': 'scale1', 'param': {'width': 500, 'height': 500}}, {'name': 'save', 'param': {'key': 'classify_preprocess'}}], 'result_file_list': [{'rotate1': '/opt/***/data/result/f4c9adbb-086b-424c-9267-247d848a1469/7cdc0675-741a-4fc7-98b9-d40c1075f8de/rotate1.png'}, {'rotate2_1': '/opt/***/data/result/f4c9adbb-086b-424c-9267-247d848a1469/7cdc0675-741a-4fc7-98b9-d40c1075f8de/rotate2_1.png'}, {'rotate2_2': '/opt/***/data/result/f4c9adbb-086b-424c-9267-247d848a1469/7cdc0675-741a-4fc7-98b9-d40c1075f8de/rotate2_2.png'}, {'rotate2': '/opt/***/data/result/f4c9adbb-086b-424c-9267-247d848a1469/7cdc0675-741a-4fc7-98b9-d40c1075f8de/rotate2.png'}, {'classify_preprocess': '/opt/***/data/result/f4c9adbb-086b-424c-9267-247d848a1469/7cdc0675-741a-4fc7-98b9-d40c1075f8de/classify_preprocess.png'}]}]}
[2025-06-10T05:14:38.757+0000] {taskinstance.py:341} INFO - ::group::Post task execution logs
[2025-06-10T05:14:38.758+0000] {taskinstance.py:353} INFO - Marking task as SUCCESS. dag_id=image_ocr_v2, task_id=img_preprocess_task, run_id=manual__2025-06-10T05:14:17.629246+00:00, map_index=0, execution_date=20250610T051417, start_date=20250610T051422, end_date=20250610T051438
[2025-06-10T05:14:38.874+0000] {local_task_job_runner.py:266} INFO - Task exited with return code 0
[2025-06-10T05:14:38.929+0000] {taskinstance.py:3901} INFO - 0 downstream tasks scheduled from follow-on schedule check
[2025-06-10T05:14:38.934+0000] {local_task_job_runner.py:245} INFO - ::endgroup::
