[2025-05-26T08:04:01.492+0000] {local_task_job_runner.py:123} INFO - ::group::Pre task execution logs
[2025-05-26T08:04:02.972+0000] {taskinstance.py:2614} INFO - Dependencies all met for dep_context=non-requeueable deps ti=<TaskInstance: image_processing_per_file_v2.grayscale_task manual__2025-05-26T07:54:01.222211+00:00 map_index=9 [queued]>
[2025-05-26T08:04:03.058+0000] {taskinstance.py:2614} INFO - Dependencies all met for dep_context=requeueable deps ti=<TaskInstance: image_processing_per_file_v2.grayscale_task manual__2025-05-26T07:54:01.222211+00:00 map_index=9 [queued]>
[2025-05-26T08:04:03.059+0000] {taskinstance.py:2867} INFO - Starting attempt 1 of 1
[2025-05-26T08:04:06.020+0000] {taskinstance.py:2890} INFO - Executing <Mapped(_PythonDecoratedOperator): grayscale_task> on 2025-05-26 07:54:01.222211+00:00
[2025-05-26T08:04:06.036+0000] {warnings.py:112} WARNING - /home/***/.local/lib/python3.12/site-packages/***/task/task_runner/standard_task_runner.py:70: DeprecationWarning: This process (pid=81) is multi-threaded, use of fork() may lead to deadlocks in the child.
  pid = os.fork()

[2025-05-26T08:04:06.043+0000] {standard_task_runner.py:104} INFO - Running: ['***', 'tasks', 'run', 'image_processing_per_file_v2', 'grayscale_task', 'manual__2025-05-26T07:54:01.222211+00:00', '--job-id', '11', '--raw', '--subdir', 'DAGS_FOLDER/test_dag.py', '--cfg-path', '/tmp/tmp1sz_mi5z', '--map-index', '9']
[2025-05-26T08:04:06.047+0000] {standard_task_runner.py:72} INFO - Started process 139 to run task
[2025-05-26T08:04:06.049+0000] {standard_task_runner.py:105} INFO - Job 11: Subtask grayscale_task
[2025-05-26T08:04:09.363+0000] {task_command.py:467} INFO - Running <TaskInstance: image_processing_per_file_v2.grayscale_task manual__2025-05-26T07:54:01.222211+00:00 map_index=9 [running]> on host a4866f957002
[2025-05-26T08:04:09.594+0000] {taskinstance.py:3134} INFO - Exporting env vars: AIRFLOW_CTX_DAG_OWNER='***' AIRFLOW_CTX_DAG_ID='image_processing_per_file_v2' AIRFLOW_CTX_TASK_ID='grayscale_task' AIRFLOW_CTX_EXECUTION_DATE='2025-05-26T07:54:01.222211+00:00' AIRFLOW_CTX_TRY_NUMBER='1' AIRFLOW_CTX_DAG_RUN_ID='manual__2025-05-26T07:54:01.222211+00:00'
[2025-05-26T08:04:09.600+0000] {logging_mixin.py:190} INFO - Task instance is in running state
[2025-05-26T08:04:09.602+0000] {logging_mixin.py:190} INFO -  Previous state of the Task instance: queued
[2025-05-26T08:04:09.606+0000] {logging_mixin.py:190} INFO - Current task name:grayscale_task state:running start_date:2025-05-26 08:04:02.994913+00:00
[2025-05-26T08:04:09.608+0000] {logging_mixin.py:190} INFO - Dag name:image_processing_per_file_v2 and current dag run status:running
[2025-05-26T08:04:09.608+0000] {taskinstance.py:732} INFO - ::endgroup::
[2025-05-26T08:04:09.613+0000] {logging_mixin.py:190} INFO - ----------file_path /opt/***/data/upload/test/스크린샷 2025-05-23 141009 - 복사본 - 복사본.png
[2025-05-26T08:04:10.144+0000] {job.py:229} INFO - Heartbeat recovered after 12.76 seconds
[2025-05-26T08:04:10.691+0000] {logging_mixin.py:190} INFO - gray: /opt/***/data/temp/스크린샷 2025-05-23 141009 - 복사본 - 복사본.png
[2025-05-26T08:04:10.692+0000] {python.py:240} INFO - Done. Returned value was: /opt/***/data/temp/스크린샷 2025-05-23 141009 - 복사본 - 복사본.png
[2025-05-26T08:04:10.831+0000] {taskinstance.py:341} INFO - ::group::Post task execution logs
[2025-05-26T08:04:10.853+0000] {taskinstance.py:353} INFO - Marking task as SUCCESS. dag_id=image_processing_per_file_v2, task_id=grayscale_task, run_id=manual__2025-05-26T07:54:01.222211+00:00, map_index=9, execution_date=20250526T075401, start_date=20250526T080402, end_date=20250526T080410
[2025-05-26T08:04:11.022+0000] {logging_mixin.py:190} INFO - Task instance in success state
[2025-05-26T08:04:11.026+0000] {logging_mixin.py:190} INFO -  Previous state of the Task instance: running
[2025-05-26T08:04:11.034+0000] {logging_mixin.py:190} INFO - Dag name:image_processing_per_file_v2 queued_at:2025-05-26 07:54:01.509310+00:00
[2025-05-26T08:04:11.038+0000] {logging_mixin.py:190} INFO - Task hostname:a4866f957002 operator:_PythonDecoratedOperator
[2025-05-26T08:04:11.136+0000] {local_task_job_runner.py:266} INFO - Task exited with return code 0
[2025-05-26T08:04:11.282+0000] {local_task_job_runner.py:245} INFO - ::endgroup::
