[2025-06-10T04:59:12.022+0000] {local_task_job_runner.py:123} INFO - ::group::Pre task execution logs
[2025-06-10T04:59:12.049+0000] {taskinstance.py:2614} INFO - Dependencies all met for dep_context=non-requeueable deps ti=<TaskInstance: image_ocr_v2.img_preprocess_task manual__2025-06-10T04:59:04.497756+00:00 map_index=2 [queued]>
[2025-06-10T04:59:12.061+0000] {taskinstance.py:2614} INFO - Dependencies all met for dep_context=requeueable deps ti=<TaskInstance: image_ocr_v2.img_preprocess_task manual__2025-06-10T04:59:04.497756+00:00 map_index=2 [queued]>
[2025-06-10T04:59:12.062+0000] {taskinstance.py:2867} INFO - Starting attempt 1 of 1
[2025-06-10T04:59:12.076+0000] {taskinstance.py:2890} INFO - Executing <Mapped(_PythonDecoratedOperator): img_preprocess_task> on 2025-06-10 04:59:04.497756+00:00
[2025-06-10T04:59:12.083+0000] {warnings.py:112} WARNING - /home/***/.local/lib/python3.12/site-packages/***/task/task_runner/standard_task_runner.py:70: DeprecationWarning: This process (pid=23110) is multi-threaded, use of fork() may lead to deadlocks in the child.
  pid = os.fork()

[2025-06-10T04:59:12.085+0000] {standard_task_runner.py:72} INFO - Started process 23123 to run task
[2025-06-10T04:59:12.085+0000] {standard_task_runner.py:104} INFO - Running: ['***', 'tasks', 'run', 'image_ocr_v2', 'img_preprocess_task', 'manual__2025-06-10T04:59:04.497756+00:00', '--job-id', '302', '--raw', '--subdir', 'DAGS_FOLDER/test_dag.py', '--cfg-path', '/tmp/tmppaykqog1', '--map-index', '2']
[2025-06-10T04:59:12.087+0000] {standard_task_runner.py:105} INFO - Job 302: Subtask img_preprocess_task
[2025-06-10T04:59:12.134+0000] {task_command.py:467} INFO - Running <TaskInstance: image_ocr_v2.img_preprocess_task manual__2025-06-10T04:59:04.497756+00:00 map_index=2 [running]> on host 85194d6fbd18
[2025-06-10T04:59:12.232+0000] {taskinstance.py:3134} INFO - Exporting env vars: AIRFLOW_CTX_DAG_OWNER='***' AIRFLOW_CTX_DAG_ID='image_ocr_v2' AIRFLOW_CTX_TASK_ID='img_preprocess_task' AIRFLOW_CTX_EXECUTION_DATE='2025-06-10T04:59:04.497756+00:00' AIRFLOW_CTX_TRY_NUMBER='1' AIRFLOW_CTX_DAG_RUN_ID='manual__2025-06-10T04:59:04.497756+00:00'
[2025-06-10T04:59:12.236+0000] {taskinstance.py:732} INFO - ::endgroup::
[2025-06-10T04:59:12.250+0000] {logging_mixin.py:190} INFO - empty map check {} {'process_id': '5b6064f4-0a9a-4d50-85ba-8f6e3afd4268', 'folder_path': 'b3d9e407-3c58-4ec6-bafc-3c53e89d0fcc/5b6064f4-0a9a-4d50-85ba-8f6e3afd4268', 'step_list': [{'name': 'cache', 'param': {'key': 'origin'}}, {'name': 'calc_angle_set1', 'param': {'key': 'angle1', 'iterations': 3}}, {'name': 'save', 'param': {'key': 'rotate1'}}, {'name': 'calc_angle_set2', 'param': {'key': 'angle2', 'iterations': 2}}, {'name': 'save', 'param': {'key': 'rotate2'}}, {'name': 'threshold', 'param': {}}, {'name': 'morphology1', 'param': {}}, {'name': 'scale1', 'param': {'width': 500, 'height': 500}}, {'name': 'save', 'param': {'key': 'classify_preprocess'}}], 'result_file_list': []}
[2025-06-10T04:59:12.255+0000] {logging_mixin.py:190} INFO - step : cache
[2025-06-10T04:59:12.257+0000] {logging_mixin.py:190} INFO - step : calc_angle_set1
[2025-06-10T04:59:12.333+0000] {logging_mixin.py:190} INFO - angle1 :  0 0.713230715971469 0.8104411942118901 0.8732485601018993 0.6043634443972675 0.564869665174819
[2025-06-10T04:59:12.400+0000] {logging_mixin.py:190} INFO - angle2 :  0.713230715971469 -0.026117178044682207 0.09351859950895403 0.12469137988858847 -0.16128255645588765 -0.16139613512038367
[2025-06-10T04:59:12.400+0000] {logging_mixin.py:190} INFO - step : save
[2025-06-10T04:59:12.559+0000] {logging_mixin.py:190} INFO - file_copy: /opt/***/data/result/b3d9e407-3c58-4ec6-bafc-3c53e89d0fcc/5b6064f4-0a9a-4d50-85ba-8f6e3afd4268/rotate1.png
[2025-06-10T04:59:12.572+0000] {logging_mixin.py:190} INFO - step : calc_angle_set2
[2025-06-10T04:59:13.386+0000] {logging_mixin.py:190} INFO - osd 180 180 0.01 Cyrillic 0.83
[2025-06-10T04:59:13.484+0000] {logging_mixin.py:190} INFO - file_copy: /opt/***/data/result/b3d9e407-3c58-4ec6-bafc-3c53e89d0fcc/5b6064f4-0a9a-4d50-85ba-8f6e3afd4268/rotate2_1.png
[2025-06-10T04:59:14.194+0000] {logging_mixin.py:190} INFO - osd 360 180 0.07 Arabic 0.0
[2025-06-10T04:59:14.299+0000] {logging_mixin.py:190} INFO - file_copy: /opt/***/data/result/b3d9e407-3c58-4ec6-bafc-3c53e89d0fcc/5b6064f4-0a9a-4d50-85ba-8f6e3afd4268/rotate2_2.png
[2025-06-10T04:59:14.361+0000] {logging_mixin.py:190} INFO - step : save
[2025-06-10T04:59:14.593+0000] {logging_mixin.py:190} INFO - file_copy: /opt/***/data/result/b3d9e407-3c58-4ec6-bafc-3c53e89d0fcc/5b6064f4-0a9a-4d50-85ba-8f6e3afd4268/rotate2.png
[2025-06-10T04:59:14.626+0000] {logging_mixin.py:190} INFO - step : threshold
[2025-06-10T04:59:14.726+0000] {logging_mixin.py:190} INFO - step : morphology1
[2025-06-10T04:59:14.745+0000] {logging_mixin.py:190} INFO - step : scale1
[2025-06-10T04:59:14.753+0000] {logging_mixin.py:190} INFO - step : save
[2025-06-10T04:59:14.769+0000] {logging_mixin.py:190} INFO - file_copy: /opt/***/data/result/b3d9e407-3c58-4ec6-bafc-3c53e89d0fcc/5b6064f4-0a9a-4d50-85ba-8f6e3afd4268/classify_preprocess.png
[2025-06-10T04:59:14.774+0000] {python.py:240} INFO - Done. Returned value was: {'file_id': 'b3d9e407-3c58-4ec6-bafc-3c53e89d0fcc', 'file_path': '/opt/***/data/upload/Gas Engine 점검일지_ 2021년 2월.pdf-image-005.jpg', 'preprocess_list': [{'process_id': '5b6064f4-0a9a-4d50-85ba-8f6e3afd4268', 'folder_path': 'b3d9e407-3c58-4ec6-bafc-3c53e89d0fcc/5b6064f4-0a9a-4d50-85ba-8f6e3afd4268', 'step_list': [{'name': 'cache', 'param': {'key': 'origin'}}, {'name': 'calc_angle_set1', 'param': {'key': 'angle1', 'iterations': 3}}, {'name': 'save', 'param': {'key': 'rotate1'}}, {'name': 'calc_angle_set2', 'param': {'key': 'angle2', 'iterations': 2}}, {'name': 'save', 'param': {'key': 'rotate2'}}, {'name': 'threshold', 'param': {}}, {'name': 'morphology1', 'param': {}}, {'name': 'scale1', 'param': {'width': 500, 'height': 500}}, {'name': 'save', 'param': {'key': 'classify_preprocess'}}], 'result_file_list': [{'rotate1': '/opt/***/data/result/b3d9e407-3c58-4ec6-bafc-3c53e89d0fcc/5b6064f4-0a9a-4d50-85ba-8f6e3afd4268/rotate1.png'}, {'rotate2_1': '/opt/***/data/result/b3d9e407-3c58-4ec6-bafc-3c53e89d0fcc/5b6064f4-0a9a-4d50-85ba-8f6e3afd4268/rotate2_1.png'}, {'rotate2_2': '/opt/***/data/result/b3d9e407-3c58-4ec6-bafc-3c53e89d0fcc/5b6064f4-0a9a-4d50-85ba-8f6e3afd4268/rotate2_2.png'}, {'rotate2': '/opt/***/data/result/b3d9e407-3c58-4ec6-bafc-3c53e89d0fcc/5b6064f4-0a9a-4d50-85ba-8f6e3afd4268/rotate2.png'}, {'classify_preprocess': '/opt/***/data/result/b3d9e407-3c58-4ec6-bafc-3c53e89d0fcc/5b6064f4-0a9a-4d50-85ba-8f6e3afd4268/classify_preprocess.png'}]}]}
[2025-06-10T04:59:14.811+0000] {taskinstance.py:341} INFO - ::group::Post task execution logs
[2025-06-10T04:59:14.811+0000] {taskinstance.py:353} INFO - Marking task as SUCCESS. dag_id=image_ocr_v2, task_id=img_preprocess_task, run_id=manual__2025-06-10T04:59:04.497756+00:00, map_index=2, execution_date=20250610T045904, start_date=20250610T045912, end_date=20250610T045914
[2025-06-10T04:59:14.875+0000] {local_task_job_runner.py:266} INFO - Task exited with return code 0
[2025-06-10T04:59:14.889+0000] {taskinstance.py:3901} INFO - 0 downstream tasks scheduled from follow-on schedule check
[2025-06-10T04:59:14.890+0000] {local_task_job_runner.py:245} INFO - ::endgroup::
