[2025-06-25T18:39:56.052+0900] {local_task_job_runner.py:123} INFO - ::group::Pre task execution logs
[2025-06-25T18:39:56.141+0900] {taskinstance.py:2614} INFO - Dependencies all met for dep_context=non-requeueable deps ti=<TaskInstance: lilt_document_classifier_balanced_V0.1.img_preprocess_task manual__2025-06-25T09:28:52.715795+00:00 map_index=62 [queued]>
[2025-06-25T18:39:56.210+0900] {taskinstance.py:2614} INFO - Dependencies all met for dep_context=requeueable deps ti=<TaskInstance: lilt_document_classifier_balanced_V0.1.img_preprocess_task manual__2025-06-25T09:28:52.715795+00:00 map_index=62 [queued]>
[2025-06-25T18:39:56.214+0900] {taskinstance.py:2867} INFO - Starting attempt 1 of 1
[2025-06-25T18:39:56.319+0900] {taskinstance.py:2890} INFO - Executing <Mapped(_PythonDecoratedOperator): img_preprocess_task> on 2025-06-25 09:28:52.715795+00:00
[2025-06-25T18:39:56.401+0900] {standard_task_runner.py:104} INFO - Running: ['***', 'tasks', 'run', 'lilt_document_classifier_balanced_V0.1', 'img_preprocess_task', 'manual__2025-06-25T09:28:52.715795+00:00', '--job-id', '5457', '--raw', '--subdir', 'DAGS_FOLDER/class_create_dag.py', '--cfg-path', '/tmp/tmp3yj0igk3', '--map-index', '62']
[2025-06-25T18:39:56.442+0900] {standard_task_runner.py:105} INFO - Job 5457: Subtask img_preprocess_task
[2025-06-25T18:39:56.398+0900] {warnings.py:112} WARNING - /home/***/.local/lib/python3.12/site-packages/***/task/task_runner/standard_task_runner.py:70: DeprecationWarning: This process (pid=3289) is multi-threaded, use of fork() may lead to deadlocks in the child.
  pid = os.fork()

[2025-06-25T18:39:56.447+0900] {standard_task_runner.py:72} INFO - Started process 3367 to run task
[2025-06-25T18:39:56.691+0900] {task_command.py:467} INFO - Running <TaskInstance: lilt_document_classifier_balanced_V0.1.img_preprocess_task manual__2025-06-25T09:28:52.715795+00:00 map_index=62 [running]> on host f6d4228a9eb8
[2025-06-25T18:39:59.099+0900] {taskinstance.py:3134} INFO - Exporting env vars: AIRFLOW_CTX_DAG_OWNER='***' AIRFLOW_CTX_DAG_ID='lilt_document_classifier_balanced_V0.1' AIRFLOW_CTX_TASK_ID='img_preprocess_task' AIRFLOW_CTX_EXECUTION_DATE='2025-06-25T09:28:52.715795+00:00' AIRFLOW_CTX_TRY_NUMBER='1' AIRFLOW_CTX_DAG_RUN_ID='manual__2025-06-25T09:28:52.715795+00:00'
[2025-06-25T18:39:59.110+0900] {taskinstance.py:732} INFO - ::endgroup::
[2025-06-25T18:39:59.117+0900] {logging_mixin.py:190} INFO - empty map check {} {}
[2025-06-25T18:39:59.149+0900] {logging_mixin.py:190} INFO - step : cache
[2025-06-25T18:39:59.152+0900] {logging_mixin.py:190} INFO - step : calc_angle_set2
[2025-06-25T18:40:07.736+0900] {logging_mixin.py:190} INFO - osd 1 0.0 0.0 5 430 [0, 0, 0, 0, 0, 430, 0, 0, 0, 0, 0]
[2025-06-25T18:40:15.182+0900] {logging_mixin.py:190} INFO - osd 2 0.0 0.0 5 430 [0, 0, 0, 0, 0, 430, 0, 0, 0, 0, 0]
[2025-06-25T18:40:15.242+0900] {logging_mixin.py:190} INFO - step : calc_angle_set2
[2025-06-25T18:40:24.952+0900] {logging_mixin.py:190} INFO - osd 1 1.0 1.0 9 85648 [0, 0, 0, 0, 9, 0, 0, 8, 430, 85648, 83021, 554, 0, 10, 0, 0, 0]
[2025-06-25T18:40:33.272+0900] {logging_mixin.py:190} INFO - osd 2 1.0 0.0 8 85007 [0, 0, 0, 0, 0, 0, 0, 1115, 85007, 84217, 426, 0, 0, 8, 0, 0, 0]
[2025-06-25T18:40:33.340+0900] {logging_mixin.py:190} INFO - step : calc_angle_set2
[2025-06-25T18:40:40.901+0900] {logging_mixin.py:190} INFO - osd 1 0.5 0.5 12 206481 [1115, 5890, 14632, 26423, 38446, 50763, 62959, 75273, 85007, 99636, 136495, 178181, 206481, 168867, 127436, 96085, 84217]
[2025-06-25T18:40:50.336+0900] {logging_mixin.py:190} INFO - osd 2 0.5 0.0 8 208833 [40890, 51958, 64066, 76370, 87926, 101532, 139431, 181911, 208833, 172473, 130397, 97911, 85934, 73723, 61514, 49050, 36671]
[2025-06-25T18:40:50.460+0900] {logging_mixin.py:190} INFO - step : text_orientation_set
[2025-06-25T18:41:03.645+0900] {logging_mixin.py:190} INFO - osd 1 break  0 0 8.21 Korean 0.81
[2025-06-25T18:41:03.921+0900] {logging_mixin.py:190} INFO - file_copy: /opt/***/data/temp/d094b8ca-ca1d-4d44-8ba0-954317bb541a/c74fd6d9-f6bd-472c-8143-fd1f9c5986d0/_result.png
[2025-06-25T18:41:03.939+0900] {python.py:240} INFO - Done. Returned value was: {'file_id': 'd094b8ca-ca1d-4d44-8ba0-954317bb541a', 'file_path': '/opt/***/data/class/a_class/classify/ready/true/필동 평강빌딩 - 정부24 - 건축물대장 등본(초본) 발급(열람) _ 문서출력_page_1_aug1.png', 'true': {'process_id': '_c74fd6d9-f6bd-472c-8143-fd1f9c5986d0_pre', 'folder_path': 'd094b8ca-ca1d-4d44-8ba0-954317bb541a/c74fd6d9-f6bd-472c-8143-fd1f9c5986d0', 'step_list': [{'name': 'cache', 'param': {'cache_key': 'origin'}}, {'name': 'calc_angle_set2', 'param': {'angle_key': 'angle2_1', 'delta': 8.0, 'limit': 40, 'iterations': 2, 'iter_save': False}}, {'name': 'calc_angle_set2', 'param': {'angle_key': 'angle2_2', 'delta': 1.0, 'limit': 8, 'iterations': 2, 'iter_save': False}}, {'name': 'calc_angle_set2', 'param': {'angle_key': 'angle2_3', 'delta': 0.125, 'limit': 1, 'iterations': 2, 'iter_save': False}}, {'name': 'text_orientation_set', 'param': {'angle_key': 'orint', 'iterations': 3, 'iter_save': False}}], 'result_file_map': {'_result': '/opt/***/data/temp/d094b8ca-ca1d-4d44-8ba0-954317bb541a/c74fd6d9-f6bd-472c-8143-fd1f9c5986d0/_result.png'}}}
[2025-06-25T18:41:03.990+0900] {taskinstance.py:341} INFO - ::group::Post task execution logs
[2025-06-25T18:41:03.993+0900] {taskinstance.py:353} INFO - Marking task as SUCCESS. dag_id=lilt_document_classifier_balanced_V0.1, task_id=img_preprocess_task, run_id=manual__2025-06-25T09:28:52.715795+00:00, map_index=62, execution_date=20250625T092852, start_date=20250625T093956, end_date=20250625T094103
[2025-06-25T18:41:04.102+0900] {local_task_job_runner.py:266} INFO - Task exited with return code 0
[2025-06-25T18:41:04.150+0900] {taskinstance.py:3901} INFO - 0 downstream tasks scheduled from follow-on schedule check
[2025-06-25T18:41:04.156+0900] {local_task_job_runner.py:245} INFO - ::endgroup::
