[2025-06-23T15:59:02.103+0900] {local_task_job_runner.py:123} INFO - ::group::Pre task execution logs
[2025-06-23T15:59:02.157+0900] {taskinstance.py:2614} INFO - Dependencies all met for dep_context=non-requeueable deps ti=<TaskInstance: lilt_document_classifier_balanced_V0.1.img_preprocess_task__1 manual__2025-06-23T06:45:10.371530+00:00 map_index=38 [queued]>
[2025-06-23T15:59:02.177+0900] {taskinstance.py:2614} INFO - Dependencies all met for dep_context=requeueable deps ti=<TaskInstance: lilt_document_classifier_balanced_V0.1.img_preprocess_task__1 manual__2025-06-23T06:45:10.371530+00:00 map_index=38 [queued]>
[2025-06-23T15:59:02.178+0900] {taskinstance.py:2867} INFO - Starting attempt 2 of 2
[2025-06-23T15:59:02.209+0900] {taskinstance.py:2890} INFO - Executing <Mapped(_PythonDecoratedOperator): img_preprocess_task__1> on 2025-06-23 06:45:10.371530+00:00
[2025-06-23T15:59:02.233+0900] {warnings.py:112} WARNING - /home/***/.local/lib/python3.12/site-packages/***/task/task_runner/standard_task_runner.py:70: DeprecationWarning: This process (pid=3494) is multi-threaded, use of fork() may lead to deadlocks in the child.
  pid = os.fork()

[2025-06-23T15:59:02.235+0900] {standard_task_runner.py:72} INFO - Started process 3503 to run task
[2025-06-23T15:59:02.237+0900] {standard_task_runner.py:104} INFO - Running: ['***', 'tasks', 'run', 'lilt_document_classifier_balanced_V0.1', 'img_preprocess_task__1', 'manual__2025-06-23T06:45:10.371530+00:00', '--job-id', '3192', '--raw', '--subdir', 'DAGS_FOLDER/class_create_dag.py', '--cfg-path', '/tmp/tmp4c8hqqxp', '--map-index', '38']
[2025-06-23T15:59:02.250+0900] {standard_task_runner.py:105} INFO - Job 3192: Subtask img_preprocess_task__1
[2025-06-23T15:59:02.528+0900] {task_command.py:467} INFO - Running <TaskInstance: lilt_document_classifier_balanced_V0.1.img_preprocess_task__1 manual__2025-06-23T06:45:10.371530+00:00 map_index=38 [running]> on host f6d4228a9eb8
[2025-06-23T15:59:03.120+0900] {taskinstance.py:3134} INFO - Exporting env vars: AIRFLOW_CTX_DAG_OWNER='***' AIRFLOW_CTX_DAG_ID='lilt_document_classifier_balanced_V0.1' AIRFLOW_CTX_TASK_ID='img_preprocess_task__1' AIRFLOW_CTX_EXECUTION_DATE='2025-06-23T06:45:10.371530+00:00' AIRFLOW_CTX_TRY_NUMBER='2' AIRFLOW_CTX_DAG_RUN_ID='manual__2025-06-23T06:45:10.371530+00:00'
[2025-06-23T15:59:03.123+0900] {taskinstance.py:732} INFO - ::endgroup::
[2025-06-23T15:59:03.128+0900] {logging_mixin.py:190} INFO - empty map check {} {'process_id': '_d692af32-3790-4df6-9ef0-bda978fd1205_pre', 'folder_path': '2810a592-2648-4ad4-a2d0-d0da0d24bb2f/d692af32-3790-4df6-9ef0-bda978fd1205', 'step_list': [{'name': 'cache', 'param': {'key': 'origin'}}, {'name': 'calc_angle_set2', 'param': {'key': 'angle1', 'iterations': 4, 'iter_save': False}}, {'name': 'text_orientation_set', 'param': {'key': 'angle2', 'iterations': 4, 'iter_save': False}}, {'name': 'load', 'param': {'key': 'origin'}}, {'name': 'rotate', 'param': {'key': 'angle1'}}, {'name': 'rotate', 'param': {'key': 'angle2'}}], 'result_file_map': {}}
[2025-06-23T15:59:03.129+0900] {logging_mixin.py:190} INFO - step : cache
[2025-06-23T15:59:03.134+0900] {logging_mixin.py:190} INFO - step : calc_angle_set2
[2025-06-23T15:59:09.613+0900] {logging_mixin.py:190} INFO - osd 1 0 0 0 0 [0, 0, 0, 0, 0, 0, 0, 0, 0, 0, 0, 0, 0, 0, 0, 0, 0, 0, 0, 0, 0, 0, 0, 0, 0, 0, 0, 0, 0, 0, 0, 0, 0, 0, 0, 0, 0, 0, 0, 0, 0]
[2025-06-23T15:59:16.361+0900] {logging_mixin.py:190} INFO - osd 2 0 0 0 0 [0, 0, 0, 0, 0, 0, 0, 0, 0, 0, 0, 0, 0, 0, 0, 0, 0, 0, 0, 0, 0, 0, 0, 0, 0, 0, 0, 0, 0, 0, 0, 0, 0, 0, 0, 0, 0, 0, 0, 0, 0]
[2025-06-23T15:59:22.678+0900] {logging_mixin.py:190} INFO - osd 3 0 0 0 0 [0, 0, 0, 0, 0, 0, 0, 0, 0, 0, 0, 0, 0, 0, 0, 0, 0, 0, 0, 0, 0, 0, 0, 0, 0, 0, 0, 0, 0, 0, 0, 0, 0, 0, 0, 0, 0, 0, 0, 0, 0]
[2025-06-23T15:59:28.292+0900] {logging_mixin.py:190} INFO - osd 4 0 0 0 0 [0, 0, 0, 0, 0, 0, 0, 0, 0, 0, 0, 0, 0, 0, 0, 0, 0, 0, 0, 0, 0, 0, 0, 0, 0, 0, 0, 0, 0, 0, 0, 0, 0, 0, 0, 0, 0, 0, 0, 0, 0]
[2025-06-23T15:59:28.388+0900] {logging_mixin.py:190} INFO - step : text_orientation_set
[2025-06-23T15:59:35.653+0900] {logging_mixin.py:190} INFO - osd 1 180 180 2.39 Latin 0.91
[2025-06-23T15:59:42.560+0900] {logging_mixin.py:190} INFO - osd 2 break  180 0 3.14 Cyrillic 0.43
[2025-06-23T15:59:42.562+0900] {logging_mixin.py:190} INFO - step : load
[2025-06-23T15:59:42.563+0900] {logging_mixin.py:190} INFO - step : rotate
[2025-06-23T15:59:42.576+0900] {logging_mixin.py:190} INFO - step : rotate
[2025-06-23T15:59:42.709+0900] {logging_mixin.py:190} INFO - file_copy: /opt/***/data/temp/2810a592-2648-4ad4-a2d0-d0da0d24bb2f/d692af32-3790-4df6-9ef0-bda978fd1205/_result.png
[2025-06-23T15:59:42.725+0900] {python.py:240} INFO - Done. Returned value was: {'file_id': '2810a592-2648-4ad4-a2d0-d0da0d24bb2f', 'file_path': '/opt/***/data/class/a_class/classify/ready/false/copied_37_2001115768.png', 'false': {'process_id': '_d692af32-3790-4df6-9ef0-bda978fd1205_pre', 'folder_path': '2810a592-2648-4ad4-a2d0-d0da0d24bb2f/d692af32-3790-4df6-9ef0-bda978fd1205', 'step_list': [{'name': 'cache', 'param': {'key': 'origin'}}, {'name': 'calc_angle_set2', 'param': {'key': 'angle1', 'iterations': 4, 'iter_save': False}}, {'name': 'text_orientation_set', 'param': {'key': 'angle2', 'iterations': 4, 'iter_save': False}}, {'name': 'load', 'param': {'key': 'origin'}}, {'name': 'rotate', 'param': {'key': 'angle1'}}, {'name': 'rotate', 'param': {'key': 'angle2'}}], 'result_file_map': {'_result': '/opt/***/data/temp/2810a592-2648-4ad4-a2d0-d0da0d24bb2f/d692af32-3790-4df6-9ef0-bda978fd1205/_result.png'}}}
[2025-06-23T15:59:42.802+0900] {taskinstance.py:341} INFO - ::group::Post task execution logs
[2025-06-23T15:59:42.804+0900] {taskinstance.py:353} INFO - Marking task as SUCCESS. dag_id=lilt_document_classifier_balanced_V0.1, task_id=img_preprocess_task__1, run_id=manual__2025-06-23T06:45:10.371530+00:00, map_index=38, execution_date=20250623T064510, start_date=20250623T065902, end_date=20250623T065942
[2025-06-23T15:59:42.917+0900] {local_task_job_runner.py:266} INFO - Task exited with return code 0
[2025-06-23T15:59:42.991+0900] {taskinstance.py:3901} INFO - 0 downstream tasks scheduled from follow-on schedule check
[2025-06-23T15:59:43.002+0900] {local_task_job_runner.py:245} INFO - ::endgroup::
