[2025-05-26T07:41:29.435+0000] {local_task_job_runner.py:123} INFO - ::group::Pre task execution logs
[2025-05-26T07:41:30.049+0000] {taskinstance.py:2614} INFO - Dependencies all met for dep_context=non-requeueable deps ti=<TaskInstance: image_processing_per_file_v2.file_copy_task manual__2025-05-26T07:40:46.195532+00:00 map_index=22 [queued]>
[2025-05-26T07:41:30.098+0000] {taskinstance.py:2614} INFO - Dependencies all met for dep_context=requeueable deps ti=<TaskInstance: image_processing_per_file_v2.file_copy_task manual__2025-05-26T07:40:46.195532+00:00 map_index=22 [queued]>
[2025-05-26T07:41:30.100+0000] {taskinstance.py:2867} INFO - Starting attempt 1 of 1
[2025-05-26T07:41:30.129+0000] {taskinstance.py:2890} INFO - Executing <Mapped(_PythonDecoratedOperator): file_copy_task> on 2025-05-26 07:40:46.195532+00:00
[2025-05-26T07:41:30.143+0000] {warnings.py:112} WARNING - /home/***/.local/lib/python3.12/site-packages/***/task/task_runner/standard_task_runner.py:70: DeprecationWarning: This process (pid=2578) is multi-threaded, use of fork() may lead to deadlocks in the child.
  pid = os.fork()

[2025-05-26T07:41:30.146+0000] {standard_task_runner.py:72} INFO - Started process 2593 to run task
[2025-05-26T07:41:30.152+0000] {standard_task_runner.py:104} INFO - Running: ['***', 'tasks', 'run', 'image_processing_per_file_v2', 'file_copy_task', 'manual__2025-05-26T07:40:46.195532+00:00', '--job-id', '249', '--raw', '--subdir', 'DAGS_FOLDER/test_dag.py', '--cfg-path', '/tmp/tmp94bi6dyu', '--map-index', '22']
[2025-05-26T07:41:30.154+0000] {standard_task_runner.py:105} INFO - Job 249: Subtask file_copy_task
[2025-05-26T07:41:30.310+0000] {task_command.py:467} INFO - Running <TaskInstance: image_processing_per_file_v2.file_copy_task manual__2025-05-26T07:40:46.195532+00:00 map_index=22 [running]> on host b0d7fbab896a
[2025-05-26T07:41:30.475+0000] {taskinstance.py:3134} INFO - Exporting env vars: AIRFLOW_CTX_DAG_OWNER='***' AIRFLOW_CTX_DAG_ID='image_processing_per_file_v2' AIRFLOW_CTX_TASK_ID='file_copy_task' AIRFLOW_CTX_EXECUTION_DATE='2025-05-26T07:40:46.195532+00:00' AIRFLOW_CTX_TRY_NUMBER='1' AIRFLOW_CTX_DAG_RUN_ID='manual__2025-05-26T07:40:46.195532+00:00'
[2025-05-26T07:41:30.477+0000] {logging_mixin.py:190} INFO - Task instance is in running state
[2025-05-26T07:41:30.477+0000] {logging_mixin.py:190} INFO -  Previous state of the Task instance: queued
[2025-05-26T07:41:30.478+0000] {logging_mixin.py:190} INFO - Current task name:file_copy_task state:running start_date:2025-05-26 07:41:30.055308+00:00
[2025-05-26T07:41:30.479+0000] {logging_mixin.py:190} INFO - Dag name:image_processing_per_file_v2 and current dag run status:running
[2025-05-26T07:41:30.479+0000] {taskinstance.py:732} INFO - ::endgroup::
[2025-05-26T07:41:30.526+0000] {logging_mixin.py:190} INFO - copy: /opt/***/data/result/test/스크린샷 2025-05-23 143432 - 복사본(2).png
[2025-05-26T07:41:30.528+0000] {python.py:240} INFO - Done. Returned value was: /opt/***/data/result/test/스크린샷 2025-05-23 143432 - 복사본(2).png
[2025-05-26T07:41:30.579+0000] {taskinstance.py:341} INFO - ::group::Post task execution logs
[2025-05-26T07:41:30.580+0000] {taskinstance.py:353} INFO - Marking task as SUCCESS. dag_id=image_processing_per_file_v2, task_id=file_copy_task, run_id=manual__2025-05-26T07:40:46.195532+00:00, map_index=22, execution_date=20250526T074046, start_date=20250526T074130, end_date=20250526T074130
[2025-05-26T07:41:30.619+0000] {logging_mixin.py:190} INFO - Task instance in success state
[2025-05-26T07:41:30.621+0000] {logging_mixin.py:190} INFO -  Previous state of the Task instance: running
[2025-05-26T07:41:30.624+0000] {logging_mixin.py:190} INFO - Dag name:image_processing_per_file_v2 queued_at:2025-05-26 07:40:46.212371+00:00
[2025-05-26T07:41:30.625+0000] {logging_mixin.py:190} INFO - Task hostname:b0d7fbab896a operator:_PythonDecoratedOperator
[2025-05-26T07:41:30.661+0000] {local_task_job_runner.py:266} INFO - Task exited with return code 0
[2025-05-26T07:41:30.697+0000] {taskinstance.py:3901} INFO - 1 downstream tasks scheduled from follow-on schedule check
[2025-05-26T07:41:30.699+0000] {local_task_job_runner.py:245} INFO - ::endgroup::
