[2025-06-23T16:31:11.360+0900] {local_task_job_runner.py:123} INFO - ::group::Pre task execution logs
[2025-06-23T16:31:11.672+0900] {taskinstance.py:2614} INFO - Dependencies all met for dep_context=non-requeueable deps ti=<TaskInstance: lilt_document_classifier_balanced_b_class_V0.1.img_preprocess_task__1 manual__2025-06-23T06:58:09.542610+00:00 map_index=58 [queued]>
[2025-06-23T16:31:11.875+0900] {taskinstance.py:2614} INFO - Dependencies all met for dep_context=requeueable deps ti=<TaskInstance: lilt_document_classifier_balanced_b_class_V0.1.img_preprocess_task__1 manual__2025-06-23T06:58:09.542610+00:00 map_index=58 [queued]>
[2025-06-23T16:31:11.894+0900] {taskinstance.py:2867} INFO - Starting attempt 1 of 1
[2025-06-23T16:31:12.015+0900] {taskinstance.py:2890} INFO - Executing <Mapped(_PythonDecoratedOperator): img_preprocess_task__1> on 2025-06-23 06:58:09.542610+00:00
[2025-06-23T16:31:12.041+0900] {warnings.py:112} WARNING - /home/***/.local/lib/python3.12/site-packages/***/task/task_runner/standard_task_runner.py:70: DeprecationWarning: This process (pid=8227) is multi-threaded, use of fork() may lead to deadlocks in the child.
  pid = os.fork()

[2025-06-23T16:31:12.043+0900] {standard_task_runner.py:104} INFO - Running: ['***', 'tasks', 'run', 'lilt_document_classifier_balanced_b_class_V0.1', 'img_preprocess_task__1', 'manual__2025-06-23T06:58:09.542610+00:00', '--job-id', '3422', '--raw', '--subdir', 'DAGS_FOLDER/class_create_dag_b_class.py', '--cfg-path', '/tmp/tmphpfdgi8y', '--map-index', '58']
[2025-06-23T16:31:12.048+0900] {standard_task_runner.py:105} INFO - Job 3422: Subtask img_preprocess_task__1
[2025-06-23T16:31:12.049+0900] {standard_task_runner.py:72} INFO - Started process 8246 to run task
[2025-06-23T16:31:12.248+0900] {task_command.py:467} INFO - Running <TaskInstance: lilt_document_classifier_balanced_b_class_V0.1.img_preprocess_task__1 manual__2025-06-23T06:58:09.542610+00:00 map_index=58 [running]> on host f6d4228a9eb8
[2025-06-23T16:31:12.495+0900] {taskinstance.py:3134} INFO - Exporting env vars: AIRFLOW_CTX_DAG_OWNER='***' AIRFLOW_CTX_DAG_ID='lilt_document_classifier_balanced_b_class_V0.1' AIRFLOW_CTX_TASK_ID='img_preprocess_task__1' AIRFLOW_CTX_EXECUTION_DATE='2025-06-23T06:58:09.542610+00:00' AIRFLOW_CTX_TRY_NUMBER='1' AIRFLOW_CTX_DAG_RUN_ID='manual__2025-06-23T06:58:09.542610+00:00'
[2025-06-23T16:31:12.503+0900] {taskinstance.py:732} INFO - ::endgroup::
[2025-06-23T16:31:12.525+0900] {logging_mixin.py:190} INFO - empty map check {} {'process_id': '_1aa02e71-7f53-4b92-885d-107c0f2ec854_pre', 'folder_path': '062f2e86-aa6c-4254-90e0-d33733e8518a/1aa02e71-7f53-4b92-885d-107c0f2ec854', 'step_list': [{'name': 'cache', 'param': {'key': 'origin'}}, {'name': 'calc_angle_set2', 'param': {'key': 'angle1', 'iterations': 4, 'iter_save': False}}, {'name': 'text_orientation_set', 'param': {'key': 'angle2', 'iterations': 4, 'iter_save': False}}, {'name': 'load', 'param': {'key': 'origin'}}, {'name': 'rotate', 'param': {'key': 'angle1'}}, {'name': 'rotate', 'param': {'key': 'angle2'}}], 'result_file_map': {}}
[2025-06-23T16:31:12.563+0900] {logging_mixin.py:190} INFO - step : cache
[2025-06-23T16:31:12.568+0900] {logging_mixin.py:190} INFO - step : calc_angle_set2
[2025-06-23T16:31:20.787+0900] {logging_mixin.py:190} INFO - osd 1 -5.0 -5.0 0 1760 [1760, 1689, 1637, 1579, 1565, 1518, 1506, 1473, 584, 619, 611, 675, 695, 710, 715, 628, 659, 657, 591, 565, 607, 490, 446, 391, 334, 294, 244, 185, 146, 96, 83, 54, 21, 6, 949, 1019, 1087, 1157, 1228, 1300, 1357]
[2025-06-23T16:31:25.605+0900] {logging_mixin.py:190} INFO - osd 2 0.0 5.0 40 11012 [10699, 9647, 9187, 8658, 8106, 7460, 6945, 6446, 5956, 5341, 4952, 4581, 4079, 3758, 3363, 3096, 2820, 2512, 2332, 2205, 2099, 2244, 2462, 2600, 2880, 3188, 3425, 3845, 4215, 4755, 5283, 5806, 6432, 6977, 7562, 8145, 8729, 9159, 9747, 10388, 11012]
[2025-06-23T16:31:32.343+0900] {logging_mixin.py:190} INFO - osd 3 -5.0 -5.0 0 23785 [23785, 22575, 22246, 21633, 21065, 20565, 20081, 19357, 18899, 18531, 17926, 17512, 16685, 15706, 15168, 14713, 14195, 13267, 12892, 11583, 12118, 11696, 12921, 13214, 13756, 14184, 15462, 15713, 16310, 16836, 17545, 18156, 18577, 19260, 20143, 20860, 21266, 22038, 22390, 23029, 23674]
[2025-06-23T16:31:44.906+0900] {logging_mixin.py:190} INFO - osd 4 0.0 5.0 40 37910 [36500, 35884, 35361, 34721, 34144, 33514, 32782, 32175, 31560, 30932, 30345, 29736, 28930, 28440, 27811, 26954, 26361, 25687, 25119, 24523, 23998, 24598, 25326, 26132, 26746, 27404, 28638, 29423, 30002, 31021, 31671, 32315, 33056, 33772, 34450, 35168, 35535, 36345, 37014, 37437, 37910]
[2025-06-23T16:31:45.047+0900] {logging_mixin.py:190} INFO - step : text_orientation_set
[2025-06-23T16:31:48.791+0900] {logging_mixin.py:190} INFO - Tesseract OSD Error: (1, 'Estimating resolution as 1613 Too few characters. Skipping this page Warning. Invalid resolution 0 dpi. Using 70 instead. Too few characters. Skipping this page Error during processing.')
[2025-06-23T16:31:48.794+0900] {logging_mixin.py:190} INFO - step : load
[2025-06-23T16:31:48.809+0900] {logging_mixin.py:190} INFO - step : rotate
[2025-06-23T16:31:48.899+0900] {logging_mixin.py:190} INFO - step : rotate
[2025-06-23T16:31:49.175+0900] {logging_mixin.py:190} INFO - file_copy: /opt/***/data/temp/062f2e86-aa6c-4254-90e0-d33733e8518a/1aa02e71-7f53-4b92-885d-107c0f2ec854/_result.png
[2025-06-23T16:31:49.266+0900] {python.py:240} INFO - Done. Returned value was: {'file_id': '062f2e86-aa6c-4254-90e0-d33733e8518a', 'file_path': '/opt/***/data/class/b_class/classify/ready/false/copied_5_50456894-6894.png', 'false': {'process_id': '_1aa02e71-7f53-4b92-885d-107c0f2ec854_pre', 'folder_path': '062f2e86-aa6c-4254-90e0-d33733e8518a/1aa02e71-7f53-4b92-885d-107c0f2ec854', 'step_list': [{'name': 'cache', 'param': {'key': 'origin'}}, {'name': 'calc_angle_set2', 'param': {'key': 'angle1', 'iterations': 4, 'iter_save': False}}, {'name': 'text_orientation_set', 'param': {'key': 'angle2', 'iterations': 4, 'iter_save': False}}, {'name': 'load', 'param': {'key': 'origin'}}, {'name': 'rotate', 'param': {'key': 'angle1'}}, {'name': 'rotate', 'param': {'key': 'angle2'}}], 'result_file_map': {'_result': '/opt/***/data/temp/062f2e86-aa6c-4254-90e0-d33733e8518a/1aa02e71-7f53-4b92-885d-107c0f2ec854/_result.png'}}}
[2025-06-23T16:31:49.574+0900] {taskinstance.py:341} INFO - ::group::Post task execution logs
[2025-06-23T16:31:49.581+0900] {taskinstance.py:353} INFO - Marking task as SUCCESS. dag_id=lilt_document_classifier_balanced_b_class_V0.1, task_id=img_preprocess_task__1, run_id=manual__2025-06-23T06:58:09.542610+00:00, map_index=58, execution_date=20250623T065809, start_date=20250623T073111, end_date=20250623T073149
[2025-06-23T16:31:50.095+0900] {local_task_job_runner.py:266} INFO - Task exited with return code 0
[2025-06-23T16:31:50.328+0900] {taskinstance.py:3901} INFO - 0 downstream tasks scheduled from follow-on schedule check
[2025-06-23T16:31:50.337+0900] {local_task_job_runner.py:245} INFO - ::endgroup::
