[2025-05-28T07:28:41.923+0000] {local_task_job_runner.py:123} INFO - ::group::Pre task execution logs
[2025-05-28T07:28:42.092+0000] {taskinstance.py:2614} INFO - Dependencies all met for dep_context=non-requeueable deps ti=<TaskInstance: image_processing_per_file_v2.preprocess_group.img_preprocess_task manual__2025-05-28T07:28:29.907000+00:00 map_index=2 [queued]>
[2025-05-28T07:28:42.173+0000] {taskinstance.py:2614} INFO - Dependencies all met for dep_context=requeueable deps ti=<TaskInstance: image_processing_per_file_v2.preprocess_group.img_preprocess_task manual__2025-05-28T07:28:29.907000+00:00 map_index=2 [queued]>
[2025-05-28T07:28:42.177+0000] {taskinstance.py:2867} INFO - Starting attempt 1 of 1
[2025-05-28T07:28:42.383+0000] {taskinstance.py:2890} INFO - Executing <Task(_PythonDecoratedOperator): preprocess_group.img_preprocess_task> on 2025-05-28 07:28:29.907000+00:00
[2025-05-28T07:28:42.409+0000] {logging_mixin.py:190} WARNING - /home/***/.local/lib/python3.12/site-packages/***/task/task_runner/standard_task_runner.py:70 DeprecationWarning: This process (pid=45764) is multi-threaded, use of fork() may lead to deadlocks in the child.
[2025-05-28T07:28:42.413+0000] {standard_task_runner.py:72} INFO - Started process 45874 to run task
[2025-05-28T07:28:42.560+0000] {standard_task_runner.py:104} INFO - Running: ['***', 'tasks', 'run', 'image_processing_per_file_v2', 'preprocess_group.img_preprocess_task', 'manual__2025-05-28T07:28:29.907000+00:00', '--job-id', '100', '--raw', '--subdir', 'DAGS_FOLDER/test_dag.py', '--cfg-path', '/tmp/tmp97l5wdf2', '--map-index', '2']
[2025-05-28T07:28:42.577+0000] {standard_task_runner.py:105} INFO - Job 100: Subtask preprocess_group.img_preprocess_task
[2025-05-28T07:28:42.901+0000] {task_command.py:467} INFO - Running <TaskInstance: image_processing_per_file_v2.preprocess_group.img_preprocess_task manual__2025-05-28T07:28:29.907000+00:00 map_index=2 [running]> on host 293edbf976f9
[2025-05-28T07:28:44.223+0000] {taskinstance.py:3134} INFO - Exporting env vars: AIRFLOW_CTX_DAG_OWNER='***' AIRFLOW_CTX_DAG_ID='image_processing_per_file_v2' AIRFLOW_CTX_TASK_ID='preprocess_group.img_preprocess_task' AIRFLOW_CTX_EXECUTION_DATE='2025-05-28T07:28:29.907000+00:00' AIRFLOW_CTX_TRY_NUMBER='1' AIRFLOW_CTX_DAG_RUN_ID='manual__2025-05-28T07:28:29.907000+00:00'
[2025-05-28T07:28:44.244+0000] {logging_mixin.py:190} INFO - Task instance is in running state
[2025-05-28T07:28:44.244+0000] {logging_mixin.py:190} INFO -  Previous state of the Task instance: queued
[2025-05-28T07:28:44.245+0000] {logging_mixin.py:190} INFO - Current task name:preprocess_group.img_preprocess_task state:running start_date:2025-05-28 07:28:42.103105+00:00
[2025-05-28T07:28:44.251+0000] {logging_mixin.py:190} INFO - Dag name:image_processing_per_file_v2 and current dag run status:running
[2025-05-28T07:28:44.253+0000] {taskinstance.py:732} INFO - ::endgroup::
[2025-05-28T07:28:45.312+0000] {python.py:240} INFO - Done. Returned value was: /opt/***/data/temp/003113bc-18a5-4399-9f6c-29c57ca90ff4.png
[2025-05-28T07:28:45.429+0000] {taskinstance.py:341} INFO - ::group::Post task execution logs
[2025-05-28T07:28:45.443+0000] {taskinstance.py:353} INFO - Marking task as SUCCESS. dag_id=image_processing_per_file_v2, task_id=preprocess_group.img_preprocess_task, run_id=manual__2025-05-28T07:28:29.907000+00:00, map_index=2, execution_date=20250528T072829, start_date=20250528T072842, end_date=20250528T072845
[2025-05-28T07:28:45.591+0000] {logging_mixin.py:190} INFO - Task instance in success state
[2025-05-28T07:28:45.594+0000] {logging_mixin.py:190} INFO -  Previous state of the Task instance: running
[2025-05-28T07:28:45.597+0000] {logging_mixin.py:190} INFO - Dag name:image_processing_per_file_v2 queued_at:2025-05-28 07:28:29.962745+00:00
[2025-05-28T07:28:45.599+0000] {logging_mixin.py:190} INFO - Task hostname:293edbf976f9 operator:_PythonDecoratedOperator
[2025-05-28T07:28:46.601+0000] {local_task_job_runner.py:266} INFO - Task exited with return code 0
[2025-05-28T07:28:46.636+0000] {local_task_job_runner.py:245} INFO - ::endgroup::
