[2025-06-19T18:34:27.822+0900] {local_task_job_runner.py:123} INFO - ::group::Pre task execution logs
[2025-06-19T18:34:27.960+0900] {taskinstance.py:2614} INFO - Dependencies all met for dep_context=non-requeueable deps ti=<TaskInstance: lilt_document_classifier_balanced_V0.1.img_preprocess_task__1 manual__2025-06-19T09:32:07.760195+00:00 map_index=39 [queued]>
[2025-06-19T18:34:28.032+0900] {taskinstance.py:2614} INFO - Dependencies all met for dep_context=requeueable deps ti=<TaskInstance: lilt_document_classifier_balanced_V0.1.img_preprocess_task__1 manual__2025-06-19T09:32:07.760195+00:00 map_index=39 [queued]>
[2025-06-19T18:34:28.046+0900] {taskinstance.py:2867} INFO - Starting attempt 1 of 1
[2025-06-19T18:34:28.127+0900] {taskinstance.py:2890} INFO - Executing <Mapped(_PythonDecoratedOperator): img_preprocess_task__1> on 2025-06-19 09:32:07.760195+00:00
[2025-06-19T18:34:28.202+0900] {standard_task_runner.py:104} INFO - Running: ['***', 'tasks', 'run', 'lilt_document_classifier_balanced_V0.1', 'img_preprocess_task__1', 'manual__2025-06-19T09:32:07.760195+00:00', '--job-id', '1772', '--raw', '--subdir', 'DAGS_FOLDER/class_create_dag.py', '--cfg-path', '/tmp/tmphdo_76q0', '--map-index', '39']
[2025-06-19T18:34:28.210+0900] {standard_task_runner.py:105} INFO - Job 1772: Subtask img_preprocess_task__1
[2025-06-19T18:34:28.196+0900] {warnings.py:112} WARNING - /home/***/.local/lib/python3.12/site-packages/***/task/task_runner/standard_task_runner.py:70: DeprecationWarning: This process (pid=11067) is multi-threaded, use of fork() may lead to deadlocks in the child.
  pid = os.fork()

[2025-06-19T18:34:28.233+0900] {standard_task_runner.py:72} INFO - Started process 11184 to run task
[2025-06-19T18:34:28.366+0900] {task_command.py:467} INFO - Running <TaskInstance: lilt_document_classifier_balanced_V0.1.img_preprocess_task__1 manual__2025-06-19T09:32:07.760195+00:00 map_index=39 [running]> on host f6d4228a9eb8
[2025-06-19T18:34:28.729+0900] {taskinstance.py:3134} INFO - Exporting env vars: AIRFLOW_CTX_DAG_OWNER='***' AIRFLOW_CTX_DAG_ID='lilt_document_classifier_balanced_V0.1' AIRFLOW_CTX_TASK_ID='img_preprocess_task__1' AIRFLOW_CTX_EXECUTION_DATE='2025-06-19T09:32:07.760195+00:00' AIRFLOW_CTX_TRY_NUMBER='1' AIRFLOW_CTX_DAG_RUN_ID='manual__2025-06-19T09:32:07.760195+00:00'
[2025-06-19T18:34:28.734+0900] {taskinstance.py:732} INFO - ::endgroup::
[2025-06-19T18:34:28.742+0900] {logging_mixin.py:190} INFO - empty map check {} {'process_id': '_3bbdd59c-4ec5-48cb-90a1-e0e812cfc4e1_pre', 'folder_path': 'df62b6d5-478c-4338-b2d1-b3ce29e6fd51/3bbdd59c-4ec5-48cb-90a1-e0e812cfc4e1', 'step_list': [{'name': 'cache', 'param': {'key': 'origin'}}, {'name': 'calc_angle_set1', 'param': {'key': 'angle1', 'iterations': 4, 'iter_save': False}}, {'name': 'text_orientation_set', 'param': {'key': 'angle2', 'iterations': 4, 'iter_save': False}}, {'name': 'load', 'param': {'key': 'origin'}}, {'name': 'rotate', 'param': {'key': 'angle1'}}, {'name': 'rotate', 'param': {'key': 'angle2'}}], 'result_file_map': {}}
[2025-06-19T18:34:28.743+0900] {logging_mixin.py:190} INFO - step : cache
[2025-06-19T18:34:28.745+0900] {logging_mixin.py:190} INFO - step : calc_angle_set1
[2025-06-19T18:34:28.778+0900] {logging_mixin.py:190} INFO - step : text_orientation_set
[2025-06-19T18:34:38.152+0900] {logging_mixin.py:190} INFO - osd 1 break  0 0 1.66 Cyrillic 0.0
[2025-06-19T18:34:38.157+0900] {logging_mixin.py:190} INFO - step : load
[2025-06-19T18:34:38.157+0900] {logging_mixin.py:190} INFO - step : rotate
[2025-06-19T18:34:38.165+0900] {logging_mixin.py:190} INFO - step : rotate
[2025-06-19T18:34:38.198+0900] {logging_mixin.py:190} INFO - file_copy: /opt/***/data/temp/df62b6d5-478c-4338-b2d1-b3ce29e6fd51/3bbdd59c-4ec5-48cb-90a1-e0e812cfc4e1/_result.png
[2025-06-19T18:34:38.204+0900] {python.py:240} INFO - Done. Returned value was: {'file_id': 'df62b6d5-478c-4338-b2d1-b3ce29e6fd51', 'file_path': '/opt/***/data/class/a_class/classify/ready/false/copied_10_2078861391.png', 'false': {'process_id': '_3bbdd59c-4ec5-48cb-90a1-e0e812cfc4e1_pre', 'folder_path': 'df62b6d5-478c-4338-b2d1-b3ce29e6fd51/3bbdd59c-4ec5-48cb-90a1-e0e812cfc4e1', 'step_list': [{'name': 'cache', 'param': {'key': 'origin'}}, {'name': 'calc_angle_set1', 'param': {'key': 'angle1', 'iterations': 4, 'iter_save': False}}, {'name': 'text_orientation_set', 'param': {'key': 'angle2', 'iterations': 4, 'iter_save': False}}, {'name': 'load', 'param': {'key': 'origin'}}, {'name': 'rotate', 'param': {'key': 'angle1'}}, {'name': 'rotate', 'param': {'key': 'angle2'}}], 'result_file_map': {'_result': '/opt/***/data/temp/df62b6d5-478c-4338-b2d1-b3ce29e6fd51/3bbdd59c-4ec5-48cb-90a1-e0e812cfc4e1/_result.png'}}}
[2025-06-19T18:34:38.255+0900] {taskinstance.py:341} INFO - ::group::Post task execution logs
[2025-06-19T18:34:38.263+0900] {taskinstance.py:353} INFO - Marking task as SUCCESS. dag_id=lilt_document_classifier_balanced_V0.1, task_id=img_preprocess_task__1, run_id=manual__2025-06-19T09:32:07.760195+00:00, map_index=39, execution_date=20250619T093207, start_date=20250619T093427, end_date=20250619T093438
[2025-06-19T18:34:38.345+0900] {local_task_job_runner.py:266} INFO - Task exited with return code 0
[2025-06-19T18:34:38.441+0900] {taskinstance.py:3901} INFO - 0 downstream tasks scheduled from follow-on schedule check
[2025-06-19T18:34:38.456+0900] {local_task_job_runner.py:245} INFO - ::endgroup::
