[2025-06-19T18:34:24.977+0900] {local_task_job_runner.py:123} INFO - ::group::Pre task execution logs
[2025-06-19T18:34:25.037+0900] {taskinstance.py:2614} INFO - Dependencies all met for dep_context=non-requeueable deps ti=<TaskInstance: lilt_document_classifier_balanced_V0.1.img_preprocess_task__1 manual__2025-06-19T09:32:07.760195+00:00 map_index=37 [queued]>
[2025-06-19T18:34:25.082+0900] {taskinstance.py:2614} INFO - Dependencies all met for dep_context=requeueable deps ti=<TaskInstance: lilt_document_classifier_balanced_V0.1.img_preprocess_task__1 manual__2025-06-19T09:32:07.760195+00:00 map_index=37 [queued]>
[2025-06-19T18:34:25.082+0900] {taskinstance.py:2867} INFO - Starting attempt 1 of 1
[2025-06-19T18:34:25.139+0900] {taskinstance.py:2890} INFO - Executing <Mapped(_PythonDecoratedOperator): img_preprocess_task__1> on 2025-06-19 09:32:07.760195+00:00
[2025-06-19T18:34:25.231+0900] {warnings.py:112} WARNING - /home/***/.local/lib/python3.12/site-packages/***/task/task_runner/standard_task_runner.py:70: DeprecationWarning: This process (pid=11054) is multi-threaded, use of fork() may lead to deadlocks in the child.
  pid = os.fork()

[2025-06-19T18:34:25.261+0900] {standard_task_runner.py:72} INFO - Started process 11120 to run task
[2025-06-19T18:34:25.262+0900] {standard_task_runner.py:104} INFO - Running: ['***', 'tasks', 'run', 'lilt_document_classifier_balanced_V0.1', 'img_preprocess_task__1', 'manual__2025-06-19T09:32:07.760195+00:00', '--job-id', '1769', '--raw', '--subdir', 'DAGS_FOLDER/class_create_dag.py', '--cfg-path', '/tmp/tmp_b193wxh', '--map-index', '37']
[2025-06-19T18:34:25.286+0900] {standard_task_runner.py:105} INFO - Job 1769: Subtask img_preprocess_task__1
[2025-06-19T18:34:25.500+0900] {task_command.py:467} INFO - Running <TaskInstance: lilt_document_classifier_balanced_V0.1.img_preprocess_task__1 manual__2025-06-19T09:32:07.760195+00:00 map_index=37 [running]> on host f6d4228a9eb8
[2025-06-19T18:34:25.771+0900] {taskinstance.py:3134} INFO - Exporting env vars: AIRFLOW_CTX_DAG_OWNER='***' AIRFLOW_CTX_DAG_ID='lilt_document_classifier_balanced_V0.1' AIRFLOW_CTX_TASK_ID='img_preprocess_task__1' AIRFLOW_CTX_EXECUTION_DATE='2025-06-19T09:32:07.760195+00:00' AIRFLOW_CTX_TRY_NUMBER='1' AIRFLOW_CTX_DAG_RUN_ID='manual__2025-06-19T09:32:07.760195+00:00'
[2025-06-19T18:34:25.777+0900] {taskinstance.py:732} INFO - ::endgroup::
[2025-06-19T18:34:25.787+0900] {logging_mixin.py:190} INFO - empty map check {} {'process_id': '_2198770b-4b7a-4a66-8dda-62b5ff064483_pre', 'folder_path': '03112e03-e447-4ed2-9cd4-ba4935d18a89/2198770b-4b7a-4a66-8dda-62b5ff064483', 'step_list': [{'name': 'cache', 'param': {'key': 'origin'}}, {'name': 'calc_angle_set1', 'param': {'key': 'angle1', 'iterations': 4, 'iter_save': False}}, {'name': 'text_orientation_set', 'param': {'key': 'angle2', 'iterations': 4, 'iter_save': False}}, {'name': 'load', 'param': {'key': 'origin'}}, {'name': 'rotate', 'param': {'key': 'angle1'}}, {'name': 'rotate', 'param': {'key': 'angle2'}}], 'result_file_map': {}}
[2025-06-19T18:34:25.801+0900] {logging_mixin.py:190} INFO - step : cache
[2025-06-19T18:34:25.802+0900] {logging_mixin.py:190} INFO - step : calc_angle_set1
[2025-06-19T18:34:25.856+0900] {logging_mixin.py:190} INFO - angle1 :  0 90.0658841364126 90.17629414984316 90.08787689353723 90.19035072662976 89.8090147756403
[2025-06-19T18:34:25.952+0900] {logging_mixin.py:190} INFO - angle2 :  90.0658841364126 90.25243641486598 180.26484763372736 180.1757533736399 0.0 0.5691446520966676
[2025-06-19T18:34:26.116+0900] {logging_mixin.py:190} INFO - angle3 :  180.3183205512786 90.04758768165743 90.0 90.0 90.0 90.19035072662976
[2025-06-19T18:34:26.228+0900] {logging_mixin.py:190} INFO - angle4 :  270.365908232936 89.99974928761779 179.9121231064628 180.08814728355287 0.19035072662975377 -0.19162396617427935
[2025-06-19T18:34:26.300+0900] {logging_mixin.py:190} INFO - step : text_orientation_set
[2025-06-19T18:34:39.491+0900] {logging_mixin.py:190} INFO - osd 1 break  0 0 0.33 Latin 0.14
[2025-06-19T18:34:39.510+0900] {logging_mixin.py:190} INFO - step : load
[2025-06-19T18:34:39.518+0900] {logging_mixin.py:190} INFO - step : rotate
[2025-06-19T18:34:39.614+0900] {logging_mixin.py:190} INFO - step : rotate
[2025-06-19T18:34:39.713+0900] {logging_mixin.py:190} INFO - file_copy: /opt/***/data/temp/03112e03-e447-4ed2-9cd4-ba4935d18a89/2198770b-4b7a-4a66-8dda-62b5ff064483/_result.png
[2025-06-19T18:34:39.717+0900] {python.py:240} INFO - Done. Returned value was: {'file_id': '03112e03-e447-4ed2-9cd4-ba4935d18a89', 'file_path': '/opt/***/data/class/a_class/classify/ready/false/copied_83_2057442113_2057442114.png', 'false': {'process_id': '_2198770b-4b7a-4a66-8dda-62b5ff064483_pre', 'folder_path': '03112e03-e447-4ed2-9cd4-ba4935d18a89/2198770b-4b7a-4a66-8dda-62b5ff064483', 'step_list': [{'name': 'cache', 'param': {'key': 'origin'}}, {'name': 'calc_angle_set1', 'param': {'key': 'angle1', 'iterations': 4, 'iter_save': False}}, {'name': 'text_orientation_set', 'param': {'key': 'angle2', 'iterations': 4, 'iter_save': False}}, {'name': 'load', 'param': {'key': 'origin'}}, {'name': 'rotate', 'param': {'key': 'angle1'}}, {'name': 'rotate', 'param': {'key': 'angle2'}}], 'result_file_map': {'_result': '/opt/***/data/temp/03112e03-e447-4ed2-9cd4-ba4935d18a89/2198770b-4b7a-4a66-8dda-62b5ff064483/_result.png'}}}
[2025-06-19T18:34:39.783+0900] {taskinstance.py:341} INFO - ::group::Post task execution logs
[2025-06-19T18:34:39.787+0900] {taskinstance.py:353} INFO - Marking task as SUCCESS. dag_id=lilt_document_classifier_balanced_V0.1, task_id=img_preprocess_task__1, run_id=manual__2025-06-19T09:32:07.760195+00:00, map_index=37, execution_date=20250619T093207, start_date=20250619T093425, end_date=20250619T093439
[2025-06-19T18:34:39.914+0900] {local_task_job_runner.py:266} INFO - Task exited with return code 0
[2025-06-19T18:34:40.088+0900] {taskinstance.py:3901} INFO - 0 downstream tasks scheduled from follow-on schedule check
[2025-06-19T18:34:40.099+0900] {local_task_job_runner.py:245} INFO - ::endgroup::
