[2025-06-16T17:23:04.747+0900] {local_task_job_runner.py:123} INFO - ::group::Pre task execution logs
[2025-06-16T17:23:04.768+0900] {taskinstance.py:2614} INFO - Dependencies all met for dep_context=non-requeueable deps ti=<TaskInstance: image_ocr_v2.img_preprocess_task manual__2025-06-16T08:22:57.952437+00:00 map_index=2 [queued]>
[2025-06-16T17:23:04.781+0900] {taskinstance.py:2614} INFO - Dependencies all met for dep_context=requeueable deps ti=<TaskInstance: image_ocr_v2.img_preprocess_task manual__2025-06-16T08:22:57.952437+00:00 map_index=2 [queued]>
[2025-06-16T17:23:04.781+0900] {taskinstance.py:2867} INFO - Starting attempt 1 of 1
[2025-06-16T17:23:04.793+0900] {taskinstance.py:2890} INFO - Executing <Mapped(_PythonDecoratedOperator): img_preprocess_task> on 2025-06-16 08:22:57.952437+00:00
[2025-06-16T17:23:04.801+0900] {warnings.py:112} WARNING - /home/***/.local/lib/python3.12/site-packages/***/task/task_runner/standard_task_runner.py:70: DeprecationWarning: This process (pid=11355) is multi-threaded, use of fork() may lead to deadlocks in the child.
  pid = os.fork()

[2025-06-16T17:23:04.803+0900] {standard_task_runner.py:72} INFO - Started process 11368 to run task
[2025-06-16T17:23:04.806+0900] {standard_task_runner.py:104} INFO - Running: ['***', 'tasks', 'run', 'image_ocr_v2', 'img_preprocess_task', 'manual__2025-06-16T08:22:57.952437+00:00', '--job-id', '625', '--raw', '--subdir', 'DAGS_FOLDER/test_dag.py', '--cfg-path', '/tmp/tmp1zsafxji', '--map-index', '2']
[2025-06-16T17:23:04.809+0900] {standard_task_runner.py:105} INFO - Job 625: Subtask img_preprocess_task
[2025-06-16T17:23:04.857+0900] {task_command.py:467} INFO - Running <TaskInstance: image_ocr_v2.img_preprocess_task manual__2025-06-16T08:22:57.952437+00:00 map_index=2 [running]> on host f6d4228a9eb8
[2025-06-16T17:23:04.952+0900] {taskinstance.py:3134} INFO - Exporting env vars: AIRFLOW_CTX_DAG_OWNER='***' AIRFLOW_CTX_DAG_ID='image_ocr_v2' AIRFLOW_CTX_TASK_ID='img_preprocess_task' AIRFLOW_CTX_EXECUTION_DATE='2025-06-16T08:22:57.952437+00:00' AIRFLOW_CTX_TRY_NUMBER='1' AIRFLOW_CTX_DAG_RUN_ID='manual__2025-06-16T08:22:57.952437+00:00'
[2025-06-16T17:23:04.954+0900] {taskinstance.py:732} INFO - ::endgroup::
[2025-06-16T17:23:04.957+0900] {logging_mixin.py:190} INFO - empty map check {} {'process_id': '_e14f385d-3591-42c7-8985-aa5ab664fadb_pre', 'folder_path': 'c5423c86-9285-4576-b742-fe36ef0c7b57/e14f385d-3591-42c7-8985-aa5ab664fadb', 'step_list': [{'name': 'cache', 'param': {'key': 'origin'}}, {'name': 'calc_angle_set3', 'param': {'key': 'angle1', 'iterations': 3, 'iter_save': True}}, {'name': 'calc_angle_set2', 'param': {'key': 'angle2', 'iterations': 1, 'iter_save': True}}, {'name': 'threshold', 'param': {}}, {'name': 'save', 'param': {'key': 'classify_preprocess'}}], 'result_file_list': []}
[2025-06-16T17:23:04.957+0900] {logging_mixin.py:190} INFO - step : cache
[2025-06-16T17:23:04.958+0900] {logging_mixin.py:190} INFO - step : calc_angle_set3
[2025-06-16T17:23:05.017+0900] {logging_mixin.py:190} INFO - file_copy: /opt/***/data/temp/c5423c86-9285-4576-b742-fe36ef0c7b57/e14f385d-3591-42c7-8985-aa5ab664fadb/rotate31_1.png
[2025-06-16T17:23:05.058+0900] {logging_mixin.py:190} INFO - file_copy: /opt/***/data/temp/c5423c86-9285-4576-b742-fe36ef0c7b57/e14f385d-3591-42c7-8985-aa5ab664fadb/rotate32_1.png
[2025-06-16T17:23:05.101+0900] {logging_mixin.py:190} INFO - file_copy: /opt/***/data/temp/c5423c86-9285-4576-b742-fe36ef0c7b57/e14f385d-3591-42c7-8985-aa5ab664fadb/rotate33_1.png
[2025-06-16T17:23:05.205+0900] {logging_mixin.py:190} INFO - step : calc_angle_set2
[2025-06-16T17:23:11.825+0900] {logging_mixin.py:190} INFO - file_copy: /opt/***/data/temp/c5423c86-9285-4576-b742-fe36ef0c7b57/e14f385d-3591-42c7-8985-aa5ab664fadb/rotate2_1.png
[2025-06-16T17:23:13.213+0900] {logging_mixin.py:190} INFO - osd 1 270 270 4.81 Latin 2.99
[2025-06-16T17:23:13.290+0900] {logging_mixin.py:190} INFO - step : threshold
[2025-06-16T17:23:13.294+0900] {logging_mixin.py:190} INFO - step : save
[2025-06-16T17:23:13.315+0900] {logging_mixin.py:190} INFO - file_copy: /opt/***/data/temp/c5423c86-9285-4576-b742-fe36ef0c7b57/e14f385d-3591-42c7-8985-aa5ab664fadb/classify_preprocess.png
[2025-06-16T17:23:13.321+0900] {python.py:240} INFO - Done. Returned value was: {'file_id': 'c5423c86-9285-4576-b742-fe36ef0c7b57', 'file_path': '/opt/***/data/upload/Gas Engine 점검일지_ 2021년 2월.pdf-image-005.jpg', 'result': {'process_id': '_e14f385d-3591-42c7-8985-aa5ab664fadb_pre', 'folder_path': 'c5423c86-9285-4576-b742-fe36ef0c7b57/e14f385d-3591-42c7-8985-aa5ab664fadb', 'step_list': [{'name': 'cache', 'param': {'key': 'origin'}}, {'name': 'calc_angle_set3', 'param': {'key': 'angle1', 'iterations': 3, 'iter_save': True}}, {'name': 'calc_angle_set2', 'param': {'key': 'angle2', 'iterations': 1, 'iter_save': True}}, {'name': 'threshold', 'param': {}}, {'name': 'save', 'param': {'key': 'classify_preprocess'}}], 'result_file_list': [{'key': 'rotate31_1', 'path': '/opt/***/data/temp/c5423c86-9285-4576-b742-fe36ef0c7b57/e14f385d-3591-42c7-8985-aa5ab664fadb/rotate31_1.png'}, {'key': 'rotate32_1', 'path': '/opt/***/data/temp/c5423c86-9285-4576-b742-fe36ef0c7b57/e14f385d-3591-42c7-8985-aa5ab664fadb/rotate32_1.png'}, {'key': 'rotate33_1', 'path': '/opt/***/data/temp/c5423c86-9285-4576-b742-fe36ef0c7b57/e14f385d-3591-42c7-8985-aa5ab664fadb/rotate33_1.png'}, {'key': 'rotate2_1', 'path': '/opt/***/data/temp/c5423c86-9285-4576-b742-fe36ef0c7b57/e14f385d-3591-42c7-8985-aa5ab664fadb/rotate2_1.png'}, {'key': 'classify_preprocess', 'path': '/opt/***/data/temp/c5423c86-9285-4576-b742-fe36ef0c7b57/e14f385d-3591-42c7-8985-aa5ab664fadb/classify_preprocess.png'}]}}
[2025-06-16T17:23:13.372+0900] {taskinstance.py:341} INFO - ::group::Post task execution logs
[2025-06-16T17:23:13.372+0900] {taskinstance.py:353} INFO - Marking task as SUCCESS. dag_id=image_ocr_v2, task_id=img_preprocess_task, run_id=manual__2025-06-16T08:22:57.952437+00:00, map_index=2, execution_date=20250616T082257, start_date=20250616T082304, end_date=20250616T082313
[2025-06-16T17:23:13.491+0900] {local_task_job_runner.py:266} INFO - Task exited with return code 0
[2025-06-16T17:23:13.522+0900] {taskinstance.py:3901} INFO - 0 downstream tasks scheduled from follow-on schedule check
[2025-06-16T17:23:13.529+0900] {local_task_job_runner.py:245} INFO - ::endgroup::
