[2025-06-16T13:05:15.542+0900] {local_task_job_runner.py:123} INFO - ::group::Pre task execution logs
[2025-06-16T13:05:15.610+0900] {taskinstance.py:2614} INFO - Dependencies all met for dep_context=non-requeueable deps ti=<TaskInstance: image_ocr_v2.img_preprocess_task manual__2025-06-16T04:05:04.983051+00:00 map_index=11 [queued]>
[2025-06-16T13:05:15.633+0900] {taskinstance.py:2614} INFO - Dependencies all met for dep_context=requeueable deps ti=<TaskInstance: image_ocr_v2.img_preprocess_task manual__2025-06-16T04:05:04.983051+00:00 map_index=11 [queued]>
[2025-06-16T13:05:15.634+0900] {taskinstance.py:2867} INFO - Starting attempt 1 of 1
[2025-06-16T13:05:15.677+0900] {taskinstance.py:2890} INFO - Executing <Mapped(_PythonDecoratedOperator): img_preprocess_task> on 2025-06-16 04:05:04.983051+00:00
[2025-06-16T13:05:15.696+0900] {warnings.py:112} WARNING - /home/***/.local/lib/python3.12/site-packages/***/task/task_runner/standard_task_runner.py:70: DeprecationWarning: This process (pid=1754) is multi-threaded, use of fork() may lead to deadlocks in the child.
  pid = os.fork()

[2025-06-16T13:05:15.703+0900] {standard_task_runner.py:72} INFO - Started process 1794 to run task
[2025-06-16T13:05:15.710+0900] {standard_task_runner.py:104} INFO - Running: ['***', 'tasks', 'run', 'image_ocr_v2', 'img_preprocess_task', 'manual__2025-06-16T04:05:04.983051+00:00', '--job-id', '96', '--raw', '--subdir', 'DAGS_FOLDER/test_dag.py', '--cfg-path', '/tmp/tmpqdzn9wsf', '--map-index', '11']
[2025-06-16T13:05:15.720+0900] {standard_task_runner.py:105} INFO - Job 96: Subtask img_preprocess_task
[2025-06-16T13:05:15.797+0900] {task_command.py:467} INFO - Running <TaskInstance: image_ocr_v2.img_preprocess_task manual__2025-06-16T04:05:04.983051+00:00 map_index=11 [running]> on host f6d4228a9eb8
[2025-06-16T13:05:16.024+0900] {taskinstance.py:3134} INFO - Exporting env vars: AIRFLOW_CTX_DAG_OWNER='***' AIRFLOW_CTX_DAG_ID='image_ocr_v2' AIRFLOW_CTX_TASK_ID='img_preprocess_task' AIRFLOW_CTX_EXECUTION_DATE='2025-06-16T04:05:04.983051+00:00' AIRFLOW_CTX_TRY_NUMBER='1' AIRFLOW_CTX_DAG_RUN_ID='manual__2025-06-16T04:05:04.983051+00:00'
[2025-06-16T13:05:16.031+0900] {taskinstance.py:732} INFO - ::endgroup::
[2025-06-16T13:05:16.037+0900] {logging_mixin.py:190} INFO - empty map check {} {'process_id': '_513cd2c4-9d06-4fb0-818b-8a77fd46931b_pre', 'folder_path': '8f408da1-a8eb-4520-a12d-127b9aebfac1/513cd2c4-9d06-4fb0-818b-8a77fd46931b', 'step_list': [{'name': 'cache', 'param': {'key': 'origin'}}, {'name': 'calc_angle_set1', 'param': {'key': 'angle1', 'iterations': 3}}, {'name': 'save', 'param': {'key': 'rotate1'}}, {'name': 'calc_angle_set2', 'param': {'key': 'angle2', 'iterations': 3}}, {'name': 'save', 'param': {'key': 'rotate2'}}, {'name': 'threshold', 'param': {}}, {'name': 'morphology1', 'param': {}}, {'name': 'scale1', 'param': {'width': 500, 'height': 500}}, {'name': 'save', 'param': {'key': 'classify_preprocess'}}], 'result_file_list': []}
[2025-06-16T13:05:16.040+0900] {logging_mixin.py:190} INFO - step : cache
[2025-06-16T13:05:16.042+0900] {logging_mixin.py:190} INFO - step : calc_angle_set1
[2025-06-16T13:05:16.247+0900] {logging_mixin.py:190} INFO - angle1 :  0 -0.018318380355516695 -89.87530862011141 -89.87517279115113 89.79825513125313 89.87895275858736
[2025-06-16T13:05:16.253+0900] {logging_mixin.py:190} INFO - step : save
[2025-06-16T13:05:17.125+0900] {logging_mixin.py:190} INFO - file_copy: /opt/***/data/temp/8f408da1-a8eb-4520-a12d-127b9aebfac1/513cd2c4-9d06-4fb0-818b-8a77fd46931b/rotate1.png
[2025-06-16T13:05:17.336+0900] {logging_mixin.py:190} INFO - step : calc_angle_set2
[2025-06-16T13:05:35.342+0900] {logging_mixin.py:190} INFO - file_copy: /opt/***/data/temp/8f408da1-a8eb-4520-a12d-127b9aebfac1/513cd2c4-9d06-4fb0-818b-8a77fd46931b/rotate2_1.png
[2025-06-16T13:05:43.105+0900] {logging_mixin.py:190} INFO - osd 1 90 90 4.94 Latin 0.48
[2025-06-16T13:05:56.491+0900] {logging_mixin.py:190} INFO - file_copy: /opt/***/data/temp/8f408da1-a8eb-4520-a12d-127b9aebfac1/513cd2c4-9d06-4fb0-818b-8a77fd46931b/rotate2_2.png
[2025-06-16T13:06:01.191+0900] {logging_mixin.py:190} INFO - osd 2 270 180 4.59 Latin 1.03
[2025-06-16T13:06:10.520+0900] {logging_mixin.py:190} INFO - file_copy: /opt/***/data/temp/8f408da1-a8eb-4520-a12d-127b9aebfac1/513cd2c4-9d06-4fb0-818b-8a77fd46931b/rotate2_3.png
[2025-06-16T13:06:17.542+0900] {logging_mixin.py:190} INFO - step : save
[2025-06-16T13:06:18.697+0900] {logging_mixin.py:190} INFO - file_copy: /opt/***/data/temp/8f408da1-a8eb-4520-a12d-127b9aebfac1/513cd2c4-9d06-4fb0-818b-8a77fd46931b/rotate2.png
[2025-06-16T13:06:18.737+0900] {logging_mixin.py:190} INFO - step : threshold
[2025-06-16T13:06:18.903+0900] {logging_mixin.py:190} INFO - step : morphology1
[2025-06-16T13:06:18.942+0900] {logging_mixin.py:190} INFO - step : scale1
[2025-06-16T13:06:18.965+0900] {logging_mixin.py:190} INFO - step : save
[2025-06-16T13:06:18.993+0900] {logging_mixin.py:190} INFO - file_copy: /opt/***/data/temp/8f408da1-a8eb-4520-a12d-127b9aebfac1/513cd2c4-9d06-4fb0-818b-8a77fd46931b/classify_preprocess.png
[2025-06-16T13:06:18.995+0900] {python.py:240} INFO - Done. Returned value was: {'file_id': '8f408da1-a8eb-4520-a12d-127b9aebfac1', 'file_path': '/opt/***/data/upload/_ee182cef-0c3f-4266-a4d0-0588b549446b_pre_rotate1.png', 'result': {'process_id': '_513cd2c4-9d06-4fb0-818b-8a77fd46931b_pre', 'folder_path': '8f408da1-a8eb-4520-a12d-127b9aebfac1/513cd2c4-9d06-4fb0-818b-8a77fd46931b', 'step_list': [{'name': 'cache', 'param': {'key': 'origin'}}, {'name': 'calc_angle_set1', 'param': {'key': 'angle1', 'iterations': 3}}, {'name': 'save', 'param': {'key': 'rotate1'}}, {'name': 'calc_angle_set2', 'param': {'key': 'angle2', 'iterations': 3}}, {'name': 'save', 'param': {'key': 'rotate2'}}, {'name': 'threshold', 'param': {}}, {'name': 'morphology1', 'param': {}}, {'name': 'scale1', 'param': {'width': 500, 'height': 500}}, {'name': 'save', 'param': {'key': 'classify_preprocess'}}], 'result_file_list': [{'key': 'rotate1', 'path': '/opt/***/data/temp/8f408da1-a8eb-4520-a12d-127b9aebfac1/513cd2c4-9d06-4fb0-818b-8a77fd46931b/rotate1.png'}, {'key': 'rotate2_1', 'path': '/opt/***/data/temp/8f408da1-a8eb-4520-a12d-127b9aebfac1/513cd2c4-9d06-4fb0-818b-8a77fd46931b/rotate2_1.png'}, {'key': 'rotate2_2', 'path': '/opt/***/data/temp/8f408da1-a8eb-4520-a12d-127b9aebfac1/513cd2c4-9d06-4fb0-818b-8a77fd46931b/rotate2_2.png'}, {'key': 'rotate2_3', 'path': '/opt/***/data/temp/8f408da1-a8eb-4520-a12d-127b9aebfac1/513cd2c4-9d06-4fb0-818b-8a77fd46931b/rotate2_3.png'}, {'key': 'rotate2', 'path': '/opt/***/data/temp/8f408da1-a8eb-4520-a12d-127b9aebfac1/513cd2c4-9d06-4fb0-818b-8a77fd46931b/rotate2.png'}, {'key': 'classify_preprocess', 'path': '/opt/***/data/temp/8f408da1-a8eb-4520-a12d-127b9aebfac1/513cd2c4-9d06-4fb0-818b-8a77fd46931b/classify_preprocess.png'}]}}
[2025-06-16T13:06:19.110+0900] {taskinstance.py:341} INFO - ::group::Post task execution logs
[2025-06-16T13:06:19.111+0900] {taskinstance.py:353} INFO - Marking task as SUCCESS. dag_id=image_ocr_v2, task_id=img_preprocess_task, run_id=manual__2025-06-16T04:05:04.983051+00:00, map_index=11, execution_date=20250616T040504, start_date=20250616T040515, end_date=20250616T040619
[2025-06-16T13:06:19.271+0900] {local_task_job_runner.py:266} INFO - Task exited with return code 0
[2025-06-16T13:06:19.289+0900] {taskinstance.py:3901} INFO - 0 downstream tasks scheduled from follow-on schedule check
[2025-06-16T13:06:19.303+0900] {local_task_job_runner.py:245} INFO - ::endgroup::
