[2025-06-23T10:57:38.732+0900] {local_task_job_runner.py:123} INFO - ::group::Pre task execution logs
[2025-06-23T10:57:38.815+0900] {taskinstance.py:2614} INFO - Dependencies all met for dep_context=non-requeueable deps ti=<TaskInstance: lilt_document_classifier_balanced_V0.1.img_preprocess_task__1 manual__2025-06-23T01:55:15.838468+00:00 map_index=31 [queued]>
[2025-06-23T10:57:38.834+0900] {taskinstance.py:2614} INFO - Dependencies all met for dep_context=requeueable deps ti=<TaskInstance: lilt_document_classifier_balanced_V0.1.img_preprocess_task__1 manual__2025-06-23T01:55:15.838468+00:00 map_index=31 [queued]>
[2025-06-23T10:57:38.835+0900] {taskinstance.py:2867} INFO - Starting attempt 1 of 1
[2025-06-23T10:57:38.878+0900] {taskinstance.py:2890} INFO - Executing <Mapped(_PythonDecoratedOperator): img_preprocess_task__1> on 2025-06-23 01:55:15.838468+00:00
[2025-06-23T10:57:38.896+0900] {warnings.py:112} WARNING - /home/***/.local/lib/python3.12/site-packages/***/task/task_runner/standard_task_runner.py:70: DeprecationWarning: This process (pid=90295) is multi-threaded, use of fork() may lead to deadlocks in the child.
  pid = os.fork()

[2025-06-23T10:57:38.906+0900] {standard_task_runner.py:72} INFO - Started process 90392 to run task
[2025-06-23T10:57:38.906+0900] {standard_task_runner.py:104} INFO - Running: ['***', 'tasks', 'run', 'lilt_document_classifier_balanced_V0.1', 'img_preprocess_task__1', 'manual__2025-06-23T01:55:15.838468+00:00', '--job-id', '2346', '--raw', '--subdir', 'DAGS_FOLDER/class_create_dag.py', '--cfg-path', '/tmp/tmp07xd5w6h', '--map-index', '31']
[2025-06-23T10:57:38.911+0900] {standard_task_runner.py:105} INFO - Job 2346: Subtask img_preprocess_task__1
[2025-06-23T10:57:39.002+0900] {task_command.py:467} INFO - Running <TaskInstance: lilt_document_classifier_balanced_V0.1.img_preprocess_task__1 manual__2025-06-23T01:55:15.838468+00:00 map_index=31 [running]> on host f6d4228a9eb8
[2025-06-23T10:57:39.196+0900] {taskinstance.py:3134} INFO - Exporting env vars: AIRFLOW_CTX_DAG_OWNER='***' AIRFLOW_CTX_DAG_ID='lilt_document_classifier_balanced_V0.1' AIRFLOW_CTX_TASK_ID='img_preprocess_task__1' AIRFLOW_CTX_EXECUTION_DATE='2025-06-23T01:55:15.838468+00:00' AIRFLOW_CTX_TRY_NUMBER='1' AIRFLOW_CTX_DAG_RUN_ID='manual__2025-06-23T01:55:15.838468+00:00'
[2025-06-23T10:57:39.205+0900] {taskinstance.py:732} INFO - ::endgroup::
[2025-06-23T10:57:39.213+0900] {logging_mixin.py:190} INFO - empty map check {} {'process_id': '_7237d7a9-54cc-4e43-a97d-473cf55e299a_pre', 'folder_path': '48e9b6c0-2489-4ded-b6d3-425002b536b9/7237d7a9-54cc-4e43-a97d-473cf55e299a', 'step_list': [{'name': 'cache', 'param': {'key': 'origin'}}, {'name': 'calc_angle_set1', 'param': {'key': 'angle1', 'iterations': 4, 'iter_save': False}}, {'name': 'text_orientation_set', 'param': {'key': 'angle2', 'iterations': 4, 'iter_save': False}}, {'name': 'load', 'param': {'key': 'origin'}}, {'name': 'rotate', 'param': {'key': 'angle1'}}, {'name': 'rotate', 'param': {'key': 'angle2'}}], 'result_file_map': {}}
[2025-06-23T10:57:39.216+0900] {logging_mixin.py:190} INFO - step : cache
[2025-06-23T10:57:39.221+0900] {logging_mixin.py:190} INFO - step : calc_angle_set1
[2025-06-23T10:57:39.255+0900] {logging_mixin.py:190} INFO - step : text_orientation_set
[2025-06-23T10:57:46.231+0900] {logging_mixin.py:190} INFO - osd 1 180 180 0.94 Cyrillic 0.42
[2025-06-23T10:57:49.962+0900] {logging_mixin.py:190} INFO - osd 2 break  180 0 0.9 Cyrillic 1.9
[2025-06-23T10:57:49.966+0900] {logging_mixin.py:190} INFO - step : load
[2025-06-23T10:57:49.977+0900] {logging_mixin.py:190} INFO - step : rotate
[2025-06-23T10:57:50.011+0900] {logging_mixin.py:190} INFO - step : rotate
[2025-06-23T10:57:50.184+0900] {logging_mixin.py:190} INFO - file_copy: /opt/***/data/temp/48e9b6c0-2489-4ded-b6d3-425002b536b9/7237d7a9-54cc-4e43-a97d-473cf55e299a/_result.png
[2025-06-23T10:57:50.454+0900] {python.py:240} INFO - Done. Returned value was: {'file_id': '48e9b6c0-2489-4ded-b6d3-425002b536b9', 'file_path': '/opt/***/data/class/a_class/classify/ready/false/copied_74_2031125890.png', 'false': {'process_id': '_7237d7a9-54cc-4e43-a97d-473cf55e299a_pre', 'folder_path': '48e9b6c0-2489-4ded-b6d3-425002b536b9/7237d7a9-54cc-4e43-a97d-473cf55e299a', 'step_list': [{'name': 'cache', 'param': {'key': 'origin'}}, {'name': 'calc_angle_set1', 'param': {'key': 'angle1', 'iterations': 4, 'iter_save': False}}, {'name': 'text_orientation_set', 'param': {'key': 'angle2', 'iterations': 4, 'iter_save': False}}, {'name': 'load', 'param': {'key': 'origin'}}, {'name': 'rotate', 'param': {'key': 'angle1'}}, {'name': 'rotate', 'param': {'key': 'angle2'}}], 'result_file_map': {'_result': '/opt/***/data/temp/48e9b6c0-2489-4ded-b6d3-425002b536b9/7237d7a9-54cc-4e43-a97d-473cf55e299a/_result.png'}}}
[2025-06-23T10:57:50.567+0900] {taskinstance.py:341} INFO - ::group::Post task execution logs
[2025-06-23T10:57:50.568+0900] {taskinstance.py:353} INFO - Marking task as SUCCESS. dag_id=lilt_document_classifier_balanced_V0.1, task_id=img_preprocess_task__1, run_id=manual__2025-06-23T01:55:15.838468+00:00, map_index=31, execution_date=20250623T015515, start_date=20250623T015738, end_date=20250623T015750
[2025-06-23T10:57:50.689+0900] {local_task_job_runner.py:266} INFO - Task exited with return code 0
[2025-06-23T10:57:50.756+0900] {taskinstance.py:3901} INFO - 0 downstream tasks scheduled from follow-on schedule check
[2025-06-23T10:57:50.767+0900] {local_task_job_runner.py:245} INFO - ::endgroup::
