[2025-06-25T09:07:11.458+0900] {local_task_job_runner.py:123} INFO - ::group::Pre task execution logs
[2025-06-25T09:07:11.585+0900] {taskinstance.py:2614} INFO - Dependencies all met for dep_context=non-requeueable deps ti=<TaskInstance: lilt_document_classifier_balanced_V0.1.img_preprocess_task__1 manual__2025-06-25T00:04:18.909063+00:00 map_index=16 [queued]>
[2025-06-25T09:07:11.685+0900] {taskinstance.py:2614} INFO - Dependencies all met for dep_context=requeueable deps ti=<TaskInstance: lilt_document_classifier_balanced_V0.1.img_preprocess_task__1 manual__2025-06-25T00:04:18.909063+00:00 map_index=16 [queued]>
[2025-06-25T09:07:11.686+0900] {taskinstance.py:2867} INFO - Starting attempt 1 of 1
[2025-06-25T09:07:11.722+0900] {taskinstance.py:2890} INFO - Executing <Mapped(_PythonDecoratedOperator): img_preprocess_task__1> on 2025-06-25 00:04:18.909063+00:00
[2025-06-25T09:07:11.752+0900] {standard_task_runner.py:104} INFO - Running: ['***', 'tasks', 'run', 'lilt_document_classifier_balanced_V0.1', 'img_preprocess_task__1', 'manual__2025-06-25T00:04:18.909063+00:00', '--job-id', '4831', '--raw', '--subdir', 'DAGS_FOLDER/class_create_dag.py', '--cfg-path', '/tmp/tmpsj8lkz_2', '--map-index', '16']
[2025-06-25T09:07:11.777+0900] {standard_task_runner.py:105} INFO - Job 4831: Subtask img_preprocess_task__1
[2025-06-25T09:07:11.752+0900] {warnings.py:112} WARNING - /home/***/.local/lib/python3.12/site-packages/***/task/task_runner/standard_task_runner.py:70: DeprecationWarning: This process (pid=72741) is multi-threaded, use of fork() may lead to deadlocks in the child.
  pid = os.fork()

[2025-06-25T09:07:11.789+0900] {standard_task_runner.py:72} INFO - Started process 72770 to run task
[2025-06-25T09:07:11.946+0900] {task_command.py:467} INFO - Running <TaskInstance: lilt_document_classifier_balanced_V0.1.img_preprocess_task__1 manual__2025-06-25T00:04:18.909063+00:00 map_index=16 [running]> on host f6d4228a9eb8
[2025-06-25T09:07:12.166+0900] {taskinstance.py:3134} INFO - Exporting env vars: AIRFLOW_CTX_DAG_OWNER='***' AIRFLOW_CTX_DAG_ID='lilt_document_classifier_balanced_V0.1' AIRFLOW_CTX_TASK_ID='img_preprocess_task__1' AIRFLOW_CTX_EXECUTION_DATE='2025-06-25T00:04:18.909063+00:00' AIRFLOW_CTX_TRY_NUMBER='1' AIRFLOW_CTX_DAG_RUN_ID='manual__2025-06-25T00:04:18.909063+00:00'
[2025-06-25T09:07:12.170+0900] {taskinstance.py:732} INFO - ::endgroup::
[2025-06-25T09:07:12.191+0900] {logging_mixin.py:190} INFO - empty map check {} {'process_id': '_913d26a9-aa1f-4195-bd6c-f874a292d1d7_pre', 'folder_path': 'b82ec194-c866-4482-a719-41a1d8ac36f4/913d26a9-aa1f-4195-bd6c-f874a292d1d7', 'step_list': [{'name': 'cache', 'param': {'cache_key': 'origin'}}, {'name': 'calc_angle_set2', 'param': {'angle_key': 'angle1', 'iterations': 4, 'iter_save': False}}, {'name': 'text_orientation_set', 'param': {'angle_key': 'angle2', 'iterations': 4, 'iter_save': False}}, {'name': 'load', 'param': {'cache_key': 'origin'}}, {'name': 'rotate', 'param': {'angle_key': 'angle1'}}, {'name': 'rotate', 'param': {'angle_key': 'angle2'}}], 'result_file_map': {}}
[2025-06-25T09:07:12.195+0900] {logging_mixin.py:190} INFO - step : cache
[2025-06-25T09:07:12.198+0900] {logging_mixin.py:190} INFO - step : calc_angle_set2
[2025-06-25T09:07:16.034+0900] {logging_mixin.py:190} INFO - osd 1 0.0 0.0 20 24717 [3674, 3955, 4264, 4566, 4847, 5148, 5458, 5754, 6045, 6403, 7116, 7780, 8451, 9961, 11614, 13143, 14692, 16507, 18549, 20758, 24717, 20200, 17910, 16197, 14466, 12983, 11447, 9776, 8400, 7723, 7033, 6352, 6004, 5718, 5398, 5118, 4804, 4518, 4220, 3907, 3600]
[2025-06-25T09:07:19.662+0900] {logging_mixin.py:190} INFO - osd 2 0.0 0.0 20 24717 [3674, 3955, 4264, 4566, 4847, 5148, 5458, 5754, 6045, 6403, 7116, 7780, 8451, 9961, 11614, 13143, 14692, 16507, 18549, 20758, 24717, 20200, 17910, 16197, 14466, 12983, 11447, 9776, 8400, 7723, 7033, 6352, 6004, 5718, 5398, 5118, 4804, 4518, 4220, 3907, 3600]
[2025-06-25T09:07:24.294+0900] {logging_mixin.py:190} INFO - osd 3 0.0 0.0 20 24717 [3674, 3955, 4264, 4566, 4847, 5148, 5458, 5754, 6045, 6403, 7116, 7780, 8451, 9961, 11614, 13143, 14692, 16507, 18549, 20758, 24717, 20200, 17910, 16197, 14466, 12983, 11447, 9776, 8400, 7723, 7033, 6352, 6004, 5718, 5398, 5118, 4804, 4518, 4220, 3907, 3600]
[2025-06-25T09:07:28.323+0900] {logging_mixin.py:190} INFO - osd 4 0.0 0.0 20 24717 [3674, 3955, 4264, 4566, 4847, 5148, 5458, 5754, 6045, 6403, 7116, 7780, 8451, 9961, 11614, 13143, 14692, 16507, 18549, 20758, 24717, 20200, 17910, 16197, 14466, 12983, 11447, 9776, 8400, 7723, 7033, 6352, 6004, 5718, 5398, 5118, 4804, 4518, 4220, 3907, 3600]
[2025-06-25T09:07:28.351+0900] {logging_mixin.py:190} INFO - step : text_orientation_set
[2025-06-25T09:07:38.605+0900] {logging_mixin.py:190} INFO - osd 1 break  0 0 2.01 Latin 2.3
[2025-06-25T09:07:38.626+0900] {logging_mixin.py:190} INFO - step : load
[2025-06-25T09:07:38.634+0900] {logging_mixin.py:190} INFO - step : rotate
[2025-06-25T09:07:38.651+0900] {logging_mixin.py:190} INFO - step : rotate
[2025-06-25T09:07:38.718+0900] {logging_mixin.py:190} INFO - file_copy: /opt/***/data/temp/b82ec194-c866-4482-a719-41a1d8ac36f4/913d26a9-aa1f-4195-bd6c-f874a292d1d7/_result.png
[2025-06-25T09:07:38.728+0900] {python.py:240} INFO - Done. Returned value was: {'file_id': 'b82ec194-c866-4482-a719-41a1d8ac36f4', 'file_path': '/opt/***/data/class/a_class/classify/ready/false/copied_65_504731989+-1991.png', 'false': {'process_id': '_913d26a9-aa1f-4195-bd6c-f874a292d1d7_pre', 'folder_path': 'b82ec194-c866-4482-a719-41a1d8ac36f4/913d26a9-aa1f-4195-bd6c-f874a292d1d7', 'step_list': [{'name': 'cache', 'param': {'cache_key': 'origin'}}, {'name': 'calc_angle_set2', 'param': {'angle_key': 'angle1', 'iterations': 4, 'iter_save': False}}, {'name': 'text_orientation_set', 'param': {'angle_key': 'angle2', 'iterations': 4, 'iter_save': False}}, {'name': 'load', 'param': {'cache_key': 'origin'}}, {'name': 'rotate', 'param': {'angle_key': 'angle1'}}, {'name': 'rotate', 'param': {'angle_key': 'angle2'}}], 'result_file_map': {'_result': '/opt/***/data/temp/b82ec194-c866-4482-a719-41a1d8ac36f4/913d26a9-aa1f-4195-bd6c-f874a292d1d7/_result.png'}}}
[2025-06-25T09:07:38.778+0900] {taskinstance.py:341} INFO - ::group::Post task execution logs
[2025-06-25T09:07:38.782+0900] {taskinstance.py:353} INFO - Marking task as SUCCESS. dag_id=lilt_document_classifier_balanced_V0.1, task_id=img_preprocess_task__1, run_id=manual__2025-06-25T00:04:18.909063+00:00, map_index=16, execution_date=20250625T000418, start_date=20250625T000711, end_date=20250625T000738
[2025-06-25T09:07:38.892+0900] {local_task_job_runner.py:266} INFO - Task exited with return code 0
[2025-06-25T09:07:38.906+0900] {local_task_job_runner.py:245} INFO - ::endgroup::
