[2025-06-24T11:40:08.605+0900] {local_task_job_runner.py:123} INFO - ::group::Pre task execution logs
[2025-06-24T11:40:08.690+0900] {taskinstance.py:2614} INFO - Dependencies all met for dep_context=non-requeueable deps ti=<TaskInstance: lilt_document_classifier_balanced_V0.1.img_preprocess_task manual__2025-06-24T02:31:44.485922+00:00 map_index=31 [queued]>
[2025-06-24T11:40:08.743+0900] {taskinstance.py:2614} INFO - Dependencies all met for dep_context=requeueable deps ti=<TaskInstance: lilt_document_classifier_balanced_V0.1.img_preprocess_task manual__2025-06-24T02:31:44.485922+00:00 map_index=31 [queued]>
[2025-06-24T11:40:08.749+0900] {taskinstance.py:2867} INFO - Starting attempt 1 of 1
[2025-06-24T11:40:09.000+0900] {taskinstance.py:2890} INFO - Executing <Mapped(_PythonDecoratedOperator): img_preprocess_task> on 2025-06-24 02:31:44.485922+00:00
[2025-06-24T11:40:09.122+0900] {standard_task_runner.py:104} INFO - Running: ['***', 'tasks', 'run', 'lilt_document_classifier_balanced_V0.1', 'img_preprocess_task', 'manual__2025-06-24T02:31:44.485922+00:00', '--job-id', '3801', '--raw', '--subdir', 'DAGS_FOLDER/class_create_dag.py', '--cfg-path', '/tmp/tmpd4szw_rz', '--map-index', '31']
[2025-06-24T11:40:09.125+0900] {standard_task_runner.py:105} INFO - Job 3801: Subtask img_preprocess_task
[2025-06-24T11:40:09.123+0900] {warnings.py:112} WARNING - /home/***/.local/lib/python3.12/site-packages/***/task/task_runner/standard_task_runner.py:70: DeprecationWarning: This process (pid=34744) is multi-threaded, use of fork() may lead to deadlocks in the child.
  pid = os.fork()

[2025-06-24T11:40:09.189+0900] {standard_task_runner.py:72} INFO - Started process 34779 to run task
[2025-06-24T11:40:09.265+0900] {task_command.py:467} INFO - Running <TaskInstance: lilt_document_classifier_balanced_V0.1.img_preprocess_task manual__2025-06-24T02:31:44.485922+00:00 map_index=31 [running]> on host f6d4228a9eb8
[2025-06-24T11:40:09.523+0900] {taskinstance.py:3134} INFO - Exporting env vars: AIRFLOW_CTX_DAG_OWNER='***' AIRFLOW_CTX_DAG_ID='lilt_document_classifier_balanced_V0.1' AIRFLOW_CTX_TASK_ID='img_preprocess_task' AIRFLOW_CTX_EXECUTION_DATE='2025-06-24T02:31:44.485922+00:00' AIRFLOW_CTX_TRY_NUMBER='1' AIRFLOW_CTX_DAG_RUN_ID='manual__2025-06-24T02:31:44.485922+00:00'
[2025-06-24T11:40:09.530+0900] {taskinstance.py:732} INFO - ::endgroup::
[2025-06-24T11:40:09.537+0900] {logging_mixin.py:190} INFO - empty map check {} {'process_id': '_d7ec389e-dfd5-422d-9938-a3c9ae275cba_pre', 'folder_path': '442aa30e-d3dc-477c-bfb2-03331e552895/d7ec389e-dfd5-422d-9938-a3c9ae275cba', 'step_list': [{'name': 'cache', 'param': {'key': 'origin'}}, {'name': 'calc_angle_set2', 'param': {'key': 'angle1', 'iterations': 4, 'iter_save': True}}, {'name': 'save', 'param': {'key': 'ag1'}}, {'name': 'text_orientation_set', 'param': {'key': 'angle2', 'iterations': 4, 'iter_save': True}}, {'name': 'save', 'param': {'key': 'ag2'}}, {'name': 'load', 'param': {'key': 'origin'}}, {'name': 'rotate', 'param': {'key': 'angle1'}}, {'name': 'rotate', 'param': {'key': 'angle2'}}], 'result_file_map': {}}
[2025-06-24T11:40:09.538+0900] {logging_mixin.py:190} INFO - step : cache
[2025-06-24T11:40:09.539+0900] {logging_mixin.py:190} INFO - step : calc_angle_set2
[2025-06-24T11:40:46.265+0900] {logging_mixin.py:190} INFO - osd 1 -5.0 -5.0 0 558512 [558512, 531729, 504442, 474695, 447859, 418668, 392426, 363583, 338196, 310718, 286635, 260705, 236489, 213867, 196317, 176745, 157238, 137785, 118545, 99650, 82224, 99635, 118507, 137730, 157162, 176653, 196204, 213730, 236325, 260511, 286412, 310470, 337914, 363275, 392088, 418298, 447459, 474265, 503983, 530824, 557992]
[2025-06-24T11:41:28.989+0900] {logging_mixin.py:190} INFO - osd 2 0.0 5.0 40 2072476 [1745481, 1690467, 1639928, 1587378, 1531454, 1480740, 1430023, 1377273, 1327297, 1271846, 1222991, 1172194, 1121730, 1073527, 1020676, 971138, 918809, 870762, 824800, 774316, 728467, 785645, 847360, 904059, 964151, 1030102, 1092964, 1161624, 1226201, 1295314, 1365310, 1433243, 1509668, 1579212, 1653885, 1724338, 1794701, 1867744, 1938091, 2003812, 2072476]
[2025-06-24T11:42:15.821+0900] {logging_mixin.py:190} INFO - osd 3 -5.0 -5.0 0 3392201 [3392201, 3321299, 3256191, 3187192, 3123200, 3055654, 2991612, 2920407, 2852568, 2785197, 2719008, 2651350, 2581419, 2514140, 2444430, 2377744, 2307942, 2236953, 2166753, 2097016, 2029499, 2093829, 2159985, 2227308, 2294859, 2362221, 2426116, 2493185, 2557762, 2626821, 2691862, 2756320, 2821117, 2886573, 2956324, 3017889, 3083991, 3145989, 3212938, 3276689, 3346584]
[2025-06-24T11:43:17.141+0900] {logging_mixin.py:190} INFO - osd 4 0.0 5.0 40 5389388 [5032764, 4940284, 4849711, 4760171, 4671236, 4585237, 4494294, 4406234, 4321816, 4232586, 4150848, 4059310, 3979285, 3890372, 3806547, 3725102, 3643136, 3559317, 3476992, 3396513, 3323927, 3421031, 3527211, 3633821, 3740957, 3844849, 3948394, 4053190, 4161921, 4262871, 4372116, 4472390, 4578730, 4677844, 4783405, 4888363, 4989340, 5088920, 5189008, 5290065, 5389388]
[2025-06-24T11:43:17.865+0900] {logging_mixin.py:190} INFO - step : save
[2025-06-24T11:43:20.595+0900] {logging_mixin.py:190} INFO - file_copy: /opt/***/data/temp/442aa30e-d3dc-477c-bfb2-03331e552895/d7ec389e-dfd5-422d-9938-a3c9ae275cba/ag1.png
[2025-06-24T11:43:20.685+0900] {logging_mixin.py:190} INFO - step : text_orientation_set
[2025-06-24T11:43:34.711+0900] {logging_mixin.py:190} INFO - file_copy: /opt/***/data/temp/442aa30e-d3dc-477c-bfb2-03331e552895/d7ec389e-dfd5-422d-9938-a3c9ae275cba/rotate2_1.png
[2025-06-24T11:43:43.239+0900] {logging_mixin.py:190} INFO - osd 1 break  0 0 15.86 Japanese 0.56
[2025-06-24T11:43:43.247+0900] {logging_mixin.py:190} INFO - step : save
[2025-06-24T11:43:44.682+0900] {logging_mixin.py:190} INFO - file_copy: /opt/***/data/temp/442aa30e-d3dc-477c-bfb2-03331e552895/d7ec389e-dfd5-422d-9938-a3c9ae275cba/ag2.png
[2025-06-24T11:43:44.726+0900] {logging_mixin.py:190} INFO - step : load
[2025-06-24T11:43:44.726+0900] {logging_mixin.py:190} INFO - step : rotate
[2025-06-24T11:43:45.050+0900] {logging_mixin.py:190} INFO - step : rotate
[2025-06-24T11:43:45.575+0900] {logging_mixin.py:190} INFO - file_copy: /opt/***/data/temp/442aa30e-d3dc-477c-bfb2-03331e552895/d7ec389e-dfd5-422d-9938-a3c9ae275cba/_result.png
[2025-06-24T11:43:45.639+0900] {python.py:240} INFO - Done. Returned value was: {'file_id': '442aa30e-d3dc-477c-bfb2-03331e552895', 'file_path': '/opt/***/data/class/a_class/classify/ready/true/광장동 가람빌딩 - 정부24 - 건축물대장 등본(초본) 발급(열람) _ 문서출력_page_1_aug1.png', 'true': {'process_id': '_d7ec389e-dfd5-422d-9938-a3c9ae275cba_pre', 'folder_path': '442aa30e-d3dc-477c-bfb2-03331e552895/d7ec389e-dfd5-422d-9938-a3c9ae275cba', 'step_list': [{'name': 'cache', 'param': {'key': 'origin'}}, {'name': 'calc_angle_set2', 'param': {'key': 'angle1', 'iterations': 4, 'iter_save': True}}, {'name': 'save', 'param': {'key': 'ag1'}}, {'name': 'text_orientation_set', 'param': {'key': 'angle2', 'iterations': 4, 'iter_save': True}}, {'name': 'save', 'param': {'key': 'ag2'}}, {'name': 'load', 'param': {'key': 'origin'}}, {'name': 'rotate', 'param': {'key': 'angle1'}}, {'name': 'rotate', 'param': {'key': 'angle2'}}], 'result_file_map': {'ag1': '/opt/***/data/temp/442aa30e-d3dc-477c-bfb2-03331e552895/d7ec389e-dfd5-422d-9938-a3c9ae275cba/ag1.png', 'rotate2_1': '/opt/***/data/temp/442aa30e-d3dc-477c-bfb2-03331e552895/d7ec389e-dfd5-422d-9938-a3c9ae275cba/rotate2_1.png', 'ag2': '/opt/***/data/temp/442aa30e-d3dc-477c-bfb2-03331e552895/d7ec389e-dfd5-422d-9938-a3c9ae275cba/ag2.png', '_result': '/opt/***/data/temp/442aa30e-d3dc-477c-bfb2-03331e552895/d7ec389e-dfd5-422d-9938-a3c9ae275cba/_result.png'}}}
[2025-06-24T11:43:45.910+0900] {taskinstance.py:341} INFO - ::group::Post task execution logs
[2025-06-24T11:43:45.916+0900] {taskinstance.py:353} INFO - Marking task as SUCCESS. dag_id=lilt_document_classifier_balanced_V0.1, task_id=img_preprocess_task, run_id=manual__2025-06-24T02:31:44.485922+00:00, map_index=31, execution_date=20250624T023144, start_date=20250624T024008, end_date=20250624T024345
[2025-06-24T11:43:46.074+0900] {local_task_job_runner.py:266} INFO - Task exited with return code 0
[2025-06-24T11:43:46.286+0900] {taskinstance.py:3901} INFO - 0 downstream tasks scheduled from follow-on schedule check
[2025-06-24T11:43:46.304+0900] {local_task_job_runner.py:245} INFO - ::endgroup::
