[2025-06-19T15:42:15.438+0900] {local_task_job_runner.py:123} INFO - ::group::Pre task execution logs
[2025-06-19T15:42:15.495+0900] {taskinstance.py:2614} INFO - Dependencies all met for dep_context=non-requeueable deps ti=<TaskInstance: lilt_document_classifier_balanced_V0.1.img_preprocess_task manual__2025-06-19T06:40:24.218660+00:00 map_index=29 [queued]>
[2025-06-19T15:42:15.523+0900] {taskinstance.py:2614} INFO - Dependencies all met for dep_context=requeueable deps ti=<TaskInstance: lilt_document_classifier_balanced_V0.1.img_preprocess_task manual__2025-06-19T06:40:24.218660+00:00 map_index=29 [queued]>
[2025-06-19T15:42:15.526+0900] {taskinstance.py:2867} INFO - Starting attempt 1 of 1
[2025-06-19T15:42:15.575+0900] {taskinstance.py:2890} INFO - Executing <Mapped(_PythonDecoratedOperator): img_preprocess_task> on 2025-06-19 06:40:24.218660+00:00
[2025-06-19T15:42:15.637+0900] {warnings.py:112} WARNING - /home/***/.local/lib/python3.12/site-packages/***/task/task_runner/standard_task_runner.py:70: DeprecationWarning: This process (pid=690) is multi-threaded, use of fork() may lead to deadlocks in the child.
  pid = os.fork()

[2025-06-19T15:42:15.645+0900] {standard_task_runner.py:104} INFO - Running: ['***', 'tasks', 'run', 'lilt_document_classifier_balanced_V0.1', 'img_preprocess_task', 'manual__2025-06-19T06:40:24.218660+00:00', '--job-id', '1377', '--raw', '--subdir', 'DAGS_FOLDER/class_create_dag.py', '--cfg-path', '/tmp/tmpai7fgcg2', '--map-index', '29']
[2025-06-19T15:42:15.651+0900] {standard_task_runner.py:105} INFO - Job 1377: Subtask img_preprocess_task
[2025-06-19T15:42:15.654+0900] {standard_task_runner.py:72} INFO - Started process 878 to run task
[2025-06-19T15:42:15.746+0900] {task_command.py:467} INFO - Running <TaskInstance: lilt_document_classifier_balanced_V0.1.img_preprocess_task manual__2025-06-19T06:40:24.218660+00:00 map_index=29 [running]> on host f6d4228a9eb8
[2025-06-19T15:42:16.267+0900] {taskinstance.py:3134} INFO - Exporting env vars: AIRFLOW_CTX_DAG_OWNER='***' AIRFLOW_CTX_DAG_ID='lilt_document_classifier_balanced_V0.1' AIRFLOW_CTX_TASK_ID='img_preprocess_task' AIRFLOW_CTX_EXECUTION_DATE='2025-06-19T06:40:24.218660+00:00' AIRFLOW_CTX_TRY_NUMBER='1' AIRFLOW_CTX_DAG_RUN_ID='manual__2025-06-19T06:40:24.218660+00:00'
[2025-06-19T15:42:16.279+0900] {taskinstance.py:732} INFO - ::endgroup::
[2025-06-19T15:42:16.327+0900] {logging_mixin.py:190} INFO - empty map check {} {'process_id': '_789d1115-03be-43b3-87f5-f4c5d5020e35_pre', 'folder_path': 'c31853ab-5beb-4e6f-b2a8-3630f5ade7fc/789d1115-03be-43b3-87f5-f4c5d5020e35', 'step_list': [{'name': 'cache', 'param': {'key': 'origin'}}, {'name': 'calc_angle_set1', 'param': {'key': 'angle1', 'iterations': 4, 'iter_save': False}}, {'name': 'text_orientation_set', 'param': {'key': 'angle2', 'iterations': 4, 'iter_save': False}}, {'name': 'load', 'param': {'key': 'origin'}}, {'name': 'rotate', 'param': {'key': 'angle1'}}, {'name': 'rotate', 'param': {'key': 'angle2'}}], 'result_file_map': {}}
[2025-06-19T15:42:16.357+0900] {logging_mixin.py:190} INFO - step : cache
[2025-06-19T15:42:16.361+0900] {logging_mixin.py:190} INFO - step : calc_angle_set1
[2025-06-19T15:42:17.604+0900] {logging_mixin.py:190} INFO - step : text_orientation_set
[2025-06-19T15:42:34.888+0900] {logging_mixin.py:190} INFO - osd 1 break  0 0 9.89 Korean 0.06
[2025-06-19T15:42:34.890+0900] {logging_mixin.py:190} INFO - step : load
[2025-06-19T15:42:34.894+0900] {logging_mixin.py:190} INFO - step : rotate
[2025-06-19T15:42:35.086+0900] {logging_mixin.py:190} INFO - step : rotate
[2025-06-19T15:42:35.435+0900] {logging_mixin.py:190} INFO - file_copy: /opt/***/data/temp/c31853ab-5beb-4e6f-b2a8-3630f5ade7fc/789d1115-03be-43b3-87f5-f4c5d5020e35/_result.png
[2025-06-19T15:42:35.467+0900] {python.py:240} INFO - Done. Returned value was: {'file_id': 'c31853ab-5beb-4e6f-b2a8-3630f5ade7fc', 'file_path': '/opt/***/data/class/a_class/classify/ready/true/죽전동 일성빌딩 - 정부24 - 건축물대장 등본(초본) 발급(열람) _ 문서출력_page_1_aug0.png', 'true': {'process_id': '_789d1115-03be-43b3-87f5-f4c5d5020e35_pre', 'folder_path': 'c31853ab-5beb-4e6f-b2a8-3630f5ade7fc/789d1115-03be-43b3-87f5-f4c5d5020e35', 'step_list': [{'name': 'cache', 'param': {'key': 'origin'}}, {'name': 'calc_angle_set1', 'param': {'key': 'angle1', 'iterations': 4, 'iter_save': False}}, {'name': 'text_orientation_set', 'param': {'key': 'angle2', 'iterations': 4, 'iter_save': False}}, {'name': 'load', 'param': {'key': 'origin'}}, {'name': 'rotate', 'param': {'key': 'angle1'}}, {'name': 'rotate', 'param': {'key': 'angle2'}}], 'result_file_map': {'_result': '/opt/***/data/temp/c31853ab-5beb-4e6f-b2a8-3630f5ade7fc/789d1115-03be-43b3-87f5-f4c5d5020e35/_result.png'}}}
[2025-06-19T15:42:35.548+0900] {taskinstance.py:341} INFO - ::group::Post task execution logs
[2025-06-19T15:42:35.548+0900] {taskinstance.py:353} INFO - Marking task as SUCCESS. dag_id=lilt_document_classifier_balanced_V0.1, task_id=img_preprocess_task, run_id=manual__2025-06-19T06:40:24.218660+00:00, map_index=29, execution_date=20250619T064024, start_date=20250619T064215, end_date=20250619T064235
[2025-06-19T15:42:35.686+0900] {local_task_job_runner.py:266} INFO - Task exited with return code 0
[2025-06-19T15:42:35.743+0900] {standard_task_runner.py:217} INFO - Process not found (most likely exited), stop collecting metrics
[2025-06-19T15:42:35.813+0900] {taskinstance.py:3901} INFO - 0 downstream tasks scheduled from follow-on schedule check
[2025-06-19T15:42:35.834+0900] {local_task_job_runner.py:245} INFO - ::endgroup::
