[2025-05-27T08:45:36.616+0000] {local_task_job_runner.py:123} INFO - ::group::Pre task execution logs
[2025-05-27T08:45:37.004+0000] {taskinstance.py:2614} INFO - Dependencies all met for dep_context=non-requeueable deps ti=<TaskInstance: image_processing_per_file_v2.preprocess_group.grayscale_task manual__2025-05-27T08:44:59.556038+00:00 map_index=16 [queued]>
[2025-05-27T08:45:37.261+0000] {taskinstance.py:2614} INFO - Dependencies all met for dep_context=requeueable deps ti=<TaskInstance: image_processing_per_file_v2.preprocess_group.grayscale_task manual__2025-05-27T08:44:59.556038+00:00 map_index=16 [queued]>
[2025-05-27T08:45:37.274+0000] {taskinstance.py:2867} INFO - Starting attempt 1 of 1
[2025-05-27T08:45:37.505+0000] {taskinstance.py:2890} INFO - Executing <Mapped(_PythonDecoratedOperator): preprocess_group.grayscale_task> on 2025-05-27 08:44:59.556038+00:00
[2025-05-27T08:45:37.714+0000] {standard_task_runner.py:104} INFO - Running: ['***', 'tasks', 'run', 'image_processing_per_file_v2', 'preprocess_group.grayscale_task', 'manual__2025-05-27T08:44:59.556038+00:00', '--job-id', '841', '--raw', '--subdir', 'DAGS_FOLDER/test_dag.py', '--cfg-path', '/tmp/tmp24gizpxu', '--map-index', '16']
[2025-05-27T08:45:37.746+0000] {standard_task_runner.py:105} INFO - Job 841: Subtask preprocess_group.grayscale_task
[2025-05-27T08:45:37.769+0000] {logging_mixin.py:190} WARNING - /home/***/.local/lib/python3.12/site-packages/***/task/task_runner/standard_task_runner.py:70 DeprecationWarning: This process (pid=25893) is multi-threaded, use of fork() may lead to deadlocks in the child.
[2025-05-27T08:45:37.785+0000] {standard_task_runner.py:72} INFO - Started process 25974 to run task
[2025-05-27T08:45:38.002+0000] {task_command.py:467} INFO - Running <TaskInstance: image_processing_per_file_v2.preprocess_group.grayscale_task manual__2025-05-27T08:44:59.556038+00:00 map_index=16 [running]> on host d13339a4a574
[2025-05-27T08:45:38.708+0000] {taskinstance.py:3134} INFO - Exporting env vars: AIRFLOW_CTX_DAG_OWNER='***' AIRFLOW_CTX_DAG_ID='image_processing_per_file_v2' AIRFLOW_CTX_TASK_ID='preprocess_group.grayscale_task' AIRFLOW_CTX_EXECUTION_DATE='2025-05-27T08:44:59.556038+00:00' AIRFLOW_CTX_TRY_NUMBER='1' AIRFLOW_CTX_DAG_RUN_ID='manual__2025-05-27T08:44:59.556038+00:00'
[2025-05-27T08:45:38.728+0000] {logging_mixin.py:190} INFO - Task instance is in running state
[2025-05-27T08:45:38.737+0000] {logging_mixin.py:190} INFO -  Previous state of the Task instance: queued
[2025-05-27T08:45:38.810+0000] {logging_mixin.py:190} INFO - Current task name:preprocess_group.grayscale_task state:running start_date:2025-05-27 08:45:37.015564+00:00
[2025-05-27T08:45:38.852+0000] {logging_mixin.py:190} INFO - Dag name:image_processing_per_file_v2 and current dag run status:running
[2025-05-27T08:45:38.886+0000] {taskinstance.py:732} INFO - ::endgroup::
[2025-05-27T08:45:38.887+0000] {logging_mixin.py:190} INFO - ----------file_path /opt/***/data/upload/test/스크린샷 2025-05-20 182000 - 복사본 (5) - 복사본 - 복사본 - 복사본.png
[2025-05-27T08:45:40.388+0000] {logging_mixin.py:190} INFO - gray: /opt/***/data/temp/스크린샷 2025-05-20 182000 - 복사본 (5) - 복사본 - 복사본 - 복사본.png
[2025-05-27T08:45:40.389+0000] {python.py:240} INFO - Done. Returned value was: /opt/***/data/temp/스크린샷 2025-05-20 182000 - 복사본 (5) - 복사본 - 복사본 - 복사본.png
[2025-05-27T08:45:40.526+0000] {taskinstance.py:341} INFO - ::group::Post task execution logs
[2025-05-27T08:45:40.528+0000] {taskinstance.py:353} INFO - Marking task as SUCCESS. dag_id=image_processing_per_file_v2, task_id=preprocess_group.grayscale_task, run_id=manual__2025-05-27T08:44:59.556038+00:00, map_index=16, execution_date=20250527T084459, start_date=20250527T084537, end_date=20250527T084540
[2025-05-27T08:45:40.624+0000] {logging_mixin.py:190} INFO - Task instance in success state
[2025-05-27T08:45:40.629+0000] {logging_mixin.py:190} INFO -  Previous state of the Task instance: running
[2025-05-27T08:45:40.634+0000] {logging_mixin.py:190} INFO - Dag name:image_processing_per_file_v2 queued_at:2025-05-27 08:44:59.620226+00:00
[2025-05-27T08:45:40.642+0000] {logging_mixin.py:190} INFO - Task hostname:d13339a4a574 operator:_PythonDecoratedOperator
[2025-05-27T08:45:40.762+0000] {local_task_job_runner.py:266} INFO - Task exited with return code 0
[2025-05-27T08:45:41.339+0000] {taskinstance.py:3901} INFO - 0 downstream tasks scheduled from follow-on schedule check
[2025-05-27T08:45:41.445+0000] {local_task_job_runner.py:245} INFO - ::endgroup::
