[2025-06-19T15:41:35.942+0900] {local_task_job_runner.py:123} INFO - ::group::Pre task execution logs
[2025-06-19T15:41:36.108+0900] {taskinstance.py:2614} INFO - Dependencies all met for dep_context=non-requeueable deps ti=<TaskInstance: lilt_document_classifier_balanced_V0.1.img_preprocess_task manual__2025-06-19T06:40:24.218660+00:00 map_index=13 [queued]>
[2025-06-19T15:41:36.192+0900] {taskinstance.py:2614} INFO - Dependencies all met for dep_context=requeueable deps ti=<TaskInstance: lilt_document_classifier_balanced_V0.1.img_preprocess_task manual__2025-06-19T06:40:24.218660+00:00 map_index=13 [queued]>
[2025-06-19T15:41:36.200+0900] {taskinstance.py:2867} INFO - Starting attempt 1 of 1
[2025-06-19T15:41:36.276+0900] {taskinstance.py:2890} INFO - Executing <Mapped(_PythonDecoratedOperator): img_preprocess_task> on 2025-06-19 06:40:24.218660+00:00
[2025-06-19T15:41:36.334+0900] {warnings.py:112} WARNING - /home/***/.local/lib/python3.12/site-packages/***/task/task_runner/standard_task_runner.py:70: DeprecationWarning: This process (pid=313) is multi-threaded, use of fork() may lead to deadlocks in the child.
  pid = os.fork()

[2025-06-19T15:41:36.339+0900] {standard_task_runner.py:72} INFO - Started process 395 to run task
[2025-06-19T15:41:36.347+0900] {standard_task_runner.py:104} INFO - Running: ['***', 'tasks', 'run', 'lilt_document_classifier_balanced_V0.1', 'img_preprocess_task', 'manual__2025-06-19T06:40:24.218660+00:00', '--job-id', '1347', '--raw', '--subdir', 'DAGS_FOLDER/class_create_dag.py', '--cfg-path', '/tmp/tmp4vgq9kh2', '--map-index', '13']
[2025-06-19T15:41:36.376+0900] {standard_task_runner.py:105} INFO - Job 1347: Subtask img_preprocess_task
[2025-06-19T15:41:36.608+0900] {task_command.py:467} INFO - Running <TaskInstance: lilt_document_classifier_balanced_V0.1.img_preprocess_task manual__2025-06-19T06:40:24.218660+00:00 map_index=13 [running]> on host f6d4228a9eb8
[2025-06-19T15:41:36.817+0900] {taskinstance.py:3134} INFO - Exporting env vars: AIRFLOW_CTX_DAG_OWNER='***' AIRFLOW_CTX_DAG_ID='lilt_document_classifier_balanced_V0.1' AIRFLOW_CTX_TASK_ID='img_preprocess_task' AIRFLOW_CTX_EXECUTION_DATE='2025-06-19T06:40:24.218660+00:00' AIRFLOW_CTX_TRY_NUMBER='1' AIRFLOW_CTX_DAG_RUN_ID='manual__2025-06-19T06:40:24.218660+00:00'
[2025-06-19T15:41:36.821+0900] {taskinstance.py:732} INFO - ::endgroup::
[2025-06-19T15:41:36.829+0900] {logging_mixin.py:190} INFO - empty map check {} {'process_id': '_b2214732-43e0-4882-9d9d-b59061228b27_pre', 'folder_path': '41ee7439-200a-4309-9da3-00cec2104e0a/b2214732-43e0-4882-9d9d-b59061228b27', 'step_list': [{'name': 'cache', 'param': {'key': 'origin'}}, {'name': 'calc_angle_set1', 'param': {'key': 'angle1', 'iterations': 4, 'iter_save': False}}, {'name': 'text_orientation_set', 'param': {'key': 'angle2', 'iterations': 4, 'iter_save': False}}, {'name': 'load', 'param': {'key': 'origin'}}, {'name': 'rotate', 'param': {'key': 'angle1'}}, {'name': 'rotate', 'param': {'key': 'angle2'}}], 'result_file_map': {}}
[2025-06-19T15:41:36.833+0900] {logging_mixin.py:190} INFO - step : cache
[2025-06-19T15:41:36.840+0900] {logging_mixin.py:190} INFO - step : calc_angle_set1
[2025-06-19T15:41:37.195+0900] {logging_mixin.py:190} INFO - step : text_orientation_set
[2025-06-19T15:42:02.225+0900] {logging_mixin.py:190} INFO - osd 1 break  0 0 6.8 Korean 0.93
[2025-06-19T15:42:02.229+0900] {logging_mixin.py:190} INFO - step : load
[2025-06-19T15:42:02.230+0900] {logging_mixin.py:190} INFO - step : rotate
[2025-06-19T15:42:02.368+0900] {logging_mixin.py:190} INFO - step : rotate
[2025-06-19T15:42:02.650+0900] {logging_mixin.py:190} INFO - file_copy: /opt/***/data/temp/41ee7439-200a-4309-9da3-00cec2104e0a/b2214732-43e0-4882-9d9d-b59061228b27/_result.png
[2025-06-19T15:42:02.675+0900] {python.py:240} INFO - Done. Returned value was: {'file_id': '41ee7439-200a-4309-9da3-00cec2104e0a', 'file_path': '/opt/***/data/class/a_class/classify/ready/true/당주동 선덕빌딩 - 정부24 - 건축물대장 등본(초본) 발급(열람) _ 문서출력_page_1_aug2.png', 'true': {'process_id': '_b2214732-43e0-4882-9d9d-b59061228b27_pre', 'folder_path': '41ee7439-200a-4309-9da3-00cec2104e0a/b2214732-43e0-4882-9d9d-b59061228b27', 'step_list': [{'name': 'cache', 'param': {'key': 'origin'}}, {'name': 'calc_angle_set1', 'param': {'key': 'angle1', 'iterations': 4, 'iter_save': False}}, {'name': 'text_orientation_set', 'param': {'key': 'angle2', 'iterations': 4, 'iter_save': False}}, {'name': 'load', 'param': {'key': 'origin'}}, {'name': 'rotate', 'param': {'key': 'angle1'}}, {'name': 'rotate', 'param': {'key': 'angle2'}}], 'result_file_map': {'_result': '/opt/***/data/temp/41ee7439-200a-4309-9da3-00cec2104e0a/b2214732-43e0-4882-9d9d-b59061228b27/_result.png'}}}
[2025-06-19T15:42:02.744+0900] {taskinstance.py:341} INFO - ::group::Post task execution logs
[2025-06-19T15:42:02.747+0900] {taskinstance.py:353} INFO - Marking task as SUCCESS. dag_id=lilt_document_classifier_balanced_V0.1, task_id=img_preprocess_task, run_id=manual__2025-06-19T06:40:24.218660+00:00, map_index=13, execution_date=20250619T064024, start_date=20250619T064136, end_date=20250619T064202
[2025-06-19T15:42:02.847+0900] {local_task_job_runner.py:266} INFO - Task exited with return code 0
[2025-06-19T15:42:02.863+0900] {local_task_job_runner.py:245} INFO - ::endgroup::
