[2025-06-24T13:25:12.899+0900] {local_task_job_runner.py:123} INFO - ::group::Pre task execution logs
[2025-06-24T13:25:12.938+0900] {taskinstance.py:2614} INFO - Dependencies all met for dep_context=non-requeueable deps ti=<TaskInstance: lilt_document_classifier_balanced_V0.1.img_preprocess_task__1 manual__2025-06-24T04:23:33.505927+00:00 map_index=8 [queued]>
[2025-06-24T13:25:12.953+0900] {taskinstance.py:2614} INFO - Dependencies all met for dep_context=requeueable deps ti=<TaskInstance: lilt_document_classifier_balanced_V0.1.img_preprocess_task__1 manual__2025-06-24T04:23:33.505927+00:00 map_index=8 [queued]>
[2025-06-24T13:25:12.954+0900] {taskinstance.py:2867} INFO - Starting attempt 1 of 1
[2025-06-24T13:25:12.993+0900] {taskinstance.py:2890} INFO - Executing <Mapped(_PythonDecoratedOperator): img_preprocess_task__1> on 2025-06-24 04:23:33.505927+00:00
[2025-06-24T13:25:13.044+0900] {warnings.py:112} WARNING - /home/***/.local/lib/python3.12/site-packages/***/task/task_runner/standard_task_runner.py:70: DeprecationWarning: This process (pid=38841) is multi-threaded, use of fork() may lead to deadlocks in the child.
  pid = os.fork()

[2025-06-24T13:25:13.046+0900] {standard_task_runner.py:72} INFO - Started process 38854 to run task
[2025-06-24T13:25:13.052+0900] {standard_task_runner.py:104} INFO - Running: ['***', 'tasks', 'run', 'lilt_document_classifier_balanced_V0.1', 'img_preprocess_task__1', 'manual__2025-06-24T04:23:33.505927+00:00', '--job-id', '3949', '--raw', '--subdir', 'DAGS_FOLDER/class_create_dag.py', '--cfg-path', '/tmp/tmps30vzlud', '--map-index', '8']
[2025-06-24T13:25:13.056+0900] {standard_task_runner.py:105} INFO - Job 3949: Subtask img_preprocess_task__1
[2025-06-24T13:25:13.119+0900] {task_command.py:467} INFO - Running <TaskInstance: lilt_document_classifier_balanced_V0.1.img_preprocess_task__1 manual__2025-06-24T04:23:33.505927+00:00 map_index=8 [running]> on host f6d4228a9eb8
[2025-06-24T13:25:13.266+0900] {taskinstance.py:3134} INFO - Exporting env vars: AIRFLOW_CTX_DAG_OWNER='***' AIRFLOW_CTX_DAG_ID='lilt_document_classifier_balanced_V0.1' AIRFLOW_CTX_TASK_ID='img_preprocess_task__1' AIRFLOW_CTX_EXECUTION_DATE='2025-06-24T04:23:33.505927+00:00' AIRFLOW_CTX_TRY_NUMBER='1' AIRFLOW_CTX_DAG_RUN_ID='manual__2025-06-24T04:23:33.505927+00:00'
[2025-06-24T13:25:13.271+0900] {taskinstance.py:732} INFO - ::endgroup::
[2025-06-24T13:25:13.275+0900] {logging_mixin.py:190} INFO - empty map check {} {'process_id': '_fdfdf704-8426-4a9b-bce0-0892910c3fde_pre', 'folder_path': '427d5d3e-db64-49f5-9071-29f7c0b15ecc/fdfdf704-8426-4a9b-bce0-0892910c3fde', 'step_list': [{'name': 'cache', 'param': {'key': 'origin'}}, {'name': 'calc_angle_set2', 'param': {'key': 'angle1', 'iterations': 4, 'iter_save': True}}, {'name': 'save', 'param': {'key': 'ag1'}}, {'name': 'text_orientation_set', 'param': {'key': 'angle2', 'iterations': 4, 'iter_save': True}}, {'name': 'save', 'param': {'key': 'ag2'}}, {'name': 'load', 'param': {'key': 'origin'}}, {'name': 'rotate', 'param': {'key': 'angle1'}}, {'name': 'rotate', 'param': {'key': 'angle2'}}], 'result_file_map': {}}
[2025-06-24T13:25:13.280+0900] {logging_mixin.py:190} INFO - step : cache
[2025-06-24T13:25:13.282+0900] {logging_mixin.py:190} INFO - step : calc_angle_set2
[2025-06-24T13:25:19.141+0900] {logging_mixin.py:190} INFO - osd 1 0.0 0.0 20 810 [0, 0, 0, 0, 11, 58, 110, 160, 207, 267, 316, 373, 427, 474, 520, 583, 627, 671, 756, 758, 810, 790, 726, 700, 648, 579, 551, 473, 433, 380, 335, 280, 225, 176, 120, 63, 29, 0, 0, 0, 0]
[2025-06-24T13:25:23.570+0900] {logging_mixin.py:190} INFO - osd 2 0.0 0.0 20 810 [0, 0, 0, 0, 11, 58, 110, 160, 207, 267, 316, 373, 427, 474, 520, 583, 627, 671, 756, 758, 810, 790, 726, 700, 648, 579, 551, 473, 433, 380, 335, 280, 225, 176, 120, 63, 29, 0, 0, 0, 0]
[2025-06-24T13:25:28.171+0900] {logging_mixin.py:190} INFO - osd 3 0.0 0.0 20 810 [0, 0, 0, 0, 11, 58, 110, 160, 207, 267, 316, 373, 427, 474, 520, 583, 627, 671, 756, 758, 810, 790, 726, 700, 648, 579, 551, 473, 433, 380, 335, 280, 225, 176, 120, 63, 29, 0, 0, 0, 0]
[2025-06-24T13:25:34.680+0900] {logging_mixin.py:190} INFO - osd 4 0.0 0.0 20 810 [0, 0, 0, 0, 11, 58, 110, 160, 207, 267, 316, 373, 427, 474, 520, 583, 627, 671, 756, 758, 810, 790, 726, 700, 648, 579, 551, 473, 433, 380, 335, 280, 225, 176, 120, 63, 29, 0, 0, 0, 0]
[2025-06-24T13:25:34.736+0900] {logging_mixin.py:190} INFO - step : save
[2025-06-24T13:25:34.981+0900] {logging_mixin.py:190} INFO - file_copy: /opt/***/data/temp/427d5d3e-db64-49f5-9071-29f7c0b15ecc/fdfdf704-8426-4a9b-bce0-0892910c3fde/ag1.png
[2025-06-24T13:25:35.071+0900] {logging_mixin.py:190} INFO - step : text_orientation_set
[2025-06-24T13:25:38.737+0900] {logging_mixin.py:190} INFO - file_copy: /opt/***/data/temp/427d5d3e-db64-49f5-9071-29f7c0b15ecc/fdfdf704-8426-4a9b-bce0-0892910c3fde/rotate2_1.png
[2025-06-24T13:25:43.235+0900] {logging_mixin.py:190} INFO - osd 1 break  0 0 5.0 Arabic 0.2
[2025-06-24T13:25:43.236+0900] {logging_mixin.py:190} INFO - step : save
[2025-06-24T13:25:43.462+0900] {logging_mixin.py:190} INFO - file_copy: /opt/***/data/temp/427d5d3e-db64-49f5-9071-29f7c0b15ecc/fdfdf704-8426-4a9b-bce0-0892910c3fde/ag2.png
[2025-06-24T13:25:43.470+0900] {logging_mixin.py:190} INFO - step : load
[2025-06-24T13:25:43.472+0900] {logging_mixin.py:190} INFO - step : rotate
[2025-06-24T13:25:43.478+0900] {logging_mixin.py:190} INFO - step : rotate
[2025-06-24T13:25:43.536+0900] {logging_mixin.py:190} INFO - file_copy: /opt/***/data/temp/427d5d3e-db64-49f5-9071-29f7c0b15ecc/fdfdf704-8426-4a9b-bce0-0892910c3fde/_result.png
[2025-06-24T13:25:43.549+0900] {python.py:240} INFO - Done. Returned value was: {'file_id': '427d5d3e-db64-49f5-9071-29f7c0b15ecc', 'file_path': '/opt/***/data/class/a_class/classify/ready/false/copied_80_2063851438.png', 'false': {'process_id': '_fdfdf704-8426-4a9b-bce0-0892910c3fde_pre', 'folder_path': '427d5d3e-db64-49f5-9071-29f7c0b15ecc/fdfdf704-8426-4a9b-bce0-0892910c3fde', 'step_list': [{'name': 'cache', 'param': {'key': 'origin'}}, {'name': 'calc_angle_set2', 'param': {'key': 'angle1', 'iterations': 4, 'iter_save': True}}, {'name': 'save', 'param': {'key': 'ag1'}}, {'name': 'text_orientation_set', 'param': {'key': 'angle2', 'iterations': 4, 'iter_save': True}}, {'name': 'save', 'param': {'key': 'ag2'}}, {'name': 'load', 'param': {'key': 'origin'}}, {'name': 'rotate', 'param': {'key': 'angle1'}}, {'name': 'rotate', 'param': {'key': 'angle2'}}], 'result_file_map': {'ag1': '/opt/***/data/temp/427d5d3e-db64-49f5-9071-29f7c0b15ecc/fdfdf704-8426-4a9b-bce0-0892910c3fde/ag1.png', 'rotate2_1': '/opt/***/data/temp/427d5d3e-db64-49f5-9071-29f7c0b15ecc/fdfdf704-8426-4a9b-bce0-0892910c3fde/rotate2_1.png', 'ag2': '/opt/***/data/temp/427d5d3e-db64-49f5-9071-29f7c0b15ecc/fdfdf704-8426-4a9b-bce0-0892910c3fde/ag2.png', '_result': '/opt/***/data/temp/427d5d3e-db64-49f5-9071-29f7c0b15ecc/fdfdf704-8426-4a9b-bce0-0892910c3fde/_result.png'}}}
[2025-06-24T13:25:43.788+0900] {taskinstance.py:341} INFO - ::group::Post task execution logs
[2025-06-24T13:25:43.789+0900] {taskinstance.py:353} INFO - Marking task as SUCCESS. dag_id=lilt_document_classifier_balanced_V0.1, task_id=img_preprocess_task__1, run_id=manual__2025-06-24T04:23:33.505927+00:00, map_index=8, execution_date=20250624T042333, start_date=20250624T042512, end_date=20250624T042543
[2025-06-24T13:25:44.092+0900] {local_task_job_runner.py:266} INFO - Task exited with return code 0
[2025-06-24T13:25:44.216+0900] {taskinstance.py:3901} INFO - 0 downstream tasks scheduled from follow-on schedule check
[2025-06-24T13:25:44.263+0900] {local_task_job_runner.py:245} INFO - ::endgroup::
