[2025-06-19T16:17:40.284+0900] {local_task_job_runner.py:123} INFO - ::group::Pre task execution logs
[2025-06-19T16:17:40.347+0900] {taskinstance.py:2614} INFO - Dependencies all met for dep_context=non-requeueable deps ti=<TaskInstance: lilt_document_classifier_balanced_V0.1.img_preprocess_task manual__2025-06-19T07:13:53.100355+00:00 map_index=60 [queued]>
[2025-06-19T16:17:40.410+0900] {taskinstance.py:2614} INFO - Dependencies all met for dep_context=requeueable deps ti=<TaskInstance: lilt_document_classifier_balanced_V0.1.img_preprocess_task manual__2025-06-19T07:13:53.100355+00:00 map_index=60 [queued]>
[2025-06-19T16:17:40.411+0900] {taskinstance.py:2867} INFO - Starting attempt 1 of 1
[2025-06-19T16:17:40.464+0900] {taskinstance.py:2890} INFO - Executing <Mapped(_PythonDecoratedOperator): img_preprocess_task> on 2025-06-19 07:13:53.100355+00:00
[2025-06-19T16:17:40.506+0900] {warnings.py:112} WARNING - /home/***/.local/lib/python3.12/site-packages/***/task/task_runner/standard_task_runner.py:70: DeprecationWarning: This process (pid=4891) is multi-threaded, use of fork() may lead to deadlocks in the child.
  pid = os.fork()

[2025-06-19T16:17:40.514+0900] {standard_task_runner.py:72} INFO - Started process 4976 to run task
[2025-06-19T16:17:40.514+0900] {standard_task_runner.py:104} INFO - Running: ['***', 'tasks', 'run', 'lilt_document_classifier_balanced_V0.1', 'img_preprocess_task', 'manual__2025-06-19T07:13:53.100355+00:00', '--job-id', '1570', '--raw', '--subdir', 'DAGS_FOLDER/class_create_dag.py', '--cfg-path', '/tmp/tmpwmp82wdd', '--map-index', '60']
[2025-06-19T16:17:40.525+0900] {standard_task_runner.py:105} INFO - Job 1570: Subtask img_preprocess_task
[2025-06-19T16:17:40.631+0900] {task_command.py:467} INFO - Running <TaskInstance: lilt_document_classifier_balanced_V0.1.img_preprocess_task manual__2025-06-19T07:13:53.100355+00:00 map_index=60 [running]> on host f6d4228a9eb8
[2025-06-19T16:17:40.839+0900] {taskinstance.py:3134} INFO - Exporting env vars: AIRFLOW_CTX_DAG_OWNER='***' AIRFLOW_CTX_DAG_ID='lilt_document_classifier_balanced_V0.1' AIRFLOW_CTX_TASK_ID='img_preprocess_task' AIRFLOW_CTX_EXECUTION_DATE='2025-06-19T07:13:53.100355+00:00' AIRFLOW_CTX_TRY_NUMBER='1' AIRFLOW_CTX_DAG_RUN_ID='manual__2025-06-19T07:13:53.100355+00:00'
[2025-06-19T16:17:40.841+0900] {taskinstance.py:732} INFO - ::endgroup::
[2025-06-19T16:17:40.850+0900] {logging_mixin.py:190} INFO - empty map check {} {'process_id': '_36cc6cb0-4ff2-4b61-8e32-bd7cd182d215_pre', 'folder_path': '5a557b0f-db15-4e2b-a01a-dcca5329741d/36cc6cb0-4ff2-4b61-8e32-bd7cd182d215', 'step_list': [{'name': 'cache', 'param': {'key': 'origin'}}, {'name': 'calc_angle_set1', 'param': {'key': 'angle1', 'iterations': 4, 'iter_save': False}}, {'name': 'text_orientation_set', 'param': {'key': 'angle2', 'iterations': 4, 'iter_save': False}}, {'name': 'load', 'param': {'key': 'origin'}}, {'name': 'rotate', 'param': {'key': 'angle1'}}, {'name': 'rotate', 'param': {'key': 'angle2'}}], 'result_file_map': {}}
[2025-06-19T16:17:40.852+0900] {logging_mixin.py:190} INFO - step : cache
[2025-06-19T16:17:40.857+0900] {logging_mixin.py:190} INFO - step : calc_angle_set1
[2025-06-19T16:17:41.280+0900] {logging_mixin.py:190} INFO - step : text_orientation_set
[2025-06-19T16:17:52.527+0900] {logging_mixin.py:190} INFO - osd 1 break  0 0 13.47 Korean 1.05
[2025-06-19T16:17:52.534+0900] {logging_mixin.py:190} INFO - step : load
[2025-06-19T16:17:52.535+0900] {logging_mixin.py:190} INFO - step : rotate
[2025-06-19T16:17:52.640+0900] {logging_mixin.py:190} INFO - step : rotate
[2025-06-19T16:17:52.996+0900] {logging_mixin.py:190} INFO - file_copy: /opt/***/data/temp/5a557b0f-db15-4e2b-a01a-dcca5329741d/36cc6cb0-4ff2-4b61-8e32-bd7cd182d215/_result.png
[2025-06-19T16:17:53.032+0900] {python.py:240} INFO - Done. Returned value was: {'file_id': '5a557b0f-db15-4e2b-a01a-dcca5329741d', 'file_path': '/opt/***/data/class/a_class/classify/ready/true/케이티엔지타워 - 정부24 - 건축물대장 등본(초본) 발급(열람) _ 문서출력_page_1_aug0.png', 'true': {'process_id': '_36cc6cb0-4ff2-4b61-8e32-bd7cd182d215_pre', 'folder_path': '5a557b0f-db15-4e2b-a01a-dcca5329741d/36cc6cb0-4ff2-4b61-8e32-bd7cd182d215', 'step_list': [{'name': 'cache', 'param': {'key': 'origin'}}, {'name': 'calc_angle_set1', 'param': {'key': 'angle1', 'iterations': 4, 'iter_save': False}}, {'name': 'text_orientation_set', 'param': {'key': 'angle2', 'iterations': 4, 'iter_save': False}}, {'name': 'load', 'param': {'key': 'origin'}}, {'name': 'rotate', 'param': {'key': 'angle1'}}, {'name': 'rotate', 'param': {'key': 'angle2'}}], 'result_file_map': {'_result': '/opt/***/data/temp/5a557b0f-db15-4e2b-a01a-dcca5329741d/36cc6cb0-4ff2-4b61-8e32-bd7cd182d215/_result.png'}}}
[2025-06-19T16:17:53.130+0900] {taskinstance.py:341} INFO - ::group::Post task execution logs
[2025-06-19T16:17:53.138+0900] {taskinstance.py:353} INFO - Marking task as SUCCESS. dag_id=lilt_document_classifier_balanced_V0.1, task_id=img_preprocess_task, run_id=manual__2025-06-19T07:13:53.100355+00:00, map_index=60, execution_date=20250619T071353, start_date=20250619T071740, end_date=20250619T071753
[2025-06-19T16:17:53.456+0900] {local_task_job_runner.py:266} INFO - Task exited with return code 0
[2025-06-19T16:17:53.893+0900] {taskinstance.py:3901} INFO - 0 downstream tasks scheduled from follow-on schedule check
[2025-06-19T16:17:53.944+0900] {local_task_job_runner.py:245} INFO - ::endgroup::
