[2025-06-24T11:36:32.600+0900] {local_task_job_runner.py:123} INFO - ::group::Pre task execution logs
[2025-06-24T11:36:32.783+0900] {taskinstance.py:2614} INFO - Dependencies all met for dep_context=non-requeueable deps ti=<TaskInstance: lilt_document_classifier_balanced_V0.1.img_preprocess_task manual__2025-06-24T02:31:44.485922+00:00 map_index=19 [queued]>
[2025-06-24T11:36:32.845+0900] {taskinstance.py:2614} INFO - Dependencies all met for dep_context=requeueable deps ti=<TaskInstance: lilt_document_classifier_balanced_V0.1.img_preprocess_task manual__2025-06-24T02:31:44.485922+00:00 map_index=19 [queued]>
[2025-06-24T11:36:32.847+0900] {taskinstance.py:2867} INFO - Starting attempt 1 of 1
[2025-06-24T11:36:32.901+0900] {taskinstance.py:2890} INFO - Executing <Mapped(_PythonDecoratedOperator): img_preprocess_task> on 2025-06-24 02:31:44.485922+00:00
[2025-06-24T11:36:32.929+0900] {warnings.py:112} WARNING - /home/***/.local/lib/python3.12/site-packages/***/task/task_runner/standard_task_runner.py:70: DeprecationWarning: This process (pid=34181) is multi-threaded, use of fork() may lead to deadlocks in the child.
  pid = os.fork()

[2025-06-24T11:36:32.939+0900] {standard_task_runner.py:72} INFO - Started process 34256 to run task
[2025-06-24T11:36:32.933+0900] {standard_task_runner.py:104} INFO - Running: ['***', 'tasks', 'run', 'lilt_document_classifier_balanced_V0.1', 'img_preprocess_task', 'manual__2025-06-24T02:31:44.485922+00:00', '--job-id', '3776', '--raw', '--subdir', 'DAGS_FOLDER/class_create_dag.py', '--cfg-path', '/tmp/tmpr35johy8', '--map-index', '19']
[2025-06-24T11:36:32.952+0900] {standard_task_runner.py:105} INFO - Job 3776: Subtask img_preprocess_task
[2025-06-24T11:36:33.131+0900] {task_command.py:467} INFO - Running <TaskInstance: lilt_document_classifier_balanced_V0.1.img_preprocess_task manual__2025-06-24T02:31:44.485922+00:00 map_index=19 [running]> on host f6d4228a9eb8
[2025-06-24T11:36:33.394+0900] {taskinstance.py:3134} INFO - Exporting env vars: AIRFLOW_CTX_DAG_OWNER='***' AIRFLOW_CTX_DAG_ID='lilt_document_classifier_balanced_V0.1' AIRFLOW_CTX_TASK_ID='img_preprocess_task' AIRFLOW_CTX_EXECUTION_DATE='2025-06-24T02:31:44.485922+00:00' AIRFLOW_CTX_TRY_NUMBER='1' AIRFLOW_CTX_DAG_RUN_ID='manual__2025-06-24T02:31:44.485922+00:00'
[2025-06-24T11:36:33.401+0900] {taskinstance.py:732} INFO - ::endgroup::
[2025-06-24T11:36:33.411+0900] {logging_mixin.py:190} INFO - empty map check {} {'process_id': '_b58a2546-5691-4af6-b5ed-0d40a3a357a3_pre', 'folder_path': '10205942-ab60-4883-8dc3-e278e2a0162f/b58a2546-5691-4af6-b5ed-0d40a3a357a3', 'step_list': [{'name': 'cache', 'param': {'key': 'origin'}}, {'name': 'calc_angle_set2', 'param': {'key': 'angle1', 'iterations': 4, 'iter_save': True}}, {'name': 'save', 'param': {'key': 'ag1'}}, {'name': 'text_orientation_set', 'param': {'key': 'angle2', 'iterations': 4, 'iter_save': True}}, {'name': 'save', 'param': {'key': 'ag2'}}, {'name': 'load', 'param': {'key': 'origin'}}, {'name': 'rotate', 'param': {'key': 'angle1'}}, {'name': 'rotate', 'param': {'key': 'angle2'}}], 'result_file_map': {}}
[2025-06-24T11:36:33.416+0900] {logging_mixin.py:190} INFO - step : cache
[2025-06-24T11:36:33.419+0900] {logging_mixin.py:190} INFO - step : calc_angle_set2
[2025-06-24T11:37:11.802+0900] {logging_mixin.py:190} INFO - osd 1 -5.0 -5.0 0 812050 [812050, 771315, 728819, 686003, 644584, 602988, 562935, 522983, 484854, 445386, 410636, 376817, 344689, 314824, 288325, 259125, 230056, 201104, 172281, 144033, 117452, 144048, 172737, 201166, 230116, 259185, 288498, 314915, 344909, 377291, 410827, 445900, 485572, 523543, 563315, 603169, 644286, 685030, 727293, 769020, 809183]
[2025-06-24T11:37:53.751+0900] {logging_mixin.py:190} INFO - osd 2 0.0 5.0 40 1997885 [1802054, 1747615, 1698345, 1645516, 1591020, 1539581, 1488438, 1435061, 1384497, 1328568, 1279531, 1227551, 1175981, 1127064, 1073112, 1022751, 969796, 920361, 874444, 823077, 775226, 826722, 882038, 933077, 987504, 1047197, 1104470, 1167037, 1225974, 1290020, 1356893, 1418728, 1489438, 1552870, 1619340, 1683402, 1746475, 1813192, 1876376, 1936253, 1997885]
[2025-06-24T11:38:38.362+0900] {logging_mixin.py:190} INFO - osd 3 -5.0 -5.0 0 3234106 [3234106, 3169995, 3108326, 3042844, 2981518, 2917726, 2856835, 2789457, 2725365, 2661465, 2599414, 2535383, 2469262, 2407093, 2341285, 2278695, 2211758, 2146157, 2080385, 2014903, 1951489, 2009833, 2070632, 2130958, 2191946, 2253925, 2312191, 2373039, 2432418, 2494565, 2554177, 2612375, 2672350, 2732511, 2796095, 2851853, 2912755, 2968977, 3029917, 3088019, 3149312]
[2025-06-24T11:39:37.601+0900] {logging_mixin.py:190} INFO - osd 4 0.0 5.0 40 4938711 [4781445, 4692462, 4604321, 4517147, 4432131, 4347104, 4258693, 4172638, 4092206, 4010076, 3932136, 3847440, 3772441, 3689933, 3611761, 3535930, 3461436, 3383885, 3306709, 3229942, 3160800, 3244397, 3335527, 3428186, 3520188, 3609635, 3698277, 3788312, 3881707, 3968235, 4063093, 4148748, 4239611, 4326170, 4415806, 4505946, 4592779, 4679135, 4766017, 4852398, 4938711]
[2025-06-24T11:39:37.895+0900] {logging_mixin.py:190} INFO - step : save
[2025-06-24T11:39:38.864+0900] {logging_mixin.py:190} INFO - file_copy: /opt/***/data/temp/10205942-ab60-4883-8dc3-e278e2a0162f/b58a2546-5691-4af6-b5ed-0d40a3a357a3/ag1.png
[2025-06-24T11:39:39.077+0900] {logging_mixin.py:190} INFO - step : text_orientation_set
[2025-06-24T11:39:56.527+0900] {logging_mixin.py:190} INFO - file_copy: /opt/***/data/temp/10205942-ab60-4883-8dc3-e278e2a0162f/b58a2546-5691-4af6-b5ed-0d40a3a357a3/rotate2_1.png
[2025-06-24T11:40:02.136+0900] {logging_mixin.py:190} INFO - osd 1 break  0 0 9.61 Korean 1.02
[2025-06-24T11:40:02.139+0900] {logging_mixin.py:190} INFO - step : save
[2025-06-24T11:40:02.710+0900] {logging_mixin.py:190} INFO - file_copy: /opt/***/data/temp/10205942-ab60-4883-8dc3-e278e2a0162f/b58a2546-5691-4af6-b5ed-0d40a3a357a3/ag2.png
[2025-06-24T11:40:02.747+0900] {logging_mixin.py:190} INFO - step : load
[2025-06-24T11:40:02.748+0900] {logging_mixin.py:190} INFO - step : rotate
[2025-06-24T11:40:02.918+0900] {logging_mixin.py:190} INFO - step : rotate
[2025-06-24T11:40:03.689+0900] {logging_mixin.py:190} INFO - file_copy: /opt/***/data/temp/10205942-ab60-4883-8dc3-e278e2a0162f/b58a2546-5691-4af6-b5ed-0d40a3a357a3/_result.png
[2025-06-24T11:40:03.724+0900] {python.py:240} INFO - Done. Returned value was: {'file_id': '10205942-ab60-4883-8dc3-e278e2a0162f', 'file_path': '/opt/***/data/class/a_class/classify/ready/true/여의도동 삼보빌딩 - 정부24 - 건축물대장 등본(초본) 발급(열람) _ 문서출력_page_1_aug0.png', 'true': {'process_id': '_b58a2546-5691-4af6-b5ed-0d40a3a357a3_pre', 'folder_path': '10205942-ab60-4883-8dc3-e278e2a0162f/b58a2546-5691-4af6-b5ed-0d40a3a357a3', 'step_list': [{'name': 'cache', 'param': {'key': 'origin'}}, {'name': 'calc_angle_set2', 'param': {'key': 'angle1', 'iterations': 4, 'iter_save': True}}, {'name': 'save', 'param': {'key': 'ag1'}}, {'name': 'text_orientation_set', 'param': {'key': 'angle2', 'iterations': 4, 'iter_save': True}}, {'name': 'save', 'param': {'key': 'ag2'}}, {'name': 'load', 'param': {'key': 'origin'}}, {'name': 'rotate', 'param': {'key': 'angle1'}}, {'name': 'rotate', 'param': {'key': 'angle2'}}], 'result_file_map': {'ag1': '/opt/***/data/temp/10205942-ab60-4883-8dc3-e278e2a0162f/b58a2546-5691-4af6-b5ed-0d40a3a357a3/ag1.png', 'rotate2_1': '/opt/***/data/temp/10205942-ab60-4883-8dc3-e278e2a0162f/b58a2546-5691-4af6-b5ed-0d40a3a357a3/rotate2_1.png', 'ag2': '/opt/***/data/temp/10205942-ab60-4883-8dc3-e278e2a0162f/b58a2546-5691-4af6-b5ed-0d40a3a357a3/ag2.png', '_result': '/opt/***/data/temp/10205942-ab60-4883-8dc3-e278e2a0162f/b58a2546-5691-4af6-b5ed-0d40a3a357a3/_result.png'}}}
[2025-06-24T11:40:03.813+0900] {taskinstance.py:341} INFO - ::group::Post task execution logs
[2025-06-24T11:40:03.815+0900] {taskinstance.py:353} INFO - Marking task as SUCCESS. dag_id=lilt_document_classifier_balanced_V0.1, task_id=img_preprocess_task, run_id=manual__2025-06-24T02:31:44.485922+00:00, map_index=19, execution_date=20250624T023144, start_date=20250624T023632, end_date=20250624T024003
[2025-06-24T11:40:04.005+0900] {local_task_job_runner.py:266} INFO - Task exited with return code 0
[2025-06-24T11:40:04.037+0900] {local_task_job_runner.py:245} INFO - ::endgroup::
