[2025-06-18T13:49:04.931+0900] {local_task_job_runner.py:123} INFO - ::group::Pre task execution logs
[2025-06-18T13:49:05.157+0900] {taskinstance.py:2614} INFO - Dependencies all met for dep_context=non-requeueable deps ti=<TaskInstance: lilt_document_classifier_balanced_V0.1.img_preprocess_task__1 manual__2025-06-18T04:46:36.476365+00:00 map_index=38 [queued]>
[2025-06-18T13:49:05.233+0900] {taskinstance.py:2614} INFO - Dependencies all met for dep_context=requeueable deps ti=<TaskInstance: lilt_document_classifier_balanced_V0.1.img_preprocess_task__1 manual__2025-06-18T04:46:36.476365+00:00 map_index=38 [queued]>
[2025-06-18T13:49:05.243+0900] {taskinstance.py:2867} INFO - Starting attempt 1 of 1
[2025-06-18T13:49:05.314+0900] {taskinstance.py:2890} INFO - Executing <Mapped(_PythonDecoratedOperator): img_preprocess_task__1> on 2025-06-18 04:46:36.476365+00:00
[2025-06-18T13:49:05.355+0900] {standard_task_runner.py:104} INFO - Running: ['***', 'tasks', 'run', 'lilt_document_classifier_balanced_V0.1', 'img_preprocess_task__1', 'manual__2025-06-18T04:46:36.476365+00:00', '--job-id', '1095', '--raw', '--subdir', 'DAGS_FOLDER/class_create_dag.py', '--cfg-path', '/tmp/tmp_7vvkoao', '--map-index', '38']
[2025-06-18T13:49:05.361+0900] {standard_task_runner.py:105} INFO - Job 1095: Subtask img_preprocess_task__1
[2025-06-18T13:49:05.356+0900] {warnings.py:112} WARNING - /home/***/.local/lib/python3.12/site-packages/***/task/task_runner/standard_task_runner.py:70: DeprecationWarning: This process (pid=27836) is multi-threaded, use of fork() may lead to deadlocks in the child.
  pid = os.fork()

[2025-06-18T13:49:05.375+0900] {standard_task_runner.py:72} INFO - Started process 27950 to run task
[2025-06-18T13:49:05.524+0900] {task_command.py:467} INFO - Running <TaskInstance: lilt_document_classifier_balanced_V0.1.img_preprocess_task__1 manual__2025-06-18T04:46:36.476365+00:00 map_index=38 [running]> on host f6d4228a9eb8
[2025-06-18T13:49:05.797+0900] {taskinstance.py:3134} INFO - Exporting env vars: AIRFLOW_CTX_DAG_OWNER='***' AIRFLOW_CTX_DAG_ID='lilt_document_classifier_balanced_V0.1' AIRFLOW_CTX_TASK_ID='img_preprocess_task__1' AIRFLOW_CTX_EXECUTION_DATE='2025-06-18T04:46:36.476365+00:00' AIRFLOW_CTX_TRY_NUMBER='1' AIRFLOW_CTX_DAG_RUN_ID='manual__2025-06-18T04:46:36.476365+00:00'
[2025-06-18T13:49:05.806+0900] {taskinstance.py:732} INFO - ::endgroup::
[2025-06-18T13:49:05.818+0900] {logging_mixin.py:190} INFO - empty map check {} {'process_id': '_bcf823db-960b-43ab-8581-554f2d8795c9_pre', 'folder_path': 'f65379d4-3081-44b7-90ac-d269bc3e3290/bcf823db-960b-43ab-8581-554f2d8795c9', 'step_list': [{'name': 'cache', 'param': {'key': 'origin'}}, {'name': 'calc_angle_set1', 'param': {'key': 'angle1', 'iterations': 4, 'iter_save': False}}, {'name': 'text_orientation_set', 'param': {'key': 'angle2', 'iterations': 4, 'iter_save': False}}, {'name': 'load', 'param': {'key': 'origin'}}, {'name': 'rotate', 'param': {'key': 'angle1'}}, {'name': 'rotate', 'param': {'key': 'angle2'}}, {'name': 'save', 'param': {'key': 'classify_preprocess'}}], 'result_file_list': []}
[2025-06-18T13:49:05.821+0900] {logging_mixin.py:190} INFO - step : cache
[2025-06-18T13:49:05.822+0900] {logging_mixin.py:190} INFO - step : calc_angle_set1
[2025-06-18T13:49:05.910+0900] {logging_mixin.py:190} INFO - step : text_orientation_set
[2025-06-18T13:49:15.430+0900] {logging_mixin.py:190} INFO - osd 1 180 180 1.12 Latin 1.05
[2025-06-18T13:49:24.295+0900] {logging_mixin.py:190} INFO - osd 2 break  180 0 0.77 Latin 3.78
[2025-06-18T13:49:24.298+0900] {logging_mixin.py:190} INFO - step : load
[2025-06-18T13:49:24.304+0900] {logging_mixin.py:190} INFO - step : rotate
[2025-06-18T13:49:24.341+0900] {logging_mixin.py:190} INFO - step : rotate
[2025-06-18T13:49:24.461+0900] {logging_mixin.py:190} INFO - step : save
[2025-06-18T13:49:24.568+0900] {logging_mixin.py:190} INFO - file_copy: /opt/***/data/temp/f65379d4-3081-44b7-90ac-d269bc3e3290/bcf823db-960b-43ab-8581-554f2d8795c9/classify_preprocess.png
[2025-06-18T13:49:24.595+0900] {python.py:240} INFO - Done. Returned value was: {'file_id': 'f65379d4-3081-44b7-90ac-d269bc3e3290', 'file_path': '/opt/***/data/class/a_class/classify/ready/false/copied_59_2057447619_2057447620.png', 'false': {'process_id': '_bcf823db-960b-43ab-8581-554f2d8795c9_pre', 'folder_path': 'f65379d4-3081-44b7-90ac-d269bc3e3290/bcf823db-960b-43ab-8581-554f2d8795c9', 'step_list': [{'name': 'cache', 'param': {'key': 'origin'}}, {'name': 'calc_angle_set1', 'param': {'key': 'angle1', 'iterations': 4, 'iter_save': False}}, {'name': 'text_orientation_set', 'param': {'key': 'angle2', 'iterations': 4, 'iter_save': False}}, {'name': 'load', 'param': {'key': 'origin'}}, {'name': 'rotate', 'param': {'key': 'angle1'}}, {'name': 'rotate', 'param': {'key': 'angle2'}}, {'name': 'save', 'param': {'key': 'classify_preprocess'}}], 'result_file_list': [{'key': 'classify_preprocess', 'path': '/opt/***/data/temp/f65379d4-3081-44b7-90ac-d269bc3e3290/bcf823db-960b-43ab-8581-554f2d8795c9/classify_preprocess.png'}]}}
[2025-06-18T13:49:24.848+0900] {taskinstance.py:341} INFO - ::group::Post task execution logs
[2025-06-18T13:49:24.859+0900] {taskinstance.py:353} INFO - Marking task as SUCCESS. dag_id=lilt_document_classifier_balanced_V0.1, task_id=img_preprocess_task__1, run_id=manual__2025-06-18T04:46:36.476365+00:00, map_index=38, execution_date=20250618T044636, start_date=20250618T044905, end_date=20250618T044924
[2025-06-18T13:49:25.131+0900] {local_task_job_runner.py:266} INFO - Task exited with return code 0
[2025-06-18T13:49:25.396+0900] {standard_task_runner.py:217} INFO - Process not found (most likely exited), stop collecting metrics
[2025-06-18T13:49:25.437+0900] {taskinstance.py:3901} INFO - 0 downstream tasks scheduled from follow-on schedule check
[2025-06-18T13:49:25.446+0900] {local_task_job_runner.py:245} INFO - ::endgroup::
