[2025-06-24T13:24:33.308+0900] {local_task_job_runner.py:123} INFO - ::group::Pre task execution logs
[2025-06-24T13:24:33.373+0900] {taskinstance.py:2614} INFO - Dependencies all met for dep_context=non-requeueable deps ti=<TaskInstance: lilt_document_classifier_balanced_V0.1.img_preprocess_task__1 manual__2025-06-24T04:23:33.505927+00:00 map_index=4 [queued]>
[2025-06-24T13:24:33.426+0900] {taskinstance.py:2614} INFO - Dependencies all met for dep_context=requeueable deps ti=<TaskInstance: lilt_document_classifier_balanced_V0.1.img_preprocess_task__1 manual__2025-06-24T04:23:33.505927+00:00 map_index=4 [queued]>
[2025-06-24T13:24:33.430+0900] {taskinstance.py:2867} INFO - Starting attempt 1 of 1
[2025-06-24T13:24:33.578+0900] {taskinstance.py:2890} INFO - Executing <Mapped(_PythonDecoratedOperator): img_preprocess_task__1> on 2025-06-24 04:23:33.505927+00:00
[2025-06-24T13:24:33.620+0900] {standard_task_runner.py:104} INFO - Running: ['***', 'tasks', 'run', 'lilt_document_classifier_balanced_V0.1', 'img_preprocess_task__1', 'manual__2025-06-24T04:23:33.505927+00:00', '--job-id', '3945', '--raw', '--subdir', 'DAGS_FOLDER/class_create_dag.py', '--cfg-path', '/tmp/tmp4e6rxvuj', '--map-index', '4']
[2025-06-24T13:24:33.631+0900] {standard_task_runner.py:105} INFO - Job 3945: Subtask img_preprocess_task__1
[2025-06-24T13:24:33.616+0900] {warnings.py:112} WARNING - /home/***/.local/lib/python3.12/site-packages/***/task/task_runner/standard_task_runner.py:70: DeprecationWarning: This process (pid=38542) is multi-threaded, use of fork() may lead to deadlocks in the child.
  pid = os.fork()

[2025-06-24T13:24:33.646+0900] {standard_task_runner.py:72} INFO - Started process 38760 to run task
[2025-06-24T13:24:33.845+0900] {task_command.py:467} INFO - Running <TaskInstance: lilt_document_classifier_balanced_V0.1.img_preprocess_task__1 manual__2025-06-24T04:23:33.505927+00:00 map_index=4 [running]> on host f6d4228a9eb8
[2025-06-24T13:24:34.106+0900] {taskinstance.py:3134} INFO - Exporting env vars: AIRFLOW_CTX_DAG_OWNER='***' AIRFLOW_CTX_DAG_ID='lilt_document_classifier_balanced_V0.1' AIRFLOW_CTX_TASK_ID='img_preprocess_task__1' AIRFLOW_CTX_EXECUTION_DATE='2025-06-24T04:23:33.505927+00:00' AIRFLOW_CTX_TRY_NUMBER='1' AIRFLOW_CTX_DAG_RUN_ID='manual__2025-06-24T04:23:33.505927+00:00'
[2025-06-24T13:24:34.108+0900] {taskinstance.py:732} INFO - ::endgroup::
[2025-06-24T13:24:34.111+0900] {logging_mixin.py:190} INFO - empty map check {} {'process_id': '_8a7f0dfd-e56f-4815-a75a-25619561ebee_pre', 'folder_path': '80a190ef-ba1d-4801-8213-0d0393f89e1c/8a7f0dfd-e56f-4815-a75a-25619561ebee', 'step_list': [{'name': 'cache', 'param': {'key': 'origin'}}, {'name': 'calc_angle_set2', 'param': {'key': 'angle1', 'iterations': 4, 'iter_save': True}}, {'name': 'save', 'param': {'key': 'ag1'}}, {'name': 'text_orientation_set', 'param': {'key': 'angle2', 'iterations': 4, 'iter_save': True}}, {'name': 'save', 'param': {'key': 'ag2'}}, {'name': 'load', 'param': {'key': 'origin'}}, {'name': 'rotate', 'param': {'key': 'angle1'}}, {'name': 'rotate', 'param': {'key': 'angle2'}}], 'result_file_map': {}}
[2025-06-24T13:24:34.112+0900] {logging_mixin.py:190} INFO - step : cache
[2025-06-24T13:24:34.113+0900] {logging_mixin.py:190} INFO - step : calc_angle_set2
[2025-06-24T13:24:39.225+0900] {logging_mixin.py:190} INFO - osd 1 0 0 0 0 [0, 0, 0, 0, 0, 0, 0, 0, 0, 0, 0, 0, 0, 0, 0, 0, 0, 0, 0, 0, 0, 0, 0, 0, 0, 0, 0, 0, 0, 0, 0, 0, 0, 0, 0, 0, 0, 0, 0, 0, 0]
[2025-06-24T13:24:45.581+0900] {logging_mixin.py:190} INFO - osd 2 0 0 0 0 [0, 0, 0, 0, 0, 0, 0, 0, 0, 0, 0, 0, 0, 0, 0, 0, 0, 0, 0, 0, 0, 0, 0, 0, 0, 0, 0, 0, 0, 0, 0, 0, 0, 0, 0, 0, 0, 0, 0, 0, 0]
[2025-06-24T13:24:52.192+0900] {logging_mixin.py:190} INFO - osd 3 0 0 0 0 [0, 0, 0, 0, 0, 0, 0, 0, 0, 0, 0, 0, 0, 0, 0, 0, 0, 0, 0, 0, 0, 0, 0, 0, 0, 0, 0, 0, 0, 0, 0, 0, 0, 0, 0, 0, 0, 0, 0, 0, 0]
[2025-06-24T13:24:58.809+0900] {logging_mixin.py:190} INFO - osd 4 0 0 0 0 [0, 0, 0, 0, 0, 0, 0, 0, 0, 0, 0, 0, 0, 0, 0, 0, 0, 0, 0, 0, 0, 0, 0, 0, 0, 0, 0, 0, 0, 0, 0, 0, 0, 0, 0, 0, 0, 0, 0, 0, 0]
[2025-06-24T13:24:58.963+0900] {logging_mixin.py:190} INFO - step : save
[2025-06-24T13:24:59.177+0900] {logging_mixin.py:190} INFO - file_copy: /opt/***/data/temp/80a190ef-ba1d-4801-8213-0d0393f89e1c/8a7f0dfd-e56f-4815-a75a-25619561ebee/ag1.png
[2025-06-24T13:24:59.213+0900] {logging_mixin.py:190} INFO - step : text_orientation_set
[2025-06-24T13:25:03.346+0900] {logging_mixin.py:190} INFO - file_copy: /opt/***/data/temp/80a190ef-ba1d-4801-8213-0d0393f89e1c/8a7f0dfd-e56f-4815-a75a-25619561ebee/rotate2_1.png
[2025-06-24T13:25:06.822+0900] {logging_mixin.py:190} INFO - osd 1 180 180 3.51 Latin 0.78
[2025-06-24T13:25:10.322+0900] {logging_mixin.py:190} INFO - file_copy: /opt/***/data/temp/80a190ef-ba1d-4801-8213-0d0393f89e1c/8a7f0dfd-e56f-4815-a75a-25619561ebee/rotate2_2.png
[2025-06-24T13:25:15.963+0900] {logging_mixin.py:190} INFO - osd 2 break  180 0 6.16 Latin 0.92
[2025-06-24T13:25:15.970+0900] {logging_mixin.py:190} INFO - step : save
[2025-06-24T13:25:16.129+0900] {logging_mixin.py:190} INFO - file_copy: /opt/***/data/temp/80a190ef-ba1d-4801-8213-0d0393f89e1c/8a7f0dfd-e56f-4815-a75a-25619561ebee/ag2.png
[2025-06-24T13:25:16.161+0900] {logging_mixin.py:190} INFO - step : load
[2025-06-24T13:25:16.162+0900] {logging_mixin.py:190} INFO - step : rotate
[2025-06-24T13:25:16.171+0900] {logging_mixin.py:190} INFO - step : rotate
[2025-06-24T13:25:16.330+0900] {logging_mixin.py:190} INFO - file_copy: /opt/***/data/temp/80a190ef-ba1d-4801-8213-0d0393f89e1c/8a7f0dfd-e56f-4815-a75a-25619561ebee/_result.png
[2025-06-24T13:25:16.351+0900] {python.py:240} INFO - Done. Returned value was: {'file_id': '80a190ef-ba1d-4801-8213-0d0393f89e1c', 'file_path': '/opt/***/data/class/a_class/classify/ready/false/copied_28_2016003733_2016003734.png', 'false': {'process_id': '_8a7f0dfd-e56f-4815-a75a-25619561ebee_pre', 'folder_path': '80a190ef-ba1d-4801-8213-0d0393f89e1c/8a7f0dfd-e56f-4815-a75a-25619561ebee', 'step_list': [{'name': 'cache', 'param': {'key': 'origin'}}, {'name': 'calc_angle_set2', 'param': {'key': 'angle1', 'iterations': 4, 'iter_save': True}}, {'name': 'save', 'param': {'key': 'ag1'}}, {'name': 'text_orientation_set', 'param': {'key': 'angle2', 'iterations': 4, 'iter_save': True}}, {'name': 'save', 'param': {'key': 'ag2'}}, {'name': 'load', 'param': {'key': 'origin'}}, {'name': 'rotate', 'param': {'key': 'angle1'}}, {'name': 'rotate', 'param': {'key': 'angle2'}}], 'result_file_map': {'ag1': '/opt/***/data/temp/80a190ef-ba1d-4801-8213-0d0393f89e1c/8a7f0dfd-e56f-4815-a75a-25619561ebee/ag1.png', 'rotate2_1': '/opt/***/data/temp/80a190ef-ba1d-4801-8213-0d0393f89e1c/8a7f0dfd-e56f-4815-a75a-25619561ebee/rotate2_1.png', 'rotate2_2': '/opt/***/data/temp/80a190ef-ba1d-4801-8213-0d0393f89e1c/8a7f0dfd-e56f-4815-a75a-25619561ebee/rotate2_2.png', 'ag2': '/opt/***/data/temp/80a190ef-ba1d-4801-8213-0d0393f89e1c/8a7f0dfd-e56f-4815-a75a-25619561ebee/ag2.png', '_result': '/opt/***/data/temp/80a190ef-ba1d-4801-8213-0d0393f89e1c/8a7f0dfd-e56f-4815-a75a-25619561ebee/_result.png'}}}
[2025-06-24T13:25:16.401+0900] {taskinstance.py:341} INFO - ::group::Post task execution logs
[2025-06-24T13:25:16.401+0900] {taskinstance.py:353} INFO - Marking task as SUCCESS. dag_id=lilt_document_classifier_balanced_V0.1, task_id=img_preprocess_task__1, run_id=manual__2025-06-24T04:23:33.505927+00:00, map_index=4, execution_date=20250624T042333, start_date=20250624T042433, end_date=20250624T042516
[2025-06-24T13:25:16.600+0900] {local_task_job_runner.py:266} INFO - Task exited with return code 0
[2025-06-24T13:25:16.787+0900] {taskinstance.py:3901} INFO - 0 downstream tasks scheduled from follow-on schedule check
[2025-06-24T13:25:16.826+0900] {local_task_job_runner.py:245} INFO - ::endgroup::
