[2025-06-24T16:12:07.708+0900] {local_task_job_runner.py:123} INFO - ::group::Pre task execution logs
[2025-06-24T16:12:07.852+0900] {taskinstance.py:2614} INFO - Dependencies all met for dep_context=non-requeueable deps ti=<TaskInstance: lilt_document_classifier_balanced_V0.1.img_preprocess_task manual__2025-06-24T06:53:42.323966+00:00 map_index=86 [queued]>
[2025-06-24T16:12:07.961+0900] {taskinstance.py:2614} INFO - Dependencies all met for dep_context=requeueable deps ti=<TaskInstance: lilt_document_classifier_balanced_V0.1.img_preprocess_task manual__2025-06-24T06:53:42.323966+00:00 map_index=86 [queued]>
[2025-06-24T16:12:07.966+0900] {taskinstance.py:2867} INFO - Starting attempt 1 of 1
[2025-06-24T16:12:08.053+0900] {taskinstance.py:2890} INFO - Executing <Mapped(_PythonDecoratedOperator): img_preprocess_task> on 2025-06-24 06:53:42.323966+00:00
[2025-06-24T16:12:08.085+0900] {warnings.py:112} WARNING - /home/***/.local/lib/python3.12/site-packages/***/task/task_runner/standard_task_runner.py:70: DeprecationWarning: This process (pid=50986) is multi-threaded, use of fork() may lead to deadlocks in the child.
  pid = os.fork()

[2025-06-24T16:12:08.088+0900] {standard_task_runner.py:72} INFO - Started process 51011 to run task
[2025-06-24T16:12:08.087+0900] {standard_task_runner.py:104} INFO - Running: ['***', 'tasks', 'run', 'lilt_document_classifier_balanced_V0.1', 'img_preprocess_task', 'manual__2025-06-24T06:53:42.323966+00:00', '--job-id', '4393', '--raw', '--subdir', 'DAGS_FOLDER/class_create_dag.py', '--cfg-path', '/tmp/tmpyqjp33lf', '--map-index', '86']
[2025-06-24T16:12:08.093+0900] {standard_task_runner.py:105} INFO - Job 4393: Subtask img_preprocess_task
[2025-06-24T16:12:08.210+0900] {task_command.py:467} INFO - Running <TaskInstance: lilt_document_classifier_balanced_V0.1.img_preprocess_task manual__2025-06-24T06:53:42.323966+00:00 map_index=86 [running]> on host f6d4228a9eb8
[2025-06-24T16:12:08.476+0900] {taskinstance.py:3134} INFO - Exporting env vars: AIRFLOW_CTX_DAG_OWNER='***' AIRFLOW_CTX_DAG_ID='lilt_document_classifier_balanced_V0.1' AIRFLOW_CTX_TASK_ID='img_preprocess_task' AIRFLOW_CTX_EXECUTION_DATE='2025-06-24T06:53:42.323966+00:00' AIRFLOW_CTX_TRY_NUMBER='1' AIRFLOW_CTX_DAG_RUN_ID='manual__2025-06-24T06:53:42.323966+00:00'
[2025-06-24T16:12:08.478+0900] {taskinstance.py:732} INFO - ::endgroup::
[2025-06-24T16:12:08.484+0900] {logging_mixin.py:190} INFO - empty map check {} {'process_id': '_7521cbe9-570d-402d-a750-e062e86d0609_pre', 'folder_path': 'edd19be7-b5ec-476c-beda-e05d3b74448a/7521cbe9-570d-402d-a750-e062e86d0609', 'step_list': [{'name': 'cache', 'param': {'key': 'origin'}}, {'name': 'calc_angle_set2', 'param': {'key': 'angle1', 'iterations': 4, 'iter_save': False}}, {'name': 'text_orientation_set', 'param': {'key': 'angle2', 'iterations': 4, 'iter_save': False}}, {'name': 'load', 'param': {'key': 'origin'}}, {'name': 'rotate', 'param': {'key': 'angle1'}}, {'name': 'rotate', 'param': {'key': 'angle2'}}], 'result_file_map': {}}
[2025-06-24T16:12:08.489+0900] {logging_mixin.py:190} INFO - step : cache
[2025-06-24T16:12:08.493+0900] {logging_mixin.py:190} INFO - step : calc_angle_set2
[2025-06-24T16:12:38.866+0900] {logging_mixin.py:190} INFO - osd 1 -4.0 -4.0 4 124444 [4115, 19443, 41708, 63622, 124444, 98452, 56547, 34053, 13146, 1770, 0, 0, 0, 0, 0, 0, 0, 0, 0, 0, 0, 0, 0, 0, 0, 0, 0, 0, 0, 0, 0, 0, 0, 0, 0, 0, 0, 0, 0, 0, 0]
[2025-06-24T16:13:17.276+0900] {logging_mixin.py:190} INFO - osd 2 -4.0 0.0 20 134359 [0, 0, 0, 0, 0, 0, 0, 0, 0, 0, 0, 0, 0, 0, 0, 8, 4370, 23493, 47611, 71879, 134359, 109223, 63250, 39071, 15687, 2042, 0, 0, 0, 0, 0, 0, 0, 0, 0, 0, 0, 0, 0, 0, 0]
[2025-06-24T16:13:48.472+0900] {logging_mixin.py:190} INFO - osd 3 -4.0 0.0 20 134359 [0, 0, 0, 0, 0, 0, 0, 0, 0, 0, 0, 0, 0, 0, 0, 8, 4370, 23493, 47611, 71879, 134359, 109223, 63250, 39071, 15687, 2042, 0, 0, 0, 0, 0, 0, 0, 0, 0, 0, 0, 0, 0, 0, 0]
[2025-06-24T16:14:11.675+0900] {logging_mixin.py:190} INFO - osd 4 -4.0 0.0 20 134359 [0, 0, 0, 0, 0, 0, 0, 0, 0, 0, 0, 0, 0, 0, 0, 8, 4370, 23493, 47611, 71879, 134359, 109223, 63250, 39071, 15687, 2042, 0, 0, 0, 0, 0, 0, 0, 0, 0, 0, 0, 0, 0, 0, 0]
[2025-06-24T16:14:11.816+0900] {logging_mixin.py:190} INFO - step : text_orientation_set
[2025-06-24T16:14:20.627+0900] {logging_mixin.py:190} INFO - osd 1 break  0 0 6.93 Korean 1.04
[2025-06-24T16:14:20.629+0900] {logging_mixin.py:190} INFO - step : load
[2025-06-24T16:14:20.631+0900] {logging_mixin.py:190} INFO - step : rotate
[2025-06-24T16:14:20.963+0900] {logging_mixin.py:190} INFO - step : rotate
[2025-06-24T16:14:21.340+0900] {logging_mixin.py:190} INFO - file_copy: /opt/***/data/temp/edd19be7-b5ec-476c-beda-e05d3b74448a/7521cbe9-570d-402d-a750-e062e86d0609/_result.png
[2025-06-24T16:14:21.387+0900] {python.py:240} INFO - Done. Returned value was: {'file_id': 'edd19be7-b5ec-476c-beda-e05d3b74448a', 'file_path': '/opt/***/data/class/a_class/classify/ready/true/신월동 한솔빌딩 - 정부24 - 건축물대장 등본(초본) 발급(열람) _ 문서출력_page_1_aug2.png', 'true': {'process_id': '_7521cbe9-570d-402d-a750-e062e86d0609_pre', 'folder_path': 'edd19be7-b5ec-476c-beda-e05d3b74448a/7521cbe9-570d-402d-a750-e062e86d0609', 'step_list': [{'name': 'cache', 'param': {'key': 'origin'}}, {'name': 'calc_angle_set2', 'param': {'key': 'angle1', 'iterations': 4, 'iter_save': False}}, {'name': 'text_orientation_set', 'param': {'key': 'angle2', 'iterations': 4, 'iter_save': False}}, {'name': 'load', 'param': {'key': 'origin'}}, {'name': 'rotate', 'param': {'key': 'angle1'}}, {'name': 'rotate', 'param': {'key': 'angle2'}}], 'result_file_map': {'_result': '/opt/***/data/temp/edd19be7-b5ec-476c-beda-e05d3b74448a/7521cbe9-570d-402d-a750-e062e86d0609/_result.png'}}}
[2025-06-24T16:14:21.479+0900] {taskinstance.py:341} INFO - ::group::Post task execution logs
[2025-06-24T16:14:21.501+0900] {taskinstance.py:353} INFO - Marking task as SUCCESS. dag_id=lilt_document_classifier_balanced_V0.1, task_id=img_preprocess_task, run_id=manual__2025-06-24T06:53:42.323966+00:00, map_index=86, execution_date=20250624T065342, start_date=20250624T071207, end_date=20250624T071421
[2025-06-24T16:14:21.649+0900] {local_task_job_runner.py:266} INFO - Task exited with return code 0
[2025-06-24T16:14:21.725+0900] {taskinstance.py:3901} INFO - 0 downstream tasks scheduled from follow-on schedule check
[2025-06-24T16:14:21.736+0900] {local_task_job_runner.py:245} INFO - ::endgroup::
