[2025-06-24T11:42:17.045+0900] {local_task_job_runner.py:123} INFO - ::group::Pre task execution logs
[2025-06-24T11:42:17.102+0900] {taskinstance.py:2614} INFO - Dependencies all met for dep_context=non-requeueable deps ti=<TaskInstance: lilt_document_classifier_balanced_V0.1.img_preprocess_task manual__2025-06-24T02:31:44.485922+00:00 map_index=40 [queued]>
[2025-06-24T11:42:17.126+0900] {taskinstance.py:2614} INFO - Dependencies all met for dep_context=requeueable deps ti=<TaskInstance: lilt_document_classifier_balanced_V0.1.img_preprocess_task manual__2025-06-24T02:31:44.485922+00:00 map_index=40 [queued]>
[2025-06-24T11:42:17.128+0900] {taskinstance.py:2867} INFO - Starting attempt 1 of 1
[2025-06-24T11:42:17.158+0900] {taskinstance.py:2890} INFO - Executing <Mapped(_PythonDecoratedOperator): img_preprocess_task> on 2025-06-24 02:31:44.485922+00:00
[2025-06-24T11:42:17.177+0900] {warnings.py:112} WARNING - /home/***/.local/lib/python3.12/site-packages/***/task/task_runner/standard_task_runner.py:70: DeprecationWarning: This process (pid=35090) is multi-threaded, use of fork() may lead to deadlocks in the child.
  pid = os.fork()

[2025-06-24T11:42:17.183+0900] {standard_task_runner.py:72} INFO - Started process 35115 to run task
[2025-06-24T11:42:17.182+0900] {standard_task_runner.py:104} INFO - Running: ['***', 'tasks', 'run', 'lilt_document_classifier_balanced_V0.1', 'img_preprocess_task', 'manual__2025-06-24T02:31:44.485922+00:00', '--job-id', '3818', '--raw', '--subdir', 'DAGS_FOLDER/class_create_dag.py', '--cfg-path', '/tmp/tmpigzlvnma', '--map-index', '40']
[2025-06-24T11:42:17.198+0900] {standard_task_runner.py:105} INFO - Job 3818: Subtask img_preprocess_task
[2025-06-24T11:42:17.474+0900] {task_command.py:467} INFO - Running <TaskInstance: lilt_document_classifier_balanced_V0.1.img_preprocess_task manual__2025-06-24T02:31:44.485922+00:00 map_index=40 [running]> on host f6d4228a9eb8
[2025-06-24T11:42:17.773+0900] {taskinstance.py:3134} INFO - Exporting env vars: AIRFLOW_CTX_DAG_OWNER='***' AIRFLOW_CTX_DAG_ID='lilt_document_classifier_balanced_V0.1' AIRFLOW_CTX_TASK_ID='img_preprocess_task' AIRFLOW_CTX_EXECUTION_DATE='2025-06-24T02:31:44.485922+00:00' AIRFLOW_CTX_TRY_NUMBER='1' AIRFLOW_CTX_DAG_RUN_ID='manual__2025-06-24T02:31:44.485922+00:00'
[2025-06-24T11:42:17.800+0900] {taskinstance.py:732} INFO - ::endgroup::
[2025-06-24T11:42:17.808+0900] {logging_mixin.py:190} INFO - empty map check {} {'process_id': '_fc071031-f515-48ff-9d5e-355f5360b227_pre', 'folder_path': 'fb80ebd5-c439-49be-9980-85121e795e02/fc071031-f515-48ff-9d5e-355f5360b227', 'step_list': [{'name': 'cache', 'param': {'key': 'origin'}}, {'name': 'calc_angle_set2', 'param': {'key': 'angle1', 'iterations': 4, 'iter_save': True}}, {'name': 'save', 'param': {'key': 'ag1'}}, {'name': 'text_orientation_set', 'param': {'key': 'angle2', 'iterations': 4, 'iter_save': True}}, {'name': 'save', 'param': {'key': 'ag2'}}, {'name': 'load', 'param': {'key': 'origin'}}, {'name': 'rotate', 'param': {'key': 'angle1'}}, {'name': 'rotate', 'param': {'key': 'angle2'}}], 'result_file_map': {}}
[2025-06-24T11:42:17.818+0900] {logging_mixin.py:190} INFO - step : cache
[2025-06-24T11:42:17.822+0900] {logging_mixin.py:190} INFO - step : calc_angle_set2
[2025-06-24T11:42:48.939+0900] {logging_mixin.py:190} INFO - osd 1 5.0 5.0 40 924681 [922775, 881803, 839157, 795832, 753982, 710894, 670577, 629076, 589246, 547226, 509571, 472696, 436144, 401937, 373386, 343827, 314526, 285345, 256681, 227764, 200938, 227779, 256297, 285390, 314614, 343951, 373422, 401821, 436339, 472852, 510228, 547775, 589374, 629103, 670973, 712113, 754493, 797359, 840273, 883974, 924681]
[2025-06-24T11:43:35.199+0900] {logging_mixin.py:190} INFO - osd 2 0.0 -5.0 0 2280676 [2280676, 2211471, 2144413, 2073145, 1999097, 1927934, 1856524, 1780947, 1710300, 1631271, 1560959, 1486264, 1412833, 1343665, 1270527, 1203691, 1134910, 1071589, 1011408, 946870, 887241, 935976, 988562, 1035401, 1085241, 1139289, 1190379, 1244872, 1294433, 1346183, 1398323, 1448321, 1505065, 1555646, 1609008, 1660279, 1712420, 1768021, 1822297, 1873573, 1929389]
[2025-06-24T11:44:26.440+0900] {logging_mixin.py:190} INFO - osd 3 5.0 5.0 40 3609912 [3580784, 3509373, 3442502, 3373839, 3311232, 3243615, 3181488, 3110641, 3043668, 2976901, 2912136, 2845312, 2775750, 2709575, 2641536, 2576593, 2507314, 2439566, 2371243, 2303314, 2237912, 2305881, 2376085, 2447544, 2518153, 2588806, 2655480, 2725687, 2793483, 2863792, 2931946, 2998502, 3066409, 3134725, 3206365, 3270868, 3339885, 3404340, 3472833, 3538530, 3609912]
[2025-06-24T11:45:29.702+0900] {logging_mixin.py:190} INFO - osd 4 0.0 -5.0 0 5628069 [5628069, 5527606, 5426067, 5324374, 5223818, 5121735, 5015697, 4909106, 4808916, 4701620, 4600625, 4489953, 4388069, 4278351, 4172543, 4067892, 3962912, 3854713, 3747075, 3639854, 3541781, 3614894, 3697110, 3780134, 3864758, 3946295, 4028376, 4113374, 4202412, 4284127, 4375703, 4457407, 4547160, 4632746, 4723479, 4817607, 4907648, 4997567, 5089062, 5182040, 5275745]
[2025-06-24T11:45:30.042+0900] {logging_mixin.py:190} INFO - step : save
[2025-06-24T11:45:31.260+0900] {logging_mixin.py:190} INFO - file_copy: /opt/***/data/temp/fb80ebd5-c439-49be-9980-85121e795e02/fc071031-f515-48ff-9d5e-355f5360b227/ag1.png
[2025-06-24T11:45:31.313+0900] {logging_mixin.py:190} INFO - step : text_orientation_set
[2025-06-24T11:45:44.842+0900] {logging_mixin.py:190} INFO - file_copy: /opt/***/data/temp/fb80ebd5-c439-49be-9980-85121e795e02/fc071031-f515-48ff-9d5e-355f5360b227/rotate2_1.png
[2025-06-24T11:45:51.613+0900] {logging_mixin.py:190} INFO - osd 1 break  0 0 13.21 Japanese 0.64
[2025-06-24T11:45:51.615+0900] {logging_mixin.py:190} INFO - step : save
[2025-06-24T11:45:52.464+0900] {logging_mixin.py:190} INFO - file_copy: /opt/***/data/temp/fb80ebd5-c439-49be-9980-85121e795e02/fc071031-f515-48ff-9d5e-355f5360b227/ag2.png
[2025-06-24T11:45:52.502+0900] {logging_mixin.py:190} INFO - step : load
[2025-06-24T11:45:52.503+0900] {logging_mixin.py:190} INFO - step : rotate
[2025-06-24T11:45:52.623+0900] {logging_mixin.py:190} INFO - step : rotate
[2025-06-24T11:45:53.079+0900] {logging_mixin.py:190} INFO - file_copy: /opt/***/data/temp/fb80ebd5-c439-49be-9980-85121e795e02/fc071031-f515-48ff-9d5e-355f5360b227/_result.png
[2025-06-24T11:45:53.101+0900] {python.py:240} INFO - Done. Returned value was: {'file_id': 'fb80ebd5-c439-49be-9980-85121e795e02', 'file_path': '/opt/***/data/class/a_class/classify/ready/true/성산동 제일빌딩 - 정부24 - 건축물대장 등본(초본) 발급(열람) _ 문서출력_page_1_aug0.png', 'true': {'process_id': '_fc071031-f515-48ff-9d5e-355f5360b227_pre', 'folder_path': 'fb80ebd5-c439-49be-9980-85121e795e02/fc071031-f515-48ff-9d5e-355f5360b227', 'step_list': [{'name': 'cache', 'param': {'key': 'origin'}}, {'name': 'calc_angle_set2', 'param': {'key': 'angle1', 'iterations': 4, 'iter_save': True}}, {'name': 'save', 'param': {'key': 'ag1'}}, {'name': 'text_orientation_set', 'param': {'key': 'angle2', 'iterations': 4, 'iter_save': True}}, {'name': 'save', 'param': {'key': 'ag2'}}, {'name': 'load', 'param': {'key': 'origin'}}, {'name': 'rotate', 'param': {'key': 'angle1'}}, {'name': 'rotate', 'param': {'key': 'angle2'}}], 'result_file_map': {'ag1': '/opt/***/data/temp/fb80ebd5-c439-49be-9980-85121e795e02/fc071031-f515-48ff-9d5e-355f5360b227/ag1.png', 'rotate2_1': '/opt/***/data/temp/fb80ebd5-c439-49be-9980-85121e795e02/fc071031-f515-48ff-9d5e-355f5360b227/rotate2_1.png', 'ag2': '/opt/***/data/temp/fb80ebd5-c439-49be-9980-85121e795e02/fc071031-f515-48ff-9d5e-355f5360b227/ag2.png', '_result': '/opt/***/data/temp/fb80ebd5-c439-49be-9980-85121e795e02/fc071031-f515-48ff-9d5e-355f5360b227/_result.png'}}}
[2025-06-24T11:45:53.172+0900] {taskinstance.py:341} INFO - ::group::Post task execution logs
[2025-06-24T11:45:53.174+0900] {taskinstance.py:353} INFO - Marking task as SUCCESS. dag_id=lilt_document_classifier_balanced_V0.1, task_id=img_preprocess_task, run_id=manual__2025-06-24T02:31:44.485922+00:00, map_index=40, execution_date=20250624T023144, start_date=20250624T024217, end_date=20250624T024553
[2025-06-24T11:45:53.485+0900] {local_task_job_runner.py:266} INFO - Task exited with return code 0
[2025-06-24T11:45:53.531+0900] {taskinstance.py:3901} INFO - 0 downstream tasks scheduled from follow-on schedule check
[2025-06-24T11:45:53.542+0900] {local_task_job_runner.py:245} INFO - ::endgroup::
