[2025-05-26T07:41:21.986+0000] {local_task_job_runner.py:123} INFO - ::group::Pre task execution logs
[2025-05-26T07:41:23.211+0000] {taskinstance.py:2614} INFO - Dependencies all met for dep_context=non-requeueable deps ti=<TaskInstance: image_processing_per_file_v2.file_copy_task manual__2025-05-26T07:40:46.195532+00:00 map_index=13 [queued]>
[2025-05-26T07:41:23.278+0000] {taskinstance.py:2614} INFO - Dependencies all met for dep_context=requeueable deps ti=<TaskInstance: image_processing_per_file_v2.file_copy_task manual__2025-05-26T07:40:46.195532+00:00 map_index=13 [queued]>
[2025-05-26T07:41:23.283+0000] {taskinstance.py:2867} INFO - Starting attempt 1 of 1
[2025-05-26T07:41:23.383+0000] {taskinstance.py:2890} INFO - Executing <Mapped(_PythonDecoratedOperator): file_copy_task> on 2025-05-26 07:40:46.195532+00:00
[2025-05-26T07:41:23.407+0000] {warnings.py:112} WARNING - /home/***/.local/lib/python3.12/site-packages/***/task/task_runner/standard_task_runner.py:70: DeprecationWarning: This process (pid=2510) is multi-threaded, use of fork() may lead to deadlocks in the child.
  pid = os.fork()

[2025-05-26T07:41:23.442+0000] {standard_task_runner.py:72} INFO - Started process 2571 to run task
[2025-05-26T07:41:23.447+0000] {standard_task_runner.py:104} INFO - Running: ['***', 'tasks', 'run', 'image_processing_per_file_v2', 'file_copy_task', 'manual__2025-05-26T07:40:46.195532+00:00', '--job-id', '241', '--raw', '--subdir', 'DAGS_FOLDER/test_dag.py', '--cfg-path', '/tmp/tmpe_vy_yvv', '--map-index', '13']
[2025-05-26T07:41:23.462+0000] {standard_task_runner.py:105} INFO - Job 241: Subtask file_copy_task
[2025-05-26T07:41:23.857+0000] {task_command.py:467} INFO - Running <TaskInstance: image_processing_per_file_v2.file_copy_task manual__2025-05-26T07:40:46.195532+00:00 map_index=13 [running]> on host b0d7fbab896a
[2025-05-26T07:41:24.422+0000] {taskinstance.py:3134} INFO - Exporting env vars: AIRFLOW_CTX_DAG_OWNER='***' AIRFLOW_CTX_DAG_ID='image_processing_per_file_v2' AIRFLOW_CTX_TASK_ID='file_copy_task' AIRFLOW_CTX_EXECUTION_DATE='2025-05-26T07:40:46.195532+00:00' AIRFLOW_CTX_TRY_NUMBER='1' AIRFLOW_CTX_DAG_RUN_ID='manual__2025-05-26T07:40:46.195532+00:00'
[2025-05-26T07:41:24.425+0000] {logging_mixin.py:190} INFO - Task instance is in running state
[2025-05-26T07:41:24.426+0000] {logging_mixin.py:190} INFO -  Previous state of the Task instance: queued
[2025-05-26T07:41:24.431+0000] {logging_mixin.py:190} INFO - Current task name:file_copy_task state:running start_date:2025-05-26 07:41:23.222129+00:00
[2025-05-26T07:41:24.442+0000] {logging_mixin.py:190} INFO - Dag name:image_processing_per_file_v2 and current dag run status:running
[2025-05-26T07:41:24.445+0000] {taskinstance.py:732} INFO - ::endgroup::
[2025-05-26T07:41:24.649+0000] {logging_mixin.py:190} INFO - copy: /opt/***/data/result/test/스크린샷 2025-05-23 135629 - 복사본 - 복사본(2).png
[2025-05-26T07:41:24.650+0000] {python.py:240} INFO - Done. Returned value was: /opt/***/data/result/test/스크린샷 2025-05-23 135629 - 복사본 - 복사본(2).png
[2025-05-26T07:41:24.870+0000] {taskinstance.py:341} INFO - ::group::Post task execution logs
[2025-05-26T07:41:24.871+0000] {taskinstance.py:353} INFO - Marking task as SUCCESS. dag_id=image_processing_per_file_v2, task_id=file_copy_task, run_id=manual__2025-05-26T07:40:46.195532+00:00, map_index=13, execution_date=20250526T074046, start_date=20250526T074123, end_date=20250526T074124
[2025-05-26T07:41:24.957+0000] {logging_mixin.py:190} INFO - Task instance in success state
[2025-05-26T07:41:24.958+0000] {logging_mixin.py:190} INFO -  Previous state of the Task instance: running
[2025-05-26T07:41:24.958+0000] {logging_mixin.py:190} INFO - Dag name:image_processing_per_file_v2 queued_at:2025-05-26 07:40:46.212371+00:00
[2025-05-26T07:41:24.959+0000] {logging_mixin.py:190} INFO - Task hostname:b0d7fbab896a operator:_PythonDecoratedOperator
[2025-05-26T07:41:25.068+0000] {local_task_job_runner.py:266} INFO - Task exited with return code 0
[2025-05-26T07:41:25.168+0000] {taskinstance.py:3901} INFO - 0 downstream tasks scheduled from follow-on schedule check
[2025-05-26T07:41:25.176+0000] {local_task_job_runner.py:245} INFO - ::endgroup::
