[2025-06-25T14:34:40.027+0900] {local_task_job_runner.py:123} INFO - ::group::Pre task execution logs
[2025-06-25T14:34:40.051+0900] {taskinstance.py:2614} INFO - Dependencies all met for dep_context=non-requeueable deps ti=<TaskInstance: image_classify_v1.img_preprocess_task manual__2025-06-25T05:34:14.865557+00:00 map_index=1 [queued]>
[2025-06-25T14:34:40.064+0900] {taskinstance.py:2614} INFO - Dependencies all met for dep_context=requeueable deps ti=<TaskInstance: image_classify_v1.img_preprocess_task manual__2025-06-25T05:34:14.865557+00:00 map_index=1 [queued]>
[2025-06-25T14:34:40.065+0900] {taskinstance.py:2867} INFO - Starting attempt 1 of 1
[2025-06-25T14:34:40.080+0900] {taskinstance.py:2890} INFO - Executing <Mapped(_PythonDecoratedOperator): img_preprocess_task> on 2025-06-25 05:34:14.865557+00:00
[2025-06-25T14:34:40.094+0900] {warnings.py:112} WARNING - /home/***/.local/lib/python3.12/site-packages/***/task/task_runner/standard_task_runner.py:70: DeprecationWarning: This process (pid=87069) is multi-threaded, use of fork() may lead to deadlocks in the child.
  pid = os.fork()

[2025-06-25T14:34:40.097+0900] {standard_task_runner.py:72} INFO - Started process 87117 to run task
[2025-06-25T14:34:40.097+0900] {standard_task_runner.py:104} INFO - Running: ['***', 'tasks', 'run', 'image_classify_v1', 'img_preprocess_task', 'manual__2025-06-25T05:34:14.865557+00:00', '--job-id', '5283', '--raw', '--subdir', 'DAGS_FOLDER/img_classify_dag.py', '--cfg-path', '/tmp/tmpgf725_2a', '--map-index', '1']
[2025-06-25T14:34:40.100+0900] {standard_task_runner.py:105} INFO - Job 5283: Subtask img_preprocess_task
[2025-06-25T14:34:40.149+0900] {task_command.py:467} INFO - Running <TaskInstance: image_classify_v1.img_preprocess_task manual__2025-06-25T05:34:14.865557+00:00 map_index=1 [running]> on host f6d4228a9eb8
[2025-06-25T14:34:40.242+0900] {taskinstance.py:3134} INFO - Exporting env vars: AIRFLOW_CTX_DAG_OWNER='***' AIRFLOW_CTX_DAG_ID='image_classify_v1' AIRFLOW_CTX_TASK_ID='img_preprocess_task' AIRFLOW_CTX_EXECUTION_DATE='2025-06-25T05:34:14.865557+00:00' AIRFLOW_CTX_TRY_NUMBER='1' AIRFLOW_CTX_DAG_RUN_ID='manual__2025-06-25T05:34:14.865557+00:00'
[2025-06-25T14:34:40.246+0900] {taskinstance.py:732} INFO - ::endgroup::
[2025-06-25T14:34:40.249+0900] {logging_mixin.py:190} INFO - empty map check {} {}
[2025-06-25T14:34:40.250+0900] {logging_mixin.py:190} INFO - step : cache
[2025-06-25T14:34:40.251+0900] {logging_mixin.py:190} INFO - file_copy: /opt/***/data/temp/972dac3e-eba5-4dbc-aa31-4fed6f0722e1/4b44de5a-a4db-4bc6-8ce7-80f24f68ba87/_result.png
[2025-06-25T14:34:40.261+0900] {python.py:240} INFO - Done. Returned value was: {'file_id': '972dac3e-eba5-4dbc-aa31-4fed6f0722e1', 'file_path': '/opt/***/data/upload/거제동 고성빌딩 - 정부24 - 건축물대장 등본(초본) 발급(열람) _ 문서출력_page_1_aug0.png', 'a_class_preprc': {'process_id': '_4b44de5a-a4db-4bc6-8ce7-80f24f68ba87_pre', 'folder_path': '972dac3e-eba5-4dbc-aa31-4fed6f0722e1/4b44de5a-a4db-4bc6-8ce7-80f24f68ba87', 'step_list': [{'name': 'cache', 'param': {'cache_key': 'origin'}}], 'result_file_map': {'_result': '/opt/***/data/temp/972dac3e-eba5-4dbc-aa31-4fed6f0722e1/4b44de5a-a4db-4bc6-8ce7-80f24f68ba87/_result.png'}}}
[2025-06-25T14:34:40.626+0900] {taskinstance.py:341} INFO - ::group::Post task execution logs
[2025-06-25T14:34:40.627+0900] {taskinstance.py:353} INFO - Marking task as SUCCESS. dag_id=image_classify_v1, task_id=img_preprocess_task, run_id=manual__2025-06-25T05:34:14.865557+00:00, map_index=1, execution_date=20250625T053414, start_date=20250625T053440, end_date=20250625T053440
[2025-06-25T14:34:40.695+0900] {local_task_job_runner.py:266} INFO - Task exited with return code 0
[2025-06-25T14:34:40.703+0900] {local_task_job_runner.py:245} INFO - ::endgroup::
