[2025-06-16T18:35:56.157+0900] {local_task_job_runner.py:123} INFO - ::group::Pre task execution logs
[2025-06-16T18:35:56.180+0900] {taskinstance.py:2614} INFO - Dependencies all met for dep_context=non-requeueable deps ti=<TaskInstance: image_ocr_v2.img_preprocess_task manual__2025-06-16T09:35:48.608966+00:00 map_index=2 [queued]>
[2025-06-16T18:35:56.191+0900] {taskinstance.py:2614} INFO - Dependencies all met for dep_context=requeueable deps ti=<TaskInstance: image_ocr_v2.img_preprocess_task manual__2025-06-16T09:35:48.608966+00:00 map_index=2 [queued]>
[2025-06-16T18:35:56.192+0900] {taskinstance.py:2867} INFO - Starting attempt 1 of 1
[2025-06-16T18:35:56.204+0900] {taskinstance.py:2890} INFO - Executing <Mapped(_PythonDecoratedOperator): img_preprocess_task> on 2025-06-16 09:35:48.608966+00:00
[2025-06-16T18:35:56.212+0900] {warnings.py:112} WARNING - /home/***/.local/lib/python3.12/site-packages/***/task/task_runner/standard_task_runner.py:70: DeprecationWarning: This process (pid=13130) is multi-threaded, use of fork() may lead to deadlocks in the child.
  pid = os.fork()

[2025-06-16T18:35:56.213+0900] {standard_task_runner.py:72} INFO - Started process 13140 to run task
[2025-06-16T18:35:56.214+0900] {standard_task_runner.py:104} INFO - Running: ['***', 'tasks', 'run', 'image_ocr_v2', 'img_preprocess_task', 'manual__2025-06-16T09:35:48.608966+00:00', '--job-id', '716', '--raw', '--subdir', 'DAGS_FOLDER/test_dag.py', '--cfg-path', '/tmp/tmpckgzltrq', '--map-index', '2']
[2025-06-16T18:35:56.216+0900] {standard_task_runner.py:105} INFO - Job 716: Subtask img_preprocess_task
[2025-06-16T18:35:56.262+0900] {task_command.py:467} INFO - Running <TaskInstance: image_ocr_v2.img_preprocess_task manual__2025-06-16T09:35:48.608966+00:00 map_index=2 [running]> on host f6d4228a9eb8
[2025-06-16T18:35:56.349+0900] {taskinstance.py:3134} INFO - Exporting env vars: AIRFLOW_CTX_DAG_OWNER='***' AIRFLOW_CTX_DAG_ID='image_ocr_v2' AIRFLOW_CTX_TASK_ID='img_preprocess_task' AIRFLOW_CTX_EXECUTION_DATE='2025-06-16T09:35:48.608966+00:00' AIRFLOW_CTX_TRY_NUMBER='1' AIRFLOW_CTX_DAG_RUN_ID='manual__2025-06-16T09:35:48.608966+00:00'
[2025-06-16T18:35:56.351+0900] {taskinstance.py:732} INFO - ::endgroup::
[2025-06-16T18:35:56.354+0900] {logging_mixin.py:190} INFO - empty map check {} {'process_id': '_ac6aacd0-1e4e-48f6-aba8-80615b0a1372_pre', 'folder_path': 'e3c9da40-402a-445f-a0be-238279537194/ac6aacd0-1e4e-48f6-aba8-80615b0a1372', 'step_list': [{'name': 'cache', 'param': {'key': 'origin'}}, {'name': 'calc_angle_set3', 'param': {'key': 'angle1', 'iterations': 3, 'iter_save': True}}, {'name': 'calc_angle_set2', 'param': {'key': 'angle2', 'iterations': 1, 'iter_save': True}}, {'name': 'threshold', 'param': {}}, {'name': 'save', 'param': {'key': 'classify_preprocess'}}], 'result_file_list': []}
[2025-06-16T18:35:56.354+0900] {logging_mixin.py:190} INFO - step : cache
[2025-06-16T18:35:56.355+0900] {logging_mixin.py:190} INFO - step : calc_angle_set3
[2025-06-16T18:35:56.436+0900] {logging_mixin.py:190} INFO - file_copy: /opt/***/data/temp/e3c9da40-402a-445f-a0be-238279537194/ac6aacd0-1e4e-48f6-aba8-80615b0a1372/rotate30_1.png
[2025-06-16T18:35:56.487+0900] {logging_mixin.py:190} INFO - file_copy: /opt/***/data/temp/e3c9da40-402a-445f-a0be-238279537194/ac6aacd0-1e4e-48f6-aba8-80615b0a1372/rotate31_1.png
[2025-06-16T18:35:56.636+0900] {logging_mixin.py:190} INFO - osd 1 0 0 [0.5025816667210279, 0.507403232546892, 0.4838374461004378, 0.49929698607223827, 0.5181089778620702, 0.4838374461004378, 0.5107957941624477, 0.47311707068712394, 0.4866705925637831, 0.4834972108902633, 0.5241550702476161, 0.49498362075730995, 0.5241550702476161, 0.48704667228365395, 0.4838374461004378, 0.4866705925637831, 0.4866705925637831, 0.49349149598215547, 0.4770562488317154, 0.4866705925637831, 0.4866705925637831, 0.4866705925637831, 0.4866705925637831, 0.49349149598215547, 0.49391689861874966, 0.4866705925637831, 0.4866705925637831, 0.4750784945286597, 0.49349149598215547]
[2025-06-16T18:35:56.794+0900] {logging_mixin.py:190} INFO - file_copy: /opt/***/data/temp/e3c9da40-402a-445f-a0be-238279537194/ac6aacd0-1e4e-48f6-aba8-80615b0a1372/rotate30_2.png
[2025-06-16T18:35:56.828+0900] {logging_mixin.py:190} INFO - file_copy: /opt/***/data/temp/e3c9da40-402a-445f-a0be-238279537194/ac6aacd0-1e4e-48f6-aba8-80615b0a1372/rotate31_2.png
[2025-06-16T18:35:57.022+0900] {logging_mixin.py:190} INFO - osd 2 0 0 [0.5025816667210279, 0.507403232546892, 0.4838374461004378, 0.49929698607223827, 0.5181089778620702, 0.4838374461004378, 0.5107957941624477, 0.47311707068712394, 0.4866705925637831, 0.4834972108902633, 0.5241550702476161, 0.49498362075730995, 0.5241550702476161, 0.48704667228365395, 0.4838374461004378, 0.4866705925637831, 0.4866705925637831, 0.49349149598215547, 0.4770562488317154, 0.4866705925637831, 0.4866705925637831, 0.4866705925637831, 0.4866705925637831, 0.49349149598215547, 0.49391689861874966, 0.4866705925637831, 0.4866705925637831, 0.4750784945286597, 0.49349149598215547]
[2025-06-16T18:35:57.151+0900] {logging_mixin.py:190} INFO - file_copy: /opt/***/data/temp/e3c9da40-402a-445f-a0be-238279537194/ac6aacd0-1e4e-48f6-aba8-80615b0a1372/rotate30_3.png
[2025-06-16T18:35:57.186+0900] {logging_mixin.py:190} INFO - file_copy: /opt/***/data/temp/e3c9da40-402a-445f-a0be-238279537194/ac6aacd0-1e4e-48f6-aba8-80615b0a1372/rotate31_3.png
[2025-06-16T18:35:57.334+0900] {logging_mixin.py:190} INFO - osd 3 0 0 [0.5025816667210279, 0.507403232546892, 0.4838374461004378, 0.49929698607223827, 0.5181089778620702, 0.4838374461004378, 0.5107957941624477, 0.47311707068712394, 0.4866705925637831, 0.4834972108902633, 0.5241550702476161, 0.49498362075730995, 0.5241550702476161, 0.48704667228365395, 0.4838374461004378, 0.4866705925637831, 0.4866705925637831, 0.49349149598215547, 0.4770562488317154, 0.4866705925637831, 0.4866705925637831, 0.4866705925637831, 0.4866705925637831, 0.49349149598215547, 0.49391689861874966, 0.4866705925637831, 0.4866705925637831, 0.4750784945286597, 0.49349149598215547]
[2025-06-16T18:35:57.378+0900] {logging_mixin.py:190} INFO - step : calc_angle_set2
[2025-06-16T18:36:03.144+0900] {logging_mixin.py:190} INFO - file_copy: /opt/***/data/temp/e3c9da40-402a-445f-a0be-238279537194/ac6aacd0-1e4e-48f6-aba8-80615b0a1372/rotate2_1.png
[2025-06-16T18:36:04.450+0900] {logging_mixin.py:190} INFO - osd 1 270 270 4.81 Latin 2.99
[2025-06-16T18:36:04.517+0900] {logging_mixin.py:190} INFO - step : threshold
[2025-06-16T18:36:04.522+0900] {logging_mixin.py:190} INFO - step : save
[2025-06-16T18:36:04.586+0900] {logging_mixin.py:190} INFO - file_copy: /opt/***/data/temp/e3c9da40-402a-445f-a0be-238279537194/ac6aacd0-1e4e-48f6-aba8-80615b0a1372/classify_preprocess.png
[2025-06-16T18:36:04.589+0900] {python.py:240} INFO - Done. Returned value was: {'file_id': 'e3c9da40-402a-445f-a0be-238279537194', 'file_path': '/opt/***/data/upload/Gas Engine 점검일지_ 2021년 2월.pdf-image-005.jpg', 'result': {'process_id': '_ac6aacd0-1e4e-48f6-aba8-80615b0a1372_pre', 'folder_path': 'e3c9da40-402a-445f-a0be-238279537194/ac6aacd0-1e4e-48f6-aba8-80615b0a1372', 'step_list': [{'name': 'cache', 'param': {'key': 'origin'}}, {'name': 'calc_angle_set3', 'param': {'key': 'angle1', 'iterations': 3, 'iter_save': True}}, {'name': 'calc_angle_set2', 'param': {'key': 'angle2', 'iterations': 1, 'iter_save': True}}, {'name': 'threshold', 'param': {}}, {'name': 'save', 'param': {'key': 'classify_preprocess'}}], 'result_file_list': [{'key': 'rotate30_1', 'path': '/opt/***/data/temp/e3c9da40-402a-445f-a0be-238279537194/ac6aacd0-1e4e-48f6-aba8-80615b0a1372/rotate30_1.png'}, {'key': 'rotate31_1', 'path': '/opt/***/data/temp/e3c9da40-402a-445f-a0be-238279537194/ac6aacd0-1e4e-48f6-aba8-80615b0a1372/rotate31_1.png'}, {'key': 'rotate30_2', 'path': '/opt/***/data/temp/e3c9da40-402a-445f-a0be-238279537194/ac6aacd0-1e4e-48f6-aba8-80615b0a1372/rotate30_2.png'}, {'key': 'rotate31_2', 'path': '/opt/***/data/temp/e3c9da40-402a-445f-a0be-238279537194/ac6aacd0-1e4e-48f6-aba8-80615b0a1372/rotate31_2.png'}, {'key': 'rotate30_3', 'path': '/opt/***/data/temp/e3c9da40-402a-445f-a0be-238279537194/ac6aacd0-1e4e-48f6-aba8-80615b0a1372/rotate30_3.png'}, {'key': 'rotate31_3', 'path': '/opt/***/data/temp/e3c9da40-402a-445f-a0be-238279537194/ac6aacd0-1e4e-48f6-aba8-80615b0a1372/rotate31_3.png'}, {'key': 'rotate2_1', 'path': '/opt/***/data/temp/e3c9da40-402a-445f-a0be-238279537194/ac6aacd0-1e4e-48f6-aba8-80615b0a1372/rotate2_1.png'}, {'key': 'classify_preprocess', 'path': '/opt/***/data/temp/e3c9da40-402a-445f-a0be-238279537194/ac6aacd0-1e4e-48f6-aba8-80615b0a1372/classify_preprocess.png'}]}}
[2025-06-16T18:36:04.642+0900] {taskinstance.py:341} INFO - ::group::Post task execution logs
[2025-06-16T18:36:04.645+0900] {taskinstance.py:353} INFO - Marking task as SUCCESS. dag_id=image_ocr_v2, task_id=img_preprocess_task, run_id=manual__2025-06-16T09:35:48.608966+00:00, map_index=2, execution_date=20250616T093548, start_date=20250616T093556, end_date=20250616T093604
[2025-06-16T18:36:04.753+0900] {local_task_job_runner.py:266} INFO - Task exited with return code 0
[2025-06-16T18:36:04.761+0900] {local_task_job_runner.py:245} INFO - ::endgroup::
