[2025-06-23T16:28:44.799+0900] {local_task_job_runner.py:123} INFO - ::group::Pre task execution logs
[2025-06-23T16:28:44.885+0900] {taskinstance.py:2614} INFO - Dependencies all met for dep_context=non-requeueable deps ti=<TaskInstance: lilt_document_classifier_balanced_b_class_V0.1.img_preprocess_task manual__2025-06-23T06:58:09.542610+00:00 map_index=51 [queued]>
[2025-06-23T16:28:44.918+0900] {taskinstance.py:2614} INFO - Dependencies all met for dep_context=requeueable deps ti=<TaskInstance: lilt_document_classifier_balanced_b_class_V0.1.img_preprocess_task manual__2025-06-23T06:58:09.542610+00:00 map_index=51 [queued]>
[2025-06-23T16:28:44.923+0900] {taskinstance.py:2867} INFO - Starting attempt 1 of 1
[2025-06-23T16:28:44.953+0900] {taskinstance.py:2890} INFO - Executing <Mapped(_PythonDecoratedOperator): img_preprocess_task> on 2025-06-23 06:58:09.542610+00:00
[2025-06-23T16:28:44.975+0900] {standard_task_runner.py:104} INFO - Running: ['***', 'tasks', 'run', 'lilt_document_classifier_balanced_b_class_V0.1', 'img_preprocess_task', 'manual__2025-06-23T06:58:09.542610+00:00', '--job-id', '3407', '--raw', '--subdir', 'DAGS_FOLDER/class_create_dag_b_class.py', '--cfg-path', '/tmp/tmpqk2go3m9', '--map-index', '51']
[2025-06-23T16:28:44.982+0900] {standard_task_runner.py:105} INFO - Job 3407: Subtask img_preprocess_task
[2025-06-23T16:28:44.975+0900] {warnings.py:112} WARNING - /home/***/.local/lib/python3.12/site-packages/***/task/task_runner/standard_task_runner.py:70: DeprecationWarning: This process (pid=7886) is multi-threaded, use of fork() may lead to deadlocks in the child.
  pid = os.fork()

[2025-06-23T16:28:44.991+0900] {standard_task_runner.py:72} INFO - Started process 7912 to run task
[2025-06-23T16:28:45.088+0900] {task_command.py:467} INFO - Running <TaskInstance: lilt_document_classifier_balanced_b_class_V0.1.img_preprocess_task manual__2025-06-23T06:58:09.542610+00:00 map_index=51 [running]> on host f6d4228a9eb8
[2025-06-23T16:28:45.522+0900] {taskinstance.py:3134} INFO - Exporting env vars: AIRFLOW_CTX_DAG_OWNER='***' AIRFLOW_CTX_DAG_ID='lilt_document_classifier_balanced_b_class_V0.1' AIRFLOW_CTX_TASK_ID='img_preprocess_task' AIRFLOW_CTX_EXECUTION_DATE='2025-06-23T06:58:09.542610+00:00' AIRFLOW_CTX_TRY_NUMBER='1' AIRFLOW_CTX_DAG_RUN_ID='manual__2025-06-23T06:58:09.542610+00:00'
[2025-06-23T16:28:45.538+0900] {taskinstance.py:732} INFO - ::endgroup::
[2025-06-23T16:28:45.546+0900] {logging_mixin.py:190} INFO - empty map check {} {'process_id': '_55e04643-e08f-4fc0-b819-f238178b2572_pre', 'folder_path': '45e7bfff-acb1-4854-a7b9-939446692dcb/55e04643-e08f-4fc0-b819-f238178b2572', 'step_list': [{'name': 'cache', 'param': {'key': 'origin'}}, {'name': 'calc_angle_set2', 'param': {'key': 'angle1', 'iterations': 4, 'iter_save': False}}, {'name': 'text_orientation_set', 'param': {'key': 'angle2', 'iterations': 4, 'iter_save': False}}, {'name': 'load', 'param': {'key': 'origin'}}, {'name': 'rotate', 'param': {'key': 'angle1'}}, {'name': 'rotate', 'param': {'key': 'angle2'}}], 'result_file_map': {}}
[2025-06-23T16:28:45.568+0900] {logging_mixin.py:190} INFO - step : cache
[2025-06-23T16:28:45.575+0900] {logging_mixin.py:190} INFO - step : calc_angle_set2
[2025-06-23T16:29:18.668+0900] {logging_mixin.py:190} INFO - osd 1 -5.0 -5.0 0 1060650 [1060650, 1006255, 949478, 891854, 835446, 780630, 726094, 673314, 621131, 567835, 519327, 472305, 425551, 382004, 342822, 302394, 263790, 226876, 190100, 153728, 119446, 153473, 191477, 228606, 266994, 304840, 343763, 370827, 404184, 438915, 473434, 508044, 547775, 584814, 624088, 663707, 705148, 746074, 789002, 831042, 871129]
[2025-06-23T16:30:05.781+0900] {logging_mixin.py:190} INFO - osd 2 0.0 5.0 40 2572719 [2420238, 2344136, 2274275, 2200440, 2124065, 2053737, 1984459, 1910660, 1843157, 1768241, 1701896, 1631663, 1562712, 1496835, 1424192, 1355970, 1284539, 1218032, 1155423, 1085814, 1021164, 1088428, 1160942, 1227787, 1298963, 1375306, 1448751, 1530348, 1603690, 1683482, 1764076, 1840148, 1927442, 2006621, 2091798, 2171547, 2252239, 2337572, 2418511, 2494815, 2572719]
[2025-06-23T16:30:53.170+0900] {logging_mixin.py:190} INFO - osd 3 -5.0 -5.0 0 4365358 [4365358, 4265355, 4173657, 4075957, 3985425, 3891757, 3803316, 3706682, 3614189, 3522678, 3431849, 3339761, 3243957, 3152683, 3058031, 2967441, 2872617, 2778442, 2684938, 2590913, 2500077, 2583398, 2668729, 2756090, 2842003, 2928492, 3011676, 3089564, 3165164, 3245742, 3321926, 3397460, 3473479, 3548734, 3631327, 3702227, 3779357, 3851377, 3928943, 4001576, 4080387]
[2025-06-23T16:31:53.389+0900] {logging_mixin.py:190} INFO - osd 4 0.0 5.0 40 6707002 [6628404, 6500323, 6373481, 6246971, 6123084, 6000276, 5873310, 5747921, 5631450, 5507276, 5391012, 5264521, 5149992, 5026084, 4907858, 4793011, 4680761, 4563635, 4449443, 4335589, 4234389, 4349476, 4476215, 4602663, 4730956, 4854569, 4977787, 5102718, 5232162, 5351734, 5484888, 5603659, 5730902, 5851776, 5979153, 6105047, 6226806, 6347134, 6467182, 6588340, 6707002]
[2025-06-23T16:31:53.745+0900] {logging_mixin.py:190} INFO - step : text_orientation_set
[2025-06-23T16:32:11.205+0900] {logging_mixin.py:190} INFO - osd 1 break  0 0 13.03 Korean 0.72
[2025-06-23T16:32:11.208+0900] {logging_mixin.py:190} INFO - step : load
[2025-06-23T16:32:11.211+0900] {logging_mixin.py:190} INFO - step : rotate
[2025-06-23T16:32:11.367+0900] {logging_mixin.py:190} INFO - step : rotate
[2025-06-23T16:32:11.590+0900] {logging_mixin.py:190} INFO - file_copy: /opt/***/data/temp/45e7bfff-acb1-4854-a7b9-939446692dcb/55e04643-e08f-4fc0-b819-f238178b2572/_result.png
[2025-06-23T16:32:11.614+0900] {python.py:240} INFO - Done. Returned value was: {'file_id': '45e7bfff-acb1-4854-a7b9-939446692dcb', 'file_path': '/opt/***/data/class/b_class/classify/ready/true/송정동 연세빌딩 - 정부24 - 건축물대장 등본(초본) 발급(열람) _ 문서출력_page_1_aug1.png', 'true': {'process_id': '_55e04643-e08f-4fc0-b819-f238178b2572_pre', 'folder_path': '45e7bfff-acb1-4854-a7b9-939446692dcb/55e04643-e08f-4fc0-b819-f238178b2572', 'step_list': [{'name': 'cache', 'param': {'key': 'origin'}}, {'name': 'calc_angle_set2', 'param': {'key': 'angle1', 'iterations': 4, 'iter_save': False}}, {'name': 'text_orientation_set', 'param': {'key': 'angle2', 'iterations': 4, 'iter_save': False}}, {'name': 'load', 'param': {'key': 'origin'}}, {'name': 'rotate', 'param': {'key': 'angle1'}}, {'name': 'rotate', 'param': {'key': 'angle2'}}], 'result_file_map': {'_result': '/opt/***/data/temp/45e7bfff-acb1-4854-a7b9-939446692dcb/55e04643-e08f-4fc0-b819-f238178b2572/_result.png'}}}
[2025-06-23T16:32:11.685+0900] {taskinstance.py:341} INFO - ::group::Post task execution logs
[2025-06-23T16:32:11.687+0900] {taskinstance.py:353} INFO - Marking task as SUCCESS. dag_id=lilt_document_classifier_balanced_b_class_V0.1, task_id=img_preprocess_task, run_id=manual__2025-06-23T06:58:09.542610+00:00, map_index=51, execution_date=20250623T065809, start_date=20250623T072844, end_date=20250623T073211
[2025-06-23T16:32:12.042+0900] {local_task_job_runner.py:266} INFO - Task exited with return code 0
[2025-06-23T16:32:12.185+0900] {taskinstance.py:3901} INFO - 0 downstream tasks scheduled from follow-on schedule check
[2025-06-23T16:32:12.199+0900] {local_task_job_runner.py:245} INFO - ::endgroup::
