[2025-06-16T17:30:05.413+0900] {local_task_job_runner.py:123} INFO - ::group::Pre task execution logs
[2025-06-16T17:30:05.440+0900] {taskinstance.py:2614} INFO - Dependencies all met for dep_context=non-requeueable deps ti=<TaskInstance: image_ocr_v2.img_preprocess_task manual__2025-06-16T08:29:57.337742+00:00 map_index=3 [queued]>
[2025-06-16T17:30:05.453+0900] {taskinstance.py:2614} INFO - Dependencies all met for dep_context=requeueable deps ti=<TaskInstance: image_ocr_v2.img_preprocess_task manual__2025-06-16T08:29:57.337742+00:00 map_index=3 [queued]>
[2025-06-16T17:30:05.454+0900] {taskinstance.py:2867} INFO - Starting attempt 1 of 1
[2025-06-16T17:30:05.471+0900] {taskinstance.py:2890} INFO - Executing <Mapped(_PythonDecoratedOperator): img_preprocess_task> on 2025-06-16 08:29:57.337742+00:00
[2025-06-16T17:30:05.479+0900] {warnings.py:112} WARNING - /home/***/.local/lib/python3.12/site-packages/***/task/task_runner/standard_task_runner.py:70: DeprecationWarning: This process (pid=11516) is multi-threaded, use of fork() may lead to deadlocks in the child.
  pid = os.fork()

[2025-06-16T17:30:05.481+0900] {standard_task_runner.py:72} INFO - Started process 11525 to run task
[2025-06-16T17:30:05.487+0900] {standard_task_runner.py:104} INFO - Running: ['***', 'tasks', 'run', 'image_ocr_v2', 'img_preprocess_task', 'manual__2025-06-16T08:29:57.337742+00:00', '--job-id', '630', '--raw', '--subdir', 'DAGS_FOLDER/test_dag.py', '--cfg-path', '/tmp/tmpgqe9w5g_', '--map-index', '3']
[2025-06-16T17:30:05.490+0900] {standard_task_runner.py:105} INFO - Job 630: Subtask img_preprocess_task
[2025-06-16T17:30:05.542+0900] {task_command.py:467} INFO - Running <TaskInstance: image_ocr_v2.img_preprocess_task manual__2025-06-16T08:29:57.337742+00:00 map_index=3 [running]> on host f6d4228a9eb8
[2025-06-16T17:30:05.629+0900] {taskinstance.py:3134} INFO - Exporting env vars: AIRFLOW_CTX_DAG_OWNER='***' AIRFLOW_CTX_DAG_ID='image_ocr_v2' AIRFLOW_CTX_TASK_ID='img_preprocess_task' AIRFLOW_CTX_EXECUTION_DATE='2025-06-16T08:29:57.337742+00:00' AIRFLOW_CTX_TRY_NUMBER='1' AIRFLOW_CTX_DAG_RUN_ID='manual__2025-06-16T08:29:57.337742+00:00'
[2025-06-16T17:30:05.632+0900] {taskinstance.py:732} INFO - ::endgroup::
[2025-06-16T17:30:05.634+0900] {logging_mixin.py:190} INFO - empty map check {} {'process_id': '_ef14b0ea-29f4-48e1-8562-e21f022fc8cd_pre', 'folder_path': 'bedb5fee-49ae-4dd4-97a0-6f3e7b666b1b/ef14b0ea-29f4-48e1-8562-e21f022fc8cd', 'step_list': [{'name': 'cache', 'param': {'key': 'origin'}}, {'name': 'calc_angle_set3', 'param': {'key': 'angle1', 'iterations': 3, 'iter_save': True}}, {'name': 'calc_angle_set2', 'param': {'key': 'angle2', 'iterations': 1, 'iter_save': True}}, {'name': 'threshold', 'param': {}}, {'name': 'save', 'param': {'key': 'classify_preprocess'}}], 'result_file_list': []}
[2025-06-16T17:30:05.635+0900] {logging_mixin.py:190} INFO - step : cache
[2025-06-16T17:30:05.636+0900] {logging_mixin.py:190} INFO - step : calc_angle_set3
[2025-06-16T17:30:05.710+0900] {logging_mixin.py:190} INFO - file_copy: /opt/***/data/temp/bedb5fee-49ae-4dd4-97a0-6f3e7b666b1b/ef14b0ea-29f4-48e1-8562-e21f022fc8cd/rotate31_1.png
[2025-06-16T17:30:05.746+0900] {logging_mixin.py:190} INFO - file_copy: /opt/***/data/temp/bedb5fee-49ae-4dd4-97a0-6f3e7b666b1b/ef14b0ea-29f4-48e1-8562-e21f022fc8cd/rotate32_1.png
[2025-06-16T17:30:05.808+0900] {logging_mixin.py:190} INFO - file_copy: /opt/***/data/temp/bedb5fee-49ae-4dd4-97a0-6f3e7b666b1b/ef14b0ea-29f4-48e1-8562-e21f022fc8cd/rotate33_1.png
[2025-06-16T17:30:05.905+0900] {logging_mixin.py:190} INFO - osd 1 0 0 [-90, -90, -90, -90, -90, -90, -90, -90, -90, -90, -90, -90]
[2025-06-16T17:30:05.907+0900] {logging_mixin.py:190} INFO - step : calc_angle_set2
[2025-06-16T17:30:12.015+0900] {logging_mixin.py:190} INFO - file_copy: /opt/***/data/temp/bedb5fee-49ae-4dd4-97a0-6f3e7b666b1b/ef14b0ea-29f4-48e1-8562-e21f022fc8cd/rotate2_1.png
[2025-06-16T17:30:13.512+0900] {logging_mixin.py:190} INFO - osd 1 90 90 6.33 Latin 0.52
[2025-06-16T17:30:13.735+0900] {logging_mixin.py:190} INFO - step : threshold
[2025-06-16T17:30:13.742+0900] {logging_mixin.py:190} INFO - step : save
[2025-06-16T17:30:13.779+0900] {logging_mixin.py:190} INFO - file_copy: /opt/***/data/temp/bedb5fee-49ae-4dd4-97a0-6f3e7b666b1b/ef14b0ea-29f4-48e1-8562-e21f022fc8cd/classify_preprocess.png
[2025-06-16T17:30:13.794+0900] {python.py:240} INFO - Done. Returned value was: {'file_id': 'bedb5fee-49ae-4dd4-97a0-6f3e7b666b1b', 'file_path': '/opt/***/data/upload/Gas Engine 점검일지_ 2021년 2월.pdf-image-013.jpg', 'result': {'process_id': '_ef14b0ea-29f4-48e1-8562-e21f022fc8cd_pre', 'folder_path': 'bedb5fee-49ae-4dd4-97a0-6f3e7b666b1b/ef14b0ea-29f4-48e1-8562-e21f022fc8cd', 'step_list': [{'name': 'cache', 'param': {'key': 'origin'}}, {'name': 'calc_angle_set3', 'param': {'key': 'angle1', 'iterations': 3, 'iter_save': True}}, {'name': 'calc_angle_set2', 'param': {'key': 'angle2', 'iterations': 1, 'iter_save': True}}, {'name': 'threshold', 'param': {}}, {'name': 'save', 'param': {'key': 'classify_preprocess'}}], 'result_file_list': [{'key': 'rotate31_1', 'path': '/opt/***/data/temp/bedb5fee-49ae-4dd4-97a0-6f3e7b666b1b/ef14b0ea-29f4-48e1-8562-e21f022fc8cd/rotate31_1.png'}, {'key': 'rotate32_1', 'path': '/opt/***/data/temp/bedb5fee-49ae-4dd4-97a0-6f3e7b666b1b/ef14b0ea-29f4-48e1-8562-e21f022fc8cd/rotate32_1.png'}, {'key': 'rotate33_1', 'path': '/opt/***/data/temp/bedb5fee-49ae-4dd4-97a0-6f3e7b666b1b/ef14b0ea-29f4-48e1-8562-e21f022fc8cd/rotate33_1.png'}, {'key': 'rotate2_1', 'path': '/opt/***/data/temp/bedb5fee-49ae-4dd4-97a0-6f3e7b666b1b/ef14b0ea-29f4-48e1-8562-e21f022fc8cd/rotate2_1.png'}, {'key': 'classify_preprocess', 'path': '/opt/***/data/temp/bedb5fee-49ae-4dd4-97a0-6f3e7b666b1b/ef14b0ea-29f4-48e1-8562-e21f022fc8cd/classify_preprocess.png'}]}}
[2025-06-16T17:30:13.831+0900] {taskinstance.py:341} INFO - ::group::Post task execution logs
[2025-06-16T17:30:13.833+0900] {taskinstance.py:353} INFO - Marking task as SUCCESS. dag_id=image_ocr_v2, task_id=img_preprocess_task, run_id=manual__2025-06-16T08:29:57.337742+00:00, map_index=3, execution_date=20250616T082957, start_date=20250616T083005, end_date=20250616T083013
[2025-06-16T17:30:13.884+0900] {local_task_job_runner.py:266} INFO - Task exited with return code 0
[2025-06-16T17:30:13.906+0900] {taskinstance.py:3901} INFO - 0 downstream tasks scheduled from follow-on schedule check
[2025-06-16T17:30:13.910+0900] {local_task_job_runner.py:245} INFO - ::endgroup::
