[2025-06-16T13:05:26.600+0900] {local_task_job_runner.py:123} INFO - ::group::Pre task execution logs
[2025-06-16T13:05:26.718+0900] {taskinstance.py:2614} INFO - Dependencies all met for dep_context=non-requeueable deps ti=<TaskInstance: image_ocr_v2.img_preprocess_task manual__2025-06-16T04:05:04.983051+00:00 map_index=16 [queued]>
[2025-06-16T13:05:26.769+0900] {taskinstance.py:2614} INFO - Dependencies all met for dep_context=requeueable deps ti=<TaskInstance: image_ocr_v2.img_preprocess_task manual__2025-06-16T04:05:04.983051+00:00 map_index=16 [queued]>
[2025-06-16T13:05:26.770+0900] {taskinstance.py:2867} INFO - Starting attempt 1 of 1
[2025-06-16T13:05:26.848+0900] {taskinstance.py:2890} INFO - Executing <Mapped(_PythonDecoratedOperator): img_preprocess_task> on 2025-06-16 04:05:04.983051+00:00
[2025-06-16T13:05:26.894+0900] {warnings.py:112} WARNING - /home/***/.local/lib/python3.12/site-packages/***/task/task_runner/standard_task_runner.py:70: DeprecationWarning: This process (pid=1915) is multi-threaded, use of fork() may lead to deadlocks in the child.
  pid = os.fork()

[2025-06-16T13:05:26.891+0900] {standard_task_runner.py:104} INFO - Running: ['***', 'tasks', 'run', 'image_ocr_v2', 'img_preprocess_task', 'manual__2025-06-16T04:05:04.983051+00:00', '--job-id', '104', '--raw', '--subdir', 'DAGS_FOLDER/test_dag.py', '--cfg-path', '/tmp/tmpezco96wj', '--map-index', '16']
[2025-06-16T13:05:26.920+0900] {standard_task_runner.py:105} INFO - Job 104: Subtask img_preprocess_task
[2025-06-16T13:05:26.912+0900] {standard_task_runner.py:72} INFO - Started process 1926 to run task
[2025-06-16T13:05:27.241+0900] {task_command.py:467} INFO - Running <TaskInstance: image_ocr_v2.img_preprocess_task manual__2025-06-16T04:05:04.983051+00:00 map_index=16 [running]> on host f6d4228a9eb8
[2025-06-16T13:05:27.871+0900] {taskinstance.py:3134} INFO - Exporting env vars: AIRFLOW_CTX_DAG_OWNER='***' AIRFLOW_CTX_DAG_ID='image_ocr_v2' AIRFLOW_CTX_TASK_ID='img_preprocess_task' AIRFLOW_CTX_EXECUTION_DATE='2025-06-16T04:05:04.983051+00:00' AIRFLOW_CTX_TRY_NUMBER='1' AIRFLOW_CTX_DAG_RUN_ID='manual__2025-06-16T04:05:04.983051+00:00'
[2025-06-16T13:05:27.889+0900] {taskinstance.py:732} INFO - ::endgroup::
[2025-06-16T13:05:27.917+0900] {logging_mixin.py:190} INFO - empty map check {} {'process_id': '_4de9f335-016d-44c1-b696-f6936fca7faf_pre', 'folder_path': '563c255c-8983-4fa5-8ee7-81b78bc022a2/4de9f335-016d-44c1-b696-f6936fca7faf', 'step_list': [{'name': 'cache', 'param': {'key': 'origin'}}, {'name': 'calc_angle_set1', 'param': {'key': 'angle1', 'iterations': 3}}, {'name': 'save', 'param': {'key': 'rotate1'}}, {'name': 'calc_angle_set2', 'param': {'key': 'angle2', 'iterations': 3}}, {'name': 'save', 'param': {'key': 'rotate2'}}, {'name': 'threshold', 'param': {}}, {'name': 'morphology1', 'param': {}}, {'name': 'scale1', 'param': {'width': 500, 'height': 500}}, {'name': 'save', 'param': {'key': 'classify_preprocess'}}], 'result_file_list': []}
[2025-06-16T13:05:27.936+0900] {logging_mixin.py:190} INFO - step : cache
[2025-06-16T13:05:27.941+0900] {logging_mixin.py:190} INFO - step : calc_angle_set1
[2025-06-16T13:05:28.721+0900] {logging_mixin.py:190} INFO - angle1 :  0 -0.00829794558688235 -89.87530862011141 -89.87524074260142 89.8384901261337 89.8788674542316
[2025-06-16T13:05:28.743+0900] {logging_mixin.py:190} INFO - step : save
[2025-06-16T13:05:29.619+0900] {logging_mixin.py:190} INFO - file_copy: /opt/***/data/temp/563c255c-8983-4fa5-8ee7-81b78bc022a2/4de9f335-016d-44c1-b696-f6936fca7faf/rotate1.png
[2025-06-16T13:05:29.715+0900] {logging_mixin.py:190} INFO - step : calc_angle_set2
[2025-06-16T13:05:37.927+0900] {logging_mixin.py:190} INFO - file_copy: /opt/***/data/temp/563c255c-8983-4fa5-8ee7-81b78bc022a2/4de9f335-016d-44c1-b696-f6936fca7faf/rotate2_1.png
[2025-06-16T13:05:50.139+0900] {logging_mixin.py:190} INFO - osd 1 90 90 6.82 Cyrillic 0.43
[2025-06-16T13:06:01.897+0900] {logging_mixin.py:190} INFO - file_copy: /opt/***/data/temp/563c255c-8983-4fa5-8ee7-81b78bc022a2/4de9f335-016d-44c1-b696-f6936fca7faf/rotate2_2.png
[2025-06-16T13:06:12.390+0900] {logging_mixin.py:190} INFO - osd 2 270 180 5.01 Latin 0.4
[2025-06-16T13:06:20.178+0900] {logging_mixin.py:190} INFO - file_copy: /opt/***/data/temp/563c255c-8983-4fa5-8ee7-81b78bc022a2/4de9f335-016d-44c1-b696-f6936fca7faf/rotate2_3.png
[2025-06-16T13:06:24.499+0900] {logging_mixin.py:190} INFO - step : save
[2025-06-16T13:06:24.643+0900] {logging_mixin.py:190} INFO - file_copy: /opt/***/data/temp/563c255c-8983-4fa5-8ee7-81b78bc022a2/4de9f335-016d-44c1-b696-f6936fca7faf/rotate2.png
[2025-06-16T13:06:24.646+0900] {logging_mixin.py:190} INFO - step : threshold
[2025-06-16T13:06:24.714+0900] {logging_mixin.py:190} INFO - step : morphology1
[2025-06-16T13:06:24.756+0900] {logging_mixin.py:190} INFO - step : scale1
[2025-06-16T13:06:24.789+0900] {logging_mixin.py:190} INFO - step : save
[2025-06-16T13:06:24.814+0900] {logging_mixin.py:190} INFO - file_copy: /opt/***/data/temp/563c255c-8983-4fa5-8ee7-81b78bc022a2/4de9f335-016d-44c1-b696-f6936fca7faf/classify_preprocess.png
[2025-06-16T13:06:24.825+0900] {python.py:240} INFO - Done. Returned value was: {'file_id': '563c255c-8983-4fa5-8ee7-81b78bc022a2', 'file_path': '/opt/***/data/upload/_0e7417ae-d6f0-4a58-b3f3-8cadaa71c76c_pre_rotate2_1.png', 'result': {'process_id': '_4de9f335-016d-44c1-b696-f6936fca7faf_pre', 'folder_path': '563c255c-8983-4fa5-8ee7-81b78bc022a2/4de9f335-016d-44c1-b696-f6936fca7faf', 'step_list': [{'name': 'cache', 'param': {'key': 'origin'}}, {'name': 'calc_angle_set1', 'param': {'key': 'angle1', 'iterations': 3}}, {'name': 'save', 'param': {'key': 'rotate1'}}, {'name': 'calc_angle_set2', 'param': {'key': 'angle2', 'iterations': 3}}, {'name': 'save', 'param': {'key': 'rotate2'}}, {'name': 'threshold', 'param': {}}, {'name': 'morphology1', 'param': {}}, {'name': 'scale1', 'param': {'width': 500, 'height': 500}}, {'name': 'save', 'param': {'key': 'classify_preprocess'}}], 'result_file_list': [{'key': 'rotate1', 'path': '/opt/***/data/temp/563c255c-8983-4fa5-8ee7-81b78bc022a2/4de9f335-016d-44c1-b696-f6936fca7faf/rotate1.png'}, {'key': 'rotate2_1', 'path': '/opt/***/data/temp/563c255c-8983-4fa5-8ee7-81b78bc022a2/4de9f335-016d-44c1-b696-f6936fca7faf/rotate2_1.png'}, {'key': 'rotate2_2', 'path': '/opt/***/data/temp/563c255c-8983-4fa5-8ee7-81b78bc022a2/4de9f335-016d-44c1-b696-f6936fca7faf/rotate2_2.png'}, {'key': 'rotate2_3', 'path': '/opt/***/data/temp/563c255c-8983-4fa5-8ee7-81b78bc022a2/4de9f335-016d-44c1-b696-f6936fca7faf/rotate2_3.png'}, {'key': 'rotate2', 'path': '/opt/***/data/temp/563c255c-8983-4fa5-8ee7-81b78bc022a2/4de9f335-016d-44c1-b696-f6936fca7faf/rotate2.png'}, {'key': 'classify_preprocess', 'path': '/opt/***/data/temp/563c255c-8983-4fa5-8ee7-81b78bc022a2/4de9f335-016d-44c1-b696-f6936fca7faf/classify_preprocess.png'}]}}
[2025-06-16T13:06:24.880+0900] {taskinstance.py:341} INFO - ::group::Post task execution logs
[2025-06-16T13:06:24.881+0900] {taskinstance.py:353} INFO - Marking task as SUCCESS. dag_id=image_ocr_v2, task_id=img_preprocess_task, run_id=manual__2025-06-16T04:05:04.983051+00:00, map_index=16, execution_date=20250616T040504, start_date=20250616T040526, end_date=20250616T040624
[2025-06-16T13:06:25.030+0900] {local_task_job_runner.py:266} INFO - Task exited with return code 0
[2025-06-16T13:06:25.074+0900] {taskinstance.py:3901} INFO - 0 downstream tasks scheduled from follow-on schedule check
[2025-06-16T13:06:25.083+0900] {local_task_job_runner.py:245} INFO - ::endgroup::
