[2025-06-17T15:00:03.567+0900] {local_task_job_runner.py:123} INFO - ::group::Pre task execution logs
[2025-06-17T15:00:03.590+0900] {taskinstance.py:2614} INFO - Dependencies all met for dep_context=non-requeueable deps ti=<TaskInstance: image_ocr_v2.img_preprocess_task manual__2025-06-17T05:59:55.407126+00:00 map_index=3 [queued]>
[2025-06-17T15:00:03.603+0900] {taskinstance.py:2614} INFO - Dependencies all met for dep_context=requeueable deps ti=<TaskInstance: image_ocr_v2.img_preprocess_task manual__2025-06-17T05:59:55.407126+00:00 map_index=3 [queued]>
[2025-06-17T15:00:03.603+0900] {taskinstance.py:2867} INFO - Starting attempt 1 of 1
[2025-06-17T15:00:03.617+0900] {taskinstance.py:2890} INFO - Executing <Mapped(_PythonDecoratedOperator): img_preprocess_task> on 2025-06-17 05:59:55.407126+00:00
[2025-06-17T15:00:03.632+0900] {warnings.py:112} WARNING - /home/***/.local/lib/python3.12/site-packages/***/task/task_runner/standard_task_runner.py:70: DeprecationWarning: This process (pid=6101) is multi-threaded, use of fork() may lead to deadlocks in the child.
  pid = os.fork()

[2025-06-17T15:00:03.634+0900] {standard_task_runner.py:72} INFO - Started process 6161 to run task
[2025-06-17T15:00:03.634+0900] {standard_task_runner.py:104} INFO - Running: ['***', 'tasks', 'run', 'image_ocr_v2', 'img_preprocess_task', 'manual__2025-06-17T05:59:55.407126+00:00', '--job-id', '907', '--raw', '--subdir', 'DAGS_FOLDER/test_dag.py', '--cfg-path', '/tmp/tmpa6ob6zu5', '--map-index', '3']
[2025-06-17T15:00:03.638+0900] {standard_task_runner.py:105} INFO - Job 907: Subtask img_preprocess_task
[2025-06-17T15:00:03.685+0900] {task_command.py:467} INFO - Running <TaskInstance: image_ocr_v2.img_preprocess_task manual__2025-06-17T05:59:55.407126+00:00 map_index=3 [running]> on host f6d4228a9eb8
[2025-06-17T15:00:03.782+0900] {taskinstance.py:3134} INFO - Exporting env vars: AIRFLOW_CTX_DAG_OWNER='***' AIRFLOW_CTX_DAG_ID='image_ocr_v2' AIRFLOW_CTX_TASK_ID='img_preprocess_task' AIRFLOW_CTX_EXECUTION_DATE='2025-06-17T05:59:55.407126+00:00' AIRFLOW_CTX_TRY_NUMBER='1' AIRFLOW_CTX_DAG_RUN_ID='manual__2025-06-17T05:59:55.407126+00:00'
[2025-06-17T15:00:03.787+0900] {taskinstance.py:732} INFO - ::endgroup::
[2025-06-17T15:00:03.793+0900] {logging_mixin.py:190} INFO - empty map check {} {'process_id': '_2070bb62-1567-4831-bff8-d8c719b43c8d_pre', 'folder_path': '237b0d44-21d1-4363-bc70-2a163ce1eb24/2070bb62-1567-4831-bff8-d8c719b43c8d', 'step_list': [{'name': 'cache', 'param': {'key': 'origin'}}, {'name': 'calc_angle_set5', 'param': {'key': 'angle1', 'iterations': 4, 'iter_save': True}}, {'name': 'calc_angle_set2', 'param': {'key': 'angle2', 'iterations': 4, 'iter_save': True}}, {'name': 'threshold', 'param': {}}, {'name': 'save', 'param': {'key': 'classify_preprocess'}}], 'result_file_list': []}
[2025-06-17T15:00:03.794+0900] {logging_mixin.py:190} INFO - step : cache
[2025-06-17T15:00:03.796+0900] {logging_mixin.py:190} INFO - step : calc_angle_set5
[2025-06-17T15:00:19.352+0900] {logging_mixin.py:190} INFO - osd 1 0 0 0 0 [0, 0, 0, 0, 0, 0, 0, 0, 0, 0, 0, 0, 0, 0, 0, 0, 0, 0, 0, 0, 0, 0, 0, 0, 0, 0, 0, 0, 0, 0, 0, 0, 0, 0, 0, 0, 0, 0, 0, 0, 0]
[2025-06-17T15:00:19.742+0900] {logging_mixin.py:190} INFO - file_copy: /opt/***/data/temp/237b0d44-21d1-4363-bc70-2a163ce1eb24/2070bb62-1567-4831-bff8-d8c719b43c8d/rotate5_1_0.png
[2025-06-17T15:00:34.624+0900] {logging_mixin.py:190} INFO - osd 2 0 0 0 0 [0, 0, 0, 0, 0, 0, 0, 0, 0, 0, 0, 0, 0, 0, 0, 0, 0, 0, 0, 0, 0, 0, 0, 0, 0, 0, 0, 0, 0, 0, 0, 0, 0, 0, 0, 0, 0, 0, 0, 0, 0]
[2025-06-17T15:00:35.123+0900] {logging_mixin.py:190} INFO - file_copy: /opt/***/data/temp/237b0d44-21d1-4363-bc70-2a163ce1eb24/2070bb62-1567-4831-bff8-d8c719b43c8d/rotate5_2_0.png
[2025-06-17T15:00:50.251+0900] {logging_mixin.py:190} INFO - osd 3 0 0 0 0 [0, 0, 0, 0, 0, 0, 0, 0, 0, 0, 0, 0, 0, 0, 0, 0, 0, 0, 0, 0, 0, 0, 0, 0, 0, 0, 0, 0, 0, 0, 0, 0, 0, 0, 0, 0, 0, 0, 0, 0, 0]
[2025-06-17T15:00:51.039+0900] {logging_mixin.py:190} INFO - file_copy: /opt/***/data/temp/237b0d44-21d1-4363-bc70-2a163ce1eb24/2070bb62-1567-4831-bff8-d8c719b43c8d/rotate5_3_0.png
[2025-06-17T15:01:07.147+0900] {logging_mixin.py:190} INFO - osd 4 0 0 0 0 [0, 0, 0, 0, 0, 0, 0, 0, 0, 0, 0, 0, 0, 0, 0, 0, 0, 0, 0, 0, 0, 0, 0, 0, 0, 0, 0, 0, 0, 0, 0, 0, 0, 0, 0, 0, 0, 0, 0, 0, 0]
[2025-06-17T15:01:07.801+0900] {logging_mixin.py:190} INFO - file_copy: /opt/***/data/temp/237b0d44-21d1-4363-bc70-2a163ce1eb24/2070bb62-1567-4831-bff8-d8c719b43c8d/rotate5_4_0.png
[2025-06-17T15:01:07.886+0900] {logging_mixin.py:190} INFO - step : calc_angle_set2
[2025-06-17T15:01:12.311+0900] {logging_mixin.py:190} INFO - file_copy: /opt/***/data/temp/237b0d44-21d1-4363-bc70-2a163ce1eb24/2070bb62-1567-4831-bff8-d8c719b43c8d/rotate2_1.png
[2025-06-17T15:01:15.540+0900] {logging_mixin.py:190} INFO - osd 1 270 270 4.81 Latin 2.99
[2025-06-17T15:01:20.171+0900] {logging_mixin.py:190} INFO - file_copy: /opt/***/data/temp/237b0d44-21d1-4363-bc70-2a163ce1eb24/2070bb62-1567-4831-bff8-d8c719b43c8d/rotate2_2.png
[2025-06-17T15:01:22.554+0900] {logging_mixin.py:190} INFO - osd 2 450 180 4.22 Cyrillic 0.0
[2025-06-17T15:01:27.220+0900] {logging_mixin.py:190} INFO - file_copy: /opt/***/data/temp/237b0d44-21d1-4363-bc70-2a163ce1eb24/2070bb62-1567-4831-bff8-d8c719b43c8d/rotate2_3.png
[2025-06-17T15:01:29.861+0900] {logging_mixin.py:190} INFO - osd 3 break  450 0 3.64 Cyrillic 0.38
[2025-06-17T15:01:29.862+0900] {logging_mixin.py:190} INFO - step : threshold
[2025-06-17T15:01:29.865+0900] {logging_mixin.py:190} INFO - step : save
[2025-06-17T15:01:29.887+0900] {logging_mixin.py:190} INFO - file_copy: /opt/***/data/temp/237b0d44-21d1-4363-bc70-2a163ce1eb24/2070bb62-1567-4831-bff8-d8c719b43c8d/classify_preprocess.png
[2025-06-17T15:01:29.890+0900] {python.py:240} INFO - Done. Returned value was: {'file_id': '237b0d44-21d1-4363-bc70-2a163ce1eb24', 'file_path': '/opt/***/data/upload/Gas Engine 점검일지_ 2021년 2월.pdf-image-005.jpg', 'result': {'process_id': '_2070bb62-1567-4831-bff8-d8c719b43c8d_pre', 'folder_path': '237b0d44-21d1-4363-bc70-2a163ce1eb24/2070bb62-1567-4831-bff8-d8c719b43c8d', 'step_list': [{'name': 'cache', 'param': {'key': 'origin'}}, {'name': 'calc_angle_set5', 'param': {'key': 'angle1', 'iterations': 4, 'iter_save': True}}, {'name': 'calc_angle_set2', 'param': {'key': 'angle2', 'iterations': 4, 'iter_save': True}}, {'name': 'threshold', 'param': {}}, {'name': 'save', 'param': {'key': 'classify_preprocess'}}], 'result_file_list': [{'key': 'rotate5_1_0', 'path': '/opt/***/data/temp/237b0d44-21d1-4363-bc70-2a163ce1eb24/2070bb62-1567-4831-bff8-d8c719b43c8d/rotate5_1_0.png'}, {'key': 'rotate5_2_0', 'path': '/opt/***/data/temp/237b0d44-21d1-4363-bc70-2a163ce1eb24/2070bb62-1567-4831-bff8-d8c719b43c8d/rotate5_2_0.png'}, {'key': 'rotate5_3_0', 'path': '/opt/***/data/temp/237b0d44-21d1-4363-bc70-2a163ce1eb24/2070bb62-1567-4831-bff8-d8c719b43c8d/rotate5_3_0.png'}, {'key': 'rotate5_4_0', 'path': '/opt/***/data/temp/237b0d44-21d1-4363-bc70-2a163ce1eb24/2070bb62-1567-4831-bff8-d8c719b43c8d/rotate5_4_0.png'}, {'key': 'rotate2_1', 'path': '/opt/***/data/temp/237b0d44-21d1-4363-bc70-2a163ce1eb24/2070bb62-1567-4831-bff8-d8c719b43c8d/rotate2_1.png'}, {'key': 'rotate2_2', 'path': '/opt/***/data/temp/237b0d44-21d1-4363-bc70-2a163ce1eb24/2070bb62-1567-4831-bff8-d8c719b43c8d/rotate2_2.png'}, {'key': 'rotate2_3', 'path': '/opt/***/data/temp/237b0d44-21d1-4363-bc70-2a163ce1eb24/2070bb62-1567-4831-bff8-d8c719b43c8d/rotate2_3.png'}, {'key': 'classify_preprocess', 'path': '/opt/***/data/temp/237b0d44-21d1-4363-bc70-2a163ce1eb24/2070bb62-1567-4831-bff8-d8c719b43c8d/classify_preprocess.png'}]}}
[2025-06-17T15:01:29.919+0900] {taskinstance.py:341} INFO - ::group::Post task execution logs
[2025-06-17T15:01:29.919+0900] {taskinstance.py:353} INFO - Marking task as SUCCESS. dag_id=image_ocr_v2, task_id=img_preprocess_task, run_id=manual__2025-06-17T05:59:55.407126+00:00, map_index=3, execution_date=20250617T055955, start_date=20250617T060003, end_date=20250617T060129
[2025-06-17T15:01:29.954+0900] {local_task_job_runner.py:266} INFO - Task exited with return code 0
[2025-06-17T15:01:29.974+0900] {taskinstance.py:3901} INFO - 0 downstream tasks scheduled from follow-on schedule check
[2025-06-17T15:01:29.980+0900] {local_task_job_runner.py:245} INFO - ::endgroup::
