[2025-06-23T16:24:36.663+0900] {local_task_job_runner.py:123} INFO - ::group::Pre task execution logs
[2025-06-23T16:24:36.890+0900] {taskinstance.py:2614} INFO - Dependencies all met for dep_context=non-requeueable deps ti=<TaskInstance: lilt_document_classifier_balanced_V0.1.img_preprocess_task__1 manual__2025-06-23T06:45:10.371530+00:00 map_index=91 [queued]>
[2025-06-23T16:24:36.951+0900] {taskinstance.py:2614} INFO - Dependencies all met for dep_context=requeueable deps ti=<TaskInstance: lilt_document_classifier_balanced_V0.1.img_preprocess_task__1 manual__2025-06-23T06:45:10.371530+00:00 map_index=91 [queued]>
[2025-06-23T16:24:36.952+0900] {taskinstance.py:2867} INFO - Starting attempt 2 of 2
[2025-06-23T16:24:37.055+0900] {taskinstance.py:2890} INFO - Executing <Mapped(_PythonDecoratedOperator): img_preprocess_task__1> on 2025-06-23 06:45:10.371530+00:00
[2025-06-23T16:24:37.155+0900] {standard_task_runner.py:104} INFO - Running: ['***', 'tasks', 'run', 'lilt_document_classifier_balanced_V0.1', 'img_preprocess_task__1', 'manual__2025-06-23T06:45:10.371530+00:00', '--job-id', '3373', '--raw', '--subdir', 'DAGS_FOLDER/class_create_dag.py', '--cfg-path', '/tmp/tmp0jz7fd7r', '--map-index', '91']
[2025-06-23T16:24:37.176+0900] {standard_task_runner.py:105} INFO - Job 3373: Subtask img_preprocess_task__1
[2025-06-23T16:24:37.121+0900] {warnings.py:112} WARNING - /home/***/.local/lib/python3.12/site-packages/***/task/task_runner/standard_task_runner.py:70: DeprecationWarning: This process (pid=7211) is multi-threaded, use of fork() may lead to deadlocks in the child.
  pid = os.fork()

[2025-06-23T16:24:37.182+0900] {standard_task_runner.py:72} INFO - Started process 7225 to run task
[2025-06-23T16:24:37.515+0900] {task_command.py:467} INFO - Running <TaskInstance: lilt_document_classifier_balanced_V0.1.img_preprocess_task__1 manual__2025-06-23T06:45:10.371530+00:00 map_index=91 [running]> on host f6d4228a9eb8
[2025-06-23T16:24:38.107+0900] {taskinstance.py:3134} INFO - Exporting env vars: AIRFLOW_CTX_DAG_OWNER='***' AIRFLOW_CTX_DAG_ID='lilt_document_classifier_balanced_V0.1' AIRFLOW_CTX_TASK_ID='img_preprocess_task__1' AIRFLOW_CTX_EXECUTION_DATE='2025-06-23T06:45:10.371530+00:00' AIRFLOW_CTX_TRY_NUMBER='2' AIRFLOW_CTX_DAG_RUN_ID='manual__2025-06-23T06:45:10.371530+00:00'
[2025-06-23T16:24:38.116+0900] {taskinstance.py:732} INFO - ::endgroup::
[2025-06-23T16:24:38.136+0900] {logging_mixin.py:190} INFO - empty map check {} {'process_id': '_7b1a2219-901c-4305-9518-191091ef88cb_pre', 'folder_path': 'fad0064a-40c1-475b-aed8-81062b5cf1a6/7b1a2219-901c-4305-9518-191091ef88cb', 'step_list': [{'name': 'cache', 'param': {'key': 'origin'}}, {'name': 'calc_angle_set2', 'param': {'key': 'angle1', 'iterations': 4, 'iter_save': False}}, {'name': 'text_orientation_set', 'param': {'key': 'angle2', 'iterations': 4, 'iter_save': False}}, {'name': 'load', 'param': {'key': 'origin'}}, {'name': 'rotate', 'param': {'key': 'angle1'}}, {'name': 'rotate', 'param': {'key': 'angle2'}}], 'result_file_map': {}}
[2025-06-23T16:24:38.147+0900] {logging_mixin.py:190} INFO - step : cache
[2025-06-23T16:24:38.157+0900] {logging_mixin.py:190} INFO - step : calc_angle_set2
[2025-06-23T16:24:44.867+0900] {logging_mixin.py:190} INFO - osd 1 -1.25 -1.25 15 366 [0, 0, 0, 0, 0, 0, 0, 0, 0, 0, 0, 10, 40, 151, 173, 366, 277, 308, 214, 285, 132, 144, 78, 131, 48, 0, 10, 1, 0, 0, 0, 0, 0, 0, 0, 0, 0, 0, 0, 0, 0]
[2025-06-23T16:24:49.486+0900] {logging_mixin.py:190} INFO - osd 2 -1.0 0.25 21 1483 [0, 0, 0, 0, 0, 0, 0, 0, 0, 0, 0, 0, 0, 4, 0, 13, 106, 305, 592, 899, 904, 1483, 1036, 1257, 780, 496, 449, 320, 222, 113, 45, 19, 0, 0, 0, 0, 0, 0, 0, 0, 0]
[2025-06-23T16:24:54.813+0900] {logging_mixin.py:190} INFO - osd 3 -0.75 0.25 21 2728 [0, 0, 0, 0, 0, 0, 0, 0, 0, 0, 0, 0, 0, 10, 96, 189, 427, 850, 1429, 1803, 2106, 2728, 2259, 1884, 1509, 1203, 839, 542, 450, 167, 60, 23, 7, 0, 0, 0, 0, 0, 0, 0, 0]
[2025-06-23T16:25:02.071+0900] {logging_mixin.py:190} INFO - osd 4 -0.5 0.25 21 3786 [0, 0, 0, 0, 0, 0, 0, 0, 0, 0, 0, 13, 35, 112, 263, 475, 913, 1605, 2360, 2575, 2486, 3786, 2685, 2639, 1802, 1419, 793, 614, 336, 171, 22, 62, 10, 2, 0, 0, 0, 0, 0, 0, 0]
[2025-06-23T16:25:02.219+0900] {logging_mixin.py:190} INFO - step : text_orientation_set
[2025-06-23T16:25:09.733+0900] {logging_mixin.py:190} INFO - osd 1 180 180 0.32 Latin 0.33
[2025-06-23T16:25:15.641+0900] {logging_mixin.py:190} INFO - osd 2 break  180 0 1.36 Devanagari 0.14
[2025-06-23T16:25:15.643+0900] {logging_mixin.py:190} INFO - step : load
[2025-06-23T16:25:15.643+0900] {logging_mixin.py:190} INFO - step : rotate
[2025-06-23T16:25:15.842+0900] {logging_mixin.py:190} INFO - step : rotate
[2025-06-23T16:25:16.575+0900] {logging_mixin.py:190} INFO - file_copy: /opt/***/data/temp/fad0064a-40c1-475b-aed8-81062b5cf1a6/7b1a2219-901c-4305-9518-191091ef88cb/_result.png
[2025-06-23T16:25:16.585+0900] {python.py:240} INFO - Done. Returned value was: {'file_id': 'fad0064a-40c1-475b-aed8-81062b5cf1a6', 'file_path': '/opt/***/data/class/a_class/classify/ready/false/copied_73_2030137776.png', 'false': {'process_id': '_7b1a2219-901c-4305-9518-191091ef88cb_pre', 'folder_path': 'fad0064a-40c1-475b-aed8-81062b5cf1a6/7b1a2219-901c-4305-9518-191091ef88cb', 'step_list': [{'name': 'cache', 'param': {'key': 'origin'}}, {'name': 'calc_angle_set2', 'param': {'key': 'angle1', 'iterations': 4, 'iter_save': False}}, {'name': 'text_orientation_set', 'param': {'key': 'angle2', 'iterations': 4, 'iter_save': False}}, {'name': 'load', 'param': {'key': 'origin'}}, {'name': 'rotate', 'param': {'key': 'angle1'}}, {'name': 'rotate', 'param': {'key': 'angle2'}}], 'result_file_map': {'_result': '/opt/***/data/temp/fad0064a-40c1-475b-aed8-81062b5cf1a6/7b1a2219-901c-4305-9518-191091ef88cb/_result.png'}}}
[2025-06-23T16:25:16.639+0900] {taskinstance.py:341} INFO - ::group::Post task execution logs
[2025-06-23T16:25:16.640+0900] {taskinstance.py:353} INFO - Marking task as SUCCESS. dag_id=lilt_document_classifier_balanced_V0.1, task_id=img_preprocess_task__1, run_id=manual__2025-06-23T06:45:10.371530+00:00, map_index=91, execution_date=20250623T064510, start_date=20250623T072436, end_date=20250623T072516
[2025-06-23T16:25:16.940+0900] {local_task_job_runner.py:266} INFO - Task exited with return code 0
[2025-06-23T16:25:16.970+0900] {taskinstance.py:3901} INFO - 0 downstream tasks scheduled from follow-on schedule check
[2025-06-23T16:25:16.979+0900] {local_task_job_runner.py:245} INFO - ::endgroup::
