[2025-06-24T16:52:04.877+0900] {local_task_job_runner.py:123} INFO - ::group::Pre task execution logs
[2025-06-24T16:52:04.976+0900] {taskinstance.py:2614} INFO - Dependencies all met for dep_context=non-requeueable deps ti=<TaskInstance: lilt_document_classifier_balanced_V0.1.img_preprocess_task__1 manual__2025-06-24T07:39:02.784990+00:00 map_index=80 [queued]>
[2025-06-24T16:52:05.068+0900] {taskinstance.py:2614} INFO - Dependencies all met for dep_context=requeueable deps ti=<TaskInstance: lilt_document_classifier_balanced_V0.1.img_preprocess_task__1 manual__2025-06-24T07:39:02.784990+00:00 map_index=80 [queued]>
[2025-06-24T16:52:05.073+0900] {taskinstance.py:2867} INFO - Starting attempt 1 of 1
[2025-06-24T16:52:05.171+0900] {taskinstance.py:2890} INFO - Executing <Mapped(_PythonDecoratedOperator): img_preprocess_task__1> on 2025-06-24 07:39:02.784990+00:00
[2025-06-24T16:52:05.220+0900] {standard_task_runner.py:104} INFO - Running: ['***', 'tasks', 'run', 'lilt_document_classifier_balanced_V0.1', 'img_preprocess_task__1', 'manual__2025-06-24T07:39:02.784990+00:00', '--job-id', '4575', '--raw', '--subdir', 'DAGS_FOLDER/class_create_dag.py', '--cfg-path', '/tmp/tmpx8fotoyv', '--map-index', '80']
[2025-06-24T16:52:05.226+0900] {standard_task_runner.py:105} INFO - Job 4575: Subtask img_preprocess_task__1
[2025-06-24T16:52:05.223+0900] {warnings.py:112} WARNING - /home/***/.local/lib/python3.12/site-packages/***/task/task_runner/standard_task_runner.py:70: DeprecationWarning: This process (pid=56861) is multi-threaded, use of fork() may lead to deadlocks in the child.
  pid = os.fork()

[2025-06-24T16:52:05.236+0900] {standard_task_runner.py:72} INFO - Started process 56870 to run task
[2025-06-24T16:52:05.315+0900] {task_command.py:467} INFO - Running <TaskInstance: lilt_document_classifier_balanced_V0.1.img_preprocess_task__1 manual__2025-06-24T07:39:02.784990+00:00 map_index=80 [running]> on host f6d4228a9eb8
[2025-06-24T16:52:05.595+0900] {taskinstance.py:3134} INFO - Exporting env vars: AIRFLOW_CTX_DAG_OWNER='***' AIRFLOW_CTX_DAG_ID='lilt_document_classifier_balanced_V0.1' AIRFLOW_CTX_TASK_ID='img_preprocess_task__1' AIRFLOW_CTX_EXECUTION_DATE='2025-06-24T07:39:02.784990+00:00' AIRFLOW_CTX_TRY_NUMBER='1' AIRFLOW_CTX_DAG_RUN_ID='manual__2025-06-24T07:39:02.784990+00:00'
[2025-06-24T16:52:05.597+0900] {taskinstance.py:732} INFO - ::endgroup::
[2025-06-24T16:52:05.623+0900] {logging_mixin.py:190} INFO - empty map check {} {'process_id': '_942081f9-ac9f-48e3-aee0-789878c2791e_pre', 'folder_path': '4e4812e2-b38b-4300-b74d-082cf6b53f27/942081f9-ac9f-48e3-aee0-789878c2791e', 'step_list': [{'name': 'cache', 'param': {'key': 'origin'}}, {'name': 'calc_angle_set2', 'param': {'key': 'angle1', 'iterations': 4, 'iter_save': False}}, {'name': 'text_orientation_set', 'param': {'key': 'angle2', 'iterations': 4, 'iter_save': False}}, {'name': 'load', 'param': {'key': 'origin'}}, {'name': 'rotate', 'param': {'key': 'angle1'}}, {'name': 'rotate', 'param': {'key': 'angle2'}}], 'result_file_map': {}}
[2025-06-24T16:52:05.629+0900] {logging_mixin.py:190} INFO - step : cache
[2025-06-24T16:52:05.635+0900] {logging_mixin.py:190} INFO - step : calc_angle_set2
[2025-06-24T16:52:09.392+0900] {logging_mixin.py:190} INFO - osd 1 0 0 19 39 [0, 0, 0, 14, 3, 3, 4, 5, 5, 6, 20, 22, 22, 27, 24, 27, 27, 2, 38, 39, 29, 29, 29, 28, 28, 19, 0, 0, 0, 0, 0, 0, 0, 0, 0, 0, 0, 0, 0, 7, 0]
[2025-06-24T16:52:13.268+0900] {logging_mixin.py:190} INFO - osd 2 0 0 19 39 [0, 0, 0, 14, 3, 3, 4, 5, 5, 6, 20, 22, 22, 27, 24, 27, 27, 2, 38, 39, 29, 29, 29, 28, 28, 19, 0, 0, 0, 0, 0, 0, 0, 0, 0, 0, 0, 0, 0, 7, 0]
[2025-06-24T16:52:16.270+0900] {logging_mixin.py:190} INFO - osd 3 0 0 19 39 [0, 0, 0, 14, 3, 3, 4, 5, 5, 6, 20, 22, 22, 27, 24, 27, 27, 2, 38, 39, 29, 29, 29, 28, 28, 19, 0, 0, 0, 0, 0, 0, 0, 0, 0, 0, 0, 0, 0, 7, 0]
[2025-06-24T16:52:21.262+0900] {logging_mixin.py:190} INFO - osd 4 0 0 19 39 [0, 0, 0, 14, 3, 3, 4, 5, 5, 6, 20, 22, 22, 27, 24, 27, 27, 2, 38, 39, 29, 29, 29, 28, 28, 19, 0, 0, 0, 0, 0, 0, 0, 0, 0, 0, 0, 0, 0, 7, 0]
[2025-06-24T16:52:21.386+0900] {logging_mixin.py:190} INFO - step : text_orientation_set
[2025-06-24T16:52:24.924+0900] {logging_mixin.py:190} INFO - osd 1 90 90 1.7 Cyrillic 0.91
[2025-06-24T16:52:29.838+0900] {logging_mixin.py:190} INFO - osd 2 270 180 0.31 Cyrillic 0.39
[2025-06-24T16:52:33.104+0900] {logging_mixin.py:190} INFO - osd 3 break  270 0 0.15 Cyrillic 0.19
[2025-06-24T16:52:33.115+0900] {logging_mixin.py:190} INFO - step : load
[2025-06-24T16:52:33.115+0900] {logging_mixin.py:190} INFO - step : rotate
[2025-06-24T16:52:33.130+0900] {logging_mixin.py:190} INFO - step : rotate
[2025-06-24T16:52:33.236+0900] {logging_mixin.py:190} INFO - file_copy: /opt/***/data/temp/4e4812e2-b38b-4300-b74d-082cf6b53f27/942081f9-ac9f-48e3-aee0-789878c2791e/_result.png
[2025-06-24T16:52:33.269+0900] {python.py:240} INFO - Done. Returned value was: {'file_id': '4e4812e2-b38b-4300-b74d-082cf6b53f27', 'file_path': '/opt/***/data/class/a_class/classify/ready/false/copied_32_2075540991_0998.png', 'false': {'process_id': '_942081f9-ac9f-48e3-aee0-789878c2791e_pre', 'folder_path': '4e4812e2-b38b-4300-b74d-082cf6b53f27/942081f9-ac9f-48e3-aee0-789878c2791e', 'step_list': [{'name': 'cache', 'param': {'key': 'origin'}}, {'name': 'calc_angle_set2', 'param': {'key': 'angle1', 'iterations': 4, 'iter_save': False}}, {'name': 'text_orientation_set', 'param': {'key': 'angle2', 'iterations': 4, 'iter_save': False}}, {'name': 'load', 'param': {'key': 'origin'}}, {'name': 'rotate', 'param': {'key': 'angle1'}}, {'name': 'rotate', 'param': {'key': 'angle2'}}], 'result_file_map': {'_result': '/opt/***/data/temp/4e4812e2-b38b-4300-b74d-082cf6b53f27/942081f9-ac9f-48e3-aee0-789878c2791e/_result.png'}}}
[2025-06-24T16:52:33.346+0900] {taskinstance.py:341} INFO - ::group::Post task execution logs
[2025-06-24T16:52:33.349+0900] {taskinstance.py:353} INFO - Marking task as SUCCESS. dag_id=lilt_document_classifier_balanced_V0.1, task_id=img_preprocess_task__1, run_id=manual__2025-06-24T07:39:02.784990+00:00, map_index=80, execution_date=20250624T073902, start_date=20250624T075204, end_date=20250624T075233
[2025-06-24T16:52:33.485+0900] {local_task_job_runner.py:266} INFO - Task exited with return code 0
[2025-06-24T16:52:33.649+0900] {taskinstance.py:3901} INFO - 0 downstream tasks scheduled from follow-on schedule check
[2025-06-24T16:52:33.677+0900] {local_task_job_runner.py:245} INFO - ::endgroup::
