[2025-06-19T16:15:10.939+0900] {local_task_job_runner.py:123} INFO - ::group::Pre task execution logs
[2025-06-19T16:15:11.112+0900] {taskinstance.py:2614} INFO - Dependencies all met for dep_context=non-requeueable deps ti=<TaskInstance: lilt_document_classifier_balanced_V0.1.img_preprocess_task manual__2025-06-19T07:13:53.100355+00:00 map_index=5 [queued]>
[2025-06-19T16:15:11.216+0900] {taskinstance.py:2614} INFO - Dependencies all met for dep_context=requeueable deps ti=<TaskInstance: lilt_document_classifier_balanced_V0.1.img_preprocess_task manual__2025-06-19T07:13:53.100355+00:00 map_index=5 [queued]>
[2025-06-19T16:15:11.225+0900] {taskinstance.py:2867} INFO - Starting attempt 1 of 1
[2025-06-19T16:15:11.268+0900] {taskinstance.py:2890} INFO - Executing <Mapped(_PythonDecoratedOperator): img_preprocess_task> on 2025-06-19 07:13:53.100355+00:00
[2025-06-19T16:15:11.288+0900] {warnings.py:112} WARNING - /home/***/.local/lib/python3.12/site-packages/***/task/task_runner/standard_task_runner.py:70: DeprecationWarning: This process (pid=2637) is multi-threaded, use of fork() may lead to deadlocks in the child.
  pid = os.fork()

[2025-06-19T16:15:11.290+0900] {standard_task_runner.py:72} INFO - Started process 2784 to run task
[2025-06-19T16:15:11.295+0900] {standard_task_runner.py:104} INFO - Running: ['***', 'tasks', 'run', 'lilt_document_classifier_balanced_V0.1', 'img_preprocess_task', 'manual__2025-06-19T07:13:53.100355+00:00', '--job-id', '1456', '--raw', '--subdir', 'DAGS_FOLDER/class_create_dag.py', '--cfg-path', '/tmp/tmpr7blb47s', '--map-index', '5']
[2025-06-19T16:15:11.303+0900] {standard_task_runner.py:105} INFO - Job 1456: Subtask img_preprocess_task
[2025-06-19T16:15:11.450+0900] {task_command.py:467} INFO - Running <TaskInstance: lilt_document_classifier_balanced_V0.1.img_preprocess_task manual__2025-06-19T07:13:53.100355+00:00 map_index=5 [running]> on host f6d4228a9eb8
[2025-06-19T16:15:12.028+0900] {taskinstance.py:3134} INFO - Exporting env vars: AIRFLOW_CTX_DAG_OWNER='***' AIRFLOW_CTX_DAG_ID='lilt_document_classifier_balanced_V0.1' AIRFLOW_CTX_TASK_ID='img_preprocess_task' AIRFLOW_CTX_EXECUTION_DATE='2025-06-19T07:13:53.100355+00:00' AIRFLOW_CTX_TRY_NUMBER='1' AIRFLOW_CTX_DAG_RUN_ID='manual__2025-06-19T07:13:53.100355+00:00'
[2025-06-19T16:15:12.034+0900] {taskinstance.py:732} INFO - ::endgroup::
[2025-06-19T16:15:12.072+0900] {logging_mixin.py:190} INFO - empty map check {} {'process_id': '_1e71de72-d1bd-45c8-abf2-b9774eabc133_pre', 'folder_path': '1633a835-ea1d-4fa1-bb2e-5a45b71ea092/1e71de72-d1bd-45c8-abf2-b9774eabc133', 'step_list': [{'name': 'cache', 'param': {'key': 'origin'}}, {'name': 'calc_angle_set1', 'param': {'key': 'angle1', 'iterations': 4, 'iter_save': False}}, {'name': 'text_orientation_set', 'param': {'key': 'angle2', 'iterations': 4, 'iter_save': False}}, {'name': 'load', 'param': {'key': 'origin'}}, {'name': 'rotate', 'param': {'key': 'angle1'}}, {'name': 'rotate', 'param': {'key': 'angle2'}}], 'result_file_map': {}}
[2025-06-19T16:15:12.092+0900] {logging_mixin.py:190} INFO - step : cache
[2025-06-19T16:15:12.096+0900] {logging_mixin.py:190} INFO - step : calc_angle_set1
[2025-06-19T16:15:14.161+0900] {logging_mixin.py:190} INFO - step : text_orientation_set
[2025-06-19T16:15:28.771+0900] {logging_mixin.py:190} INFO - osd 1 break  0 0 8.22 Korean 1.56
[2025-06-19T16:15:28.777+0900] {logging_mixin.py:190} INFO - step : load
[2025-06-19T16:15:28.778+0900] {logging_mixin.py:190} INFO - step : rotate
[2025-06-19T16:15:28.952+0900] {logging_mixin.py:190} INFO - step : rotate
[2025-06-19T16:15:29.497+0900] {logging_mixin.py:190} INFO - file_copy: /opt/***/data/temp/1633a835-ea1d-4fa1-bb2e-5a45b71ea092/1e71de72-d1bd-45c8-abf2-b9774eabc133/_result.png
[2025-06-19T16:15:29.521+0900] {python.py:240} INFO - Done. Returned value was: {'file_id': '1633a835-ea1d-4fa1-bb2e-5a45b71ea092', 'file_path': '/opt/***/data/class/a_class/classify/ready/true/남양주시 정덕빌딩 - 정부24 - 건축물대장 등본(초본) 발급(열람) _ 문서출력_page_1_aug1.png', 'true': {'process_id': '_1e71de72-d1bd-45c8-abf2-b9774eabc133_pre', 'folder_path': '1633a835-ea1d-4fa1-bb2e-5a45b71ea092/1e71de72-d1bd-45c8-abf2-b9774eabc133', 'step_list': [{'name': 'cache', 'param': {'key': 'origin'}}, {'name': 'calc_angle_set1', 'param': {'key': 'angle1', 'iterations': 4, 'iter_save': False}}, {'name': 'text_orientation_set', 'param': {'key': 'angle2', 'iterations': 4, 'iter_save': False}}, {'name': 'load', 'param': {'key': 'origin'}}, {'name': 'rotate', 'param': {'key': 'angle1'}}, {'name': 'rotate', 'param': {'key': 'angle2'}}], 'result_file_map': {'_result': '/opt/***/data/temp/1633a835-ea1d-4fa1-bb2e-5a45b71ea092/1e71de72-d1bd-45c8-abf2-b9774eabc133/_result.png'}}}
[2025-06-19T16:15:29.620+0900] {taskinstance.py:341} INFO - ::group::Post task execution logs
[2025-06-19T16:15:29.627+0900] {taskinstance.py:353} INFO - Marking task as SUCCESS. dag_id=lilt_document_classifier_balanced_V0.1, task_id=img_preprocess_task, run_id=manual__2025-06-19T07:13:53.100355+00:00, map_index=5, execution_date=20250619T071353, start_date=20250619T071511, end_date=20250619T071529
[2025-06-19T16:15:29.806+0900] {local_task_job_runner.py:266} INFO - Task exited with return code 0
[2025-06-19T16:15:29.863+0900] {taskinstance.py:3901} INFO - 0 downstream tasks scheduled from follow-on schedule check
[2025-06-19T16:15:29.870+0900] {local_task_job_runner.py:245} INFO - ::endgroup::
