[2025-05-27T08:46:29.838+0000] {local_task_job_runner.py:123} INFO - ::group::Pre task execution logs
[2025-05-27T08:46:30.395+0000] {taskinstance.py:2614} INFO - Dependencies all met for dep_context=non-requeueable deps ti=<TaskInstance: image_processing_per_file_v2.preprocess_group.grayscale_task manual__2025-05-27T08:44:59.556038+00:00 map_index=73 [queued]>
[2025-05-27T08:46:30.594+0000] {taskinstance.py:2614} INFO - Dependencies all met for dep_context=requeueable deps ti=<TaskInstance: image_processing_per_file_v2.preprocess_group.grayscale_task manual__2025-05-27T08:44:59.556038+00:00 map_index=73 [queued]>
[2025-05-27T08:46:30.601+0000] {taskinstance.py:2867} INFO - Starting attempt 1 of 1
[2025-05-27T08:46:30.848+0000] {taskinstance.py:2890} INFO - Executing <Mapped(_PythonDecoratedOperator): preprocess_group.grayscale_task> on 2025-05-27 08:44:59.556038+00:00
[2025-05-27T08:46:31.000+0000] {standard_task_runner.py:104} INFO - Running: ['***', 'tasks', 'run', 'image_processing_per_file_v2', 'preprocess_group.grayscale_task', 'manual__2025-05-27T08:44:59.556038+00:00', '--job-id', '899', '--raw', '--subdir', 'DAGS_FOLDER/test_dag.py', '--cfg-path', '/tmp/tmp1pzq5y5n', '--map-index', '73']
[2025-05-27T08:46:31.003+0000] {standard_task_runner.py:105} INFO - Job 899: Subtask preprocess_group.grayscale_task
[2025-05-27T08:46:31.054+0000] {logging_mixin.py:190} WARNING - /home/***/.local/lib/python3.12/site-packages/***/task/task_runner/standard_task_runner.py:70 DeprecationWarning: This process (pid=26370) is multi-threaded, use of fork() may lead to deadlocks in the child.
[2025-05-27T08:46:31.074+0000] {standard_task_runner.py:72} INFO - Started process 26495 to run task
[2025-05-27T08:46:31.174+0000] {task_command.py:467} INFO - Running <TaskInstance: image_processing_per_file_v2.preprocess_group.grayscale_task manual__2025-05-27T08:44:59.556038+00:00 map_index=73 [running]> on host d13339a4a574
[2025-05-27T08:46:31.770+0000] {taskinstance.py:3134} INFO - Exporting env vars: AIRFLOW_CTX_DAG_OWNER='***' AIRFLOW_CTX_DAG_ID='image_processing_per_file_v2' AIRFLOW_CTX_TASK_ID='preprocess_group.grayscale_task' AIRFLOW_CTX_EXECUTION_DATE='2025-05-27T08:44:59.556038+00:00' AIRFLOW_CTX_TRY_NUMBER='1' AIRFLOW_CTX_DAG_RUN_ID='manual__2025-05-27T08:44:59.556038+00:00'
[2025-05-27T08:46:31.772+0000] {logging_mixin.py:190} INFO - Task instance is in running state
[2025-05-27T08:46:31.777+0000] {logging_mixin.py:190} INFO -  Previous state of the Task instance: queued
[2025-05-27T08:46:31.779+0000] {logging_mixin.py:190} INFO - Current task name:preprocess_group.grayscale_task state:running start_date:2025-05-27 08:46:30.411719+00:00
[2025-05-27T08:46:31.791+0000] {logging_mixin.py:190} INFO - Dag name:image_processing_per_file_v2 and current dag run status:running
[2025-05-27T08:46:31.795+0000] {taskinstance.py:732} INFO - ::endgroup::
[2025-05-27T08:46:31.812+0000] {logging_mixin.py:190} INFO - ----------file_path /opt/***/data/upload/test/스크린샷 2025-05-21 172720 - 복사본 (2) - 복사본 - 복사본.png
[2025-05-27T08:46:33.100+0000] {logging_mixin.py:190} INFO - gray: /opt/***/data/temp/스크린샷 2025-05-21 172720 - 복사본 (2) - 복사본 - 복사본.png
[2025-05-27T08:46:33.105+0000] {python.py:240} INFO - Done. Returned value was: /opt/***/data/temp/스크린샷 2025-05-21 172720 - 복사본 (2) - 복사본 - 복사본.png
[2025-05-27T08:46:33.345+0000] {taskinstance.py:341} INFO - ::group::Post task execution logs
[2025-05-27T08:46:33.345+0000] {taskinstance.py:353} INFO - Marking task as SUCCESS. dag_id=image_processing_per_file_v2, task_id=preprocess_group.grayscale_task, run_id=manual__2025-05-27T08:44:59.556038+00:00, map_index=73, execution_date=20250527T084459, start_date=20250527T084630, end_date=20250527T084633
[2025-05-27T08:46:33.583+0000] {logging_mixin.py:190} INFO - Task instance in success state
[2025-05-27T08:46:33.586+0000] {logging_mixin.py:190} INFO -  Previous state of the Task instance: running
[2025-05-27T08:46:33.594+0000] {logging_mixin.py:190} INFO - Dag name:image_processing_per_file_v2 queued_at:2025-05-27 08:44:59.620226+00:00
[2025-05-27T08:46:33.596+0000] {logging_mixin.py:190} INFO - Task hostname:d13339a4a574 operator:_PythonDecoratedOperator
[2025-05-27T08:46:33.762+0000] {local_task_job_runner.py:266} INFO - Task exited with return code 0
[2025-05-27T08:46:34.463+0000] {taskinstance.py:3901} INFO - 0 downstream tasks scheduled from follow-on schedule check
[2025-05-27T08:46:34.531+0000] {local_task_job_runner.py:245} INFO - ::endgroup::
