[2025-06-19T16:15:27.096+0900] {local_task_job_runner.py:123} INFO - ::group::Pre task execution logs
[2025-06-19T16:15:27.131+0900] {taskinstance.py:2614} INFO - Dependencies all met for dep_context=non-requeueable deps ti=<TaskInstance: lilt_document_classifier_balanced_V0.1.img_preprocess_task__1 manual__2025-06-19T07:13:53.100355+00:00 map_index=9 [queued]>
[2025-06-19T16:15:27.150+0900] {taskinstance.py:2614} INFO - Dependencies all met for dep_context=requeueable deps ti=<TaskInstance: lilt_document_classifier_balanced_V0.1.img_preprocess_task__1 manual__2025-06-19T07:13:53.100355+00:00 map_index=9 [queued]>
[2025-06-19T16:15:27.161+0900] {taskinstance.py:2867} INFO - Starting attempt 1 of 1
[2025-06-19T16:15:27.198+0900] {taskinstance.py:2890} INFO - Executing <Mapped(_PythonDecoratedOperator): img_preprocess_task__1> on 2025-06-19 07:13:53.100355+00:00
[2025-06-19T16:15:27.243+0900] {standard_task_runner.py:104} INFO - Running: ['***', 'tasks', 'run', 'lilt_document_classifier_balanced_V0.1', 'img_preprocess_task__1', 'manual__2025-06-19T07:13:53.100355+00:00', '--job-id', '1467', '--raw', '--subdir', 'DAGS_FOLDER/class_create_dag.py', '--cfg-path', '/tmp/tmp_8et2cr5', '--map-index', '9']
[2025-06-19T16:15:27.263+0900] {standard_task_runner.py:105} INFO - Job 1467: Subtask img_preprocess_task__1
[2025-06-19T16:15:27.243+0900] {warnings.py:112} WARNING - /home/***/.local/lib/python3.12/site-packages/***/task/task_runner/standard_task_runner.py:70: DeprecationWarning: This process (pid=2942) is multi-threaded, use of fork() may lead to deadlocks in the child.
  pid = os.fork()

[2025-06-19T16:15:27.269+0900] {standard_task_runner.py:72} INFO - Started process 2973 to run task
[2025-06-19T16:15:27.366+0900] {task_command.py:467} INFO - Running <TaskInstance: lilt_document_classifier_balanced_V0.1.img_preprocess_task__1 manual__2025-06-19T07:13:53.100355+00:00 map_index=9 [running]> on host f6d4228a9eb8
[2025-06-19T16:15:27.644+0900] {taskinstance.py:3134} INFO - Exporting env vars: AIRFLOW_CTX_DAG_OWNER='***' AIRFLOW_CTX_DAG_ID='lilt_document_classifier_balanced_V0.1' AIRFLOW_CTX_TASK_ID='img_preprocess_task__1' AIRFLOW_CTX_EXECUTION_DATE='2025-06-19T07:13:53.100355+00:00' AIRFLOW_CTX_TRY_NUMBER='1' AIRFLOW_CTX_DAG_RUN_ID='manual__2025-06-19T07:13:53.100355+00:00'
[2025-06-19T16:15:27.648+0900] {taskinstance.py:732} INFO - ::endgroup::
[2025-06-19T16:15:27.656+0900] {logging_mixin.py:190} INFO - empty map check {} {'process_id': '_a9567fe7-a13b-4502-861c-80574d85f48a_pre', 'folder_path': '03cf2572-94bc-4871-aee3-971b48c6150d/a9567fe7-a13b-4502-861c-80574d85f48a', 'step_list': [{'name': 'cache', 'param': {'key': 'origin'}}, {'name': 'calc_angle_set1', 'param': {'key': 'angle1', 'iterations': 4, 'iter_save': False}}, {'name': 'text_orientation_set', 'param': {'key': 'angle2', 'iterations': 4, 'iter_save': False}}, {'name': 'load', 'param': {'key': 'origin'}}, {'name': 'rotate', 'param': {'key': 'angle1'}}, {'name': 'rotate', 'param': {'key': 'angle2'}}], 'result_file_map': {}}
[2025-06-19T16:15:27.661+0900] {logging_mixin.py:190} INFO - step : cache
[2025-06-19T16:15:27.662+0900] {logging_mixin.py:190} INFO - step : calc_angle_set1
[2025-06-19T16:15:27.713+0900] {logging_mixin.py:190} INFO - angle1 :  0 81.6826541697057 89.46202726988774 121.6075022462489 0.8859465938542406 114.77514056883193
[2025-06-19T16:15:27.861+0900] {logging_mixin.py:190} INFO - step : text_orientation_set
[2025-06-19T16:15:31.759+0900] {logging_mixin.py:190} INFO - osd 1 90 90 0.28 Arabic 7.78
[2025-06-19T16:15:38.590+0900] {logging_mixin.py:190} INFO - osd 2 270 180 0.31 Arabic 0.18
[2025-06-19T16:15:45.283+0900] {logging_mixin.py:190} INFO - osd 3 break  270 0 0.4 Arabic 0.32
[2025-06-19T16:15:45.284+0900] {logging_mixin.py:190} INFO - step : load
[2025-06-19T16:15:45.288+0900] {logging_mixin.py:190} INFO - step : rotate
[2025-06-19T16:15:45.435+0900] {logging_mixin.py:190} INFO - step : rotate
[2025-06-19T16:15:45.708+0900] {logging_mixin.py:190} INFO - file_copy: /opt/***/data/temp/03cf2572-94bc-4871-aee3-971b48c6150d/a9567fe7-a13b-4502-861c-80574d85f48a/_result.png
[2025-06-19T16:15:45.742+0900] {python.py:240} INFO - Done. Returned value was: {'file_id': '03cf2572-94bc-4871-aee3-971b48c6150d', 'file_path': '/opt/***/data/class/a_class/classify/ready/false/copied_90_2031315601.png', 'false': {'process_id': '_a9567fe7-a13b-4502-861c-80574d85f48a_pre', 'folder_path': '03cf2572-94bc-4871-aee3-971b48c6150d/a9567fe7-a13b-4502-861c-80574d85f48a', 'step_list': [{'name': 'cache', 'param': {'key': 'origin'}}, {'name': 'calc_angle_set1', 'param': {'key': 'angle1', 'iterations': 4, 'iter_save': False}}, {'name': 'text_orientation_set', 'param': {'key': 'angle2', 'iterations': 4, 'iter_save': False}}, {'name': 'load', 'param': {'key': 'origin'}}, {'name': 'rotate', 'param': {'key': 'angle1'}}, {'name': 'rotate', 'param': {'key': 'angle2'}}], 'result_file_map': {'_result': '/opt/***/data/temp/03cf2572-94bc-4871-aee3-971b48c6150d/a9567fe7-a13b-4502-861c-80574d85f48a/_result.png'}}}
[2025-06-19T16:15:45.800+0900] {taskinstance.py:341} INFO - ::group::Post task execution logs
[2025-06-19T16:15:45.807+0900] {taskinstance.py:353} INFO - Marking task as SUCCESS. dag_id=lilt_document_classifier_balanced_V0.1, task_id=img_preprocess_task__1, run_id=manual__2025-06-19T07:13:53.100355+00:00, map_index=9, execution_date=20250619T071353, start_date=20250619T071527, end_date=20250619T071545
[2025-06-19T16:15:45.916+0900] {local_task_job_runner.py:266} INFO - Task exited with return code 0
[2025-06-19T16:15:46.171+0900] {taskinstance.py:3901} INFO - 0 downstream tasks scheduled from follow-on schedule check
[2025-06-19T16:15:46.192+0900] {local_task_job_runner.py:245} INFO - ::endgroup::
