[2025-06-25T09:51:56.301+0900] {local_task_job_runner.py:123} INFO - ::group::Pre task execution logs
[2025-06-25T09:51:56.322+0900] {taskinstance.py:2614} INFO - Dependencies all met for dep_context=non-requeueable deps ti=<TaskInstance: lilt_document_classifier_balanced_no_preprc_V0.1.train_lilt manual__2025-06-25T00:51:40.530630+00:00 [queued]>
[2025-06-25T09:51:56.331+0900] {taskinstance.py:2614} INFO - Dependencies all met for dep_context=requeueable deps ti=<TaskInstance: lilt_document_classifier_balanced_no_preprc_V0.1.train_lilt manual__2025-06-25T00:51:40.530630+00:00 [queued]>
[2025-06-25T09:51:56.332+0900] {taskinstance.py:2867} INFO - Starting attempt 1 of 1
[2025-06-25T09:51:56.347+0900] {taskinstance.py:2890} INFO - Executing <Task(_PythonDecoratedOperator): train_lilt> on 2025-06-25 00:51:40.530630+00:00
[2025-06-25T09:51:56.358+0900] {warnings.py:112} WARNING - /home/***/.local/lib/python3.12/site-packages/***/task/task_runner/standard_task_runner.py:70: DeprecationWarning: This process (pid=79464) is multi-threaded, use of fork() may lead to deadlocks in the child.
  pid = os.fork()

[2025-06-25T09:51:56.360+0900] {standard_task_runner.py:72} INFO - Started process 79480 to run task
[2025-06-25T09:51:56.361+0900] {standard_task_runner.py:104} INFO - Running: ['***', 'tasks', 'run', 'lilt_document_classifier_balanced_no_preprc_V0.1', 'train_lilt', 'manual__2025-06-25T00:51:40.530630+00:00', '--job-id', '5163', '--raw', '--subdir', 'DAGS_FOLDER/class_create_no_preprc_dag.py', '--cfg-path', '/tmp/tmpbacu2zjf']
[2025-06-25T09:51:56.364+0900] {standard_task_runner.py:105} INFO - Job 5163: Subtask train_lilt
[2025-06-25T09:51:56.413+0900] {task_command.py:467} INFO - Running <TaskInstance: lilt_document_classifier_balanced_no_preprc_V0.1.train_lilt manual__2025-06-25T00:51:40.530630+00:00 [running]> on host f6d4228a9eb8
[2025-06-25T09:51:56.524+0900] {taskinstance.py:3134} INFO - Exporting env vars: AIRFLOW_CTX_DAG_OWNER='***' AIRFLOW_CTX_DAG_ID='lilt_document_classifier_balanced_no_preprc_V0.1' AIRFLOW_CTX_TASK_ID='train_lilt' AIRFLOW_CTX_EXECUTION_DATE='2025-06-25T00:51:40.530630+00:00' AIRFLOW_CTX_TRY_NUMBER='1' AIRFLOW_CTX_DAG_RUN_ID='manual__2025-06-25T00:51:40.530630+00:00'
[2025-06-25T09:51:56.525+0900] {taskinstance.py:732} INFO - ::endgroup::
[2025-06-25T09:51:59.186+0900] {log.py:232} WARNING - Some weights of LiltForSequenceClassification were not initialized from the model checkpoint at SCUT-DLVCLab/lilt-roberta-en-base and are newly initialized: ['classifier.dense.bias', 'classifier.dense.weight', 'classifier.out_proj.bias', 'classifier.out_proj.weight']
You should probably TRAIN this model on a down-stream task to be able to use it for predictions and inference.
[2025-06-25T09:51:59.209+0900] {logging_mixin.py:190} INFO - Epoch 1
[2025-06-25T09:58:46.310+0900] {logging_mixin.py:190} INFO - Epoch 1 훈련 손실: 0.2900
[2025-06-25T09:59:53.828+0900] {logging_mixin.py:190} INFO - Epoch 1 검증 손실: 0.0027, 정확도: 200.00%
[2025-06-25T09:59:53.828+0900] {logging_mixin.py:190} INFO - Epoch 2
[2025-06-25T10:07:00.976+0900] {logging_mixin.py:190} INFO - Epoch 2 훈련 손실: 0.0026
[2025-06-25T10:08:10.878+0900] {logging_mixin.py:190} INFO - Epoch 2 검증 손실: 0.0009, 정확도: 200.00%
[2025-06-25T10:08:10.879+0900] {logging_mixin.py:190} INFO - Epoch 3
[2025-06-25T10:14:17.363+0900] {logging_mixin.py:190} INFO - Epoch 3 훈련 손실: 0.0013
[2025-06-25T10:15:25.531+0900] {logging_mixin.py:190} INFO - Epoch 3 검증 손실: 0.0006, 정확도: 200.00%
[2025-06-25T10:15:27.501+0900] {logging_mixin.py:190} INFO - 모델 저장 완료: /opt/***/data/class/a_class/classify/model
[2025-06-25T10:15:27.672+0900] {python.py:240} INFO - Done. Returned value was: /opt/***/data/class/a_class/classify/model
[2025-06-25T10:15:27.760+0900] {taskinstance.py:341} INFO - ::group::Post task execution logs
[2025-06-25T10:15:27.762+0900] {taskinstance.py:353} INFO - Marking task as SUCCESS. dag_id=lilt_document_classifier_balanced_no_preprc_V0.1, task_id=train_lilt, run_id=manual__2025-06-25T00:51:40.530630+00:00, execution_date=20250625T005140, start_date=20250625T005156, end_date=20250625T011527
[2025-06-25T10:15:28.077+0900] {local_task_job_runner.py:266} INFO - Task exited with return code 0
[2025-06-25T10:15:28.110+0900] {taskinstance.py:3901} INFO - 0 downstream tasks scheduled from follow-on schedule check
[2025-06-25T10:15:28.115+0900] {local_task_job_runner.py:245} INFO - ::endgroup::
