[2025-06-24T16:04:50.029+0900] {local_task_job_runner.py:123} INFO - ::group::Pre task execution logs
[2025-06-24T16:04:50.083+0900] {taskinstance.py:2614} INFO - Dependencies all met for dep_context=non-requeueable deps ti=<TaskInstance: lilt_document_classifier_balanced_V0.1.img_preprocess_task__1 manual__2025-06-24T06:53:42.323966+00:00 map_index=51 [queued]>
[2025-06-24T16:04:50.191+0900] {taskinstance.py:2614} INFO - Dependencies all met for dep_context=requeueable deps ti=<TaskInstance: lilt_document_classifier_balanced_V0.1.img_preprocess_task__1 manual__2025-06-24T06:53:42.323966+00:00 map_index=51 [queued]>
[2025-06-24T16:04:50.194+0900] {taskinstance.py:2867} INFO - Starting attempt 1 of 1
[2025-06-24T16:04:50.231+0900] {taskinstance.py:2890} INFO - Executing <Mapped(_PythonDecoratedOperator): img_preprocess_task__1> on 2025-06-24 06:53:42.323966+00:00
[2025-06-24T16:04:50.306+0900] {standard_task_runner.py:104} INFO - Running: ['***', 'tasks', 'run', 'lilt_document_classifier_balanced_V0.1', 'img_preprocess_task__1', 'manual__2025-06-24T06:53:42.323966+00:00', '--job-id', '4323', '--raw', '--subdir', 'DAGS_FOLDER/class_create_dag.py', '--cfg-path', '/tmp/tmp61ds0zxp', '--map-index', '51']
[2025-06-24T16:04:50.314+0900] {standard_task_runner.py:105} INFO - Job 4323: Subtask img_preprocess_task__1
[2025-06-24T16:04:50.303+0900] {warnings.py:112} WARNING - /home/***/.local/lib/python3.12/site-packages/***/task/task_runner/standard_task_runner.py:70: DeprecationWarning: This process (pid=49576) is multi-threaded, use of fork() may lead to deadlocks in the child.
  pid = os.fork()

[2025-06-24T16:04:50.405+0900] {standard_task_runner.py:72} INFO - Started process 49586 to run task
[2025-06-24T16:04:50.510+0900] {task_command.py:467} INFO - Running <TaskInstance: lilt_document_classifier_balanced_V0.1.img_preprocess_task__1 manual__2025-06-24T06:53:42.323966+00:00 map_index=51 [running]> on host f6d4228a9eb8
[2025-06-24T16:04:50.723+0900] {taskinstance.py:3134} INFO - Exporting env vars: AIRFLOW_CTX_DAG_OWNER='***' AIRFLOW_CTX_DAG_ID='lilt_document_classifier_balanced_V0.1' AIRFLOW_CTX_TASK_ID='img_preprocess_task__1' AIRFLOW_CTX_EXECUTION_DATE='2025-06-24T06:53:42.323966+00:00' AIRFLOW_CTX_TRY_NUMBER='1' AIRFLOW_CTX_DAG_RUN_ID='manual__2025-06-24T06:53:42.323966+00:00'
[2025-06-24T16:04:50.729+0900] {taskinstance.py:732} INFO - ::endgroup::
[2025-06-24T16:04:50.739+0900] {logging_mixin.py:190} INFO - empty map check {} {'process_id': '_ba0d9067-0d95-433f-a3fe-7fdf6769612a_pre', 'folder_path': '8c9e3cb9-6c6a-4a95-824f-23504e2c7ce5/ba0d9067-0d95-433f-a3fe-7fdf6769612a', 'step_list': [{'name': 'cache', 'param': {'key': 'origin'}}, {'name': 'calc_angle_set2', 'param': {'key': 'angle1', 'iterations': 4, 'iter_save': False}}, {'name': 'text_orientation_set', 'param': {'key': 'angle2', 'iterations': 4, 'iter_save': False}}, {'name': 'load', 'param': {'key': 'origin'}}, {'name': 'rotate', 'param': {'key': 'angle1'}}, {'name': 'rotate', 'param': {'key': 'angle2'}}], 'result_file_map': {}}
[2025-06-24T16:04:50.761+0900] {logging_mixin.py:190} INFO - step : cache
[2025-06-24T16:04:50.762+0900] {logging_mixin.py:190} INFO - step : calc_angle_set2
[2025-06-24T16:04:57.532+0900] {logging_mixin.py:190} INFO - osd 1 0.5 0.5 22 137 [0, 0, 0, 0, 0, 0, 0, 0, 0, 0, 0, 0, 0, 0, 21, 7, 30, 4, 65, 29, 0, 3, 137, 10, 40, 90, 45, 5, 22, 0, 0, 8, 0, 0, 0, 8, 1, 0, 0, 0, 0]
[2025-06-24T16:05:03.996+0900] {logging_mixin.py:190} INFO - osd 2 1.0 0.5 22 120 [0, 0, 0, 0, 0, 0, 0, 5, 0, 0, 0, 7, 0, 7, 34, 89, 55, 30, 70, 110, 1, 73, 120, 68, 25, 26, 2, 20, 19, 0, 19, 0, 0, 0, 0, 0, 0, 0, 0, 0, 0]
[2025-06-24T16:05:10.484+0900] {logging_mixin.py:190} INFO - osd 3 0.5 -0.5 18 195 [0, 0, 3, 7, 0, 6, 0, 0, 7, 6, 0, 12, 79, 51, 91, 86, 124, 77, 195, 64, 0, 30, 107, 35, 33, 24, 0, 5, 21, 0, 5, 0, 0, 0, 0, 0, 0, 0, 0, 0, 0]
[2025-06-24T16:05:16.519+0900] {logging_mixin.py:190} INFO - osd 4 0.25 -0.25 19 130 [0, 0, 0, 0, 0, 0, 0, 0, 5, 5, 0, 0, 46, 31, 32, 45, 53, 64, 79, 130, 0, 59, 114, 67, 14, 5, 9, 14, 0, 4, 4, 5, 0, 7, 0, 0, 0, 0, 0, 0, 0]
[2025-06-24T16:05:16.590+0900] {logging_mixin.py:190} INFO - step : text_orientation_set
[2025-06-24T16:05:23.300+0900] {logging_mixin.py:190} INFO - osd 1 break  0 0 5.14 Cyrillic 4.76
[2025-06-24T16:05:23.302+0900] {logging_mixin.py:190} INFO - step : load
[2025-06-24T16:05:23.303+0900] {logging_mixin.py:190} INFO - step : rotate
[2025-06-24T16:05:23.365+0900] {logging_mixin.py:190} INFO - step : rotate
[2025-06-24T16:05:23.423+0900] {logging_mixin.py:190} INFO - file_copy: /opt/***/data/temp/8c9e3cb9-6c6a-4a95-824f-23504e2c7ce5/ba0d9067-0d95-433f-a3fe-7fdf6769612a/_result.png
[2025-06-24T16:05:23.439+0900] {python.py:240} INFO - Done. Returned value was: {'file_id': '8c9e3cb9-6c6a-4a95-824f-23504e2c7ce5', 'file_path': '/opt/***/data/class/a_class/classify/ready/false/copied_85_2023039209_2023039253.png', 'false': {'process_id': '_ba0d9067-0d95-433f-a3fe-7fdf6769612a_pre', 'folder_path': '8c9e3cb9-6c6a-4a95-824f-23504e2c7ce5/ba0d9067-0d95-433f-a3fe-7fdf6769612a', 'step_list': [{'name': 'cache', 'param': {'key': 'origin'}}, {'name': 'calc_angle_set2', 'param': {'key': 'angle1', 'iterations': 4, 'iter_save': False}}, {'name': 'text_orientation_set', 'param': {'key': 'angle2', 'iterations': 4, 'iter_save': False}}, {'name': 'load', 'param': {'key': 'origin'}}, {'name': 'rotate', 'param': {'key': 'angle1'}}, {'name': 'rotate', 'param': {'key': 'angle2'}}], 'result_file_map': {'_result': '/opt/***/data/temp/8c9e3cb9-6c6a-4a95-824f-23504e2c7ce5/ba0d9067-0d95-433f-a3fe-7fdf6769612a/_result.png'}}}
[2025-06-24T16:05:23.505+0900] {taskinstance.py:341} INFO - ::group::Post task execution logs
[2025-06-24T16:05:23.505+0900] {taskinstance.py:353} INFO - Marking task as SUCCESS. dag_id=lilt_document_classifier_balanced_V0.1, task_id=img_preprocess_task__1, run_id=manual__2025-06-24T06:53:42.323966+00:00, map_index=51, execution_date=20250624T065342, start_date=20250624T070450, end_date=20250624T070523
[2025-06-24T16:05:23.604+0900] {local_task_job_runner.py:266} INFO - Task exited with return code 0
[2025-06-24T16:05:23.667+0900] {taskinstance.py:3901} INFO - 0 downstream tasks scheduled from follow-on schedule check
[2025-06-24T16:05:23.681+0900] {local_task_job_runner.py:245} INFO - ::endgroup::
