[2025-06-16T15:05:54.135+0900] {local_task_job_runner.py:123} INFO - ::group::Pre task execution logs
[2025-06-16T15:05:54.318+0900] {taskinstance.py:2614} INFO - Dependencies all met for dep_context=non-requeueable deps ti=<TaskInstance: layoutxlm_document_classifier_balanced_V0.1.img_preprocess_task manual__2025-06-16T06:05:04.414893+00:00 map_index=19 [queued]>
[2025-06-16T15:05:54.432+0900] {taskinstance.py:2614} INFO - Dependencies all met for dep_context=requeueable deps ti=<TaskInstance: layoutxlm_document_classifier_balanced_V0.1.img_preprocess_task manual__2025-06-16T06:05:04.414893+00:00 map_index=19 [queued]>
[2025-06-16T15:05:54.443+0900] {taskinstance.py:2867} INFO - Starting attempt 1 of 1
[2025-06-16T15:05:54.504+0900] {taskinstance.py:2890} INFO - Executing <Mapped(_PythonDecoratedOperator): img_preprocess_task> on 2025-06-16 06:05:04.414893+00:00
[2025-06-16T15:05:54.537+0900] {warnings.py:112} WARNING - /home/***/.local/lib/python3.12/site-packages/***/task/task_runner/standard_task_runner.py:70: DeprecationWarning: This process (pid=6251) is multi-threaded, use of fork() may lead to deadlocks in the child.
  pid = os.fork()

[2025-06-16T15:05:54.556+0900] {standard_task_runner.py:72} INFO - Started process 6276 to run task
[2025-06-16T15:05:54.542+0900] {standard_task_runner.py:104} INFO - Running: ['***', 'tasks', 'run', 'layoutxlm_document_classifier_balanced_V0.1', 'img_preprocess_task', 'manual__2025-06-16T06:05:04.414893+00:00', '--job-id', '355', '--raw', '--subdir', 'DAGS_FOLDER/class_create_dag.py', '--cfg-path', '/tmp/tmp7kep5jv3', '--map-index', '19']
[2025-06-16T15:05:54.568+0900] {standard_task_runner.py:105} INFO - Job 355: Subtask img_preprocess_task
[2025-06-16T15:05:54.687+0900] {task_command.py:467} INFO - Running <TaskInstance: layoutxlm_document_classifier_balanced_V0.1.img_preprocess_task manual__2025-06-16T06:05:04.414893+00:00 map_index=19 [running]> on host f6d4228a9eb8
[2025-06-16T15:05:54.989+0900] {taskinstance.py:3134} INFO - Exporting env vars: AIRFLOW_CTX_DAG_OWNER='***' AIRFLOW_CTX_DAG_ID='layoutxlm_document_classifier_balanced_V0.1' AIRFLOW_CTX_TASK_ID='img_preprocess_task' AIRFLOW_CTX_EXECUTION_DATE='2025-06-16T06:05:04.414893+00:00' AIRFLOW_CTX_TRY_NUMBER='1' AIRFLOW_CTX_DAG_RUN_ID='manual__2025-06-16T06:05:04.414893+00:00'
[2025-06-16T15:05:54.993+0900] {taskinstance.py:732} INFO - ::endgroup::
[2025-06-16T15:05:55.002+0900] {logging_mixin.py:190} INFO - empty map check {} {'process_id': '_67e26058-6c0f-468a-9ae4-4fe7b5bdce16_pre', 'folder_path': '7c3708b3-6075-4712-9d1f-0be5ca08a880/67e26058-6c0f-468a-9ae4-4fe7b5bdce16', 'step_list': [{'name': 'calc_angle_set1', 'param': {'key': 'angle1', 'iterations': 3}}, {'name': 'calc_angle_set2', 'param': {'key': 'angle2', 'iterations': 3}}, {'name': 'threshold', 'param': {}}, {'name': 'morphology1', 'param': {}}, {'name': 'save', 'param': {'key': 'classify_preprocess'}}], 'result_file_list': []}
[2025-06-16T15:05:55.004+0900] {logging_mixin.py:190} INFO - step : calc_angle_set1
[2025-06-16T15:05:55.154+0900] {logging_mixin.py:190} INFO - step : calc_angle_set2
[2025-06-16T15:06:13.487+0900] {logging_mixin.py:190} INFO - step : threshold
[2025-06-16T15:06:13.496+0900] {logging_mixin.py:190} INFO - step : morphology1
[2025-06-16T15:06:13.530+0900] {logging_mixin.py:190} INFO - step : save
[2025-06-16T15:06:13.682+0900] {logging_mixin.py:190} INFO - file_copy: /opt/***/data/temp/7c3708b3-6075-4712-9d1f-0be5ca08a880/67e26058-6c0f-468a-9ae4-4fe7b5bdce16/classify_preprocess.png
[2025-06-16T15:06:13.691+0900] {python.py:240} INFO - Done. Returned value was: {'file_id': '7c3708b3-6075-4712-9d1f-0be5ca08a880', 'file_path': '/opt/***/data/class/a_class/classify/origin/true/남산동 대흥빌딩 - 정부24 - 건축물대장 등본(초본) 발급(열람) _ 문서출력_page_1.png', 'true': {'process_id': '_67e26058-6c0f-468a-9ae4-4fe7b5bdce16_pre', 'folder_path': '7c3708b3-6075-4712-9d1f-0be5ca08a880/67e26058-6c0f-468a-9ae4-4fe7b5bdce16', 'step_list': [{'name': 'calc_angle_set1', 'param': {'key': 'angle1', 'iterations': 3}}, {'name': 'calc_angle_set2', 'param': {'key': 'angle2', 'iterations': 3}}, {'name': 'threshold', 'param': {}}, {'name': 'morphology1', 'param': {}}, {'name': 'save', 'param': {'key': 'classify_preprocess'}}], 'result_file_list': [{'key': 'classify_preprocess', 'path': '/opt/***/data/temp/7c3708b3-6075-4712-9d1f-0be5ca08a880/67e26058-6c0f-468a-9ae4-4fe7b5bdce16/classify_preprocess.png'}]}}
[2025-06-16T15:06:13.792+0900] {taskinstance.py:341} INFO - ::group::Post task execution logs
[2025-06-16T15:06:13.797+0900] {taskinstance.py:353} INFO - Marking task as SUCCESS. dag_id=layoutxlm_document_classifier_balanced_V0.1, task_id=img_preprocess_task, run_id=manual__2025-06-16T06:05:04.414893+00:00, map_index=19, execution_date=20250616T060504, start_date=20250616T060554, end_date=20250616T060613
[2025-06-16T15:06:13.950+0900] {local_task_job_runner.py:266} INFO - Task exited with return code 0
[2025-06-16T15:06:13.960+0900] {local_task_job_runner.py:245} INFO - ::endgroup::
