[2025-06-23T10:59:32.171+0900] {local_task_job_runner.py:123} INFO - ::group::Pre task execution logs
[2025-06-23T10:59:32.342+0900] {taskinstance.py:2614} INFO - Dependencies all met for dep_context=non-requeueable deps ti=<TaskInstance: lilt_document_classifier_balanced_V0.1.img_preprocess_task__1 manual__2025-06-23T01:55:15.838468+00:00 map_index=71 [queued]>
[2025-06-23T10:59:32.450+0900] {taskinstance.py:2614} INFO - Dependencies all met for dep_context=requeueable deps ti=<TaskInstance: lilt_document_classifier_balanced_V0.1.img_preprocess_task__1 manual__2025-06-23T01:55:15.838468+00:00 map_index=71 [queued]>
[2025-06-23T10:59:32.458+0900] {taskinstance.py:2867} INFO - Starting attempt 1 of 1
[2025-06-23T10:59:32.544+0900] {taskinstance.py:2890} INFO - Executing <Mapped(_PythonDecoratedOperator): img_preprocess_task__1> on 2025-06-23 01:55:15.838468+00:00
[2025-06-23T10:59:32.563+0900] {warnings.py:112} WARNING - /home/***/.local/lib/python3.12/site-packages/***/task/task_runner/standard_task_runner.py:70: DeprecationWarning: This process (pid=91877) is multi-threaded, use of fork() may lead to deadlocks in the child.
  pid = os.fork()

[2025-06-23T10:59:32.565+0900] {standard_task_runner.py:72} INFO - Started process 91958 to run task
[2025-06-23T10:59:32.568+0900] {standard_task_runner.py:104} INFO - Running: ['***', 'tasks', 'run', 'lilt_document_classifier_balanced_V0.1', 'img_preprocess_task__1', 'manual__2025-06-23T01:55:15.838468+00:00', '--job-id', '2425', '--raw', '--subdir', 'DAGS_FOLDER/class_create_dag.py', '--cfg-path', '/tmp/tmpa2vyyc4e', '--map-index', '71']
[2025-06-23T10:59:32.580+0900] {standard_task_runner.py:105} INFO - Job 2425: Subtask img_preprocess_task__1
[2025-06-23T10:59:32.685+0900] {task_command.py:467} INFO - Running <TaskInstance: lilt_document_classifier_balanced_V0.1.img_preprocess_task__1 manual__2025-06-23T01:55:15.838468+00:00 map_index=71 [running]> on host f6d4228a9eb8
[2025-06-23T10:59:33.380+0900] {taskinstance.py:3134} INFO - Exporting env vars: AIRFLOW_CTX_DAG_OWNER='***' AIRFLOW_CTX_DAG_ID='lilt_document_classifier_balanced_V0.1' AIRFLOW_CTX_TASK_ID='img_preprocess_task__1' AIRFLOW_CTX_EXECUTION_DATE='2025-06-23T01:55:15.838468+00:00' AIRFLOW_CTX_TRY_NUMBER='1' AIRFLOW_CTX_DAG_RUN_ID='manual__2025-06-23T01:55:15.838468+00:00'
[2025-06-23T10:59:33.398+0900] {taskinstance.py:732} INFO - ::endgroup::
[2025-06-23T10:59:33.493+0900] {logging_mixin.py:190} INFO - empty map check {} {'process_id': '_6c60f70f-b889-4699-afac-43c4d37c49a5_pre', 'folder_path': '25e60e61-7728-48ea-ba2a-62a50abc358a/6c60f70f-b889-4699-afac-43c4d37c49a5', 'step_list': [{'name': 'cache', 'param': {'key': 'origin'}}, {'name': 'calc_angle_set1', 'param': {'key': 'angle1', 'iterations': 4, 'iter_save': False}}, {'name': 'text_orientation_set', 'param': {'key': 'angle2', 'iterations': 4, 'iter_save': False}}, {'name': 'load', 'param': {'key': 'origin'}}, {'name': 'rotate', 'param': {'key': 'angle1'}}, {'name': 'rotate', 'param': {'key': 'angle2'}}], 'result_file_map': {}}
[2025-06-23T10:59:33.500+0900] {logging_mixin.py:190} INFO - step : cache
[2025-06-23T10:59:33.504+0900] {logging_mixin.py:190} INFO - step : calc_angle_set1
[2025-06-23T10:59:33.871+0900] {logging_mixin.py:190} INFO - step : text_orientation_set
[2025-06-23T10:59:42.800+0900] {logging_mixin.py:190} INFO - osd 1 break  0 0 1.33 Cyrillic 3.33
[2025-06-23T10:59:42.801+0900] {logging_mixin.py:190} INFO - step : load
[2025-06-23T10:59:42.829+0900] {logging_mixin.py:190} INFO - step : rotate
[2025-06-23T10:59:42.914+0900] {logging_mixin.py:190} INFO - step : rotate
[2025-06-23T10:59:43.067+0900] {logging_mixin.py:190} INFO - file_copy: /opt/***/data/temp/25e60e61-7728-48ea-ba2a-62a50abc358a/6c60f70f-b889-4699-afac-43c4d37c49a5/_result.png
[2025-06-23T10:59:43.411+0900] {python.py:240} INFO - Done. Returned value was: {'file_id': '25e60e61-7728-48ea-ba2a-62a50abc358a', 'file_path': '/opt/***/data/class/a_class/classify/ready/false/copied_27_10350654_10350655.png', 'false': {'process_id': '_6c60f70f-b889-4699-afac-43c4d37c49a5_pre', 'folder_path': '25e60e61-7728-48ea-ba2a-62a50abc358a/6c60f70f-b889-4699-afac-43c4d37c49a5', 'step_list': [{'name': 'cache', 'param': {'key': 'origin'}}, {'name': 'calc_angle_set1', 'param': {'key': 'angle1', 'iterations': 4, 'iter_save': False}}, {'name': 'text_orientation_set', 'param': {'key': 'angle2', 'iterations': 4, 'iter_save': False}}, {'name': 'load', 'param': {'key': 'origin'}}, {'name': 'rotate', 'param': {'key': 'angle1'}}, {'name': 'rotate', 'param': {'key': 'angle2'}}], 'result_file_map': {'_result': '/opt/***/data/temp/25e60e61-7728-48ea-ba2a-62a50abc358a/6c60f70f-b889-4699-afac-43c4d37c49a5/_result.png'}}}
[2025-06-23T10:59:43.665+0900] {taskinstance.py:341} INFO - ::group::Post task execution logs
[2025-06-23T10:59:43.708+0900] {taskinstance.py:353} INFO - Marking task as SUCCESS. dag_id=lilt_document_classifier_balanced_V0.1, task_id=img_preprocess_task__1, run_id=manual__2025-06-23T01:55:15.838468+00:00, map_index=71, execution_date=20250623T015515, start_date=20250623T015932, end_date=20250623T015943
[2025-06-23T10:59:44.293+0900] {local_task_job_runner.py:266} INFO - Task exited with return code 0
[2025-06-23T10:59:44.362+0900] {taskinstance.py:3901} INFO - 0 downstream tasks scheduled from follow-on schedule check
[2025-06-23T10:59:44.382+0900] {local_task_job_runner.py:245} INFO - ::endgroup::
