[2025-06-25T09:26:10.080+0900] {local_task_job_runner.py:123} INFO - ::group::Pre task execution logs
[2025-06-25T09:26:10.145+0900] {taskinstance.py:2614} INFO - Dependencies all met for dep_context=non-requeueable deps ti=<TaskInstance: lilt_document_classifier_balanced_V0.1.img_preprocess_task__1 manual__2025-06-25T00:18:31.692203+00:00 map_index=57 [queued]>
[2025-06-25T09:26:10.180+0900] {taskinstance.py:2614} INFO - Dependencies all met for dep_context=requeueable deps ti=<TaskInstance: lilt_document_classifier_balanced_V0.1.img_preprocess_task__1 manual__2025-06-25T00:18:31.692203+00:00 map_index=57 [queued]>
[2025-06-25T09:26:10.180+0900] {taskinstance.py:2867} INFO - Starting attempt 1 of 1
[2025-06-25T09:26:10.214+0900] {taskinstance.py:2890} INFO - Executing <Mapped(_PythonDecoratedOperator): img_preprocess_task__1> on 2025-06-25 00:18:31.692203+00:00
[2025-06-25T09:26:10.265+0900] {standard_task_runner.py:104} INFO - Running: ['***', 'tasks', 'run', 'lilt_document_classifier_balanced_V0.1', 'img_preprocess_task__1', 'manual__2025-06-25T00:18:31.692203+00:00', '--job-id', '5087', '--raw', '--subdir', 'DAGS_FOLDER/class_create_dag.py', '--cfg-path', '/tmp/tmp8iev3ypk', '--map-index', '57']
[2025-06-25T09:26:10.270+0900] {standard_task_runner.py:105} INFO - Job 5087: Subtask img_preprocess_task__1
[2025-06-25T09:26:10.261+0900] {warnings.py:112} WARNING - /home/***/.local/lib/python3.12/site-packages/***/task/task_runner/standard_task_runner.py:70: DeprecationWarning: This process (pid=77713) is multi-threaded, use of fork() may lead to deadlocks in the child.
  pid = os.fork()

[2025-06-25T09:26:10.284+0900] {standard_task_runner.py:72} INFO - Started process 77725 to run task
[2025-06-25T09:26:10.347+0900] {task_command.py:467} INFO - Running <TaskInstance: lilt_document_classifier_balanced_V0.1.img_preprocess_task__1 manual__2025-06-25T00:18:31.692203+00:00 map_index=57 [running]> on host f6d4228a9eb8
[2025-06-25T09:26:10.628+0900] {taskinstance.py:3134} INFO - Exporting env vars: AIRFLOW_CTX_DAG_OWNER='***' AIRFLOW_CTX_DAG_ID='lilt_document_classifier_balanced_V0.1' AIRFLOW_CTX_TASK_ID='img_preprocess_task__1' AIRFLOW_CTX_EXECUTION_DATE='2025-06-25T00:18:31.692203+00:00' AIRFLOW_CTX_TRY_NUMBER='1' AIRFLOW_CTX_DAG_RUN_ID='manual__2025-06-25T00:18:31.692203+00:00'
[2025-06-25T09:26:10.631+0900] {taskinstance.py:732} INFO - ::endgroup::
[2025-06-25T09:26:10.644+0900] {logging_mixin.py:190} INFO - empty map check {} {'process_id': '_4faa40a2-e342-49a2-a9df-f22dcfae2ca3_pre', 'folder_path': '7bc0dd0f-70f5-4819-977b-3cda8cb20e5d/4faa40a2-e342-49a2-a9df-f22dcfae2ca3', 'step_list': [{'name': 'cache', 'param': {'cache_key': 'origin'}}, {'name': 'calc_angle_set2', 'param': {'angle_key': 'angle2_1', 'delta': 8.0, 'limit': 40, 'iterations': 2, 'iter_save': False}}, {'name': 'calc_angle_set2', 'param': {'angle_key': 'angle2_2', 'delta': 1.0, 'limit': 8, 'iterations': 2, 'iter_save': False}}, {'name': 'calc_angle_set2', 'param': {'angle_key': 'angle2_3', 'delta': 0.125, 'limit': 1, 'iterations': 2, 'iter_save': False}}, {'name': 'text_orientation_set', 'param': {'angle_key': 'orint', 'iterations': 3, 'iter_save': False}}, {'name': 'load', 'param': {'cache_key': 'origin'}}, {'name': 'rotate', 'param': {'angle_key': 'angle2_1'}}, {'name': 'rotate', 'param': {'angle_key': 'angle2_2'}}, {'name': 'rotate', 'param': {'angle_key': 'angle2_3'}}, {'name': 'rotate', 'param': {'angle_key': 'orint'}}], 'result_file_map': {}}
[2025-06-25T09:26:10.672+0900] {logging_mixin.py:190} INFO - step : cache
[2025-06-25T09:26:10.677+0900] {logging_mixin.py:190} INFO - step : calc_angle_set2
[2025-06-25T09:26:12.113+0900] {logging_mixin.py:190} INFO - osd 1 0.0 0.0 5 169877 [99045, 103174, 114906, 129588, 144134, 169877, 152605, 129696, 114853, 107456, 100220]
[2025-06-25T09:26:13.698+0900] {logging_mixin.py:190} INFO - osd 2 0.0 0.0 5 169877 [99045, 103174, 114906, 129588, 144134, 169877, 152605, 129696, 114853, 107456, 100220]
[2025-06-25T09:26:13.737+0900] {logging_mixin.py:190} INFO - step : calc_angle_set2
[2025-06-25T09:26:15.057+0900] {logging_mixin.py:190} INFO - osd 1 1.0 1.0 9 172622 [144134, 146267, 148990, 152211, 156358, 159614, 163971, 168080, 169877, 172622, 171069, 167846, 164906, 161746, 158797, 155153, 152605]
[2025-06-25T09:26:17.370+0900] {logging_mixin.py:190} INFO - osd 2 0.0 -1.0 7 165598 [140828, 143567, 147163, 150594, 153968, 158408, 163445, 165598, 164578, 164612, 161748, 159399, 155993, 153025, 150211, 147165, 143802]
[2025-06-25T09:26:17.434+0900] {logging_mixin.py:190} INFO - step : calc_angle_set2
[2025-06-25T09:26:19.389+0900] {logging_mixin.py:190} INFO - osd 1 0.875 0.875 15 163842 [159755, 160108, 159491, 159690, 160727, 161561, 161176, 161808, 160928, 162913, 163079, 162719, 162707, 162197, 163219, 163842, 163658]
[2025-06-25T09:26:21.594+0900] {logging_mixin.py:190} INFO - osd 2 0.5 -0.375 5 159470 [157413, 157942, 158224, 158754, 158116, 159470, 158054, 158441, 158321, 158202, 159070, 159320, 158725, 158821, 159174, 158407, 158191]
[2025-06-25T09:26:21.693+0900] {logging_mixin.py:190} INFO - step : text_orientation_set
[2025-06-25T09:26:25.418+0900] {logging_mixin.py:190} INFO - osd 1 270 270 0.22 Arabic 2.22
[2025-06-25T09:26:28.955+0900] {logging_mixin.py:190} INFO - osd 2 450 180 0.79 Latin 0.83
[2025-06-25T09:26:34.289+0900] {logging_mixin.py:190} INFO - osd 3 break  450 0 0.73 Latin 2.5
[2025-06-25T09:26:34.292+0900] {logging_mixin.py:190} INFO - step : load
[2025-06-25T09:26:34.302+0900] {logging_mixin.py:190} INFO - step : rotate
[2025-06-25T09:26:34.344+0900] {logging_mixin.py:190} INFO - step : rotate
[2025-06-25T09:26:34.345+0900] {logging_mixin.py:190} INFO - step : rotate
[2025-06-25T09:26:34.384+0900] {logging_mixin.py:190} INFO - step : rotate
[2025-06-25T09:26:34.551+0900] {logging_mixin.py:190} INFO - file_copy: /opt/***/data/temp/7bc0dd0f-70f5-4819-977b-3cda8cb20e5d/4faa40a2-e342-49a2-a9df-f22dcfae2ca3/_result.png
[2025-06-25T09:26:34.565+0900] {python.py:240} INFO - Done. Returned value was: {'file_id': '7bc0dd0f-70f5-4819-977b-3cda8cb20e5d', 'file_path': '/opt/***/data/class/a_class/classify/ready/false/copied_11_2053453414.png', 'false': {'process_id': '_4faa40a2-e342-49a2-a9df-f22dcfae2ca3_pre', 'folder_path': '7bc0dd0f-70f5-4819-977b-3cda8cb20e5d/4faa40a2-e342-49a2-a9df-f22dcfae2ca3', 'step_list': [{'name': 'cache', 'param': {'cache_key': 'origin'}}, {'name': 'calc_angle_set2', 'param': {'angle_key': 'angle2_1', 'delta': 8.0, 'limit': 40, 'iterations': 2, 'iter_save': False}}, {'name': 'calc_angle_set2', 'param': {'angle_key': 'angle2_2', 'delta': 1.0, 'limit': 8, 'iterations': 2, 'iter_save': False}}, {'name': 'calc_angle_set2', 'param': {'angle_key': 'angle2_3', 'delta': 0.125, 'limit': 1, 'iterations': 2, 'iter_save': False}}, {'name': 'text_orientation_set', 'param': {'angle_key': 'orint', 'iterations': 3, 'iter_save': False}}, {'name': 'load', 'param': {'cache_key': 'origin'}}, {'name': 'rotate', 'param': {'angle_key': 'angle2_1'}}, {'name': 'rotate', 'param': {'angle_key': 'angle2_2'}}, {'name': 'rotate', 'param': {'angle_key': 'angle2_3'}}, {'name': 'rotate', 'param': {'angle_key': 'orint'}}], 'result_file_map': {'_result': '/opt/***/data/temp/7bc0dd0f-70f5-4819-977b-3cda8cb20e5d/4faa40a2-e342-49a2-a9df-f22dcfae2ca3/_result.png'}}}
[2025-06-25T09:26:34.617+0900] {taskinstance.py:341} INFO - ::group::Post task execution logs
[2025-06-25T09:26:34.618+0900] {taskinstance.py:353} INFO - Marking task as SUCCESS. dag_id=lilt_document_classifier_balanced_V0.1, task_id=img_preprocess_task__1, run_id=manual__2025-06-25T00:18:31.692203+00:00, map_index=57, execution_date=20250625T001831, start_date=20250625T002610, end_date=20250625T002634
[2025-06-25T09:26:34.741+0900] {local_task_job_runner.py:266} INFO - Task exited with return code 0
[2025-06-25T09:26:34.800+0900] {taskinstance.py:3901} INFO - 0 downstream tasks scheduled from follow-on schedule check
[2025-06-25T09:26:34.804+0900] {local_task_job_runner.py:245} INFO - ::endgroup::
