[2025-06-16T15:09:53.775+0900] {local_task_job_runner.py:123} INFO - ::group::Pre task execution logs
[2025-06-16T15:09:53.830+0900] {taskinstance.py:2614} INFO - Dependencies all met for dep_context=non-requeueable deps ti=<TaskInstance: layoutxlm_document_classifier_balanced_V0.1.img_preprocess_task__1 manual__2025-06-16T06:08:52.365949+00:00 map_index=26 [queued]>
[2025-06-16T15:09:53.882+0900] {taskinstance.py:2614} INFO - Dependencies all met for dep_context=requeueable deps ti=<TaskInstance: layoutxlm_document_classifier_balanced_V0.1.img_preprocess_task__1 manual__2025-06-16T06:08:52.365949+00:00 map_index=26 [queued]>
[2025-06-16T15:09:53.888+0900] {taskinstance.py:2867} INFO - Starting attempt 1 of 1
[2025-06-16T15:09:53.930+0900] {taskinstance.py:2890} INFO - Executing <Mapped(_PythonDecoratedOperator): img_preprocess_task__1> on 2025-06-16 06:08:52.365949+00:00
[2025-06-16T15:09:53.987+0900] {warnings.py:112} WARNING - /home/***/.local/lib/python3.12/site-packages/***/task/task_runner/standard_task_runner.py:70: DeprecationWarning: This process (pid=7163) is multi-threaded, use of fork() may lead to deadlocks in the child.
  pid = os.fork()

[2025-06-16T15:09:54.012+0900] {standard_task_runner.py:72} INFO - Started process 7221 to run task
[2025-06-16T15:09:53.977+0900] {standard_task_runner.py:104} INFO - Running: ['***', 'tasks', 'run', 'layoutxlm_document_classifier_balanced_V0.1', 'img_preprocess_task__1', 'manual__2025-06-16T06:08:52.365949+00:00', '--job-id', '433', '--raw', '--subdir', 'DAGS_FOLDER/class_create_dag.py', '--cfg-path', '/tmp/tmpm9rww14z', '--map-index', '26']
[2025-06-16T15:09:54.025+0900] {standard_task_runner.py:105} INFO - Job 433: Subtask img_preprocess_task__1
[2025-06-16T15:09:54.229+0900] {task_command.py:467} INFO - Running <TaskInstance: layoutxlm_document_classifier_balanced_V0.1.img_preprocess_task__1 manual__2025-06-16T06:08:52.365949+00:00 map_index=26 [running]> on host f6d4228a9eb8
[2025-06-16T15:09:54.621+0900] {taskinstance.py:3134} INFO - Exporting env vars: AIRFLOW_CTX_DAG_OWNER='***' AIRFLOW_CTX_DAG_ID='layoutxlm_document_classifier_balanced_V0.1' AIRFLOW_CTX_TASK_ID='img_preprocess_task__1' AIRFLOW_CTX_EXECUTION_DATE='2025-06-16T06:08:52.365949+00:00' AIRFLOW_CTX_TRY_NUMBER='1' AIRFLOW_CTX_DAG_RUN_ID='manual__2025-06-16T06:08:52.365949+00:00'
[2025-06-16T15:09:54.634+0900] {taskinstance.py:732} INFO - ::endgroup::
[2025-06-16T15:09:54.662+0900] {logging_mixin.py:190} INFO - empty map check {} {'process_id': '_66dc0ccb-3ce3-44e5-81cc-6109f29b3da9_pre', 'folder_path': '2833fd7c-ea41-4e81-8e3e-5f6597b3e735/66dc0ccb-3ce3-44e5-81cc-6109f29b3da9', 'step_list': [{'name': 'calc_angle_set1', 'param': {'key': 'angle1', 'iterations': 3}}, {'name': 'calc_angle_set2', 'param': {'key': 'angle2', 'iterations': 3}}, {'name': 'threshold', 'param': {}}, {'name': 'morphology1', 'param': {}}, {'name': 'save', 'param': {'key': 'classify_preprocess'}}], 'result_file_list': []}
[2025-06-16T15:09:54.682+0900] {logging_mixin.py:190} INFO - step : calc_angle_set1
[2025-06-16T15:09:54.796+0900] {logging_mixin.py:190} INFO - step : calc_angle_set2
[2025-06-16T15:10:03.079+0900] {logging_mixin.py:190} INFO - step : threshold
[2025-06-16T15:10:03.095+0900] {logging_mixin.py:190} INFO - step : morphology1
[2025-06-16T15:10:03.114+0900] {logging_mixin.py:190} INFO - step : save
[2025-06-16T15:10:03.219+0900] {logging_mixin.py:190} INFO - file_copy: /opt/***/data/temp/2833fd7c-ea41-4e81-8e3e-5f6597b3e735/66dc0ccb-3ce3-44e5-81cc-6109f29b3da9/classify_preprocess.png
[2025-06-16T15:10:03.236+0900] {python.py:240} INFO - Done. Returned value was: {'file_id': '2833fd7c-ea41-4e81-8e3e-5f6597b3e735', 'file_path': '/opt/***/data/class/a_class/classify/origin/false/copied_5_50473299-3299.png', 'false': {'process_id': '_66dc0ccb-3ce3-44e5-81cc-6109f29b3da9_pre', 'folder_path': '2833fd7c-ea41-4e81-8e3e-5f6597b3e735/66dc0ccb-3ce3-44e5-81cc-6109f29b3da9', 'step_list': [{'name': 'calc_angle_set1', 'param': {'key': 'angle1', 'iterations': 3}}, {'name': 'calc_angle_set2', 'param': {'key': 'angle2', 'iterations': 3}}, {'name': 'threshold', 'param': {}}, {'name': 'morphology1', 'param': {}}, {'name': 'save', 'param': {'key': 'classify_preprocess'}}], 'result_file_list': [{'key': 'classify_preprocess', 'path': '/opt/***/data/temp/2833fd7c-ea41-4e81-8e3e-5f6597b3e735/66dc0ccb-3ce3-44e5-81cc-6109f29b3da9/classify_preprocess.png'}]}}
[2025-06-16T15:10:03.348+0900] {taskinstance.py:341} INFO - ::group::Post task execution logs
[2025-06-16T15:10:03.349+0900] {taskinstance.py:353} INFO - Marking task as SUCCESS. dag_id=layoutxlm_document_classifier_balanced_V0.1, task_id=img_preprocess_task__1, run_id=manual__2025-06-16T06:08:52.365949+00:00, map_index=26, execution_date=20250616T060852, start_date=20250616T060953, end_date=20250616T061003
[2025-06-16T15:10:03.540+0900] {local_task_job_runner.py:266} INFO - Task exited with return code 0
[2025-06-16T15:10:03.563+0900] {local_task_job_runner.py:245} INFO - ::endgroup::
