[2025-06-25T09:28:51.775+0900] {local_task_job_runner.py:123} INFO - ::group::Pre task execution logs
[2025-06-25T09:28:51.836+0900] {taskinstance.py:2614} INFO - Dependencies all met for dep_context=non-requeueable deps ti=<TaskInstance: lilt_document_classifier_balanced_V0.1.img_preprocess_task__1 manual__2025-06-25T00:18:31.692203+00:00 map_index=79 [queued]>
[2025-06-25T09:28:51.941+0900] {taskinstance.py:2614} INFO - Dependencies all met for dep_context=requeueable deps ti=<TaskInstance: lilt_document_classifier_balanced_V0.1.img_preprocess_task__1 manual__2025-06-25T00:18:31.692203+00:00 map_index=79 [queued]>
[2025-06-25T09:28:51.948+0900] {taskinstance.py:2867} INFO - Starting attempt 1 of 1
[2025-06-25T09:28:52.007+0900] {taskinstance.py:2890} INFO - Executing <Mapped(_PythonDecoratedOperator): img_preprocess_task__1> on 2025-06-25 00:18:31.692203+00:00
[2025-06-25T09:28:52.089+0900] {warnings.py:112} WARNING - /home/***/.local/lib/python3.12/site-packages/***/task/task_runner/standard_task_runner.py:70: DeprecationWarning: This process (pid=78571) is multi-threaded, use of fork() may lead to deadlocks in the child.
  pid = os.fork()

[2025-06-25T09:28:52.098+0900] {standard_task_runner.py:72} INFO - Started process 78609 to run task
[2025-06-25T09:28:52.101+0900] {standard_task_runner.py:104} INFO - Running: ['***', 'tasks', 'run', 'lilt_document_classifier_balanced_V0.1', 'img_preprocess_task__1', 'manual__2025-06-25T00:18:31.692203+00:00', '--job-id', '5130', '--raw', '--subdir', 'DAGS_FOLDER/class_create_dag.py', '--cfg-path', '/tmp/tmpk06nshb2', '--map-index', '79']
[2025-06-25T09:28:52.112+0900] {standard_task_runner.py:105} INFO - Job 5130: Subtask img_preprocess_task__1
[2025-06-25T09:28:52.284+0900] {task_command.py:467} INFO - Running <TaskInstance: lilt_document_classifier_balanced_V0.1.img_preprocess_task__1 manual__2025-06-25T00:18:31.692203+00:00 map_index=79 [running]> on host f6d4228a9eb8
[2025-06-25T09:28:52.637+0900] {taskinstance.py:3134} INFO - Exporting env vars: AIRFLOW_CTX_DAG_OWNER='***' AIRFLOW_CTX_DAG_ID='lilt_document_classifier_balanced_V0.1' AIRFLOW_CTX_TASK_ID='img_preprocess_task__1' AIRFLOW_CTX_EXECUTION_DATE='2025-06-25T00:18:31.692203+00:00' AIRFLOW_CTX_TRY_NUMBER='1' AIRFLOW_CTX_DAG_RUN_ID='manual__2025-06-25T00:18:31.692203+00:00'
[2025-06-25T09:28:52.647+0900] {taskinstance.py:732} INFO - ::endgroup::
[2025-06-25T09:28:52.658+0900] {logging_mixin.py:190} INFO - empty map check {} {'process_id': '_b95b456e-79d0-44c0-963b-4157e0ff7f61_pre', 'folder_path': 'db4884e2-1e34-4d64-b9e3-202f3e517a96/b95b456e-79d0-44c0-963b-4157e0ff7f61', 'step_list': [{'name': 'cache', 'param': {'cache_key': 'origin'}}, {'name': 'calc_angle_set2', 'param': {'angle_key': 'angle2_1', 'delta': 8.0, 'limit': 40, 'iterations': 2, 'iter_save': False}}, {'name': 'calc_angle_set2', 'param': {'angle_key': 'angle2_2', 'delta': 1.0, 'limit': 8, 'iterations': 2, 'iter_save': False}}, {'name': 'calc_angle_set2', 'param': {'angle_key': 'angle2_3', 'delta': 0.125, 'limit': 1, 'iterations': 2, 'iter_save': False}}, {'name': 'text_orientation_set', 'param': {'angle_key': 'orint', 'iterations': 3, 'iter_save': False}}, {'name': 'load', 'param': {'cache_key': 'origin'}}, {'name': 'rotate', 'param': {'angle_key': 'angle2_1'}}, {'name': 'rotate', 'param': {'angle_key': 'angle2_2'}}, {'name': 'rotate', 'param': {'angle_key': 'angle2_3'}}, {'name': 'rotate', 'param': {'angle_key': 'orint'}}], 'result_file_map': {}}
[2025-06-25T09:28:52.671+0900] {logging_mixin.py:190} INFO - step : cache
[2025-06-25T09:28:52.674+0900] {logging_mixin.py:190} INFO - step : calc_angle_set2
[2025-06-25T09:28:54.130+0900] {logging_mixin.py:190} INFO - osd 1 0.0 0.0 5 25358 [12178, 13346, 15161, 17909, 21657, 25358, 18817, 15125, 12662, 11586, 11443]
[2025-06-25T09:28:56.228+0900] {logging_mixin.py:190} INFO - osd 2 0.0 0.0 5 25358 [12178, 13346, 15161, 17909, 21657, 25358, 18817, 15125, 12662, 11586, 11443]
[2025-06-25T09:28:56.256+0900] {logging_mixin.py:190} INFO - step : calc_angle_set2
[2025-06-25T09:28:58.186+0900] {logging_mixin.py:190} INFO - osd 1 -1.0 -1.0 7 27175 [21657, 22320, 22883, 23610, 24169, 25265, 26326, 27175, 25358, 26947, 25160, 23919, 22240, 21640, 21046, 19547, 18817]
[2025-06-25T09:28:59.744+0900] {logging_mixin.py:190} INFO - osd 2 0.0 1.0 9 25679 [20061, 21110, 21043, 22109, 23108, 22885, 23776, 24750, 23978, 25679, 24652, 24057, 22819, 21492, 20123, 19295, 18606]
[2025-06-25T09:28:59.765+0900] {logging_mixin.py:190} INFO - step : calc_angle_set2
[2025-06-25T09:29:00.858+0900] {logging_mixin.py:190} INFO - osd 1 -0.125 -0.125 7 25690 [24645, 24848, 25228, 25527, 25273, 25424, 24991, 25690, 23296, 25314, 24749, 25199, 25016, 24071, 24874, 24470, 24806]
[2025-06-25T09:29:02.412+0900] {logging_mixin.py:190} INFO - osd 2 -0.25 -0.125 7 24931 [24275, 23970, 24280, 24167, 24581, 24678, 24462, 24931, 23365, 24346, 24216, 24123, 24225, 24408, 23984, 23719, 23566]
[2025-06-25T09:29:02.462+0900] {logging_mixin.py:190} INFO - step : text_orientation_set
[2025-06-25T09:29:05.916+0900] {logging_mixin.py:190} INFO - Tesseract OSD Error: (1, 'Estimating resolution as 171 Warning. Invalid resolution 0 dpi. Using 70 instead. Too few characters. Skipping this page Error during processing.')
[2025-06-25T09:29:05.919+0900] {logging_mixin.py:190} INFO - step : load
[2025-06-25T09:29:05.923+0900] {logging_mixin.py:190} INFO - step : rotate
[2025-06-25T09:29:05.932+0900] {logging_mixin.py:190} INFO - step : rotate
[2025-06-25T09:29:05.936+0900] {logging_mixin.py:190} INFO - step : rotate
[2025-06-25T09:29:05.964+0900] {logging_mixin.py:190} INFO - step : rotate
[2025-06-25T09:29:06.100+0900] {logging_mixin.py:190} INFO - file_copy: /opt/***/data/temp/db4884e2-1e34-4d64-b9e3-202f3e517a96/b95b456e-79d0-44c0-963b-4157e0ff7f61/_result.png
[2025-06-25T09:29:06.118+0900] {python.py:240} INFO - Done. Returned value was: {'file_id': 'db4884e2-1e34-4d64-b9e3-202f3e517a96', 'file_path': '/opt/***/data/class/a_class/classify/ready/false/copied_1_1003044854.png', 'false': {'process_id': '_b95b456e-79d0-44c0-963b-4157e0ff7f61_pre', 'folder_path': 'db4884e2-1e34-4d64-b9e3-202f3e517a96/b95b456e-79d0-44c0-963b-4157e0ff7f61', 'step_list': [{'name': 'cache', 'param': {'cache_key': 'origin'}}, {'name': 'calc_angle_set2', 'param': {'angle_key': 'angle2_1', 'delta': 8.0, 'limit': 40, 'iterations': 2, 'iter_save': False}}, {'name': 'calc_angle_set2', 'param': {'angle_key': 'angle2_2', 'delta': 1.0, 'limit': 8, 'iterations': 2, 'iter_save': False}}, {'name': 'calc_angle_set2', 'param': {'angle_key': 'angle2_3', 'delta': 0.125, 'limit': 1, 'iterations': 2, 'iter_save': False}}, {'name': 'text_orientation_set', 'param': {'angle_key': 'orint', 'iterations': 3, 'iter_save': False}}, {'name': 'load', 'param': {'cache_key': 'origin'}}, {'name': 'rotate', 'param': {'angle_key': 'angle2_1'}}, {'name': 'rotate', 'param': {'angle_key': 'angle2_2'}}, {'name': 'rotate', 'param': {'angle_key': 'angle2_3'}}, {'name': 'rotate', 'param': {'angle_key': 'orint'}}], 'result_file_map': {'_result': '/opt/***/data/temp/db4884e2-1e34-4d64-b9e3-202f3e517a96/b95b456e-79d0-44c0-963b-4157e0ff7f61/_result.png'}}}
[2025-06-25T09:29:06.155+0900] {taskinstance.py:341} INFO - ::group::Post task execution logs
[2025-06-25T09:29:06.157+0900] {taskinstance.py:353} INFO - Marking task as SUCCESS. dag_id=lilt_document_classifier_balanced_V0.1, task_id=img_preprocess_task__1, run_id=manual__2025-06-25T00:18:31.692203+00:00, map_index=79, execution_date=20250625T001831, start_date=20250625T002851, end_date=20250625T002906
[2025-06-25T09:29:06.240+0900] {local_task_job_runner.py:266} INFO - Task exited with return code 0
[2025-06-25T09:29:06.349+0900] {taskinstance.py:3901} INFO - 0 downstream tasks scheduled from follow-on schedule check
[2025-06-25T09:29:06.357+0900] {local_task_job_runner.py:245} INFO - ::endgroup::
