[2025-06-23T16:09:02.808+0900] {local_task_job_runner.py:123} INFO - ::group::Pre task execution logs
[2025-06-23T16:09:02.904+0900] {taskinstance.py:2614} INFO - Dependencies all met for dep_context=non-requeueable deps ti=<TaskInstance: lilt_document_classifier_balanced_V0.1.img_preprocess_task__1 manual__2025-06-23T06:45:10.371530+00:00 map_index=58 [queued]>
[2025-06-23T16:09:02.994+0900] {taskinstance.py:2614} INFO - Dependencies all met for dep_context=requeueable deps ti=<TaskInstance: lilt_document_classifier_balanced_V0.1.img_preprocess_task__1 manual__2025-06-23T06:45:10.371530+00:00 map_index=58 [queued]>
[2025-06-23T16:09:03.003+0900] {taskinstance.py:2867} INFO - Starting attempt 2 of 2
[2025-06-23T16:09:03.042+0900] {taskinstance.py:2890} INFO - Executing <Mapped(_PythonDecoratedOperator): img_preprocess_task__1> on 2025-06-23 06:45:10.371530+00:00
[2025-06-23T16:09:03.096+0900] {standard_task_runner.py:104} INFO - Running: ['***', 'tasks', 'run', 'lilt_document_classifier_balanced_V0.1', 'img_preprocess_task__1', 'manual__2025-06-23T06:45:10.371530+00:00', '--job-id', '3260', '--raw', '--subdir', 'DAGS_FOLDER/class_create_dag.py', '--cfg-path', '/tmp/tmp_cm_5yeh', '--map-index', '58']
[2025-06-23T16:09:03.102+0900] {standard_task_runner.py:105} INFO - Job 3260: Subtask img_preprocess_task__1
[2025-06-23T16:09:03.108+0900] {warnings.py:112} WARNING - /home/***/.local/lib/python3.12/site-packages/***/task/task_runner/standard_task_runner.py:70: DeprecationWarning: This process (pid=4863) is multi-threaded, use of fork() may lead to deadlocks in the child.
  pid = os.fork()

[2025-06-23T16:09:03.111+0900] {standard_task_runner.py:72} INFO - Started process 4887 to run task
[2025-06-23T16:09:03.212+0900] {task_command.py:467} INFO - Running <TaskInstance: lilt_document_classifier_balanced_V0.1.img_preprocess_task__1 manual__2025-06-23T06:45:10.371530+00:00 map_index=58 [running]> on host f6d4228a9eb8
[2025-06-23T16:09:03.442+0900] {taskinstance.py:3134} INFO - Exporting env vars: AIRFLOW_CTX_DAG_OWNER='***' AIRFLOW_CTX_DAG_ID='lilt_document_classifier_balanced_V0.1' AIRFLOW_CTX_TASK_ID='img_preprocess_task__1' AIRFLOW_CTX_EXECUTION_DATE='2025-06-23T06:45:10.371530+00:00' AIRFLOW_CTX_TRY_NUMBER='2' AIRFLOW_CTX_DAG_RUN_ID='manual__2025-06-23T06:45:10.371530+00:00'
[2025-06-23T16:09:03.446+0900] {taskinstance.py:732} INFO - ::endgroup::
[2025-06-23T16:09:03.470+0900] {logging_mixin.py:190} INFO - empty map check {} {'process_id': '_02c05159-4214-40b4-900a-65de47103a14_pre', 'folder_path': '49bbd712-a124-473d-9b6f-446d68f5c060/02c05159-4214-40b4-900a-65de47103a14', 'step_list': [{'name': 'cache', 'param': {'key': 'origin'}}, {'name': 'calc_angle_set2', 'param': {'key': 'angle1', 'iterations': 4, 'iter_save': False}}, {'name': 'text_orientation_set', 'param': {'key': 'angle2', 'iterations': 4, 'iter_save': False}}, {'name': 'load', 'param': {'key': 'origin'}}, {'name': 'rotate', 'param': {'key': 'angle1'}}, {'name': 'rotate', 'param': {'key': 'angle2'}}], 'result_file_map': {}}
[2025-06-23T16:09:03.484+0900] {logging_mixin.py:190} INFO - step : cache
[2025-06-23T16:09:03.486+0900] {logging_mixin.py:190} INFO - step : calc_angle_set2
[2025-06-23T16:09:09.606+0900] {logging_mixin.py:190} INFO - osd 1 -5.0 -5.0 0 48411 [48411, 46138, 43110, 40164, 37263, 34602, 32017, 29586, 27422, 25511, 23244, 21657, 20060, 18511, 16969, 15560, 14168, 12930, 12471, 12115, 12491, 12732, 12512, 12327, 12657, 13107, 13993, 14653, 15634, 16636, 17486, 19044, 20090, 21354, 22775, 24370, 26109, 27921, 29899, 31993, 33418]
[2025-06-23T16:09:18.326+0900] {logging_mixin.py:190} INFO - osd 2 -10.0 -5.0 0 150055 [150055, 145197, 140552, 135945, 130011, 125443, 120890, 115082, 110659, 104893, 100510, 96095, 90554, 86203, 80759, 76429, 71185, 65853, 61881, 56813, 53028, 55809, 59698, 62543, 66748, 70961, 74373, 78951, 82440, 87352, 91116, 95063, 100636, 104924, 110818, 115091, 119558, 125701, 130895, 136689, 141258]
[2025-06-23T16:09:27.592+0900] {logging_mixin.py:190} INFO - osd 3 -15.0 -5.0 0 264978 [264978, 257337, 251307, 244304, 237185, 231512, 225019, 218301, 211898, 206897, 200633, 194433, 188220, 182248, 176204, 170130, 165225, 159188, 153253, 147317, 141595, 146270, 151110, 156084, 161164, 165120, 170274, 175680, 180880, 186398, 192045, 197746, 202119, 208012, 213692, 219393, 223943, 229916, 235780, 240419, 246137]
[2025-06-23T16:09:40.454+0900] {logging_mixin.py:190} INFO - osd 4 -20.0 -5.0 0 421967 [421967, 412696, 403496, 394383, 385344, 376436, 367463, 357299, 348756, 340114, 331728, 323304, 313578, 305398, 297433, 288113, 280128, 272490, 263715, 256384, 249187, 255056, 260816, 267921, 273987, 280475, 288024, 294263, 300563, 308314, 314800, 321254, 327769, 334175, 342139, 348564, 355099, 361564, 368293, 374769, 381304]
[2025-06-23T16:09:40.538+0900] {logging_mixin.py:190} INFO - step : text_orientation_set
[2025-06-23T16:09:53.371+0900] {logging_mixin.py:190} INFO - osd 1 180 180 3.54 Japanese 0.08
[2025-06-23T16:10:02.494+0900] {logging_mixin.py:190} INFO - osd 2 break  180 0 4.24 Japanese 0.13
[2025-06-23T16:10:02.498+0900] {logging_mixin.py:190} INFO - step : load
[2025-06-23T16:10:02.498+0900] {logging_mixin.py:190} INFO - step : rotate
[2025-06-23T16:10:02.781+0900] {logging_mixin.py:190} INFO - step : rotate
[2025-06-23T16:10:03.017+0900] {logging_mixin.py:190} INFO - file_copy: /opt/***/data/temp/49bbd712-a124-473d-9b6f-446d68f5c060/02c05159-4214-40b4-900a-65de47103a14/_result.png
[2025-06-23T16:10:03.034+0900] {python.py:240} INFO - Done. Returned value was: {'file_id': '49bbd712-a124-473d-9b6f-446d68f5c060', 'file_path': '/opt/***/data/class/a_class/classify/ready/false/copied_80_518396587+-6587.png', 'false': {'process_id': '_02c05159-4214-40b4-900a-65de47103a14_pre', 'folder_path': '49bbd712-a124-473d-9b6f-446d68f5c060/02c05159-4214-40b4-900a-65de47103a14', 'step_list': [{'name': 'cache', 'param': {'key': 'origin'}}, {'name': 'calc_angle_set2', 'param': {'key': 'angle1', 'iterations': 4, 'iter_save': False}}, {'name': 'text_orientation_set', 'param': {'key': 'angle2', 'iterations': 4, 'iter_save': False}}, {'name': 'load', 'param': {'key': 'origin'}}, {'name': 'rotate', 'param': {'key': 'angle1'}}, {'name': 'rotate', 'param': {'key': 'angle2'}}], 'result_file_map': {'_result': '/opt/***/data/temp/49bbd712-a124-473d-9b6f-446d68f5c060/02c05159-4214-40b4-900a-65de47103a14/_result.png'}}}
[2025-06-23T16:10:03.192+0900] {taskinstance.py:341} INFO - ::group::Post task execution logs
[2025-06-23T16:10:03.195+0900] {taskinstance.py:353} INFO - Marking task as SUCCESS. dag_id=lilt_document_classifier_balanced_V0.1, task_id=img_preprocess_task__1, run_id=manual__2025-06-23T06:45:10.371530+00:00, map_index=58, execution_date=20250623T064510, start_date=20250623T070902, end_date=20250623T071003
[2025-06-23T16:10:03.330+0900] {local_task_job_runner.py:266} INFO - Task exited with return code 0
[2025-06-23T16:10:03.361+0900] {taskinstance.py:3901} INFO - 0 downstream tasks scheduled from follow-on schedule check
[2025-06-23T16:10:03.384+0900] {local_task_job_runner.py:245} INFO - ::endgroup::
