[2025-06-24T11:36:25.496+0900] {local_task_job_runner.py:123} INFO - ::group::Pre task execution logs
[2025-06-24T11:36:25.565+0900] {taskinstance.py:2614} INFO - Dependencies all met for dep_context=non-requeueable deps ti=<TaskInstance: lilt_document_classifier_balanced_V0.1.img_preprocess_task manual__2025-06-24T02:31:44.485922+00:00 map_index=17 [queued]>
[2025-06-24T11:36:25.604+0900] {taskinstance.py:2614} INFO - Dependencies all met for dep_context=requeueable deps ti=<TaskInstance: lilt_document_classifier_balanced_V0.1.img_preprocess_task manual__2025-06-24T02:31:44.485922+00:00 map_index=17 [queued]>
[2025-06-24T11:36:25.613+0900] {taskinstance.py:2867} INFO - Starting attempt 1 of 1
[2025-06-24T11:36:25.666+0900] {taskinstance.py:2890} INFO - Executing <Mapped(_PythonDecoratedOperator): img_preprocess_task> on 2025-06-24 02:31:44.485922+00:00
[2025-06-24T11:36:25.697+0900] {warnings.py:112} WARNING - /home/***/.local/lib/python3.12/site-packages/***/task/task_runner/standard_task_runner.py:70: DeprecationWarning: This process (pid=34143) is multi-threaded, use of fork() may lead to deadlocks in the child.
  pid = os.fork()

[2025-06-24T11:36:25.705+0900] {standard_task_runner.py:72} INFO - Started process 34178 to run task
[2025-06-24T11:36:25.705+0900] {standard_task_runner.py:104} INFO - Running: ['***', 'tasks', 'run', 'lilt_document_classifier_balanced_V0.1', 'img_preprocess_task', 'manual__2025-06-24T02:31:44.485922+00:00', '--job-id', '3771', '--raw', '--subdir', 'DAGS_FOLDER/class_create_dag.py', '--cfg-path', '/tmp/tmp645ds2bh', '--map-index', '17']
[2025-06-24T11:36:25.710+0900] {standard_task_runner.py:105} INFO - Job 3771: Subtask img_preprocess_task
[2025-06-24T11:36:25.793+0900] {task_command.py:467} INFO - Running <TaskInstance: lilt_document_classifier_balanced_V0.1.img_preprocess_task manual__2025-06-24T02:31:44.485922+00:00 map_index=17 [running]> on host f6d4228a9eb8
[2025-06-24T11:36:26.144+0900] {taskinstance.py:3134} INFO - Exporting env vars: AIRFLOW_CTX_DAG_OWNER='***' AIRFLOW_CTX_DAG_ID='lilt_document_classifier_balanced_V0.1' AIRFLOW_CTX_TASK_ID='img_preprocess_task' AIRFLOW_CTX_EXECUTION_DATE='2025-06-24T02:31:44.485922+00:00' AIRFLOW_CTX_TRY_NUMBER='1' AIRFLOW_CTX_DAG_RUN_ID='manual__2025-06-24T02:31:44.485922+00:00'
[2025-06-24T11:36:26.146+0900] {taskinstance.py:732} INFO - ::endgroup::
[2025-06-24T11:36:26.159+0900] {logging_mixin.py:190} INFO - empty map check {} {'process_id': '_0bab8103-b165-4e5f-b193-7f99e8e6f91e_pre', 'folder_path': 'f66a91d4-b7cf-481f-ab20-2978372d3cd6/0bab8103-b165-4e5f-b193-7f99e8e6f91e', 'step_list': [{'name': 'cache', 'param': {'key': 'origin'}}, {'name': 'calc_angle_set2', 'param': {'key': 'angle1', 'iterations': 4, 'iter_save': True}}, {'name': 'save', 'param': {'key': 'ag1'}}, {'name': 'text_orientation_set', 'param': {'key': 'angle2', 'iterations': 4, 'iter_save': True}}, {'name': 'save', 'param': {'key': 'ag2'}}, {'name': 'load', 'param': {'key': 'origin'}}, {'name': 'rotate', 'param': {'key': 'angle1'}}, {'name': 'rotate', 'param': {'key': 'angle2'}}], 'result_file_map': {}}
[2025-06-24T11:36:26.167+0900] {logging_mixin.py:190} INFO - step : cache
[2025-06-24T11:36:26.179+0900] {logging_mixin.py:190} INFO - step : calc_angle_set2
[2025-06-24T11:37:05.383+0900] {logging_mixin.py:190} INFO - osd 1 -5.0 -5.0 0 775682 [775682, 735681, 694266, 652357, 611379, 571400, 531895, 493204, 455783, 417715, 384156, 351321, 319212, 289138, 262674, 233719, 204898, 176185, 147603, 119599, 93226, 119614, 148061, 176244, 204954, 233777, 262306, 289231, 318973, 351198, 384162, 417225, 456288, 492575, 531504, 570438, 610850, 650817, 692870, 734802, 774731]
[2025-06-24T11:37:48.855+0900] {logging_mixin.py:190} INFO - osd 2 0.0 5.0 40 1988549 [1762324, 1707553, 1657187, 1603976, 1549192, 1497876, 1447917, 1393979, 1344632, 1288938, 1239365, 1187774, 1136466, 1088093, 1034460, 984598, 932010, 883134, 837714, 786843, 739639, 792069, 848351, 900409, 955640, 1015420, 1073415, 1137451, 1196346, 1261519, 1328027, 1392040, 1463984, 1529532, 1598747, 1664053, 1729184, 1797919, 1863154, 1924921, 1988549]
[2025-06-24T11:38:29.857+0900] {logging_mixin.py:190} INFO - osd 3 5.0 5.0 40 3297778 [3234303, 3169109, 3109626, 3044554, 2983830, 2919357, 2859568, 2792491, 2728241, 2665636, 2604029, 2540164, 2474297, 2411070, 2345438, 2281497, 2214841, 2148990, 2082944, 2017176, 1954523, 2019799, 2087638, 2156130, 2224087, 2292640, 2358171, 2427799, 2493164, 2563674, 2630274, 2695949, 2763520, 2830761, 2901067, 2963765, 3031081, 3094617, 3162874, 3226837, 3297778]
[2025-06-24T11:39:26.970+0900] {logging_mixin.py:190} INFO - osd 4 0.0 -5.0 0 5218709 [5218709, 5119334, 5021508, 4922968, 4823990, 4726051, 4623400, 4521985, 4423879, 4323383, 4225458, 4121877, 4024827, 3921126, 3820866, 3722270, 3622258, 3520036, 3417185, 3314218, 3222048, 3293682, 3374948, 3456424, 3539025, 3621025, 3702613, 3786610, 3874576, 3955536, 4046625, 4129484, 4217344, 4302291, 4391552, 4481168, 4568403, 4656162, 4744044, 4833568, 4925861]
[2025-06-24T11:39:27.385+0900] {logging_mixin.py:190} INFO - step : save
[2025-06-24T11:39:29.238+0900] {logging_mixin.py:190} INFO - file_copy: /opt/***/data/temp/f66a91d4-b7cf-481f-ab20-2978372d3cd6/0bab8103-b165-4e5f-b193-7f99e8e6f91e/ag1.png
[2025-06-24T11:39:29.305+0900] {logging_mixin.py:190} INFO - step : text_orientation_set
[2025-06-24T11:39:46.795+0900] {logging_mixin.py:190} INFO - file_copy: /opt/***/data/temp/f66a91d4-b7cf-481f-ab20-2978372d3cd6/0bab8103-b165-4e5f-b193-7f99e8e6f91e/rotate2_1.png
[2025-06-24T11:39:56.288+0900] {logging_mixin.py:190} INFO - osd 1 break  0 0 9.36 Japanese 0.22
[2025-06-24T11:39:56.290+0900] {logging_mixin.py:190} INFO - step : save
[2025-06-24T11:39:57.022+0900] {logging_mixin.py:190} INFO - file_copy: /opt/***/data/temp/f66a91d4-b7cf-481f-ab20-2978372d3cd6/0bab8103-b165-4e5f-b193-7f99e8e6f91e/ag2.png
[2025-06-24T11:39:57.055+0900] {logging_mixin.py:190} INFO - step : load
[2025-06-24T11:39:57.056+0900] {logging_mixin.py:190} INFO - step : rotate
[2025-06-24T11:39:57.211+0900] {logging_mixin.py:190} INFO - step : rotate
[2025-06-24T11:39:57.511+0900] {logging_mixin.py:190} INFO - file_copy: /opt/***/data/temp/f66a91d4-b7cf-481f-ab20-2978372d3cd6/0bab8103-b165-4e5f-b193-7f99e8e6f91e/_result.png
[2025-06-24T11:39:57.530+0900] {python.py:240} INFO - Done. Returned value was: {'file_id': 'f66a91d4-b7cf-481f-ab20-2978372d3cd6', 'file_path': '/opt/***/data/class/a_class/classify/ready/true/당주동 선덕빌딩 - 정부24 - 건축물대장 등본(초본) 발급(열람) _ 문서출력_page_1_aug0.png', 'true': {'process_id': '_0bab8103-b165-4e5f-b193-7f99e8e6f91e_pre', 'folder_path': 'f66a91d4-b7cf-481f-ab20-2978372d3cd6/0bab8103-b165-4e5f-b193-7f99e8e6f91e', 'step_list': [{'name': 'cache', 'param': {'key': 'origin'}}, {'name': 'calc_angle_set2', 'param': {'key': 'angle1', 'iterations': 4, 'iter_save': True}}, {'name': 'save', 'param': {'key': 'ag1'}}, {'name': 'text_orientation_set', 'param': {'key': 'angle2', 'iterations': 4, 'iter_save': True}}, {'name': 'save', 'param': {'key': 'ag2'}}, {'name': 'load', 'param': {'key': 'origin'}}, {'name': 'rotate', 'param': {'key': 'angle1'}}, {'name': 'rotate', 'param': {'key': 'angle2'}}], 'result_file_map': {'ag1': '/opt/***/data/temp/f66a91d4-b7cf-481f-ab20-2978372d3cd6/0bab8103-b165-4e5f-b193-7f99e8e6f91e/ag1.png', 'rotate2_1': '/opt/***/data/temp/f66a91d4-b7cf-481f-ab20-2978372d3cd6/0bab8103-b165-4e5f-b193-7f99e8e6f91e/rotate2_1.png', 'ag2': '/opt/***/data/temp/f66a91d4-b7cf-481f-ab20-2978372d3cd6/0bab8103-b165-4e5f-b193-7f99e8e6f91e/ag2.png', '_result': '/opt/***/data/temp/f66a91d4-b7cf-481f-ab20-2978372d3cd6/0bab8103-b165-4e5f-b193-7f99e8e6f91e/_result.png'}}}
[2025-06-24T11:39:57.584+0900] {taskinstance.py:341} INFO - ::group::Post task execution logs
[2025-06-24T11:39:57.585+0900] {taskinstance.py:353} INFO - Marking task as SUCCESS. dag_id=lilt_document_classifier_balanced_V0.1, task_id=img_preprocess_task, run_id=manual__2025-06-24T02:31:44.485922+00:00, map_index=17, execution_date=20250624T023144, start_date=20250624T023625, end_date=20250624T023957
[2025-06-24T11:39:57.704+0900] {local_task_job_runner.py:266} INFO - Task exited with return code 0
[2025-06-24T11:39:57.925+0900] {taskinstance.py:3901} INFO - 0 downstream tasks scheduled from follow-on schedule check
[2025-06-24T11:39:57.929+0900] {local_task_job_runner.py:245} INFO - ::endgroup::
