[2025-05-26T08:04:46.787+0000] {local_task_job_runner.py:123} INFO - ::group::Pre task execution logs
[2025-05-26T08:04:47.646+0000] {taskinstance.py:2614} INFO - Dependencies all met for dep_context=non-requeueable deps ti=<TaskInstance: image_processing_per_file_v2.file_copy_task manual__2025-05-26T07:57:42.930448+00:00 map_index=0 [queued]>
[2025-05-26T08:04:47.785+0000] {taskinstance.py:2614} INFO - Dependencies all met for dep_context=requeueable deps ti=<TaskInstance: image_processing_per_file_v2.file_copy_task manual__2025-05-26T07:57:42.930448+00:00 map_index=0 [queued]>
[2025-05-26T08:04:47.793+0000] {taskinstance.py:2867} INFO - Starting attempt 1 of 1
[2025-05-26T08:04:47.900+0000] {taskinstance.py:2890} INFO - Executing <Mapped(_PythonDecoratedOperator): file_copy_task> on 2025-05-26 07:57:42.930448+00:00
[2025-05-26T08:04:47.954+0000] {standard_task_runner.py:104} INFO - Running: ['***', 'tasks', 'run', 'image_processing_per_file_v2', 'file_copy_task', 'manual__2025-05-26T07:57:42.930448+00:00', '--job-id', '68', '--raw', '--subdir', 'DAGS_FOLDER/test_dag.py', '--cfg-path', '/tmp/tmpvncpu4te', '--map-index', '0']
[2025-05-26T08:04:47.978+0000] {standard_task_runner.py:105} INFO - Job 68: Subtask file_copy_task
[2025-05-26T08:04:47.982+0000] {warnings.py:112} WARNING - /home/***/.local/lib/python3.12/site-packages/***/task/task_runner/standard_task_runner.py:70: DeprecationWarning: This process (pid=300) is multi-threaded, use of fork() may lead to deadlocks in the child.
  pid = os.fork()

[2025-05-26T08:04:47.989+0000] {standard_task_runner.py:72} INFO - Started process 352 to run task
[2025-05-26T08:04:48.261+0000] {task_command.py:467} INFO - Running <TaskInstance: image_processing_per_file_v2.file_copy_task manual__2025-05-26T07:57:42.930448+00:00 map_index=0 [running]> on host a4866f957002
[2025-05-26T08:04:48.650+0000] {taskinstance.py:3134} INFO - Exporting env vars: AIRFLOW_CTX_DAG_OWNER='***' AIRFLOW_CTX_DAG_ID='image_processing_per_file_v2' AIRFLOW_CTX_TASK_ID='file_copy_task' AIRFLOW_CTX_EXECUTION_DATE='2025-05-26T07:57:42.930448+00:00' AIRFLOW_CTX_TRY_NUMBER='1' AIRFLOW_CTX_DAG_RUN_ID='manual__2025-05-26T07:57:42.930448+00:00'
[2025-05-26T08:04:48.653+0000] {logging_mixin.py:190} INFO - Task instance is in running state
[2025-05-26T08:04:48.656+0000] {logging_mixin.py:190} INFO -  Previous state of the Task instance: queued
[2025-05-26T08:04:48.659+0000] {logging_mixin.py:190} INFO - Current task name:file_copy_task state:running start_date:2025-05-26 08:04:47.647794+00:00
[2025-05-26T08:04:48.661+0000] {logging_mixin.py:190} INFO - Dag name:image_processing_per_file_v2 and current dag run status:running
[2025-05-26T08:04:48.664+0000] {taskinstance.py:732} INFO - ::endgroup::
[2025-05-26T08:04:48.684+0000] {logging_mixin.py:190} INFO - copy: /opt/***/data/result/test/스크린샷 2025-05-20 182000 - 복사본 (2)(3).png
[2025-05-26T08:04:48.685+0000] {python.py:240} INFO - Done. Returned value was: /opt/***/data/result/test/스크린샷 2025-05-20 182000 - 복사본 (2)(3).png
[2025-05-26T08:04:48.822+0000] {taskinstance.py:341} INFO - ::group::Post task execution logs
[2025-05-26T08:04:48.829+0000] {taskinstance.py:353} INFO - Marking task as SUCCESS. dag_id=image_processing_per_file_v2, task_id=file_copy_task, run_id=manual__2025-05-26T07:57:42.930448+00:00, map_index=0, execution_date=20250526T075742, start_date=20250526T080447, end_date=20250526T080448
[2025-05-26T08:04:48.982+0000] {logging_mixin.py:190} INFO - Task instance in success state
[2025-05-26T08:04:48.987+0000] {logging_mixin.py:190} INFO -  Previous state of the Task instance: running
[2025-05-26T08:04:48.988+0000] {logging_mixin.py:190} INFO - Dag name:image_processing_per_file_v2 queued_at:2025-05-26 07:57:42.947126+00:00
[2025-05-26T08:04:48.988+0000] {logging_mixin.py:190} INFO - Task hostname:a4866f957002 operator:_PythonDecoratedOperator
[2025-05-26T08:04:49.033+0000] {local_task_job_runner.py:266} INFO - Task exited with return code 0
[2025-05-26T08:04:49.159+0000] {taskinstance.py:3901} INFO - 0 downstream tasks scheduled from follow-on schedule check
[2025-05-26T08:04:49.170+0000] {local_task_job_runner.py:245} INFO - ::endgroup::
