[2025-06-23T16:36:36.906+0900] {local_task_job_runner.py:123} INFO - ::group::Pre task execution logs
[2025-06-23T16:36:37.241+0900] {taskinstance.py:2614} INFO - Dependencies all met for dep_context=non-requeueable deps ti=<TaskInstance: lilt_document_classifier_balanced_b_class_V0.1.img_preprocess_task__1 manual__2025-06-23T06:58:09.542610+00:00 map_index=80 [queued]>
[2025-06-23T16:36:37.374+0900] {taskinstance.py:2614} INFO - Dependencies all met for dep_context=requeueable deps ti=<TaskInstance: lilt_document_classifier_balanced_b_class_V0.1.img_preprocess_task__1 manual__2025-06-23T06:58:09.542610+00:00 map_index=80 [queued]>
[2025-06-23T16:36:37.389+0900] {taskinstance.py:2867} INFO - Starting attempt 1 of 1
[2025-06-23T16:36:37.478+0900] {taskinstance.py:2890} INFO - Executing <Mapped(_PythonDecoratedOperator): img_preprocess_task__1> on 2025-06-23 06:58:09.542610+00:00
[2025-06-23T16:36:37.573+0900] {warnings.py:112} WARNING - /home/***/.local/lib/python3.12/site-packages/***/task/task_runner/standard_task_runner.py:70: DeprecationWarning: This process (pid=9097) is multi-threaded, use of fork() may lead to deadlocks in the child.
  pid = os.fork()

[2025-06-23T16:36:37.573+0900] {standard_task_runner.py:104} INFO - Running: ['***', 'tasks', 'run', 'lilt_document_classifier_balanced_b_class_V0.1', 'img_preprocess_task__1', 'manual__2025-06-23T06:58:09.542610+00:00', '--job-id', '3464', '--raw', '--subdir', 'DAGS_FOLDER/class_create_dag_b_class.py', '--cfg-path', '/tmp/tmpc1hywkmn', '--map-index', '80']
[2025-06-23T16:36:37.640+0900] {standard_task_runner.py:105} INFO - Job 3464: Subtask img_preprocess_task__1
[2025-06-23T16:36:37.608+0900] {standard_task_runner.py:72} INFO - Started process 9115 to run task
[2025-06-23T16:36:37.746+0900] {task_command.py:467} INFO - Running <TaskInstance: lilt_document_classifier_balanced_b_class_V0.1.img_preprocess_task__1 manual__2025-06-23T06:58:09.542610+00:00 map_index=80 [running]> on host f6d4228a9eb8
[2025-06-23T16:36:37.960+0900] {taskinstance.py:3134} INFO - Exporting env vars: AIRFLOW_CTX_DAG_OWNER='***' AIRFLOW_CTX_DAG_ID='lilt_document_classifier_balanced_b_class_V0.1' AIRFLOW_CTX_TASK_ID='img_preprocess_task__1' AIRFLOW_CTX_EXECUTION_DATE='2025-06-23T06:58:09.542610+00:00' AIRFLOW_CTX_TRY_NUMBER='1' AIRFLOW_CTX_DAG_RUN_ID='manual__2025-06-23T06:58:09.542610+00:00'
[2025-06-23T16:36:37.981+0900] {taskinstance.py:732} INFO - ::endgroup::
[2025-06-23T16:36:37.991+0900] {logging_mixin.py:190} INFO - empty map check {} {'process_id': '_f0ba8c36-1d2b-4d46-a908-d04a7a16ede1_pre', 'folder_path': '50330fd1-b04d-4b1b-891c-533c0d73bb4b/f0ba8c36-1d2b-4d46-a908-d04a7a16ede1', 'step_list': [{'name': 'cache', 'param': {'key': 'origin'}}, {'name': 'calc_angle_set2', 'param': {'key': 'angle1', 'iterations': 4, 'iter_save': False}}, {'name': 'text_orientation_set', 'param': {'key': 'angle2', 'iterations': 4, 'iter_save': False}}, {'name': 'load', 'param': {'key': 'origin'}}, {'name': 'rotate', 'param': {'key': 'angle1'}}, {'name': 'rotate', 'param': {'key': 'angle2'}}], 'result_file_map': {}}
[2025-06-23T16:36:38.033+0900] {logging_mixin.py:190} INFO - step : cache
[2025-06-23T16:36:38.038+0900] {logging_mixin.py:190} INFO - step : calc_angle_set2
[2025-06-23T16:36:43.180+0900] {logging_mixin.py:190} INFO - osd 1 0 0 0 0 [0, 0, 0, 0, 0, 0, 0, 0, 0, 0, 0, 0, 0, 0, 0, 0, 0, 0, 0, 0, 0, 0, 0, 0, 0, 0, 0, 0, 0, 0, 0, 0, 0, 0, 0, 0, 0, 0, 0, 0, 0]
[2025-06-23T16:36:47.843+0900] {logging_mixin.py:190} INFO - osd 2 0 0 0 0 [0, 0, 0, 0, 0, 0, 0, 0, 0, 0, 0, 0, 0, 0, 0, 0, 0, 0, 0, 0, 0, 0, 0, 0, 0, 0, 0, 0, 0, 0, 0, 0, 0, 0, 0, 0, 0, 0, 0, 0, 0]
[2025-06-23T16:36:52.703+0900] {logging_mixin.py:190} INFO - osd 3 0 0 0 0 [0, 0, 0, 0, 0, 0, 0, 0, 0, 0, 0, 0, 0, 0, 0, 0, 0, 0, 0, 0, 0, 0, 0, 0, 0, 0, 0, 0, 0, 0, 0, 0, 0, 0, 0, 0, 0, 0, 0, 0, 0]
[2025-06-23T16:36:58.666+0900] {logging_mixin.py:190} INFO - osd 4 0 0 0 0 [0, 0, 0, 0, 0, 0, 0, 0, 0, 0, 0, 0, 0, 0, 0, 0, 0, 0, 0, 0, 0, 0, 0, 0, 0, 0, 0, 0, 0, 0, 0, 0, 0, 0, 0, 0, 0, 0, 0, 0, 0]
[2025-06-23T16:36:58.771+0900] {logging_mixin.py:190} INFO - step : text_orientation_set
[2025-06-23T16:37:05.830+0900] {logging_mixin.py:190} INFO - osd 1 180 180 0.66 Latin 0.83
[2025-06-23T16:37:12.968+0900] {logging_mixin.py:190} INFO - osd 2 break  180 0 0.59 Latin 0.28
[2025-06-23T16:37:12.972+0900] {logging_mixin.py:190} INFO - step : load
[2025-06-23T16:37:12.984+0900] {logging_mixin.py:190} INFO - step : rotate
[2025-06-23T16:37:13.017+0900] {logging_mixin.py:190} INFO - step : rotate
[2025-06-23T16:37:13.236+0900] {logging_mixin.py:190} INFO - file_copy: /opt/***/data/temp/50330fd1-b04d-4b1b-891c-533c0d73bb4b/f0ba8c36-1d2b-4d46-a908-d04a7a16ede1/_result.png
[2025-06-23T16:37:13.267+0900] {python.py:240} INFO - Done. Returned value was: {'file_id': '50330fd1-b04d-4b1b-891c-533c0d73bb4b', 'file_path': '/opt/***/data/class/b_class/classify/ready/false/copied_58_2501123498_2501123500.png', 'false': {'process_id': '_f0ba8c36-1d2b-4d46-a908-d04a7a16ede1_pre', 'folder_path': '50330fd1-b04d-4b1b-891c-533c0d73bb4b/f0ba8c36-1d2b-4d46-a908-d04a7a16ede1', 'step_list': [{'name': 'cache', 'param': {'key': 'origin'}}, {'name': 'calc_angle_set2', 'param': {'key': 'angle1', 'iterations': 4, 'iter_save': False}}, {'name': 'text_orientation_set', 'param': {'key': 'angle2', 'iterations': 4, 'iter_save': False}}, {'name': 'load', 'param': {'key': 'origin'}}, {'name': 'rotate', 'param': {'key': 'angle1'}}, {'name': 'rotate', 'param': {'key': 'angle2'}}], 'result_file_map': {'_result': '/opt/***/data/temp/50330fd1-b04d-4b1b-891c-533c0d73bb4b/f0ba8c36-1d2b-4d46-a908-d04a7a16ede1/_result.png'}}}
[2025-06-23T16:37:13.434+0900] {taskinstance.py:341} INFO - ::group::Post task execution logs
[2025-06-23T16:37:13.437+0900] {taskinstance.py:353} INFO - Marking task as SUCCESS. dag_id=lilt_document_classifier_balanced_b_class_V0.1, task_id=img_preprocess_task__1, run_id=manual__2025-06-23T06:58:09.542610+00:00, map_index=80, execution_date=20250623T065809, start_date=20250623T073637, end_date=20250623T073713
[2025-06-23T16:37:13.620+0900] {local_task_job_runner.py:266} INFO - Task exited with return code 0
[2025-06-23T16:37:13.675+0900] {local_task_job_runner.py:245} INFO - ::endgroup::
