[2025-06-23T10:59:13.472+0900] {local_task_job_runner.py:123} INFO - ::group::Pre task execution logs
[2025-06-23T10:59:13.616+0900] {taskinstance.py:2614} INFO - Dependencies all met for dep_context=non-requeueable deps ti=<TaskInstance: lilt_document_classifier_balanced_V0.1.img_preprocess_task__1 manual__2025-06-23T01:55:15.838468+00:00 map_index=64 [queued]>
[2025-06-23T10:59:13.639+0900] {taskinstance.py:2614} INFO - Dependencies all met for dep_context=requeueable deps ti=<TaskInstance: lilt_document_classifier_balanced_V0.1.img_preprocess_task__1 manual__2025-06-23T01:55:15.838468+00:00 map_index=64 [queued]>
[2025-06-23T10:59:13.643+0900] {taskinstance.py:2867} INFO - Starting attempt 1 of 1
[2025-06-23T10:59:13.675+0900] {taskinstance.py:2890} INFO - Executing <Mapped(_PythonDecoratedOperator): img_preprocess_task__1> on 2025-06-23 01:55:15.838468+00:00
[2025-06-23T10:59:13.715+0900] {warnings.py:112} WARNING - /home/***/.local/lib/python3.12/site-packages/***/task/task_runner/standard_task_runner.py:70: DeprecationWarning: This process (pid=91593) is multi-threaded, use of fork() may lead to deadlocks in the child.
  pid = os.fork()

[2025-06-23T10:59:13.731+0900] {standard_task_runner.py:72} INFO - Started process 91679 to run task
[2025-06-23T10:59:13.740+0900] {standard_task_runner.py:104} INFO - Running: ['***', 'tasks', 'run', 'lilt_document_classifier_balanced_V0.1', 'img_preprocess_task__1', 'manual__2025-06-23T01:55:15.838468+00:00', '--job-id', '2411', '--raw', '--subdir', 'DAGS_FOLDER/class_create_dag.py', '--cfg-path', '/tmp/tmpynklu6aa', '--map-index', '64']
[2025-06-23T10:59:13.754+0900] {standard_task_runner.py:105} INFO - Job 2411: Subtask img_preprocess_task__1
[2025-06-23T10:59:13.869+0900] {task_command.py:467} INFO - Running <TaskInstance: lilt_document_classifier_balanced_V0.1.img_preprocess_task__1 manual__2025-06-23T01:55:15.838468+00:00 map_index=64 [running]> on host f6d4228a9eb8
[2025-06-23T10:59:14.097+0900] {taskinstance.py:3134} INFO - Exporting env vars: AIRFLOW_CTX_DAG_OWNER='***' AIRFLOW_CTX_DAG_ID='lilt_document_classifier_balanced_V0.1' AIRFLOW_CTX_TASK_ID='img_preprocess_task__1' AIRFLOW_CTX_EXECUTION_DATE='2025-06-23T01:55:15.838468+00:00' AIRFLOW_CTX_TRY_NUMBER='1' AIRFLOW_CTX_DAG_RUN_ID='manual__2025-06-23T01:55:15.838468+00:00'
[2025-06-23T10:59:14.100+0900] {taskinstance.py:732} INFO - ::endgroup::
[2025-06-23T10:59:14.105+0900] {logging_mixin.py:190} INFO - empty map check {} {'process_id': '_8e360979-84f7-4967-b906-ab3f436b52e8_pre', 'folder_path': 'afefb140-bb33-42a3-9f3a-5a7d0fedddf4/8e360979-84f7-4967-b906-ab3f436b52e8', 'step_list': [{'name': 'cache', 'param': {'key': 'origin'}}, {'name': 'calc_angle_set1', 'param': {'key': 'angle1', 'iterations': 4, 'iter_save': False}}, {'name': 'text_orientation_set', 'param': {'key': 'angle2', 'iterations': 4, 'iter_save': False}}, {'name': 'load', 'param': {'key': 'origin'}}, {'name': 'rotate', 'param': {'key': 'angle1'}}, {'name': 'rotate', 'param': {'key': 'angle2'}}], 'result_file_map': {}}
[2025-06-23T10:59:14.113+0900] {logging_mixin.py:190} INFO - step : cache
[2025-06-23T10:59:14.115+0900] {logging_mixin.py:190} INFO - step : calc_angle_set1
[2025-06-23T10:59:14.132+0900] {logging_mixin.py:190} INFO - step : text_orientation_set
[2025-06-23T10:59:18.502+0900] {logging_mixin.py:190} INFO - Tesseract OSD Error: (1, 'Estimating resolution as 108 Warning. Invalid resolution 0 dpi. Using 70 instead. Too few characters. Skipping this page Error during processing.')
[2025-06-23T10:59:18.506+0900] {logging_mixin.py:190} INFO - step : load
[2025-06-23T10:59:18.511+0900] {logging_mixin.py:190} INFO - step : rotate
[2025-06-23T10:59:18.520+0900] {logging_mixin.py:190} INFO - step : rotate
[2025-06-23T10:59:18.557+0900] {logging_mixin.py:190} INFO - file_copy: /opt/***/data/temp/afefb140-bb33-42a3-9f3a-5a7d0fedddf4/8e360979-84f7-4967-b906-ab3f436b52e8/_result.png
[2025-06-23T10:59:18.569+0900] {python.py:240} INFO - Done. Returned value was: {'file_id': 'afefb140-bb33-42a3-9f3a-5a7d0fedddf4', 'file_path': '/opt/***/data/class/a_class/classify/ready/false/copied_6_2085778958a.png', 'false': {'process_id': '_8e360979-84f7-4967-b906-ab3f436b52e8_pre', 'folder_path': 'afefb140-bb33-42a3-9f3a-5a7d0fedddf4/8e360979-84f7-4967-b906-ab3f436b52e8', 'step_list': [{'name': 'cache', 'param': {'key': 'origin'}}, {'name': 'calc_angle_set1', 'param': {'key': 'angle1', 'iterations': 4, 'iter_save': False}}, {'name': 'text_orientation_set', 'param': {'key': 'angle2', 'iterations': 4, 'iter_save': False}}, {'name': 'load', 'param': {'key': 'origin'}}, {'name': 'rotate', 'param': {'key': 'angle1'}}, {'name': 'rotate', 'param': {'key': 'angle2'}}], 'result_file_map': {'_result': '/opt/***/data/temp/afefb140-bb33-42a3-9f3a-5a7d0fedddf4/8e360979-84f7-4967-b906-ab3f436b52e8/_result.png'}}}
[2025-06-23T10:59:18.646+0900] {taskinstance.py:341} INFO - ::group::Post task execution logs
[2025-06-23T10:59:18.651+0900] {taskinstance.py:353} INFO - Marking task as SUCCESS. dag_id=lilt_document_classifier_balanced_V0.1, task_id=img_preprocess_task__1, run_id=manual__2025-06-23T01:55:15.838468+00:00, map_index=64, execution_date=20250623T015515, start_date=20250623T015913, end_date=20250623T015918
[2025-06-23T10:59:18.760+0900] {local_task_job_runner.py:266} INFO - Task exited with return code 0
[2025-06-23T10:59:18.870+0900] {taskinstance.py:3901} INFO - 0 downstream tasks scheduled from follow-on schedule check
[2025-06-23T10:59:18.889+0900] {local_task_job_runner.py:245} INFO - ::endgroup::
