[2025-06-24T13:39:24.613+0900] {local_task_job_runner.py:123} INFO - ::group::Pre task execution logs
[2025-06-24T13:39:24.684+0900] {taskinstance.py:2614} INFO - Dependencies all met for dep_context=non-requeueable deps ti=<TaskInstance: lilt_document_classifier_balanced_V0.1.img_preprocess_task__1 manual__2025-06-24T04:23:33.505927+00:00 map_index=75 [queued]>
[2025-06-24T13:39:24.761+0900] {taskinstance.py:2614} INFO - Dependencies all met for dep_context=requeueable deps ti=<TaskInstance: lilt_document_classifier_balanced_V0.1.img_preprocess_task__1 manual__2025-06-24T04:23:33.505927+00:00 map_index=75 [queued]>
[2025-06-24T13:39:24.777+0900] {taskinstance.py:2867} INFO - Starting attempt 1 of 1
[2025-06-24T13:39:24.842+0900] {taskinstance.py:2890} INFO - Executing <Mapped(_PythonDecoratedOperator): img_preprocess_task__1> on 2025-06-24 04:23:33.505927+00:00
[2025-06-24T13:39:24.894+0900] {standard_task_runner.py:104} INFO - Running: ['***', 'tasks', 'run', 'lilt_document_classifier_balanced_V0.1', 'img_preprocess_task__1', 'manual__2025-06-24T04:23:33.505927+00:00', '--job-id', '4083', '--raw', '--subdir', 'DAGS_FOLDER/class_create_dag.py', '--cfg-path', '/tmp/tmpxhntq_sj', '--map-index', '75']
[2025-06-24T13:39:24.907+0900] {standard_task_runner.py:105} INFO - Job 4083: Subtask img_preprocess_task__1
[2025-06-24T13:39:24.892+0900] {warnings.py:112} WARNING - /home/***/.local/lib/python3.12/site-packages/***/task/task_runner/standard_task_runner.py:70: DeprecationWarning: This process (pid=41543) is multi-threaded, use of fork() may lead to deadlocks in the child.
  pid = os.fork()

[2025-06-24T13:39:24.932+0900] {standard_task_runner.py:72} INFO - Started process 41554 to run task
[2025-06-24T13:39:25.004+0900] {task_command.py:467} INFO - Running <TaskInstance: lilt_document_classifier_balanced_V0.1.img_preprocess_task__1 manual__2025-06-24T04:23:33.505927+00:00 map_index=75 [running]> on host f6d4228a9eb8
[2025-06-24T13:39:25.425+0900] {taskinstance.py:3134} INFO - Exporting env vars: AIRFLOW_CTX_DAG_OWNER='***' AIRFLOW_CTX_DAG_ID='lilt_document_classifier_balanced_V0.1' AIRFLOW_CTX_TASK_ID='img_preprocess_task__1' AIRFLOW_CTX_EXECUTION_DATE='2025-06-24T04:23:33.505927+00:00' AIRFLOW_CTX_TRY_NUMBER='1' AIRFLOW_CTX_DAG_RUN_ID='manual__2025-06-24T04:23:33.505927+00:00'
[2025-06-24T13:39:25.429+0900] {taskinstance.py:732} INFO - ::endgroup::
[2025-06-24T13:39:25.454+0900] {logging_mixin.py:190} INFO - empty map check {} {'process_id': '_777f31c2-8bbc-4159-baa8-74ead753163a_pre', 'folder_path': 'a401ba99-5d26-413e-853e-fc4c95037742/777f31c2-8bbc-4159-baa8-74ead753163a', 'step_list': [{'name': 'cache', 'param': {'key': 'origin'}}, {'name': 'calc_angle_set2', 'param': {'key': 'angle1', 'iterations': 4, 'iter_save': True}}, {'name': 'save', 'param': {'key': 'ag1'}}, {'name': 'text_orientation_set', 'param': {'key': 'angle2', 'iterations': 4, 'iter_save': True}}, {'name': 'save', 'param': {'key': 'ag2'}}, {'name': 'load', 'param': {'key': 'origin'}}, {'name': 'rotate', 'param': {'key': 'angle1'}}, {'name': 'rotate', 'param': {'key': 'angle2'}}], 'result_file_map': {}}
[2025-06-24T13:39:25.481+0900] {logging_mixin.py:190} INFO - step : cache
[2025-06-24T13:39:25.521+0900] {logging_mixin.py:190} INFO - step : calc_angle_set2
[2025-06-24T13:39:31.834+0900] {logging_mixin.py:190} INFO - osd 1 -5.0 -5.0 0 43398 [43398, 40430, 37501, 34043, 31260, 28524, 25892, 23411, 20997, 18822, 16635, 14680, 13137, 11620, 10099, 8312, 6842, 5358, 3556, 2033, 626, 791, 947, 1353, 1548, 1525, 1912, 2104, 2285, 2444, 2851, 3076, 3277, 3482, 3691, 3906, 4118, 4348, 4806, 5045, 5280]
[2025-06-24T13:39:38.729+0900] {logging_mixin.py:190} INFO - osd 2 -10.0 -5.0 0 397165 [397165, 382594, 369749, 358058, 344309, 331704, 318058, 305738, 292522, 281507, 266888, 256328, 242529, 229861, 218296, 206053, 192601, 181553, 170145, 156751, 148947, 155388, 166784, 176265, 186104, 197870, 208201, 219077, 230302, 243179, 253490, 268457, 279669, 293095, 305977, 319917, 332410, 345723, 357096, 368952, 381992]
[2025-06-24T13:39:47.772+0900] {logging_mixin.py:190} INFO - osd 3 -15.0 -5.0 0 724163 [724163, 704983, 688928, 669114, 649749, 632020, 615180, 596673, 579720, 561759, 544032, 526427, 510875, 493744, 476556, 459593, 443390, 426780, 410751, 394534, 380788, 391547, 405481, 418911, 432430, 446998, 461408, 476023, 490769, 504397, 519689, 535339, 551303, 565546, 581007, 594994, 609165, 625199, 641088, 653143, 669674]
[2025-06-24T13:39:58.009+0900] {logging_mixin.py:190} INFO - osd 4 -20.0 -5.0 0 1140923 [1140923, 1116909, 1093615, 1072742, 1049395, 1024065, 1001110, 978859, 956219, 929744, 907642, 885954, 861939, 840749, 817559, 796826, 776365, 751873, 732241, 710183, 690851, 706893, 724974, 741745, 762141, 779024, 796487, 815767, 833317, 853319, 870777, 888594, 910745, 928387, 946470, 964230, 984874, 1002897, 1018863, 1036944, 1055328]
[2025-06-24T13:39:58.078+0900] {logging_mixin.py:190} INFO - step : save
[2025-06-24T13:39:58.210+0900] {logging_mixin.py:190} INFO - file_copy: /opt/***/data/temp/a401ba99-5d26-413e-853e-fc4c95037742/777f31c2-8bbc-4159-baa8-74ead753163a/ag1.png
[2025-06-24T13:39:58.232+0900] {logging_mixin.py:190} INFO - step : text_orientation_set
[2025-06-24T13:40:02.811+0900] {logging_mixin.py:190} INFO - file_copy: /opt/***/data/temp/a401ba99-5d26-413e-853e-fc4c95037742/777f31c2-8bbc-4159-baa8-74ead753163a/rotate2_1.png
[2025-06-24T13:40:07.823+0900] {logging_mixin.py:190} INFO - osd 1 180 180 5.72 Latin 1.76
[2025-06-24T13:40:11.298+0900] {logging_mixin.py:190} INFO - file_copy: /opt/***/data/temp/a401ba99-5d26-413e-853e-fc4c95037742/777f31c2-8bbc-4159-baa8-74ead753163a/rotate2_2.png
[2025-06-24T13:40:16.776+0900] {logging_mixin.py:190} INFO - osd 2 break  180 0 5.44 Latin 1.57
[2025-06-24T13:40:16.778+0900] {logging_mixin.py:190} INFO - step : save
[2025-06-24T13:40:17.021+0900] {logging_mixin.py:190} INFO - file_copy: /opt/***/data/temp/a401ba99-5d26-413e-853e-fc4c95037742/777f31c2-8bbc-4159-baa8-74ead753163a/ag2.png
[2025-06-24T13:40:17.036+0900] {logging_mixin.py:190} INFO - step : load
[2025-06-24T13:40:17.045+0900] {logging_mixin.py:190} INFO - step : rotate
[2025-06-24T13:40:17.184+0900] {logging_mixin.py:190} INFO - step : rotate
[2025-06-24T13:40:17.496+0900] {logging_mixin.py:190} INFO - file_copy: /opt/***/data/temp/a401ba99-5d26-413e-853e-fc4c95037742/777f31c2-8bbc-4159-baa8-74ead753163a/_result.png
[2025-06-24T13:40:17.527+0900] {python.py:240} INFO - Done. Returned value was: {'file_id': 'a401ba99-5d26-413e-853e-fc4c95037742', 'file_path': '/opt/***/data/class/a_class/classify/ready/false/copied_7_508806780.png', 'false': {'process_id': '_777f31c2-8bbc-4159-baa8-74ead753163a_pre', 'folder_path': 'a401ba99-5d26-413e-853e-fc4c95037742/777f31c2-8bbc-4159-baa8-74ead753163a', 'step_list': [{'name': 'cache', 'param': {'key': 'origin'}}, {'name': 'calc_angle_set2', 'param': {'key': 'angle1', 'iterations': 4, 'iter_save': True}}, {'name': 'save', 'param': {'key': 'ag1'}}, {'name': 'text_orientation_set', 'param': {'key': 'angle2', 'iterations': 4, 'iter_save': True}}, {'name': 'save', 'param': {'key': 'ag2'}}, {'name': 'load', 'param': {'key': 'origin'}}, {'name': 'rotate', 'param': {'key': 'angle1'}}, {'name': 'rotate', 'param': {'key': 'angle2'}}], 'result_file_map': {'ag1': '/opt/***/data/temp/a401ba99-5d26-413e-853e-fc4c95037742/777f31c2-8bbc-4159-baa8-74ead753163a/ag1.png', 'rotate2_1': '/opt/***/data/temp/a401ba99-5d26-413e-853e-fc4c95037742/777f31c2-8bbc-4159-baa8-74ead753163a/rotate2_1.png', 'rotate2_2': '/opt/***/data/temp/a401ba99-5d26-413e-853e-fc4c95037742/777f31c2-8bbc-4159-baa8-74ead753163a/rotate2_2.png', 'ag2': '/opt/***/data/temp/a401ba99-5d26-413e-853e-fc4c95037742/777f31c2-8bbc-4159-baa8-74ead753163a/ag2.png', '_result': '/opt/***/data/temp/a401ba99-5d26-413e-853e-fc4c95037742/777f31c2-8bbc-4159-baa8-74ead753163a/_result.png'}}}
[2025-06-24T13:40:17.598+0900] {taskinstance.py:341} INFO - ::group::Post task execution logs
[2025-06-24T13:40:17.600+0900] {taskinstance.py:353} INFO - Marking task as SUCCESS. dag_id=lilt_document_classifier_balanced_V0.1, task_id=img_preprocess_task__1, run_id=manual__2025-06-24T04:23:33.505927+00:00, map_index=75, execution_date=20250624T042333, start_date=20250624T043924, end_date=20250624T044017
[2025-06-24T13:40:17.726+0900] {local_task_job_runner.py:266} INFO - Task exited with return code 0
[2025-06-24T13:40:17.976+0900] {taskinstance.py:3901} INFO - 0 downstream tasks scheduled from follow-on schedule check
[2025-06-24T13:40:17.993+0900] {local_task_job_runner.py:245} INFO - ::endgroup::
