[2025-06-23T15:53:50.770+0900] {local_task_job_runner.py:123} INFO - ::group::Pre task execution logs
[2025-06-23T15:53:50.857+0900] {taskinstance.py:2614} INFO - Dependencies all met for dep_context=non-requeueable deps ti=<TaskInstance: lilt_document_classifier_balanced_V0.1.img_preprocess_task manual__2025-06-23T06:45:10.371530+00:00 map_index=17 [queued]>
[2025-06-23T15:53:50.966+0900] {taskinstance.py:2614} INFO - Dependencies all met for dep_context=requeueable deps ti=<TaskInstance: lilt_document_classifier_balanced_V0.1.img_preprocess_task manual__2025-06-23T06:45:10.371530+00:00 map_index=17 [queued]>
[2025-06-23T15:53:50.989+0900] {taskinstance.py:2867} INFO - Starting attempt 1 of 1
[2025-06-23T15:53:51.130+0900] {taskinstance.py:2890} INFO - Executing <Mapped(_PythonDecoratedOperator): img_preprocess_task> on 2025-06-23 06:45:10.371530+00:00
[2025-06-23T15:53:51.162+0900] {warnings.py:112} WARNING - /home/***/.local/lib/python3.12/site-packages/***/task/task_runner/standard_task_runner.py:70: DeprecationWarning: This process (pid=2488) is multi-threaded, use of fork() may lead to deadlocks in the child.
  pid = os.fork()

[2025-06-23T15:53:51.172+0900] {standard_task_runner.py:72} INFO - Started process 2535 to run task
[2025-06-23T15:53:51.178+0900] {standard_task_runner.py:104} INFO - Running: ['***', 'tasks', 'run', 'lilt_document_classifier_balanced_V0.1', 'img_preprocess_task', 'manual__2025-06-23T06:45:10.371530+00:00', '--job-id', '3141', '--raw', '--subdir', 'DAGS_FOLDER/class_create_dag.py', '--cfg-path', '/tmp/tmpfrmdsl0m', '--map-index', '17']
[2025-06-23T15:53:51.191+0900] {standard_task_runner.py:105} INFO - Job 3141: Subtask img_preprocess_task
[2025-06-23T15:53:51.292+0900] {task_command.py:467} INFO - Running <TaskInstance: lilt_document_classifier_balanced_V0.1.img_preprocess_task manual__2025-06-23T06:45:10.371530+00:00 map_index=17 [running]> on host f6d4228a9eb8
[2025-06-23T15:53:51.665+0900] {taskinstance.py:3134} INFO - Exporting env vars: AIRFLOW_CTX_DAG_OWNER='***' AIRFLOW_CTX_DAG_ID='lilt_document_classifier_balanced_V0.1' AIRFLOW_CTX_TASK_ID='img_preprocess_task' AIRFLOW_CTX_EXECUTION_DATE='2025-06-23T06:45:10.371530+00:00' AIRFLOW_CTX_TRY_NUMBER='1' AIRFLOW_CTX_DAG_RUN_ID='manual__2025-06-23T06:45:10.371530+00:00'
[2025-06-23T15:53:51.669+0900] {taskinstance.py:732} INFO - ::endgroup::
[2025-06-23T15:53:51.681+0900] {logging_mixin.py:190} INFO - empty map check {} {'process_id': '_7ffddcbe-00c7-4a7b-ad66-8e63ae5a2cc6_pre', 'folder_path': '6ef5d2d6-265e-40c7-ad40-b53b4a9e0ca5/7ffddcbe-00c7-4a7b-ad66-8e63ae5a2cc6', 'step_list': [{'name': 'cache', 'param': {'key': 'origin'}}, {'name': 'calc_angle_set2', 'param': {'key': 'angle1', 'iterations': 4, 'iter_save': False}}, {'name': 'text_orientation_set', 'param': {'key': 'angle2', 'iterations': 4, 'iter_save': False}}, {'name': 'load', 'param': {'key': 'origin'}}, {'name': 'rotate', 'param': {'key': 'angle1'}}, {'name': 'rotate', 'param': {'key': 'angle2'}}], 'result_file_map': {}}
[2025-06-23T15:53:51.682+0900] {logging_mixin.py:190} INFO - step : cache
[2025-06-23T15:53:51.697+0900] {logging_mixin.py:190} INFO - step : calc_angle_set2
[2025-06-23T15:54:16.881+0900] {logging_mixin.py:190} INFO - osd 1 -5.0 -5.0 0 959357 [959357, 917997, 874118, 830391, 787518, 744422, 702654, 661019, 621567, 579301, 541146, 504465, 468190, 435130, 406918, 376426, 344751, 309128, 273794, 237694, 204512, 231280, 259738, 288783, 317945, 348136, 380317, 412293, 449208, 487799, 526413, 564774, 607471, 647412, 689279, 730521, 773255, 816237, 859845, 902543, 943657]
[2025-06-23T15:54:53.824+0900] {logging_mixin.py:190} INFO - osd 2 0.0 5.0 40 2312702 [1967149, 1911930, 1861851, 1807651, 1751661, 1699207, 1648860, 1594663, 1543640, 1486742, 1436231, 1384107, 1331027, 1282155, 1226295, 1175094, 1120790, 1069652, 1022714, 969527, 919966, 980621, 1045822, 1105753, 1171299, 1243076, 1313474, 1388830, 1459321, 1532659, 1608580, 1679783, 1760166, 1832395, 1908743, 1981877, 2052784, 2122568, 2187603, 2248192, 2312702]
[2025-06-23T15:55:35.754+0900] {logging_mixin.py:190} INFO - osd 3 -5.0 -5.0 0 3678197 [3678197, 3605953, 3539388, 3470242, 3406344, 3337324, 3273850, 3201423, 3132946, 3064781, 2998131, 2930314, 2859015, 2791714, 2721582, 2654106, 2582057, 2503312, 2423971, 2345941, 2269055, 2335889, 2406211, 2476092, 2545825, 2616129, 2683557, 2753986, 2822009, 2893073, 2961775, 3028588, 3097677, 3166674, 3239029, 3303677, 3373775, 3438861, 3509908, 3577082, 3650244]
[2025-06-23T15:56:39.736+0900] {logging_mixin.py:190} INFO - osd 4 0.0 5.0 40 5704318 [5354406, 5261291, 5169907, 5077736, 4988264, 4899222, 4806057, 4714678, 4628606, 4537975, 4453405, 4359203, 4276981, 4185992, 4099679, 4015488, 3931877, 3846164, 3761588, 3680040, 3607644, 3707343, 3816365, 3926793, 4037713, 4144078, 4250714, 4358924, 4470305, 4574257, 4686532, 4791603, 4900246, 5004024, 5113820, 5221279, 5323213, 5418975, 5515654, 5609727, 5704318]
[2025-06-23T15:56:40.272+0900] {logging_mixin.py:190} INFO - step : text_orientation_set
[2025-06-23T15:57:08.680+0900] {logging_mixin.py:190} INFO - osd 1 break  0 0 11.96 Korean 0.95
[2025-06-23T15:57:08.684+0900] {logging_mixin.py:190} INFO - step : load
[2025-06-23T15:57:08.685+0900] {logging_mixin.py:190} INFO - step : rotate
[2025-06-23T15:57:09.098+0900] {logging_mixin.py:190} INFO - step : rotate
[2025-06-23T15:57:09.571+0900] {logging_mixin.py:190} INFO - file_copy: /opt/***/data/temp/6ef5d2d6-265e-40c7-ad40-b53b4a9e0ca5/7ffddcbe-00c7-4a7b-ad66-8e63ae5a2cc6/_result.png
[2025-06-23T15:57:09.608+0900] {python.py:240} INFO - Done. Returned value was: {'file_id': '6ef5d2d6-265e-40c7-ad40-b53b4a9e0ca5', 'file_path': '/opt/***/data/class/a_class/classify/ready/true/당주동 선덕빌딩 - 정부24 - 건축물대장 등본(초본) 발급(열람) _ 문서출력_page_1_aug0.png', 'true': {'process_id': '_7ffddcbe-00c7-4a7b-ad66-8e63ae5a2cc6_pre', 'folder_path': '6ef5d2d6-265e-40c7-ad40-b53b4a9e0ca5/7ffddcbe-00c7-4a7b-ad66-8e63ae5a2cc6', 'step_list': [{'name': 'cache', 'param': {'key': 'origin'}}, {'name': 'calc_angle_set2', 'param': {'key': 'angle1', 'iterations': 4, 'iter_save': False}}, {'name': 'text_orientation_set', 'param': {'key': 'angle2', 'iterations': 4, 'iter_save': False}}, {'name': 'load', 'param': {'key': 'origin'}}, {'name': 'rotate', 'param': {'key': 'angle1'}}, {'name': 'rotate', 'param': {'key': 'angle2'}}], 'result_file_map': {'_result': '/opt/***/data/temp/6ef5d2d6-265e-40c7-ad40-b53b4a9e0ca5/7ffddcbe-00c7-4a7b-ad66-8e63ae5a2cc6/_result.png'}}}
[2025-06-23T15:57:09.729+0900] {taskinstance.py:341} INFO - ::group::Post task execution logs
[2025-06-23T15:57:09.731+0900] {taskinstance.py:353} INFO - Marking task as SUCCESS. dag_id=lilt_document_classifier_balanced_V0.1, task_id=img_preprocess_task, run_id=manual__2025-06-23T06:45:10.371530+00:00, map_index=17, execution_date=20250623T064510, start_date=20250623T065350, end_date=20250623T065709
[2025-06-23T15:57:09.960+0900] {local_task_job_runner.py:266} INFO - Task exited with return code 0
[2025-06-23T15:57:10.153+0900] {taskinstance.py:3901} INFO - 0 downstream tasks scheduled from follow-on schedule check
[2025-06-23T15:57:10.158+0900] {local_task_job_runner.py:245} INFO - ::endgroup::
