[2025-06-23T16:22:30.243+0900] {local_task_job_runner.py:123} INFO - ::group::Pre task execution logs
[2025-06-23T16:22:30.307+0900] {taskinstance.py:2614} INFO - Dependencies all met for dep_context=non-requeueable deps ti=<TaskInstance: lilt_document_classifier_balanced_b_class_V0.1.img_preprocess_task manual__2025-06-23T06:58:09.542610+00:00 map_index=32 [queued]>
[2025-06-23T16:22:30.437+0900] {taskinstance.py:2614} INFO - Dependencies all met for dep_context=requeueable deps ti=<TaskInstance: lilt_document_classifier_balanced_b_class_V0.1.img_preprocess_task manual__2025-06-23T06:58:09.542610+00:00 map_index=32 [queued]>
[2025-06-23T16:22:30.438+0900] {taskinstance.py:2867} INFO - Starting attempt 1 of 1
[2025-06-23T16:22:30.555+0900] {taskinstance.py:2890} INFO - Executing <Mapped(_PythonDecoratedOperator): img_preprocess_task> on 2025-06-23 06:58:09.542610+00:00
[2025-06-23T16:22:30.631+0900] {standard_task_runner.py:104} INFO - Running: ['***', 'tasks', 'run', 'lilt_document_classifier_balanced_b_class_V0.1', 'img_preprocess_task', 'manual__2025-06-23T06:58:09.542610+00:00', '--job-id', '3358', '--raw', '--subdir', 'DAGS_FOLDER/class_create_dag_b_class.py', '--cfg-path', '/tmp/tmp3cwjihkz', '--map-index', '32']
[2025-06-23T16:22:30.648+0900] {standard_task_runner.py:105} INFO - Job 3358: Subtask img_preprocess_task
[2025-06-23T16:22:30.627+0900] {warnings.py:112} WARNING - /home/***/.local/lib/python3.12/site-packages/***/task/task_runner/standard_task_runner.py:70: DeprecationWarning: This process (pid=6899) is multi-threaded, use of fork() may lead to deadlocks in the child.
  pid = os.fork()

[2025-06-23T16:22:30.663+0900] {standard_task_runner.py:72} INFO - Started process 6912 to run task
[2025-06-23T16:22:30.765+0900] {task_command.py:467} INFO - Running <TaskInstance: lilt_document_classifier_balanced_b_class_V0.1.img_preprocess_task manual__2025-06-23T06:58:09.542610+00:00 map_index=32 [running]> on host f6d4228a9eb8
[2025-06-23T16:22:31.005+0900] {taskinstance.py:3134} INFO - Exporting env vars: AIRFLOW_CTX_DAG_OWNER='***' AIRFLOW_CTX_DAG_ID='lilt_document_classifier_balanced_b_class_V0.1' AIRFLOW_CTX_TASK_ID='img_preprocess_task' AIRFLOW_CTX_EXECUTION_DATE='2025-06-23T06:58:09.542610+00:00' AIRFLOW_CTX_TRY_NUMBER='1' AIRFLOW_CTX_DAG_RUN_ID='manual__2025-06-23T06:58:09.542610+00:00'
[2025-06-23T16:22:31.006+0900] {taskinstance.py:732} INFO - ::endgroup::
[2025-06-23T16:22:31.010+0900] {logging_mixin.py:190} INFO - empty map check {} {'process_id': '_f1c2b6dc-db17-4538-aafa-e54ff70d8db1_pre', 'folder_path': '2827661d-59c3-415c-b47e-9c30534dfa07/f1c2b6dc-db17-4538-aafa-e54ff70d8db1', 'step_list': [{'name': 'cache', 'param': {'key': 'origin'}}, {'name': 'calc_angle_set2', 'param': {'key': 'angle1', 'iterations': 4, 'iter_save': False}}, {'name': 'text_orientation_set', 'param': {'key': 'angle2', 'iterations': 4, 'iter_save': False}}, {'name': 'load', 'param': {'key': 'origin'}}, {'name': 'rotate', 'param': {'key': 'angle1'}}, {'name': 'rotate', 'param': {'key': 'angle2'}}], 'result_file_map': {}}
[2025-06-23T16:22:31.019+0900] {logging_mixin.py:190} INFO - step : cache
[2025-06-23T16:22:31.027+0900] {logging_mixin.py:190} INFO - step : calc_angle_set2
[2025-06-23T16:23:00.867+0900] {logging_mixin.py:190} INFO - osd 1 5.0 5.0 40 1274932 [828447, 797754, 764400, 729290, 697949, 664769, 634446, 601248, 566701, 527067, 490202, 452474, 415351, 379759, 348011, 312991, 278036, 243347, 208968, 174786, 144593, 183674, 226004, 269890, 316113, 365218, 415970, 465999, 521961, 580145, 639072, 696960, 760276, 820991, 885408, 947589, 1013798, 1078224, 1145294, 1211083, 1274932]
[2025-06-23T16:23:42.682+0900] {logging_mixin.py:190} INFO - osd 2 10.0 5.0 40 2785026 [2589633, 2521387, 2455161, 2384622, 2310545, 2239993, 2170104, 2096856, 2026916, 1949146, 1880219, 1808475, 1737193, 1671152, 1598695, 1532454, 1462915, 1399326, 1340065, 1274186, 1214392, 1286302, 1364068, 1435771, 1509704, 1589492, 1665180, 1745721, 1819379, 1896108, 1972389, 2047393, 2131653, 2209465, 2291436, 2371693, 2452945, 2537549, 2620853, 2699857, 2785026]
[2025-06-23T16:24:34.501+0900] {logging_mixin.py:190} INFO - osd 3 15.0 5.0 40 4684526 [4490493, 4393239, 4303654, 4206585, 4116219, 4021330, 3931450, 3832600, 3738847, 3644275, 3552748, 3460250, 3363909, 3271662, 3177374, 3088608, 2996669, 2905876, 2817075, 2728489, 2644616, 2734362, 2828330, 2924606, 3021161, 3119796, 3215064, 3315833, 3413554, 3517529, 3619301, 3719224, 3822884, 3928652, 4039518, 4140760, 4250220, 4353691, 4465302, 4570793, 4684526]
[2025-06-23T16:25:28.121+0900] {logging_mixin.py:190} INFO - osd 4 20.0 5.0 40 7001992 [6911749, 6781636, 6657430, 6531903, 6408784, 6284484, 6153928, 6027850, 5905642, 5778305, 5657506, 5525886, 5407651, 5277681, 5153069, 5032752, 4910270, 4784814, 4662063, 4539269, 4429010, 4541019, 4667034, 4793482, 4922507, 5047580, 5171564, 5299194, 5433652, 5556642, 5692050, 5816777, 5950736, 6077134, 6209407, 6345978, 6474964, 6604825, 6735412, 6866718, 7001992]
[2025-06-23T16:25:28.522+0900] {logging_mixin.py:190} INFO - step : text_orientation_set
[2025-06-23T16:25:57.222+0900] {logging_mixin.py:190} INFO - osd 1 180 180 0.16 Japanese 0.72
[2025-06-23T16:26:17.655+0900] {logging_mixin.py:190} INFO - osd 2 break  180 0 1.3 Arabic 1.29
[2025-06-23T16:26:17.656+0900] {logging_mixin.py:190} INFO - step : load
[2025-06-23T16:26:17.656+0900] {logging_mixin.py:190} INFO - step : rotate
[2025-06-23T16:26:18.187+0900] {logging_mixin.py:190} INFO - step : rotate
[2025-06-23T16:26:19.103+0900] {logging_mixin.py:190} INFO - file_copy: /opt/***/data/temp/2827661d-59c3-415c-b47e-9c30534dfa07/f1c2b6dc-db17-4538-aafa-e54ff70d8db1/_result.png
[2025-06-23T16:26:19.208+0900] {python.py:240} INFO - Done. Returned value was: {'file_id': '2827661d-59c3-415c-b47e-9c30534dfa07', 'file_path': '/opt/***/data/class/b_class/classify/ready/true/신월동 한솔빌딩 - 정부24 - 건축물대장 등본(초본) 발급(열람) _ 문서출력_page_1_aug1.png', 'true': {'process_id': '_f1c2b6dc-db17-4538-aafa-e54ff70d8db1_pre', 'folder_path': '2827661d-59c3-415c-b47e-9c30534dfa07/f1c2b6dc-db17-4538-aafa-e54ff70d8db1', 'step_list': [{'name': 'cache', 'param': {'key': 'origin'}}, {'name': 'calc_angle_set2', 'param': {'key': 'angle1', 'iterations': 4, 'iter_save': False}}, {'name': 'text_orientation_set', 'param': {'key': 'angle2', 'iterations': 4, 'iter_save': False}}, {'name': 'load', 'param': {'key': 'origin'}}, {'name': 'rotate', 'param': {'key': 'angle1'}}, {'name': 'rotate', 'param': {'key': 'angle2'}}], 'result_file_map': {'_result': '/opt/***/data/temp/2827661d-59c3-415c-b47e-9c30534dfa07/f1c2b6dc-db17-4538-aafa-e54ff70d8db1/_result.png'}}}
[2025-06-23T16:26:19.278+0900] {taskinstance.py:341} INFO - ::group::Post task execution logs
[2025-06-23T16:26:19.284+0900] {taskinstance.py:353} INFO - Marking task as SUCCESS. dag_id=lilt_document_classifier_balanced_b_class_V0.1, task_id=img_preprocess_task, run_id=manual__2025-06-23T06:58:09.542610+00:00, map_index=32, execution_date=20250623T065809, start_date=20250623T072230, end_date=20250623T072619
[2025-06-23T16:26:19.397+0900] {local_task_job_runner.py:266} INFO - Task exited with return code 0
[2025-06-23T16:26:19.461+0900] {taskinstance.py:3901} INFO - 0 downstream tasks scheduled from follow-on schedule check
[2025-06-23T16:26:19.471+0900] {local_task_job_runner.py:245} INFO - ::endgroup::
