[2025-06-23T09:45:18.888+0900] {local_task_job_runner.py:123} INFO - ::group::Pre task execution logs
[2025-06-23T09:45:18.979+0900] {taskinstance.py:2614} INFO - Dependencies all met for dep_context=non-requeueable deps ti=<TaskInstance: lilt_document_classifier_balanced_V0.1.img_preprocess_task__1 manual__2025-06-23T00:42:21.868462+00:00 map_index=42 [queued]>
[2025-06-23T09:45:19.023+0900] {taskinstance.py:2614} INFO - Dependencies all met for dep_context=requeueable deps ti=<TaskInstance: lilt_document_classifier_balanced_V0.1.img_preprocess_task__1 manual__2025-06-23T00:42:21.868462+00:00 map_index=42 [queued]>
[2025-06-23T09:45:19.029+0900] {taskinstance.py:2867} INFO - Starting attempt 1 of 1
[2025-06-23T09:45:19.165+0900] {taskinstance.py:2890} INFO - Executing <Mapped(_PythonDecoratedOperator): img_preprocess_task__1> on 2025-06-23 00:42:21.868462+00:00
[2025-06-23T09:45:19.281+0900] {standard_task_runner.py:104} INFO - Running: ['***', 'tasks', 'run', 'lilt_document_classifier_balanced_V0.1', 'img_preprocess_task__1', 'manual__2025-06-23T00:42:21.868462+00:00', '--job-id', '1975', '--raw', '--subdir', 'DAGS_FOLDER/class_create_dag.py', '--cfg-path', '/tmp/tmpl8o4v5yh', '--map-index', '42']
[2025-06-23T09:45:19.271+0900] {warnings.py:112} WARNING - /home/***/.local/lib/python3.12/site-packages/***/task/task_runner/standard_task_runner.py:70: DeprecationWarning: This process (pid=82442) is multi-threaded, use of fork() may lead to deadlocks in the child.
  pid = os.fork()

[2025-06-23T09:45:19.305+0900] {standard_task_runner.py:105} INFO - Job 1975: Subtask img_preprocess_task__1
[2025-06-23T09:45:19.301+0900] {standard_task_runner.py:72} INFO - Started process 82500 to run task
[2025-06-23T09:45:19.424+0900] {task_command.py:467} INFO - Running <TaskInstance: lilt_document_classifier_balanced_V0.1.img_preprocess_task__1 manual__2025-06-23T00:42:21.868462+00:00 map_index=42 [running]> on host f6d4228a9eb8
[2025-06-23T09:45:19.610+0900] {taskinstance.py:3134} INFO - Exporting env vars: AIRFLOW_CTX_DAG_OWNER='***' AIRFLOW_CTX_DAG_ID='lilt_document_classifier_balanced_V0.1' AIRFLOW_CTX_TASK_ID='img_preprocess_task__1' AIRFLOW_CTX_EXECUTION_DATE='2025-06-23T00:42:21.868462+00:00' AIRFLOW_CTX_TRY_NUMBER='1' AIRFLOW_CTX_DAG_RUN_ID='manual__2025-06-23T00:42:21.868462+00:00'
[2025-06-23T09:45:19.627+0900] {taskinstance.py:732} INFO - ::endgroup::
[2025-06-23T09:45:19.659+0900] {logging_mixin.py:190} INFO - empty map check {} {'process_id': '_f3d85a1c-9418-48bb-a2d1-b1448f2b5832_pre', 'folder_path': 'f3c89683-853d-4ae1-ad43-c55a63a29b88/f3d85a1c-9418-48bb-a2d1-b1448f2b5832', 'step_list': [{'name': 'cache', 'param': {'key': 'origin'}}, {'name': 'calc_angle_set1', 'param': {'key': 'angle1', 'iterations': 4, 'iter_save': False}}, {'name': 'text_orientation_set', 'param': {'key': 'angle2', 'iterations': 4, 'iter_save': False}}, {'name': 'load', 'param': {'key': 'origin'}}, {'name': 'rotate', 'param': {'key': 'angle1'}}, {'name': 'rotate', 'param': {'key': 'angle2'}}], 'result_file_map': {}}
[2025-06-23T09:45:19.660+0900] {logging_mixin.py:190} INFO - step : cache
[2025-06-23T09:45:19.665+0900] {logging_mixin.py:190} INFO - step : calc_angle_set1
[2025-06-23T09:45:19.824+0900] {logging_mixin.py:190} INFO - step : text_orientation_set
[2025-06-23T09:45:26.572+0900] {logging_mixin.py:190} INFO - osd 1 break  0 0 0.98 Latin 1.11
[2025-06-23T09:45:26.578+0900] {logging_mixin.py:190} INFO - step : load
[2025-06-23T09:45:26.582+0900] {logging_mixin.py:190} INFO - step : rotate
[2025-06-23T09:45:26.605+0900] {logging_mixin.py:190} INFO - step : rotate
[2025-06-23T09:45:26.741+0900] {logging_mixin.py:190} INFO - file_copy: /opt/***/data/temp/f3c89683-853d-4ae1-ad43-c55a63a29b88/f3d85a1c-9418-48bb-a2d1-b1448f2b5832/_result.png
[2025-06-23T09:45:26.768+0900] {python.py:240} INFO - Done. Returned value was: {'file_id': 'f3c89683-853d-4ae1-ad43-c55a63a29b88', 'file_path': '/opt/***/data/class/a_class/classify/ready/false/copied_58_0001144227.png', 'false': {'process_id': '_f3d85a1c-9418-48bb-a2d1-b1448f2b5832_pre', 'folder_path': 'f3c89683-853d-4ae1-ad43-c55a63a29b88/f3d85a1c-9418-48bb-a2d1-b1448f2b5832', 'step_list': [{'name': 'cache', 'param': {'key': 'origin'}}, {'name': 'calc_angle_set1', 'param': {'key': 'angle1', 'iterations': 4, 'iter_save': False}}, {'name': 'text_orientation_set', 'param': {'key': 'angle2', 'iterations': 4, 'iter_save': False}}, {'name': 'load', 'param': {'key': 'origin'}}, {'name': 'rotate', 'param': {'key': 'angle1'}}, {'name': 'rotate', 'param': {'key': 'angle2'}}], 'result_file_map': {'_result': '/opt/***/data/temp/f3c89683-853d-4ae1-ad43-c55a63a29b88/f3d85a1c-9418-48bb-a2d1-b1448f2b5832/_result.png'}}}
[2025-06-23T09:45:26.851+0900] {taskinstance.py:341} INFO - ::group::Post task execution logs
[2025-06-23T09:45:26.852+0900] {taskinstance.py:353} INFO - Marking task as SUCCESS. dag_id=lilt_document_classifier_balanced_V0.1, task_id=img_preprocess_task__1, run_id=manual__2025-06-23T00:42:21.868462+00:00, map_index=42, execution_date=20250623T004221, start_date=20250623T004518, end_date=20250623T004526
[2025-06-23T09:45:27.017+0900] {local_task_job_runner.py:266} INFO - Task exited with return code 0
[2025-06-23T09:45:27.181+0900] {taskinstance.py:3901} INFO - 0 downstream tasks scheduled from follow-on schedule check
[2025-06-23T09:45:27.244+0900] {local_task_job_runner.py:245} INFO - ::endgroup::
