[2025-06-25T09:28:02.077+0900] {local_task_job_runner.py:123} INFO - ::group::Pre task execution logs
[2025-06-25T09:28:02.326+0900] {taskinstance.py:2614} INFO - Dependencies all met for dep_context=non-requeueable deps ti=<TaskInstance: lilt_document_classifier_balanced_V0.1.img_preprocess_task__1 manual__2025-06-25T00:18:31.692203+00:00 map_index=73 [queued]>
[2025-06-25T09:28:02.353+0900] {taskinstance.py:2614} INFO - Dependencies all met for dep_context=requeueable deps ti=<TaskInstance: lilt_document_classifier_balanced_V0.1.img_preprocess_task__1 manual__2025-06-25T00:18:31.692203+00:00 map_index=73 [queued]>
[2025-06-25T09:28:02.356+0900] {taskinstance.py:2867} INFO - Starting attempt 1 of 1
[2025-06-25T09:28:02.426+0900] {taskinstance.py:2890} INFO - Executing <Mapped(_PythonDecoratedOperator): img_preprocess_task__1> on 2025-06-25 00:18:31.692203+00:00
[2025-06-25T09:28:02.478+0900] {warnings.py:112} WARNING - /home/***/.local/lib/python3.12/site-packages/***/task/task_runner/standard_task_runner.py:70: DeprecationWarning: This process (pid=78327) is multi-threaded, use of fork() may lead to deadlocks in the child.
  pid = os.fork()

[2025-06-25T09:28:02.488+0900] {standard_task_runner.py:72} INFO - Started process 78347 to run task
[2025-06-25T09:28:02.504+0900] {standard_task_runner.py:104} INFO - Running: ['***', 'tasks', 'run', 'lilt_document_classifier_balanced_V0.1', 'img_preprocess_task__1', 'manual__2025-06-25T00:18:31.692203+00:00', '--job-id', '5118', '--raw', '--subdir', 'DAGS_FOLDER/class_create_dag.py', '--cfg-path', '/tmp/tmpksjbpoj7', '--map-index', '73']
[2025-06-25T09:28:02.550+0900] {standard_task_runner.py:105} INFO - Job 5118: Subtask img_preprocess_task__1
[2025-06-25T09:28:02.798+0900] {task_command.py:467} INFO - Running <TaskInstance: lilt_document_classifier_balanced_V0.1.img_preprocess_task__1 manual__2025-06-25T00:18:31.692203+00:00 map_index=73 [running]> on host f6d4228a9eb8
[2025-06-25T09:28:03.399+0900] {taskinstance.py:3134} INFO - Exporting env vars: AIRFLOW_CTX_DAG_OWNER='***' AIRFLOW_CTX_DAG_ID='lilt_document_classifier_balanced_V0.1' AIRFLOW_CTX_TASK_ID='img_preprocess_task__1' AIRFLOW_CTX_EXECUTION_DATE='2025-06-25T00:18:31.692203+00:00' AIRFLOW_CTX_TRY_NUMBER='1' AIRFLOW_CTX_DAG_RUN_ID='manual__2025-06-25T00:18:31.692203+00:00'
[2025-06-25T09:28:03.407+0900] {taskinstance.py:732} INFO - ::endgroup::
[2025-06-25T09:28:03.413+0900] {logging_mixin.py:190} INFO - empty map check {} {'process_id': '_71a74438-7932-4274-912c-2399cc388cc5_pre', 'folder_path': '61775fb4-6069-473e-82cb-f71b5996c6eb/71a74438-7932-4274-912c-2399cc388cc5', 'step_list': [{'name': 'cache', 'param': {'cache_key': 'origin'}}, {'name': 'calc_angle_set2', 'param': {'angle_key': 'angle2_1', 'delta': 8.0, 'limit': 40, 'iterations': 2, 'iter_save': False}}, {'name': 'calc_angle_set2', 'param': {'angle_key': 'angle2_2', 'delta': 1.0, 'limit': 8, 'iterations': 2, 'iter_save': False}}, {'name': 'calc_angle_set2', 'param': {'angle_key': 'angle2_3', 'delta': 0.125, 'limit': 1, 'iterations': 2, 'iter_save': False}}, {'name': 'text_orientation_set', 'param': {'angle_key': 'orint', 'iterations': 3, 'iter_save': False}}, {'name': 'load', 'param': {'cache_key': 'origin'}}, {'name': 'rotate', 'param': {'angle_key': 'angle2_1'}}, {'name': 'rotate', 'param': {'angle_key': 'angle2_2'}}, {'name': 'rotate', 'param': {'angle_key': 'angle2_3'}}, {'name': 'rotate', 'param': {'angle_key': 'orint'}}], 'result_file_map': {}}
[2025-06-25T09:28:03.416+0900] {logging_mixin.py:190} INFO - step : cache
[2025-06-25T09:28:03.421+0900] {logging_mixin.py:190} INFO - step : calc_angle_set2
[2025-06-25T09:28:05.735+0900] {logging_mixin.py:190} INFO - osd 1 0 0 5 41 [0, 0, 0, 0, 0, 41, 0, 0, 0, 0, 0]
[2025-06-25T09:28:08.497+0900] {logging_mixin.py:190} INFO - osd 2 0 0 5 41 [0, 0, 0, 0, 0, 41, 0, 0, 0, 0, 0]
[2025-06-25T09:28:08.581+0900] {logging_mixin.py:190} INFO - step : calc_angle_set2
[2025-06-25T09:28:10.341+0900] {logging_mixin.py:190} INFO - osd 1 0 0 7 48 [0, 0, 4, 5, 10, 3, 35, 48, 41, 34, 33, 21, 0, 9, 8, 0, 0]
[2025-06-25T09:28:13.511+0900] {logging_mixin.py:190} INFO - osd 2 0 0 7 48 [0, 0, 4, 5, 10, 3, 35, 48, 41, 34, 33, 21, 0, 9, 8, 0, 0]
[2025-06-25T09:28:13.531+0900] {logging_mixin.py:190} INFO - step : calc_angle_set2
[2025-06-25T09:28:15.172+0900] {logging_mixin.py:190} INFO - osd 1 -0.875 -0.875 1 90 [48, 90, 44, 90, 67, 61, 86, 60, 41, 78, 80, 56, 65, 51, 36, 64, 34]
[2025-06-25T09:28:16.296+0900] {logging_mixin.py:190} INFO - osd 2 -0.25 0.625 13 104 [42, 82, 37, 78, 57, 58, 86, 67, 45, 78, 77, 79, 83, 104, 61, 100, 81]
[2025-06-25T09:28:16.330+0900] {logging_mixin.py:190} INFO - step : text_orientation_set
[2025-06-25T09:28:24.280+0900] {logging_mixin.py:190} INFO - osd 1 break  0 0 1.66 Cyrillic 0.2
[2025-06-25T09:28:24.281+0900] {logging_mixin.py:190} INFO - step : load
[2025-06-25T09:28:24.299+0900] {logging_mixin.py:190} INFO - step : rotate
[2025-06-25T09:28:24.376+0900] {logging_mixin.py:190} INFO - step : rotate
[2025-06-25T09:28:24.377+0900] {logging_mixin.py:190} INFO - step : rotate
[2025-06-25T09:28:24.456+0900] {logging_mixin.py:190} INFO - step : rotate
[2025-06-25T09:28:25.053+0900] {logging_mixin.py:190} INFO - file_copy: /opt/***/data/temp/61775fb4-6069-473e-82cb-f71b5996c6eb/71a74438-7932-4274-912c-2399cc388cc5/_result.png
[2025-06-25T09:28:25.089+0900] {python.py:240} INFO - Done. Returned value was: {'file_id': '61775fb4-6069-473e-82cb-f71b5996c6eb', 'file_path': '/opt/***/data/class/a_class/classify/ready/false/copied_55_2029057978_2029057986.png', 'false': {'process_id': '_71a74438-7932-4274-912c-2399cc388cc5_pre', 'folder_path': '61775fb4-6069-473e-82cb-f71b5996c6eb/71a74438-7932-4274-912c-2399cc388cc5', 'step_list': [{'name': 'cache', 'param': {'cache_key': 'origin'}}, {'name': 'calc_angle_set2', 'param': {'angle_key': 'angle2_1', 'delta': 8.0, 'limit': 40, 'iterations': 2, 'iter_save': False}}, {'name': 'calc_angle_set2', 'param': {'angle_key': 'angle2_2', 'delta': 1.0, 'limit': 8, 'iterations': 2, 'iter_save': False}}, {'name': 'calc_angle_set2', 'param': {'angle_key': 'angle2_3', 'delta': 0.125, 'limit': 1, 'iterations': 2, 'iter_save': False}}, {'name': 'text_orientation_set', 'param': {'angle_key': 'orint', 'iterations': 3, 'iter_save': False}}, {'name': 'load', 'param': {'cache_key': 'origin'}}, {'name': 'rotate', 'param': {'angle_key': 'angle2_1'}}, {'name': 'rotate', 'param': {'angle_key': 'angle2_2'}}, {'name': 'rotate', 'param': {'angle_key': 'angle2_3'}}, {'name': 'rotate', 'param': {'angle_key': 'orint'}}], 'result_file_map': {'_result': '/opt/***/data/temp/61775fb4-6069-473e-82cb-f71b5996c6eb/71a74438-7932-4274-912c-2399cc388cc5/_result.png'}}}
[2025-06-25T09:28:25.347+0900] {taskinstance.py:341} INFO - ::group::Post task execution logs
[2025-06-25T09:28:25.365+0900] {taskinstance.py:353} INFO - Marking task as SUCCESS. dag_id=lilt_document_classifier_balanced_V0.1, task_id=img_preprocess_task__1, run_id=manual__2025-06-25T00:18:31.692203+00:00, map_index=73, execution_date=20250625T001831, start_date=20250625T002802, end_date=20250625T002825
[2025-06-25T09:28:25.745+0900] {local_task_job_runner.py:266} INFO - Task exited with return code 0
[2025-06-25T09:28:25.888+0900] {taskinstance.py:3901} INFO - 0 downstream tasks scheduled from follow-on schedule check
[2025-06-25T09:28:25.898+0900] {local_task_job_runner.py:245} INFO - ::endgroup::
