[2025-06-24T11:56:20.622+0900] {local_task_job_runner.py:123} INFO - ::group::Pre task execution logs
[2025-06-24T11:56:20.958+0900] {taskinstance.py:2614} INFO - Dependencies all met for dep_context=non-requeueable deps ti=<TaskInstance: lilt_document_classifier_balanced_V0.1.img_preprocess_task manual__2025-06-24T02:31:44.485922+00:00 map_index=91 [queued]>
[2025-06-24T11:56:21.009+0900] {taskinstance.py:2614} INFO - Dependencies all met for dep_context=requeueable deps ti=<TaskInstance: lilt_document_classifier_balanced_V0.1.img_preprocess_task manual__2025-06-24T02:31:44.485922+00:00 map_index=91 [queued]>
[2025-06-24T11:56:21.018+0900] {taskinstance.py:2867} INFO - Starting attempt 1 of 1
[2025-06-24T11:56:21.055+0900] {taskinstance.py:2890} INFO - Executing <Mapped(_PythonDecoratedOperator): img_preprocess_task> on 2025-06-24 02:31:44.485922+00:00
[2025-06-24T11:56:21.137+0900] {warnings.py:112} WARNING - /home/***/.local/lib/python3.12/site-packages/***/task/task_runner/standard_task_runner.py:70: DeprecationWarning: This process (pid=37204) is multi-threaded, use of fork() may lead to deadlocks in the child.
  pid = os.fork()

[2025-06-24T11:56:21.141+0900] {standard_task_runner.py:72} INFO - Started process 37222 to run task
[2025-06-24T11:56:21.136+0900] {standard_task_runner.py:104} INFO - Running: ['***', 'tasks', 'run', 'lilt_document_classifier_balanced_V0.1', 'img_preprocess_task', 'manual__2025-06-24T02:31:44.485922+00:00', '--job-id', '3920', '--raw', '--subdir', 'DAGS_FOLDER/class_create_dag.py', '--cfg-path', '/tmp/tmpyhj0p1jp', '--map-index', '91']
[2025-06-24T11:56:21.162+0900] {standard_task_runner.py:105} INFO - Job 3920: Subtask img_preprocess_task
[2025-06-24T11:56:21.334+0900] {task_command.py:467} INFO - Running <TaskInstance: lilt_document_classifier_balanced_V0.1.img_preprocess_task manual__2025-06-24T02:31:44.485922+00:00 map_index=91 [running]> on host f6d4228a9eb8
[2025-06-24T11:56:21.652+0900] {taskinstance.py:3134} INFO - Exporting env vars: AIRFLOW_CTX_DAG_OWNER='***' AIRFLOW_CTX_DAG_ID='lilt_document_classifier_balanced_V0.1' AIRFLOW_CTX_TASK_ID='img_preprocess_task' AIRFLOW_CTX_EXECUTION_DATE='2025-06-24T02:31:44.485922+00:00' AIRFLOW_CTX_TRY_NUMBER='1' AIRFLOW_CTX_DAG_RUN_ID='manual__2025-06-24T02:31:44.485922+00:00'
[2025-06-24T11:56:21.657+0900] {taskinstance.py:732} INFO - ::endgroup::
[2025-06-24T11:56:21.664+0900] {logging_mixin.py:190} INFO - empty map check {} {'process_id': '_56609f00-be85-4119-9e1f-3fee83633914_pre', 'folder_path': 'dc118758-f8f6-4282-a8f1-116e54181ca5/56609f00-be85-4119-9e1f-3fee83633914', 'step_list': [{'name': 'cache', 'param': {'key': 'origin'}}, {'name': 'calc_angle_set2', 'param': {'key': 'angle1', 'iterations': 4, 'iter_save': True}}, {'name': 'save', 'param': {'key': 'ag1'}}, {'name': 'text_orientation_set', 'param': {'key': 'angle2', 'iterations': 4, 'iter_save': True}}, {'name': 'save', 'param': {'key': 'ag2'}}, {'name': 'load', 'param': {'key': 'origin'}}, {'name': 'rotate', 'param': {'key': 'angle1'}}, {'name': 'rotate', 'param': {'key': 'angle2'}}], 'result_file_map': {}}
[2025-06-24T11:56:21.667+0900] {logging_mixin.py:190} INFO - step : cache
[2025-06-24T11:56:21.671+0900] {logging_mixin.py:190} INFO - step : calc_angle_set2
[2025-06-24T11:56:53.690+0900] {logging_mixin.py:190} INFO - osd 1 5.0 5.0 40 863222 [861819, 821152, 778814, 736416, 694578, 652161, 611522, 571598, 532643, 492294, 455531, 420057, 385892, 354017, 325117, 295956, 266110, 236931, 208271, 179360, 152556, 179343, 207813, 236870, 266050, 295345, 324954, 353389, 385735, 419541, 454573, 490907, 531356, 570361, 610985, 651730, 693865, 735857, 779117, 822093, 863222]
[2025-06-24T11:57:26.172+0900] {logging_mixin.py:190} INFO - osd 2 0.0 -5.0 0 2052976 [2052976, 1991363, 1931490, 1868310, 1801631, 1738720, 1674585, 1608135, 1544701, 1474030, 1412174, 1345389, 1281380, 1221664, 1157932, 1099617, 1039107, 983884, 932145, 876192, 824300, 872470, 924349, 970660, 1020459, 1073867, 1124652, 1178976, 1227420, 1279301, 1332466, 1381793, 1438073, 1488896, 1542555, 1594010, 1644761, 1700337, 1752235, 1802414, 1856876]
[2025-06-24T11:57:56.062+0900] {logging_mixin.py:190} INFO - osd 3 5.0 5.0 40 3293409 [3205683, 3144781, 3086639, 3025679, 2969470, 2908474, 2851863, 2789193, 2728909, 2668959, 2609927, 2551138, 2488984, 2430012, 2367762, 2309255, 2247611, 2187317, 2126198, 2065974, 2007063, 2070512, 2136204, 2202721, 2268406, 2335238, 2397746, 2463769, 2526060, 2593331, 2656574, 2718783, 2782968, 2847138, 2914795, 2975750, 3039751, 3101221, 3166823, 3228793, 3293409]
[2025-06-24T11:58:17.178+0900] {logging_mixin.py:190} INFO - osd 4 0.0 -5.0 0 4997537 [4997537, 4911424, 4825029, 4738728, 4651919, 4565786, 4474859, 4385268, 4298658, 4208256, 4122054, 4027365, 3941013, 3847466, 3757526, 3668853, 3579609, 3487497, 3394813, 3303659, 3220394, 3289448, 3366476, 3443793, 3521525, 3595803, 3671721, 3749916, 3832219, 3907314, 3991976, 4070051, 4153444, 4235495, 4322316, 4411444, 4496012, 4582775, 4670582, 4759320, 4848830]
[2025-06-24T11:58:17.354+0900] {logging_mixin.py:190} INFO - step : save
[2025-06-24T11:58:18.038+0900] {logging_mixin.py:190} INFO - file_copy: /opt/***/data/temp/dc118758-f8f6-4282-a8f1-116e54181ca5/56609f00-be85-4119-9e1f-3fee83633914/ag1.png
[2025-06-24T11:58:18.087+0900] {logging_mixin.py:190} INFO - step : text_orientation_set
[2025-06-24T11:58:22.872+0900] {logging_mixin.py:190} INFO - file_copy: /opt/***/data/temp/dc118758-f8f6-4282-a8f1-116e54181ca5/56609f00-be85-4119-9e1f-3fee83633914/rotate2_1.png
[2025-06-24T11:58:24.759+0900] {logging_mixin.py:190} INFO - osd 1 break  0 0 13.0 Japanese 0.15
[2025-06-24T11:58:24.761+0900] {logging_mixin.py:190} INFO - step : save
[2025-06-24T11:58:24.898+0900] {logging_mixin.py:190} INFO - file_copy: /opt/***/data/temp/dc118758-f8f6-4282-a8f1-116e54181ca5/56609f00-be85-4119-9e1f-3fee83633914/ag2.png
[2025-06-24T11:58:24.905+0900] {logging_mixin.py:190} INFO - step : load
[2025-06-24T11:58:24.905+0900] {logging_mixin.py:190} INFO - step : rotate
[2025-06-24T11:58:24.990+0900] {logging_mixin.py:190} INFO - step : rotate
[2025-06-24T11:58:25.156+0900] {logging_mixin.py:190} INFO - file_copy: /opt/***/data/temp/dc118758-f8f6-4282-a8f1-116e54181ca5/56609f00-be85-4119-9e1f-3fee83633914/_result.png
[2025-06-24T11:58:25.172+0900] {python.py:240} INFO - Done. Returned value was: {'file_id': 'dc118758-f8f6-4282-a8f1-116e54181ca5', 'file_path': '/opt/***/data/class/a_class/classify/ready/true/동선동 나성빌딩 - 정부24 - 건축물대장 등본(초본) 발급(열람) _ 문서출력_page_1_aug0.png', 'true': {'process_id': '_56609f00-be85-4119-9e1f-3fee83633914_pre', 'folder_path': 'dc118758-f8f6-4282-a8f1-116e54181ca5/56609f00-be85-4119-9e1f-3fee83633914', 'step_list': [{'name': 'cache', 'param': {'key': 'origin'}}, {'name': 'calc_angle_set2', 'param': {'key': 'angle1', 'iterations': 4, 'iter_save': True}}, {'name': 'save', 'param': {'key': 'ag1'}}, {'name': 'text_orientation_set', 'param': {'key': 'angle2', 'iterations': 4, 'iter_save': True}}, {'name': 'save', 'param': {'key': 'ag2'}}, {'name': 'load', 'param': {'key': 'origin'}}, {'name': 'rotate', 'param': {'key': 'angle1'}}, {'name': 'rotate', 'param': {'key': 'angle2'}}], 'result_file_map': {'ag1': '/opt/***/data/temp/dc118758-f8f6-4282-a8f1-116e54181ca5/56609f00-be85-4119-9e1f-3fee83633914/ag1.png', 'rotate2_1': '/opt/***/data/temp/dc118758-f8f6-4282-a8f1-116e54181ca5/56609f00-be85-4119-9e1f-3fee83633914/rotate2_1.png', 'ag2': '/opt/***/data/temp/dc118758-f8f6-4282-a8f1-116e54181ca5/56609f00-be85-4119-9e1f-3fee83633914/ag2.png', '_result': '/opt/***/data/temp/dc118758-f8f6-4282-a8f1-116e54181ca5/56609f00-be85-4119-9e1f-3fee83633914/_result.png'}}}
[2025-06-24T11:58:25.256+0900] {taskinstance.py:341} INFO - ::group::Post task execution logs
[2025-06-24T11:58:25.258+0900] {taskinstance.py:353} INFO - Marking task as SUCCESS. dag_id=lilt_document_classifier_balanced_V0.1, task_id=img_preprocess_task, run_id=manual__2025-06-24T02:31:44.485922+00:00, map_index=91, execution_date=20250624T023144, start_date=20250624T025620, end_date=20250624T025825
[2025-06-24T11:58:25.392+0900] {local_task_job_runner.py:266} INFO - Task exited with return code 0
[2025-06-24T11:58:25.434+0900] {taskinstance.py:3901} INFO - 1 downstream tasks scheduled from follow-on schedule check
[2025-06-24T11:58:25.438+0900] {local_task_job_runner.py:245} INFO - ::endgroup::
