[2025-06-25T09:25:47.368+0900] {local_task_job_runner.py:123} INFO - ::group::Pre task execution logs
[2025-06-25T09:25:47.490+0900] {taskinstance.py:2614} INFO - Dependencies all met for dep_context=non-requeueable deps ti=<TaskInstance: lilt_document_classifier_balanced_V0.1.img_preprocess_task manual__2025-06-25T00:18:31.692203+00:00 map_index=53 [queued]>
[2025-06-25T09:25:47.528+0900] {taskinstance.py:2614} INFO - Dependencies all met for dep_context=requeueable deps ti=<TaskInstance: lilt_document_classifier_balanced_V0.1.img_preprocess_task manual__2025-06-25T00:18:31.692203+00:00 map_index=53 [queued]>
[2025-06-25T09:25:47.529+0900] {taskinstance.py:2867} INFO - Starting attempt 1 of 1
[2025-06-25T09:25:47.572+0900] {taskinstance.py:2890} INFO - Executing <Mapped(_PythonDecoratedOperator): img_preprocess_task> on 2025-06-25 00:18:31.692203+00:00
[2025-06-25T09:25:47.670+0900] {standard_task_runner.py:104} INFO - Running: ['***', 'tasks', 'run', 'lilt_document_classifier_balanced_V0.1', 'img_preprocess_task', 'manual__2025-06-25T00:18:31.692203+00:00', '--job-id', '5081', '--raw', '--subdir', 'DAGS_FOLDER/class_create_dag.py', '--cfg-path', '/tmp/tmpocp6ejnk', '--map-index', '53']
[2025-06-25T09:25:47.679+0900] {standard_task_runner.py:105} INFO - Job 5081: Subtask img_preprocess_task
[2025-06-25T09:25:47.664+0900] {warnings.py:112} WARNING - /home/***/.local/lib/python3.12/site-packages/***/task/task_runner/standard_task_runner.py:70: DeprecationWarning: This process (pid=77574) is multi-threaded, use of fork() may lead to deadlocks in the child.
  pid = os.fork()

[2025-06-25T09:25:47.688+0900] {standard_task_runner.py:72} INFO - Started process 77606 to run task
[2025-06-25T09:25:47.859+0900] {task_command.py:467} INFO - Running <TaskInstance: lilt_document_classifier_balanced_V0.1.img_preprocess_task manual__2025-06-25T00:18:31.692203+00:00 map_index=53 [running]> on host f6d4228a9eb8
[2025-06-25T09:25:48.499+0900] {taskinstance.py:3134} INFO - Exporting env vars: AIRFLOW_CTX_DAG_OWNER='***' AIRFLOW_CTX_DAG_ID='lilt_document_classifier_balanced_V0.1' AIRFLOW_CTX_TASK_ID='img_preprocess_task' AIRFLOW_CTX_EXECUTION_DATE='2025-06-25T00:18:31.692203+00:00' AIRFLOW_CTX_TRY_NUMBER='1' AIRFLOW_CTX_DAG_RUN_ID='manual__2025-06-25T00:18:31.692203+00:00'
[2025-06-25T09:25:48.510+0900] {taskinstance.py:732} INFO - ::endgroup::
[2025-06-25T09:25:48.519+0900] {logging_mixin.py:190} INFO - empty map check {} {'process_id': '_128a30f0-d302-460e-baf3-0eaa2e87834c_pre', 'folder_path': '013348fe-2b44-4049-9967-ae9993af9337/128a30f0-d302-460e-baf3-0eaa2e87834c', 'step_list': [{'name': 'cache', 'param': {'cache_key': 'origin'}}, {'name': 'calc_angle_set2', 'param': {'angle_key': 'angle2_1', 'delta': 8.0, 'limit': 40, 'iterations': 2, 'iter_save': False}}, {'name': 'calc_angle_set2', 'param': {'angle_key': 'angle2_2', 'delta': 1.0, 'limit': 8, 'iterations': 2, 'iter_save': False}}, {'name': 'calc_angle_set2', 'param': {'angle_key': 'angle2_3', 'delta': 0.125, 'limit': 1, 'iterations': 2, 'iter_save': False}}, {'name': 'text_orientation_set', 'param': {'angle_key': 'orint', 'iterations': 3, 'iter_save': False}}, {'name': 'load', 'param': {'cache_key': 'origin'}}, {'name': 'rotate', 'param': {'angle_key': 'angle2_1'}}, {'name': 'rotate', 'param': {'angle_key': 'angle2_2'}}, {'name': 'rotate', 'param': {'angle_key': 'angle2_3'}}, {'name': 'rotate', 'param': {'angle_key': 'orint'}}], 'result_file_map': {}}
[2025-06-25T09:25:48.525+0900] {logging_mixin.py:190} INFO - step : cache
[2025-06-25T09:25:48.526+0900] {logging_mixin.py:190} INFO - step : calc_angle_set2
[2025-06-25T09:25:57.979+0900] {logging_mixin.py:190} INFO - osd 1 0.0 0.0 5 59 [0, 0, 0, 0, 35, 59, 0, 0, 0, 0, 0]
[2025-06-25T09:26:07.618+0900] {logging_mixin.py:190} INFO - osd 2 0.0 0.0 5 59 [0, 0, 0, 0, 35, 59, 0, 0, 0, 0, 0]
[2025-06-25T09:26:07.853+0900] {logging_mixin.py:190} INFO - step : calc_angle_set2
[2025-06-25T09:26:18.505+0900] {logging_mixin.py:190} INFO - osd 1 -2.0 -2.0 6 71026 [35, 44, 64, 67, 65, 23148, 71026, 1544, 59, 42, 41, 36, 29, 18, 2, 0, 0]
[2025-06-25T09:26:28.790+0900] {logging_mixin.py:190} INFO - osd 2 -2.0 0.0 8 76962 [0, 0, 0, 0, 0, 0, 0, 27933, 76962, 1974, 0, 0, 0, 0, 0, 0, 0]
[2025-06-25T09:26:28.924+0900] {logging_mixin.py:190} INFO - step : calc_angle_set2
[2025-06-25T09:26:37.745+0900] {logging_mixin.py:190} INFO - osd 1 -0.25 -0.25 6 147191 [27933, 39052, 50186, 61237, 73631, 109159, 147191, 116329, 76962, 63964, 53261, 42751, 32071, 21456, 11692, 5078, 1974]
[2025-06-25T09:26:45.811+0900] {logging_mixin.py:190} INFO - osd 2 -0.25 0.0 8 153384 [11310, 21709, 33613, 44788, 55898, 66995, 82217, 118909, 153384, 125602, 83210, 69177, 59327, 48016, 36445, 25943, 16051]
[2025-06-25T09:26:45.936+0900] {logging_mixin.py:190} INFO - step : text_orientation_set
[2025-06-25T09:27:05.528+0900] {logging_mixin.py:190} INFO - osd 1 break  0 0 7.1 Korean 0.9
[2025-06-25T09:27:05.530+0900] {logging_mixin.py:190} INFO - step : load
[2025-06-25T09:27:05.530+0900] {logging_mixin.py:190} INFO - step : rotate
[2025-06-25T09:27:05.635+0900] {logging_mixin.py:190} INFO - step : rotate
[2025-06-25T09:27:05.710+0900] {logging_mixin.py:190} INFO - step : rotate
[2025-06-25T09:27:05.853+0900] {logging_mixin.py:190} INFO - step : rotate
[2025-06-25T09:27:06.239+0900] {logging_mixin.py:190} INFO - file_copy: /opt/***/data/temp/013348fe-2b44-4049-9967-ae9993af9337/128a30f0-d302-460e-baf3-0eaa2e87834c/_result.png
[2025-06-25T09:27:06.282+0900] {python.py:240} INFO - Done. Returned value was: {'file_id': '013348fe-2b44-4049-9967-ae9993af9337', 'file_path': '/opt/***/data/class/a_class/classify/ready/true/중곡동 삼성빌딩 - 정부24 - 건축물대장 등본(초본) 발급(열람) _ 문서출력_page_1_aug1.png', 'true': {'process_id': '_128a30f0-d302-460e-baf3-0eaa2e87834c_pre', 'folder_path': '013348fe-2b44-4049-9967-ae9993af9337/128a30f0-d302-460e-baf3-0eaa2e87834c', 'step_list': [{'name': 'cache', 'param': {'cache_key': 'origin'}}, {'name': 'calc_angle_set2', 'param': {'angle_key': 'angle2_1', 'delta': 8.0, 'limit': 40, 'iterations': 2, 'iter_save': False}}, {'name': 'calc_angle_set2', 'param': {'angle_key': 'angle2_2', 'delta': 1.0, 'limit': 8, 'iterations': 2, 'iter_save': False}}, {'name': 'calc_angle_set2', 'param': {'angle_key': 'angle2_3', 'delta': 0.125, 'limit': 1, 'iterations': 2, 'iter_save': False}}, {'name': 'text_orientation_set', 'param': {'angle_key': 'orint', 'iterations': 3, 'iter_save': False}}, {'name': 'load', 'param': {'cache_key': 'origin'}}, {'name': 'rotate', 'param': {'angle_key': 'angle2_1'}}, {'name': 'rotate', 'param': {'angle_key': 'angle2_2'}}, {'name': 'rotate', 'param': {'angle_key': 'angle2_3'}}, {'name': 'rotate', 'param': {'angle_key': 'orint'}}], 'result_file_map': {'_result': '/opt/***/data/temp/013348fe-2b44-4049-9967-ae9993af9337/128a30f0-d302-460e-baf3-0eaa2e87834c/_result.png'}}}
[2025-06-25T09:27:06.361+0900] {taskinstance.py:341} INFO - ::group::Post task execution logs
[2025-06-25T09:27:06.363+0900] {taskinstance.py:353} INFO - Marking task as SUCCESS. dag_id=lilt_document_classifier_balanced_V0.1, task_id=img_preprocess_task, run_id=manual__2025-06-25T00:18:31.692203+00:00, map_index=53, execution_date=20250625T001831, start_date=20250625T002547, end_date=20250625T002706
[2025-06-25T09:27:06.587+0900] {local_task_job_runner.py:266} INFO - Task exited with return code 0
[2025-06-25T09:27:06.865+0900] {taskinstance.py:3901} INFO - 0 downstream tasks scheduled from follow-on schedule check
[2025-06-25T09:27:06.879+0900] {local_task_job_runner.py:245} INFO - ::endgroup::
