[2025-06-24T11:50:54.314+0900] {local_task_job_runner.py:123} INFO - ::group::Pre task execution logs
[2025-06-24T11:50:54.352+0900] {taskinstance.py:2614} INFO - Dependencies all met for dep_context=non-requeueable deps ti=<TaskInstance: lilt_document_classifier_balanced_V0.1.img_preprocess_task__1 manual__2025-06-24T02:31:44.485922+00:00 map_index=71 [queued]>
[2025-06-24T11:50:54.398+0900] {taskinstance.py:2614} INFO - Dependencies all met for dep_context=requeueable deps ti=<TaskInstance: lilt_document_classifier_balanced_V0.1.img_preprocess_task__1 manual__2025-06-24T02:31:44.485922+00:00 map_index=71 [queued]>
[2025-06-24T11:50:54.399+0900] {taskinstance.py:2867} INFO - Starting attempt 1 of 1
[2025-06-24T11:50:54.456+0900] {taskinstance.py:2890} INFO - Executing <Mapped(_PythonDecoratedOperator): img_preprocess_task__1> on 2025-06-24 02:31:44.485922+00:00
[2025-06-24T11:50:54.475+0900] {warnings.py:112} WARNING - /home/***/.local/lib/python3.12/site-packages/***/task/task_runner/standard_task_runner.py:70: DeprecationWarning: This process (pid=36383) is multi-threaded, use of fork() may lead to deadlocks in the child.
  pid = os.fork()

[2025-06-24T11:50:54.481+0900] {standard_task_runner.py:72} INFO - Started process 36392 to run task
[2025-06-24T11:50:54.477+0900] {standard_task_runner.py:104} INFO - Running: ['***', 'tasks', 'run', 'lilt_document_classifier_balanced_V0.1', 'img_preprocess_task__1', 'manual__2025-06-24T02:31:44.485922+00:00', '--job-id', '3880', '--raw', '--subdir', 'DAGS_FOLDER/class_create_dag.py', '--cfg-path', '/tmp/tmp0zt7x4ra', '--map-index', '71']
[2025-06-24T11:50:54.488+0900] {standard_task_runner.py:105} INFO - Job 3880: Subtask img_preprocess_task__1
[2025-06-24T11:50:54.755+0900] {task_command.py:467} INFO - Running <TaskInstance: lilt_document_classifier_balanced_V0.1.img_preprocess_task__1 manual__2025-06-24T02:31:44.485922+00:00 map_index=71 [running]> on host f6d4228a9eb8
[2025-06-24T11:50:55.345+0900] {taskinstance.py:3134} INFO - Exporting env vars: AIRFLOW_CTX_DAG_OWNER='***' AIRFLOW_CTX_DAG_ID='lilt_document_classifier_balanced_V0.1' AIRFLOW_CTX_TASK_ID='img_preprocess_task__1' AIRFLOW_CTX_EXECUTION_DATE='2025-06-24T02:31:44.485922+00:00' AIRFLOW_CTX_TRY_NUMBER='1' AIRFLOW_CTX_DAG_RUN_ID='manual__2025-06-24T02:31:44.485922+00:00'
[2025-06-24T11:50:55.356+0900] {taskinstance.py:732} INFO - ::endgroup::
[2025-06-24T11:50:55.361+0900] {logging_mixin.py:190} INFO - empty map check {} {'process_id': '_94cd48cb-fcce-46c0-b71b-e683b24f58db_pre', 'folder_path': 'a9be8069-01d6-4d3f-8941-fc03826b6601/94cd48cb-fcce-46c0-b71b-e683b24f58db', 'step_list': [{'name': 'cache', 'param': {'key': 'origin'}}, {'name': 'calc_angle_set2', 'param': {'key': 'angle1', 'iterations': 4, 'iter_save': True}}, {'name': 'save', 'param': {'key': 'ag1'}}, {'name': 'text_orientation_set', 'param': {'key': 'angle2', 'iterations': 4, 'iter_save': True}}, {'name': 'save', 'param': {'key': 'ag2'}}, {'name': 'load', 'param': {'key': 'origin'}}, {'name': 'rotate', 'param': {'key': 'angle1'}}, {'name': 'rotate', 'param': {'key': 'angle2'}}], 'result_file_map': {}}
[2025-06-24T11:50:55.387+0900] {logging_mixin.py:190} INFO - step : cache
[2025-06-24T11:50:55.393+0900] {logging_mixin.py:190} INFO - step : calc_angle_set2
[2025-06-24T11:51:02.530+0900] {logging_mixin.py:190} INFO - osd 1 0 0 0 0 [0, 0, 0, 0, 0, 0, 0, 0, 0, 0, 0, 0, 0, 0, 0, 0, 0, 0, 0, 0, 0, 0, 0, 0, 0, 0, 0, 0, 0, 0, 0, 0, 0, 0, 0, 0, 0, 0, 0, 0, 0]
[2025-06-24T11:51:06.367+0900] {logging_mixin.py:190} INFO - osd 2 0 0 0 0 [0, 0, 0, 0, 0, 0, 0, 0, 0, 0, 0, 0, 0, 0, 0, 0, 0, 0, 0, 0, 0, 0, 0, 0, 0, 0, 0, 0, 0, 0, 0, 0, 0, 0, 0, 0, 0, 0, 0, 0, 0]
[2025-06-24T11:51:11.759+0900] {logging_mixin.py:190} INFO - osd 3 0 0 0 0 [0, 0, 0, 0, 0, 0, 0, 0, 0, 0, 0, 0, 0, 0, 0, 0, 0, 0, 0, 0, 0, 0, 0, 0, 0, 0, 0, 0, 0, 0, 0, 0, 0, 0, 0, 0, 0, 0, 0, 0, 0]
[2025-06-24T11:51:16.231+0900] {logging_mixin.py:190} INFO - osd 4 0 0 0 0 [0, 0, 0, 0, 0, 0, 0, 0, 0, 0, 0, 0, 0, 0, 0, 0, 0, 0, 0, 0, 0, 0, 0, 0, 0, 0, 0, 0, 0, 0, 0, 0, 0, 0, 0, 0, 0, 0, 0, 0, 0]
[2025-06-24T11:51:16.307+0900] {logging_mixin.py:190} INFO - step : save
[2025-06-24T11:51:16.419+0900] {logging_mixin.py:190} INFO - file_copy: /opt/***/data/temp/a9be8069-01d6-4d3f-8941-fc03826b6601/94cd48cb-fcce-46c0-b71b-e683b24f58db/ag1.png
[2025-06-24T11:51:16.438+0900] {logging_mixin.py:190} INFO - step : text_orientation_set
[2025-06-24T11:51:19.536+0900] {logging_mixin.py:190} INFO - file_copy: /opt/***/data/temp/a9be8069-01d6-4d3f-8941-fc03826b6601/94cd48cb-fcce-46c0-b71b-e683b24f58db/rotate2_1.png
[2025-06-24T11:51:21.369+0900] {logging_mixin.py:190} INFO - Tesseract OSD Error: (1, 'Estimating resolution as 120 Warning. Invalid resolution 0 dpi. Using 70 instead. Too few characters. Skipping this page Error during processing.')
[2025-06-24T11:51:21.371+0900] {logging_mixin.py:190} INFO - step : save
[2025-06-24T11:51:21.412+0900] {logging_mixin.py:190} INFO - file_copy: /opt/***/data/temp/a9be8069-01d6-4d3f-8941-fc03826b6601/94cd48cb-fcce-46c0-b71b-e683b24f58db/ag2.png
[2025-06-24T11:51:21.422+0900] {logging_mixin.py:190} INFO - step : load
[2025-06-24T11:51:21.423+0900] {logging_mixin.py:190} INFO - step : rotate
[2025-06-24T11:51:21.428+0900] {logging_mixin.py:190} INFO - step : rotate
[2025-06-24T11:51:21.504+0900] {logging_mixin.py:190} INFO - file_copy: /opt/***/data/temp/a9be8069-01d6-4d3f-8941-fc03826b6601/94cd48cb-fcce-46c0-b71b-e683b24f58db/_result.png
[2025-06-24T11:51:21.514+0900] {python.py:240} INFO - Done. Returned value was: {'file_id': 'a9be8069-01d6-4d3f-8941-fc03826b6601', 'file_path': '/opt/***/data/class/a_class/classify/ready/false/copied_64_98703910.png', 'false': {'process_id': '_94cd48cb-fcce-46c0-b71b-e683b24f58db_pre', 'folder_path': 'a9be8069-01d6-4d3f-8941-fc03826b6601/94cd48cb-fcce-46c0-b71b-e683b24f58db', 'step_list': [{'name': 'cache', 'param': {'key': 'origin'}}, {'name': 'calc_angle_set2', 'param': {'key': 'angle1', 'iterations': 4, 'iter_save': True}}, {'name': 'save', 'param': {'key': 'ag1'}}, {'name': 'text_orientation_set', 'param': {'key': 'angle2', 'iterations': 4, 'iter_save': True}}, {'name': 'save', 'param': {'key': 'ag2'}}, {'name': 'load', 'param': {'key': 'origin'}}, {'name': 'rotate', 'param': {'key': 'angle1'}}, {'name': 'rotate', 'param': {'key': 'angle2'}}], 'result_file_map': {'ag1': '/opt/***/data/temp/a9be8069-01d6-4d3f-8941-fc03826b6601/94cd48cb-fcce-46c0-b71b-e683b24f58db/ag1.png', 'rotate2_1': '/opt/***/data/temp/a9be8069-01d6-4d3f-8941-fc03826b6601/94cd48cb-fcce-46c0-b71b-e683b24f58db/rotate2_1.png', 'ag2': '/opt/***/data/temp/a9be8069-01d6-4d3f-8941-fc03826b6601/94cd48cb-fcce-46c0-b71b-e683b24f58db/ag2.png', '_result': '/opt/***/data/temp/a9be8069-01d6-4d3f-8941-fc03826b6601/94cd48cb-fcce-46c0-b71b-e683b24f58db/_result.png'}}}
[2025-06-24T11:51:21.653+0900] {taskinstance.py:341} INFO - ::group::Post task execution logs
[2025-06-24T11:51:21.664+0900] {taskinstance.py:353} INFO - Marking task as SUCCESS. dag_id=lilt_document_classifier_balanced_V0.1, task_id=img_preprocess_task__1, run_id=manual__2025-06-24T02:31:44.485922+00:00, map_index=71, execution_date=20250624T023144, start_date=20250624T025054, end_date=20250624T025121
[2025-06-24T11:51:21.813+0900] {local_task_job_runner.py:266} INFO - Task exited with return code 0
[2025-06-24T11:51:22.083+0900] {taskinstance.py:3901} INFO - 0 downstream tasks scheduled from follow-on schedule check
[2025-06-24T11:51:22.120+0900] {local_task_job_runner.py:245} INFO - ::endgroup::
