[2025-06-16T15:17:58.465+0900] {local_task_job_runner.py:123} INFO - ::group::Pre task execution logs
[2025-06-16T15:17:58.512+0900] {taskinstance.py:2614} INFO - Dependencies all met for dep_context=non-requeueable deps ti=<TaskInstance: layoutxlm_document_classifier_balanced_V0.1.img_preprocess_task manual__2025-06-16T06:17:12.771398+00:00 map_index=16 [queued]>
[2025-06-16T15:17:58.587+0900] {taskinstance.py:2614} INFO - Dependencies all met for dep_context=requeueable deps ti=<TaskInstance: layoutxlm_document_classifier_balanced_V0.1.img_preprocess_task manual__2025-06-16T06:17:12.771398+00:00 map_index=16 [queued]>
[2025-06-16T15:17:58.589+0900] {taskinstance.py:2867} INFO - Starting attempt 1 of 1
[2025-06-16T15:17:58.620+0900] {taskinstance.py:2890} INFO - Executing <Mapped(_PythonDecoratedOperator): img_preprocess_task> on 2025-06-16 06:17:12.771398+00:00
[2025-06-16T15:17:58.636+0900] {warnings.py:112} WARNING - /home/***/.local/lib/python3.12/site-packages/***/task/task_runner/standard_task_runner.py:70: DeprecationWarning: This process (pid=7877) is multi-threaded, use of fork() may lead to deadlocks in the child.
  pid = os.fork()

[2025-06-16T15:17:58.659+0900] {standard_task_runner.py:72} INFO - Started process 7887 to run task
[2025-06-16T15:17:58.639+0900] {standard_task_runner.py:104} INFO - Running: ['***', 'tasks', 'run', 'layoutxlm_document_classifier_balanced_V0.1', 'img_preprocess_task', 'manual__2025-06-16T06:17:12.771398+00:00', '--job-id', '483', '--raw', '--subdir', 'DAGS_FOLDER/class_create_dag.py', '--cfg-path', '/tmp/tmph9vj9oto', '--map-index', '16']
[2025-06-16T15:17:58.675+0900] {standard_task_runner.py:105} INFO - Job 483: Subtask img_preprocess_task
[2025-06-16T15:17:58.855+0900] {task_command.py:467} INFO - Running <TaskInstance: layoutxlm_document_classifier_balanced_V0.1.img_preprocess_task manual__2025-06-16T06:17:12.771398+00:00 map_index=16 [running]> on host f6d4228a9eb8
[2025-06-16T15:17:59.456+0900] {taskinstance.py:3134} INFO - Exporting env vars: AIRFLOW_CTX_DAG_OWNER='***' AIRFLOW_CTX_DAG_ID='layoutxlm_document_classifier_balanced_V0.1' AIRFLOW_CTX_TASK_ID='img_preprocess_task' AIRFLOW_CTX_EXECUTION_DATE='2025-06-16T06:17:12.771398+00:00' AIRFLOW_CTX_TRY_NUMBER='1' AIRFLOW_CTX_DAG_RUN_ID='manual__2025-06-16T06:17:12.771398+00:00'
[2025-06-16T15:17:59.459+0900] {taskinstance.py:732} INFO - ::endgroup::
[2025-06-16T15:17:59.476+0900] {logging_mixin.py:190} INFO - empty map check {} {'process_id': '_bd0cdb37-45f1-4fd5-bdc3-d3747faed74b_pre', 'folder_path': 'ee077837-dc4f-4c95-ab32-ba3394d9ae6d/bd0cdb37-45f1-4fd5-bdc3-d3747faed74b', 'step_list': [{'name': 'calc_angle_set1', 'param': {'key': 'angle1', 'iterations': 3}}, {'name': 'calc_angle_set2', 'param': {'key': 'angle2', 'iterations': 3}}, {'name': 'threshold', 'param': {}}, {'name': 'morphology1', 'param': {}}, {'name': 'save', 'param': {'key': 'classify_preprocess'}}], 'result_file_list': []}
[2025-06-16T15:17:59.503+0900] {logging_mixin.py:190} INFO - step : calc_angle_set1
[2025-06-16T15:18:00.011+0900] {logging_mixin.py:190} INFO - step : calc_angle_set2
[2025-06-16T15:18:14.681+0900] {logging_mixin.py:190} INFO - osd 1 break  0 0 11.09 Japanese 0.04
[2025-06-16T15:18:14.683+0900] {logging_mixin.py:190} INFO - step : threshold
[2025-06-16T15:18:14.698+0900] {logging_mixin.py:190} INFO - step : morphology1
[2025-06-16T15:18:14.822+0900] {logging_mixin.py:190} INFO - step : save
[2025-06-16T15:18:15.117+0900] {logging_mixin.py:190} INFO - file_copy: /opt/***/data/temp/ee077837-dc4f-4c95-ab32-ba3394d9ae6d/bd0cdb37-45f1-4fd5-bdc3-d3747faed74b/classify_preprocess.png
[2025-06-16T15:18:15.156+0900] {python.py:240} INFO - Done. Returned value was: {'file_id': 'ee077837-dc4f-4c95-ab32-ba3394d9ae6d', 'file_path': '/opt/***/data/class/a_class/classify/origin/true/쌍문동 명준빌딩 - 정부24 - 건축물대장 등본(초본) 발급(열람) _ 문서출력_page_1.png', 'true': {'process_id': '_bd0cdb37-45f1-4fd5-bdc3-d3747faed74b_pre', 'folder_path': 'ee077837-dc4f-4c95-ab32-ba3394d9ae6d/bd0cdb37-45f1-4fd5-bdc3-d3747faed74b', 'step_list': [{'name': 'calc_angle_set1', 'param': {'key': 'angle1', 'iterations': 3}}, {'name': 'calc_angle_set2', 'param': {'key': 'angle2', 'iterations': 3}}, {'name': 'threshold', 'param': {}}, {'name': 'morphology1', 'param': {}}, {'name': 'save', 'param': {'key': 'classify_preprocess'}}], 'result_file_list': [{'key': 'classify_preprocess', 'path': '/opt/***/data/temp/ee077837-dc4f-4c95-ab32-ba3394d9ae6d/bd0cdb37-45f1-4fd5-bdc3-d3747faed74b/classify_preprocess.png'}]}}
[2025-06-16T15:18:15.244+0900] {taskinstance.py:341} INFO - ::group::Post task execution logs
[2025-06-16T15:18:15.248+0900] {taskinstance.py:353} INFO - Marking task as SUCCESS. dag_id=layoutxlm_document_classifier_balanced_V0.1, task_id=img_preprocess_task, run_id=manual__2025-06-16T06:17:12.771398+00:00, map_index=16, execution_date=20250616T061712, start_date=20250616T061758, end_date=20250616T061815
[2025-06-16T15:18:15.360+0900] {local_task_job_runner.py:266} INFO - Task exited with return code 0
[2025-06-16T15:18:15.423+0900] {taskinstance.py:3901} INFO - 0 downstream tasks scheduled from follow-on schedule check
[2025-06-16T15:18:15.437+0900] {local_task_job_runner.py:245} INFO - ::endgroup::
