[2025-05-27T09:06:07.836+0000] {local_task_job_runner.py:123} INFO - ::group::Pre task execution logs
[2025-05-27T09:06:08.096+0000] {taskinstance.py:2614} INFO - Dependencies all met for dep_context=non-requeueable deps ti=<TaskInstance: image_processing_per_file_v2.preprocess_group.grayscale_task manual__2025-05-27T08:58:50.827042+00:00 map_index=322 [queued]>
[2025-05-27T09:06:08.556+0000] {taskinstance.py:2614} INFO - Dependencies all met for dep_context=requeueable deps ti=<TaskInstance: image_processing_per_file_v2.preprocess_group.grayscale_task manual__2025-05-27T08:58:50.827042+00:00 map_index=322 [queued]>
[2025-05-27T09:06:08.643+0000] {taskinstance.py:2867} INFO - Starting attempt 1 of 1
[2025-05-27T09:06:08.778+0000] {taskinstance.py:2890} INFO - Executing <Task(_PythonDecoratedOperator): preprocess_group.grayscale_task> on 2025-05-27 08:58:50.827042+00:00
[2025-05-27T09:06:09.046+0000] {standard_task_runner.py:104} INFO - Running: ['***', 'tasks', 'run', 'image_processing_per_file_v2', 'preprocess_group.grayscale_task', 'manual__2025-05-27T08:58:50.827042+00:00', '--job-id', '1311', '--raw', '--subdir', 'DAGS_FOLDER/test_dag.py', '--cfg-path', '/tmp/tmp1ojn6vo1', '--map-index', '322']
[2025-05-27T09:06:09.116+0000] {standard_task_runner.py:105} INFO - Job 1311: Subtask preprocess_group.grayscale_task
[2025-05-27T09:06:09.222+0000] {logging_mixin.py:190} WARNING - /home/***/.local/lib/python3.12/site-packages/***/task/task_runner/standard_task_runner.py:70 DeprecationWarning: This process (pid=35936) is multi-threaded, use of fork() may lead to deadlocks in the child.
[2025-05-27T09:06:09.263+0000] {standard_task_runner.py:72} INFO - Started process 36023 to run task
[2025-05-27T09:06:09.808+0000] {task_command.py:467} INFO - Running <TaskInstance: image_processing_per_file_v2.preprocess_group.grayscale_task manual__2025-05-27T08:58:50.827042+00:00 map_index=322 [running]> on host d13339a4a574
[2025-05-27T09:06:11.057+0000] {taskinstance.py:3134} INFO - Exporting env vars: AIRFLOW_CTX_DAG_OWNER='***' AIRFLOW_CTX_DAG_ID='image_processing_per_file_v2' AIRFLOW_CTX_TASK_ID='preprocess_group.grayscale_task' AIRFLOW_CTX_EXECUTION_DATE='2025-05-27T08:58:50.827042+00:00' AIRFLOW_CTX_TRY_NUMBER='1' AIRFLOW_CTX_DAG_RUN_ID='manual__2025-05-27T08:58:50.827042+00:00'
[2025-05-27T09:06:11.076+0000] {logging_mixin.py:190} INFO - Task instance is in running state
[2025-05-27T09:06:11.089+0000] {logging_mixin.py:190} INFO -  Previous state of the Task instance: queued
[2025-05-27T09:06:11.093+0000] {logging_mixin.py:190} INFO - Current task name:preprocess_group.grayscale_task state:running start_date:2025-05-27 09:06:08.112390+00:00
[2025-05-27T09:06:11.096+0000] {logging_mixin.py:190} INFO - Dag name:image_processing_per_file_v2 and current dag run status:running
[2025-05-27T09:06:11.100+0000] {taskinstance.py:732} INFO - ::endgroup::
[2025-05-27T09:06:11.102+0000] {logging_mixin.py:190} INFO - ----------file_path /opt/***/data/upload/test/스크린샷 2025-05-23 143432 - 복사본 (5) - 복사본 - 복사본 - 복사본.png
[2025-05-27T09:06:12.799+0000] {logging_mixin.py:190} INFO - gray: /opt/***/data/temp/스크린샷 2025-05-23 143432 - 복사본 (5) - 복사본 - 복사본 - 복사본.png
[2025-05-27T09:06:12.804+0000] {python.py:240} INFO - Done. Returned value was: /opt/***/data/temp/스크린샷 2025-05-23 143432 - 복사본 (5) - 복사본 - 복사본 - 복사본.png
[2025-05-27T09:06:13.092+0000] {taskinstance.py:341} INFO - ::group::Post task execution logs
[2025-05-27T09:06:13.128+0000] {taskinstance.py:353} INFO - Marking task as SUCCESS. dag_id=image_processing_per_file_v2, task_id=preprocess_group.grayscale_task, run_id=manual__2025-05-27T08:58:50.827042+00:00, map_index=322, execution_date=20250527T085850, start_date=20250527T090608, end_date=20250527T090613
[2025-05-27T09:06:13.571+0000] {logging_mixin.py:190} INFO - Task instance in success state
[2025-05-27T09:06:13.591+0000] {logging_mixin.py:190} INFO -  Previous state of the Task instance: running
[2025-05-27T09:06:13.593+0000] {logging_mixin.py:190} INFO - Dag name:image_processing_per_file_v2 queued_at:2025-05-27 08:58:50.983771+00:00
[2025-05-27T09:06:13.609+0000] {logging_mixin.py:190} INFO - Task hostname:d13339a4a574 operator:_PythonDecoratedOperator
[2025-05-27T09:06:13.732+0000] {local_task_job_runner.py:266} INFO - Task exited with return code 0
[2025-05-27T09:06:14.394+0000] {standard_task_runner.py:217} INFO - Process not found (most likely exited), stop collecting metrics
[2025-05-27T09:06:19.488+0000] {taskinstance.py:3901} INFO - 3 downstream tasks scheduled from follow-on schedule check
[2025-05-27T09:06:19.532+0000] {local_task_job_runner.py:245} INFO - ::endgroup::
