[2025-05-26T06:39:13.067+0000] {local_task_job_runner.py:123} INFO - ::group::Pre task execution logs
[2025-05-26T06:39:13.095+0000] {taskinstance.py:2614} INFO - Dependencies all met for dep_context=non-requeueable deps ti=<TaskInstance: image_processing_per_file_v2.clear_folder_task manual__2025-05-26T06:38:54.956321+00:00 [queued]>
[2025-05-26T06:39:13.267+0000] {taskinstance.py:2614} INFO - Dependencies all met for dep_context=requeueable deps ti=<TaskInstance: image_processing_per_file_v2.clear_folder_task manual__2025-05-26T06:38:54.956321+00:00 [queued]>
[2025-05-26T06:39:13.268+0000] {taskinstance.py:2867} INFO - Starting attempt 1 of 1
[2025-05-26T06:39:13.286+0000] {taskinstance.py:2890} INFO - Executing <Task(_PythonDecoratedOperator): clear_folder_task> on 2025-05-26 06:38:54.956321+00:00
[2025-05-26T06:39:13.297+0000] {warnings.py:112} WARNING - /home/***/.local/lib/python3.12/site-packages/***/task/task_runner/standard_task_runner.py:70: DeprecationWarning: This process (pid=965) is multi-threaded, use of fork() may lead to deadlocks in the child.
  pid = os.fork()

[2025-05-26T06:39:13.299+0000] {standard_task_runner.py:72} INFO - Started process 967 to run task
[2025-05-26T06:39:13.299+0000] {standard_task_runner.py:104} INFO - Running: ['***', 'tasks', 'run', 'image_processing_per_file_v2', 'clear_folder_task', 'manual__2025-05-26T06:38:54.956321+00:00', '--job-id', '46', '--raw', '--subdir', 'DAGS_FOLDER/test_dag.py', '--cfg-path', '/tmp/tmpk21m8er4']
[2025-05-26T06:39:13.301+0000] {standard_task_runner.py:105} INFO - Job 46: Subtask clear_folder_task
[2025-05-26T06:39:13.353+0000] {task_command.py:467} INFO - Running <TaskInstance: image_processing_per_file_v2.clear_folder_task manual__2025-05-26T06:38:54.956321+00:00 [running]> on host b0d7fbab896a
[2025-05-26T06:39:13.445+0000] {taskinstance.py:3134} INFO - Exporting env vars: AIRFLOW_CTX_DAG_OWNER='***' AIRFLOW_CTX_DAG_ID='image_processing_per_file_v2' AIRFLOW_CTX_TASK_ID='clear_folder_task' AIRFLOW_CTX_EXECUTION_DATE='2025-05-26T06:38:54.956321+00:00' AIRFLOW_CTX_TRY_NUMBER='1' AIRFLOW_CTX_DAG_RUN_ID='manual__2025-05-26T06:38:54.956321+00:00'
[2025-05-26T06:39:13.446+0000] {logging_mixin.py:190} INFO - Task instance is in running state
[2025-05-26T06:39:13.447+0000] {logging_mixin.py:190} INFO -  Previous state of the Task instance: queued
[2025-05-26T06:39:13.447+0000] {logging_mixin.py:190} INFO - Current task name:clear_folder_task state:running start_date:2025-05-26 06:39:13.096212+00:00
[2025-05-26T06:39:13.447+0000] {logging_mixin.py:190} INFO - Dag name:image_processing_per_file_v2 and current dag run status:running
[2025-05-26T06:39:13.448+0000] {taskinstance.py:732} INFO - ::endgroup::
[2025-05-26T06:39:13.466+0000] {python.py:240} INFO - Done. Returned value was: Cleared folder: /opt/***/data/temp
[2025-05-26T06:39:13.492+0000] {taskinstance.py:341} INFO - ::group::Post task execution logs
[2025-05-26T06:39:13.492+0000] {taskinstance.py:353} INFO - Marking task as SUCCESS. dag_id=image_processing_per_file_v2, task_id=clear_folder_task, run_id=manual__2025-05-26T06:38:54.956321+00:00, execution_date=20250526T063854, start_date=20250526T063913, end_date=20250526T063913
[2025-05-26T06:39:13.517+0000] {logging_mixin.py:190} INFO - Task instance in success state
[2025-05-26T06:39:13.518+0000] {logging_mixin.py:190} INFO -  Previous state of the Task instance: running
[2025-05-26T06:39:13.518+0000] {logging_mixin.py:190} INFO - Dag name:image_processing_per_file_v2 queued_at:2025-05-26 06:38:54.968912+00:00
[2025-05-26T06:39:13.519+0000] {logging_mixin.py:190} INFO - Task hostname:b0d7fbab896a operator:_PythonDecoratedOperator
[2025-05-26T06:39:13.557+0000] {local_task_job_runner.py:266} INFO - Task exited with return code 0
[2025-05-26T06:39:13.576+0000] {taskinstance.py:3901} INFO - 0 downstream tasks scheduled from follow-on schedule check
[2025-05-26T06:39:13.579+0000] {local_task_job_runner.py:245} INFO - ::endgroup::
