[2025-06-23T11:00:21.442+0900] {local_task_job_runner.py:123} INFO - ::group::Pre task execution logs
[2025-06-23T11:00:21.520+0900] {taskinstance.py:2614} INFO - Dependencies all met for dep_context=non-requeueable deps ti=<TaskInstance: lilt_document_classifier_balanced_V0.1.img_preprocess_task__1 manual__2025-06-23T01:55:15.838468+00:00 map_index=90 [queued]>
[2025-06-23T11:00:21.566+0900] {taskinstance.py:2614} INFO - Dependencies all met for dep_context=requeueable deps ti=<TaskInstance: lilt_document_classifier_balanced_V0.1.img_preprocess_task__1 manual__2025-06-23T01:55:15.838468+00:00 map_index=90 [queued]>
[2025-06-23T11:00:21.567+0900] {taskinstance.py:2867} INFO - Starting attempt 1 of 1
[2025-06-23T11:00:21.724+0900] {taskinstance.py:2890} INFO - Executing <Mapped(_PythonDecoratedOperator): img_preprocess_task__1> on 2025-06-23 01:55:15.838468+00:00
[2025-06-23T11:00:22.088+0900] {warnings.py:112} WARNING - /home/***/.local/lib/python3.12/site-packages/***/task/task_runner/standard_task_runner.py:70: DeprecationWarning: This process (pid=92570) is multi-threaded, use of fork() may lead to deadlocks in the child.
  pid = os.fork()

[2025-06-23T11:00:22.093+0900] {standard_task_runner.py:72} INFO - Started process 92650 to run task
[2025-06-23T11:00:22.057+0900] {standard_task_runner.py:104} INFO - Running: ['***', 'tasks', 'run', 'lilt_document_classifier_balanced_V0.1', 'img_preprocess_task__1', 'manual__2025-06-23T01:55:15.838468+00:00', '--job-id', '2462', '--raw', '--subdir', 'DAGS_FOLDER/class_create_dag.py', '--cfg-path', '/tmp/tmpc8ex_7fa', '--map-index', '90']
[2025-06-23T11:00:22.140+0900] {standard_task_runner.py:105} INFO - Job 2462: Subtask img_preprocess_task__1
[2025-06-23T11:00:22.384+0900] {task_command.py:467} INFO - Running <TaskInstance: lilt_document_classifier_balanced_V0.1.img_preprocess_task__1 manual__2025-06-23T01:55:15.838468+00:00 map_index=90 [running]> on host f6d4228a9eb8
[2025-06-23T11:00:22.914+0900] {taskinstance.py:3134} INFO - Exporting env vars: AIRFLOW_CTX_DAG_OWNER='***' AIRFLOW_CTX_DAG_ID='lilt_document_classifier_balanced_V0.1' AIRFLOW_CTX_TASK_ID='img_preprocess_task__1' AIRFLOW_CTX_EXECUTION_DATE='2025-06-23T01:55:15.838468+00:00' AIRFLOW_CTX_TRY_NUMBER='1' AIRFLOW_CTX_DAG_RUN_ID='manual__2025-06-23T01:55:15.838468+00:00'
[2025-06-23T11:00:22.921+0900] {taskinstance.py:732} INFO - ::endgroup::
[2025-06-23T11:00:22.930+0900] {logging_mixin.py:190} INFO - empty map check {} {'process_id': '_ecac4a34-6b00-4f05-8f3c-c7d0002dcf6b_pre', 'folder_path': 'd3ffe30c-1a34-4cff-9bce-d0f8f2e56e0c/ecac4a34-6b00-4f05-8f3c-c7d0002dcf6b', 'step_list': [{'name': 'cache', 'param': {'key': 'origin'}}, {'name': 'calc_angle_set1', 'param': {'key': 'angle1', 'iterations': 4, 'iter_save': False}}, {'name': 'text_orientation_set', 'param': {'key': 'angle2', 'iterations': 4, 'iter_save': False}}, {'name': 'load', 'param': {'key': 'origin'}}, {'name': 'rotate', 'param': {'key': 'angle1'}}, {'name': 'rotate', 'param': {'key': 'angle2'}}], 'result_file_map': {}}
[2025-06-23T11:00:22.959+0900] {logging_mixin.py:190} INFO - step : cache
[2025-06-23T11:00:22.964+0900] {logging_mixin.py:190} INFO - step : calc_angle_set1
[2025-06-23T11:00:23.067+0900] {logging_mixin.py:190} INFO - step : text_orientation_set
[2025-06-23T11:00:28.911+0900] {logging_mixin.py:190} INFO - Tesseract OSD Error: (1, 'Estimating resolution as 115 Warning. Invalid resolution 0 dpi. Using 70 instead. Too few characters. Skipping this page Error during processing.')
[2025-06-23T11:00:28.915+0900] {logging_mixin.py:190} INFO - step : load
[2025-06-23T11:00:28.920+0900] {logging_mixin.py:190} INFO - step : rotate
[2025-06-23T11:00:28.947+0900] {logging_mixin.py:190} INFO - step : rotate
[2025-06-23T11:00:29.012+0900] {logging_mixin.py:190} INFO - file_copy: /opt/***/data/temp/d3ffe30c-1a34-4cff-9bce-d0f8f2e56e0c/ecac4a34-6b00-4f05-8f3c-c7d0002dcf6b/_result.png
[2025-06-23T11:00:29.037+0900] {python.py:240} INFO - Done. Returned value was: {'file_id': 'd3ffe30c-1a34-4cff-9bce-d0f8f2e56e0c', 'file_path': '/opt/***/data/class/a_class/classify/ready/false/copied_50_2081521228a.png', 'false': {'process_id': '_ecac4a34-6b00-4f05-8f3c-c7d0002dcf6b_pre', 'folder_path': 'd3ffe30c-1a34-4cff-9bce-d0f8f2e56e0c/ecac4a34-6b00-4f05-8f3c-c7d0002dcf6b', 'step_list': [{'name': 'cache', 'param': {'key': 'origin'}}, {'name': 'calc_angle_set1', 'param': {'key': 'angle1', 'iterations': 4, 'iter_save': False}}, {'name': 'text_orientation_set', 'param': {'key': 'angle2', 'iterations': 4, 'iter_save': False}}, {'name': 'load', 'param': {'key': 'origin'}}, {'name': 'rotate', 'param': {'key': 'angle1'}}, {'name': 'rotate', 'param': {'key': 'angle2'}}], 'result_file_map': {'_result': '/opt/***/data/temp/d3ffe30c-1a34-4cff-9bce-d0f8f2e56e0c/ecac4a34-6b00-4f05-8f3c-c7d0002dcf6b/_result.png'}}}
[2025-06-23T11:00:29.153+0900] {taskinstance.py:341} INFO - ::group::Post task execution logs
[2025-06-23T11:00:29.182+0900] {taskinstance.py:353} INFO - Marking task as SUCCESS. dag_id=lilt_document_classifier_balanced_V0.1, task_id=img_preprocess_task__1, run_id=manual__2025-06-23T01:55:15.838468+00:00, map_index=90, execution_date=20250623T015515, start_date=20250623T020021, end_date=20250623T020029
[2025-06-23T11:00:29.493+0900] {local_task_job_runner.py:266} INFO - Task exited with return code 0
[2025-06-23T11:00:29.551+0900] {taskinstance.py:3901} INFO - 0 downstream tasks scheduled from follow-on schedule check
[2025-06-23T11:00:29.556+0900] {local_task_job_runner.py:245} INFO - ::endgroup::
