[2025-06-23T09:46:42.649+0900] {local_task_job_runner.py:123} INFO - ::group::Pre task execution logs
[2025-06-23T09:46:42.748+0900] {taskinstance.py:2614} INFO - Dependencies all met for dep_context=non-requeueable deps ti=<TaskInstance: lilt_document_classifier_balanced_V0.1.img_preprocess_task manual__2025-06-23T00:42:21.868462+00:00 map_index=72 [queued]>
[2025-06-23T09:46:42.769+0900] {taskinstance.py:2614} INFO - Dependencies all met for dep_context=requeueable deps ti=<TaskInstance: lilt_document_classifier_balanced_V0.1.img_preprocess_task manual__2025-06-23T00:42:21.868462+00:00 map_index=72 [queued]>
[2025-06-23T09:46:42.777+0900] {taskinstance.py:2867} INFO - Starting attempt 1 of 1
[2025-06-23T09:46:42.861+0900] {taskinstance.py:2890} INFO - Executing <Mapped(_PythonDecoratedOperator): img_preprocess_task> on 2025-06-23 00:42:21.868462+00:00
[2025-06-23T09:46:42.906+0900] {warnings.py:112} WARNING - /home/***/.local/lib/python3.12/site-packages/***/task/task_runner/standard_task_runner.py:70: DeprecationWarning: This process (pid=83607) is multi-threaded, use of fork() may lead to deadlocks in the child.
  pid = os.fork()

[2025-06-23T09:46:42.923+0900] {standard_task_runner.py:72} INFO - Started process 83647 to run task
[2025-06-23T09:46:42.936+0900] {standard_task_runner.py:104} INFO - Running: ['***', 'tasks', 'run', 'lilt_document_classifier_balanced_V0.1', 'img_preprocess_task', 'manual__2025-06-23T00:42:21.868462+00:00', '--job-id', '2033', '--raw', '--subdir', 'DAGS_FOLDER/class_create_dag.py', '--cfg-path', '/tmp/tmph61l7g00', '--map-index', '72']
[2025-06-23T09:46:42.975+0900] {standard_task_runner.py:105} INFO - Job 2033: Subtask img_preprocess_task
[2025-06-23T09:46:43.116+0900] {task_command.py:467} INFO - Running <TaskInstance: lilt_document_classifier_balanced_V0.1.img_preprocess_task manual__2025-06-23T00:42:21.868462+00:00 map_index=72 [running]> on host f6d4228a9eb8
[2025-06-23T09:46:43.306+0900] {taskinstance.py:3134} INFO - Exporting env vars: AIRFLOW_CTX_DAG_OWNER='***' AIRFLOW_CTX_DAG_ID='lilt_document_classifier_balanced_V0.1' AIRFLOW_CTX_TASK_ID='img_preprocess_task' AIRFLOW_CTX_EXECUTION_DATE='2025-06-23T00:42:21.868462+00:00' AIRFLOW_CTX_TRY_NUMBER='1' AIRFLOW_CTX_DAG_RUN_ID='manual__2025-06-23T00:42:21.868462+00:00'
[2025-06-23T09:46:43.318+0900] {taskinstance.py:732} INFO - ::endgroup::
[2025-06-23T09:46:43.333+0900] {logging_mixin.py:190} INFO - empty map check {} {'process_id': '_037fdfbb-9faf-4c3e-8bf7-f20316fd6259_pre', 'folder_path': 'f8c53fce-b2ca-4e8d-8cbb-f300f33e7430/037fdfbb-9faf-4c3e-8bf7-f20316fd6259', 'step_list': [{'name': 'cache', 'param': {'key': 'origin'}}, {'name': 'calc_angle_set1', 'param': {'key': 'angle1', 'iterations': 4, 'iter_save': False}}, {'name': 'text_orientation_set', 'param': {'key': 'angle2', 'iterations': 4, 'iter_save': False}}, {'name': 'load', 'param': {'key': 'origin'}}, {'name': 'rotate', 'param': {'key': 'angle1'}}, {'name': 'rotate', 'param': {'key': 'angle2'}}], 'result_file_map': {}}
[2025-06-23T09:46:43.333+0900] {logging_mixin.py:190} INFO - step : cache
[2025-06-23T09:46:43.347+0900] {logging_mixin.py:190} INFO - step : calc_angle_set1
[2025-06-23T09:46:43.813+0900] {logging_mixin.py:190} INFO - step : text_orientation_set
[2025-06-23T09:47:07.445+0900] {logging_mixin.py:190} INFO - osd 1 break  0 0 5.99 Japanese 0.12
[2025-06-23T09:47:07.449+0900] {logging_mixin.py:190} INFO - step : load
[2025-06-23T09:47:07.462+0900] {logging_mixin.py:190} INFO - step : rotate
[2025-06-23T09:47:07.738+0900] {logging_mixin.py:190} INFO - step : rotate
[2025-06-23T09:47:08.313+0900] {logging_mixin.py:190} INFO - file_copy: /opt/***/data/temp/f8c53fce-b2ca-4e8d-8cbb-f300f33e7430/037fdfbb-9faf-4c3e-8bf7-f20316fd6259/_result.png
[2025-06-23T09:47:08.339+0900] {python.py:240} INFO - Done. Returned value was: {'file_id': 'f8c53fce-b2ca-4e8d-8cbb-f300f33e7430', 'file_path': '/opt/***/data/class/a_class/classify/ready/true/삼성동 초록빌딩 - 정부24 - 건축물대장 등본(초본) 발급(열람) _ 문서출력_page_1_aug0.png', 'true': {'process_id': '_037fdfbb-9faf-4c3e-8bf7-f20316fd6259_pre', 'folder_path': 'f8c53fce-b2ca-4e8d-8cbb-f300f33e7430/037fdfbb-9faf-4c3e-8bf7-f20316fd6259', 'step_list': [{'name': 'cache', 'param': {'key': 'origin'}}, {'name': 'calc_angle_set1', 'param': {'key': 'angle1', 'iterations': 4, 'iter_save': False}}, {'name': 'text_orientation_set', 'param': {'key': 'angle2', 'iterations': 4, 'iter_save': False}}, {'name': 'load', 'param': {'key': 'origin'}}, {'name': 'rotate', 'param': {'key': 'angle1'}}, {'name': 'rotate', 'param': {'key': 'angle2'}}], 'result_file_map': {'_result': '/opt/***/data/temp/f8c53fce-b2ca-4e8d-8cbb-f300f33e7430/037fdfbb-9faf-4c3e-8bf7-f20316fd6259/_result.png'}}}
[2025-06-23T09:47:08.426+0900] {taskinstance.py:341} INFO - ::group::Post task execution logs
[2025-06-23T09:47:08.431+0900] {taskinstance.py:353} INFO - Marking task as SUCCESS. dag_id=lilt_document_classifier_balanced_V0.1, task_id=img_preprocess_task, run_id=manual__2025-06-23T00:42:21.868462+00:00, map_index=72, execution_date=20250623T004221, start_date=20250623T004642, end_date=20250623T004708
[2025-06-23T09:47:08.557+0900] {local_task_job_runner.py:266} INFO - Task exited with return code 0
[2025-06-23T09:47:08.645+0900] {taskinstance.py:3901} INFO - 0 downstream tasks scheduled from follow-on schedule check
[2025-06-23T09:47:08.660+0900] {local_task_job_runner.py:245} INFO - ::endgroup::
