[2025-06-24T16:09:30.034+0900] {local_task_job_runner.py:123} INFO - ::group::Pre task execution logs
[2025-06-24T16:09:30.121+0900] {taskinstance.py:2614} INFO - Dependencies all met for dep_context=non-requeueable deps ti=<TaskInstance: lilt_document_classifier_balanced_V0.1.img_preprocess_task__1 manual__2025-06-24T06:53:42.323966+00:00 map_index=74 [queued]>
[2025-06-24T16:09:30.174+0900] {taskinstance.py:2614} INFO - Dependencies all met for dep_context=requeueable deps ti=<TaskInstance: lilt_document_classifier_balanced_V0.1.img_preprocess_task__1 manual__2025-06-24T06:53:42.323966+00:00 map_index=74 [queued]>
[2025-06-24T16:09:30.178+0900] {taskinstance.py:2867} INFO - Starting attempt 1 of 1
[2025-06-24T16:09:30.205+0900] {taskinstance.py:2890} INFO - Executing <Mapped(_PythonDecoratedOperator): img_preprocess_task__1> on 2025-06-24 06:53:42.323966+00:00
[2025-06-24T16:09:30.220+0900] {warnings.py:112} WARNING - /home/***/.local/lib/python3.12/site-packages/***/task/task_runner/standard_task_runner.py:70: DeprecationWarning: This process (pid=50467) is multi-threaded, use of fork() may lead to deadlocks in the child.
  pid = os.fork()

[2025-06-24T16:09:30.226+0900] {standard_task_runner.py:72} INFO - Started process 50487 to run task
[2025-06-24T16:09:30.221+0900] {standard_task_runner.py:104} INFO - Running: ['***', 'tasks', 'run', 'lilt_document_classifier_balanced_V0.1', 'img_preprocess_task__1', 'manual__2025-06-24T06:53:42.323966+00:00', '--job-id', '4367', '--raw', '--subdir', 'DAGS_FOLDER/class_create_dag.py', '--cfg-path', '/tmp/tmpq98j_58c', '--map-index', '74']
[2025-06-24T16:09:30.238+0900] {standard_task_runner.py:105} INFO - Job 4367: Subtask img_preprocess_task__1
[2025-06-24T16:09:30.347+0900] {task_command.py:467} INFO - Running <TaskInstance: lilt_document_classifier_balanced_V0.1.img_preprocess_task__1 manual__2025-06-24T06:53:42.323966+00:00 map_index=74 [running]> on host f6d4228a9eb8
[2025-06-24T16:09:30.586+0900] {taskinstance.py:3134} INFO - Exporting env vars: AIRFLOW_CTX_DAG_OWNER='***' AIRFLOW_CTX_DAG_ID='lilt_document_classifier_balanced_V0.1' AIRFLOW_CTX_TASK_ID='img_preprocess_task__1' AIRFLOW_CTX_EXECUTION_DATE='2025-06-24T06:53:42.323966+00:00' AIRFLOW_CTX_TRY_NUMBER='1' AIRFLOW_CTX_DAG_RUN_ID='manual__2025-06-24T06:53:42.323966+00:00'
[2025-06-24T16:09:30.587+0900] {taskinstance.py:732} INFO - ::endgroup::
[2025-06-24T16:09:30.591+0900] {logging_mixin.py:190} INFO - empty map check {} {'process_id': '_dfa42784-14fc-42a2-886c-465f4c64655e_pre', 'folder_path': '891fdad3-ba51-4dbb-82df-3197b81c1d02/dfa42784-14fc-42a2-886c-465f4c64655e', 'step_list': [{'name': 'cache', 'param': {'key': 'origin'}}, {'name': 'calc_angle_set2', 'param': {'key': 'angle1', 'iterations': 4, 'iter_save': False}}, {'name': 'text_orientation_set', 'param': {'key': 'angle2', 'iterations': 4, 'iter_save': False}}, {'name': 'load', 'param': {'key': 'origin'}}, {'name': 'rotate', 'param': {'key': 'angle1'}}, {'name': 'rotate', 'param': {'key': 'angle2'}}], 'result_file_map': {}}
[2025-06-24T16:09:30.616+0900] {logging_mixin.py:190} INFO - step : cache
[2025-06-24T16:09:30.617+0900] {logging_mixin.py:190} INFO - step : calc_angle_set2
[2025-06-24T16:09:36.510+0900] {logging_mixin.py:190} INFO - osd 1 0.5 0.5 22 8666 [6, 29, 68, 73, 117, 159, 214, 407, 676, 984, 1255, 1706, 2087, 2635, 2825, 3334, 3810, 4186, 4626, 5279, 6436, 7776, 8666, 8645, 7667, 6278, 5165, 4433, 3987, 3689, 3400, 2781, 2451, 2032, 1603, 1264, 930, 710, 458, 200, 113]
[2025-06-24T16:09:43.268+0900] {logging_mixin.py:190} INFO - osd 2 0.75 0.25 21 9105 [45, 76, 106, 116, 167, 353, 611, 953, 1317, 1746, 2189, 2516, 2912, 3388, 3910, 4138, 4587, 5220, 6555, 7875, 8953, 9105, 7845, 6377, 5232, 4471, 4058, 3669, 3300, 2817, 2408, 2038, 1599, 1308, 949, 661, 455, 178, 106, 113, 84]
[2025-06-24T16:09:49.091+0900] {logging_mixin.py:190} INFO - osd 3 0.5 -0.25 19 9242 [81, 97, 147, 197, 391, 648, 968, 1303, 1739, 2293, 2646, 3070, 3415, 3815, 4425, 4604, 5278, 6679, 7987, 9242, 9124, 7880, 6563, 5273, 4540, 4234, 3688, 3338, 2885, 2484, 2057, 1642, 1300, 1025, 678, 457, 216, 146, 93, 111, 61]
[2025-06-24T16:09:54.365+0900] {logging_mixin.py:190} INFO - osd 4 0.5 0.0 20 9239 [31, 76, 92, 111, 171, 313, 603, 940, 1315, 1723, 2204, 2571, 2915, 3420, 3940, 4198, 4672, 5279, 6705, 7973, 9239, 9215, 7907, 6400, 5349, 4529, 4141, 3678, 3337, 2939, 2452, 2001, 1587, 1215, 871, 640, 408, 166, 90, 84, 60]
[2025-06-24T16:09:54.449+0900] {logging_mixin.py:190} INFO - step : text_orientation_set
[2025-06-24T16:10:00.631+0900] {logging_mixin.py:190} INFO - osd 1 break  0 0 0.53 Cyrillic 0.33
[2025-06-24T16:10:00.649+0900] {logging_mixin.py:190} INFO - step : load
[2025-06-24T16:10:00.676+0900] {logging_mixin.py:190} INFO - step : rotate
[2025-06-24T16:10:00.779+0900] {logging_mixin.py:190} INFO - step : rotate
[2025-06-24T16:10:00.983+0900] {logging_mixin.py:190} INFO - file_copy: /opt/***/data/temp/891fdad3-ba51-4dbb-82df-3197b81c1d02/dfa42784-14fc-42a2-886c-465f4c64655e/_result.png
[2025-06-24T16:10:00.999+0900] {python.py:240} INFO - Done. Returned value was: {'file_id': '891fdad3-ba51-4dbb-82df-3197b81c1d02', 'file_path': '/opt/***/data/class/a_class/classify/ready/false/copied_66_2029370935.png', 'false': {'process_id': '_dfa42784-14fc-42a2-886c-465f4c64655e_pre', 'folder_path': '891fdad3-ba51-4dbb-82df-3197b81c1d02/dfa42784-14fc-42a2-886c-465f4c64655e', 'step_list': [{'name': 'cache', 'param': {'key': 'origin'}}, {'name': 'calc_angle_set2', 'param': {'key': 'angle1', 'iterations': 4, 'iter_save': False}}, {'name': 'text_orientation_set', 'param': {'key': 'angle2', 'iterations': 4, 'iter_save': False}}, {'name': 'load', 'param': {'key': 'origin'}}, {'name': 'rotate', 'param': {'key': 'angle1'}}, {'name': 'rotate', 'param': {'key': 'angle2'}}], 'result_file_map': {'_result': '/opt/***/data/temp/891fdad3-ba51-4dbb-82df-3197b81c1d02/dfa42784-14fc-42a2-886c-465f4c64655e/_result.png'}}}
[2025-06-24T16:10:01.125+0900] {taskinstance.py:341} INFO - ::group::Post task execution logs
[2025-06-24T16:10:01.129+0900] {taskinstance.py:353} INFO - Marking task as SUCCESS. dag_id=lilt_document_classifier_balanced_V0.1, task_id=img_preprocess_task__1, run_id=manual__2025-06-24T06:53:42.323966+00:00, map_index=74, execution_date=20250624T065342, start_date=20250624T070930, end_date=20250624T071001
[2025-06-24T16:10:01.280+0900] {local_task_job_runner.py:266} INFO - Task exited with return code 0
[2025-06-24T16:10:01.387+0900] {taskinstance.py:3901} INFO - 0 downstream tasks scheduled from follow-on schedule check
[2025-06-24T16:10:01.403+0900] {local_task_job_runner.py:245} INFO - ::endgroup::
