[2025-06-24T11:51:26.126+0900] {local_task_job_runner.py:123} INFO - ::group::Pre task execution logs
[2025-06-24T11:51:26.330+0900] {taskinstance.py:2614} INFO - Dependencies all met for dep_context=non-requeueable deps ti=<TaskInstance: lilt_document_classifier_balanced_V0.1.img_preprocess_task__1 manual__2025-06-24T02:31:44.485922+00:00 map_index=73 [queued]>
[2025-06-24T11:51:26.442+0900] {taskinstance.py:2614} INFO - Dependencies all met for dep_context=requeueable deps ti=<TaskInstance: lilt_document_classifier_balanced_V0.1.img_preprocess_task__1 manual__2025-06-24T02:31:44.485922+00:00 map_index=73 [queued]>
[2025-06-24T11:51:26.453+0900] {taskinstance.py:2867} INFO - Starting attempt 1 of 1
[2025-06-24T11:51:26.510+0900] {taskinstance.py:2890} INFO - Executing <Mapped(_PythonDecoratedOperator): img_preprocess_task__1> on 2025-06-24 02:31:44.485922+00:00
[2025-06-24T11:51:26.543+0900] {warnings.py:112} WARNING - /home/***/.local/lib/python3.12/site-packages/***/task/task_runner/standard_task_runner.py:70: DeprecationWarning: This process (pid=36469) is multi-threaded, use of fork() may lead to deadlocks in the child.
  pid = os.fork()

[2025-06-24T11:51:26.547+0900] {standard_task_runner.py:72} INFO - Started process 36494 to run task
[2025-06-24T11:51:26.545+0900] {standard_task_runner.py:104} INFO - Running: ['***', 'tasks', 'run', 'lilt_document_classifier_balanced_V0.1', 'img_preprocess_task__1', 'manual__2025-06-24T02:31:44.485922+00:00', '--job-id', '3885', '--raw', '--subdir', 'DAGS_FOLDER/class_create_dag.py', '--cfg-path', '/tmp/tmpzk3eis0x', '--map-index', '73']
[2025-06-24T11:51:26.560+0900] {standard_task_runner.py:105} INFO - Job 3885: Subtask img_preprocess_task__1
[2025-06-24T11:51:26.639+0900] {task_command.py:467} INFO - Running <TaskInstance: lilt_document_classifier_balanced_V0.1.img_preprocess_task__1 manual__2025-06-24T02:31:44.485922+00:00 map_index=73 [running]> on host f6d4228a9eb8
[2025-06-24T11:51:26.997+0900] {taskinstance.py:3134} INFO - Exporting env vars: AIRFLOW_CTX_DAG_OWNER='***' AIRFLOW_CTX_DAG_ID='lilt_document_classifier_balanced_V0.1' AIRFLOW_CTX_TASK_ID='img_preprocess_task__1' AIRFLOW_CTX_EXECUTION_DATE='2025-06-24T02:31:44.485922+00:00' AIRFLOW_CTX_TRY_NUMBER='1' AIRFLOW_CTX_DAG_RUN_ID='manual__2025-06-24T02:31:44.485922+00:00'
[2025-06-24T11:51:27.004+0900] {taskinstance.py:732} INFO - ::endgroup::
[2025-06-24T11:51:27.036+0900] {logging_mixin.py:190} INFO - empty map check {} {'process_id': '_db7c40ed-2dd9-4dce-af8e-4f5d34633fec_pre', 'folder_path': '11b06635-f8f4-435d-8cdc-36d9b0f25275/db7c40ed-2dd9-4dce-af8e-4f5d34633fec', 'step_list': [{'name': 'cache', 'param': {'key': 'origin'}}, {'name': 'calc_angle_set2', 'param': {'key': 'angle1', 'iterations': 4, 'iter_save': True}}, {'name': 'save', 'param': {'key': 'ag1'}}, {'name': 'text_orientation_set', 'param': {'key': 'angle2', 'iterations': 4, 'iter_save': True}}, {'name': 'save', 'param': {'key': 'ag2'}}, {'name': 'load', 'param': {'key': 'origin'}}, {'name': 'rotate', 'param': {'key': 'angle1'}}, {'name': 'rotate', 'param': {'key': 'angle2'}}], 'result_file_map': {}}
[2025-06-24T11:51:27.057+0900] {logging_mixin.py:190} INFO - step : cache
[2025-06-24T11:51:27.068+0900] {logging_mixin.py:190} INFO - step : calc_angle_set2
[2025-06-24T11:51:33.876+0900] {logging_mixin.py:190} INFO - osd 1 0.0 0.0 20 357 [0, 0, 0, 0, 0, 0, 0, 0, 0, 0, 0, 0, 0, 0, 16, 53, 86, 166, 240, 351, 357, 347, 282, 256, 207, 172, 90, 27, 1, 0, 0, 0, 0, 0, 0, 0, 0, 0, 0, 0, 0]
[2025-06-24T11:51:39.089+0900] {logging_mixin.py:190} INFO - osd 2 0.0 0.0 20 357 [0, 0, 0, 0, 0, 0, 0, 0, 0, 0, 0, 0, 0, 0, 16, 53, 86, 166, 240, 351, 357, 347, 282, 256, 207, 172, 90, 27, 1, 0, 0, 0, 0, 0, 0, 0, 0, 0, 0, 0, 0]
[2025-06-24T11:51:44.984+0900] {logging_mixin.py:190} INFO - osd 3 0.0 0.0 20 357 [0, 0, 0, 0, 0, 0, 0, 0, 0, 0, 0, 0, 0, 0, 16, 53, 86, 166, 240, 351, 357, 347, 282, 256, 207, 172, 90, 27, 1, 0, 0, 0, 0, 0, 0, 0, 0, 0, 0, 0, 0]
[2025-06-24T11:51:49.433+0900] {logging_mixin.py:190} INFO - osd 4 0.0 0.0 20 357 [0, 0, 0, 0, 0, 0, 0, 0, 0, 0, 0, 0, 0, 0, 16, 53, 86, 166, 240, 351, 357, 347, 282, 256, 207, 172, 90, 27, 1, 0, 0, 0, 0, 0, 0, 0, 0, 0, 0, 0, 0]
[2025-06-24T11:51:49.505+0900] {logging_mixin.py:190} INFO - step : save
[2025-06-24T11:51:49.564+0900] {logging_mixin.py:190} INFO - file_copy: /opt/***/data/temp/11b06635-f8f4-435d-8cdc-36d9b0f25275/db7c40ed-2dd9-4dce-af8e-4f5d34633fec/ag1.png
[2025-06-24T11:51:49.587+0900] {logging_mixin.py:190} INFO - step : text_orientation_set
[2025-06-24T11:51:52.760+0900] {logging_mixin.py:190} INFO - file_copy: /opt/***/data/temp/11b06635-f8f4-435d-8cdc-36d9b0f25275/db7c40ed-2dd9-4dce-af8e-4f5d34633fec/rotate2_1.png
[2025-06-24T11:51:55.621+0900] {logging_mixin.py:190} INFO - osd 1 270 270 0.62 Han 0.0
[2025-06-24T11:51:58.188+0900] {logging_mixin.py:190} INFO - file_copy: /opt/***/data/temp/11b06635-f8f4-435d-8cdc-36d9b0f25275/db7c40ed-2dd9-4dce-af8e-4f5d34633fec/rotate2_2.png
[2025-06-24T11:51:59.823+0900] {logging_mixin.py:190} INFO - Tesseract OSD Error: (1, 'Estimating resolution as 117 Warning. Invalid resolution 0 dpi. Using 70 instead. Too few characters. Skipping this page Error during processing.')
[2025-06-24T11:51:59.833+0900] {logging_mixin.py:190} INFO - step : save
[2025-06-24T11:51:59.934+0900] {logging_mixin.py:190} INFO - file_copy: /opt/***/data/temp/11b06635-f8f4-435d-8cdc-36d9b0f25275/db7c40ed-2dd9-4dce-af8e-4f5d34633fec/ag2.png
[2025-06-24T11:51:59.965+0900] {logging_mixin.py:190} INFO - step : load
[2025-06-24T11:51:59.967+0900] {logging_mixin.py:190} INFO - step : rotate
[2025-06-24T11:51:59.982+0900] {logging_mixin.py:190} INFO - step : rotate
[2025-06-24T11:52:00.142+0900] {logging_mixin.py:190} INFO - file_copy: /opt/***/data/temp/11b06635-f8f4-435d-8cdc-36d9b0f25275/db7c40ed-2dd9-4dce-af8e-4f5d34633fec/_result.png
[2025-06-24T11:52:00.159+0900] {python.py:240} INFO - Done. Returned value was: {'file_id': '11b06635-f8f4-435d-8cdc-36d9b0f25275', 'file_path': '/opt/***/data/class/a_class/classify/ready/false/copied_82_82570126_0127.png', 'false': {'process_id': '_db7c40ed-2dd9-4dce-af8e-4f5d34633fec_pre', 'folder_path': '11b06635-f8f4-435d-8cdc-36d9b0f25275/db7c40ed-2dd9-4dce-af8e-4f5d34633fec', 'step_list': [{'name': 'cache', 'param': {'key': 'origin'}}, {'name': 'calc_angle_set2', 'param': {'key': 'angle1', 'iterations': 4, 'iter_save': True}}, {'name': 'save', 'param': {'key': 'ag1'}}, {'name': 'text_orientation_set', 'param': {'key': 'angle2', 'iterations': 4, 'iter_save': True}}, {'name': 'save', 'param': {'key': 'ag2'}}, {'name': 'load', 'param': {'key': 'origin'}}, {'name': 'rotate', 'param': {'key': 'angle1'}}, {'name': 'rotate', 'param': {'key': 'angle2'}}], 'result_file_map': {'ag1': '/opt/***/data/temp/11b06635-f8f4-435d-8cdc-36d9b0f25275/db7c40ed-2dd9-4dce-af8e-4f5d34633fec/ag1.png', 'rotate2_1': '/opt/***/data/temp/11b06635-f8f4-435d-8cdc-36d9b0f25275/db7c40ed-2dd9-4dce-af8e-4f5d34633fec/rotate2_1.png', 'rotate2_2': '/opt/***/data/temp/11b06635-f8f4-435d-8cdc-36d9b0f25275/db7c40ed-2dd9-4dce-af8e-4f5d34633fec/rotate2_2.png', 'ag2': '/opt/***/data/temp/11b06635-f8f4-435d-8cdc-36d9b0f25275/db7c40ed-2dd9-4dce-af8e-4f5d34633fec/ag2.png', '_result': '/opt/***/data/temp/11b06635-f8f4-435d-8cdc-36d9b0f25275/db7c40ed-2dd9-4dce-af8e-4f5d34633fec/_result.png'}}}
[2025-06-24T11:52:00.247+0900] {taskinstance.py:341} INFO - ::group::Post task execution logs
[2025-06-24T11:52:00.252+0900] {taskinstance.py:353} INFO - Marking task as SUCCESS. dag_id=lilt_document_classifier_balanced_V0.1, task_id=img_preprocess_task__1, run_id=manual__2025-06-24T02:31:44.485922+00:00, map_index=73, execution_date=20250624T023144, start_date=20250624T025126, end_date=20250624T025200
[2025-06-24T11:52:00.361+0900] {local_task_job_runner.py:266} INFO - Task exited with return code 0
[2025-06-24T11:52:00.381+0900] {local_task_job_runner.py:245} INFO - ::endgroup::
