[2025-06-24T11:44:38.666+0900] {local_task_job_runner.py:123} INFO - ::group::Pre task execution logs
[2025-06-24T11:44:38.837+0900] {taskinstance.py:2614} INFO - Dependencies all met for dep_context=non-requeueable deps ti=<TaskInstance: lilt_document_classifier_balanced_V0.1.img_preprocess_task manual__2025-06-24T02:31:44.485922+00:00 map_index=47 [queued]>
[2025-06-24T11:44:38.955+0900] {taskinstance.py:2614} INFO - Dependencies all met for dep_context=requeueable deps ti=<TaskInstance: lilt_document_classifier_balanced_V0.1.img_preprocess_task manual__2025-06-24T02:31:44.485922+00:00 map_index=47 [queued]>
[2025-06-24T11:44:38.965+0900] {taskinstance.py:2867} INFO - Starting attempt 1 of 1
[2025-06-24T11:44:39.053+0900] {taskinstance.py:2890} INFO - Executing <Mapped(_PythonDecoratedOperator): img_preprocess_task> on 2025-06-24 02:31:44.485922+00:00
[2025-06-24T11:44:39.092+0900] {standard_task_runner.py:104} INFO - Running: ['***', 'tasks', 'run', 'lilt_document_classifier_balanced_V0.1', 'img_preprocess_task', 'manual__2025-06-24T02:31:44.485922+00:00', '--job-id', '3832', '--raw', '--subdir', 'DAGS_FOLDER/class_create_dag.py', '--cfg-path', '/tmp/tmptssxsfov', '--map-index', '47']
[2025-06-24T11:44:39.123+0900] {standard_task_runner.py:105} INFO - Job 3832: Subtask img_preprocess_task
[2025-06-24T11:44:39.094+0900] {warnings.py:112} WARNING - /home/***/.local/lib/python3.12/site-packages/***/task/task_runner/standard_task_runner.py:70: DeprecationWarning: This process (pid=35385) is multi-threaded, use of fork() may lead to deadlocks in the child.
  pid = os.fork()

[2025-06-24T11:44:39.125+0900] {standard_task_runner.py:72} INFO - Started process 35415 to run task
[2025-06-24T11:44:39.277+0900] {task_command.py:467} INFO - Running <TaskInstance: lilt_document_classifier_balanced_V0.1.img_preprocess_task manual__2025-06-24T02:31:44.485922+00:00 map_index=47 [running]> on host f6d4228a9eb8
[2025-06-24T11:44:39.690+0900] {taskinstance.py:3134} INFO - Exporting env vars: AIRFLOW_CTX_DAG_OWNER='***' AIRFLOW_CTX_DAG_ID='lilt_document_classifier_balanced_V0.1' AIRFLOW_CTX_TASK_ID='img_preprocess_task' AIRFLOW_CTX_EXECUTION_DATE='2025-06-24T02:31:44.485922+00:00' AIRFLOW_CTX_TRY_NUMBER='1' AIRFLOW_CTX_DAG_RUN_ID='manual__2025-06-24T02:31:44.485922+00:00'
[2025-06-24T11:44:39.691+0900] {taskinstance.py:732} INFO - ::endgroup::
[2025-06-24T11:44:39.698+0900] {logging_mixin.py:190} INFO - empty map check {} {'process_id': '_3bcb68fd-762c-498c-acd2-08c6a9cbfcea_pre', 'folder_path': '735d1278-8566-4f09-81a5-99a578d6c0a2/3bcb68fd-762c-498c-acd2-08c6a9cbfcea', 'step_list': [{'name': 'cache', 'param': {'key': 'origin'}}, {'name': 'calc_angle_set2', 'param': {'key': 'angle1', 'iterations': 4, 'iter_save': True}}, {'name': 'save', 'param': {'key': 'ag1'}}, {'name': 'text_orientation_set', 'param': {'key': 'angle2', 'iterations': 4, 'iter_save': True}}, {'name': 'save', 'param': {'key': 'ag2'}}, {'name': 'load', 'param': {'key': 'origin'}}, {'name': 'rotate', 'param': {'key': 'angle1'}}, {'name': 'rotate', 'param': {'key': 'angle2'}}], 'result_file_map': {}}
[2025-06-24T11:44:39.702+0900] {logging_mixin.py:190} INFO - step : cache
[2025-06-24T11:44:39.703+0900] {logging_mixin.py:190} INFO - step : calc_angle_set2
[2025-06-24T11:45:18.661+0900] {logging_mixin.py:190} INFO - osd 1 5.0 5.0 40 844612 [840907, 800748, 759058, 716698, 675962, 634666, 594763, 554702, 517163, 476558, 441748, 406895, 372776, 340672, 312942, 284244, 255413, 226531, 198169, 169548, 142994, 169563, 197785, 226578, 255503, 284366, 313531, 340736, 373159, 407782, 442024, 478013, 517702, 555829, 596370, 636284, 677886, 719046, 761766, 804608, 844612]
[2025-06-24T11:46:03.066+0900] {logging_mixin.py:190} INFO - osd 2 0.0 -5.0 0 2180909 [2180909, 2112393, 2045685, 1974835, 1901189, 1830418, 1759338, 1684151, 1613838, 1535221, 1464544, 1391865, 1320276, 1253415, 1182562, 1117703, 1050734, 988218, 930175, 867047, 808688, 856446, 907323, 954221, 1003256, 1056553, 1106992, 1160749, 1209669, 1260870, 1312373, 1361865, 1418045, 1467218, 1521455, 1571754, 1623826, 1680270, 1733226, 1784154, 1839548]
[2025-06-24T11:46:50.927+0900] {logging_mixin.py:190} INFO - osd 3 5.0 5.0 40 3504927 [3470024, 3398908, 3333567, 3265846, 3203234, 3136529, 3074301, 3003925, 2937862, 2872497, 2807324, 2741792, 2672190, 2606928, 2538436, 2474648, 2406060, 2337890, 2270792, 2203269, 2138372, 2206010, 2275989, 2346319, 2417609, 2487491, 2554409, 2624331, 2691869, 2761978, 2829807, 2896232, 2963820, 3031851, 3103293, 3167523, 3235281, 3299529, 3368759, 3433969, 3504927]
[2025-06-24T11:47:51.329+0900] {logging_mixin.py:190} INFO - osd 4 0.0 -5.0 0 5514170 [5514170, 5414593, 5312894, 5212223, 5112084, 5010422, 4904825, 4798632, 4697854, 4591951, 4490840, 4381184, 4279703, 4170453, 4064942, 3960906, 3856283, 3748552, 3641334, 3534575, 3436763, 3508620, 3590460, 3673014, 3757016, 3839170, 3920686, 4003569, 4093714, 4173907, 4264469, 4347458, 4436828, 4520198, 4609941, 4701631, 4790643, 4880769, 4971325, 5062847, 5156234]
[2025-06-24T11:47:51.712+0900] {logging_mixin.py:190} INFO - step : save
[2025-06-24T11:47:52.637+0900] {logging_mixin.py:190} INFO - file_copy: /opt/***/data/temp/735d1278-8566-4f09-81a5-99a578d6c0a2/3bcb68fd-762c-498c-acd2-08c6a9cbfcea/ag1.png
[2025-06-24T11:47:52.691+0900] {logging_mixin.py:190} INFO - step : text_orientation_set
[2025-06-24T11:48:08.756+0900] {logging_mixin.py:190} INFO - file_copy: /opt/***/data/temp/735d1278-8566-4f09-81a5-99a578d6c0a2/3bcb68fd-762c-498c-acd2-08c6a9cbfcea/rotate2_1.png
[2025-06-24T11:48:16.056+0900] {logging_mixin.py:190} INFO - osd 1 break  0 0 10.61 Japanese 0.37
[2025-06-24T11:48:16.059+0900] {logging_mixin.py:190} INFO - step : save
[2025-06-24T11:48:17.235+0900] {logging_mixin.py:190} INFO - file_copy: /opt/***/data/temp/735d1278-8566-4f09-81a5-99a578d6c0a2/3bcb68fd-762c-498c-acd2-08c6a9cbfcea/ag2.png
[2025-06-24T11:48:17.276+0900] {logging_mixin.py:190} INFO - step : load
[2025-06-24T11:48:17.279+0900] {logging_mixin.py:190} INFO - step : rotate
[2025-06-24T11:48:17.842+0900] {logging_mixin.py:190} INFO - step : rotate
[2025-06-24T11:48:18.743+0900] {logging_mixin.py:190} INFO - file_copy: /opt/***/data/temp/735d1278-8566-4f09-81a5-99a578d6c0a2/3bcb68fd-762c-498c-acd2-08c6a9cbfcea/_result.png
[2025-06-24T11:48:18.762+0900] {python.py:240} INFO - Done. Returned value was: {'file_id': '735d1278-8566-4f09-81a5-99a578d6c0a2', 'file_path': '/opt/***/data/class/a_class/classify/ready/true/여의도동 삼보빌딩 - 정부24 - 건축물대장 등본(초본) 발급(열람) _ 문서출력_page_1_aug2.png', 'true': {'process_id': '_3bcb68fd-762c-498c-acd2-08c6a9cbfcea_pre', 'folder_path': '735d1278-8566-4f09-81a5-99a578d6c0a2/3bcb68fd-762c-498c-acd2-08c6a9cbfcea', 'step_list': [{'name': 'cache', 'param': {'key': 'origin'}}, {'name': 'calc_angle_set2', 'param': {'key': 'angle1', 'iterations': 4, 'iter_save': True}}, {'name': 'save', 'param': {'key': 'ag1'}}, {'name': 'text_orientation_set', 'param': {'key': 'angle2', 'iterations': 4, 'iter_save': True}}, {'name': 'save', 'param': {'key': 'ag2'}}, {'name': 'load', 'param': {'key': 'origin'}}, {'name': 'rotate', 'param': {'key': 'angle1'}}, {'name': 'rotate', 'param': {'key': 'angle2'}}], 'result_file_map': {'ag1': '/opt/***/data/temp/735d1278-8566-4f09-81a5-99a578d6c0a2/3bcb68fd-762c-498c-acd2-08c6a9cbfcea/ag1.png', 'rotate2_1': '/opt/***/data/temp/735d1278-8566-4f09-81a5-99a578d6c0a2/3bcb68fd-762c-498c-acd2-08c6a9cbfcea/rotate2_1.png', 'ag2': '/opt/***/data/temp/735d1278-8566-4f09-81a5-99a578d6c0a2/3bcb68fd-762c-498c-acd2-08c6a9cbfcea/ag2.png', '_result': '/opt/***/data/temp/735d1278-8566-4f09-81a5-99a578d6c0a2/3bcb68fd-762c-498c-acd2-08c6a9cbfcea/_result.png'}}}
[2025-06-24T11:48:18.861+0900] {taskinstance.py:341} INFO - ::group::Post task execution logs
[2025-06-24T11:48:18.863+0900] {taskinstance.py:353} INFO - Marking task as SUCCESS. dag_id=lilt_document_classifier_balanced_V0.1, task_id=img_preprocess_task, run_id=manual__2025-06-24T02:31:44.485922+00:00, map_index=47, execution_date=20250624T023144, start_date=20250624T024438, end_date=20250624T024818
[2025-06-24T11:48:19.071+0900] {local_task_job_runner.py:266} INFO - Task exited with return code 0
[2025-06-24T11:48:19.271+0900] {taskinstance.py:3901} INFO - 0 downstream tasks scheduled from follow-on schedule check
[2025-06-24T11:48:19.311+0900] {local_task_job_runner.py:245} INFO - ::endgroup::
[2025-06-24T11:48:19.322+0900] {standard_task_runner.py:217} INFO - Process not found (most likely exited), stop collecting metrics
