[2025-06-19T18:32:58.387+0900] {local_task_job_runner.py:123} INFO - ::group::Pre task execution logs
[2025-06-19T18:32:58.473+0900] {taskinstance.py:2614} INFO - Dependencies all met for dep_context=non-requeueable deps ti=<TaskInstance: lilt_document_classifier_balanced_V0.1.img_preprocess_task__1 manual__2025-06-19T09:32:07.760195+00:00 map_index=2 [queued]>
[2025-06-19T18:32:58.524+0900] {taskinstance.py:2614} INFO - Dependencies all met for dep_context=requeueable deps ti=<TaskInstance: lilt_document_classifier_balanced_V0.1.img_preprocess_task__1 manual__2025-06-19T09:32:07.760195+00:00 map_index=2 [queued]>
[2025-06-19T18:32:58.524+0900] {taskinstance.py:2867} INFO - Starting attempt 1 of 1
[2025-06-19T18:32:58.581+0900] {taskinstance.py:2890} INFO - Executing <Mapped(_PythonDecoratedOperator): img_preprocess_task__1> on 2025-06-19 09:32:07.760195+00:00
[2025-06-19T18:32:58.632+0900] {standard_task_runner.py:104} INFO - Running: ['***', 'tasks', 'run', 'lilt_document_classifier_balanced_V0.1', 'img_preprocess_task__1', 'manual__2025-06-19T09:32:07.760195+00:00', '--job-id', '1697', '--raw', '--subdir', 'DAGS_FOLDER/class_create_dag.py', '--cfg-path', '/tmp/tmp4ean53ft', '--map-index', '2']
[2025-06-19T18:32:58.638+0900] {standard_task_runner.py:105} INFO - Job 1697: Subtask img_preprocess_task__1
[2025-06-19T18:32:58.627+0900] {warnings.py:112} WARNING - /home/***/.local/lib/python3.12/site-packages/***/task/task_runner/standard_task_runner.py:70: DeprecationWarning: This process (pid=9683) is multi-threaded, use of fork() may lead to deadlocks in the child.
  pid = os.fork()

[2025-06-19T18:32:58.659+0900] {standard_task_runner.py:72} INFO - Started process 9784 to run task
[2025-06-19T18:32:58.738+0900] {task_command.py:467} INFO - Running <TaskInstance: lilt_document_classifier_balanced_V0.1.img_preprocess_task__1 manual__2025-06-19T09:32:07.760195+00:00 map_index=2 [running]> on host f6d4228a9eb8
[2025-06-19T18:32:59.179+0900] {taskinstance.py:3134} INFO - Exporting env vars: AIRFLOW_CTX_DAG_OWNER='***' AIRFLOW_CTX_DAG_ID='lilt_document_classifier_balanced_V0.1' AIRFLOW_CTX_TASK_ID='img_preprocess_task__1' AIRFLOW_CTX_EXECUTION_DATE='2025-06-19T09:32:07.760195+00:00' AIRFLOW_CTX_TRY_NUMBER='1' AIRFLOW_CTX_DAG_RUN_ID='manual__2025-06-19T09:32:07.760195+00:00'
[2025-06-19T18:32:59.186+0900] {taskinstance.py:732} INFO - ::endgroup::
[2025-06-19T18:32:59.192+0900] {logging_mixin.py:190} INFO - empty map check {} {'process_id': '_b7823484-cb79-449f-96ba-ed59fa2f3cfe_pre', 'folder_path': '3c0f1aab-e5e2-4911-9110-9d9e5baca2f6/b7823484-cb79-449f-96ba-ed59fa2f3cfe', 'step_list': [{'name': 'cache', 'param': {'key': 'origin'}}, {'name': 'calc_angle_set1', 'param': {'key': 'angle1', 'iterations': 4, 'iter_save': False}}, {'name': 'text_orientation_set', 'param': {'key': 'angle2', 'iterations': 4, 'iter_save': False}}, {'name': 'load', 'param': {'key': 'origin'}}, {'name': 'rotate', 'param': {'key': 'angle1'}}, {'name': 'rotate', 'param': {'key': 'angle2'}}], 'result_file_map': {}}
[2025-06-19T18:32:59.199+0900] {logging_mixin.py:190} INFO - step : cache
[2025-06-19T18:32:59.203+0900] {logging_mixin.py:190} INFO - step : calc_angle_set1
[2025-06-19T18:32:59.281+0900] {logging_mixin.py:190} INFO - step : text_orientation_set
[2025-06-19T18:33:06.956+0900] {logging_mixin.py:190} INFO - osd 1 break  0 0 3.5 Latin 0.67
[2025-06-19T18:33:06.974+0900] {logging_mixin.py:190} INFO - step : load
[2025-06-19T18:33:06.975+0900] {logging_mixin.py:190} INFO - step : rotate
[2025-06-19T18:33:07.010+0900] {logging_mixin.py:190} INFO - step : rotate
[2025-06-19T18:33:07.098+0900] {logging_mixin.py:190} INFO - file_copy: /opt/***/data/temp/3c0f1aab-e5e2-4911-9110-9d9e5baca2f6/b7823484-cb79-449f-96ba-ed59fa2f3cfe/_result.png
[2025-06-19T18:33:07.107+0900] {python.py:240} INFO - Done. Returned value was: {'file_id': '3c0f1aab-e5e2-4911-9110-9d9e5baca2f6', 'file_path': '/opt/***/data/class/a_class/classify/ready/false/copied_33_2057061812_2057061821.png', 'false': {'process_id': '_b7823484-cb79-449f-96ba-ed59fa2f3cfe_pre', 'folder_path': '3c0f1aab-e5e2-4911-9110-9d9e5baca2f6/b7823484-cb79-449f-96ba-ed59fa2f3cfe', 'step_list': [{'name': 'cache', 'param': {'key': 'origin'}}, {'name': 'calc_angle_set1', 'param': {'key': 'angle1', 'iterations': 4, 'iter_save': False}}, {'name': 'text_orientation_set', 'param': {'key': 'angle2', 'iterations': 4, 'iter_save': False}}, {'name': 'load', 'param': {'key': 'origin'}}, {'name': 'rotate', 'param': {'key': 'angle1'}}, {'name': 'rotate', 'param': {'key': 'angle2'}}], 'result_file_map': {'_result': '/opt/***/data/temp/3c0f1aab-e5e2-4911-9110-9d9e5baca2f6/b7823484-cb79-449f-96ba-ed59fa2f3cfe/_result.png'}}}
[2025-06-19T18:33:07.163+0900] {taskinstance.py:341} INFO - ::group::Post task execution logs
[2025-06-19T18:33:07.164+0900] {taskinstance.py:353} INFO - Marking task as SUCCESS. dag_id=lilt_document_classifier_balanced_V0.1, task_id=img_preprocess_task__1, run_id=manual__2025-06-19T09:32:07.760195+00:00, map_index=2, execution_date=20250619T093207, start_date=20250619T093258, end_date=20250619T093307
[2025-06-19T18:33:07.309+0900] {local_task_job_runner.py:266} INFO - Task exited with return code 0
[2025-06-19T18:33:07.366+0900] {taskinstance.py:3901} INFO - 0 downstream tasks scheduled from follow-on schedule check
[2025-06-19T18:33:07.371+0900] {local_task_job_runner.py:245} INFO - ::endgroup::
