[2025-06-24T16:45:30.172+0900] {local_task_job_runner.py:123} INFO - ::group::Pre task execution logs
[2025-06-24T16:45:30.335+0900] {taskinstance.py:2614} INFO - Dependencies all met for dep_context=non-requeueable deps ti=<TaskInstance: lilt_document_classifier_balanced_V0.1.img_preprocess_task__1 manual__2025-06-24T07:39:02.784990+00:00 map_index=39 [queued]>
[2025-06-24T16:45:30.368+0900] {taskinstance.py:2614} INFO - Dependencies all met for dep_context=requeueable deps ti=<TaskInstance: lilt_document_classifier_balanced_V0.1.img_preprocess_task__1 manual__2025-06-24T07:39:02.784990+00:00 map_index=39 [queued]>
[2025-06-24T16:45:30.372+0900] {taskinstance.py:2867} INFO - Starting attempt 1 of 1
[2025-06-24T16:45:30.397+0900] {taskinstance.py:2890} INFO - Executing <Mapped(_PythonDecoratedOperator): img_preprocess_task__1> on 2025-06-24 07:39:02.784990+00:00
[2025-06-24T16:45:30.419+0900] {warnings.py:112} WARNING - /home/***/.local/lib/python3.12/site-packages/***/task/task_runner/standard_task_runner.py:70: DeprecationWarning: This process (pid=55245) is multi-threaded, use of fork() may lead to deadlocks in the child.
  pid = os.fork()

[2025-06-24T16:45:30.423+0900] {standard_task_runner.py:72} INFO - Started process 55255 to run task
[2025-06-24T16:45:30.423+0900] {standard_task_runner.py:104} INFO - Running: ['***', 'tasks', 'run', 'lilt_document_classifier_balanced_V0.1', 'img_preprocess_task__1', 'manual__2025-06-24T07:39:02.784990+00:00', '--job-id', '4494', '--raw', '--subdir', 'DAGS_FOLDER/class_create_dag.py', '--cfg-path', '/tmp/tmp4amiuokc', '--map-index', '39']
[2025-06-24T16:45:30.429+0900] {standard_task_runner.py:105} INFO - Job 4494: Subtask img_preprocess_task__1
[2025-06-24T16:45:30.522+0900] {task_command.py:467} INFO - Running <TaskInstance: lilt_document_classifier_balanced_V0.1.img_preprocess_task__1 manual__2025-06-24T07:39:02.784990+00:00 map_index=39 [running]> on host f6d4228a9eb8
[2025-06-24T16:45:30.984+0900] {taskinstance.py:3134} INFO - Exporting env vars: AIRFLOW_CTX_DAG_OWNER='***' AIRFLOW_CTX_DAG_ID='lilt_document_classifier_balanced_V0.1' AIRFLOW_CTX_TASK_ID='img_preprocess_task__1' AIRFLOW_CTX_EXECUTION_DATE='2025-06-24T07:39:02.784990+00:00' AIRFLOW_CTX_TRY_NUMBER='1' AIRFLOW_CTX_DAG_RUN_ID='manual__2025-06-24T07:39:02.784990+00:00'
[2025-06-24T16:45:30.987+0900] {taskinstance.py:732} INFO - ::endgroup::
[2025-06-24T16:45:31.006+0900] {logging_mixin.py:190} INFO - empty map check {} {'process_id': '_e96b8e39-c234-4734-8efd-94ee8027aabc_pre', 'folder_path': '500fbb82-88d2-4d73-b758-9b188520b023/e96b8e39-c234-4734-8efd-94ee8027aabc', 'step_list': [{'name': 'cache', 'param': {'key': 'origin'}}, {'name': 'calc_angle_set2', 'param': {'key': 'angle1', 'iterations': 4, 'iter_save': False}}, {'name': 'text_orientation_set', 'param': {'key': 'angle2', 'iterations': 4, 'iter_save': False}}, {'name': 'load', 'param': {'key': 'origin'}}, {'name': 'rotate', 'param': {'key': 'angle1'}}, {'name': 'rotate', 'param': {'key': 'angle2'}}], 'result_file_map': {}}
[2025-06-24T16:45:31.027+0900] {logging_mixin.py:190} INFO - step : cache
[2025-06-24T16:45:31.030+0900] {logging_mixin.py:190} INFO - step : calc_angle_set2
[2025-06-24T16:45:35.445+0900] {logging_mixin.py:190} INFO - osd 1 0.0 0.0 20 8938 [617, 786, 952, 1114, 1388, 1660, 1970, 2290, 2594, 2956, 3275, 3634, 3973, 4326, 4741, 5391, 6150, 7147, 8125, 8898, 8938, 8086, 7313, 6408, 5695, 4978, 4583, 4160, 3804, 3484, 3096, 2790, 2373, 2074, 1780, 1447, 1210, 1013, 825, 682, 490]
[2025-06-24T16:45:40.762+0900] {logging_mixin.py:190} INFO - osd 2 0.0 0.0 20 8938 [617, 786, 952, 1114, 1388, 1660, 1970, 2290, 2594, 2956, 3275, 3634, 3973, 4326, 4741, 5391, 6150, 7147, 8125, 8898, 8938, 8086, 7313, 6408, 5695, 4978, 4583, 4160, 3804, 3484, 3096, 2790, 2373, 2074, 1780, 1447, 1210, 1013, 825, 682, 490]
[2025-06-24T16:45:45.307+0900] {logging_mixin.py:190} INFO - osd 3 0.0 0.0 20 8938 [617, 786, 952, 1114, 1388, 1660, 1970, 2290, 2594, 2956, 3275, 3634, 3973, 4326, 4741, 5391, 6150, 7147, 8125, 8898, 8938, 8086, 7313, 6408, 5695, 4978, 4583, 4160, 3804, 3484, 3096, 2790, 2373, 2074, 1780, 1447, 1210, 1013, 825, 682, 490]
[2025-06-24T16:45:49.375+0900] {logging_mixin.py:190} INFO - osd 4 0.0 0.0 20 8938 [617, 786, 952, 1114, 1388, 1660, 1970, 2290, 2594, 2956, 3275, 3634, 3973, 4326, 4741, 5391, 6150, 7147, 8125, 8898, 8938, 8086, 7313, 6408, 5695, 4978, 4583, 4160, 3804, 3484, 3096, 2790, 2373, 2074, 1780, 1447, 1210, 1013, 825, 682, 490]
[2025-06-24T16:45:49.416+0900] {logging_mixin.py:190} INFO - step : text_orientation_set
[2025-06-24T16:45:54.059+0900] {logging_mixin.py:190} INFO - osd 1 break  0 0 10.17 Latin 0.3
[2025-06-24T16:45:54.062+0900] {logging_mixin.py:190} INFO - step : load
[2025-06-24T16:45:54.064+0900] {logging_mixin.py:190} INFO - step : rotate
[2025-06-24T16:45:54.070+0900] {logging_mixin.py:190} INFO - step : rotate
[2025-06-24T16:45:54.132+0900] {logging_mixin.py:190} INFO - file_copy: /opt/***/data/temp/500fbb82-88d2-4d73-b758-9b188520b023/e96b8e39-c234-4734-8efd-94ee8027aabc/_result.png
[2025-06-24T16:45:54.153+0900] {python.py:240} INFO - Done. Returned value was: {'file_id': '500fbb82-88d2-4d73-b758-9b188520b023', 'file_path': '/opt/***/data/class/a_class/classify/ready/false/copied_86_2047218059_8097.png', 'false': {'process_id': '_e96b8e39-c234-4734-8efd-94ee8027aabc_pre', 'folder_path': '500fbb82-88d2-4d73-b758-9b188520b023/e96b8e39-c234-4734-8efd-94ee8027aabc', 'step_list': [{'name': 'cache', 'param': {'key': 'origin'}}, {'name': 'calc_angle_set2', 'param': {'key': 'angle1', 'iterations': 4, 'iter_save': False}}, {'name': 'text_orientation_set', 'param': {'key': 'angle2', 'iterations': 4, 'iter_save': False}}, {'name': 'load', 'param': {'key': 'origin'}}, {'name': 'rotate', 'param': {'key': 'angle1'}}, {'name': 'rotate', 'param': {'key': 'angle2'}}], 'result_file_map': {'_result': '/opt/***/data/temp/500fbb82-88d2-4d73-b758-9b188520b023/e96b8e39-c234-4734-8efd-94ee8027aabc/_result.png'}}}
[2025-06-24T16:45:54.219+0900] {taskinstance.py:341} INFO - ::group::Post task execution logs
[2025-06-24T16:45:54.224+0900] {taskinstance.py:353} INFO - Marking task as SUCCESS. dag_id=lilt_document_classifier_balanced_V0.1, task_id=img_preprocess_task__1, run_id=manual__2025-06-24T07:39:02.784990+00:00, map_index=39, execution_date=20250624T073902, start_date=20250624T074530, end_date=20250624T074554
[2025-06-24T16:45:54.354+0900] {local_task_job_runner.py:266} INFO - Task exited with return code 0
[2025-06-24T16:45:54.478+0900] {taskinstance.py:3901} INFO - 0 downstream tasks scheduled from follow-on schedule check
[2025-06-24T16:45:54.485+0900] {local_task_job_runner.py:245} INFO - ::endgroup::
