[2025-06-16T14:33:08.021+0900] {local_task_job_runner.py:123} INFO - ::group::Pre task execution logs
[2025-06-16T14:33:08.043+0900] {taskinstance.py:2614} INFO - Dependencies all met for dep_context=non-requeueable deps ti=<TaskInstance: image_ocr_v2.img_preprocess_task manual__2025-06-16T05:33:00.247874+00:00 map_index=1 [queued]>
[2025-06-16T14:33:08.059+0900] {taskinstance.py:2614} INFO - Dependencies all met for dep_context=requeueable deps ti=<TaskInstance: image_ocr_v2.img_preprocess_task manual__2025-06-16T05:33:00.247874+00:00 map_index=1 [queued]>
[2025-06-16T14:33:08.060+0900] {taskinstance.py:2867} INFO - Starting attempt 1 of 1
[2025-06-16T14:33:08.075+0900] {taskinstance.py:2890} INFO - Executing <Mapped(_PythonDecoratedOperator): img_preprocess_task> on 2025-06-16 05:33:00.247874+00:00
[2025-06-16T14:33:08.082+0900] {warnings.py:112} WARNING - /home/***/.local/lib/python3.12/site-packages/***/task/task_runner/standard_task_runner.py:70: DeprecationWarning: This process (pid=3817) is multi-threaded, use of fork() may lead to deadlocks in the child.
  pid = os.fork()

[2025-06-16T14:33:08.084+0900] {standard_task_runner.py:72} INFO - Started process 3835 to run task
[2025-06-16T14:33:08.084+0900] {standard_task_runner.py:104} INFO - Running: ['***', 'tasks', 'run', 'image_ocr_v2', 'img_preprocess_task', 'manual__2025-06-16T05:33:00.247874+00:00', '--job-id', '177', '--raw', '--subdir', 'DAGS_FOLDER/test_dag.py', '--cfg-path', '/tmp/tmpw94aia89', '--map-index', '1']
[2025-06-16T14:33:08.087+0900] {standard_task_runner.py:105} INFO - Job 177: Subtask img_preprocess_task
[2025-06-16T14:33:08.130+0900] {task_command.py:467} INFO - Running <TaskInstance: image_ocr_v2.img_preprocess_task manual__2025-06-16T05:33:00.247874+00:00 map_index=1 [running]> on host f6d4228a9eb8
[2025-06-16T14:33:08.216+0900] {taskinstance.py:3134} INFO - Exporting env vars: AIRFLOW_CTX_DAG_OWNER='***' AIRFLOW_CTX_DAG_ID='image_ocr_v2' AIRFLOW_CTX_TASK_ID='img_preprocess_task' AIRFLOW_CTX_EXECUTION_DATE='2025-06-16T05:33:00.247874+00:00' AIRFLOW_CTX_TRY_NUMBER='1' AIRFLOW_CTX_DAG_RUN_ID='manual__2025-06-16T05:33:00.247874+00:00'
[2025-06-16T14:33:08.219+0900] {taskinstance.py:732} INFO - ::endgroup::
[2025-06-16T14:33:08.222+0900] {logging_mixin.py:190} INFO - empty map check {} {'process_id': '_f99658c6-715c-4fe6-8fb0-e465de7d320d_pre', 'folder_path': '649f77c6-17e4-451d-9f92-4721f84c5ea4/f99658c6-715c-4fe6-8fb0-e465de7d320d', 'step_list': [{'name': 'calc_angle_set1', 'param': {'key': 'angle1', 'iterations': 3}}, {'name': 'calc_angle_set2', 'param': {'key': 'angle2', 'iterations': 3}}, {'name': 'threshold', 'param': {}}, {'name': 'morphology1', 'param': {}}, {'name': 'save', 'param': {'key': 'classify_preprocess'}}], 'result_file_list': []}
[2025-06-16T14:33:08.223+0900] {logging_mixin.py:190} INFO - step : calc_angle_set1
[2025-06-16T14:33:08.341+0900] {logging_mixin.py:190} INFO - angle1 :  0 0.0889300352301774 -89.78179079570764 -89.78179079570764 89.95965086616799 89.95965086616799
[2025-06-16T14:33:08.344+0900] {logging_mixin.py:190} INFO - step : calc_angle_set2
[2025-06-16T14:33:15.446+0900] {logging_mixin.py:190} INFO - osd 1 270 270 5.35 Latin 1.73
[2025-06-16T14:33:22.942+0900] {logging_mixin.py:190} INFO - osd 2 450 180 3.32 Cyrillic 2.35
[2025-06-16T14:33:30.432+0900] {logging_mixin.py:190} INFO - step : threshold
[2025-06-16T14:33:30.435+0900] {logging_mixin.py:190} INFO - step : morphology1
[2025-06-16T14:33:30.446+0900] {logging_mixin.py:190} INFO - step : save
[2025-06-16T14:33:30.482+0900] {logging_mixin.py:190} INFO - file_copy: /opt/***/data/temp/649f77c6-17e4-451d-9f92-4721f84c5ea4/f99658c6-715c-4fe6-8fb0-e465de7d320d/classify_preprocess.png
[2025-06-16T14:33:30.485+0900] {python.py:240} INFO - Done. Returned value was: {'file_id': '649f77c6-17e4-451d-9f92-4721f84c5ea4', 'file_path': '/opt/***/data/upload/Gas Engine 점검일지_ 2021년 2월.pdf-image-007.jpg', 'result': {'process_id': '_f99658c6-715c-4fe6-8fb0-e465de7d320d_pre', 'folder_path': '649f77c6-17e4-451d-9f92-4721f84c5ea4/f99658c6-715c-4fe6-8fb0-e465de7d320d', 'step_list': [{'name': 'calc_angle_set1', 'param': {'key': 'angle1', 'iterations': 3}}, {'name': 'calc_angle_set2', 'param': {'key': 'angle2', 'iterations': 3}}, {'name': 'threshold', 'param': {}}, {'name': 'morphology1', 'param': {}}, {'name': 'save', 'param': {'key': 'classify_preprocess'}}], 'result_file_list': [{'key': 'classify_preprocess', 'path': '/opt/***/data/temp/649f77c6-17e4-451d-9f92-4721f84c5ea4/f99658c6-715c-4fe6-8fb0-e465de7d320d/classify_preprocess.png'}]}}
[2025-06-16T14:33:30.513+0900] {taskinstance.py:341} INFO - ::group::Post task execution logs
[2025-06-16T14:33:30.513+0900] {taskinstance.py:353} INFO - Marking task as SUCCESS. dag_id=image_ocr_v2, task_id=img_preprocess_task, run_id=manual__2025-06-16T05:33:00.247874+00:00, map_index=1, execution_date=20250616T053300, start_date=20250616T053308, end_date=20250616T053330
[2025-06-16T14:33:30.564+0900] {local_task_job_runner.py:266} INFO - Task exited with return code 0
[2025-06-16T14:33:30.588+0900] {taskinstance.py:3901} INFO - 0 downstream tasks scheduled from follow-on schedule check
[2025-06-16T14:33:30.592+0900] {local_task_job_runner.py:245} INFO - ::endgroup::
