[2025-06-19T18:34:54.307+0900] {local_task_job_runner.py:123} INFO - ::group::Pre task execution logs
[2025-06-19T18:34:54.449+0900] {taskinstance.py:2614} INFO - Dependencies all met for dep_context=non-requeueable deps ti=<TaskInstance: lilt_document_classifier_balanced_V0.1.img_preprocess_task manual__2025-06-19T09:32:07.760195+00:00 map_index=48 [queued]>
[2025-06-19T18:34:54.527+0900] {taskinstance.py:2614} INFO - Dependencies all met for dep_context=requeueable deps ti=<TaskInstance: lilt_document_classifier_balanced_V0.1.img_preprocess_task manual__2025-06-19T09:32:07.760195+00:00 map_index=48 [queued]>
[2025-06-19T18:34:54.540+0900] {taskinstance.py:2867} INFO - Starting attempt 1 of 1
[2025-06-19T18:34:54.591+0900] {taskinstance.py:2890} INFO - Executing <Mapped(_PythonDecoratedOperator): img_preprocess_task> on 2025-06-19 09:32:07.760195+00:00
[2025-06-19T18:34:54.637+0900] {warnings.py:112} WARNING - /home/***/.local/lib/python3.12/site-packages/***/task/task_runner/standard_task_runner.py:70: DeprecationWarning: This process (pid=11512) is multi-threaded, use of fork() may lead to deadlocks in the child.
  pid = os.fork()

[2025-06-19T18:34:54.632+0900] {standard_task_runner.py:104} INFO - Running: ['***', 'tasks', 'run', 'lilt_document_classifier_balanced_V0.1', 'img_preprocess_task', 'manual__2025-06-19T09:32:07.760195+00:00', '--job-id', '1791', '--raw', '--subdir', 'DAGS_FOLDER/class_create_dag.py', '--cfg-path', '/tmp/tmplr3ozocr', '--map-index', '48']
[2025-06-19T18:34:54.643+0900] {standard_task_runner.py:72} INFO - Started process 11546 to run task
[2025-06-19T18:34:54.643+0900] {standard_task_runner.py:105} INFO - Job 1791: Subtask img_preprocess_task
[2025-06-19T18:34:54.836+0900] {task_command.py:467} INFO - Running <TaskInstance: lilt_document_classifier_balanced_V0.1.img_preprocess_task manual__2025-06-19T09:32:07.760195+00:00 map_index=48 [running]> on host f6d4228a9eb8
[2025-06-19T18:34:55.211+0900] {taskinstance.py:3134} INFO - Exporting env vars: AIRFLOW_CTX_DAG_OWNER='***' AIRFLOW_CTX_DAG_ID='lilt_document_classifier_balanced_V0.1' AIRFLOW_CTX_TASK_ID='img_preprocess_task' AIRFLOW_CTX_EXECUTION_DATE='2025-06-19T09:32:07.760195+00:00' AIRFLOW_CTX_TRY_NUMBER='1' AIRFLOW_CTX_DAG_RUN_ID='manual__2025-06-19T09:32:07.760195+00:00'
[2025-06-19T18:34:55.215+0900] {taskinstance.py:732} INFO - ::endgroup::
[2025-06-19T18:34:55.221+0900] {logging_mixin.py:190} INFO - empty map check {} {'process_id': '_33249266-b625-4500-b8d7-5775d4eda784_pre', 'folder_path': '4e95e158-5d7e-4360-acb9-bdb4aa0220cd/33249266-b625-4500-b8d7-5775d4eda784', 'step_list': [{'name': 'cache', 'param': {'key': 'origin'}}, {'name': 'calc_angle_set1', 'param': {'key': 'angle1', 'iterations': 4, 'iter_save': False}}, {'name': 'text_orientation_set', 'param': {'key': 'angle2', 'iterations': 4, 'iter_save': False}}, {'name': 'load', 'param': {'key': 'origin'}}, {'name': 'rotate', 'param': {'key': 'angle1'}}, {'name': 'rotate', 'param': {'key': 'angle2'}}], 'result_file_map': {}}
[2025-06-19T18:34:55.221+0900] {logging_mixin.py:190} INFO - step : cache
[2025-06-19T18:34:55.222+0900] {logging_mixin.py:190} INFO - step : calc_angle_set1
[2025-06-19T18:34:55.439+0900] {logging_mixin.py:190} INFO - step : text_orientation_set
[2025-06-19T18:35:11.633+0900] {logging_mixin.py:190} INFO - osd 1 break  0 0 7.89 Korean 0.86
[2025-06-19T18:35:11.636+0900] {logging_mixin.py:190} INFO - step : load
[2025-06-19T18:35:11.637+0900] {logging_mixin.py:190} INFO - step : rotate
[2025-06-19T18:35:11.956+0900] {logging_mixin.py:190} INFO - step : rotate
[2025-06-19T18:35:12.207+0900] {logging_mixin.py:190} INFO - file_copy: /opt/***/data/temp/4e95e158-5d7e-4360-acb9-bdb4aa0220cd/33249266-b625-4500-b8d7-5775d4eda784/_result.png
[2025-06-19T18:35:12.220+0900] {python.py:240} INFO - Done. Returned value was: {'file_id': '4e95e158-5d7e-4360-acb9-bdb4aa0220cd', 'file_path': '/opt/***/data/class/a_class/classify/ready/true/삼성동 초록빌딩 - 정부24 - 건축물대장 등본(초본) 발급(열람) _ 문서출력_page_1_aug1.png', 'true': {'process_id': '_33249266-b625-4500-b8d7-5775d4eda784_pre', 'folder_path': '4e95e158-5d7e-4360-acb9-bdb4aa0220cd/33249266-b625-4500-b8d7-5775d4eda784', 'step_list': [{'name': 'cache', 'param': {'key': 'origin'}}, {'name': 'calc_angle_set1', 'param': {'key': 'angle1', 'iterations': 4, 'iter_save': False}}, {'name': 'text_orientation_set', 'param': {'key': 'angle2', 'iterations': 4, 'iter_save': False}}, {'name': 'load', 'param': {'key': 'origin'}}, {'name': 'rotate', 'param': {'key': 'angle1'}}, {'name': 'rotate', 'param': {'key': 'angle2'}}], 'result_file_map': {'_result': '/opt/***/data/temp/4e95e158-5d7e-4360-acb9-bdb4aa0220cd/33249266-b625-4500-b8d7-5775d4eda784/_result.png'}}}
[2025-06-19T18:35:12.286+0900] {taskinstance.py:341} INFO - ::group::Post task execution logs
[2025-06-19T18:35:12.290+0900] {taskinstance.py:353} INFO - Marking task as SUCCESS. dag_id=lilt_document_classifier_balanced_V0.1, task_id=img_preprocess_task, run_id=manual__2025-06-19T09:32:07.760195+00:00, map_index=48, execution_date=20250619T093207, start_date=20250619T093454, end_date=20250619T093512
[2025-06-19T18:35:12.610+0900] {local_task_job_runner.py:266} INFO - Task exited with return code 0
[2025-06-19T18:35:12.691+0900] {taskinstance.py:3901} INFO - 0 downstream tasks scheduled from follow-on schedule check
[2025-06-19T18:35:12.706+0900] {local_task_job_runner.py:245} INFO - ::endgroup::
