[2025-06-23T17:00:34.413+0900] {local_task_job_runner.py:123} INFO - ::group::Pre task execution logs
[2025-06-23T17:00:34.475+0900] {taskinstance.py:2614} INFO - Dependencies all met for dep_context=non-requeueable deps ti=<TaskInstance: lilt_document_classifier_balanced_V0.1.img_preprocess_task__1 manual__2025-06-23T07:44:09.997775+00:00 map_index=61 [queued]>
[2025-06-23T17:00:34.523+0900] {taskinstance.py:2614} INFO - Dependencies all met for dep_context=requeueable deps ti=<TaskInstance: lilt_document_classifier_balanced_V0.1.img_preprocess_task__1 manual__2025-06-23T07:44:09.997775+00:00 map_index=61 [queued]>
[2025-06-23T17:00:34.529+0900] {taskinstance.py:2867} INFO - Starting attempt 1 of 1
[2025-06-23T17:00:34.616+0900] {taskinstance.py:2890} INFO - Executing <Mapped(_PythonDecoratedOperator): img_preprocess_task__1> on 2025-06-23 07:44:09.997775+00:00
[2025-06-23T17:00:34.716+0900] {warnings.py:112} WARNING - /home/***/.local/lib/python3.12/site-packages/***/task/task_runner/standard_task_runner.py:70: DeprecationWarning: This process (pid=12329) is multi-threaded, use of fork() may lead to deadlocks in the child.
  pid = os.fork()

[2025-06-23T17:00:34.749+0900] {standard_task_runner.py:72} INFO - Started process 12351 to run task
[2025-06-23T17:00:34.724+0900] {standard_task_runner.py:104} INFO - Running: ['***', 'tasks', 'run', 'lilt_document_classifier_balanced_V0.1', 'img_preprocess_task__1', 'manual__2025-06-23T07:44:09.997775+00:00', '--job-id', '3623', '--raw', '--subdir', 'DAGS_FOLDER/class_create_dag.py', '--cfg-path', '/tmp/tmpe9gu82jq', '--map-index', '61']
[2025-06-23T17:00:34.767+0900] {standard_task_runner.py:105} INFO - Job 3623: Subtask img_preprocess_task__1
[2025-06-23T17:00:34.877+0900] {task_command.py:467} INFO - Running <TaskInstance: lilt_document_classifier_balanced_V0.1.img_preprocess_task__1 manual__2025-06-23T07:44:09.997775+00:00 map_index=61 [running]> on host f6d4228a9eb8
[2025-06-23T17:00:35.069+0900] {taskinstance.py:3134} INFO - Exporting env vars: AIRFLOW_CTX_DAG_OWNER='***' AIRFLOW_CTX_DAG_ID='lilt_document_classifier_balanced_V0.1' AIRFLOW_CTX_TASK_ID='img_preprocess_task__1' AIRFLOW_CTX_EXECUTION_DATE='2025-06-23T07:44:09.997775+00:00' AIRFLOW_CTX_TRY_NUMBER='1' AIRFLOW_CTX_DAG_RUN_ID='manual__2025-06-23T07:44:09.997775+00:00'
[2025-06-23T17:00:35.072+0900] {taskinstance.py:732} INFO - ::endgroup::
[2025-06-23T17:00:35.078+0900] {logging_mixin.py:190} INFO - empty map check {} {'process_id': '_54c33b5f-bdaf-414c-b8f5-4b5342940fc4_pre', 'folder_path': 'c190f48b-059a-4a83-8ed4-dbfd2ebbbd85/54c33b5f-bdaf-414c-b8f5-4b5342940fc4', 'step_list': [{'name': 'cache', 'param': {'key': 'origin'}}, {'name': 'calc_angle_set2', 'param': {'key': 'angle1', 'iterations': 4, 'iter_save': False}}, {'name': 'text_orientation_set', 'param': {'key': 'angle2', 'iterations': 4, 'iter_save': False}}, {'name': 'load', 'param': {'key': 'origin'}}, {'name': 'rotate', 'param': {'key': 'angle1'}}, {'name': 'rotate', 'param': {'key': 'angle2'}}], 'result_file_map': {}}
[2025-06-23T17:00:35.082+0900] {logging_mixin.py:190} INFO - step : cache
[2025-06-23T17:00:35.082+0900] {logging_mixin.py:190} INFO - step : calc_angle_set2
[2025-06-23T17:00:41.561+0900] {logging_mixin.py:190} INFO - osd 1 0 0 0 0 [0, 0, 0, 0, 0, 0, 0, 0, 0, 0, 0, 0, 0, 0, 0, 0, 0, 0, 0, 0, 0, 0, 0, 0, 0, 0, 0, 0, 0, 0, 0, 0, 0, 0, 0, 0, 0, 0, 0, 0, 0]
[2025-06-23T17:00:48.537+0900] {logging_mixin.py:190} INFO - osd 2 0 0 0 0 [0, 0, 0, 0, 0, 0, 0, 0, 0, 0, 0, 0, 0, 0, 0, 0, 0, 0, 0, 0, 0, 0, 0, 0, 0, 0, 0, 0, 0, 0, 0, 0, 0, 0, 0, 0, 0, 0, 0, 0, 0]
[2025-06-23T17:00:57.562+0900] {logging_mixin.py:190} INFO - osd 3 0 0 0 0 [0, 0, 0, 0, 0, 0, 0, 0, 0, 0, 0, 0, 0, 0, 0, 0, 0, 0, 0, 0, 0, 0, 0, 0, 0, 0, 0, 0, 0, 0, 0, 0, 0, 0, 0, 0, 0, 0, 0, 0, 0]
[2025-06-23T17:01:03.181+0900] {logging_mixin.py:190} INFO - osd 4 0 0 0 0 [0, 0, 0, 0, 0, 0, 0, 0, 0, 0, 0, 0, 0, 0, 0, 0, 0, 0, 0, 0, 0, 0, 0, 0, 0, 0, 0, 0, 0, 0, 0, 0, 0, 0, 0, 0, 0, 0, 0, 0, 0]
[2025-06-23T17:01:03.236+0900] {logging_mixin.py:190} INFO - step : text_orientation_set
[2025-06-23T17:01:09.756+0900] {logging_mixin.py:190} INFO - osd 1 break  0 0 1.83 Latin 5.33
[2025-06-23T17:01:09.761+0900] {logging_mixin.py:190} INFO - step : load
[2025-06-23T17:01:09.763+0900] {logging_mixin.py:190} INFO - step : rotate
[2025-06-23T17:01:09.796+0900] {logging_mixin.py:190} INFO - step : rotate
[2025-06-23T17:01:09.971+0900] {logging_mixin.py:190} INFO - file_copy: /opt/***/data/temp/c190f48b-059a-4a83-8ed4-dbfd2ebbbd85/54c33b5f-bdaf-414c-b8f5-4b5342940fc4/_result.png
[2025-06-23T17:01:10.002+0900] {python.py:240} INFO - Done. Returned value was: {'file_id': 'c190f48b-059a-4a83-8ed4-dbfd2ebbbd85', 'file_path': '/opt/***/data/class/a_class/classify/ready/false/copied_92_2041545703.png', 'false': {'process_id': '_54c33b5f-bdaf-414c-b8f5-4b5342940fc4_pre', 'folder_path': 'c190f48b-059a-4a83-8ed4-dbfd2ebbbd85/54c33b5f-bdaf-414c-b8f5-4b5342940fc4', 'step_list': [{'name': 'cache', 'param': {'key': 'origin'}}, {'name': 'calc_angle_set2', 'param': {'key': 'angle1', 'iterations': 4, 'iter_save': False}}, {'name': 'text_orientation_set', 'param': {'key': 'angle2', 'iterations': 4, 'iter_save': False}}, {'name': 'load', 'param': {'key': 'origin'}}, {'name': 'rotate', 'param': {'key': 'angle1'}}, {'name': 'rotate', 'param': {'key': 'angle2'}}], 'result_file_map': {'_result': '/opt/***/data/temp/c190f48b-059a-4a83-8ed4-dbfd2ebbbd85/54c33b5f-bdaf-414c-b8f5-4b5342940fc4/_result.png'}}}
[2025-06-23T17:01:10.212+0900] {taskinstance.py:341} INFO - ::group::Post task execution logs
[2025-06-23T17:01:10.223+0900] {taskinstance.py:353} INFO - Marking task as SUCCESS. dag_id=lilt_document_classifier_balanced_V0.1, task_id=img_preprocess_task__1, run_id=manual__2025-06-23T07:44:09.997775+00:00, map_index=61, execution_date=20250623T074409, start_date=20250623T080034, end_date=20250623T080110
[2025-06-23T17:01:10.459+0900] {local_task_job_runner.py:266} INFO - Task exited with return code 0
[2025-06-23T17:01:10.754+0900] {taskinstance.py:3901} INFO - 0 downstream tasks scheduled from follow-on schedule check
[2025-06-23T17:01:10.770+0900] {local_task_job_runner.py:245} INFO - ::endgroup::
