[2025-06-25T14:24:11.380+0900] {local_task_job_runner.py:123} INFO - ::group::Pre task execution logs
[2025-06-25T14:24:11.414+0900] {taskinstance.py:2614} INFO - Dependencies all met for dep_context=non-requeueable deps ti=<TaskInstance: image_classify_v1.img_preprocess_task manual__2025-06-25T05:23:48.044934+00:00 map_index=0 [queued]>
[2025-06-25T14:24:11.430+0900] {taskinstance.py:2614} INFO - Dependencies all met for dep_context=requeueable deps ti=<TaskInstance: image_classify_v1.img_preprocess_task manual__2025-06-25T05:23:48.044934+00:00 map_index=0 [queued]>
[2025-06-25T14:24:11.430+0900] {taskinstance.py:2867} INFO - Starting attempt 1 of 1
[2025-06-25T14:24:11.463+0900] {taskinstance.py:2890} INFO - Executing <Mapped(_PythonDecoratedOperator): img_preprocess_task> on 2025-06-25 05:23:48.044934+00:00
[2025-06-25T14:24:11.487+0900] {warnings.py:112} WARNING - /home/***/.local/lib/python3.12/site-packages/***/task/task_runner/standard_task_runner.py:70: DeprecationWarning: This process (pid=86832) is multi-threaded, use of fork() may lead to deadlocks in the child.
  pid = os.fork()

[2025-06-25T14:24:11.493+0900] {standard_task_runner.py:72} INFO - Started process 86848 to run task
[2025-06-25T14:24:11.492+0900] {standard_task_runner.py:104} INFO - Running: ['***', 'tasks', 'run', 'image_classify_v1', 'img_preprocess_task', 'manual__2025-06-25T05:23:48.044934+00:00', '--job-id', '5273', '--raw', '--subdir', 'DAGS_FOLDER/img_classify_dag.py', '--cfg-path', '/tmp/tmpdp5wka3f', '--map-index', '0']
[2025-06-25T14:24:11.501+0900] {standard_task_runner.py:105} INFO - Job 5273: Subtask img_preprocess_task
[2025-06-25T14:24:11.569+0900] {task_command.py:467} INFO - Running <TaskInstance: image_classify_v1.img_preprocess_task manual__2025-06-25T05:23:48.044934+00:00 map_index=0 [running]> on host f6d4228a9eb8
[2025-06-25T14:24:11.734+0900] {taskinstance.py:3134} INFO - Exporting env vars: AIRFLOW_CTX_DAG_OWNER='***' AIRFLOW_CTX_DAG_ID='image_classify_v1' AIRFLOW_CTX_TASK_ID='img_preprocess_task' AIRFLOW_CTX_EXECUTION_DATE='2025-06-25T05:23:48.044934+00:00' AIRFLOW_CTX_TRY_NUMBER='1' AIRFLOW_CTX_DAG_RUN_ID='manual__2025-06-25T05:23:48.044934+00:00'
[2025-06-25T14:24:11.737+0900] {taskinstance.py:732} INFO - ::endgroup::
[2025-06-25T14:24:11.750+0900] {logging_mixin.py:190} INFO - empty map check {} {}
[2025-06-25T14:24:11.753+0900] {logging_mixin.py:190} INFO - step : cache
[2025-06-25T14:24:11.756+0900] {logging_mixin.py:190} INFO - file_copy: /opt/***/data/temp/c6a4db17-1869-47ac-938b-d65b5d2ffac6/d0aaf27d-6f02-4a6c-9de2-c25abc815821/_result.png
[2025-06-25T14:24:11.778+0900] {python.py:240} INFO - Done. Returned value was: {'file_id': 'c6a4db17-1869-47ac-938b-d65b5d2ffac6', 'file_path': '/opt/***/data/upload/남양주시 정덕빌딩 - 정부24 - 건축물대장 등본(초본) 발급(열람) _ 문서출력_page_1_aug1.png', 'a_class_preprc': {'process_id': '_d0aaf27d-6f02-4a6c-9de2-c25abc815821_pre', 'folder_path': 'c6a4db17-1869-47ac-938b-d65b5d2ffac6/d0aaf27d-6f02-4a6c-9de2-c25abc815821', 'step_list': [{'name': 'cache', 'param': {'cache_key': 'origin'}}], 'result_file_map': {'_result': '/opt/***/data/temp/c6a4db17-1869-47ac-938b-d65b5d2ffac6/d0aaf27d-6f02-4a6c-9de2-c25abc815821/_result.png'}}}
[2025-06-25T14:24:12.170+0900] {taskinstance.py:341} INFO - ::group::Post task execution logs
[2025-06-25T14:24:12.171+0900] {taskinstance.py:353} INFO - Marking task as SUCCESS. dag_id=image_classify_v1, task_id=img_preprocess_task, run_id=manual__2025-06-25T05:23:48.044934+00:00, map_index=0, execution_date=20250625T052348, start_date=20250625T052411, end_date=20250625T052412
[2025-06-25T14:24:12.223+0900] {local_task_job_runner.py:266} INFO - Task exited with return code 0
[2025-06-25T14:24:12.287+0900] {taskinstance.py:3901} INFO - 1 downstream tasks scheduled from follow-on schedule check
[2025-06-25T14:24:12.291+0900] {local_task_job_runner.py:245} INFO - ::endgroup::
