[2025-06-25T09:12:32.494+0900] {local_task_job_runner.py:123} INFO - ::group::Pre task execution logs
[2025-06-25T09:12:32.559+0900] {taskinstance.py:2614} INFO - Dependencies all met for dep_context=non-requeueable deps ti=<TaskInstance: lilt_document_classifier_balanced_V0.1.img_preprocess_task manual__2025-06-25T00:04:18.909063+00:00 map_index=51 [queued]>
[2025-06-25T09:12:32.599+0900] {taskinstance.py:2614} INFO - Dependencies all met for dep_context=requeueable deps ti=<TaskInstance: lilt_document_classifier_balanced_V0.1.img_preprocess_task manual__2025-06-25T00:04:18.909063+00:00 map_index=51 [queued]>
[2025-06-25T09:12:32.600+0900] {taskinstance.py:2867} INFO - Starting attempt 1 of 1
[2025-06-25T09:12:32.644+0900] {taskinstance.py:2890} INFO - Executing <Mapped(_PythonDecoratedOperator): img_preprocess_task> on 2025-06-25 00:04:18.909063+00:00
[2025-06-25T09:12:32.684+0900] {warnings.py:112} WARNING - /home/***/.local/lib/python3.12/site-packages/***/task/task_runner/standard_task_runner.py:70: DeprecationWarning: This process (pid=74154) is multi-threaded, use of fork() may lead to deadlocks in the child.
  pid = os.fork()

[2025-06-25T09:12:32.690+0900] {standard_task_runner.py:72} INFO - Started process 74175 to run task
[2025-06-25T09:12:32.679+0900] {standard_task_runner.py:104} INFO - Running: ['***', 'tasks', 'run', 'lilt_document_classifier_balanced_V0.1', 'img_preprocess_task', 'manual__2025-06-25T00:04:18.909063+00:00', '--job-id', '4902', '--raw', '--subdir', 'DAGS_FOLDER/class_create_dag.py', '--cfg-path', '/tmp/tmptph_mebd', '--map-index', '51']
[2025-06-25T09:12:32.701+0900] {standard_task_runner.py:105} INFO - Job 4902: Subtask img_preprocess_task
[2025-06-25T09:12:32.805+0900] {task_command.py:467} INFO - Running <TaskInstance: lilt_document_classifier_balanced_V0.1.img_preprocess_task manual__2025-06-25T00:04:18.909063+00:00 map_index=51 [running]> on host f6d4228a9eb8
[2025-06-25T09:12:33.077+0900] {taskinstance.py:3134} INFO - Exporting env vars: AIRFLOW_CTX_DAG_OWNER='***' AIRFLOW_CTX_DAG_ID='lilt_document_classifier_balanced_V0.1' AIRFLOW_CTX_TASK_ID='img_preprocess_task' AIRFLOW_CTX_EXECUTION_DATE='2025-06-25T00:04:18.909063+00:00' AIRFLOW_CTX_TRY_NUMBER='1' AIRFLOW_CTX_DAG_RUN_ID='manual__2025-06-25T00:04:18.909063+00:00'
[2025-06-25T09:12:33.080+0900] {taskinstance.py:732} INFO - ::endgroup::
[2025-06-25T09:12:33.092+0900] {logging_mixin.py:190} INFO - empty map check {} {'process_id': '_8d026303-f18a-4c34-aa50-03adc776621a_pre', 'folder_path': '9a0eb643-4bb2-445a-99a8-207db0a6c7dd/8d026303-f18a-4c34-aa50-03adc776621a', 'step_list': [{'name': 'cache', 'param': {'cache_key': 'origin'}}, {'name': 'calc_angle_set2', 'param': {'angle_key': 'angle1', 'iterations': 4, 'iter_save': False}}, {'name': 'text_orientation_set', 'param': {'angle_key': 'angle2', 'iterations': 4, 'iter_save': False}}, {'name': 'load', 'param': {'cache_key': 'origin'}}, {'name': 'rotate', 'param': {'angle_key': 'angle1'}}, {'name': 'rotate', 'param': {'angle_key': 'angle2'}}], 'result_file_map': {}}
[2025-06-25T09:12:33.098+0900] {logging_mixin.py:190} INFO - step : cache
[2025-06-25T09:12:33.099+0900] {logging_mixin.py:190} INFO - step : calc_angle_set2
[2025-06-25T09:12:55.358+0900] {logging_mixin.py:190} INFO - osd 1 2.25 2.25 29 137963 [0, 0, 0, 0, 0, 0, 0, 0, 0, 0, 0, 0, 0, 0, 4, 7, 36, 33, 42, 60, 84, 72, 84, 105, 1400, 8544, 25291, 45635, 66527, 137963, 76384, 50163, 28735, 9160, 582, 74, 71, 63, 49, 45, 34]
[2025-06-25T09:13:21.843+0900] {logging_mixin.py:190} INFO - osd 2 2.25 0.0 20 145392 [0, 0, 0, 0, 0, 0, 0, 0, 0, 0, 0, 0, 0, 0, 15, 1264, 10377, 30006, 51720, 74906, 145392, 86501, 56320, 33399, 11900, 1239, 0, 0, 0, 0, 0, 0, 0, 0, 0, 0, 0, 0, 0, 0, 0]
[2025-06-25T09:13:47.609+0900] {logging_mixin.py:190} INFO - osd 3 2.25 0.0 20 145392 [0, 0, 0, 0, 0, 0, 0, 0, 0, 0, 0, 0, 0, 0, 15, 1264, 10377, 30006, 51720, 74906, 145392, 86501, 56320, 33399, 11900, 1239, 0, 0, 0, 0, 0, 0, 0, 0, 0, 0, 0, 0, 0, 0, 0]
[2025-06-25T09:14:14.232+0900] {logging_mixin.py:190} INFO - osd 4 2.25 0.0 20 145392 [0, 0, 0, 0, 0, 0, 0, 0, 0, 0, 0, 0, 0, 0, 15, 1264, 10377, 30006, 51720, 74906, 145392, 86501, 56320, 33399, 11900, 1239, 0, 0, 0, 0, 0, 0, 0, 0, 0, 0, 0, 0, 0, 0, 0]
[2025-06-25T09:14:14.312+0900] {logging_mixin.py:190} INFO - step : text_orientation_set
[2025-06-25T09:14:27.126+0900] {logging_mixin.py:190} INFO - osd 1 break  0 0 9.56 Korean 0.66
[2025-06-25T09:14:27.127+0900] {logging_mixin.py:190} INFO - step : load
[2025-06-25T09:14:27.128+0900] {logging_mixin.py:190} INFO - step : rotate
[2025-06-25T09:14:27.767+0900] {logging_mixin.py:190} INFO - step : rotate
[2025-06-25T09:14:28.320+0900] {logging_mixin.py:190} INFO - file_copy: /opt/***/data/temp/9a0eb643-4bb2-445a-99a8-207db0a6c7dd/8d026303-f18a-4c34-aa50-03adc776621a/_result.png
[2025-06-25T09:14:28.350+0900] {python.py:240} INFO - Done. Returned value was: {'file_id': '9a0eb643-4bb2-445a-99a8-207db0a6c7dd', 'file_path': '/opt/***/data/class/a_class/classify/ready/true/송정동 연세빌딩 - 정부24 - 건축물대장 등본(초본) 발급(열람) _ 문서출력_page_1_aug1.png', 'true': {'process_id': '_8d026303-f18a-4c34-aa50-03adc776621a_pre', 'folder_path': '9a0eb643-4bb2-445a-99a8-207db0a6c7dd/8d026303-f18a-4c34-aa50-03adc776621a', 'step_list': [{'name': 'cache', 'param': {'cache_key': 'origin'}}, {'name': 'calc_angle_set2', 'param': {'angle_key': 'angle1', 'iterations': 4, 'iter_save': False}}, {'name': 'text_orientation_set', 'param': {'angle_key': 'angle2', 'iterations': 4, 'iter_save': False}}, {'name': 'load', 'param': {'cache_key': 'origin'}}, {'name': 'rotate', 'param': {'angle_key': 'angle1'}}, {'name': 'rotate', 'param': {'angle_key': 'angle2'}}], 'result_file_map': {'_result': '/opt/***/data/temp/9a0eb643-4bb2-445a-99a8-207db0a6c7dd/8d026303-f18a-4c34-aa50-03adc776621a/_result.png'}}}
[2025-06-25T09:14:28.398+0900] {taskinstance.py:341} INFO - ::group::Post task execution logs
[2025-06-25T09:14:28.399+0900] {taskinstance.py:353} INFO - Marking task as SUCCESS. dag_id=lilt_document_classifier_balanced_V0.1, task_id=img_preprocess_task, run_id=manual__2025-06-25T00:04:18.909063+00:00, map_index=51, execution_date=20250625T000418, start_date=20250625T001232, end_date=20250625T001428
[2025-06-25T09:14:28.543+0900] {local_task_job_runner.py:266} INFO - Task exited with return code 0
[2025-06-25T09:14:28.602+0900] {taskinstance.py:3901} INFO - 0 downstream tasks scheduled from follow-on schedule check
[2025-06-25T09:14:28.608+0900] {local_task_job_runner.py:245} INFO - ::endgroup::
