[2025-06-24T16:42:32.401+0900] {local_task_job_runner.py:123} INFO - ::group::Pre task execution logs
[2025-06-24T16:42:32.466+0900] {taskinstance.py:2614} INFO - Dependencies all met for dep_context=non-requeueable deps ti=<TaskInstance: lilt_document_classifier_balanced_V0.1.img_preprocess_task__1 manual__2025-06-24T07:39:02.784990+00:00 map_index=21 [queued]>
[2025-06-24T16:42:32.548+0900] {taskinstance.py:2614} INFO - Dependencies all met for dep_context=requeueable deps ti=<TaskInstance: lilt_document_classifier_balanced_V0.1.img_preprocess_task__1 manual__2025-06-24T07:39:02.784990+00:00 map_index=21 [queued]>
[2025-06-24T16:42:32.552+0900] {taskinstance.py:2867} INFO - Starting attempt 1 of 1
[2025-06-24T16:42:32.646+0900] {taskinstance.py:2890} INFO - Executing <Mapped(_PythonDecoratedOperator): img_preprocess_task__1> on 2025-06-24 07:39:02.784990+00:00
[2025-06-24T16:42:32.711+0900] {warnings.py:112} WARNING - /home/***/.local/lib/python3.12/site-packages/***/task/task_runner/standard_task_runner.py:70: DeprecationWarning: This process (pid=54491) is multi-threaded, use of fork() may lead to deadlocks in the child.
  pid = os.fork()

[2025-06-24T16:42:32.727+0900] {standard_task_runner.py:72} INFO - Started process 54526 to run task
[2025-06-24T16:42:32.722+0900] {standard_task_runner.py:104} INFO - Running: ['***', 'tasks', 'run', 'lilt_document_classifier_balanced_V0.1', 'img_preprocess_task__1', 'manual__2025-06-24T07:39:02.784990+00:00', '--job-id', '4458', '--raw', '--subdir', 'DAGS_FOLDER/class_create_dag.py', '--cfg-path', '/tmp/tmp53a2bwjg', '--map-index', '21']
[2025-06-24T16:42:32.729+0900] {standard_task_runner.py:105} INFO - Job 4458: Subtask img_preprocess_task__1
[2025-06-24T16:42:32.825+0900] {task_command.py:467} INFO - Running <TaskInstance: lilt_document_classifier_balanced_V0.1.img_preprocess_task__1 manual__2025-06-24T07:39:02.784990+00:00 map_index=21 [running]> on host f6d4228a9eb8
[2025-06-24T16:42:33.165+0900] {taskinstance.py:3134} INFO - Exporting env vars: AIRFLOW_CTX_DAG_OWNER='***' AIRFLOW_CTX_DAG_ID='lilt_document_classifier_balanced_V0.1' AIRFLOW_CTX_TASK_ID='img_preprocess_task__1' AIRFLOW_CTX_EXECUTION_DATE='2025-06-24T07:39:02.784990+00:00' AIRFLOW_CTX_TRY_NUMBER='1' AIRFLOW_CTX_DAG_RUN_ID='manual__2025-06-24T07:39:02.784990+00:00'
[2025-06-24T16:42:33.168+0900] {taskinstance.py:732} INFO - ::endgroup::
[2025-06-24T16:42:33.178+0900] {logging_mixin.py:190} INFO - empty map check {} {'process_id': '_2f654d55-0655-4d5d-8b73-02a5282cc94d_pre', 'folder_path': '53e8b500-a82d-402e-9151-cfe2b8feba89/2f654d55-0655-4d5d-8b73-02a5282cc94d', 'step_list': [{'name': 'cache', 'param': {'key': 'origin'}}, {'name': 'calc_angle_set2', 'param': {'key': 'angle1', 'iterations': 4, 'iter_save': False}}, {'name': 'text_orientation_set', 'param': {'key': 'angle2', 'iterations': 4, 'iter_save': False}}, {'name': 'load', 'param': {'key': 'origin'}}, {'name': 'rotate', 'param': {'key': 'angle1'}}, {'name': 'rotate', 'param': {'key': 'angle2'}}], 'result_file_map': {}}
[2025-06-24T16:42:33.188+0900] {logging_mixin.py:190} INFO - step : cache
[2025-06-24T16:42:33.189+0900] {logging_mixin.py:190} INFO - step : calc_angle_set2
[2025-06-24T16:42:38.106+0900] {logging_mixin.py:190} INFO - osd 1 0.0 0.0 20 76 [0, 0, 0, 0, 0, 0, 0, 0, 0, 0, 0, 0, 0, 0, 14, 28, 38, 7, 38, 65, 76, 54, 38, 15, 3, 0, 8, 14, 0, 7, 0, 0, 0, 0, 0, 0, 0, 0, 0, 0, 0]
[2025-06-24T16:42:44.449+0900] {logging_mixin.py:190} INFO - osd 2 0.0 0.0 20 76 [0, 0, 0, 0, 0, 0, 0, 0, 0, 0, 0, 0, 0, 0, 14, 28, 38, 7, 38, 65, 76, 54, 38, 15, 3, 0, 8, 14, 0, 7, 0, 0, 0, 0, 0, 0, 0, 0, 0, 0, 0]
[2025-06-24T16:42:48.711+0900] {logging_mixin.py:190} INFO - osd 3 0.0 0.0 20 76 [0, 0, 0, 0, 0, 0, 0, 0, 0, 0, 0, 0, 0, 0, 14, 28, 38, 7, 38, 65, 76, 54, 38, 15, 3, 0, 8, 14, 0, 7, 0, 0, 0, 0, 0, 0, 0, 0, 0, 0, 0]
[2025-06-24T16:42:51.774+0900] {logging_mixin.py:190} INFO - osd 4 0.0 0.0 20 76 [0, 0, 0, 0, 0, 0, 0, 0, 0, 0, 0, 0, 0, 0, 14, 28, 38, 7, 38, 65, 76, 54, 38, 15, 3, 0, 8, 14, 0, 7, 0, 0, 0, 0, 0, 0, 0, 0, 0, 0, 0]
[2025-06-24T16:42:51.807+0900] {logging_mixin.py:190} INFO - step : text_orientation_set
[2025-06-24T16:42:57.685+0900] {logging_mixin.py:190} INFO - osd 1 break  0 0 16.97 Latin 2.87
[2025-06-24T16:42:57.692+0900] {logging_mixin.py:190} INFO - step : load
[2025-06-24T16:42:57.699+0900] {logging_mixin.py:190} INFO - step : rotate
[2025-06-24T16:42:57.730+0900] {logging_mixin.py:190} INFO - step : rotate
[2025-06-24T16:42:57.834+0900] {logging_mixin.py:190} INFO - file_copy: /opt/***/data/temp/53e8b500-a82d-402e-9151-cfe2b8feba89/2f654d55-0655-4d5d-8b73-02a5282cc94d/_result.png
[2025-06-24T16:42:57.845+0900] {python.py:240} INFO - Done. Returned value was: {'file_id': '53e8b500-a82d-402e-9151-cfe2b8feba89', 'file_path': '/opt/***/data/class/a_class/classify/ready/false/copied_91_2025557549.png', 'false': {'process_id': '_2f654d55-0655-4d5d-8b73-02a5282cc94d_pre', 'folder_path': '53e8b500-a82d-402e-9151-cfe2b8feba89/2f654d55-0655-4d5d-8b73-02a5282cc94d', 'step_list': [{'name': 'cache', 'param': {'key': 'origin'}}, {'name': 'calc_angle_set2', 'param': {'key': 'angle1', 'iterations': 4, 'iter_save': False}}, {'name': 'text_orientation_set', 'param': {'key': 'angle2', 'iterations': 4, 'iter_save': False}}, {'name': 'load', 'param': {'key': 'origin'}}, {'name': 'rotate', 'param': {'key': 'angle1'}}, {'name': 'rotate', 'param': {'key': 'angle2'}}], 'result_file_map': {'_result': '/opt/***/data/temp/53e8b500-a82d-402e-9151-cfe2b8feba89/2f654d55-0655-4d5d-8b73-02a5282cc94d/_result.png'}}}
[2025-06-24T16:42:57.941+0900] {taskinstance.py:341} INFO - ::group::Post task execution logs
[2025-06-24T16:42:57.942+0900] {taskinstance.py:353} INFO - Marking task as SUCCESS. dag_id=lilt_document_classifier_balanced_V0.1, task_id=img_preprocess_task__1, run_id=manual__2025-06-24T07:39:02.784990+00:00, map_index=21, execution_date=20250624T073902, start_date=20250624T074232, end_date=20250624T074257
[2025-06-24T16:42:58.108+0900] {local_task_job_runner.py:266} INFO - Task exited with return code 0
[2025-06-24T16:42:58.121+0900] {local_task_job_runner.py:245} INFO - ::endgroup::
