[2025-06-17T11:24:20.871+0900] {local_task_job_runner.py:123} INFO - ::group::Pre task execution logs
[2025-06-17T11:24:20.897+0900] {taskinstance.py:2614} INFO - Dependencies all met for dep_context=non-requeueable deps ti=<TaskInstance: image_ocr_v2.img_preprocess_task manual__2025-06-17T02:24:13.342587+00:00 map_index=0 [queued]>
[2025-06-17T11:24:20.912+0900] {taskinstance.py:2614} INFO - Dependencies all met for dep_context=requeueable deps ti=<TaskInstance: image_ocr_v2.img_preprocess_task manual__2025-06-17T02:24:13.342587+00:00 map_index=0 [queued]>
[2025-06-17T11:24:20.913+0900] {taskinstance.py:2867} INFO - Starting attempt 1 of 1
[2025-06-17T11:24:20.932+0900] {taskinstance.py:2890} INFO - Executing <Mapped(_PythonDecoratedOperator): img_preprocess_task> on 2025-06-17 02:24:13.342587+00:00
[2025-06-17T11:24:20.940+0900] {warnings.py:112} WARNING - /home/***/.local/lib/python3.12/site-packages/***/task/task_runner/standard_task_runner.py:70: DeprecationWarning: This process (pid=2201) is multi-threaded, use of fork() may lead to deadlocks in the child.
  pid = os.fork()

[2025-06-17T11:24:20.943+0900] {standard_task_runner.py:72} INFO - Started process 2246 to run task
[2025-06-17T11:24:20.943+0900] {standard_task_runner.py:104} INFO - Running: ['***', 'tasks', 'run', 'image_ocr_v2', 'img_preprocess_task', 'manual__2025-06-17T02:24:13.342587+00:00', '--job-id', '829', '--raw', '--subdir', 'DAGS_FOLDER/test_dag.py', '--cfg-path', '/tmp/tmpspb_hiwg', '--map-index', '0']
[2025-06-17T11:24:20.948+0900] {standard_task_runner.py:105} INFO - Job 829: Subtask img_preprocess_task
[2025-06-17T11:24:21.003+0900] {task_command.py:467} INFO - Running <TaskInstance: image_ocr_v2.img_preprocess_task manual__2025-06-17T02:24:13.342587+00:00 map_index=0 [running]> on host f6d4228a9eb8
[2025-06-17T11:24:21.109+0900] {taskinstance.py:3134} INFO - Exporting env vars: AIRFLOW_CTX_DAG_OWNER='***' AIRFLOW_CTX_DAG_ID='image_ocr_v2' AIRFLOW_CTX_TASK_ID='img_preprocess_task' AIRFLOW_CTX_EXECUTION_DATE='2025-06-17T02:24:13.342587+00:00' AIRFLOW_CTX_TRY_NUMBER='1' AIRFLOW_CTX_DAG_RUN_ID='manual__2025-06-17T02:24:13.342587+00:00'
[2025-06-17T11:24:21.112+0900] {taskinstance.py:732} INFO - ::endgroup::
[2025-06-17T11:24:21.116+0900] {logging_mixin.py:190} INFO - empty map check {} {'process_id': '_0340ae63-57eb-4686-b782-64dfc9f7d2b9_pre', 'folder_path': '91c15d4f-ea59-4d7e-9764-33e94324905e/0340ae63-57eb-4686-b782-64dfc9f7d2b9', 'step_list': [{'name': 'cache', 'param': {'key': 'origin'}}, {'name': 'calc_angle_set5', 'param': {'key': 'angle1', 'iterations': 4, 'iter_save': True}}, {'name': 'calc_angle_set2', 'param': {'key': 'angle2', 'iterations': 4, 'iter_save': True}}, {'name': 'threshold', 'param': {}}, {'name': 'save', 'param': {'key': 'classify_preprocess'}}], 'result_file_list': []}
[2025-06-17T11:24:21.116+0900] {logging_mixin.py:190} INFO - step : cache
[2025-06-17T11:24:21.117+0900] {logging_mixin.py:190} INFO - step : calc_angle_set5
[2025-06-17T11:24:21.311+0900] {logging_mixin.py:190} INFO - file_copy: /opt/***/data/temp/91c15d4f-ea59-4d7e-9764-33e94324905e/0340ae63-57eb-4686-b782-64dfc9f7d2b9/rotate5_1_-5.0.png
[2025-06-17T11:24:21.512+0900] {logging_mixin.py:190} INFO - file_copy: /opt/***/data/temp/91c15d4f-ea59-4d7e-9764-33e94324905e/0340ae63-57eb-4686-b782-64dfc9f7d2b9/rotate5_1_-4.8.png
[2025-06-17T11:24:21.692+0900] {logging_mixin.py:190} INFO - file_copy: /opt/***/data/temp/91c15d4f-ea59-4d7e-9764-33e94324905e/0340ae63-57eb-4686-b782-64dfc9f7d2b9/rotate5_1_-4.6.png
[2025-06-17T11:24:21.870+0900] {logging_mixin.py:190} INFO - file_copy: /opt/***/data/temp/91c15d4f-ea59-4d7e-9764-33e94324905e/0340ae63-57eb-4686-b782-64dfc9f7d2b9/rotate5_1_-4.3999999999999995.png
[2025-06-17T11:24:22.050+0900] {logging_mixin.py:190} INFO - file_copy: /opt/***/data/temp/91c15d4f-ea59-4d7e-9764-33e94324905e/0340ae63-57eb-4686-b782-64dfc9f7d2b9/rotate5_1_-4.199999999999999.png
[2025-06-17T11:24:22.244+0900] {logging_mixin.py:190} INFO - file_copy: /opt/***/data/temp/91c15d4f-ea59-4d7e-9764-33e94324905e/0340ae63-57eb-4686-b782-64dfc9f7d2b9/rotate5_1_-3.999999999999999.png
[2025-06-17T11:24:22.435+0900] {logging_mixin.py:190} INFO - file_copy: /opt/***/data/temp/91c15d4f-ea59-4d7e-9764-33e94324905e/0340ae63-57eb-4686-b782-64dfc9f7d2b9/rotate5_1_-3.799999999999999.png
[2025-06-17T11:24:22.624+0900] {logging_mixin.py:190} INFO - file_copy: /opt/***/data/temp/91c15d4f-ea59-4d7e-9764-33e94324905e/0340ae63-57eb-4686-b782-64dfc9f7d2b9/rotate5_1_-3.5999999999999988.png
[2025-06-17T11:24:22.840+0900] {logging_mixin.py:190} INFO - file_copy: /opt/***/data/temp/91c15d4f-ea59-4d7e-9764-33e94324905e/0340ae63-57eb-4686-b782-64dfc9f7d2b9/rotate5_1_-3.3999999999999986.png
[2025-06-17T11:24:23.030+0900] {logging_mixin.py:190} INFO - file_copy: /opt/***/data/temp/91c15d4f-ea59-4d7e-9764-33e94324905e/0340ae63-57eb-4686-b782-64dfc9f7d2b9/rotate5_1_-3.1999999999999984.png
[2025-06-17T11:24:23.203+0900] {logging_mixin.py:190} INFO - file_copy: /opt/***/data/temp/91c15d4f-ea59-4d7e-9764-33e94324905e/0340ae63-57eb-4686-b782-64dfc9f7d2b9/rotate5_1_-2.9999999999999982.png
[2025-06-17T11:24:23.387+0900] {logging_mixin.py:190} INFO - file_copy: /opt/***/data/temp/91c15d4f-ea59-4d7e-9764-33e94324905e/0340ae63-57eb-4686-b782-64dfc9f7d2b9/rotate5_1_-2.799999999999998.png
[2025-06-17T11:24:23.579+0900] {logging_mixin.py:190} INFO - file_copy: /opt/***/data/temp/91c15d4f-ea59-4d7e-9764-33e94324905e/0340ae63-57eb-4686-b782-64dfc9f7d2b9/rotate5_1_-2.599999999999998.png
[2025-06-17T11:24:23.778+0900] {logging_mixin.py:190} INFO - file_copy: /opt/***/data/temp/91c15d4f-ea59-4d7e-9764-33e94324905e/0340ae63-57eb-4686-b782-64dfc9f7d2b9/rotate5_1_-2.3999999999999977.png
[2025-06-17T11:24:23.962+0900] {logging_mixin.py:190} INFO - file_copy: /opt/***/data/temp/91c15d4f-ea59-4d7e-9764-33e94324905e/0340ae63-57eb-4686-b782-64dfc9f7d2b9/rotate5_1_-2.1999999999999975.png
[2025-06-17T11:24:24.163+0900] {logging_mixin.py:190} INFO - file_copy: /opt/***/data/temp/91c15d4f-ea59-4d7e-9764-33e94324905e/0340ae63-57eb-4686-b782-64dfc9f7d2b9/rotate5_1_-1.9999999999999973.png
[2025-06-17T11:24:24.341+0900] {logging_mixin.py:190} INFO - file_copy: /opt/***/data/temp/91c15d4f-ea59-4d7e-9764-33e94324905e/0340ae63-57eb-4686-b782-64dfc9f7d2b9/rotate5_1_-1.7999999999999972.png
[2025-06-17T11:24:24.531+0900] {logging_mixin.py:190} INFO - file_copy: /opt/***/data/temp/91c15d4f-ea59-4d7e-9764-33e94324905e/0340ae63-57eb-4686-b782-64dfc9f7d2b9/rotate5_1_-1.599999999999997.png
[2025-06-17T11:24:24.727+0900] {logging_mixin.py:190} INFO - file_copy: /opt/***/data/temp/91c15d4f-ea59-4d7e-9764-33e94324905e/0340ae63-57eb-4686-b782-64dfc9f7d2b9/rotate5_1_-1.3999999999999968.png
[2025-06-17T11:24:24.921+0900] {logging_mixin.py:190} INFO - file_copy: /opt/***/data/temp/91c15d4f-ea59-4d7e-9764-33e94324905e/0340ae63-57eb-4686-b782-64dfc9f7d2b9/rotate5_1_-1.1999999999999966.png
[2025-06-17T11:24:25.092+0900] {logging_mixin.py:190} INFO - file_copy: /opt/***/data/temp/91c15d4f-ea59-4d7e-9764-33e94324905e/0340ae63-57eb-4686-b782-64dfc9f7d2b9/rotate5_1_-0.9999999999999964.png
[2025-06-17T11:24:25.273+0900] {logging_mixin.py:190} INFO - file_copy: /opt/***/data/temp/91c15d4f-ea59-4d7e-9764-33e94324905e/0340ae63-57eb-4686-b782-64dfc9f7d2b9/rotate5_1_-0.7999999999999963.png
[2025-06-17T11:24:25.463+0900] {logging_mixin.py:190} INFO - file_copy: /opt/***/data/temp/91c15d4f-ea59-4d7e-9764-33e94324905e/0340ae63-57eb-4686-b782-64dfc9f7d2b9/rotate5_1_-0.5999999999999961.png
[2025-06-17T11:24:25.652+0900] {logging_mixin.py:190} INFO - file_copy: /opt/***/data/temp/91c15d4f-ea59-4d7e-9764-33e94324905e/0340ae63-57eb-4686-b782-64dfc9f7d2b9/rotate5_1_-0.3999999999999959.png
[2025-06-17T11:24:25.847+0900] {logging_mixin.py:190} INFO - file_copy: /opt/***/data/temp/91c15d4f-ea59-4d7e-9764-33e94324905e/0340ae63-57eb-4686-b782-64dfc9f7d2b9/rotate5_1_-0.19999999999999574.png
[2025-06-17T11:24:26.048+0900] {logging_mixin.py:190} INFO - file_copy: /opt/***/data/temp/91c15d4f-ea59-4d7e-9764-33e94324905e/0340ae63-57eb-4686-b782-64dfc9f7d2b9/rotate5_1_4.440892098500626e-15.png
[2025-06-17T11:24:26.251+0900] {logging_mixin.py:190} INFO - file_copy: /opt/***/data/temp/91c15d4f-ea59-4d7e-9764-33e94324905e/0340ae63-57eb-4686-b782-64dfc9f7d2b9/rotate5_1_0.20000000000000462.png
[2025-06-17T11:24:26.439+0900] {logging_mixin.py:190} INFO - file_copy: /opt/***/data/temp/91c15d4f-ea59-4d7e-9764-33e94324905e/0340ae63-57eb-4686-b782-64dfc9f7d2b9/rotate5_1_0.4000000000000048.png
[2025-06-17T11:24:26.626+0900] {logging_mixin.py:190} INFO - file_copy: /opt/***/data/temp/91c15d4f-ea59-4d7e-9764-33e94324905e/0340ae63-57eb-4686-b782-64dfc9f7d2b9/rotate5_1_0.600000000000005.png
[2025-06-17T11:24:26.817+0900] {logging_mixin.py:190} INFO - file_copy: /opt/***/data/temp/91c15d4f-ea59-4d7e-9764-33e94324905e/0340ae63-57eb-4686-b782-64dfc9f7d2b9/rotate5_1_0.8000000000000052.png
[2025-06-17T11:24:27.006+0900] {logging_mixin.py:190} INFO - file_copy: /opt/***/data/temp/91c15d4f-ea59-4d7e-9764-33e94324905e/0340ae63-57eb-4686-b782-64dfc9f7d2b9/rotate5_1_1.0000000000000053.png
[2025-06-17T11:24:27.200+0900] {logging_mixin.py:190} INFO - file_copy: /opt/***/data/temp/91c15d4f-ea59-4d7e-9764-33e94324905e/0340ae63-57eb-4686-b782-64dfc9f7d2b9/rotate5_1_1.2000000000000055.png
[2025-06-17T11:24:27.388+0900] {logging_mixin.py:190} INFO - file_copy: /opt/***/data/temp/91c15d4f-ea59-4d7e-9764-33e94324905e/0340ae63-57eb-4686-b782-64dfc9f7d2b9/rotate5_1_1.4000000000000057.png
[2025-06-17T11:24:27.584+0900] {logging_mixin.py:190} INFO - file_copy: /opt/***/data/temp/91c15d4f-ea59-4d7e-9764-33e94324905e/0340ae63-57eb-4686-b782-64dfc9f7d2b9/rotate5_1_1.6000000000000059.png
[2025-06-17T11:24:27.772+0900] {logging_mixin.py:190} INFO - file_copy: /opt/***/data/temp/91c15d4f-ea59-4d7e-9764-33e94324905e/0340ae63-57eb-4686-b782-64dfc9f7d2b9/rotate5_1_1.800000000000006.png
[2025-06-17T11:24:27.964+0900] {logging_mixin.py:190} INFO - file_copy: /opt/***/data/temp/91c15d4f-ea59-4d7e-9764-33e94324905e/0340ae63-57eb-4686-b782-64dfc9f7d2b9/rotate5_1_2.000000000000006.png
[2025-06-17T11:24:28.152+0900] {logging_mixin.py:190} INFO - file_copy: /opt/***/data/temp/91c15d4f-ea59-4d7e-9764-33e94324905e/0340ae63-57eb-4686-b782-64dfc9f7d2b9/rotate5_1_2.2000000000000064.png
[2025-06-17T11:24:28.337+0900] {logging_mixin.py:190} INFO - file_copy: /opt/***/data/temp/91c15d4f-ea59-4d7e-9764-33e94324905e/0340ae63-57eb-4686-b782-64dfc9f7d2b9/rotate5_1_2.4000000000000066.png
[2025-06-17T11:24:28.524+0900] {logging_mixin.py:190} INFO - file_copy: /opt/***/data/temp/91c15d4f-ea59-4d7e-9764-33e94324905e/0340ae63-57eb-4686-b782-64dfc9f7d2b9/rotate5_1_2.6000000000000068.png
[2025-06-17T11:24:28.710+0900] {logging_mixin.py:190} INFO - file_copy: /opt/***/data/temp/91c15d4f-ea59-4d7e-9764-33e94324905e/0340ae63-57eb-4686-b782-64dfc9f7d2b9/rotate5_1_2.800000000000007.png
[2025-06-17T11:24:28.936+0900] {logging_mixin.py:190} INFO - file_copy: /opt/***/data/temp/91c15d4f-ea59-4d7e-9764-33e94324905e/0340ae63-57eb-4686-b782-64dfc9f7d2b9/rotate5_1_3.000000000000007.png
[2025-06-17T11:24:29.105+0900] {logging_mixin.py:190} INFO - file_copy: /opt/***/data/temp/91c15d4f-ea59-4d7e-9764-33e94324905e/0340ae63-57eb-4686-b782-64dfc9f7d2b9/rotate5_1_3.2000000000000064.png
[2025-06-17T11:24:29.285+0900] {logging_mixin.py:190} INFO - file_copy: /opt/***/data/temp/91c15d4f-ea59-4d7e-9764-33e94324905e/0340ae63-57eb-4686-b782-64dfc9f7d2b9/rotate5_1_3.4000000000000075.png
[2025-06-17T11:24:29.450+0900] {logging_mixin.py:190} INFO - file_copy: /opt/***/data/temp/91c15d4f-ea59-4d7e-9764-33e94324905e/0340ae63-57eb-4686-b782-64dfc9f7d2b9/rotate5_1_3.6000000000000085.png
[2025-06-17T11:24:29.631+0900] {logging_mixin.py:190} INFO - file_copy: /opt/***/data/temp/91c15d4f-ea59-4d7e-9764-33e94324905e/0340ae63-57eb-4686-b782-64dfc9f7d2b9/rotate5_1_3.800000000000008.png
[2025-06-17T11:24:29.820+0900] {logging_mixin.py:190} INFO - file_copy: /opt/***/data/temp/91c15d4f-ea59-4d7e-9764-33e94324905e/0340ae63-57eb-4686-b782-64dfc9f7d2b9/rotate5_1_4.000000000000007.png
[2025-06-17T11:24:29.993+0900] {logging_mixin.py:190} INFO - file_copy: /opt/***/data/temp/91c15d4f-ea59-4d7e-9764-33e94324905e/0340ae63-57eb-4686-b782-64dfc9f7d2b9/rotate5_1_4.200000000000008.png
[2025-06-17T11:24:30.178+0900] {logging_mixin.py:190} INFO - file_copy: /opt/***/data/temp/91c15d4f-ea59-4d7e-9764-33e94324905e/0340ae63-57eb-4686-b782-64dfc9f7d2b9/rotate5_1_4.400000000000009.png
[2025-06-17T11:24:30.348+0900] {logging_mixin.py:190} INFO - file_copy: /opt/***/data/temp/91c15d4f-ea59-4d7e-9764-33e94324905e/0340ae63-57eb-4686-b782-64dfc9f7d2b9/rotate5_1_4.6000000000000085.png
[2025-06-17T11:24:30.544+0900] {logging_mixin.py:190} INFO - file_copy: /opt/***/data/temp/91c15d4f-ea59-4d7e-9764-33e94324905e/0340ae63-57eb-4686-b782-64dfc9f7d2b9/rotate5_1_4.800000000000008.png
[2025-06-17T11:24:30.739+0900] {logging_mixin.py:190} INFO - file_copy: /opt/***/data/temp/91c15d4f-ea59-4d7e-9764-33e94324905e/0340ae63-57eb-4686-b782-64dfc9f7d2b9/rotate5_1_5.000000000000009.png
[2025-06-17T11:24:30.776+0900] {logging_mixin.py:190} INFO - osd 1 4.440892098500626e-15 4.440892098500626e-15 [0, 0, 0, 0, 0, 0, 0, 0, 0, 0, 0, 0, 0, 0, 0, 0, 0, 0, 0, 0, 0, 0, 0, 0, 0, 568, 0, 0, 0, 0, 0, 0, 0, 0, 0, 0, 0, 0, 0, 0, 0, 0, 0, 0, 0, 0, 0, 0, 0, 0, 0]
[2025-06-17T11:24:31.042+0900] {logging_mixin.py:190} INFO - file_copy: /opt/***/data/temp/91c15d4f-ea59-4d7e-9764-33e94324905e/0340ae63-57eb-4686-b782-64dfc9f7d2b9/rotate5_2_-5.0.png
[2025-06-17T11:24:31.223+0900] {logging_mixin.py:190} INFO - file_copy: /opt/***/data/temp/91c15d4f-ea59-4d7e-9764-33e94324905e/0340ae63-57eb-4686-b782-64dfc9f7d2b9/rotate5_2_-4.8.png
[2025-06-17T11:24:31.418+0900] {logging_mixin.py:190} INFO - file_copy: /opt/***/data/temp/91c15d4f-ea59-4d7e-9764-33e94324905e/0340ae63-57eb-4686-b782-64dfc9f7d2b9/rotate5_2_-4.6.png
[2025-06-17T11:24:31.612+0900] {logging_mixin.py:190} INFO - file_copy: /opt/***/data/temp/91c15d4f-ea59-4d7e-9764-33e94324905e/0340ae63-57eb-4686-b782-64dfc9f7d2b9/rotate5_2_-4.3999999999999995.png
[2025-06-17T11:24:31.799+0900] {logging_mixin.py:190} INFO - file_copy: /opt/***/data/temp/91c15d4f-ea59-4d7e-9764-33e94324905e/0340ae63-57eb-4686-b782-64dfc9f7d2b9/rotate5_2_-4.199999999999999.png
[2025-06-17T11:24:31.978+0900] {logging_mixin.py:190} INFO - file_copy: /opt/***/data/temp/91c15d4f-ea59-4d7e-9764-33e94324905e/0340ae63-57eb-4686-b782-64dfc9f7d2b9/rotate5_2_-3.999999999999999.png
[2025-06-17T11:24:32.164+0900] {logging_mixin.py:190} INFO - file_copy: /opt/***/data/temp/91c15d4f-ea59-4d7e-9764-33e94324905e/0340ae63-57eb-4686-b782-64dfc9f7d2b9/rotate5_2_-3.799999999999999.png
[2025-06-17T11:24:32.352+0900] {logging_mixin.py:190} INFO - file_copy: /opt/***/data/temp/91c15d4f-ea59-4d7e-9764-33e94324905e/0340ae63-57eb-4686-b782-64dfc9f7d2b9/rotate5_2_-3.5999999999999988.png
[2025-06-17T11:24:32.541+0900] {logging_mixin.py:190} INFO - file_copy: /opt/***/data/temp/91c15d4f-ea59-4d7e-9764-33e94324905e/0340ae63-57eb-4686-b782-64dfc9f7d2b9/rotate5_2_-3.3999999999999986.png
[2025-06-17T11:24:32.735+0900] {logging_mixin.py:190} INFO - file_copy: /opt/***/data/temp/91c15d4f-ea59-4d7e-9764-33e94324905e/0340ae63-57eb-4686-b782-64dfc9f7d2b9/rotate5_2_-3.1999999999999984.png
[2025-06-17T11:24:32.925+0900] {logging_mixin.py:190} INFO - file_copy: /opt/***/data/temp/91c15d4f-ea59-4d7e-9764-33e94324905e/0340ae63-57eb-4686-b782-64dfc9f7d2b9/rotate5_2_-2.9999999999999982.png
[2025-06-17T11:24:33.102+0900] {logging_mixin.py:190} INFO - file_copy: /opt/***/data/temp/91c15d4f-ea59-4d7e-9764-33e94324905e/0340ae63-57eb-4686-b782-64dfc9f7d2b9/rotate5_2_-2.799999999999998.png
[2025-06-17T11:24:33.282+0900] {logging_mixin.py:190} INFO - file_copy: /opt/***/data/temp/91c15d4f-ea59-4d7e-9764-33e94324905e/0340ae63-57eb-4686-b782-64dfc9f7d2b9/rotate5_2_-2.599999999999998.png
[2025-06-17T11:24:33.469+0900] {logging_mixin.py:190} INFO - file_copy: /opt/***/data/temp/91c15d4f-ea59-4d7e-9764-33e94324905e/0340ae63-57eb-4686-b782-64dfc9f7d2b9/rotate5_2_-2.3999999999999977.png
[2025-06-17T11:24:33.642+0900] {logging_mixin.py:190} INFO - file_copy: /opt/***/data/temp/91c15d4f-ea59-4d7e-9764-33e94324905e/0340ae63-57eb-4686-b782-64dfc9f7d2b9/rotate5_2_-2.1999999999999975.png
[2025-06-17T11:24:33.852+0900] {logging_mixin.py:190} INFO - file_copy: /opt/***/data/temp/91c15d4f-ea59-4d7e-9764-33e94324905e/0340ae63-57eb-4686-b782-64dfc9f7d2b9/rotate5_2_-1.9999999999999973.png
[2025-06-17T11:24:34.032+0900] {logging_mixin.py:190} INFO - file_copy: /opt/***/data/temp/91c15d4f-ea59-4d7e-9764-33e94324905e/0340ae63-57eb-4686-b782-64dfc9f7d2b9/rotate5_2_-1.7999999999999972.png
[2025-06-17T11:24:34.224+0900] {logging_mixin.py:190} INFO - file_copy: /opt/***/data/temp/91c15d4f-ea59-4d7e-9764-33e94324905e/0340ae63-57eb-4686-b782-64dfc9f7d2b9/rotate5_2_-1.599999999999997.png
[2025-06-17T11:24:34.406+0900] {logging_mixin.py:190} INFO - file_copy: /opt/***/data/temp/91c15d4f-ea59-4d7e-9764-33e94324905e/0340ae63-57eb-4686-b782-64dfc9f7d2b9/rotate5_2_-1.3999999999999968.png
[2025-06-17T11:24:34.585+0900] {logging_mixin.py:190} INFO - file_copy: /opt/***/data/temp/91c15d4f-ea59-4d7e-9764-33e94324905e/0340ae63-57eb-4686-b782-64dfc9f7d2b9/rotate5_2_-1.1999999999999966.png
[2025-06-17T11:24:34.753+0900] {logging_mixin.py:190} INFO - file_copy: /opt/***/data/temp/91c15d4f-ea59-4d7e-9764-33e94324905e/0340ae63-57eb-4686-b782-64dfc9f7d2b9/rotate5_2_-0.9999999999999964.png
[2025-06-17T11:24:34.937+0900] {logging_mixin.py:190} INFO - file_copy: /opt/***/data/temp/91c15d4f-ea59-4d7e-9764-33e94324905e/0340ae63-57eb-4686-b782-64dfc9f7d2b9/rotate5_2_-0.7999999999999963.png
[2025-06-17T11:24:35.138+0900] {logging_mixin.py:190} INFO - file_copy: /opt/***/data/temp/91c15d4f-ea59-4d7e-9764-33e94324905e/0340ae63-57eb-4686-b782-64dfc9f7d2b9/rotate5_2_-0.5999999999999961.png
[2025-06-17T11:24:35.328+0900] {logging_mixin.py:190} INFO - file_copy: /opt/***/data/temp/91c15d4f-ea59-4d7e-9764-33e94324905e/0340ae63-57eb-4686-b782-64dfc9f7d2b9/rotate5_2_-0.3999999999999959.png
[2025-06-17T11:24:35.520+0900] {logging_mixin.py:190} INFO - file_copy: /opt/***/data/temp/91c15d4f-ea59-4d7e-9764-33e94324905e/0340ae63-57eb-4686-b782-64dfc9f7d2b9/rotate5_2_-0.19999999999999574.png
[2025-06-17T11:24:35.691+0900] {logging_mixin.py:190} INFO - file_copy: /opt/***/data/temp/91c15d4f-ea59-4d7e-9764-33e94324905e/0340ae63-57eb-4686-b782-64dfc9f7d2b9/rotate5_2_4.440892098500626e-15.png
[2025-06-17T11:24:35.885+0900] {logging_mixin.py:190} INFO - file_copy: /opt/***/data/temp/91c15d4f-ea59-4d7e-9764-33e94324905e/0340ae63-57eb-4686-b782-64dfc9f7d2b9/rotate5_2_0.20000000000000462.png
[2025-06-17T11:24:36.089+0900] {logging_mixin.py:190} INFO - file_copy: /opt/***/data/temp/91c15d4f-ea59-4d7e-9764-33e94324905e/0340ae63-57eb-4686-b782-64dfc9f7d2b9/rotate5_2_0.4000000000000048.png
[2025-06-17T11:24:36.271+0900] {logging_mixin.py:190} INFO - file_copy: /opt/***/data/temp/91c15d4f-ea59-4d7e-9764-33e94324905e/0340ae63-57eb-4686-b782-64dfc9f7d2b9/rotate5_2_0.600000000000005.png
[2025-06-17T11:24:36.448+0900] {logging_mixin.py:190} INFO - file_copy: /opt/***/data/temp/91c15d4f-ea59-4d7e-9764-33e94324905e/0340ae63-57eb-4686-b782-64dfc9f7d2b9/rotate5_2_0.8000000000000052.png
[2025-06-17T11:24:36.630+0900] {logging_mixin.py:190} INFO - file_copy: /opt/***/data/temp/91c15d4f-ea59-4d7e-9764-33e94324905e/0340ae63-57eb-4686-b782-64dfc9f7d2b9/rotate5_2_1.0000000000000053.png
[2025-06-17T11:24:36.815+0900] {logging_mixin.py:190} INFO - file_copy: /opt/***/data/temp/91c15d4f-ea59-4d7e-9764-33e94324905e/0340ae63-57eb-4686-b782-64dfc9f7d2b9/rotate5_2_1.2000000000000055.png
[2025-06-17T11:24:36.987+0900] {logging_mixin.py:190} INFO - file_copy: /opt/***/data/temp/91c15d4f-ea59-4d7e-9764-33e94324905e/0340ae63-57eb-4686-b782-64dfc9f7d2b9/rotate5_2_1.4000000000000057.png
[2025-06-17T11:24:37.178+0900] {logging_mixin.py:190} INFO - file_copy: /opt/***/data/temp/91c15d4f-ea59-4d7e-9764-33e94324905e/0340ae63-57eb-4686-b782-64dfc9f7d2b9/rotate5_2_1.6000000000000059.png
[2025-06-17T11:24:37.371+0900] {logging_mixin.py:190} INFO - file_copy: /opt/***/data/temp/91c15d4f-ea59-4d7e-9764-33e94324905e/0340ae63-57eb-4686-b782-64dfc9f7d2b9/rotate5_2_1.800000000000006.png
[2025-06-17T11:24:37.556+0900] {logging_mixin.py:190} INFO - file_copy: /opt/***/data/temp/91c15d4f-ea59-4d7e-9764-33e94324905e/0340ae63-57eb-4686-b782-64dfc9f7d2b9/rotate5_2_2.000000000000006.png
[2025-06-17T11:24:37.768+0900] {logging_mixin.py:190} INFO - file_copy: /opt/***/data/temp/91c15d4f-ea59-4d7e-9764-33e94324905e/0340ae63-57eb-4686-b782-64dfc9f7d2b9/rotate5_2_2.2000000000000064.png
[2025-06-17T11:24:37.943+0900] {logging_mixin.py:190} INFO - file_copy: /opt/***/data/temp/91c15d4f-ea59-4d7e-9764-33e94324905e/0340ae63-57eb-4686-b782-64dfc9f7d2b9/rotate5_2_2.4000000000000066.png
[2025-06-17T11:24:38.141+0900] {logging_mixin.py:190} INFO - file_copy: /opt/***/data/temp/91c15d4f-ea59-4d7e-9764-33e94324905e/0340ae63-57eb-4686-b782-64dfc9f7d2b9/rotate5_2_2.6000000000000068.png
[2025-06-17T11:24:38.315+0900] {logging_mixin.py:190} INFO - file_copy: /opt/***/data/temp/91c15d4f-ea59-4d7e-9764-33e94324905e/0340ae63-57eb-4686-b782-64dfc9f7d2b9/rotate5_2_2.800000000000007.png
[2025-06-17T11:24:38.495+0900] {logging_mixin.py:190} INFO - file_copy: /opt/***/data/temp/91c15d4f-ea59-4d7e-9764-33e94324905e/0340ae63-57eb-4686-b782-64dfc9f7d2b9/rotate5_2_3.000000000000007.png
[2025-06-17T11:24:38.714+0900] {logging_mixin.py:190} INFO - file_copy: /opt/***/data/temp/91c15d4f-ea59-4d7e-9764-33e94324905e/0340ae63-57eb-4686-b782-64dfc9f7d2b9/rotate5_2_3.2000000000000064.png
[2025-06-17T11:24:38.894+0900] {logging_mixin.py:190} INFO - file_copy: /opt/***/data/temp/91c15d4f-ea59-4d7e-9764-33e94324905e/0340ae63-57eb-4686-b782-64dfc9f7d2b9/rotate5_2_3.4000000000000075.png
[2025-06-17T11:24:39.079+0900] {logging_mixin.py:190} INFO - file_copy: /opt/***/data/temp/91c15d4f-ea59-4d7e-9764-33e94324905e/0340ae63-57eb-4686-b782-64dfc9f7d2b9/rotate5_2_3.6000000000000085.png
[2025-06-17T11:24:39.245+0900] {logging_mixin.py:190} INFO - file_copy: /opt/***/data/temp/91c15d4f-ea59-4d7e-9764-33e94324905e/0340ae63-57eb-4686-b782-64dfc9f7d2b9/rotate5_2_3.800000000000008.png
[2025-06-17T11:24:39.427+0900] {logging_mixin.py:190} INFO - file_copy: /opt/***/data/temp/91c15d4f-ea59-4d7e-9764-33e94324905e/0340ae63-57eb-4686-b782-64dfc9f7d2b9/rotate5_2_4.000000000000007.png
[2025-06-17T11:24:39.611+0900] {logging_mixin.py:190} INFO - file_copy: /opt/***/data/temp/91c15d4f-ea59-4d7e-9764-33e94324905e/0340ae63-57eb-4686-b782-64dfc9f7d2b9/rotate5_2_4.200000000000008.png
[2025-06-17T11:24:39.786+0900] {logging_mixin.py:190} INFO - file_copy: /opt/***/data/temp/91c15d4f-ea59-4d7e-9764-33e94324905e/0340ae63-57eb-4686-b782-64dfc9f7d2b9/rotate5_2_4.400000000000009.png
[2025-06-17T11:24:39.975+0900] {logging_mixin.py:190} INFO - file_copy: /opt/***/data/temp/91c15d4f-ea59-4d7e-9764-33e94324905e/0340ae63-57eb-4686-b782-64dfc9f7d2b9/rotate5_2_4.6000000000000085.png
[2025-06-17T11:24:40.150+0900] {logging_mixin.py:190} INFO - file_copy: /opt/***/data/temp/91c15d4f-ea59-4d7e-9764-33e94324905e/0340ae63-57eb-4686-b782-64dfc9f7d2b9/rotate5_2_4.800000000000008.png
[2025-06-17T11:24:40.334+0900] {logging_mixin.py:190} INFO - file_copy: /opt/***/data/temp/91c15d4f-ea59-4d7e-9764-33e94324905e/0340ae63-57eb-4686-b782-64dfc9f7d2b9/rotate5_2_5.000000000000009.png
[2025-06-17T11:24:40.387+0900] {logging_mixin.py:190} INFO - osd 2 8.881784197001252e-15 4.440892098500626e-15 [0, 0, 0, 0, 0, 0, 0, 0, 0, 0, 0, 0, 0, 0, 0, 0, 0, 0, 0, 0, 0, 0, 0, 0, 0, 568, 0, 0, 0, 0, 0, 0, 0, 0, 0, 0, 0, 0, 0, 0, 0, 0, 0, 0, 0, 0, 0, 0, 0, 0, 0]
[2025-06-17T11:24:40.614+0900] {logging_mixin.py:190} INFO - file_copy: /opt/***/data/temp/91c15d4f-ea59-4d7e-9764-33e94324905e/0340ae63-57eb-4686-b782-64dfc9f7d2b9/rotate5_3_-5.0.png
[2025-06-17T11:24:40.795+0900] {logging_mixin.py:190} INFO - file_copy: /opt/***/data/temp/91c15d4f-ea59-4d7e-9764-33e94324905e/0340ae63-57eb-4686-b782-64dfc9f7d2b9/rotate5_3_-4.8.png
[2025-06-17T11:24:40.960+0900] {logging_mixin.py:190} INFO - file_copy: /opt/***/data/temp/91c15d4f-ea59-4d7e-9764-33e94324905e/0340ae63-57eb-4686-b782-64dfc9f7d2b9/rotate5_3_-4.6.png
[2025-06-17T11:24:41.131+0900] {logging_mixin.py:190} INFO - file_copy: /opt/***/data/temp/91c15d4f-ea59-4d7e-9764-33e94324905e/0340ae63-57eb-4686-b782-64dfc9f7d2b9/rotate5_3_-4.3999999999999995.png
[2025-06-17T11:24:41.331+0900] {logging_mixin.py:190} INFO - file_copy: /opt/***/data/temp/91c15d4f-ea59-4d7e-9764-33e94324905e/0340ae63-57eb-4686-b782-64dfc9f7d2b9/rotate5_3_-4.199999999999999.png
[2025-06-17T11:24:41.511+0900] {logging_mixin.py:190} INFO - file_copy: /opt/***/data/temp/91c15d4f-ea59-4d7e-9764-33e94324905e/0340ae63-57eb-4686-b782-64dfc9f7d2b9/rotate5_3_-3.999999999999999.png
[2025-06-17T11:24:41.693+0900] {logging_mixin.py:190} INFO - file_copy: /opt/***/data/temp/91c15d4f-ea59-4d7e-9764-33e94324905e/0340ae63-57eb-4686-b782-64dfc9f7d2b9/rotate5_3_-3.799999999999999.png
[2025-06-17T11:24:41.883+0900] {logging_mixin.py:190} INFO - file_copy: /opt/***/data/temp/91c15d4f-ea59-4d7e-9764-33e94324905e/0340ae63-57eb-4686-b782-64dfc9f7d2b9/rotate5_3_-3.5999999999999988.png
[2025-06-17T11:24:42.090+0900] {logging_mixin.py:190} INFO - file_copy: /opt/***/data/temp/91c15d4f-ea59-4d7e-9764-33e94324905e/0340ae63-57eb-4686-b782-64dfc9f7d2b9/rotate5_3_-3.3999999999999986.png
[2025-06-17T11:24:42.278+0900] {logging_mixin.py:190} INFO - file_copy: /opt/***/data/temp/91c15d4f-ea59-4d7e-9764-33e94324905e/0340ae63-57eb-4686-b782-64dfc9f7d2b9/rotate5_3_-3.1999999999999984.png
[2025-06-17T11:24:42.455+0900] {logging_mixin.py:190} INFO - file_copy: /opt/***/data/temp/91c15d4f-ea59-4d7e-9764-33e94324905e/0340ae63-57eb-4686-b782-64dfc9f7d2b9/rotate5_3_-2.9999999999999982.png
[2025-06-17T11:24:42.655+0900] {logging_mixin.py:190} INFO - file_copy: /opt/***/data/temp/91c15d4f-ea59-4d7e-9764-33e94324905e/0340ae63-57eb-4686-b782-64dfc9f7d2b9/rotate5_3_-2.799999999999998.png
[2025-06-17T11:24:42.843+0900] {logging_mixin.py:190} INFO - file_copy: /opt/***/data/temp/91c15d4f-ea59-4d7e-9764-33e94324905e/0340ae63-57eb-4686-b782-64dfc9f7d2b9/rotate5_3_-2.599999999999998.png
[2025-06-17T11:24:43.019+0900] {logging_mixin.py:190} INFO - file_copy: /opt/***/data/temp/91c15d4f-ea59-4d7e-9764-33e94324905e/0340ae63-57eb-4686-b782-64dfc9f7d2b9/rotate5_3_-2.3999999999999977.png
[2025-06-17T11:24:43.200+0900] {logging_mixin.py:190} INFO - file_copy: /opt/***/data/temp/91c15d4f-ea59-4d7e-9764-33e94324905e/0340ae63-57eb-4686-b782-64dfc9f7d2b9/rotate5_3_-2.1999999999999975.png
[2025-06-17T11:24:43.391+0900] {logging_mixin.py:190} INFO - file_copy: /opt/***/data/temp/91c15d4f-ea59-4d7e-9764-33e94324905e/0340ae63-57eb-4686-b782-64dfc9f7d2b9/rotate5_3_-1.9999999999999973.png
[2025-06-17T11:24:43.589+0900] {logging_mixin.py:190} INFO - file_copy: /opt/***/data/temp/91c15d4f-ea59-4d7e-9764-33e94324905e/0340ae63-57eb-4686-b782-64dfc9f7d2b9/rotate5_3_-1.7999999999999972.png
[2025-06-17T11:24:43.768+0900] {logging_mixin.py:190} INFO - file_copy: /opt/***/data/temp/91c15d4f-ea59-4d7e-9764-33e94324905e/0340ae63-57eb-4686-b782-64dfc9f7d2b9/rotate5_3_-1.599999999999997.png
[2025-06-17T11:24:43.942+0900] {logging_mixin.py:190} INFO - file_copy: /opt/***/data/temp/91c15d4f-ea59-4d7e-9764-33e94324905e/0340ae63-57eb-4686-b782-64dfc9f7d2b9/rotate5_3_-1.3999999999999968.png
[2025-06-17T11:24:44.120+0900] {logging_mixin.py:190} INFO - file_copy: /opt/***/data/temp/91c15d4f-ea59-4d7e-9764-33e94324905e/0340ae63-57eb-4686-b782-64dfc9f7d2b9/rotate5_3_-1.1999999999999966.png
[2025-06-17T11:24:44.305+0900] {logging_mixin.py:190} INFO - file_copy: /opt/***/data/temp/91c15d4f-ea59-4d7e-9764-33e94324905e/0340ae63-57eb-4686-b782-64dfc9f7d2b9/rotate5_3_-0.9999999999999964.png
[2025-06-17T11:24:44.497+0900] {logging_mixin.py:190} INFO - file_copy: /opt/***/data/temp/91c15d4f-ea59-4d7e-9764-33e94324905e/0340ae63-57eb-4686-b782-64dfc9f7d2b9/rotate5_3_-0.7999999999999963.png
[2025-06-17T11:24:44.665+0900] {logging_mixin.py:190} INFO - file_copy: /opt/***/data/temp/91c15d4f-ea59-4d7e-9764-33e94324905e/0340ae63-57eb-4686-b782-64dfc9f7d2b9/rotate5_3_-0.5999999999999961.png
[2025-06-17T11:24:44.839+0900] {logging_mixin.py:190} INFO - file_copy: /opt/***/data/temp/91c15d4f-ea59-4d7e-9764-33e94324905e/0340ae63-57eb-4686-b782-64dfc9f7d2b9/rotate5_3_-0.3999999999999959.png
[2025-06-17T11:24:45.031+0900] {logging_mixin.py:190} INFO - file_copy: /opt/***/data/temp/91c15d4f-ea59-4d7e-9764-33e94324905e/0340ae63-57eb-4686-b782-64dfc9f7d2b9/rotate5_3_-0.19999999999999574.png
[2025-06-17T11:24:45.216+0900] {logging_mixin.py:190} INFO - file_copy: /opt/***/data/temp/91c15d4f-ea59-4d7e-9764-33e94324905e/0340ae63-57eb-4686-b782-64dfc9f7d2b9/rotate5_3_4.440892098500626e-15.png
[2025-06-17T11:24:45.396+0900] {logging_mixin.py:190} INFO - file_copy: /opt/***/data/temp/91c15d4f-ea59-4d7e-9764-33e94324905e/0340ae63-57eb-4686-b782-64dfc9f7d2b9/rotate5_3_0.20000000000000462.png
[2025-06-17T11:24:45.585+0900] {logging_mixin.py:190} INFO - file_copy: /opt/***/data/temp/91c15d4f-ea59-4d7e-9764-33e94324905e/0340ae63-57eb-4686-b782-64dfc9f7d2b9/rotate5_3_0.4000000000000048.png
[2025-06-17T11:24:45.766+0900] {logging_mixin.py:190} INFO - file_copy: /opt/***/data/temp/91c15d4f-ea59-4d7e-9764-33e94324905e/0340ae63-57eb-4686-b782-64dfc9f7d2b9/rotate5_3_0.600000000000005.png
[2025-06-17T11:24:45.962+0900] {logging_mixin.py:190} INFO - file_copy: /opt/***/data/temp/91c15d4f-ea59-4d7e-9764-33e94324905e/0340ae63-57eb-4686-b782-64dfc9f7d2b9/rotate5_3_0.8000000000000052.png
[2025-06-17T11:24:46.157+0900] {logging_mixin.py:190} INFO - file_copy: /opt/***/data/temp/91c15d4f-ea59-4d7e-9764-33e94324905e/0340ae63-57eb-4686-b782-64dfc9f7d2b9/rotate5_3_1.0000000000000053.png
[2025-06-17T11:24:46.345+0900] {logging_mixin.py:190} INFO - file_copy: /opt/***/data/temp/91c15d4f-ea59-4d7e-9764-33e94324905e/0340ae63-57eb-4686-b782-64dfc9f7d2b9/rotate5_3_1.2000000000000055.png
[2025-06-17T11:24:46.533+0900] {logging_mixin.py:190} INFO - file_copy: /opt/***/data/temp/91c15d4f-ea59-4d7e-9764-33e94324905e/0340ae63-57eb-4686-b782-64dfc9f7d2b9/rotate5_3_1.4000000000000057.png
[2025-06-17T11:24:46.733+0900] {logging_mixin.py:190} INFO - file_copy: /opt/***/data/temp/91c15d4f-ea59-4d7e-9764-33e94324905e/0340ae63-57eb-4686-b782-64dfc9f7d2b9/rotate5_3_1.6000000000000059.png
[2025-06-17T11:24:46.918+0900] {logging_mixin.py:190} INFO - file_copy: /opt/***/data/temp/91c15d4f-ea59-4d7e-9764-33e94324905e/0340ae63-57eb-4686-b782-64dfc9f7d2b9/rotate5_3_1.800000000000006.png
[2025-06-17T11:24:47.099+0900] {logging_mixin.py:190} INFO - file_copy: /opt/***/data/temp/91c15d4f-ea59-4d7e-9764-33e94324905e/0340ae63-57eb-4686-b782-64dfc9f7d2b9/rotate5_3_2.000000000000006.png
[2025-06-17T11:24:47.278+0900] {logging_mixin.py:190} INFO - file_copy: /opt/***/data/temp/91c15d4f-ea59-4d7e-9764-33e94324905e/0340ae63-57eb-4686-b782-64dfc9f7d2b9/rotate5_3_2.2000000000000064.png
[2025-06-17T11:24:47.483+0900] {logging_mixin.py:190} INFO - file_copy: /opt/***/data/temp/91c15d4f-ea59-4d7e-9764-33e94324905e/0340ae63-57eb-4686-b782-64dfc9f7d2b9/rotate5_3_2.4000000000000066.png
[2025-06-17T11:24:47.661+0900] {logging_mixin.py:190} INFO - file_copy: /opt/***/data/temp/91c15d4f-ea59-4d7e-9764-33e94324905e/0340ae63-57eb-4686-b782-64dfc9f7d2b9/rotate5_3_2.6000000000000068.png
[2025-06-17T11:24:47.835+0900] {logging_mixin.py:190} INFO - file_copy: /opt/***/data/temp/91c15d4f-ea59-4d7e-9764-33e94324905e/0340ae63-57eb-4686-b782-64dfc9f7d2b9/rotate5_3_2.800000000000007.png
[2025-06-17T11:24:48.020+0900] {logging_mixin.py:190} INFO - file_copy: /opt/***/data/temp/91c15d4f-ea59-4d7e-9764-33e94324905e/0340ae63-57eb-4686-b782-64dfc9f7d2b9/rotate5_3_3.000000000000007.png
[2025-06-17T11:24:48.194+0900] {logging_mixin.py:190} INFO - file_copy: /opt/***/data/temp/91c15d4f-ea59-4d7e-9764-33e94324905e/0340ae63-57eb-4686-b782-64dfc9f7d2b9/rotate5_3_3.2000000000000064.png
[2025-06-17T11:24:48.392+0900] {logging_mixin.py:190} INFO - file_copy: /opt/***/data/temp/91c15d4f-ea59-4d7e-9764-33e94324905e/0340ae63-57eb-4686-b782-64dfc9f7d2b9/rotate5_3_3.4000000000000075.png
[2025-06-17T11:24:48.598+0900] {logging_mixin.py:190} INFO - file_copy: /opt/***/data/temp/91c15d4f-ea59-4d7e-9764-33e94324905e/0340ae63-57eb-4686-b782-64dfc9f7d2b9/rotate5_3_3.6000000000000085.png
[2025-06-17T11:24:48.816+0900] {logging_mixin.py:190} INFO - file_copy: /opt/***/data/temp/91c15d4f-ea59-4d7e-9764-33e94324905e/0340ae63-57eb-4686-b782-64dfc9f7d2b9/rotate5_3_3.800000000000008.png
[2025-06-17T11:24:49.008+0900] {logging_mixin.py:190} INFO - file_copy: /opt/***/data/temp/91c15d4f-ea59-4d7e-9764-33e94324905e/0340ae63-57eb-4686-b782-64dfc9f7d2b9/rotate5_3_4.000000000000007.png
[2025-06-17T11:24:49.191+0900] {logging_mixin.py:190} INFO - file_copy: /opt/***/data/temp/91c15d4f-ea59-4d7e-9764-33e94324905e/0340ae63-57eb-4686-b782-64dfc9f7d2b9/rotate5_3_4.200000000000008.png
[2025-06-17T11:24:49.377+0900] {logging_mixin.py:190} INFO - file_copy: /opt/***/data/temp/91c15d4f-ea59-4d7e-9764-33e94324905e/0340ae63-57eb-4686-b782-64dfc9f7d2b9/rotate5_3_4.400000000000009.png
[2025-06-17T11:24:49.558+0900] {logging_mixin.py:190} INFO - file_copy: /opt/***/data/temp/91c15d4f-ea59-4d7e-9764-33e94324905e/0340ae63-57eb-4686-b782-64dfc9f7d2b9/rotate5_3_4.6000000000000085.png
[2025-06-17T11:24:49.740+0900] {logging_mixin.py:190} INFO - file_copy: /opt/***/data/temp/91c15d4f-ea59-4d7e-9764-33e94324905e/0340ae63-57eb-4686-b782-64dfc9f7d2b9/rotate5_3_4.800000000000008.png
[2025-06-17T11:24:49.949+0900] {logging_mixin.py:190} INFO - file_copy: /opt/***/data/temp/91c15d4f-ea59-4d7e-9764-33e94324905e/0340ae63-57eb-4686-b782-64dfc9f7d2b9/rotate5_3_5.000000000000009.png
[2025-06-17T11:24:49.983+0900] {logging_mixin.py:190} INFO - osd 3 1.3322676295501878e-14 4.440892098500626e-15 [0, 0, 0, 0, 0, 0, 0, 0, 0, 0, 0, 0, 0, 0, 0, 0, 0, 0, 0, 0, 0, 0, 0, 0, 0, 568, 0, 0, 0, 0, 0, 0, 0, 0, 0, 0, 0, 0, 0, 0, 0, 0, 0, 0, 0, 0, 0, 0, 0, 0, 0]
[2025-06-17T11:24:50.173+0900] {logging_mixin.py:190} INFO - file_copy: /opt/***/data/temp/91c15d4f-ea59-4d7e-9764-33e94324905e/0340ae63-57eb-4686-b782-64dfc9f7d2b9/rotate5_4_-5.0.png
[2025-06-17T11:24:50.364+0900] {logging_mixin.py:190} INFO - file_copy: /opt/***/data/temp/91c15d4f-ea59-4d7e-9764-33e94324905e/0340ae63-57eb-4686-b782-64dfc9f7d2b9/rotate5_4_-4.8.png
[2025-06-17T11:24:50.562+0900] {logging_mixin.py:190} INFO - file_copy: /opt/***/data/temp/91c15d4f-ea59-4d7e-9764-33e94324905e/0340ae63-57eb-4686-b782-64dfc9f7d2b9/rotate5_4_-4.6.png
[2025-06-17T11:24:50.764+0900] {logging_mixin.py:190} INFO - file_copy: /opt/***/data/temp/91c15d4f-ea59-4d7e-9764-33e94324905e/0340ae63-57eb-4686-b782-64dfc9f7d2b9/rotate5_4_-4.3999999999999995.png
[2025-06-17T11:24:50.938+0900] {logging_mixin.py:190} INFO - file_copy: /opt/***/data/temp/91c15d4f-ea59-4d7e-9764-33e94324905e/0340ae63-57eb-4686-b782-64dfc9f7d2b9/rotate5_4_-4.199999999999999.png
[2025-06-17T11:24:51.136+0900] {logging_mixin.py:190} INFO - file_copy: /opt/***/data/temp/91c15d4f-ea59-4d7e-9764-33e94324905e/0340ae63-57eb-4686-b782-64dfc9f7d2b9/rotate5_4_-3.999999999999999.png
[2025-06-17T11:24:51.325+0900] {logging_mixin.py:190} INFO - file_copy: /opt/***/data/temp/91c15d4f-ea59-4d7e-9764-33e94324905e/0340ae63-57eb-4686-b782-64dfc9f7d2b9/rotate5_4_-3.799999999999999.png
[2025-06-17T11:24:51.505+0900] {logging_mixin.py:190} INFO - file_copy: /opt/***/data/temp/91c15d4f-ea59-4d7e-9764-33e94324905e/0340ae63-57eb-4686-b782-64dfc9f7d2b9/rotate5_4_-3.5999999999999988.png
[2025-06-17T11:24:51.685+0900] {logging_mixin.py:190} INFO - file_copy: /opt/***/data/temp/91c15d4f-ea59-4d7e-9764-33e94324905e/0340ae63-57eb-4686-b782-64dfc9f7d2b9/rotate5_4_-3.3999999999999986.png
[2025-06-17T11:24:51.867+0900] {logging_mixin.py:190} INFO - file_copy: /opt/***/data/temp/91c15d4f-ea59-4d7e-9764-33e94324905e/0340ae63-57eb-4686-b782-64dfc9f7d2b9/rotate5_4_-3.1999999999999984.png
[2025-06-17T11:24:52.049+0900] {logging_mixin.py:190} INFO - file_copy: /opt/***/data/temp/91c15d4f-ea59-4d7e-9764-33e94324905e/0340ae63-57eb-4686-b782-64dfc9f7d2b9/rotate5_4_-2.9999999999999982.png
[2025-06-17T11:24:52.223+0900] {logging_mixin.py:190} INFO - file_copy: /opt/***/data/temp/91c15d4f-ea59-4d7e-9764-33e94324905e/0340ae63-57eb-4686-b782-64dfc9f7d2b9/rotate5_4_-2.799999999999998.png
[2025-06-17T11:24:52.404+0900] {logging_mixin.py:190} INFO - file_copy: /opt/***/data/temp/91c15d4f-ea59-4d7e-9764-33e94324905e/0340ae63-57eb-4686-b782-64dfc9f7d2b9/rotate5_4_-2.599999999999998.png
[2025-06-17T11:24:52.586+0900] {logging_mixin.py:190} INFO - file_copy: /opt/***/data/temp/91c15d4f-ea59-4d7e-9764-33e94324905e/0340ae63-57eb-4686-b782-64dfc9f7d2b9/rotate5_4_-2.3999999999999977.png
[2025-06-17T11:24:52.767+0900] {logging_mixin.py:190} INFO - file_copy: /opt/***/data/temp/91c15d4f-ea59-4d7e-9764-33e94324905e/0340ae63-57eb-4686-b782-64dfc9f7d2b9/rotate5_4_-2.1999999999999975.png
[2025-06-17T11:24:52.947+0900] {logging_mixin.py:190} INFO - file_copy: /opt/***/data/temp/91c15d4f-ea59-4d7e-9764-33e94324905e/0340ae63-57eb-4686-b782-64dfc9f7d2b9/rotate5_4_-1.9999999999999973.png
[2025-06-17T11:24:53.131+0900] {logging_mixin.py:190} INFO - file_copy: /opt/***/data/temp/91c15d4f-ea59-4d7e-9764-33e94324905e/0340ae63-57eb-4686-b782-64dfc9f7d2b9/rotate5_4_-1.7999999999999972.png
[2025-06-17T11:24:53.316+0900] {logging_mixin.py:190} INFO - file_copy: /opt/***/data/temp/91c15d4f-ea59-4d7e-9764-33e94324905e/0340ae63-57eb-4686-b782-64dfc9f7d2b9/rotate5_4_-1.599999999999997.png
[2025-06-17T11:24:53.503+0900] {logging_mixin.py:190} INFO - file_copy: /opt/***/data/temp/91c15d4f-ea59-4d7e-9764-33e94324905e/0340ae63-57eb-4686-b782-64dfc9f7d2b9/rotate5_4_-1.3999999999999968.png
[2025-06-17T11:24:53.694+0900] {logging_mixin.py:190} INFO - file_copy: /opt/***/data/temp/91c15d4f-ea59-4d7e-9764-33e94324905e/0340ae63-57eb-4686-b782-64dfc9f7d2b9/rotate5_4_-1.1999999999999966.png
[2025-06-17T11:24:53.874+0900] {logging_mixin.py:190} INFO - file_copy: /opt/***/data/temp/91c15d4f-ea59-4d7e-9764-33e94324905e/0340ae63-57eb-4686-b782-64dfc9f7d2b9/rotate5_4_-0.9999999999999964.png
[2025-06-17T11:24:54.057+0900] {logging_mixin.py:190} INFO - file_copy: /opt/***/data/temp/91c15d4f-ea59-4d7e-9764-33e94324905e/0340ae63-57eb-4686-b782-64dfc9f7d2b9/rotate5_4_-0.7999999999999963.png
[2025-06-17T11:24:54.230+0900] {logging_mixin.py:190} INFO - file_copy: /opt/***/data/temp/91c15d4f-ea59-4d7e-9764-33e94324905e/0340ae63-57eb-4686-b782-64dfc9f7d2b9/rotate5_4_-0.5999999999999961.png
[2025-06-17T11:24:54.411+0900] {logging_mixin.py:190} INFO - file_copy: /opt/***/data/temp/91c15d4f-ea59-4d7e-9764-33e94324905e/0340ae63-57eb-4686-b782-64dfc9f7d2b9/rotate5_4_-0.3999999999999959.png
[2025-06-17T11:24:54.598+0900] {logging_mixin.py:190} INFO - file_copy: /opt/***/data/temp/91c15d4f-ea59-4d7e-9764-33e94324905e/0340ae63-57eb-4686-b782-64dfc9f7d2b9/rotate5_4_-0.19999999999999574.png
[2025-06-17T11:24:54.798+0900] {logging_mixin.py:190} INFO - file_copy: /opt/***/data/temp/91c15d4f-ea59-4d7e-9764-33e94324905e/0340ae63-57eb-4686-b782-64dfc9f7d2b9/rotate5_4_4.440892098500626e-15.png
[2025-06-17T11:24:54.986+0900] {logging_mixin.py:190} INFO - file_copy: /opt/***/data/temp/91c15d4f-ea59-4d7e-9764-33e94324905e/0340ae63-57eb-4686-b782-64dfc9f7d2b9/rotate5_4_0.20000000000000462.png
[2025-06-17T11:24:55.188+0900] {logging_mixin.py:190} INFO - file_copy: /opt/***/data/temp/91c15d4f-ea59-4d7e-9764-33e94324905e/0340ae63-57eb-4686-b782-64dfc9f7d2b9/rotate5_4_0.4000000000000048.png
[2025-06-17T11:24:55.360+0900] {logging_mixin.py:190} INFO - file_copy: /opt/***/data/temp/91c15d4f-ea59-4d7e-9764-33e94324905e/0340ae63-57eb-4686-b782-64dfc9f7d2b9/rotate5_4_0.600000000000005.png
[2025-06-17T11:24:55.552+0900] {logging_mixin.py:190} INFO - file_copy: /opt/***/data/temp/91c15d4f-ea59-4d7e-9764-33e94324905e/0340ae63-57eb-4686-b782-64dfc9f7d2b9/rotate5_4_0.8000000000000052.png
[2025-06-17T11:24:55.781+0900] {logging_mixin.py:190} INFO - file_copy: /opt/***/data/temp/91c15d4f-ea59-4d7e-9764-33e94324905e/0340ae63-57eb-4686-b782-64dfc9f7d2b9/rotate5_4_1.0000000000000053.png
[2025-06-17T11:24:55.964+0900] {logging_mixin.py:190} INFO - file_copy: /opt/***/data/temp/91c15d4f-ea59-4d7e-9764-33e94324905e/0340ae63-57eb-4686-b782-64dfc9f7d2b9/rotate5_4_1.2000000000000055.png
[2025-06-17T11:24:56.157+0900] {logging_mixin.py:190} INFO - file_copy: /opt/***/data/temp/91c15d4f-ea59-4d7e-9764-33e94324905e/0340ae63-57eb-4686-b782-64dfc9f7d2b9/rotate5_4_1.4000000000000057.png
[2025-06-17T11:24:56.355+0900] {logging_mixin.py:190} INFO - file_copy: /opt/***/data/temp/91c15d4f-ea59-4d7e-9764-33e94324905e/0340ae63-57eb-4686-b782-64dfc9f7d2b9/rotate5_4_1.6000000000000059.png
[2025-06-17T11:24:56.560+0900] {logging_mixin.py:190} INFO - file_copy: /opt/***/data/temp/91c15d4f-ea59-4d7e-9764-33e94324905e/0340ae63-57eb-4686-b782-64dfc9f7d2b9/rotate5_4_1.800000000000006.png
[2025-06-17T11:24:56.754+0900] {logging_mixin.py:190} INFO - file_copy: /opt/***/data/temp/91c15d4f-ea59-4d7e-9764-33e94324905e/0340ae63-57eb-4686-b782-64dfc9f7d2b9/rotate5_4_2.000000000000006.png
[2025-06-17T11:24:56.940+0900] {logging_mixin.py:190} INFO - file_copy: /opt/***/data/temp/91c15d4f-ea59-4d7e-9764-33e94324905e/0340ae63-57eb-4686-b782-64dfc9f7d2b9/rotate5_4_2.2000000000000064.png
[2025-06-17T11:24:57.123+0900] {logging_mixin.py:190} INFO - file_copy: /opt/***/data/temp/91c15d4f-ea59-4d7e-9764-33e94324905e/0340ae63-57eb-4686-b782-64dfc9f7d2b9/rotate5_4_2.4000000000000066.png
[2025-06-17T11:24:57.307+0900] {logging_mixin.py:190} INFO - file_copy: /opt/***/data/temp/91c15d4f-ea59-4d7e-9764-33e94324905e/0340ae63-57eb-4686-b782-64dfc9f7d2b9/rotate5_4_2.6000000000000068.png
[2025-06-17T11:24:57.496+0900] {logging_mixin.py:190} INFO - file_copy: /opt/***/data/temp/91c15d4f-ea59-4d7e-9764-33e94324905e/0340ae63-57eb-4686-b782-64dfc9f7d2b9/rotate5_4_2.800000000000007.png
[2025-06-17T11:24:57.684+0900] {logging_mixin.py:190} INFO - file_copy: /opt/***/data/temp/91c15d4f-ea59-4d7e-9764-33e94324905e/0340ae63-57eb-4686-b782-64dfc9f7d2b9/rotate5_4_3.000000000000007.png
[2025-06-17T11:24:57.862+0900] {logging_mixin.py:190} INFO - file_copy: /opt/***/data/temp/91c15d4f-ea59-4d7e-9764-33e94324905e/0340ae63-57eb-4686-b782-64dfc9f7d2b9/rotate5_4_3.2000000000000064.png
[2025-06-17T11:24:58.059+0900] {logging_mixin.py:190} INFO - file_copy: /opt/***/data/temp/91c15d4f-ea59-4d7e-9764-33e94324905e/0340ae63-57eb-4686-b782-64dfc9f7d2b9/rotate5_4_3.4000000000000075.png
[2025-06-17T11:24:58.251+0900] {logging_mixin.py:190} INFO - file_copy: /opt/***/data/temp/91c15d4f-ea59-4d7e-9764-33e94324905e/0340ae63-57eb-4686-b782-64dfc9f7d2b9/rotate5_4_3.6000000000000085.png
[2025-06-17T11:24:58.448+0900] {logging_mixin.py:190} INFO - file_copy: /opt/***/data/temp/91c15d4f-ea59-4d7e-9764-33e94324905e/0340ae63-57eb-4686-b782-64dfc9f7d2b9/rotate5_4_3.800000000000008.png
[2025-06-17T11:24:58.659+0900] {logging_mixin.py:190} INFO - file_copy: /opt/***/data/temp/91c15d4f-ea59-4d7e-9764-33e94324905e/0340ae63-57eb-4686-b782-64dfc9f7d2b9/rotate5_4_4.000000000000007.png
[2025-06-17T11:24:58.874+0900] {logging_mixin.py:190} INFO - file_copy: /opt/***/data/temp/91c15d4f-ea59-4d7e-9764-33e94324905e/0340ae63-57eb-4686-b782-64dfc9f7d2b9/rotate5_4_4.200000000000008.png
[2025-06-17T11:24:59.090+0900] {logging_mixin.py:190} INFO - file_copy: /opt/***/data/temp/91c15d4f-ea59-4d7e-9764-33e94324905e/0340ae63-57eb-4686-b782-64dfc9f7d2b9/rotate5_4_4.400000000000009.png
[2025-06-17T11:24:59.282+0900] {logging_mixin.py:190} INFO - file_copy: /opt/***/data/temp/91c15d4f-ea59-4d7e-9764-33e94324905e/0340ae63-57eb-4686-b782-64dfc9f7d2b9/rotate5_4_4.6000000000000085.png
[2025-06-17T11:24:59.479+0900] {logging_mixin.py:190} INFO - file_copy: /opt/***/data/temp/91c15d4f-ea59-4d7e-9764-33e94324905e/0340ae63-57eb-4686-b782-64dfc9f7d2b9/rotate5_4_4.800000000000008.png
[2025-06-17T11:24:59.672+0900] {logging_mixin.py:190} INFO - file_copy: /opt/***/data/temp/91c15d4f-ea59-4d7e-9764-33e94324905e/0340ae63-57eb-4686-b782-64dfc9f7d2b9/rotate5_4_5.000000000000009.png
[2025-06-17T11:24:59.703+0900] {logging_mixin.py:190} INFO - osd 4 1.7763568394002505e-14 4.440892098500626e-15 [0, 0, 0, 0, 0, 0, 0, 0, 0, 0, 0, 0, 0, 0, 0, 0, 0, 0, 0, 0, 0, 0, 0, 0, 0, 568, 0, 0, 0, 0, 0, 0, 0, 0, 0, 0, 0, 0, 0, 0, 0, 0, 0, 0, 0, 0, 0, 0, 0, 0, 0]
[2025-06-17T11:24:59.769+0900] {logging_mixin.py:190} INFO - step : calc_angle_set2
[2025-06-17T11:25:03.977+0900] {logging_mixin.py:190} INFO - file_copy: /opt/***/data/temp/91c15d4f-ea59-4d7e-9764-33e94324905e/0340ae63-57eb-4686-b782-64dfc9f7d2b9/rotate2_1.png
[2025-06-17T11:25:05.187+0900] {logging_mixin.py:190} INFO - osd 1 90 90 7.43 Latin 1.18
[2025-06-17T11:25:08.905+0900] {logging_mixin.py:190} INFO - file_copy: /opt/***/data/temp/91c15d4f-ea59-4d7e-9764-33e94324905e/0340ae63-57eb-4686-b782-64dfc9f7d2b9/rotate2_2.png
[2025-06-17T11:25:10.146+0900] {logging_mixin.py:190} INFO - osd 2 270 180 6.25 Cyrillic 1.85
[2025-06-17T11:25:14.055+0900] {logging_mixin.py:190} INFO - file_copy: /opt/***/data/temp/91c15d4f-ea59-4d7e-9764-33e94324905e/0340ae63-57eb-4686-b782-64dfc9f7d2b9/rotate2_3.png
[2025-06-17T11:25:15.254+0900] {logging_mixin.py:190} INFO - osd 3 break  270 0 4.16 Cyrillic 1.73
[2025-06-17T11:25:15.255+0900] {logging_mixin.py:190} INFO - step : threshold
[2025-06-17T11:25:15.260+0900] {logging_mixin.py:190} INFO - step : save
[2025-06-17T11:25:15.285+0900] {logging_mixin.py:190} INFO - file_copy: /opt/***/data/temp/91c15d4f-ea59-4d7e-9764-33e94324905e/0340ae63-57eb-4686-b782-64dfc9f7d2b9/classify_preprocess.png
[2025-06-17T11:25:15.292+0900] {python.py:240} INFO - Done. Returned value was: {'file_id': '91c15d4f-ea59-4d7e-9764-33e94324905e', 'file_path': '/opt/***/data/upload/Gas Engine 점검일지_ 2021년 2월.pdf-image-011.jpg', 'result': {'process_id': '_0340ae63-57eb-4686-b782-64dfc9f7d2b9_pre', 'folder_path': '91c15d4f-ea59-4d7e-9764-33e94324905e/0340ae63-57eb-4686-b782-64dfc9f7d2b9', 'step_list': [{'name': 'cache', 'param': {'key': 'origin'}}, {'name': 'calc_angle_set5', 'param': {'key': 'angle1', 'iterations': 4, 'iter_save': True}}, {'name': 'calc_angle_set2', 'param': {'key': 'angle2', 'iterations': 4, 'iter_save': True}}, {'name': 'threshold', 'param': {}}, {'name': 'save', 'param': {'key': 'classify_preprocess'}}], 'result_file_list': [{'key': 'rotate5_1_-5.0', 'path': '/opt/***/data/temp/91c15d4f-ea59-4d7e-9764-33e94324905e/0340ae63-57eb-4686-b782-64dfc9f7d2b9/rotate5_1_-5.0.png'}, {'key': 'rotate5_1_-4.8', 'path': '/opt/***/data/temp/91c15d4f-ea59-4d7e-9764-33e94324905e/0340ae63-57eb-4686-b782-64dfc9f7d2b9/rotate5_1_-4.8.png'}, {'key': 'rotate5_1_-4.6', 'path': '/opt/***/data/temp/91c15d4f-ea59-4d7e-9764-33e94324905e/0340ae63-57eb-4686-b782-64dfc9f7d2b9/rotate5_1_-4.6.png'}, {'key': 'rotate5_1_-4.3999999999999995', 'path': '/opt/***/data/temp/91c15d4f-ea59-4d7e-9764-33e94324905e/0340ae63-57eb-4686-b782-64dfc9f7d2b9/rotate5_1_-4.3999999999999995.png'}, {'key': 'rotate5_1_-4.199999999999999', 'path': '/opt/***/data/temp/91c15d4f-ea59-4d7e-9764-33e94324905e/0340ae63-57eb-4686-b782-64dfc9f7d2b9/rotate5_1_-4.199999999999999.png'}, {'key': 'rotate5_1_-3.999999999999999', 'path': '/opt/***/data/temp/91c15d4f-ea59-4d7e-9764-33e94324905e/0340ae63-57eb-4686-b782-64dfc9f7d2b9/rotate5_1_-3.999999999999999.png'}, {'key': 'rotate5_1_-3.799999999999999', 'path': '/opt/***/data/temp/91c15d4f-ea59-4d7e-9764-33e94324905e/0340ae63-57eb-4686-b782-64dfc9f7d2b9/rotate5_1_-3.799999999999999.png'}, {'key': 'rotate5_1_-3.5999999999999988', 'path': '/opt/***/data/temp/91c15d4f-ea59-4d7e-9764-33e94324905e/0340ae63-57eb-4686-b782-64dfc9f7d2b9/rotate5_1_-3.5999999999999988.png'}, {'key': 'rotate5_1_-3.3999999999999986', 'path': '/opt/***/data/temp/91c15d4f-ea59-4d7e-9764-33e94324905e/0340ae63-57eb-4686-b782-64dfc9f7d2b9/rotate5_1_-3.3999999999999986.png'}, {'key': 'rotate5_1_-3.1999999999999984', 'path': '/opt/***/data/temp/91c15d4f-ea59-4d7e-9764-33e94324905e/0340ae63-57eb-4686-b782-64dfc9f7d2b9/rotate5_1_-3.1999999999999984.png'}, {'key': 'rotate5_1_-2.9999999999999982', 'path': '/opt/***/data/temp/91c15d4f-ea59-4d7e-9764-33e94324905e/0340ae63-57eb-4686-b782-64dfc9f7d2b9/rotate5_1_-2.9999999999999982.png'}, {'key': 'rotate5_1_-2.799999999999998', 'path': '/opt/***/data/temp/91c15d4f-ea59-4d7e-9764-33e94324905e/0340ae63-57eb-4686-b782-64dfc9f7d2b9/rotate5_1_-2.799999999999998.png'}, {'key': 'rotate5_1_-2.599999999999998', 'path': '/opt/***/data/temp/91c15d4f-ea59-4d7e-9764-33e94324905e/0340ae63-57eb-4686-b782-64dfc9f7d2b9/rotate5_1_-2.599999999999998.png'}, {'key': 'rotate5_1_-2.3999999999999977', 'path': '/opt/***/data/temp/91c15d4f-ea59-4d7e-9764-33e94324905e/0340ae63-57eb-4686-b782-64dfc9f7d2b9/rotate5_1_-2.3999999999999977.png'}, {'key': 'rotate5_1_-2.1999999999999975', 'path': '/opt/***/data/temp/91c15d4f-ea59-4d7e-9764-33e94324905e/0340ae63-57eb-4686-b782-64dfc9f7d2b9/rotate5_1_-2.1999999999999975.png'}, {'key': 'rotate5_1_-1.9999999999999973', 'path': '/opt/***/data/temp/91c15d4f-ea59-4d7e-9764-33e94324905e/0340ae63-57eb-4686-b782-64dfc9f7d2b9/rotate5_1_-1.9999999999999973.png'}, {'key': 'rotate5_1_-1.7999999999999972', 'path': '/opt/***/data/temp/91c15d4f-ea59-4d7e-9764-33e94324905e/0340ae63-57eb-4686-b782-64dfc9f7d2b9/rotate5_1_-1.7999999999999972.png'}, {'key': 'rotate5_1_-1.599999999999997', 'path': '/opt/***/data/temp/91c15d4f-ea59-4d7e-9764-33e94324905e/0340ae63-57eb-4686-b782-64dfc9f7d2b9/rotate5_1_-1.599999999999997.png'}, {'key': 'rotate5_1_-1.3999999999999968', 'path': '/opt/***/data/temp/91c15d4f-ea59-4d7e-9764-33e94324905e/0340ae63-57eb-4686-b782-64dfc9f7d2b9/rotate5_1_-1.3999999999999968.png'}, {'key': 'rotate5_1_-1.1999999999999966', 'path': '/opt/***/data/temp/91c15d4f-ea59-4d7e-9764-33e94324905e/0340ae63-57eb-4686-b782-64dfc9f7d2b9/rotate5_1_-1.1999999999999966.png'}, {'key': 'rotate5_1_-0.9999999999999964', 'path': '/opt/***/data/temp/91c15d4f-ea59-4d7e-9764-33e94324905e/0340ae63-57eb-4686-b782-64dfc9f7d2b9/rotate5_1_-0.9999999999999964.png'}, {'key': 'rotate5_1_-0.7999999999999963', 'path': '/opt/***/data/temp/91c15d4f-ea59-4d7e-9764-33e94324905e/0340ae63-57eb-4686-b782-64dfc9f7d2b9/rotate5_1_-0.7999999999999963.png'}, {'key': 'rotate5_1_-0.5999999999999961', 'path': '/opt/***/data/temp/91c15d4f-ea59-4d7e-9764-33e94324905e/0340ae63-57eb-4686-b782-64dfc9f7d2b9/rotate5_1_-0.5999999999999961.png'}, {'key': 'rotate5_1_-0.3999999999999959', 'path': '/opt/***/data/temp/91c15d4f-ea59-4d7e-9764-33e94324905e/0340ae63-57eb-4686-b782-64dfc9f7d2b9/rotate5_1_-0.3999999999999959.png'}, {'key': 'rotate5_1_-0.19999999999999574', 'path': '/opt/***/data/temp/91c15d4f-ea59-4d7e-9764-33e94324905e/0340ae63-57eb-4686-b782-64dfc9f7d2b9/rotate5_1_-0.19999999999999574.png'}, {'key': 'rotate5_1_4.440892098500626e-15', 'path': '/opt/***/data/temp/91c15d4f-ea59-4d7e-9764-33e94324905e/0340ae63-57eb-4686-b782-64dfc9f7d2b9/rotate5_1_4.440892098500626e-15.png'}, {'key': 'rotate5_1_0.20000000000000462', 'path': '/opt/***/data/temp/91c15d4f-ea59-4d7e-9764-33e94324905e/0340ae63-57eb-4686-b782-64dfc9f7d2b9/rotate5_1_0.20000000000000462.png'}, {'key': 'rotate5_1_0.4000000000000048', 'path': '/opt/***/data/temp/91c15d4f-ea59-4d7e-9764-33e94324905e/0340ae63-57eb-4686-b782-64dfc9f7d2b9/rotate5_1_0.4000000000000048.png'}, {'key': 'rotate5_1_0.600000000000005', 'path': '/opt/***/data/temp/91c15d4f-ea59-4d7e-9764-33e94324905e/0340ae63-57eb-4686-b782-64dfc9f7d2b9/rotate5_1_0.600000000000005.png'}, {'key': 'rotate5_1_0.8000000000000052', 'path': '/opt/***/data/temp/91c15d4f-ea59-4d7e-9764-33e94324905e/0340ae63-57eb-4686-b782-64dfc9f7d2b9/rotate5_1_0.8000000000000052.png'}, {'key': 'rotate5_1_1.0000000000000053', 'path': '/opt/***/data/temp/91c15d4f-ea59-4d7e-9764-33e94324905e/0340ae63-57eb-4686-b782-64dfc9f7d2b9/rotate5_1_1.0000000000000053.png'}, {'key': 'rotate5_1_1.2000000000000055', 'path': '/opt/***/data/temp/91c15d4f-ea59-4d7e-9764-33e94324905e/0340ae63-57eb-4686-b782-64dfc9f7d2b9/rotate5_1_1.2000000000000055.png'}, {'key': 'rotate5_1_1.4000000000000057', 'path': '/opt/***/data/temp/91c15d4f-ea59-4d7e-9764-33e94324905e/0340ae63-57eb-4686-b782-64dfc9f7d2b9/rotate5_1_1.4000000000000057.png'}, {'key': 'rotate5_1_1.6000000000000059', 'path': '/opt/***/data/temp/91c15d4f-ea59-4d7e-9764-33e94324905e/0340ae63-57eb-4686-b782-64dfc9f7d2b9/rotate5_1_1.6000000000000059.png'}, {'key': 'rotate5_1_1.800000000000006', 'path': '/opt/***/data/temp/91c15d4f-ea59-4d7e-9764-33e94324905e/0340ae63-57eb-4686-b782-64dfc9f7d2b9/rotate5_1_1.800000000000006.png'}, {'key': 'rotate5_1_2.000000000000006', 'path': '/opt/***/data/temp/91c15d4f-ea59-4d7e-9764-33e94324905e/0340ae63-57eb-4686-b782-64dfc9f7d2b9/rotate5_1_2.000000000000006.png'}, {'key': 'rotate5_1_2.2000000000000064', 'path': '/opt/***/data/temp/91c15d4f-ea59-4d7e-9764-33e94324905e/0340ae63-57eb-4686-b782-64dfc9f7d2b9/rotate5_1_2.2000000000000064.png'}, {'key': 'rotate5_1_2.4000000000000066', 'path': '/opt/***/data/temp/91c15d4f-ea59-4d7e-9764-33e94324905e/0340ae63-57eb-4686-b782-64dfc9f7d2b9/rotate5_1_2.4000000000000066.png'}, {'key': 'rotate5_1_2.6000000000000068', 'path': '/opt/***/data/temp/91c15d4f-ea59-4d7e-9764-33e94324905e/0340ae63-57eb-4686-b782-64dfc9f7d2b9/rotate5_1_2.6000000000000068.png'}, {'key': 'rotate5_1_2.800000000000007', 'path': '/opt/***/data/temp/91c15d4f-ea59-4d7e-9764-33e94324905e/0340ae63-57eb-4686-b782-64dfc9f7d2b9/rotate5_1_2.800000000000007.png'}, {'key': 'rotate5_1_3.000000000000007', 'path': '/opt/***/data/temp/91c15d4f-ea59-4d7e-9764-33e94324905e/0340ae63-57eb-4686-b782-64dfc9f7d2b9/rotate5_1_3.000000000000007.png'}, {'key': 'rotate5_1_3.2000000000000064', 'path': '/opt/***/data/temp/91c15d4f-ea59-4d7e-9764-33e94324905e/0340ae63-57eb-4686-b782-64dfc9f7d2b9/rotate5_1_3.2000000000000064.png'}, {'key': 'rotate5_1_3.4000000000000075', 'path': '/opt/***/data/temp/91c15d4f-ea59-4d7e-9764-33e94324905e/0340ae63-57eb-4686-b782-64dfc9f7d2b9/rotate5_1_3.4000000000000075.png'}, {'key': 'rotate5_1_3.6000000000000085', 'path': '/opt/***/data/temp/91c15d4f-ea59-4d7e-9764-33e94324905e/0340ae63-57eb-4686-b782-64dfc9f7d2b9/rotate5_1_3.6000000000000085.png'}, {'key': 'rotate5_1_3.800000000000008', 'path': '/opt/***/data/temp/91c15d4f-ea59-4d7e-9764-33e94324905e/0340ae63-57eb-4686-b782-64dfc9f7d2b9/rotate5_1_3.800000000000008.png'}, {'key': 'rotate5_1_4.000000000000007', 'path': '/opt/***/data/temp/91c15d4f-ea59-4d7e-9764-33e94324905e/0340ae63-57eb-4686-b782-64dfc9f7d2b9/rotate5_1_4.000000000000007.png'}, {'key': 'rotate5_1_4.200000000000008', 'path': '/opt/***/data/temp/91c15d4f-ea59-4d7e-9764-33e94324905e/0340ae63-57eb-4686-b782-64dfc9f7d2b9/rotate5_1_4.200000000000008.png'}, {'key': 'rotate5_1_4.400000000000009', 'path': '/opt/***/data/temp/91c15d4f-ea59-4d7e-9764-33e94324905e/0340ae63-57eb-4686-b782-64dfc9f7d2b9/rotate5_1_4.400000000000009.png'}, {'key': 'rotate5_1_4.6000000000000085', 'path': '/opt/***/data/temp/91c15d4f-ea59-4d7e-9764-33e94324905e/0340ae63-57eb-4686-b782-64dfc9f7d2b9/rotate5_1_4.6000000000000085.png'}, {'key': 'rotate5_1_4.800000000000008', 'path': '/opt/***/data/temp/91c15d4f-ea59-4d7e-9764-33e94324905e/0340ae63-57eb-4686-b782-64dfc9f7d2b9/rotate5_1_4.800000000000008.png'}, {'key': 'rotate5_1_5.000000000000009', 'path': '/opt/***/data/temp/91c15d4f-ea59-4d7e-9764-33e94324905e/0340ae63-57eb-4686-b782-64dfc9f7d2b9/rotate5_1_5.000000000000009.png'}, {'key': 'rotate5_2_-5.0', 'path': '/opt/***/data/temp/91c15d4f-ea59-4d7e-9764-33e94324905e/0340ae63-57eb-4686-b782-64dfc9f7d2b9/rotate5_2_-5.0.png'}, {'key': 'rotate5_2_-4.8', 'path': '/opt/***/data/temp/91c15d4f-ea59-4d7e-9764-33e94324905e/0340ae63-57eb-4686-b782-64dfc9f7d2b9/rotate5_2_-4.8.png'}, {'key': 'rotate5_2_-4.6', 'path': '/opt/***/data/temp/91c15d4f-ea59-4d7e-9764-33e94324905e/0340ae63-57eb-4686-b782-64dfc9f7d2b9/rotate5_2_-4.6.png'}, {'key': 'rotate5_2_-4.3999999999999995', 'path': '/opt/***/data/temp/91c15d4f-ea59-4d7e-9764-33e94324905e/0340ae63-57eb-4686-b782-64dfc9f7d2b9/rotate5_2_-4.3999999999999995.png'}, {'key': 'rotate5_2_-4.199999999999999', 'path': '/opt/***/data/temp/91c15d4f-ea59-4d7e-9764-33e94324905e/0340ae63-57eb-4686-b782-64dfc9f7d2b9/rotate5_2_-4.199999999999999.png'}, {'key': 'rotate5_2_-3.999999999999999', 'path': '/opt/***/data/temp/91c15d4f-ea59-4d7e-9764-33e94324905e/0340ae63-57eb-4686-b782-64dfc9f7d2b9/rotate5_2_-3.999999999999999.png'}, {'key': 'rotate5_2_-3.799999999999999', 'path': '/opt/***/data/temp/91c15d4f-ea59-4d7e-9764-33e94324905e/0340ae63-57eb-4686-b782-64dfc9f7d2b9/rotate5_2_-3.799999999999999.png'}, {'key': 'rotate5_2_-3.5999999999999988', 'path': '/opt/***/data/temp/91c15d4f-ea59-4d7e-9764-33e94324905e/0340ae63-57eb-4686-b782-64dfc9f7d2b9/rotate5_2_-3.5999999999999988.png'}, {'key': 'rotate5_2_-3.3999999999999986', 'path': '/opt/***/data/temp/91c15d4f-ea59-4d7e-9764-33e94324905e/0340ae63-57eb-4686-b782-64dfc9f7d2b9/rotate5_2_-3.3999999999999986.png'}, {'key': 'rotate5_2_-3.1999999999999984', 'path': '/opt/***/data/temp/91c15d4f-ea59-4d7e-9764-33e94324905e/0340ae63-57eb-4686-b782-64dfc9f7d2b9/rotate5_2_-3.1999999999999984.png'}, {'key': 'rotate5_2_-2.9999999999999982', 'path': '/opt/***/data/temp/91c15d4f-ea59-4d7e-9764-33e94324905e/0340ae63-57eb-4686-b782-64dfc9f7d2b9/rotate5_2_-2.9999999999999982.png'}, {'key': 'rotate5_2_-2.799999999999998', 'path': '/opt/***/data/temp/91c15d4f-ea59-4d7e-9764-33e94324905e/0340ae63-57eb-4686-b782-64dfc9f7d2b9/rotate5_2_-2.799999999999998.png'}, {'key': 'rotate5_2_-2.599999999999998', 'path': '/opt/***/data/temp/91c15d4f-ea59-4d7e-9764-33e94324905e/0340ae63-57eb-4686-b782-64dfc9f7d2b9/rotate5_2_-2.599999999999998.png'}, {'key': 'rotate5_2_-2.3999999999999977', 'path': '/opt/***/data/temp/91c15d4f-ea59-4d7e-9764-33e94324905e/0340ae63-57eb-4686-b782-64dfc9f7d2b9/rotate5_2_-2.3999999999999977.png'}, {'key': 'rotate5_2_-2.1999999999999975', 'path': '/opt/***/data/temp/91c15d4f-ea59-4d7e-9764-33e94324905e/0340ae63-57eb-4686-b782-64dfc9f7d2b9/rotate5_2_-2.1999999999999975.png'}, {'key': 'rotate5_2_-1.9999999999999973', 'path': '/opt/***/data/temp/91c15d4f-ea59-4d7e-9764-33e94324905e/0340ae63-57eb-4686-b782-64dfc9f7d2b9/rotate5_2_-1.9999999999999973.png'}, {'key': 'rotate5_2_-1.7999999999999972', 'path': '/opt/***/data/temp/91c15d4f-ea59-4d7e-9764-33e94324905e/0340ae63-57eb-4686-b782-64dfc9f7d2b9/rotate5_2_-1.7999999999999972.png'}, {'key': 'rotate5_2_-1.599999999999997', 'path': '/opt/***/data/temp/91c15d4f-ea59-4d7e-9764-33e94324905e/0340ae63-57eb-4686-b782-64dfc9f7d2b9/rotate5_2_-1.599999999999997.png'}, {'key': 'rotate5_2_-1.3999999999999968', 'path': '/opt/***/data/temp/91c15d4f-ea59-4d7e-9764-33e94324905e/0340ae63-57eb-4686-b782-64dfc9f7d2b9/rotate5_2_-1.3999999999999968.png'}, {'key': 'rotate5_2_-1.1999999999999966', 'path': '/opt/***/data/temp/91c15d4f-ea59-4d7e-9764-33e94324905e/0340ae63-57eb-4686-b782-64dfc9f7d2b9/rotate5_2_-1.1999999999999966.png'}, {'key': 'rotate5_2_-0.9999999999999964', 'path': '/opt/***/data/temp/91c15d4f-ea59-4d7e-9764-33e94324905e/0340ae63-57eb-4686-b782-64dfc9f7d2b9/rotate5_2_-0.9999999999999964.png'}, {'key': 'rotate5_2_-0.7999999999999963', 'path': '/opt/***/data/temp/91c15d4f-ea59-4d7e-9764-33e94324905e/0340ae63-57eb-4686-b782-64dfc9f7d2b9/rotate5_2_-0.7999999999999963.png'}, {'key': 'rotate5_2_-0.5999999999999961', 'path': '/opt/***/data/temp/91c15d4f-ea59-4d7e-9764-33e94324905e/0340ae63-57eb-4686-b782-64dfc9f7d2b9/rotate5_2_-0.5999999999999961.png'}, {'key': 'rotate5_2_-0.3999999999999959', 'path': '/opt/***/data/temp/91c15d4f-ea59-4d7e-9764-33e94324905e/0340ae63-57eb-4686-b782-64dfc9f7d2b9/rotate5_2_-0.3999999999999959.png'}, {'key': 'rotate5_2_-0.19999999999999574', 'path': '/opt/***/data/temp/91c15d4f-ea59-4d7e-9764-33e94324905e/0340ae63-57eb-4686-b782-64dfc9f7d2b9/rotate5_2_-0.19999999999999574.png'}, {'key': 'rotate5_2_4.440892098500626e-15', 'path': '/opt/***/data/temp/91c15d4f-ea59-4d7e-9764-33e94324905e/0340ae63-57eb-4686-b782-64dfc9f7d2b9/rotate5_2_4.440892098500626e-15.png'}, {'key': 'rotate5_2_0.20000000000000462', 'path': '/opt/***/data/temp/91c15d4f-ea59-4d7e-9764-33e94324905e/0340ae63-57eb-4686-b782-64dfc9f7d2b9/rotate5_2_0.20000000000000462.png'}, {'key': 'rotate5_2_0.4000000000000048', 'path': '/opt/***/data/temp/91c15d4f-ea59-4d7e-9764-33e94324905e/0340ae63-57eb-4686-b782-64dfc9f7d2b9/rotate5_2_0.4000000000000048.png'}, {'key': 'rotate5_2_0.600000000000005', 'path': '/opt/***/data/temp/91c15d4f-ea59-4d7e-9764-33e94324905e/0340ae63-57eb-4686-b782-64dfc9f7d2b9/rotate5_2_0.600000000000005.png'}, {'key': 'rotate5_2_0.8000000000000052', 'path': '/opt/***/data/temp/91c15d4f-ea59-4d7e-9764-33e94324905e/0340ae63-57eb-4686-b782-64dfc9f7d2b9/rotate5_2_0.8000000000000052.png'}, {'key': 'rotate5_2_1.0000000000000053', 'path': '/opt/***/data/temp/91c15d4f-ea59-4d7e-9764-33e94324905e/0340ae63-57eb-4686-b782-64dfc9f7d2b9/rotate5_2_1.0000000000000053.png'}, {'key': 'rotate5_2_1.2000000000000055', 'path': '/opt/***/data/temp/91c15d4f-ea59-4d7e-9764-33e94324905e/0340ae63-57eb-4686-b782-64dfc9f7d2b9/rotate5_2_1.2000000000000055.png'}, {'key': 'rotate5_2_1.4000000000000057', 'path': '/opt/***/data/temp/91c15d4f-ea59-4d7e-9764-33e94324905e/0340ae63-57eb-4686-b782-64dfc9f7d2b9/rotate5_2_1.4000000000000057.png'}, {'key': 'rotate5_2_1.6000000000000059', 'path': '/opt/***/data/temp/91c15d4f-ea59-4d7e-9764-33e94324905e/0340ae63-57eb-4686-b782-64dfc9f7d2b9/rotate5_2_1.6000000000000059.png'}, {'key': 'rotate5_2_1.800000000000006', 'path': '/opt/***/data/temp/91c15d4f-ea59-4d7e-9764-33e94324905e/0340ae63-57eb-4686-b782-64dfc9f7d2b9/rotate5_2_1.800000000000006.png'}, {'key': 'rotate5_2_2.000000000000006', 'path': '/opt/***/data/temp/91c15d4f-ea59-4d7e-9764-33e94324905e/0340ae63-57eb-4686-b782-64dfc9f7d2b9/rotate5_2_2.000000000000006.png'}, {'key': 'rotate5_2_2.2000000000000064', 'path': '/opt/***/data/temp/91c15d4f-ea59-4d7e-9764-33e94324905e/0340ae63-57eb-4686-b782-64dfc9f7d2b9/rotate5_2_2.2000000000000064.png'}, {'key': 'rotate5_2_2.4000000000000066', 'path': '/opt/***/data/temp/91c15d4f-ea59-4d7e-9764-33e94324905e/0340ae63-57eb-4686-b782-64dfc9f7d2b9/rotate5_2_2.4000000000000066.png'}, {'key': 'rotate5_2_2.6000000000000068', 'path': '/opt/***/data/temp/91c15d4f-ea59-4d7e-9764-33e94324905e/0340ae63-57eb-4686-b782-64dfc9f7d2b9/rotate5_2_2.6000000000000068.png'}, {'key': 'rotate5_2_2.800000000000007', 'path': '/opt/***/data/temp/91c15d4f-ea59-4d7e-9764-33e94324905e/0340ae63-57eb-4686-b782-64dfc9f7d2b9/rotate5_2_2.800000000000007.png'}, {'key': 'rotate5_2_3.000000000000007', 'path': '/opt/***/data/temp/91c15d4f-ea59-4d7e-9764-33e94324905e/0340ae63-57eb-4686-b782-64dfc9f7d2b9/rotate5_2_3.000000000000007.png'}, {'key': 'rotate5_2_3.2000000000000064', 'path': '/opt/***/data/temp/91c15d4f-ea59-4d7e-9764-33e94324905e/0340ae63-57eb-4686-b782-64dfc9f7d2b9/rotate5_2_3.2000000000000064.png'}, {'key': 'rotate5_2_3.4000000000000075', 'path': '/opt/***/data/temp/91c15d4f-ea59-4d7e-9764-33e94324905e/0340ae63-57eb-4686-b782-64dfc9f7d2b9/rotate5_2_3.4000000000000075.png'}, {'key': 'rotate5_2_3.6000000000000085', 'path': '/opt/***/data/temp/91c15d4f-ea59-4d7e-9764-33e94324905e/0340ae63-57eb-4686-b782-64dfc9f7d2b9/rotate5_2_3.6000000000000085.png'}, {'key': 'rotate5_2_3.800000000000008', 'path': '/opt/***/data/temp/91c15d4f-ea59-4d7e-9764-33e94324905e/0340ae63-57eb-4686-b782-64dfc9f7d2b9/rotate5_2_3.800000000000008.png'}, {'key': 'rotate5_2_4.000000000000007', 'path': '/opt/***/data/temp/91c15d4f-ea59-4d7e-9764-33e94324905e/0340ae63-57eb-4686-b782-64dfc9f7d2b9/rotate5_2_4.000000000000007.png'}, {'key': 'rotate5_2_4.200000000000008', 'path': '/opt/***/data/temp/91c15d4f-ea59-4d7e-9764-33e94324905e/0340ae63-57eb-4686-b782-64dfc9f7d2b9/rotate5_2_4.200000000000008.png'}, {'key': 'rotate5_2_4.400000000000009', 'path': '/opt/***/data/temp/91c15d4f-ea59-4d7e-9764-33e94324905e/0340ae63-57eb-4686-b782-64dfc9f7d2b9/rotate5_2_4.400000000000009.png'}, {'key': 'rotate5_2_4.6000000000000085', 'path': '/opt/***/data/temp/91c15d4f-ea59-4d7e-9764-33e94324905e/0340ae63-57eb-4686-b782-64dfc9f7d2b9/rotate5_2_4.6000000000000085.png'}, {'key': 'rotate5_2_4.800000000000008', 'path': '/opt/***/data/temp/91c15d4f-ea59-4d7e-9764-33e94324905e/0340ae63-57eb-4686-b782-64dfc9f7d2b9/rotate5_2_4.800000000000008.png'}, {'key': 'rotate5_2_5.000000000000009', 'path': '/opt/***/data/temp/91c15d4f-ea59-4d7e-9764-33e94324905e/0340ae63-57eb-4686-b782-64dfc9f7d2b9/rotate5_2_5.000000000000009.png'}, {'key': 'rotate5_3_-5.0', 'path': '/opt/***/data/temp/91c15d4f-ea59-4d7e-9764-33e94324905e/0340ae63-57eb-4686-b782-64dfc9f7d2b9/rotate5_3_-5.0.png'}, {'key': 'rotate5_3_-4.8', 'path': '/opt/***/data/temp/91c15d4f-ea59-4d7e-9764-33e94324905e/0340ae63-57eb-4686-b782-64dfc9f7d2b9/rotate5_3_-4.8.png'}, {'key': 'rotate5_3_-4.6', 'path': '/opt/***/data/temp/91c15d4f-ea59-4d7e-9764-33e94324905e/0340ae63-57eb-4686-b782-64dfc9f7d2b9/rotate5_3_-4.6.png'}, {'key': 'rotate5_3_-4.3999999999999995', 'path': '/opt/***/data/temp/91c15d4f-ea59-4d7e-9764-33e94324905e/0340ae63-57eb-4686-b782-64dfc9f7d2b9/rotate5_3_-4.3999999999999995.png'}, {'key': 'rotate5_3_-4.199999999999999', 'path': '/opt/***/data/temp/91c15d4f-ea59-4d7e-9764-33e94324905e/0340ae63-57eb-4686-b782-64dfc9f7d2b9/rotate5_3_-4.199999999999999.png'}, {'key': 'rotate5_3_-3.999999999999999', 'path': '/opt/***/data/temp/91c15d4f-ea59-4d7e-9764-33e94324905e/0340ae63-57eb-4686-b782-64dfc9f7d2b9/rotate5_3_-3.999999999999999.png'}, {'key': 'rotate5_3_-3.799999999999999', 'path': '/opt/***/data/temp/91c15d4f-ea59-4d7e-9764-33e94324905e/0340ae63-57eb-4686-b782-64dfc9f7d2b9/rotate5_3_-3.799999999999999.png'}, {'key': 'rotate5_3_-3.5999999999999988', 'path': '/opt/***/data/temp/91c15d4f-ea59-4d7e-9764-33e94324905e/0340ae63-57eb-4686-b782-64dfc9f7d2b9/rotate5_3_-3.5999999999999988.png'}, {'key': 'rotate5_3_-3.3999999999999986', 'path': '/opt/***/data/temp/91c15d4f-ea59-4d7e-9764-33e94324905e/0340ae63-57eb-4686-b782-64dfc9f7d2b9/rotate5_3_-3.3999999999999986.png'}, {'key': 'rotate5_3_-3.1999999999999984', 'path': '/opt/***/data/temp/91c15d4f-ea59-4d7e-9764-33e94324905e/0340ae63-57eb-4686-b782-64dfc9f7d2b9/rotate5_3_-3.1999999999999984.png'}, {'key': 'rotate5_3_-2.9999999999999982', 'path': '/opt/***/data/temp/91c15d4f-ea59-4d7e-9764-33e94324905e/0340ae63-57eb-4686-b782-64dfc9f7d2b9/rotate5_3_-2.9999999999999982.png'}, {'key': 'rotate5_3_-2.799999999999998', 'path': '/opt/***/data/temp/91c15d4f-ea59-4d7e-9764-33e94324905e/0340ae63-57eb-4686-b782-64dfc9f7d2b9/rotate5_3_-2.799999999999998.png'}, {'key': 'rotate5_3_-2.599999999999998', 'path': '/opt/***/data/temp/91c15d4f-ea59-4d7e-9764-33e94324905e/0340ae63-57eb-4686-b782-64dfc9f7d2b9/rotate5_3_-2.599999999999998.png'}, {'key': 'rotate5_3_-2.3999999999999977', 'path': '/opt/***/data/temp/91c15d4f-ea59-4d7e-9764-33e94324905e/0340ae63-57eb-4686-b782-64dfc9f7d2b9/rotate5_3_-2.3999999999999977.png'}, {'key': 'rotate5_3_-2.1999999999999975', 'path': '/opt/***/data/temp/91c15d4f-ea59-4d7e-9764-33e94324905e/0340ae63-57eb-4686-b782-64dfc9f7d2b9/rotate5_3_-2.1999999999999975.png'}, {'key': 'rotate5_3_-1.9999999999999973', 'path': '/opt/***/data/temp/91c15d4f-ea59-4d7e-9764-33e94324905e/0340ae63-57eb-4686-b782-64dfc9f7d2b9/rotate5_3_-1.9999999999999973.png'}, {'key': 'rotate5_3_-1.7999999999999972', 'path': '/opt/***/data/temp/91c15d4f-ea59-4d7e-9764-33e94324905e/0340ae63-57eb-4686-b782-64dfc9f7d2b9/rotate5_3_-1.7999999999999972.png'}, {'key': 'rotate5_3_-1.599999999999997', 'path': '/opt/***/data/temp/91c15d4f-ea59-4d7e-9764-33e94324905e/0340ae63-57eb-4686-b782-64dfc9f7d2b9/rotate5_3_-1.599999999999997.png'}, {'key': 'rotate5_3_-1.3999999999999968', 'path': '/opt/***/data/temp/91c15d4f-ea59-4d7e-9764-33e94324905e/0340ae63-57eb-4686-b782-64dfc9f7d2b9/rotate5_3_-1.3999999999999968.png'}, {'key': 'rotate5_3_-1.1999999999999966', 'path': '/opt/***/data/temp/91c15d4f-ea59-4d7e-9764-33e94324905e/0340ae63-57eb-4686-b782-64dfc9f7d2b9/rotate5_3_-1.1999999999999966.png'}, {'key': 'rotate5_3_-0.9999999999999964', 'path': '/opt/***/data/temp/91c15d4f-ea59-4d7e-9764-33e94324905e/0340ae63-57eb-4686-b782-64dfc9f7d2b9/rotate5_3_-0.9999999999999964.png'}, {'key': 'rotate5_3_-0.7999999999999963', 'path': '/opt/***/data/temp/91c15d4f-ea59-4d7e-9764-33e94324905e/0340ae63-57eb-4686-b782-64dfc9f7d2b9/rotate5_3_-0.7999999999999963.png'}, {'key': 'rotate5_3_-0.5999999999999961', 'path': '/opt/***/data/temp/91c15d4f-ea59-4d7e-9764-33e94324905e/0340ae63-57eb-4686-b782-64dfc9f7d2b9/rotate5_3_-0.5999999999999961.png'}, {'key': 'rotate5_3_-0.3999999999999959', 'path': '/opt/***/data/temp/91c15d4f-ea59-4d7e-9764-33e94324905e/0340ae63-57eb-4686-b782-64dfc9f7d2b9/rotate5_3_-0.3999999999999959.png'}, {'key': 'rotate5_3_-0.19999999999999574', 'path': '/opt/***/data/temp/91c15d4f-ea59-4d7e-9764-33e94324905e/0340ae63-57eb-4686-b782-64dfc9f7d2b9/rotate5_3_-0.19999999999999574.png'}, {'key': 'rotate5_3_4.440892098500626e-15', 'path': '/opt/***/data/temp/91c15d4f-ea59-4d7e-9764-33e94324905e/0340ae63-57eb-4686-b782-64dfc9f7d2b9/rotate5_3_4.440892098500626e-15.png'}, {'key': 'rotate5_3_0.20000000000000462', 'path': '/opt/***/data/temp/91c15d4f-ea59-4d7e-9764-33e94324905e/0340ae63-57eb-4686-b782-64dfc9f7d2b9/rotate5_3_0.20000000000000462.png'}, {'key': 'rotate5_3_0.4000000000000048', 'path': '/opt/***/data/temp/91c15d4f-ea59-4d7e-9764-33e94324905e/0340ae63-57eb-4686-b782-64dfc9f7d2b9/rotate5_3_0.4000000000000048.png'}, {'key': 'rotate5_3_0.600000000000005', 'path': '/opt/***/data/temp/91c15d4f-ea59-4d7e-9764-33e94324905e/0340ae63-57eb-4686-b782-64dfc9f7d2b9/rotate5_3_0.600000000000005.png'}, {'key': 'rotate5_3_0.8000000000000052', 'path': '/opt/***/data/temp/91c15d4f-ea59-4d7e-9764-33e94324905e/0340ae63-57eb-4686-b782-64dfc9f7d2b9/rotate5_3_0.8000000000000052.png'}, {'key': 'rotate5_3_1.0000000000000053', 'path': '/opt/***/data/temp/91c15d4f-ea59-4d7e-9764-33e94324905e/0340ae63-57eb-4686-b782-64dfc9f7d2b9/rotate5_3_1.0000000000000053.png'}, {'key': 'rotate5_3_1.2000000000000055', 'path': '/opt/***/data/temp/91c15d4f-ea59-4d7e-9764-33e94324905e/0340ae63-57eb-4686-b782-64dfc9f7d2b9/rotate5_3_1.2000000000000055.png'}, {'key': 'rotate5_3_1.4000000000000057', 'path': '/opt/***/data/temp/91c15d4f-ea59-4d7e-9764-33e94324905e/0340ae63-57eb-4686-b782-64dfc9f7d2b9/rotate5_3_1.4000000000000057.png'}, {'key': 'rotate5_3_1.6000000000000059', 'path': '/opt/***/data/temp/91c15d4f-ea59-4d7e-9764-33e94324905e/0340ae63-57eb-4686-b782-64dfc9f7d2b9/rotate5_3_1.6000000000000059.png'}, {'key': 'rotate5_3_1.800000000000006', 'path': '/opt/***/data/temp/91c15d4f-ea59-4d7e-9764-33e94324905e/0340ae63-57eb-4686-b782-64dfc9f7d2b9/rotate5_3_1.800000000000006.png'}, {'key': 'rotate5_3_2.000000000000006', 'path': '/opt/***/data/temp/91c15d4f-ea59-4d7e-9764-33e94324905e/0340ae63-57eb-4686-b782-64dfc9f7d2b9/rotate5_3_2.000000000000006.png'}, {'key': 'rotate5_3_2.2000000000000064', 'path': '/opt/***/data/temp/91c15d4f-ea59-4d7e-9764-33e94324905e/0340ae63-57eb-4686-b782-64dfc9f7d2b9/rotate5_3_2.2000000000000064.png'}, {'key': 'rotate5_3_2.4000000000000066', 'path': '/opt/***/data/temp/91c15d4f-ea59-4d7e-9764-33e94324905e/0340ae63-57eb-4686-b782-64dfc9f7d2b9/rotate5_3_2.4000000000000066.png'}, {'key': 'rotate5_3_2.6000000000000068', 'path': '/opt/***/data/temp/91c15d4f-ea59-4d7e-9764-33e94324905e/0340ae63-57eb-4686-b782-64dfc9f7d2b9/rotate5_3_2.6000000000000068.png'}, {'key': 'rotate5_3_2.800000000000007', 'path': '/opt/***/data/temp/91c15d4f-ea59-4d7e-9764-33e94324905e/0340ae63-57eb-4686-b782-64dfc9f7d2b9/rotate5_3_2.800000000000007.png'}, {'key': 'rotate5_3_3.000000000000007', 'path': '/opt/***/data/temp/91c15d4f-ea59-4d7e-9764-33e94324905e/0340ae63-57eb-4686-b782-64dfc9f7d2b9/rotate5_3_3.000000000000007.png'}, {'key': 'rotate5_3_3.2000000000000064', 'path': '/opt/***/data/temp/91c15d4f-ea59-4d7e-9764-33e94324905e/0340ae63-57eb-4686-b782-64dfc9f7d2b9/rotate5_3_3.2000000000000064.png'}, {'key': 'rotate5_3_3.4000000000000075', 'path': '/opt/***/data/temp/91c15d4f-ea59-4d7e-9764-33e94324905e/0340ae63-57eb-4686-b782-64dfc9f7d2b9/rotate5_3_3.4000000000000075.png'}, {'key': 'rotate5_3_3.6000000000000085', 'path': '/opt/***/data/temp/91c15d4f-ea59-4d7e-9764-33e94324905e/0340ae63-57eb-4686-b782-64dfc9f7d2b9/rotate5_3_3.6000000000000085.png'}, {'key': 'rotate5_3_3.800000000000008', 'path': '/opt/***/data/temp/91c15d4f-ea59-4d7e-9764-33e94324905e/0340ae63-57eb-4686-b782-64dfc9f7d2b9/rotate5_3_3.800000000000008.png'}, {'key': 'rotate5_3_4.000000000000007', 'path': '/opt/***/data/temp/91c15d4f-ea59-4d7e-9764-33e94324905e/0340ae63-57eb-4686-b782-64dfc9f7d2b9/rotate5_3_4.000000000000007.png'}, {'key': 'rotate5_3_4.200000000000008', 'path': '/opt/***/data/temp/91c15d4f-ea59-4d7e-9764-33e94324905e/0340ae63-57eb-4686-b782-64dfc9f7d2b9/rotate5_3_4.200000000000008.png'}, {'key': 'rotate5_3_4.400000000000009', 'path': '/opt/***/data/temp/91c15d4f-ea59-4d7e-9764-33e94324905e/0340ae63-57eb-4686-b782-64dfc9f7d2b9/rotate5_3_4.400000000000009.png'}, {'key': 'rotate5_3_4.6000000000000085', 'path': '/opt/***/data/temp/91c15d4f-ea59-4d7e-9764-33e94324905e/0340ae63-57eb-4686-b782-64dfc9f7d2b9/rotate5_3_4.6000000000000085.png'}, {'key': 'rotate5_3_4.800000000000008', 'path': '/opt/***/data/temp/91c15d4f-ea59-4d7e-9764-33e94324905e/0340ae63-57eb-4686-b782-64dfc9f7d2b9/rotate5_3_4.800000000000008.png'}, {'key': 'rotate5_3_5.000000000000009', 'path': '/opt/***/data/temp/91c15d4f-ea59-4d7e-9764-33e94324905e/0340ae63-57eb-4686-b782-64dfc9f7d2b9/rotate5_3_5.000000000000009.png'}, {'key': 'rotate5_4_-5.0', 'path': '/opt/***/data/temp/91c15d4f-ea59-4d7e-9764-33e94324905e/0340ae63-57eb-4686-b782-64dfc9f7d2b9/rotate5_4_-5.0.png'}, {'key': 'rotate5_4_-4.8', 'path': '/opt/***/data/temp/91c15d4f-ea59-4d7e-9764-33e94324905e/0340ae63-57eb-4686-b782-64dfc9f7d2b9/rotate5_4_-4.8.png'}, {'key': 'rotate5_4_-4.6', 'path': '/opt/***/data/temp/91c15d4f-ea59-4d7e-9764-33e94324905e/0340ae63-57eb-4686-b782-64dfc9f7d2b9/rotate5_4_-4.6.png'}, {'key': 'rotate5_4_-4.3999999999999995', 'path': '/opt/***/data/temp/91c15d4f-ea59-4d7e-9764-33e94324905e/0340ae63-57eb-4686-b782-64dfc9f7d2b9/rotate5_4_-4.3999999999999995.png'}, {'key': 'rotate5_4_-4.199999999999999', 'path': '/opt/***/data/temp/91c15d4f-ea59-4d7e-9764-33e94324905e/0340ae63-57eb-4686-b782-64dfc9f7d2b9/rotate5_4_-4.199999999999999.png'}, {'key': 'rotate5_4_-3.999999999999999', 'path': '/opt/***/data/temp/91c15d4f-ea59-4d7e-9764-33e94324905e/0340ae63-57eb-4686-b782-64dfc9f7d2b9/rotate5_4_-3.999999999999999.png'}, {'key': 'rotate5_4_-3.799999999999999', 'path': '/opt/***/data/temp/91c15d4f-ea59-4d7e-9764-33e94324905e/0340ae63-57eb-4686-b782-64dfc9f7d2b9/rotate5_4_-3.799999999999999.png'}, {'key': 'rotate5_4_-3.5999999999999988', 'path': '/opt/***/data/temp/91c15d4f-ea59-4d7e-9764-33e94324905e/0340ae63-57eb-4686-b782-64dfc9f7d2b9/rotate5_4_-3.5999999999999988.png'}, {'key': 'rotate5_4_-3.3999999999999986', 'path': '/opt/***/data/temp/91c15d4f-ea59-4d7e-9764-33e94324905e/0340ae63-57eb-4686-b782-64dfc9f7d2b9/rotate5_4_-3.3999999999999986.png'}, {'key': 'rotate5_4_-3.1999999999999984', 'path': '/opt/***/data/temp/91c15d4f-ea59-4d7e-9764-33e94324905e/0340ae63-57eb-4686-b782-64dfc9f7d2b9/rotate5_4_-3.1999999999999984.png'}, {'key': 'rotate5_4_-2.9999999999999982', 'path': '/opt/***/data/temp/91c15d4f-ea59-4d7e-9764-33e94324905e/0340ae63-57eb-4686-b782-64dfc9f7d2b9/rotate5_4_-2.9999999999999982.png'}, {'key': 'rotate5_4_-2.799999999999998', 'path': '/opt/***/data/temp/91c15d4f-ea59-4d7e-9764-33e94324905e/0340ae63-57eb-4686-b782-64dfc9f7d2b9/rotate5_4_-2.799999999999998.png'}, {'key': 'rotate5_4_-2.599999999999998', 'path': '/opt/***/data/temp/91c15d4f-ea59-4d7e-9764-33e94324905e/0340ae63-57eb-4686-b782-64dfc9f7d2b9/rotate5_4_-2.599999999999998.png'}, {'key': 'rotate5_4_-2.3999999999999977', 'path': '/opt/***/data/temp/91c15d4f-ea59-4d7e-9764-33e94324905e/0340ae63-57eb-4686-b782-64dfc9f7d2b9/rotate5_4_-2.3999999999999977.png'}, {'key': 'rotate5_4_-2.1999999999999975', 'path': '/opt/***/data/temp/91c15d4f-ea59-4d7e-9764-33e94324905e/0340ae63-57eb-4686-b782-64dfc9f7d2b9/rotate5_4_-2.1999999999999975.png'}, {'key': 'rotate5_4_-1.9999999999999973', 'path': '/opt/***/data/temp/91c15d4f-ea59-4d7e-9764-33e94324905e/0340ae63-57eb-4686-b782-64dfc9f7d2b9/rotate5_4_-1.9999999999999973.png'}, {'key': 'rotate5_4_-1.7999999999999972', 'path': '/opt/***/data/temp/91c15d4f-ea59-4d7e-9764-33e94324905e/0340ae63-57eb-4686-b782-64dfc9f7d2b9/rotate5_4_-1.7999999999999972.png'}, {'key': 'rotate5_4_-1.599999999999997', 'path': '/opt/***/data/temp/91c15d4f-ea59-4d7e-9764-33e94324905e/0340ae63-57eb-4686-b782-64dfc9f7d2b9/rotate5_4_-1.599999999999997.png'}, {'key': 'rotate5_4_-1.3999999999999968', 'path': '/opt/***/data/temp/91c15d4f-ea59-4d7e-9764-33e94324905e/0340ae63-57eb-4686-b782-64dfc9f7d2b9/rotate5_4_-1.3999999999999968.png'}, {'key': 'rotate5_4_-1.1999999999999966', 'path': '/opt/***/data/temp/91c15d4f-ea59-4d7e-9764-33e94324905e/0340ae63-57eb-4686-b782-64dfc9f7d2b9/rotate5_4_-1.1999999999999966.png'}, {'key': 'rotate5_4_-0.9999999999999964', 'path': '/opt/***/data/temp/91c15d4f-ea59-4d7e-9764-33e94324905e/0340ae63-57eb-4686-b782-64dfc9f7d2b9/rotate5_4_-0.9999999999999964.png'}, {'key': 'rotate5_4_-0.7999999999999963', 'path': '/opt/***/data/temp/91c15d4f-ea59-4d7e-9764-33e94324905e/0340ae63-57eb-4686-b782-64dfc9f7d2b9/rotate5_4_-0.7999999999999963.png'}, {'key': 'rotate5_4_-0.5999999999999961', 'path': '/opt/***/data/temp/91c15d4f-ea59-4d7e-9764-33e94324905e/0340ae63-57eb-4686-b782-64dfc9f7d2b9/rotate5_4_-0.5999999999999961.png'}, {'key': 'rotate5_4_-0.3999999999999959', 'path': '/opt/***/data/temp/91c15d4f-ea59-4d7e-9764-33e94324905e/0340ae63-57eb-4686-b782-64dfc9f7d2b9/rotate5_4_-0.3999999999999959.png'}, {'key': 'rotate5_4_-0.19999999999999574', 'path': '/opt/***/data/temp/91c15d4f-ea59-4d7e-9764-33e94324905e/0340ae63-57eb-4686-b782-64dfc9f7d2b9/rotate5_4_-0.19999999999999574.png'}, {'key': 'rotate5_4_4.440892098500626e-15', 'path': '/opt/***/data/temp/91c15d4f-ea59-4d7e-9764-33e94324905e/0340ae63-57eb-4686-b782-64dfc9f7d2b9/rotate5_4_4.440892098500626e-15.png'}, {'key': 'rotate5_4_0.20000000000000462', 'path': '/opt/***/data/temp/91c15d4f-ea59-4d7e-9764-33e94324905e/0340ae63-57eb-4686-b782-64dfc9f7d2b9/rotate5_4_0.20000000000000462.png'}, {'key': 'rotate5_4_0.4000000000000048', 'path': '/opt/***/data/temp/91c15d4f-ea59-4d7e-9764-33e94324905e/0340ae63-57eb-4686-b782-64dfc9f7d2b9/rotate5_4_0.4000000000000048.png'}, {'key': 'rotate5_4_0.600000000000005', 'path': '/opt/***/data/temp/91c15d4f-ea59-4d7e-9764-33e94324905e/0340ae63-57eb-4686-b782-64dfc9f7d2b9/rotate5_4_0.600000000000005.png'}, {'key': 'rotate5_4_0.8000000000000052', 'path': '/opt/***/data/temp/91c15d4f-ea59-4d7e-9764-33e94324905e/0340ae63-57eb-4686-b782-64dfc9f7d2b9/rotate5_4_0.8000000000000052.png'}, {'key': 'rotate5_4_1.0000000000000053', 'path': '/opt/***/data/temp/91c15d4f-ea59-4d7e-9764-33e94324905e/0340ae63-57eb-4686-b782-64dfc9f7d2b9/rotate5_4_1.0000000000000053.png'}, {'key': 'rotate5_4_1.2000000000000055', 'path': '/opt/***/data/temp/91c15d4f-ea59-4d7e-9764-33e94324905e/0340ae63-57eb-4686-b782-64dfc9f7d2b9/rotate5_4_1.2000000000000055.png'}, {'key': 'rotate5_4_1.4000000000000057', 'path': '/opt/***/data/temp/91c15d4f-ea59-4d7e-9764-33e94324905e/0340ae63-57eb-4686-b782-64dfc9f7d2b9/rotate5_4_1.4000000000000057.png'}, {'key': 'rotate5_4_1.6000000000000059', 'path': '/opt/***/data/temp/91c15d4f-ea59-4d7e-9764-33e94324905e/0340ae63-57eb-4686-b782-64dfc9f7d2b9/rotate5_4_1.6000000000000059.png'}, {'key': 'rotate5_4_1.800000000000006', 'path': '/opt/***/data/temp/91c15d4f-ea59-4d7e-9764-33e94324905e/0340ae63-57eb-4686-b782-64dfc9f7d2b9/rotate5_4_1.800000000000006.png'}, {'key': 'rotate5_4_2.000000000000006', 'path': '/opt/***/data/temp/91c15d4f-ea59-4d7e-9764-33e94324905e/0340ae63-57eb-4686-b782-64dfc9f7d2b9/rotate5_4_2.000000000000006.png'}, {'key': 'rotate5_4_2.2000000000000064', 'path': '/opt/***/data/temp/91c15d4f-ea59-4d7e-9764-33e94324905e/0340ae63-57eb-4686-b782-64dfc9f7d2b9/rotate5_4_2.2000000000000064.png'}, {'key': 'rotate5_4_2.4000000000000066', 'path': '/opt/***/data/temp/91c15d4f-ea59-4d7e-9764-33e94324905e/0340ae63-57eb-4686-b782-64dfc9f7d2b9/rotate5_4_2.4000000000000066.png'}, {'key': 'rotate5_4_2.6000000000000068', 'path': '/opt/***/data/temp/91c15d4f-ea59-4d7e-9764-33e94324905e/0340ae63-57eb-4686-b782-64dfc9f7d2b9/rotate5_4_2.6000000000000068.png'}, {'key': 'rotate5_4_2.800000000000007', 'path': '/opt/***/data/temp/91c15d4f-ea59-4d7e-9764-33e94324905e/0340ae63-57eb-4686-b782-64dfc9f7d2b9/rotate5_4_2.800000000000007.png'}, {'key': 'rotate5_4_3.000000000000007', 'path': '/opt/***/data/temp/91c15d4f-ea59-4d7e-9764-33e94324905e/0340ae63-57eb-4686-b782-64dfc9f7d2b9/rotate5_4_3.000000000000007.png'}, {'key': 'rotate5_4_3.2000000000000064', 'path': '/opt/***/data/temp/91c15d4f-ea59-4d7e-9764-33e94324905e/0340ae63-57eb-4686-b782-64dfc9f7d2b9/rotate5_4_3.2000000000000064.png'}, {'key': 'rotate5_4_3.4000000000000075', 'path': '/opt/***/data/temp/91c15d4f-ea59-4d7e-9764-33e94324905e/0340ae63-57eb-4686-b782-64dfc9f7d2b9/rotate5_4_3.4000000000000075.png'}, {'key': 'rotate5_4_3.6000000000000085', 'path': '/opt/***/data/temp/91c15d4f-ea59-4d7e-9764-33e94324905e/0340ae63-57eb-4686-b782-64dfc9f7d2b9/rotate5_4_3.6000000000000085.png'}, {'key': 'rotate5_4_3.800000000000008', 'path': '/opt/***/data/temp/91c15d4f-ea59-4d7e-9764-33e94324905e/0340ae63-57eb-4686-b782-64dfc9f7d2b9/rotate5_4_3.800000000000008.png'}, {'key': 'rotate5_4_4.000000000000007', 'path': '/opt/***/data/temp/91c15d4f-ea59-4d7e-9764-33e94324905e/0340ae63-57eb-4686-b782-64dfc9f7d2b9/rotate5_4_4.000000000000007.png'}, {'key': 'rotate5_4_4.200000000000008', 'path': '/opt/***/data/temp/91c15d4f-ea59-4d7e-9764-33e94324905e/0340ae63-57eb-4686-b782-64dfc9f7d2b9/rotate5_4_4.200000000000008.png'}, {'key': 'rotate5_4_4.400000000000009', 'path': '/opt/***/data/temp/91c15d4f-ea59-4d7e-9764-33e94324905e/0340ae63-57eb-4686-b782-64dfc9f7d2b9/rotate5_4_4.400000000000009.png'}, {'key': 'rotate5_4_4.6000000000000085', 'path': '/opt/***/data/temp/91c15d4f-ea59-4d7e-9764-33e94324905e/0340ae63-57eb-4686-b782-64dfc9f7d2b9/rotate5_4_4.6000000000000085.png'}, {'key': 'rotate5_4_4.800000000000008', 'path': '/opt/***/data/temp/91c15d4f-ea59-4d7e-9764-33e94324905e/0340ae63-57eb-4686-b782-64dfc9f7d2b9/rotate5_4_4.800000000000008.png'}, {'key': 'rotate5_4_5.000000000000009', 'path': '/opt/***/data/temp/91c15d4f-ea59-4d7e-9764-33e94324905e/0340ae63-57eb-4686-b782-64dfc9f7d2b9/rotate5_4_5.000000000000009.png'}, {'key': 'rotate2_1', 'path': '/opt/***/data/temp/91c15d4f-ea59-4d7e-9764-33e94324905e/0340ae63-57eb-4686-b782-64dfc9f7d2b9/rotate2_1.png'}, {'key': 'rotate2_2', 'path': '/opt/***/data/temp/91c15d4f-ea59-4d7e-9764-33e94324905e/0340ae63-57eb-4686-b782-64dfc9f7d2b9/rotate2_2.png'}, {'key': 'rotate2_3', 'path': '/opt/***/data/temp/91c15d4f-ea59-4d7e-9764-33e94324905e/0340ae63-57eb-4686-b782-64dfc9f7d2b9/rotate2_3.png'}, {'key': 'classify_preprocess', 'path': '/opt/***/data/temp/91c15d4f-ea59-4d7e-9764-33e94324905e/0340ae63-57eb-4686-b782-64dfc9f7d2b9/classify_preprocess.png'}]}}
[2025-06-17T11:25:15.360+0900] {taskinstance.py:341} INFO - ::group::Post task execution logs
[2025-06-17T11:25:15.361+0900] {taskinstance.py:353} INFO - Marking task as SUCCESS. dag_id=image_ocr_v2, task_id=img_preprocess_task, run_id=manual__2025-06-17T02:24:13.342587+00:00, map_index=0, execution_date=20250617T022413, start_date=20250617T022420, end_date=20250617T022515
[2025-06-17T11:25:15.439+0900] {local_task_job_runner.py:266} INFO - Task exited with return code 0
[2025-06-17T11:25:15.462+0900] {taskinstance.py:3901} INFO - 0 downstream tasks scheduled from follow-on schedule check
[2025-06-17T11:25:15.468+0900] {local_task_job_runner.py:245} INFO - ::endgroup::
