[2025-06-23T16:36:27.035+0900] {local_task_job_runner.py:123} INFO - ::group::Pre task execution logs
[2025-06-23T16:36:27.172+0900] {taskinstance.py:2614} INFO - Dependencies all met for dep_context=non-requeueable deps ti=<TaskInstance: lilt_document_classifier_balanced_b_class_V0.1.img_preprocess_task__1 manual__2025-06-23T06:58:09.542610+00:00 map_index=79 [queued]>
[2025-06-23T16:36:27.309+0900] {taskinstance.py:2614} INFO - Dependencies all met for dep_context=requeueable deps ti=<TaskInstance: lilt_document_classifier_balanced_b_class_V0.1.img_preprocess_task__1 manual__2025-06-23T06:58:09.542610+00:00 map_index=79 [queued]>
[2025-06-23T16:36:27.313+0900] {taskinstance.py:2867} INFO - Starting attempt 1 of 1
[2025-06-23T16:36:27.406+0900] {taskinstance.py:2890} INFO - Executing <Mapped(_PythonDecoratedOperator): img_preprocess_task__1> on 2025-06-23 06:58:09.542610+00:00
[2025-06-23T16:36:27.467+0900] {warnings.py:112} WARNING - /home/***/.local/lib/python3.12/site-packages/***/task/task_runner/standard_task_runner.py:70: DeprecationWarning: This process (pid=9077) is multi-threaded, use of fork() may lead to deadlocks in the child.
  pid = os.fork()

[2025-06-23T16:36:27.471+0900] {standard_task_runner.py:104} INFO - Running: ['***', 'tasks', 'run', 'lilt_document_classifier_balanced_b_class_V0.1', 'img_preprocess_task__1', 'manual__2025-06-23T06:58:09.542610+00:00', '--job-id', '3463', '--raw', '--subdir', 'DAGS_FOLDER/class_create_dag_b_class.py', '--cfg-path', '/tmp/tmpo816qm1z', '--map-index', '79']
[2025-06-23T16:36:27.474+0900] {standard_task_runner.py:105} INFO - Job 3463: Subtask img_preprocess_task__1
[2025-06-23T16:36:27.477+0900] {standard_task_runner.py:72} INFO - Started process 9087 to run task
[2025-06-23T16:36:27.532+0900] {task_command.py:467} INFO - Running <TaskInstance: lilt_document_classifier_balanced_b_class_V0.1.img_preprocess_task__1 manual__2025-06-23T06:58:09.542610+00:00 map_index=79 [running]> on host f6d4228a9eb8
[2025-06-23T16:36:27.729+0900] {taskinstance.py:3134} INFO - Exporting env vars: AIRFLOW_CTX_DAG_OWNER='***' AIRFLOW_CTX_DAG_ID='lilt_document_classifier_balanced_b_class_V0.1' AIRFLOW_CTX_TASK_ID='img_preprocess_task__1' AIRFLOW_CTX_EXECUTION_DATE='2025-06-23T06:58:09.542610+00:00' AIRFLOW_CTX_TRY_NUMBER='1' AIRFLOW_CTX_DAG_RUN_ID='manual__2025-06-23T06:58:09.542610+00:00'
[2025-06-23T16:36:27.732+0900] {taskinstance.py:732} INFO - ::endgroup::
[2025-06-23T16:36:27.737+0900] {logging_mixin.py:190} INFO - empty map check {} {'process_id': '_40eb7e34-6a41-4a95-b0c2-0fc8addd43e4_pre', 'folder_path': '4381dd21-35ba-48e2-95e2-e78c13d97190/40eb7e34-6a41-4a95-b0c2-0fc8addd43e4', 'step_list': [{'name': 'cache', 'param': {'key': 'origin'}}, {'name': 'calc_angle_set2', 'param': {'key': 'angle1', 'iterations': 4, 'iter_save': False}}, {'name': 'text_orientation_set', 'param': {'key': 'angle2', 'iterations': 4, 'iter_save': False}}, {'name': 'load', 'param': {'key': 'origin'}}, {'name': 'rotate', 'param': {'key': 'angle1'}}, {'name': 'rotate', 'param': {'key': 'angle2'}}], 'result_file_map': {}}
[2025-06-23T16:36:27.743+0900] {logging_mixin.py:190} INFO - step : cache
[2025-06-23T16:36:27.743+0900] {logging_mixin.py:190} INFO - step : calc_angle_set2
[2025-06-23T16:36:35.006+0900] {logging_mixin.py:190} INFO - osd 1 0 0 0 0 [0, 0, 0, 0, 0, 0, 0, 0, 0, 0, 0, 0, 0, 0, 0, 0, 0, 0, 0, 0, 0, 0, 0, 0, 0, 0, 0, 0, 0, 0, 0, 0, 0, 0, 0, 0, 0, 0, 0, 0, 0]
[2025-06-23T16:36:41.315+0900] {logging_mixin.py:190} INFO - osd 2 0 0 0 0 [0, 0, 0, 0, 0, 0, 0, 0, 0, 0, 0, 0, 0, 0, 0, 0, 0, 0, 0, 0, 0, 0, 0, 0, 0, 0, 0, 0, 0, 0, 0, 0, 0, 0, 0, 0, 0, 0, 0, 0, 0]
[2025-06-23T16:36:46.394+0900] {logging_mixin.py:190} INFO - osd 3 0 0 0 0 [0, 0, 0, 0, 0, 0, 0, 0, 0, 0, 0, 0, 0, 0, 0, 0, 0, 0, 0, 0, 0, 0, 0, 0, 0, 0, 0, 0, 0, 0, 0, 0, 0, 0, 0, 0, 0, 0, 0, 0, 0]
[2025-06-23T16:36:51.772+0900] {logging_mixin.py:190} INFO - osd 4 0 0 0 0 [0, 0, 0, 0, 0, 0, 0, 0, 0, 0, 0, 0, 0, 0, 0, 0, 0, 0, 0, 0, 0, 0, 0, 0, 0, 0, 0, 0, 0, 0, 0, 0, 0, 0, 0, 0, 0, 0, 0, 0, 0]
[2025-06-23T16:36:51.911+0900] {logging_mixin.py:190} INFO - step : text_orientation_set
[2025-06-23T16:36:57.928+0900] {logging_mixin.py:190} INFO - Tesseract OSD Error: (1, 'Estimating resolution as 108 Warning. Invalid resolution 0 dpi. Using 70 instead. Too few characters. Skipping this page Error during processing.')
[2025-06-23T16:36:57.929+0900] {logging_mixin.py:190} INFO - step : load
[2025-06-23T16:36:57.931+0900] {logging_mixin.py:190} INFO - step : rotate
[2025-06-23T16:36:57.956+0900] {logging_mixin.py:190} INFO - step : rotate
[2025-06-23T16:36:58.033+0900] {logging_mixin.py:190} INFO - file_copy: /opt/***/data/temp/4381dd21-35ba-48e2-95e2-e78c13d97190/40eb7e34-6a41-4a95-b0c2-0fc8addd43e4/_result.png
[2025-06-23T16:36:58.044+0900] {python.py:240} INFO - Done. Returned value was: {'file_id': '4381dd21-35ba-48e2-95e2-e78c13d97190', 'file_path': '/opt/***/data/class/b_class/classify/ready/false/copied_46_2064753647_3668.png', 'false': {'process_id': '_40eb7e34-6a41-4a95-b0c2-0fc8addd43e4_pre', 'folder_path': '4381dd21-35ba-48e2-95e2-e78c13d97190/40eb7e34-6a41-4a95-b0c2-0fc8addd43e4', 'step_list': [{'name': 'cache', 'param': {'key': 'origin'}}, {'name': 'calc_angle_set2', 'param': {'key': 'angle1', 'iterations': 4, 'iter_save': False}}, {'name': 'text_orientation_set', 'param': {'key': 'angle2', 'iterations': 4, 'iter_save': False}}, {'name': 'load', 'param': {'key': 'origin'}}, {'name': 'rotate', 'param': {'key': 'angle1'}}, {'name': 'rotate', 'param': {'key': 'angle2'}}], 'result_file_map': {'_result': '/opt/***/data/temp/4381dd21-35ba-48e2-95e2-e78c13d97190/40eb7e34-6a41-4a95-b0c2-0fc8addd43e4/_result.png'}}}
[2025-06-23T16:36:58.097+0900] {taskinstance.py:341} INFO - ::group::Post task execution logs
[2025-06-23T16:36:58.099+0900] {taskinstance.py:353} INFO - Marking task as SUCCESS. dag_id=lilt_document_classifier_balanced_b_class_V0.1, task_id=img_preprocess_task__1, run_id=manual__2025-06-23T06:58:09.542610+00:00, map_index=79, execution_date=20250623T065809, start_date=20250623T073627, end_date=20250623T073658
[2025-06-23T16:36:58.160+0900] {local_task_job_runner.py:266} INFO - Task exited with return code 0
[2025-06-23T16:36:58.215+0900] {taskinstance.py:3901} INFO - 0 downstream tasks scheduled from follow-on schedule check
[2025-06-23T16:36:58.224+0900] {local_task_job_runner.py:245} INFO - ::endgroup::
