[2025-06-25T18:38:35.428+0900] {local_task_job_runner.py:123} INFO - ::group::Pre task execution logs
[2025-06-25T18:38:35.562+0900] {taskinstance.py:2614} INFO - Dependencies all met for dep_context=non-requeueable deps ti=<TaskInstance: lilt_document_classifier_balanced_V0.1.img_preprocess_task manual__2025-06-25T09:28:52.715795+00:00 map_index=52 [queued]>
[2025-06-25T18:38:35.611+0900] {taskinstance.py:2614} INFO - Dependencies all met for dep_context=requeueable deps ti=<TaskInstance: lilt_document_classifier_balanced_V0.1.img_preprocess_task manual__2025-06-25T09:28:52.715795+00:00 map_index=52 [queued]>
[2025-06-25T18:38:35.613+0900] {taskinstance.py:2867} INFO - Starting attempt 1 of 1
[2025-06-25T18:38:35.660+0900] {taskinstance.py:2890} INFO - Executing <Mapped(_PythonDecoratedOperator): img_preprocess_task> on 2025-06-25 09:28:52.715795+00:00
[2025-06-25T18:38:35.718+0900] {warnings.py:112} WARNING - /home/***/.local/lib/python3.12/site-packages/***/task/task_runner/standard_task_runner.py:70: DeprecationWarning: This process (pid=2893) is multi-threaded, use of fork() may lead to deadlocks in the child.
  pid = os.fork()

[2025-06-25T18:38:35.728+0900] {standard_task_runner.py:72} INFO - Started process 2958 to run task
[2025-06-25T18:38:35.722+0900] {standard_task_runner.py:104} INFO - Running: ['***', 'tasks', 'run', 'lilt_document_classifier_balanced_V0.1', 'img_preprocess_task', 'manual__2025-06-25T09:28:52.715795+00:00', '--job-id', '5435', '--raw', '--subdir', 'DAGS_FOLDER/class_create_dag.py', '--cfg-path', '/tmp/tmpsz4g69kh', '--map-index', '52']
[2025-06-25T18:38:35.732+0900] {standard_task_runner.py:105} INFO - Job 5435: Subtask img_preprocess_task
[2025-06-25T18:38:35.820+0900] {task_command.py:467} INFO - Running <TaskInstance: lilt_document_classifier_balanced_V0.1.img_preprocess_task manual__2025-06-25T09:28:52.715795+00:00 map_index=52 [running]> on host f6d4228a9eb8
[2025-06-25T18:38:36.454+0900] {taskinstance.py:3134} INFO - Exporting env vars: AIRFLOW_CTX_DAG_OWNER='***' AIRFLOW_CTX_DAG_ID='lilt_document_classifier_balanced_V0.1' AIRFLOW_CTX_TASK_ID='img_preprocess_task' AIRFLOW_CTX_EXECUTION_DATE='2025-06-25T09:28:52.715795+00:00' AIRFLOW_CTX_TRY_NUMBER='1' AIRFLOW_CTX_DAG_RUN_ID='manual__2025-06-25T09:28:52.715795+00:00'
[2025-06-25T18:38:36.456+0900] {taskinstance.py:732} INFO - ::endgroup::
[2025-06-25T18:38:36.462+0900] {logging_mixin.py:190} INFO - empty map check {} {}
[2025-06-25T18:38:36.486+0900] {logging_mixin.py:190} INFO - step : cache
[2025-06-25T18:38:36.535+0900] {logging_mixin.py:190} INFO - step : calc_angle_set2
[2025-06-25T18:38:44.133+0900] {logging_mixin.py:190} INFO - osd 1 8.0 8.0 6 115 [0, 0, 0, 0, 0, 104, 115, 0, 0, 0, 0]
[2025-06-25T18:38:56.843+0900] {logging_mixin.py:190} INFO - osd 2 8.0 0 0 0 [0, 0, 0, 0, 0, 0, 0, 0, 0, 0, 0]
[2025-06-25T18:38:56.970+0900] {logging_mixin.py:190} INFO - step : calc_angle_set2
[2025-06-25T18:39:13.348+0900] {logging_mixin.py:190} INFO - osd 1 -4.0 -4.0 4 190584 [0, 0, 0, 18111, 190584, 28439, 0, 0, 0, 0, 0, 0, 0, 0, 0, 0, 0]
[2025-06-25T18:39:29.355+0900] {logging_mixin.py:190} INFO - osd 2 -4.0 0.0 8 182251 [0, 0, 0, 0, 0, 0, 0, 10177, 182251, 20334, 0, 0, 0, 0, 0, 0, 0]
[2025-06-25T18:39:29.498+0900] {logging_mixin.py:190} INFO - step : calc_angle_set2
[2025-06-25T18:39:39.503+0900] {logging_mixin.py:190} INFO - osd 1 0.0 0.0 8 182251 [10177, 23381, 37503, 52105, 66306, 80442, 95077, 137559, 182251, 175363, 125724, 91466, 77287, 63325, 48834, 34693, 20334]
[2025-06-25T18:39:54.652+0900] {logging_mixin.py:190} INFO - osd 2 0.0 0.0 8 182251 [10177, 23381, 37503, 52105, 66306, 80442, 95077, 137559, 182251, 175363, 125724, 91466, 77287, 63325, 48834, 34693, 20334]
[2025-06-25T18:39:54.889+0900] {logging_mixin.py:190} INFO - step : text_orientation_set
[2025-06-25T18:40:09.803+0900] {logging_mixin.py:190} INFO - osd 1 break  0 0 7.26 Korean 1.48
[2025-06-25T18:40:10.661+0900] {logging_mixin.py:190} INFO - file_copy: /opt/***/data/temp/0083c110-1eec-4bde-bd9a-6706cca78e56/ce0c1937-969d-430e-b4de-67637f2d77a4/_result.png
[2025-06-25T18:40:10.692+0900] {python.py:240} INFO - Done. Returned value was: {'file_id': '0083c110-1eec-4bde-bd9a-6706cca78e56', 'file_path': '/opt/***/data/class/a_class/classify/ready/true/창동 정선빌딩 - 정부24 - 건축물대장 등본(초본) 발급(열람) _ 문서출력_page_1_aug0.png', 'true': {'process_id': '_ce0c1937-969d-430e-b4de-67637f2d77a4_pre', 'folder_path': '0083c110-1eec-4bde-bd9a-6706cca78e56/ce0c1937-969d-430e-b4de-67637f2d77a4', 'step_list': [{'name': 'cache', 'param': {'cache_key': 'origin'}}, {'name': 'calc_angle_set2', 'param': {'angle_key': 'angle2_1', 'delta': 8.0, 'limit': 40, 'iterations': 2, 'iter_save': False}}, {'name': 'calc_angle_set2', 'param': {'angle_key': 'angle2_2', 'delta': 1.0, 'limit': 8, 'iterations': 2, 'iter_save': False}}, {'name': 'calc_angle_set2', 'param': {'angle_key': 'angle2_3', 'delta': 0.125, 'limit': 1, 'iterations': 2, 'iter_save': False}}, {'name': 'text_orientation_set', 'param': {'angle_key': 'orint', 'iterations': 3, 'iter_save': False}}], 'result_file_map': {'_result': '/opt/***/data/temp/0083c110-1eec-4bde-bd9a-6706cca78e56/ce0c1937-969d-430e-b4de-67637f2d77a4/_result.png'}}}
[2025-06-25T18:40:10.770+0900] {taskinstance.py:341} INFO - ::group::Post task execution logs
[2025-06-25T18:40:10.770+0900] {taskinstance.py:353} INFO - Marking task as SUCCESS. dag_id=lilt_document_classifier_balanced_V0.1, task_id=img_preprocess_task, run_id=manual__2025-06-25T09:28:52.715795+00:00, map_index=52, execution_date=20250625T092852, start_date=20250625T093835, end_date=20250625T094010
[2025-06-25T18:40:10.980+0900] {local_task_job_runner.py:266} INFO - Task exited with return code 0
[2025-06-25T18:40:11.073+0900] {taskinstance.py:3901} INFO - 0 downstream tasks scheduled from follow-on schedule check
[2025-06-25T18:40:11.083+0900] {local_task_job_runner.py:245} INFO - ::endgroup::
