[2025-05-26T07:44:03.235+0000] {local_task_job_runner.py:123} INFO - ::group::Pre task execution logs
[2025-05-26T07:44:04.259+0000] {taskinstance.py:2614} INFO - Dependencies all met for dep_context=non-requeueable deps ti=<TaskInstance: image_processing_per_file_v2.file_copy_task manual__2024-01-01T00:00:00+00:00 map_index=18 [queued]>
[2025-05-26T07:44:04.305+0000] {taskinstance.py:2614} INFO - Dependencies all met for dep_context=requeueable deps ti=<TaskInstance: image_processing_per_file_v2.file_copy_task manual__2024-01-01T00:00:00+00:00 map_index=18 [queued]>
[2025-05-26T07:44:04.307+0000] {taskinstance.py:2867} INFO - Starting attempt 1 of 1
[2025-05-26T07:44:04.380+0000] {taskinstance.py:2890} INFO - Executing <Mapped(_PythonDecoratedOperator): file_copy_task> on 2024-01-01 00:00:00+00:00
[2025-05-26T07:44:04.441+0000] {standard_task_runner.py:104} INFO - Running: ['***', 'tasks', 'run', 'image_processing_per_file_v2', 'file_copy_task', 'manual__2024-01-01T00:00:00+00:00', '--job-id', '289', '--raw', '--subdir', 'DAGS_FOLDER/test_dag.py', '--cfg-path', '/tmp/tmph835koif', '--map-index', '18']
[2025-05-26T07:44:04.435+0000] {warnings.py:112} WARNING - /home/***/.local/lib/python3.12/site-packages/***/task/task_runner/standard_task_runner.py:70: DeprecationWarning: This process (pid=2773) is multi-threaded, use of fork() may lead to deadlocks in the child.
  pid = os.fork()

[2025-05-26T07:44:04.449+0000] {standard_task_runner.py:72} INFO - Started process 2785 to run task
[2025-05-26T07:44:04.446+0000] {standard_task_runner.py:105} INFO - Job 289: Subtask file_copy_task
[2025-05-26T07:44:04.804+0000] {task_command.py:467} INFO - Running <TaskInstance: image_processing_per_file_v2.file_copy_task manual__2024-01-01T00:00:00+00:00 map_index=18 [running]> on host b0d7fbab896a
[2025-05-26T07:44:05.143+0000] {taskinstance.py:3134} INFO - Exporting env vars: AIRFLOW_CTX_DAG_OWNER='***' AIRFLOW_CTX_DAG_ID='image_processing_per_file_v2' AIRFLOW_CTX_TASK_ID='file_copy_task' AIRFLOW_CTX_EXECUTION_DATE='2024-01-01T00:00:00+00:00' AIRFLOW_CTX_TRY_NUMBER='1' AIRFLOW_CTX_DAG_RUN_ID='manual__2024-01-01T00:00:00+00:00'
[2025-05-26T07:44:05.159+0000] {logging_mixin.py:190} INFO - Task instance is in running state
[2025-05-26T07:44:05.189+0000] {logging_mixin.py:190} INFO -  Previous state of the Task instance: queued
[2025-05-26T07:44:05.191+0000] {logging_mixin.py:190} INFO - Current task name:file_copy_task state:running start_date:2025-05-26 07:44:04.261338+00:00
[2025-05-26T07:44:05.193+0000] {logging_mixin.py:190} INFO - Dag name:image_processing_per_file_v2 and current dag run status:running
[2025-05-26T07:44:05.197+0000] {taskinstance.py:732} INFO - ::endgroup::
[2025-05-26T07:44:05.438+0000] {logging_mixin.py:190} INFO - copy: /opt/***/data/result/test/스크린샷 2025-05-23 141009 - 복사본(3).png
[2025-05-26T07:44:05.439+0000] {python.py:240} INFO - Done. Returned value was: /opt/***/data/result/test/스크린샷 2025-05-23 141009 - 복사본(3).png
[2025-05-26T07:44:05.699+0000] {taskinstance.py:341} INFO - ::group::Post task execution logs
[2025-05-26T07:44:05.707+0000] {taskinstance.py:353} INFO - Marking task as SUCCESS. dag_id=image_processing_per_file_v2, task_id=file_copy_task, run_id=manual__2024-01-01T00:00:00+00:00, map_index=18, execution_date=20240101T000000, start_date=20250526T074404, end_date=20250526T074405
[2025-05-26T07:44:05.860+0000] {logging_mixin.py:190} INFO - Task instance in success state
[2025-05-26T07:44:05.868+0000] {logging_mixin.py:190} INFO -  Previous state of the Task instance: running
[2025-05-26T07:44:05.874+0000] {logging_mixin.py:190} INFO - Dag name:image_processing_per_file_v2 queued_at:None
[2025-05-26T07:44:05.877+0000] {logging_mixin.py:190} INFO - Task hostname:b0d7fbab896a operator:_PythonDecoratedOperator
[2025-05-26T07:44:05.943+0000] {local_task_job_runner.py:266} INFO - Task exited with return code 0
[2025-05-26T07:44:05.996+0000] {local_task_job_runner.py:245} INFO - ::endgroup::
