[2025-06-24T16:42:15.255+0900] {local_task_job_runner.py:123} INFO - ::group::Pre task execution logs
[2025-06-24T16:42:15.320+0900] {taskinstance.py:2614} INFO - Dependencies all met for dep_context=non-requeueable deps ti=<TaskInstance: lilt_document_classifier_balanced_V0.1.img_preprocess_task__1 manual__2025-06-24T07:39:02.784990+00:00 map_index=17 [queued]>
[2025-06-24T16:42:15.346+0900] {taskinstance.py:2614} INFO - Dependencies all met for dep_context=requeueable deps ti=<TaskInstance: lilt_document_classifier_balanced_V0.1.img_preprocess_task__1 manual__2025-06-24T07:39:02.784990+00:00 map_index=17 [queued]>
[2025-06-24T16:42:15.350+0900] {taskinstance.py:2867} INFO - Starting attempt 1 of 1
[2025-06-24T16:42:15.381+0900] {taskinstance.py:2890} INFO - Executing <Mapped(_PythonDecoratedOperator): img_preprocess_task__1> on 2025-06-24 07:39:02.784990+00:00
[2025-06-24T16:42:15.416+0900] {warnings.py:112} WARNING - /home/***/.local/lib/python3.12/site-packages/***/task/task_runner/standard_task_runner.py:70: DeprecationWarning: This process (pid=54356) is multi-threaded, use of fork() may lead to deadlocks in the child.
  pid = os.fork()

[2025-06-24T16:42:15.423+0900] {standard_task_runner.py:72} INFO - Started process 54380 to run task
[2025-06-24T16:42:15.421+0900] {standard_task_runner.py:104} INFO - Running: ['***', 'tasks', 'run', 'lilt_document_classifier_balanced_V0.1', 'img_preprocess_task__1', 'manual__2025-06-24T07:39:02.784990+00:00', '--job-id', '4450', '--raw', '--subdir', 'DAGS_FOLDER/class_create_dag.py', '--cfg-path', '/tmp/tmpibsw8222', '--map-index', '17']
[2025-06-24T16:42:15.435+0900] {standard_task_runner.py:105} INFO - Job 4450: Subtask img_preprocess_task__1
[2025-06-24T16:42:15.557+0900] {task_command.py:467} INFO - Running <TaskInstance: lilt_document_classifier_balanced_V0.1.img_preprocess_task__1 manual__2025-06-24T07:39:02.784990+00:00 map_index=17 [running]> on host f6d4228a9eb8
[2025-06-24T16:42:15.910+0900] {taskinstance.py:3134} INFO - Exporting env vars: AIRFLOW_CTX_DAG_OWNER='***' AIRFLOW_CTX_DAG_ID='lilt_document_classifier_balanced_V0.1' AIRFLOW_CTX_TASK_ID='img_preprocess_task__1' AIRFLOW_CTX_EXECUTION_DATE='2025-06-24T07:39:02.784990+00:00' AIRFLOW_CTX_TRY_NUMBER='1' AIRFLOW_CTX_DAG_RUN_ID='manual__2025-06-24T07:39:02.784990+00:00'
[2025-06-24T16:42:15.912+0900] {taskinstance.py:732} INFO - ::endgroup::
[2025-06-24T16:42:15.975+0900] {logging_mixin.py:190} INFO - empty map check {} {'process_id': '_42c7cad1-3b13-4b5e-aa4f-5779553a8e99_pre', 'folder_path': '70a82cf9-4d13-4bdd-a1bc-639cd4383676/42c7cad1-3b13-4b5e-aa4f-5779553a8e99', 'step_list': [{'name': 'cache', 'param': {'key': 'origin'}}, {'name': 'calc_angle_set2', 'param': {'key': 'angle1', 'iterations': 4, 'iter_save': False}}, {'name': 'text_orientation_set', 'param': {'key': 'angle2', 'iterations': 4, 'iter_save': False}}, {'name': 'load', 'param': {'key': 'origin'}}, {'name': 'rotate', 'param': {'key': 'angle1'}}, {'name': 'rotate', 'param': {'key': 'angle2'}}], 'result_file_map': {}}
[2025-06-24T16:42:16.000+0900] {logging_mixin.py:190} INFO - step : cache
[2025-06-24T16:42:16.007+0900] {logging_mixin.py:190} INFO - step : calc_angle_set2
[2025-06-24T16:42:20.202+0900] {logging_mixin.py:190} INFO - osd 1 0.0 0.0 20 22326 [419, 392, 505, 672, 798, 1024, 1331, 1796, 2229, 2523, 3414, 4427, 5924, 7418, 9089, 10342, 12038, 14717, 17307, 19942, 22326, 20439, 17960, 14540, 12860, 11130, 9164, 8058, 6410, 4935, 3578, 2772, 2169, 1581, 1301, 998, 792, 648, 563, 414, 465]
[2025-06-24T16:42:24.150+0900] {logging_mixin.py:190} INFO - osd 2 0.0 0.0 20 22326 [419, 392, 505, 672, 798, 1024, 1331, 1796, 2229, 2523, 3414, 4427, 5924, 7418, 9089, 10342, 12038, 14717, 17307, 19942, 22326, 20439, 17960, 14540, 12860, 11130, 9164, 8058, 6410, 4935, 3578, 2772, 2169, 1581, 1301, 998, 792, 648, 563, 414, 465]
[2025-06-24T16:42:28.063+0900] {logging_mixin.py:190} INFO - osd 3 0.0 0.0 20 22326 [419, 392, 505, 672, 798, 1024, 1331, 1796, 2229, 2523, 3414, 4427, 5924, 7418, 9089, 10342, 12038, 14717, 17307, 19942, 22326, 20439, 17960, 14540, 12860, 11130, 9164, 8058, 6410, 4935, 3578, 2772, 2169, 1581, 1301, 998, 792, 648, 563, 414, 465]
[2025-06-24T16:42:32.149+0900] {logging_mixin.py:190} INFO - osd 4 0.0 0.0 20 22326 [419, 392, 505, 672, 798, 1024, 1331, 1796, 2229, 2523, 3414, 4427, 5924, 7418, 9089, 10342, 12038, 14717, 17307, 19942, 22326, 20439, 17960, 14540, 12860, 11130, 9164, 8058, 6410, 4935, 3578, 2772, 2169, 1581, 1301, 998, 792, 648, 563, 414, 465]
[2025-06-24T16:42:32.216+0900] {logging_mixin.py:190} INFO - step : text_orientation_set
[2025-06-24T16:42:36.276+0900] {logging_mixin.py:190} INFO - osd 1 180 180 0.6 Japanese 1.56
[2025-06-24T16:42:40.749+0900] {logging_mixin.py:190} INFO - osd 2 break  180 0 0.9 Japanese 1.19
[2025-06-24T16:42:40.749+0900] {logging_mixin.py:190} INFO - step : load
[2025-06-24T16:42:40.750+0900] {logging_mixin.py:190} INFO - step : rotate
[2025-06-24T16:42:40.863+0900] {logging_mixin.py:190} INFO - step : rotate
[2025-06-24T16:42:41.492+0900] {logging_mixin.py:190} INFO - file_copy: /opt/***/data/temp/70a82cf9-4d13-4bdd-a1bc-639cd4383676/42c7cad1-3b13-4b5e-aa4f-5779553a8e99/_result.png
[2025-06-24T16:42:41.635+0900] {python.py:240} INFO - Done. Returned value was: {'file_id': '70a82cf9-4d13-4bdd-a1bc-639cd4383676', 'file_path': '/opt/***/data/class/a_class/classify/ready/false/copied_31_517680001+-0002.png', 'false': {'process_id': '_42c7cad1-3b13-4b5e-aa4f-5779553a8e99_pre', 'folder_path': '70a82cf9-4d13-4bdd-a1bc-639cd4383676/42c7cad1-3b13-4b5e-aa4f-5779553a8e99', 'step_list': [{'name': 'cache', 'param': {'key': 'origin'}}, {'name': 'calc_angle_set2', 'param': {'key': 'angle1', 'iterations': 4, 'iter_save': False}}, {'name': 'text_orientation_set', 'param': {'key': 'angle2', 'iterations': 4, 'iter_save': False}}, {'name': 'load', 'param': {'key': 'origin'}}, {'name': 'rotate', 'param': {'key': 'angle1'}}, {'name': 'rotate', 'param': {'key': 'angle2'}}], 'result_file_map': {'_result': '/opt/***/data/temp/70a82cf9-4d13-4bdd-a1bc-639cd4383676/42c7cad1-3b13-4b5e-aa4f-5779553a8e99/_result.png'}}}
[2025-06-24T16:42:41.780+0900] {taskinstance.py:341} INFO - ::group::Post task execution logs
[2025-06-24T16:42:41.796+0900] {taskinstance.py:353} INFO - Marking task as SUCCESS. dag_id=lilt_document_classifier_balanced_V0.1, task_id=img_preprocess_task__1, run_id=manual__2025-06-24T07:39:02.784990+00:00, map_index=17, execution_date=20250624T073902, start_date=20250624T074215, end_date=20250624T074241
[2025-06-24T16:42:42.028+0900] {local_task_job_runner.py:266} INFO - Task exited with return code 0
[2025-06-24T16:42:42.203+0900] {taskinstance.py:3901} INFO - 0 downstream tasks scheduled from follow-on schedule check
[2025-06-24T16:42:42.226+0900] {local_task_job_runner.py:245} INFO - ::endgroup::
