[2025-06-24T11:32:53.549+0900] {local_task_job_runner.py:123} INFO - ::group::Pre task execution logs
[2025-06-24T11:32:53.661+0900] {taskinstance.py:2614} INFO - Dependencies all met for dep_context=non-requeueable deps ti=<TaskInstance: lilt_document_classifier_balanced_V0.1.img_preprocess_task manual__2025-06-24T02:31:44.485922+00:00 map_index=1 [queued]>
[2025-06-24T11:32:53.695+0900] {taskinstance.py:2614} INFO - Dependencies all met for dep_context=requeueable deps ti=<TaskInstance: lilt_document_classifier_balanced_V0.1.img_preprocess_task manual__2025-06-24T02:31:44.485922+00:00 map_index=1 [queued]>
[2025-06-24T11:32:53.698+0900] {taskinstance.py:2867} INFO - Starting attempt 1 of 1
[2025-06-24T11:32:53.752+0900] {taskinstance.py:2890} INFO - Executing <Mapped(_PythonDecoratedOperator): img_preprocess_task> on 2025-06-24 02:31:44.485922+00:00
[2025-06-24T11:32:53.789+0900] {warnings.py:112} WARNING - /home/***/.local/lib/python3.12/site-packages/***/task/task_runner/standard_task_runner.py:70: DeprecationWarning: This process (pid=33490) is multi-threaded, use of fork() may lead to deadlocks in the child.
  pid = os.fork()

[2025-06-24T11:32:53.801+0900] {standard_task_runner.py:72} INFO - Started process 33606 to run task
[2025-06-24T11:32:53.811+0900] {standard_task_runner.py:104} INFO - Running: ['***', 'tasks', 'run', 'lilt_document_classifier_balanced_V0.1', 'img_preprocess_task', 'manual__2025-06-24T02:31:44.485922+00:00', '--job-id', '3742', '--raw', '--subdir', 'DAGS_FOLDER/class_create_dag.py', '--cfg-path', '/tmp/tmpvzopzn3b', '--map-index', '1']
[2025-06-24T11:32:53.824+0900] {standard_task_runner.py:105} INFO - Job 3742: Subtask img_preprocess_task
[2025-06-24T11:32:53.998+0900] {task_command.py:467} INFO - Running <TaskInstance: lilt_document_classifier_balanced_V0.1.img_preprocess_task manual__2025-06-24T02:31:44.485922+00:00 map_index=1 [running]> on host f6d4228a9eb8
[2025-06-24T11:32:54.423+0900] {taskinstance.py:3134} INFO - Exporting env vars: AIRFLOW_CTX_DAG_OWNER='***' AIRFLOW_CTX_DAG_ID='lilt_document_classifier_balanced_V0.1' AIRFLOW_CTX_TASK_ID='img_preprocess_task' AIRFLOW_CTX_EXECUTION_DATE='2025-06-24T02:31:44.485922+00:00' AIRFLOW_CTX_TRY_NUMBER='1' AIRFLOW_CTX_DAG_RUN_ID='manual__2025-06-24T02:31:44.485922+00:00'
[2025-06-24T11:32:54.426+0900] {taskinstance.py:732} INFO - ::endgroup::
[2025-06-24T11:32:54.453+0900] {logging_mixin.py:190} INFO - empty map check {} {'process_id': '_8a8e4c68-3536-42cb-bebb-7c5ca5230cd8_pre', 'folder_path': '1c4c2c9f-4bed-4ca5-99a2-2bb6d8b8b5d3/8a8e4c68-3536-42cb-bebb-7c5ca5230cd8', 'step_list': [{'name': 'cache', 'param': {'key': 'origin'}}, {'name': 'calc_angle_set2', 'param': {'key': 'angle1', 'iterations': 4, 'iter_save': True}}, {'name': 'save', 'param': {'key': 'ag1'}}, {'name': 'text_orientation_set', 'param': {'key': 'angle2', 'iterations': 4, 'iter_save': True}}, {'name': 'save', 'param': {'key': 'ag2'}}, {'name': 'load', 'param': {'key': 'origin'}}, {'name': 'rotate', 'param': {'key': 'angle1'}}, {'name': 'rotate', 'param': {'key': 'angle2'}}], 'result_file_map': {}}
[2025-06-24T11:32:54.472+0900] {logging_mixin.py:190} INFO - step : cache
[2025-06-24T11:32:54.482+0900] {logging_mixin.py:190} INFO - step : calc_angle_set2
[2025-06-24T11:33:24.823+0900] {logging_mixin.py:190} INFO - osd 1 -5.0 -5.0 0 861639 [861639, 821787, 779147, 736242, 694822, 652978, 612780, 571925, 533394, 493228, 456683, 421821, 386992, 354545, 327298, 298066, 268968, 239983, 211125, 182847, 156218, 182862, 211583, 240044, 269028, 298124, 326935, 354767, 386997, 421929, 456915, 492959, 533548, 572185, 612054, 652354, 693997, 735081, 778369, 820371, 860128]
[2025-06-24T11:34:00.874+0900] {logging_mixin.py:190} INFO - osd 2 0.0 5.0 40 2201773 [1857302, 1801894, 1750958, 1697076, 1641455, 1589386, 1539014, 1484674, 1435428, 1378269, 1329595, 1277979, 1226811, 1177645, 1123316, 1073188, 1019799, 970152, 923580, 871770, 823794, 883222, 946619, 1004472, 1066966, 1135041, 1200215, 1271496, 1338768, 1410843, 1484273, 1554893, 1633066, 1704091, 1778905, 1850872, 1920988, 1995218, 2066154, 2133117, 2201773]
[2025-06-24T11:34:42.217+0900] {logging_mixin.py:190} INFO - osd 3 -5.0 -5.0 0 3524463 [3524463, 3454747, 3389525, 3320280, 3255980, 3188469, 3124072, 3051640, 2984694, 2916439, 2851099, 2782688, 2712427, 2645027, 2575124, 2508670, 2436747, 2367028, 2296669, 2226552, 2158828, 2224128, 2291797, 2359072, 2427101, 2495999, 2560176, 2628775, 2694290, 2763946, 2828914, 2895045, 2960694, 3026780, 3097888, 3159800, 3227112, 3290279, 3358139, 3422775, 3494170]
[2025-06-24T11:35:37.681+0900] {logging_mixin.py:190} INFO - osd 4 0.0 5.0 40 5538712 [5178423, 5084922, 4993262, 4901941, 4812262, 4723058, 4630992, 4540152, 4457363, 4368064, 4285128, 4194629, 4114408, 4024343, 3941563, 3859473, 3777993, 3694005, 3611516, 3529596, 3456645, 3554644, 3662666, 3770009, 3877824, 3982806, 4087010, 4191442, 4301834, 4401949, 4514124, 4614726, 4719877, 4821721, 4927984, 5033683, 5134570, 5235262, 5337102, 5438576, 5538712]
[2025-06-24T11:35:38.132+0900] {logging_mixin.py:190} INFO - step : save
[2025-06-24T11:35:38.916+0900] {logging_mixin.py:190} INFO - file_copy: /opt/***/data/temp/1c4c2c9f-4bed-4ca5-99a2-2bb6d8b8b5d3/8a8e4c68-3536-42cb-bebb-7c5ca5230cd8/ag1.png
[2025-06-24T11:35:39.000+0900] {logging_mixin.py:190} INFO - step : text_orientation_set
[2025-06-24T11:36:02.396+0900] {logging_mixin.py:190} INFO - file_copy: /opt/***/data/temp/1c4c2c9f-4bed-4ca5-99a2-2bb6d8b8b5d3/8a8e4c68-3536-42cb-bebb-7c5ca5230cd8/rotate2_1.png
[2025-06-24T11:36:20.089+0900] {logging_mixin.py:190} INFO - osd 1 break  0 0 12.53 Korean 0.1
[2025-06-24T11:36:20.090+0900] {logging_mixin.py:190} INFO - step : save
[2025-06-24T11:36:20.724+0900] {logging_mixin.py:190} INFO - file_copy: /opt/***/data/temp/1c4c2c9f-4bed-4ca5-99a2-2bb6d8b8b5d3/8a8e4c68-3536-42cb-bebb-7c5ca5230cd8/ag2.png
[2025-06-24T11:36:20.787+0900] {logging_mixin.py:190} INFO - step : load
[2025-06-24T11:36:20.790+0900] {logging_mixin.py:190} INFO - step : rotate
[2025-06-24T11:36:20.907+0900] {logging_mixin.py:190} INFO - step : rotate
[2025-06-24T11:36:21.353+0900] {logging_mixin.py:190} INFO - file_copy: /opt/***/data/temp/1c4c2c9f-4bed-4ca5-99a2-2bb6d8b8b5d3/8a8e4c68-3536-42cb-bebb-7c5ca5230cd8/_result.png
[2025-06-24T11:36:21.370+0900] {python.py:240} INFO - Done. Returned value was: {'file_id': '1c4c2c9f-4bed-4ca5-99a2-2bb6d8b8b5d3', 'file_path': '/opt/***/data/class/a_class/classify/ready/true/종로구 - 정부24 - 건축물대장 등본(초본) 발급(열람) _ 문서출력_page_1_aug1.png', 'true': {'process_id': '_8a8e4c68-3536-42cb-bebb-7c5ca5230cd8_pre', 'folder_path': '1c4c2c9f-4bed-4ca5-99a2-2bb6d8b8b5d3/8a8e4c68-3536-42cb-bebb-7c5ca5230cd8', 'step_list': [{'name': 'cache', 'param': {'key': 'origin'}}, {'name': 'calc_angle_set2', 'param': {'key': 'angle1', 'iterations': 4, 'iter_save': True}}, {'name': 'save', 'param': {'key': 'ag1'}}, {'name': 'text_orientation_set', 'param': {'key': 'angle2', 'iterations': 4, 'iter_save': True}}, {'name': 'save', 'param': {'key': 'ag2'}}, {'name': 'load', 'param': {'key': 'origin'}}, {'name': 'rotate', 'param': {'key': 'angle1'}}, {'name': 'rotate', 'param': {'key': 'angle2'}}], 'result_file_map': {'ag1': '/opt/***/data/temp/1c4c2c9f-4bed-4ca5-99a2-2bb6d8b8b5d3/8a8e4c68-3536-42cb-bebb-7c5ca5230cd8/ag1.png', 'rotate2_1': '/opt/***/data/temp/1c4c2c9f-4bed-4ca5-99a2-2bb6d8b8b5d3/8a8e4c68-3536-42cb-bebb-7c5ca5230cd8/rotate2_1.png', 'ag2': '/opt/***/data/temp/1c4c2c9f-4bed-4ca5-99a2-2bb6d8b8b5d3/8a8e4c68-3536-42cb-bebb-7c5ca5230cd8/ag2.png', '_result': '/opt/***/data/temp/1c4c2c9f-4bed-4ca5-99a2-2bb6d8b8b5d3/8a8e4c68-3536-42cb-bebb-7c5ca5230cd8/_result.png'}}}
[2025-06-24T11:36:21.432+0900] {taskinstance.py:341} INFO - ::group::Post task execution logs
[2025-06-24T11:36:21.441+0900] {taskinstance.py:353} INFO - Marking task as SUCCESS. dag_id=lilt_document_classifier_balanced_V0.1, task_id=img_preprocess_task, run_id=manual__2025-06-24T02:31:44.485922+00:00, map_index=1, execution_date=20250624T023144, start_date=20250624T023253, end_date=20250624T023621
[2025-06-24T11:36:21.535+0900] {local_task_job_runner.py:266} INFO - Task exited with return code 0
[2025-06-24T11:36:21.695+0900] {taskinstance.py:3901} INFO - 0 downstream tasks scheduled from follow-on schedule check
[2025-06-24T11:36:21.705+0900] {local_task_job_runner.py:245} INFO - ::endgroup::
