[2025-06-24T11:35:00.238+0900] {local_task_job_runner.py:123} INFO - ::group::Pre task execution logs
[2025-06-24T11:35:00.291+0900] {taskinstance.py:2614} INFO - Dependencies all met for dep_context=non-requeueable deps ti=<TaskInstance: lilt_document_classifier_balanced_V0.1.img_preprocess_task__1 manual__2025-06-24T02:31:44.485922+00:00 map_index=14 [queued]>
[2025-06-24T11:35:00.538+0900] {taskinstance.py:2614} INFO - Dependencies all met for dep_context=requeueable deps ti=<TaskInstance: lilt_document_classifier_balanced_V0.1.img_preprocess_task__1 manual__2025-06-24T02:31:44.485922+00:00 map_index=14 [queued]>
[2025-06-24T11:35:00.565+0900] {taskinstance.py:2867} INFO - Starting attempt 1 of 1
[2025-06-24T11:35:00.633+0900] {taskinstance.py:2890} INFO - Executing <Mapped(_PythonDecoratedOperator): img_preprocess_task__1> on 2025-06-24 02:31:44.485922+00:00
[2025-06-24T11:35:00.776+0900] {warnings.py:112} WARNING - /home/***/.local/lib/python3.12/site-packages/***/task/task_runner/standard_task_runner.py:70: DeprecationWarning: This process (pid=34036) is multi-threaded, use of fork() may lead to deadlocks in the child.
  pid = os.fork()

[2025-06-24T11:35:00.773+0900] {standard_task_runner.py:104} INFO - Running: ['***', 'tasks', 'run', 'lilt_document_classifier_balanced_V0.1', 'img_preprocess_task__1', 'manual__2025-06-24T02:31:44.485922+00:00', '--job-id', '3766', '--raw', '--subdir', 'DAGS_FOLDER/class_create_dag.py', '--cfg-path', '/tmp/tmp7p5ref_i', '--map-index', '14']
[2025-06-24T11:35:00.802+0900] {standard_task_runner.py:105} INFO - Job 3766: Subtask img_preprocess_task__1
[2025-06-24T11:35:00.796+0900] {standard_task_runner.py:72} INFO - Started process 34045 to run task
[2025-06-24T11:35:01.018+0900] {task_command.py:467} INFO - Running <TaskInstance: lilt_document_classifier_balanced_V0.1.img_preprocess_task__1 manual__2025-06-24T02:31:44.485922+00:00 map_index=14 [running]> on host f6d4228a9eb8
[2025-06-24T11:35:01.503+0900] {taskinstance.py:3134} INFO - Exporting env vars: AIRFLOW_CTX_DAG_OWNER='***' AIRFLOW_CTX_DAG_ID='lilt_document_classifier_balanced_V0.1' AIRFLOW_CTX_TASK_ID='img_preprocess_task__1' AIRFLOW_CTX_EXECUTION_DATE='2025-06-24T02:31:44.485922+00:00' AIRFLOW_CTX_TRY_NUMBER='1' AIRFLOW_CTX_DAG_RUN_ID='manual__2025-06-24T02:31:44.485922+00:00'
[2025-06-24T11:35:01.509+0900] {taskinstance.py:732} INFO - ::endgroup::
[2025-06-24T11:35:01.520+0900] {logging_mixin.py:190} INFO - empty map check {} {'process_id': '_487abfb7-4104-42a3-8acb-eb2e96ab723f_pre', 'folder_path': '5274b33d-0c55-46f6-9e25-64788e24aa11/487abfb7-4104-42a3-8acb-eb2e96ab723f', 'step_list': [{'name': 'cache', 'param': {'key': 'origin'}}, {'name': 'calc_angle_set2', 'param': {'key': 'angle1', 'iterations': 4, 'iter_save': True}}, {'name': 'save', 'param': {'key': 'ag1'}}, {'name': 'text_orientation_set', 'param': {'key': 'angle2', 'iterations': 4, 'iter_save': True}}, {'name': 'save', 'param': {'key': 'ag2'}}, {'name': 'load', 'param': {'key': 'origin'}}, {'name': 'rotate', 'param': {'key': 'angle1'}}, {'name': 'rotate', 'param': {'key': 'angle2'}}], 'result_file_map': {}}
[2025-06-24T11:35:01.541+0900] {logging_mixin.py:190} INFO - step : cache
[2025-06-24T11:35:01.548+0900] {logging_mixin.py:190} INFO - step : calc_angle_set2
[2025-06-24T11:35:07.123+0900] {logging_mixin.py:190} INFO - osd 1 1.75 1.75 27 67 [0, 0, 0, 0, 0, 0, 0, 0, 0, 0, 0, 0, 0, 0, 0, 0, 0, 0, 0, 0, 0, 0, 23, 0, 0, 0, 7, 67, 67, 48, 46, 1, 5, 2, 0, 0, 0, 0, 0, 0, 0]
[2025-06-24T11:35:12.849+0900] {logging_mixin.py:190} INFO - osd 2 2.5 0.75 23 115 [0, 0, 0, 0, 0, 0, 0, 0, 0, 0, 0, 0, 0, 0, 0, 4, 8, 42, 54, 82, 93, 92, 100, 115, 18, 28, 14, 2, 0, 0, 0, 0, 0, 0, 0, 0, 0, 0, 0, 0, 0]
[2025-06-24T11:35:19.415+0900] {logging_mixin.py:190} INFO - osd 3 2.0 -0.5 18 216 [0, 0, 0, 0, 0, 0, 0, 0, 0, 0, 0, 0, 20, 33, 64, 125, 138, 139, 216, 187, 147, 116, 35, 18, 8, 0, 0, 0, 0, 0, 0, 0, 0, 0, 0, 0, 0, 0, 0, 0, 0]
[2025-06-24T11:35:26.815+0900] {logging_mixin.py:190} INFO - osd 4 1.75 -0.25 19 285 [0, 0, 0, 0, 0, 0, 0, 0, 0, 0, 28, 19, 0, 9, 14, 40, 117, 141, 206, 285, 208, 190, 116, 56, 49, 18, 12, 3, 0, 0, 0, 0, 0, 0, 0, 0, 0, 0, 0, 0, 0]
[2025-06-24T11:35:26.914+0900] {logging_mixin.py:190} INFO - step : save
[2025-06-24T11:35:27.328+0900] {logging_mixin.py:190} INFO - file_copy: /opt/***/data/temp/5274b33d-0c55-46f6-9e25-64788e24aa11/487abfb7-4104-42a3-8acb-eb2e96ab723f/ag1.png
[2025-06-24T11:35:27.369+0900] {logging_mixin.py:190} INFO - step : text_orientation_set
[2025-06-24T11:35:30.482+0900] {logging_mixin.py:190} INFO - file_copy: /opt/***/data/temp/5274b33d-0c55-46f6-9e25-64788e24aa11/487abfb7-4104-42a3-8acb-eb2e96ab723f/rotate2_1.png
[2025-06-24T11:35:35.676+0900] {logging_mixin.py:190} INFO - osd 1 180 180 7.34 Arabic 0.87
[2025-06-24T11:35:37.937+0900] {logging_mixin.py:190} INFO - file_copy: /opt/***/data/temp/5274b33d-0c55-46f6-9e25-64788e24aa11/487abfb7-4104-42a3-8acb-eb2e96ab723f/rotate2_2.png
[2025-06-24T11:35:43.874+0900] {logging_mixin.py:190} INFO - osd 2 break  180 0 7.77 Latin 2.0
[2025-06-24T11:35:43.879+0900] {logging_mixin.py:190} INFO - step : save
[2025-06-24T11:35:43.974+0900] {logging_mixin.py:190} INFO - file_copy: /opt/***/data/temp/5274b33d-0c55-46f6-9e25-64788e24aa11/487abfb7-4104-42a3-8acb-eb2e96ab723f/ag2.png
[2025-06-24T11:35:43.985+0900] {logging_mixin.py:190} INFO - step : load
[2025-06-24T11:35:43.989+0900] {logging_mixin.py:190} INFO - step : rotate
[2025-06-24T11:35:44.108+0900] {logging_mixin.py:190} INFO - step : rotate
[2025-06-24T11:35:44.490+0900] {logging_mixin.py:190} INFO - file_copy: /opt/***/data/temp/5274b33d-0c55-46f6-9e25-64788e24aa11/487abfb7-4104-42a3-8acb-eb2e96ab723f/_result.png
[2025-06-24T11:35:44.514+0900] {python.py:240} INFO - Done. Returned value was: {'file_id': '5274b33d-0c55-46f6-9e25-64788e24aa11', 'file_path': '/opt/***/data/class/a_class/classify/ready/false/copied_17_0000171539.png', 'false': {'process_id': '_487abfb7-4104-42a3-8acb-eb2e96ab723f_pre', 'folder_path': '5274b33d-0c55-46f6-9e25-64788e24aa11/487abfb7-4104-42a3-8acb-eb2e96ab723f', 'step_list': [{'name': 'cache', 'param': {'key': 'origin'}}, {'name': 'calc_angle_set2', 'param': {'key': 'angle1', 'iterations': 4, 'iter_save': True}}, {'name': 'save', 'param': {'key': 'ag1'}}, {'name': 'text_orientation_set', 'param': {'key': 'angle2', 'iterations': 4, 'iter_save': True}}, {'name': 'save', 'param': {'key': 'ag2'}}, {'name': 'load', 'param': {'key': 'origin'}}, {'name': 'rotate', 'param': {'key': 'angle1'}}, {'name': 'rotate', 'param': {'key': 'angle2'}}], 'result_file_map': {'ag1': '/opt/***/data/temp/5274b33d-0c55-46f6-9e25-64788e24aa11/487abfb7-4104-42a3-8acb-eb2e96ab723f/ag1.png', 'rotate2_1': '/opt/***/data/temp/5274b33d-0c55-46f6-9e25-64788e24aa11/487abfb7-4104-42a3-8acb-eb2e96ab723f/rotate2_1.png', 'rotate2_2': '/opt/***/data/temp/5274b33d-0c55-46f6-9e25-64788e24aa11/487abfb7-4104-42a3-8acb-eb2e96ab723f/rotate2_2.png', 'ag2': '/opt/***/data/temp/5274b33d-0c55-46f6-9e25-64788e24aa11/487abfb7-4104-42a3-8acb-eb2e96ab723f/ag2.png', '_result': '/opt/***/data/temp/5274b33d-0c55-46f6-9e25-64788e24aa11/487abfb7-4104-42a3-8acb-eb2e96ab723f/_result.png'}}}
[2025-06-24T11:35:44.809+0900] {taskinstance.py:341} INFO - ::group::Post task execution logs
[2025-06-24T11:35:44.833+0900] {taskinstance.py:353} INFO - Marking task as SUCCESS. dag_id=lilt_document_classifier_balanced_V0.1, task_id=img_preprocess_task__1, run_id=manual__2025-06-24T02:31:44.485922+00:00, map_index=14, execution_date=20250624T023144, start_date=20250624T023500, end_date=20250624T023544
[2025-06-24T11:35:45.070+0900] {local_task_job_runner.py:266} INFO - Task exited with return code 0
[2025-06-24T11:35:45.388+0900] {taskinstance.py:3901} INFO - 0 downstream tasks scheduled from follow-on schedule check
[2025-06-24T11:35:45.411+0900] {local_task_job_runner.py:245} INFO - ::endgroup::
