[2025-05-28T00:01:57.413+0000] {local_task_job_runner.py:123} INFO - ::group::Pre task execution logs
[2025-05-28T00:01:57.442+0000] {taskinstance.py:2614} INFO - Dependencies all met for dep_context=non-requeueable deps ti=<TaskInstance: image_processing_per_file_v2.clear_folder_task manual__2025-05-27T09:09:37.032702+00:00 [queued]>
[2025-05-28T00:01:57.454+0000] {taskinstance.py:2614} INFO - Dependencies all met for dep_context=requeueable deps ti=<TaskInstance: image_processing_per_file_v2.clear_folder_task manual__2025-05-27T09:09:37.032702+00:00 [queued]>
[2025-05-28T00:01:57.455+0000] {taskinstance.py:2867} INFO - Starting attempt 1 of 1
[2025-05-28T00:01:57.469+0000] {taskinstance.py:2890} INFO - Executing <Task(_PythonDecoratedOperator): clear_folder_task> on 2025-05-27 09:09:37.032702+00:00
[2025-05-28T00:01:57.479+0000] {logging_mixin.py:190} WARNING - /home/***/.local/lib/python3.12/site-packages/***/task/task_runner/standard_task_runner.py:70 DeprecationWarning: This process (pid=539) is multi-threaded, use of fork() may lead to deadlocks in the child.
[2025-05-28T00:01:57.480+0000] {standard_task_runner.py:104} INFO - Running: ['***', 'tasks', 'run', 'image_processing_per_file_v2', 'clear_folder_task', 'manual__2025-05-27T09:09:37.032702+00:00', '--job-id', '1784', '--raw', '--subdir', 'DAGS_FOLDER/test_dag.py', '--cfg-path', '/tmp/tmphr0zxvdq']
[2025-05-28T00:01:57.481+0000] {standard_task_runner.py:72} INFO - Started process 622 to run task
[2025-05-28T00:01:57.481+0000] {standard_task_runner.py:105} INFO - Job 1784: Subtask clear_folder_task
[2025-05-28T00:01:57.534+0000] {task_command.py:467} INFO - Running <TaskInstance: image_processing_per_file_v2.clear_folder_task manual__2025-05-27T09:09:37.032702+00:00 [running]> on host d13339a4a574
[2025-05-28T00:01:57.626+0000] {taskinstance.py:3134} INFO - Exporting env vars: AIRFLOW_CTX_DAG_OWNER='***' AIRFLOW_CTX_DAG_ID='image_processing_per_file_v2' AIRFLOW_CTX_TASK_ID='clear_folder_task' AIRFLOW_CTX_EXECUTION_DATE='2025-05-27T09:09:37.032702+00:00' AIRFLOW_CTX_TRY_NUMBER='1' AIRFLOW_CTX_DAG_RUN_ID='manual__2025-05-27T09:09:37.032702+00:00'
[2025-05-28T00:01:57.628+0000] {logging_mixin.py:190} INFO - Task instance is in running state
[2025-05-28T00:01:57.629+0000] {logging_mixin.py:190} INFO -  Previous state of the Task instance: queued
[2025-05-28T00:01:57.629+0000] {logging_mixin.py:190} INFO - Current task name:clear_folder_task state:running start_date:2025-05-28 00:01:57.442685+00:00
[2025-05-28T00:01:57.629+0000] {logging_mixin.py:190} INFO - Dag name:image_processing_per_file_v2 and current dag run status:running
[2025-05-28T00:01:57.630+0000] {taskinstance.py:732} INFO - ::endgroup::
[2025-05-28T00:01:57.748+0000] {python.py:240} INFO - Done. Returned value was: Cleared folder: /opt/***/data/temp
[2025-05-28T00:01:57.775+0000] {taskinstance.py:341} INFO - ::group::Post task execution logs
[2025-05-28T00:01:57.776+0000] {taskinstance.py:353} INFO - Marking task as SUCCESS. dag_id=image_processing_per_file_v2, task_id=clear_folder_task, run_id=manual__2025-05-27T09:09:37.032702+00:00, execution_date=20250527T090937, start_date=20250528T000157, end_date=20250528T000157
[2025-05-28T00:01:57.812+0000] {logging_mixin.py:190} INFO - Task instance in success state
[2025-05-28T00:01:57.812+0000] {logging_mixin.py:190} INFO -  Previous state of the Task instance: running
[2025-05-28T00:01:57.813+0000] {logging_mixin.py:190} INFO - Dag name:image_processing_per_file_v2 queued_at:2025-05-27 09:09:37.089908+00:00
[2025-05-28T00:01:57.814+0000] {logging_mixin.py:190} INFO - Task hostname:d13339a4a574 operator:_PythonDecoratedOperator
[2025-05-28T00:01:57.859+0000] {local_task_job_runner.py:266} INFO - Task exited with return code 0
[2025-05-28T00:01:57.883+0000] {taskinstance.py:3901} INFO - 0 downstream tasks scheduled from follow-on schedule check
[2025-05-28T00:01:57.886+0000] {local_task_job_runner.py:245} INFO - ::endgroup::
