[2025-06-23T15:56:58.310+0900] {local_task_job_runner.py:123} INFO - ::group::Pre task execution logs
[2025-06-23T15:56:58.386+0900] {taskinstance.py:2614} INFO - Dependencies all met for dep_context=non-requeueable deps ti=<TaskInstance: lilt_document_classifier_balanced_V0.1.img_preprocess_task manual__2025-06-23T06:45:10.371530+00:00 map_index=28 [queued]>
[2025-06-23T15:56:58.417+0900] {taskinstance.py:2614} INFO - Dependencies all met for dep_context=requeueable deps ti=<TaskInstance: lilt_document_classifier_balanced_V0.1.img_preprocess_task manual__2025-06-23T06:45:10.371530+00:00 map_index=28 [queued]>
[2025-06-23T15:56:58.417+0900] {taskinstance.py:2867} INFO - Starting attempt 1 of 1
[2025-06-23T15:56:58.455+0900] {taskinstance.py:2890} INFO - Executing <Mapped(_PythonDecoratedOperator): img_preprocess_task> on 2025-06-23 06:45:10.371530+00:00
[2025-06-23T15:56:58.471+0900] {warnings.py:112} WARNING - /home/***/.local/lib/python3.12/site-packages/***/task/task_runner/standard_task_runner.py:70: DeprecationWarning: This process (pid=3021) is multi-threaded, use of fork() may lead to deadlocks in the child.
  pid = os.fork()

[2025-06-23T15:56:58.476+0900] {standard_task_runner.py:72} INFO - Started process 3038 to run task
[2025-06-23T15:56:58.475+0900] {standard_task_runner.py:104} INFO - Running: ['***', 'tasks', 'run', 'lilt_document_classifier_balanced_V0.1', 'img_preprocess_task', 'manual__2025-06-23T06:45:10.371530+00:00', '--job-id', '3167', '--raw', '--subdir', 'DAGS_FOLDER/class_create_dag.py', '--cfg-path', '/tmp/tmpwe44jjk4', '--map-index', '28']
[2025-06-23T15:56:58.482+0900] {standard_task_runner.py:105} INFO - Job 3167: Subtask img_preprocess_task
[2025-06-23T15:56:58.617+0900] {task_command.py:467} INFO - Running <TaskInstance: lilt_document_classifier_balanced_V0.1.img_preprocess_task manual__2025-06-23T06:45:10.371530+00:00 map_index=28 [running]> on host f6d4228a9eb8
[2025-06-23T15:56:59.180+0900] {taskinstance.py:3134} INFO - Exporting env vars: AIRFLOW_CTX_DAG_OWNER='***' AIRFLOW_CTX_DAG_ID='lilt_document_classifier_balanced_V0.1' AIRFLOW_CTX_TASK_ID='img_preprocess_task' AIRFLOW_CTX_EXECUTION_DATE='2025-06-23T06:45:10.371530+00:00' AIRFLOW_CTX_TRY_NUMBER='1' AIRFLOW_CTX_DAG_RUN_ID='manual__2025-06-23T06:45:10.371530+00:00'
[2025-06-23T15:56:59.191+0900] {taskinstance.py:732} INFO - ::endgroup::
[2025-06-23T15:56:59.196+0900] {logging_mixin.py:190} INFO - empty map check {} {'process_id': '_61d41ea0-83ca-4199-b134-230f0ed0be0c_pre', 'folder_path': '48844a14-e0ff-45b1-9419-bd0f13b088ce/61d41ea0-83ca-4199-b134-230f0ed0be0c', 'step_list': [{'name': 'cache', 'param': {'key': 'origin'}}, {'name': 'calc_angle_set2', 'param': {'key': 'angle1', 'iterations': 4, 'iter_save': False}}, {'name': 'text_orientation_set', 'param': {'key': 'angle2', 'iterations': 4, 'iter_save': False}}, {'name': 'load', 'param': {'key': 'origin'}}, {'name': 'rotate', 'param': {'key': 'angle1'}}, {'name': 'rotate', 'param': {'key': 'angle2'}}], 'result_file_map': {}}
[2025-06-23T15:56:59.205+0900] {logging_mixin.py:190} INFO - step : cache
[2025-06-23T15:56:59.210+0900] {logging_mixin.py:190} INFO - step : calc_angle_set2
[2025-06-23T15:57:32.413+0900] {logging_mixin.py:190} INFO - osd 1 5.0 5.0 40 1291447 [1122395, 1078388, 1031085, 983682, 937187, 890976, 846726, 802087, 759980, 715305, 674525, 628024, 580694, 536415, 499311, 458603, 419036, 379638, 340611, 300833, 265508, 300662, 339117, 380191, 422918, 467475, 515506, 561673, 613103, 667042, 719846, 772610, 831463, 886387, 943510, 999891, 1058910, 1116352, 1176350, 1235364, 1291447]
[2025-06-23T15:58:16.009+0900] {logging_mixin.py:190} INFO - osd 2 0.0 -5.0 0 2776341 [2776341, 2698995, 2625071, 2545515, 2463354, 2385578, 2306784, 2226178, 2148319, 2062774, 1986693, 1906037, 1827164, 1750750, 1669145, 1595026, 1517824, 1446511, 1380065, 1307364, 1240674, 1306271, 1376543, 1440020, 1506485, 1579106, 1646639, 1721069, 1786613, 1855249, 1926108, 1992817, 2070460, 2138210, 2212560, 2283280, 2356055, 2434197, 2508472, 2579977, 2657270]
[2025-06-23T15:58:57.892+0900] {logging_mixin.py:190} INFO - osd 3 5.0 5.0 40 4483764 [4304153, 4226320, 4155322, 4079445, 4008577, 3932310, 3860987, 3781830, 3706297, 3631135, 3555949, 3473594, 3386834, 3304930, 3220392, 3138923, 3052672, 2968182, 2882748, 2798564, 2714911, 2799980, 2887970, 2975678, 3063605, 3152457, 3237634, 3326700, 3411888, 3502826, 3588932, 3674033, 3761406, 3847795, 3940282, 4024357, 4115698, 4203318, 4297228, 4386853, 4483764]
[2025-06-23T15:59:53.926+0900] {logging_mixin.py:190} INFO - osd 4 10.0 5.0 40 6685884 [6680678, 6565423, 6450182, 6335609, 6220994, 6106555, 5987061, 5869304, 5756085, 5636942, 5525291, 5403477, 5293359, 5170990, 5056358, 4942716, 4826930, 4708933, 4591623, 4473701, 4366948, 4464678, 4572328, 4683199, 4795937, 4905272, 5014926, 5128675, 5246802, 5357875, 5480420, 5593613, 5713921, 5829853, 5952682, 6078169, 6197248, 6317288, 6439179, 6560996, 6685884]
[2025-06-23T15:59:54.295+0900] {logging_mixin.py:190} INFO - step : text_orientation_set
[2025-06-23T16:00:16.048+0900] {logging_mixin.py:190} INFO - osd 1 break  0 0 1.26 Japanese 0.41
[2025-06-23T16:00:16.050+0900] {logging_mixin.py:190} INFO - step : load
[2025-06-23T16:00:16.059+0900] {logging_mixin.py:190} INFO - step : rotate
[2025-06-23T16:00:16.499+0900] {logging_mixin.py:190} INFO - step : rotate
[2025-06-23T16:00:17.045+0900] {logging_mixin.py:190} INFO - file_copy: /opt/***/data/temp/48844a14-e0ff-45b1-9419-bd0f13b088ce/61d41ea0-83ca-4199-b134-230f0ed0be0c/_result.png
[2025-06-23T16:00:17.081+0900] {python.py:240} INFO - Done. Returned value was: {'file_id': '48844a14-e0ff-45b1-9419-bd0f13b088ce', 'file_path': '/opt/***/data/class/a_class/classify/ready/true/청진동 삼선빌딩 - 정부24 - 건축물대장 등본(초본) 발급(열람) _ 문서출력_page_1_aug2.png', 'true': {'process_id': '_61d41ea0-83ca-4199-b134-230f0ed0be0c_pre', 'folder_path': '48844a14-e0ff-45b1-9419-bd0f13b088ce/61d41ea0-83ca-4199-b134-230f0ed0be0c', 'step_list': [{'name': 'cache', 'param': {'key': 'origin'}}, {'name': 'calc_angle_set2', 'param': {'key': 'angle1', 'iterations': 4, 'iter_save': False}}, {'name': 'text_orientation_set', 'param': {'key': 'angle2', 'iterations': 4, 'iter_save': False}}, {'name': 'load', 'param': {'key': 'origin'}}, {'name': 'rotate', 'param': {'key': 'angle1'}}, {'name': 'rotate', 'param': {'key': 'angle2'}}], 'result_file_map': {'_result': '/opt/***/data/temp/48844a14-e0ff-45b1-9419-bd0f13b088ce/61d41ea0-83ca-4199-b134-230f0ed0be0c/_result.png'}}}
[2025-06-23T16:00:17.163+0900] {taskinstance.py:341} INFO - ::group::Post task execution logs
[2025-06-23T16:00:17.167+0900] {taskinstance.py:353} INFO - Marking task as SUCCESS. dag_id=lilt_document_classifier_balanced_V0.1, task_id=img_preprocess_task, run_id=manual__2025-06-23T06:45:10.371530+00:00, map_index=28, execution_date=20250623T064510, start_date=20250623T065658, end_date=20250623T070017
[2025-06-23T16:00:17.423+0900] {local_task_job_runner.py:266} INFO - Task exited with return code 0
[2025-06-23T16:00:17.575+0900] {taskinstance.py:3901} INFO - 0 downstream tasks scheduled from follow-on schedule check
[2025-06-23T16:00:17.596+0900] {local_task_job_runner.py:245} INFO - ::endgroup::
