[2025-06-24T16:03:23.387+0900] {local_task_job_runner.py:123} INFO - ::group::Pre task execution logs
[2025-06-24T16:03:23.478+0900] {taskinstance.py:2614} INFO - Dependencies all met for dep_context=non-requeueable deps ti=<TaskInstance: lilt_document_classifier_balanced_V0.1.img_preprocess_task manual__2025-06-24T06:53:42.323966+00:00 map_index=44 [queued]>
[2025-06-24T16:03:23.733+0900] {taskinstance.py:2614} INFO - Dependencies all met for dep_context=requeueable deps ti=<TaskInstance: lilt_document_classifier_balanced_V0.1.img_preprocess_task manual__2025-06-24T06:53:42.323966+00:00 map_index=44 [queued]>
[2025-06-24T16:03:23.748+0900] {taskinstance.py:2867} INFO - Starting attempt 1 of 1
[2025-06-24T16:03:23.799+0900] {taskinstance.py:2890} INFO - Executing <Mapped(_PythonDecoratedOperator): img_preprocess_task> on 2025-06-24 06:53:42.323966+00:00
[2025-06-24T16:03:23.850+0900] {warnings.py:112} WARNING - /home/***/.local/lib/python3.12/site-packages/***/task/task_runner/standard_task_runner.py:70: DeprecationWarning: This process (pid=49263) is multi-threaded, use of fork() may lead to deadlocks in the child.
  pid = os.fork()

[2025-06-24T16:03:23.867+0900] {standard_task_runner.py:72} INFO - Started process 49305 to run task
[2025-06-24T16:03:23.845+0900] {standard_task_runner.py:104} INFO - Running: ['***', 'tasks', 'run', 'lilt_document_classifier_balanced_V0.1', 'img_preprocess_task', 'manual__2025-06-24T06:53:42.323966+00:00', '--job-id', '4309', '--raw', '--subdir', 'DAGS_FOLDER/class_create_dag.py', '--cfg-path', '/tmp/tmpficmgtm_', '--map-index', '44']
[2025-06-24T16:03:23.873+0900] {standard_task_runner.py:105} INFO - Job 4309: Subtask img_preprocess_task
[2025-06-24T16:03:23.964+0900] {task_command.py:467} INFO - Running <TaskInstance: lilt_document_classifier_balanced_V0.1.img_preprocess_task manual__2025-06-24T06:53:42.323966+00:00 map_index=44 [running]> on host f6d4228a9eb8
[2025-06-24T16:03:24.130+0900] {taskinstance.py:3134} INFO - Exporting env vars: AIRFLOW_CTX_DAG_OWNER='***' AIRFLOW_CTX_DAG_ID='lilt_document_classifier_balanced_V0.1' AIRFLOW_CTX_TASK_ID='img_preprocess_task' AIRFLOW_CTX_EXECUTION_DATE='2025-06-24T06:53:42.323966+00:00' AIRFLOW_CTX_TRY_NUMBER='1' AIRFLOW_CTX_DAG_RUN_ID='manual__2025-06-24T06:53:42.323966+00:00'
[2025-06-24T16:03:24.132+0900] {taskinstance.py:732} INFO - ::endgroup::
[2025-06-24T16:03:24.138+0900] {logging_mixin.py:190} INFO - empty map check {} {'process_id': '_58fad7a8-3cfa-4823-a622-f727caef10a1_pre', 'folder_path': '7d98a217-fb7f-4464-b5ef-489b03113916/58fad7a8-3cfa-4823-a622-f727caef10a1', 'step_list': [{'name': 'cache', 'param': {'key': 'origin'}}, {'name': 'calc_angle_set2', 'param': {'key': 'angle1', 'iterations': 4, 'iter_save': False}}, {'name': 'text_orientation_set', 'param': {'key': 'angle2', 'iterations': 4, 'iter_save': False}}, {'name': 'load', 'param': {'key': 'origin'}}, {'name': 'rotate', 'param': {'key': 'angle1'}}, {'name': 'rotate', 'param': {'key': 'angle2'}}], 'result_file_map': {}}
[2025-06-24T16:03:24.141+0900] {logging_mixin.py:190} INFO - step : cache
[2025-06-24T16:03:24.143+0900] {logging_mixin.py:190} INFO - step : calc_angle_set2
[2025-06-24T16:03:52.668+0900] {logging_mixin.py:190} INFO - osd 1 -0.25 -0.25 19 134699 [0, 0, 0, 0, 0, 0, 0, 0, 0, 0, 0, 0, 0, 158, 4104, 15708, 35485, 57662, 77923, 134699, 127326, 78843, 55027, 31292, 12748, 2572, 0, 0, 0, 0, 0, 0, 0, 0, 0, 0, 0, 0, 0, 0, 0]
[2025-06-24T16:04:21.465+0900] {logging_mixin.py:190} INFO - osd 2 -0.25 0.0 20 144248 [0, 0, 0, 0, 0, 0, 0, 0, 0, 0, 0, 0, 0, 0, 507, 5828, 20247, 41992, 62569, 85242, 144248, 131038, 82787, 60220, 36475, 16032, 4074, 6, 0, 0, 0, 0, 0, 0, 0, 0, 0, 0, 0, 0, 0]
[2025-06-24T16:04:50.095+0900] {logging_mixin.py:190} INFO - osd 3 -0.25 0.0 20 144248 [0, 0, 0, 0, 0, 0, 0, 0, 0, 0, 0, 0, 0, 0, 507, 5828, 20247, 41992, 62569, 85242, 144248, 131038, 82787, 60220, 36475, 16032, 4074, 6, 0, 0, 0, 0, 0, 0, 0, 0, 0, 0, 0, 0, 0]
[2025-06-24T16:05:22.434+0900] {logging_mixin.py:190} INFO - osd 4 -0.25 0.0 20 144248 [0, 0, 0, 0, 0, 0, 0, 0, 0, 0, 0, 0, 0, 0, 507, 5828, 20247, 41992, 62569, 85242, 144248, 131038, 82787, 60220, 36475, 16032, 4074, 6, 0, 0, 0, 0, 0, 0, 0, 0, 0, 0, 0, 0, 0]
[2025-06-24T16:05:22.719+0900] {logging_mixin.py:190} INFO - step : text_orientation_set
[2025-06-24T16:05:37.675+0900] {logging_mixin.py:190} INFO - osd 1 break  0 0 8.86 Korean 0.36
[2025-06-24T16:05:37.679+0900] {logging_mixin.py:190} INFO - step : load
[2025-06-24T16:05:37.679+0900] {logging_mixin.py:190} INFO - step : rotate
[2025-06-24T16:05:38.349+0900] {logging_mixin.py:190} INFO - step : rotate
[2025-06-24T16:05:38.833+0900] {logging_mixin.py:190} INFO - file_copy: /opt/***/data/temp/7d98a217-fb7f-4464-b5ef-489b03113916/58fad7a8-3cfa-4823-a622-f727caef10a1/_result.png
[2025-06-24T16:05:38.875+0900] {python.py:240} INFO - Done. Returned value was: {'file_id': '7d98a217-fb7f-4464-b5ef-489b03113916', 'file_path': '/opt/***/data/class/a_class/classify/ready/true/이화동 엘림빌딩 -정부24 - 건축물대장 등본(초본) 발급(열람) _ 문서출력_page_1_aug2.png', 'true': {'process_id': '_58fad7a8-3cfa-4823-a622-f727caef10a1_pre', 'folder_path': '7d98a217-fb7f-4464-b5ef-489b03113916/58fad7a8-3cfa-4823-a622-f727caef10a1', 'step_list': [{'name': 'cache', 'param': {'key': 'origin'}}, {'name': 'calc_angle_set2', 'param': {'key': 'angle1', 'iterations': 4, 'iter_save': False}}, {'name': 'text_orientation_set', 'param': {'key': 'angle2', 'iterations': 4, 'iter_save': False}}, {'name': 'load', 'param': {'key': 'origin'}}, {'name': 'rotate', 'param': {'key': 'angle1'}}, {'name': 'rotate', 'param': {'key': 'angle2'}}], 'result_file_map': {'_result': '/opt/***/data/temp/7d98a217-fb7f-4464-b5ef-489b03113916/58fad7a8-3cfa-4823-a622-f727caef10a1/_result.png'}}}
[2025-06-24T16:05:39.005+0900] {taskinstance.py:341} INFO - ::group::Post task execution logs
[2025-06-24T16:05:39.011+0900] {taskinstance.py:353} INFO - Marking task as SUCCESS. dag_id=lilt_document_classifier_balanced_V0.1, task_id=img_preprocess_task, run_id=manual__2025-06-24T06:53:42.323966+00:00, map_index=44, execution_date=20250624T065342, start_date=20250624T070323, end_date=20250624T070539
[2025-06-24T16:05:39.128+0900] {local_task_job_runner.py:266} INFO - Task exited with return code 0
[2025-06-24T16:05:39.219+0900] {taskinstance.py:3901} INFO - 0 downstream tasks scheduled from follow-on schedule check
[2025-06-24T16:05:39.226+0900] {local_task_job_runner.py:245} INFO - ::endgroup::
