[2025-06-13T16:26:24.317+0900] {local_task_job_runner.py:123} INFO - ::group::Pre task execution logs
[2025-06-13T16:26:24.347+0900] {taskinstance.py:2614} INFO - Dependencies all met for dep_context=non-requeueable deps ti=<TaskInstance: image_ocr_v2.img_preprocess_task manual__2025-06-13T07:26:16.786606+00:00 map_index=3 [queued]>
[2025-06-13T16:26:24.360+0900] {taskinstance.py:2614} INFO - Dependencies all met for dep_context=requeueable deps ti=<TaskInstance: image_ocr_v2.img_preprocess_task manual__2025-06-13T07:26:16.786606+00:00 map_index=3 [queued]>
[2025-06-13T16:26:24.360+0900] {taskinstance.py:2867} INFO - Starting attempt 1 of 1
[2025-06-13T16:26:24.377+0900] {taskinstance.py:2890} INFO - Executing <Mapped(_PythonDecoratedOperator): img_preprocess_task> on 2025-06-13 07:26:16.786606+00:00
[2025-06-13T16:26:24.384+0900] {warnings.py:112} WARNING - /home/***/.local/lib/python3.12/site-packages/***/task/task_runner/standard_task_runner.py:70: DeprecationWarning: This process (pid=2006) is multi-threaded, use of fork() may lead to deadlocks in the child.
  pid = os.fork()

[2025-06-13T16:26:24.386+0900] {standard_task_runner.py:72} INFO - Started process 2012 to run task
[2025-06-13T16:26:24.386+0900] {standard_task_runner.py:104} INFO - Running: ['***', 'tasks', 'run', 'image_ocr_v2', 'img_preprocess_task', 'manual__2025-06-13T07:26:16.786606+00:00', '--job-id', '34', '--raw', '--subdir', 'DAGS_FOLDER/test_dag.py', '--cfg-path', '/tmp/tmpbi12fp4v', '--map-index', '3']
[2025-06-13T16:26:24.389+0900] {standard_task_runner.py:105} INFO - Job 34: Subtask img_preprocess_task
[2025-06-13T16:26:24.439+0900] {task_command.py:467} INFO - Running <TaskInstance: image_ocr_v2.img_preprocess_task manual__2025-06-13T07:26:16.786606+00:00 map_index=3 [running]> on host f6d4228a9eb8
[2025-06-13T16:26:24.520+0900] {taskinstance.py:3134} INFO - Exporting env vars: AIRFLOW_CTX_DAG_OWNER='***' AIRFLOW_CTX_DAG_ID='image_ocr_v2' AIRFLOW_CTX_TASK_ID='img_preprocess_task' AIRFLOW_CTX_EXECUTION_DATE='2025-06-13T07:26:16.786606+00:00' AIRFLOW_CTX_TRY_NUMBER='1' AIRFLOW_CTX_DAG_RUN_ID='manual__2025-06-13T07:26:16.786606+00:00'
[2025-06-13T16:26:24.524+0900] {taskinstance.py:732} INFO - ::endgroup::
[2025-06-13T16:26:24.528+0900] {logging_mixin.py:190} INFO - empty map check {} {'process_id': '_7b0b66bf-a6a5-4cfe-adb4-654f1a2f1a2e_pre', 'folder_path': '58edcf49-c4ab-4d87-be22-ca2c18135c34/7b0b66bf-a6a5-4cfe-adb4-654f1a2f1a2e', 'step_list': [{'name': 'cache', 'param': {'key': 'origin'}}, {'name': 'calc_angle_set1', 'param': {'key': 'angle1', 'iterations': 3}}, {'name': 'save', 'param': {'key': 'rotate1'}}, {'name': 'calc_angle_set2', 'param': {'key': 'angle2', 'iterations': 3}}, {'name': 'save', 'param': {'key': 'rotate2'}}, {'name': 'threshold', 'param': {}}, {'name': 'morphology1', 'param': {}}, {'name': 'scale1', 'param': {'width': 500, 'height': 500}}, {'name': 'save', 'param': {'key': 'classify_preprocess'}}], 'result_file_list': []}
[2025-06-13T16:26:24.528+0900] {logging_mixin.py:190} INFO - step : cache
[2025-06-13T16:26:24.530+0900] {logging_mixin.py:190} INFO - step : calc_angle_set1
[2025-06-13T16:26:24.623+0900] {logging_mixin.py:190} INFO - angle1 :  0 0.21189131358332958 -89.65691560047647 -89.65691560047647 90.08069822764313 90.08069822764313
[2025-06-13T16:26:24.772+0900] {logging_mixin.py:190} INFO - angle2 :  0.21189131358332958 -0.018318380355516695 -89.87530862011141 -89.87517279115113 89.79825513125313 89.87895275858736
[2025-06-13T16:26:24.773+0900] {logging_mixin.py:190} INFO - step : save
[2025-06-13T16:26:24.951+0900] {logging_mixin.py:190} INFO - file_copy: /opt/***/data/result/58edcf49-c4ab-4d87-be22-ca2c18135c34/7b0b66bf-a6a5-4cfe-adb4-654f1a2f1a2e/rotate1.png
[2025-06-13T16:26:24.963+0900] {logging_mixin.py:190} INFO - step : calc_angle_set2
[2025-06-13T16:26:31.412+0900] {logging_mixin.py:190} INFO - file_copy: /opt/***/data/result/58edcf49-c4ab-4d87-be22-ca2c18135c34/7b0b66bf-a6a5-4cfe-adb4-654f1a2f1a2e/rotate2_1.png
[2025-06-13T16:26:32.765+0900] {logging_mixin.py:190} INFO - osd 1 90 90 4.94 Latin 0.48
[2025-06-13T16:26:38.679+0900] {logging_mixin.py:190} INFO - file_copy: /opt/***/data/result/58edcf49-c4ab-4d87-be22-ca2c18135c34/7b0b66bf-a6a5-4cfe-adb4-654f1a2f1a2e/rotate2_2.png
[2025-06-13T16:26:40.081+0900] {logging_mixin.py:190} INFO - osd 2 270 180 4.59 Latin 1.03
[2025-06-13T16:26:45.917+0900] {logging_mixin.py:190} INFO - file_copy: /opt/***/data/result/58edcf49-c4ab-4d87-be22-ca2c18135c34/7b0b66bf-a6a5-4cfe-adb4-654f1a2f1a2e/rotate2_3.png
[2025-06-13T16:26:47.247+0900] {logging_mixin.py:190} INFO - step : save
[2025-06-13T16:26:47.439+0900] {logging_mixin.py:190} INFO - file_copy: /opt/***/data/result/58edcf49-c4ab-4d87-be22-ca2c18135c34/7b0b66bf-a6a5-4cfe-adb4-654f1a2f1a2e/rotate2.png
[2025-06-13T16:26:47.447+0900] {logging_mixin.py:190} INFO - step : threshold
[2025-06-13T16:26:47.536+0900] {logging_mixin.py:190} INFO - step : morphology1
[2025-06-13T16:26:47.548+0900] {logging_mixin.py:190} INFO - step : scale1
[2025-06-13T16:26:47.553+0900] {logging_mixin.py:190} INFO - step : save
[2025-06-13T16:26:47.562+0900] {logging_mixin.py:190} INFO - file_copy: /opt/***/data/result/58edcf49-c4ab-4d87-be22-ca2c18135c34/7b0b66bf-a6a5-4cfe-adb4-654f1a2f1a2e/classify_preprocess.png
[2025-06-13T16:26:47.570+0900] {python.py:240} INFO - Done. Returned value was: {'file_id': '58edcf49-c4ab-4d87-be22-ca2c18135c34', 'file_path': '/opt/***/data/upload/Gas Engine 점검일지_ 2021년 2월.pdf-image-013.jpg', 'preprocess_list': [{'process_id': '_7b0b66bf-a6a5-4cfe-adb4-654f1a2f1a2e_pre', 'folder_path': '58edcf49-c4ab-4d87-be22-ca2c18135c34/7b0b66bf-a6a5-4cfe-adb4-654f1a2f1a2e', 'step_list': [{'name': 'cache', 'param': {'key': 'origin'}}, {'name': 'calc_angle_set1', 'param': {'key': 'angle1', 'iterations': 3}}, {'name': 'save', 'param': {'key': 'rotate1'}}, {'name': 'calc_angle_set2', 'param': {'key': 'angle2', 'iterations': 3}}, {'name': 'save', 'param': {'key': 'rotate2'}}, {'name': 'threshold', 'param': {}}, {'name': 'morphology1', 'param': {}}, {'name': 'scale1', 'param': {'width': 500, 'height': 500}}, {'name': 'save', 'param': {'key': 'classify_preprocess'}}], 'result_file_list': [{'rotate1': '/opt/***/data/result/58edcf49-c4ab-4d87-be22-ca2c18135c34/7b0b66bf-a6a5-4cfe-adb4-654f1a2f1a2e/rotate1.png'}, {'rotate2_1': '/opt/***/data/result/58edcf49-c4ab-4d87-be22-ca2c18135c34/7b0b66bf-a6a5-4cfe-adb4-654f1a2f1a2e/rotate2_1.png'}, {'rotate2_2': '/opt/***/data/result/58edcf49-c4ab-4d87-be22-ca2c18135c34/7b0b66bf-a6a5-4cfe-adb4-654f1a2f1a2e/rotate2_2.png'}, {'rotate2_3': '/opt/***/data/result/58edcf49-c4ab-4d87-be22-ca2c18135c34/7b0b66bf-a6a5-4cfe-adb4-654f1a2f1a2e/rotate2_3.png'}, {'rotate2': '/opt/***/data/result/58edcf49-c4ab-4d87-be22-ca2c18135c34/7b0b66bf-a6a5-4cfe-adb4-654f1a2f1a2e/rotate2.png'}, {'classify_preprocess': '/opt/***/data/result/58edcf49-c4ab-4d87-be22-ca2c18135c34/7b0b66bf-a6a5-4cfe-adb4-654f1a2f1a2e/classify_preprocess.png'}]}]}
[2025-06-13T16:26:47.603+0900] {taskinstance.py:341} INFO - ::group::Post task execution logs
[2025-06-13T16:26:47.603+0900] {taskinstance.py:353} INFO - Marking task as SUCCESS. dag_id=image_ocr_v2, task_id=img_preprocess_task, run_id=manual__2025-06-13T07:26:16.786606+00:00, map_index=3, execution_date=20250613T072616, start_date=20250613T072624, end_date=20250613T072647
[2025-06-13T16:26:47.639+0900] {local_task_job_runner.py:266} INFO - Task exited with return code 0
[2025-06-13T16:26:47.645+0900] {local_task_job_runner.py:245} INFO - ::endgroup::
