[2025-06-25T09:29:51.687+0900] {local_task_job_runner.py:123} INFO - ::group::Pre task execution logs
[2025-06-25T09:29:51.816+0900] {taskinstance.py:2614} INFO - Dependencies all met for dep_context=non-requeueable deps ti=<TaskInstance: lilt_document_classifier_balanced_V0.1.img_preprocess_task__1 manual__2025-06-25T00:18:31.692203+00:00 map_index=89 [queued]>
[2025-06-25T09:29:51.883+0900] {taskinstance.py:2614} INFO - Dependencies all met for dep_context=requeueable deps ti=<TaskInstance: lilt_document_classifier_balanced_V0.1.img_preprocess_task__1 manual__2025-06-25T00:18:31.692203+00:00 map_index=89 [queued]>
[2025-06-25T09:29:51.884+0900] {taskinstance.py:2867} INFO - Starting attempt 1 of 1
[2025-06-25T09:29:51.981+0900] {taskinstance.py:2890} INFO - Executing <Mapped(_PythonDecoratedOperator): img_preprocess_task__1> on 2025-06-25 00:18:31.692203+00:00
[2025-06-25T09:29:52.042+0900] {warnings.py:112} WARNING - /home/***/.local/lib/python3.12/site-packages/***/task/task_runner/standard_task_runner.py:70: DeprecationWarning: This process (pid=78979) is multi-threaded, use of fork() may lead to deadlocks in the child.
  pid = os.fork()

[2025-06-25T09:29:52.075+0900] {standard_task_runner.py:72} INFO - Started process 79006 to run task
[2025-06-25T09:29:52.060+0900] {standard_task_runner.py:104} INFO - Running: ['***', 'tasks', 'run', 'lilt_document_classifier_balanced_V0.1', 'img_preprocess_task__1', 'manual__2025-06-25T00:18:31.692203+00:00', '--job-id', '5152', '--raw', '--subdir', 'DAGS_FOLDER/class_create_dag.py', '--cfg-path', '/tmp/tmpymongrra', '--map-index', '89']
[2025-06-25T09:29:52.114+0900] {standard_task_runner.py:105} INFO - Job 5152: Subtask img_preprocess_task__1
[2025-06-25T09:29:52.302+0900] {task_command.py:467} INFO - Running <TaskInstance: lilt_document_classifier_balanced_V0.1.img_preprocess_task__1 manual__2025-06-25T00:18:31.692203+00:00 map_index=89 [running]> on host f6d4228a9eb8
[2025-06-25T09:29:52.580+0900] {taskinstance.py:3134} INFO - Exporting env vars: AIRFLOW_CTX_DAG_OWNER='***' AIRFLOW_CTX_DAG_ID='lilt_document_classifier_balanced_V0.1' AIRFLOW_CTX_TASK_ID='img_preprocess_task__1' AIRFLOW_CTX_EXECUTION_DATE='2025-06-25T00:18:31.692203+00:00' AIRFLOW_CTX_TRY_NUMBER='1' AIRFLOW_CTX_DAG_RUN_ID='manual__2025-06-25T00:18:31.692203+00:00'
[2025-06-25T09:29:52.582+0900] {taskinstance.py:732} INFO - ::endgroup::
[2025-06-25T09:29:52.589+0900] {logging_mixin.py:190} INFO - empty map check {} {'process_id': '_79318c50-7cbe-483a-9c67-50a3b5eb12fe_pre', 'folder_path': '8ca446aa-6853-4210-93dc-73f2e573e047/79318c50-7cbe-483a-9c67-50a3b5eb12fe', 'step_list': [{'name': 'cache', 'param': {'cache_key': 'origin'}}, {'name': 'calc_angle_set2', 'param': {'angle_key': 'angle2_1', 'delta': 8.0, 'limit': 40, 'iterations': 2, 'iter_save': False}}, {'name': 'calc_angle_set2', 'param': {'angle_key': 'angle2_2', 'delta': 1.0, 'limit': 8, 'iterations': 2, 'iter_save': False}}, {'name': 'calc_angle_set2', 'param': {'angle_key': 'angle2_3', 'delta': 0.125, 'limit': 1, 'iterations': 2, 'iter_save': False}}, {'name': 'text_orientation_set', 'param': {'angle_key': 'orint', 'iterations': 3, 'iter_save': False}}, {'name': 'load', 'param': {'cache_key': 'origin'}}, {'name': 'rotate', 'param': {'angle_key': 'angle2_1'}}, {'name': 'rotate', 'param': {'angle_key': 'angle2_2'}}, {'name': 'rotate', 'param': {'angle_key': 'angle2_3'}}, {'name': 'rotate', 'param': {'angle_key': 'orint'}}], 'result_file_map': {}}
[2025-06-25T09:29:52.590+0900] {logging_mixin.py:190} INFO - step : cache
[2025-06-25T09:29:52.598+0900] {logging_mixin.py:190} INFO - step : calc_angle_set2
[2025-06-25T09:29:54.233+0900] {logging_mixin.py:190} INFO - osd 1 0.0 0.0 5 1180 [0, 0, 0, 0, 10, 1180, 18, 0, 0, 0, 0]
[2025-06-25T09:29:56.254+0900] {logging_mixin.py:190} INFO - osd 2 0.0 0.0 5 1180 [0, 0, 0, 0, 10, 1180, 18, 0, 0, 0, 0]
[2025-06-25T09:29:56.359+0900] {logging_mixin.py:190} INFO - step : calc_angle_set2
[2025-06-25T09:29:57.629+0900] {logging_mixin.py:190} INFO - osd 1 0.0 0.0 8 1180 [10, 27, 19, 51, 134, 280, 570, 815, 1180, 917, 668, 367, 196, 68, 43, 15, 18]
[2025-06-25T09:29:59.145+0900] {logging_mixin.py:190} INFO - osd 2 0.0 0.0 8 1180 [10, 27, 19, 51, 134, 280, 570, 815, 1180, 917, 668, 367, 196, 68, 43, 15, 18]
[2025-06-25T09:29:59.175+0900] {logging_mixin.py:190} INFO - step : calc_angle_set2
[2025-06-25T09:30:00.602+0900] {logging_mixin.py:190} INFO - osd 1 0.125 0.125 9 1304 [815, 867, 940, 889, 1034, 1060, 1103, 1155, 1180, 1304, 1245, 1106, 1098, 957, 978, 907, 917]
[2025-06-25T09:30:01.712+0900] {logging_mixin.py:190} INFO - osd 2 0.0 -0.125 7 1332 [705, 951, 993, 992, 1031, 786, 1200, 1332, 868, 1306, 1196, 830, 1157, 1070, 1070, 1045, 773]
[2025-06-25T09:30:01.745+0900] {logging_mixin.py:190} INFO - step : text_orientation_set
[2025-06-25T09:30:06.119+0900] {logging_mixin.py:190} INFO - osd 1 break  0 0 3.41 Latin 0.37
[2025-06-25T09:30:06.119+0900] {logging_mixin.py:190} INFO - step : load
[2025-06-25T09:30:06.119+0900] {logging_mixin.py:190} INFO - step : rotate
[2025-06-25T09:30:06.126+0900] {logging_mixin.py:190} INFO - step : rotate
[2025-06-25T09:30:06.129+0900] {logging_mixin.py:190} INFO - step : rotate
[2025-06-25T09:30:06.129+0900] {logging_mixin.py:190} INFO - step : rotate
[2025-06-25T09:30:06.186+0900] {logging_mixin.py:190} INFO - file_copy: /opt/***/data/temp/8ca446aa-6853-4210-93dc-73f2e573e047/79318c50-7cbe-483a-9c67-50a3b5eb12fe/_result.png
[2025-06-25T09:30:06.193+0900] {python.py:240} INFO - Done. Returned value was: {'file_id': '8ca446aa-6853-4210-93dc-73f2e573e047', 'file_path': '/opt/***/data/class/a_class/classify/ready/false/copied_9_83861794_1816.png', 'false': {'process_id': '_79318c50-7cbe-483a-9c67-50a3b5eb12fe_pre', 'folder_path': '8ca446aa-6853-4210-93dc-73f2e573e047/79318c50-7cbe-483a-9c67-50a3b5eb12fe', 'step_list': [{'name': 'cache', 'param': {'cache_key': 'origin'}}, {'name': 'calc_angle_set2', 'param': {'angle_key': 'angle2_1', 'delta': 8.0, 'limit': 40, 'iterations': 2, 'iter_save': False}}, {'name': 'calc_angle_set2', 'param': {'angle_key': 'angle2_2', 'delta': 1.0, 'limit': 8, 'iterations': 2, 'iter_save': False}}, {'name': 'calc_angle_set2', 'param': {'angle_key': 'angle2_3', 'delta': 0.125, 'limit': 1, 'iterations': 2, 'iter_save': False}}, {'name': 'text_orientation_set', 'param': {'angle_key': 'orint', 'iterations': 3, 'iter_save': False}}, {'name': 'load', 'param': {'cache_key': 'origin'}}, {'name': 'rotate', 'param': {'angle_key': 'angle2_1'}}, {'name': 'rotate', 'param': {'angle_key': 'angle2_2'}}, {'name': 'rotate', 'param': {'angle_key': 'angle2_3'}}, {'name': 'rotate', 'param': {'angle_key': 'orint'}}], 'result_file_map': {'_result': '/opt/***/data/temp/8ca446aa-6853-4210-93dc-73f2e573e047/79318c50-7cbe-483a-9c67-50a3b5eb12fe/_result.png'}}}
[2025-06-25T09:30:06.244+0900] {taskinstance.py:341} INFO - ::group::Post task execution logs
[2025-06-25T09:30:06.245+0900] {taskinstance.py:353} INFO - Marking task as SUCCESS. dag_id=lilt_document_classifier_balanced_V0.1, task_id=img_preprocess_task__1, run_id=manual__2025-06-25T00:18:31.692203+00:00, map_index=89, execution_date=20250625T001831, start_date=20250625T002951, end_date=20250625T003006
[2025-06-25T09:30:06.351+0900] {local_task_job_runner.py:266} INFO - Task exited with return code 0
[2025-06-25T09:30:06.527+0900] {taskinstance.py:3901} INFO - 0 downstream tasks scheduled from follow-on schedule check
[2025-06-25T09:30:06.535+0900] {local_task_job_runner.py:245} INFO - ::endgroup::
