[2025-06-24T16:09:30.149+0900] {local_task_job_runner.py:123} INFO - ::group::Pre task execution logs
[2025-06-24T16:09:30.265+0900] {taskinstance.py:2614} INFO - Dependencies all met for dep_context=non-requeueable deps ti=<TaskInstance: lilt_document_classifier_balanced_V0.1.img_preprocess_task manual__2025-06-24T06:53:42.323966+00:00 map_index=73 [queued]>
[2025-06-24T16:09:30.304+0900] {taskinstance.py:2614} INFO - Dependencies all met for dep_context=requeueable deps ti=<TaskInstance: lilt_document_classifier_balanced_V0.1.img_preprocess_task manual__2025-06-24T06:53:42.323966+00:00 map_index=73 [queued]>
[2025-06-24T16:09:30.304+0900] {taskinstance.py:2867} INFO - Starting attempt 1 of 1
[2025-06-24T16:09:30.355+0900] {taskinstance.py:2890} INFO - Executing <Mapped(_PythonDecoratedOperator): img_preprocess_task> on 2025-06-24 06:53:42.323966+00:00
[2025-06-24T16:09:30.390+0900] {warnings.py:112} WARNING - /home/***/.local/lib/python3.12/site-packages/***/task/task_runner/standard_task_runner.py:70: DeprecationWarning: This process (pid=50466) is multi-threaded, use of fork() may lead to deadlocks in the child.
  pid = os.fork()

[2025-06-24T16:09:30.418+0900] {standard_task_runner.py:72} INFO - Started process 50489 to run task
[2025-06-24T16:09:30.413+0900] {standard_task_runner.py:104} INFO - Running: ['***', 'tasks', 'run', 'lilt_document_classifier_balanced_V0.1', 'img_preprocess_task', 'manual__2025-06-24T06:53:42.323966+00:00', '--job-id', '4368', '--raw', '--subdir', 'DAGS_FOLDER/class_create_dag.py', '--cfg-path', '/tmp/tmpjphkmgok', '--map-index', '73']
[2025-06-24T16:09:30.430+0900] {standard_task_runner.py:105} INFO - Job 4368: Subtask img_preprocess_task
[2025-06-24T16:09:30.646+0900] {task_command.py:467} INFO - Running <TaskInstance: lilt_document_classifier_balanced_V0.1.img_preprocess_task manual__2025-06-24T06:53:42.323966+00:00 map_index=73 [running]> on host f6d4228a9eb8
[2025-06-24T16:09:30.960+0900] {taskinstance.py:3134} INFO - Exporting env vars: AIRFLOW_CTX_DAG_OWNER='***' AIRFLOW_CTX_DAG_ID='lilt_document_classifier_balanced_V0.1' AIRFLOW_CTX_TASK_ID='img_preprocess_task' AIRFLOW_CTX_EXECUTION_DATE='2025-06-24T06:53:42.323966+00:00' AIRFLOW_CTX_TRY_NUMBER='1' AIRFLOW_CTX_DAG_RUN_ID='manual__2025-06-24T06:53:42.323966+00:00'
[2025-06-24T16:09:30.963+0900] {taskinstance.py:732} INFO - ::endgroup::
[2025-06-24T16:09:30.967+0900] {logging_mixin.py:190} INFO - empty map check {} {'process_id': '_b4cc2a24-89ba-463c-ad45-c153322af475_pre', 'folder_path': '09a04d14-2c14-44d5-a4a0-43a9398b76e2/b4cc2a24-89ba-463c-ad45-c153322af475', 'step_list': [{'name': 'cache', 'param': {'key': 'origin'}}, {'name': 'calc_angle_set2', 'param': {'key': 'angle1', 'iterations': 4, 'iter_save': False}}, {'name': 'text_orientation_set', 'param': {'key': 'angle2', 'iterations': 4, 'iter_save': False}}, {'name': 'load', 'param': {'key': 'origin'}}, {'name': 'rotate', 'param': {'key': 'angle1'}}, {'name': 'rotate', 'param': {'key': 'angle2'}}], 'result_file_map': {}}
[2025-06-24T16:09:30.974+0900] {logging_mixin.py:190} INFO - step : cache
[2025-06-24T16:09:30.976+0900] {logging_mixin.py:190} INFO - step : calc_angle_set2
[2025-06-24T16:10:02.630+0900] {logging_mixin.py:190} INFO - osd 1 3.5 3.5 34 135881 [0, 0, 0, 0, 0, 0, 7, 8, 19, 23, 34, 34, 39, 53, 48, 62, 70, 63, 69, 76, 70, 87, 93, 76, 84, 113, 94, 100, 117, 632, 7948, 26299, 47947, 75028, 135881, 65161, 43002, 21036, 5188, 194, 106]
[2025-06-24T16:10:41.262+0900] {logging_mixin.py:190} INFO - osd 2 3.5 0.0 20 146298 [0, 0, 0, 0, 0, 0, 0, 0, 0, 0, 0, 0, 0, 0, 0, 887, 9522, 31169, 53979, 83354, 146298, 72727, 48722, 25501, 5793, 65, 0, 0, 0, 0, 0, 0, 0, 0, 0, 0, 0, 0, 0, 0, 0]
[2025-06-24T16:11:14.677+0900] {logging_mixin.py:190} INFO - osd 3 3.5 0.0 20 146298 [0, 0, 0, 0, 0, 0, 0, 0, 0, 0, 0, 0, 0, 0, 0, 887, 9522, 31169, 53979, 83354, 146298, 72727, 48722, 25501, 5793, 65, 0, 0, 0, 0, 0, 0, 0, 0, 0, 0, 0, 0, 0, 0, 0]
[2025-06-24T16:11:49.606+0900] {logging_mixin.py:190} INFO - osd 4 3.5 0.0 20 146298 [0, 0, 0, 0, 0, 0, 0, 0, 0, 0, 0, 0, 0, 0, 0, 887, 9522, 31169, 53979, 83354, 146298, 72727, 48722, 25501, 5793, 65, 0, 0, 0, 0, 0, 0, 0, 0, 0, 0, 0, 0, 0, 0, 0]
[2025-06-24T16:11:49.842+0900] {logging_mixin.py:190} INFO - step : text_orientation_set
[2025-06-24T16:12:05.718+0900] {logging_mixin.py:190} INFO - osd 1 break  0 0 10.48 Korean 0.15
[2025-06-24T16:12:05.720+0900] {logging_mixin.py:190} INFO - step : load
[2025-06-24T16:12:05.721+0900] {logging_mixin.py:190} INFO - step : rotate
[2025-06-24T16:12:06.302+0900] {logging_mixin.py:190} INFO - step : rotate
[2025-06-24T16:12:06.763+0900] {logging_mixin.py:190} INFO - file_copy: /opt/***/data/temp/09a04d14-2c14-44d5-a4a0-43a9398b76e2/b4cc2a24-89ba-463c-ad45-c153322af475/_result.png
[2025-06-24T16:12:06.785+0900] {python.py:240} INFO - Done. Returned value was: {'file_id': '09a04d14-2c14-44d5-a4a0-43a9398b76e2', 'file_path': '/opt/***/data/class/a_class/classify/ready/true/쌍문동 명준빌딩 - 정부24 - 건축물대장 등본(초본) 발급(열람) _ 문서출력_page_1_aug1.png', 'true': {'process_id': '_b4cc2a24-89ba-463c-ad45-c153322af475_pre', 'folder_path': '09a04d14-2c14-44d5-a4a0-43a9398b76e2/b4cc2a24-89ba-463c-ad45-c153322af475', 'step_list': [{'name': 'cache', 'param': {'key': 'origin'}}, {'name': 'calc_angle_set2', 'param': {'key': 'angle1', 'iterations': 4, 'iter_save': False}}, {'name': 'text_orientation_set', 'param': {'key': 'angle2', 'iterations': 4, 'iter_save': False}}, {'name': 'load', 'param': {'key': 'origin'}}, {'name': 'rotate', 'param': {'key': 'angle1'}}, {'name': 'rotate', 'param': {'key': 'angle2'}}], 'result_file_map': {'_result': '/opt/***/data/temp/09a04d14-2c14-44d5-a4a0-43a9398b76e2/b4cc2a24-89ba-463c-ad45-c153322af475/_result.png'}}}
[2025-06-24T16:12:06.825+0900] {taskinstance.py:341} INFO - ::group::Post task execution logs
[2025-06-24T16:12:06.830+0900] {taskinstance.py:353} INFO - Marking task as SUCCESS. dag_id=lilt_document_classifier_balanced_V0.1, task_id=img_preprocess_task, run_id=manual__2025-06-24T06:53:42.323966+00:00, map_index=73, execution_date=20250624T065342, start_date=20250624T070930, end_date=20250624T071206
[2025-06-24T16:12:06.917+0900] {local_task_job_runner.py:266} INFO - Task exited with return code 0
[2025-06-24T16:12:06.977+0900] {taskinstance.py:3901} INFO - 0 downstream tasks scheduled from follow-on schedule check
[2025-06-24T16:12:06.992+0900] {local_task_job_runner.py:245} INFO - ::endgroup::
