[2025-06-19T15:44:18.647+0900] {local_task_job_runner.py:123} INFO - ::group::Pre task execution logs
[2025-06-19T15:44:18.722+0900] {taskinstance.py:2614} INFO - Dependencies all met for dep_context=non-requeueable deps ti=<TaskInstance: lilt_document_classifier_balanced_V0.1.img_preprocess_task manual__2025-06-19T06:40:24.218660+00:00 map_index=88 [queued]>
[2025-06-19T15:44:18.757+0900] {taskinstance.py:2614} INFO - Dependencies all met for dep_context=requeueable deps ti=<TaskInstance: lilt_document_classifier_balanced_V0.1.img_preprocess_task manual__2025-06-19T06:40:24.218660+00:00 map_index=88 [queued]>
[2025-06-19T15:44:18.758+0900] {taskinstance.py:2867} INFO - Starting attempt 1 of 1
[2025-06-19T15:44:18.805+0900] {taskinstance.py:2890} INFO - Executing <Mapped(_PythonDecoratedOperator): img_preprocess_task> on 2025-06-19 06:40:24.218660+00:00
[2025-06-19T15:44:18.843+0900] {warnings.py:112} WARNING - /home/***/.local/lib/python3.12/site-packages/***/task/task_runner/standard_task_runner.py:70: DeprecationWarning: This process (pid=1891) is multi-threaded, use of fork() may lead to deadlocks in the child.
  pid = os.fork()

[2025-06-19T15:44:18.842+0900] {standard_task_runner.py:104} INFO - Running: ['***', 'tasks', 'run', 'lilt_document_classifier_balanced_V0.1', 'img_preprocess_task', 'manual__2025-06-19T06:40:24.218660+00:00', '--job-id', '1436', '--raw', '--subdir', 'DAGS_FOLDER/class_create_dag.py', '--cfg-path', '/tmp/tmp8w9n2wsm', '--map-index', '88']
[2025-06-19T15:44:18.846+0900] {standard_task_runner.py:72} INFO - Started process 2039 to run task
[2025-06-19T15:44:18.851+0900] {standard_task_runner.py:105} INFO - Job 1436: Subtask img_preprocess_task
[2025-06-19T15:44:19.343+0900] {task_command.py:467} INFO - Running <TaskInstance: lilt_document_classifier_balanced_V0.1.img_preprocess_task manual__2025-06-19T06:40:24.218660+00:00 map_index=88 [running]> on host f6d4228a9eb8
[2025-06-19T15:44:19.619+0900] {taskinstance.py:3134} INFO - Exporting env vars: AIRFLOW_CTX_DAG_OWNER='***' AIRFLOW_CTX_DAG_ID='lilt_document_classifier_balanced_V0.1' AIRFLOW_CTX_TASK_ID='img_preprocess_task' AIRFLOW_CTX_EXECUTION_DATE='2025-06-19T06:40:24.218660+00:00' AIRFLOW_CTX_TRY_NUMBER='1' AIRFLOW_CTX_DAG_RUN_ID='manual__2025-06-19T06:40:24.218660+00:00'
[2025-06-19T15:44:19.622+0900] {taskinstance.py:732} INFO - ::endgroup::
[2025-06-19T15:44:19.632+0900] {logging_mixin.py:190} INFO - empty map check {} {'process_id': '_6e2af12a-d842-459c-80ef-1e2e90f39593_pre', 'folder_path': '6b115853-c4cf-49a1-94cd-04ae6464bf44/6e2af12a-d842-459c-80ef-1e2e90f39593', 'step_list': [{'name': 'cache', 'param': {'key': 'origin'}}, {'name': 'calc_angle_set1', 'param': {'key': 'angle1', 'iterations': 4, 'iter_save': False}}, {'name': 'text_orientation_set', 'param': {'key': 'angle2', 'iterations': 4, 'iter_save': False}}, {'name': 'load', 'param': {'key': 'origin'}}, {'name': 'rotate', 'param': {'key': 'angle1'}}, {'name': 'rotate', 'param': {'key': 'angle2'}}], 'result_file_map': {}}
[2025-06-19T15:44:19.636+0900] {logging_mixin.py:190} INFO - step : cache
[2025-06-19T15:44:19.642+0900] {logging_mixin.py:190} INFO - step : calc_angle_set1
[2025-06-19T15:44:20.286+0900] {logging_mixin.py:190} INFO - step : text_orientation_set
[2025-06-19T15:44:34.733+0900] {logging_mixin.py:190} INFO - osd 1 break  0 0 16.09 Korean 0.66
[2025-06-19T15:44:34.735+0900] {logging_mixin.py:190} INFO - step : load
[2025-06-19T15:44:34.736+0900] {logging_mixin.py:190} INFO - step : rotate
[2025-06-19T15:44:34.818+0900] {logging_mixin.py:190} INFO - step : rotate
[2025-06-19T15:44:34.940+0900] {logging_mixin.py:190} INFO - file_copy: /opt/***/data/temp/6b115853-c4cf-49a1-94cd-04ae6464bf44/6e2af12a-d842-459c-80ef-1e2e90f39593/_result.png
[2025-06-19T15:44:34.967+0900] {python.py:240} INFO - Done. Returned value was: {'file_id': '6b115853-c4cf-49a1-94cd-04ae6464bf44', 'file_path': '/opt/***/data/class/a_class/classify/ready/true/종로 우성빌딩 - 정부24 - 건축물대장 등본(초본) 발급(열람) _ 문서출력_page_1_aug1.png', 'true': {'process_id': '_6e2af12a-d842-459c-80ef-1e2e90f39593_pre', 'folder_path': '6b115853-c4cf-49a1-94cd-04ae6464bf44/6e2af12a-d842-459c-80ef-1e2e90f39593', 'step_list': [{'name': 'cache', 'param': {'key': 'origin'}}, {'name': 'calc_angle_set1', 'param': {'key': 'angle1', 'iterations': 4, 'iter_save': False}}, {'name': 'text_orientation_set', 'param': {'key': 'angle2', 'iterations': 4, 'iter_save': False}}, {'name': 'load', 'param': {'key': 'origin'}}, {'name': 'rotate', 'param': {'key': 'angle1'}}, {'name': 'rotate', 'param': {'key': 'angle2'}}], 'result_file_map': {'_result': '/opt/***/data/temp/6b115853-c4cf-49a1-94cd-04ae6464bf44/6e2af12a-d842-459c-80ef-1e2e90f39593/_result.png'}}}
[2025-06-19T15:44:35.004+0900] {taskinstance.py:341} INFO - ::group::Post task execution logs
[2025-06-19T15:44:35.004+0900] {taskinstance.py:353} INFO - Marking task as SUCCESS. dag_id=lilt_document_classifier_balanced_V0.1, task_id=img_preprocess_task, run_id=manual__2025-06-19T06:40:24.218660+00:00, map_index=88, execution_date=20250619T064024, start_date=20250619T064418, end_date=20250619T064435
[2025-06-19T15:44:35.057+0900] {local_task_job_runner.py:266} INFO - Task exited with return code 0
[2025-06-19T15:44:35.098+0900] {taskinstance.py:3901} INFO - 0 downstream tasks scheduled from follow-on schedule check
[2025-06-19T15:44:35.100+0900] {local_task_job_runner.py:245} INFO - ::endgroup::
