[2025-06-18T13:47:33.987+0900] {local_task_job_runner.py:123} INFO - ::group::Pre task execution logs
[2025-06-18T13:47:34.040+0900] {taskinstance.py:2614} INFO - Dependencies all met for dep_context=non-requeueable deps ti=<TaskInstance: lilt_document_classifier_balanced_V0.1.img_preprocess_task__1 manual__2025-06-18T04:46:36.476365+00:00 map_index=4 [queued]>
[2025-06-18T13:47:34.092+0900] {taskinstance.py:2614} INFO - Dependencies all met for dep_context=requeueable deps ti=<TaskInstance: lilt_document_classifier_balanced_V0.1.img_preprocess_task__1 manual__2025-06-18T04:46:36.476365+00:00 map_index=4 [queued]>
[2025-06-18T13:47:34.094+0900] {taskinstance.py:2867} INFO - Starting attempt 1 of 1
[2025-06-18T13:47:34.121+0900] {taskinstance.py:2890} INFO - Executing <Mapped(_PythonDecoratedOperator): img_preprocess_task__1> on 2025-06-18 04:46:36.476365+00:00
[2025-06-18T13:47:34.138+0900] {warnings.py:112} WARNING - /home/***/.local/lib/python3.12/site-packages/***/task/task_runner/standard_task_runner.py:70: DeprecationWarning: This process (pid=26458) is multi-threaded, use of fork() may lead to deadlocks in the child.
  pid = os.fork()

[2025-06-18T13:47:34.143+0900] {standard_task_runner.py:72} INFO - Started process 26520 to run task
[2025-06-18T13:47:34.147+0900] {standard_task_runner.py:104} INFO - Running: ['***', 'tasks', 'run', 'lilt_document_classifier_balanced_V0.1', 'img_preprocess_task__1', 'manual__2025-06-18T04:46:36.476365+00:00', '--job-id', '1019', '--raw', '--subdir', 'DAGS_FOLDER/class_create_dag.py', '--cfg-path', '/tmp/tmpi4rulrjp', '--map-index', '4']
[2025-06-18T13:47:34.157+0900] {standard_task_runner.py:105} INFO - Job 1019: Subtask img_preprocess_task__1
[2025-06-18T13:47:34.265+0900] {task_command.py:467} INFO - Running <TaskInstance: lilt_document_classifier_balanced_V0.1.img_preprocess_task__1 manual__2025-06-18T04:46:36.476365+00:00 map_index=4 [running]> on host f6d4228a9eb8
[2025-06-18T13:47:34.486+0900] {taskinstance.py:3134} INFO - Exporting env vars: AIRFLOW_CTX_DAG_OWNER='***' AIRFLOW_CTX_DAG_ID='lilt_document_classifier_balanced_V0.1' AIRFLOW_CTX_TASK_ID='img_preprocess_task__1' AIRFLOW_CTX_EXECUTION_DATE='2025-06-18T04:46:36.476365+00:00' AIRFLOW_CTX_TRY_NUMBER='1' AIRFLOW_CTX_DAG_RUN_ID='manual__2025-06-18T04:46:36.476365+00:00'
[2025-06-18T13:47:34.490+0900] {taskinstance.py:732} INFO - ::endgroup::
[2025-06-18T13:47:34.512+0900] {logging_mixin.py:190} INFO - empty map check {} {'process_id': '_af4c533e-ccbe-463e-859c-edd9a68fe0b3_pre', 'folder_path': 'bf99165f-fd59-4da7-958d-bc009ffd6439/af4c533e-ccbe-463e-859c-edd9a68fe0b3', 'step_list': [{'name': 'cache', 'param': {'key': 'origin'}}, {'name': 'calc_angle_set1', 'param': {'key': 'angle1', 'iterations': 4, 'iter_save': False}}, {'name': 'text_orientation_set', 'param': {'key': 'angle2', 'iterations': 4, 'iter_save': False}}, {'name': 'load', 'param': {'key': 'origin'}}, {'name': 'rotate', 'param': {'key': 'angle1'}}, {'name': 'rotate', 'param': {'key': 'angle2'}}, {'name': 'save', 'param': {'key': 'classify_preprocess'}}], 'result_file_list': []}
[2025-06-18T13:47:34.514+0900] {logging_mixin.py:190} INFO - step : cache
[2025-06-18T13:47:34.518+0900] {logging_mixin.py:190} INFO - step : calc_angle_set1
[2025-06-18T13:47:34.561+0900] {logging_mixin.py:190} INFO - angle1 :  0 112.41152470701965 90.0 180.1727505705372 53.13010235415598 126.34324590338538
[2025-06-18T13:47:34.799+0900] {logging_mixin.py:190} INFO - step : text_orientation_set
[2025-06-18T13:47:39.514+0900] {logging_mixin.py:190} INFO - osd 1 90 90 1.81 Arabic 6.67
[2025-06-18T13:47:53.878+0900] {logging_mixin.py:190} INFO - osd 2 270 180 2.44 Cyrillic 7.5
[2025-06-18T13:48:00.990+0900] {logging_mixin.py:190} INFO - osd 3 break  270 0 2.78 Cyrillic 8.18
[2025-06-18T13:48:00.994+0900] {logging_mixin.py:190} INFO - step : load
[2025-06-18T13:48:00.996+0900] {logging_mixin.py:190} INFO - step : rotate
[2025-06-18T13:48:01.161+0900] {logging_mixin.py:190} INFO - step : rotate
[2025-06-18T13:48:01.239+0900] {logging_mixin.py:190} INFO - step : save
[2025-06-18T13:48:01.396+0900] {logging_mixin.py:190} INFO - file_copy: /opt/***/data/temp/bf99165f-fd59-4da7-958d-bc009ffd6439/af4c533e-ccbe-463e-859c-edd9a68fe0b3/classify_preprocess.png
[2025-06-18T13:48:01.434+0900] {python.py:240} INFO - Done. Returned value was: {'file_id': 'bf99165f-fd59-4da7-958d-bc009ffd6439', 'file_path': '/opt/***/data/class/a_class/classify/ready/false/copied_9_503255412+-5417.png', 'false': {'process_id': '_af4c533e-ccbe-463e-859c-edd9a68fe0b3_pre', 'folder_path': 'bf99165f-fd59-4da7-958d-bc009ffd6439/af4c533e-ccbe-463e-859c-edd9a68fe0b3', 'step_list': [{'name': 'cache', 'param': {'key': 'origin'}}, {'name': 'calc_angle_set1', 'param': {'key': 'angle1', 'iterations': 4, 'iter_save': False}}, {'name': 'text_orientation_set', 'param': {'key': 'angle2', 'iterations': 4, 'iter_save': False}}, {'name': 'load', 'param': {'key': 'origin'}}, {'name': 'rotate', 'param': {'key': 'angle1'}}, {'name': 'rotate', 'param': {'key': 'angle2'}}, {'name': 'save', 'param': {'key': 'classify_preprocess'}}], 'result_file_list': [{'key': 'classify_preprocess', 'path': '/opt/***/data/temp/bf99165f-fd59-4da7-958d-bc009ffd6439/af4c533e-ccbe-463e-859c-edd9a68fe0b3/classify_preprocess.png'}]}}
[2025-06-18T13:48:01.516+0900] {taskinstance.py:341} INFO - ::group::Post task execution logs
[2025-06-18T13:48:01.525+0900] {taskinstance.py:353} INFO - Marking task as SUCCESS. dag_id=lilt_document_classifier_balanced_V0.1, task_id=img_preprocess_task__1, run_id=manual__2025-06-18T04:46:36.476365+00:00, map_index=4, execution_date=20250618T044636, start_date=20250618T044734, end_date=20250618T044801
[2025-06-18T13:48:01.641+0900] {local_task_job_runner.py:266} INFO - Task exited with return code 0
[2025-06-18T13:48:01.733+0900] {taskinstance.py:3901} INFO - 0 downstream tasks scheduled from follow-on schedule check
[2025-06-18T13:48:01.745+0900] {local_task_job_runner.py:245} INFO - ::endgroup::
