[2025-06-23T10:56:13.109+0900] {local_task_job_runner.py:123} INFO - ::group::Pre task execution logs
[2025-06-23T10:56:13.202+0900] {taskinstance.py:2614} INFO - Dependencies all met for dep_context=non-requeueable deps ti=<TaskInstance: lilt_document_classifier_balanced_V0.1.img_preprocess_task manual__2025-06-23T01:55:15.838468+00:00 map_index=7 [queued]>
[2025-06-23T10:56:13.263+0900] {taskinstance.py:2614} INFO - Dependencies all met for dep_context=requeueable deps ti=<TaskInstance: lilt_document_classifier_balanced_V0.1.img_preprocess_task manual__2025-06-23T01:55:15.838468+00:00 map_index=7 [queued]>
[2025-06-23T10:56:13.264+0900] {taskinstance.py:2867} INFO - Starting attempt 1 of 1
[2025-06-23T10:56:13.313+0900] {taskinstance.py:2890} INFO - Executing <Mapped(_PythonDecoratedOperator): img_preprocess_task> on 2025-06-23 01:55:15.838468+00:00
[2025-06-23T10:56:13.346+0900] {warnings.py:112} WARNING - /home/***/.local/lib/python3.12/site-packages/***/task/task_runner/standard_task_runner.py:70: DeprecationWarning: This process (pid=89151) is multi-threaded, use of fork() may lead to deadlocks in the child.
  pid = os.fork()

[2025-06-23T10:56:13.355+0900] {standard_task_runner.py:72} INFO - Started process 89307 to run task
[2025-06-23T10:56:13.350+0900] {standard_task_runner.py:104} INFO - Running: ['***', 'tasks', 'run', 'lilt_document_classifier_balanced_V0.1', 'img_preprocess_task', 'manual__2025-06-23T01:55:15.838468+00:00', '--job-id', '2289', '--raw', '--subdir', 'DAGS_FOLDER/class_create_dag.py', '--cfg-path', '/tmp/tmpcw5tp_ge', '--map-index', '7']
[2025-06-23T10:56:13.364+0900] {standard_task_runner.py:105} INFO - Job 2289: Subtask img_preprocess_task
[2025-06-23T10:56:13.480+0900] {task_command.py:467} INFO - Running <TaskInstance: lilt_document_classifier_balanced_V0.1.img_preprocess_task manual__2025-06-23T01:55:15.838468+00:00 map_index=7 [running]> on host f6d4228a9eb8
[2025-06-23T10:56:13.815+0900] {taskinstance.py:3134} INFO - Exporting env vars: AIRFLOW_CTX_DAG_OWNER='***' AIRFLOW_CTX_DAG_ID='lilt_document_classifier_balanced_V0.1' AIRFLOW_CTX_TASK_ID='img_preprocess_task' AIRFLOW_CTX_EXECUTION_DATE='2025-06-23T01:55:15.838468+00:00' AIRFLOW_CTX_TRY_NUMBER='1' AIRFLOW_CTX_DAG_RUN_ID='manual__2025-06-23T01:55:15.838468+00:00'
[2025-06-23T10:56:13.820+0900] {taskinstance.py:732} INFO - ::endgroup::
[2025-06-23T10:56:13.829+0900] {logging_mixin.py:190} INFO - empty map check {} {'process_id': '_57c55bfa-7c8f-4373-97c0-d672b367d431_pre', 'folder_path': 'd7ae074c-426f-4698-a782-ecbf849d3aa0/57c55bfa-7c8f-4373-97c0-d672b367d431', 'step_list': [{'name': 'cache', 'param': {'key': 'origin'}}, {'name': 'calc_angle_set1', 'param': {'key': 'angle1', 'iterations': 4, 'iter_save': False}}, {'name': 'text_orientation_set', 'param': {'key': 'angle2', 'iterations': 4, 'iter_save': False}}, {'name': 'load', 'param': {'key': 'origin'}}, {'name': 'rotate', 'param': {'key': 'angle1'}}, {'name': 'rotate', 'param': {'key': 'angle2'}}], 'result_file_map': {}}
[2025-06-23T10:56:13.831+0900] {logging_mixin.py:190} INFO - step : cache
[2025-06-23T10:56:13.833+0900] {logging_mixin.py:190} INFO - step : calc_angle_set1
[2025-06-23T10:56:14.644+0900] {logging_mixin.py:190} INFO - step : text_orientation_set
[2025-06-23T10:56:35.788+0900] {logging_mixin.py:190} INFO - osd 1 break  0 0 7.33 Korean 1.05
[2025-06-23T10:56:35.790+0900] {logging_mixin.py:190} INFO - step : load
[2025-06-23T10:56:35.827+0900] {logging_mixin.py:190} INFO - step : rotate
[2025-06-23T10:56:36.012+0900] {logging_mixin.py:190} INFO - step : rotate
[2025-06-23T10:56:36.461+0900] {logging_mixin.py:190} INFO - file_copy: /opt/***/data/temp/d7ae074c-426f-4698-a782-ecbf849d3aa0/57c55bfa-7c8f-4373-97c0-d672b367d431/_result.png
[2025-06-23T10:56:36.494+0900] {python.py:240} INFO - Done. Returned value was: {'file_id': 'd7ae074c-426f-4698-a782-ecbf849d3aa0', 'file_path': '/opt/***/data/class/a_class/classify/ready/true/종로구 - 정부24 - 건축물대장 등본(초본) 발급(열람) _ 문서출력_page_1_aug0.png', 'true': {'process_id': '_57c55bfa-7c8f-4373-97c0-d672b367d431_pre', 'folder_path': 'd7ae074c-426f-4698-a782-ecbf849d3aa0/57c55bfa-7c8f-4373-97c0-d672b367d431', 'step_list': [{'name': 'cache', 'param': {'key': 'origin'}}, {'name': 'calc_angle_set1', 'param': {'key': 'angle1', 'iterations': 4, 'iter_save': False}}, {'name': 'text_orientation_set', 'param': {'key': 'angle2', 'iterations': 4, 'iter_save': False}}, {'name': 'load', 'param': {'key': 'origin'}}, {'name': 'rotate', 'param': {'key': 'angle1'}}, {'name': 'rotate', 'param': {'key': 'angle2'}}], 'result_file_map': {'_result': '/opt/***/data/temp/d7ae074c-426f-4698-a782-ecbf849d3aa0/57c55bfa-7c8f-4373-97c0-d672b367d431/_result.png'}}}
[2025-06-23T10:56:36.563+0900] {taskinstance.py:341} INFO - ::group::Post task execution logs
[2025-06-23T10:56:36.570+0900] {taskinstance.py:353} INFO - Marking task as SUCCESS. dag_id=lilt_document_classifier_balanced_V0.1, task_id=img_preprocess_task, run_id=manual__2025-06-23T01:55:15.838468+00:00, map_index=7, execution_date=20250623T015515, start_date=20250623T015613, end_date=20250623T015636
[2025-06-23T10:56:36.787+0900] {local_task_job_runner.py:266} INFO - Task exited with return code 0
[2025-06-23T10:56:36.941+0900] {taskinstance.py:3901} INFO - 0 downstream tasks scheduled from follow-on schedule check
[2025-06-23T10:56:36.947+0900] {local_task_job_runner.py:245} INFO - ::endgroup::
