[2025-06-13T04:32:56.068+0000] {local_task_job_runner.py:123} INFO - ::group::Pre task execution logs
[2025-06-13T04:32:56.084+0000] {taskinstance.py:2614} INFO - Dependencies all met for dep_context=non-requeueable deps ti=<TaskInstance: layoutxlm_document_classifier_balanced_V0.1.count_images manual__2025-06-13T04:32:55.371006+00:00 [queued]>
[2025-06-13T04:32:56.091+0000] {taskinstance.py:2614} INFO - Dependencies all met for dep_context=requeueable deps ti=<TaskInstance: layoutxlm_document_classifier_balanced_V0.1.count_images manual__2025-06-13T04:32:55.371006+00:00 [queued]>
[2025-06-13T04:32:56.092+0000] {taskinstance.py:2867} INFO - Starting attempt 1 of 1
[2025-06-13T04:32:56.108+0000] {taskinstance.py:2890} INFO - Executing <Task(_PythonDecoratedOperator): count_images> on 2025-06-13 04:32:55.371006+00:00
[2025-06-13T04:32:56.113+0000] {warnings.py:112} WARNING - /home/***/.local/lib/python3.12/site-packages/***/task/task_runner/standard_task_runner.py:70: DeprecationWarning: This process (pid=2235) is multi-threaded, use of fork() may lead to deadlocks in the child.
  pid = os.fork()

[2025-06-13T04:32:56.115+0000] {standard_task_runner.py:72} INFO - Started process 2236 to run task
[2025-06-13T04:32:56.115+0000] {standard_task_runner.py:104} INFO - Running: ['***', 'tasks', 'run', 'layoutxlm_document_classifier_balanced_V0.1', 'count_images', 'manual__2025-06-13T04:32:55.371006+00:00', '--job-id', '59', '--raw', '--subdir', 'DAGS_FOLDER/class_create_dag.py', '--cfg-path', '/tmp/tmprhh2phmd']
[2025-06-13T04:32:56.116+0000] {standard_task_runner.py:105} INFO - Job 59: Subtask count_images
[2025-06-13T04:32:56.155+0000] {task_command.py:467} INFO - Running <TaskInstance: layoutxlm_document_classifier_balanced_V0.1.count_images manual__2025-06-13T04:32:55.371006+00:00 [running]> on host 1b4dc43139a5
[2025-06-13T04:32:56.226+0000] {taskinstance.py:3134} INFO - Exporting env vars: AIRFLOW_CTX_DAG_OWNER='***' AIRFLOW_CTX_DAG_ID='layoutxlm_document_classifier_balanced_V0.1' AIRFLOW_CTX_TASK_ID='count_images' AIRFLOW_CTX_EXECUTION_DATE='2025-06-13T04:32:55.371006+00:00' AIRFLOW_CTX_TRY_NUMBER='1' AIRFLOW_CTX_DAG_RUN_ID='manual__2025-06-13T04:32:55.371006+00:00'
[2025-06-13T04:32:56.227+0000] {taskinstance.py:732} INFO - ::endgroup::
[2025-06-13T04:32:56.463+0000] {logging_mixin.py:190} INFO - TRUE_IMAGE_DIR 파일 개수: 31
[2025-06-13T04:32:56.464+0000] {logging_mixin.py:190} INFO - FALSE_IMAGE_DIR 파일 개수: 31
[2025-06-13T04:32:56.464+0000] {logging_mixin.py:190} INFO - NONE_DOC_IMAGE_DIR 파일 개수: 39996
[2025-06-13T04:32:56.465+0000] {python.py:240} INFO - Done. Returned value was: {'true_count': 31, 'false_count': 31, 'none_doc_count': 39996}
[2025-06-13T04:32:56.493+0000] {taskinstance.py:341} INFO - ::group::Post task execution logs
[2025-06-13T04:32:56.494+0000] {taskinstance.py:353} INFO - Marking task as SUCCESS. dag_id=layoutxlm_document_classifier_balanced_V0.1, task_id=count_images, run_id=manual__2025-06-13T04:32:55.371006+00:00, execution_date=20250613T043255, start_date=20250613T043256, end_date=20250613T043256
[2025-06-13T04:32:56.542+0000] {local_task_job_runner.py:266} INFO - Task exited with return code 0
[2025-06-13T04:32:56.585+0000] {taskinstance.py:3901} INFO - 1 downstream tasks scheduled from follow-on schedule check
[2025-06-13T04:32:56.588+0000] {local_task_job_runner.py:245} INFO - ::endgroup::
