[2025-06-25T09:28:23.046+0900] {local_task_job_runner.py:123} INFO - ::group::Pre task execution logs
[2025-06-25T09:28:23.191+0900] {taskinstance.py:2614} INFO - Dependencies all met for dep_context=non-requeueable deps ti=<TaskInstance: lilt_document_classifier_balanced_V0.1.img_preprocess_task__1 manual__2025-06-25T00:18:31.692203+00:00 map_index=75 [queued]>
[2025-06-25T09:28:23.235+0900] {taskinstance.py:2614} INFO - Dependencies all met for dep_context=requeueable deps ti=<TaskInstance: lilt_document_classifier_balanced_V0.1.img_preprocess_task__1 manual__2025-06-25T00:18:31.692203+00:00 map_index=75 [queued]>
[2025-06-25T09:28:23.241+0900] {taskinstance.py:2867} INFO - Starting attempt 1 of 1
[2025-06-25T09:28:23.372+0900] {taskinstance.py:2890} INFO - Executing <Mapped(_PythonDecoratedOperator): img_preprocess_task__1> on 2025-06-25 00:18:31.692203+00:00
[2025-06-25T09:28:23.425+0900] {warnings.py:112} WARNING - /home/***/.local/lib/python3.12/site-packages/***/task/task_runner/standard_task_runner.py:70: DeprecationWarning: This process (pid=78445) is multi-threaded, use of fork() may lead to deadlocks in the child.
  pid = os.fork()

[2025-06-25T09:28:23.447+0900] {standard_task_runner.py:72} INFO - Started process 78460 to run task
[2025-06-25T09:28:23.451+0900] {standard_task_runner.py:104} INFO - Running: ['***', 'tasks', 'run', 'lilt_document_classifier_balanced_V0.1', 'img_preprocess_task__1', 'manual__2025-06-25T00:18:31.692203+00:00', '--job-id', '5124', '--raw', '--subdir', 'DAGS_FOLDER/class_create_dag.py', '--cfg-path', '/tmp/tmp15i4dhyx', '--map-index', '75']
[2025-06-25T09:28:23.478+0900] {standard_task_runner.py:105} INFO - Job 5124: Subtask img_preprocess_task__1
[2025-06-25T09:28:23.700+0900] {task_command.py:467} INFO - Running <TaskInstance: lilt_document_classifier_balanced_V0.1.img_preprocess_task__1 manual__2025-06-25T00:18:31.692203+00:00 map_index=75 [running]> on host f6d4228a9eb8
[2025-06-25T09:28:23.917+0900] {taskinstance.py:3134} INFO - Exporting env vars: AIRFLOW_CTX_DAG_OWNER='***' AIRFLOW_CTX_DAG_ID='lilt_document_classifier_balanced_V0.1' AIRFLOW_CTX_TASK_ID='img_preprocess_task__1' AIRFLOW_CTX_EXECUTION_DATE='2025-06-25T00:18:31.692203+00:00' AIRFLOW_CTX_TRY_NUMBER='1' AIRFLOW_CTX_DAG_RUN_ID='manual__2025-06-25T00:18:31.692203+00:00'
[2025-06-25T09:28:23.921+0900] {taskinstance.py:732} INFO - ::endgroup::
[2025-06-25T09:28:23.928+0900] {logging_mixin.py:190} INFO - empty map check {} {'process_id': '_a4803ae0-ae41-4c1b-8dbd-68ac4df3bf1a_pre', 'folder_path': 'e226c46b-8891-4025-a881-d72480466397/a4803ae0-ae41-4c1b-8dbd-68ac4df3bf1a', 'step_list': [{'name': 'cache', 'param': {'cache_key': 'origin'}}, {'name': 'calc_angle_set2', 'param': {'angle_key': 'angle2_1', 'delta': 8.0, 'limit': 40, 'iterations': 2, 'iter_save': False}}, {'name': 'calc_angle_set2', 'param': {'angle_key': 'angle2_2', 'delta': 1.0, 'limit': 8, 'iterations': 2, 'iter_save': False}}, {'name': 'calc_angle_set2', 'param': {'angle_key': 'angle2_3', 'delta': 0.125, 'limit': 1, 'iterations': 2, 'iter_save': False}}, {'name': 'text_orientation_set', 'param': {'angle_key': 'orint', 'iterations': 3, 'iter_save': False}}, {'name': 'load', 'param': {'cache_key': 'origin'}}, {'name': 'rotate', 'param': {'angle_key': 'angle2_1'}}, {'name': 'rotate', 'param': {'angle_key': 'angle2_2'}}, {'name': 'rotate', 'param': {'angle_key': 'angle2_3'}}, {'name': 'rotate', 'param': {'angle_key': 'orint'}}], 'result_file_map': {}}
[2025-06-25T09:28:23.928+0900] {logging_mixin.py:190} INFO - step : cache
[2025-06-25T09:28:23.930+0900] {logging_mixin.py:190} INFO - step : calc_angle_set2
[2025-06-25T09:28:24.986+0900] {logging_mixin.py:190} INFO - osd 1 0.0 0.0 5 584 [0, 0, 0, 0, 3, 584, 0, 0, 0, 0, 0]
[2025-06-25T09:28:27.037+0900] {logging_mixin.py:190} INFO - osd 2 0.0 0.0 5 584 [0, 0, 0, 0, 3, 584, 0, 0, 0, 0, 0]
[2025-06-25T09:28:27.112+0900] {logging_mixin.py:190} INFO - step : calc_angle_set2
[2025-06-25T09:28:28.857+0900] {logging_mixin.py:190} INFO - osd 1 0.0 0.0 8 584 [3, 16, 29, 43, 121, 186, 302, 501, 584, 351, 126, 69, 32, 55, 15, 4, 0]
[2025-06-25T09:28:30.591+0900] {logging_mixin.py:190} INFO - osd 2 0.0 0.0 8 584 [3, 16, 29, 43, 121, 186, 302, 501, 584, 351, 126, 69, 32, 55, 15, 4, 0]
[2025-06-25T09:28:30.666+0900] {logging_mixin.py:190} INFO - step : calc_angle_set2
[2025-06-25T09:28:32.688+0900] {logging_mixin.py:190} INFO - osd 1 -0.5 -0.5 4 696 [501, 571, 589, 572, 696, 588, 542, 638, 584, 628, 542, 521, 482, 511, 480, 366, 351]
[2025-06-25T09:28:35.013+0900] {logging_mixin.py:190} INFO - osd 2 -1.0 -0.5 4 755 [541, 566, 583, 611, 755, 655, 714, 731, 733, 737, 684, 746, 716, 688, 697, 626, 626]
[2025-06-25T09:28:35.121+0900] {logging_mixin.py:190} INFO - step : text_orientation_set
[2025-06-25T09:28:47.449+0900] {logging_mixin.py:190} INFO - osd 1 break  0 0 3.11 Latin 0.76
[2025-06-25T09:28:47.451+0900] {logging_mixin.py:190} INFO - step : load
[2025-06-25T09:28:47.452+0900] {logging_mixin.py:190} INFO - step : rotate
[2025-06-25T09:28:47.493+0900] {logging_mixin.py:190} INFO - step : rotate
[2025-06-25T09:28:47.501+0900] {logging_mixin.py:190} INFO - step : rotate
[2025-06-25T09:28:47.532+0900] {logging_mixin.py:190} INFO - step : rotate
[2025-06-25T09:28:47.628+0900] {logging_mixin.py:190} INFO - file_copy: /opt/***/data/temp/e226c46b-8891-4025-a881-d72480466397/a4803ae0-ae41-4c1b-8dbd-68ac4df3bf1a/_result.png
[2025-06-25T09:28:47.636+0900] {python.py:240} INFO - Done. Returned value was: {'file_id': 'e226c46b-8891-4025-a881-d72480466397', 'file_path': '/opt/***/data/class/a_class/classify/ready/false/copied_22_2051243931_2051243942.png', 'false': {'process_id': '_a4803ae0-ae41-4c1b-8dbd-68ac4df3bf1a_pre', 'folder_path': 'e226c46b-8891-4025-a881-d72480466397/a4803ae0-ae41-4c1b-8dbd-68ac4df3bf1a', 'step_list': [{'name': 'cache', 'param': {'cache_key': 'origin'}}, {'name': 'calc_angle_set2', 'param': {'angle_key': 'angle2_1', 'delta': 8.0, 'limit': 40, 'iterations': 2, 'iter_save': False}}, {'name': 'calc_angle_set2', 'param': {'angle_key': 'angle2_2', 'delta': 1.0, 'limit': 8, 'iterations': 2, 'iter_save': False}}, {'name': 'calc_angle_set2', 'param': {'angle_key': 'angle2_3', 'delta': 0.125, 'limit': 1, 'iterations': 2, 'iter_save': False}}, {'name': 'text_orientation_set', 'param': {'angle_key': 'orint', 'iterations': 3, 'iter_save': False}}, {'name': 'load', 'param': {'cache_key': 'origin'}}, {'name': 'rotate', 'param': {'angle_key': 'angle2_1'}}, {'name': 'rotate', 'param': {'angle_key': 'angle2_2'}}, {'name': 'rotate', 'param': {'angle_key': 'angle2_3'}}, {'name': 'rotate', 'param': {'angle_key': 'orint'}}], 'result_file_map': {'_result': '/opt/***/data/temp/e226c46b-8891-4025-a881-d72480466397/a4803ae0-ae41-4c1b-8dbd-68ac4df3bf1a/_result.png'}}}
[2025-06-25T09:28:47.705+0900] {taskinstance.py:341} INFO - ::group::Post task execution logs
[2025-06-25T09:28:47.706+0900] {taskinstance.py:353} INFO - Marking task as SUCCESS. dag_id=lilt_document_classifier_balanced_V0.1, task_id=img_preprocess_task__1, run_id=manual__2025-06-25T00:18:31.692203+00:00, map_index=75, execution_date=20250625T001831, start_date=20250625T002823, end_date=20250625T002847
[2025-06-25T09:28:47.832+0900] {local_task_job_runner.py:266} INFO - Task exited with return code 0
[2025-06-25T09:28:47.999+0900] {taskinstance.py:3901} INFO - 0 downstream tasks scheduled from follow-on schedule check
[2025-06-25T09:28:48.032+0900] {local_task_job_runner.py:245} INFO - ::endgroup::
