[2025-06-24T13:24:33.839+0900] {local_task_job_runner.py:123} INFO - ::group::Pre task execution logs
[2025-06-24T13:24:33.956+0900] {taskinstance.py:2614} INFO - Dependencies all met for dep_context=non-requeueable deps ti=<TaskInstance: lilt_document_classifier_balanced_V0.1.img_preprocess_task manual__2025-06-24T04:23:33.505927+00:00 map_index=2 [queued]>
[2025-06-24T13:24:33.983+0900] {taskinstance.py:2614} INFO - Dependencies all met for dep_context=requeueable deps ti=<TaskInstance: lilt_document_classifier_balanced_V0.1.img_preprocess_task manual__2025-06-24T04:23:33.505927+00:00 map_index=2 [queued]>
[2025-06-24T13:24:33.984+0900] {taskinstance.py:2867} INFO - Starting attempt 1 of 1
[2025-06-24T13:24:34.017+0900] {taskinstance.py:2890} INFO - Executing <Mapped(_PythonDecoratedOperator): img_preprocess_task> on 2025-06-24 04:23:33.505927+00:00
[2025-06-24T13:24:34.082+0900] {standard_task_runner.py:104} INFO - Running: ['***', 'tasks', 'run', 'lilt_document_classifier_balanced_V0.1', 'img_preprocess_task', 'manual__2025-06-24T04:23:33.505927+00:00', '--job-id', '3948', '--raw', '--subdir', 'DAGS_FOLDER/class_create_dag.py', '--cfg-path', '/tmp/tmphyerw14v', '--map-index', '2']
[2025-06-24T13:24:34.080+0900] {warnings.py:112} WARNING - /home/***/.local/lib/python3.12/site-packages/***/task/task_runner/standard_task_runner.py:70: DeprecationWarning: This process (pid=38547) is multi-threaded, use of fork() may lead to deadlocks in the child.
  pid = os.fork()

[2025-06-24T13:24:34.085+0900] {standard_task_runner.py:105} INFO - Job 3948: Subtask img_preprocess_task
[2025-06-24T13:24:34.087+0900] {standard_task_runner.py:72} INFO - Started process 38782 to run task
[2025-06-24T13:24:34.258+0900] {task_command.py:467} INFO - Running <TaskInstance: lilt_document_classifier_balanced_V0.1.img_preprocess_task manual__2025-06-24T04:23:33.505927+00:00 map_index=2 [running]> on host f6d4228a9eb8
[2025-06-24T13:24:34.489+0900] {taskinstance.py:3134} INFO - Exporting env vars: AIRFLOW_CTX_DAG_OWNER='***' AIRFLOW_CTX_DAG_ID='lilt_document_classifier_balanced_V0.1' AIRFLOW_CTX_TASK_ID='img_preprocess_task' AIRFLOW_CTX_EXECUTION_DATE='2025-06-24T04:23:33.505927+00:00' AIRFLOW_CTX_TRY_NUMBER='1' AIRFLOW_CTX_DAG_RUN_ID='manual__2025-06-24T04:23:33.505927+00:00'
[2025-06-24T13:24:34.490+0900] {taskinstance.py:732} INFO - ::endgroup::
[2025-06-24T13:24:34.509+0900] {logging_mixin.py:190} INFO - empty map check {} {'process_id': '_84972482-5d40-4ce3-9a06-05c9a12760c7_pre', 'folder_path': '1ff2011e-9a33-4ae8-9ecf-2496dc50eff1/84972482-5d40-4ce3-9a06-05c9a12760c7', 'step_list': [{'name': 'cache', 'param': {'key': 'origin'}}, {'name': 'calc_angle_set2', 'param': {'key': 'angle1', 'iterations': 4, 'iter_save': True}}, {'name': 'save', 'param': {'key': 'ag1'}}, {'name': 'text_orientation_set', 'param': {'key': 'angle2', 'iterations': 4, 'iter_save': True}}, {'name': 'save', 'param': {'key': 'ag2'}}, {'name': 'load', 'param': {'key': 'origin'}}, {'name': 'rotate', 'param': {'key': 'angle1'}}, {'name': 'rotate', 'param': {'key': 'angle2'}}], 'result_file_map': {}}
[2025-06-24T13:24:34.524+0900] {logging_mixin.py:190} INFO - step : cache
[2025-06-24T13:24:34.527+0900] {logging_mixin.py:190} INFO - step : calc_angle_set2
[2025-06-24T13:25:05.963+0900] {logging_mixin.py:190} INFO - osd 1 0 0 26 1 [0, 0, 0, 0, 0, 0, 0, 0, 0, 0, 0, 0, 0, 0, 0, 0, 0, 0, 0, 0, 0, 0, 0, 0, 0, 0, 1, 0, 0, 0, 0, 0, 0, 0, 0, 0, 0, 0, 0, 0, 0]
[2025-06-24T13:25:31.118+0900] {logging_mixin.py:190} INFO - osd 2 0 0 26 1 [0, 0, 0, 0, 0, 0, 0, 0, 0, 0, 0, 0, 0, 0, 0, 0, 0, 0, 0, 0, 0, 0, 0, 0, 0, 0, 1, 0, 0, 0, 0, 0, 0, 0, 0, 0, 0, 0, 0, 0, 0]
[2025-06-24T13:26:00.279+0900] {logging_mixin.py:190} INFO - osd 3 0 0 26 1 [0, 0, 0, 0, 0, 0, 0, 0, 0, 0, 0, 0, 0, 0, 0, 0, 0, 0, 0, 0, 0, 0, 0, 0, 0, 0, 1, 0, 0, 0, 0, 0, 0, 0, 0, 0, 0, 0, 0, 0, 0]
[2025-06-24T13:26:31.272+0900] {logging_mixin.py:190} INFO - osd 4 0 0 26 1 [0, 0, 0, 0, 0, 0, 0, 0, 0, 0, 0, 0, 0, 0, 0, 0, 0, 0, 0, 0, 0, 0, 0, 0, 0, 0, 1, 0, 0, 0, 0, 0, 0, 0, 0, 0, 0, 0, 0, 0, 0]
[2025-06-24T13:26:31.392+0900] {logging_mixin.py:190} INFO - step : save
[2025-06-24T13:26:31.657+0900] {logging_mixin.py:190} INFO - file_copy: /opt/***/data/temp/1ff2011e-9a33-4ae8-9ecf-2496dc50eff1/84972482-5d40-4ce3-9a06-05c9a12760c7/ag1.png
[2025-06-24T13:26:31.675+0900] {logging_mixin.py:190} INFO - step : text_orientation_set
[2025-06-24T13:26:40.618+0900] {logging_mixin.py:190} INFO - file_copy: /opt/***/data/temp/1ff2011e-9a33-4ae8-9ecf-2496dc50eff1/84972482-5d40-4ce3-9a06-05c9a12760c7/rotate2_1.png
[2025-06-24T13:26:47.808+0900] {logging_mixin.py:190} INFO - osd 1 break  0 0 11.74 Korean 0.65
[2025-06-24T13:26:47.820+0900] {logging_mixin.py:190} INFO - step : save
[2025-06-24T13:26:48.306+0900] {logging_mixin.py:190} INFO - file_copy: /opt/***/data/temp/1ff2011e-9a33-4ae8-9ecf-2496dc50eff1/84972482-5d40-4ce3-9a06-05c9a12760c7/ag2.png
[2025-06-24T13:26:48.351+0900] {logging_mixin.py:190} INFO - step : load
[2025-06-24T13:26:48.352+0900] {logging_mixin.py:190} INFO - step : rotate
[2025-06-24T13:26:48.583+0900] {logging_mixin.py:190} INFO - step : rotate
[2025-06-24T13:26:49.002+0900] {logging_mixin.py:190} INFO - file_copy: /opt/***/data/temp/1ff2011e-9a33-4ae8-9ecf-2496dc50eff1/84972482-5d40-4ce3-9a06-05c9a12760c7/_result.png
[2025-06-24T13:26:49.021+0900] {python.py:240} INFO - Done. Returned value was: {'file_id': '1ff2011e-9a33-4ae8-9ecf-2496dc50eff1', 'file_path': '/opt/***/data/class/a_class/classify/ready/true/녹번동 삼진빌딩 - 정부24 - 건축물대장 등본(초본) 발급(열람) _ 문서출력_page_1_aug1.png', 'true': {'process_id': '_84972482-5d40-4ce3-9a06-05c9a12760c7_pre', 'folder_path': '1ff2011e-9a33-4ae8-9ecf-2496dc50eff1/84972482-5d40-4ce3-9a06-05c9a12760c7', 'step_list': [{'name': 'cache', 'param': {'key': 'origin'}}, {'name': 'calc_angle_set2', 'param': {'key': 'angle1', 'iterations': 4, 'iter_save': True}}, {'name': 'save', 'param': {'key': 'ag1'}}, {'name': 'text_orientation_set', 'param': {'key': 'angle2', 'iterations': 4, 'iter_save': True}}, {'name': 'save', 'param': {'key': 'ag2'}}, {'name': 'load', 'param': {'key': 'origin'}}, {'name': 'rotate', 'param': {'key': 'angle1'}}, {'name': 'rotate', 'param': {'key': 'angle2'}}], 'result_file_map': {'ag1': '/opt/***/data/temp/1ff2011e-9a33-4ae8-9ecf-2496dc50eff1/84972482-5d40-4ce3-9a06-05c9a12760c7/ag1.png', 'rotate2_1': '/opt/***/data/temp/1ff2011e-9a33-4ae8-9ecf-2496dc50eff1/84972482-5d40-4ce3-9a06-05c9a12760c7/rotate2_1.png', 'ag2': '/opt/***/data/temp/1ff2011e-9a33-4ae8-9ecf-2496dc50eff1/84972482-5d40-4ce3-9a06-05c9a12760c7/ag2.png', '_result': '/opt/***/data/temp/1ff2011e-9a33-4ae8-9ecf-2496dc50eff1/84972482-5d40-4ce3-9a06-05c9a12760c7/_result.png'}}}
[2025-06-24T13:26:49.094+0900] {taskinstance.py:341} INFO - ::group::Post task execution logs
[2025-06-24T13:26:49.097+0900] {taskinstance.py:353} INFO - Marking task as SUCCESS. dag_id=lilt_document_classifier_balanced_V0.1, task_id=img_preprocess_task, run_id=manual__2025-06-24T04:23:33.505927+00:00, map_index=2, execution_date=20250624T042333, start_date=20250624T042433, end_date=20250624T042649
[2025-06-24T13:26:49.233+0900] {local_task_job_runner.py:266} INFO - Task exited with return code 0
[2025-06-24T13:26:49.329+0900] {taskinstance.py:3901} INFO - 0 downstream tasks scheduled from follow-on schedule check
[2025-06-24T13:26:49.336+0900] {local_task_job_runner.py:245} INFO - ::endgroup::
