[2025-06-25T18:38:14.131+0900] {local_task_job_runner.py:123} INFO - ::group::Pre task execution logs
[2025-06-25T18:38:14.274+0900] {taskinstance.py:2614} INFO - Dependencies all met for dep_context=non-requeueable deps ti=<TaskInstance: lilt_document_classifier_balanced_V0.1.img_preprocess_task manual__2025-06-25T09:28:52.715795+00:00 map_index=49 [queued]>
[2025-06-25T18:38:14.361+0900] {taskinstance.py:2614} INFO - Dependencies all met for dep_context=requeueable deps ti=<TaskInstance: lilt_document_classifier_balanced_V0.1.img_preprocess_task manual__2025-06-25T09:28:52.715795+00:00 map_index=49 [queued]>
[2025-06-25T18:38:14.378+0900] {taskinstance.py:2867} INFO - Starting attempt 1 of 1
[2025-06-25T18:38:14.532+0900] {taskinstance.py:2890} INFO - Executing <Mapped(_PythonDecoratedOperator): img_preprocess_task> on 2025-06-25 09:28:52.715795+00:00
[2025-06-25T18:38:14.656+0900] {standard_task_runner.py:104} INFO - Running: ['***', 'tasks', 'run', 'lilt_document_classifier_balanced_V0.1', 'img_preprocess_task', 'manual__2025-06-25T09:28:52.715795+00:00', '--job-id', '5431', '--raw', '--subdir', 'DAGS_FOLDER/class_create_dag.py', '--cfg-path', '/tmp/tmpschfu7qq', '--map-index', '49']
[2025-06-25T18:38:14.666+0900] {standard_task_runner.py:105} INFO - Job 5431: Subtask img_preprocess_task
[2025-06-25T18:38:14.664+0900] {warnings.py:112} WARNING - /home/***/.local/lib/python3.12/site-packages/***/task/task_runner/standard_task_runner.py:70: DeprecationWarning: This process (pid=2745) is multi-threaded, use of fork() may lead to deadlocks in the child.
  pid = os.fork()

[2025-06-25T18:38:14.675+0900] {standard_task_runner.py:72} INFO - Started process 2857 to run task
[2025-06-25T18:38:14.849+0900] {task_command.py:467} INFO - Running <TaskInstance: lilt_document_classifier_balanced_V0.1.img_preprocess_task manual__2025-06-25T09:28:52.715795+00:00 map_index=49 [running]> on host f6d4228a9eb8
[2025-06-25T18:38:15.826+0900] {taskinstance.py:3134} INFO - Exporting env vars: AIRFLOW_CTX_DAG_OWNER='***' AIRFLOW_CTX_DAG_ID='lilt_document_classifier_balanced_V0.1' AIRFLOW_CTX_TASK_ID='img_preprocess_task' AIRFLOW_CTX_EXECUTION_DATE='2025-06-25T09:28:52.715795+00:00' AIRFLOW_CTX_TRY_NUMBER='1' AIRFLOW_CTX_DAG_RUN_ID='manual__2025-06-25T09:28:52.715795+00:00'
[2025-06-25T18:38:15.827+0900] {taskinstance.py:732} INFO - ::endgroup::
[2025-06-25T18:38:15.829+0900] {logging_mixin.py:190} INFO - empty map check {} {}
[2025-06-25T18:38:15.867+0900] {logging_mixin.py:190} INFO - step : cache
[2025-06-25T18:38:15.879+0900] {logging_mixin.py:190} INFO - step : calc_angle_set2
[2025-06-25T18:38:26.140+0900] {logging_mixin.py:190} INFO - osd 1 0 0 4 5 [0, 0, 0, 0, 5, 0, 0, 0, 0, 0, 0]
[2025-06-25T18:38:32.452+0900] {logging_mixin.py:190} INFO - osd 2 0 0 4 5 [0, 0, 0, 0, 5, 0, 0, 0, 0, 0, 0]
[2025-06-25T18:38:32.509+0900] {logging_mixin.py:190} INFO - step : calc_angle_set2
[2025-06-25T18:38:40.595+0900] {logging_mixin.py:190} INFO - osd 1 -3.0 -3.0 5 165472 [5, 51, 0, 0, 52875, 165472, 24630, 0, 0, 0, 0, 0, 0, 0, 0, 0, 0]
[2025-06-25T18:38:51.189+0900] {logging_mixin.py:190} INFO - osd 2 -3.0 0.0 8 157718 [0, 0, 0, 0, 0, 0, 0, 47906, 157718, 17951, 0, 0, 0, 0, 0, 0, 0]
[2025-06-25T18:38:51.362+0900] {logging_mixin.py:190} INFO - step : calc_angle_set2
[2025-06-25T18:39:02.019+0900] {logging_mixin.py:190} INFO - osd 1 -0.125 -0.125 7 202660 [47906, 60448, 72483, 85217, 98300, 136207, 179871, 202660, 157718, 117610, 92543, 80034, 67825, 55379, 42836, 30403, 17951]
[2025-06-25T18:39:10.431+0900] {logging_mixin.py:190} INFO - osd 2 -0.125 0.0 8 204125 [38103, 50499, 62997, 75359, 87839, 101422, 140586, 184441, 204125, 164554, 122122, 95166, 82664, 70233, 57817, 45506, 32919]
[2025-06-25T18:39:10.543+0900] {logging_mixin.py:190} INFO - step : text_orientation_set
[2025-06-25T18:39:27.815+0900] {logging_mixin.py:190} INFO - osd 1 break  0 0 6.62 Korean 1.27
[2025-06-25T18:39:28.367+0900] {logging_mixin.py:190} INFO - file_copy: /opt/***/data/temp/b90d8a25-3d7b-41fd-9dc7-095b59e32f0c/92690f0d-2658-43ff-a2c3-3a804d4ad901/_result.png
[2025-06-25T18:39:28.378+0900] {python.py:240} INFO - Done. Returned value was: {'file_id': 'b90d8a25-3d7b-41fd-9dc7-095b59e32f0c', 'file_path': '/opt/***/data/class/a_class/classify/ready/true/거제동 고성빌딩 - 정부24 - 건축물대장 등본(초본) 발급(열람) _ 문서출력_page_1_aug1.png', 'true': {'process_id': '_92690f0d-2658-43ff-a2c3-3a804d4ad901_pre', 'folder_path': 'b90d8a25-3d7b-41fd-9dc7-095b59e32f0c/92690f0d-2658-43ff-a2c3-3a804d4ad901', 'step_list': [{'name': 'cache', 'param': {'cache_key': 'origin'}}, {'name': 'calc_angle_set2', 'param': {'angle_key': 'angle2_1', 'delta': 8.0, 'limit': 40, 'iterations': 2, 'iter_save': False}}, {'name': 'calc_angle_set2', 'param': {'angle_key': 'angle2_2', 'delta': 1.0, 'limit': 8, 'iterations': 2, 'iter_save': False}}, {'name': 'calc_angle_set2', 'param': {'angle_key': 'angle2_3', 'delta': 0.125, 'limit': 1, 'iterations': 2, 'iter_save': False}}, {'name': 'text_orientation_set', 'param': {'angle_key': 'orint', 'iterations': 3, 'iter_save': False}}], 'result_file_map': {'_result': '/opt/***/data/temp/b90d8a25-3d7b-41fd-9dc7-095b59e32f0c/92690f0d-2658-43ff-a2c3-3a804d4ad901/_result.png'}}}
[2025-06-25T18:39:28.488+0900] {taskinstance.py:341} INFO - ::group::Post task execution logs
[2025-06-25T18:39:28.489+0900] {taskinstance.py:353} INFO - Marking task as SUCCESS. dag_id=lilt_document_classifier_balanced_V0.1, task_id=img_preprocess_task, run_id=manual__2025-06-25T09:28:52.715795+00:00, map_index=49, execution_date=20250625T092852, start_date=20250625T093814, end_date=20250625T093928
[2025-06-25T18:39:28.757+0900] {local_task_job_runner.py:266} INFO - Task exited with return code 0
[2025-06-25T18:39:28.767+0900] {local_task_job_runner.py:245} INFO - ::endgroup::
