[2025-06-24T16:13:23.804+0900] {local_task_job_runner.py:123} INFO - ::group::Pre task execution logs
[2025-06-24T16:13:24.060+0900] {taskinstance.py:2614} INFO - Dependencies all met for dep_context=non-requeueable deps ti=<TaskInstance: lilt_document_classifier_balanced_V0.1.img_preprocess_task manual__2025-06-24T06:53:42.323966+00:00 map_index=92 [queued]>
[2025-06-24T16:13:24.203+0900] {taskinstance.py:2614} INFO - Dependencies all met for dep_context=requeueable deps ti=<TaskInstance: lilt_document_classifier_balanced_V0.1.img_preprocess_task manual__2025-06-24T06:53:42.323966+00:00 map_index=92 [queued]>
[2025-06-24T16:13:24.210+0900] {taskinstance.py:2867} INFO - Starting attempt 1 of 1
[2025-06-24T16:13:24.304+0900] {taskinstance.py:2890} INFO - Executing <Mapped(_PythonDecoratedOperator): img_preprocess_task> on 2025-06-24 06:53:42.323966+00:00
[2025-06-24T16:13:24.358+0900] {standard_task_runner.py:104} INFO - Running: ['***', 'tasks', 'run', 'lilt_document_classifier_balanced_V0.1', 'img_preprocess_task', 'manual__2025-06-24T06:53:42.323966+00:00', '--job-id', '4405', '--raw', '--subdir', 'DAGS_FOLDER/class_create_dag.py', '--cfg-path', '/tmp/tmpybiycwhw', '--map-index', '92']
[2025-06-24T16:13:24.365+0900] {standard_task_runner.py:105} INFO - Job 4405: Subtask img_preprocess_task
[2025-06-24T16:13:24.377+0900] {warnings.py:112} WARNING - /home/***/.local/lib/python3.12/site-packages/***/task/task_runner/standard_task_runner.py:70: DeprecationWarning: This process (pid=51211) is multi-threaded, use of fork() may lead to deadlocks in the child.
  pid = os.fork()

[2025-06-24T16:13:24.398+0900] {standard_task_runner.py:72} INFO - Started process 51246 to run task
[2025-06-24T16:13:24.616+0900] {task_command.py:467} INFO - Running <TaskInstance: lilt_document_classifier_balanced_V0.1.img_preprocess_task manual__2025-06-24T06:53:42.323966+00:00 map_index=92 [running]> on host f6d4228a9eb8
[2025-06-24T16:13:24.896+0900] {taskinstance.py:3134} INFO - Exporting env vars: AIRFLOW_CTX_DAG_OWNER='***' AIRFLOW_CTX_DAG_ID='lilt_document_classifier_balanced_V0.1' AIRFLOW_CTX_TASK_ID='img_preprocess_task' AIRFLOW_CTX_EXECUTION_DATE='2025-06-24T06:53:42.323966+00:00' AIRFLOW_CTX_TRY_NUMBER='1' AIRFLOW_CTX_DAG_RUN_ID='manual__2025-06-24T06:53:42.323966+00:00'
[2025-06-24T16:13:24.902+0900] {taskinstance.py:732} INFO - ::endgroup::
[2025-06-24T16:13:24.913+0900] {logging_mixin.py:190} INFO - empty map check {} {'process_id': '_96fcfa6e-8f4b-4a26-9aa5-03f5c3167e6d_pre', 'folder_path': 'b9dd2117-4d62-407d-a9b2-c31e51c7f72d/96fcfa6e-8f4b-4a26-9aa5-03f5c3167e6d', 'step_list': [{'name': 'cache', 'param': {'key': 'origin'}}, {'name': 'calc_angle_set2', 'param': {'key': 'angle1', 'iterations': 4, 'iter_save': False}}, {'name': 'text_orientation_set', 'param': {'key': 'angle2', 'iterations': 4, 'iter_save': False}}, {'name': 'load', 'param': {'key': 'origin'}}, {'name': 'rotate', 'param': {'key': 'angle1'}}, {'name': 'rotate', 'param': {'key': 'angle2'}}], 'result_file_map': {}}
[2025-06-24T16:13:24.922+0900] {logging_mixin.py:190} INFO - step : cache
[2025-06-24T16:13:24.933+0900] {logging_mixin.py:190} INFO - step : calc_angle_set2
[2025-06-24T16:13:51.059+0900] {logging_mixin.py:190} INFO - osd 1 0.0 0.0 20 151944 [0, 0, 0, 0, 0, 0, 0, 0, 0, 0, 0, 0, 0, 121, 2450, 11542, 30913, 53182, 74079, 122046, 151944, 84100, 59346, 35591, 15930, 3298, 0, 0, 0, 0, 0, 0, 0, 0, 0, 0, 0, 0, 0, 0, 0]
[2025-06-24T16:14:11.538+0900] {logging_mixin.py:190} INFO - osd 2 0.0 0.0 20 151944 [0, 0, 0, 0, 0, 0, 0, 0, 0, 0, 0, 0, 0, 121, 2450, 11542, 30913, 53182, 74079, 122046, 151944, 84100, 59346, 35591, 15930, 3298, 0, 0, 0, 0, 0, 0, 0, 0, 0, 0, 0, 0, 0, 0, 0]
[2025-06-24T16:14:27.298+0900] {logging_mixin.py:190} INFO - osd 3 0.0 0.0 20 151944 [0, 0, 0, 0, 0, 0, 0, 0, 0, 0, 0, 0, 0, 121, 2450, 11542, 30913, 53182, 74079, 122046, 151944, 84100, 59346, 35591, 15930, 3298, 0, 0, 0, 0, 0, 0, 0, 0, 0, 0, 0, 0, 0, 0, 0]
[2025-06-24T16:14:36.700+0900] {logging_mixin.py:190} INFO - osd 4 0.0 0.0 20 151944 [0, 0, 0, 0, 0, 0, 0, 0, 0, 0, 0, 0, 0, 121, 2450, 11542, 30913, 53182, 74079, 122046, 151944, 84100, 59346, 35591, 15930, 3298, 0, 0, 0, 0, 0, 0, 0, 0, 0, 0, 0, 0, 0, 0, 0]
[2025-06-24T16:14:36.741+0900] {logging_mixin.py:190} INFO - step : text_orientation_set
[2025-06-24T16:14:40.110+0900] {logging_mixin.py:190} INFO - osd 1 break  0 0 6.41 Korean 0.31
[2025-06-24T16:14:40.113+0900] {logging_mixin.py:190} INFO - step : load
[2025-06-24T16:14:40.119+0900] {logging_mixin.py:190} INFO - step : rotate
[2025-06-24T16:14:40.285+0900] {logging_mixin.py:190} INFO - step : rotate
[2025-06-24T16:14:40.835+0900] {logging_mixin.py:190} INFO - file_copy: /opt/***/data/temp/b9dd2117-4d62-407d-a9b2-c31e51c7f72d/96fcfa6e-8f4b-4a26-9aa5-03f5c3167e6d/_result.png
[2025-06-24T16:14:40.859+0900] {python.py:240} INFO - Done. Returned value was: {'file_id': 'b9dd2117-4d62-407d-a9b2-c31e51c7f72d', 'file_path': '/opt/***/data/class/a_class/classify/ready/true/상계동 정진빌딩 - 정부24 - 건축물대장 등본(초본) 발급(열람) _ 문서출력_page_1_aug2.png', 'true': {'process_id': '_96fcfa6e-8f4b-4a26-9aa5-03f5c3167e6d_pre', 'folder_path': 'b9dd2117-4d62-407d-a9b2-c31e51c7f72d/96fcfa6e-8f4b-4a26-9aa5-03f5c3167e6d', 'step_list': [{'name': 'cache', 'param': {'key': 'origin'}}, {'name': 'calc_angle_set2', 'param': {'key': 'angle1', 'iterations': 4, 'iter_save': False}}, {'name': 'text_orientation_set', 'param': {'key': 'angle2', 'iterations': 4, 'iter_save': False}}, {'name': 'load', 'param': {'key': 'origin'}}, {'name': 'rotate', 'param': {'key': 'angle1'}}, {'name': 'rotate', 'param': {'key': 'angle2'}}], 'result_file_map': {'_result': '/opt/***/data/temp/b9dd2117-4d62-407d-a9b2-c31e51c7f72d/96fcfa6e-8f4b-4a26-9aa5-03f5c3167e6d/_result.png'}}}
[2025-06-24T16:14:40.898+0900] {taskinstance.py:341} INFO - ::group::Post task execution logs
[2025-06-24T16:14:40.899+0900] {taskinstance.py:353} INFO - Marking task as SUCCESS. dag_id=lilt_document_classifier_balanced_V0.1, task_id=img_preprocess_task, run_id=manual__2025-06-24T06:53:42.323966+00:00, map_index=92, execution_date=20250624T065342, start_date=20250624T071324, end_date=20250624T071440
[2025-06-24T16:14:40.942+0900] {local_task_job_runner.py:266} INFO - Task exited with return code 0
[2025-06-24T16:14:40.974+0900] {taskinstance.py:3901} INFO - 0 downstream tasks scheduled from follow-on schedule check
[2025-06-24T16:14:40.977+0900] {local_task_job_runner.py:245} INFO - ::endgroup::
