[2025-06-23T09:45:03.529+0900] {local_task_job_runner.py:123} INFO - ::group::Pre task execution logs
[2025-06-23T09:45:03.591+0900] {taskinstance.py:2614} INFO - Dependencies all met for dep_context=non-requeueable deps ti=<TaskInstance: lilt_document_classifier_balanced_V0.1.img_preprocess_task__1 manual__2025-06-23T00:42:21.868462+00:00 map_index=37 [queued]>
[2025-06-23T09:45:03.608+0900] {taskinstance.py:2614} INFO - Dependencies all met for dep_context=requeueable deps ti=<TaskInstance: lilt_document_classifier_balanced_V0.1.img_preprocess_task__1 manual__2025-06-23T00:42:21.868462+00:00 map_index=37 [queued]>
[2025-06-23T09:45:03.609+0900] {taskinstance.py:2867} INFO - Starting attempt 1 of 1
[2025-06-23T09:45:03.696+0900] {taskinstance.py:2890} INFO - Executing <Mapped(_PythonDecoratedOperator): img_preprocess_task__1> on 2025-06-23 00:42:21.868462+00:00
[2025-06-23T09:45:03.736+0900] {warnings.py:112} WARNING - /home/***/.local/lib/python3.12/site-packages/***/task/task_runner/standard_task_runner.py:70: DeprecationWarning: This process (pid=82234) is multi-threaded, use of fork() may lead to deadlocks in the child.
  pid = os.fork()

[2025-06-23T09:45:03.740+0900] {standard_task_runner.py:72} INFO - Started process 82298 to run task
[2025-06-23T09:45:03.741+0900] {standard_task_runner.py:104} INFO - Running: ['***', 'tasks', 'run', 'lilt_document_classifier_balanced_V0.1', 'img_preprocess_task__1', 'manual__2025-06-23T00:42:21.868462+00:00', '--job-id', '1964', '--raw', '--subdir', 'DAGS_FOLDER/class_create_dag.py', '--cfg-path', '/tmp/tmpujh1y29j', '--map-index', '37']
[2025-06-23T09:45:03.747+0900] {standard_task_runner.py:105} INFO - Job 1964: Subtask img_preprocess_task__1
[2025-06-23T09:45:03.879+0900] {task_command.py:467} INFO - Running <TaskInstance: lilt_document_classifier_balanced_V0.1.img_preprocess_task__1 manual__2025-06-23T00:42:21.868462+00:00 map_index=37 [running]> on host f6d4228a9eb8
[2025-06-23T09:45:04.204+0900] {taskinstance.py:3134} INFO - Exporting env vars: AIRFLOW_CTX_DAG_OWNER='***' AIRFLOW_CTX_DAG_ID='lilt_document_classifier_balanced_V0.1' AIRFLOW_CTX_TASK_ID='img_preprocess_task__1' AIRFLOW_CTX_EXECUTION_DATE='2025-06-23T00:42:21.868462+00:00' AIRFLOW_CTX_TRY_NUMBER='1' AIRFLOW_CTX_DAG_RUN_ID='manual__2025-06-23T00:42:21.868462+00:00'
[2025-06-23T09:45:04.211+0900] {taskinstance.py:732} INFO - ::endgroup::
[2025-06-23T09:45:04.224+0900] {logging_mixin.py:190} INFO - empty map check {} {'process_id': '_faa4ddfb-1771-4d06-9799-339e70bfa976_pre', 'folder_path': '749db589-0de2-4f14-9310-9069b17f4640/faa4ddfb-1771-4d06-9799-339e70bfa976', 'step_list': [{'name': 'cache', 'param': {'key': 'origin'}}, {'name': 'calc_angle_set1', 'param': {'key': 'angle1', 'iterations': 4, 'iter_save': False}}, {'name': 'text_orientation_set', 'param': {'key': 'angle2', 'iterations': 4, 'iter_save': False}}, {'name': 'load', 'param': {'key': 'origin'}}, {'name': 'rotate', 'param': {'key': 'angle1'}}, {'name': 'rotate', 'param': {'key': 'angle2'}}], 'result_file_map': {}}
[2025-06-23T09:45:04.229+0900] {logging_mixin.py:190} INFO - step : cache
[2025-06-23T09:45:04.239+0900] {logging_mixin.py:190} INFO - step : calc_angle_set1
[2025-06-23T09:45:04.279+0900] {logging_mixin.py:190} INFO - step : text_orientation_set
[2025-06-23T09:45:10.078+0900] {logging_mixin.py:190} INFO - osd 1 180 180 0.51 Japanese 0.81
[2025-06-23T09:45:18.241+0900] {logging_mixin.py:190} INFO - osd 2 break  180 0 0.72 Japanese 0.73
[2025-06-23T09:45:18.244+0900] {logging_mixin.py:190} INFO - step : load
[2025-06-23T09:45:18.246+0900] {logging_mixin.py:190} INFO - step : rotate
[2025-06-23T09:45:18.262+0900] {logging_mixin.py:190} INFO - step : rotate
[2025-06-23T09:45:18.451+0900] {logging_mixin.py:190} INFO - file_copy: /opt/***/data/temp/749db589-0de2-4f14-9310-9069b17f4640/faa4ddfb-1771-4d06-9799-339e70bfa976/_result.png
[2025-06-23T09:45:18.492+0900] {python.py:240} INFO - Done. Returned value was: {'file_id': '749db589-0de2-4f14-9310-9069b17f4640', 'file_path': '/opt/***/data/class/a_class/classify/ready/false/copied_38_524068606+-8609.png', 'false': {'process_id': '_faa4ddfb-1771-4d06-9799-339e70bfa976_pre', 'folder_path': '749db589-0de2-4f14-9310-9069b17f4640/faa4ddfb-1771-4d06-9799-339e70bfa976', 'step_list': [{'name': 'cache', 'param': {'key': 'origin'}}, {'name': 'calc_angle_set1', 'param': {'key': 'angle1', 'iterations': 4, 'iter_save': False}}, {'name': 'text_orientation_set', 'param': {'key': 'angle2', 'iterations': 4, 'iter_save': False}}, {'name': 'load', 'param': {'key': 'origin'}}, {'name': 'rotate', 'param': {'key': 'angle1'}}, {'name': 'rotate', 'param': {'key': 'angle2'}}], 'result_file_map': {'_result': '/opt/***/data/temp/749db589-0de2-4f14-9310-9069b17f4640/faa4ddfb-1771-4d06-9799-339e70bfa976/_result.png'}}}
[2025-06-23T09:45:18.601+0900] {taskinstance.py:341} INFO - ::group::Post task execution logs
[2025-06-23T09:45:18.602+0900] {taskinstance.py:353} INFO - Marking task as SUCCESS. dag_id=lilt_document_classifier_balanced_V0.1, task_id=img_preprocess_task__1, run_id=manual__2025-06-23T00:42:21.868462+00:00, map_index=37, execution_date=20250623T004221, start_date=20250623T004503, end_date=20250623T004518
[2025-06-23T09:45:18.727+0900] {local_task_job_runner.py:266} INFO - Task exited with return code 0
[2025-06-23T09:45:18.777+0900] {standard_task_runner.py:217} INFO - Process not found (most likely exited), stop collecting metrics
[2025-06-23T09:45:19.040+0900] {taskinstance.py:3901} INFO - 0 downstream tasks scheduled from follow-on schedule check
[2025-06-23T09:45:19.077+0900] {local_task_job_runner.py:245} INFO - ::endgroup::
