[2025-06-23T16:17:22.632+0900] {local_task_job_runner.py:123} INFO - ::group::Pre task execution logs
[2025-06-23T16:17:22.867+0900] {taskinstance.py:2614} INFO - Dependencies all met for dep_context=non-requeueable deps ti=<TaskInstance: lilt_document_classifier_balanced_b_class_V0.1.img_preprocess_task manual__2025-06-23T06:58:09.542610+00:00 map_index=24 [queued]>
[2025-06-23T16:17:22.890+0900] {taskinstance.py:2614} INFO - Dependencies all met for dep_context=requeueable deps ti=<TaskInstance: lilt_document_classifier_balanced_b_class_V0.1.img_preprocess_task manual__2025-06-23T06:58:09.542610+00:00 map_index=24 [queued]>
[2025-06-23T16:17:22.892+0900] {taskinstance.py:2867} INFO - Starting attempt 1 of 1
[2025-06-23T16:17:22.995+0900] {taskinstance.py:2890} INFO - Executing <Mapped(_PythonDecoratedOperator): img_preprocess_task> on 2025-06-23 06:58:09.542610+00:00
[2025-06-23T16:17:23.040+0900] {warnings.py:112} WARNING - /home/***/.local/lib/python3.12/site-packages/***/task/task_runner/standard_task_runner.py:70: DeprecationWarning: This process (pid=6138) is multi-threaded, use of fork() may lead to deadlocks in the child.
  pid = os.fork()

[2025-06-23T16:17:23.047+0900] {standard_task_runner.py:72} INFO - Started process 6150 to run task
[2025-06-23T16:17:23.050+0900] {standard_task_runner.py:104} INFO - Running: ['***', 'tasks', 'run', 'lilt_document_classifier_balanced_b_class_V0.1', 'img_preprocess_task', 'manual__2025-06-23T06:58:09.542610+00:00', '--job-id', '3321', '--raw', '--subdir', 'DAGS_FOLDER/class_create_dag_b_class.py', '--cfg-path', '/tmp/tmp3x2uuu9i', '--map-index', '24']
[2025-06-23T16:17:23.068+0900] {standard_task_runner.py:105} INFO - Job 3321: Subtask img_preprocess_task
[2025-06-23T16:17:23.414+0900] {task_command.py:467} INFO - Running <TaskInstance: lilt_document_classifier_balanced_b_class_V0.1.img_preprocess_task manual__2025-06-23T06:58:09.542610+00:00 map_index=24 [running]> on host f6d4228a9eb8
[2025-06-23T16:17:23.923+0900] {taskinstance.py:3134} INFO - Exporting env vars: AIRFLOW_CTX_DAG_OWNER='***' AIRFLOW_CTX_DAG_ID='lilt_document_classifier_balanced_b_class_V0.1' AIRFLOW_CTX_TASK_ID='img_preprocess_task' AIRFLOW_CTX_EXECUTION_DATE='2025-06-23T06:58:09.542610+00:00' AIRFLOW_CTX_TRY_NUMBER='1' AIRFLOW_CTX_DAG_RUN_ID='manual__2025-06-23T06:58:09.542610+00:00'
[2025-06-23T16:17:23.928+0900] {taskinstance.py:732} INFO - ::endgroup::
[2025-06-23T16:17:23.931+0900] {logging_mixin.py:190} INFO - empty map check {} {'process_id': '_2e981982-6cf6-4fa6-8f86-71dbf518325d_pre', 'folder_path': '582d75c7-6a2e-47de-a812-fc2b04f03fc9/2e981982-6cf6-4fa6-8f86-71dbf518325d', 'step_list': [{'name': 'cache', 'param': {'key': 'origin'}}, {'name': 'calc_angle_set2', 'param': {'key': 'angle1', 'iterations': 4, 'iter_save': False}}, {'name': 'text_orientation_set', 'param': {'key': 'angle2', 'iterations': 4, 'iter_save': False}}, {'name': 'load', 'param': {'key': 'origin'}}, {'name': 'rotate', 'param': {'key': 'angle1'}}, {'name': 'rotate', 'param': {'key': 'angle2'}}], 'result_file_map': {}}
[2025-06-23T16:17:23.971+0900] {logging_mixin.py:190} INFO - step : cache
[2025-06-23T16:17:23.980+0900] {logging_mixin.py:190} INFO - step : calc_angle_set2
[2025-06-23T16:17:58.973+0900] {logging_mixin.py:190} INFO - osd 1 -5.0 -5.0 0 1433122 [1433122, 1370787, 1305074, 1238641, 1173982, 1109369, 1046852, 983800, 922334, 857484, 799106, 740607, 680645, 623097, 570144, 515870, 462271, 411842, 363668, 317223, 275815, 313437, 354976, 397649, 439776, 482178, 525916, 566033, 611315, 659870, 708083, 757293, 812563, 864247, 920078, 973659, 1029057, 1082435, 1132151, 1180635, 1225690]
[2025-06-23T16:18:36.741+0900] {logging_mixin.py:190} INFO - osd 2 0.0 5.0 40 3035071 [2961843, 2875190, 2794786, 2710517, 2623401, 2540024, 2459477, 2375691, 2296563, 2209522, 2132889, 2054176, 1976279, 1902594, 1821866, 1746907, 1665604, 1591623, 1520566, 1442780, 1369944, 1442353, 1521134, 1592875, 1669254, 1753253, 1833082, 1920519, 2001480, 2087344, 2175280, 2258208, 2351417, 2436234, 2524238, 2608907, 2694396, 2784621, 2870329, 2950734, 3035071]
[2025-06-23T16:19:33.324+0900] {logging_mixin.py:190} INFO - osd 3 -5.0 -5.0 0 4998199 [4998199, 4885853, 4780462, 4670542, 4567792, 4460493, 4362110, 4254206, 4153155, 4053181, 3955070, 3855797, 3753117, 3655605, 3552346, 3454991, 3353636, 3253895, 3152313, 3052466, 2955027, 3046393, 3139393, 3233575, 3327318, 3423238, 3513020, 3607879, 3697488, 3791992, 3882861, 3971094, 4060491, 4151112, 4247104, 4331280, 4421284, 4506535, 4590565, 4667942, 4751994]
[2025-06-23T16:20:42.456+0900] {logging_mixin.py:190} INFO - osd 4 -10.0 -5.0 0 7500703 [7500703, 7357523, 7218030, 7078204, 6940592, 6804459, 6659946, 6521165, 6387833, 6250147, 6120566, 5978630, 5852067, 5715016, 5586827, 5461535, 5335162, 5204512, 5077471, 4951388, 4838517, 4957804, 5090809, 5223583, 5357955, 5486030, 5615606, 5745264, 5882346, 6006678, 6145348, 6271904, 6404617, 6533369, 6666680, 6801819, 6931098, 7059276, 7188680, 7319961, 7448176]
[2025-06-23T16:20:42.949+0900] {logging_mixin.py:190} INFO - step : text_orientation_set
[2025-06-23T16:21:08.900+0900] {logging_mixin.py:190} INFO - osd 1 break  0 0 2.54 Japanese 0.57
[2025-06-23T16:21:08.902+0900] {logging_mixin.py:190} INFO - step : load
[2025-06-23T16:21:08.926+0900] {logging_mixin.py:190} INFO - step : rotate
[2025-06-23T16:21:09.789+0900] {logging_mixin.py:190} INFO - step : rotate
[2025-06-23T16:21:10.462+0900] {logging_mixin.py:190} INFO - file_copy: /opt/***/data/temp/582d75c7-6a2e-47de-a812-fc2b04f03fc9/2e981982-6cf6-4fa6-8f86-71dbf518325d/_result.png
[2025-06-23T16:21:10.488+0900] {python.py:240} INFO - Done. Returned value was: {'file_id': '582d75c7-6a2e-47de-a812-fc2b04f03fc9', 'file_path': '/opt/***/data/class/b_class/classify/ready/true/창동 정선빌딩 - 정부24 - 건축물대장 등본(초본) 발급(열람) _ 문서출력_page_1_aug2.png', 'true': {'process_id': '_2e981982-6cf6-4fa6-8f86-71dbf518325d_pre', 'folder_path': '582d75c7-6a2e-47de-a812-fc2b04f03fc9/2e981982-6cf6-4fa6-8f86-71dbf518325d', 'step_list': [{'name': 'cache', 'param': {'key': 'origin'}}, {'name': 'calc_angle_set2', 'param': {'key': 'angle1', 'iterations': 4, 'iter_save': False}}, {'name': 'text_orientation_set', 'param': {'key': 'angle2', 'iterations': 4, 'iter_save': False}}, {'name': 'load', 'param': {'key': 'origin'}}, {'name': 'rotate', 'param': {'key': 'angle1'}}, {'name': 'rotate', 'param': {'key': 'angle2'}}], 'result_file_map': {'_result': '/opt/***/data/temp/582d75c7-6a2e-47de-a812-fc2b04f03fc9/2e981982-6cf6-4fa6-8f86-71dbf518325d/_result.png'}}}
[2025-06-23T16:21:10.571+0900] {taskinstance.py:341} INFO - ::group::Post task execution logs
[2025-06-23T16:21:10.573+0900] {taskinstance.py:353} INFO - Marking task as SUCCESS. dag_id=lilt_document_classifier_balanced_b_class_V0.1, task_id=img_preprocess_task, run_id=manual__2025-06-23T06:58:09.542610+00:00, map_index=24, execution_date=20250623T065809, start_date=20250623T071722, end_date=20250623T072110
[2025-06-23T16:21:10.693+0900] {local_task_job_runner.py:266} INFO - Task exited with return code 0
[2025-06-23T16:21:10.885+0900] {taskinstance.py:3901} INFO - 0 downstream tasks scheduled from follow-on schedule check
[2025-06-23T16:21:10.893+0900] {local_task_job_runner.py:245} INFO - ::endgroup::
