[2025-05-28T08:07:54.832+0000] {local_task_job_runner.py:123} INFO - ::group::Pre task execution logs
[2025-05-28T08:07:54.960+0000] {taskinstance.py:2614} INFO - Dependencies all met for dep_context=non-requeueable deps ti=<TaskInstance: image_processing_per_file_v2.preprocess_group.img_preprocess_task manual__2025-05-28T08:07:41.330751+00:00 map_index=7 [queued]>
[2025-05-28T08:07:55.048+0000] {taskinstance.py:2614} INFO - Dependencies all met for dep_context=requeueable deps ti=<TaskInstance: image_processing_per_file_v2.preprocess_group.img_preprocess_task manual__2025-05-28T08:07:41.330751+00:00 map_index=7 [queued]>
[2025-05-28T08:07:55.063+0000] {taskinstance.py:2867} INFO - Starting attempt 1 of 1
[2025-05-28T08:07:55.136+0000] {taskinstance.py:2890} INFO - Executing <Task(_PythonDecoratedOperator): preprocess_group.img_preprocess_task> on 2025-05-28 08:07:41.330751+00:00
[2025-05-28T08:07:55.277+0000] {logging_mixin.py:190} WARNING - /home/***/.local/lib/python3.12/site-packages/***/task/task_runner/standard_task_runner.py:70 DeprecationWarning: This process (pid=68654) is multi-threaded, use of fork() may lead to deadlocks in the child.
[2025-05-28T08:07:55.352+0000] {standard_task_runner.py:72} INFO - Started process 68702 to run task
[2025-05-28T08:07:55.396+0000] {standard_task_runner.py:104} INFO - Running: ['***', 'tasks', 'run', 'image_processing_per_file_v2', 'preprocess_group.img_preprocess_task', 'manual__2025-05-28T08:07:41.330751+00:00', '--job-id', '121', '--raw', '--subdir', 'DAGS_FOLDER/test_dag.py', '--cfg-path', '/tmp/tmpnxhvnoz4', '--map-index', '7']
[2025-05-28T08:07:55.399+0000] {standard_task_runner.py:105} INFO - Job 121: Subtask preprocess_group.img_preprocess_task
[2025-05-28T08:07:56.003+0000] {task_command.py:467} INFO - Running <TaskInstance: image_processing_per_file_v2.preprocess_group.img_preprocess_task manual__2025-05-28T08:07:41.330751+00:00 map_index=7 [running]> on host 293edbf976f9
[2025-05-28T08:07:56.739+0000] {taskinstance.py:3134} INFO - Exporting env vars: AIRFLOW_CTX_DAG_OWNER='***' AIRFLOW_CTX_DAG_ID='image_processing_per_file_v2' AIRFLOW_CTX_TASK_ID='preprocess_group.img_preprocess_task' AIRFLOW_CTX_EXECUTION_DATE='2025-05-28T08:07:41.330751+00:00' AIRFLOW_CTX_TRY_NUMBER='1' AIRFLOW_CTX_DAG_RUN_ID='manual__2025-05-28T08:07:41.330751+00:00'
[2025-05-28T08:07:56.752+0000] {logging_mixin.py:190} INFO - Task instance is in running state
[2025-05-28T08:07:56.759+0000] {logging_mixin.py:190} INFO -  Previous state of the Task instance: queued
[2025-05-28T08:07:56.761+0000] {logging_mixin.py:190} INFO - Current task name:preprocess_group.img_preprocess_task state:running start_date:2025-05-28 08:07:54.974664+00:00
[2025-05-28T08:07:56.767+0000] {logging_mixin.py:190} INFO - Dag name:image_processing_per_file_v2 and current dag run status:running
[2025-05-28T08:07:56.803+0000] {taskinstance.py:732} INFO - ::endgroup::
[2025-05-28T08:07:59.277+0000] {python.py:240} INFO - Done. Returned value was: /opt/***/data/temp/795f6aeb-ff04-46a8-99ec-0803461a32c5.png
[2025-05-28T08:07:59.518+0000] {taskinstance.py:341} INFO - ::group::Post task execution logs
[2025-05-28T08:07:59.568+0000] {taskinstance.py:353} INFO - Marking task as SUCCESS. dag_id=image_processing_per_file_v2, task_id=preprocess_group.img_preprocess_task, run_id=manual__2025-05-28T08:07:41.330751+00:00, map_index=7, execution_date=20250528T080741, start_date=20250528T080754, end_date=20250528T080759
[2025-05-28T08:07:59.772+0000] {logging_mixin.py:190} INFO - Task instance in success state
[2025-05-28T08:07:59.776+0000] {logging_mixin.py:190} INFO -  Previous state of the Task instance: running
[2025-05-28T08:07:59.777+0000] {logging_mixin.py:190} INFO - Dag name:image_processing_per_file_v2 queued_at:2025-05-28 08:07:41.359276+00:00
[2025-05-28T08:07:59.778+0000] {logging_mixin.py:190} INFO - Task hostname:293edbf976f9 operator:_PythonDecoratedOperator
[2025-05-28T08:07:59.937+0000] {local_task_job_runner.py:266} INFO - Task exited with return code 0
[2025-05-28T08:07:59.988+0000] {local_task_job_runner.py:245} INFO - ::endgroup::
