[2025-06-23T10:57:28.446+0900] {local_task_job_runner.py:123} INFO - ::group::Pre task execution logs
[2025-06-23T10:57:28.657+0900] {taskinstance.py:2614} INFO - Dependencies all met for dep_context=non-requeueable deps ti=<TaskInstance: lilt_document_classifier_balanced_V0.1.img_preprocess_task__1 manual__2025-06-23T01:55:15.838468+00:00 map_index=28 [queued]>
[2025-06-23T10:57:28.683+0900] {taskinstance.py:2614} INFO - Dependencies all met for dep_context=requeueable deps ti=<TaskInstance: lilt_document_classifier_balanced_V0.1.img_preprocess_task__1 manual__2025-06-23T01:55:15.838468+00:00 map_index=28 [queued]>
[2025-06-23T10:57:28.684+0900] {taskinstance.py:2867} INFO - Starting attempt 1 of 1
[2025-06-23T10:57:28.713+0900] {taskinstance.py:2890} INFO - Executing <Mapped(_PythonDecoratedOperator): img_preprocess_task__1> on 2025-06-23 01:55:15.838468+00:00
[2025-06-23T10:57:28.755+0900] {warnings.py:112} WARNING - /home/***/.local/lib/python3.12/site-packages/***/task/task_runner/standard_task_runner.py:70: DeprecationWarning: This process (pid=90165) is multi-threaded, use of fork() may lead to deadlocks in the child.
  pid = os.fork()

[2025-06-23T10:57:28.760+0900] {standard_task_runner.py:72} INFO - Started process 90258 to run task
[2025-06-23T10:57:28.760+0900] {standard_task_runner.py:104} INFO - Running: ['***', 'tasks', 'run', 'lilt_document_classifier_balanced_V0.1', 'img_preprocess_task__1', 'manual__2025-06-23T01:55:15.838468+00:00', '--job-id', '2338', '--raw', '--subdir', 'DAGS_FOLDER/class_create_dag.py', '--cfg-path', '/tmp/tmp4nd5wqoo', '--map-index', '28']
[2025-06-23T10:57:28.764+0900] {standard_task_runner.py:105} INFO - Job 2338: Subtask img_preprocess_task__1
[2025-06-23T10:57:28.869+0900] {task_command.py:467} INFO - Running <TaskInstance: lilt_document_classifier_balanced_V0.1.img_preprocess_task__1 manual__2025-06-23T01:55:15.838468+00:00 map_index=28 [running]> on host f6d4228a9eb8
[2025-06-23T10:57:29.080+0900] {taskinstance.py:3134} INFO - Exporting env vars: AIRFLOW_CTX_DAG_OWNER='***' AIRFLOW_CTX_DAG_ID='lilt_document_classifier_balanced_V0.1' AIRFLOW_CTX_TASK_ID='img_preprocess_task__1' AIRFLOW_CTX_EXECUTION_DATE='2025-06-23T01:55:15.838468+00:00' AIRFLOW_CTX_TRY_NUMBER='1' AIRFLOW_CTX_DAG_RUN_ID='manual__2025-06-23T01:55:15.838468+00:00'
[2025-06-23T10:57:29.089+0900] {taskinstance.py:732} INFO - ::endgroup::
[2025-06-23T10:57:29.094+0900] {logging_mixin.py:190} INFO - empty map check {} {'process_id': '_b7aa3d11-1fc0-401e-89dc-c1766e932f33_pre', 'folder_path': '1cf63ce0-5fec-4dc9-b7c6-2a95148b5e03/b7aa3d11-1fc0-401e-89dc-c1766e932f33', 'step_list': [{'name': 'cache', 'param': {'key': 'origin'}}, {'name': 'calc_angle_set1', 'param': {'key': 'angle1', 'iterations': 4, 'iter_save': False}}, {'name': 'text_orientation_set', 'param': {'key': 'angle2', 'iterations': 4, 'iter_save': False}}, {'name': 'load', 'param': {'key': 'origin'}}, {'name': 'rotate', 'param': {'key': 'angle1'}}, {'name': 'rotate', 'param': {'key': 'angle2'}}], 'result_file_map': {}}
[2025-06-23T10:57:29.104+0900] {logging_mixin.py:190} INFO - step : cache
[2025-06-23T10:57:29.107+0900] {logging_mixin.py:190} INFO - step : calc_angle_set1
[2025-06-23T10:57:29.226+0900] {logging_mixin.py:190} INFO - step : text_orientation_set
[2025-06-23T10:57:37.749+0900] {logging_mixin.py:190} INFO - osd 1 break  0 0 1.95 Arabic 0.56
[2025-06-23T10:57:37.771+0900] {logging_mixin.py:190} INFO - step : load
[2025-06-23T10:57:37.774+0900] {logging_mixin.py:190} INFO - step : rotate
[2025-06-23T10:57:37.828+0900] {logging_mixin.py:190} INFO - step : rotate
[2025-06-23T10:57:37.961+0900] {logging_mixin.py:190} INFO - file_copy: /opt/***/data/temp/1cf63ce0-5fec-4dc9-b7c6-2a95148b5e03/b7aa3d11-1fc0-401e-89dc-c1766e932f33/_result.png
[2025-06-23T10:57:37.990+0900] {python.py:240} INFO - Done. Returned value was: {'file_id': '1cf63ce0-5fec-4dc9-b7c6-2a95148b5e03', 'file_path': '/opt/***/data/class/a_class/classify/ready/false/copied_44_2057667808.png', 'false': {'process_id': '_b7aa3d11-1fc0-401e-89dc-c1766e932f33_pre', 'folder_path': '1cf63ce0-5fec-4dc9-b7c6-2a95148b5e03/b7aa3d11-1fc0-401e-89dc-c1766e932f33', 'step_list': [{'name': 'cache', 'param': {'key': 'origin'}}, {'name': 'calc_angle_set1', 'param': {'key': 'angle1', 'iterations': 4, 'iter_save': False}}, {'name': 'text_orientation_set', 'param': {'key': 'angle2', 'iterations': 4, 'iter_save': False}}, {'name': 'load', 'param': {'key': 'origin'}}, {'name': 'rotate', 'param': {'key': 'angle1'}}, {'name': 'rotate', 'param': {'key': 'angle2'}}], 'result_file_map': {'_result': '/opt/***/data/temp/1cf63ce0-5fec-4dc9-b7c6-2a95148b5e03/b7aa3d11-1fc0-401e-89dc-c1766e932f33/_result.png'}}}
[2025-06-23T10:57:38.130+0900] {taskinstance.py:341} INFO - ::group::Post task execution logs
[2025-06-23T10:57:38.139+0900] {taskinstance.py:353} INFO - Marking task as SUCCESS. dag_id=lilt_document_classifier_balanced_V0.1, task_id=img_preprocess_task__1, run_id=manual__2025-06-23T01:55:15.838468+00:00, map_index=28, execution_date=20250623T015515, start_date=20250623T015728, end_date=20250623T015738
[2025-06-23T10:57:38.273+0900] {local_task_job_runner.py:266} INFO - Task exited with return code 0
[2025-06-23T10:57:38.354+0900] {taskinstance.py:3901} INFO - 0 downstream tasks scheduled from follow-on schedule check
[2025-06-23T10:57:38.362+0900] {local_task_job_runner.py:245} INFO - ::endgroup::
