[2025-06-23T16:02:06.914+0900] {local_task_job_runner.py:123} INFO - ::group::Pre task execution logs
[2025-06-23T16:02:06.962+0900] {taskinstance.py:2614} INFO - Dependencies all met for dep_context=non-requeueable deps ti=<TaskInstance: lilt_document_classifier_balanced_V0.1.img_preprocess_task__1 manual__2025-06-23T06:45:10.371530+00:00 map_index=48 [queued]>
[2025-06-23T16:02:06.981+0900] {taskinstance.py:2614} INFO - Dependencies all met for dep_context=requeueable deps ti=<TaskInstance: lilt_document_classifier_balanced_V0.1.img_preprocess_task__1 manual__2025-06-23T06:45:10.371530+00:00 map_index=48 [queued]>
[2025-06-23T16:02:06.982+0900] {taskinstance.py:2867} INFO - Starting attempt 2 of 2
[2025-06-23T16:02:07.019+0900] {taskinstance.py:2890} INFO - Executing <Mapped(_PythonDecoratedOperator): img_preprocess_task__1> on 2025-06-23 06:45:10.371530+00:00
[2025-06-23T16:02:07.060+0900] {standard_task_runner.py:104} INFO - Running: ['***', 'tasks', 'run', 'lilt_document_classifier_balanced_V0.1', 'img_preprocess_task__1', 'manual__2025-06-23T06:45:10.371530+00:00', '--job-id', '3212', '--raw', '--subdir', 'DAGS_FOLDER/class_create_dag.py', '--cfg-path', '/tmp/tmp26591ugh', '--map-index', '48']
[2025-06-23T16:02:07.076+0900] {standard_task_runner.py:105} INFO - Job 3212: Subtask img_preprocess_task__1
[2025-06-23T16:02:07.076+0900] {warnings.py:112} WARNING - /home/***/.local/lib/python3.12/site-packages/***/task/task_runner/standard_task_runner.py:70: DeprecationWarning: This process (pid=3910) is multi-threaded, use of fork() may lead to deadlocks in the child.
  pid = os.fork()

[2025-06-23T16:02:07.082+0900] {standard_task_runner.py:72} INFO - Started process 3923 to run task
[2025-06-23T16:02:07.253+0900] {task_command.py:467} INFO - Running <TaskInstance: lilt_document_classifier_balanced_V0.1.img_preprocess_task__1 manual__2025-06-23T06:45:10.371530+00:00 map_index=48 [running]> on host f6d4228a9eb8
[2025-06-23T16:02:07.473+0900] {taskinstance.py:3134} INFO - Exporting env vars: AIRFLOW_CTX_DAG_OWNER='***' AIRFLOW_CTX_DAG_ID='lilt_document_classifier_balanced_V0.1' AIRFLOW_CTX_TASK_ID='img_preprocess_task__1' AIRFLOW_CTX_EXECUTION_DATE='2025-06-23T06:45:10.371530+00:00' AIRFLOW_CTX_TRY_NUMBER='2' AIRFLOW_CTX_DAG_RUN_ID='manual__2025-06-23T06:45:10.371530+00:00'
[2025-06-23T16:02:07.508+0900] {taskinstance.py:732} INFO - ::endgroup::
[2025-06-23T16:02:07.526+0900] {logging_mixin.py:190} INFO - empty map check {} {'process_id': '_2c2e50da-de7c-41fd-bde0-cd0f9178d90c_pre', 'folder_path': '748b6e55-b235-466b-b529-01e589c6e871/2c2e50da-de7c-41fd-bde0-cd0f9178d90c', 'step_list': [{'name': 'cache', 'param': {'key': 'origin'}}, {'name': 'calc_angle_set2', 'param': {'key': 'angle1', 'iterations': 4, 'iter_save': False}}, {'name': 'text_orientation_set', 'param': {'key': 'angle2', 'iterations': 4, 'iter_save': False}}, {'name': 'load', 'param': {'key': 'origin'}}, {'name': 'rotate', 'param': {'key': 'angle1'}}, {'name': 'rotate', 'param': {'key': 'angle2'}}], 'result_file_map': {}}
[2025-06-23T16:02:07.547+0900] {logging_mixin.py:190} INFO - step : cache
[2025-06-23T16:02:07.558+0900] {logging_mixin.py:190} INFO - step : calc_angle_set2
[2025-06-23T16:02:13.957+0900] {logging_mixin.py:190} INFO - osd 1 0.0 0.0 20 55 [0, 0, 0, 0, 0, 0, 0, 0, 0, 0, 0, 0, 0, 0, 0, 0, 0, 7, 23, 16, 55, 18, 22, 12, 0, 0, 0, 0, 0, 0, 0, 0, 0, 0, 0, 0, 0, 0, 0, 0, 0]
[2025-06-23T16:02:17.569+0900] {logging_mixin.py:190} INFO - osd 2 0.0 0.0 20 55 [0, 0, 0, 0, 0, 0, 0, 0, 0, 0, 0, 0, 0, 0, 0, 0, 0, 7, 23, 16, 55, 18, 22, 12, 0, 0, 0, 0, 0, 0, 0, 0, 0, 0, 0, 0, 0, 0, 0, 0, 0]
[2025-06-23T16:02:24.350+0900] {logging_mixin.py:190} INFO - osd 3 0.0 0.0 20 55 [0, 0, 0, 0, 0, 0, 0, 0, 0, 0, 0, 0, 0, 0, 0, 0, 0, 7, 23, 16, 55, 18, 22, 12, 0, 0, 0, 0, 0, 0, 0, 0, 0, 0, 0, 0, 0, 0, 0, 0, 0]
[2025-06-23T16:02:30.607+0900] {logging_mixin.py:190} INFO - osd 4 0.0 0.0 20 55 [0, 0, 0, 0, 0, 0, 0, 0, 0, 0, 0, 0, 0, 0, 0, 0, 0, 7, 23, 16, 55, 18, 22, 12, 0, 0, 0, 0, 0, 0, 0, 0, 0, 0, 0, 0, 0, 0, 0, 0, 0]
[2025-06-23T16:02:30.650+0900] {logging_mixin.py:190} INFO - step : text_orientation_set
[2025-06-23T16:02:38.698+0900] {logging_mixin.py:190} INFO - osd 1 180 180 1.25 Latin 1.43
[2025-06-23T16:02:47.452+0900] {logging_mixin.py:190} INFO - osd 2 break  180 0 1.84 Latin 0.42
[2025-06-23T16:02:47.452+0900] {logging_mixin.py:190} INFO - step : load
[2025-06-23T16:02:47.462+0900] {logging_mixin.py:190} INFO - step : rotate
[2025-06-23T16:02:47.582+0900] {logging_mixin.py:190} INFO - step : rotate
[2025-06-23T16:02:48.660+0900] {logging_mixin.py:190} INFO - file_copy: /opt/***/data/temp/748b6e55-b235-466b-b529-01e589c6e871/2c2e50da-de7c-41fd-bde0-cd0f9178d90c/_result.png
[2025-06-23T16:02:48.813+0900] {python.py:240} INFO - Done. Returned value was: {'file_id': '748b6e55-b235-466b-b529-01e589c6e871', 'file_path': '/opt/***/data/class/a_class/classify/ready/false/copied_12_2085597974.png', 'false': {'process_id': '_2c2e50da-de7c-41fd-bde0-cd0f9178d90c_pre', 'folder_path': '748b6e55-b235-466b-b529-01e589c6e871/2c2e50da-de7c-41fd-bde0-cd0f9178d90c', 'step_list': [{'name': 'cache', 'param': {'key': 'origin'}}, {'name': 'calc_angle_set2', 'param': {'key': 'angle1', 'iterations': 4, 'iter_save': False}}, {'name': 'text_orientation_set', 'param': {'key': 'angle2', 'iterations': 4, 'iter_save': False}}, {'name': 'load', 'param': {'key': 'origin'}}, {'name': 'rotate', 'param': {'key': 'angle1'}}, {'name': 'rotate', 'param': {'key': 'angle2'}}], 'result_file_map': {'_result': '/opt/***/data/temp/748b6e55-b235-466b-b529-01e589c6e871/2c2e50da-de7c-41fd-bde0-cd0f9178d90c/_result.png'}}}
[2025-06-23T16:02:49.192+0900] {taskinstance.py:341} INFO - ::group::Post task execution logs
[2025-06-23T16:02:49.199+0900] {taskinstance.py:353} INFO - Marking task as SUCCESS. dag_id=lilt_document_classifier_balanced_V0.1, task_id=img_preprocess_task__1, run_id=manual__2025-06-23T06:45:10.371530+00:00, map_index=48, execution_date=20250623T064510, start_date=20250623T070206, end_date=20250623T070249
[2025-06-23T16:02:49.638+0900] {local_task_job_runner.py:266} INFO - Task exited with return code 0
[2025-06-23T16:02:49.892+0900] {taskinstance.py:3901} INFO - 0 downstream tasks scheduled from follow-on schedule check
[2025-06-23T16:02:49.930+0900] {local_task_job_runner.py:245} INFO - ::endgroup::
