[2025-06-23T10:26:58.770+0900] {local_task_job_runner.py:123} INFO - ::group::Pre task execution logs
[2025-06-23T10:26:58.846+0900] {taskinstance.py:2614} INFO - Dependencies all met for dep_context=non-requeueable deps ti=<TaskInstance: lilt_document_classifier_balanced_V0.1.img_preprocess_task manual__2025-06-23T01:24:40.043171+00:00 map_index=26 [queued]>
[2025-06-23T10:26:58.877+0900] {taskinstance.py:2614} INFO - Dependencies all met for dep_context=requeueable deps ti=<TaskInstance: lilt_document_classifier_balanced_V0.1.img_preprocess_task manual__2025-06-23T01:24:40.043171+00:00 map_index=26 [queued]>
[2025-06-23T10:26:58.879+0900] {taskinstance.py:2867} INFO - Starting attempt 1 of 1
[2025-06-23T10:26:58.953+0900] {taskinstance.py:2890} INFO - Executing <Mapped(_PythonDecoratedOperator): img_preprocess_task> on 2025-06-23 01:24:40.043171+00:00
[2025-06-23T10:26:59.001+0900] {standard_task_runner.py:104} INFO - Running: ['***', 'tasks', 'run', 'lilt_document_classifier_balanced_V0.1', 'img_preprocess_task', 'manual__2025-06-23T01:24:40.043171+00:00', '--job-id', '2139', '--raw', '--subdir', 'DAGS_FOLDER/class_create_dag.py', '--cfg-path', '/tmp/tmpqeoxabtq', '--map-index', '26']
[2025-06-23T10:26:59.008+0900] {standard_task_runner.py:105} INFO - Job 2139: Subtask img_preprocess_task
[2025-06-23T10:26:59.025+0900] {warnings.py:112} WARNING - /home/***/.local/lib/python3.12/site-packages/***/task/task_runner/standard_task_runner.py:70: DeprecationWarning: This process (pid=86042) is multi-threaded, use of fork() may lead to deadlocks in the child.
  pid = os.fork()

[2025-06-23T10:26:59.026+0900] {standard_task_runner.py:72} INFO - Started process 86122 to run task
[2025-06-23T10:26:59.150+0900] {task_command.py:467} INFO - Running <TaskInstance: lilt_document_classifier_balanced_V0.1.img_preprocess_task manual__2025-06-23T01:24:40.043171+00:00 map_index=26 [running]> on host f6d4228a9eb8
[2025-06-23T10:26:59.390+0900] {taskinstance.py:3134} INFO - Exporting env vars: AIRFLOW_CTX_DAG_OWNER='***' AIRFLOW_CTX_DAG_ID='lilt_document_classifier_balanced_V0.1' AIRFLOW_CTX_TASK_ID='img_preprocess_task' AIRFLOW_CTX_EXECUTION_DATE='2025-06-23T01:24:40.043171+00:00' AIRFLOW_CTX_TRY_NUMBER='1' AIRFLOW_CTX_DAG_RUN_ID='manual__2025-06-23T01:24:40.043171+00:00'
[2025-06-23T10:26:59.400+0900] {taskinstance.py:732} INFO - ::endgroup::
[2025-06-23T10:26:59.410+0900] {logging_mixin.py:190} INFO - empty map check {} {'process_id': '_7db640ac-a9c1-4827-836e-1ec738969c3a_pre', 'folder_path': '159e4cc5-a554-4874-8a75-6a043652deab/7db640ac-a9c1-4827-836e-1ec738969c3a', 'step_list': [{'name': 'cache', 'param': {'key': 'origin'}}, {'name': 'calc_angle_set1', 'param': {'key': 'angle1', 'iterations': 4, 'iter_save': False}}, {'name': 'text_orientation_set', 'param': {'key': 'angle2', 'iterations': 4, 'iter_save': False}}, {'name': 'load', 'param': {'key': 'origin'}}, {'name': 'rotate', 'param': {'key': 'angle1'}}, {'name': 'rotate', 'param': {'key': 'angle2'}}], 'result_file_map': {}}
[2025-06-23T10:26:59.413+0900] {logging_mixin.py:190} INFO - step : cache
[2025-06-23T10:26:59.424+0900] {logging_mixin.py:190} INFO - step : calc_angle_set1
[2025-06-23T10:27:00.053+0900] {logging_mixin.py:190} INFO - step : text_orientation_set
[2025-06-23T10:27:15.165+0900] {logging_mixin.py:190} INFO - osd 1 break  0 0 9.41 Korean 0.38
[2025-06-23T10:27:15.178+0900] {logging_mixin.py:190} INFO - step : load
[2025-06-23T10:27:15.179+0900] {logging_mixin.py:190} INFO - step : rotate
[2025-06-23T10:27:15.569+0900] {logging_mixin.py:190} INFO - step : rotate
[2025-06-23T10:27:16.729+0900] {logging_mixin.py:190} INFO - file_copy: /opt/***/data/temp/159e4cc5-a554-4874-8a75-6a043652deab/7db640ac-a9c1-4827-836e-1ec738969c3a/_result.png
[2025-06-23T10:27:16.798+0900] {python.py:240} INFO - Done. Returned value was: {'file_id': '159e4cc5-a554-4874-8a75-6a043652deab', 'file_path': '/opt/***/data/class/a_class/classify/ready/true/송정동 연세빌딩 - 정부24 - 건축물대장 등본(초본) 발급(열람) _ 문서출력_page_1_aug0.png', 'true': {'process_id': '_7db640ac-a9c1-4827-836e-1ec738969c3a_pre', 'folder_path': '159e4cc5-a554-4874-8a75-6a043652deab/7db640ac-a9c1-4827-836e-1ec738969c3a', 'step_list': [{'name': 'cache', 'param': {'key': 'origin'}}, {'name': 'calc_angle_set1', 'param': {'key': 'angle1', 'iterations': 4, 'iter_save': False}}, {'name': 'text_orientation_set', 'param': {'key': 'angle2', 'iterations': 4, 'iter_save': False}}, {'name': 'load', 'param': {'key': 'origin'}}, {'name': 'rotate', 'param': {'key': 'angle1'}}, {'name': 'rotate', 'param': {'key': 'angle2'}}], 'result_file_map': {'_result': '/opt/***/data/temp/159e4cc5-a554-4874-8a75-6a043652deab/7db640ac-a9c1-4827-836e-1ec738969c3a/_result.png'}}}
[2025-06-23T10:27:16.909+0900] {taskinstance.py:341} INFO - ::group::Post task execution logs
[2025-06-23T10:27:16.920+0900] {taskinstance.py:353} INFO - Marking task as SUCCESS. dag_id=lilt_document_classifier_balanced_V0.1, task_id=img_preprocess_task, run_id=manual__2025-06-23T01:24:40.043171+00:00, map_index=26, execution_date=20250623T012440, start_date=20250623T012658, end_date=20250623T012716
[2025-06-23T10:27:17.180+0900] {local_task_job_runner.py:266} INFO - Task exited with return code 0
[2025-06-23T10:27:17.609+0900] {taskinstance.py:3901} INFO - 0 downstream tasks scheduled from follow-on schedule check
[2025-06-23T10:27:17.622+0900] {local_task_job_runner.py:245} INFO - ::endgroup::
