[2025-06-23T16:55:07.298+0900] {local_task_job_runner.py:123} INFO - ::group::Pre task execution logs
[2025-06-23T16:55:07.360+0900] {taskinstance.py:2614} INFO - Dependencies all met for dep_context=non-requeueable deps ti=<TaskInstance: lilt_document_classifier_balanced_V0.1.img_preprocess_task__1 manual__2025-06-23T07:44:09.997775+00:00 map_index=41 [queued]>
[2025-06-23T16:55:07.398+0900] {taskinstance.py:2614} INFO - Dependencies all met for dep_context=requeueable deps ti=<TaskInstance: lilt_document_classifier_balanced_V0.1.img_preprocess_task__1 manual__2025-06-23T07:44:09.997775+00:00 map_index=41 [queued]>
[2025-06-23T16:55:07.402+0900] {taskinstance.py:2867} INFO - Starting attempt 1 of 1
[2025-06-23T16:55:07.443+0900] {taskinstance.py:2890} INFO - Executing <Mapped(_PythonDecoratedOperator): img_preprocess_task__1> on 2025-06-23 07:44:09.997775+00:00
[2025-06-23T16:55:07.462+0900] {warnings.py:112} WARNING - /home/***/.local/lib/python3.12/site-packages/***/task/task_runner/standard_task_runner.py:70: DeprecationWarning: This process (pid=11491) is multi-threaded, use of fork() may lead to deadlocks in the child.
  pid = os.fork()

[2025-06-23T16:55:07.464+0900] {standard_task_runner.py:72} INFO - Started process 11510 to run task
[2025-06-23T16:55:07.467+0900] {standard_task_runner.py:104} INFO - Running: ['***', 'tasks', 'run', 'lilt_document_classifier_balanced_V0.1', 'img_preprocess_task__1', 'manual__2025-06-23T07:44:09.997775+00:00', '--job-id', '3582', '--raw', '--subdir', 'DAGS_FOLDER/class_create_dag.py', '--cfg-path', '/tmp/tmp9ov5kr0j', '--map-index', '41']
[2025-06-23T16:55:07.476+0900] {standard_task_runner.py:105} INFO - Job 3582: Subtask img_preprocess_task__1
[2025-06-23T16:55:07.591+0900] {task_command.py:467} INFO - Running <TaskInstance: lilt_document_classifier_balanced_V0.1.img_preprocess_task__1 manual__2025-06-23T07:44:09.997775+00:00 map_index=41 [running]> on host f6d4228a9eb8
[2025-06-23T16:55:08.084+0900] {taskinstance.py:3134} INFO - Exporting env vars: AIRFLOW_CTX_DAG_OWNER='***' AIRFLOW_CTX_DAG_ID='lilt_document_classifier_balanced_V0.1' AIRFLOW_CTX_TASK_ID='img_preprocess_task__1' AIRFLOW_CTX_EXECUTION_DATE='2025-06-23T07:44:09.997775+00:00' AIRFLOW_CTX_TRY_NUMBER='1' AIRFLOW_CTX_DAG_RUN_ID='manual__2025-06-23T07:44:09.997775+00:00'
[2025-06-23T16:55:08.094+0900] {taskinstance.py:732} INFO - ::endgroup::
[2025-06-23T16:55:08.097+0900] {logging_mixin.py:190} INFO - empty map check {} {'process_id': '_905d992b-267f-44c1-8700-0f2f3bc602cd_pre', 'folder_path': '81b0fce2-3f05-41ca-b034-8056999c469e/905d992b-267f-44c1-8700-0f2f3bc602cd', 'step_list': [{'name': 'cache', 'param': {'key': 'origin'}}, {'name': 'calc_angle_set2', 'param': {'key': 'angle1', 'iterations': 4, 'iter_save': False}}, {'name': 'text_orientation_set', 'param': {'key': 'angle2', 'iterations': 4, 'iter_save': False}}, {'name': 'load', 'param': {'key': 'origin'}}, {'name': 'rotate', 'param': {'key': 'angle1'}}, {'name': 'rotate', 'param': {'key': 'angle2'}}], 'result_file_map': {}}
[2025-06-23T16:55:08.125+0900] {logging_mixin.py:190} INFO - step : cache
[2025-06-23T16:55:08.128+0900] {logging_mixin.py:190} INFO - step : calc_angle_set2
[2025-06-23T16:55:14.534+0900] {logging_mixin.py:190} INFO - osd 1 0.0 0.0 20 43275 [14589, 15653, 16750, 17861, 18737, 19877, 20994, 22176, 23586, 24595, 25687, 27999, 29480, 32501, 34411, 37387, 38441, 41097, 42118, 42806, 43275, 41449, 39453, 36157, 34211, 31541, 28911, 26334, 24673, 22572, 20835, 19808, 18878, 17891, 16707, 15785, 14801, 13936, 13238, 12201, 11429]
[2025-06-23T16:55:19.629+0900] {logging_mixin.py:190} INFO - osd 2 0.0 0.0 20 43275 [14589, 15653, 16750, 17861, 18737, 19877, 20994, 22176, 23586, 24595, 25687, 27999, 29480, 32501, 34411, 37387, 38441, 41097, 42118, 42806, 43275, 41449, 39453, 36157, 34211, 31541, 28911, 26334, 24673, 22572, 20835, 19808, 18878, 17891, 16707, 15785, 14801, 13936, 13238, 12201, 11429]
[2025-06-23T16:55:25.736+0900] {logging_mixin.py:190} INFO - osd 3 0.0 0.0 20 43275 [14589, 15653, 16750, 17861, 18737, 19877, 20994, 22176, 23586, 24595, 25687, 27999, 29480, 32501, 34411, 37387, 38441, 41097, 42118, 42806, 43275, 41449, 39453, 36157, 34211, 31541, 28911, 26334, 24673, 22572, 20835, 19808, 18878, 17891, 16707, 15785, 14801, 13936, 13238, 12201, 11429]
[2025-06-23T16:55:34.669+0900] {logging_mixin.py:190} INFO - osd 4 0.0 0.0 20 43275 [14589, 15653, 16750, 17861, 18737, 19877, 20994, 22176, 23586, 24595, 25687, 27999, 29480, 32501, 34411, 37387, 38441, 41097, 42118, 42806, 43275, 41449, 39453, 36157, 34211, 31541, 28911, 26334, 24673, 22572, 20835, 19808, 18878, 17891, 16707, 15785, 14801, 13936, 13238, 12201, 11429]
[2025-06-23T16:55:34.747+0900] {logging_mixin.py:190} INFO - step : text_orientation_set
[2025-06-23T16:55:40.572+0900] {logging_mixin.py:190} INFO - osd 1 break  0 0 2.18 Arabic 3.43
[2025-06-23T16:55:40.575+0900] {logging_mixin.py:190} INFO - step : load
[2025-06-23T16:55:40.583+0900] {logging_mixin.py:190} INFO - step : rotate
[2025-06-23T16:55:40.624+0900] {logging_mixin.py:190} INFO - step : rotate
[2025-06-23T16:55:40.967+0900] {logging_mixin.py:190} INFO - file_copy: /opt/***/data/temp/81b0fce2-3f05-41ca-b034-8056999c469e/905d992b-267f-44c1-8700-0f2f3bc602cd/_result.png
[2025-06-23T16:55:40.989+0900] {python.py:240} INFO - Done. Returned value was: {'file_id': '81b0fce2-3f05-41ca-b034-8056999c469e', 'file_path': '/opt/***/data/class/a_class/classify/ready/false/copied_46_1002763326.png', 'false': {'process_id': '_905d992b-267f-44c1-8700-0f2f3bc602cd_pre', 'folder_path': '81b0fce2-3f05-41ca-b034-8056999c469e/905d992b-267f-44c1-8700-0f2f3bc602cd', 'step_list': [{'name': 'cache', 'param': {'key': 'origin'}}, {'name': 'calc_angle_set2', 'param': {'key': 'angle1', 'iterations': 4, 'iter_save': False}}, {'name': 'text_orientation_set', 'param': {'key': 'angle2', 'iterations': 4, 'iter_save': False}}, {'name': 'load', 'param': {'key': 'origin'}}, {'name': 'rotate', 'param': {'key': 'angle1'}}, {'name': 'rotate', 'param': {'key': 'angle2'}}], 'result_file_map': {'_result': '/opt/***/data/temp/81b0fce2-3f05-41ca-b034-8056999c469e/905d992b-267f-44c1-8700-0f2f3bc602cd/_result.png'}}}
[2025-06-23T16:55:41.037+0900] {taskinstance.py:341} INFO - ::group::Post task execution logs
[2025-06-23T16:55:41.039+0900] {taskinstance.py:353} INFO - Marking task as SUCCESS. dag_id=lilt_document_classifier_balanced_V0.1, task_id=img_preprocess_task__1, run_id=manual__2025-06-23T07:44:09.997775+00:00, map_index=41, execution_date=20250623T074409, start_date=20250623T075507, end_date=20250623T075541
[2025-06-23T16:55:41.136+0900] {local_task_job_runner.py:266} INFO - Task exited with return code 0
[2025-06-23T16:55:41.278+0900] {taskinstance.py:3901} INFO - 0 downstream tasks scheduled from follow-on schedule check
[2025-06-23T16:55:41.293+0900] {local_task_job_runner.py:245} INFO - ::endgroup::
