[2025-06-23T15:58:02.701+0900] {local_task_job_runner.py:123} INFO - ::group::Pre task execution logs
[2025-06-23T15:58:02.841+0900] {taskinstance.py:2614} INFO - Dependencies all met for dep_context=non-requeueable deps ti=<TaskInstance: lilt_document_classifier_balanced_V0.1.img_preprocess_task__1 manual__2025-06-23T06:45:10.371530+00:00 map_index=33 [queued]>
[2025-06-23T15:58:02.871+0900] {taskinstance.py:2614} INFO - Dependencies all met for dep_context=requeueable deps ti=<TaskInstance: lilt_document_classifier_balanced_V0.1.img_preprocess_task__1 manual__2025-06-23T06:45:10.371530+00:00 map_index=33 [queued]>
[2025-06-23T15:58:02.871+0900] {taskinstance.py:2867} INFO - Starting attempt 2 of 2
[2025-06-23T15:58:02.909+0900] {taskinstance.py:2890} INFO - Executing <Mapped(_PythonDecoratedOperator): img_preprocess_task__1> on 2025-06-23 06:45:10.371530+00:00
[2025-06-23T15:58:02.937+0900] {warnings.py:112} WARNING - /home/***/.local/lib/python3.12/site-packages/***/task/task_runner/standard_task_runner.py:70: DeprecationWarning: This process (pid=3279) is multi-threaded, use of fork() may lead to deadlocks in the child.
  pid = os.fork()

[2025-06-23T15:58:02.942+0900] {standard_task_runner.py:72} INFO - Started process 3291 to run task
[2025-06-23T15:58:02.938+0900] {standard_task_runner.py:104} INFO - Running: ['***', 'tasks', 'run', 'lilt_document_classifier_balanced_V0.1', 'img_preprocess_task__1', 'manual__2025-06-23T06:45:10.371530+00:00', '--job-id', '3181', '--raw', '--subdir', 'DAGS_FOLDER/class_create_dag.py', '--cfg-path', '/tmp/tmpga4ibqqu', '--map-index', '33']
[2025-06-23T15:58:02.951+0900] {standard_task_runner.py:105} INFO - Job 3181: Subtask img_preprocess_task__1
[2025-06-23T15:58:03.031+0900] {task_command.py:467} INFO - Running <TaskInstance: lilt_document_classifier_balanced_V0.1.img_preprocess_task__1 manual__2025-06-23T06:45:10.371530+00:00 map_index=33 [running]> on host f6d4228a9eb8
[2025-06-23T15:58:03.246+0900] {taskinstance.py:3134} INFO - Exporting env vars: AIRFLOW_CTX_DAG_OWNER='***' AIRFLOW_CTX_DAG_ID='lilt_document_classifier_balanced_V0.1' AIRFLOW_CTX_TASK_ID='img_preprocess_task__1' AIRFLOW_CTX_EXECUTION_DATE='2025-06-23T06:45:10.371530+00:00' AIRFLOW_CTX_TRY_NUMBER='2' AIRFLOW_CTX_DAG_RUN_ID='manual__2025-06-23T06:45:10.371530+00:00'
[2025-06-23T15:58:03.247+0900] {taskinstance.py:732} INFO - ::endgroup::
[2025-06-23T15:58:03.253+0900] {logging_mixin.py:190} INFO - empty map check {} {'process_id': '_1e2f03d8-429c-4f2d-b29c-de900b408b5b_pre', 'folder_path': '7e331b1c-0437-41ce-89f9-f95707acd38c/1e2f03d8-429c-4f2d-b29c-de900b408b5b', 'step_list': [{'name': 'cache', 'param': {'key': 'origin'}}, {'name': 'calc_angle_set2', 'param': {'key': 'angle1', 'iterations': 4, 'iter_save': False}}, {'name': 'text_orientation_set', 'param': {'key': 'angle2', 'iterations': 4, 'iter_save': False}}, {'name': 'load', 'param': {'key': 'origin'}}, {'name': 'rotate', 'param': {'key': 'angle1'}}, {'name': 'rotate', 'param': {'key': 'angle2'}}], 'result_file_map': {}}
[2025-06-23T15:58:03.254+0900] {logging_mixin.py:190} INFO - step : cache
[2025-06-23T15:58:03.255+0900] {logging_mixin.py:190} INFO - step : calc_angle_set2
[2025-06-23T15:58:09.344+0900] {logging_mixin.py:190} INFO - osd 1 0 0 0 0 [0, 0, 0, 0, 0, 0, 0, 0, 0, 0, 0, 0, 0, 0, 0, 0, 0, 0, 0, 0, 0, 0, 0, 0, 0, 0, 0, 0, 0, 0, 0, 0, 0, 0, 0, 0, 0, 0, 0, 0, 0]
[2025-06-23T15:58:15.126+0900] {logging_mixin.py:190} INFO - osd 2 0 0 0 0 [0, 0, 0, 0, 0, 0, 0, 0, 0, 0, 0, 0, 0, 0, 0, 0, 0, 0, 0, 0, 0, 0, 0, 0, 0, 0, 0, 0, 0, 0, 0, 0, 0, 0, 0, 0, 0, 0, 0, 0, 0]
[2025-06-23T15:58:21.991+0900] {logging_mixin.py:190} INFO - osd 3 0 0 0 0 [0, 0, 0, 0, 0, 0, 0, 0, 0, 0, 0, 0, 0, 0, 0, 0, 0, 0, 0, 0, 0, 0, 0, 0, 0, 0, 0, 0, 0, 0, 0, 0, 0, 0, 0, 0, 0, 0, 0, 0, 0]
[2025-06-23T15:58:27.480+0900] {logging_mixin.py:190} INFO - osd 4 0 0 0 0 [0, 0, 0, 0, 0, 0, 0, 0, 0, 0, 0, 0, 0, 0, 0, 0, 0, 0, 0, 0, 0, 0, 0, 0, 0, 0, 0, 0, 0, 0, 0, 0, 0, 0, 0, 0, 0, 0, 0, 0, 0]
[2025-06-23T15:58:27.502+0900] {logging_mixin.py:190} INFO - step : text_orientation_set
[2025-06-23T15:58:33.827+0900] {logging_mixin.py:190} INFO - osd 1 break  0 0 2.26 Cyrillic 2.11
[2025-06-23T15:58:33.829+0900] {logging_mixin.py:190} INFO - step : load
[2025-06-23T15:58:33.831+0900] {logging_mixin.py:190} INFO - step : rotate
[2025-06-23T15:58:33.840+0900] {logging_mixin.py:190} INFO - step : rotate
[2025-06-23T15:58:33.895+0900] {logging_mixin.py:190} INFO - file_copy: /opt/***/data/temp/7e331b1c-0437-41ce-89f9-f95707acd38c/1e2f03d8-429c-4f2d-b29c-de900b408b5b/_result.png
[2025-06-23T15:58:33.912+0900] {python.py:240} INFO - Done. Returned value was: {'file_id': '7e331b1c-0437-41ce-89f9-f95707acd38c', 'file_path': '/opt/***/data/class/a_class/classify/ready/false/copied_13_0011653290.png', 'false': {'process_id': '_1e2f03d8-429c-4f2d-b29c-de900b408b5b_pre', 'folder_path': '7e331b1c-0437-41ce-89f9-f95707acd38c/1e2f03d8-429c-4f2d-b29c-de900b408b5b', 'step_list': [{'name': 'cache', 'param': {'key': 'origin'}}, {'name': 'calc_angle_set2', 'param': {'key': 'angle1', 'iterations': 4, 'iter_save': False}}, {'name': 'text_orientation_set', 'param': {'key': 'angle2', 'iterations': 4, 'iter_save': False}}, {'name': 'load', 'param': {'key': 'origin'}}, {'name': 'rotate', 'param': {'key': 'angle1'}}, {'name': 'rotate', 'param': {'key': 'angle2'}}], 'result_file_map': {'_result': '/opt/***/data/temp/7e331b1c-0437-41ce-89f9-f95707acd38c/1e2f03d8-429c-4f2d-b29c-de900b408b5b/_result.png'}}}
[2025-06-23T15:58:33.957+0900] {taskinstance.py:341} INFO - ::group::Post task execution logs
[2025-06-23T15:58:33.958+0900] {taskinstance.py:353} INFO - Marking task as SUCCESS. dag_id=lilt_document_classifier_balanced_V0.1, task_id=img_preprocess_task__1, run_id=manual__2025-06-23T06:45:10.371530+00:00, map_index=33, execution_date=20250623T064510, start_date=20250623T065802, end_date=20250623T065833
[2025-06-23T15:58:34.071+0900] {local_task_job_runner.py:266} INFO - Task exited with return code 0
[2025-06-23T15:58:34.105+0900] {taskinstance.py:3901} INFO - 0 downstream tasks scheduled from follow-on schedule check
[2025-06-23T15:58:34.110+0900] {local_task_job_runner.py:245} INFO - ::endgroup::
