[2025-06-17T13:17:27.549+0900] {local_task_job_runner.py:123} INFO - ::group::Pre task execution logs
[2025-06-17T13:17:27.647+0900] {taskinstance.py:2614} INFO - Dependencies all met for dep_context=non-requeueable deps ti=<TaskInstance: image_ocr_v2.img_preprocess_task manual__2025-06-17T04:17:19.266100+00:00 map_index=0 [queued]>
[2025-06-17T13:17:27.696+0900] {taskinstance.py:2614} INFO - Dependencies all met for dep_context=requeueable deps ti=<TaskInstance: image_ocr_v2.img_preprocess_task manual__2025-06-17T04:17:19.266100+00:00 map_index=0 [queued]>
[2025-06-17T13:17:27.698+0900] {taskinstance.py:2867} INFO - Starting attempt 1 of 1
[2025-06-17T13:17:27.750+0900] {taskinstance.py:2890} INFO - Executing <Mapped(_PythonDecoratedOperator): img_preprocess_task> on 2025-06-17 04:17:19.266100+00:00
[2025-06-17T13:17:27.775+0900] {warnings.py:112} WARNING - /home/***/.local/lib/python3.12/site-packages/***/task/task_runner/standard_task_runner.py:70: DeprecationWarning: This process (pid=4167) is multi-threaded, use of fork() may lead to deadlocks in the child.
  pid = os.fork()

[2025-06-17T13:17:27.782+0900] {standard_task_runner.py:72} INFO - Started process 4176 to run task
[2025-06-17T13:17:27.785+0900] {standard_task_runner.py:104} INFO - Running: ['***', 'tasks', 'run', 'image_ocr_v2', 'img_preprocess_task', 'manual__2025-06-17T04:17:19.266100+00:00', '--job-id', '860', '--raw', '--subdir', 'DAGS_FOLDER/test_dag.py', '--cfg-path', '/tmp/tmpcgkv_p20', '--map-index', '0']
[2025-06-17T13:17:27.795+0900] {standard_task_runner.py:105} INFO - Job 860: Subtask img_preprocess_task
[2025-06-17T13:17:27.967+0900] {task_command.py:467} INFO - Running <TaskInstance: image_ocr_v2.img_preprocess_task manual__2025-06-17T04:17:19.266100+00:00 map_index=0 [running]> on host f6d4228a9eb8
[2025-06-17T13:17:28.349+0900] {taskinstance.py:3134} INFO - Exporting env vars: AIRFLOW_CTX_DAG_OWNER='***' AIRFLOW_CTX_DAG_ID='image_ocr_v2' AIRFLOW_CTX_TASK_ID='img_preprocess_task' AIRFLOW_CTX_EXECUTION_DATE='2025-06-17T04:17:19.266100+00:00' AIRFLOW_CTX_TRY_NUMBER='1' AIRFLOW_CTX_DAG_RUN_ID='manual__2025-06-17T04:17:19.266100+00:00'
[2025-06-17T13:17:28.362+0900] {taskinstance.py:732} INFO - ::endgroup::
[2025-06-17T13:17:28.373+0900] {logging_mixin.py:190} INFO - empty map check {} {'process_id': '_c557c662-48ca-41d7-91fe-8b6ab9cc1985_pre', 'folder_path': 'a05158e6-6276-4e36-9d94-2e641c2f6164/c557c662-48ca-41d7-91fe-8b6ab9cc1985', 'step_list': [{'name': 'cache', 'param': {'key': 'origin'}}, {'name': 'calc_angle_set5', 'param': {'key': 'angle1', 'iterations': 4, 'iter_save': True}}, {'name': 'calc_angle_set2', 'param': {'key': 'angle2', 'iterations': 4, 'iter_save': True}}, {'name': 'threshold', 'param': {}}, {'name': 'save', 'param': {'key': 'classify_preprocess'}}], 'result_file_list': []}
[2025-06-17T13:17:28.375+0900] {logging_mixin.py:190} INFO - step : cache
[2025-06-17T13:17:28.377+0900] {logging_mixin.py:190} INFO - step : calc_angle_set5
[2025-06-17T13:17:28.971+0900] {logging_mixin.py:190} INFO - file_copy: /opt/***/data/temp/a05158e6-6276-4e36-9d94-2e641c2f6164/c557c662-48ca-41d7-91fe-8b6ab9cc1985/rotate5_1_-5.0.png
[2025-06-17T13:17:29.354+0900] {logging_mixin.py:190} INFO - file_copy: /opt/***/data/temp/a05158e6-6276-4e36-9d94-2e641c2f6164/c557c662-48ca-41d7-91fe-8b6ab9cc1985/rotate5_1_-4.8.png
[2025-06-17T13:17:29.833+0900] {logging_mixin.py:190} INFO - file_copy: /opt/***/data/temp/a05158e6-6276-4e36-9d94-2e641c2f6164/c557c662-48ca-41d7-91fe-8b6ab9cc1985/rotate5_1_-4.6.png
[2025-06-17T13:17:30.217+0900] {logging_mixin.py:190} INFO - file_copy: /opt/***/data/temp/a05158e6-6276-4e36-9d94-2e641c2f6164/c557c662-48ca-41d7-91fe-8b6ab9cc1985/rotate5_1_-4.3999999999999995.png
[2025-06-17T13:17:30.596+0900] {logging_mixin.py:190} INFO - file_copy: /opt/***/data/temp/a05158e6-6276-4e36-9d94-2e641c2f6164/c557c662-48ca-41d7-91fe-8b6ab9cc1985/rotate5_1_-4.199999999999999.png
[2025-06-17T13:17:30.979+0900] {logging_mixin.py:190} INFO - file_copy: /opt/***/data/temp/a05158e6-6276-4e36-9d94-2e641c2f6164/c557c662-48ca-41d7-91fe-8b6ab9cc1985/rotate5_1_-3.999999999999999.png
[2025-06-17T13:17:31.374+0900] {logging_mixin.py:190} INFO - file_copy: /opt/***/data/temp/a05158e6-6276-4e36-9d94-2e641c2f6164/c557c662-48ca-41d7-91fe-8b6ab9cc1985/rotate5_1_-3.799999999999999.png
[2025-06-17T13:17:31.742+0900] {logging_mixin.py:190} INFO - file_copy: /opt/***/data/temp/a05158e6-6276-4e36-9d94-2e641c2f6164/c557c662-48ca-41d7-91fe-8b6ab9cc1985/rotate5_1_-3.5999999999999988.png
[2025-06-17T13:17:32.113+0900] {logging_mixin.py:190} INFO - file_copy: /opt/***/data/temp/a05158e6-6276-4e36-9d94-2e641c2f6164/c557c662-48ca-41d7-91fe-8b6ab9cc1985/rotate5_1_-3.3999999999999986.png
[2025-06-17T13:17:32.499+0900] {logging_mixin.py:190} INFO - file_copy: /opt/***/data/temp/a05158e6-6276-4e36-9d94-2e641c2f6164/c557c662-48ca-41d7-91fe-8b6ab9cc1985/rotate5_1_-3.1999999999999984.png
[2025-06-17T13:17:32.875+0900] {logging_mixin.py:190} INFO - file_copy: /opt/***/data/temp/a05158e6-6276-4e36-9d94-2e641c2f6164/c557c662-48ca-41d7-91fe-8b6ab9cc1985/rotate5_1_-2.9999999999999982.png
[2025-06-17T13:17:33.436+0900] {logging_mixin.py:190} INFO - file_copy: /opt/***/data/temp/a05158e6-6276-4e36-9d94-2e641c2f6164/c557c662-48ca-41d7-91fe-8b6ab9cc1985/rotate5_1_-2.799999999999998.png
[2025-06-17T13:17:33.814+0900] {logging_mixin.py:190} INFO - file_copy: /opt/***/data/temp/a05158e6-6276-4e36-9d94-2e641c2f6164/c557c662-48ca-41d7-91fe-8b6ab9cc1985/rotate5_1_-2.599999999999998.png
[2025-06-17T13:17:34.280+0900] {logging_mixin.py:190} INFO - file_copy: /opt/***/data/temp/a05158e6-6276-4e36-9d94-2e641c2f6164/c557c662-48ca-41d7-91fe-8b6ab9cc1985/rotate5_1_-2.3999999999999977.png
[2025-06-17T13:17:34.655+0900] {logging_mixin.py:190} INFO - file_copy: /opt/***/data/temp/a05158e6-6276-4e36-9d94-2e641c2f6164/c557c662-48ca-41d7-91fe-8b6ab9cc1985/rotate5_1_-2.1999999999999975.png
[2025-06-17T13:17:35.181+0900] {logging_mixin.py:190} INFO - file_copy: /opt/***/data/temp/a05158e6-6276-4e36-9d94-2e641c2f6164/c557c662-48ca-41d7-91fe-8b6ab9cc1985/rotate5_1_-1.9999999999999973.png
[2025-06-17T13:17:35.555+0900] {logging_mixin.py:190} INFO - file_copy: /opt/***/data/temp/a05158e6-6276-4e36-9d94-2e641c2f6164/c557c662-48ca-41d7-91fe-8b6ab9cc1985/rotate5_1_-1.7999999999999972.png
[2025-06-17T13:17:35.937+0900] {logging_mixin.py:190} INFO - file_copy: /opt/***/data/temp/a05158e6-6276-4e36-9d94-2e641c2f6164/c557c662-48ca-41d7-91fe-8b6ab9cc1985/rotate5_1_-1.599999999999997.png
[2025-06-17T13:17:36.323+0900] {logging_mixin.py:190} INFO - file_copy: /opt/***/data/temp/a05158e6-6276-4e36-9d94-2e641c2f6164/c557c662-48ca-41d7-91fe-8b6ab9cc1985/rotate5_1_-1.3999999999999968.png
[2025-06-17T13:17:36.698+0900] {logging_mixin.py:190} INFO - file_copy: /opt/***/data/temp/a05158e6-6276-4e36-9d94-2e641c2f6164/c557c662-48ca-41d7-91fe-8b6ab9cc1985/rotate5_1_-1.1999999999999966.png
[2025-06-17T13:17:37.074+0900] {logging_mixin.py:190} INFO - file_copy: /opt/***/data/temp/a05158e6-6276-4e36-9d94-2e641c2f6164/c557c662-48ca-41d7-91fe-8b6ab9cc1985/rotate5_1_-0.9999999999999964.png
[2025-06-17T13:17:37.448+0900] {logging_mixin.py:190} INFO - file_copy: /opt/***/data/temp/a05158e6-6276-4e36-9d94-2e641c2f6164/c557c662-48ca-41d7-91fe-8b6ab9cc1985/rotate5_1_-0.7999999999999963.png
[2025-06-17T13:17:37.816+0900] {logging_mixin.py:190} INFO - file_copy: /opt/***/data/temp/a05158e6-6276-4e36-9d94-2e641c2f6164/c557c662-48ca-41d7-91fe-8b6ab9cc1985/rotate5_1_-0.5999999999999961.png
[2025-06-17T13:17:38.191+0900] {logging_mixin.py:190} INFO - file_copy: /opt/***/data/temp/a05158e6-6276-4e36-9d94-2e641c2f6164/c557c662-48ca-41d7-91fe-8b6ab9cc1985/rotate5_1_-0.3999999999999959.png
[2025-06-17T13:17:38.568+0900] {logging_mixin.py:190} INFO - file_copy: /opt/***/data/temp/a05158e6-6276-4e36-9d94-2e641c2f6164/c557c662-48ca-41d7-91fe-8b6ab9cc1985/rotate5_1_-0.19999999999999574.png
[2025-06-17T13:17:38.937+0900] {logging_mixin.py:190} INFO - file_copy: /opt/***/data/temp/a05158e6-6276-4e36-9d94-2e641c2f6164/c557c662-48ca-41d7-91fe-8b6ab9cc1985/rotate5_1_4.440892098500626e-15.png
[2025-06-17T13:17:39.316+0900] {logging_mixin.py:190} INFO - file_copy: /opt/***/data/temp/a05158e6-6276-4e36-9d94-2e641c2f6164/c557c662-48ca-41d7-91fe-8b6ab9cc1985/rotate5_1_0.20000000000000462.png
[2025-06-17T13:17:39.696+0900] {logging_mixin.py:190} INFO - file_copy: /opt/***/data/temp/a05158e6-6276-4e36-9d94-2e641c2f6164/c557c662-48ca-41d7-91fe-8b6ab9cc1985/rotate5_1_0.4000000000000048.png
[2025-06-17T13:17:40.067+0900] {logging_mixin.py:190} INFO - file_copy: /opt/***/data/temp/a05158e6-6276-4e36-9d94-2e641c2f6164/c557c662-48ca-41d7-91fe-8b6ab9cc1985/rotate5_1_0.600000000000005.png
[2025-06-17T13:17:40.583+0900] {logging_mixin.py:190} INFO - file_copy: /opt/***/data/temp/a05158e6-6276-4e36-9d94-2e641c2f6164/c557c662-48ca-41d7-91fe-8b6ab9cc1985/rotate5_1_0.8000000000000052.png
[2025-06-17T13:17:40.973+0900] {logging_mixin.py:190} INFO - file_copy: /opt/***/data/temp/a05158e6-6276-4e36-9d94-2e641c2f6164/c557c662-48ca-41d7-91fe-8b6ab9cc1985/rotate5_1_1.0000000000000053.png
[2025-06-17T13:17:41.369+0900] {logging_mixin.py:190} INFO - file_copy: /opt/***/data/temp/a05158e6-6276-4e36-9d94-2e641c2f6164/c557c662-48ca-41d7-91fe-8b6ab9cc1985/rotate5_1_1.2000000000000055.png
[2025-06-17T13:17:41.762+0900] {logging_mixin.py:190} INFO - file_copy: /opt/***/data/temp/a05158e6-6276-4e36-9d94-2e641c2f6164/c557c662-48ca-41d7-91fe-8b6ab9cc1985/rotate5_1_1.4000000000000057.png
[2025-06-17T13:17:42.230+0900] {logging_mixin.py:190} INFO - file_copy: /opt/***/data/temp/a05158e6-6276-4e36-9d94-2e641c2f6164/c557c662-48ca-41d7-91fe-8b6ab9cc1985/rotate5_1_1.6000000000000059.png
[2025-06-17T13:17:42.638+0900] {logging_mixin.py:190} INFO - file_copy: /opt/***/data/temp/a05158e6-6276-4e36-9d94-2e641c2f6164/c557c662-48ca-41d7-91fe-8b6ab9cc1985/rotate5_1_1.800000000000006.png
[2025-06-17T13:17:43.070+0900] {logging_mixin.py:190} INFO - file_copy: /opt/***/data/temp/a05158e6-6276-4e36-9d94-2e641c2f6164/c557c662-48ca-41d7-91fe-8b6ab9cc1985/rotate5_1_2.000000000000006.png
[2025-06-17T13:17:43.490+0900] {logging_mixin.py:190} INFO - file_copy: /opt/***/data/temp/a05158e6-6276-4e36-9d94-2e641c2f6164/c557c662-48ca-41d7-91fe-8b6ab9cc1985/rotate5_1_2.2000000000000064.png
[2025-06-17T13:17:43.928+0900] {logging_mixin.py:190} INFO - file_copy: /opt/***/data/temp/a05158e6-6276-4e36-9d94-2e641c2f6164/c557c662-48ca-41d7-91fe-8b6ab9cc1985/rotate5_1_2.4000000000000066.png
[2025-06-17T13:17:44.372+0900] {logging_mixin.py:190} INFO - file_copy: /opt/***/data/temp/a05158e6-6276-4e36-9d94-2e641c2f6164/c557c662-48ca-41d7-91fe-8b6ab9cc1985/rotate5_1_2.6000000000000068.png
[2025-06-17T13:17:44.793+0900] {logging_mixin.py:190} INFO - file_copy: /opt/***/data/temp/a05158e6-6276-4e36-9d94-2e641c2f6164/c557c662-48ca-41d7-91fe-8b6ab9cc1985/rotate5_1_2.800000000000007.png
[2025-06-17T13:17:45.218+0900] {logging_mixin.py:190} INFO - file_copy: /opt/***/data/temp/a05158e6-6276-4e36-9d94-2e641c2f6164/c557c662-48ca-41d7-91fe-8b6ab9cc1985/rotate5_1_3.000000000000007.png
[2025-06-17T13:17:45.624+0900] {logging_mixin.py:190} INFO - file_copy: /opt/***/data/temp/a05158e6-6276-4e36-9d94-2e641c2f6164/c557c662-48ca-41d7-91fe-8b6ab9cc1985/rotate5_1_3.2000000000000064.png
[2025-06-17T13:17:46.046+0900] {logging_mixin.py:190} INFO - file_copy: /opt/***/data/temp/a05158e6-6276-4e36-9d94-2e641c2f6164/c557c662-48ca-41d7-91fe-8b6ab9cc1985/rotate5_1_3.4000000000000075.png
[2025-06-17T13:17:46.542+0900] {logging_mixin.py:190} INFO - file_copy: /opt/***/data/temp/a05158e6-6276-4e36-9d94-2e641c2f6164/c557c662-48ca-41d7-91fe-8b6ab9cc1985/rotate5_1_3.6000000000000085.png
[2025-06-17T13:17:46.950+0900] {logging_mixin.py:190} INFO - file_copy: /opt/***/data/temp/a05158e6-6276-4e36-9d94-2e641c2f6164/c557c662-48ca-41d7-91fe-8b6ab9cc1985/rotate5_1_3.800000000000008.png
[2025-06-17T13:17:47.354+0900] {logging_mixin.py:190} INFO - file_copy: /opt/***/data/temp/a05158e6-6276-4e36-9d94-2e641c2f6164/c557c662-48ca-41d7-91fe-8b6ab9cc1985/rotate5_1_4.000000000000007.png
[2025-06-17T13:17:47.757+0900] {logging_mixin.py:190} INFO - file_copy: /opt/***/data/temp/a05158e6-6276-4e36-9d94-2e641c2f6164/c557c662-48ca-41d7-91fe-8b6ab9cc1985/rotate5_1_4.200000000000008.png
[2025-06-17T13:17:48.142+0900] {logging_mixin.py:190} INFO - file_copy: /opt/***/data/temp/a05158e6-6276-4e36-9d94-2e641c2f6164/c557c662-48ca-41d7-91fe-8b6ab9cc1985/rotate5_1_4.400000000000009.png
[2025-06-17T13:17:48.536+0900] {logging_mixin.py:190} INFO - file_copy: /opt/***/data/temp/a05158e6-6276-4e36-9d94-2e641c2f6164/c557c662-48ca-41d7-91fe-8b6ab9cc1985/rotate5_1_4.6000000000000085.png
[2025-06-17T13:17:48.987+0900] {logging_mixin.py:190} INFO - file_copy: /opt/***/data/temp/a05158e6-6276-4e36-9d94-2e641c2f6164/c557c662-48ca-41d7-91fe-8b6ab9cc1985/rotate5_1_4.800000000000008.png
[2025-06-17T13:17:49.380+0900] {logging_mixin.py:190} INFO - file_copy: /opt/***/data/temp/a05158e6-6276-4e36-9d94-2e641c2f6164/c557c662-48ca-41d7-91fe-8b6ab9cc1985/rotate5_1_5.000000000000009.png
[2025-06-17T13:17:49.407+0900] {logging_mixin.py:190} INFO - osd 1 4.440892098500626e-15 4.440892098500626e-15 25 2622
[2025-06-17T13:17:49.549+0900] {logging_mixin.py:190} INFO - file_copy: /opt/***/data/temp/a05158e6-6276-4e36-9d94-2e641c2f6164/c557c662-48ca-41d7-91fe-8b6ab9cc1985/rotate5_1_4.440892098500626e-15.png
[2025-06-17T13:17:49.910+0900] {logging_mixin.py:190} INFO - file_copy: /opt/***/data/temp/a05158e6-6276-4e36-9d94-2e641c2f6164/c557c662-48ca-41d7-91fe-8b6ab9cc1985/rotate5_2_-5.0.png
[2025-06-17T13:17:50.281+0900] {logging_mixin.py:190} INFO - file_copy: /opt/***/data/temp/a05158e6-6276-4e36-9d94-2e641c2f6164/c557c662-48ca-41d7-91fe-8b6ab9cc1985/rotate5_2_-4.8.png
[2025-06-17T13:17:50.798+0900] {logging_mixin.py:190} INFO - file_copy: /opt/***/data/temp/a05158e6-6276-4e36-9d94-2e641c2f6164/c557c662-48ca-41d7-91fe-8b6ab9cc1985/rotate5_2_-4.6.png
[2025-06-17T13:17:51.175+0900] {logging_mixin.py:190} INFO - file_copy: /opt/***/data/temp/a05158e6-6276-4e36-9d94-2e641c2f6164/c557c662-48ca-41d7-91fe-8b6ab9cc1985/rotate5_2_-4.3999999999999995.png
[2025-06-17T13:17:51.578+0900] {logging_mixin.py:190} INFO - file_copy: /opt/***/data/temp/a05158e6-6276-4e36-9d94-2e641c2f6164/c557c662-48ca-41d7-91fe-8b6ab9cc1985/rotate5_2_-4.199999999999999.png
[2025-06-17T13:17:52.075+0900] {logging_mixin.py:190} INFO - file_copy: /opt/***/data/temp/a05158e6-6276-4e36-9d94-2e641c2f6164/c557c662-48ca-41d7-91fe-8b6ab9cc1985/rotate5_2_-3.999999999999999.png
[2025-06-17T13:17:52.476+0900] {logging_mixin.py:190} INFO - file_copy: /opt/***/data/temp/a05158e6-6276-4e36-9d94-2e641c2f6164/c557c662-48ca-41d7-91fe-8b6ab9cc1985/rotate5_2_-3.799999999999999.png
[2025-06-17T13:17:52.852+0900] {logging_mixin.py:190} INFO - file_copy: /opt/***/data/temp/a05158e6-6276-4e36-9d94-2e641c2f6164/c557c662-48ca-41d7-91fe-8b6ab9cc1985/rotate5_2_-3.5999999999999988.png
[2025-06-17T13:17:53.363+0900] {logging_mixin.py:190} INFO - file_copy: /opt/***/data/temp/a05158e6-6276-4e36-9d94-2e641c2f6164/c557c662-48ca-41d7-91fe-8b6ab9cc1985/rotate5_2_-3.3999999999999986.png
[2025-06-17T13:17:53.868+0900] {logging_mixin.py:190} INFO - file_copy: /opt/***/data/temp/a05158e6-6276-4e36-9d94-2e641c2f6164/c557c662-48ca-41d7-91fe-8b6ab9cc1985/rotate5_2_-3.1999999999999984.png
[2025-06-17T13:17:54.258+0900] {logging_mixin.py:190} INFO - file_copy: /opt/***/data/temp/a05158e6-6276-4e36-9d94-2e641c2f6164/c557c662-48ca-41d7-91fe-8b6ab9cc1985/rotate5_2_-2.9999999999999982.png
[2025-06-17T13:17:54.651+0900] {logging_mixin.py:190} INFO - file_copy: /opt/***/data/temp/a05158e6-6276-4e36-9d94-2e641c2f6164/c557c662-48ca-41d7-91fe-8b6ab9cc1985/rotate5_2_-2.799999999999998.png
[2025-06-17T13:17:55.145+0900] {logging_mixin.py:190} INFO - file_copy: /opt/***/data/temp/a05158e6-6276-4e36-9d94-2e641c2f6164/c557c662-48ca-41d7-91fe-8b6ab9cc1985/rotate5_2_-2.599999999999998.png
[2025-06-17T13:17:55.518+0900] {logging_mixin.py:190} INFO - file_copy: /opt/***/data/temp/a05158e6-6276-4e36-9d94-2e641c2f6164/c557c662-48ca-41d7-91fe-8b6ab9cc1985/rotate5_2_-2.3999999999999977.png
[2025-06-17T13:17:55.906+0900] {logging_mixin.py:190} INFO - file_copy: /opt/***/data/temp/a05158e6-6276-4e36-9d94-2e641c2f6164/c557c662-48ca-41d7-91fe-8b6ab9cc1985/rotate5_2_-2.1999999999999975.png
[2025-06-17T13:17:56.394+0900] {logging_mixin.py:190} INFO - file_copy: /opt/***/data/temp/a05158e6-6276-4e36-9d94-2e641c2f6164/c557c662-48ca-41d7-91fe-8b6ab9cc1985/rotate5_2_-1.9999999999999973.png
[2025-06-17T13:17:56.768+0900] {logging_mixin.py:190} INFO - file_copy: /opt/***/data/temp/a05158e6-6276-4e36-9d94-2e641c2f6164/c557c662-48ca-41d7-91fe-8b6ab9cc1985/rotate5_2_-1.7999999999999972.png
[2025-06-17T13:17:57.258+0900] {logging_mixin.py:190} INFO - file_copy: /opt/***/data/temp/a05158e6-6276-4e36-9d94-2e641c2f6164/c557c662-48ca-41d7-91fe-8b6ab9cc1985/rotate5_2_-1.599999999999997.png
[2025-06-17T13:17:57.646+0900] {logging_mixin.py:190} INFO - file_copy: /opt/***/data/temp/a05158e6-6276-4e36-9d94-2e641c2f6164/c557c662-48ca-41d7-91fe-8b6ab9cc1985/rotate5_2_-1.3999999999999968.png
[2025-06-17T13:17:58.027+0900] {logging_mixin.py:190} INFO - file_copy: /opt/***/data/temp/a05158e6-6276-4e36-9d94-2e641c2f6164/c557c662-48ca-41d7-91fe-8b6ab9cc1985/rotate5_2_-1.1999999999999966.png
[2025-06-17T13:17:58.395+0900] {logging_mixin.py:190} INFO - file_copy: /opt/***/data/temp/a05158e6-6276-4e36-9d94-2e641c2f6164/c557c662-48ca-41d7-91fe-8b6ab9cc1985/rotate5_2_-0.9999999999999964.png
[2025-06-17T13:17:58.777+0900] {logging_mixin.py:190} INFO - file_copy: /opt/***/data/temp/a05158e6-6276-4e36-9d94-2e641c2f6164/c557c662-48ca-41d7-91fe-8b6ab9cc1985/rotate5_2_-0.7999999999999963.png
[2025-06-17T13:17:59.149+0900] {logging_mixin.py:190} INFO - file_copy: /opt/***/data/temp/a05158e6-6276-4e36-9d94-2e641c2f6164/c557c662-48ca-41d7-91fe-8b6ab9cc1985/rotate5_2_-0.5999999999999961.png
[2025-06-17T13:17:59.529+0900] {logging_mixin.py:190} INFO - file_copy: /opt/***/data/temp/a05158e6-6276-4e36-9d94-2e641c2f6164/c557c662-48ca-41d7-91fe-8b6ab9cc1985/rotate5_2_-0.3999999999999959.png
[2025-06-17T13:17:59.909+0900] {logging_mixin.py:190} INFO - file_copy: /opt/***/data/temp/a05158e6-6276-4e36-9d94-2e641c2f6164/c557c662-48ca-41d7-91fe-8b6ab9cc1985/rotate5_2_-0.19999999999999574.png
[2025-06-17T13:18:00.281+0900] {logging_mixin.py:190} INFO - file_copy: /opt/***/data/temp/a05158e6-6276-4e36-9d94-2e641c2f6164/c557c662-48ca-41d7-91fe-8b6ab9cc1985/rotate5_2_4.440892098500626e-15.png
[2025-06-17T13:18:00.799+0900] {logging_mixin.py:190} INFO - file_copy: /opt/***/data/temp/a05158e6-6276-4e36-9d94-2e641c2f6164/c557c662-48ca-41d7-91fe-8b6ab9cc1985/rotate5_2_0.20000000000000462.png
[2025-06-17T13:18:01.182+0900] {logging_mixin.py:190} INFO - file_copy: /opt/***/data/temp/a05158e6-6276-4e36-9d94-2e641c2f6164/c557c662-48ca-41d7-91fe-8b6ab9cc1985/rotate5_2_0.4000000000000048.png
[2025-06-17T13:18:01.569+0900] {logging_mixin.py:190} INFO - file_copy: /opt/***/data/temp/a05158e6-6276-4e36-9d94-2e641c2f6164/c557c662-48ca-41d7-91fe-8b6ab9cc1985/rotate5_2_0.600000000000005.png
[2025-06-17T13:18:01.947+0900] {logging_mixin.py:190} INFO - file_copy: /opt/***/data/temp/a05158e6-6276-4e36-9d94-2e641c2f6164/c557c662-48ca-41d7-91fe-8b6ab9cc1985/rotate5_2_0.8000000000000052.png
[2025-06-17T13:18:02.343+0900] {logging_mixin.py:190} INFO - file_copy: /opt/***/data/temp/a05158e6-6276-4e36-9d94-2e641c2f6164/c557c662-48ca-41d7-91fe-8b6ab9cc1985/rotate5_2_1.0000000000000053.png
[2025-06-17T13:18:02.791+0900] {logging_mixin.py:190} INFO - file_copy: /opt/***/data/temp/a05158e6-6276-4e36-9d94-2e641c2f6164/c557c662-48ca-41d7-91fe-8b6ab9cc1985/rotate5_2_1.2000000000000055.png
[2025-06-17T13:18:03.298+0900] {logging_mixin.py:190} INFO - file_copy: /opt/***/data/temp/a05158e6-6276-4e36-9d94-2e641c2f6164/c557c662-48ca-41d7-91fe-8b6ab9cc1985/rotate5_2_1.4000000000000057.png
[2025-06-17T13:18:03.816+0900] {logging_mixin.py:190} INFO - file_copy: /opt/***/data/temp/a05158e6-6276-4e36-9d94-2e641c2f6164/c557c662-48ca-41d7-91fe-8b6ab9cc1985/rotate5_2_1.6000000000000059.png
[2025-06-17T13:18:04.320+0900] {logging_mixin.py:190} INFO - file_copy: /opt/***/data/temp/a05158e6-6276-4e36-9d94-2e641c2f6164/c557c662-48ca-41d7-91fe-8b6ab9cc1985/rotate5_2_1.800000000000006.png
[2025-06-17T13:18:04.706+0900] {logging_mixin.py:190} INFO - file_copy: /opt/***/data/temp/a05158e6-6276-4e36-9d94-2e641c2f6164/c557c662-48ca-41d7-91fe-8b6ab9cc1985/rotate5_2_2.000000000000006.png
[2025-06-17T13:18:05.104+0900] {logging_mixin.py:190} INFO - file_copy: /opt/***/data/temp/a05158e6-6276-4e36-9d94-2e641c2f6164/c557c662-48ca-41d7-91fe-8b6ab9cc1985/rotate5_2_2.2000000000000064.png
[2025-06-17T13:18:05.488+0900] {logging_mixin.py:190} INFO - file_copy: /opt/***/data/temp/a05158e6-6276-4e36-9d94-2e641c2f6164/c557c662-48ca-41d7-91fe-8b6ab9cc1985/rotate5_2_2.4000000000000066.png
[2025-06-17T13:18:05.872+0900] {logging_mixin.py:190} INFO - file_copy: /opt/***/data/temp/a05158e6-6276-4e36-9d94-2e641c2f6164/c557c662-48ca-41d7-91fe-8b6ab9cc1985/rotate5_2_2.6000000000000068.png
[2025-06-17T13:18:06.264+0900] {logging_mixin.py:190} INFO - file_copy: /opt/***/data/temp/a05158e6-6276-4e36-9d94-2e641c2f6164/c557c662-48ca-41d7-91fe-8b6ab9cc1985/rotate5_2_2.800000000000007.png
[2025-06-17T13:18:06.649+0900] {logging_mixin.py:190} INFO - file_copy: /opt/***/data/temp/a05158e6-6276-4e36-9d94-2e641c2f6164/c557c662-48ca-41d7-91fe-8b6ab9cc1985/rotate5_2_3.000000000000007.png
[2025-06-17T13:18:07.036+0900] {logging_mixin.py:190} INFO - file_copy: /opt/***/data/temp/a05158e6-6276-4e36-9d94-2e641c2f6164/c557c662-48ca-41d7-91fe-8b6ab9cc1985/rotate5_2_3.2000000000000064.png
[2025-06-17T13:18:07.433+0900] {logging_mixin.py:190} INFO - file_copy: /opt/***/data/temp/a05158e6-6276-4e36-9d94-2e641c2f6164/c557c662-48ca-41d7-91fe-8b6ab9cc1985/rotate5_2_3.4000000000000075.png
[2025-06-17T13:18:07.824+0900] {logging_mixin.py:190} INFO - file_copy: /opt/***/data/temp/a05158e6-6276-4e36-9d94-2e641c2f6164/c557c662-48ca-41d7-91fe-8b6ab9cc1985/rotate5_2_3.6000000000000085.png
[2025-06-17T13:18:08.209+0900] {logging_mixin.py:190} INFO - file_copy: /opt/***/data/temp/a05158e6-6276-4e36-9d94-2e641c2f6164/c557c662-48ca-41d7-91fe-8b6ab9cc1985/rotate5_2_3.800000000000008.png
[2025-06-17T13:18:08.598+0900] {logging_mixin.py:190} INFO - file_copy: /opt/***/data/temp/a05158e6-6276-4e36-9d94-2e641c2f6164/c557c662-48ca-41d7-91fe-8b6ab9cc1985/rotate5_2_4.000000000000007.png
[2025-06-17T13:18:08.985+0900] {logging_mixin.py:190} INFO - file_copy: /opt/***/data/temp/a05158e6-6276-4e36-9d94-2e641c2f6164/c557c662-48ca-41d7-91fe-8b6ab9cc1985/rotate5_2_4.200000000000008.png
[2025-06-17T13:18:09.375+0900] {logging_mixin.py:190} INFO - file_copy: /opt/***/data/temp/a05158e6-6276-4e36-9d94-2e641c2f6164/c557c662-48ca-41d7-91fe-8b6ab9cc1985/rotate5_2_4.400000000000009.png
[2025-06-17T13:18:09.763+0900] {logging_mixin.py:190} INFO - file_copy: /opt/***/data/temp/a05158e6-6276-4e36-9d94-2e641c2f6164/c557c662-48ca-41d7-91fe-8b6ab9cc1985/rotate5_2_4.6000000000000085.png
[2025-06-17T13:18:10.147+0900] {logging_mixin.py:190} INFO - file_copy: /opt/***/data/temp/a05158e6-6276-4e36-9d94-2e641c2f6164/c557c662-48ca-41d7-91fe-8b6ab9cc1985/rotate5_2_4.800000000000008.png
[2025-06-17T13:18:10.535+0900] {logging_mixin.py:190} INFO - file_copy: /opt/***/data/temp/a05158e6-6276-4e36-9d94-2e641c2f6164/c557c662-48ca-41d7-91fe-8b6ab9cc1985/rotate5_2_5.000000000000009.png
[2025-06-17T13:18:10.563+0900] {logging_mixin.py:190} INFO - osd 2 8.881784197001252e-15 4.440892098500626e-15 25 2622
[2025-06-17T13:18:10.722+0900] {logging_mixin.py:190} INFO - file_copy: /opt/***/data/temp/a05158e6-6276-4e36-9d94-2e641c2f6164/c557c662-48ca-41d7-91fe-8b6ab9cc1985/rotate5_2_4.440892098500626e-15.png
[2025-06-17T13:18:11.096+0900] {logging_mixin.py:190} INFO - file_copy: /opt/***/data/temp/a05158e6-6276-4e36-9d94-2e641c2f6164/c557c662-48ca-41d7-91fe-8b6ab9cc1985/rotate5_3_-5.0.png
[2025-06-17T13:18:11.482+0900] {logging_mixin.py:190} INFO - file_copy: /opt/***/data/temp/a05158e6-6276-4e36-9d94-2e641c2f6164/c557c662-48ca-41d7-91fe-8b6ab9cc1985/rotate5_3_-4.8.png
[2025-06-17T13:18:11.866+0900] {logging_mixin.py:190} INFO - file_copy: /opt/***/data/temp/a05158e6-6276-4e36-9d94-2e641c2f6164/c557c662-48ca-41d7-91fe-8b6ab9cc1985/rotate5_3_-4.6.png
[2025-06-17T13:18:12.244+0900] {logging_mixin.py:190} INFO - file_copy: /opt/***/data/temp/a05158e6-6276-4e36-9d94-2e641c2f6164/c557c662-48ca-41d7-91fe-8b6ab9cc1985/rotate5_3_-4.3999999999999995.png
[2025-06-17T13:18:12.613+0900] {logging_mixin.py:190} INFO - file_copy: /opt/***/data/temp/a05158e6-6276-4e36-9d94-2e641c2f6164/c557c662-48ca-41d7-91fe-8b6ab9cc1985/rotate5_3_-4.199999999999999.png
[2025-06-17T13:18:12.980+0900] {logging_mixin.py:190} INFO - file_copy: /opt/***/data/temp/a05158e6-6276-4e36-9d94-2e641c2f6164/c557c662-48ca-41d7-91fe-8b6ab9cc1985/rotate5_3_-3.999999999999999.png
[2025-06-17T13:18:13.371+0900] {logging_mixin.py:190} INFO - file_copy: /opt/***/data/temp/a05158e6-6276-4e36-9d94-2e641c2f6164/c557c662-48ca-41d7-91fe-8b6ab9cc1985/rotate5_3_-3.799999999999999.png
[2025-06-17T13:18:13.747+0900] {logging_mixin.py:190} INFO - file_copy: /opt/***/data/temp/a05158e6-6276-4e36-9d94-2e641c2f6164/c557c662-48ca-41d7-91fe-8b6ab9cc1985/rotate5_3_-3.5999999999999988.png
[2025-06-17T13:18:14.136+0900] {logging_mixin.py:190} INFO - file_copy: /opt/***/data/temp/a05158e6-6276-4e36-9d94-2e641c2f6164/c557c662-48ca-41d7-91fe-8b6ab9cc1985/rotate5_3_-3.3999999999999986.png
[2025-06-17T13:18:14.514+0900] {logging_mixin.py:190} INFO - file_copy: /opt/***/data/temp/a05158e6-6276-4e36-9d94-2e641c2f6164/c557c662-48ca-41d7-91fe-8b6ab9cc1985/rotate5_3_-3.1999999999999984.png
[2025-06-17T13:18:15.026+0900] {logging_mixin.py:190} INFO - file_copy: /opt/***/data/temp/a05158e6-6276-4e36-9d94-2e641c2f6164/c557c662-48ca-41d7-91fe-8b6ab9cc1985/rotate5_3_-2.9999999999999982.png
[2025-06-17T13:18:15.435+0900] {logging_mixin.py:190} INFO - file_copy: /opt/***/data/temp/a05158e6-6276-4e36-9d94-2e641c2f6164/c557c662-48ca-41d7-91fe-8b6ab9cc1985/rotate5_3_-2.799999999999998.png
[2025-06-17T13:18:15.933+0900] {logging_mixin.py:190} INFO - file_copy: /opt/***/data/temp/a05158e6-6276-4e36-9d94-2e641c2f6164/c557c662-48ca-41d7-91fe-8b6ab9cc1985/rotate5_3_-2.599999999999998.png
[2025-06-17T13:18:16.322+0900] {logging_mixin.py:190} INFO - file_copy: /opt/***/data/temp/a05158e6-6276-4e36-9d94-2e641c2f6164/c557c662-48ca-41d7-91fe-8b6ab9cc1985/rotate5_3_-2.3999999999999977.png
[2025-06-17T13:18:16.700+0900] {logging_mixin.py:190} INFO - file_copy: /opt/***/data/temp/a05158e6-6276-4e36-9d94-2e641c2f6164/c557c662-48ca-41d7-91fe-8b6ab9cc1985/rotate5_3_-2.1999999999999975.png
[2025-06-17T13:18:17.091+0900] {logging_mixin.py:190} INFO - file_copy: /opt/***/data/temp/a05158e6-6276-4e36-9d94-2e641c2f6164/c557c662-48ca-41d7-91fe-8b6ab9cc1985/rotate5_3_-1.9999999999999973.png
[2025-06-17T13:18:17.489+0900] {logging_mixin.py:190} INFO - file_copy: /opt/***/data/temp/a05158e6-6276-4e36-9d94-2e641c2f6164/c557c662-48ca-41d7-91fe-8b6ab9cc1985/rotate5_3_-1.7999999999999972.png
[2025-06-17T13:18:17.886+0900] {logging_mixin.py:190} INFO - file_copy: /opt/***/data/temp/a05158e6-6276-4e36-9d94-2e641c2f6164/c557c662-48ca-41d7-91fe-8b6ab9cc1985/rotate5_3_-1.599999999999997.png
[2025-06-17T13:18:18.284+0900] {logging_mixin.py:190} INFO - file_copy: /opt/***/data/temp/a05158e6-6276-4e36-9d94-2e641c2f6164/c557c662-48ca-41d7-91fe-8b6ab9cc1985/rotate5_3_-1.3999999999999968.png
[2025-06-17T13:18:18.658+0900] {logging_mixin.py:190} INFO - file_copy: /opt/***/data/temp/a05158e6-6276-4e36-9d94-2e641c2f6164/c557c662-48ca-41d7-91fe-8b6ab9cc1985/rotate5_3_-1.1999999999999966.png
[2025-06-17T13:18:19.037+0900] {logging_mixin.py:190} INFO - file_copy: /opt/***/data/temp/a05158e6-6276-4e36-9d94-2e641c2f6164/c557c662-48ca-41d7-91fe-8b6ab9cc1985/rotate5_3_-0.9999999999999964.png
[2025-06-17T13:18:19.428+0900] {logging_mixin.py:190} INFO - file_copy: /opt/***/data/temp/a05158e6-6276-4e36-9d94-2e641c2f6164/c557c662-48ca-41d7-91fe-8b6ab9cc1985/rotate5_3_-0.7999999999999963.png
[2025-06-17T13:18:19.809+0900] {logging_mixin.py:190} INFO - file_copy: /opt/***/data/temp/a05158e6-6276-4e36-9d94-2e641c2f6164/c557c662-48ca-41d7-91fe-8b6ab9cc1985/rotate5_3_-0.5999999999999961.png
[2025-06-17T13:18:20.195+0900] {logging_mixin.py:190} INFO - file_copy: /opt/***/data/temp/a05158e6-6276-4e36-9d94-2e641c2f6164/c557c662-48ca-41d7-91fe-8b6ab9cc1985/rotate5_3_-0.3999999999999959.png
[2025-06-17T13:18:20.578+0900] {logging_mixin.py:190} INFO - file_copy: /opt/***/data/temp/a05158e6-6276-4e36-9d94-2e641c2f6164/c557c662-48ca-41d7-91fe-8b6ab9cc1985/rotate5_3_-0.19999999999999574.png
[2025-06-17T13:18:20.946+0900] {logging_mixin.py:190} INFO - file_copy: /opt/***/data/temp/a05158e6-6276-4e36-9d94-2e641c2f6164/c557c662-48ca-41d7-91fe-8b6ab9cc1985/rotate5_3_4.440892098500626e-15.png
[2025-06-17T13:18:21.329+0900] {logging_mixin.py:190} INFO - file_copy: /opt/***/data/temp/a05158e6-6276-4e36-9d94-2e641c2f6164/c557c662-48ca-41d7-91fe-8b6ab9cc1985/rotate5_3_0.20000000000000462.png
[2025-06-17T13:18:21.714+0900] {logging_mixin.py:190} INFO - file_copy: /opt/***/data/temp/a05158e6-6276-4e36-9d94-2e641c2f6164/c557c662-48ca-41d7-91fe-8b6ab9cc1985/rotate5_3_0.4000000000000048.png
[2025-06-17T13:18:22.096+0900] {logging_mixin.py:190} INFO - file_copy: /opt/***/data/temp/a05158e6-6276-4e36-9d94-2e641c2f6164/c557c662-48ca-41d7-91fe-8b6ab9cc1985/rotate5_3_0.600000000000005.png
[2025-06-17T13:18:22.476+0900] {logging_mixin.py:190} INFO - file_copy: /opt/***/data/temp/a05158e6-6276-4e36-9d94-2e641c2f6164/c557c662-48ca-41d7-91fe-8b6ab9cc1985/rotate5_3_0.8000000000000052.png
[2025-06-17T13:18:22.872+0900] {logging_mixin.py:190} INFO - file_copy: /opt/***/data/temp/a05158e6-6276-4e36-9d94-2e641c2f6164/c557c662-48ca-41d7-91fe-8b6ab9cc1985/rotate5_3_1.0000000000000053.png
[2025-06-17T13:18:23.262+0900] {logging_mixin.py:190} INFO - file_copy: /opt/***/data/temp/a05158e6-6276-4e36-9d94-2e641c2f6164/c557c662-48ca-41d7-91fe-8b6ab9cc1985/rotate5_3_1.2000000000000055.png
[2025-06-17T13:18:23.644+0900] {logging_mixin.py:190} INFO - file_copy: /opt/***/data/temp/a05158e6-6276-4e36-9d94-2e641c2f6164/c557c662-48ca-41d7-91fe-8b6ab9cc1985/rotate5_3_1.4000000000000057.png
[2025-06-17T13:18:24.045+0900] {logging_mixin.py:190} INFO - file_copy: /opt/***/data/temp/a05158e6-6276-4e36-9d94-2e641c2f6164/c557c662-48ca-41d7-91fe-8b6ab9cc1985/rotate5_3_1.6000000000000059.png
[2025-06-17T13:18:24.424+0900] {logging_mixin.py:190} INFO - file_copy: /opt/***/data/temp/a05158e6-6276-4e36-9d94-2e641c2f6164/c557c662-48ca-41d7-91fe-8b6ab9cc1985/rotate5_3_1.800000000000006.png
[2025-06-17T13:18:24.924+0900] {logging_mixin.py:190} INFO - file_copy: /opt/***/data/temp/a05158e6-6276-4e36-9d94-2e641c2f6164/c557c662-48ca-41d7-91fe-8b6ab9cc1985/rotate5_3_2.000000000000006.png
[2025-06-17T13:18:25.333+0900] {logging_mixin.py:190} INFO - file_copy: /opt/***/data/temp/a05158e6-6276-4e36-9d94-2e641c2f6164/c557c662-48ca-41d7-91fe-8b6ab9cc1985/rotate5_3_2.2000000000000064.png
[2025-06-17T13:18:25.726+0900] {logging_mixin.py:190} INFO - file_copy: /opt/***/data/temp/a05158e6-6276-4e36-9d94-2e641c2f6164/c557c662-48ca-41d7-91fe-8b6ab9cc1985/rotate5_3_2.4000000000000066.png
[2025-06-17T13:18:26.112+0900] {logging_mixin.py:190} INFO - file_copy: /opt/***/data/temp/a05158e6-6276-4e36-9d94-2e641c2f6164/c557c662-48ca-41d7-91fe-8b6ab9cc1985/rotate5_3_2.6000000000000068.png
[2025-06-17T13:18:26.632+0900] {logging_mixin.py:190} INFO - file_copy: /opt/***/data/temp/a05158e6-6276-4e36-9d94-2e641c2f6164/c557c662-48ca-41d7-91fe-8b6ab9cc1985/rotate5_3_2.800000000000007.png
[2025-06-17T13:18:27.021+0900] {logging_mixin.py:190} INFO - file_copy: /opt/***/data/temp/a05158e6-6276-4e36-9d94-2e641c2f6164/c557c662-48ca-41d7-91fe-8b6ab9cc1985/rotate5_3_3.000000000000007.png
[2025-06-17T13:18:27.405+0900] {logging_mixin.py:190} INFO - file_copy: /opt/***/data/temp/a05158e6-6276-4e36-9d94-2e641c2f6164/c557c662-48ca-41d7-91fe-8b6ab9cc1985/rotate5_3_3.2000000000000064.png
[2025-06-17T13:18:27.790+0900] {logging_mixin.py:190} INFO - file_copy: /opt/***/data/temp/a05158e6-6276-4e36-9d94-2e641c2f6164/c557c662-48ca-41d7-91fe-8b6ab9cc1985/rotate5_3_3.4000000000000075.png
[2025-06-17T13:18:28.183+0900] {logging_mixin.py:190} INFO - file_copy: /opt/***/data/temp/a05158e6-6276-4e36-9d94-2e641c2f6164/c557c662-48ca-41d7-91fe-8b6ab9cc1985/rotate5_3_3.6000000000000085.png
[2025-06-17T13:18:28.570+0900] {logging_mixin.py:190} INFO - file_copy: /opt/***/data/temp/a05158e6-6276-4e36-9d94-2e641c2f6164/c557c662-48ca-41d7-91fe-8b6ab9cc1985/rotate5_3_3.800000000000008.png
[2025-06-17T13:18:28.966+0900] {logging_mixin.py:190} INFO - file_copy: /opt/***/data/temp/a05158e6-6276-4e36-9d94-2e641c2f6164/c557c662-48ca-41d7-91fe-8b6ab9cc1985/rotate5_3_4.000000000000007.png
[2025-06-17T13:18:29.367+0900] {logging_mixin.py:190} INFO - file_copy: /opt/***/data/temp/a05158e6-6276-4e36-9d94-2e641c2f6164/c557c662-48ca-41d7-91fe-8b6ab9cc1985/rotate5_3_4.200000000000008.png
[2025-06-17T13:18:29.766+0900] {logging_mixin.py:190} INFO - file_copy: /opt/***/data/temp/a05158e6-6276-4e36-9d94-2e641c2f6164/c557c662-48ca-41d7-91fe-8b6ab9cc1985/rotate5_3_4.400000000000009.png
[2025-06-17T13:18:30.291+0900] {logging_mixin.py:190} INFO - file_copy: /opt/***/data/temp/a05158e6-6276-4e36-9d94-2e641c2f6164/c557c662-48ca-41d7-91fe-8b6ab9cc1985/rotate5_3_4.6000000000000085.png
[2025-06-17T13:18:30.669+0900] {logging_mixin.py:190} INFO - file_copy: /opt/***/data/temp/a05158e6-6276-4e36-9d94-2e641c2f6164/c557c662-48ca-41d7-91fe-8b6ab9cc1985/rotate5_3_4.800000000000008.png
[2025-06-17T13:18:31.057+0900] {logging_mixin.py:190} INFO - file_copy: /opt/***/data/temp/a05158e6-6276-4e36-9d94-2e641c2f6164/c557c662-48ca-41d7-91fe-8b6ab9cc1985/rotate5_3_5.000000000000009.png
[2025-06-17T13:18:31.089+0900] {logging_mixin.py:190} INFO - osd 3 1.3322676295501878e-14 4.440892098500626e-15 25 2622
[2025-06-17T13:18:31.231+0900] {logging_mixin.py:190} INFO - file_copy: /opt/***/data/temp/a05158e6-6276-4e36-9d94-2e641c2f6164/c557c662-48ca-41d7-91fe-8b6ab9cc1985/rotate5_3_4.440892098500626e-15.png
[2025-06-17T13:18:31.622+0900] {logging_mixin.py:190} INFO - file_copy: /opt/***/data/temp/a05158e6-6276-4e36-9d94-2e641c2f6164/c557c662-48ca-41d7-91fe-8b6ab9cc1985/rotate5_4_-5.0.png
[2025-06-17T13:18:31.998+0900] {logging_mixin.py:190} INFO - file_copy: /opt/***/data/temp/a05158e6-6276-4e36-9d94-2e641c2f6164/c557c662-48ca-41d7-91fe-8b6ab9cc1985/rotate5_4_-4.8.png
[2025-06-17T13:18:32.513+0900] {logging_mixin.py:190} INFO - file_copy: /opt/***/data/temp/a05158e6-6276-4e36-9d94-2e641c2f6164/c557c662-48ca-41d7-91fe-8b6ab9cc1985/rotate5_4_-4.6.png
[2025-06-17T13:18:32.998+0900] {logging_mixin.py:190} INFO - file_copy: /opt/***/data/temp/a05158e6-6276-4e36-9d94-2e641c2f6164/c557c662-48ca-41d7-91fe-8b6ab9cc1985/rotate5_4_-4.3999999999999995.png
[2025-06-17T13:18:33.512+0900] {logging_mixin.py:190} INFO - file_copy: /opt/***/data/temp/a05158e6-6276-4e36-9d94-2e641c2f6164/c557c662-48ca-41d7-91fe-8b6ab9cc1985/rotate5_4_-4.199999999999999.png
[2025-06-17T13:18:34.022+0900] {logging_mixin.py:190} INFO - file_copy: /opt/***/data/temp/a05158e6-6276-4e36-9d94-2e641c2f6164/c557c662-48ca-41d7-91fe-8b6ab9cc1985/rotate5_4_-3.999999999999999.png
[2025-06-17T13:18:34.412+0900] {logging_mixin.py:190} INFO - file_copy: /opt/***/data/temp/a05158e6-6276-4e36-9d94-2e641c2f6164/c557c662-48ca-41d7-91fe-8b6ab9cc1985/rotate5_4_-3.799999999999999.png
[2025-06-17T13:18:34.803+0900] {logging_mixin.py:190} INFO - file_copy: /opt/***/data/temp/a05158e6-6276-4e36-9d94-2e641c2f6164/c557c662-48ca-41d7-91fe-8b6ab9cc1985/rotate5_4_-3.5999999999999988.png
[2025-06-17T13:18:35.195+0900] {logging_mixin.py:190} INFO - file_copy: /opt/***/data/temp/a05158e6-6276-4e36-9d94-2e641c2f6164/c557c662-48ca-41d7-91fe-8b6ab9cc1985/rotate5_4_-3.3999999999999986.png
[2025-06-17T13:18:35.588+0900] {logging_mixin.py:190} INFO - file_copy: /opt/***/data/temp/a05158e6-6276-4e36-9d94-2e641c2f6164/c557c662-48ca-41d7-91fe-8b6ab9cc1985/rotate5_4_-3.1999999999999984.png
[2025-06-17T13:18:35.971+0900] {logging_mixin.py:190} INFO - file_copy: /opt/***/data/temp/a05158e6-6276-4e36-9d94-2e641c2f6164/c557c662-48ca-41d7-91fe-8b6ab9cc1985/rotate5_4_-2.9999999999999982.png
[2025-06-17T13:18:36.363+0900] {logging_mixin.py:190} INFO - file_copy: /opt/***/data/temp/a05158e6-6276-4e36-9d94-2e641c2f6164/c557c662-48ca-41d7-91fe-8b6ab9cc1985/rotate5_4_-2.799999999999998.png
[2025-06-17T13:18:36.739+0900] {logging_mixin.py:190} INFO - file_copy: /opt/***/data/temp/a05158e6-6276-4e36-9d94-2e641c2f6164/c557c662-48ca-41d7-91fe-8b6ab9cc1985/rotate5_4_-2.599999999999998.png
[2025-06-17T13:18:37.218+0900] {logging_mixin.py:190} INFO - file_copy: /opt/***/data/temp/a05158e6-6276-4e36-9d94-2e641c2f6164/c557c662-48ca-41d7-91fe-8b6ab9cc1985/rotate5_4_-2.3999999999999977.png
[2025-06-17T13:18:37.640+0900] {logging_mixin.py:190} INFO - file_copy: /opt/***/data/temp/a05158e6-6276-4e36-9d94-2e641c2f6164/c557c662-48ca-41d7-91fe-8b6ab9cc1985/rotate5_4_-2.1999999999999975.png
[2025-06-17T13:18:38.025+0900] {logging_mixin.py:190} INFO - file_copy: /opt/***/data/temp/a05158e6-6276-4e36-9d94-2e641c2f6164/c557c662-48ca-41d7-91fe-8b6ab9cc1985/rotate5_4_-1.9999999999999973.png
[2025-06-17T13:18:38.402+0900] {logging_mixin.py:190} INFO - file_copy: /opt/***/data/temp/a05158e6-6276-4e36-9d94-2e641c2f6164/c557c662-48ca-41d7-91fe-8b6ab9cc1985/rotate5_4_-1.7999999999999972.png
[2025-06-17T13:18:38.878+0900] {logging_mixin.py:190} INFO - file_copy: /opt/***/data/temp/a05158e6-6276-4e36-9d94-2e641c2f6164/c557c662-48ca-41d7-91fe-8b6ab9cc1985/rotate5_4_-1.599999999999997.png
[2025-06-17T13:18:39.399+0900] {logging_mixin.py:190} INFO - file_copy: /opt/***/data/temp/a05158e6-6276-4e36-9d94-2e641c2f6164/c557c662-48ca-41d7-91fe-8b6ab9cc1985/rotate5_4_-1.3999999999999968.png
[2025-06-17T13:18:39.769+0900] {logging_mixin.py:190} INFO - file_copy: /opt/***/data/temp/a05158e6-6276-4e36-9d94-2e641c2f6164/c557c662-48ca-41d7-91fe-8b6ab9cc1985/rotate5_4_-1.1999999999999966.png
[2025-06-17T13:18:40.152+0900] {logging_mixin.py:190} INFO - file_copy: /opt/***/data/temp/a05158e6-6276-4e36-9d94-2e641c2f6164/c557c662-48ca-41d7-91fe-8b6ab9cc1985/rotate5_4_-0.9999999999999964.png
[2025-06-17T13:18:40.530+0900] {logging_mixin.py:190} INFO - file_copy: /opt/***/data/temp/a05158e6-6276-4e36-9d94-2e641c2f6164/c557c662-48ca-41d7-91fe-8b6ab9cc1985/rotate5_4_-0.7999999999999963.png
[2025-06-17T13:18:40.902+0900] {logging_mixin.py:190} INFO - file_copy: /opt/***/data/temp/a05158e6-6276-4e36-9d94-2e641c2f6164/c557c662-48ca-41d7-91fe-8b6ab9cc1985/rotate5_4_-0.5999999999999961.png
[2025-06-17T13:18:41.281+0900] {logging_mixin.py:190} INFO - file_copy: /opt/***/data/temp/a05158e6-6276-4e36-9d94-2e641c2f6164/c557c662-48ca-41d7-91fe-8b6ab9cc1985/rotate5_4_-0.3999999999999959.png
[2025-06-17T13:18:41.662+0900] {logging_mixin.py:190} INFO - file_copy: /opt/***/data/temp/a05158e6-6276-4e36-9d94-2e641c2f6164/c557c662-48ca-41d7-91fe-8b6ab9cc1985/rotate5_4_-0.19999999999999574.png
[2025-06-17T13:18:42.035+0900] {logging_mixin.py:190} INFO - file_copy: /opt/***/data/temp/a05158e6-6276-4e36-9d94-2e641c2f6164/c557c662-48ca-41d7-91fe-8b6ab9cc1985/rotate5_4_4.440892098500626e-15.png
[2025-06-17T13:18:42.414+0900] {logging_mixin.py:190} INFO - file_copy: /opt/***/data/temp/a05158e6-6276-4e36-9d94-2e641c2f6164/c557c662-48ca-41d7-91fe-8b6ab9cc1985/rotate5_4_0.20000000000000462.png
[2025-06-17T13:18:42.804+0900] {logging_mixin.py:190} INFO - file_copy: /opt/***/data/temp/a05158e6-6276-4e36-9d94-2e641c2f6164/c557c662-48ca-41d7-91fe-8b6ab9cc1985/rotate5_4_0.4000000000000048.png
[2025-06-17T13:18:43.187+0900] {logging_mixin.py:190} INFO - file_copy: /opt/***/data/temp/a05158e6-6276-4e36-9d94-2e641c2f6164/c557c662-48ca-41d7-91fe-8b6ab9cc1985/rotate5_4_0.600000000000005.png
[2025-06-17T13:18:43.582+0900] {logging_mixin.py:190} INFO - file_copy: /opt/***/data/temp/a05158e6-6276-4e36-9d94-2e641c2f6164/c557c662-48ca-41d7-91fe-8b6ab9cc1985/rotate5_4_0.8000000000000052.png
[2025-06-17T13:18:44.002+0900] {logging_mixin.py:190} INFO - file_copy: /opt/***/data/temp/a05158e6-6276-4e36-9d94-2e641c2f6164/c557c662-48ca-41d7-91fe-8b6ab9cc1985/rotate5_4_1.0000000000000053.png
[2025-06-17T13:18:44.385+0900] {logging_mixin.py:190} INFO - file_copy: /opt/***/data/temp/a05158e6-6276-4e36-9d94-2e641c2f6164/c557c662-48ca-41d7-91fe-8b6ab9cc1985/rotate5_4_1.2000000000000055.png
[2025-06-17T13:18:44.772+0900] {logging_mixin.py:190} INFO - file_copy: /opt/***/data/temp/a05158e6-6276-4e36-9d94-2e641c2f6164/c557c662-48ca-41d7-91fe-8b6ab9cc1985/rotate5_4_1.4000000000000057.png
[2025-06-17T13:18:45.171+0900] {logging_mixin.py:190} INFO - file_copy: /opt/***/data/temp/a05158e6-6276-4e36-9d94-2e641c2f6164/c557c662-48ca-41d7-91fe-8b6ab9cc1985/rotate5_4_1.6000000000000059.png
[2025-06-17T13:18:45.575+0900] {logging_mixin.py:190} INFO - file_copy: /opt/***/data/temp/a05158e6-6276-4e36-9d94-2e641c2f6164/c557c662-48ca-41d7-91fe-8b6ab9cc1985/rotate5_4_1.800000000000006.png
[2025-06-17T13:18:46.147+0900] {logging_mixin.py:190} INFO - file_copy: /opt/***/data/temp/a05158e6-6276-4e36-9d94-2e641c2f6164/c557c662-48ca-41d7-91fe-8b6ab9cc1985/rotate5_4_2.000000000000006.png
[2025-06-17T13:18:46.550+0900] {logging_mixin.py:190} INFO - file_copy: /opt/***/data/temp/a05158e6-6276-4e36-9d94-2e641c2f6164/c557c662-48ca-41d7-91fe-8b6ab9cc1985/rotate5_4_2.2000000000000064.png
[2025-06-17T13:18:47.045+0900] {logging_mixin.py:190} INFO - file_copy: /opt/***/data/temp/a05158e6-6276-4e36-9d94-2e641c2f6164/c557c662-48ca-41d7-91fe-8b6ab9cc1985/rotate5_4_2.4000000000000066.png
[2025-06-17T13:18:47.523+0900] {logging_mixin.py:190} INFO - file_copy: /opt/***/data/temp/a05158e6-6276-4e36-9d94-2e641c2f6164/c557c662-48ca-41d7-91fe-8b6ab9cc1985/rotate5_4_2.6000000000000068.png
[2025-06-17T13:18:47.914+0900] {logging_mixin.py:190} INFO - file_copy: /opt/***/data/temp/a05158e6-6276-4e36-9d94-2e641c2f6164/c557c662-48ca-41d7-91fe-8b6ab9cc1985/rotate5_4_2.800000000000007.png
[2025-06-17T13:18:48.312+0900] {logging_mixin.py:190} INFO - file_copy: /opt/***/data/temp/a05158e6-6276-4e36-9d94-2e641c2f6164/c557c662-48ca-41d7-91fe-8b6ab9cc1985/rotate5_4_3.000000000000007.png
[2025-06-17T13:18:48.707+0900] {logging_mixin.py:190} INFO - file_copy: /opt/***/data/temp/a05158e6-6276-4e36-9d94-2e641c2f6164/c557c662-48ca-41d7-91fe-8b6ab9cc1985/rotate5_4_3.2000000000000064.png
[2025-06-17T13:18:49.098+0900] {logging_mixin.py:190} INFO - file_copy: /opt/***/data/temp/a05158e6-6276-4e36-9d94-2e641c2f6164/c557c662-48ca-41d7-91fe-8b6ab9cc1985/rotate5_4_3.4000000000000075.png
[2025-06-17T13:18:49.505+0900] {logging_mixin.py:190} INFO - file_copy: /opt/***/data/temp/a05158e6-6276-4e36-9d94-2e641c2f6164/c557c662-48ca-41d7-91fe-8b6ab9cc1985/rotate5_4_3.6000000000000085.png
[2025-06-17T13:18:49.905+0900] {logging_mixin.py:190} INFO - file_copy: /opt/***/data/temp/a05158e6-6276-4e36-9d94-2e641c2f6164/c557c662-48ca-41d7-91fe-8b6ab9cc1985/rotate5_4_3.800000000000008.png
[2025-06-17T13:18:50.321+0900] {logging_mixin.py:190} INFO - file_copy: /opt/***/data/temp/a05158e6-6276-4e36-9d94-2e641c2f6164/c557c662-48ca-41d7-91fe-8b6ab9cc1985/rotate5_4_4.000000000000007.png
[2025-06-17T13:18:50.711+0900] {logging_mixin.py:190} INFO - file_copy: /opt/***/data/temp/a05158e6-6276-4e36-9d94-2e641c2f6164/c557c662-48ca-41d7-91fe-8b6ab9cc1985/rotate5_4_4.200000000000008.png
[2025-06-17T13:18:51.114+0900] {logging_mixin.py:190} INFO - file_copy: /opt/***/data/temp/a05158e6-6276-4e36-9d94-2e641c2f6164/c557c662-48ca-41d7-91fe-8b6ab9cc1985/rotate5_4_4.400000000000009.png
[2025-06-17T13:18:51.541+0900] {logging_mixin.py:190} INFO - file_copy: /opt/***/data/temp/a05158e6-6276-4e36-9d94-2e641c2f6164/c557c662-48ca-41d7-91fe-8b6ab9cc1985/rotate5_4_4.6000000000000085.png
[2025-06-17T13:18:51.951+0900] {logging_mixin.py:190} INFO - file_copy: /opt/***/data/temp/a05158e6-6276-4e36-9d94-2e641c2f6164/c557c662-48ca-41d7-91fe-8b6ab9cc1985/rotate5_4_4.800000000000008.png
[2025-06-17T13:18:52.341+0900] {logging_mixin.py:190} INFO - file_copy: /opt/***/data/temp/a05158e6-6276-4e36-9d94-2e641c2f6164/c557c662-48ca-41d7-91fe-8b6ab9cc1985/rotate5_4_5.000000000000009.png
[2025-06-17T13:18:52.370+0900] {logging_mixin.py:190} INFO - osd 4 1.7763568394002505e-14 4.440892098500626e-15 25 2622
[2025-06-17T13:18:52.523+0900] {logging_mixin.py:190} INFO - file_copy: /opt/***/data/temp/a05158e6-6276-4e36-9d94-2e641c2f6164/c557c662-48ca-41d7-91fe-8b6ab9cc1985/rotate5_4_4.440892098500626e-15.png
[2025-06-17T13:18:52.529+0900] {logging_mixin.py:190} INFO - step : calc_angle_set2
[2025-06-17T13:18:53.870+0900] {logging_mixin.py:190} INFO - file_copy: /opt/***/data/temp/a05158e6-6276-4e36-9d94-2e641c2f6164/c557c662-48ca-41d7-91fe-8b6ab9cc1985/rotate2_1.png
[2025-06-17T13:18:54.951+0900] {logging_mixin.py:190} INFO - osd 1 270 270 4.81 Latin 2.99
[2025-06-17T13:18:56.214+0900] {logging_mixin.py:190} INFO - file_copy: /opt/***/data/temp/a05158e6-6276-4e36-9d94-2e641c2f6164/c557c662-48ca-41d7-91fe-8b6ab9cc1985/rotate2_2.png
[2025-06-17T13:18:57.366+0900] {logging_mixin.py:190} INFO - osd 2 450 180 4.22 Cyrillic 0.0
[2025-06-17T13:18:58.609+0900] {logging_mixin.py:190} INFO - file_copy: /opt/***/data/temp/a05158e6-6276-4e36-9d94-2e641c2f6164/c557c662-48ca-41d7-91fe-8b6ab9cc1985/rotate2_3.png
[2025-06-17T13:18:59.878+0900] {logging_mixin.py:190} INFO - osd 3 break  450 0 3.64 Cyrillic 0.38
[2025-06-17T13:18:59.879+0900] {logging_mixin.py:190} INFO - step : threshold
[2025-06-17T13:18:59.882+0900] {logging_mixin.py:190} INFO - step : save
[2025-06-17T13:18:59.898+0900] {logging_mixin.py:190} INFO - file_copy: /opt/***/data/temp/a05158e6-6276-4e36-9d94-2e641c2f6164/c557c662-48ca-41d7-91fe-8b6ab9cc1985/classify_preprocess.png
[2025-06-17T13:18:59.900+0900] {python.py:240} INFO - Done. Returned value was: {'file_id': 'a05158e6-6276-4e36-9d94-2e641c2f6164', 'file_path': '/opt/***/data/upload/Gas Engine 점검일지_ 2021년 2월.pdf-image-005.jpg', 'result': {'process_id': '_c557c662-48ca-41d7-91fe-8b6ab9cc1985_pre', 'folder_path': 'a05158e6-6276-4e36-9d94-2e641c2f6164/c557c662-48ca-41d7-91fe-8b6ab9cc1985', 'step_list': [{'name': 'cache', 'param': {'key': 'origin'}}, {'name': 'calc_angle_set5', 'param': {'key': 'angle1', 'iterations': 4, 'iter_save': True}}, {'name': 'calc_angle_set2', 'param': {'key': 'angle2', 'iterations': 4, 'iter_save': True}}, {'name': 'threshold', 'param': {}}, {'name': 'save', 'param': {'key': 'classify_preprocess'}}], 'result_file_list': [{'key': 'rotate5_1_-5.0', 'path': '/opt/***/data/temp/a05158e6-6276-4e36-9d94-2e641c2f6164/c557c662-48ca-41d7-91fe-8b6ab9cc1985/rotate5_1_-5.0.png'}, {'key': 'rotate5_1_-4.8', 'path': '/opt/***/data/temp/a05158e6-6276-4e36-9d94-2e641c2f6164/c557c662-48ca-41d7-91fe-8b6ab9cc1985/rotate5_1_-4.8.png'}, {'key': 'rotate5_1_-4.6', 'path': '/opt/***/data/temp/a05158e6-6276-4e36-9d94-2e641c2f6164/c557c662-48ca-41d7-91fe-8b6ab9cc1985/rotate5_1_-4.6.png'}, {'key': 'rotate5_1_-4.3999999999999995', 'path': '/opt/***/data/temp/a05158e6-6276-4e36-9d94-2e641c2f6164/c557c662-48ca-41d7-91fe-8b6ab9cc1985/rotate5_1_-4.3999999999999995.png'}, {'key': 'rotate5_1_-4.199999999999999', 'path': '/opt/***/data/temp/a05158e6-6276-4e36-9d94-2e641c2f6164/c557c662-48ca-41d7-91fe-8b6ab9cc1985/rotate5_1_-4.199999999999999.png'}, {'key': 'rotate5_1_-3.999999999999999', 'path': '/opt/***/data/temp/a05158e6-6276-4e36-9d94-2e641c2f6164/c557c662-48ca-41d7-91fe-8b6ab9cc1985/rotate5_1_-3.999999999999999.png'}, {'key': 'rotate5_1_-3.799999999999999', 'path': '/opt/***/data/temp/a05158e6-6276-4e36-9d94-2e641c2f6164/c557c662-48ca-41d7-91fe-8b6ab9cc1985/rotate5_1_-3.799999999999999.png'}, {'key': 'rotate5_1_-3.5999999999999988', 'path': '/opt/***/data/temp/a05158e6-6276-4e36-9d94-2e641c2f6164/c557c662-48ca-41d7-91fe-8b6ab9cc1985/rotate5_1_-3.5999999999999988.png'}, {'key': 'rotate5_1_-3.3999999999999986', 'path': '/opt/***/data/temp/a05158e6-6276-4e36-9d94-2e641c2f6164/c557c662-48ca-41d7-91fe-8b6ab9cc1985/rotate5_1_-3.3999999999999986.png'}, {'key': 'rotate5_1_-3.1999999999999984', 'path': '/opt/***/data/temp/a05158e6-6276-4e36-9d94-2e641c2f6164/c557c662-48ca-41d7-91fe-8b6ab9cc1985/rotate5_1_-3.1999999999999984.png'}, {'key': 'rotate5_1_-2.9999999999999982', 'path': '/opt/***/data/temp/a05158e6-6276-4e36-9d94-2e641c2f6164/c557c662-48ca-41d7-91fe-8b6ab9cc1985/rotate5_1_-2.9999999999999982.png'}, {'key': 'rotate5_1_-2.799999999999998', 'path': '/opt/***/data/temp/a05158e6-6276-4e36-9d94-2e641c2f6164/c557c662-48ca-41d7-91fe-8b6ab9cc1985/rotate5_1_-2.799999999999998.png'}, {'key': 'rotate5_1_-2.599999999999998', 'path': '/opt/***/data/temp/a05158e6-6276-4e36-9d94-2e641c2f6164/c557c662-48ca-41d7-91fe-8b6ab9cc1985/rotate5_1_-2.599999999999998.png'}, {'key': 'rotate5_1_-2.3999999999999977', 'path': '/opt/***/data/temp/a05158e6-6276-4e36-9d94-2e641c2f6164/c557c662-48ca-41d7-91fe-8b6ab9cc1985/rotate5_1_-2.3999999999999977.png'}, {'key': 'rotate5_1_-2.1999999999999975', 'path': '/opt/***/data/temp/a05158e6-6276-4e36-9d94-2e641c2f6164/c557c662-48ca-41d7-91fe-8b6ab9cc1985/rotate5_1_-2.1999999999999975.png'}, {'key': 'rotate5_1_-1.9999999999999973', 'path': '/opt/***/data/temp/a05158e6-6276-4e36-9d94-2e641c2f6164/c557c662-48ca-41d7-91fe-8b6ab9cc1985/rotate5_1_-1.9999999999999973.png'}, {'key': 'rotate5_1_-1.7999999999999972', 'path': '/opt/***/data/temp/a05158e6-6276-4e36-9d94-2e641c2f6164/c557c662-48ca-41d7-91fe-8b6ab9cc1985/rotate5_1_-1.7999999999999972.png'}, {'key': 'rotate5_1_-1.599999999999997', 'path': '/opt/***/data/temp/a05158e6-6276-4e36-9d94-2e641c2f6164/c557c662-48ca-41d7-91fe-8b6ab9cc1985/rotate5_1_-1.599999999999997.png'}, {'key': 'rotate5_1_-1.3999999999999968', 'path': '/opt/***/data/temp/a05158e6-6276-4e36-9d94-2e641c2f6164/c557c662-48ca-41d7-91fe-8b6ab9cc1985/rotate5_1_-1.3999999999999968.png'}, {'key': 'rotate5_1_-1.1999999999999966', 'path': '/opt/***/data/temp/a05158e6-6276-4e36-9d94-2e641c2f6164/c557c662-48ca-41d7-91fe-8b6ab9cc1985/rotate5_1_-1.1999999999999966.png'}, {'key': 'rotate5_1_-0.9999999999999964', 'path': '/opt/***/data/temp/a05158e6-6276-4e36-9d94-2e641c2f6164/c557c662-48ca-41d7-91fe-8b6ab9cc1985/rotate5_1_-0.9999999999999964.png'}, {'key': 'rotate5_1_-0.7999999999999963', 'path': '/opt/***/data/temp/a05158e6-6276-4e36-9d94-2e641c2f6164/c557c662-48ca-41d7-91fe-8b6ab9cc1985/rotate5_1_-0.7999999999999963.png'}, {'key': 'rotate5_1_-0.5999999999999961', 'path': '/opt/***/data/temp/a05158e6-6276-4e36-9d94-2e641c2f6164/c557c662-48ca-41d7-91fe-8b6ab9cc1985/rotate5_1_-0.5999999999999961.png'}, {'key': 'rotate5_1_-0.3999999999999959', 'path': '/opt/***/data/temp/a05158e6-6276-4e36-9d94-2e641c2f6164/c557c662-48ca-41d7-91fe-8b6ab9cc1985/rotate5_1_-0.3999999999999959.png'}, {'key': 'rotate5_1_-0.19999999999999574', 'path': '/opt/***/data/temp/a05158e6-6276-4e36-9d94-2e641c2f6164/c557c662-48ca-41d7-91fe-8b6ab9cc1985/rotate5_1_-0.19999999999999574.png'}, {'key': 'rotate5_1_4.440892098500626e-15', 'path': '/opt/***/data/temp/a05158e6-6276-4e36-9d94-2e641c2f6164/c557c662-48ca-41d7-91fe-8b6ab9cc1985/rotate5_1_4.440892098500626e-15.png'}, {'key': 'rotate5_1_0.20000000000000462', 'path': '/opt/***/data/temp/a05158e6-6276-4e36-9d94-2e641c2f6164/c557c662-48ca-41d7-91fe-8b6ab9cc1985/rotate5_1_0.20000000000000462.png'}, {'key': 'rotate5_1_0.4000000000000048', 'path': '/opt/***/data/temp/a05158e6-6276-4e36-9d94-2e641c2f6164/c557c662-48ca-41d7-91fe-8b6ab9cc1985/rotate5_1_0.4000000000000048.png'}, {'key': 'rotate5_1_0.600000000000005', 'path': '/opt/***/data/temp/a05158e6-6276-4e36-9d94-2e641c2f6164/c557c662-48ca-41d7-91fe-8b6ab9cc1985/rotate5_1_0.600000000000005.png'}, {'key': 'rotate5_1_0.8000000000000052', 'path': '/opt/***/data/temp/a05158e6-6276-4e36-9d94-2e641c2f6164/c557c662-48ca-41d7-91fe-8b6ab9cc1985/rotate5_1_0.8000000000000052.png'}, {'key': 'rotate5_1_1.0000000000000053', 'path': '/opt/***/data/temp/a05158e6-6276-4e36-9d94-2e641c2f6164/c557c662-48ca-41d7-91fe-8b6ab9cc1985/rotate5_1_1.0000000000000053.png'}, {'key': 'rotate5_1_1.2000000000000055', 'path': '/opt/***/data/temp/a05158e6-6276-4e36-9d94-2e641c2f6164/c557c662-48ca-41d7-91fe-8b6ab9cc1985/rotate5_1_1.2000000000000055.png'}, {'key': 'rotate5_1_1.4000000000000057', 'path': '/opt/***/data/temp/a05158e6-6276-4e36-9d94-2e641c2f6164/c557c662-48ca-41d7-91fe-8b6ab9cc1985/rotate5_1_1.4000000000000057.png'}, {'key': 'rotate5_1_1.6000000000000059', 'path': '/opt/***/data/temp/a05158e6-6276-4e36-9d94-2e641c2f6164/c557c662-48ca-41d7-91fe-8b6ab9cc1985/rotate5_1_1.6000000000000059.png'}, {'key': 'rotate5_1_1.800000000000006', 'path': '/opt/***/data/temp/a05158e6-6276-4e36-9d94-2e641c2f6164/c557c662-48ca-41d7-91fe-8b6ab9cc1985/rotate5_1_1.800000000000006.png'}, {'key': 'rotate5_1_2.000000000000006', 'path': '/opt/***/data/temp/a05158e6-6276-4e36-9d94-2e641c2f6164/c557c662-48ca-41d7-91fe-8b6ab9cc1985/rotate5_1_2.000000000000006.png'}, {'key': 'rotate5_1_2.2000000000000064', 'path': '/opt/***/data/temp/a05158e6-6276-4e36-9d94-2e641c2f6164/c557c662-48ca-41d7-91fe-8b6ab9cc1985/rotate5_1_2.2000000000000064.png'}, {'key': 'rotate5_1_2.4000000000000066', 'path': '/opt/***/data/temp/a05158e6-6276-4e36-9d94-2e641c2f6164/c557c662-48ca-41d7-91fe-8b6ab9cc1985/rotate5_1_2.4000000000000066.png'}, {'key': 'rotate5_1_2.6000000000000068', 'path': '/opt/***/data/temp/a05158e6-6276-4e36-9d94-2e641c2f6164/c557c662-48ca-41d7-91fe-8b6ab9cc1985/rotate5_1_2.6000000000000068.png'}, {'key': 'rotate5_1_2.800000000000007', 'path': '/opt/***/data/temp/a05158e6-6276-4e36-9d94-2e641c2f6164/c557c662-48ca-41d7-91fe-8b6ab9cc1985/rotate5_1_2.800000000000007.png'}, {'key': 'rotate5_1_3.000000000000007', 'path': '/opt/***/data/temp/a05158e6-6276-4e36-9d94-2e641c2f6164/c557c662-48ca-41d7-91fe-8b6ab9cc1985/rotate5_1_3.000000000000007.png'}, {'key': 'rotate5_1_3.2000000000000064', 'path': '/opt/***/data/temp/a05158e6-6276-4e36-9d94-2e641c2f6164/c557c662-48ca-41d7-91fe-8b6ab9cc1985/rotate5_1_3.2000000000000064.png'}, {'key': 'rotate5_1_3.4000000000000075', 'path': '/opt/***/data/temp/a05158e6-6276-4e36-9d94-2e641c2f6164/c557c662-48ca-41d7-91fe-8b6ab9cc1985/rotate5_1_3.4000000000000075.png'}, {'key': 'rotate5_1_3.6000000000000085', 'path': '/opt/***/data/temp/a05158e6-6276-4e36-9d94-2e641c2f6164/c557c662-48ca-41d7-91fe-8b6ab9cc1985/rotate5_1_3.6000000000000085.png'}, {'key': 'rotate5_1_3.800000000000008', 'path': '/opt/***/data/temp/a05158e6-6276-4e36-9d94-2e641c2f6164/c557c662-48ca-41d7-91fe-8b6ab9cc1985/rotate5_1_3.800000000000008.png'}, {'key': 'rotate5_1_4.000000000000007', 'path': '/opt/***/data/temp/a05158e6-6276-4e36-9d94-2e641c2f6164/c557c662-48ca-41d7-91fe-8b6ab9cc1985/rotate5_1_4.000000000000007.png'}, {'key': 'rotate5_1_4.200000000000008', 'path': '/opt/***/data/temp/a05158e6-6276-4e36-9d94-2e641c2f6164/c557c662-48ca-41d7-91fe-8b6ab9cc1985/rotate5_1_4.200000000000008.png'}, {'key': 'rotate5_1_4.400000000000009', 'path': '/opt/***/data/temp/a05158e6-6276-4e36-9d94-2e641c2f6164/c557c662-48ca-41d7-91fe-8b6ab9cc1985/rotate5_1_4.400000000000009.png'}, {'key': 'rotate5_1_4.6000000000000085', 'path': '/opt/***/data/temp/a05158e6-6276-4e36-9d94-2e641c2f6164/c557c662-48ca-41d7-91fe-8b6ab9cc1985/rotate5_1_4.6000000000000085.png'}, {'key': 'rotate5_1_4.800000000000008', 'path': '/opt/***/data/temp/a05158e6-6276-4e36-9d94-2e641c2f6164/c557c662-48ca-41d7-91fe-8b6ab9cc1985/rotate5_1_4.800000000000008.png'}, {'key': 'rotate5_1_5.000000000000009', 'path': '/opt/***/data/temp/a05158e6-6276-4e36-9d94-2e641c2f6164/c557c662-48ca-41d7-91fe-8b6ab9cc1985/rotate5_1_5.000000000000009.png'}, {'key': 'rotate5_1_4.440892098500626e-15', 'path': '/opt/***/data/temp/a05158e6-6276-4e36-9d94-2e641c2f6164/c557c662-48ca-41d7-91fe-8b6ab9cc1985/rotate5_1_4.440892098500626e-15(1).png'}, {'key': 'rotate5_2_-5.0', 'path': '/opt/***/data/temp/a05158e6-6276-4e36-9d94-2e641c2f6164/c557c662-48ca-41d7-91fe-8b6ab9cc1985/rotate5_2_-5.0.png'}, {'key': 'rotate5_2_-4.8', 'path': '/opt/***/data/temp/a05158e6-6276-4e36-9d94-2e641c2f6164/c557c662-48ca-41d7-91fe-8b6ab9cc1985/rotate5_2_-4.8.png'}, {'key': 'rotate5_2_-4.6', 'path': '/opt/***/data/temp/a05158e6-6276-4e36-9d94-2e641c2f6164/c557c662-48ca-41d7-91fe-8b6ab9cc1985/rotate5_2_-4.6.png'}, {'key': 'rotate5_2_-4.3999999999999995', 'path': '/opt/***/data/temp/a05158e6-6276-4e36-9d94-2e641c2f6164/c557c662-48ca-41d7-91fe-8b6ab9cc1985/rotate5_2_-4.3999999999999995.png'}, {'key': 'rotate5_2_-4.199999999999999', 'path': '/opt/***/data/temp/a05158e6-6276-4e36-9d94-2e641c2f6164/c557c662-48ca-41d7-91fe-8b6ab9cc1985/rotate5_2_-4.199999999999999.png'}, {'key': 'rotate5_2_-3.999999999999999', 'path': '/opt/***/data/temp/a05158e6-6276-4e36-9d94-2e641c2f6164/c557c662-48ca-41d7-91fe-8b6ab9cc1985/rotate5_2_-3.999999999999999.png'}, {'key': 'rotate5_2_-3.799999999999999', 'path': '/opt/***/data/temp/a05158e6-6276-4e36-9d94-2e641c2f6164/c557c662-48ca-41d7-91fe-8b6ab9cc1985/rotate5_2_-3.799999999999999.png'}, {'key': 'rotate5_2_-3.5999999999999988', 'path': '/opt/***/data/temp/a05158e6-6276-4e36-9d94-2e641c2f6164/c557c662-48ca-41d7-91fe-8b6ab9cc1985/rotate5_2_-3.5999999999999988.png'}, {'key': 'rotate5_2_-3.3999999999999986', 'path': '/opt/***/data/temp/a05158e6-6276-4e36-9d94-2e641c2f6164/c557c662-48ca-41d7-91fe-8b6ab9cc1985/rotate5_2_-3.3999999999999986.png'}, {'key': 'rotate5_2_-3.1999999999999984', 'path': '/opt/***/data/temp/a05158e6-6276-4e36-9d94-2e641c2f6164/c557c662-48ca-41d7-91fe-8b6ab9cc1985/rotate5_2_-3.1999999999999984.png'}, {'key': 'rotate5_2_-2.9999999999999982', 'path': '/opt/***/data/temp/a05158e6-6276-4e36-9d94-2e641c2f6164/c557c662-48ca-41d7-91fe-8b6ab9cc1985/rotate5_2_-2.9999999999999982.png'}, {'key': 'rotate5_2_-2.799999999999998', 'path': '/opt/***/data/temp/a05158e6-6276-4e36-9d94-2e641c2f6164/c557c662-48ca-41d7-91fe-8b6ab9cc1985/rotate5_2_-2.799999999999998.png'}, {'key': 'rotate5_2_-2.599999999999998', 'path': '/opt/***/data/temp/a05158e6-6276-4e36-9d94-2e641c2f6164/c557c662-48ca-41d7-91fe-8b6ab9cc1985/rotate5_2_-2.599999999999998.png'}, {'key': 'rotate5_2_-2.3999999999999977', 'path': '/opt/***/data/temp/a05158e6-6276-4e36-9d94-2e641c2f6164/c557c662-48ca-41d7-91fe-8b6ab9cc1985/rotate5_2_-2.3999999999999977.png'}, {'key': 'rotate5_2_-2.1999999999999975', 'path': '/opt/***/data/temp/a05158e6-6276-4e36-9d94-2e641c2f6164/c557c662-48ca-41d7-91fe-8b6ab9cc1985/rotate5_2_-2.1999999999999975.png'}, {'key': 'rotate5_2_-1.9999999999999973', 'path': '/opt/***/data/temp/a05158e6-6276-4e36-9d94-2e641c2f6164/c557c662-48ca-41d7-91fe-8b6ab9cc1985/rotate5_2_-1.9999999999999973.png'}, {'key': 'rotate5_2_-1.7999999999999972', 'path': '/opt/***/data/temp/a05158e6-6276-4e36-9d94-2e641c2f6164/c557c662-48ca-41d7-91fe-8b6ab9cc1985/rotate5_2_-1.7999999999999972.png'}, {'key': 'rotate5_2_-1.599999999999997', 'path': '/opt/***/data/temp/a05158e6-6276-4e36-9d94-2e641c2f6164/c557c662-48ca-41d7-91fe-8b6ab9cc1985/rotate5_2_-1.599999999999997.png'}, {'key': 'rotate5_2_-1.3999999999999968', 'path': '/opt/***/data/temp/a05158e6-6276-4e36-9d94-2e641c2f6164/c557c662-48ca-41d7-91fe-8b6ab9cc1985/rotate5_2_-1.3999999999999968.png'}, {'key': 'rotate5_2_-1.1999999999999966', 'path': '/opt/***/data/temp/a05158e6-6276-4e36-9d94-2e641c2f6164/c557c662-48ca-41d7-91fe-8b6ab9cc1985/rotate5_2_-1.1999999999999966.png'}, {'key': 'rotate5_2_-0.9999999999999964', 'path': '/opt/***/data/temp/a05158e6-6276-4e36-9d94-2e641c2f6164/c557c662-48ca-41d7-91fe-8b6ab9cc1985/rotate5_2_-0.9999999999999964.png'}, {'key': 'rotate5_2_-0.7999999999999963', 'path': '/opt/***/data/temp/a05158e6-6276-4e36-9d94-2e641c2f6164/c557c662-48ca-41d7-91fe-8b6ab9cc1985/rotate5_2_-0.7999999999999963.png'}, {'key': 'rotate5_2_-0.5999999999999961', 'path': '/opt/***/data/temp/a05158e6-6276-4e36-9d94-2e641c2f6164/c557c662-48ca-41d7-91fe-8b6ab9cc1985/rotate5_2_-0.5999999999999961.png'}, {'key': 'rotate5_2_-0.3999999999999959', 'path': '/opt/***/data/temp/a05158e6-6276-4e36-9d94-2e641c2f6164/c557c662-48ca-41d7-91fe-8b6ab9cc1985/rotate5_2_-0.3999999999999959.png'}, {'key': 'rotate5_2_-0.19999999999999574', 'path': '/opt/***/data/temp/a05158e6-6276-4e36-9d94-2e641c2f6164/c557c662-48ca-41d7-91fe-8b6ab9cc1985/rotate5_2_-0.19999999999999574.png'}, {'key': 'rotate5_2_4.440892098500626e-15', 'path': '/opt/***/data/temp/a05158e6-6276-4e36-9d94-2e641c2f6164/c557c662-48ca-41d7-91fe-8b6ab9cc1985/rotate5_2_4.440892098500626e-15.png'}, {'key': 'rotate5_2_0.20000000000000462', 'path': '/opt/***/data/temp/a05158e6-6276-4e36-9d94-2e641c2f6164/c557c662-48ca-41d7-91fe-8b6ab9cc1985/rotate5_2_0.20000000000000462.png'}, {'key': 'rotate5_2_0.4000000000000048', 'path': '/opt/***/data/temp/a05158e6-6276-4e36-9d94-2e641c2f6164/c557c662-48ca-41d7-91fe-8b6ab9cc1985/rotate5_2_0.4000000000000048.png'}, {'key': 'rotate5_2_0.600000000000005', 'path': '/opt/***/data/temp/a05158e6-6276-4e36-9d94-2e641c2f6164/c557c662-48ca-41d7-91fe-8b6ab9cc1985/rotate5_2_0.600000000000005.png'}, {'key': 'rotate5_2_0.8000000000000052', 'path': '/opt/***/data/temp/a05158e6-6276-4e36-9d94-2e641c2f6164/c557c662-48ca-41d7-91fe-8b6ab9cc1985/rotate5_2_0.8000000000000052.png'}, {'key': 'rotate5_2_1.0000000000000053', 'path': '/opt/***/data/temp/a05158e6-6276-4e36-9d94-2e641c2f6164/c557c662-48ca-41d7-91fe-8b6ab9cc1985/rotate5_2_1.0000000000000053.png'}, {'key': 'rotate5_2_1.2000000000000055', 'path': '/opt/***/data/temp/a05158e6-6276-4e36-9d94-2e641c2f6164/c557c662-48ca-41d7-91fe-8b6ab9cc1985/rotate5_2_1.2000000000000055.png'}, {'key': 'rotate5_2_1.4000000000000057', 'path': '/opt/***/data/temp/a05158e6-6276-4e36-9d94-2e641c2f6164/c557c662-48ca-41d7-91fe-8b6ab9cc1985/rotate5_2_1.4000000000000057.png'}, {'key': 'rotate5_2_1.6000000000000059', 'path': '/opt/***/data/temp/a05158e6-6276-4e36-9d94-2e641c2f6164/c557c662-48ca-41d7-91fe-8b6ab9cc1985/rotate5_2_1.6000000000000059.png'}, {'key': 'rotate5_2_1.800000000000006', 'path': '/opt/***/data/temp/a05158e6-6276-4e36-9d94-2e641c2f6164/c557c662-48ca-41d7-91fe-8b6ab9cc1985/rotate5_2_1.800000000000006.png'}, {'key': 'rotate5_2_2.000000000000006', 'path': '/opt/***/data/temp/a05158e6-6276-4e36-9d94-2e641c2f6164/c557c662-48ca-41d7-91fe-8b6ab9cc1985/rotate5_2_2.000000000000006.png'}, {'key': 'rotate5_2_2.2000000000000064', 'path': '/opt/***/data/temp/a05158e6-6276-4e36-9d94-2e641c2f6164/c557c662-48ca-41d7-91fe-8b6ab9cc1985/rotate5_2_2.2000000000000064.png'}, {'key': 'rotate5_2_2.4000000000000066', 'path': '/opt/***/data/temp/a05158e6-6276-4e36-9d94-2e641c2f6164/c557c662-48ca-41d7-91fe-8b6ab9cc1985/rotate5_2_2.4000000000000066.png'}, {'key': 'rotate5_2_2.6000000000000068', 'path': '/opt/***/data/temp/a05158e6-6276-4e36-9d94-2e641c2f6164/c557c662-48ca-41d7-91fe-8b6ab9cc1985/rotate5_2_2.6000000000000068.png'}, {'key': 'rotate5_2_2.800000000000007', 'path': '/opt/***/data/temp/a05158e6-6276-4e36-9d94-2e641c2f6164/c557c662-48ca-41d7-91fe-8b6ab9cc1985/rotate5_2_2.800000000000007.png'}, {'key': 'rotate5_2_3.000000000000007', 'path': '/opt/***/data/temp/a05158e6-6276-4e36-9d94-2e641c2f6164/c557c662-48ca-41d7-91fe-8b6ab9cc1985/rotate5_2_3.000000000000007.png'}, {'key': 'rotate5_2_3.2000000000000064', 'path': '/opt/***/data/temp/a05158e6-6276-4e36-9d94-2e641c2f6164/c557c662-48ca-41d7-91fe-8b6ab9cc1985/rotate5_2_3.2000000000000064.png'}, {'key': 'rotate5_2_3.4000000000000075', 'path': '/opt/***/data/temp/a05158e6-6276-4e36-9d94-2e641c2f6164/c557c662-48ca-41d7-91fe-8b6ab9cc1985/rotate5_2_3.4000000000000075.png'}, {'key': 'rotate5_2_3.6000000000000085', 'path': '/opt/***/data/temp/a05158e6-6276-4e36-9d94-2e641c2f6164/c557c662-48ca-41d7-91fe-8b6ab9cc1985/rotate5_2_3.6000000000000085.png'}, {'key': 'rotate5_2_3.800000000000008', 'path': '/opt/***/data/temp/a05158e6-6276-4e36-9d94-2e641c2f6164/c557c662-48ca-41d7-91fe-8b6ab9cc1985/rotate5_2_3.800000000000008.png'}, {'key': 'rotate5_2_4.000000000000007', 'path': '/opt/***/data/temp/a05158e6-6276-4e36-9d94-2e641c2f6164/c557c662-48ca-41d7-91fe-8b6ab9cc1985/rotate5_2_4.000000000000007.png'}, {'key': 'rotate5_2_4.200000000000008', 'path': '/opt/***/data/temp/a05158e6-6276-4e36-9d94-2e641c2f6164/c557c662-48ca-41d7-91fe-8b6ab9cc1985/rotate5_2_4.200000000000008.png'}, {'key': 'rotate5_2_4.400000000000009', 'path': '/opt/***/data/temp/a05158e6-6276-4e36-9d94-2e641c2f6164/c557c662-48ca-41d7-91fe-8b6ab9cc1985/rotate5_2_4.400000000000009.png'}, {'key': 'rotate5_2_4.6000000000000085', 'path': '/opt/***/data/temp/a05158e6-6276-4e36-9d94-2e641c2f6164/c557c662-48ca-41d7-91fe-8b6ab9cc1985/rotate5_2_4.6000000000000085.png'}, {'key': 'rotate5_2_4.800000000000008', 'path': '/opt/***/data/temp/a05158e6-6276-4e36-9d94-2e641c2f6164/c557c662-48ca-41d7-91fe-8b6ab9cc1985/rotate5_2_4.800000000000008.png'}, {'key': 'rotate5_2_5.000000000000009', 'path': '/opt/***/data/temp/a05158e6-6276-4e36-9d94-2e641c2f6164/c557c662-48ca-41d7-91fe-8b6ab9cc1985/rotate5_2_5.000000000000009.png'}, {'key': 'rotate5_2_4.440892098500626e-15', 'path': '/opt/***/data/temp/a05158e6-6276-4e36-9d94-2e641c2f6164/c557c662-48ca-41d7-91fe-8b6ab9cc1985/rotate5_2_4.440892098500626e-15(1).png'}, {'key': 'rotate5_3_-5.0', 'path': '/opt/***/data/temp/a05158e6-6276-4e36-9d94-2e641c2f6164/c557c662-48ca-41d7-91fe-8b6ab9cc1985/rotate5_3_-5.0.png'}, {'key': 'rotate5_3_-4.8', 'path': '/opt/***/data/temp/a05158e6-6276-4e36-9d94-2e641c2f6164/c557c662-48ca-41d7-91fe-8b6ab9cc1985/rotate5_3_-4.8.png'}, {'key': 'rotate5_3_-4.6', 'path': '/opt/***/data/temp/a05158e6-6276-4e36-9d94-2e641c2f6164/c557c662-48ca-41d7-91fe-8b6ab9cc1985/rotate5_3_-4.6.png'}, {'key': 'rotate5_3_-4.3999999999999995', 'path': '/opt/***/data/temp/a05158e6-6276-4e36-9d94-2e641c2f6164/c557c662-48ca-41d7-91fe-8b6ab9cc1985/rotate5_3_-4.3999999999999995.png'}, {'key': 'rotate5_3_-4.199999999999999', 'path': '/opt/***/data/temp/a05158e6-6276-4e36-9d94-2e641c2f6164/c557c662-48ca-41d7-91fe-8b6ab9cc1985/rotate5_3_-4.199999999999999.png'}, {'key': 'rotate5_3_-3.999999999999999', 'path': '/opt/***/data/temp/a05158e6-6276-4e36-9d94-2e641c2f6164/c557c662-48ca-41d7-91fe-8b6ab9cc1985/rotate5_3_-3.999999999999999.png'}, {'key': 'rotate5_3_-3.799999999999999', 'path': '/opt/***/data/temp/a05158e6-6276-4e36-9d94-2e641c2f6164/c557c662-48ca-41d7-91fe-8b6ab9cc1985/rotate5_3_-3.799999999999999.png'}, {'key': 'rotate5_3_-3.5999999999999988', 'path': '/opt/***/data/temp/a05158e6-6276-4e36-9d94-2e641c2f6164/c557c662-48ca-41d7-91fe-8b6ab9cc1985/rotate5_3_-3.5999999999999988.png'}, {'key': 'rotate5_3_-3.3999999999999986', 'path': '/opt/***/data/temp/a05158e6-6276-4e36-9d94-2e641c2f6164/c557c662-48ca-41d7-91fe-8b6ab9cc1985/rotate5_3_-3.3999999999999986.png'}, {'key': 'rotate5_3_-3.1999999999999984', 'path': '/opt/***/data/temp/a05158e6-6276-4e36-9d94-2e641c2f6164/c557c662-48ca-41d7-91fe-8b6ab9cc1985/rotate5_3_-3.1999999999999984.png'}, {'key': 'rotate5_3_-2.9999999999999982', 'path': '/opt/***/data/temp/a05158e6-6276-4e36-9d94-2e641c2f6164/c557c662-48ca-41d7-91fe-8b6ab9cc1985/rotate5_3_-2.9999999999999982.png'}, {'key': 'rotate5_3_-2.799999999999998', 'path': '/opt/***/data/temp/a05158e6-6276-4e36-9d94-2e641c2f6164/c557c662-48ca-41d7-91fe-8b6ab9cc1985/rotate5_3_-2.799999999999998.png'}, {'key': 'rotate5_3_-2.599999999999998', 'path': '/opt/***/data/temp/a05158e6-6276-4e36-9d94-2e641c2f6164/c557c662-48ca-41d7-91fe-8b6ab9cc1985/rotate5_3_-2.599999999999998.png'}, {'key': 'rotate5_3_-2.3999999999999977', 'path': '/opt/***/data/temp/a05158e6-6276-4e36-9d94-2e641c2f6164/c557c662-48ca-41d7-91fe-8b6ab9cc1985/rotate5_3_-2.3999999999999977.png'}, {'key': 'rotate5_3_-2.1999999999999975', 'path': '/opt/***/data/temp/a05158e6-6276-4e36-9d94-2e641c2f6164/c557c662-48ca-41d7-91fe-8b6ab9cc1985/rotate5_3_-2.1999999999999975.png'}, {'key': 'rotate5_3_-1.9999999999999973', 'path': '/opt/***/data/temp/a05158e6-6276-4e36-9d94-2e641c2f6164/c557c662-48ca-41d7-91fe-8b6ab9cc1985/rotate5_3_-1.9999999999999973.png'}, {'key': 'rotate5_3_-1.7999999999999972', 'path': '/opt/***/data/temp/a05158e6-6276-4e36-9d94-2e641c2f6164/c557c662-48ca-41d7-91fe-8b6ab9cc1985/rotate5_3_-1.7999999999999972.png'}, {'key': 'rotate5_3_-1.599999999999997', 'path': '/opt/***/data/temp/a05158e6-6276-4e36-9d94-2e641c2f6164/c557c662-48ca-41d7-91fe-8b6ab9cc1985/rotate5_3_-1.599999999999997.png'}, {'key': 'rotate5_3_-1.3999999999999968', 'path': '/opt/***/data/temp/a05158e6-6276-4e36-9d94-2e641c2f6164/c557c662-48ca-41d7-91fe-8b6ab9cc1985/rotate5_3_-1.3999999999999968.png'}, {'key': 'rotate5_3_-1.1999999999999966', 'path': '/opt/***/data/temp/a05158e6-6276-4e36-9d94-2e641c2f6164/c557c662-48ca-41d7-91fe-8b6ab9cc1985/rotate5_3_-1.1999999999999966.png'}, {'key': 'rotate5_3_-0.9999999999999964', 'path': '/opt/***/data/temp/a05158e6-6276-4e36-9d94-2e641c2f6164/c557c662-48ca-41d7-91fe-8b6ab9cc1985/rotate5_3_-0.9999999999999964.png'}, {'key': 'rotate5_3_-0.7999999999999963', 'path': '/opt/***/data/temp/a05158e6-6276-4e36-9d94-2e641c2f6164/c557c662-48ca-41d7-91fe-8b6ab9cc1985/rotate5_3_-0.7999999999999963.png'}, {'key': 'rotate5_3_-0.5999999999999961', 'path': '/opt/***/data/temp/a05158e6-6276-4e36-9d94-2e641c2f6164/c557c662-48ca-41d7-91fe-8b6ab9cc1985/rotate5_3_-0.5999999999999961.png'}, {'key': 'rotate5_3_-0.3999999999999959', 'path': '/opt/***/data/temp/a05158e6-6276-4e36-9d94-2e641c2f6164/c557c662-48ca-41d7-91fe-8b6ab9cc1985/rotate5_3_-0.3999999999999959.png'}, {'key': 'rotate5_3_-0.19999999999999574', 'path': '/opt/***/data/temp/a05158e6-6276-4e36-9d94-2e641c2f6164/c557c662-48ca-41d7-91fe-8b6ab9cc1985/rotate5_3_-0.19999999999999574.png'}, {'key': 'rotate5_3_4.440892098500626e-15', 'path': '/opt/***/data/temp/a05158e6-6276-4e36-9d94-2e641c2f6164/c557c662-48ca-41d7-91fe-8b6ab9cc1985/rotate5_3_4.440892098500626e-15.png'}, {'key': 'rotate5_3_0.20000000000000462', 'path': '/opt/***/data/temp/a05158e6-6276-4e36-9d94-2e641c2f6164/c557c662-48ca-41d7-91fe-8b6ab9cc1985/rotate5_3_0.20000000000000462.png'}, {'key': 'rotate5_3_0.4000000000000048', 'path': '/opt/***/data/temp/a05158e6-6276-4e36-9d94-2e641c2f6164/c557c662-48ca-41d7-91fe-8b6ab9cc1985/rotate5_3_0.4000000000000048.png'}, {'key': 'rotate5_3_0.600000000000005', 'path': '/opt/***/data/temp/a05158e6-6276-4e36-9d94-2e641c2f6164/c557c662-48ca-41d7-91fe-8b6ab9cc1985/rotate5_3_0.600000000000005.png'}, {'key': 'rotate5_3_0.8000000000000052', 'path': '/opt/***/data/temp/a05158e6-6276-4e36-9d94-2e641c2f6164/c557c662-48ca-41d7-91fe-8b6ab9cc1985/rotate5_3_0.8000000000000052.png'}, {'key': 'rotate5_3_1.0000000000000053', 'path': '/opt/***/data/temp/a05158e6-6276-4e36-9d94-2e641c2f6164/c557c662-48ca-41d7-91fe-8b6ab9cc1985/rotate5_3_1.0000000000000053.png'}, {'key': 'rotate5_3_1.2000000000000055', 'path': '/opt/***/data/temp/a05158e6-6276-4e36-9d94-2e641c2f6164/c557c662-48ca-41d7-91fe-8b6ab9cc1985/rotate5_3_1.2000000000000055.png'}, {'key': 'rotate5_3_1.4000000000000057', 'path': '/opt/***/data/temp/a05158e6-6276-4e36-9d94-2e641c2f6164/c557c662-48ca-41d7-91fe-8b6ab9cc1985/rotate5_3_1.4000000000000057.png'}, {'key': 'rotate5_3_1.6000000000000059', 'path': '/opt/***/data/temp/a05158e6-6276-4e36-9d94-2e641c2f6164/c557c662-48ca-41d7-91fe-8b6ab9cc1985/rotate5_3_1.6000000000000059.png'}, {'key': 'rotate5_3_1.800000000000006', 'path': '/opt/***/data/temp/a05158e6-6276-4e36-9d94-2e641c2f6164/c557c662-48ca-41d7-91fe-8b6ab9cc1985/rotate5_3_1.800000000000006.png'}, {'key': 'rotate5_3_2.000000000000006', 'path': '/opt/***/data/temp/a05158e6-6276-4e36-9d94-2e641c2f6164/c557c662-48ca-41d7-91fe-8b6ab9cc1985/rotate5_3_2.000000000000006.png'}, {'key': 'rotate5_3_2.2000000000000064', 'path': '/opt/***/data/temp/a05158e6-6276-4e36-9d94-2e641c2f6164/c557c662-48ca-41d7-91fe-8b6ab9cc1985/rotate5_3_2.2000000000000064.png'}, {'key': 'rotate5_3_2.4000000000000066', 'path': '/opt/***/data/temp/a05158e6-6276-4e36-9d94-2e641c2f6164/c557c662-48ca-41d7-91fe-8b6ab9cc1985/rotate5_3_2.4000000000000066.png'}, {'key': 'rotate5_3_2.6000000000000068', 'path': '/opt/***/data/temp/a05158e6-6276-4e36-9d94-2e641c2f6164/c557c662-48ca-41d7-91fe-8b6ab9cc1985/rotate5_3_2.6000000000000068.png'}, {'key': 'rotate5_3_2.800000000000007', 'path': '/opt/***/data/temp/a05158e6-6276-4e36-9d94-2e641c2f6164/c557c662-48ca-41d7-91fe-8b6ab9cc1985/rotate5_3_2.800000000000007.png'}, {'key': 'rotate5_3_3.000000000000007', 'path': '/opt/***/data/temp/a05158e6-6276-4e36-9d94-2e641c2f6164/c557c662-48ca-41d7-91fe-8b6ab9cc1985/rotate5_3_3.000000000000007.png'}, {'key': 'rotate5_3_3.2000000000000064', 'path': '/opt/***/data/temp/a05158e6-6276-4e36-9d94-2e641c2f6164/c557c662-48ca-41d7-91fe-8b6ab9cc1985/rotate5_3_3.2000000000000064.png'}, {'key': 'rotate5_3_3.4000000000000075', 'path': '/opt/***/data/temp/a05158e6-6276-4e36-9d94-2e641c2f6164/c557c662-48ca-41d7-91fe-8b6ab9cc1985/rotate5_3_3.4000000000000075.png'}, {'key': 'rotate5_3_3.6000000000000085', 'path': '/opt/***/data/temp/a05158e6-6276-4e36-9d94-2e641c2f6164/c557c662-48ca-41d7-91fe-8b6ab9cc1985/rotate5_3_3.6000000000000085.png'}, {'key': 'rotate5_3_3.800000000000008', 'path': '/opt/***/data/temp/a05158e6-6276-4e36-9d94-2e641c2f6164/c557c662-48ca-41d7-91fe-8b6ab9cc1985/rotate5_3_3.800000000000008.png'}, {'key': 'rotate5_3_4.000000000000007', 'path': '/opt/***/data/temp/a05158e6-6276-4e36-9d94-2e641c2f6164/c557c662-48ca-41d7-91fe-8b6ab9cc1985/rotate5_3_4.000000000000007.png'}, {'key': 'rotate5_3_4.200000000000008', 'path': '/opt/***/data/temp/a05158e6-6276-4e36-9d94-2e641c2f6164/c557c662-48ca-41d7-91fe-8b6ab9cc1985/rotate5_3_4.200000000000008.png'}, {'key': 'rotate5_3_4.400000000000009', 'path': '/opt/***/data/temp/a05158e6-6276-4e36-9d94-2e641c2f6164/c557c662-48ca-41d7-91fe-8b6ab9cc1985/rotate5_3_4.400000000000009.png'}, {'key': 'rotate5_3_4.6000000000000085', 'path': '/opt/***/data/temp/a05158e6-6276-4e36-9d94-2e641c2f6164/c557c662-48ca-41d7-91fe-8b6ab9cc1985/rotate5_3_4.6000000000000085.png'}, {'key': 'rotate5_3_4.800000000000008', 'path': '/opt/***/data/temp/a05158e6-6276-4e36-9d94-2e641c2f6164/c557c662-48ca-41d7-91fe-8b6ab9cc1985/rotate5_3_4.800000000000008.png'}, {'key': 'rotate5_3_5.000000000000009', 'path': '/opt/***/data/temp/a05158e6-6276-4e36-9d94-2e641c2f6164/c557c662-48ca-41d7-91fe-8b6ab9cc1985/rotate5_3_5.000000000000009.png'}, {'key': 'rotate5_3_4.440892098500626e-15', 'path': '/opt/***/data/temp/a05158e6-6276-4e36-9d94-2e641c2f6164/c557c662-48ca-41d7-91fe-8b6ab9cc1985/rotate5_3_4.440892098500626e-15(1).png'}, {'key': 'rotate5_4_-5.0', 'path': '/opt/***/data/temp/a05158e6-6276-4e36-9d94-2e641c2f6164/c557c662-48ca-41d7-91fe-8b6ab9cc1985/rotate5_4_-5.0.png'}, {'key': 'rotate5_4_-4.8', 'path': '/opt/***/data/temp/a05158e6-6276-4e36-9d94-2e641c2f6164/c557c662-48ca-41d7-91fe-8b6ab9cc1985/rotate5_4_-4.8.png'}, {'key': 'rotate5_4_-4.6', 'path': '/opt/***/data/temp/a05158e6-6276-4e36-9d94-2e641c2f6164/c557c662-48ca-41d7-91fe-8b6ab9cc1985/rotate5_4_-4.6.png'}, {'key': 'rotate5_4_-4.3999999999999995', 'path': '/opt/***/data/temp/a05158e6-6276-4e36-9d94-2e641c2f6164/c557c662-48ca-41d7-91fe-8b6ab9cc1985/rotate5_4_-4.3999999999999995.png'}, {'key': 'rotate5_4_-4.199999999999999', 'path': '/opt/***/data/temp/a05158e6-6276-4e36-9d94-2e641c2f6164/c557c662-48ca-41d7-91fe-8b6ab9cc1985/rotate5_4_-4.199999999999999.png'}, {'key': 'rotate5_4_-3.999999999999999', 'path': '/opt/***/data/temp/a05158e6-6276-4e36-9d94-2e641c2f6164/c557c662-48ca-41d7-91fe-8b6ab9cc1985/rotate5_4_-3.999999999999999.png'}, {'key': 'rotate5_4_-3.799999999999999', 'path': '/opt/***/data/temp/a05158e6-6276-4e36-9d94-2e641c2f6164/c557c662-48ca-41d7-91fe-8b6ab9cc1985/rotate5_4_-3.799999999999999.png'}, {'key': 'rotate5_4_-3.5999999999999988', 'path': '/opt/***/data/temp/a05158e6-6276-4e36-9d94-2e641c2f6164/c557c662-48ca-41d7-91fe-8b6ab9cc1985/rotate5_4_-3.5999999999999988.png'}, {'key': 'rotate5_4_-3.3999999999999986', 'path': '/opt/***/data/temp/a05158e6-6276-4e36-9d94-2e641c2f6164/c557c662-48ca-41d7-91fe-8b6ab9cc1985/rotate5_4_-3.3999999999999986.png'}, {'key': 'rotate5_4_-3.1999999999999984', 'path': '/opt/***/data/temp/a05158e6-6276-4e36-9d94-2e641c2f6164/c557c662-48ca-41d7-91fe-8b6ab9cc1985/rotate5_4_-3.1999999999999984.png'}, {'key': 'rotate5_4_-2.9999999999999982', 'path': '/opt/***/data/temp/a05158e6-6276-4e36-9d94-2e641c2f6164/c557c662-48ca-41d7-91fe-8b6ab9cc1985/rotate5_4_-2.9999999999999982.png'}, {'key': 'rotate5_4_-2.799999999999998', 'path': '/opt/***/data/temp/a05158e6-6276-4e36-9d94-2e641c2f6164/c557c662-48ca-41d7-91fe-8b6ab9cc1985/rotate5_4_-2.799999999999998.png'}, {'key': 'rotate5_4_-2.599999999999998', 'path': '/opt/***/data/temp/a05158e6-6276-4e36-9d94-2e641c2f6164/c557c662-48ca-41d7-91fe-8b6ab9cc1985/rotate5_4_-2.599999999999998.png'}, {'key': 'rotate5_4_-2.3999999999999977', 'path': '/opt/***/data/temp/a05158e6-6276-4e36-9d94-2e641c2f6164/c557c662-48ca-41d7-91fe-8b6ab9cc1985/rotate5_4_-2.3999999999999977.png'}, {'key': 'rotate5_4_-2.1999999999999975', 'path': '/opt/***/data/temp/a05158e6-6276-4e36-9d94-2e641c2f6164/c557c662-48ca-41d7-91fe-8b6ab9cc1985/rotate5_4_-2.1999999999999975.png'}, {'key': 'rotate5_4_-1.9999999999999973', 'path': '/opt/***/data/temp/a05158e6-6276-4e36-9d94-2e641c2f6164/c557c662-48ca-41d7-91fe-8b6ab9cc1985/rotate5_4_-1.9999999999999973.png'}, {'key': 'rotate5_4_-1.7999999999999972', 'path': '/opt/***/data/temp/a05158e6-6276-4e36-9d94-2e641c2f6164/c557c662-48ca-41d7-91fe-8b6ab9cc1985/rotate5_4_-1.7999999999999972.png'}, {'key': 'rotate5_4_-1.599999999999997', 'path': '/opt/***/data/temp/a05158e6-6276-4e36-9d94-2e641c2f6164/c557c662-48ca-41d7-91fe-8b6ab9cc1985/rotate5_4_-1.599999999999997.png'}, {'key': 'rotate5_4_-1.3999999999999968', 'path': '/opt/***/data/temp/a05158e6-6276-4e36-9d94-2e641c2f6164/c557c662-48ca-41d7-91fe-8b6ab9cc1985/rotate5_4_-1.3999999999999968.png'}, {'key': 'rotate5_4_-1.1999999999999966', 'path': '/opt/***/data/temp/a05158e6-6276-4e36-9d94-2e641c2f6164/c557c662-48ca-41d7-91fe-8b6ab9cc1985/rotate5_4_-1.1999999999999966.png'}, {'key': 'rotate5_4_-0.9999999999999964', 'path': '/opt/***/data/temp/a05158e6-6276-4e36-9d94-2e641c2f6164/c557c662-48ca-41d7-91fe-8b6ab9cc1985/rotate5_4_-0.9999999999999964.png'}, {'key': 'rotate5_4_-0.7999999999999963', 'path': '/opt/***/data/temp/a05158e6-6276-4e36-9d94-2e641c2f6164/c557c662-48ca-41d7-91fe-8b6ab9cc1985/rotate5_4_-0.7999999999999963.png'}, {'key': 'rotate5_4_-0.5999999999999961', 'path': '/opt/***/data/temp/a05158e6-6276-4e36-9d94-2e641c2f6164/c557c662-48ca-41d7-91fe-8b6ab9cc1985/rotate5_4_-0.5999999999999961.png'}, {'key': 'rotate5_4_-0.3999999999999959', 'path': '/opt/***/data/temp/a05158e6-6276-4e36-9d94-2e641c2f6164/c557c662-48ca-41d7-91fe-8b6ab9cc1985/rotate5_4_-0.3999999999999959.png'}, {'key': 'rotate5_4_-0.19999999999999574', 'path': '/opt/***/data/temp/a05158e6-6276-4e36-9d94-2e641c2f6164/c557c662-48ca-41d7-91fe-8b6ab9cc1985/rotate5_4_-0.19999999999999574.png'}, {'key': 'rotate5_4_4.440892098500626e-15', 'path': '/opt/***/data/temp/a05158e6-6276-4e36-9d94-2e641c2f6164/c557c662-48ca-41d7-91fe-8b6ab9cc1985/rotate5_4_4.440892098500626e-15.png'}, {'key': 'rotate5_4_0.20000000000000462', 'path': '/opt/***/data/temp/a05158e6-6276-4e36-9d94-2e641c2f6164/c557c662-48ca-41d7-91fe-8b6ab9cc1985/rotate5_4_0.20000000000000462.png'}, {'key': 'rotate5_4_0.4000000000000048', 'path': '/opt/***/data/temp/a05158e6-6276-4e36-9d94-2e641c2f6164/c557c662-48ca-41d7-91fe-8b6ab9cc1985/rotate5_4_0.4000000000000048.png'}, {'key': 'rotate5_4_0.600000000000005', 'path': '/opt/***/data/temp/a05158e6-6276-4e36-9d94-2e641c2f6164/c557c662-48ca-41d7-91fe-8b6ab9cc1985/rotate5_4_0.600000000000005.png'}, {'key': 'rotate5_4_0.8000000000000052', 'path': '/opt/***/data/temp/a05158e6-6276-4e36-9d94-2e641c2f6164/c557c662-48ca-41d7-91fe-8b6ab9cc1985/rotate5_4_0.8000000000000052.png'}, {'key': 'rotate5_4_1.0000000000000053', 'path': '/opt/***/data/temp/a05158e6-6276-4e36-9d94-2e641c2f6164/c557c662-48ca-41d7-91fe-8b6ab9cc1985/rotate5_4_1.0000000000000053.png'}, {'key': 'rotate5_4_1.2000000000000055', 'path': '/opt/***/data/temp/a05158e6-6276-4e36-9d94-2e641c2f6164/c557c662-48ca-41d7-91fe-8b6ab9cc1985/rotate5_4_1.2000000000000055.png'}, {'key': 'rotate5_4_1.4000000000000057', 'path': '/opt/***/data/temp/a05158e6-6276-4e36-9d94-2e641c2f6164/c557c662-48ca-41d7-91fe-8b6ab9cc1985/rotate5_4_1.4000000000000057.png'}, {'key': 'rotate5_4_1.6000000000000059', 'path': '/opt/***/data/temp/a05158e6-6276-4e36-9d94-2e641c2f6164/c557c662-48ca-41d7-91fe-8b6ab9cc1985/rotate5_4_1.6000000000000059.png'}, {'key': 'rotate5_4_1.800000000000006', 'path': '/opt/***/data/temp/a05158e6-6276-4e36-9d94-2e641c2f6164/c557c662-48ca-41d7-91fe-8b6ab9cc1985/rotate5_4_1.800000000000006.png'}, {'key': 'rotate5_4_2.000000000000006', 'path': '/opt/***/data/temp/a05158e6-6276-4e36-9d94-2e641c2f6164/c557c662-48ca-41d7-91fe-8b6ab9cc1985/rotate5_4_2.000000000000006.png'}, {'key': 'rotate5_4_2.2000000000000064', 'path': '/opt/***/data/temp/a05158e6-6276-4e36-9d94-2e641c2f6164/c557c662-48ca-41d7-91fe-8b6ab9cc1985/rotate5_4_2.2000000000000064.png'}, {'key': 'rotate5_4_2.4000000000000066', 'path': '/opt/***/data/temp/a05158e6-6276-4e36-9d94-2e641c2f6164/c557c662-48ca-41d7-91fe-8b6ab9cc1985/rotate5_4_2.4000000000000066.png'}, {'key': 'rotate5_4_2.6000000000000068', 'path': '/opt/***/data/temp/a05158e6-6276-4e36-9d94-2e641c2f6164/c557c662-48ca-41d7-91fe-8b6ab9cc1985/rotate5_4_2.6000000000000068.png'}, {'key': 'rotate5_4_2.800000000000007', 'path': '/opt/***/data/temp/a05158e6-6276-4e36-9d94-2e641c2f6164/c557c662-48ca-41d7-91fe-8b6ab9cc1985/rotate5_4_2.800000000000007.png'}, {'key': 'rotate5_4_3.000000000000007', 'path': '/opt/***/data/temp/a05158e6-6276-4e36-9d94-2e641c2f6164/c557c662-48ca-41d7-91fe-8b6ab9cc1985/rotate5_4_3.000000000000007.png'}, {'key': 'rotate5_4_3.2000000000000064', 'path': '/opt/***/data/temp/a05158e6-6276-4e36-9d94-2e641c2f6164/c557c662-48ca-41d7-91fe-8b6ab9cc1985/rotate5_4_3.2000000000000064.png'}, {'key': 'rotate5_4_3.4000000000000075', 'path': '/opt/***/data/temp/a05158e6-6276-4e36-9d94-2e641c2f6164/c557c662-48ca-41d7-91fe-8b6ab9cc1985/rotate5_4_3.4000000000000075.png'}, {'key': 'rotate5_4_3.6000000000000085', 'path': '/opt/***/data/temp/a05158e6-6276-4e36-9d94-2e641c2f6164/c557c662-48ca-41d7-91fe-8b6ab9cc1985/rotate5_4_3.6000000000000085.png'}, {'key': 'rotate5_4_3.800000000000008', 'path': '/opt/***/data/temp/a05158e6-6276-4e36-9d94-2e641c2f6164/c557c662-48ca-41d7-91fe-8b6ab9cc1985/rotate5_4_3.800000000000008.png'}, {'key': 'rotate5_4_4.000000000000007', 'path': '/opt/***/data/temp/a05158e6-6276-4e36-9d94-2e641c2f6164/c557c662-48ca-41d7-91fe-8b6ab9cc1985/rotate5_4_4.000000000000007.png'}, {'key': 'rotate5_4_4.200000000000008', 'path': '/opt/***/data/temp/a05158e6-6276-4e36-9d94-2e641c2f6164/c557c662-48ca-41d7-91fe-8b6ab9cc1985/rotate5_4_4.200000000000008.png'}, {'key': 'rotate5_4_4.400000000000009', 'path': '/opt/***/data/temp/a05158e6-6276-4e36-9d94-2e641c2f6164/c557c662-48ca-41d7-91fe-8b6ab9cc1985/rotate5_4_4.400000000000009.png'}, {'key': 'rotate5_4_4.6000000000000085', 'path': '/opt/***/data/temp/a05158e6-6276-4e36-9d94-2e641c2f6164/c557c662-48ca-41d7-91fe-8b6ab9cc1985/rotate5_4_4.6000000000000085.png'}, {'key': 'rotate5_4_4.800000000000008', 'path': '/opt/***/data/temp/a05158e6-6276-4e36-9d94-2e641c2f6164/c557c662-48ca-41d7-91fe-8b6ab9cc1985/rotate5_4_4.800000000000008.png'}, {'key': 'rotate5_4_5.000000000000009', 'path': '/opt/***/data/temp/a05158e6-6276-4e36-9d94-2e641c2f6164/c557c662-48ca-41d7-91fe-8b6ab9cc1985/rotate5_4_5.000000000000009.png'}, {'key': 'rotate5_4_4.440892098500626e-15', 'path': '/opt/***/data/temp/a05158e6-6276-4e36-9d94-2e641c2f6164/c557c662-48ca-41d7-91fe-8b6ab9cc1985/rotate5_4_4.440892098500626e-15(1).png'}, {'key': 'rotate2_1', 'path': '/opt/***/data/temp/a05158e6-6276-4e36-9d94-2e641c2f6164/c557c662-48ca-41d7-91fe-8b6ab9cc1985/rotate2_1.png'}, {'key': 'rotate2_2', 'path': '/opt/***/data/temp/a05158e6-6276-4e36-9d94-2e641c2f6164/c557c662-48ca-41d7-91fe-8b6ab9cc1985/rotate2_2.png'}, {'key': 'rotate2_3', 'path': '/opt/***/data/temp/a05158e6-6276-4e36-9d94-2e641c2f6164/c557c662-48ca-41d7-91fe-8b6ab9cc1985/rotate2_3.png'}, {'key': 'classify_preprocess', 'path': '/opt/***/data/temp/a05158e6-6276-4e36-9d94-2e641c2f6164/c557c662-48ca-41d7-91fe-8b6ab9cc1985/classify_preprocess.png'}]}}
[2025-06-17T13:18:59.956+0900] {taskinstance.py:341} INFO - ::group::Post task execution logs
[2025-06-17T13:18:59.957+0900] {taskinstance.py:353} INFO - Marking task as SUCCESS. dag_id=image_ocr_v2, task_id=img_preprocess_task, run_id=manual__2025-06-17T04:17:19.266100+00:00, map_index=0, execution_date=20250617T041719, start_date=20250617T041727, end_date=20250617T041859
[2025-06-17T13:19:00.075+0900] {local_task_job_runner.py:266} INFO - Task exited with return code 0
[2025-06-17T13:19:00.157+0900] {taskinstance.py:3901} INFO - 1 downstream tasks scheduled from follow-on schedule check
[2025-06-17T13:19:00.165+0900] {local_task_job_runner.py:245} INFO - ::endgroup::
