[2025-06-16T15:17:48.563+0900] {local_task_job_runner.py:123} INFO - ::group::Pre task execution logs
[2025-06-16T15:17:48.611+0900] {taskinstance.py:2614} INFO - Dependencies all met for dep_context=non-requeueable deps ti=<TaskInstance: layoutxlm_document_classifier_balanced_V0.1.img_preprocess_task manual__2025-06-16T06:17:12.771398+00:00 map_index=12 [queued]>
[2025-06-16T15:17:48.631+0900] {taskinstance.py:2614} INFO - Dependencies all met for dep_context=requeueable deps ti=<TaskInstance: layoutxlm_document_classifier_balanced_V0.1.img_preprocess_task manual__2025-06-16T06:17:12.771398+00:00 map_index=12 [queued]>
[2025-06-16T15:17:48.638+0900] {taskinstance.py:2867} INFO - Starting attempt 1 of 1
[2025-06-16T15:17:48.773+0900] {taskinstance.py:2890} INFO - Executing <Mapped(_PythonDecoratedOperator): img_preprocess_task> on 2025-06-16 06:17:12.771398+00:00
[2025-06-16T15:17:48.808+0900] {warnings.py:112} WARNING - /home/***/.local/lib/python3.12/site-packages/***/task/task_runner/standard_task_runner.py:70: DeprecationWarning: This process (pid=7753) is multi-threaded, use of fork() may lead to deadlocks in the child.
  pid = os.fork()

[2025-06-16T15:17:48.827+0900] {standard_task_runner.py:72} INFO - Started process 7811 to run task
[2025-06-16T15:17:48.829+0900] {standard_task_runner.py:104} INFO - Running: ['***', 'tasks', 'run', 'layoutxlm_document_classifier_balanced_V0.1', 'img_preprocess_task', 'manual__2025-06-16T06:17:12.771398+00:00', '--job-id', '476', '--raw', '--subdir', 'DAGS_FOLDER/class_create_dag.py', '--cfg-path', '/tmp/tmpi7hwr4_e', '--map-index', '12']
[2025-06-16T15:17:48.837+0900] {standard_task_runner.py:105} INFO - Job 476: Subtask img_preprocess_task
[2025-06-16T15:17:48.934+0900] {task_command.py:467} INFO - Running <TaskInstance: layoutxlm_document_classifier_balanced_V0.1.img_preprocess_task manual__2025-06-16T06:17:12.771398+00:00 map_index=12 [running]> on host f6d4228a9eb8
[2025-06-16T15:17:49.109+0900] {taskinstance.py:3134} INFO - Exporting env vars: AIRFLOW_CTX_DAG_OWNER='***' AIRFLOW_CTX_DAG_ID='layoutxlm_document_classifier_balanced_V0.1' AIRFLOW_CTX_TASK_ID='img_preprocess_task' AIRFLOW_CTX_EXECUTION_DATE='2025-06-16T06:17:12.771398+00:00' AIRFLOW_CTX_TRY_NUMBER='1' AIRFLOW_CTX_DAG_RUN_ID='manual__2025-06-16T06:17:12.771398+00:00'
[2025-06-16T15:17:49.117+0900] {taskinstance.py:732} INFO - ::endgroup::
[2025-06-16T15:17:49.121+0900] {logging_mixin.py:190} INFO - empty map check {} {'process_id': '_e2b916ea-7b07-45c1-aa7e-830b4a279930_pre', 'folder_path': '694a4df0-ed93-414c-8099-0dc1fcb68ed9/e2b916ea-7b07-45c1-aa7e-830b4a279930', 'step_list': [{'name': 'calc_angle_set1', 'param': {'key': 'angle1', 'iterations': 3}}, {'name': 'calc_angle_set2', 'param': {'key': 'angle2', 'iterations': 3}}, {'name': 'threshold', 'param': {}}, {'name': 'morphology1', 'param': {}}, {'name': 'save', 'param': {'key': 'classify_preprocess'}}], 'result_file_list': []}
[2025-06-16T15:17:49.126+0900] {logging_mixin.py:190} INFO - step : calc_angle_set1
[2025-06-16T15:17:49.368+0900] {logging_mixin.py:190} INFO - step : calc_angle_set2
[2025-06-16T15:18:00.996+0900] {logging_mixin.py:190} INFO - osd 1 break  0 0 8.15 Korean 0.93
[2025-06-16T15:18:01.003+0900] {logging_mixin.py:190} INFO - step : threshold
[2025-06-16T15:18:01.018+0900] {logging_mixin.py:190} INFO - step : morphology1
[2025-06-16T15:18:01.091+0900] {logging_mixin.py:190} INFO - step : save
[2025-06-16T15:18:01.181+0900] {logging_mixin.py:190} INFO - file_copy: /opt/***/data/temp/694a4df0-ed93-414c-8099-0dc1fcb68ed9/e2b916ea-7b07-45c1-aa7e-830b4a279930/classify_preprocess.png
[2025-06-16T15:18:01.193+0900] {python.py:240} INFO - Done. Returned value was: {'file_id': '694a4df0-ed93-414c-8099-0dc1fcb68ed9', 'file_path': '/opt/***/data/class/a_class/classify/origin/true/유동 학정빌딩 - 정부24 - 건축물대장 등본(초본) 발급(열람) _ 문서출력_page_1.png', 'true': {'process_id': '_e2b916ea-7b07-45c1-aa7e-830b4a279930_pre', 'folder_path': '694a4df0-ed93-414c-8099-0dc1fcb68ed9/e2b916ea-7b07-45c1-aa7e-830b4a279930', 'step_list': [{'name': 'calc_angle_set1', 'param': {'key': 'angle1', 'iterations': 3}}, {'name': 'calc_angle_set2', 'param': {'key': 'angle2', 'iterations': 3}}, {'name': 'threshold', 'param': {}}, {'name': 'morphology1', 'param': {}}, {'name': 'save', 'param': {'key': 'classify_preprocess'}}], 'result_file_list': [{'key': 'classify_preprocess', 'path': '/opt/***/data/temp/694a4df0-ed93-414c-8099-0dc1fcb68ed9/e2b916ea-7b07-45c1-aa7e-830b4a279930/classify_preprocess.png'}]}}
[2025-06-16T15:18:01.240+0900] {taskinstance.py:341} INFO - ::group::Post task execution logs
[2025-06-16T15:18:01.241+0900] {taskinstance.py:353} INFO - Marking task as SUCCESS. dag_id=layoutxlm_document_classifier_balanced_V0.1, task_id=img_preprocess_task, run_id=manual__2025-06-16T06:17:12.771398+00:00, map_index=12, execution_date=20250616T061712, start_date=20250616T061748, end_date=20250616T061801
[2025-06-16T15:18:01.331+0900] {local_task_job_runner.py:266} INFO - Task exited with return code 0
[2025-06-16T15:18:01.355+0900] {local_task_job_runner.py:245} INFO - ::endgroup::
