[2025-06-25T18:42:49.903+0900] {local_task_job_runner.py:123} INFO - ::group::Pre task execution logs
[2025-06-25T18:42:50.172+0900] {taskinstance.py:2614} INFO - Dependencies all met for dep_context=non-requeueable deps ti=<TaskInstance: lilt_document_classifier_balanced_V0.1.img_preprocess_task__1 manual__2025-06-25T09:28:52.715795+00:00 map_index=82 [queued]>
[2025-06-25T18:42:50.400+0900] {taskinstance.py:2614} INFO - Dependencies all met for dep_context=requeueable deps ti=<TaskInstance: lilt_document_classifier_balanced_V0.1.img_preprocess_task__1 manual__2025-06-25T09:28:52.715795+00:00 map_index=82 [queued]>
[2025-06-25T18:42:50.408+0900] {taskinstance.py:2867} INFO - Starting attempt 1 of 1
[2025-06-25T18:42:50.460+0900] {taskinstance.py:2890} INFO - Executing <Mapped(_PythonDecoratedOperator): img_preprocess_task__1> on 2025-06-25 09:28:52.715795+00:00
[2025-06-25T18:42:50.583+0900] {standard_task_runner.py:104} INFO - Running: ['***', 'tasks', 'run', 'lilt_document_classifier_balanced_V0.1', 'img_preprocess_task__1', 'manual__2025-06-25T09:28:52.715795+00:00', '--job-id', '5498', '--raw', '--subdir', 'DAGS_FOLDER/class_create_dag.py', '--cfg-path', '/tmp/tmp0y7c5jbf', '--map-index', '82']
[2025-06-25T18:42:50.592+0900] {standard_task_runner.py:105} INFO - Job 5498: Subtask img_preprocess_task__1
[2025-06-25T18:42:50.590+0900] {warnings.py:112} WARNING - /home/***/.local/lib/python3.12/site-packages/***/task/task_runner/standard_task_runner.py:70: DeprecationWarning: This process (pid=4091) is multi-threaded, use of fork() may lead to deadlocks in the child.
  pid = os.fork()

[2025-06-25T18:42:50.600+0900] {standard_task_runner.py:72} INFO - Started process 4191 to run task
[2025-06-25T18:42:50.691+0900] {task_command.py:467} INFO - Running <TaskInstance: lilt_document_classifier_balanced_V0.1.img_preprocess_task__1 manual__2025-06-25T09:28:52.715795+00:00 map_index=82 [running]> on host f6d4228a9eb8
[2025-06-25T18:42:51.785+0900] {taskinstance.py:3134} INFO - Exporting env vars: AIRFLOW_CTX_DAG_OWNER='***' AIRFLOW_CTX_DAG_ID='lilt_document_classifier_balanced_V0.1' AIRFLOW_CTX_TASK_ID='img_preprocess_task__1' AIRFLOW_CTX_EXECUTION_DATE='2025-06-25T09:28:52.715795+00:00' AIRFLOW_CTX_TRY_NUMBER='1' AIRFLOW_CTX_DAG_RUN_ID='manual__2025-06-25T09:28:52.715795+00:00'
[2025-06-25T18:42:51.786+0900] {taskinstance.py:732} INFO - ::endgroup::
[2025-06-25T18:42:51.795+0900] {logging_mixin.py:190} INFO - empty map check {} {}
[2025-06-25T18:42:51.807+0900] {logging_mixin.py:190} INFO - step : cache
[2025-06-25T18:42:51.808+0900] {logging_mixin.py:190} INFO - step : calc_angle_set2
[2025-06-25T18:42:52.989+0900] {logging_mixin.py:190} INFO - osd 1 0.0 0.0 5 968 [0, 0, 0, 0, 0, 968, 0, 0, 0, 0, 0]
[2025-06-25T18:42:54.692+0900] {logging_mixin.py:190} INFO - osd 2 0.0 0.0 5 968 [0, 0, 0, 0, 0, 968, 0, 0, 0, 0, 0]
[2025-06-25T18:42:54.748+0900] {logging_mixin.py:190} INFO - step : calc_angle_set2
[2025-06-25T18:42:55.931+0900] {logging_mixin.py:190} INFO - osd 1 0.0 0.0 8 968 [0, 0, 0, 0, 0, 0, 203, 643, 968, 561, 115, 0, 0, 0, 0, 0, 0]
[2025-06-25T18:42:57.498+0900] {logging_mixin.py:190} INFO - osd 2 0.0 0.0 8 968 [0, 0, 0, 0, 0, 0, 203, 643, 968, 561, 115, 0, 0, 0, 0, 0, 0]
[2025-06-25T18:42:57.539+0900] {logging_mixin.py:190} INFO - step : calc_angle_set2
[2025-06-25T18:42:58.590+0900] {logging_mixin.py:190} INFO - osd 1 -0.125 -0.125 7 1142 [643, 755, 760, 865, 823, 988, 943, 1142, 968, 1141, 942, 856, 912, 817, 726, 696, 561]
[2025-06-25T18:42:59.984+0900] {logging_mixin.py:190} INFO - osd 2 -0.25 -0.125 7 1096 [615, 749, 759, 842, 877, 981, 975, 1096, 1065, 1083, 981, 972, 893, 868, 792, 757, 607]
[2025-06-25T18:43:00.005+0900] {logging_mixin.py:190} INFO - step : text_orientation_set
[2025-06-25T18:43:03.920+0900] {logging_mixin.py:190} INFO - osd 1 break  0 0 3.34 Latin 1.04
[2025-06-25T18:43:03.957+0900] {logging_mixin.py:190} INFO - file_copy: /opt/***/data/temp/40a14596-0f0c-4e8c-9c88-7a63ec743958/6293b9c4-cd20-4580-9db9-8eb0c5281e2c/_result.png
[2025-06-25T18:43:03.967+0900] {python.py:240} INFO - Done. Returned value was: {'file_id': '40a14596-0f0c-4e8c-9c88-7a63ec743958', 'file_path': '/opt/***/data/class/a_class/classify/ready/false/copied_1_50343155-3155.png', 'false': {'process_id': '_6293b9c4-cd20-4580-9db9-8eb0c5281e2c_pre', 'folder_path': '40a14596-0f0c-4e8c-9c88-7a63ec743958/6293b9c4-cd20-4580-9db9-8eb0c5281e2c', 'step_list': [{'name': 'cache', 'param': {'cache_key': 'origin'}}, {'name': 'calc_angle_set2', 'param': {'angle_key': 'angle2_1', 'delta': 8.0, 'limit': 40, 'iterations': 2, 'iter_save': False}}, {'name': 'calc_angle_set2', 'param': {'angle_key': 'angle2_2', 'delta': 1.0, 'limit': 8, 'iterations': 2, 'iter_save': False}}, {'name': 'calc_angle_set2', 'param': {'angle_key': 'angle2_3', 'delta': 0.125, 'limit': 1, 'iterations': 2, 'iter_save': False}}, {'name': 'text_orientation_set', 'param': {'angle_key': 'orint', 'iterations': 3, 'iter_save': False}}], 'result_file_map': {'_result': '/opt/***/data/temp/40a14596-0f0c-4e8c-9c88-7a63ec743958/6293b9c4-cd20-4580-9db9-8eb0c5281e2c/_result.png'}}}
[2025-06-25T18:43:04.025+0900] {taskinstance.py:341} INFO - ::group::Post task execution logs
[2025-06-25T18:43:04.026+0900] {taskinstance.py:353} INFO - Marking task as SUCCESS. dag_id=lilt_document_classifier_balanced_V0.1, task_id=img_preprocess_task__1, run_id=manual__2025-06-25T09:28:52.715795+00:00, map_index=82, execution_date=20250625T092852, start_date=20250625T094250, end_date=20250625T094304
[2025-06-25T18:43:04.245+0900] {local_task_job_runner.py:266} INFO - Task exited with return code 0
[2025-06-25T18:43:04.494+0900] {taskinstance.py:3901} INFO - 0 downstream tasks scheduled from follow-on schedule check
[2025-06-25T18:43:04.501+0900] {local_task_job_runner.py:245} INFO - ::endgroup::
