[2025-06-23T16:26:02.201+0900] {local_task_job_runner.py:123} INFO - ::group::Pre task execution logs
[2025-06-23T16:26:02.397+0900] {taskinstance.py:2614} INFO - Dependencies all met for dep_context=non-requeueable deps ti=<TaskInstance: lilt_document_classifier_balanced_b_class_V0.1.img_preprocess_task__1 manual__2025-06-23T06:58:09.542610+00:00 map_index=40 [queued]>
[2025-06-23T16:26:02.524+0900] {taskinstance.py:2614} INFO - Dependencies all met for dep_context=requeueable deps ti=<TaskInstance: lilt_document_classifier_balanced_b_class_V0.1.img_preprocess_task__1 manual__2025-06-23T06:58:09.542610+00:00 map_index=40 [queued]>
[2025-06-23T16:26:02.537+0900] {taskinstance.py:2867} INFO - Starting attempt 1 of 1
[2025-06-23T16:26:02.616+0900] {taskinstance.py:2890} INFO - Executing <Mapped(_PythonDecoratedOperator): img_preprocess_task__1> on 2025-06-23 06:58:09.542610+00:00
[2025-06-23T16:26:02.675+0900] {warnings.py:112} WARNING - /home/***/.local/lib/python3.12/site-packages/***/task/task_runner/standard_task_runner.py:70: DeprecationWarning: This process (pid=7475) is multi-threaded, use of fork() may lead to deadlocks in the child.
  pid = os.fork()

[2025-06-23T16:26:02.690+0900] {standard_task_runner.py:72} INFO - Started process 7484 to run task
[2025-06-23T16:26:02.681+0900] {standard_task_runner.py:104} INFO - Running: ['***', 'tasks', 'run', 'lilt_document_classifier_balanced_b_class_V0.1', 'img_preprocess_task__1', 'manual__2025-06-23T06:58:09.542610+00:00', '--job-id', '3386', '--raw', '--subdir', 'DAGS_FOLDER/class_create_dag_b_class.py', '--cfg-path', '/tmp/tmpahtnfv71', '--map-index', '40']
[2025-06-23T16:26:02.727+0900] {standard_task_runner.py:105} INFO - Job 3386: Subtask img_preprocess_task__1
[2025-06-23T16:26:02.917+0900] {task_command.py:467} INFO - Running <TaskInstance: lilt_document_classifier_balanced_b_class_V0.1.img_preprocess_task__1 manual__2025-06-23T06:58:09.542610+00:00 map_index=40 [running]> on host f6d4228a9eb8
[2025-06-23T16:26:03.402+0900] {taskinstance.py:3134} INFO - Exporting env vars: AIRFLOW_CTX_DAG_OWNER='***' AIRFLOW_CTX_DAG_ID='lilt_document_classifier_balanced_b_class_V0.1' AIRFLOW_CTX_TASK_ID='img_preprocess_task__1' AIRFLOW_CTX_EXECUTION_DATE='2025-06-23T06:58:09.542610+00:00' AIRFLOW_CTX_TRY_NUMBER='1' AIRFLOW_CTX_DAG_RUN_ID='manual__2025-06-23T06:58:09.542610+00:00'
[2025-06-23T16:26:03.414+0900] {taskinstance.py:732} INFO - ::endgroup::
[2025-06-23T16:26:03.423+0900] {logging_mixin.py:190} INFO - empty map check {} {'process_id': '_44d80320-92ef-4843-8a64-44826477a283_pre', 'folder_path': 'fd6e9da6-4df4-4cc9-bc90-4162f9d96abb/44d80320-92ef-4843-8a64-44826477a283', 'step_list': [{'name': 'cache', 'param': {'key': 'origin'}}, {'name': 'calc_angle_set2', 'param': {'key': 'angle1', 'iterations': 4, 'iter_save': False}}, {'name': 'text_orientation_set', 'param': {'key': 'angle2', 'iterations': 4, 'iter_save': False}}, {'name': 'load', 'param': {'key': 'origin'}}, {'name': 'rotate', 'param': {'key': 'angle1'}}, {'name': 'rotate', 'param': {'key': 'angle2'}}], 'result_file_map': {}}
[2025-06-23T16:26:03.427+0900] {logging_mixin.py:190} INFO - step : cache
[2025-06-23T16:26:03.430+0900] {logging_mixin.py:190} INFO - step : calc_angle_set2
[2025-06-23T16:26:11.231+0900] {logging_mixin.py:190} INFO - osd 1 5.0 5.0 40 103731 [34736, 32971, 30821, 28850, 26524, 24876, 23426, 22047, 20738, 19410, 17332, 16032, 14779, 13670, 12010, 10679, 9496, 7910, 6308, 4703, 3066, 6850, 10641, 15007, 19206, 23036, 26870, 31262, 35061, 39251, 43749, 49634, 54799, 60284, 65992, 71901, 77977, 84934, 91319, 97774, 103731]
[2025-06-23T16:26:19.819+0900] {logging_mixin.py:190} INFO - osd 2 10.0 5.0 40 282519 [252690, 244745, 237799, 231019, 221981, 214935, 208063, 198997, 192064, 183399, 176924, 170551, 162324, 156241, 148299, 141377, 135010, 127701, 122352, 115475, 110355, 117344, 126218, 133494, 142638, 150863, 159362, 168763, 176442, 186110, 193882, 201713, 211596, 219574, 229566, 237675, 245772, 255982, 264244, 272776, 282519]
[2025-06-23T16:26:27.715+0900] {logging_mixin.py:190} INFO - osd 3 15.0 5.0 40 503261 [470747, 460329, 450916, 440600, 429657, 419901, 409746, 398918, 388165, 379770, 369277, 358416, 348180, 339124, 328583, 318631, 309834, 300051, 290327, 280316, 271849, 281388, 292232, 303305, 314054, 324383, 335892, 347107, 357799, 369763, 381825, 394090, 403667, 416146, 428844, 440560, 451860, 465045, 477202, 489440, 503261]
[2025-06-23T16:26:37.449+0900] {logging_mixin.py:190} INFO - osd 4 20.0 5.0 40 800406 [716539, 704592, 692507, 680788, 668538, 656827, 645159, 631569, 619796, 608339, 596971, 585411, 572108, 561014, 549758, 536794, 524571, 513596, 501476, 490736, 480316, 494358, 508583, 524485, 539060, 555017, 571994, 587025, 602181, 619645, 635392, 650918, 666687, 682800, 701023, 717148, 733627, 749954, 766372, 783514, 800406]
[2025-06-23T16:26:37.521+0900] {logging_mixin.py:190} INFO - step : text_orientation_set
[2025-06-23T16:26:44.726+0900] {logging_mixin.py:190} INFO - osd 1 break  0 0 2.79 Cyrillic 2.12
[2025-06-23T16:26:44.728+0900] {logging_mixin.py:190} INFO - step : load
[2025-06-23T16:26:44.731+0900] {logging_mixin.py:190} INFO - step : rotate
[2025-06-23T16:26:44.892+0900] {logging_mixin.py:190} INFO - step : rotate
[2025-06-23T16:26:45.848+0900] {logging_mixin.py:190} INFO - file_copy: /opt/***/data/temp/fd6e9da6-4df4-4cc9-bc90-4162f9d96abb/44d80320-92ef-4843-8a64-44826477a283/_result.png
[2025-06-23T16:26:46.055+0900] {python.py:240} INFO - Done. Returned value was: {'file_id': 'fd6e9da6-4df4-4cc9-bc90-4162f9d96abb', 'file_path': '/opt/***/data/class/b_class/classify/ready/false/copied_88_530425012+-5012.png', 'false': {'process_id': '_44d80320-92ef-4843-8a64-44826477a283_pre', 'folder_path': 'fd6e9da6-4df4-4cc9-bc90-4162f9d96abb/44d80320-92ef-4843-8a64-44826477a283', 'step_list': [{'name': 'cache', 'param': {'key': 'origin'}}, {'name': 'calc_angle_set2', 'param': {'key': 'angle1', 'iterations': 4, 'iter_save': False}}, {'name': 'text_orientation_set', 'param': {'key': 'angle2', 'iterations': 4, 'iter_save': False}}, {'name': 'load', 'param': {'key': 'origin'}}, {'name': 'rotate', 'param': {'key': 'angle1'}}, {'name': 'rotate', 'param': {'key': 'angle2'}}], 'result_file_map': {'_result': '/opt/***/data/temp/fd6e9da6-4df4-4cc9-bc90-4162f9d96abb/44d80320-92ef-4843-8a64-44826477a283/_result.png'}}}
[2025-06-23T16:26:46.311+0900] {taskinstance.py:341} INFO - ::group::Post task execution logs
[2025-06-23T16:26:46.360+0900] {taskinstance.py:353} INFO - Marking task as SUCCESS. dag_id=lilt_document_classifier_balanced_b_class_V0.1, task_id=img_preprocess_task__1, run_id=manual__2025-06-23T06:58:09.542610+00:00, map_index=40, execution_date=20250623T065809, start_date=20250623T072602, end_date=20250623T072646
[2025-06-23T16:26:46.700+0900] {local_task_job_runner.py:266} INFO - Task exited with return code 0
[2025-06-23T16:26:46.711+0900] {local_task_job_runner.py:245} INFO - ::endgroup::
