[2025-06-09T04:47:12.349+0000] {local_task_job_runner.py:123} INFO - ::group::Pre task execution logs
[2025-06-09T04:47:12.382+0000] {taskinstance.py:2614} INFO - Dependencies all met for dep_context=non-requeueable deps ti=<TaskInstance: image_ocr_v2.img_preprocess_task manual__2025-06-09T04:47:04.743119+00:00 map_index=2 [queued]>
[2025-06-09T04:47:12.393+0000] {taskinstance.py:2614} INFO - Dependencies all met for dep_context=requeueable deps ti=<TaskInstance: image_ocr_v2.img_preprocess_task manual__2025-06-09T04:47:04.743119+00:00 map_index=2 [queued]>
[2025-06-09T04:47:12.394+0000] {taskinstance.py:2867} INFO - Starting attempt 1 of 1
[2025-06-09T04:47:12.415+0000] {taskinstance.py:2890} INFO - Executing <Mapped(_PythonDecoratedOperator): img_preprocess_task> on 2025-06-09 04:47:04.743119+00:00
[2025-06-09T04:47:12.423+0000] {warnings.py:112} WARNING - /home/***/.local/lib/python3.12/site-packages/***/task/task_runner/standard_task_runner.py:70: DeprecationWarning: This process (pid=1882) is multi-threaded, use of fork() may lead to deadlocks in the child.
  pid = os.fork()

[2025-06-09T04:47:12.429+0000] {standard_task_runner.py:72} INFO - Started process 1891 to run task
[2025-06-09T04:47:12.425+0000] {standard_task_runner.py:104} INFO - Running: ['***', 'tasks', 'run', 'image_ocr_v2', 'img_preprocess_task', 'manual__2025-06-09T04:47:04.743119+00:00', '--job-id', '33', '--raw', '--subdir', 'DAGS_FOLDER/test_dag.py', '--cfg-path', '/tmp/tmpvxdnm9oz', '--map-index', '2']
[2025-06-09T04:47:12.431+0000] {standard_task_runner.py:105} INFO - Job 33: Subtask img_preprocess_task
[2025-06-09T04:47:12.484+0000] {task_command.py:467} INFO - Running <TaskInstance: image_ocr_v2.img_preprocess_task manual__2025-06-09T04:47:04.743119+00:00 map_index=2 [running]> on host 85194d6fbd18
[2025-06-09T04:47:12.579+0000] {taskinstance.py:3134} INFO - Exporting env vars: AIRFLOW_CTX_DAG_OWNER='***' AIRFLOW_CTX_DAG_ID='image_ocr_v2' AIRFLOW_CTX_TASK_ID='img_preprocess_task' AIRFLOW_CTX_EXECUTION_DATE='2025-06-09T04:47:04.743119+00:00' AIRFLOW_CTX_TRY_NUMBER='1' AIRFLOW_CTX_DAG_RUN_ID='manual__2025-06-09T04:47:04.743119+00:00'
[2025-06-09T04:47:12.581+0000] {taskinstance.py:732} INFO - ::endgroup::
[2025-06-09T04:47:12.583+0000] {logging_mixin.py:190} INFO - empty map check {} {'process_id': '2a7fd070-a628-40dc-8022-1fe87feff23d', 'folder_path': 'e8855c09-2035-4ac7-af26-b87280d34c23/2a7fd070-a628-40dc-8022-1fe87feff23d', 'step_list': [{'name': 'gray1', 'param': {}}, {'name': 'cache', 'param': {'key': 'gray1'}}, {'name': 'calc_angle1', 'param': {'key': 'angle1'}}, {'name': 'load', 'param': {'key': 'gray1'}}, {'name': 'rotate', 'param': {'key': 'angle1'}}, {'name': 'cache', 'param': {'key': 'rotate1'}}, {'name': 'calc_angle2', 'param': {'key': 'angle2'}}, {'name': 'load', 'param': {'key': 'rotate1'}}, {'name': 'rotate', 'param': {'key': 'angle2'}}, {'name': 'cache', 'param': {'key': 'rotate2'}}, {'name': 'scale1', 'param': {'width': 500, 'height': 500}}, {'name': 'binary2', 'param': {}}, {'name': 'morphology1', 'param': {}}, {'name': 'save', 'param': {'key': 'classify_preprocess'}}], 'result_file_list': []}
[2025-06-09T04:47:15.261+0000] {logging_mixin.py:190} INFO - file_copy: /opt/***/data/temp/ec76881e-5016-4a01-a3cc-f37e2d2bb994.png /opt/***/data/temp/e8855c09-2035-4ac7-af26-b87280d34c23/2a7fd070-a628-40dc-8022-1fe87feff23d/classify_preprocess.png
[2025-06-09T04:47:15.266+0000] {logging_mixin.py:190} INFO - save file  classify_preprocess  :  /opt/***/data/temp/e8855c09-2035-4ac7-af26-b87280d34c23/2a7fd070-a628-40dc-8022-1fe87feff23d/classify_preprocess.png
[2025-06-09T04:47:15.266+0000] {python.py:240} INFO - Done. Returned value was: {'file_id': 'e8855c09-2035-4ac7-af26-b87280d34c23', 'file_path': '/opt/***/data/upload/Gas Engine 점검일지_ 2021년 2월.pdf-image-005.jpg', 'preprocess_list': [{'process_id': '2a7fd070-a628-40dc-8022-1fe87feff23d', 'folder_path': 'e8855c09-2035-4ac7-af26-b87280d34c23/2a7fd070-a628-40dc-8022-1fe87feff23d', 'step_list': [{'name': 'gray1', 'param': {}}, {'name': 'cache', 'param': {'key': 'gray1'}}, {'name': 'calc_angle1', 'param': {'key': 'angle1'}}, {'name': 'load', 'param': {'key': 'gray1'}}, {'name': 'rotate', 'param': {'key': 'angle1'}}, {'name': 'cache', 'param': {'key': 'rotate1'}}, {'name': 'calc_angle2', 'param': {'key': 'angle2'}}, {'name': 'load', 'param': {'key': 'rotate1'}}, {'name': 'rotate', 'param': {'key': 'angle2'}}, {'name': 'cache', 'param': {'key': 'rotate2'}}, {'name': 'scale1', 'param': {'width': 500, 'height': 500}}, {'name': 'binary2', 'param': {}}, {'name': 'morphology1', 'param': {}}, {'name': 'save', 'param': {'key': 'classify_preprocess'}}], 'result_file_list': [{'classify_preprocess': '/opt/***/data/temp/e8855c09-2035-4ac7-af26-b87280d34c23/2a7fd070-a628-40dc-8022-1fe87feff23d/classify_preprocess.png'}]}]}
[2025-06-09T04:47:15.298+0000] {taskinstance.py:341} INFO - ::group::Post task execution logs
[2025-06-09T04:47:15.301+0000] {taskinstance.py:353} INFO - Marking task as SUCCESS. dag_id=image_ocr_v2, task_id=img_preprocess_task, run_id=manual__2025-06-09T04:47:04.743119+00:00, map_index=2, execution_date=20250609T044704, start_date=20250609T044712, end_date=20250609T044715
[2025-06-09T04:47:15.363+0000] {local_task_job_runner.py:266} INFO - Task exited with return code 0
[2025-06-09T04:47:15.387+0000] {taskinstance.py:3901} INFO - 0 downstream tasks scheduled from follow-on schedule check
[2025-06-09T04:47:15.389+0000] {local_task_job_runner.py:245} INFO - ::endgroup::
