[2025-06-23T17:01:07.306+0900] {local_task_job_runner.py:123} INFO - ::group::Pre task execution logs
[2025-06-23T17:01:07.441+0900] {taskinstance.py:2614} INFO - Dependencies all met for dep_context=non-requeueable deps ti=<TaskInstance: lilt_document_classifier_balanced_V0.1.img_preprocess_task__1 manual__2025-06-23T07:44:09.997775+00:00 map_index=63 [queued]>
[2025-06-23T17:01:07.510+0900] {taskinstance.py:2614} INFO - Dependencies all met for dep_context=requeueable deps ti=<TaskInstance: lilt_document_classifier_balanced_V0.1.img_preprocess_task__1 manual__2025-06-23T07:44:09.997775+00:00 map_index=63 [queued]>
[2025-06-23T17:01:07.517+0900] {taskinstance.py:2867} INFO - Starting attempt 1 of 1
[2025-06-23T17:01:07.582+0900] {taskinstance.py:2890} INFO - Executing <Mapped(_PythonDecoratedOperator): img_preprocess_task__1> on 2025-06-23 07:44:09.997775+00:00
[2025-06-23T17:01:07.632+0900] {warnings.py:112} WARNING - /home/***/.local/lib/python3.12/site-packages/***/task/task_runner/standard_task_runner.py:70: DeprecationWarning: This process (pid=12384) is multi-threaded, use of fork() may lead to deadlocks in the child.
  pid = os.fork()

[2025-06-23T17:01:07.641+0900] {standard_task_runner.py:72} INFO - Started process 12404 to run task
[2025-06-23T17:01:07.633+0900] {standard_task_runner.py:104} INFO - Running: ['***', 'tasks', 'run', 'lilt_document_classifier_balanced_V0.1', 'img_preprocess_task__1', 'manual__2025-06-23T07:44:09.997775+00:00', '--job-id', '3625', '--raw', '--subdir', 'DAGS_FOLDER/class_create_dag.py', '--cfg-path', '/tmp/tmpw3wyys0j', '--map-index', '63']
[2025-06-23T17:01:07.697+0900] {standard_task_runner.py:105} INFO - Job 3625: Subtask img_preprocess_task__1
[2025-06-23T17:01:07.881+0900] {task_command.py:467} INFO - Running <TaskInstance: lilt_document_classifier_balanced_V0.1.img_preprocess_task__1 manual__2025-06-23T07:44:09.997775+00:00 map_index=63 [running]> on host f6d4228a9eb8
[2025-06-23T17:01:08.369+0900] {taskinstance.py:3134} INFO - Exporting env vars: AIRFLOW_CTX_DAG_OWNER='***' AIRFLOW_CTX_DAG_ID='lilt_document_classifier_balanced_V0.1' AIRFLOW_CTX_TASK_ID='img_preprocess_task__1' AIRFLOW_CTX_EXECUTION_DATE='2025-06-23T07:44:09.997775+00:00' AIRFLOW_CTX_TRY_NUMBER='1' AIRFLOW_CTX_DAG_RUN_ID='manual__2025-06-23T07:44:09.997775+00:00'
[2025-06-23T17:01:08.373+0900] {taskinstance.py:732} INFO - ::endgroup::
[2025-06-23T17:01:08.399+0900] {logging_mixin.py:190} INFO - empty map check {} {'process_id': '_7d31bcda-7d7b-4f6f-80c0-3ae7a9ea8452_pre', 'folder_path': '98be6978-b6f4-4701-9e99-fee5ac657bd0/7d31bcda-7d7b-4f6f-80c0-3ae7a9ea8452', 'step_list': [{'name': 'cache', 'param': {'key': 'origin'}}, {'name': 'calc_angle_set2', 'param': {'key': 'angle1', 'iterations': 4, 'iter_save': False}}, {'name': 'text_orientation_set', 'param': {'key': 'angle2', 'iterations': 4, 'iter_save': False}}, {'name': 'load', 'param': {'key': 'origin'}}, {'name': 'rotate', 'param': {'key': 'angle1'}}, {'name': 'rotate', 'param': {'key': 'angle2'}}], 'result_file_map': {}}
[2025-06-23T17:01:08.400+0900] {logging_mixin.py:190} INFO - step : cache
[2025-06-23T17:01:08.417+0900] {logging_mixin.py:190} INFO - step : calc_angle_set2
[2025-06-23T17:01:15.274+0900] {logging_mixin.py:190} INFO - osd 1 -5.0 -5.0 0 3383 [3383, 3082, 2831, 2473, 2193, 1901, 1540, 1218, 858, 503, 115, 3, 0, 0, 0, 0, 0, 0, 0, 0, 0, 0, 0, 0, 0, 0, 0, 0, 0, 0, 0, 0, 0, 0, 0, 0, 0, 0, 0, 0, 0]
[2025-06-23T17:01:23.412+0900] {logging_mixin.py:190} INFO - osd 2 -10.0 -5.0 0 58428 [58428, 56576, 54475, 52636, 50878, 48803, 46995, 45208, 43365, 41438, 39368, 37408, 35301, 33479, 31219, 29486, 27405, 25247, 23335, 21165, 19505, 20120, 21192, 21973, 23032, 24088, 24873, 25986, 26777, 27895, 28719, 29891, 30883, 31878, 33217, 34219, 35506, 36458, 37402, 38642, 39601]
[2025-06-23T17:01:32.621+0900] {logging_mixin.py:190} INFO - osd 3 -15.0 -5.0 0 101931 [101931, 99175, 96763, 94085, 90914, 88886, 86323, 83791, 81569, 78951, 77182, 74807, 72257, 69771, 67565, 65427, 63415, 61693, 59598, 57504, 55757, 56424, 57489, 58486, 59478, 60561, 61591, 62796, 63780, 64463, 65673, 66688, 67823, 68883, 70218, 71513, 72609, 73926, 75272, 76147, 77517]
[2025-06-23T17:01:44.544+0900] {logging_mixin.py:190} INFO - osd 4 -20.0 -5.0 0 151339 [151339, 149369, 146139, 143429, 139854, 136383, 133927, 130112, 127152, 124723, 120996, 119298, 116374, 113011, 110195, 107527, 104280, 101137, 98362, 97177, 94537, 93460, 95825, 96585, 97973, 99397, 100207, 100995, 102433, 104150, 104868, 106944, 108237, 110146, 111570, 113335, 114727, 116744, 118436, 120838, 122748]
[2025-06-23T17:01:44.614+0900] {logging_mixin.py:190} INFO - step : text_orientation_set
[2025-06-23T17:01:53.979+0900] {logging_mixin.py:190} INFO - osd 1 break  0 0 3.67 Latin 1.94
[2025-06-23T17:01:53.986+0900] {logging_mixin.py:190} INFO - step : load
[2025-06-23T17:01:53.990+0900] {logging_mixin.py:190} INFO - step : rotate
[2025-06-23T17:01:54.156+0900] {logging_mixin.py:190} INFO - step : rotate
[2025-06-23T17:01:54.525+0900] {logging_mixin.py:190} INFO - file_copy: /opt/***/data/temp/98be6978-b6f4-4701-9e99-fee5ac657bd0/7d31bcda-7d7b-4f6f-80c0-3ae7a9ea8452/_result.png
[2025-06-23T17:01:54.562+0900] {python.py:240} INFO - Done. Returned value was: {'file_id': '98be6978-b6f4-4701-9e99-fee5ac657bd0', 'file_path': '/opt/***/data/class/a_class/classify/ready/false/copied_67_2022258806_2022258809.png', 'false': {'process_id': '_7d31bcda-7d7b-4f6f-80c0-3ae7a9ea8452_pre', 'folder_path': '98be6978-b6f4-4701-9e99-fee5ac657bd0/7d31bcda-7d7b-4f6f-80c0-3ae7a9ea8452', 'step_list': [{'name': 'cache', 'param': {'key': 'origin'}}, {'name': 'calc_angle_set2', 'param': {'key': 'angle1', 'iterations': 4, 'iter_save': False}}, {'name': 'text_orientation_set', 'param': {'key': 'angle2', 'iterations': 4, 'iter_save': False}}, {'name': 'load', 'param': {'key': 'origin'}}, {'name': 'rotate', 'param': {'key': 'angle1'}}, {'name': 'rotate', 'param': {'key': 'angle2'}}], 'result_file_map': {'_result': '/opt/***/data/temp/98be6978-b6f4-4701-9e99-fee5ac657bd0/7d31bcda-7d7b-4f6f-80c0-3ae7a9ea8452/_result.png'}}}
[2025-06-23T17:01:54.624+0900] {taskinstance.py:341} INFO - ::group::Post task execution logs
[2025-06-23T17:01:54.627+0900] {taskinstance.py:353} INFO - Marking task as SUCCESS. dag_id=lilt_document_classifier_balanced_V0.1, task_id=img_preprocess_task__1, run_id=manual__2025-06-23T07:44:09.997775+00:00, map_index=63, execution_date=20250623T074409, start_date=20250623T080107, end_date=20250623T080154
[2025-06-23T17:01:54.795+0900] {local_task_job_runner.py:266} INFO - Task exited with return code 0
[2025-06-23T17:01:54.980+0900] {taskinstance.py:3901} INFO - 0 downstream tasks scheduled from follow-on schedule check
[2025-06-23T17:01:55.005+0900] {local_task_job_runner.py:245} INFO - ::endgroup::
