[2025-06-23T16:57:00.024+0900] {local_task_job_runner.py:123} INFO - ::group::Pre task execution logs
[2025-06-23T16:57:00.109+0900] {taskinstance.py:2614} INFO - Dependencies all met for dep_context=non-requeueable deps ti=<TaskInstance: lilt_document_classifier_balanced_V0.1.img_preprocess_task__1 manual__2025-06-23T07:44:09.997775+00:00 map_index=47 [queued]>
[2025-06-23T16:57:00.142+0900] {taskinstance.py:2614} INFO - Dependencies all met for dep_context=requeueable deps ti=<TaskInstance: lilt_document_classifier_balanced_V0.1.img_preprocess_task__1 manual__2025-06-23T07:44:09.997775+00:00 map_index=47 [queued]>
[2025-06-23T16:57:00.147+0900] {taskinstance.py:2867} INFO - Starting attempt 1 of 1
[2025-06-23T16:57:00.174+0900] {taskinstance.py:2890} INFO - Executing <Mapped(_PythonDecoratedOperator): img_preprocess_task__1> on 2025-06-23 07:44:09.997775+00:00
[2025-06-23T16:57:00.196+0900] {warnings.py:112} WARNING - /home/***/.local/lib/python3.12/site-packages/***/task/task_runner/standard_task_runner.py:70: DeprecationWarning: This process (pid=11741) is multi-threaded, use of fork() may lead to deadlocks in the child.
  pid = os.fork()

[2025-06-23T16:57:00.199+0900] {standard_task_runner.py:72} INFO - Started process 11760 to run task
[2025-06-23T16:57:00.207+0900] {standard_task_runner.py:104} INFO - Running: ['***', 'tasks', 'run', 'lilt_document_classifier_balanced_V0.1', 'img_preprocess_task__1', 'manual__2025-06-23T07:44:09.997775+00:00', '--job-id', '3594', '--raw', '--subdir', 'DAGS_FOLDER/class_create_dag.py', '--cfg-path', '/tmp/tmp_05fdk32', '--map-index', '47']
[2025-06-23T16:57:00.219+0900] {standard_task_runner.py:105} INFO - Job 3594: Subtask img_preprocess_task__1
[2025-06-23T16:57:00.314+0900] {task_command.py:467} INFO - Running <TaskInstance: lilt_document_classifier_balanced_V0.1.img_preprocess_task__1 manual__2025-06-23T07:44:09.997775+00:00 map_index=47 [running]> on host f6d4228a9eb8
[2025-06-23T16:57:00.509+0900] {taskinstance.py:3134} INFO - Exporting env vars: AIRFLOW_CTX_DAG_OWNER='***' AIRFLOW_CTX_DAG_ID='lilt_document_classifier_balanced_V0.1' AIRFLOW_CTX_TASK_ID='img_preprocess_task__1' AIRFLOW_CTX_EXECUTION_DATE='2025-06-23T07:44:09.997775+00:00' AIRFLOW_CTX_TRY_NUMBER='1' AIRFLOW_CTX_DAG_RUN_ID='manual__2025-06-23T07:44:09.997775+00:00'
[2025-06-23T16:57:00.511+0900] {taskinstance.py:732} INFO - ::endgroup::
[2025-06-23T16:57:00.534+0900] {logging_mixin.py:190} INFO - empty map check {} {'process_id': '_fc0efd9b-0845-43f4-b7f6-b8e4ae27c7bf_pre', 'folder_path': 'fb60aa4b-7fd3-45fd-8e1d-5b830b248ffe/fc0efd9b-0845-43f4-b7f6-b8e4ae27c7bf', 'step_list': [{'name': 'cache', 'param': {'key': 'origin'}}, {'name': 'calc_angle_set2', 'param': {'key': 'angle1', 'iterations': 4, 'iter_save': False}}, {'name': 'text_orientation_set', 'param': {'key': 'angle2', 'iterations': 4, 'iter_save': False}}, {'name': 'load', 'param': {'key': 'origin'}}, {'name': 'rotate', 'param': {'key': 'angle1'}}, {'name': 'rotate', 'param': {'key': 'angle2'}}], 'result_file_map': {}}
[2025-06-23T16:57:00.559+0900] {logging_mixin.py:190} INFO - step : cache
[2025-06-23T16:57:00.563+0900] {logging_mixin.py:190} INFO - step : calc_angle_set2
[2025-06-23T16:57:06.399+0900] {logging_mixin.py:190} INFO - osd 1 0 0 24 10 [0, 0, 0, 0, 0, 0, 0, 0, 0, 0, 0, 0, 0, 0, 0, 0, 0, 0, 0, 0, 3, 9, 0, 0, 10, 4, 10, 9, 0, 0, 0, 0, 0, 0, 0, 0, 0, 0, 0, 0, 0]
[2025-06-23T16:57:14.028+0900] {logging_mixin.py:190} INFO - osd 2 0 0 24 10 [0, 0, 0, 0, 0, 0, 0, 0, 0, 0, 0, 0, 0, 0, 0, 0, 0, 0, 0, 0, 3, 9, 0, 0, 10, 4, 10, 9, 0, 0, 0, 0, 0, 0, 0, 0, 0, 0, 0, 0, 0]
[2025-06-23T16:57:21.583+0900] {logging_mixin.py:190} INFO - osd 3 0 0 24 10 [0, 0, 0, 0, 0, 0, 0, 0, 0, 0, 0, 0, 0, 0, 0, 0, 0, 0, 0, 0, 3, 9, 0, 0, 10, 4, 10, 9, 0, 0, 0, 0, 0, 0, 0, 0, 0, 0, 0, 0, 0]
[2025-06-23T16:57:28.561+0900] {logging_mixin.py:190} INFO - osd 4 0 0 24 10 [0, 0, 0, 0, 0, 0, 0, 0, 0, 0, 0, 0, 0, 0, 0, 0, 0, 0, 0, 0, 3, 9, 0, 0, 10, 4, 10, 9, 0, 0, 0, 0, 0, 0, 0, 0, 0, 0, 0, 0, 0]
[2025-06-23T16:57:28.585+0900] {logging_mixin.py:190} INFO - step : text_orientation_set
[2025-06-23T16:57:34.800+0900] {logging_mixin.py:190} INFO - Tesseract OSD Error: (1, 'Estimating resolution as 100 Warning. Invalid resolution 0 dpi. Using 70 instead. Too few characters. Skipping this page Error during processing.')
[2025-06-23T16:57:34.807+0900] {logging_mixin.py:190} INFO - step : load
[2025-06-23T16:57:34.811+0900] {logging_mixin.py:190} INFO - step : rotate
[2025-06-23T16:57:34.855+0900] {logging_mixin.py:190} INFO - step : rotate
[2025-06-23T16:57:34.964+0900] {logging_mixin.py:190} INFO - file_copy: /opt/***/data/temp/fb60aa4b-7fd3-45fd-8e1d-5b830b248ffe/fc0efd9b-0845-43f4-b7f6-b8e4ae27c7bf/_result.png
[2025-06-23T16:57:34.988+0900] {python.py:240} INFO - Done. Returned value was: {'file_id': 'fb60aa4b-7fd3-45fd-8e1d-5b830b248ffe', 'file_path': '/opt/***/data/class/a_class/classify/ready/false/copied_59_0000175621.png', 'false': {'process_id': '_fc0efd9b-0845-43f4-b7f6-b8e4ae27c7bf_pre', 'folder_path': 'fb60aa4b-7fd3-45fd-8e1d-5b830b248ffe/fc0efd9b-0845-43f4-b7f6-b8e4ae27c7bf', 'step_list': [{'name': 'cache', 'param': {'key': 'origin'}}, {'name': 'calc_angle_set2', 'param': {'key': 'angle1', 'iterations': 4, 'iter_save': False}}, {'name': 'text_orientation_set', 'param': {'key': 'angle2', 'iterations': 4, 'iter_save': False}}, {'name': 'load', 'param': {'key': 'origin'}}, {'name': 'rotate', 'param': {'key': 'angle1'}}, {'name': 'rotate', 'param': {'key': 'angle2'}}], 'result_file_map': {'_result': '/opt/***/data/temp/fb60aa4b-7fd3-45fd-8e1d-5b830b248ffe/fc0efd9b-0845-43f4-b7f6-b8e4ae27c7bf/_result.png'}}}
[2025-06-23T16:57:35.127+0900] {taskinstance.py:341} INFO - ::group::Post task execution logs
[2025-06-23T16:57:35.128+0900] {taskinstance.py:353} INFO - Marking task as SUCCESS. dag_id=lilt_document_classifier_balanced_V0.1, task_id=img_preprocess_task__1, run_id=manual__2025-06-23T07:44:09.997775+00:00, map_index=47, execution_date=20250623T074409, start_date=20250623T075700, end_date=20250623T075735
[2025-06-23T16:57:35.292+0900] {local_task_job_runner.py:266} INFO - Task exited with return code 0
[2025-06-23T16:57:35.530+0900] {taskinstance.py:3901} INFO - 0 downstream tasks scheduled from follow-on schedule check
[2025-06-23T16:57:35.564+0900] {local_task_job_runner.py:245} INFO - ::endgroup::
