[2025-05-27T08:34:24.818+0000] {local_task_job_runner.py:123} INFO - ::group::Pre task execution logs
[2025-05-27T08:34:25.170+0000] {taskinstance.py:2614} INFO - Dependencies all met for dep_context=non-requeueable deps ti=<TaskInstance: image_processing_per_file_v2.grayscale_task manual__2025-05-27T08:27:30.939474+00:00 map_index=321 [queued]>
[2025-05-27T08:34:25.422+0000] {taskinstance.py:2614} INFO - Dependencies all met for dep_context=requeueable deps ti=<TaskInstance: image_processing_per_file_v2.grayscale_task manual__2025-05-27T08:27:30.939474+00:00 map_index=321 [queued]>
[2025-05-27T08:34:25.432+0000] {taskinstance.py:2867} INFO - Starting attempt 1 of 1
[2025-05-27T08:34:25.508+0000] {taskinstance.py:2890} INFO - Executing <Mapped(_PythonDecoratedOperator): grayscale_task> on 2025-05-27 08:27:30.939474+00:00
[2025-05-27T08:34:25.628+0000] {standard_task_runner.py:104} INFO - Running: ['***', 'tasks', 'run', 'image_processing_per_file_v2', 'grayscale_task', 'manual__2025-05-27T08:27:30.939474+00:00', '--job-id', '414', '--raw', '--subdir', 'DAGS_FOLDER/test_dag.py', '--cfg-path', '/tmp/tmp38c8c0_v', '--map-index', '321']
[2025-05-27T08:34:25.675+0000] {standard_task_runner.py:105} INFO - Job 414: Subtask grayscale_task
[2025-05-27T08:34:25.704+0000] {logging_mixin.py:190} WARNING - /home/***/.local/lib/python3.12/site-packages/***/task/task_runner/standard_task_runner.py:70 DeprecationWarning: This process (pid=20630) is multi-threaded, use of fork() may lead to deadlocks in the child.
[2025-05-27T08:34:25.720+0000] {standard_task_runner.py:72} INFO - Started process 20716 to run task
[2025-05-27T08:34:26.120+0000] {task_command.py:467} INFO - Running <TaskInstance: image_processing_per_file_v2.grayscale_task manual__2025-05-27T08:27:30.939474+00:00 map_index=321 [running]> on host d13339a4a574
[2025-05-27T08:34:28.499+0000] {taskinstance.py:3134} INFO - Exporting env vars: AIRFLOW_CTX_DAG_OWNER='***' AIRFLOW_CTX_DAG_ID='image_processing_per_file_v2' AIRFLOW_CTX_TASK_ID='grayscale_task' AIRFLOW_CTX_EXECUTION_DATE='2025-05-27T08:27:30.939474+00:00' AIRFLOW_CTX_TRY_NUMBER='1' AIRFLOW_CTX_DAG_RUN_ID='manual__2025-05-27T08:27:30.939474+00:00'
[2025-05-27T08:34:28.512+0000] {logging_mixin.py:190} INFO - Task instance is in running state
[2025-05-27T08:34:28.529+0000] {logging_mixin.py:190} INFO -  Previous state of the Task instance: queued
[2025-05-27T08:34:28.532+0000] {logging_mixin.py:190} INFO - Current task name:grayscale_task state:running start_date:2025-05-27 08:34:25.176247+00:00
[2025-05-27T08:34:28.548+0000] {logging_mixin.py:190} INFO - Dag name:image_processing_per_file_v2 and current dag run status:running
[2025-05-27T08:34:28.568+0000] {taskinstance.py:732} INFO - ::endgroup::
[2025-05-27T08:34:28.588+0000] {logging_mixin.py:190} INFO - ----------file_path /opt/***/data/upload/test/스크린샷 2025-05-23 143432 - 복사본 (4) - 복사본.png
[2025-05-27T08:34:30.250+0000] {logging_mixin.py:190} INFO - gray: /opt/***/data/temp/스크린샷 2025-05-23 143432 - 복사본 (4) - 복사본.png
[2025-05-27T08:34:30.257+0000] {python.py:240} INFO - Done. Returned value was: /opt/***/data/temp/스크린샷 2025-05-23 143432 - 복사본 (4) - 복사본.png
[2025-05-27T08:34:30.356+0000] {taskinstance.py:341} INFO - ::group::Post task execution logs
[2025-05-27T08:34:30.366+0000] {taskinstance.py:353} INFO - Marking task as SUCCESS. dag_id=image_processing_per_file_v2, task_id=grayscale_task, run_id=manual__2025-05-27T08:27:30.939474+00:00, map_index=321, execution_date=20250527T082730, start_date=20250527T083425, end_date=20250527T083430
[2025-05-27T08:34:30.503+0000] {logging_mixin.py:190} INFO - Task instance in success state
[2025-05-27T08:34:30.524+0000] {logging_mixin.py:190} INFO -  Previous state of the Task instance: running
[2025-05-27T08:34:30.525+0000] {logging_mixin.py:190} INFO - Dag name:image_processing_per_file_v2 queued_at:2025-05-27 08:27:30.973127+00:00
[2025-05-27T08:34:30.541+0000] {logging_mixin.py:190} INFO - Task hostname:d13339a4a574 operator:_PythonDecoratedOperator
[2025-05-27T08:34:30.638+0000] {local_task_job_runner.py:266} INFO - Task exited with return code 0
[2025-05-27T08:34:30.851+0000] {standard_task_runner.py:217} INFO - Process not found (most likely exited), stop collecting metrics
[2025-05-27T08:34:31.288+0000] {taskinstance.py:3901} INFO - 0 downstream tasks scheduled from follow-on schedule check
[2025-05-27T08:34:31.312+0000] {local_task_job_runner.py:245} INFO - ::endgroup::
