[2025-06-24T11:32:53.187+0900] {local_task_job_runner.py:123} INFO - ::group::Pre task execution logs
[2025-06-24T11:32:53.286+0900] {taskinstance.py:2614} INFO - Dependencies all met for dep_context=non-requeueable deps ti=<TaskInstance: lilt_document_classifier_balanced_V0.1.img_preprocess_task manual__2025-06-24T02:31:44.485922+00:00 map_index=5 [queued]>
[2025-06-24T11:32:53.354+0900] {taskinstance.py:2614} INFO - Dependencies all met for dep_context=requeueable deps ti=<TaskInstance: lilt_document_classifier_balanced_V0.1.img_preprocess_task manual__2025-06-24T02:31:44.485922+00:00 map_index=5 [queued]>
[2025-06-24T11:32:53.355+0900] {taskinstance.py:2867} INFO - Starting attempt 1 of 1
[2025-06-24T11:32:53.389+0900] {taskinstance.py:2890} INFO - Executing <Mapped(_PythonDecoratedOperator): img_preprocess_task> on 2025-06-24 02:31:44.485922+00:00
[2025-06-24T11:32:53.407+0900] {warnings.py:112} WARNING - /home/***/.local/lib/python3.12/site-packages/***/task/task_runner/standard_task_runner.py:70: DeprecationWarning: This process (pid=33494) is multi-threaded, use of fork() may lead to deadlocks in the child.
  pid = os.fork()

[2025-06-24T11:32:53.408+0900] {standard_task_runner.py:104} INFO - Running: ['***', 'tasks', 'run', 'lilt_document_classifier_balanced_V0.1', 'img_preprocess_task', 'manual__2025-06-24T02:31:44.485922+00:00', '--job-id', '3741', '--raw', '--subdir', 'DAGS_FOLDER/class_create_dag.py', '--cfg-path', '/tmp/tmpn3xkud57', '--map-index', '5']
[2025-06-24T11:32:53.413+0900] {standard_task_runner.py:105} INFO - Job 3741: Subtask img_preprocess_task
[2025-06-24T11:32:53.411+0900] {standard_task_runner.py:72} INFO - Started process 33590 to run task
[2025-06-24T11:32:53.534+0900] {task_command.py:467} INFO - Running <TaskInstance: lilt_document_classifier_balanced_V0.1.img_preprocess_task manual__2025-06-24T02:31:44.485922+00:00 map_index=5 [running]> on host f6d4228a9eb8
[2025-06-24T11:32:53.897+0900] {taskinstance.py:3134} INFO - Exporting env vars: AIRFLOW_CTX_DAG_OWNER='***' AIRFLOW_CTX_DAG_ID='lilt_document_classifier_balanced_V0.1' AIRFLOW_CTX_TASK_ID='img_preprocess_task' AIRFLOW_CTX_EXECUTION_DATE='2025-06-24T02:31:44.485922+00:00' AIRFLOW_CTX_TRY_NUMBER='1' AIRFLOW_CTX_DAG_RUN_ID='manual__2025-06-24T02:31:44.485922+00:00'
[2025-06-24T11:32:53.904+0900] {taskinstance.py:732} INFO - ::endgroup::
[2025-06-24T11:32:53.913+0900] {logging_mixin.py:190} INFO - empty map check {} {'process_id': '_daf8409b-ad8e-41ed-93bf-892091f12e61_pre', 'folder_path': 'd75cef03-cc2b-4003-bf4d-f1da3893f517/daf8409b-ad8e-41ed-93bf-892091f12e61', 'step_list': [{'name': 'cache', 'param': {'key': 'origin'}}, {'name': 'calc_angle_set2', 'param': {'key': 'angle1', 'iterations': 4, 'iter_save': True}}, {'name': 'save', 'param': {'key': 'ag1'}}, {'name': 'text_orientation_set', 'param': {'key': 'angle2', 'iterations': 4, 'iter_save': True}}, {'name': 'save', 'param': {'key': 'ag2'}}, {'name': 'load', 'param': {'key': 'origin'}}, {'name': 'rotate', 'param': {'key': 'angle1'}}, {'name': 'rotate', 'param': {'key': 'angle2'}}], 'result_file_map': {}}
[2025-06-24T11:32:53.918+0900] {logging_mixin.py:190} INFO - step : cache
[2025-06-24T11:32:53.919+0900] {logging_mixin.py:190} INFO - step : calc_angle_set2
[2025-06-24T11:33:23.720+0900] {logging_mixin.py:190} INFO - osd 1 -5.0 -5.0 0 705582 [705582, 665968, 624755, 583370, 543482, 503605, 465487, 427691, 392054, 355600, 323528, 292580, 262248, 233678, 206985, 178711, 150133, 121674, 93733, 65536, 39370, 65519, 93275, 121615, 150077, 178649, 207354, 233592, 262586, 292886, 324331, 355909, 391964, 427504, 465387, 503410, 543360, 583160, 624603, 665749, 705351]
[2025-06-24T11:34:03.214+0900] {logging_mixin.py:190} INFO - osd 2 0.0 5.0 40 1888348 [1675778, 1621541, 1572424, 1519919, 1465777, 1415909, 1365585, 1313925, 1264228, 1209282, 1160306, 1110068, 1059581, 1012396, 959614, 910361, 858641, 811243, 765808, 716006, 670347, 721801, 776898, 827758, 881040, 939201, 995631, 1056857, 1114481, 1176533, 1240542, 1301327, 1371316, 1435741, 1502728, 1567575, 1632463, 1700142, 1764777, 1824719, 1888348]
[2025-06-24T11:34:50.900+0900] {logging_mixin.py:190} INFO - osd 3 -5.0 -5.0 0 3116770 [3116770, 3050752, 2989297, 2925193, 2864118, 2799542, 2739980, 2672681, 2609779, 2546366, 2484695, 2421499, 2355751, 2294002, 2228730, 2166376, 2102237, 2036454, 1971055, 1906639, 1843466, 1902706, 1963931, 2025615, 2087009, 2149332, 2208342, 2271083, 2331280, 2394073, 2454128, 2512969, 2573734, 2635374, 2699552, 2756678, 2818659, 2875865, 2938195, 2996387, 3059006]
[2025-06-24T11:35:55.811+0900] {logging_mixin.py:190} INFO - osd 4 0.0 5.0 40 4846243 [4670371, 4581334, 4495279, 4410339, 4325361, 4242270, 4155533, 4070348, 3988381, 3904076, 3824834, 3737959, 3660607, 3576928, 3496818, 3419590, 3343105, 3264414, 3188564, 3113053, 3045414, 3128973, 3220535, 3313598, 3406988, 3496223, 3586785, 3676872, 3771867, 3858816, 3954968, 4042266, 4134969, 4223709, 4314527, 4407178, 4494242, 4583072, 4670885, 4758017, 4846243]
[2025-06-24T11:35:56.596+0900] {logging_mixin.py:190} INFO - step : save
[2025-06-24T11:35:57.833+0900] {logging_mixin.py:190} INFO - file_copy: /opt/***/data/temp/d75cef03-cc2b-4003-bf4d-f1da3893f517/daf8409b-ad8e-41ed-93bf-892091f12e61/ag1.png
[2025-06-24T11:35:57.866+0900] {logging_mixin.py:190} INFO - step : text_orientation_set
[2025-06-24T11:36:17.082+0900] {logging_mixin.py:190} INFO - file_copy: /opt/***/data/temp/d75cef03-cc2b-4003-bf4d-f1da3893f517/daf8409b-ad8e-41ed-93bf-892091f12e61/rotate2_1.png
[2025-06-24T11:36:22.655+0900] {logging_mixin.py:190} INFO - osd 1 break  0 0 11.34 Japanese 0.35
[2025-06-24T11:36:22.666+0900] {logging_mixin.py:190} INFO - step : save
[2025-06-24T11:36:23.072+0900] {logging_mixin.py:190} INFO - file_copy: /opt/***/data/temp/d75cef03-cc2b-4003-bf4d-f1da3893f517/daf8409b-ad8e-41ed-93bf-892091f12e61/ag2.png
[2025-06-24T11:36:23.120+0900] {logging_mixin.py:190} INFO - step : load
[2025-06-24T11:36:23.121+0900] {logging_mixin.py:190} INFO - step : rotate
[2025-06-24T11:36:23.264+0900] {logging_mixin.py:190} INFO - step : rotate
[2025-06-24T11:36:23.581+0900] {logging_mixin.py:190} INFO - file_copy: /opt/***/data/temp/d75cef03-cc2b-4003-bf4d-f1da3893f517/daf8409b-ad8e-41ed-93bf-892091f12e61/_result.png
[2025-06-24T11:36:23.603+0900] {python.py:240} INFO - Done. Returned value was: {'file_id': 'd75cef03-cc2b-4003-bf4d-f1da3893f517', 'file_path': '/opt/***/data/class/a_class/classify/ready/true/남양주시 정덕빌딩 - 정부24 - 건축물대장 등본(초본) 발급(열람) _ 문서출력_page_1_aug1.png', 'true': {'process_id': '_daf8409b-ad8e-41ed-93bf-892091f12e61_pre', 'folder_path': 'd75cef03-cc2b-4003-bf4d-f1da3893f517/daf8409b-ad8e-41ed-93bf-892091f12e61', 'step_list': [{'name': 'cache', 'param': {'key': 'origin'}}, {'name': 'calc_angle_set2', 'param': {'key': 'angle1', 'iterations': 4, 'iter_save': True}}, {'name': 'save', 'param': {'key': 'ag1'}}, {'name': 'text_orientation_set', 'param': {'key': 'angle2', 'iterations': 4, 'iter_save': True}}, {'name': 'save', 'param': {'key': 'ag2'}}, {'name': 'load', 'param': {'key': 'origin'}}, {'name': 'rotate', 'param': {'key': 'angle1'}}, {'name': 'rotate', 'param': {'key': 'angle2'}}], 'result_file_map': {'ag1': '/opt/***/data/temp/d75cef03-cc2b-4003-bf4d-f1da3893f517/daf8409b-ad8e-41ed-93bf-892091f12e61/ag1.png', 'rotate2_1': '/opt/***/data/temp/d75cef03-cc2b-4003-bf4d-f1da3893f517/daf8409b-ad8e-41ed-93bf-892091f12e61/rotate2_1.png', 'ag2': '/opt/***/data/temp/d75cef03-cc2b-4003-bf4d-f1da3893f517/daf8409b-ad8e-41ed-93bf-892091f12e61/ag2.png', '_result': '/opt/***/data/temp/d75cef03-cc2b-4003-bf4d-f1da3893f517/daf8409b-ad8e-41ed-93bf-892091f12e61/_result.png'}}}
[2025-06-24T11:36:23.670+0900] {taskinstance.py:341} INFO - ::group::Post task execution logs
[2025-06-24T11:36:23.671+0900] {taskinstance.py:353} INFO - Marking task as SUCCESS. dag_id=lilt_document_classifier_balanced_V0.1, task_id=img_preprocess_task, run_id=manual__2025-06-24T02:31:44.485922+00:00, map_index=5, execution_date=20250624T023144, start_date=20250624T023253, end_date=20250624T023623
[2025-06-24T11:36:23.769+0900] {local_task_job_runner.py:266} INFO - Task exited with return code 0
[2025-06-24T11:36:24.089+0900] {taskinstance.py:3901} INFO - 0 downstream tasks scheduled from follow-on schedule check
[2025-06-24T11:36:24.103+0900] {local_task_job_runner.py:245} INFO - ::endgroup::
