[2025-06-24T11:32:53.734+0900] {local_task_job_runner.py:123} INFO - ::group::Pre task execution logs
[2025-06-24T11:32:53.829+0900] {taskinstance.py:2614} INFO - Dependencies all met for dep_context=non-requeueable deps ti=<TaskInstance: lilt_document_classifier_balanced_V0.1.img_preprocess_task manual__2025-06-24T02:31:44.485922+00:00 map_index=0 [queued]>
[2025-06-24T11:32:53.861+0900] {taskinstance.py:2614} INFO - Dependencies all met for dep_context=requeueable deps ti=<TaskInstance: lilt_document_classifier_balanced_V0.1.img_preprocess_task manual__2025-06-24T02:31:44.485922+00:00 map_index=0 [queued]>
[2025-06-24T11:32:53.862+0900] {taskinstance.py:2867} INFO - Starting attempt 1 of 1
[2025-06-24T11:32:53.915+0900] {taskinstance.py:2890} INFO - Executing <Mapped(_PythonDecoratedOperator): img_preprocess_task> on 2025-06-24 02:31:44.485922+00:00
[2025-06-24T11:32:53.945+0900] {warnings.py:112} WARNING - /home/***/.local/lib/python3.12/site-packages/***/task/task_runner/standard_task_runner.py:70: DeprecationWarning: This process (pid=33498) is multi-threaded, use of fork() may lead to deadlocks in the child.
  pid = os.fork()

[2025-06-24T11:32:53.952+0900] {standard_task_runner.py:72} INFO - Started process 33610 to run task
[2025-06-24T11:32:53.959+0900] {standard_task_runner.py:104} INFO - Running: ['***', 'tasks', 'run', 'lilt_document_classifier_balanced_V0.1', 'img_preprocess_task', 'manual__2025-06-24T02:31:44.485922+00:00', '--job-id', '3744', '--raw', '--subdir', 'DAGS_FOLDER/class_create_dag.py', '--cfg-path', '/tmp/tmp8rng_7bo', '--map-index', '0']
[2025-06-24T11:32:53.988+0900] {standard_task_runner.py:105} INFO - Job 3744: Subtask img_preprocess_task
[2025-06-24T11:32:54.139+0900] {task_command.py:467} INFO - Running <TaskInstance: lilt_document_classifier_balanced_V0.1.img_preprocess_task manual__2025-06-24T02:31:44.485922+00:00 map_index=0 [running]> on host f6d4228a9eb8
[2025-06-24T11:32:54.586+0900] {taskinstance.py:3134} INFO - Exporting env vars: AIRFLOW_CTX_DAG_OWNER='***' AIRFLOW_CTX_DAG_ID='lilt_document_classifier_balanced_V0.1' AIRFLOW_CTX_TASK_ID='img_preprocess_task' AIRFLOW_CTX_EXECUTION_DATE='2025-06-24T02:31:44.485922+00:00' AIRFLOW_CTX_TRY_NUMBER='1' AIRFLOW_CTX_DAG_RUN_ID='manual__2025-06-24T02:31:44.485922+00:00'
[2025-06-24T11:32:54.588+0900] {taskinstance.py:732} INFO - ::endgroup::
[2025-06-24T11:32:54.610+0900] {logging_mixin.py:190} INFO - empty map check {} {'process_id': '_400d845b-8a85-439a-999a-15fae0a3d462_pre', 'folder_path': 'abe0428f-2f65-4b36-95e0-2407e9687b33/400d845b-8a85-439a-999a-15fae0a3d462', 'step_list': [{'name': 'cache', 'param': {'key': 'origin'}}, {'name': 'calc_angle_set2', 'param': {'key': 'angle1', 'iterations': 4, 'iter_save': True}}, {'name': 'save', 'param': {'key': 'ag1'}}, {'name': 'text_orientation_set', 'param': {'key': 'angle2', 'iterations': 4, 'iter_save': True}}, {'name': 'save', 'param': {'key': 'ag2'}}, {'name': 'load', 'param': {'key': 'origin'}}, {'name': 'rotate', 'param': {'key': 'angle1'}}, {'name': 'rotate', 'param': {'key': 'angle2'}}], 'result_file_map': {}}
[2025-06-24T11:32:54.634+0900] {logging_mixin.py:190} INFO - step : cache
[2025-06-24T11:32:54.643+0900] {logging_mixin.py:190} INFO - step : calc_angle_set2
[2025-06-24T11:33:24.439+0900] {logging_mixin.py:190} INFO - osd 1 5.0 5.0 40 788448 [784490, 745319, 703980, 661467, 621176, 580473, 541157, 502496, 465124, 426159, 391877, 359150, 327065, 297977, 270979, 242364, 213454, 184662, 156393, 127860, 101402, 127875, 156009, 184708, 213540, 242491, 271566, 298139, 327631, 359032, 392204, 426334, 464855, 502072, 541674, 580861, 622155, 663211, 705767, 748637, 788448]
[2025-06-24T11:34:01.578+0900] {logging_mixin.py:190} INFO - osd 2 0.0 -5.0 0 1986905 [1986905, 1924149, 1863647, 1799487, 1731680, 1667708, 1603096, 1535841, 1471292, 1400720, 1337141, 1269903, 1205890, 1146783, 1084069, 1026573, 967383, 911947, 861329, 805689, 753305, 800673, 851837, 898336, 947495, 1000332, 1050487, 1104302, 1152249, 1203566, 1255361, 1305151, 1360980, 1411392, 1464626, 1515677, 1566075, 1621650, 1673741, 1724019, 1778606]
[2025-06-24T11:34:48.816+0900] {logging_mixin.py:190} INFO - osd 3 5.0 5.0 40 3223236 [3151870, 3088514, 3031139, 2969458, 2911678, 2850789, 2793535, 2728671, 2669141, 2608538, 2550121, 2489314, 2425695, 2366280, 2303915, 2245936, 2183263, 2121332, 2060249, 1998826, 1939926, 2003188, 2068637, 2134361, 2200138, 2265935, 2329285, 2395130, 2457411, 2524259, 2587000, 2649325, 2713064, 2777287, 2844602, 2905296, 2970279, 3030498, 3095946, 3157541, 3223236]
[2025-06-24T11:35:42.032+0900] {logging_mixin.py:190} INFO - osd 4 0.0 -5.0 0 4942834 [4942834, 4856090, 4768936, 4681134, 4593857, 4506291, 4415060, 4324634, 4237283, 4145441, 4058526, 3963167, 3875862, 3781466, 3690552, 3600834, 3510733, 3417815, 3325368, 3232205, 3149289, 3216963, 3293752, 3370967, 3448668, 3523552, 3599837, 3678471, 3761201, 3837827, 3922768, 3999997, 4083597, 4163528, 4248513, 4335530, 4420359, 4506260, 4593242, 4680149, 4770154]
[2025-06-24T11:35:42.778+0900] {logging_mixin.py:190} INFO - step : save
[2025-06-24T11:35:43.276+0900] {logging_mixin.py:190} INFO - file_copy: /opt/***/data/temp/abe0428f-2f65-4b36-95e0-2407e9687b33/400d845b-8a85-439a-999a-15fae0a3d462/ag1.png
[2025-06-24T11:35:43.308+0900] {logging_mixin.py:190} INFO - step : text_orientation_set
[2025-06-24T11:36:03.106+0900] {logging_mixin.py:190} INFO - file_copy: /opt/***/data/temp/abe0428f-2f65-4b36-95e0-2407e9687b33/400d845b-8a85-439a-999a-15fae0a3d462/rotate2_1.png
[2025-06-24T11:36:15.717+0900] {logging_mixin.py:190} INFO - osd 1 break  0 0 13.23 Japanese 0.5
[2025-06-24T11:36:15.729+0900] {logging_mixin.py:190} INFO - step : save
[2025-06-24T11:36:16.469+0900] {logging_mixin.py:190} INFO - file_copy: /opt/***/data/temp/abe0428f-2f65-4b36-95e0-2407e9687b33/400d845b-8a85-439a-999a-15fae0a3d462/ag2.png
[2025-06-24T11:36:16.541+0900] {logging_mixin.py:190} INFO - step : load
[2025-06-24T11:36:16.542+0900] {logging_mixin.py:190} INFO - step : rotate
[2025-06-24T11:36:16.677+0900] {logging_mixin.py:190} INFO - step : rotate
[2025-06-24T11:36:17.031+0900] {logging_mixin.py:190} INFO - file_copy: /opt/***/data/temp/abe0428f-2f65-4b36-95e0-2407e9687b33/400d845b-8a85-439a-999a-15fae0a3d462/_result.png
[2025-06-24T11:36:17.060+0900] {python.py:240} INFO - Done. Returned value was: {'file_id': 'abe0428f-2f65-4b36-95e0-2407e9687b33', 'file_path': '/opt/***/data/class/a_class/classify/ready/true/창동 정선빌딩 - 정부24 - 건축물대장 등본(초본) 발급(열람) _ 문서출력_page_1_aug1.png', 'true': {'process_id': '_400d845b-8a85-439a-999a-15fae0a3d462_pre', 'folder_path': 'abe0428f-2f65-4b36-95e0-2407e9687b33/400d845b-8a85-439a-999a-15fae0a3d462', 'step_list': [{'name': 'cache', 'param': {'key': 'origin'}}, {'name': 'calc_angle_set2', 'param': {'key': 'angle1', 'iterations': 4, 'iter_save': True}}, {'name': 'save', 'param': {'key': 'ag1'}}, {'name': 'text_orientation_set', 'param': {'key': 'angle2', 'iterations': 4, 'iter_save': True}}, {'name': 'save', 'param': {'key': 'ag2'}}, {'name': 'load', 'param': {'key': 'origin'}}, {'name': 'rotate', 'param': {'key': 'angle1'}}, {'name': 'rotate', 'param': {'key': 'angle2'}}], 'result_file_map': {'ag1': '/opt/***/data/temp/abe0428f-2f65-4b36-95e0-2407e9687b33/400d845b-8a85-439a-999a-15fae0a3d462/ag1.png', 'rotate2_1': '/opt/***/data/temp/abe0428f-2f65-4b36-95e0-2407e9687b33/400d845b-8a85-439a-999a-15fae0a3d462/rotate2_1.png', 'ag2': '/opt/***/data/temp/abe0428f-2f65-4b36-95e0-2407e9687b33/400d845b-8a85-439a-999a-15fae0a3d462/ag2.png', '_result': '/opt/***/data/temp/abe0428f-2f65-4b36-95e0-2407e9687b33/400d845b-8a85-439a-999a-15fae0a3d462/_result.png'}}}
[2025-06-24T11:36:17.129+0900] {taskinstance.py:341} INFO - ::group::Post task execution logs
[2025-06-24T11:36:17.133+0900] {taskinstance.py:353} INFO - Marking task as SUCCESS. dag_id=lilt_document_classifier_balanced_V0.1, task_id=img_preprocess_task, run_id=manual__2025-06-24T02:31:44.485922+00:00, map_index=0, execution_date=20250624T023144, start_date=20250624T023253, end_date=20250624T023617
[2025-06-24T11:36:17.410+0900] {local_task_job_runner.py:266} INFO - Task exited with return code 0
[2025-06-24T11:36:17.577+0900] {taskinstance.py:3901} INFO - 0 downstream tasks scheduled from follow-on schedule check
[2025-06-24T11:36:17.585+0900] {local_task_job_runner.py:245} INFO - ::endgroup::
