[2025-05-28T08:23:42.868+0000] {local_task_job_runner.py:123} INFO - ::group::Pre task execution logs
[2025-05-28T08:23:42.984+0000] {taskinstance.py:2614} INFO - Dependencies all met for dep_context=non-requeueable deps ti=<TaskInstance: image_processing_per_file_v2.preprocess_group.img_preprocess_task manual__2025-05-28T08:23:32.023314+00:00 map_index=4 [queued]>
[2025-05-28T08:23:43.037+0000] {taskinstance.py:2614} INFO - Dependencies all met for dep_context=requeueable deps ti=<TaskInstance: image_processing_per_file_v2.preprocess_group.img_preprocess_task manual__2025-05-28T08:23:32.023314+00:00 map_index=4 [queued]>
[2025-05-28T08:23:43.041+0000] {taskinstance.py:2867} INFO - Starting attempt 1 of 1
[2025-05-28T08:23:43.099+0000] {taskinstance.py:2890} INFO - Executing <Task(_PythonDecoratedOperator): preprocess_group.img_preprocess_task> on 2025-05-28 08:23:32.023314+00:00
[2025-05-28T08:23:43.241+0000] {standard_task_runner.py:104} INFO - Running: ['***', 'tasks', 'run', 'image_processing_per_file_v2', 'preprocess_group.img_preprocess_task', 'manual__2025-05-28T08:23:32.023314+00:00', '--job-id', '234', '--raw', '--subdir', 'DAGS_FOLDER/test_dag.py', '--cfg-path', '/tmp/tmplborevsg', '--map-index', '4']
[2025-05-28T08:23:43.257+0000] {standard_task_runner.py:105} INFO - Job 234: Subtask preprocess_group.img_preprocess_task
[2025-05-28T08:23:43.352+0000] {logging_mixin.py:190} WARNING - /home/***/.local/lib/python3.12/site-packages/***/task/task_runner/standard_task_runner.py:70 DeprecationWarning: This process (pid=78157) is multi-threaded, use of fork() may lead to deadlocks in the child.
[2025-05-28T08:23:43.361+0000] {standard_task_runner.py:72} INFO - Started process 78289 to run task
[2025-05-28T08:23:43.648+0000] {task_command.py:467} INFO - Running <TaskInstance: image_processing_per_file_v2.preprocess_group.img_preprocess_task manual__2025-05-28T08:23:32.023314+00:00 map_index=4 [running]> on host 293edbf976f9
[2025-05-28T08:23:44.187+0000] {taskinstance.py:3134} INFO - Exporting env vars: AIRFLOW_CTX_DAG_OWNER='***' AIRFLOW_CTX_DAG_ID='image_processing_per_file_v2' AIRFLOW_CTX_TASK_ID='preprocess_group.img_preprocess_task' AIRFLOW_CTX_EXECUTION_DATE='2025-05-28T08:23:32.023314+00:00' AIRFLOW_CTX_TRY_NUMBER='1' AIRFLOW_CTX_DAG_RUN_ID='manual__2025-05-28T08:23:32.023314+00:00'
[2025-05-28T08:23:44.189+0000] {logging_mixin.py:190} INFO - Task instance is in running state
[2025-05-28T08:23:44.191+0000] {logging_mixin.py:190} INFO -  Previous state of the Task instance: queued
[2025-05-28T08:23:44.204+0000] {logging_mixin.py:190} INFO - Current task name:preprocess_group.img_preprocess_task state:running start_date:2025-05-28 08:23:42.990050+00:00
[2025-05-28T08:23:44.209+0000] {logging_mixin.py:190} INFO - Dag name:image_processing_per_file_v2 and current dag run status:running
[2025-05-28T08:23:44.209+0000] {taskinstance.py:732} INFO - ::endgroup::
[2025-05-28T08:23:44.433+0000] {python.py:240} INFO - Done. Returned value was: /opt/***/data/temp/e7e10d2f-db18-4626-b2ce-211e0d9530b2.png
[2025-05-28T08:23:44.536+0000] {taskinstance.py:341} INFO - ::group::Post task execution logs
[2025-05-28T08:23:44.538+0000] {taskinstance.py:353} INFO - Marking task as SUCCESS. dag_id=image_processing_per_file_v2, task_id=preprocess_group.img_preprocess_task, run_id=manual__2025-05-28T08:23:32.023314+00:00, map_index=4, execution_date=20250528T082332, start_date=20250528T082342, end_date=20250528T082344
[2025-05-28T08:23:44.608+0000] {logging_mixin.py:190} INFO - Task instance in success state
[2025-05-28T08:23:44.612+0000] {logging_mixin.py:190} INFO -  Previous state of the Task instance: running
[2025-05-28T08:23:44.615+0000] {logging_mixin.py:190} INFO - Dag name:image_processing_per_file_v2 queued_at:2025-05-28 08:23:32.107669+00:00
[2025-05-28T08:23:44.620+0000] {logging_mixin.py:190} INFO - Task hostname:293edbf976f9 operator:_PythonDecoratedOperator
[2025-05-28T08:23:44.840+0000] {local_task_job_runner.py:266} INFO - Task exited with return code 0
[2025-05-28T08:23:44.911+0000] {local_task_job_runner.py:245} INFO - ::endgroup::
