[2025-06-25T09:10:51.499+0900] {local_task_job_runner.py:123} INFO - ::group::Pre task execution logs
[2025-06-25T09:10:51.590+0900] {taskinstance.py:2614} INFO - Dependencies all met for dep_context=non-requeueable deps ti=<TaskInstance: lilt_document_classifier_balanced_V0.1.img_preprocess_task manual__2025-06-25T00:04:18.909063+00:00 map_index=41 [queued]>
[2025-06-25T09:10:51.621+0900] {taskinstance.py:2614} INFO - Dependencies all met for dep_context=requeueable deps ti=<TaskInstance: lilt_document_classifier_balanced_V0.1.img_preprocess_task manual__2025-06-25T00:04:18.909063+00:00 map_index=41 [queued]>
[2025-06-25T09:10:51.621+0900] {taskinstance.py:2867} INFO - Starting attempt 1 of 1
[2025-06-25T09:10:51.649+0900] {taskinstance.py:2890} INFO - Executing <Mapped(_PythonDecoratedOperator): img_preprocess_task> on 2025-06-25 00:04:18.909063+00:00
[2025-06-25T09:10:51.671+0900] {warnings.py:112} WARNING - /home/***/.local/lib/python3.12/site-packages/***/task/task_runner/standard_task_runner.py:70: DeprecationWarning: This process (pid=73750) is multi-threaded, use of fork() may lead to deadlocks in the child.
  pid = os.fork()

[2025-06-25T09:10:51.681+0900] {standard_task_runner.py:72} INFO - Started process 73768 to run task
[2025-06-25T09:10:51.675+0900] {standard_task_runner.py:104} INFO - Running: ['***', 'tasks', 'run', 'lilt_document_classifier_balanced_V0.1', 'img_preprocess_task', 'manual__2025-06-25T00:04:18.909063+00:00', '--job-id', '4881', '--raw', '--subdir', 'DAGS_FOLDER/class_create_dag.py', '--cfg-path', '/tmp/tmp88voj1v4', '--map-index', '41']
[2025-06-25T09:10:51.688+0900] {standard_task_runner.py:105} INFO - Job 4881: Subtask img_preprocess_task
[2025-06-25T09:10:51.838+0900] {task_command.py:467} INFO - Running <TaskInstance: lilt_document_classifier_balanced_V0.1.img_preprocess_task manual__2025-06-25T00:04:18.909063+00:00 map_index=41 [running]> on host f6d4228a9eb8
[2025-06-25T09:10:52.086+0900] {taskinstance.py:3134} INFO - Exporting env vars: AIRFLOW_CTX_DAG_OWNER='***' AIRFLOW_CTX_DAG_ID='lilt_document_classifier_balanced_V0.1' AIRFLOW_CTX_TASK_ID='img_preprocess_task' AIRFLOW_CTX_EXECUTION_DATE='2025-06-25T00:04:18.909063+00:00' AIRFLOW_CTX_TRY_NUMBER='1' AIRFLOW_CTX_DAG_RUN_ID='manual__2025-06-25T00:04:18.909063+00:00'
[2025-06-25T09:10:52.099+0900] {taskinstance.py:732} INFO - ::endgroup::
[2025-06-25T09:10:52.103+0900] {logging_mixin.py:190} INFO - empty map check {} {'process_id': '_f154457e-e10d-4129-a227-0d5dc226ba2a_pre', 'folder_path': '99aa9680-6bb6-496a-ab11-55ce5b97a130/f154457e-e10d-4129-a227-0d5dc226ba2a', 'step_list': [{'name': 'cache', 'param': {'cache_key': 'origin'}}, {'name': 'calc_angle_set2', 'param': {'angle_key': 'angle1', 'iterations': 4, 'iter_save': False}}, {'name': 'text_orientation_set', 'param': {'angle_key': 'angle2', 'iterations': 4, 'iter_save': False}}, {'name': 'load', 'param': {'cache_key': 'origin'}}, {'name': 'rotate', 'param': {'angle_key': 'angle1'}}, {'name': 'rotate', 'param': {'angle_key': 'angle2'}}], 'result_file_map': {}}
[2025-06-25T09:10:52.110+0900] {logging_mixin.py:190} INFO - step : cache
[2025-06-25T09:10:52.111+0900] {logging_mixin.py:190} INFO - step : calc_angle_set2
[2025-06-25T09:11:20.820+0900] {logging_mixin.py:190} INFO - osd 1 -1.5 -1.5 14 122402 [0, 0, 0, 0, 0, 0, 0, 0, 22, 1579, 13991, 34700, 55180, 91098, 122402, 63806, 44818, 26321, 10584, 2893, 0, 0, 0, 0, 0, 0, 0, 0, 0, 0, 0, 0, 0, 0, 0, 0, 0, 0, 0, 0, 0]
[2025-06-25T09:11:44.493+0900] {logging_mixin.py:190} INFO - osd 2 -1.5 0.0 20 131016 [0, 0, 0, 0, 0, 0, 0, 0, 0, 0, 0, 0, 0, 0, 19, 2617, 17428, 38964, 60579, 100681, 131016, 70141, 51005, 29600, 12836, 3398, 1792, 0, 0, 0, 0, 0, 0, 0, 0, 0, 0, 0, 0, 0, 0]
[2025-06-25T09:12:10.977+0900] {logging_mixin.py:190} INFO - osd 3 -1.5 0.0 20 131016 [0, 0, 0, 0, 0, 0, 0, 0, 0, 0, 0, 0, 0, 0, 19, 2617, 17428, 38964, 60579, 100681, 131016, 70141, 51005, 29600, 12836, 3398, 1792, 0, 0, 0, 0, 0, 0, 0, 0, 0, 0, 0, 0, 0, 0]
[2025-06-25T09:12:36.642+0900] {logging_mixin.py:190} INFO - osd 4 -1.5 0.0 20 131016 [0, 0, 0, 0, 0, 0, 0, 0, 0, 0, 0, 0, 0, 0, 19, 2617, 17428, 38964, 60579, 100681, 131016, 70141, 51005, 29600, 12836, 3398, 1792, 0, 0, 0, 0, 0, 0, 0, 0, 0, 0, 0, 0, 0, 0]
[2025-06-25T09:12:36.728+0900] {logging_mixin.py:190} INFO - step : text_orientation_set
[2025-06-25T09:12:50.977+0900] {logging_mixin.py:190} INFO - osd 1 break  0 0 8.69 Korean 0.7
[2025-06-25T09:12:50.977+0900] {logging_mixin.py:190} INFO - step : load
[2025-06-25T09:12:50.980+0900] {logging_mixin.py:190} INFO - step : rotate
[2025-06-25T09:12:51.494+0900] {logging_mixin.py:190} INFO - step : rotate
[2025-06-25T09:12:52.013+0900] {logging_mixin.py:190} INFO - file_copy: /opt/***/data/temp/99aa9680-6bb6-496a-ab11-55ce5b97a130/f154457e-e10d-4129-a227-0d5dc226ba2a/_result.png
[2025-06-25T09:12:52.060+0900] {python.py:240} INFO - Done. Returned value was: {'file_id': '99aa9680-6bb6-496a-ab11-55ce5b97a130', 'file_path': '/opt/***/data/class/a_class/classify/ready/true/청진동 삼선빌딩 - 정부24 - 건축물대장 등본(초본) 발급(열람) _ 문서출력_page_1_aug0.png', 'true': {'process_id': '_f154457e-e10d-4129-a227-0d5dc226ba2a_pre', 'folder_path': '99aa9680-6bb6-496a-ab11-55ce5b97a130/f154457e-e10d-4129-a227-0d5dc226ba2a', 'step_list': [{'name': 'cache', 'param': {'cache_key': 'origin'}}, {'name': 'calc_angle_set2', 'param': {'angle_key': 'angle1', 'iterations': 4, 'iter_save': False}}, {'name': 'text_orientation_set', 'param': {'angle_key': 'angle2', 'iterations': 4, 'iter_save': False}}, {'name': 'load', 'param': {'cache_key': 'origin'}}, {'name': 'rotate', 'param': {'angle_key': 'angle1'}}, {'name': 'rotate', 'param': {'angle_key': 'angle2'}}], 'result_file_map': {'_result': '/opt/***/data/temp/99aa9680-6bb6-496a-ab11-55ce5b97a130/f154457e-e10d-4129-a227-0d5dc226ba2a/_result.png'}}}
[2025-06-25T09:12:52.182+0900] {taskinstance.py:341} INFO - ::group::Post task execution logs
[2025-06-25T09:12:52.183+0900] {taskinstance.py:353} INFO - Marking task as SUCCESS. dag_id=lilt_document_classifier_balanced_V0.1, task_id=img_preprocess_task, run_id=manual__2025-06-25T00:04:18.909063+00:00, map_index=41, execution_date=20250625T000418, start_date=20250625T001051, end_date=20250625T001252
[2025-06-25T09:12:52.384+0900] {local_task_job_runner.py:266} INFO - Task exited with return code 0
[2025-06-25T09:12:52.509+0900] {taskinstance.py:3901} INFO - 0 downstream tasks scheduled from follow-on schedule check
[2025-06-25T09:12:52.526+0900] {local_task_job_runner.py:245} INFO - ::endgroup::
