[2025-06-19T13:27:43.462+0900] {local_task_job_runner.py:123} INFO - ::group::Pre task execution logs
[2025-06-19T13:27:43.490+0900] {taskinstance.py:2614} INFO - Dependencies all met for dep_context=non-requeueable deps ti=<TaskInstance: image_classify_v1.image_classify_task_group.img_preprocess_task manual__2025-06-19T04:27:28.264923+00:00 map_index=2 [queued]>
[2025-06-19T13:27:43.501+0900] {taskinstance.py:2614} INFO - Dependencies all met for dep_context=requeueable deps ti=<TaskInstance: image_classify_v1.image_classify_task_group.img_preprocess_task manual__2025-06-19T04:27:28.264923+00:00 map_index=2 [queued]>
[2025-06-19T13:27:43.502+0900] {taskinstance.py:2867} INFO - Starting attempt 1 of 1
[2025-06-19T13:27:43.518+0900] {taskinstance.py:2890} INFO - Executing <Mapped(_PythonDecoratedOperator): image_classify_task_group.img_preprocess_task> on 2025-06-19 04:27:28.264923+00:00
[2025-06-19T13:27:43.532+0900] {warnings.py:112} WARNING - /home/***/.local/lib/python3.12/site-packages/***/task/task_runner/standard_task_runner.py:70: DeprecationWarning: This process (pid=50025) is multi-threaded, use of fork() may lead to deadlocks in the child.
  pid = os.fork()

[2025-06-19T13:27:43.534+0900] {standard_task_runner.py:72} INFO - Started process 50070 to run task
[2025-06-19T13:27:43.534+0900] {standard_task_runner.py:104} INFO - Running: ['***', 'tasks', 'run', 'image_classify_v1', 'image_classify_task_group.img_preprocess_task', 'manual__2025-06-19T04:27:28.264923+00:00', '--job-id', '1268', '--raw', '--subdir', 'DAGS_FOLDER/img_classify.py', '--cfg-path', '/tmp/tmphehu5nv5', '--map-index', '2']
[2025-06-19T13:27:43.539+0900] {standard_task_runner.py:105} INFO - Job 1268: Subtask image_classify_task_group.img_preprocess_task
[2025-06-19T13:27:43.595+0900] {task_command.py:467} INFO - Running <TaskInstance: image_classify_v1.image_classify_task_group.img_preprocess_task manual__2025-06-19T04:27:28.264923+00:00 map_index=2 [running]> on host f6d4228a9eb8
[2025-06-19T13:27:43.683+0900] {taskinstance.py:3134} INFO - Exporting env vars: AIRFLOW_CTX_DAG_OWNER='***' AIRFLOW_CTX_DAG_ID='image_classify_v1' AIRFLOW_CTX_TASK_ID='image_classify_task_group.img_preprocess_task' AIRFLOW_CTX_EXECUTION_DATE='2025-06-19T04:27:28.264923+00:00' AIRFLOW_CTX_TRY_NUMBER='1' AIRFLOW_CTX_DAG_RUN_ID='manual__2025-06-19T04:27:28.264923+00:00'
[2025-06-19T13:27:43.685+0900] {taskinstance.py:732} INFO - ::endgroup::
[2025-06-19T13:27:43.687+0900] {logging_mixin.py:190} INFO - empty map check {} {'process_id': '_2fb5a21c-5ded-4648-94ba-1f34afbf5f91_pre', 'folder_path': '18c4d96b-62e7-4316-b913-506bfce3ab1a/2fb5a21c-5ded-4648-94ba-1f34afbf5f91', 'step_list': [{'name': 'cache', 'param': {'key': 'origin'}}, {'name': 'calc_angle_set1', 'param': {'key': 'angle1', 'iterations': 4, 'iter_save': False}}, {'name': 'text_orientation_set', 'param': {'key': 'angle2', 'iterations': 4, 'iter_save': False}}, {'name': 'load', 'param': {'key': 'origin'}}, {'name': 'rotate', 'param': {'key': 'angle1'}}, {'name': 'rotate', 'param': {'key': 'angle2'}}], 'result_file_map': {}}
[2025-06-19T13:27:43.688+0900] {logging_mixin.py:190} INFO - step : cache
[2025-06-19T13:27:43.690+0900] {logging_mixin.py:190} INFO - step : calc_angle_set1
[2025-06-19T13:27:43.739+0900] {logging_mixin.py:190} INFO - angle1 :  0 90.67748768789167 90.81044119421189 90.81088231180019 90.52415507024762 90.56447217530697
[2025-06-19T13:27:43.908+0900] {logging_mixin.py:190} INFO - angle2 :  90.67748768789167 90.0073497012338 180.15577933206134 180.15586408644856 -0.12096205711875398 -0.16128255645588765
[2025-06-19T13:27:44.142+0900] {logging_mixin.py:190} INFO - angle3 :  180.68483738912548 89.98170441171635 90.12469137988859 90.12469137988859 89.83871744354411 89.83871744354411
[2025-06-19T13:27:44.319+0900] {logging_mixin.py:190} INFO - angle4 :  270.66654180084186 90.0073497012338 180.15586408644856 180.15577933206134 -0.16128255645588765 -0.12096205711875398
[2025-06-19T13:27:44.443+0900] {logging_mixin.py:190} INFO - step : text_orientation_set
[2025-06-19T13:27:52.825+0900] {logging_mixin.py:190} INFO - osd 1 270 270 5.87 Cyrillic 0.57
[2025-06-19T13:28:01.274+0900] {logging_mixin.py:190} INFO - osd 2 450 180 2.65 Cyrillic 0.22
[2025-06-19T13:28:08.654+0900] {logging_mixin.py:190} INFO - osd 3 break  450 0 3.4 Latin 0.54
[2025-06-19T13:28:08.657+0900] {logging_mixin.py:190} INFO - step : load
[2025-06-19T13:28:08.657+0900] {logging_mixin.py:190} INFO - step : rotate
[2025-06-19T13:28:08.739+0900] {logging_mixin.py:190} INFO - step : rotate
[2025-06-19T13:28:09.037+0900] {logging_mixin.py:190} INFO - file_copy: /opt/***/data/temp/18c4d96b-62e7-4316-b913-506bfce3ab1a/2fb5a21c-5ded-4648-94ba-1f34afbf5f91/_result.png
[2025-06-19T13:28:09.054+0900] {python.py:240} INFO - Done. Returned value was: {'file_id': '18c4d96b-62e7-4316-b913-506bfce3ab1a', 'file_path': '/opt/***/data/upload/Gas Engine 점검일지_ 2021년 2월.pdf-image-005.jpg', 'result': {'process_id': '_2fb5a21c-5ded-4648-94ba-1f34afbf5f91_pre', 'folder_path': '18c4d96b-62e7-4316-b913-506bfce3ab1a/2fb5a21c-5ded-4648-94ba-1f34afbf5f91', 'step_list': [{'name': 'cache', 'param': {'key': 'origin'}}, {'name': 'calc_angle_set1', 'param': {'key': 'angle1', 'iterations': 4, 'iter_save': False}}, {'name': 'text_orientation_set', 'param': {'key': 'angle2', 'iterations': 4, 'iter_save': False}}, {'name': 'load', 'param': {'key': 'origin'}}, {'name': 'rotate', 'param': {'key': 'angle1'}}, {'name': 'rotate', 'param': {'key': 'angle2'}}], 'result_file_map': {'_result': '/opt/***/data/temp/18c4d96b-62e7-4316-b913-506bfce3ab1a/2fb5a21c-5ded-4648-94ba-1f34afbf5f91/_result.png'}}}
[2025-06-19T13:28:09.353+0900] {taskinstance.py:341} INFO - ::group::Post task execution logs
[2025-06-19T13:28:09.354+0900] {taskinstance.py:353} INFO - Marking task as SUCCESS. dag_id=image_classify_v1, task_id=image_classify_task_group.img_preprocess_task, run_id=manual__2025-06-19T04:27:28.264923+00:00, map_index=2, execution_date=20250619T042728, start_date=20250619T042743, end_date=20250619T042809
[2025-06-19T13:28:09.421+0900] {local_task_job_runner.py:266} INFO - Task exited with return code 0
[2025-06-19T13:28:09.502+0900] {taskinstance.py:3901} INFO - 6 downstream tasks scheduled from follow-on schedule check
[2025-06-19T13:28:09.506+0900] {local_task_job_runner.py:245} INFO - ::endgroup::
