[2025-05-27T08:40:37.606+0000] {local_task_job_runner.py:123} INFO - ::group::Pre task execution logs
[2025-05-27T08:40:39.031+0000] {taskinstance.py:2614} INFO - Dependencies all met for dep_context=non-requeueable deps ti=<TaskInstance: image_processing_per_file_v2.file_copy_task manual__2025-05-27T08:27:30.939474+00:00 map_index=249 [queued]>
[2025-05-27T08:40:39.794+0000] {taskinstance.py:2614} INFO - Dependencies all met for dep_context=requeueable deps ti=<TaskInstance: image_processing_per_file_v2.file_copy_task manual__2025-05-27T08:27:30.939474+00:00 map_index=249 [queued]>
[2025-05-27T08:40:39.802+0000] {taskinstance.py:2867} INFO - Starting attempt 1 of 1
[2025-05-27T08:40:40.022+0000] {taskinstance.py:2890} INFO - Executing <Mapped(_PythonDecoratedOperator): file_copy_task> on 2025-05-27 08:27:30.939474+00:00
[2025-05-27T08:40:40.143+0000] {logging_mixin.py:190} WARNING - /home/***/.local/lib/python3.12/site-packages/***/task/task_runner/standard_task_runner.py:70 DeprecationWarning: This process (pid=23255) is multi-threaded, use of fork() may lead to deadlocks in the child.
[2025-05-27T08:40:40.162+0000] {standard_task_runner.py:72} INFO - Started process 23346 to run task
[2025-05-27T08:40:40.271+0000] {standard_task_runner.py:104} INFO - Running: ['***', 'tasks', 'run', 'image_processing_per_file_v2', 'file_copy_task', 'manual__2025-05-27T08:27:30.939474+00:00', '--job-id', '706', '--raw', '--subdir', 'DAGS_FOLDER/test_dag.py', '--cfg-path', '/tmp/tmptvwg9uc6', '--map-index', '249']
[2025-05-27T08:40:40.273+0000] {standard_task_runner.py:105} INFO - Job 706: Subtask file_copy_task
[2025-05-27T08:40:40.676+0000] {task_command.py:467} INFO - Running <TaskInstance: image_processing_per_file_v2.file_copy_task manual__2025-05-27T08:27:30.939474+00:00 map_index=249 [running]> on host d13339a4a574
[2025-05-27T08:40:41.663+0000] {taskinstance.py:3134} INFO - Exporting env vars: AIRFLOW_CTX_DAG_OWNER='***' AIRFLOW_CTX_DAG_ID='image_processing_per_file_v2' AIRFLOW_CTX_TASK_ID='file_copy_task' AIRFLOW_CTX_EXECUTION_DATE='2025-05-27T08:27:30.939474+00:00' AIRFLOW_CTX_TRY_NUMBER='1' AIRFLOW_CTX_DAG_RUN_ID='manual__2025-05-27T08:27:30.939474+00:00'
[2025-05-27T08:40:41.683+0000] {logging_mixin.py:190} INFO - Task instance is in running state
[2025-05-27T08:40:41.734+0000] {logging_mixin.py:190} INFO -  Previous state of the Task instance: queued
[2025-05-27T08:40:41.797+0000] {logging_mixin.py:190} INFO - Current task name:file_copy_task state:running start_date:2025-05-27 08:40:39.114105+00:00
[2025-05-27T08:40:41.817+0000] {logging_mixin.py:190} INFO - Dag name:image_processing_per_file_v2 and current dag run status:running
[2025-05-27T08:40:41.819+0000] {taskinstance.py:732} INFO - ::endgroup::
[2025-05-27T08:40:41.905+0000] {logging_mixin.py:190} INFO - copy: /opt/***/data/result/test/스크린샷 2025-05-23 141009 - 복사본 (13) - 복사본 - 복사본.png
[2025-05-27T08:40:41.906+0000] {python.py:240} INFO - Done. Returned value was: /opt/***/data/result/test/스크린샷 2025-05-23 141009 - 복사본 (13) - 복사본 - 복사본.png
[2025-05-27T08:40:42.187+0000] {taskinstance.py:341} INFO - ::group::Post task execution logs
[2025-05-27T08:40:42.199+0000] {taskinstance.py:353} INFO - Marking task as SUCCESS. dag_id=image_processing_per_file_v2, task_id=file_copy_task, run_id=manual__2025-05-27T08:27:30.939474+00:00, map_index=249, execution_date=20250527T082730, start_date=20250527T084039, end_date=20250527T084042
[2025-05-27T08:40:42.581+0000] {logging_mixin.py:190} INFO - Task instance in success state
[2025-05-27T08:40:42.590+0000] {logging_mixin.py:190} INFO -  Previous state of the Task instance: running
[2025-05-27T08:40:42.602+0000] {logging_mixin.py:190} INFO - Dag name:image_processing_per_file_v2 queued_at:2025-05-27 08:27:30.973127+00:00
[2025-05-27T08:40:42.615+0000] {logging_mixin.py:190} INFO - Task hostname:d13339a4a574 operator:_PythonDecoratedOperator
[2025-05-27T08:40:42.881+0000] {local_task_job_runner.py:266} INFO - Task exited with return code 0
[2025-05-27T08:40:42.955+0000] {local_task_job_runner.py:245} INFO - ::endgroup::
