[2025-06-25T18:34:58.215+0900] {local_task_job_runner.py:123} INFO - ::group::Pre task execution logs
[2025-06-25T18:34:58.302+0900] {taskinstance.py:2614} INFO - Dependencies all met for dep_context=non-requeueable deps ti=<TaskInstance: lilt_document_classifier_balanced_V0.1.img_preprocess_task manual__2025-06-25T09:28:52.715795+00:00 map_index=26 [queued]>
[2025-06-25T18:34:58.352+0900] {taskinstance.py:2614} INFO - Dependencies all met for dep_context=requeueable deps ti=<TaskInstance: lilt_document_classifier_balanced_V0.1.img_preprocess_task manual__2025-06-25T09:28:52.715795+00:00 map_index=26 [queued]>
[2025-06-25T18:34:58.353+0900] {taskinstance.py:2867} INFO - Starting attempt 1 of 1
[2025-06-25T18:34:58.454+0900] {taskinstance.py:2890} INFO - Executing <Mapped(_PythonDecoratedOperator): img_preprocess_task> on 2025-06-25 09:28:52.715795+00:00
[2025-06-25T18:34:58.579+0900] {warnings.py:112} WARNING - /home/***/.local/lib/python3.12/site-packages/***/task/task_runner/standard_task_runner.py:70: DeprecationWarning: This process (pid=1826) is multi-threaded, use of fork() may lead to deadlocks in the child.
  pid = os.fork()

[2025-06-25T18:34:58.605+0900] {standard_task_runner.py:72} INFO - Started process 1932 to run task
[2025-06-25T18:34:58.605+0900] {standard_task_runner.py:104} INFO - Running: ['***', 'tasks', 'run', 'lilt_document_classifier_balanced_V0.1', 'img_preprocess_task', 'manual__2025-06-25T09:28:52.715795+00:00', '--job-id', '5385', '--raw', '--subdir', 'DAGS_FOLDER/class_create_dag.py', '--cfg-path', '/tmp/tmp3hkaxg6e', '--map-index', '26']
[2025-06-25T18:34:58.635+0900] {standard_task_runner.py:105} INFO - Job 5385: Subtask img_preprocess_task
[2025-06-25T18:34:58.732+0900] {task_command.py:467} INFO - Running <TaskInstance: lilt_document_classifier_balanced_V0.1.img_preprocess_task manual__2025-06-25T09:28:52.715795+00:00 map_index=26 [running]> on host f6d4228a9eb8
[2025-06-25T18:34:59.022+0900] {taskinstance.py:3134} INFO - Exporting env vars: AIRFLOW_CTX_DAG_OWNER='***' AIRFLOW_CTX_DAG_ID='lilt_document_classifier_balanced_V0.1' AIRFLOW_CTX_TASK_ID='img_preprocess_task' AIRFLOW_CTX_EXECUTION_DATE='2025-06-25T09:28:52.715795+00:00' AIRFLOW_CTX_TRY_NUMBER='1' AIRFLOW_CTX_DAG_RUN_ID='manual__2025-06-25T09:28:52.715795+00:00'
[2025-06-25T18:34:59.035+0900] {taskinstance.py:732} INFO - ::endgroup::
[2025-06-25T18:34:59.053+0900] {logging_mixin.py:190} INFO - empty map check {} {}
[2025-06-25T18:34:59.073+0900] {logging_mixin.py:190} INFO - step : cache
[2025-06-25T18:34:59.076+0900] {logging_mixin.py:190} INFO - step : calc_angle_set2
[2025-06-25T18:35:08.435+0900] {logging_mixin.py:190} INFO - osd 1 0.0 0.0 5 23957 [0, 0, 0, 0, 0, 23957, 0, 0, 0, 0, 0]
[2025-06-25T18:35:17.112+0900] {logging_mixin.py:190} INFO - osd 2 0.0 0.0 5 23957 [0, 0, 0, 0, 0, 23957, 0, 0, 0, 0, 0]
[2025-06-25T18:35:17.320+0900] {logging_mixin.py:190} INFO - step : calc_angle_set2
[2025-06-25T18:35:26.968+0900] {logging_mixin.py:190} INFO - osd 1 1.0 1.0 9 176238 [0, 0, 0, 0, 0, 0, 36, 83, 23957, 176238, 48938, 94, 51, 2, 3, 0, 0]
[2025-06-25T18:35:34.556+0900] {logging_mixin.py:190} INFO - osd 2 1.0 0.0 8 175582 [0, 0, 0, 0, 0, 0, 0, 27637, 175582, 48819, 0, 37, 1, 0, 0, 0, 0]
[2025-06-25T18:35:34.657+0900] {logging_mixin.py:190} INFO - step : calc_angle_set2
[2025-06-25T18:35:41.414+0900] {logging_mixin.py:190} INFO - osd 1 0.125 0.125 9 204475 [27637, 39073, 51361, 63497, 75308, 87675, 100609, 137630, 175582, 204475, 171626, 129743, 97091, 85198, 73107, 61212, 48819]
[2025-06-25T18:35:50.258+0900] {logging_mixin.py:190} INFO - osd 2 0.125 0.0 8 206098 [41430, 52949, 65032, 77122, 89138, 102662, 140554, 181026, 206098, 174671, 132853, 98916, 87097, 74927, 62837, 50709, 38319]
[2025-06-25T18:35:50.369+0900] {logging_mixin.py:190} INFO - step : text_orientation_set
[2025-06-25T18:36:02.712+0900] {logging_mixin.py:190} INFO - osd 1 break  0 0 6.79 Korean 1.26
[2025-06-25T18:36:03.148+0900] {logging_mixin.py:190} INFO - file_copy: /opt/***/data/temp/76da3379-39da-44af-b9ef-472a678df79f/eda6b155-a0db-490c-b4b7-6e5928c2b101/_result.png
[2025-06-25T18:36:03.208+0900] {python.py:240} INFO - Done. Returned value was: {'file_id': '76da3379-39da-44af-b9ef-472a678df79f', 'file_path': '/opt/***/data/class/a_class/classify/ready/true/송정동 연세빌딩 - 정부24 - 건축물대장 등본(초본) 발급(열람) _ 문서출력_page_1_aug0.png', 'true': {'process_id': '_eda6b155-a0db-490c-b4b7-6e5928c2b101_pre', 'folder_path': '76da3379-39da-44af-b9ef-472a678df79f/eda6b155-a0db-490c-b4b7-6e5928c2b101', 'step_list': [{'name': 'cache', 'param': {'cache_key': 'origin'}}, {'name': 'calc_angle_set2', 'param': {'angle_key': 'angle2_1', 'delta': 8.0, 'limit': 40, 'iterations': 2, 'iter_save': False}}, {'name': 'calc_angle_set2', 'param': {'angle_key': 'angle2_2', 'delta': 1.0, 'limit': 8, 'iterations': 2, 'iter_save': False}}, {'name': 'calc_angle_set2', 'param': {'angle_key': 'angle2_3', 'delta': 0.125, 'limit': 1, 'iterations': 2, 'iter_save': False}}, {'name': 'text_orientation_set', 'param': {'angle_key': 'orint', 'iterations': 3, 'iter_save': False}}], 'result_file_map': {'_result': '/opt/***/data/temp/76da3379-39da-44af-b9ef-472a678df79f/eda6b155-a0db-490c-b4b7-6e5928c2b101/_result.png'}}}
[2025-06-25T18:36:03.303+0900] {taskinstance.py:341} INFO - ::group::Post task execution logs
[2025-06-25T18:36:03.307+0900] {taskinstance.py:353} INFO - Marking task as SUCCESS. dag_id=lilt_document_classifier_balanced_V0.1, task_id=img_preprocess_task, run_id=manual__2025-06-25T09:28:52.715795+00:00, map_index=26, execution_date=20250625T092852, start_date=20250625T093458, end_date=20250625T093603
[2025-06-25T18:36:03.504+0900] {local_task_job_runner.py:266} INFO - Task exited with return code 0
[2025-06-25T18:36:03.610+0900] {taskinstance.py:3901} INFO - 0 downstream tasks scheduled from follow-on schedule check
[2025-06-25T18:36:03.652+0900] {standard_task_runner.py:217} INFO - Process not found (most likely exited), stop collecting metrics
[2025-06-25T18:36:03.653+0900] {local_task_job_runner.py:245} INFO - ::endgroup::
