[2025-06-24T16:53:15.745+0900] {local_task_job_runner.py:123} INFO - ::group::Pre task execution logs
[2025-06-24T16:53:15.809+0900] {taskinstance.py:2614} INFO - Dependencies all met for dep_context=non-requeueable deps ti=<TaskInstance: lilt_document_classifier_balanced_V0.1.img_preprocess_task manual__2025-06-24T07:39:02.784990+00:00 map_index=88 [queued]>
[2025-06-24T16:53:15.838+0900] {taskinstance.py:2614} INFO - Dependencies all met for dep_context=requeueable deps ti=<TaskInstance: lilt_document_classifier_balanced_V0.1.img_preprocess_task manual__2025-06-24T07:39:02.784990+00:00 map_index=88 [queued]>
[2025-06-24T16:53:15.839+0900] {taskinstance.py:2867} INFO - Starting attempt 1 of 1
[2025-06-24T16:53:15.909+0900] {taskinstance.py:2890} INFO - Executing <Mapped(_PythonDecoratedOperator): img_preprocess_task> on 2025-06-24 07:39:02.784990+00:00
[2025-06-24T16:53:15.951+0900] {standard_task_runner.py:104} INFO - Running: ['***', 'tasks', 'run', 'lilt_document_classifier_balanced_V0.1', 'img_preprocess_task', 'manual__2025-06-24T07:39:02.784990+00:00', '--job-id', '4591', '--raw', '--subdir', 'DAGS_FOLDER/class_create_dag.py', '--cfg-path', '/tmp/tmp7x7l50j6', '--map-index', '88']
[2025-06-24T16:53:15.954+0900] {warnings.py:112} WARNING - /home/***/.local/lib/python3.12/site-packages/***/task/task_runner/standard_task_runner.py:70: DeprecationWarning: This process (pid=57162) is multi-threaded, use of fork() may lead to deadlocks in the child.
  pid = os.fork()

[2025-06-24T16:53:15.957+0900] {standard_task_runner.py:105} INFO - Job 4591: Subtask img_preprocess_task
[2025-06-24T16:53:15.963+0900] {standard_task_runner.py:72} INFO - Started process 57193 to run task
[2025-06-24T16:53:16.118+0900] {task_command.py:467} INFO - Running <TaskInstance: lilt_document_classifier_balanced_V0.1.img_preprocess_task manual__2025-06-24T07:39:02.784990+00:00 map_index=88 [running]> on host f6d4228a9eb8
[2025-06-24T16:53:16.354+0900] {taskinstance.py:3134} INFO - Exporting env vars: AIRFLOW_CTX_DAG_OWNER='***' AIRFLOW_CTX_DAG_ID='lilt_document_classifier_balanced_V0.1' AIRFLOW_CTX_TASK_ID='img_preprocess_task' AIRFLOW_CTX_EXECUTION_DATE='2025-06-24T07:39:02.784990+00:00' AIRFLOW_CTX_TRY_NUMBER='1' AIRFLOW_CTX_DAG_RUN_ID='manual__2025-06-24T07:39:02.784990+00:00'
[2025-06-24T16:53:16.356+0900] {taskinstance.py:732} INFO - ::endgroup::
[2025-06-24T16:53:16.360+0900] {logging_mixin.py:190} INFO - empty map check {} {'process_id': '_f8bf8989-1027-48ae-9e56-350f87bbedad_pre', 'folder_path': '94a06131-62fd-44b5-9f8a-9cde273c0002/f8bf8989-1027-48ae-9e56-350f87bbedad', 'step_list': [{'name': 'cache', 'param': {'key': 'origin'}}, {'name': 'calc_angle_set2', 'param': {'key': 'angle1', 'iterations': 4, 'iter_save': False}}, {'name': 'text_orientation_set', 'param': {'key': 'angle2', 'iterations': 4, 'iter_save': False}}, {'name': 'load', 'param': {'key': 'origin'}}, {'name': 'rotate', 'param': {'key': 'angle1'}}, {'name': 'rotate', 'param': {'key': 'angle2'}}], 'result_file_map': {}}
[2025-06-24T16:53:16.361+0900] {logging_mixin.py:190} INFO - step : cache
[2025-06-24T16:53:16.361+0900] {logging_mixin.py:190} INFO - step : calc_angle_set2
[2025-06-24T16:53:38.905+0900] {logging_mixin.py:190} INFO - osd 1 0.25 0.25 21 141157 [0, 0, 0, 0, 0, 0, 0, 0, 25, 0, 0, 0, 11, 15, 0, 1249, 6908, 23112, 46896, 70926, 98236, 141157, 94096, 64084, 43687, 22752, 7140, 412, 0, 0, 0, 0, 0, 0, 0, 0, 0, 0, 0, 0, 0]
[2025-06-24T16:53:56.622+0900] {logging_mixin.py:190} INFO - osd 2 0.25 0.0 20 149122 [0, 0, 0, 0, 0, 0, 0, 0, 0, 0, 18, 0, 17, 19, 1824, 9122, 28854, 52106, 74156, 102161, 149122, 103645, 71079, 50123, 28506, 10476, 995, 0, 0, 0, 0, 22, 0, 0, 0, 0, 0, 0, 0, 0, 0]
[2025-06-24T16:54:21.163+0900] {logging_mixin.py:190} INFO - osd 3 0.25 0.0 20 149122 [0, 0, 0, 0, 0, 0, 0, 0, 0, 0, 18, 0, 17, 19, 1824, 9122, 28854, 52106, 74156, 102161, 149122, 103645, 71079, 50123, 28506, 10476, 995, 0, 0, 0, 0, 22, 0, 0, 0, 0, 0, 0, 0, 0, 0]
[2025-06-24T16:54:36.579+0900] {logging_mixin.py:190} INFO - osd 4 0.25 0.0 20 149122 [0, 0, 0, 0, 0, 0, 0, 0, 0, 0, 18, 0, 17, 19, 1824, 9122, 28854, 52106, 74156, 102161, 149122, 103645, 71079, 50123, 28506, 10476, 995, 0, 0, 0, 0, 22, 0, 0, 0, 0, 0, 0, 0, 0, 0]
[2025-06-24T16:54:36.749+0900] {logging_mixin.py:190} INFO - step : text_orientation_set
[2025-06-24T16:54:43.590+0900] {logging_mixin.py:190} INFO - osd 1 break  0 0 8.28 Korean 1.08
[2025-06-24T16:54:43.597+0900] {logging_mixin.py:190} INFO - step : load
[2025-06-24T16:54:43.601+0900] {logging_mixin.py:190} INFO - step : rotate
[2025-06-24T16:54:43.754+0900] {logging_mixin.py:190} INFO - step : rotate
[2025-06-24T16:54:44.202+0900] {logging_mixin.py:190} INFO - file_copy: /opt/***/data/temp/94a06131-62fd-44b5-9f8a-9cde273c0002/f8bf8989-1027-48ae-9e56-350f87bbedad/_result.png
[2025-06-24T16:54:44.264+0900] {python.py:240} INFO - Done. Returned value was: {'file_id': '94a06131-62fd-44b5-9f8a-9cde273c0002', 'file_path': '/opt/***/data/class/a_class/classify/ready/true/종로 우성빌딩 - 정부24 - 건축물대장 등본(초본) 발급(열람) _ 문서출력_page_1_aug1.png', 'true': {'process_id': '_f8bf8989-1027-48ae-9e56-350f87bbedad_pre', 'folder_path': '94a06131-62fd-44b5-9f8a-9cde273c0002/f8bf8989-1027-48ae-9e56-350f87bbedad', 'step_list': [{'name': 'cache', 'param': {'key': 'origin'}}, {'name': 'calc_angle_set2', 'param': {'key': 'angle1', 'iterations': 4, 'iter_save': False}}, {'name': 'text_orientation_set', 'param': {'key': 'angle2', 'iterations': 4, 'iter_save': False}}, {'name': 'load', 'param': {'key': 'origin'}}, {'name': 'rotate', 'param': {'key': 'angle1'}}, {'name': 'rotate', 'param': {'key': 'angle2'}}], 'result_file_map': {'_result': '/opt/***/data/temp/94a06131-62fd-44b5-9f8a-9cde273c0002/f8bf8989-1027-48ae-9e56-350f87bbedad/_result.png'}}}
[2025-06-24T16:54:44.322+0900] {taskinstance.py:341} INFO - ::group::Post task execution logs
[2025-06-24T16:54:44.324+0900] {taskinstance.py:353} INFO - Marking task as SUCCESS. dag_id=lilt_document_classifier_balanced_V0.1, task_id=img_preprocess_task, run_id=manual__2025-06-24T07:39:02.784990+00:00, map_index=88, execution_date=20250624T073902, start_date=20250624T075315, end_date=20250624T075444
[2025-06-24T16:54:44.522+0900] {local_task_job_runner.py:266} INFO - Task exited with return code 0
[2025-06-24T16:54:44.593+0900] {taskinstance.py:3901} INFO - 0 downstream tasks scheduled from follow-on schedule check
[2025-06-24T16:54:44.653+0900] {local_task_job_runner.py:245} INFO - ::endgroup::
