[2025-06-24T16:03:35.536+0900] {local_task_job_runner.py:123} INFO - ::group::Pre task execution logs
[2025-06-24T16:03:35.629+0900] {taskinstance.py:2614} INFO - Dependencies all met for dep_context=non-requeueable deps ti=<TaskInstance: lilt_document_classifier_balanced_V0.1.img_preprocess_task__1 manual__2025-06-24T06:53:42.323966+00:00 map_index=45 [queued]>
[2025-06-24T16:03:35.755+0900] {taskinstance.py:2614} INFO - Dependencies all met for dep_context=requeueable deps ti=<TaskInstance: lilt_document_classifier_balanced_V0.1.img_preprocess_task__1 manual__2025-06-24T06:53:42.323966+00:00 map_index=45 [queued]>
[2025-06-24T16:03:35.769+0900] {taskinstance.py:2867} INFO - Starting attempt 1 of 1
[2025-06-24T16:03:35.827+0900] {taskinstance.py:2890} INFO - Executing <Mapped(_PythonDecoratedOperator): img_preprocess_task__1> on 2025-06-24 06:53:42.323966+00:00
[2025-06-24T16:03:35.902+0900] {standard_task_runner.py:104} INFO - Running: ['***', 'tasks', 'run', 'lilt_document_classifier_balanced_V0.1', 'img_preprocess_task__1', 'manual__2025-06-24T06:53:42.323966+00:00', '--job-id', '4311', '--raw', '--subdir', 'DAGS_FOLDER/class_create_dag.py', '--cfg-path', '/tmp/tmpmnlgx_ml', '--map-index', '45']
[2025-06-24T16:03:35.917+0900] {standard_task_runner.py:105} INFO - Job 4311: Subtask img_preprocess_task__1
[2025-06-24T16:03:35.900+0900] {warnings.py:112} WARNING - /home/***/.local/lib/python3.12/site-packages/***/task/task_runner/standard_task_runner.py:70: DeprecationWarning: This process (pid=49318) is multi-threaded, use of fork() may lead to deadlocks in the child.
  pid = os.fork()

[2025-06-24T16:03:35.932+0900] {standard_task_runner.py:72} INFO - Started process 49343 to run task
[2025-06-24T16:03:36.082+0900] {task_command.py:467} INFO - Running <TaskInstance: lilt_document_classifier_balanced_V0.1.img_preprocess_task__1 manual__2025-06-24T06:53:42.323966+00:00 map_index=45 [running]> on host f6d4228a9eb8
[2025-06-24T16:03:36.604+0900] {taskinstance.py:3134} INFO - Exporting env vars: AIRFLOW_CTX_DAG_OWNER='***' AIRFLOW_CTX_DAG_ID='lilt_document_classifier_balanced_V0.1' AIRFLOW_CTX_TASK_ID='img_preprocess_task__1' AIRFLOW_CTX_EXECUTION_DATE='2025-06-24T06:53:42.323966+00:00' AIRFLOW_CTX_TRY_NUMBER='1' AIRFLOW_CTX_DAG_RUN_ID='manual__2025-06-24T06:53:42.323966+00:00'
[2025-06-24T16:03:36.605+0900] {taskinstance.py:732} INFO - ::endgroup::
[2025-06-24T16:03:36.610+0900] {logging_mixin.py:190} INFO - empty map check {} {'process_id': '_57ff3878-4891-4b3c-ae61-e21c161100f2_pre', 'folder_path': 'c952a6f7-cc05-4e0a-9158-f58dc8a8ec5f/57ff3878-4891-4b3c-ae61-e21c161100f2', 'step_list': [{'name': 'cache', 'param': {'key': 'origin'}}, {'name': 'calc_angle_set2', 'param': {'key': 'angle1', 'iterations': 4, 'iter_save': False}}, {'name': 'text_orientation_set', 'param': {'key': 'angle2', 'iterations': 4, 'iter_save': False}}, {'name': 'load', 'param': {'key': 'origin'}}, {'name': 'rotate', 'param': {'key': 'angle1'}}, {'name': 'rotate', 'param': {'key': 'angle2'}}], 'result_file_map': {}}
[2025-06-24T16:03:36.612+0900] {logging_mixin.py:190} INFO - step : cache
[2025-06-24T16:03:36.616+0900] {logging_mixin.py:190} INFO - step : calc_angle_set2
[2025-06-24T16:03:43.375+0900] {logging_mixin.py:190} INFO - osd 1 1.0 1.0 24 3155 [0, 0, 0, 0, 1, 2, 5, 6, 31, 9, 40, 27, 74, 224, 396, 751, 993, 1208, 1658, 1918, 2165, 2563, 2902, 2943, 3155, 3131, 2916, 3050, 2660, 2174, 1919, 1565, 1259, 1007, 696, 488, 252, 166, 116, 112, 79]
[2025-06-24T16:03:49.107+0900] {logging_mixin.py:190} INFO - osd 2 1.25 0.25 21 3318 [4, 13, 11, 28, 31, 32, 42, 64, 152, 254, 447, 754, 993, 1359, 1728, 2001, 2333, 2701, 2922, 3109, 3207, 3318, 3094, 3146, 2717, 2425, 2050, 1948, 1510, 1025, 912, 615, 310, 201, 206, 134, 92, 111, 90, 67, 50]
[2025-06-24T16:03:54.407+0900] {logging_mixin.py:190} INFO - osd 3 1.0 -0.25 19 3455 [14, 10, 23, 49, 34, 95, 90, 110, 327, 540, 854, 1194, 1470, 1961, 2156, 2467, 2863, 2937, 3423, 3455, 3410, 3124, 3166, 2812, 2556, 2259, 1904, 1672, 1388, 893, 679, 458, 223, 172, 171, 127, 77, 62, 72, 51, 42]
[2025-06-24T16:04:00.784+0900] {logging_mixin.py:190} INFO - osd 4 1.25 0.25 21 3547 [1, 14, 11, 21, 46, 40, 66, 119, 137, 390, 617, 944, 1243, 1525, 1868, 2210, 2398, 2892, 2954, 3270, 3370, 3547, 3281, 3244, 2824, 2606, 2230, 2057, 1593, 1254, 1084, 770, 475, 343, 186, 117, 130, 111, 85, 68, 68]
[2025-06-24T16:04:00.815+0900] {logging_mixin.py:190} INFO - step : text_orientation_set
[2025-06-24T16:04:08.162+0900] {logging_mixin.py:190} INFO - osd 1 180 180 0.0 Arabic 10.0
[2025-06-24T16:04:12.918+0900] {logging_mixin.py:190} INFO - osd 2 break  180 0 0.39 Arabic 8.33
[2025-06-24T16:04:12.920+0900] {logging_mixin.py:190} INFO - step : load
[2025-06-24T16:04:12.922+0900] {logging_mixin.py:190} INFO - step : rotate
[2025-06-24T16:04:12.996+0900] {logging_mixin.py:190} INFO - step : rotate
[2025-06-24T16:04:13.366+0900] {logging_mixin.py:190} INFO - file_copy: /opt/***/data/temp/c952a6f7-cc05-4e0a-9158-f58dc8a8ec5f/57ff3878-4891-4b3c-ae61-e21c161100f2/_result.png
[2025-06-24T16:04:13.387+0900] {python.py:240} INFO - Done. Returned value was: {'file_id': 'c952a6f7-cc05-4e0a-9158-f58dc8a8ec5f', 'file_path': '/opt/***/data/class/a_class/classify/ready/false/copied_79_2028436626_2028436632.png', 'false': {'process_id': '_57ff3878-4891-4b3c-ae61-e21c161100f2_pre', 'folder_path': 'c952a6f7-cc05-4e0a-9158-f58dc8a8ec5f/57ff3878-4891-4b3c-ae61-e21c161100f2', 'step_list': [{'name': 'cache', 'param': {'key': 'origin'}}, {'name': 'calc_angle_set2', 'param': {'key': 'angle1', 'iterations': 4, 'iter_save': False}}, {'name': 'text_orientation_set', 'param': {'key': 'angle2', 'iterations': 4, 'iter_save': False}}, {'name': 'load', 'param': {'key': 'origin'}}, {'name': 'rotate', 'param': {'key': 'angle1'}}, {'name': 'rotate', 'param': {'key': 'angle2'}}], 'result_file_map': {'_result': '/opt/***/data/temp/c952a6f7-cc05-4e0a-9158-f58dc8a8ec5f/57ff3878-4891-4b3c-ae61-e21c161100f2/_result.png'}}}
[2025-06-24T16:04:13.464+0900] {taskinstance.py:341} INFO - ::group::Post task execution logs
[2025-06-24T16:04:13.464+0900] {taskinstance.py:353} INFO - Marking task as SUCCESS. dag_id=lilt_document_classifier_balanced_V0.1, task_id=img_preprocess_task__1, run_id=manual__2025-06-24T06:53:42.323966+00:00, map_index=45, execution_date=20250624T065342, start_date=20250624T070335, end_date=20250624T070413
[2025-06-24T16:04:13.756+0900] {local_task_job_runner.py:266} INFO - Task exited with return code 0
[2025-06-24T16:04:13.851+0900] {taskinstance.py:3901} INFO - 0 downstream tasks scheduled from follow-on schedule check
[2025-06-24T16:04:13.856+0900] {local_task_job_runner.py:245} INFO - ::endgroup::
