[2025-06-18T13:49:59.297+0900] {local_task_job_runner.py:123} INFO - ::group::Pre task execution logs
[2025-06-18T13:49:59.509+0900] {taskinstance.py:2614} INFO - Dependencies all met for dep_context=non-requeueable deps ti=<TaskInstance: lilt_document_classifier_balanced_V0.1.img_preprocess_task__1 manual__2025-06-18T04:46:36.476365+00:00 map_index=60 [queued]>
[2025-06-18T13:49:59.615+0900] {taskinstance.py:2614} INFO - Dependencies all met for dep_context=requeueable deps ti=<TaskInstance: lilt_document_classifier_balanced_V0.1.img_preprocess_task__1 manual__2025-06-18T04:46:36.476365+00:00 map_index=60 [queued]>
[2025-06-18T13:49:59.621+0900] {taskinstance.py:2867} INFO - Starting attempt 1 of 1
[2025-06-18T13:49:59.684+0900] {taskinstance.py:2890} INFO - Executing <Mapped(_PythonDecoratedOperator): img_preprocess_task__1> on 2025-06-18 04:46:36.476365+00:00
[2025-06-18T13:49:59.731+0900] {warnings.py:112} WARNING - /home/***/.local/lib/python3.12/site-packages/***/task/task_runner/standard_task_runner.py:70: DeprecationWarning: This process (pid=28763) is multi-threaded, use of fork() may lead to deadlocks in the child.
  pid = os.fork()

[2025-06-18T13:49:59.742+0900] {standard_task_runner.py:72} INFO - Started process 28802 to run task
[2025-06-18T13:49:59.746+0900] {standard_task_runner.py:104} INFO - Running: ['***', 'tasks', 'run', 'lilt_document_classifier_balanced_V0.1', 'img_preprocess_task__1', 'manual__2025-06-18T04:46:36.476365+00:00', '--job-id', '1139', '--raw', '--subdir', 'DAGS_FOLDER/class_create_dag.py', '--cfg-path', '/tmp/tmp5kf33cxx', '--map-index', '60']
[2025-06-18T13:49:59.774+0900] {standard_task_runner.py:105} INFO - Job 1139: Subtask img_preprocess_task__1
[2025-06-18T13:49:59.952+0900] {task_command.py:467} INFO - Running <TaskInstance: lilt_document_classifier_balanced_V0.1.img_preprocess_task__1 manual__2025-06-18T04:46:36.476365+00:00 map_index=60 [running]> on host f6d4228a9eb8
[2025-06-18T13:50:00.463+0900] {taskinstance.py:3134} INFO - Exporting env vars: AIRFLOW_CTX_DAG_OWNER='***' AIRFLOW_CTX_DAG_ID='lilt_document_classifier_balanced_V0.1' AIRFLOW_CTX_TASK_ID='img_preprocess_task__1' AIRFLOW_CTX_EXECUTION_DATE='2025-06-18T04:46:36.476365+00:00' AIRFLOW_CTX_TRY_NUMBER='1' AIRFLOW_CTX_DAG_RUN_ID='manual__2025-06-18T04:46:36.476365+00:00'
[2025-06-18T13:50:00.473+0900] {taskinstance.py:732} INFO - ::endgroup::
[2025-06-18T13:50:00.490+0900] {logging_mixin.py:190} INFO - empty map check {} {'process_id': '_8d929e75-384b-4538-a1af-9cf3a4e70e4d_pre', 'folder_path': '0fb10b98-322d-4b37-a331-d6470169bdd9/8d929e75-384b-4538-a1af-9cf3a4e70e4d', 'step_list': [{'name': 'cache', 'param': {'key': 'origin'}}, {'name': 'calc_angle_set1', 'param': {'key': 'angle1', 'iterations': 4, 'iter_save': False}}, {'name': 'text_orientation_set', 'param': {'key': 'angle2', 'iterations': 4, 'iter_save': False}}, {'name': 'load', 'param': {'key': 'origin'}}, {'name': 'rotate', 'param': {'key': 'angle1'}}, {'name': 'rotate', 'param': {'key': 'angle2'}}, {'name': 'save', 'param': {'key': 'classify_preprocess'}}], 'result_file_list': []}
[2025-06-18T13:50:00.499+0900] {logging_mixin.py:190} INFO - step : cache
[2025-06-18T13:50:00.507+0900] {logging_mixin.py:190} INFO - step : calc_angle_set1
[2025-06-18T13:50:00.609+0900] {logging_mixin.py:190} INFO - step : text_orientation_set
[2025-06-18T13:50:10.068+0900] {logging_mixin.py:190} INFO - osd 1 180 180 0.29 Greek 0.69
[2025-06-18T13:50:22.457+0900] {logging_mixin.py:190} INFO - osd 2 break  180 0 1.25 Greek 0.56
[2025-06-18T13:50:22.463+0900] {logging_mixin.py:190} INFO - step : load
[2025-06-18T13:50:22.466+0900] {logging_mixin.py:190} INFO - step : rotate
[2025-06-18T13:50:22.494+0900] {logging_mixin.py:190} INFO - step : rotate
[2025-06-18T13:50:22.559+0900] {logging_mixin.py:190} INFO - step : save
[2025-06-18T13:50:23.119+0900] {logging_mixin.py:190} INFO - file_copy: /opt/***/data/temp/0fb10b98-322d-4b37-a331-d6470169bdd9/8d929e75-384b-4538-a1af-9cf3a4e70e4d/classify_preprocess.png
[2025-06-18T13:50:23.139+0900] {python.py:240} INFO - Done. Returned value was: {'file_id': '0fb10b98-322d-4b37-a331-d6470169bdd9', 'file_path': '/opt/***/data/class/a_class/classify/ready/false/copied_66_1001893371.png', 'false': {'process_id': '_8d929e75-384b-4538-a1af-9cf3a4e70e4d_pre', 'folder_path': '0fb10b98-322d-4b37-a331-d6470169bdd9/8d929e75-384b-4538-a1af-9cf3a4e70e4d', 'step_list': [{'name': 'cache', 'param': {'key': 'origin'}}, {'name': 'calc_angle_set1', 'param': {'key': 'angle1', 'iterations': 4, 'iter_save': False}}, {'name': 'text_orientation_set', 'param': {'key': 'angle2', 'iterations': 4, 'iter_save': False}}, {'name': 'load', 'param': {'key': 'origin'}}, {'name': 'rotate', 'param': {'key': 'angle1'}}, {'name': 'rotate', 'param': {'key': 'angle2'}}, {'name': 'save', 'param': {'key': 'classify_preprocess'}}], 'result_file_list': [{'key': 'classify_preprocess', 'path': '/opt/***/data/temp/0fb10b98-322d-4b37-a331-d6470169bdd9/8d929e75-384b-4538-a1af-9cf3a4e70e4d/classify_preprocess.png'}]}}
[2025-06-18T13:50:23.317+0900] {taskinstance.py:341} INFO - ::group::Post task execution logs
[2025-06-18T13:50:23.332+0900] {taskinstance.py:353} INFO - Marking task as SUCCESS. dag_id=lilt_document_classifier_balanced_V0.1, task_id=img_preprocess_task__1, run_id=manual__2025-06-18T04:46:36.476365+00:00, map_index=60, execution_date=20250618T044636, start_date=20250618T044959, end_date=20250618T045023
[2025-06-18T13:50:23.526+0900] {local_task_job_runner.py:266} INFO - Task exited with return code 0
[2025-06-18T13:50:23.740+0900] {taskinstance.py:3901} INFO - 0 downstream tasks scheduled from follow-on schedule check
[2025-06-18T13:50:23.755+0900] {local_task_job_runner.py:245} INFO - ::endgroup::
