[2025-05-26T06:01:24.970+0000] {local_task_job_runner.py:123} INFO - ::group::Pre task execution logs
[2025-05-26T06:01:24.988+0000] {taskinstance.py:2614} INFO - Dependencies all met for dep_context=non-requeueable deps ti=<TaskInstance: image_processing_per_file_v2.read_config_task manual__2025-05-26T06:01:22.583694+00:00 [queued]>
[2025-05-26T06:01:24.995+0000] {taskinstance.py:2614} INFO - Dependencies all met for dep_context=requeueable deps ti=<TaskInstance: image_processing_per_file_v2.read_config_task manual__2025-05-26T06:01:22.583694+00:00 [queued]>
[2025-05-26T06:01:24.997+0000] {taskinstance.py:2867} INFO - Starting attempt 1 of 1
[2025-05-26T06:01:25.137+0000] {taskinstance.py:2890} INFO - Executing <Task(_PythonDecoratedOperator): read_config_task> on 2025-05-26 06:01:22.583694+00:00
[2025-05-26T06:01:25.144+0000] {warnings.py:112} WARNING - /home/***/.local/lib/python3.12/site-packages/***/task/task_runner/standard_task_runner.py:70: DeprecationWarning: This process (pid=332) is multi-threaded, use of fork() may lead to deadlocks in the child.
  pid = os.fork()

[2025-05-26T06:01:25.147+0000] {standard_task_runner.py:72} INFO - Started process 341 to run task
[2025-05-26T06:01:25.148+0000] {standard_task_runner.py:104} INFO - Running: ['***', 'tasks', 'run', 'image_processing_per_file_v2', 'read_config_task', 'manual__2025-05-26T06:01:22.583694+00:00', '--job-id', '11', '--raw', '--subdir', 'DAGS_FOLDER/test_dag.py', '--cfg-path', '/tmp/tmpy4d92l6l']
[2025-05-26T06:01:25.150+0000] {standard_task_runner.py:105} INFO - Job 11: Subtask read_config_task
[2025-05-26T06:01:25.210+0000] {task_command.py:467} INFO - Running <TaskInstance: image_processing_per_file_v2.read_config_task manual__2025-05-26T06:01:22.583694+00:00 [running]> on host b0d7fbab896a
[2025-05-26T06:01:25.295+0000] {taskinstance.py:3134} INFO - Exporting env vars: AIRFLOW_CTX_DAG_OWNER='***' AIRFLOW_CTX_DAG_ID='image_processing_per_file_v2' AIRFLOW_CTX_TASK_ID='read_config_task' AIRFLOW_CTX_EXECUTION_DATE='2025-05-26T06:01:22.583694+00:00' AIRFLOW_CTX_TRY_NUMBER='1' AIRFLOW_CTX_DAG_RUN_ID='manual__2025-05-26T06:01:22.583694+00:00'
[2025-05-26T06:01:25.296+0000] {logging_mixin.py:190} INFO - Task instance is in running state
[2025-05-26T06:01:25.297+0000] {logging_mixin.py:190} INFO -  Previous state of the Task instance: queued
[2025-05-26T06:01:25.298+0000] {logging_mixin.py:190} INFO - Current task name:read_config_task state:running start_date:2025-05-26 06:01:24.989264+00:00
[2025-05-26T06:01:25.298+0000] {logging_mixin.py:190} INFO - Dag name:image_processing_per_file_v2 and current dag run status:running
[2025-05-26T06:01:25.298+0000] {taskinstance.py:732} INFO - ::endgroup::
[2025-05-26T06:01:25.299+0000] {logging_mixin.py:190} INFO - config_path: /opt/***/dags/test_config.json
[2025-05-26T06:01:25.302+0000] {python.py:240} INFO - Done. Returned value was: {'target_dir': '/opt/***/data/upload/test', 'result_dir': '/opt/***/data/result/test', 'temp_dir': '/opt/***/data/temp'}
[2025-05-26T06:01:25.335+0000] {taskinstance.py:341} INFO - ::group::Post task execution logs
[2025-05-26T06:01:25.336+0000] {taskinstance.py:353} INFO - Marking task as SUCCESS. dag_id=image_processing_per_file_v2, task_id=read_config_task, run_id=manual__2025-05-26T06:01:22.583694+00:00, execution_date=20250526T060122, start_date=20250526T060124, end_date=20250526T060125
[2025-05-26T06:01:25.360+0000] {logging_mixin.py:190} INFO - Task instance in success state
[2025-05-26T06:01:25.360+0000] {logging_mixin.py:190} INFO -  Previous state of the Task instance: running
[2025-05-26T06:01:25.361+0000] {logging_mixin.py:190} INFO - Dag name:image_processing_per_file_v2 queued_at:2025-05-26 06:01:22.607013+00:00
[2025-05-26T06:01:25.362+0000] {logging_mixin.py:190} INFO - Task hostname:b0d7fbab896a operator:_PythonDecoratedOperator
[2025-05-26T06:01:25.403+0000] {local_task_job_runner.py:266} INFO - Task exited with return code 0
[2025-05-26T06:01:25.438+0000] {taskinstance.py:3901} INFO - 1 downstream tasks scheduled from follow-on schedule check
[2025-05-26T06:01:25.442+0000] {local_task_job_runner.py:245} INFO - ::endgroup::
