[2025-06-16T15:09:28.796+0900] {local_task_job_runner.py:123} INFO - ::group::Pre task execution logs
[2025-06-16T15:09:28.877+0900] {taskinstance.py:2614} INFO - Dependencies all met for dep_context=non-requeueable deps ti=<TaskInstance: layoutxlm_document_classifier_balanced_V0.1.img_preprocess_task manual__2025-06-16T06:08:52.365949+00:00 map_index=13 [queued]>
[2025-06-16T15:09:28.939+0900] {taskinstance.py:2614} INFO - Dependencies all met for dep_context=requeueable deps ti=<TaskInstance: layoutxlm_document_classifier_balanced_V0.1.img_preprocess_task manual__2025-06-16T06:08:52.365949+00:00 map_index=13 [queued]>
[2025-06-16T15:09:28.942+0900] {taskinstance.py:2867} INFO - Starting attempt 1 of 1
[2025-06-16T15:09:28.992+0900] {taskinstance.py:2890} INFO - Executing <Mapped(_PythonDecoratedOperator): img_preprocess_task> on 2025-06-16 06:08:52.365949+00:00
[2025-06-16T15:09:29.022+0900] {warnings.py:112} WARNING - /home/***/.local/lib/python3.12/site-packages/***/task/task_runner/standard_task_runner.py:70: DeprecationWarning: This process (pid=6876) is multi-threaded, use of fork() may lead to deadlocks in the child.
  pid = os.fork()

[2025-06-16T15:09:29.023+0900] {standard_task_runner.py:104} INFO - Running: ['***', 'tasks', 'run', 'layoutxlm_document_classifier_balanced_V0.1', 'img_preprocess_task', 'manual__2025-06-16T06:08:52.365949+00:00', '--job-id', '410', '--raw', '--subdir', 'DAGS_FOLDER/class_create_dag.py', '--cfg-path', '/tmp/tmp8lahakxv', '--map-index', '13']
[2025-06-16T15:09:29.032+0900] {standard_task_runner.py:105} INFO - Job 410: Subtask img_preprocess_task
[2025-06-16T15:09:29.033+0900] {standard_task_runner.py:72} INFO - Started process 6925 to run task
[2025-06-16T15:09:29.108+0900] {task_command.py:467} INFO - Running <TaskInstance: layoutxlm_document_classifier_balanced_V0.1.img_preprocess_task manual__2025-06-16T06:08:52.365949+00:00 map_index=13 [running]> on host f6d4228a9eb8
[2025-06-16T15:09:29.257+0900] {taskinstance.py:3134} INFO - Exporting env vars: AIRFLOW_CTX_DAG_OWNER='***' AIRFLOW_CTX_DAG_ID='layoutxlm_document_classifier_balanced_V0.1' AIRFLOW_CTX_TASK_ID='img_preprocess_task' AIRFLOW_CTX_EXECUTION_DATE='2025-06-16T06:08:52.365949+00:00' AIRFLOW_CTX_TRY_NUMBER='1' AIRFLOW_CTX_DAG_RUN_ID='manual__2025-06-16T06:08:52.365949+00:00'
[2025-06-16T15:09:29.286+0900] {taskinstance.py:732} INFO - ::endgroup::
[2025-06-16T15:09:29.297+0900] {logging_mixin.py:190} INFO - empty map check {} {'process_id': '_39ca6612-3dfa-4e95-85da-21fa844a6129_pre', 'folder_path': '146c6aeb-d2b6-4238-a4e7-cc924dfa35e5/39ca6612-3dfa-4e95-85da-21fa844a6129', 'step_list': [{'name': 'calc_angle_set1', 'param': {'key': 'angle1', 'iterations': 3}}, {'name': 'calc_angle_set2', 'param': {'key': 'angle2', 'iterations': 3}}, {'name': 'threshold', 'param': {}}, {'name': 'morphology1', 'param': {}}, {'name': 'save', 'param': {'key': 'classify_preprocess'}}], 'result_file_list': []}
[2025-06-16T15:09:29.304+0900] {logging_mixin.py:190} INFO - step : calc_angle_set1
[2025-06-16T15:09:29.720+0900] {logging_mixin.py:190} INFO - step : calc_angle_set2
[2025-06-16T15:09:46.053+0900] {logging_mixin.py:190} INFO - step : threshold
[2025-06-16T15:09:46.072+0900] {logging_mixin.py:190} INFO - step : morphology1
[2025-06-16T15:09:46.190+0900] {logging_mixin.py:190} INFO - step : save
[2025-06-16T15:09:46.455+0900] {logging_mixin.py:190} INFO - file_copy: /opt/***/data/temp/146c6aeb-d2b6-4238-a4e7-cc924dfa35e5/39ca6612-3dfa-4e95-85da-21fa844a6129/classify_preprocess.png
[2025-06-16T15:09:46.511+0900] {python.py:240} INFO - Done. Returned value was: {'file_id': '146c6aeb-d2b6-4238-a4e7-cc924dfa35e5', 'file_path': '/opt/***/data/class/a_class/classify/origin/true/신도림동 기임빌딩 - 정부24 - 건축물대장 등본(초본) 발급(열람) _ 문서출력_page_1.png', 'true': {'process_id': '_39ca6612-3dfa-4e95-85da-21fa844a6129_pre', 'folder_path': '146c6aeb-d2b6-4238-a4e7-cc924dfa35e5/39ca6612-3dfa-4e95-85da-21fa844a6129', 'step_list': [{'name': 'calc_angle_set1', 'param': {'key': 'angle1', 'iterations': 3}}, {'name': 'calc_angle_set2', 'param': {'key': 'angle2', 'iterations': 3}}, {'name': 'threshold', 'param': {}}, {'name': 'morphology1', 'param': {}}, {'name': 'save', 'param': {'key': 'classify_preprocess'}}], 'result_file_list': [{'key': 'classify_preprocess', 'path': '/opt/***/data/temp/146c6aeb-d2b6-4238-a4e7-cc924dfa35e5/39ca6612-3dfa-4e95-85da-21fa844a6129/classify_preprocess.png'}]}}
[2025-06-16T15:09:46.665+0900] {taskinstance.py:341} INFO - ::group::Post task execution logs
[2025-06-16T15:09:46.675+0900] {taskinstance.py:353} INFO - Marking task as SUCCESS. dag_id=layoutxlm_document_classifier_balanced_V0.1, task_id=img_preprocess_task, run_id=manual__2025-06-16T06:08:52.365949+00:00, map_index=13, execution_date=20250616T060852, start_date=20250616T060928, end_date=20250616T060946
[2025-06-16T15:09:46.858+0900] {local_task_job_runner.py:266} INFO - Task exited with return code 0
[2025-06-16T15:09:47.002+0900] {taskinstance.py:3901} INFO - 0 downstream tasks scheduled from follow-on schedule check
[2025-06-16T15:09:47.013+0900] {local_task_job_runner.py:245} INFO - ::endgroup::
