[2025-06-24T16:11:42.095+0900] {local_task_job_runner.py:123} INFO - ::group::Pre task execution logs
[2025-06-24T16:11:42.220+0900] {taskinstance.py:2614} INFO - Dependencies all met for dep_context=non-requeueable deps ti=<TaskInstance: lilt_document_classifier_balanced_V0.1.img_preprocess_task__1 manual__2025-06-24T06:53:42.323966+00:00 map_index=85 [queued]>
[2025-06-24T16:11:42.270+0900] {taskinstance.py:2614} INFO - Dependencies all met for dep_context=requeueable deps ti=<TaskInstance: lilt_document_classifier_balanced_V0.1.img_preprocess_task__1 manual__2025-06-24T06:53:42.323966+00:00 map_index=85 [queued]>
[2025-06-24T16:11:42.276+0900] {taskinstance.py:2867} INFO - Starting attempt 1 of 1
[2025-06-24T16:11:42.319+0900] {taskinstance.py:2890} INFO - Executing <Mapped(_PythonDecoratedOperator): img_preprocess_task__1> on 2025-06-24 06:53:42.323966+00:00
[2025-06-24T16:11:42.354+0900] {warnings.py:112} WARNING - /home/***/.local/lib/python3.12/site-packages/***/task/task_runner/standard_task_runner.py:70: DeprecationWarning: This process (pid=50909) is multi-threaded, use of fork() may lead to deadlocks in the child.
  pid = os.fork()

[2025-06-24T16:11:42.358+0900] {standard_task_runner.py:104} INFO - Running: ['***', 'tasks', 'run', 'lilt_document_classifier_balanced_V0.1', 'img_preprocess_task__1', 'manual__2025-06-24T06:53:42.323966+00:00', '--job-id', '4390', '--raw', '--subdir', 'DAGS_FOLDER/class_create_dag.py', '--cfg-path', '/tmp/tmp80y149ui', '--map-index', '85']
[2025-06-24T16:11:42.368+0900] {standard_task_runner.py:105} INFO - Job 4390: Subtask img_preprocess_task__1
[2025-06-24T16:11:42.374+0900] {standard_task_runner.py:72} INFO - Started process 50936 to run task
[2025-06-24T16:11:42.479+0900] {task_command.py:467} INFO - Running <TaskInstance: lilt_document_classifier_balanced_V0.1.img_preprocess_task__1 manual__2025-06-24T06:53:42.323966+00:00 map_index=85 [running]> on host f6d4228a9eb8
[2025-06-24T16:11:42.642+0900] {taskinstance.py:3134} INFO - Exporting env vars: AIRFLOW_CTX_DAG_OWNER='***' AIRFLOW_CTX_DAG_ID='lilt_document_classifier_balanced_V0.1' AIRFLOW_CTX_TASK_ID='img_preprocess_task__1' AIRFLOW_CTX_EXECUTION_DATE='2025-06-24T06:53:42.323966+00:00' AIRFLOW_CTX_TRY_NUMBER='1' AIRFLOW_CTX_DAG_RUN_ID='manual__2025-06-24T06:53:42.323966+00:00'
[2025-06-24T16:11:42.652+0900] {taskinstance.py:732} INFO - ::endgroup::
[2025-06-24T16:11:42.679+0900] {logging_mixin.py:190} INFO - empty map check {} {'process_id': '_784078dc-1f16-4375-be89-4f62e1e86da2_pre', 'folder_path': 'fe7ec551-8c89-4a61-89fe-25f7a344d6d6/784078dc-1f16-4375-be89-4f62e1e86da2', 'step_list': [{'name': 'cache', 'param': {'key': 'origin'}}, {'name': 'calc_angle_set2', 'param': {'key': 'angle1', 'iterations': 4, 'iter_save': False}}, {'name': 'text_orientation_set', 'param': {'key': 'angle2', 'iterations': 4, 'iter_save': False}}, {'name': 'load', 'param': {'key': 'origin'}}, {'name': 'rotate', 'param': {'key': 'angle1'}}, {'name': 'rotate', 'param': {'key': 'angle2'}}], 'result_file_map': {}}
[2025-06-24T16:11:42.707+0900] {logging_mixin.py:190} INFO - step : cache
[2025-06-24T16:11:42.712+0900] {logging_mixin.py:190} INFO - step : calc_angle_set2
[2025-06-24T16:11:49.268+0900] {logging_mixin.py:190} INFO - osd 1 -5.0 -5.0 0 176188 [176188, 165946, 155908, 144644, 133454, 124060, 114893, 105760, 97533, 89727, 81149, 72969, 66426, 59877, 53166, 45427, 39356, 33323, 24772, 18516, 12223, 18800, 24255, 31302, 36582, 41634, 48189, 54267, 59435, 64822, 72132, 79520, 86040, 93017, 100384, 107976, 115618, 125258, 134859, 143406, 152394]
[2025-06-24T16:11:56.546+0900] {logging_mixin.py:190} INFO - osd 2 -10.0 -5.0 0 388694 [388694, 375576, 362249, 349967, 337037, 323708, 310779, 297190, 284554, 271483, 258712, 248538, 236149, 224770, 213894, 202809, 190550, 180028, 169200, 157588, 148431, 154872, 163898, 171486, 179259, 187987, 196783, 205467, 214705, 225399, 233776, 244907, 253948, 264636, 274763, 285420, 295801, 306076, 315200, 324955, 336942]
[2025-06-24T16:12:05.550+0900] {logging_mixin.py:190} INFO - osd 3 -15.0 -5.0 0 679381 [679381, 663619, 647358, 629211, 611858, 596073, 580999, 564441, 549207, 533625, 517148, 501214, 487348, 471967, 456410, 441683, 426738, 411614, 397233, 382937, 370643, 380039, 390815, 402534, 414432, 426553, 438384, 450751, 463089, 474499, 487250, 500422, 513220, 525165, 538103, 548930, 560605, 573935, 587050, 599008, 610101]
[2025-06-24T16:12:15.022+0900] {logging_mixin.py:190} INFO - osd 4 -20.0 -5.0 0 1048963 [1048963, 1027485, 1006409, 987240, 966772, 943407, 923136, 902394, 882954, 858657, 838928, 819338, 797953, 778482, 760415, 739394, 720724, 698980, 680927, 661049, 643518, 657485, 673308, 687758, 705546, 721365, 738446, 753117, 768480, 785990, 801206, 817026, 836328, 851939, 867189, 882266, 900749, 915729, 929948, 945768, 961477]
[2025-06-24T16:12:15.137+0900] {logging_mixin.py:190} INFO - step : text_orientation_set
[2025-06-24T16:12:25.872+0900] {logging_mixin.py:190} INFO - osd 1 break  0 0 4.23 Japanese 0.95
[2025-06-24T16:12:25.877+0900] {logging_mixin.py:190} INFO - step : load
[2025-06-24T16:12:25.881+0900] {logging_mixin.py:190} INFO - step : rotate
[2025-06-24T16:12:25.999+0900] {logging_mixin.py:190} INFO - step : rotate
[2025-06-24T16:12:26.120+0900] {logging_mixin.py:190} INFO - file_copy: /opt/***/data/temp/fe7ec551-8c89-4a61-89fe-25f7a344d6d6/784078dc-1f16-4375-be89-4f62e1e86da2/_result.png
[2025-06-24T16:12:26.141+0900] {python.py:240} INFO - Done. Returned value was: {'file_id': 'fe7ec551-8c89-4a61-89fe-25f7a344d6d6', 'file_path': '/opt/***/data/class/a_class/classify/ready/false/copied_22_506938853.png', 'false': {'process_id': '_784078dc-1f16-4375-be89-4f62e1e86da2_pre', 'folder_path': 'fe7ec551-8c89-4a61-89fe-25f7a344d6d6/784078dc-1f16-4375-be89-4f62e1e86da2', 'step_list': [{'name': 'cache', 'param': {'key': 'origin'}}, {'name': 'calc_angle_set2', 'param': {'key': 'angle1', 'iterations': 4, 'iter_save': False}}, {'name': 'text_orientation_set', 'param': {'key': 'angle2', 'iterations': 4, 'iter_save': False}}, {'name': 'load', 'param': {'key': 'origin'}}, {'name': 'rotate', 'param': {'key': 'angle1'}}, {'name': 'rotate', 'param': {'key': 'angle2'}}], 'result_file_map': {'_result': '/opt/***/data/temp/fe7ec551-8c89-4a61-89fe-25f7a344d6d6/784078dc-1f16-4375-be89-4f62e1e86da2/_result.png'}}}
[2025-06-24T16:12:26.240+0900] {taskinstance.py:341} INFO - ::group::Post task execution logs
[2025-06-24T16:12:26.245+0900] {taskinstance.py:353} INFO - Marking task as SUCCESS. dag_id=lilt_document_classifier_balanced_V0.1, task_id=img_preprocess_task__1, run_id=manual__2025-06-24T06:53:42.323966+00:00, map_index=85, execution_date=20250624T065342, start_date=20250624T071142, end_date=20250624T071226
[2025-06-24T16:12:26.406+0900] {local_task_job_runner.py:266} INFO - Task exited with return code 0
[2025-06-24T16:12:26.716+0900] {taskinstance.py:3901} INFO - 0 downstream tasks scheduled from follow-on schedule check
[2025-06-24T16:12:26.744+0900] {local_task_job_runner.py:245} INFO - ::endgroup::
