[2025-06-24T16:40:33.844+0900] {local_task_job_runner.py:123} INFO - ::group::Pre task execution logs
[2025-06-24T16:40:33.907+0900] {taskinstance.py:2614} INFO - Dependencies all met for dep_context=non-requeueable deps ti=<TaskInstance: lilt_document_classifier_balanced_V0.1.img_preprocess_task__1 manual__2025-06-24T07:39:02.784990+00:00 map_index=10 [queued]>
[2025-06-24T16:40:33.937+0900] {taskinstance.py:2614} INFO - Dependencies all met for dep_context=requeueable deps ti=<TaskInstance: lilt_document_classifier_balanced_V0.1.img_preprocess_task__1 manual__2025-06-24T07:39:02.784990+00:00 map_index=10 [queued]>
[2025-06-24T16:40:33.953+0900] {taskinstance.py:2867} INFO - Starting attempt 1 of 1
[2025-06-24T16:40:34.015+0900] {taskinstance.py:2890} INFO - Executing <Mapped(_PythonDecoratedOperator): img_preprocess_task__1> on 2025-06-24 07:39:02.784990+00:00
[2025-06-24T16:40:34.082+0900] {warnings.py:112} WARNING - /home/***/.local/lib/python3.12/site-packages/***/task/task_runner/standard_task_runner.py:70: DeprecationWarning: This process (pid=54038) is multi-threaded, use of fork() may lead to deadlocks in the child.
  pid = os.fork()

[2025-06-24T16:40:34.086+0900] {standard_task_runner.py:72} INFO - Started process 54093 to run task
[2025-06-24T16:40:34.088+0900] {standard_task_runner.py:104} INFO - Running: ['***', 'tasks', 'run', 'lilt_document_classifier_balanced_V0.1', 'img_preprocess_task__1', 'manual__2025-06-24T07:39:02.784990+00:00', '--job-id', '4436', '--raw', '--subdir', 'DAGS_FOLDER/class_create_dag.py', '--cfg-path', '/tmp/tmpto50t6ff', '--map-index', '10']
[2025-06-24T16:40:34.095+0900] {standard_task_runner.py:105} INFO - Job 4436: Subtask img_preprocess_task__1
[2025-06-24T16:40:34.191+0900] {task_command.py:467} INFO - Running <TaskInstance: lilt_document_classifier_balanced_V0.1.img_preprocess_task__1 manual__2025-06-24T07:39:02.784990+00:00 map_index=10 [running]> on host f6d4228a9eb8
[2025-06-24T16:40:34.553+0900] {taskinstance.py:3134} INFO - Exporting env vars: AIRFLOW_CTX_DAG_OWNER='***' AIRFLOW_CTX_DAG_ID='lilt_document_classifier_balanced_V0.1' AIRFLOW_CTX_TASK_ID='img_preprocess_task__1' AIRFLOW_CTX_EXECUTION_DATE='2025-06-24T07:39:02.784990+00:00' AIRFLOW_CTX_TRY_NUMBER='1' AIRFLOW_CTX_DAG_RUN_ID='manual__2025-06-24T07:39:02.784990+00:00'
[2025-06-24T16:40:34.558+0900] {taskinstance.py:732} INFO - ::endgroup::
[2025-06-24T16:40:34.562+0900] {logging_mixin.py:190} INFO - empty map check {} {'process_id': '_18f34202-034b-4672-ac33-3270bd36bb8b_pre', 'folder_path': 'a7fded78-9dbc-459b-b9d7-c6b10ae32bef/18f34202-034b-4672-ac33-3270bd36bb8b', 'step_list': [{'name': 'cache', 'param': {'key': 'origin'}}, {'name': 'calc_angle_set2', 'param': {'key': 'angle1', 'iterations': 4, 'iter_save': False}}, {'name': 'text_orientation_set', 'param': {'key': 'angle2', 'iterations': 4, 'iter_save': False}}, {'name': 'load', 'param': {'key': 'origin'}}, {'name': 'rotate', 'param': {'key': 'angle1'}}, {'name': 'rotate', 'param': {'key': 'angle2'}}], 'result_file_map': {}}
[2025-06-24T16:40:34.576+0900] {logging_mixin.py:190} INFO - step : cache
[2025-06-24T16:40:34.577+0900] {logging_mixin.py:190} INFO - step : calc_angle_set2
[2025-06-24T16:40:39.253+0900] {logging_mixin.py:190} INFO - osd 1 0.5 0.5 22 730 [0, 0, 0, 25, 77, 103, 149, 189, 236, 277, 320, 387, 416, 498, 540, 553, 617, 641, 626, 670, 672, 672, 730, 648, 634, 534, 483, 459, 402, 402, 337, 283, 242, 202, 149, 111, 70, 46, 25, 15, 5]
[2025-06-24T16:40:44.402+0900] {logging_mixin.py:190} INFO - osd 2 -0.5 -1.0 16 728 [0, 20, 60, 109, 145, 189, 236, 271, 316, 347, 432, 491, 520, 585, 622, 668, 728, 727, 666, 725, 720, 678, 599, 560, 561, 472, 460, 395, 330, 272, 235, 194, 159, 106, 64, 40, 23, 12, 2, 0, 0]
[2025-06-24T16:40:48.960+0900] {logging_mixin.py:190} INFO - osd 3 0.0 0.5 22 734 [0, 0, 0, 0, 0, 22, 65, 100, 142, 187, 228, 271, 322, 349, 419, 469, 530, 565, 606, 642, 713, 708, 734, 722, 714, 638, 619, 554, 499, 436, 445, 352, 288, 282, 230, 176, 148, 113, 79, 49, 21]
[2025-06-24T16:40:52.305+0900] {logging_mixin.py:190} INFO - osd 4 0.0 0.0 20 710 [0, 0, 0, 10, 57, 102, 134, 178, 214, 250, 291, 352, 413, 454, 521, 550, 602, 658, 691, 682, 710, 661, 595, 643, 576, 531, 505, 429, 436, 372, 320, 274, 217, 168, 144, 112, 71, 42, 18, 6, 0]
[2025-06-24T16:40:52.369+0900] {logging_mixin.py:190} INFO - step : text_orientation_set
[2025-06-24T16:40:56.548+0900] {logging_mixin.py:190} INFO - osd 1 break  0 0 1.54 Arabic 21.67
[2025-06-24T16:40:56.556+0900] {logging_mixin.py:190} INFO - step : load
[2025-06-24T16:40:56.563+0900] {logging_mixin.py:190} INFO - step : rotate
[2025-06-24T16:40:56.600+0900] {logging_mixin.py:190} INFO - step : rotate
[2025-06-24T16:40:56.706+0900] {logging_mixin.py:190} INFO - file_copy: /opt/***/data/temp/a7fded78-9dbc-459b-b9d7-c6b10ae32bef/18f34202-034b-4672-ac33-3270bd36bb8b/_result.png
[2025-06-24T16:40:56.745+0900] {python.py:240} INFO - Done. Returned value was: {'file_id': 'a7fded78-9dbc-459b-b9d7-c6b10ae32bef', 'file_path': '/opt/***/data/class/a_class/classify/ready/false/copied_89_10068977.png', 'false': {'process_id': '_18f34202-034b-4672-ac33-3270bd36bb8b_pre', 'folder_path': 'a7fded78-9dbc-459b-b9d7-c6b10ae32bef/18f34202-034b-4672-ac33-3270bd36bb8b', 'step_list': [{'name': 'cache', 'param': {'key': 'origin'}}, {'name': 'calc_angle_set2', 'param': {'key': 'angle1', 'iterations': 4, 'iter_save': False}}, {'name': 'text_orientation_set', 'param': {'key': 'angle2', 'iterations': 4, 'iter_save': False}}, {'name': 'load', 'param': {'key': 'origin'}}, {'name': 'rotate', 'param': {'key': 'angle1'}}, {'name': 'rotate', 'param': {'key': 'angle2'}}], 'result_file_map': {'_result': '/opt/***/data/temp/a7fded78-9dbc-459b-b9d7-c6b10ae32bef/18f34202-034b-4672-ac33-3270bd36bb8b/_result.png'}}}
[2025-06-24T16:40:56.907+0900] {taskinstance.py:341} INFO - ::group::Post task execution logs
[2025-06-24T16:40:56.916+0900] {taskinstance.py:353} INFO - Marking task as SUCCESS. dag_id=lilt_document_classifier_balanced_V0.1, task_id=img_preprocess_task__1, run_id=manual__2025-06-24T07:39:02.784990+00:00, map_index=10, execution_date=20250624T073902, start_date=20250624T074033, end_date=20250624T074056
[2025-06-24T16:40:57.111+0900] {local_task_job_runner.py:266} INFO - Task exited with return code 0
[2025-06-24T16:40:57.121+0900] {local_task_job_runner.py:245} INFO - ::endgroup::
