[2025-06-18T13:50:48.700+0900] {local_task_job_runner.py:123} INFO - ::group::Pre task execution logs
[2025-06-18T13:50:49.042+0900] {taskinstance.py:2614} INFO - Dependencies all met for dep_context=non-requeueable deps ti=<TaskInstance: lilt_document_classifier_balanced_V0.1.img_preprocess_task__1 manual__2025-06-18T04:46:36.476365+00:00 map_index=76 [queued]>
[2025-06-18T13:50:49.280+0900] {taskinstance.py:2614} INFO - Dependencies all met for dep_context=requeueable deps ti=<TaskInstance: lilt_document_classifier_balanced_V0.1.img_preprocess_task__1 manual__2025-06-18T04:46:36.476365+00:00 map_index=76 [queued]>
[2025-06-18T13:50:49.332+0900] {taskinstance.py:2867} INFO - Starting attempt 1 of 1
[2025-06-18T13:50:49.497+0900] {taskinstance.py:2890} INFO - Executing <Mapped(_PythonDecoratedOperator): img_preprocess_task__1> on 2025-06-18 04:46:36.476365+00:00
[2025-06-18T13:50:49.610+0900] {warnings.py:112} WARNING - /home/***/.local/lib/python3.12/site-packages/***/task/task_runner/standard_task_runner.py:70: DeprecationWarning: This process (pid=29352) is multi-threaded, use of fork() may lead to deadlocks in the child.
  pid = os.fork()

[2025-06-18T13:50:49.612+0900] {standard_task_runner.py:72} INFO - Started process 29465 to run task
[2025-06-18T13:50:49.591+0900] {standard_task_runner.py:104} INFO - Running: ['***', 'tasks', 'run', 'lilt_document_classifier_balanced_V0.1', 'img_preprocess_task__1', 'manual__2025-06-18T04:46:36.476365+00:00', '--job-id', '1172', '--raw', '--subdir', 'DAGS_FOLDER/class_create_dag.py', '--cfg-path', '/tmp/tmpufi0rbr7', '--map-index', '76']
[2025-06-18T13:50:49.644+0900] {standard_task_runner.py:105} INFO - Job 1172: Subtask img_preprocess_task__1
[2025-06-18T13:50:49.741+0900] {task_command.py:467} INFO - Running <TaskInstance: lilt_document_classifier_balanced_V0.1.img_preprocess_task__1 manual__2025-06-18T04:46:36.476365+00:00 map_index=76 [running]> on host f6d4228a9eb8
[2025-06-18T13:50:50.331+0900] {taskinstance.py:3134} INFO - Exporting env vars: AIRFLOW_CTX_DAG_OWNER='***' AIRFLOW_CTX_DAG_ID='lilt_document_classifier_balanced_V0.1' AIRFLOW_CTX_TASK_ID='img_preprocess_task__1' AIRFLOW_CTX_EXECUTION_DATE='2025-06-18T04:46:36.476365+00:00' AIRFLOW_CTX_TRY_NUMBER='1' AIRFLOW_CTX_DAG_RUN_ID='manual__2025-06-18T04:46:36.476365+00:00'
[2025-06-18T13:50:50.338+0900] {taskinstance.py:732} INFO - ::endgroup::
[2025-06-18T13:50:50.351+0900] {logging_mixin.py:190} INFO - empty map check {} {'process_id': '_33b6a3e1-a667-40db-b621-97013e477294_pre', 'folder_path': '8e6039ba-4d17-41d2-bc0f-11842d8ba00a/33b6a3e1-a667-40db-b621-97013e477294', 'step_list': [{'name': 'cache', 'param': {'key': 'origin'}}, {'name': 'calc_angle_set1', 'param': {'key': 'angle1', 'iterations': 4, 'iter_save': False}}, {'name': 'text_orientation_set', 'param': {'key': 'angle2', 'iterations': 4, 'iter_save': False}}, {'name': 'load', 'param': {'key': 'origin'}}, {'name': 'rotate', 'param': {'key': 'angle1'}}, {'name': 'rotate', 'param': {'key': 'angle2'}}, {'name': 'save', 'param': {'key': 'classify_preprocess'}}], 'result_file_list': []}
[2025-06-18T13:50:50.366+0900] {logging_mixin.py:190} INFO - step : cache
[2025-06-18T13:50:50.369+0900] {logging_mixin.py:190} INFO - step : calc_angle_set1
[2025-06-18T13:50:50.433+0900] {logging_mixin.py:190} INFO - step : text_orientation_set
[2025-06-18T13:51:01.262+0900] {logging_mixin.py:190} INFO - osd 1 break  0 0 0.43 Latin 3.54
[2025-06-18T13:51:01.276+0900] {logging_mixin.py:190} INFO - step : load
[2025-06-18T13:51:01.280+0900] {logging_mixin.py:190} INFO - step : rotate
[2025-06-18T13:51:01.317+0900] {logging_mixin.py:190} INFO - step : rotate
[2025-06-18T13:51:01.321+0900] {logging_mixin.py:190} INFO - step : save
[2025-06-18T13:51:01.454+0900] {logging_mixin.py:190} INFO - file_copy: /opt/***/data/temp/8e6039ba-4d17-41d2-bc0f-11842d8ba00a/33b6a3e1-a667-40db-b621-97013e477294/classify_preprocess.png
[2025-06-18T13:51:01.465+0900] {python.py:240} INFO - Done. Returned value was: {'file_id': '8e6039ba-4d17-41d2-bc0f-11842d8ba00a', 'file_path': '/opt/***/data/class/a_class/classify/ready/false/copied_26_50577992-7993.png', 'false': {'process_id': '_33b6a3e1-a667-40db-b621-97013e477294_pre', 'folder_path': '8e6039ba-4d17-41d2-bc0f-11842d8ba00a/33b6a3e1-a667-40db-b621-97013e477294', 'step_list': [{'name': 'cache', 'param': {'key': 'origin'}}, {'name': 'calc_angle_set1', 'param': {'key': 'angle1', 'iterations': 4, 'iter_save': False}}, {'name': 'text_orientation_set', 'param': {'key': 'angle2', 'iterations': 4, 'iter_save': False}}, {'name': 'load', 'param': {'key': 'origin'}}, {'name': 'rotate', 'param': {'key': 'angle1'}}, {'name': 'rotate', 'param': {'key': 'angle2'}}, {'name': 'save', 'param': {'key': 'classify_preprocess'}}], 'result_file_list': [{'key': 'classify_preprocess', 'path': '/opt/***/data/temp/8e6039ba-4d17-41d2-bc0f-11842d8ba00a/33b6a3e1-a667-40db-b621-97013e477294/classify_preprocess.png'}]}}
[2025-06-18T13:51:01.537+0900] {taskinstance.py:341} INFO - ::group::Post task execution logs
[2025-06-18T13:51:01.542+0900] {taskinstance.py:353} INFO - Marking task as SUCCESS. dag_id=lilt_document_classifier_balanced_V0.1, task_id=img_preprocess_task__1, run_id=manual__2025-06-18T04:46:36.476365+00:00, map_index=76, execution_date=20250618T044636, start_date=20250618T045049, end_date=20250618T045101
[2025-06-18T13:51:01.718+0900] {local_task_job_runner.py:266} INFO - Task exited with return code 0
[2025-06-18T13:51:01.787+0900] {taskinstance.py:3901} INFO - 0 downstream tasks scheduled from follow-on schedule check
[2025-06-18T13:51:01.791+0900] {local_task_job_runner.py:245} INFO - ::endgroup::
