[2025-06-24T16:51:50.852+0900] {local_task_job_runner.py:123} INFO - ::group::Pre task execution logs
[2025-06-24T16:51:50.914+0900] {taskinstance.py:2614} INFO - Dependencies all met for dep_context=non-requeueable deps ti=<TaskInstance: lilt_document_classifier_balanced_V0.1.img_preprocess_task manual__2025-06-24T07:39:02.784990+00:00 map_index=79 [queued]>
[2025-06-24T16:51:50.953+0900] {taskinstance.py:2614} INFO - Dependencies all met for dep_context=requeueable deps ti=<TaskInstance: lilt_document_classifier_balanced_V0.1.img_preprocess_task manual__2025-06-24T07:39:02.784990+00:00 map_index=79 [queued]>
[2025-06-24T16:51:50.953+0900] {taskinstance.py:2867} INFO - Starting attempt 1 of 1
[2025-06-24T16:51:50.998+0900] {taskinstance.py:2890} INFO - Executing <Mapped(_PythonDecoratedOperator): img_preprocess_task> on 2025-06-24 07:39:02.784990+00:00
[2025-06-24T16:51:51.045+0900] {warnings.py:112} WARNING - /home/***/.local/lib/python3.12/site-packages/***/task/task_runner/standard_task_runner.py:70: DeprecationWarning: This process (pid=56795) is multi-threaded, use of fork() may lead to deadlocks in the child.
  pid = os.fork()

[2025-06-24T16:51:51.043+0900] {standard_task_runner.py:104} INFO - Running: ['***', 'tasks', 'run', 'lilt_document_classifier_balanced_V0.1', 'img_preprocess_task', 'manual__2025-06-24T07:39:02.784990+00:00', '--job-id', '4573', '--raw', '--subdir', 'DAGS_FOLDER/class_create_dag.py', '--cfg-path', '/tmp/tmpt534low7', '--map-index', '79']
[2025-06-24T16:51:51.050+0900] {standard_task_runner.py:105} INFO - Job 4573: Subtask img_preprocess_task
[2025-06-24T16:51:51.053+0900] {standard_task_runner.py:72} INFO - Started process 56827 to run task
[2025-06-24T16:51:51.127+0900] {task_command.py:467} INFO - Running <TaskInstance: lilt_document_classifier_balanced_V0.1.img_preprocess_task manual__2025-06-24T07:39:02.784990+00:00 map_index=79 [running]> on host f6d4228a9eb8
[2025-06-24T16:51:51.418+0900] {taskinstance.py:3134} INFO - Exporting env vars: AIRFLOW_CTX_DAG_OWNER='***' AIRFLOW_CTX_DAG_ID='lilt_document_classifier_balanced_V0.1' AIRFLOW_CTX_TASK_ID='img_preprocess_task' AIRFLOW_CTX_EXECUTION_DATE='2025-06-24T07:39:02.784990+00:00' AIRFLOW_CTX_TRY_NUMBER='1' AIRFLOW_CTX_DAG_RUN_ID='manual__2025-06-24T07:39:02.784990+00:00'
[2025-06-24T16:51:51.419+0900] {taskinstance.py:732} INFO - ::endgroup::
[2025-06-24T16:51:51.423+0900] {logging_mixin.py:190} INFO - empty map check {} {'process_id': '_5892e821-c0b0-4a16-8eec-528a83f985bb_pre', 'folder_path': '36b70369-f986-4de1-a245-2639ce3c22fb/5892e821-c0b0-4a16-8eec-528a83f985bb', 'step_list': [{'name': 'cache', 'param': {'key': 'origin'}}, {'name': 'calc_angle_set2', 'param': {'key': 'angle1', 'iterations': 4, 'iter_save': False}}, {'name': 'text_orientation_set', 'param': {'key': 'angle2', 'iterations': 4, 'iter_save': False}}, {'name': 'load', 'param': {'key': 'origin'}}, {'name': 'rotate', 'param': {'key': 'angle1'}}, {'name': 'rotate', 'param': {'key': 'angle2'}}], 'result_file_map': {}}
[2025-06-24T16:51:51.426+0900] {logging_mixin.py:190} INFO - step : cache
[2025-06-24T16:51:51.435+0900] {logging_mixin.py:190} INFO - step : calc_angle_set2
[2025-06-24T16:52:12.188+0900] {logging_mixin.py:190} INFO - osd 1 4.0 4.0 36 116951 [0, 0, 0, 0, 0, 0, 2, 4, 5, 20, 20, 30, 42, 46, 54, 54, 67, 78, 69, 77, 72, 90, 91, 100, 96, 104, 100, 104, 101, 125, 119, 2147, 12986, 33613, 56019, 99303, 116951, 60597, 38594, 16690, 3285]
[2025-06-24T16:52:39.568+0900] {logging_mixin.py:190} INFO - osd 2 4.0 0.0 20 125031 [0, 0, 0, 0, 0, 0, 0, 0, 0, 0, 0, 0, 0, 0, 0, 1987, 15218, 39016, 62832, 111144, 125031, 67836, 43823, 19851, 3317, 1, 0, 0, 0, 0, 0, 0, 0, 0, 0, 0, 0, 0, 0, 0, 0]
[2025-06-24T16:53:09.688+0900] {logging_mixin.py:190} INFO - osd 3 4.0 0.0 20 125031 [0, 0, 0, 0, 0, 0, 0, 0, 0, 0, 0, 0, 0, 0, 0, 1987, 15218, 39016, 62832, 111144, 125031, 67836, 43823, 19851, 3317, 1, 0, 0, 0, 0, 0, 0, 0, 0, 0, 0, 0, 0, 0, 0, 0]
[2025-06-24T16:53:38.036+0900] {logging_mixin.py:190} INFO - osd 4 4.0 0.0 20 125031 [0, 0, 0, 0, 0, 0, 0, 0, 0, 0, 0, 0, 0, 0, 0, 1987, 15218, 39016, 62832, 111144, 125031, 67836, 43823, 19851, 3317, 1, 0, 0, 0, 0, 0, 0, 0, 0, 0, 0, 0, 0, 0, 0, 0]
[2025-06-24T16:53:38.178+0900] {logging_mixin.py:190} INFO - step : text_orientation_set
[2025-06-24T16:53:50.647+0900] {logging_mixin.py:190} INFO - osd 1 break  0 0 7.41 Korean 0.66
[2025-06-24T16:53:50.651+0900] {logging_mixin.py:190} INFO - step : load
[2025-06-24T16:53:50.652+0900] {logging_mixin.py:190} INFO - step : rotate
[2025-06-24T16:53:51.078+0900] {logging_mixin.py:190} INFO - step : rotate
[2025-06-24T16:53:52.050+0900] {logging_mixin.py:190} INFO - file_copy: /opt/***/data/temp/36b70369-f986-4de1-a245-2639ce3c22fb/5892e821-c0b0-4a16-8eec-528a83f985bb/_result.png
[2025-06-24T16:53:52.128+0900] {python.py:240} INFO - Done. Returned value was: {'file_id': '36b70369-f986-4de1-a245-2639ce3c22fb', 'file_path': '/opt/***/data/class/a_class/classify/ready/true/쌍문동 명준빌딩 - 정부24 - 건축물대장 등본(초본) 발급(열람) _ 문서출력_page_1_aug2.png', 'true': {'process_id': '_5892e821-c0b0-4a16-8eec-528a83f985bb_pre', 'folder_path': '36b70369-f986-4de1-a245-2639ce3c22fb/5892e821-c0b0-4a16-8eec-528a83f985bb', 'step_list': [{'name': 'cache', 'param': {'key': 'origin'}}, {'name': 'calc_angle_set2', 'param': {'key': 'angle1', 'iterations': 4, 'iter_save': False}}, {'name': 'text_orientation_set', 'param': {'key': 'angle2', 'iterations': 4, 'iter_save': False}}, {'name': 'load', 'param': {'key': 'origin'}}, {'name': 'rotate', 'param': {'key': 'angle1'}}, {'name': 'rotate', 'param': {'key': 'angle2'}}], 'result_file_map': {'_result': '/opt/***/data/temp/36b70369-f986-4de1-a245-2639ce3c22fb/5892e821-c0b0-4a16-8eec-528a83f985bb/_result.png'}}}
[2025-06-24T16:53:52.253+0900] {taskinstance.py:341} INFO - ::group::Post task execution logs
[2025-06-24T16:53:52.275+0900] {taskinstance.py:353} INFO - Marking task as SUCCESS. dag_id=lilt_document_classifier_balanced_V0.1, task_id=img_preprocess_task, run_id=manual__2025-06-24T07:39:02.784990+00:00, map_index=79, execution_date=20250624T073902, start_date=20250624T075150, end_date=20250624T075352
[2025-06-24T16:53:52.434+0900] {local_task_job_runner.py:266} INFO - Task exited with return code 0
[2025-06-24T16:53:52.495+0900] {taskinstance.py:3901} INFO - 0 downstream tasks scheduled from follow-on schedule check
[2025-06-24T16:53:52.507+0900] {local_task_job_runner.py:245} INFO - ::endgroup::
