[2025-06-18T13:48:50.054+0900] {local_task_job_runner.py:123} INFO - ::group::Pre task execution logs
[2025-06-18T13:48:50.116+0900] {taskinstance.py:2614} INFO - Dependencies all met for dep_context=non-requeueable deps ti=<TaskInstance: lilt_document_classifier_balanced_V0.1.img_preprocess_task__1 manual__2025-06-18T04:46:36.476365+00:00 map_index=32 [queued]>
[2025-06-18T13:48:50.184+0900] {taskinstance.py:2614} INFO - Dependencies all met for dep_context=requeueable deps ti=<TaskInstance: lilt_document_classifier_balanced_V0.1.img_preprocess_task__1 manual__2025-06-18T04:46:36.476365+00:00 map_index=32 [queued]>
[2025-06-18T13:48:50.187+0900] {taskinstance.py:2867} INFO - Starting attempt 1 of 1
[2025-06-18T13:48:50.218+0900] {taskinstance.py:2890} INFO - Executing <Mapped(_PythonDecoratedOperator): img_preprocess_task__1> on 2025-06-18 04:46:36.476365+00:00
[2025-06-18T13:48:50.286+0900] {standard_task_runner.py:104} INFO - Running: ['***', 'tasks', 'run', 'lilt_document_classifier_balanced_V0.1', 'img_preprocess_task__1', 'manual__2025-06-18T04:46:36.476365+00:00', '--job-id', '1083', '--raw', '--subdir', 'DAGS_FOLDER/class_create_dag.py', '--cfg-path', '/tmp/tmp8m12w1db', '--map-index', '32']
[2025-06-18T13:48:50.294+0900] {standard_task_runner.py:105} INFO - Job 1083: Subtask img_preprocess_task__1
[2025-06-18T13:48:50.301+0900] {warnings.py:112} WARNING - /home/***/.local/lib/python3.12/site-packages/***/task/task_runner/standard_task_runner.py:70: DeprecationWarning: This process (pid=27684) is multi-threaded, use of fork() may lead to deadlocks in the child.
  pid = os.fork()

[2025-06-18T13:48:50.305+0900] {standard_task_runner.py:72} INFO - Started process 27719 to run task
[2025-06-18T13:48:50.374+0900] {task_command.py:467} INFO - Running <TaskInstance: lilt_document_classifier_balanced_V0.1.img_preprocess_task__1 manual__2025-06-18T04:46:36.476365+00:00 map_index=32 [running]> on host f6d4228a9eb8
[2025-06-18T13:48:50.549+0900] {taskinstance.py:3134} INFO - Exporting env vars: AIRFLOW_CTX_DAG_OWNER='***' AIRFLOW_CTX_DAG_ID='lilt_document_classifier_balanced_V0.1' AIRFLOW_CTX_TASK_ID='img_preprocess_task__1' AIRFLOW_CTX_EXECUTION_DATE='2025-06-18T04:46:36.476365+00:00' AIRFLOW_CTX_TRY_NUMBER='1' AIRFLOW_CTX_DAG_RUN_ID='manual__2025-06-18T04:46:36.476365+00:00'
[2025-06-18T13:48:50.552+0900] {taskinstance.py:732} INFO - ::endgroup::
[2025-06-18T13:48:50.560+0900] {logging_mixin.py:190} INFO - empty map check {} {'process_id': '_09f26327-a46d-4733-b5ed-f4f3c0fdf8c8_pre', 'folder_path': '416214be-55c3-4a88-8584-cd8bc3d7de4b/09f26327-a46d-4733-b5ed-f4f3c0fdf8c8', 'step_list': [{'name': 'cache', 'param': {'key': 'origin'}}, {'name': 'calc_angle_set1', 'param': {'key': 'angle1', 'iterations': 4, 'iter_save': False}}, {'name': 'text_orientation_set', 'param': {'key': 'angle2', 'iterations': 4, 'iter_save': False}}, {'name': 'load', 'param': {'key': 'origin'}}, {'name': 'rotate', 'param': {'key': 'angle1'}}, {'name': 'rotate', 'param': {'key': 'angle2'}}, {'name': 'save', 'param': {'key': 'classify_preprocess'}}], 'result_file_list': []}
[2025-06-18T13:48:50.564+0900] {logging_mixin.py:190} INFO - step : cache
[2025-06-18T13:48:50.575+0900] {logging_mixin.py:190} INFO - step : calc_angle_set1
[2025-06-18T13:48:50.628+0900] {logging_mixin.py:190} INFO - step : text_orientation_set
[2025-06-18T13:48:54.355+0900] {logging_mixin.py:190} INFO - Tesseract OSD Error: (1, 'Estimating resolution as 155 Warning. Invalid resolution 0 dpi. Using 70 instead. Too few characters. Skipping this page Error during processing.')
[2025-06-18T13:48:54.356+0900] {logging_mixin.py:190} INFO - step : load
[2025-06-18T13:48:54.356+0900] {logging_mixin.py:190} INFO - step : rotate
[2025-06-18T13:48:54.372+0900] {logging_mixin.py:190} INFO - step : rotate
[2025-06-18T13:48:54.373+0900] {logging_mixin.py:190} INFO - step : save
[2025-06-18T13:48:54.528+0900] {logging_mixin.py:190} INFO - file_copy: /opt/***/data/temp/416214be-55c3-4a88-8584-cd8bc3d7de4b/09f26327-a46d-4733-b5ed-f4f3c0fdf8c8/classify_preprocess.png
[2025-06-18T13:48:54.550+0900] {python.py:240} INFO - Done. Returned value was: {'file_id': '416214be-55c3-4a88-8584-cd8bc3d7de4b', 'file_path': '/opt/***/data/class/a_class/classify/ready/false/copied_21_2024730757.png', 'false': {'process_id': '_09f26327-a46d-4733-b5ed-f4f3c0fdf8c8_pre', 'folder_path': '416214be-55c3-4a88-8584-cd8bc3d7de4b/09f26327-a46d-4733-b5ed-f4f3c0fdf8c8', 'step_list': [{'name': 'cache', 'param': {'key': 'origin'}}, {'name': 'calc_angle_set1', 'param': {'key': 'angle1', 'iterations': 4, 'iter_save': False}}, {'name': 'text_orientation_set', 'param': {'key': 'angle2', 'iterations': 4, 'iter_save': False}}, {'name': 'load', 'param': {'key': 'origin'}}, {'name': 'rotate', 'param': {'key': 'angle1'}}, {'name': 'rotate', 'param': {'key': 'angle2'}}, {'name': 'save', 'param': {'key': 'classify_preprocess'}}], 'result_file_list': [{'key': 'classify_preprocess', 'path': '/opt/***/data/temp/416214be-55c3-4a88-8584-cd8bc3d7de4b/09f26327-a46d-4733-b5ed-f4f3c0fdf8c8/classify_preprocess.png'}]}}
[2025-06-18T13:48:54.601+0900] {taskinstance.py:341} INFO - ::group::Post task execution logs
[2025-06-18T13:48:54.603+0900] {taskinstance.py:353} INFO - Marking task as SUCCESS. dag_id=lilt_document_classifier_balanced_V0.1, task_id=img_preprocess_task__1, run_id=manual__2025-06-18T04:46:36.476365+00:00, map_index=32, execution_date=20250618T044636, start_date=20250618T044850, end_date=20250618T044854
[2025-06-18T13:48:54.736+0900] {local_task_job_runner.py:266} INFO - Task exited with return code 0
[2025-06-18T13:48:54.851+0900] {taskinstance.py:3901} INFO - 0 downstream tasks scheduled from follow-on schedule check
[2025-06-18T13:48:54.864+0900] {local_task_job_runner.py:245} INFO - ::endgroup::
