[2025-06-23T15:53:51.627+0900] {local_task_job_runner.py:123} INFO - ::group::Pre task execution logs
[2025-06-23T15:53:51.679+0900] {taskinstance.py:2614} INFO - Dependencies all met for dep_context=non-requeueable deps ti=<TaskInstance: lilt_document_classifier_balanced_V0.1.img_preprocess_task__1 manual__2025-06-23T06:45:10.371530+00:00 map_index=16 [queued]>
[2025-06-23T15:53:51.748+0900] {taskinstance.py:2614} INFO - Dependencies all met for dep_context=requeueable deps ti=<TaskInstance: lilt_document_classifier_balanced_V0.1.img_preprocess_task__1 manual__2025-06-23T06:45:10.371530+00:00 map_index=16 [queued]>
[2025-06-23T15:53:51.753+0900] {taskinstance.py:2867} INFO - Starting attempt 2 of 2
[2025-06-23T15:53:51.862+0900] {taskinstance.py:2890} INFO - Executing <Mapped(_PythonDecoratedOperator): img_preprocess_task__1> on 2025-06-23 06:45:10.371530+00:00
[2025-06-23T15:53:51.921+0900] {warnings.py:112} WARNING - /home/***/.local/lib/python3.12/site-packages/***/task/task_runner/standard_task_runner.py:70: DeprecationWarning: This process (pid=2489) is multi-threaded, use of fork() may lead to deadlocks in the child.
  pid = os.fork()

[2025-06-23T15:53:51.931+0900] {standard_task_runner.py:104} INFO - Running: ['***', 'tasks', 'run', 'lilt_document_classifier_balanced_V0.1', 'img_preprocess_task__1', 'manual__2025-06-23T06:45:10.371530+00:00', '--job-id', '3144', '--raw', '--subdir', 'DAGS_FOLDER/class_create_dag.py', '--cfg-path', '/tmp/tmpywko7hge', '--map-index', '16']
[2025-06-23T15:53:51.936+0900] {standard_task_runner.py:105} INFO - Job 3144: Subtask img_preprocess_task__1
[2025-06-23T15:53:51.936+0900] {standard_task_runner.py:72} INFO - Started process 2570 to run task
[2025-06-23T15:53:51.993+0900] {task_command.py:467} INFO - Running <TaskInstance: lilt_document_classifier_balanced_V0.1.img_preprocess_task__1 manual__2025-06-23T06:45:10.371530+00:00 map_index=16 [running]> on host f6d4228a9eb8
[2025-06-23T15:53:52.416+0900] {taskinstance.py:3134} INFO - Exporting env vars: AIRFLOW_CTX_DAG_OWNER='***' AIRFLOW_CTX_DAG_ID='lilt_document_classifier_balanced_V0.1' AIRFLOW_CTX_TASK_ID='img_preprocess_task__1' AIRFLOW_CTX_EXECUTION_DATE='2025-06-23T06:45:10.371530+00:00' AIRFLOW_CTX_TRY_NUMBER='2' AIRFLOW_CTX_DAG_RUN_ID='manual__2025-06-23T06:45:10.371530+00:00'
[2025-06-23T15:53:52.427+0900] {taskinstance.py:732} INFO - ::endgroup::
[2025-06-23T15:53:52.434+0900] {logging_mixin.py:190} INFO - empty map check {} {'process_id': '_5000bd83-0f5e-4917-9a33-4dfe31660258_pre', 'folder_path': '81adfee9-0e02-467b-8b73-9244fd0e7338/5000bd83-0f5e-4917-9a33-4dfe31660258', 'step_list': [{'name': 'cache', 'param': {'key': 'origin'}}, {'name': 'calc_angle_set2', 'param': {'key': 'angle1', 'iterations': 4, 'iter_save': False}}, {'name': 'text_orientation_set', 'param': {'key': 'angle2', 'iterations': 4, 'iter_save': False}}, {'name': 'load', 'param': {'key': 'origin'}}, {'name': 'rotate', 'param': {'key': 'angle1'}}, {'name': 'rotate', 'param': {'key': 'angle2'}}], 'result_file_map': {}}
[2025-06-23T15:53:52.451+0900] {logging_mixin.py:190} INFO - step : cache
[2025-06-23T15:53:52.452+0900] {logging_mixin.py:190} INFO - step : calc_angle_set2
[2025-06-23T15:53:57.582+0900] {logging_mixin.py:190} INFO - osd 1 0.0 0.0 20 6096 [5132, 5109, 5201, 5196, 5135, 5096, 5207, 5418, 5165, 5278, 5223, 5354, 5214, 5214, 5361, 5187, 5501, 5652, 5843, 5442, 6096, 5644, 5595, 5535, 5518, 5846, 5551, 5436, 5277, 5351, 5134, 5234, 5121, 5145, 4845, 5059, 4810, 4904, 4842, 4860, 4487]
[2025-06-23T15:54:02.198+0900] {logging_mixin.py:190} INFO - osd 2 0.0 0.0 20 6096 [5132, 5109, 5201, 5196, 5135, 5096, 5207, 5418, 5165, 5278, 5223, 5354, 5214, 5214, 5361, 5187, 5501, 5652, 5843, 5442, 6096, 5644, 5595, 5535, 5518, 5846, 5551, 5436, 5277, 5351, 5134, 5234, 5121, 5145, 4845, 5059, 4810, 4904, 4842, 4860, 4487]
[2025-06-23T15:54:07.748+0900] {logging_mixin.py:190} INFO - osd 3 0.0 0.0 20 6096 [5132, 5109, 5201, 5196, 5135, 5096, 5207, 5418, 5165, 5278, 5223, 5354, 5214, 5214, 5361, 5187, 5501, 5652, 5843, 5442, 6096, 5644, 5595, 5535, 5518, 5846, 5551, 5436, 5277, 5351, 5134, 5234, 5121, 5145, 4845, 5059, 4810, 4904, 4842, 4860, 4487]
[2025-06-23T15:54:12.713+0900] {logging_mixin.py:190} INFO - osd 4 0.0 0.0 20 6096 [5132, 5109, 5201, 5196, 5135, 5096, 5207, 5418, 5165, 5278, 5223, 5354, 5214, 5214, 5361, 5187, 5501, 5652, 5843, 5442, 6096, 5644, 5595, 5535, 5518, 5846, 5551, 5436, 5277, 5351, 5134, 5234, 5121, 5145, 4845, 5059, 4810, 4904, 4842, 4860, 4487]
[2025-06-23T15:54:12.756+0900] {logging_mixin.py:190} INFO - step : text_orientation_set
[2025-06-23T15:54:23.979+0900] {logging_mixin.py:190} INFO - osd 1 180 180 0.71 Latin 0.61
[2025-06-23T15:54:30.468+0900] {logging_mixin.py:190} INFO - osd 2 break  180 0 1.8 Greek 1.0
[2025-06-23T15:54:30.469+0900] {logging_mixin.py:190} INFO - step : load
[2025-06-23T15:54:30.469+0900] {logging_mixin.py:190} INFO - step : rotate
[2025-06-23T15:54:30.474+0900] {logging_mixin.py:190} INFO - step : rotate
[2025-06-23T15:54:30.786+0900] {logging_mixin.py:190} INFO - file_copy: /opt/***/data/temp/81adfee9-0e02-467b-8b73-9244fd0e7338/5000bd83-0f5e-4917-9a33-4dfe31660258/_result.png
[2025-06-23T15:54:30.800+0900] {python.py:240} INFO - Done. Returned value was: {'file_id': '81adfee9-0e02-467b-8b73-9244fd0e7338', 'file_path': '/opt/***/data/class/a_class/classify/ready/false/copied_18_80703505.png', 'false': {'process_id': '_5000bd83-0f5e-4917-9a33-4dfe31660258_pre', 'folder_path': '81adfee9-0e02-467b-8b73-9244fd0e7338/5000bd83-0f5e-4917-9a33-4dfe31660258', 'step_list': [{'name': 'cache', 'param': {'key': 'origin'}}, {'name': 'calc_angle_set2', 'param': {'key': 'angle1', 'iterations': 4, 'iter_save': False}}, {'name': 'text_orientation_set', 'param': {'key': 'angle2', 'iterations': 4, 'iter_save': False}}, {'name': 'load', 'param': {'key': 'origin'}}, {'name': 'rotate', 'param': {'key': 'angle1'}}, {'name': 'rotate', 'param': {'key': 'angle2'}}], 'result_file_map': {'_result': '/opt/***/data/temp/81adfee9-0e02-467b-8b73-9244fd0e7338/5000bd83-0f5e-4917-9a33-4dfe31660258/_result.png'}}}
[2025-06-23T15:54:30.871+0900] {taskinstance.py:341} INFO - ::group::Post task execution logs
[2025-06-23T15:54:30.880+0900] {taskinstance.py:353} INFO - Marking task as SUCCESS. dag_id=lilt_document_classifier_balanced_V0.1, task_id=img_preprocess_task__1, run_id=manual__2025-06-23T06:45:10.371530+00:00, map_index=16, execution_date=20250623T064510, start_date=20250623T065351, end_date=20250623T065430
[2025-06-23T15:54:31.007+0900] {local_task_job_runner.py:266} INFO - Task exited with return code 0
[2025-06-23T15:54:31.023+0900] {local_task_job_runner.py:245} INFO - ::endgroup::
