[2025-06-24T13:39:07.195+0900] {local_task_job_runner.py:123} INFO - ::group::Pre task execution logs
[2025-06-24T13:39:07.306+0900] {taskinstance.py:2614} INFO - Dependencies all met for dep_context=non-requeueable deps ti=<TaskInstance: lilt_document_classifier_balanced_V0.1.img_preprocess_task manual__2025-06-24T04:23:33.505927+00:00 map_index=73 [queued]>
[2025-06-24T13:39:07.359+0900] {taskinstance.py:2614} INFO - Dependencies all met for dep_context=requeueable deps ti=<TaskInstance: lilt_document_classifier_balanced_V0.1.img_preprocess_task manual__2025-06-24T04:23:33.505927+00:00 map_index=73 [queued]>
[2025-06-24T13:39:07.360+0900] {taskinstance.py:2867} INFO - Starting attempt 1 of 1
[2025-06-24T13:39:07.394+0900] {taskinstance.py:2890} INFO - Executing <Mapped(_PythonDecoratedOperator): img_preprocess_task> on 2025-06-24 04:23:33.505927+00:00
[2025-06-24T13:39:07.449+0900] {warnings.py:112} WARNING - /home/***/.local/lib/python3.12/site-packages/***/task/task_runner/standard_task_runner.py:70: DeprecationWarning: This process (pid=41488) is multi-threaded, use of fork() may lead to deadlocks in the child.
  pid = os.fork()

[2025-06-24T13:39:07.458+0900] {standard_task_runner.py:72} INFO - Started process 41501 to run task
[2025-06-24T13:39:07.451+0900] {standard_task_runner.py:104} INFO - Running: ['***', 'tasks', 'run', 'lilt_document_classifier_balanced_V0.1', 'img_preprocess_task', 'manual__2025-06-24T04:23:33.505927+00:00', '--job-id', '4080', '--raw', '--subdir', 'DAGS_FOLDER/class_create_dag.py', '--cfg-path', '/tmp/tmp5fyduxx4', '--map-index', '73']
[2025-06-24T13:39:07.461+0900] {standard_task_runner.py:105} INFO - Job 4080: Subtask img_preprocess_task
[2025-06-24T13:39:07.559+0900] {task_command.py:467} INFO - Running <TaskInstance: lilt_document_classifier_balanced_V0.1.img_preprocess_task manual__2025-06-24T04:23:33.505927+00:00 map_index=73 [running]> on host f6d4228a9eb8
[2025-06-24T13:39:07.850+0900] {taskinstance.py:3134} INFO - Exporting env vars: AIRFLOW_CTX_DAG_OWNER='***' AIRFLOW_CTX_DAG_ID='lilt_document_classifier_balanced_V0.1' AIRFLOW_CTX_TASK_ID='img_preprocess_task' AIRFLOW_CTX_EXECUTION_DATE='2025-06-24T04:23:33.505927+00:00' AIRFLOW_CTX_TRY_NUMBER='1' AIRFLOW_CTX_DAG_RUN_ID='manual__2025-06-24T04:23:33.505927+00:00'
[2025-06-24T13:39:07.869+0900] {taskinstance.py:732} INFO - ::endgroup::
[2025-06-24T13:39:07.890+0900] {logging_mixin.py:190} INFO - empty map check {} {'process_id': '_f70b551f-ed8a-4da0-85de-13e6ca6c16c5_pre', 'folder_path': '762b1718-5832-460c-a092-dcb2f42b4159/f70b551f-ed8a-4da0-85de-13e6ca6c16c5', 'step_list': [{'name': 'cache', 'param': {'key': 'origin'}}, {'name': 'calc_angle_set2', 'param': {'key': 'angle1', 'iterations': 4, 'iter_save': True}}, {'name': 'save', 'param': {'key': 'ag1'}}, {'name': 'text_orientation_set', 'param': {'key': 'angle2', 'iterations': 4, 'iter_save': True}}, {'name': 'save', 'param': {'key': 'ag2'}}, {'name': 'load', 'param': {'key': 'origin'}}, {'name': 'rotate', 'param': {'key': 'angle1'}}, {'name': 'rotate', 'param': {'key': 'angle2'}}], 'result_file_map': {}}
[2025-06-24T13:39:07.899+0900] {logging_mixin.py:190} INFO - step : cache
[2025-06-24T13:39:07.902+0900] {logging_mixin.py:190} INFO - step : calc_angle_set2
[2025-06-24T13:39:41.295+0900] {logging_mixin.py:190} INFO - osd 1 0 0 20 2 [0, 0, 0, 0, 0, 0, 0, 0, 0, 0, 0, 0, 0, 0, 0, 0, 0, 0, 0, 0, 2, 0, 0, 0, 0, 0, 0, 0, 0, 0, 0, 0, 0, 0, 0, 0, 0, 0, 0, 0, 0]
[2025-06-24T13:40:13.390+0900] {logging_mixin.py:190} INFO - osd 2 0 0 20 2 [0, 0, 0, 0, 0, 0, 0, 0, 0, 0, 0, 0, 0, 0, 0, 0, 0, 0, 0, 0, 2, 0, 0, 0, 0, 0, 0, 0, 0, 0, 0, 0, 0, 0, 0, 0, 0, 0, 0, 0, 0]
[2025-06-24T13:40:45.800+0900] {logging_mixin.py:190} INFO - osd 3 0 0 20 2 [0, 0, 0, 0, 0, 0, 0, 0, 0, 0, 0, 0, 0, 0, 0, 0, 0, 0, 0, 0, 2, 0, 0, 0, 0, 0, 0, 0, 0, 0, 0, 0, 0, 0, 0, 0, 0, 0, 0, 0, 0]
[2025-06-24T13:41:17.553+0900] {logging_mixin.py:190} INFO - osd 4 0 0 20 2 [0, 0, 0, 0, 0, 0, 0, 0, 0, 0, 0, 0, 0, 0, 0, 0, 0, 0, 0, 0, 2, 0, 0, 0, 0, 0, 0, 0, 0, 0, 0, 0, 0, 0, 0, 0, 0, 0, 0, 0, 0]
[2025-06-24T13:41:17.911+0900] {logging_mixin.py:190} INFO - step : save
[2025-06-24T13:41:18.607+0900] {logging_mixin.py:190} INFO - file_copy: /opt/***/data/temp/762b1718-5832-460c-a092-dcb2f42b4159/f70b551f-ed8a-4da0-85de-13e6ca6c16c5/ag1.png
[2025-06-24T13:41:18.673+0900] {logging_mixin.py:190} INFO - step : text_orientation_set
[2025-06-24T13:41:26.805+0900] {logging_mixin.py:190} INFO - file_copy: /opt/***/data/temp/762b1718-5832-460c-a092-dcb2f42b4159/f70b551f-ed8a-4da0-85de-13e6ca6c16c5/rotate2_1.png
[2025-06-24T13:41:35.578+0900] {logging_mixin.py:190} INFO - osd 1 break  0 0 7.57 Japanese 0.16
[2025-06-24T13:41:35.593+0900] {logging_mixin.py:190} INFO - step : save
[2025-06-24T13:41:36.032+0900] {logging_mixin.py:190} INFO - file_copy: /opt/***/data/temp/762b1718-5832-460c-a092-dcb2f42b4159/f70b551f-ed8a-4da0-85de-13e6ca6c16c5/ag2.png
[2025-06-24T13:41:36.076+0900] {logging_mixin.py:190} INFO - step : load
[2025-06-24T13:41:36.079+0900] {logging_mixin.py:190} INFO - step : rotate
[2025-06-24T13:41:36.402+0900] {logging_mixin.py:190} INFO - step : rotate
[2025-06-24T13:41:36.905+0900] {logging_mixin.py:190} INFO - file_copy: /opt/***/data/temp/762b1718-5832-460c-a092-dcb2f42b4159/f70b551f-ed8a-4da0-85de-13e6ca6c16c5/_result.png
[2025-06-24T13:41:36.951+0900] {python.py:240} INFO - Done. Returned value was: {'file_id': '762b1718-5832-460c-a092-dcb2f42b4159', 'file_path': '/opt/***/data/class/a_class/classify/ready/true/쌍문동 명준빌딩 - 정부24 - 건축물대장 등본(초본) 발급(열람) _ 문서출력_page_1_aug1.png', 'true': {'process_id': '_f70b551f-ed8a-4da0-85de-13e6ca6c16c5_pre', 'folder_path': '762b1718-5832-460c-a092-dcb2f42b4159/f70b551f-ed8a-4da0-85de-13e6ca6c16c5', 'step_list': [{'name': 'cache', 'param': {'key': 'origin'}}, {'name': 'calc_angle_set2', 'param': {'key': 'angle1', 'iterations': 4, 'iter_save': True}}, {'name': 'save', 'param': {'key': 'ag1'}}, {'name': 'text_orientation_set', 'param': {'key': 'angle2', 'iterations': 4, 'iter_save': True}}, {'name': 'save', 'param': {'key': 'ag2'}}, {'name': 'load', 'param': {'key': 'origin'}}, {'name': 'rotate', 'param': {'key': 'angle1'}}, {'name': 'rotate', 'param': {'key': 'angle2'}}], 'result_file_map': {'ag1': '/opt/***/data/temp/762b1718-5832-460c-a092-dcb2f42b4159/f70b551f-ed8a-4da0-85de-13e6ca6c16c5/ag1.png', 'rotate2_1': '/opt/***/data/temp/762b1718-5832-460c-a092-dcb2f42b4159/f70b551f-ed8a-4da0-85de-13e6ca6c16c5/rotate2_1.png', 'ag2': '/opt/***/data/temp/762b1718-5832-460c-a092-dcb2f42b4159/f70b551f-ed8a-4da0-85de-13e6ca6c16c5/ag2.png', '_result': '/opt/***/data/temp/762b1718-5832-460c-a092-dcb2f42b4159/f70b551f-ed8a-4da0-85de-13e6ca6c16c5/_result.png'}}}
[2025-06-24T13:41:37.028+0900] {taskinstance.py:341} INFO - ::group::Post task execution logs
[2025-06-24T13:41:37.044+0900] {taskinstance.py:353} INFO - Marking task as SUCCESS. dag_id=lilt_document_classifier_balanced_V0.1, task_id=img_preprocess_task, run_id=manual__2025-06-24T04:23:33.505927+00:00, map_index=73, execution_date=20250624T042333, start_date=20250624T043907, end_date=20250624T044137
[2025-06-24T13:41:37.248+0900] {local_task_job_runner.py:266} INFO - Task exited with return code 0
[2025-06-24T13:41:37.348+0900] {taskinstance.py:3901} INFO - 0 downstream tasks scheduled from follow-on schedule check
[2025-06-24T13:41:37.355+0900] {local_task_job_runner.py:245} INFO - ::endgroup::
