[2025-06-23T10:25:47.842+0900] {local_task_job_runner.py:123} INFO - ::group::Pre task execution logs
[2025-06-23T10:25:47.977+0900] {taskinstance.py:2614} INFO - Dependencies all met for dep_context=non-requeueable deps ti=<TaskInstance: lilt_document_classifier_balanced_V0.1.img_preprocess_task manual__2025-06-23T01:24:40.043171+00:00 map_index=2 [queued]>
[2025-06-23T10:25:48.022+0900] {taskinstance.py:2614} INFO - Dependencies all met for dep_context=requeueable deps ti=<TaskInstance: lilt_document_classifier_balanced_V0.1.img_preprocess_task manual__2025-06-23T01:24:40.043171+00:00 map_index=2 [queued]>
[2025-06-23T10:25:48.028+0900] {taskinstance.py:2867} INFO - Starting attempt 1 of 1
[2025-06-23T10:25:48.090+0900] {taskinstance.py:2890} INFO - Executing <Mapped(_PythonDecoratedOperator): img_preprocess_task> on 2025-06-23 01:24:40.043171+00:00
[2025-06-23T10:25:48.138+0900] {warnings.py:112} WARNING - /home/***/.local/lib/python3.12/site-packages/***/task/task_runner/standard_task_runner.py:70: DeprecationWarning: This process (pid=85071) is multi-threaded, use of fork() may lead to deadlocks in the child.
  pid = os.fork()

[2025-06-23T10:25:48.140+0900] {standard_task_runner.py:72} INFO - Started process 85247 to run task
[2025-06-23T10:25:48.153+0900] {standard_task_runner.py:104} INFO - Running: ['***', 'tasks', 'run', 'lilt_document_classifier_balanced_V0.1', 'img_preprocess_task', 'manual__2025-06-23T01:24:40.043171+00:00', '--job-id', '2094', '--raw', '--subdir', 'DAGS_FOLDER/class_create_dag.py', '--cfg-path', '/tmp/tmp3heb277w', '--map-index', '2']
[2025-06-23T10:25:48.167+0900] {standard_task_runner.py:105} INFO - Job 2094: Subtask img_preprocess_task
[2025-06-23T10:25:48.314+0900] {task_command.py:467} INFO - Running <TaskInstance: lilt_document_classifier_balanced_V0.1.img_preprocess_task manual__2025-06-23T01:24:40.043171+00:00 map_index=2 [running]> on host f6d4228a9eb8
[2025-06-23T10:25:50.968+0900] {taskinstance.py:3134} INFO - Exporting env vars: AIRFLOW_CTX_DAG_OWNER='***' AIRFLOW_CTX_DAG_ID='lilt_document_classifier_balanced_V0.1' AIRFLOW_CTX_TASK_ID='img_preprocess_task' AIRFLOW_CTX_EXECUTION_DATE='2025-06-23T01:24:40.043171+00:00' AIRFLOW_CTX_TRY_NUMBER='1' AIRFLOW_CTX_DAG_RUN_ID='manual__2025-06-23T01:24:40.043171+00:00'
[2025-06-23T10:25:50.974+0900] {taskinstance.py:732} INFO - ::endgroup::
[2025-06-23T10:25:51.084+0900] {logging_mixin.py:190} INFO - empty map check {} {'process_id': '_9c887c15-0a8d-4254-8976-191824fc7c91_pre', 'folder_path': '131e186f-15be-4613-b88b-e4d154a456c4/9c887c15-0a8d-4254-8976-191824fc7c91', 'step_list': [{'name': 'cache', 'param': {'key': 'origin'}}, {'name': 'calc_angle_set1', 'param': {'key': 'angle1', 'iterations': 4, 'iter_save': False}}, {'name': 'text_orientation_set', 'param': {'key': 'angle2', 'iterations': 4, 'iter_save': False}}, {'name': 'load', 'param': {'key': 'origin'}}, {'name': 'rotate', 'param': {'key': 'angle1'}}, {'name': 'rotate', 'param': {'key': 'angle2'}}], 'result_file_map': {}}
[2025-06-23T10:25:51.104+0900] {logging_mixin.py:190} INFO - step : cache
[2025-06-23T10:25:51.114+0900] {logging_mixin.py:190} INFO - step : calc_angle_set1
[2025-06-23T10:25:54.190+0900] {logging_mixin.py:190} INFO - step : text_orientation_set
[2025-06-23T10:26:15.222+0900] {logging_mixin.py:190} INFO - osd 1 break  0 0 10.68 Korean 0.31
[2025-06-23T10:26:15.226+0900] {logging_mixin.py:190} INFO - step : load
[2025-06-23T10:26:15.230+0900] {logging_mixin.py:190} INFO - step : rotate
[2025-06-23T10:26:15.609+0900] {logging_mixin.py:190} INFO - step : rotate
[2025-06-23T10:26:15.973+0900] {logging_mixin.py:190} INFO - file_copy: /opt/***/data/temp/131e186f-15be-4613-b88b-e4d154a456c4/9c887c15-0a8d-4254-8976-191824fc7c91/_result.png
[2025-06-23T10:26:16.011+0900] {python.py:240} INFO - Done. Returned value was: {'file_id': '131e186f-15be-4613-b88b-e4d154a456c4', 'file_path': '/opt/***/data/class/a_class/classify/ready/true/녹번동 삼진빌딩 - 정부24 - 건축물대장 등본(초본) 발급(열람) _ 문서출력_page_1_aug1.png', 'true': {'process_id': '_9c887c15-0a8d-4254-8976-191824fc7c91_pre', 'folder_path': '131e186f-15be-4613-b88b-e4d154a456c4/9c887c15-0a8d-4254-8976-191824fc7c91', 'step_list': [{'name': 'cache', 'param': {'key': 'origin'}}, {'name': 'calc_angle_set1', 'param': {'key': 'angle1', 'iterations': 4, 'iter_save': False}}, {'name': 'text_orientation_set', 'param': {'key': 'angle2', 'iterations': 4, 'iter_save': False}}, {'name': 'load', 'param': {'key': 'origin'}}, {'name': 'rotate', 'param': {'key': 'angle1'}}, {'name': 'rotate', 'param': {'key': 'angle2'}}], 'result_file_map': {'_result': '/opt/***/data/temp/131e186f-15be-4613-b88b-e4d154a456c4/9c887c15-0a8d-4254-8976-191824fc7c91/_result.png'}}}
[2025-06-23T10:26:16.166+0900] {taskinstance.py:341} INFO - ::group::Post task execution logs
[2025-06-23T10:26:16.166+0900] {taskinstance.py:353} INFO - Marking task as SUCCESS. dag_id=lilt_document_classifier_balanced_V0.1, task_id=img_preprocess_task, run_id=manual__2025-06-23T01:24:40.043171+00:00, map_index=2, execution_date=20250623T012440, start_date=20250623T012547, end_date=20250623T012616
[2025-06-23T10:26:16.376+0900] {local_task_job_runner.py:266} INFO - Task exited with return code 0
[2025-06-23T10:26:16.610+0900] {local_task_job_runner.py:245} INFO - ::endgroup::
