[2025-06-23T17:07:54.659+0900] {local_task_job_runner.py:123} INFO - ::group::Pre task execution logs
[2025-06-23T17:07:54.815+0900] {taskinstance.py:2614} INFO - Dependencies all met for dep_context=non-requeueable deps ti=<TaskInstance: lilt_document_classifier_balanced_V0.1.img_preprocess_task__1 manual__2025-06-23T07:44:09.997775+00:00 map_index=84 [queued]>
[2025-06-23T17:07:54.887+0900] {taskinstance.py:2614} INFO - Dependencies all met for dep_context=requeueable deps ti=<TaskInstance: lilt_document_classifier_balanced_V0.1.img_preprocess_task__1 manual__2025-06-23T07:44:09.997775+00:00 map_index=84 [queued]>
[2025-06-23T17:07:54.889+0900] {taskinstance.py:2867} INFO - Starting attempt 1 of 1
[2025-06-23T17:07:54.954+0900] {taskinstance.py:2890} INFO - Executing <Mapped(_PythonDecoratedOperator): img_preprocess_task__1> on 2025-06-23 07:44:09.997775+00:00
[2025-06-23T17:07:55.007+0900] {warnings.py:112} WARNING - /home/***/.local/lib/python3.12/site-packages/***/task/task_runner/standard_task_runner.py:70: DeprecationWarning: This process (pid=13304) is multi-threaded, use of fork() may lead to deadlocks in the child.
  pid = os.fork()

[2025-06-23T17:07:55.008+0900] {standard_task_runner.py:72} INFO - Started process 13324 to run task
[2025-06-23T17:07:55.016+0900] {standard_task_runner.py:104} INFO - Running: ['***', 'tasks', 'run', 'lilt_document_classifier_balanced_V0.1', 'img_preprocess_task__1', 'manual__2025-06-23T07:44:09.997775+00:00', '--job-id', '3669', '--raw', '--subdir', 'DAGS_FOLDER/class_create_dag.py', '--cfg-path', '/tmp/tmp50oalwpv', '--map-index', '84']
[2025-06-23T17:07:55.019+0900] {standard_task_runner.py:105} INFO - Job 3669: Subtask img_preprocess_task__1
[2025-06-23T17:07:55.137+0900] {task_command.py:467} INFO - Running <TaskInstance: lilt_document_classifier_balanced_V0.1.img_preprocess_task__1 manual__2025-06-23T07:44:09.997775+00:00 map_index=84 [running]> on host f6d4228a9eb8
[2025-06-23T17:07:55.620+0900] {taskinstance.py:3134} INFO - Exporting env vars: AIRFLOW_CTX_DAG_OWNER='***' AIRFLOW_CTX_DAG_ID='lilt_document_classifier_balanced_V0.1' AIRFLOW_CTX_TASK_ID='img_preprocess_task__1' AIRFLOW_CTX_EXECUTION_DATE='2025-06-23T07:44:09.997775+00:00' AIRFLOW_CTX_TRY_NUMBER='1' AIRFLOW_CTX_DAG_RUN_ID='manual__2025-06-23T07:44:09.997775+00:00'
[2025-06-23T17:07:55.622+0900] {taskinstance.py:732} INFO - ::endgroup::
[2025-06-23T17:07:55.633+0900] {logging_mixin.py:190} INFO - empty map check {} {'process_id': '_e2f30fdd-ff96-435f-a128-5652dd815566_pre', 'folder_path': 'cd8447e2-fb42-4d26-95e8-01aa881ec136/e2f30fdd-ff96-435f-a128-5652dd815566', 'step_list': [{'name': 'cache', 'param': {'key': 'origin'}}, {'name': 'calc_angle_set2', 'param': {'key': 'angle1', 'iterations': 4, 'iter_save': False}}, {'name': 'text_orientation_set', 'param': {'key': 'angle2', 'iterations': 4, 'iter_save': False}}, {'name': 'load', 'param': {'key': 'origin'}}, {'name': 'rotate', 'param': {'key': 'angle1'}}, {'name': 'rotate', 'param': {'key': 'angle2'}}], 'result_file_map': {}}
[2025-06-23T17:07:55.634+0900] {logging_mixin.py:190} INFO - step : cache
[2025-06-23T17:07:55.634+0900] {logging_mixin.py:190} INFO - step : calc_angle_set2
[2025-06-23T17:08:02.003+0900] {logging_mixin.py:190} INFO - osd 1 0.0 0.0 20 1778 [0, 0, 0, 0, 0, 0, 0, 0, 0, 0, 0, 0, 0, 0, 0, 3, 106, 362, 783, 1244, 1778, 1260, 820, 405, 141, 0, 21, 0, 0, 0, 0, 0, 0, 0, 0, 0, 0, 0, 0, 0, 0]
[2025-06-23T17:08:10.502+0900] {logging_mixin.py:190} INFO - osd 2 0.0 0.0 20 1778 [0, 0, 0, 0, 0, 0, 0, 0, 0, 0, 0, 0, 0, 0, 0, 3, 106, 362, 783, 1244, 1778, 1260, 820, 405, 141, 0, 21, 0, 0, 0, 0, 0, 0, 0, 0, 0, 0, 0, 0, 0, 0]
[2025-06-23T17:08:18.966+0900] {logging_mixin.py:190} INFO - osd 3 0.0 0.0 20 1778 [0, 0, 0, 0, 0, 0, 0, 0, 0, 0, 0, 0, 0, 0, 0, 3, 106, 362, 783, 1244, 1778, 1260, 820, 405, 141, 0, 21, 0, 0, 0, 0, 0, 0, 0, 0, 0, 0, 0, 0, 0, 0]
[2025-06-23T17:08:25.295+0900] {logging_mixin.py:190} INFO - osd 4 0.0 0.0 20 1778 [0, 0, 0, 0, 0, 0, 0, 0, 0, 0, 0, 0, 0, 0, 0, 3, 106, 362, 783, 1244, 1778, 1260, 820, 405, 141, 0, 21, 0, 0, 0, 0, 0, 0, 0, 0, 0, 0, 0, 0, 0, 0]
[2025-06-23T17:08:25.370+0900] {logging_mixin.py:190} INFO - step : text_orientation_set
[2025-06-23T17:08:35.344+0900] {logging_mixin.py:190} INFO - osd 1 break  0 0 6.55 Latin 1.14
[2025-06-23T17:08:35.345+0900] {logging_mixin.py:190} INFO - step : load
[2025-06-23T17:08:35.346+0900] {logging_mixin.py:190} INFO - step : rotate
[2025-06-23T17:08:35.362+0900] {logging_mixin.py:190} INFO - step : rotate
[2025-06-23T17:08:35.567+0900] {logging_mixin.py:190} INFO - file_copy: /opt/***/data/temp/cd8447e2-fb42-4d26-95e8-01aa881ec136/e2f30fdd-ff96-435f-a128-5652dd815566/_result.png
[2025-06-23T17:08:35.630+0900] {python.py:240} INFO - Done. Returned value was: {'file_id': 'cd8447e2-fb42-4d26-95e8-01aa881ec136', 'file_path': '/opt/***/data/class/a_class/classify/ready/false/copied_21_50553200-3201.png', 'false': {'process_id': '_e2f30fdd-ff96-435f-a128-5652dd815566_pre', 'folder_path': 'cd8447e2-fb42-4d26-95e8-01aa881ec136/e2f30fdd-ff96-435f-a128-5652dd815566', 'step_list': [{'name': 'cache', 'param': {'key': 'origin'}}, {'name': 'calc_angle_set2', 'param': {'key': 'angle1', 'iterations': 4, 'iter_save': False}}, {'name': 'text_orientation_set', 'param': {'key': 'angle2', 'iterations': 4, 'iter_save': False}}, {'name': 'load', 'param': {'key': 'origin'}}, {'name': 'rotate', 'param': {'key': 'angle1'}}, {'name': 'rotate', 'param': {'key': 'angle2'}}], 'result_file_map': {'_result': '/opt/***/data/temp/cd8447e2-fb42-4d26-95e8-01aa881ec136/e2f30fdd-ff96-435f-a128-5652dd815566/_result.png'}}}
[2025-06-23T17:08:35.809+0900] {taskinstance.py:341} INFO - ::group::Post task execution logs
[2025-06-23T17:08:35.818+0900] {taskinstance.py:353} INFO - Marking task as SUCCESS. dag_id=lilt_document_classifier_balanced_V0.1, task_id=img_preprocess_task__1, run_id=manual__2025-06-23T07:44:09.997775+00:00, map_index=84, execution_date=20250623T074409, start_date=20250623T080754, end_date=20250623T080835
[2025-06-23T17:08:35.979+0900] {local_task_job_runner.py:266} INFO - Task exited with return code 0
[2025-06-23T17:08:36.203+0900] {taskinstance.py:3901} INFO - 0 downstream tasks scheduled from follow-on schedule check
[2025-06-23T17:08:36.235+0900] {local_task_job_runner.py:245} INFO - ::endgroup::
