[2025-06-18T13:49:59.190+0900] {local_task_job_runner.py:123} INFO - ::group::Pre task execution logs
[2025-06-18T13:49:59.558+0900] {taskinstance.py:2614} INFO - Dependencies all met for dep_context=non-requeueable deps ti=<TaskInstance: lilt_document_classifier_balanced_V0.1.img_preprocess_task manual__2025-06-18T04:46:36.476365+00:00 map_index=60 [queued]>
[2025-06-18T13:49:59.652+0900] {taskinstance.py:2614} INFO - Dependencies all met for dep_context=requeueable deps ti=<TaskInstance: lilt_document_classifier_balanced_V0.1.img_preprocess_task manual__2025-06-18T04:46:36.476365+00:00 map_index=60 [queued]>
[2025-06-18T13:49:59.664+0900] {taskinstance.py:2867} INFO - Starting attempt 1 of 1
[2025-06-18T13:49:59.740+0900] {taskinstance.py:2890} INFO - Executing <Mapped(_PythonDecoratedOperator): img_preprocess_task> on 2025-06-18 04:46:36.476365+00:00
[2025-06-18T13:49:59.790+0900] {standard_task_runner.py:104} INFO - Running: ['***', 'tasks', 'run', 'lilt_document_classifier_balanced_V0.1', 'img_preprocess_task', 'manual__2025-06-18T04:46:36.476365+00:00', '--job-id', '1138', '--raw', '--subdir', 'DAGS_FOLDER/class_create_dag.py', '--cfg-path', '/tmp/tmpzti0peyd', '--map-index', '60']
[2025-06-18T13:49:59.812+0900] {standard_task_runner.py:105} INFO - Job 1138: Subtask img_preprocess_task
[2025-06-18T13:49:59.787+0900] {warnings.py:112} WARNING - /home/***/.local/lib/python3.12/site-packages/***/task/task_runner/standard_task_runner.py:70: DeprecationWarning: This process (pid=28714) is multi-threaded, use of fork() may lead to deadlocks in the child.
  pid = os.fork()

[2025-06-18T13:49:59.815+0900] {standard_task_runner.py:72} INFO - Started process 28804 to run task
[2025-06-18T13:50:00.004+0900] {task_command.py:467} INFO - Running <TaskInstance: lilt_document_classifier_balanced_V0.1.img_preprocess_task manual__2025-06-18T04:46:36.476365+00:00 map_index=60 [running]> on host f6d4228a9eb8
[2025-06-18T13:50:00.332+0900] {taskinstance.py:3134} INFO - Exporting env vars: AIRFLOW_CTX_DAG_OWNER='***' AIRFLOW_CTX_DAG_ID='lilt_document_classifier_balanced_V0.1' AIRFLOW_CTX_TASK_ID='img_preprocess_task' AIRFLOW_CTX_EXECUTION_DATE='2025-06-18T04:46:36.476365+00:00' AIRFLOW_CTX_TRY_NUMBER='1' AIRFLOW_CTX_DAG_RUN_ID='manual__2025-06-18T04:46:36.476365+00:00'
[2025-06-18T13:50:00.334+0900] {taskinstance.py:732} INFO - ::endgroup::
[2025-06-18T13:50:00.350+0900] {logging_mixin.py:190} INFO - empty map check {} {'process_id': '_8f4c1156-0f5b-44d4-bc8a-8a5f3bed0a68_pre', 'folder_path': '116b4755-5f6d-4b49-af4d-288b370bb559/8f4c1156-0f5b-44d4-bc8a-8a5f3bed0a68', 'step_list': [{'name': 'cache', 'param': {'key': 'origin'}}, {'name': 'calc_angle_set1', 'param': {'key': 'angle1', 'iterations': 4, 'iter_save': False}}, {'name': 'text_orientation_set', 'param': {'key': 'angle2', 'iterations': 4, 'iter_save': False}}, {'name': 'load', 'param': {'key': 'origin'}}, {'name': 'rotate', 'param': {'key': 'angle1'}}, {'name': 'rotate', 'param': {'key': 'angle2'}}, {'name': 'save', 'param': {'key': 'classify_preprocess'}}], 'result_file_list': []}
[2025-06-18T13:50:00.367+0900] {logging_mixin.py:190} INFO - step : cache
[2025-06-18T13:50:00.367+0900] {logging_mixin.py:190} INFO - step : calc_angle_set1
[2025-06-18T13:50:01.144+0900] {logging_mixin.py:190} INFO - step : text_orientation_set
[2025-06-18T13:50:17.073+0900] {logging_mixin.py:190} INFO - osd 1 break  0 0 12.72 Korean 0.56
[2025-06-18T13:50:17.074+0900] {logging_mixin.py:190} INFO - step : load
[2025-06-18T13:50:17.074+0900] {logging_mixin.py:190} INFO - step : rotate
[2025-06-18T13:50:17.282+0900] {logging_mixin.py:190} INFO - step : rotate
[2025-06-18T13:50:17.315+0900] {logging_mixin.py:190} INFO - step : save
[2025-06-18T13:50:17.831+0900] {logging_mixin.py:190} INFO - file_copy: /opt/***/data/temp/116b4755-5f6d-4b49-af4d-288b370bb559/8f4c1156-0f5b-44d4-bc8a-8a5f3bed0a68/classify_preprocess.png
[2025-06-18T13:50:17.847+0900] {python.py:240} INFO - Done. Returned value was: {'file_id': '116b4755-5f6d-4b49-af4d-288b370bb559', 'file_path': '/opt/***/data/class/a_class/classify/ready/true/케이티엔지타워 - 정부24 - 건축물대장 등본(초본) 발급(열람) _ 문서출력_page_1_aug0.png', 'true': {'process_id': '_8f4c1156-0f5b-44d4-bc8a-8a5f3bed0a68_pre', 'folder_path': '116b4755-5f6d-4b49-af4d-288b370bb559/8f4c1156-0f5b-44d4-bc8a-8a5f3bed0a68', 'step_list': [{'name': 'cache', 'param': {'key': 'origin'}}, {'name': 'calc_angle_set1', 'param': {'key': 'angle1', 'iterations': 4, 'iter_save': False}}, {'name': 'text_orientation_set', 'param': {'key': 'angle2', 'iterations': 4, 'iter_save': False}}, {'name': 'load', 'param': {'key': 'origin'}}, {'name': 'rotate', 'param': {'key': 'angle1'}}, {'name': 'rotate', 'param': {'key': 'angle2'}}, {'name': 'save', 'param': {'key': 'classify_preprocess'}}], 'result_file_list': [{'key': 'classify_preprocess', 'path': '/opt/***/data/temp/116b4755-5f6d-4b49-af4d-288b370bb559/8f4c1156-0f5b-44d4-bc8a-8a5f3bed0a68/classify_preprocess.png'}]}}
[2025-06-18T13:50:17.904+0900] {taskinstance.py:341} INFO - ::group::Post task execution logs
[2025-06-18T13:50:17.905+0900] {taskinstance.py:353} INFO - Marking task as SUCCESS. dag_id=lilt_document_classifier_balanced_V0.1, task_id=img_preprocess_task, run_id=manual__2025-06-18T04:46:36.476365+00:00, map_index=60, execution_date=20250618T044636, start_date=20250618T044959, end_date=20250618T045017
[2025-06-18T13:50:18.031+0900] {local_task_job_runner.py:266} INFO - Task exited with return code 0
[2025-06-18T13:50:18.048+0900] {local_task_job_runner.py:245} INFO - ::endgroup::
