[2025-06-19T18:35:53.395+0900] {local_task_job_runner.py:123} INFO - ::group::Pre task execution logs
[2025-06-19T18:35:53.452+0900] {taskinstance.py:2614} INFO - Dependencies all met for dep_context=non-requeueable deps ti=<TaskInstance: lilt_document_classifier_balanced_V0.1.img_preprocess_task manual__2025-06-19T09:32:07.760195+00:00 map_index=72 [queued]>
[2025-06-19T18:35:53.485+0900] {taskinstance.py:2614} INFO - Dependencies all met for dep_context=requeueable deps ti=<TaskInstance: lilt_document_classifier_balanced_V0.1.img_preprocess_task manual__2025-06-19T09:32:07.760195+00:00 map_index=72 [queued]>
[2025-06-19T18:35:53.486+0900] {taskinstance.py:2867} INFO - Starting attempt 1 of 1
[2025-06-19T18:35:53.517+0900] {taskinstance.py:2890} INFO - Executing <Mapped(_PythonDecoratedOperator): img_preprocess_task> on 2025-06-19 09:32:07.760195+00:00
[2025-06-19T18:35:53.539+0900] {warnings.py:112} WARNING - /home/***/.local/lib/python3.12/site-packages/***/task/task_runner/standard_task_runner.py:70: DeprecationWarning: This process (pid=12433) is multi-threaded, use of fork() may lead to deadlocks in the child.
  pid = os.fork()

[2025-06-19T18:35:53.548+0900] {standard_task_runner.py:72} INFO - Started process 12483 to run task
[2025-06-19T18:35:53.543+0900] {standard_task_runner.py:104} INFO - Running: ['***', 'tasks', 'run', 'lilt_document_classifier_balanced_V0.1', 'img_preprocess_task', 'manual__2025-06-19T09:32:07.760195+00:00', '--job-id', '1839', '--raw', '--subdir', 'DAGS_FOLDER/class_create_dag.py', '--cfg-path', '/tmp/tmpkha77_y8', '--map-index', '72']
[2025-06-19T18:35:53.568+0900] {standard_task_runner.py:105} INFO - Job 1839: Subtask img_preprocess_task
[2025-06-19T18:35:53.761+0900] {task_command.py:467} INFO - Running <TaskInstance: lilt_document_classifier_balanced_V0.1.img_preprocess_task manual__2025-06-19T09:32:07.760195+00:00 map_index=72 [running]> on host f6d4228a9eb8
[2025-06-19T18:35:54.192+0900] {taskinstance.py:3134} INFO - Exporting env vars: AIRFLOW_CTX_DAG_OWNER='***' AIRFLOW_CTX_DAG_ID='lilt_document_classifier_balanced_V0.1' AIRFLOW_CTX_TASK_ID='img_preprocess_task' AIRFLOW_CTX_EXECUTION_DATE='2025-06-19T09:32:07.760195+00:00' AIRFLOW_CTX_TRY_NUMBER='1' AIRFLOW_CTX_DAG_RUN_ID='manual__2025-06-19T09:32:07.760195+00:00'
[2025-06-19T18:35:54.195+0900] {taskinstance.py:732} INFO - ::endgroup::
[2025-06-19T18:35:54.202+0900] {logging_mixin.py:190} INFO - empty map check {} {'process_id': '_ca2b78f5-1fda-4872-9ff9-ea161851c45f_pre', 'folder_path': '5516ad2c-37a7-4adf-be61-1c3c88395b19/ca2b78f5-1fda-4872-9ff9-ea161851c45f', 'step_list': [{'name': 'cache', 'param': {'key': 'origin'}}, {'name': 'calc_angle_set1', 'param': {'key': 'angle1', 'iterations': 4, 'iter_save': False}}, {'name': 'text_orientation_set', 'param': {'key': 'angle2', 'iterations': 4, 'iter_save': False}}, {'name': 'load', 'param': {'key': 'origin'}}, {'name': 'rotate', 'param': {'key': 'angle1'}}, {'name': 'rotate', 'param': {'key': 'angle2'}}], 'result_file_map': {}}
[2025-06-19T18:35:54.206+0900] {logging_mixin.py:190} INFO - step : cache
[2025-06-19T18:35:54.207+0900] {logging_mixin.py:190} INFO - step : calc_angle_set1
[2025-06-19T18:35:54.855+0900] {logging_mixin.py:190} INFO - step : text_orientation_set
[2025-06-19T18:36:12.382+0900] {logging_mixin.py:190} INFO - osd 1 break  0 0 8.75 Korean 0.72
[2025-06-19T18:36:12.388+0900] {logging_mixin.py:190} INFO - step : load
[2025-06-19T18:36:12.390+0900] {logging_mixin.py:190} INFO - step : rotate
[2025-06-19T18:36:12.863+0900] {logging_mixin.py:190} INFO - step : rotate
[2025-06-19T18:36:13.440+0900] {logging_mixin.py:190} INFO - file_copy: /opt/***/data/temp/5516ad2c-37a7-4adf-be61-1c3c88395b19/ca2b78f5-1fda-4872-9ff9-ea161851c45f/_result.png
[2025-06-19T18:36:13.482+0900] {python.py:240} INFO - Done. Returned value was: {'file_id': '5516ad2c-37a7-4adf-be61-1c3c88395b19', 'file_path': '/opt/***/data/class/a_class/classify/ready/true/삼성동 초록빌딩 - 정부24 - 건축물대장 등본(초본) 발급(열람) _ 문서출력_page_1_aug0.png', 'true': {'process_id': '_ca2b78f5-1fda-4872-9ff9-ea161851c45f_pre', 'folder_path': '5516ad2c-37a7-4adf-be61-1c3c88395b19/ca2b78f5-1fda-4872-9ff9-ea161851c45f', 'step_list': [{'name': 'cache', 'param': {'key': 'origin'}}, {'name': 'calc_angle_set1', 'param': {'key': 'angle1', 'iterations': 4, 'iter_save': False}}, {'name': 'text_orientation_set', 'param': {'key': 'angle2', 'iterations': 4, 'iter_save': False}}, {'name': 'load', 'param': {'key': 'origin'}}, {'name': 'rotate', 'param': {'key': 'angle1'}}, {'name': 'rotate', 'param': {'key': 'angle2'}}], 'result_file_map': {'_result': '/opt/***/data/temp/5516ad2c-37a7-4adf-be61-1c3c88395b19/ca2b78f5-1fda-4872-9ff9-ea161851c45f/_result.png'}}}
[2025-06-19T18:36:13.699+0900] {taskinstance.py:341} INFO - ::group::Post task execution logs
[2025-06-19T18:36:13.707+0900] {taskinstance.py:353} INFO - Marking task as SUCCESS. dag_id=lilt_document_classifier_balanced_V0.1, task_id=img_preprocess_task, run_id=manual__2025-06-19T09:32:07.760195+00:00, map_index=72, execution_date=20250619T093207, start_date=20250619T093553, end_date=20250619T093613
[2025-06-19T18:36:14.037+0900] {local_task_job_runner.py:266} INFO - Task exited with return code 0
[2025-06-19T18:36:14.311+0900] {taskinstance.py:3901} INFO - 0 downstream tasks scheduled from follow-on schedule check
[2025-06-19T18:36:14.332+0900] {local_task_job_runner.py:245} INFO - ::endgroup::
