[2025-06-23T16:21:32.359+0900] {local_task_job_runner.py:123} INFO - ::group::Pre task execution logs
[2025-06-23T16:21:32.396+0900] {taskinstance.py:2614} INFO - Dependencies all met for dep_context=non-requeueable deps ti=<TaskInstance: lilt_document_classifier_balanced_b_class_V0.1.img_preprocess_task manual__2025-06-23T06:58:09.542610+00:00 map_index=31 [queued]>
[2025-06-23T16:21:32.432+0900] {taskinstance.py:2614} INFO - Dependencies all met for dep_context=requeueable deps ti=<TaskInstance: lilt_document_classifier_balanced_b_class_V0.1.img_preprocess_task manual__2025-06-23T06:58:09.542610+00:00 map_index=31 [queued]>
[2025-06-23T16:21:32.437+0900] {taskinstance.py:2867} INFO - Starting attempt 1 of 1
[2025-06-23T16:21:32.464+0900] {taskinstance.py:2890} INFO - Executing <Mapped(_PythonDecoratedOperator): img_preprocess_task> on 2025-06-23 06:58:09.542610+00:00
[2025-06-23T16:21:32.482+0900] {warnings.py:112} WARNING - /home/***/.local/lib/python3.12/site-packages/***/task/task_runner/standard_task_runner.py:70: DeprecationWarning: This process (pid=6792) is multi-threaded, use of fork() may lead to deadlocks in the child.
  pid = os.fork()

[2025-06-23T16:21:32.485+0900] {standard_task_runner.py:104} INFO - Running: ['***', 'tasks', 'run', 'lilt_document_classifier_balanced_b_class_V0.1', 'img_preprocess_task', 'manual__2025-06-23T06:58:09.542610+00:00', '--job-id', '3354', '--raw', '--subdir', 'DAGS_FOLDER/class_create_dag_b_class.py', '--cfg-path', '/tmp/tmph0hxxmei', '--map-index', '31']
[2025-06-23T16:21:32.491+0900] {standard_task_runner.py:105} INFO - Job 3354: Subtask img_preprocess_task
[2025-06-23T16:21:32.489+0900] {standard_task_runner.py:72} INFO - Started process 6818 to run task
[2025-06-23T16:21:32.642+0900] {task_command.py:467} INFO - Running <TaskInstance: lilt_document_classifier_balanced_b_class_V0.1.img_preprocess_task manual__2025-06-23T06:58:09.542610+00:00 map_index=31 [running]> on host f6d4228a9eb8
[2025-06-23T16:21:32.884+0900] {taskinstance.py:3134} INFO - Exporting env vars: AIRFLOW_CTX_DAG_OWNER='***' AIRFLOW_CTX_DAG_ID='lilt_document_classifier_balanced_b_class_V0.1' AIRFLOW_CTX_TASK_ID='img_preprocess_task' AIRFLOW_CTX_EXECUTION_DATE='2025-06-23T06:58:09.542610+00:00' AIRFLOW_CTX_TRY_NUMBER='1' AIRFLOW_CTX_DAG_RUN_ID='manual__2025-06-23T06:58:09.542610+00:00'
[2025-06-23T16:21:32.890+0900] {taskinstance.py:732} INFO - ::endgroup::
[2025-06-23T16:21:32.897+0900] {logging_mixin.py:190} INFO - empty map check {} {'process_id': '_7d793403-6633-4f79-8c7f-f76b2ffc80d6_pre', 'folder_path': 'b50f9407-c47f-485b-ae8c-f0c6eb2dffa4/7d793403-6633-4f79-8c7f-f76b2ffc80d6', 'step_list': [{'name': 'cache', 'param': {'key': 'origin'}}, {'name': 'calc_angle_set2', 'param': {'key': 'angle1', 'iterations': 4, 'iter_save': False}}, {'name': 'text_orientation_set', 'param': {'key': 'angle2', 'iterations': 4, 'iter_save': False}}, {'name': 'load', 'param': {'key': 'origin'}}, {'name': 'rotate', 'param': {'key': 'angle1'}}, {'name': 'rotate', 'param': {'key': 'angle2'}}], 'result_file_map': {}}
[2025-06-23T16:21:32.901+0900] {logging_mixin.py:190} INFO - step : cache
[2025-06-23T16:21:32.902+0900] {logging_mixin.py:190} INFO - step : calc_angle_set2
[2025-06-23T16:21:58.452+0900] {logging_mixin.py:190} INFO - osd 1 -5.0 -5.0 0 1008982 [1008982, 963870, 916229, 867838, 820363, 772995, 727241, 680559, 635409, 588515, 545571, 502202, 459727, 419102, 384362, 348564, 314685, 282095, 250613, 219625, 190560, 223258, 259795, 296703, 332716, 369883, 405440, 434894, 468722, 503808, 539650, 576829, 617700, 656875, 697956, 739090, 782511, 824922, 868360, 911601, 953273]
[2025-06-23T16:22:38.046+0900] {logging_mixin.py:190} INFO - osd 2 0.0 5.0 40 2458421 [2151673, 2086887, 2027390, 1964949, 1900649, 1840690, 1781939, 1720947, 1663844, 1599891, 1545097, 1486032, 1428314, 1373145, 1312360, 1255387, 1195075, 1139422, 1086294, 1027626, 973230, 1036804, 1105532, 1168619, 1235727, 1309358, 1379765, 1456669, 1528195, 1605921, 1685586, 1760709, 1844436, 1920798, 2000823, 2077381, 2154526, 2234820, 2312094, 2384062, 2458421]
[2025-06-23T16:23:26.765+0900] {logging_mixin.py:190} INFO - osd 3 -5.0 -5.0 0 3987837 [3987837, 3902464, 3823738, 3743062, 3667932, 3588414, 3514217, 3430555, 3351981, 3273576, 3196619, 3118042, 3036728, 2958779, 2878041, 2800480, 2720189, 2639678, 2558834, 2477808, 2399795, 2478695, 2557855, 2638787, 2720507, 2800731, 2877882, 2954048, 3025314, 3100245, 3172174, 3242104, 3313920, 3386518, 3462769, 3529205, 3602439, 3669176, 3742315, 3812640, 3888556]
[2025-06-23T16:24:30.513+0900] {logging_mixin.py:190} INFO - osd 4 0.0 5.0 40 6213029 [5938578, 5828924, 5720769, 5613177, 5506144, 5399761, 5288501, 5180187, 5076885, 4968702, 4868983, 4760202, 4662106, 4554526, 4453255, 4354889, 4257890, 4156595, 4059902, 3964622, 3881774, 3989576, 4108908, 4228732, 4349443, 4466163, 4582866, 4699445, 4821867, 4935521, 5059235, 5172679, 5292266, 5405612, 5524348, 5644600, 5757758, 5872428, 5985702, 6098847, 6213029]
[2025-06-23T16:24:30.991+0900] {logging_mixin.py:190} INFO - step : text_orientation_set
[2025-06-23T16:24:51.730+0900] {logging_mixin.py:190} INFO - osd 1 break  0 0 9.28 Japanese 0.56
[2025-06-23T16:24:51.741+0900] {logging_mixin.py:190} INFO - step : load
[2025-06-23T16:24:51.755+0900] {logging_mixin.py:190} INFO - step : rotate
[2025-06-23T16:24:52.045+0900] {logging_mixin.py:190} INFO - step : rotate
[2025-06-23T16:24:53.002+0900] {logging_mixin.py:190} INFO - file_copy: /opt/***/data/temp/b50f9407-c47f-485b-ae8c-f0c6eb2dffa4/7d793403-6633-4f79-8c7f-f76b2ffc80d6/_result.png
[2025-06-23T16:24:53.026+0900] {python.py:240} INFO - Done. Returned value was: {'file_id': 'b50f9407-c47f-485b-ae8c-f0c6eb2dffa4', 'file_path': '/opt/***/data/class/b_class/classify/ready/true/광장동 가람빌딩 - 정부24 - 건축물대장 등본(초본) 발급(열람) _ 문서출력_page_1_aug1.png', 'true': {'process_id': '_7d793403-6633-4f79-8c7f-f76b2ffc80d6_pre', 'folder_path': 'b50f9407-c47f-485b-ae8c-f0c6eb2dffa4/7d793403-6633-4f79-8c7f-f76b2ffc80d6', 'step_list': [{'name': 'cache', 'param': {'key': 'origin'}}, {'name': 'calc_angle_set2', 'param': {'key': 'angle1', 'iterations': 4, 'iter_save': False}}, {'name': 'text_orientation_set', 'param': {'key': 'angle2', 'iterations': 4, 'iter_save': False}}, {'name': 'load', 'param': {'key': 'origin'}}, {'name': 'rotate', 'param': {'key': 'angle1'}}, {'name': 'rotate', 'param': {'key': 'angle2'}}], 'result_file_map': {'_result': '/opt/***/data/temp/b50f9407-c47f-485b-ae8c-f0c6eb2dffa4/7d793403-6633-4f79-8c7f-f76b2ffc80d6/_result.png'}}}
[2025-06-23T16:24:53.131+0900] {taskinstance.py:341} INFO - ::group::Post task execution logs
[2025-06-23T16:24:53.138+0900] {taskinstance.py:353} INFO - Marking task as SUCCESS. dag_id=lilt_document_classifier_balanced_b_class_V0.1, task_id=img_preprocess_task, run_id=manual__2025-06-23T06:58:09.542610+00:00, map_index=31, execution_date=20250623T065809, start_date=20250623T072132, end_date=20250623T072453
[2025-06-23T16:24:53.213+0900] {local_task_job_runner.py:266} INFO - Task exited with return code 0
[2025-06-23T16:24:53.464+0900] {taskinstance.py:3901} INFO - 0 downstream tasks scheduled from follow-on schedule check
[2025-06-23T16:24:53.514+0900] {local_task_job_runner.py:245} INFO - ::endgroup::
