[2025-06-25T09:23:52.465+0900] {local_task_job_runner.py:123} INFO - ::group::Pre task execution logs
[2025-06-25T09:23:52.599+0900] {taskinstance.py:2614} INFO - Dependencies all met for dep_context=non-requeueable deps ti=<TaskInstance: lilt_document_classifier_balanced_V0.1.img_preprocess_task__1 manual__2025-06-25T00:18:31.692203+00:00 map_index=39 [queued]>
[2025-06-25T09:23:52.767+0900] {taskinstance.py:2614} INFO - Dependencies all met for dep_context=requeueable deps ti=<TaskInstance: lilt_document_classifier_balanced_V0.1.img_preprocess_task__1 manual__2025-06-25T00:18:31.692203+00:00 map_index=39 [queued]>
[2025-06-25T09:23:52.781+0900] {taskinstance.py:2867} INFO - Starting attempt 1 of 1
[2025-06-25T09:23:52.911+0900] {taskinstance.py:2890} INFO - Executing <Mapped(_PythonDecoratedOperator): img_preprocess_task__1> on 2025-06-25 00:18:31.692203+00:00
[2025-06-25T09:23:53.058+0900] {warnings.py:112} WARNING - /home/***/.local/lib/python3.12/site-packages/***/task/task_runner/standard_task_runner.py:70: DeprecationWarning: This process (pid=76968) is multi-threaded, use of fork() may lead to deadlocks in the child.
  pid = os.fork()

[2025-06-25T09:23:53.082+0900] {standard_task_runner.py:72} INFO - Started process 77000 to run task
[2025-06-25T09:23:53.038+0900] {standard_task_runner.py:104} INFO - Running: ['***', 'tasks', 'run', 'lilt_document_classifier_balanced_V0.1', 'img_preprocess_task__1', 'manual__2025-06-25T00:18:31.692203+00:00', '--job-id', '5051', '--raw', '--subdir', 'DAGS_FOLDER/class_create_dag.py', '--cfg-path', '/tmp/tmpo7j10f3x', '--map-index', '39']
[2025-06-25T09:23:53.169+0900] {standard_task_runner.py:105} INFO - Job 5051: Subtask img_preprocess_task__1
[2025-06-25T09:23:53.423+0900] {task_command.py:467} INFO - Running <TaskInstance: lilt_document_classifier_balanced_V0.1.img_preprocess_task__1 manual__2025-06-25T00:18:31.692203+00:00 map_index=39 [running]> on host f6d4228a9eb8
[2025-06-25T09:23:54.246+0900] {taskinstance.py:3134} INFO - Exporting env vars: AIRFLOW_CTX_DAG_OWNER='***' AIRFLOW_CTX_DAG_ID='lilt_document_classifier_balanced_V0.1' AIRFLOW_CTX_TASK_ID='img_preprocess_task__1' AIRFLOW_CTX_EXECUTION_DATE='2025-06-25T00:18:31.692203+00:00' AIRFLOW_CTX_TRY_NUMBER='1' AIRFLOW_CTX_DAG_RUN_ID='manual__2025-06-25T00:18:31.692203+00:00'
[2025-06-25T09:23:54.253+0900] {taskinstance.py:732} INFO - ::endgroup::
[2025-06-25T09:23:54.319+0900] {logging_mixin.py:190} INFO - empty map check {} {'process_id': '_21bcae7e-b1e8-4811-9a55-5cb5d69459b6_pre', 'folder_path': '76a6efef-289b-4a9a-9a84-0dfd389468ff/21bcae7e-b1e8-4811-9a55-5cb5d69459b6', 'step_list': [{'name': 'cache', 'param': {'cache_key': 'origin'}}, {'name': 'calc_angle_set2', 'param': {'angle_key': 'angle2_1', 'delta': 8.0, 'limit': 40, 'iterations': 2, 'iter_save': False}}, {'name': 'calc_angle_set2', 'param': {'angle_key': 'angle2_2', 'delta': 1.0, 'limit': 8, 'iterations': 2, 'iter_save': False}}, {'name': 'calc_angle_set2', 'param': {'angle_key': 'angle2_3', 'delta': 0.125, 'limit': 1, 'iterations': 2, 'iter_save': False}}, {'name': 'text_orientation_set', 'param': {'angle_key': 'orint', 'iterations': 3, 'iter_save': False}}, {'name': 'load', 'param': {'cache_key': 'origin'}}, {'name': 'rotate', 'param': {'angle_key': 'angle2_1'}}, {'name': 'rotate', 'param': {'angle_key': 'angle2_2'}}, {'name': 'rotate', 'param': {'angle_key': 'angle2_3'}}, {'name': 'rotate', 'param': {'angle_key': 'orint'}}], 'result_file_map': {}}
[2025-06-25T09:23:54.345+0900] {logging_mixin.py:190} INFO - step : cache
[2025-06-25T09:23:54.362+0900] {logging_mixin.py:190} INFO - step : calc_angle_set2
[2025-06-25T09:23:56.577+0900] {logging_mixin.py:190} INFO - osd 1 0.0 0.0 5 5686 [0, 0, 0, 0, 0, 5686, 7, 0, 0, 0, 0]
[2025-06-25T09:23:59.249+0900] {logging_mixin.py:190} INFO - osd 2 0.0 0.0 5 5686 [0, 0, 0, 0, 0, 5686, 7, 0, 0, 0, 0]
[2025-06-25T09:23:59.283+0900] {logging_mixin.py:190} INFO - step : calc_angle_set2
[2025-06-25T09:24:01.376+0900] {logging_mixin.py:190} INFO - osd 1 0.0 0.0 8 5686 [0, 1, 23, 78, 213, 407, 737, 2273, 5686, 2533, 1008, 511, 362, 235, 113, 53, 7]
[2025-06-25T09:24:03.182+0900] {logging_mixin.py:190} INFO - osd 2 0.0 0.0 8 5686 [0, 1, 23, 78, 213, 407, 737, 2273, 5686, 2533, 1008, 511, 362, 235, 113, 53, 7]
[2025-06-25T09:24:03.229+0900] {logging_mixin.py:190} INFO - step : calc_angle_set2
[2025-06-25T09:24:04.455+0900] {logging_mixin.py:190} INFO - osd 1 -0.125 -0.125 7 6059 [2273, 2594, 2820, 3170, 3405, 4472, 4931, 6059, 5686, 5627, 4890, 4420, 3742, 3193, 2926, 2704, 2533]
[2025-06-25T09:24:05.574+0900] {logging_mixin.py:190} INFO - osd 2 -0.125 0.0 8 6403 [2596, 2948, 3100, 3448, 3746, 4345, 5156, 5767, 6403, 5750, 5799, 5171, 4527, 3948, 3756, 3380, 3011]
[2025-06-25T09:24:05.611+0900] {logging_mixin.py:190} INFO - step : text_orientation_set
[2025-06-25T09:24:11.982+0900] {logging_mixin.py:190} INFO - osd 1 break  0 0 2.49 Cyrillic 2.73
[2025-06-25T09:24:11.983+0900] {logging_mixin.py:190} INFO - step : load
[2025-06-25T09:24:11.983+0900] {logging_mixin.py:190} INFO - step : rotate
[2025-06-25T09:24:12.037+0900] {logging_mixin.py:190} INFO - step : rotate
[2025-06-25T09:24:12.045+0900] {logging_mixin.py:190} INFO - step : rotate
[2025-06-25T09:24:12.117+0900] {logging_mixin.py:190} INFO - step : rotate
[2025-06-25T09:24:12.212+0900] {logging_mixin.py:190} INFO - file_copy: /opt/***/data/temp/76a6efef-289b-4a9a-9a84-0dfd389468ff/21bcae7e-b1e8-4811-9a55-5cb5d69459b6/_result.png
[2025-06-25T09:24:12.368+0900] {python.py:240} INFO - Done. Returned value was: {'file_id': '76a6efef-289b-4a9a-9a84-0dfd389468ff', 'file_path': '/opt/***/data/class/a_class/classify/ready/false/copied_27_515561611+-1611.png', 'false': {'process_id': '_21bcae7e-b1e8-4811-9a55-5cb5d69459b6_pre', 'folder_path': '76a6efef-289b-4a9a-9a84-0dfd389468ff/21bcae7e-b1e8-4811-9a55-5cb5d69459b6', 'step_list': [{'name': 'cache', 'param': {'cache_key': 'origin'}}, {'name': 'calc_angle_set2', 'param': {'angle_key': 'angle2_1', 'delta': 8.0, 'limit': 40, 'iterations': 2, 'iter_save': False}}, {'name': 'calc_angle_set2', 'param': {'angle_key': 'angle2_2', 'delta': 1.0, 'limit': 8, 'iterations': 2, 'iter_save': False}}, {'name': 'calc_angle_set2', 'param': {'angle_key': 'angle2_3', 'delta': 0.125, 'limit': 1, 'iterations': 2, 'iter_save': False}}, {'name': 'text_orientation_set', 'param': {'angle_key': 'orint', 'iterations': 3, 'iter_save': False}}, {'name': 'load', 'param': {'cache_key': 'origin'}}, {'name': 'rotate', 'param': {'angle_key': 'angle2_1'}}, {'name': 'rotate', 'param': {'angle_key': 'angle2_2'}}, {'name': 'rotate', 'param': {'angle_key': 'angle2_3'}}, {'name': 'rotate', 'param': {'angle_key': 'orint'}}], 'result_file_map': {'_result': '/opt/***/data/temp/76a6efef-289b-4a9a-9a84-0dfd389468ff/21bcae7e-b1e8-4811-9a55-5cb5d69459b6/_result.png'}}}
[2025-06-25T09:24:12.460+0900] {taskinstance.py:341} INFO - ::group::Post task execution logs
[2025-06-25T09:24:12.462+0900] {taskinstance.py:353} INFO - Marking task as SUCCESS. dag_id=lilt_document_classifier_balanced_V0.1, task_id=img_preprocess_task__1, run_id=manual__2025-06-25T00:18:31.692203+00:00, map_index=39, execution_date=20250625T001831, start_date=20250625T002352, end_date=20250625T002412
[2025-06-25T09:24:12.570+0900] {local_task_job_runner.py:266} INFO - Task exited with return code 0
[2025-06-25T09:24:12.584+0900] {local_task_job_runner.py:245} INFO - ::endgroup::
