[2025-06-24T11:53:31.787+0900] {local_task_job_runner.py:123} INFO - ::group::Pre task execution logs
[2025-06-24T11:53:31.857+0900] {taskinstance.py:2614} INFO - Dependencies all met for dep_context=non-requeueable deps ti=<TaskInstance: lilt_document_classifier_balanced_V0.1.img_preprocess_task__1 manual__2025-06-24T02:31:44.485922+00:00 map_index=80 [queued]>
[2025-06-24T11:53:31.974+0900] {taskinstance.py:2614} INFO - Dependencies all met for dep_context=requeueable deps ti=<TaskInstance: lilt_document_classifier_balanced_V0.1.img_preprocess_task__1 manual__2025-06-24T02:31:44.485922+00:00 map_index=80 [queued]>
[2025-06-24T11:53:31.981+0900] {taskinstance.py:2867} INFO - Starting attempt 1 of 1
[2025-06-24T11:53:32.056+0900] {taskinstance.py:2890} INFO - Executing <Mapped(_PythonDecoratedOperator): img_preprocess_task__1> on 2025-06-24 02:31:44.485922+00:00
[2025-06-24T11:53:32.106+0900] {warnings.py:112} WARNING - /home/***/.local/lib/python3.12/site-packages/***/task/task_runner/standard_task_runner.py:70: DeprecationWarning: This process (pid=36748) is multi-threaded, use of fork() may lead to deadlocks in the child.
  pid = os.fork()

[2025-06-24T11:53:32.106+0900] {standard_task_runner.py:104} INFO - Running: ['***', 'tasks', 'run', 'lilt_document_classifier_balanced_V0.1', 'img_preprocess_task__1', 'manual__2025-06-24T02:31:44.485922+00:00', '--job-id', '3898', '--raw', '--subdir', 'DAGS_FOLDER/class_create_dag.py', '--cfg-path', '/tmp/tmp8j616ljg', '--map-index', '80']
[2025-06-24T11:53:32.112+0900] {standard_task_runner.py:105} INFO - Job 3898: Subtask img_preprocess_task__1
[2025-06-24T11:53:32.115+0900] {standard_task_runner.py:72} INFO - Started process 36774 to run task
[2025-06-24T11:53:32.200+0900] {task_command.py:467} INFO - Running <TaskInstance: lilt_document_classifier_balanced_V0.1.img_preprocess_task__1 manual__2025-06-24T02:31:44.485922+00:00 map_index=80 [running]> on host f6d4228a9eb8
[2025-06-24T11:53:32.491+0900] {taskinstance.py:3134} INFO - Exporting env vars: AIRFLOW_CTX_DAG_OWNER='***' AIRFLOW_CTX_DAG_ID='lilt_document_classifier_balanced_V0.1' AIRFLOW_CTX_TASK_ID='img_preprocess_task__1' AIRFLOW_CTX_EXECUTION_DATE='2025-06-24T02:31:44.485922+00:00' AIRFLOW_CTX_TRY_NUMBER='1' AIRFLOW_CTX_DAG_RUN_ID='manual__2025-06-24T02:31:44.485922+00:00'
[2025-06-24T11:53:32.492+0900] {taskinstance.py:732} INFO - ::endgroup::
[2025-06-24T11:53:32.500+0900] {logging_mixin.py:190} INFO - empty map check {} {'process_id': '_eac0c63c-61da-45b9-9acd-1912cb394802_pre', 'folder_path': '4192e0c9-367e-4c31-b8ce-65556eccdab5/eac0c63c-61da-45b9-9acd-1912cb394802', 'step_list': [{'name': 'cache', 'param': {'key': 'origin'}}, {'name': 'calc_angle_set2', 'param': {'key': 'angle1', 'iterations': 4, 'iter_save': True}}, {'name': 'save', 'param': {'key': 'ag1'}}, {'name': 'text_orientation_set', 'param': {'key': 'angle2', 'iterations': 4, 'iter_save': True}}, {'name': 'save', 'param': {'key': 'ag2'}}, {'name': 'load', 'param': {'key': 'origin'}}, {'name': 'rotate', 'param': {'key': 'angle1'}}, {'name': 'rotate', 'param': {'key': 'angle2'}}], 'result_file_map': {}}
[2025-06-24T11:53:32.502+0900] {logging_mixin.py:190} INFO - step : cache
[2025-06-24T11:53:32.505+0900] {logging_mixin.py:190} INFO - step : calc_angle_set2
[2025-06-24T11:53:37.209+0900] {logging_mixin.py:190} INFO - osd 1 -0.25 -0.25 19 3848 [2691, 2832, 2817, 2796, 2945, 2891, 3003, 3085, 3117, 3242, 3179, 3424, 3463, 3344, 3469, 3462, 3727, 3673, 3753, 3848, 3791, 3809, 3540, 3600, 3489, 3367, 3207, 3281, 3136, 3101, 3046, 3077, 2947, 2923, 2932, 2773, 2823, 2721, 2722, 2787, 2763]
[2025-06-24T11:53:43.162+0900] {logging_mixin.py:190} INFO - osd 2 -0.25 0.0 20 4385 [3125, 3092, 3245, 3177, 3218, 3385, 3352, 3443, 3423, 3593, 3609, 3602, 3908, 3841, 3874, 3943, 3956, 4019, 4140, 4129, 4385, 4284, 4279, 4018, 3946, 3954, 3819, 3756, 3670, 3655, 3624, 3496, 3455, 3361, 3387, 3311, 3303, 3220, 3216, 3178, 3177]
[2025-06-24T11:53:49.823+0900] {logging_mixin.py:190} INFO - osd 3 -0.25 0.0 20 4385 [3125, 3092, 3245, 3177, 3218, 3385, 3352, 3443, 3423, 3593, 3609, 3602, 3908, 3841, 3874, 3943, 3956, 4019, 4140, 4129, 4385, 4284, 4279, 4018, 3946, 3954, 3819, 3756, 3670, 3655, 3624, 3496, 3455, 3361, 3387, 3311, 3303, 3220, 3216, 3178, 3177]
[2025-06-24T11:53:55.672+0900] {logging_mixin.py:190} INFO - osd 4 -0.25 0.0 20 4385 [3125, 3092, 3245, 3177, 3218, 3385, 3352, 3443, 3423, 3593, 3609, 3602, 3908, 3841, 3874, 3943, 3956, 4019, 4140, 4129, 4385, 4284, 4279, 4018, 3946, 3954, 3819, 3756, 3670, 3655, 3624, 3496, 3455, 3361, 3387, 3311, 3303, 3220, 3216, 3178, 3177]
[2025-06-24T11:53:55.698+0900] {logging_mixin.py:190} INFO - step : save
[2025-06-24T11:53:55.913+0900] {logging_mixin.py:190} INFO - file_copy: /opt/***/data/temp/4192e0c9-367e-4c31-b8ce-65556eccdab5/eac0c63c-61da-45b9-9acd-1912cb394802/ag1.png
[2025-06-24T11:53:56.099+0900] {logging_mixin.py:190} INFO - step : text_orientation_set
[2025-06-24T11:53:58.682+0900] {logging_mixin.py:190} INFO - file_copy: /opt/***/data/temp/4192e0c9-367e-4c31-b8ce-65556eccdab5/eac0c63c-61da-45b9-9acd-1912cb394802/rotate2_1.png
[2025-06-24T11:54:00.708+0900] {logging_mixin.py:190} INFO - Tesseract OSD Error: (1, 'Estimating resolution as 184 Warning. Invalid resolution 0 dpi. Using 70 instead. Too few characters. Skipping this page Error during processing.')
[2025-06-24T11:54:00.713+0900] {logging_mixin.py:190} INFO - step : save
[2025-06-24T11:54:00.762+0900] {logging_mixin.py:190} INFO - file_copy: /opt/***/data/temp/4192e0c9-367e-4c31-b8ce-65556eccdab5/eac0c63c-61da-45b9-9acd-1912cb394802/ag2.png
[2025-06-24T11:54:00.770+0900] {logging_mixin.py:190} INFO - step : load
[2025-06-24T11:54:00.771+0900] {logging_mixin.py:190} INFO - step : rotate
[2025-06-24T11:54:00.893+0900] {logging_mixin.py:190} INFO - step : rotate
[2025-06-24T11:54:00.931+0900] {logging_mixin.py:190} INFO - file_copy: /opt/***/data/temp/4192e0c9-367e-4c31-b8ce-65556eccdab5/eac0c63c-61da-45b9-9acd-1912cb394802/_result.png
[2025-06-24T11:54:00.941+0900] {python.py:240} INFO - Done. Returned value was: {'file_id': '4192e0c9-367e-4c31-b8ce-65556eccdab5', 'file_path': '/opt/***/data/class/a_class/classify/ready/false/copied_89_2080202168.png', 'false': {'process_id': '_eac0c63c-61da-45b9-9acd-1912cb394802_pre', 'folder_path': '4192e0c9-367e-4c31-b8ce-65556eccdab5/eac0c63c-61da-45b9-9acd-1912cb394802', 'step_list': [{'name': 'cache', 'param': {'key': 'origin'}}, {'name': 'calc_angle_set2', 'param': {'key': 'angle1', 'iterations': 4, 'iter_save': True}}, {'name': 'save', 'param': {'key': 'ag1'}}, {'name': 'text_orientation_set', 'param': {'key': 'angle2', 'iterations': 4, 'iter_save': True}}, {'name': 'save', 'param': {'key': 'ag2'}}, {'name': 'load', 'param': {'key': 'origin'}}, {'name': 'rotate', 'param': {'key': 'angle1'}}, {'name': 'rotate', 'param': {'key': 'angle2'}}], 'result_file_map': {'ag1': '/opt/***/data/temp/4192e0c9-367e-4c31-b8ce-65556eccdab5/eac0c63c-61da-45b9-9acd-1912cb394802/ag1.png', 'rotate2_1': '/opt/***/data/temp/4192e0c9-367e-4c31-b8ce-65556eccdab5/eac0c63c-61da-45b9-9acd-1912cb394802/rotate2_1.png', 'ag2': '/opt/***/data/temp/4192e0c9-367e-4c31-b8ce-65556eccdab5/eac0c63c-61da-45b9-9acd-1912cb394802/ag2.png', '_result': '/opt/***/data/temp/4192e0c9-367e-4c31-b8ce-65556eccdab5/eac0c63c-61da-45b9-9acd-1912cb394802/_result.png'}}}
[2025-06-24T11:54:01.021+0900] {taskinstance.py:341} INFO - ::group::Post task execution logs
[2025-06-24T11:54:01.025+0900] {taskinstance.py:353} INFO - Marking task as SUCCESS. dag_id=lilt_document_classifier_balanced_V0.1, task_id=img_preprocess_task__1, run_id=manual__2025-06-24T02:31:44.485922+00:00, map_index=80, execution_date=20250624T023144, start_date=20250624T025331, end_date=20250624T025401
[2025-06-24T11:54:01.237+0900] {local_task_job_runner.py:266} INFO - Task exited with return code 0
[2025-06-24T11:54:01.302+0900] {taskinstance.py:3901} INFO - 0 downstream tasks scheduled from follow-on schedule check
[2025-06-24T11:54:01.309+0900] {local_task_job_runner.py:245} INFO - ::endgroup::
