[2025-06-16T14:47:01.168+0900] {local_task_job_runner.py:123} INFO - ::group::Pre task execution logs
[2025-06-16T14:47:01.243+0900] {taskinstance.py:2614} INFO - Dependencies all met for dep_context=non-requeueable deps ti=<TaskInstance: layoutxlm_document_classifier_balanced_V0.1.img_preprocess_task__1 manual__2025-06-16T05:46:45.348808+00:00 map_index=12 [queued]>
[2025-06-16T14:47:01.288+0900] {taskinstance.py:2614} INFO - Dependencies all met for dep_context=requeueable deps ti=<TaskInstance: layoutxlm_document_classifier_balanced_V0.1.img_preprocess_task__1 manual__2025-06-16T05:46:45.348808+00:00 map_index=12 [queued]>
[2025-06-16T14:47:01.289+0900] {taskinstance.py:2867} INFO - Starting attempt 1 of 1
[2025-06-16T14:47:01.340+0900] {taskinstance.py:2890} INFO - Executing <Mapped(_PythonDecoratedOperator): img_preprocess_task__1> on 2025-06-16 05:46:45.348808+00:00
[2025-06-16T14:47:01.362+0900] {warnings.py:112} WARNING - /home/***/.local/lib/python3.12/site-packages/***/task/task_runner/standard_task_runner.py:70: DeprecationWarning: This process (pid=4265) is multi-threaded, use of fork() may lead to deadlocks in the child.
  pid = os.fork()

[2025-06-16T14:47:01.373+0900] {standard_task_runner.py:72} INFO - Started process 4292 to run task
[2025-06-16T14:47:01.371+0900] {standard_task_runner.py:104} INFO - Running: ['***', 'tasks', 'run', 'layoutxlm_document_classifier_balanced_V0.1', 'img_preprocess_task__1', 'manual__2025-06-16T05:46:45.348808+00:00', '--job-id', '199', '--raw', '--subdir', 'DAGS_FOLDER/class_create_dag.py', '--cfg-path', '/tmp/tmpex500yud', '--map-index', '12']
[2025-06-16T14:47:01.381+0900] {standard_task_runner.py:105} INFO - Job 199: Subtask img_preprocess_task__1
[2025-06-16T14:47:01.567+0900] {task_command.py:467} INFO - Running <TaskInstance: layoutxlm_document_classifier_balanced_V0.1.img_preprocess_task__1 manual__2025-06-16T05:46:45.348808+00:00 map_index=12 [running]> on host f6d4228a9eb8
[2025-06-16T14:47:01.741+0900] {taskinstance.py:3134} INFO - Exporting env vars: AIRFLOW_CTX_DAG_OWNER='***' AIRFLOW_CTX_DAG_ID='layoutxlm_document_classifier_balanced_V0.1' AIRFLOW_CTX_TASK_ID='img_preprocess_task__1' AIRFLOW_CTX_EXECUTION_DATE='2025-06-16T05:46:45.348808+00:00' AIRFLOW_CTX_TRY_NUMBER='1' AIRFLOW_CTX_DAG_RUN_ID='manual__2025-06-16T05:46:45.348808+00:00'
[2025-06-16T14:47:01.746+0900] {taskinstance.py:732} INFO - ::endgroup::
[2025-06-16T14:47:01.755+0900] {logging_mixin.py:190} INFO - empty map check {} {'process_id': '_a4a985b5-03dd-44f8-b56c-c4dbfc42c870_pre', 'folder_path': 'e6ba9916-472e-4417-a80c-3fafc8db07a6/a4a985b5-03dd-44f8-b56c-c4dbfc42c870', 'step_list': [{'name': 'calc_angle_set1', 'param': {'key': 'angle1', 'iterations': 3}}, {'name': 'calc_angle_set2', 'param': {'key': 'angle2', 'iterations': 3}}, {'name': 'threshold', 'param': {}}, {'name': 'morphology1', 'param': {}}, {'name': 'save', 'param': {'key': 'classify_preprocess'}}], 'result_file_list': []}
[2025-06-16T14:47:01.757+0900] {logging_mixin.py:190} INFO - step : calc_angle_set1
[2025-06-16T14:47:01.787+0900] {logging_mixin.py:190} INFO - angle1 :  0 0.44334827680354233 0.5141790895189473 0.44129381172692206 0.454718861693143 0.363201344275157
[2025-06-16T14:47:01.837+0900] {logging_mixin.py:190} INFO - angle2 :  0.44334827680354233 -0.02270036907533413 0.0 0.0 0.0 -0.09080147630133652
[2025-06-16T14:47:01.850+0900] {logging_mixin.py:190} INFO - step : calc_angle_set2
[2025-06-16T14:47:06.114+0900] {logging_mixin.py:190} INFO - step : threshold
[2025-06-16T14:47:06.116+0900] {logging_mixin.py:190} INFO - step : morphology1
[2025-06-16T14:47:06.127+0900] {logging_mixin.py:190} INFO - step : save
[2025-06-16T14:47:06.157+0900] {logging_mixin.py:190} INFO - file_copy: /opt/***/data/temp/e6ba9916-472e-4417-a80c-3fafc8db07a6/a4a985b5-03dd-44f8-b56c-c4dbfc42c870/classify_preprocess.png
[2025-06-16T14:47:06.179+0900] {python.py:240} INFO - Done. Returned value was: {'file_id': 'e6ba9916-472e-4417-a80c-3fafc8db07a6', 'file_path': '/opt/***/data/class/a_class/classify/origin/false/copied_6_98689834_9836.png', 'false': {'process_id': '_a4a985b5-03dd-44f8-b56c-c4dbfc42c870_pre', 'folder_path': 'e6ba9916-472e-4417-a80c-3fafc8db07a6/a4a985b5-03dd-44f8-b56c-c4dbfc42c870', 'step_list': [{'name': 'calc_angle_set1', 'param': {'key': 'angle1', 'iterations': 3}}, {'name': 'calc_angle_set2', 'param': {'key': 'angle2', 'iterations': 3}}, {'name': 'threshold', 'param': {}}, {'name': 'morphology1', 'param': {}}, {'name': 'save', 'param': {'key': 'classify_preprocess'}}], 'result_file_list': [{'key': 'classify_preprocess', 'path': '/opt/***/data/temp/e6ba9916-472e-4417-a80c-3fafc8db07a6/a4a985b5-03dd-44f8-b56c-c4dbfc42c870/classify_preprocess.png'}]}}
[2025-06-16T14:47:06.272+0900] {taskinstance.py:341} INFO - ::group::Post task execution logs
[2025-06-16T14:47:06.273+0900] {taskinstance.py:353} INFO - Marking task as SUCCESS. dag_id=layoutxlm_document_classifier_balanced_V0.1, task_id=img_preprocess_task__1, run_id=manual__2025-06-16T05:46:45.348808+00:00, map_index=12, execution_date=20250616T054645, start_date=20250616T054701, end_date=20250616T054706
[2025-06-16T14:47:06.384+0900] {local_task_job_runner.py:266} INFO - Task exited with return code 0
[2025-06-16T14:47:06.416+0900] {taskinstance.py:3901} INFO - 0 downstream tasks scheduled from follow-on schedule check
[2025-06-16T14:47:06.424+0900] {local_task_job_runner.py:245} INFO - ::endgroup::
