[2025-06-18T13:50:29.634+0900] {local_task_job_runner.py:123} INFO - ::group::Pre task execution logs
[2025-06-18T13:50:29.719+0900] {taskinstance.py:2614} INFO - Dependencies all met for dep_context=non-requeueable deps ti=<TaskInstance: lilt_document_classifier_balanced_V0.1.img_preprocess_task__1 manual__2025-06-18T04:46:36.476365+00:00 map_index=71 [queued]>
[2025-06-18T13:50:29.742+0900] {taskinstance.py:2614} INFO - Dependencies all met for dep_context=requeueable deps ti=<TaskInstance: lilt_document_classifier_balanced_V0.1.img_preprocess_task__1 manual__2025-06-18T04:46:36.476365+00:00 map_index=71 [queued]>
[2025-06-18T13:50:29.742+0900] {taskinstance.py:2867} INFO - Starting attempt 1 of 1
[2025-06-18T13:50:29.775+0900] {taskinstance.py:2890} INFO - Executing <Mapped(_PythonDecoratedOperator): img_preprocess_task__1> on 2025-06-18 04:46:36.476365+00:00
[2025-06-18T13:50:29.807+0900] {warnings.py:112} WARNING - /home/***/.local/lib/python3.12/site-packages/***/task/task_runner/standard_task_runner.py:70: DeprecationWarning: This process (pid=29153) is multi-threaded, use of fork() may lead to deadlocks in the child.
  pid = os.fork()

[2025-06-18T13:50:29.810+0900] {standard_task_runner.py:72} INFO - Started process 29198 to run task
[2025-06-18T13:50:29.811+0900] {standard_task_runner.py:104} INFO - Running: ['***', 'tasks', 'run', 'lilt_document_classifier_balanced_V0.1', 'img_preprocess_task__1', 'manual__2025-06-18T04:46:36.476365+00:00', '--job-id', '1159', '--raw', '--subdir', 'DAGS_FOLDER/class_create_dag.py', '--cfg-path', '/tmp/tmpsc5smmv2', '--map-index', '71']
[2025-06-18T13:50:29.818+0900] {standard_task_runner.py:105} INFO - Job 1159: Subtask img_preprocess_task__1
[2025-06-18T13:50:29.947+0900] {task_command.py:467} INFO - Running <TaskInstance: lilt_document_classifier_balanced_V0.1.img_preprocess_task__1 manual__2025-06-18T04:46:36.476365+00:00 map_index=71 [running]> on host f6d4228a9eb8
[2025-06-18T13:50:30.256+0900] {taskinstance.py:3134} INFO - Exporting env vars: AIRFLOW_CTX_DAG_OWNER='***' AIRFLOW_CTX_DAG_ID='lilt_document_classifier_balanced_V0.1' AIRFLOW_CTX_TASK_ID='img_preprocess_task__1' AIRFLOW_CTX_EXECUTION_DATE='2025-06-18T04:46:36.476365+00:00' AIRFLOW_CTX_TRY_NUMBER='1' AIRFLOW_CTX_DAG_RUN_ID='manual__2025-06-18T04:46:36.476365+00:00'
[2025-06-18T13:50:30.262+0900] {taskinstance.py:732} INFO - ::endgroup::
[2025-06-18T13:50:30.278+0900] {logging_mixin.py:190} INFO - empty map check {} {'process_id': '_624e3cc3-2e89-4d0e-98a3-40fcea6f6afc_pre', 'folder_path': 'dc68f86d-53d8-41b2-8ba8-1fabc593ebe3/624e3cc3-2e89-4d0e-98a3-40fcea6f6afc', 'step_list': [{'name': 'cache', 'param': {'key': 'origin'}}, {'name': 'calc_angle_set1', 'param': {'key': 'angle1', 'iterations': 4, 'iter_save': False}}, {'name': 'text_orientation_set', 'param': {'key': 'angle2', 'iterations': 4, 'iter_save': False}}, {'name': 'load', 'param': {'key': 'origin'}}, {'name': 'rotate', 'param': {'key': 'angle1'}}, {'name': 'rotate', 'param': {'key': 'angle2'}}, {'name': 'save', 'param': {'key': 'classify_preprocess'}}], 'result_file_list': []}
[2025-06-18T13:50:30.292+0900] {logging_mixin.py:190} INFO - step : cache
[2025-06-18T13:50:30.300+0900] {logging_mixin.py:190} INFO - step : calc_angle_set1
[2025-06-18T13:50:30.367+0900] {logging_mixin.py:190} INFO - step : text_orientation_set
[2025-06-18T13:50:35.232+0900] {logging_mixin.py:190} INFO - osd 1 break  0 0 0.27 Cyrillic 1.67
[2025-06-18T13:50:35.235+0900] {logging_mixin.py:190} INFO - step : load
[2025-06-18T13:50:35.236+0900] {logging_mixin.py:190} INFO - step : rotate
[2025-06-18T13:50:35.267+0900] {logging_mixin.py:190} INFO - step : rotate
[2025-06-18T13:50:35.269+0900] {logging_mixin.py:190} INFO - step : save
[2025-06-18T13:50:35.413+0900] {logging_mixin.py:190} INFO - file_copy: /opt/***/data/temp/dc68f86d-53d8-41b2-8ba8-1fabc593ebe3/624e3cc3-2e89-4d0e-98a3-40fcea6f6afc/classify_preprocess.png
[2025-06-18T13:50:35.431+0900] {python.py:240} INFO - Done. Returned value was: {'file_id': 'dc68f86d-53d8-41b2-8ba8-1fabc593ebe3', 'file_path': '/opt/***/data/class/a_class/classify/ready/false/copied_65_2082458283.png', 'false': {'process_id': '_624e3cc3-2e89-4d0e-98a3-40fcea6f6afc_pre', 'folder_path': 'dc68f86d-53d8-41b2-8ba8-1fabc593ebe3/624e3cc3-2e89-4d0e-98a3-40fcea6f6afc', 'step_list': [{'name': 'cache', 'param': {'key': 'origin'}}, {'name': 'calc_angle_set1', 'param': {'key': 'angle1', 'iterations': 4, 'iter_save': False}}, {'name': 'text_orientation_set', 'param': {'key': 'angle2', 'iterations': 4, 'iter_save': False}}, {'name': 'load', 'param': {'key': 'origin'}}, {'name': 'rotate', 'param': {'key': 'angle1'}}, {'name': 'rotate', 'param': {'key': 'angle2'}}, {'name': 'save', 'param': {'key': 'classify_preprocess'}}], 'result_file_list': [{'key': 'classify_preprocess', 'path': '/opt/***/data/temp/dc68f86d-53d8-41b2-8ba8-1fabc593ebe3/624e3cc3-2e89-4d0e-98a3-40fcea6f6afc/classify_preprocess.png'}]}}
[2025-06-18T13:50:35.503+0900] {taskinstance.py:341} INFO - ::group::Post task execution logs
[2025-06-18T13:50:35.504+0900] {taskinstance.py:353} INFO - Marking task as SUCCESS. dag_id=lilt_document_classifier_balanced_V0.1, task_id=img_preprocess_task__1, run_id=manual__2025-06-18T04:46:36.476365+00:00, map_index=71, execution_date=20250618T044636, start_date=20250618T045029, end_date=20250618T045035
[2025-06-18T13:50:35.747+0900] {local_task_job_runner.py:266} INFO - Task exited with return code 0
[2025-06-18T13:50:35.876+0900] {taskinstance.py:3901} INFO - 0 downstream tasks scheduled from follow-on schedule check
[2025-06-18T13:50:35.891+0900] {local_task_job_runner.py:245} INFO - ::endgroup::
