[2025-06-19T16:15:10.520+0900] {local_task_job_runner.py:123} INFO - ::group::Pre task execution logs
[2025-06-19T16:15:10.584+0900] {taskinstance.py:2614} INFO - Dependencies all met for dep_context=non-requeueable deps ti=<TaskInstance: lilt_document_classifier_balanced_V0.1.img_preprocess_task manual__2025-06-19T07:13:53.100355+00:00 map_index=7 [queued]>
[2025-06-19T16:15:10.628+0900] {taskinstance.py:2614} INFO - Dependencies all met for dep_context=requeueable deps ti=<TaskInstance: lilt_document_classifier_balanced_V0.1.img_preprocess_task manual__2025-06-19T07:13:53.100355+00:00 map_index=7 [queued]>
[2025-06-19T16:15:10.642+0900] {taskinstance.py:2867} INFO - Starting attempt 1 of 1
[2025-06-19T16:15:10.711+0900] {taskinstance.py:2890} INFO - Executing <Mapped(_PythonDecoratedOperator): img_preprocess_task> on 2025-06-19 07:13:53.100355+00:00
[2025-06-19T16:15:10.735+0900] {warnings.py:112} WARNING - /home/***/.local/lib/python3.12/site-packages/***/task/task_runner/standard_task_runner.py:70: DeprecationWarning: This process (pid=2636) is multi-threaded, use of fork() may lead to deadlocks in the child.
  pid = os.fork()

[2025-06-19T16:15:10.743+0900] {standard_task_runner.py:72} INFO - Started process 2749 to run task
[2025-06-19T16:15:10.749+0900] {standard_task_runner.py:104} INFO - Running: ['***', 'tasks', 'run', 'lilt_document_classifier_balanced_V0.1', 'img_preprocess_task', 'manual__2025-06-19T07:13:53.100355+00:00', '--job-id', '1453', '--raw', '--subdir', 'DAGS_FOLDER/class_create_dag.py', '--cfg-path', '/tmp/tmpga8gjo0q', '--map-index', '7']
[2025-06-19T16:15:10.764+0900] {standard_task_runner.py:105} INFO - Job 1453: Subtask img_preprocess_task
[2025-06-19T16:15:10.909+0900] {task_command.py:467} INFO - Running <TaskInstance: lilt_document_classifier_balanced_V0.1.img_preprocess_task manual__2025-06-19T07:13:53.100355+00:00 map_index=7 [running]> on host f6d4228a9eb8
[2025-06-19T16:15:11.290+0900] {taskinstance.py:3134} INFO - Exporting env vars: AIRFLOW_CTX_DAG_OWNER='***' AIRFLOW_CTX_DAG_ID='lilt_document_classifier_balanced_V0.1' AIRFLOW_CTX_TASK_ID='img_preprocess_task' AIRFLOW_CTX_EXECUTION_DATE='2025-06-19T07:13:53.100355+00:00' AIRFLOW_CTX_TRY_NUMBER='1' AIRFLOW_CTX_DAG_RUN_ID='manual__2025-06-19T07:13:53.100355+00:00'
[2025-06-19T16:15:11.291+0900] {taskinstance.py:732} INFO - ::endgroup::
[2025-06-19T16:15:11.294+0900] {logging_mixin.py:190} INFO - empty map check {} {'process_id': '_c56f4449-3cd3-438a-8cb9-cf305774fe9e_pre', 'folder_path': 'c0c0e114-6918-4ce8-86cb-8c6297473071/c56f4449-3cd3-438a-8cb9-cf305774fe9e', 'step_list': [{'name': 'cache', 'param': {'key': 'origin'}}, {'name': 'calc_angle_set1', 'param': {'key': 'angle1', 'iterations': 4, 'iter_save': False}}, {'name': 'text_orientation_set', 'param': {'key': 'angle2', 'iterations': 4, 'iter_save': False}}, {'name': 'load', 'param': {'key': 'origin'}}, {'name': 'rotate', 'param': {'key': 'angle1'}}, {'name': 'rotate', 'param': {'key': 'angle2'}}], 'result_file_map': {}}
[2025-06-19T16:15:11.294+0900] {logging_mixin.py:190} INFO - step : cache
[2025-06-19T16:15:11.304+0900] {logging_mixin.py:190} INFO - step : calc_angle_set1
[2025-06-19T16:15:11.809+0900] {logging_mixin.py:190} INFO - step : text_orientation_set
[2025-06-19T16:15:32.355+0900] {logging_mixin.py:190} INFO - osd 1 break  0 0 8.49 Korean 0.43
[2025-06-19T16:15:32.360+0900] {logging_mixin.py:190} INFO - step : load
[2025-06-19T16:15:32.366+0900] {logging_mixin.py:190} INFO - step : rotate
[2025-06-19T16:15:32.881+0900] {logging_mixin.py:190} INFO - step : rotate
[2025-06-19T16:15:33.781+0900] {logging_mixin.py:190} INFO - file_copy: /opt/***/data/temp/c0c0e114-6918-4ce8-86cb-8c6297473071/c56f4449-3cd3-438a-8cb9-cf305774fe9e/_result.png
[2025-06-19T16:15:33.813+0900] {python.py:240} INFO - Done. Returned value was: {'file_id': 'c0c0e114-6918-4ce8-86cb-8c6297473071', 'file_path': '/opt/***/data/class/a_class/classify/ready/true/종로구 - 정부24 - 건축물대장 등본(초본) 발급(열람) _ 문서출력_page_1_aug0.png', 'true': {'process_id': '_c56f4449-3cd3-438a-8cb9-cf305774fe9e_pre', 'folder_path': 'c0c0e114-6918-4ce8-86cb-8c6297473071/c56f4449-3cd3-438a-8cb9-cf305774fe9e', 'step_list': [{'name': 'cache', 'param': {'key': 'origin'}}, {'name': 'calc_angle_set1', 'param': {'key': 'angle1', 'iterations': 4, 'iter_save': False}}, {'name': 'text_orientation_set', 'param': {'key': 'angle2', 'iterations': 4, 'iter_save': False}}, {'name': 'load', 'param': {'key': 'origin'}}, {'name': 'rotate', 'param': {'key': 'angle1'}}, {'name': 'rotate', 'param': {'key': 'angle2'}}], 'result_file_map': {'_result': '/opt/***/data/temp/c0c0e114-6918-4ce8-86cb-8c6297473071/c56f4449-3cd3-438a-8cb9-cf305774fe9e/_result.png'}}}
[2025-06-19T16:15:33.984+0900] {taskinstance.py:341} INFO - ::group::Post task execution logs
[2025-06-19T16:15:33.988+0900] {taskinstance.py:353} INFO - Marking task as SUCCESS. dag_id=lilt_document_classifier_balanced_V0.1, task_id=img_preprocess_task, run_id=manual__2025-06-19T07:13:53.100355+00:00, map_index=7, execution_date=20250619T071353, start_date=20250619T071510, end_date=20250619T071533
[2025-06-19T16:15:34.165+0900] {local_task_job_runner.py:266} INFO - Task exited with return code 0
[2025-06-19T16:15:34.288+0900] {taskinstance.py:3901} INFO - 0 downstream tasks scheduled from follow-on schedule check
[2025-06-19T16:15:34.301+0900] {local_task_job_runner.py:245} INFO - ::endgroup::
