[2025-06-25T09:30:10.029+0900] {local_task_job_runner.py:123} INFO - ::group::Pre task execution logs
[2025-06-25T09:30:10.223+0900] {taskinstance.py:2614} INFO - Dependencies all met for dep_context=non-requeueable deps ti=<TaskInstance: lilt_document_classifier_balanced_V0.1.img_preprocess_task manual__2025-06-25T00:18:31.692203+00:00 map_index=92 [queued]>
[2025-06-25T09:30:10.397+0900] {taskinstance.py:2614} INFO - Dependencies all met for dep_context=requeueable deps ti=<TaskInstance: lilt_document_classifier_balanced_V0.1.img_preprocess_task manual__2025-06-25T00:18:31.692203+00:00 map_index=92 [queued]>
[2025-06-25T09:30:10.403+0900] {taskinstance.py:2867} INFO - Starting attempt 1 of 1
[2025-06-25T09:30:10.501+0900] {taskinstance.py:2890} INFO - Executing <Mapped(_PythonDecoratedOperator): img_preprocess_task> on 2025-06-25 00:18:31.692203+00:00
[2025-06-25T09:30:10.616+0900] {warnings.py:112} WARNING - /home/***/.local/lib/python3.12/site-packages/***/task/task_runner/standard_task_runner.py:70: DeprecationWarning: This process (pid=79087) is multi-threaded, use of fork() may lead to deadlocks in the child.
  pid = os.fork()

[2025-06-25T09:30:10.661+0900] {standard_task_runner.py:104} INFO - Running: ['***', 'tasks', 'run', 'lilt_document_classifier_balanced_V0.1', 'img_preprocess_task', 'manual__2025-06-25T00:18:31.692203+00:00', '--job-id', '5157', '--raw', '--subdir', 'DAGS_FOLDER/class_create_dag.py', '--cfg-path', '/tmp/tmp9o6csx25', '--map-index', '92']
[2025-06-25T09:30:10.666+0900] {standard_task_runner.py:105} INFO - Job 5157: Subtask img_preprocess_task
[2025-06-25T09:30:10.666+0900] {standard_task_runner.py:72} INFO - Started process 79106 to run task
[2025-06-25T09:30:10.842+0900] {task_command.py:467} INFO - Running <TaskInstance: lilt_document_classifier_balanced_V0.1.img_preprocess_task manual__2025-06-25T00:18:31.692203+00:00 map_index=92 [running]> on host f6d4228a9eb8
[2025-06-25T09:30:11.571+0900] {taskinstance.py:3134} INFO - Exporting env vars: AIRFLOW_CTX_DAG_OWNER='***' AIRFLOW_CTX_DAG_ID='lilt_document_classifier_balanced_V0.1' AIRFLOW_CTX_TASK_ID='img_preprocess_task' AIRFLOW_CTX_EXECUTION_DATE='2025-06-25T00:18:31.692203+00:00' AIRFLOW_CTX_TRY_NUMBER='1' AIRFLOW_CTX_DAG_RUN_ID='manual__2025-06-25T00:18:31.692203+00:00'
[2025-06-25T09:30:11.573+0900] {taskinstance.py:732} INFO - ::endgroup::
[2025-06-25T09:30:11.607+0900] {logging_mixin.py:190} INFO - empty map check {} {'process_id': '_8cccb51b-ea53-4013-8fc8-30cac513a86f_pre', 'folder_path': 'f793c2e2-93b0-4dc5-bb17-5625fa2bb42c/8cccb51b-ea53-4013-8fc8-30cac513a86f', 'step_list': [{'name': 'cache', 'param': {'cache_key': 'origin'}}, {'name': 'calc_angle_set2', 'param': {'angle_key': 'angle2_1', 'delta': 8.0, 'limit': 40, 'iterations': 2, 'iter_save': False}}, {'name': 'calc_angle_set2', 'param': {'angle_key': 'angle2_2', 'delta': 1.0, 'limit': 8, 'iterations': 2, 'iter_save': False}}, {'name': 'calc_angle_set2', 'param': {'angle_key': 'angle2_3', 'delta': 0.125, 'limit': 1, 'iterations': 2, 'iter_save': False}}, {'name': 'text_orientation_set', 'param': {'angle_key': 'orint', 'iterations': 3, 'iter_save': False}}, {'name': 'load', 'param': {'cache_key': 'origin'}}, {'name': 'rotate', 'param': {'angle_key': 'angle2_1'}}, {'name': 'rotate', 'param': {'angle_key': 'angle2_2'}}, {'name': 'rotate', 'param': {'angle_key': 'angle2_3'}}, {'name': 'rotate', 'param': {'angle_key': 'orint'}}], 'result_file_map': {}}
[2025-06-25T09:30:11.622+0900] {logging_mixin.py:190} INFO - step : cache
[2025-06-25T09:30:11.629+0900] {logging_mixin.py:190} INFO - step : calc_angle_set2
[2025-06-25T09:30:22.539+0900] {logging_mixin.py:190} INFO - osd 1 0 0 0 0 [0, 0, 0, 0, 0, 0, 0, 0, 0, 0, 0]
[2025-06-25T09:30:29.216+0900] {logging_mixin.py:190} INFO - osd 2 0 0 0 0 [0, 0, 0, 0, 0, 0, 0, 0, 0, 0, 0]
[2025-06-25T09:30:29.297+0900] {logging_mixin.py:190} INFO - step : calc_angle_set2
[2025-06-25T09:30:35.207+0900] {logging_mixin.py:190} INFO - osd 1 -2.0 -2.0 6 84041 [0, 0, 0, 0, 0, 22747, 84041, 2438, 0, 0, 0, 0, 0, 0, 0, 0, 0]
[2025-06-25T09:30:41.296+0900] {logging_mixin.py:190} INFO - osd 2 -2.0 0.0 8 92598 [0, 0, 0, 0, 0, 0, 0, 27726, 92598, 4253, 0, 0, 0, 0, 0, 0, 0]
[2025-06-25T09:30:41.377+0900] {logging_mixin.py:190} INFO - step : calc_angle_set2
[2025-06-25T09:30:45.976+0900] {logging_mixin.py:190} INFO - osd 1 -0.25 -0.25 6 141731 [27726, 39289, 49635, 61343, 72535, 103948, 141731, 134122, 92598, 70917, 59918, 49514, 38834, 27839, 16857, 9269, 4253]
[2025-06-25T09:30:50.680+0900] {logging_mixin.py:190} INFO - osd 2 -0.25 0.0 8 145998 [9842, 19541, 30422, 42169, 53334, 64924, 75842, 108488, 145998, 139760, 98697, 74248, 63835, 52871, 41022, 30772, 20254]
[2025-06-25T09:30:50.795+0900] {logging_mixin.py:190} INFO - step : text_orientation_set
[2025-06-25T09:30:54.030+0900] {logging_mixin.py:190} INFO - osd 1 break  0 0 6.75 Korean 0.99
[2025-06-25T09:30:54.030+0900] {logging_mixin.py:190} INFO - step : load
[2025-06-25T09:30:54.031+0900] {logging_mixin.py:190} INFO - step : rotate
[2025-06-25T09:30:54.078+0900] {logging_mixin.py:190} INFO - step : rotate
[2025-06-25T09:30:54.100+0900] {logging_mixin.py:190} INFO - step : rotate
[2025-06-25T09:30:54.131+0900] {logging_mixin.py:190} INFO - step : rotate
[2025-06-25T09:30:54.322+0900] {logging_mixin.py:190} INFO - file_copy: /opt/***/data/temp/f793c2e2-93b0-4dc5-bb17-5625fa2bb42c/8cccb51b-ea53-4013-8fc8-30cac513a86f/_result.png
[2025-06-25T09:30:54.333+0900] {python.py:240} INFO - Done. Returned value was: {'file_id': 'f793c2e2-93b0-4dc5-bb17-5625fa2bb42c', 'file_path': '/opt/***/data/class/a_class/classify/ready/true/상계동 정진빌딩 - 정부24 - 건축물대장 등본(초본) 발급(열람) _ 문서출력_page_1_aug2.png', 'true': {'process_id': '_8cccb51b-ea53-4013-8fc8-30cac513a86f_pre', 'folder_path': 'f793c2e2-93b0-4dc5-bb17-5625fa2bb42c/8cccb51b-ea53-4013-8fc8-30cac513a86f', 'step_list': [{'name': 'cache', 'param': {'cache_key': 'origin'}}, {'name': 'calc_angle_set2', 'param': {'angle_key': 'angle2_1', 'delta': 8.0, 'limit': 40, 'iterations': 2, 'iter_save': False}}, {'name': 'calc_angle_set2', 'param': {'angle_key': 'angle2_2', 'delta': 1.0, 'limit': 8, 'iterations': 2, 'iter_save': False}}, {'name': 'calc_angle_set2', 'param': {'angle_key': 'angle2_3', 'delta': 0.125, 'limit': 1, 'iterations': 2, 'iter_save': False}}, {'name': 'text_orientation_set', 'param': {'angle_key': 'orint', 'iterations': 3, 'iter_save': False}}, {'name': 'load', 'param': {'cache_key': 'origin'}}, {'name': 'rotate', 'param': {'angle_key': 'angle2_1'}}, {'name': 'rotate', 'param': {'angle_key': 'angle2_2'}}, {'name': 'rotate', 'param': {'angle_key': 'angle2_3'}}, {'name': 'rotate', 'param': {'angle_key': 'orint'}}], 'result_file_map': {'_result': '/opt/***/data/temp/f793c2e2-93b0-4dc5-bb17-5625fa2bb42c/8cccb51b-ea53-4013-8fc8-30cac513a86f/_result.png'}}}
[2025-06-25T09:30:54.394+0900] {taskinstance.py:341} INFO - ::group::Post task execution logs
[2025-06-25T09:30:54.396+0900] {taskinstance.py:353} INFO - Marking task as SUCCESS. dag_id=lilt_document_classifier_balanced_V0.1, task_id=img_preprocess_task, run_id=manual__2025-06-25T00:18:31.692203+00:00, map_index=92, execution_date=20250625T001831, start_date=20250625T003010, end_date=20250625T003054
[2025-06-25T09:30:54.515+0900] {local_task_job_runner.py:266} INFO - Task exited with return code 0
[2025-06-25T09:30:54.624+0900] {taskinstance.py:3901} INFO - 1 downstream tasks scheduled from follow-on schedule check
[2025-06-25T09:30:54.636+0900] {local_task_job_runner.py:245} INFO - ::endgroup::
