[2025-06-23T10:29:13.983+0900] {local_task_job_runner.py:123} INFO - ::group::Pre task execution logs
[2025-06-23T10:29:14.034+0900] {taskinstance.py:2614} INFO - Dependencies all met for dep_context=non-requeueable deps ti=<TaskInstance: lilt_document_classifier_balanced_V0.1.img_preprocess_task manual__2025-06-23T01:24:40.043171+00:00 map_index=75 [queued]>
[2025-06-23T10:29:14.052+0900] {taskinstance.py:2614} INFO - Dependencies all met for dep_context=requeueable deps ti=<TaskInstance: lilt_document_classifier_balanced_V0.1.img_preprocess_task manual__2025-06-23T01:24:40.043171+00:00 map_index=75 [queued]>
[2025-06-23T10:29:14.053+0900] {taskinstance.py:2867} INFO - Starting attempt 1 of 1
[2025-06-23T10:29:14.087+0900] {taskinstance.py:2890} INFO - Executing <Mapped(_PythonDecoratedOperator): img_preprocess_task> on 2025-06-23 01:24:40.043171+00:00
[2025-06-23T10:29:14.104+0900] {warnings.py:112} WARNING - /home/***/.local/lib/python3.12/site-packages/***/task/task_runner/standard_task_runner.py:70: DeprecationWarning: This process (pid=87920) is multi-threaded, use of fork() may lead to deadlocks in the child.
  pid = os.fork()

[2025-06-23T10:29:14.111+0900] {standard_task_runner.py:72} INFO - Started process 88011 to run task
[2025-06-23T10:29:14.111+0900] {standard_task_runner.py:104} INFO - Running: ['***', 'tasks', 'run', 'lilt_document_classifier_balanced_V0.1', 'img_preprocess_task', 'manual__2025-06-23T01:24:40.043171+00:00', '--job-id', '2236', '--raw', '--subdir', 'DAGS_FOLDER/class_create_dag.py', '--cfg-path', '/tmp/tmpmyypy0p9', '--map-index', '75']
[2025-06-23T10:29:14.116+0900] {standard_task_runner.py:105} INFO - Job 2236: Subtask img_preprocess_task
[2025-06-23T10:29:14.226+0900] {task_command.py:467} INFO - Running <TaskInstance: lilt_document_classifier_balanced_V0.1.img_preprocess_task manual__2025-06-23T01:24:40.043171+00:00 map_index=75 [running]> on host f6d4228a9eb8
[2025-06-23T10:29:14.444+0900] {taskinstance.py:3134} INFO - Exporting env vars: AIRFLOW_CTX_DAG_OWNER='***' AIRFLOW_CTX_DAG_ID='lilt_document_classifier_balanced_V0.1' AIRFLOW_CTX_TASK_ID='img_preprocess_task' AIRFLOW_CTX_EXECUTION_DATE='2025-06-23T01:24:40.043171+00:00' AIRFLOW_CTX_TRY_NUMBER='1' AIRFLOW_CTX_DAG_RUN_ID='manual__2025-06-23T01:24:40.043171+00:00'
[2025-06-23T10:29:14.446+0900] {taskinstance.py:732} INFO - ::endgroup::
[2025-06-23T10:29:14.452+0900] {logging_mixin.py:190} INFO - empty map check {} {'process_id': '_1763941d-7f8e-4582-8917-c85c1658cee1_pre', 'folder_path': '22e68583-86b8-4cb7-9e1e-4be600656ea3/1763941d-7f8e-4582-8917-c85c1658cee1', 'step_list': [{'name': 'cache', 'param': {'key': 'origin'}}, {'name': 'calc_angle_set1', 'param': {'key': 'angle1', 'iterations': 4, 'iter_save': False}}, {'name': 'text_orientation_set', 'param': {'key': 'angle2', 'iterations': 4, 'iter_save': False}}, {'name': 'load', 'param': {'key': 'origin'}}, {'name': 'rotate', 'param': {'key': 'angle1'}}, {'name': 'rotate', 'param': {'key': 'angle2'}}], 'result_file_map': {}}
[2025-06-23T10:29:14.453+0900] {logging_mixin.py:190} INFO - step : cache
[2025-06-23T10:29:14.453+0900] {logging_mixin.py:190} INFO - step : calc_angle_set1
[2025-06-23T10:29:14.746+0900] {logging_mixin.py:190} INFO - step : text_orientation_set
[2025-06-23T10:29:31.722+0900] {logging_mixin.py:190} INFO - osd 1 break  0 0 10.78 Korean 0.6
[2025-06-23T10:29:31.723+0900] {logging_mixin.py:190} INFO - step : load
[2025-06-23T10:29:31.725+0900] {logging_mixin.py:190} INFO - step : rotate
[2025-06-23T10:29:32.084+0900] {logging_mixin.py:190} INFO - step : rotate
[2025-06-23T10:29:32.506+0900] {logging_mixin.py:190} INFO - file_copy: /opt/***/data/temp/22e68583-86b8-4cb7-9e1e-4be600656ea3/1763941d-7f8e-4582-8917-c85c1658cee1/_result.png
[2025-06-23T10:29:32.560+0900] {python.py:240} INFO - Done. Returned value was: {'file_id': '22e68583-86b8-4cb7-9e1e-4be600656ea3', 'file_path': '/opt/***/data/class/a_class/classify/ready/true/유동 학정빌딩 - 정부24 - 건축물대장 등본(초본) 발급(열람) _ 문서출력_page_1_aug0.png', 'true': {'process_id': '_1763941d-7f8e-4582-8917-c85c1658cee1_pre', 'folder_path': '22e68583-86b8-4cb7-9e1e-4be600656ea3/1763941d-7f8e-4582-8917-c85c1658cee1', 'step_list': [{'name': 'cache', 'param': {'key': 'origin'}}, {'name': 'calc_angle_set1', 'param': {'key': 'angle1', 'iterations': 4, 'iter_save': False}}, {'name': 'text_orientation_set', 'param': {'key': 'angle2', 'iterations': 4, 'iter_save': False}}, {'name': 'load', 'param': {'key': 'origin'}}, {'name': 'rotate', 'param': {'key': 'angle1'}}, {'name': 'rotate', 'param': {'key': 'angle2'}}], 'result_file_map': {'_result': '/opt/***/data/temp/22e68583-86b8-4cb7-9e1e-4be600656ea3/1763941d-7f8e-4582-8917-c85c1658cee1/_result.png'}}}
[2025-06-23T10:29:32.695+0900] {taskinstance.py:341} INFO - ::group::Post task execution logs
[2025-06-23T10:29:32.697+0900] {taskinstance.py:353} INFO - Marking task as SUCCESS. dag_id=lilt_document_classifier_balanced_V0.1, task_id=img_preprocess_task, run_id=manual__2025-06-23T01:24:40.043171+00:00, map_index=75, execution_date=20250623T012440, start_date=20250623T012914, end_date=20250623T012932
[2025-06-23T10:29:32.958+0900] {local_task_job_runner.py:266} INFO - Task exited with return code 0
[2025-06-23T10:29:33.150+0900] {taskinstance.py:3901} INFO - 0 downstream tasks scheduled from follow-on schedule check
[2025-06-23T10:29:33.174+0900] {local_task_job_runner.py:245} INFO - ::endgroup::
