[2025-06-24T16:48:02.089+0900] {local_task_job_runner.py:123} INFO - ::group::Pre task execution logs
[2025-06-24T16:48:02.357+0900] {taskinstance.py:2614} INFO - Dependencies all met for dep_context=non-requeueable deps ti=<TaskInstance: lilt_document_classifier_balanced_V0.1.img_preprocess_task manual__2025-06-24T07:39:02.784990+00:00 map_index=55 [queued]>
[2025-06-24T16:48:02.544+0900] {taskinstance.py:2614} INFO - Dependencies all met for dep_context=requeueable deps ti=<TaskInstance: lilt_document_classifier_balanced_V0.1.img_preprocess_task manual__2025-06-24T07:39:02.784990+00:00 map_index=55 [queued]>
[2025-06-24T16:48:02.560+0900] {taskinstance.py:2867} INFO - Starting attempt 1 of 1
[2025-06-24T16:48:02.681+0900] {taskinstance.py:2890} INFO - Executing <Mapped(_PythonDecoratedOperator): img_preprocess_task> on 2025-06-24 07:39:02.784990+00:00
[2025-06-24T16:48:02.823+0900] {warnings.py:112} WARNING - /home/***/.local/lib/python3.12/site-packages/***/task/task_runner/standard_task_runner.py:70: DeprecationWarning: This process (pid=55882) is multi-threaded, use of fork() may lead to deadlocks in the child.
  pid = os.fork()

[2025-06-24T16:48:02.834+0900] {standard_task_runner.py:72} INFO - Started process 55891 to run task
[2025-06-24T16:48:02.852+0900] {standard_task_runner.py:104} INFO - Running: ['***', 'tasks', 'run', 'lilt_document_classifier_balanced_V0.1', 'img_preprocess_task', 'manual__2025-06-24T07:39:02.784990+00:00', '--job-id', '4526', '--raw', '--subdir', 'DAGS_FOLDER/class_create_dag.py', '--cfg-path', '/tmp/tmpd9rwknet', '--map-index', '55']
[2025-06-24T16:48:02.879+0900] {standard_task_runner.py:105} INFO - Job 4526: Subtask img_preprocess_task
[2025-06-24T16:48:03.061+0900] {task_command.py:467} INFO - Running <TaskInstance: lilt_document_classifier_balanced_V0.1.img_preprocess_task manual__2025-06-24T07:39:02.784990+00:00 map_index=55 [running]> on host f6d4228a9eb8
[2025-06-24T16:48:03.298+0900] {taskinstance.py:3134} INFO - Exporting env vars: AIRFLOW_CTX_DAG_OWNER='***' AIRFLOW_CTX_DAG_ID='lilt_document_classifier_balanced_V0.1' AIRFLOW_CTX_TASK_ID='img_preprocess_task' AIRFLOW_CTX_EXECUTION_DATE='2025-06-24T07:39:02.784990+00:00' AIRFLOW_CTX_TRY_NUMBER='1' AIRFLOW_CTX_DAG_RUN_ID='manual__2025-06-24T07:39:02.784990+00:00'
[2025-06-24T16:48:03.299+0900] {taskinstance.py:732} INFO - ::endgroup::
[2025-06-24T16:48:03.302+0900] {logging_mixin.py:190} INFO - empty map check {} {'process_id': '_74587f7e-db60-4051-b481-a83620f25606_pre', 'folder_path': '2e6f87d7-0cbf-450f-abf6-13ad7767bd58/74587f7e-db60-4051-b481-a83620f25606', 'step_list': [{'name': 'cache', 'param': {'key': 'origin'}}, {'name': 'calc_angle_set2', 'param': {'key': 'angle1', 'iterations': 4, 'iter_save': False}}, {'name': 'text_orientation_set', 'param': {'key': 'angle2', 'iterations': 4, 'iter_save': False}}, {'name': 'load', 'param': {'key': 'origin'}}, {'name': 'rotate', 'param': {'key': 'angle1'}}, {'name': 'rotate', 'param': {'key': 'angle2'}}], 'result_file_map': {}}
[2025-06-24T16:48:03.308+0900] {logging_mixin.py:190} INFO - step : cache
[2025-06-24T16:48:03.308+0900] {logging_mixin.py:190} INFO - step : calc_angle_set2
[2025-06-24T16:48:30.811+0900] {logging_mixin.py:190} INFO - osd 1 -4.25 -4.25 3 131077 [32062, 54625, 92721, 131077, 64811, 42758, 20576, 4308, 0, 0, 0, 0, 0, 0, 0, 0, 0, 0, 0, 0, 0, 0, 0, 0, 0, 0, 0, 0, 0, 0, 0, 0, 0, 0, 0, 0, 0, 0, 0, 0, 0]
[2025-06-24T16:48:58.501+0900] {logging_mixin.py:190} INFO - osd 2 -4.25 0.0 20 140391 [0, 0, 0, 0, 0, 0, 0, 0, 0, 0, 0, 0, 0, 0, 0, 460, 12196, 35764, 60083, 101364, 140391, 72425, 48079, 23653, 5004, 0, 0, 0, 0, 0, 0, 0, 0, 0, 0, 0, 0, 0, 0, 0, 0]
[2025-06-24T16:49:31.150+0900] {logging_mixin.py:190} INFO - osd 3 -4.25 0.0 20 140391 [0, 0, 0, 0, 0, 0, 0, 0, 0, 0, 0, 0, 0, 0, 0, 460, 12196, 35764, 60083, 101364, 140391, 72425, 48079, 23653, 5004, 0, 0, 0, 0, 0, 0, 0, 0, 0, 0, 0, 0, 0, 0, 0, 0]
[2025-06-24T16:50:04.877+0900] {logging_mixin.py:190} INFO - osd 4 -4.25 0.0 20 140391 [0, 0, 0, 0, 0, 0, 0, 0, 0, 0, 0, 0, 0, 0, 0, 460, 12196, 35764, 60083, 101364, 140391, 72425, 48079, 23653, 5004, 0, 0, 0, 0, 0, 0, 0, 0, 0, 0, 0, 0, 0, 0, 0, 0]
[2025-06-24T16:50:05.023+0900] {logging_mixin.py:190} INFO - step : text_orientation_set
[2025-06-24T16:50:17.067+0900] {logging_mixin.py:190} INFO - osd 1 break  0 0 9.65 Korean 0.33
[2025-06-24T16:50:17.069+0900] {logging_mixin.py:190} INFO - step : load
[2025-06-24T16:50:17.074+0900] {logging_mixin.py:190} INFO - step : rotate
[2025-06-24T16:50:17.325+0900] {logging_mixin.py:190} INFO - step : rotate
[2025-06-24T16:50:17.904+0900] {logging_mixin.py:190} INFO - file_copy: /opt/***/data/temp/2e6f87d7-0cbf-450f-abf6-13ad7767bd58/74587f7e-db60-4051-b481-a83620f25606/_result.png
[2025-06-24T16:50:17.966+0900] {python.py:240} INFO - Done. Returned value was: {'file_id': '2e6f87d7-0cbf-450f-abf6-13ad7767bd58', 'file_path': '/opt/***/data/class/a_class/classify/ready/true/케이티엔지타워 - 정부24 - 건축물대장 등본(초본) 발급(열람) _ 문서출력_page_1_aug2.png', 'true': {'process_id': '_74587f7e-db60-4051-b481-a83620f25606_pre', 'folder_path': '2e6f87d7-0cbf-450f-abf6-13ad7767bd58/74587f7e-db60-4051-b481-a83620f25606', 'step_list': [{'name': 'cache', 'param': {'key': 'origin'}}, {'name': 'calc_angle_set2', 'param': {'key': 'angle1', 'iterations': 4, 'iter_save': False}}, {'name': 'text_orientation_set', 'param': {'key': 'angle2', 'iterations': 4, 'iter_save': False}}, {'name': 'load', 'param': {'key': 'origin'}}, {'name': 'rotate', 'param': {'key': 'angle1'}}, {'name': 'rotate', 'param': {'key': 'angle2'}}], 'result_file_map': {'_result': '/opt/***/data/temp/2e6f87d7-0cbf-450f-abf6-13ad7767bd58/74587f7e-db60-4051-b481-a83620f25606/_result.png'}}}
[2025-06-24T16:50:18.059+0900] {taskinstance.py:341} INFO - ::group::Post task execution logs
[2025-06-24T16:50:18.063+0900] {taskinstance.py:353} INFO - Marking task as SUCCESS. dag_id=lilt_document_classifier_balanced_V0.1, task_id=img_preprocess_task, run_id=manual__2025-06-24T07:39:02.784990+00:00, map_index=55, execution_date=20250624T073902, start_date=20250624T074802, end_date=20250624T075018
[2025-06-24T16:50:18.245+0900] {local_task_job_runner.py:266} INFO - Task exited with return code 0
[2025-06-24T16:50:18.290+0900] {taskinstance.py:3901} INFO - 0 downstream tasks scheduled from follow-on schedule check
[2025-06-24T16:50:18.296+0900] {local_task_job_runner.py:245} INFO - ::endgroup::
