[2025-06-23T16:14:25.466+0900] {local_task_job_runner.py:123} INFO - ::group::Pre task execution logs
[2025-06-23T16:14:25.528+0900] {taskinstance.py:2614} INFO - Dependencies all met for dep_context=non-requeueable deps ti=<TaskInstance: lilt_document_classifier_balanced_V0.1.img_preprocess_task manual__2025-06-23T06:45:10.371530+00:00 map_index=71 [queued]>
[2025-06-23T16:14:25.603+0900] {taskinstance.py:2614} INFO - Dependencies all met for dep_context=requeueable deps ti=<TaskInstance: lilt_document_classifier_balanced_V0.1.img_preprocess_task manual__2025-06-23T06:45:10.371530+00:00 map_index=71 [queued]>
[2025-06-23T16:14:25.611+0900] {taskinstance.py:2867} INFO - Starting attempt 1 of 1
[2025-06-23T16:14:25.680+0900] {taskinstance.py:2890} INFO - Executing <Mapped(_PythonDecoratedOperator): img_preprocess_task> on 2025-06-23 06:45:10.371530+00:00
[2025-06-23T16:14:25.715+0900] {warnings.py:112} WARNING - /home/***/.local/lib/python3.12/site-packages/***/task/task_runner/standard_task_runner.py:70: DeprecationWarning: This process (pid=5745) is multi-threaded, use of fork() may lead to deadlocks in the child.
  pid = os.fork()

[2025-06-23T16:14:25.718+0900] {standard_task_runner.py:72} INFO - Started process 5771 to run task
[2025-06-23T16:14:25.720+0900] {standard_task_runner.py:104} INFO - Running: ['***', 'tasks', 'run', 'lilt_document_classifier_balanced_V0.1', 'img_preprocess_task', 'manual__2025-06-23T06:45:10.371530+00:00', '--job-id', '3303', '--raw', '--subdir', 'DAGS_FOLDER/class_create_dag.py', '--cfg-path', '/tmp/tmpo7s_ct3i', '--map-index', '71']
[2025-06-23T16:14:25.727+0900] {standard_task_runner.py:105} INFO - Job 3303: Subtask img_preprocess_task
[2025-06-23T16:14:26.006+0900] {task_command.py:467} INFO - Running <TaskInstance: lilt_document_classifier_balanced_V0.1.img_preprocess_task manual__2025-06-23T06:45:10.371530+00:00 map_index=71 [running]> on host f6d4228a9eb8
[2025-06-23T16:14:26.594+0900] {taskinstance.py:3134} INFO - Exporting env vars: AIRFLOW_CTX_DAG_OWNER='***' AIRFLOW_CTX_DAG_ID='lilt_document_classifier_balanced_V0.1' AIRFLOW_CTX_TASK_ID='img_preprocess_task' AIRFLOW_CTX_EXECUTION_DATE='2025-06-23T06:45:10.371530+00:00' AIRFLOW_CTX_TRY_NUMBER='1' AIRFLOW_CTX_DAG_RUN_ID='manual__2025-06-23T06:45:10.371530+00:00'
[2025-06-23T16:14:26.598+0900] {taskinstance.py:732} INFO - ::endgroup::
[2025-06-23T16:14:26.607+0900] {logging_mixin.py:190} INFO - empty map check {} {'process_id': '_7746f3aa-cb23-492d-b59a-e4df251b918f_pre', 'folder_path': '747ed5e1-ee00-43b7-86b4-d9f3cf27b073/7746f3aa-cb23-492d-b59a-e4df251b918f', 'step_list': [{'name': 'cache', 'param': {'key': 'origin'}}, {'name': 'calc_angle_set2', 'param': {'key': 'angle1', 'iterations': 4, 'iter_save': False}}, {'name': 'text_orientation_set', 'param': {'key': 'angle2', 'iterations': 4, 'iter_save': False}}, {'name': 'load', 'param': {'key': 'origin'}}, {'name': 'rotate', 'param': {'key': 'angle1'}}, {'name': 'rotate', 'param': {'key': 'angle2'}}], 'result_file_map': {}}
[2025-06-23T16:14:26.609+0900] {logging_mixin.py:190} INFO - step : cache
[2025-06-23T16:14:26.612+0900] {logging_mixin.py:190} INFO - step : calc_angle_set2
[2025-06-23T16:15:02.518+0900] {logging_mixin.py:190} INFO - osd 1 5.0 5.0 40 1408942 [1131457, 1085624, 1037647, 989309, 941441, 888515, 836472, 784753, 733906, 681622, 634715, 588275, 542108, 496463, 454666, 410197, 365251, 321308, 277786, 233684, 194313, 236620, 284385, 334014, 386242, 441809, 498360, 553463, 614833, 677966, 739577, 801923, 868709, 933483, 1000605, 1066066, 1134898, 1203273, 1272965, 1342766, 1408942]
[2025-06-23T16:15:47.079+0900] {logging_mixin.py:190} INFO - osd 2 0.0 -5.0 0 3045192 [3045192, 2958515, 2874410, 2786606, 2693491, 2605115, 2516677, 2425292, 2338604, 2242005, 2156357, 2067521, 1980324, 1900536, 1812937, 1732056, 1648045, 1570753, 1497986, 1417783, 1344005, 1420258, 1502683, 1578184, 1657656, 1742950, 1822825, 1909600, 1987022, 2070262, 2152948, 2234390, 2326695, 2410863, 2500017, 2586640, 2674284, 2766959, 2856644, 2941901, 3033562]
[2025-06-23T16:16:41.625+0900] {logging_mixin.py:190} INFO - osd 3 5.0 5.0 40 5116462 [4816630, 4730480, 4651154, 4565676, 4484850, 4390924, 4303002, 4203301, 4110106, 4016015, 3924405, 3830969, 3732147, 3638217, 3540742, 3447659, 3348972, 3250646, 3152684, 3056172, 2960731, 3064287, 3170087, 3276246, 3382829, 3489970, 3592858, 3700773, 3804612, 3914283, 4018369, 4121942, 4227173, 4332903, 4446917, 4550873, 4663351, 4770563, 4886288, 4997221, 5116462]
[2025-06-23T16:17:43.406+0900] {logging_mixin.py:190} INFO - osd 4 10.0 5.0 40 7744590 [7632963, 7501394, 7367162, 7234718, 7102850, 6970900, 6830542, 6693526, 6563741, 6425168, 6296130, 6153724, 6024744, 5884696, 5750655, 5618414, 5485793, 5348413, 5211063, 5075571, 4952508, 5070650, 5204781, 5338353, 5474822, 5606752, 5739698, 5874483, 6016759, 6147843, 6295963, 6431378, 6576345, 6714928, 6860575, 7010814, 7154070, 7299921, 7446159, 7595951, 7744590]
[2025-06-23T16:17:43.996+0900] {logging_mixin.py:190} INFO - step : text_orientation_set
[2025-06-23T16:18:07.452+0900] {logging_mixin.py:190} INFO - osd 1 break  0 0 0.29 Japanese 0.54
[2025-06-23T16:18:07.464+0900] {logging_mixin.py:190} INFO - step : load
[2025-06-23T16:18:07.482+0900] {logging_mixin.py:190} INFO - step : rotate
[2025-06-23T16:18:08.065+0900] {logging_mixin.py:190} INFO - step : rotate
[2025-06-23T16:18:11.108+0900] {logging_mixin.py:190} INFO - file_copy: /opt/***/data/temp/747ed5e1-ee00-43b7-86b4-d9f3cf27b073/7746f3aa-cb23-492d-b59a-e4df251b918f/_result.png
[2025-06-23T16:18:11.138+0900] {python.py:240} INFO - Done. Returned value was: {'file_id': '747ed5e1-ee00-43b7-86b4-d9f3cf27b073', 'file_path': '/opt/***/data/class/a_class/classify/ready/true/경희궁지내 - 정부24 - 건축물대장 등본(초본) 발급(열람) _ 문서출력_page_1_aug1.png', 'true': {'process_id': '_7746f3aa-cb23-492d-b59a-e4df251b918f_pre', 'folder_path': '747ed5e1-ee00-43b7-86b4-d9f3cf27b073/7746f3aa-cb23-492d-b59a-e4df251b918f', 'step_list': [{'name': 'cache', 'param': {'key': 'origin'}}, {'name': 'calc_angle_set2', 'param': {'key': 'angle1', 'iterations': 4, 'iter_save': False}}, {'name': 'text_orientation_set', 'param': {'key': 'angle2', 'iterations': 4, 'iter_save': False}}, {'name': 'load', 'param': {'key': 'origin'}}, {'name': 'rotate', 'param': {'key': 'angle1'}}, {'name': 'rotate', 'param': {'key': 'angle2'}}], 'result_file_map': {'_result': '/opt/***/data/temp/747ed5e1-ee00-43b7-86b4-d9f3cf27b073/7746f3aa-cb23-492d-b59a-e4df251b918f/_result.png'}}}
[2025-06-23T16:18:11.196+0900] {taskinstance.py:341} INFO - ::group::Post task execution logs
[2025-06-23T16:18:11.201+0900] {taskinstance.py:353} INFO - Marking task as SUCCESS. dag_id=lilt_document_classifier_balanced_V0.1, task_id=img_preprocess_task, run_id=manual__2025-06-23T06:45:10.371530+00:00, map_index=71, execution_date=20250623T064510, start_date=20250623T071425, end_date=20250623T071811
[2025-06-23T16:18:11.294+0900] {local_task_job_runner.py:266} INFO - Task exited with return code 0
[2025-06-23T16:18:11.350+0900] {taskinstance.py:3901} INFO - 0 downstream tasks scheduled from follow-on schedule check
[2025-06-23T16:18:11.361+0900] {local_task_job_runner.py:245} INFO - ::endgroup::
