[2025-06-24T11:45:30.037+0900] {local_task_job_runner.py:123} INFO - ::group::Pre task execution logs
[2025-06-24T11:45:30.211+0900] {taskinstance.py:2614} INFO - Dependencies all met for dep_context=non-requeueable deps ti=<TaskInstance: lilt_document_classifier_balanced_V0.1.img_preprocess_task manual__2025-06-24T02:31:44.485922+00:00 map_index=51 [queued]>
[2025-06-24T11:45:30.251+0900] {taskinstance.py:2614} INFO - Dependencies all met for dep_context=requeueable deps ti=<TaskInstance: lilt_document_classifier_balanced_V0.1.img_preprocess_task manual__2025-06-24T02:31:44.485922+00:00 map_index=51 [queued]>
[2025-06-24T11:45:30.253+0900] {taskinstance.py:2867} INFO - Starting attempt 1 of 1
[2025-06-24T11:45:30.287+0900] {taskinstance.py:2890} INFO - Executing <Mapped(_PythonDecoratedOperator): img_preprocess_task> on 2025-06-24 02:31:44.485922+00:00
[2025-06-24T11:45:30.347+0900] {standard_task_runner.py:104} INFO - Running: ['***', 'tasks', 'run', 'lilt_document_classifier_balanced_V0.1', 'img_preprocess_task', 'manual__2025-06-24T02:31:44.485922+00:00', '--job-id', '3840', '--raw', '--subdir', 'DAGS_FOLDER/class_create_dag.py', '--cfg-path', '/tmp/tmp_a3c6twi', '--map-index', '51']
[2025-06-24T11:45:30.357+0900] {standard_task_runner.py:105} INFO - Job 3840: Subtask img_preprocess_task
[2025-06-24T11:45:30.351+0900] {warnings.py:112} WARNING - /home/***/.local/lib/python3.12/site-packages/***/task/task_runner/standard_task_runner.py:70: DeprecationWarning: This process (pid=35560) is multi-threaded, use of fork() may lead to deadlocks in the child.
  pid = os.fork()

[2025-06-24T11:45:30.373+0900] {standard_task_runner.py:72} INFO - Started process 35570 to run task
[2025-06-24T11:45:30.487+0900] {task_command.py:467} INFO - Running <TaskInstance: lilt_document_classifier_balanced_V0.1.img_preprocess_task manual__2025-06-24T02:31:44.485922+00:00 map_index=51 [running]> on host f6d4228a9eb8
[2025-06-24T11:45:31.068+0900] {taskinstance.py:3134} INFO - Exporting env vars: AIRFLOW_CTX_DAG_OWNER='***' AIRFLOW_CTX_DAG_ID='lilt_document_classifier_balanced_V0.1' AIRFLOW_CTX_TASK_ID='img_preprocess_task' AIRFLOW_CTX_EXECUTION_DATE='2025-06-24T02:31:44.485922+00:00' AIRFLOW_CTX_TRY_NUMBER='1' AIRFLOW_CTX_DAG_RUN_ID='manual__2025-06-24T02:31:44.485922+00:00'
[2025-06-24T11:45:31.070+0900] {taskinstance.py:732} INFO - ::endgroup::
[2025-06-24T11:45:31.078+0900] {logging_mixin.py:190} INFO - empty map check {} {'process_id': '_658b53ef-022a-4e25-bf7b-61a9ab5d5813_pre', 'folder_path': '7d88dbe8-e15c-4299-a2e3-ca6e119df7af/658b53ef-022a-4e25-bf7b-61a9ab5d5813', 'step_list': [{'name': 'cache', 'param': {'key': 'origin'}}, {'name': 'calc_angle_set2', 'param': {'key': 'angle1', 'iterations': 4, 'iter_save': True}}, {'name': 'save', 'param': {'key': 'ag1'}}, {'name': 'text_orientation_set', 'param': {'key': 'angle2', 'iterations': 4, 'iter_save': True}}, {'name': 'save', 'param': {'key': 'ag2'}}, {'name': 'load', 'param': {'key': 'origin'}}, {'name': 'rotate', 'param': {'key': 'angle1'}}, {'name': 'rotate', 'param': {'key': 'angle2'}}], 'result_file_map': {}}
[2025-06-24T11:45:31.087+0900] {logging_mixin.py:190} INFO - step : cache
[2025-06-24T11:45:31.092+0900] {logging_mixin.py:190} INFO - step : calc_angle_set2
[2025-06-24T11:46:04.109+0900] {logging_mixin.py:190} INFO - osd 1 -5.0 -5.0 0 811306 [811306, 771523, 729348, 686275, 645236, 604057, 564490, 525426, 488276, 449401, 415239, 381328, 347131, 314899, 287068, 258512, 229656, 200922, 172709, 144238, 117808, 144221, 172251, 200861, 229600, 258454, 287435, 314746, 347920, 382052, 415848, 450599, 489189, 526372, 566140, 605302, 646300, 686871, 729074, 771003, 811002]
[2025-06-24T11:46:43.029+0900] {logging_mixin.py:190} INFO - osd 2 0.0 5.0 40 2027978 [1797494, 1742048, 1691682, 1637764, 1582969, 1530853, 1479764, 1427502, 1377313, 1321684, 1272903, 1221247, 1170023, 1122173, 1068569, 1018583, 965999, 917686, 872073, 821154, 773958, 827225, 884560, 937702, 993477, 1055159, 1113903, 1179287, 1239339, 1303197, 1368438, 1431258, 1502028, 1567710, 1636541, 1701808, 1767695, 1836646, 1902334, 1963534, 2027978]
[2025-06-24T11:47:35.814+0900] {logging_mixin.py:190} INFO - osd 3 -5.0 -5.0 0 3264840 [3264840, 3195884, 3133412, 3068205, 3006935, 2942999, 2882391, 2815699, 2751766, 2688248, 2626159, 2562967, 2496999, 2435075, 2369505, 2307125, 2242602, 2177198, 2111899, 2046494, 1983168, 2043440, 2105884, 2169480, 2232091, 2295502, 2355215, 2418587, 2479978, 2543914, 2605899, 2666001, 2728404, 2790674, 2855891, 2914235, 2977802, 3035626, 3099103, 3158862, 3224103]
[2025-06-24T11:48:28.358+0900] {logging_mixin.py:190} INFO - osd 4 0.0 5.0 40 5014911 [4840392, 4750359, 4663365, 4577365, 4492411, 4408268, 4319248, 4232811, 4150815, 4064041, 3983596, 3896206, 3816493, 3731242, 3650457, 3571546, 3492220, 3412001, 3332439, 3256542, 3188372, 3273404, 3367290, 3460551, 3555285, 3646908, 3737668, 3830121, 3925383, 4014511, 4110577, 4200604, 4293655, 4383549, 4476285, 4569783, 4658717, 4748217, 4837455, 4925876, 5014911]
[2025-06-24T11:48:28.643+0900] {logging_mixin.py:190} INFO - step : save
[2025-06-24T11:48:29.499+0900] {logging_mixin.py:190} INFO - file_copy: /opt/***/data/temp/7d88dbe8-e15c-4299-a2e3-ca6e119df7af/658b53ef-022a-4e25-bf7b-61a9ab5d5813/ag1.png
[2025-06-24T11:48:29.541+0900] {logging_mixin.py:190} INFO - step : text_orientation_set
[2025-06-24T11:48:45.190+0900] {logging_mixin.py:190} INFO - file_copy: /opt/***/data/temp/7d88dbe8-e15c-4299-a2e3-ca6e119df7af/658b53ef-022a-4e25-bf7b-61a9ab5d5813/rotate2_1.png
[2025-06-24T11:48:54.894+0900] {logging_mixin.py:190} INFO - osd 1 break  0 0 13.27 Japanese 0.59
[2025-06-24T11:48:54.896+0900] {logging_mixin.py:190} INFO - step : save
[2025-06-24T11:48:55.786+0900] {logging_mixin.py:190} INFO - file_copy: /opt/***/data/temp/7d88dbe8-e15c-4299-a2e3-ca6e119df7af/658b53ef-022a-4e25-bf7b-61a9ab5d5813/ag2.png
[2025-06-24T11:48:55.840+0900] {logging_mixin.py:190} INFO - step : load
[2025-06-24T11:48:55.842+0900] {logging_mixin.py:190} INFO - step : rotate
[2025-06-24T11:48:56.264+0900] {logging_mixin.py:190} INFO - step : rotate
[2025-06-24T11:48:57.785+0900] {logging_mixin.py:190} INFO - file_copy: /opt/***/data/temp/7d88dbe8-e15c-4299-a2e3-ca6e119df7af/658b53ef-022a-4e25-bf7b-61a9ab5d5813/_result.png
[2025-06-24T11:48:57.844+0900] {python.py:240} INFO - Done. Returned value was: {'file_id': '7d88dbe8-e15c-4299-a2e3-ca6e119df7af', 'file_path': '/opt/***/data/class/a_class/classify/ready/true/송정동 연세빌딩 - 정부24 - 건축물대장 등본(초본) 발급(열람) _ 문서출력_page_1_aug1.png', 'true': {'process_id': '_658b53ef-022a-4e25-bf7b-61a9ab5d5813_pre', 'folder_path': '7d88dbe8-e15c-4299-a2e3-ca6e119df7af/658b53ef-022a-4e25-bf7b-61a9ab5d5813', 'step_list': [{'name': 'cache', 'param': {'key': 'origin'}}, {'name': 'calc_angle_set2', 'param': {'key': 'angle1', 'iterations': 4, 'iter_save': True}}, {'name': 'save', 'param': {'key': 'ag1'}}, {'name': 'text_orientation_set', 'param': {'key': 'angle2', 'iterations': 4, 'iter_save': True}}, {'name': 'save', 'param': {'key': 'ag2'}}, {'name': 'load', 'param': {'key': 'origin'}}, {'name': 'rotate', 'param': {'key': 'angle1'}}, {'name': 'rotate', 'param': {'key': 'angle2'}}], 'result_file_map': {'ag1': '/opt/***/data/temp/7d88dbe8-e15c-4299-a2e3-ca6e119df7af/658b53ef-022a-4e25-bf7b-61a9ab5d5813/ag1.png', 'rotate2_1': '/opt/***/data/temp/7d88dbe8-e15c-4299-a2e3-ca6e119df7af/658b53ef-022a-4e25-bf7b-61a9ab5d5813/rotate2_1.png', 'ag2': '/opt/***/data/temp/7d88dbe8-e15c-4299-a2e3-ca6e119df7af/658b53ef-022a-4e25-bf7b-61a9ab5d5813/ag2.png', '_result': '/opt/***/data/temp/7d88dbe8-e15c-4299-a2e3-ca6e119df7af/658b53ef-022a-4e25-bf7b-61a9ab5d5813/_result.png'}}}
[2025-06-24T11:48:57.992+0900] {taskinstance.py:341} INFO - ::group::Post task execution logs
[2025-06-24T11:48:58.007+0900] {taskinstance.py:353} INFO - Marking task as SUCCESS. dag_id=lilt_document_classifier_balanced_V0.1, task_id=img_preprocess_task, run_id=manual__2025-06-24T02:31:44.485922+00:00, map_index=51, execution_date=20250624T023144, start_date=20250624T024530, end_date=20250624T024858
[2025-06-24T11:48:58.367+0900] {local_task_job_runner.py:266} INFO - Task exited with return code 0
[2025-06-24T11:48:58.521+0900] {taskinstance.py:3901} INFO - 0 downstream tasks scheduled from follow-on schedule check
[2025-06-24T11:48:58.548+0900] {local_task_job_runner.py:245} INFO - ::endgroup::
