[2025-06-23T16:56:07.137+0900] {local_task_job_runner.py:123} INFO - ::group::Pre task execution logs
[2025-06-23T16:56:07.240+0900] {taskinstance.py:2614} INFO - Dependencies all met for dep_context=non-requeueable deps ti=<TaskInstance: lilt_document_classifier_balanced_V0.1.img_preprocess_task manual__2025-06-23T07:44:09.997775+00:00 map_index=44 [queued]>
[2025-06-23T16:56:07.296+0900] {taskinstance.py:2614} INFO - Dependencies all met for dep_context=requeueable deps ti=<TaskInstance: lilt_document_classifier_balanced_V0.1.img_preprocess_task manual__2025-06-23T07:44:09.997775+00:00 map_index=44 [queued]>
[2025-06-23T16:56:07.296+0900] {taskinstance.py:2867} INFO - Starting attempt 1 of 1
[2025-06-23T16:56:07.376+0900] {taskinstance.py:2890} INFO - Executing <Mapped(_PythonDecoratedOperator): img_preprocess_task> on 2025-06-23 07:44:09.997775+00:00
[2025-06-23T16:56:07.407+0900] {warnings.py:112} WARNING - /home/***/.local/lib/python3.12/site-packages/***/task/task_runner/standard_task_runner.py:70: DeprecationWarning: This process (pid=11648) is multi-threaded, use of fork() may lead to deadlocks in the child.
  pid = os.fork()

[2025-06-23T16:56:07.413+0900] {standard_task_runner.py:72} INFO - Started process 11657 to run task
[2025-06-23T16:56:07.429+0900] {standard_task_runner.py:104} INFO - Running: ['***', 'tasks', 'run', 'lilt_document_classifier_balanced_V0.1', 'img_preprocess_task', 'manual__2025-06-23T07:44:09.997775+00:00', '--job-id', '3589', '--raw', '--subdir', 'DAGS_FOLDER/class_create_dag.py', '--cfg-path', '/tmp/tmp4i2py6ce', '--map-index', '44']
[2025-06-23T16:56:07.431+0900] {standard_task_runner.py:105} INFO - Job 3589: Subtask img_preprocess_task
[2025-06-23T16:56:07.609+0900] {task_command.py:467} INFO - Running <TaskInstance: lilt_document_classifier_balanced_V0.1.img_preprocess_task manual__2025-06-23T07:44:09.997775+00:00 map_index=44 [running]> on host f6d4228a9eb8
[2025-06-23T16:56:07.845+0900] {taskinstance.py:3134} INFO - Exporting env vars: AIRFLOW_CTX_DAG_OWNER='***' AIRFLOW_CTX_DAG_ID='lilt_document_classifier_balanced_V0.1' AIRFLOW_CTX_TASK_ID='img_preprocess_task' AIRFLOW_CTX_EXECUTION_DATE='2025-06-23T07:44:09.997775+00:00' AIRFLOW_CTX_TRY_NUMBER='1' AIRFLOW_CTX_DAG_RUN_ID='manual__2025-06-23T07:44:09.997775+00:00'
[2025-06-23T16:56:07.848+0900] {taskinstance.py:732} INFO - ::endgroup::
[2025-06-23T16:56:07.857+0900] {logging_mixin.py:190} INFO - empty map check {} {'process_id': '_2ec8c6c9-bfb3-45e3-a7cf-81fb5c77f3cd_pre', 'folder_path': '59652185-7939-45de-a5d3-9af3ed157798/2ec8c6c9-bfb3-45e3-a7cf-81fb5c77f3cd', 'step_list': [{'name': 'cache', 'param': {'key': 'origin'}}, {'name': 'calc_angle_set2', 'param': {'key': 'angle1', 'iterations': 4, 'iter_save': False}}, {'name': 'text_orientation_set', 'param': {'key': 'angle2', 'iterations': 4, 'iter_save': False}}, {'name': 'load', 'param': {'key': 'origin'}}, {'name': 'rotate', 'param': {'key': 'angle1'}}, {'name': 'rotate', 'param': {'key': 'angle2'}}], 'result_file_map': {}}
[2025-06-23T16:56:07.860+0900] {logging_mixin.py:190} INFO - step : cache
[2025-06-23T16:56:07.861+0900] {logging_mixin.py:190} INFO - step : calc_angle_set2
[2025-06-23T16:56:40.025+0900] {logging_mixin.py:190} INFO - osd 1 5.0 5.0 40 1137308 [958472, 917250, 873545, 829440, 786951, 744461, 703311, 662333, 623730, 583247, 546837, 511232, 474824, 432758, 395558, 357252, 318411, 280368, 242637, 204466, 170170, 204489, 241035, 279097, 318490, 359322, 401482, 442638, 488503, 537608, 586536, 637238, 691903, 744526, 799059, 854190, 910541, 966922, 1024542, 1082578, 1137308]
[2025-06-23T16:57:27.784+0900] {logging_mixin.py:190} INFO - osd 2 0.0 -5.0 0 2651439 [2651439, 2572100, 2496501, 2415668, 2330480, 2250762, 2171185, 2086416, 2007331, 1919877, 1842130, 1761584, 1681942, 1606291, 1524759, 1449494, 1372098, 1300241, 1234158, 1160964, 1092447, 1157860, 1227476, 1290212, 1357325, 1428772, 1497082, 1569548, 1635461, 1704253, 1774148, 1840326, 1917472, 1984565, 2058628, 2129284, 2200132, 2276842, 2351157, 2420996, 2497317]
[2025-06-23T16:58:17.028+0900] {logging_mixin.py:190} INFO - osd 3 5.0 5.0 40 4436618 [4179292, 4099591, 4026927, 3949930, 3877359, 3800184, 3728423, 3647795, 3570433, 3493928, 3418765, 3342460, 3261426, 3179500, 3091739, 3009860, 2921891, 2835479, 2748378, 2663044, 2578948, 2668399, 2762317, 2854998, 2948745, 3042820, 3132004, 3226705, 3317343, 3413789, 3504603, 3595460, 3686414, 3778448, 3875432, 3962488, 4056857, 4147274, 4242911, 4336064, 4436618]
[2025-06-23T16:59:14.520+0900] {logging_mixin.py:190} INFO - osd 4 0.0 -5.0 0 6776922 [6776922, 6655074, 6535339, 6413854, 6291873, 6171245, 6044216, 5918123, 5796848, 5669753, 5550954, 5418011, 5299526, 5169467, 5046011, 4922110, 4800716, 4672976, 4545963, 4420629, 4307054, 4405763, 4516928, 4632770, 4749195, 4862783, 4978781, 5094765, 5220730, 5334011, 5462506, 5578530, 5701516, 5819515, 5947719, 6075226, 6198158, 6323609, 6448878, 6575409, 6703616]
[2025-06-23T16:59:14.815+0900] {logging_mixin.py:190} INFO - step : text_orientation_set
[2025-06-23T16:59:28.888+0900] {logging_mixin.py:190} INFO - osd 1 break  0 0 9.69 Japanese 0.52
[2025-06-23T16:59:28.892+0900] {logging_mixin.py:190} INFO - step : load
[2025-06-23T16:59:28.893+0900] {logging_mixin.py:190} INFO - step : rotate
[2025-06-23T16:59:29.176+0900] {logging_mixin.py:190} INFO - step : rotate
[2025-06-23T16:59:29.666+0900] {logging_mixin.py:190} INFO - file_copy: /opt/***/data/temp/59652185-7939-45de-a5d3-9af3ed157798/2ec8c6c9-bfb3-45e3-a7cf-81fb5c77f3cd/_result.png
[2025-06-23T16:59:29.689+0900] {python.py:240} INFO - Done. Returned value was: {'file_id': '59652185-7939-45de-a5d3-9af3ed157798', 'file_path': '/opt/***/data/class/a_class/classify/ready/true/이화동 엘림빌딩 -정부24 - 건축물대장 등본(초본) 발급(열람) _ 문서출력_page_1_aug2.png', 'true': {'process_id': '_2ec8c6c9-bfb3-45e3-a7cf-81fb5c77f3cd_pre', 'folder_path': '59652185-7939-45de-a5d3-9af3ed157798/2ec8c6c9-bfb3-45e3-a7cf-81fb5c77f3cd', 'step_list': [{'name': 'cache', 'param': {'key': 'origin'}}, {'name': 'calc_angle_set2', 'param': {'key': 'angle1', 'iterations': 4, 'iter_save': False}}, {'name': 'text_orientation_set', 'param': {'key': 'angle2', 'iterations': 4, 'iter_save': False}}, {'name': 'load', 'param': {'key': 'origin'}}, {'name': 'rotate', 'param': {'key': 'angle1'}}, {'name': 'rotate', 'param': {'key': 'angle2'}}], 'result_file_map': {'_result': '/opt/***/data/temp/59652185-7939-45de-a5d3-9af3ed157798/2ec8c6c9-bfb3-45e3-a7cf-81fb5c77f3cd/_result.png'}}}
[2025-06-23T16:59:29.823+0900] {taskinstance.py:341} INFO - ::group::Post task execution logs
[2025-06-23T16:59:29.828+0900] {taskinstance.py:353} INFO - Marking task as SUCCESS. dag_id=lilt_document_classifier_balanced_V0.1, task_id=img_preprocess_task, run_id=manual__2025-06-23T07:44:09.997775+00:00, map_index=44, execution_date=20250623T074409, start_date=20250623T075607, end_date=20250623T075929
[2025-06-23T16:59:30.000+0900] {local_task_job_runner.py:266} INFO - Task exited with return code 0
[2025-06-23T16:59:30.183+0900] {taskinstance.py:3901} INFO - 0 downstream tasks scheduled from follow-on schedule check
[2025-06-23T16:59:30.213+0900] {local_task_job_runner.py:245} INFO - ::endgroup::
