[2025-06-24T11:37:52.448+0900] {local_task_job_runner.py:123} INFO - ::group::Pre task execution logs
[2025-06-24T11:37:52.481+0900] {taskinstance.py:2614} INFO - Dependencies all met for dep_context=non-requeueable deps ti=<TaskInstance: lilt_document_classifier_balanced_V0.1.img_preprocess_task manual__2025-06-24T02:31:44.485922+00:00 map_index=23 [queued]>
[2025-06-24T11:37:52.627+0900] {taskinstance.py:2614} INFO - Dependencies all met for dep_context=requeueable deps ti=<TaskInstance: lilt_document_classifier_balanced_V0.1.img_preprocess_task manual__2025-06-24T02:31:44.485922+00:00 map_index=23 [queued]>
[2025-06-24T11:37:52.629+0900] {taskinstance.py:2867} INFO - Starting attempt 1 of 1
[2025-06-24T11:37:52.660+0900] {taskinstance.py:2890} INFO - Executing <Mapped(_PythonDecoratedOperator): img_preprocess_task> on 2025-06-24 02:31:44.485922+00:00
[2025-06-24T11:37:52.677+0900] {warnings.py:112} WARNING - /home/***/.local/lib/python3.12/site-packages/***/task/task_runner/standard_task_runner.py:70: DeprecationWarning: This process (pid=34433) is multi-threaded, use of fork() may lead to deadlocks in the child.
  pid = os.fork()

[2025-06-24T11:37:52.717+0900] {standard_task_runner.py:72} INFO - Started process 34446 to run task
[2025-06-24T11:37:52.759+0900] {standard_task_runner.py:104} INFO - Running: ['***', 'tasks', 'run', 'lilt_document_classifier_balanced_V0.1', 'img_preprocess_task', 'manual__2025-06-24T02:31:44.485922+00:00', '--job-id', '3785', '--raw', '--subdir', 'DAGS_FOLDER/class_create_dag.py', '--cfg-path', '/tmp/tmphkk_ptru', '--map-index', '23']
[2025-06-24T11:37:52.779+0900] {standard_task_runner.py:105} INFO - Job 3785: Subtask img_preprocess_task
[2025-06-24T11:37:53.005+0900] {task_command.py:467} INFO - Running <TaskInstance: lilt_document_classifier_balanced_V0.1.img_preprocess_task manual__2025-06-24T02:31:44.485922+00:00 map_index=23 [running]> on host f6d4228a9eb8
[2025-06-24T11:37:53.502+0900] {taskinstance.py:3134} INFO - Exporting env vars: AIRFLOW_CTX_DAG_OWNER='***' AIRFLOW_CTX_DAG_ID='lilt_document_classifier_balanced_V0.1' AIRFLOW_CTX_TASK_ID='img_preprocess_task' AIRFLOW_CTX_EXECUTION_DATE='2025-06-24T02:31:44.485922+00:00' AIRFLOW_CTX_TRY_NUMBER='1' AIRFLOW_CTX_DAG_RUN_ID='manual__2025-06-24T02:31:44.485922+00:00'
[2025-06-24T11:37:53.509+0900] {taskinstance.py:732} INFO - ::endgroup::
[2025-06-24T11:37:53.535+0900] {logging_mixin.py:190} INFO - empty map check {} {'process_id': '_e3192f6e-d160-48ca-b1e8-a298cb62a01d_pre', 'folder_path': '497078a5-af5e-4c8f-b488-4fb3d82468dd/e3192f6e-d160-48ca-b1e8-a298cb62a01d', 'step_list': [{'name': 'cache', 'param': {'key': 'origin'}}, {'name': 'calc_angle_set2', 'param': {'key': 'angle1', 'iterations': 4, 'iter_save': True}}, {'name': 'save', 'param': {'key': 'ag1'}}, {'name': 'text_orientation_set', 'param': {'key': 'angle2', 'iterations': 4, 'iter_save': True}}, {'name': 'save', 'param': {'key': 'ag2'}}, {'name': 'load', 'param': {'key': 'origin'}}, {'name': 'rotate', 'param': {'key': 'angle1'}}, {'name': 'rotate', 'param': {'key': 'angle2'}}], 'result_file_map': {}}
[2025-06-24T11:37:53.559+0900] {logging_mixin.py:190} INFO - step : cache
[2025-06-24T11:37:53.561+0900] {logging_mixin.py:190} INFO - step : calc_angle_set2
[2025-06-24T11:38:22.464+0900] {logging_mixin.py:190} INFO - osd 1 -5.0 -5.0 0 741829 [741829, 701719, 659989, 617996, 577480, 536870, 497948, 459227, 422557, 384875, 351727, 320282, 290031, 260901, 234491, 205587, 176810, 148148, 119613, 91873, 65338, 91672, 120071, 148209, 176868, 205647, 234124, 260991, 289682, 319643, 351251, 384133, 421873, 458215, 495983, 534530, 574522, 614190, 655488, 696293, 735676]
[2025-06-24T11:39:03.677+0900] {logging_mixin.py:190} INFO - osd 2 0.0 5.0 40 1896941 [1722090, 1668031, 1618175, 1566652, 1511664, 1461570, 1410829, 1357966, 1307838, 1252456, 1203894, 1152457, 1100636, 1053075, 999833, 950146, 897908, 849197, 803971, 753479, 706696, 756452, 810049, 859426, 911971, 969617, 1024737, 1084799, 1141196, 1202323, 1267042, 1327647, 1397155, 1459577, 1524946, 1587894, 1649895, 1715496, 1777607, 1836431, 1896941]
[2025-06-24T11:39:59.074+0900] {logging_mixin.py:190} INFO - osd 3 -5.0 -5.0 0 3129438 [3129438, 3065548, 3004091, 2938864, 2877677, 2813096, 2753343, 2686213, 2622292, 2558646, 2496654, 2432898, 2366952, 2304963, 2239296, 2176445, 2110236, 2044831, 1979207, 1913870, 1850654, 1908008, 1967575, 2026825, 2086779, 2147791, 2204044, 2264587, 2322385, 2383116, 2441702, 2498779, 2557556, 2616117, 2679119, 2733768, 2793056, 2848741, 2908533, 2965036, 3025689]
[2025-06-24T11:41:00.870+0900] {logging_mixin.py:190} INFO - osd 4 0.0 5.0 40 4809930 [4664627, 4576510, 4489243, 4402897, 4317701, 4234748, 4147601, 4063677, 3984312, 3902496, 3824769, 3740400, 3664517, 3582336, 3505574, 3429946, 3355925, 3278667, 3201850, 3125288, 3055448, 3138857, 3228800, 3320342, 3411108, 3499368, 3586745, 3675679, 3767857, 3853230, 3946595, 4031428, 4121005, 4206474, 4294869, 4383826, 4469643, 4554649, 4639817, 4725569, 4809930]
[2025-06-24T11:41:01.436+0900] {logging_mixin.py:190} INFO - step : save
[2025-06-24T11:41:02.840+0900] {logging_mixin.py:190} INFO - file_copy: /opt/***/data/temp/497078a5-af5e-4c8f-b488-4fb3d82468dd/e3192f6e-d160-48ca-b1e8-a298cb62a01d/ag1.png
[2025-06-24T11:41:02.873+0900] {logging_mixin.py:190} INFO - step : text_orientation_set
[2025-06-24T11:41:18.255+0900] {logging_mixin.py:190} INFO - file_copy: /opt/***/data/temp/497078a5-af5e-4c8f-b488-4fb3d82468dd/e3192f6e-d160-48ca-b1e8-a298cb62a01d/rotate2_1.png
[2025-06-24T11:41:23.176+0900] {logging_mixin.py:190} INFO - osd 1 break  0 0 14.0 Japanese 0.56
[2025-06-24T11:41:23.181+0900] {logging_mixin.py:190} INFO - step : save
[2025-06-24T11:41:25.027+0900] {logging_mixin.py:190} INFO - file_copy: /opt/***/data/temp/497078a5-af5e-4c8f-b488-4fb3d82468dd/e3192f6e-d160-48ca-b1e8-a298cb62a01d/ag2.png
[2025-06-24T11:41:25.090+0900] {logging_mixin.py:190} INFO - step : load
[2025-06-24T11:41:25.093+0900] {logging_mixin.py:190} INFO - step : rotate
[2025-06-24T11:41:25.223+0900] {logging_mixin.py:190} INFO - step : rotate
[2025-06-24T11:41:25.638+0900] {logging_mixin.py:190} INFO - file_copy: /opt/***/data/temp/497078a5-af5e-4c8f-b488-4fb3d82468dd/e3192f6e-d160-48ca-b1e8-a298cb62a01d/_result.png
[2025-06-24T11:41:25.654+0900] {python.py:240} INFO - Done. Returned value was: {'file_id': '497078a5-af5e-4c8f-b488-4fb3d82468dd', 'file_path': '/opt/***/data/class/a_class/classify/ready/true/역촌동 만민빌딩 - 정부24 - 건축물대장 등본(초본) 발급(열람) _ 문서출력_page_1_aug2.png', 'true': {'process_id': '_e3192f6e-d160-48ca-b1e8-a298cb62a01d_pre', 'folder_path': '497078a5-af5e-4c8f-b488-4fb3d82468dd/e3192f6e-d160-48ca-b1e8-a298cb62a01d', 'step_list': [{'name': 'cache', 'param': {'key': 'origin'}}, {'name': 'calc_angle_set2', 'param': {'key': 'angle1', 'iterations': 4, 'iter_save': True}}, {'name': 'save', 'param': {'key': 'ag1'}}, {'name': 'text_orientation_set', 'param': {'key': 'angle2', 'iterations': 4, 'iter_save': True}}, {'name': 'save', 'param': {'key': 'ag2'}}, {'name': 'load', 'param': {'key': 'origin'}}, {'name': 'rotate', 'param': {'key': 'angle1'}}, {'name': 'rotate', 'param': {'key': 'angle2'}}], 'result_file_map': {'ag1': '/opt/***/data/temp/497078a5-af5e-4c8f-b488-4fb3d82468dd/e3192f6e-d160-48ca-b1e8-a298cb62a01d/ag1.png', 'rotate2_1': '/opt/***/data/temp/497078a5-af5e-4c8f-b488-4fb3d82468dd/e3192f6e-d160-48ca-b1e8-a298cb62a01d/rotate2_1.png', 'ag2': '/opt/***/data/temp/497078a5-af5e-4c8f-b488-4fb3d82468dd/e3192f6e-d160-48ca-b1e8-a298cb62a01d/ag2.png', '_result': '/opt/***/data/temp/497078a5-af5e-4c8f-b488-4fb3d82468dd/e3192f6e-d160-48ca-b1e8-a298cb62a01d/_result.png'}}}
[2025-06-24T11:41:25.835+0900] {taskinstance.py:341} INFO - ::group::Post task execution logs
[2025-06-24T11:41:25.836+0900] {taskinstance.py:353} INFO - Marking task as SUCCESS. dag_id=lilt_document_classifier_balanced_V0.1, task_id=img_preprocess_task, run_id=manual__2025-06-24T02:31:44.485922+00:00, map_index=23, execution_date=20250624T023144, start_date=20250624T023752, end_date=20250624T024125
[2025-06-24T11:41:26.088+0900] {local_task_job_runner.py:266} INFO - Task exited with return code 0
[2025-06-24T11:41:26.179+0900] {taskinstance.py:3901} INFO - 0 downstream tasks scheduled from follow-on schedule check
[2025-06-24T11:41:26.189+0900] {local_task_job_runner.py:245} INFO - ::endgroup::
