[2025-06-18T13:51:02.796+0900] {local_task_job_runner.py:123} INFO - ::group::Pre task execution logs
[2025-06-18T13:51:02.956+0900] {taskinstance.py:2614} INFO - Dependencies all met for dep_context=non-requeueable deps ti=<TaskInstance: lilt_document_classifier_balanced_V0.1.img_preprocess_task__1 manual__2025-06-18T04:46:36.476365+00:00 map_index=80 [queued]>
[2025-06-18T13:51:03.103+0900] {taskinstance.py:2614} INFO - Dependencies all met for dep_context=requeueable deps ti=<TaskInstance: lilt_document_classifier_balanced_V0.1.img_preprocess_task__1 manual__2025-06-18T04:46:36.476365+00:00 map_index=80 [queued]>
[2025-06-18T13:51:03.104+0900] {taskinstance.py:2867} INFO - Starting attempt 1 of 1
[2025-06-18T13:51:03.157+0900] {taskinstance.py:2890} INFO - Executing <Mapped(_PythonDecoratedOperator): img_preprocess_task__1> on 2025-06-18 04:46:36.476365+00:00
[2025-06-18T13:51:03.257+0900] {warnings.py:112} WARNING - /home/***/.local/lib/python3.12/site-packages/***/task/task_runner/standard_task_runner.py:70: DeprecationWarning: This process (pid=29554) is multi-threaded, use of fork() may lead to deadlocks in the child.
  pid = os.fork()

[2025-06-18T13:51:03.268+0900] {standard_task_runner.py:72} INFO - Started process 29607 to run task
[2025-06-18T13:51:03.262+0900] {standard_task_runner.py:104} INFO - Running: ['***', 'tasks', 'run', 'lilt_document_classifier_balanced_V0.1', 'img_preprocess_task__1', 'manual__2025-06-18T04:46:36.476365+00:00', '--job-id', '1179', '--raw', '--subdir', 'DAGS_FOLDER/class_create_dag.py', '--cfg-path', '/tmp/tmplmsgjn_6', '--map-index', '80']
[2025-06-18T13:51:03.291+0900] {standard_task_runner.py:105} INFO - Job 1179: Subtask img_preprocess_task__1
[2025-06-18T13:51:03.387+0900] {task_command.py:467} INFO - Running <TaskInstance: lilt_document_classifier_balanced_V0.1.img_preprocess_task__1 manual__2025-06-18T04:46:36.476365+00:00 map_index=80 [running]> on host f6d4228a9eb8
[2025-06-18T13:51:03.674+0900] {taskinstance.py:3134} INFO - Exporting env vars: AIRFLOW_CTX_DAG_OWNER='***' AIRFLOW_CTX_DAG_ID='lilt_document_classifier_balanced_V0.1' AIRFLOW_CTX_TASK_ID='img_preprocess_task__1' AIRFLOW_CTX_EXECUTION_DATE='2025-06-18T04:46:36.476365+00:00' AIRFLOW_CTX_TRY_NUMBER='1' AIRFLOW_CTX_DAG_RUN_ID='manual__2025-06-18T04:46:36.476365+00:00'
[2025-06-18T13:51:03.680+0900] {taskinstance.py:732} INFO - ::endgroup::
[2025-06-18T13:51:03.683+0900] {logging_mixin.py:190} INFO - empty map check {} {'process_id': '_e0d378a1-6f34-4fec-95e7-b0e6c00e4fe9_pre', 'folder_path': '0f172cfe-2d72-4c95-aacd-7094ad42af02/e0d378a1-6f34-4fec-95e7-b0e6c00e4fe9', 'step_list': [{'name': 'cache', 'param': {'key': 'origin'}}, {'name': 'calc_angle_set1', 'param': {'key': 'angle1', 'iterations': 4, 'iter_save': False}}, {'name': 'text_orientation_set', 'param': {'key': 'angle2', 'iterations': 4, 'iter_save': False}}, {'name': 'load', 'param': {'key': 'origin'}}, {'name': 'rotate', 'param': {'key': 'angle1'}}, {'name': 'rotate', 'param': {'key': 'angle2'}}, {'name': 'save', 'param': {'key': 'classify_preprocess'}}], 'result_file_list': []}
[2025-06-18T13:51:03.686+0900] {logging_mixin.py:190} INFO - step : cache
[2025-06-18T13:51:03.687+0900] {logging_mixin.py:190} INFO - step : calc_angle_set1
[2025-06-18T13:51:03.707+0900] {logging_mixin.py:190} INFO - step : text_orientation_set
[2025-06-18T13:51:07.985+0900] {logging_mixin.py:190} INFO - Tesseract OSD Error: (1, 'Estimating resolution as 182 Too few characters. Skipping this page Warning. Invalid resolution 0 dpi. Using 70 instead. Too few characters. Skipping this page Error during processing.')
[2025-06-18T13:51:07.990+0900] {logging_mixin.py:190} INFO - step : load
[2025-06-18T13:51:07.995+0900] {logging_mixin.py:190} INFO - step : rotate
[2025-06-18T13:51:08.027+0900] {logging_mixin.py:190} INFO - step : rotate
[2025-06-18T13:51:08.033+0900] {logging_mixin.py:190} INFO - step : save
[2025-06-18T13:51:08.056+0900] {logging_mixin.py:190} INFO - file_copy: /opt/***/data/temp/0f172cfe-2d72-4c95-aacd-7094ad42af02/e0d378a1-6f34-4fec-95e7-b0e6c00e4fe9/classify_preprocess.png
[2025-06-18T13:51:08.066+0900] {python.py:240} INFO - Done. Returned value was: {'file_id': '0f172cfe-2d72-4c95-aacd-7094ad42af02', 'file_path': '/opt/***/data/class/a_class/classify/ready/false/copied_49_2023632368.png', 'false': {'process_id': '_e0d378a1-6f34-4fec-95e7-b0e6c00e4fe9_pre', 'folder_path': '0f172cfe-2d72-4c95-aacd-7094ad42af02/e0d378a1-6f34-4fec-95e7-b0e6c00e4fe9', 'step_list': [{'name': 'cache', 'param': {'key': 'origin'}}, {'name': 'calc_angle_set1', 'param': {'key': 'angle1', 'iterations': 4, 'iter_save': False}}, {'name': 'text_orientation_set', 'param': {'key': 'angle2', 'iterations': 4, 'iter_save': False}}, {'name': 'load', 'param': {'key': 'origin'}}, {'name': 'rotate', 'param': {'key': 'angle1'}}, {'name': 'rotate', 'param': {'key': 'angle2'}}, {'name': 'save', 'param': {'key': 'classify_preprocess'}}], 'result_file_list': [{'key': 'classify_preprocess', 'path': '/opt/***/data/temp/0f172cfe-2d72-4c95-aacd-7094ad42af02/e0d378a1-6f34-4fec-95e7-b0e6c00e4fe9/classify_preprocess.png'}]}}
[2025-06-18T13:51:08.137+0900] {taskinstance.py:341} INFO - ::group::Post task execution logs
[2025-06-18T13:51:08.141+0900] {taskinstance.py:353} INFO - Marking task as SUCCESS. dag_id=lilt_document_classifier_balanced_V0.1, task_id=img_preprocess_task__1, run_id=manual__2025-06-18T04:46:36.476365+00:00, map_index=80, execution_date=20250618T044636, start_date=20250618T045102, end_date=20250618T045108
[2025-06-18T13:51:08.306+0900] {local_task_job_runner.py:266} INFO - Task exited with return code 0
[2025-06-18T13:51:08.321+0900] {local_task_job_runner.py:245} INFO - ::endgroup::
