[2025-06-23T15:53:52.109+0900] {local_task_job_runner.py:123} INFO - ::group::Pre task execution logs
[2025-06-23T15:53:52.166+0900] {taskinstance.py:2614} INFO - Dependencies all met for dep_context=non-requeueable deps ti=<TaskInstance: lilt_document_classifier_balanced_V0.1.img_preprocess_task__1 manual__2025-06-23T06:45:10.371530+00:00 map_index=15 [queued]>
[2025-06-23T15:53:52.190+0900] {taskinstance.py:2614} INFO - Dependencies all met for dep_context=requeueable deps ti=<TaskInstance: lilt_document_classifier_balanced_V0.1.img_preprocess_task__1 manual__2025-06-23T06:45:10.371530+00:00 map_index=15 [queued]>
[2025-06-23T15:53:52.196+0900] {taskinstance.py:2867} INFO - Starting attempt 2 of 2
[2025-06-23T15:53:52.334+0900] {taskinstance.py:2890} INFO - Executing <Mapped(_PythonDecoratedOperator): img_preprocess_task__1> on 2025-06-23 06:45:10.371530+00:00
[2025-06-23T15:53:52.466+0900] {warnings.py:112} WARNING - /home/***/.local/lib/python3.12/site-packages/***/task/task_runner/standard_task_runner.py:70: DeprecationWarning: This process (pid=2481) is multi-threaded, use of fork() may lead to deadlocks in the child.
  pid = os.fork()

[2025-06-23T15:53:52.505+0900] {standard_task_runner.py:72} INFO - Started process 2600 to run task
[2025-06-23T15:53:52.492+0900] {standard_task_runner.py:104} INFO - Running: ['***', 'tasks', 'run', 'lilt_document_classifier_balanced_V0.1', 'img_preprocess_task__1', 'manual__2025-06-23T06:45:10.371530+00:00', '--job-id', '3145', '--raw', '--subdir', 'DAGS_FOLDER/class_create_dag.py', '--cfg-path', '/tmp/tmp_9y3v4d1', '--map-index', '15']
[2025-06-23T15:53:52.508+0900] {standard_task_runner.py:105} INFO - Job 3145: Subtask img_preprocess_task__1
[2025-06-23T15:53:52.575+0900] {task_command.py:467} INFO - Running <TaskInstance: lilt_document_classifier_balanced_V0.1.img_preprocess_task__1 manual__2025-06-23T06:45:10.371530+00:00 map_index=15 [running]> on host f6d4228a9eb8
[2025-06-23T15:53:53.239+0900] {taskinstance.py:3134} INFO - Exporting env vars: AIRFLOW_CTX_DAG_OWNER='***' AIRFLOW_CTX_DAG_ID='lilt_document_classifier_balanced_V0.1' AIRFLOW_CTX_TASK_ID='img_preprocess_task__1' AIRFLOW_CTX_EXECUTION_DATE='2025-06-23T06:45:10.371530+00:00' AIRFLOW_CTX_TRY_NUMBER='2' AIRFLOW_CTX_DAG_RUN_ID='manual__2025-06-23T06:45:10.371530+00:00'
[2025-06-23T15:53:53.257+0900] {taskinstance.py:732} INFO - ::endgroup::
[2025-06-23T15:53:53.314+0900] {logging_mixin.py:190} INFO - empty map check {} {'process_id': '_e9b449c1-cd64-4c0a-a38f-085eba495821_pre', 'folder_path': '056c2aa1-f519-41e6-8845-81bf95fbce46/e9b449c1-cd64-4c0a-a38f-085eba495821', 'step_list': [{'name': 'cache', 'param': {'key': 'origin'}}, {'name': 'calc_angle_set2', 'param': {'key': 'angle1', 'iterations': 4, 'iter_save': False}}, {'name': 'text_orientation_set', 'param': {'key': 'angle2', 'iterations': 4, 'iter_save': False}}, {'name': 'load', 'param': {'key': 'origin'}}, {'name': 'rotate', 'param': {'key': 'angle1'}}, {'name': 'rotate', 'param': {'key': 'angle2'}}], 'result_file_map': {}}
[2025-06-23T15:53:53.323+0900] {logging_mixin.py:190} INFO - step : cache
[2025-06-23T15:53:53.336+0900] {logging_mixin.py:190} INFO - step : calc_angle_set2
[2025-06-23T15:53:58.553+0900] {logging_mixin.py:190} INFO - osd 1 -5.0 -5.0 0 89779 [89779, 84527, 79378, 74240, 68147, 63206, 58297, 53526, 48889, 44453, 39272, 35236, 31636, 28268, 24165, 20812, 17559, 14124, 10040, 6797, 3232, 5456, 7632, 10455, 12517, 14375, 16510, 19445, 21508, 23586, 25766, 29158, 32012, 35033, 38234, 41484, 44911, 49298, 52849, 56487, 60130]
[2025-06-23T15:54:04.238+0900] {logging_mixin.py:190} INFO - osd 2 -10.0 -5.0 0 208176 [208176, 202130, 194933, 188935, 183251, 176367, 170518, 163745, 157981, 151230, 145556, 140059, 133234, 127819, 121097, 114629, 109176, 102662, 97425, 91046, 85877, 90136, 95643, 100094, 105882, 110588, 116688, 123093, 128388, 135227, 140678, 146293, 153062, 158656, 165560, 171275, 177966, 183346, 188902, 195662, 200487]
[2025-06-23T15:54:10.669+0900] {logging_mixin.py:190} INFO - osd 3 -15.0 -5.0 0 359007 [359007, 349697, 340422, 333037, 324004, 314988, 307463, 299032, 290319, 283066, 274594, 266236, 257981, 251442, 243446, 235589, 227873, 220336, 212920, 205737, 199847, 205279, 211992, 218827, 225763, 232850, 240089, 247375, 253186, 260591, 267987, 275455, 281606, 289157, 296471, 302709, 310305, 317967, 324027, 331795, 339510]
[2025-06-23T15:54:20.375+0900] {logging_mixin.py:190} INFO - osd 4 -20.0 -5.0 0 542360 [542360, 531913, 521519, 511141, 500279, 490051, 479908, 469816, 459790, 449809, 439427, 429644, 419877, 409744, 400133, 390667, 379441, 370114, 360489, 351326, 342314, 350223, 358172, 366691, 374782, 384793, 393025, 401334, 410092, 418440, 426930, 435850, 444363, 452955, 461613, 470347, 479037, 488320, 497150, 506108, 515108]
[2025-06-23T15:54:20.533+0900] {logging_mixin.py:190} INFO - step : text_orientation_set
[2025-06-23T15:54:27.017+0900] {logging_mixin.py:190} INFO - osd 1 180 180 6.55 Latin 2.96
[2025-06-23T15:54:31.357+0900] {logging_mixin.py:190} INFO - osd 2 break  180 0 6.8 Latin 2.96
[2025-06-23T15:54:31.363+0900] {logging_mixin.py:190} INFO - step : load
[2025-06-23T15:54:31.365+0900] {logging_mixin.py:190} INFO - step : rotate
[2025-06-23T15:54:31.478+0900] {logging_mixin.py:190} INFO - step : rotate
[2025-06-23T15:54:31.618+0900] {logging_mixin.py:190} INFO - file_copy: /opt/***/data/temp/056c2aa1-f519-41e6-8845-81bf95fbce46/e9b449c1-cd64-4c0a-a38f-085eba495821/_result.png
[2025-06-23T15:54:31.625+0900] {python.py:240} INFO - Done. Returned value was: {'file_id': '056c2aa1-f519-41e6-8845-81bf95fbce46', 'file_path': '/opt/***/data/class/a_class/classify/ready/false/copied_54_0012947976.png', 'false': {'process_id': '_e9b449c1-cd64-4c0a-a38f-085eba495821_pre', 'folder_path': '056c2aa1-f519-41e6-8845-81bf95fbce46/e9b449c1-cd64-4c0a-a38f-085eba495821', 'step_list': [{'name': 'cache', 'param': {'key': 'origin'}}, {'name': 'calc_angle_set2', 'param': {'key': 'angle1', 'iterations': 4, 'iter_save': False}}, {'name': 'text_orientation_set', 'param': {'key': 'angle2', 'iterations': 4, 'iter_save': False}}, {'name': 'load', 'param': {'key': 'origin'}}, {'name': 'rotate', 'param': {'key': 'angle1'}}, {'name': 'rotate', 'param': {'key': 'angle2'}}], 'result_file_map': {'_result': '/opt/***/data/temp/056c2aa1-f519-41e6-8845-81bf95fbce46/e9b449c1-cd64-4c0a-a38f-085eba495821/_result.png'}}}
[2025-06-23T15:54:31.697+0900] {taskinstance.py:341} INFO - ::group::Post task execution logs
[2025-06-23T15:54:31.702+0900] {taskinstance.py:353} INFO - Marking task as SUCCESS. dag_id=lilt_document_classifier_balanced_V0.1, task_id=img_preprocess_task__1, run_id=manual__2025-06-23T06:45:10.371530+00:00, map_index=15, execution_date=20250623T064510, start_date=20250623T065352, end_date=20250623T065431
[2025-06-23T15:54:31.786+0900] {local_task_job_runner.py:266} INFO - Task exited with return code 0
[2025-06-23T15:54:31.815+0900] {taskinstance.py:3901} INFO - 0 downstream tasks scheduled from follow-on schedule check
[2025-06-23T15:54:31.830+0900] {local_task_job_runner.py:245} INFO - ::endgroup::
