[2025-06-24T11:45:40.167+0900] {local_task_job_runner.py:123} INFO - ::group::Pre task execution logs
[2025-06-24T11:45:40.260+0900] {taskinstance.py:2614} INFO - Dependencies all met for dep_context=non-requeueable deps ti=<TaskInstance: lilt_document_classifier_balanced_V0.1.img_preprocess_task__1 manual__2025-06-24T02:31:44.485922+00:00 map_index=51 [queued]>
[2025-06-24T11:45:40.293+0900] {taskinstance.py:2614} INFO - Dependencies all met for dep_context=requeueable deps ti=<TaskInstance: lilt_document_classifier_balanced_V0.1.img_preprocess_task__1 manual__2025-06-24T02:31:44.485922+00:00 map_index=51 [queued]>
[2025-06-24T11:45:40.304+0900] {taskinstance.py:2867} INFO - Starting attempt 1 of 1
[2025-06-24T11:45:40.336+0900] {taskinstance.py:2890} INFO - Executing <Mapped(_PythonDecoratedOperator): img_preprocess_task__1> on 2025-06-24 02:31:44.485922+00:00
[2025-06-24T11:45:40.359+0900] {warnings.py:112} WARNING - /home/***/.local/lib/python3.12/site-packages/***/task/task_runner/standard_task_runner.py:70: DeprecationWarning: This process (pid=35579) is multi-threaded, use of fork() may lead to deadlocks in the child.
  pid = os.fork()

[2025-06-24T11:45:40.367+0900] {standard_task_runner.py:72} INFO - Started process 35595 to run task
[2025-06-24T11:45:40.416+0900] {standard_task_runner.py:104} INFO - Running: ['***', 'tasks', 'run', 'lilt_document_classifier_balanced_V0.1', 'img_preprocess_task__1', 'manual__2025-06-24T02:31:44.485922+00:00', '--job-id', '3841', '--raw', '--subdir', 'DAGS_FOLDER/class_create_dag.py', '--cfg-path', '/tmp/tmpiopburx5', '--map-index', '51']
[2025-06-24T11:45:40.432+0900] {standard_task_runner.py:105} INFO - Job 3841: Subtask img_preprocess_task__1
[2025-06-24T11:45:40.574+0900] {task_command.py:467} INFO - Running <TaskInstance: lilt_document_classifier_balanced_V0.1.img_preprocess_task__1 manual__2025-06-24T02:31:44.485922+00:00 map_index=51 [running]> on host f6d4228a9eb8
[2025-06-24T11:45:40.962+0900] {taskinstance.py:3134} INFO - Exporting env vars: AIRFLOW_CTX_DAG_OWNER='***' AIRFLOW_CTX_DAG_ID='lilt_document_classifier_balanced_V0.1' AIRFLOW_CTX_TASK_ID='img_preprocess_task__1' AIRFLOW_CTX_EXECUTION_DATE='2025-06-24T02:31:44.485922+00:00' AIRFLOW_CTX_TRY_NUMBER='1' AIRFLOW_CTX_DAG_RUN_ID='manual__2025-06-24T02:31:44.485922+00:00'
[2025-06-24T11:45:40.964+0900] {taskinstance.py:732} INFO - ::endgroup::
[2025-06-24T11:45:40.969+0900] {logging_mixin.py:190} INFO - empty map check {} {'process_id': '_276a2253-f31b-4603-8e8c-741c74b06a2c_pre', 'folder_path': 'ff31efa9-e05c-4f14-b293-5d03c8a4c583/276a2253-f31b-4603-8e8c-741c74b06a2c', 'step_list': [{'name': 'cache', 'param': {'key': 'origin'}}, {'name': 'calc_angle_set2', 'param': {'key': 'angle1', 'iterations': 4, 'iter_save': True}}, {'name': 'save', 'param': {'key': 'ag1'}}, {'name': 'text_orientation_set', 'param': {'key': 'angle2', 'iterations': 4, 'iter_save': True}}, {'name': 'save', 'param': {'key': 'ag2'}}, {'name': 'load', 'param': {'key': 'origin'}}, {'name': 'rotate', 'param': {'key': 'angle1'}}, {'name': 'rotate', 'param': {'key': 'angle2'}}], 'result_file_map': {}}
[2025-06-24T11:45:40.970+0900] {logging_mixin.py:190} INFO - step : cache
[2025-06-24T11:45:40.975+0900] {logging_mixin.py:190} INFO - step : calc_angle_set2
[2025-06-24T11:45:46.783+0900] {logging_mixin.py:190} INFO - osd 1 0 0 0 0 [0, 0, 0, 0, 0, 0, 0, 0, 0, 0, 0, 0, 0, 0, 0, 0, 0, 0, 0, 0, 0, 0, 0, 0, 0, 0, 0, 0, 0, 0, 0, 0, 0, 0, 0, 0, 0, 0, 0, 0, 0]
[2025-06-24T11:45:53.266+0900] {logging_mixin.py:190} INFO - osd 2 0 0 0 0 [0, 0, 0, 0, 0, 0, 0, 0, 0, 0, 0, 0, 0, 0, 0, 0, 0, 0, 0, 0, 0, 0, 0, 0, 0, 0, 0, 0, 0, 0, 0, 0, 0, 0, 0, 0, 0, 0, 0, 0, 0]
[2025-06-24T11:45:59.786+0900] {logging_mixin.py:190} INFO - osd 3 0 0 0 0 [0, 0, 0, 0, 0, 0, 0, 0, 0, 0, 0, 0, 0, 0, 0, 0, 0, 0, 0, 0, 0, 0, 0, 0, 0, 0, 0, 0, 0, 0, 0, 0, 0, 0, 0, 0, 0, 0, 0, 0, 0]
[2025-06-24T11:46:07.475+0900] {logging_mixin.py:190} INFO - osd 4 0 0 0 0 [0, 0, 0, 0, 0, 0, 0, 0, 0, 0, 0, 0, 0, 0, 0, 0, 0, 0, 0, 0, 0, 0, 0, 0, 0, 0, 0, 0, 0, 0, 0, 0, 0, 0, 0, 0, 0, 0, 0, 0, 0]
[2025-06-24T11:46:07.535+0900] {logging_mixin.py:190} INFO - step : save
[2025-06-24T11:46:07.628+0900] {logging_mixin.py:190} INFO - file_copy: /opt/***/data/temp/ff31efa9-e05c-4f14-b293-5d03c8a4c583/276a2253-f31b-4603-8e8c-741c74b06a2c/ag1.png
[2025-06-24T11:46:07.648+0900] {logging_mixin.py:190} INFO - step : text_orientation_set
[2025-06-24T11:46:10.447+0900] {logging_mixin.py:190} INFO - file_copy: /opt/***/data/temp/ff31efa9-e05c-4f14-b293-5d03c8a4c583/276a2253-f31b-4603-8e8c-741c74b06a2c/rotate2_1.png
[2025-06-24T11:46:15.448+0900] {logging_mixin.py:190} INFO - osd 1 break  0 0 5.34 Cyrillic 3.57
[2025-06-24T11:46:15.450+0900] {logging_mixin.py:190} INFO - step : save
[2025-06-24T11:46:15.794+0900] {logging_mixin.py:190} INFO - file_copy: /opt/***/data/temp/ff31efa9-e05c-4f14-b293-5d03c8a4c583/276a2253-f31b-4603-8e8c-741c74b06a2c/ag2.png
[2025-06-24T11:46:15.880+0900] {logging_mixin.py:190} INFO - step : load
[2025-06-24T11:46:15.887+0900] {logging_mixin.py:190} INFO - step : rotate
[2025-06-24T11:46:16.064+0900] {logging_mixin.py:190} INFO - step : rotate
[2025-06-24T11:46:16.265+0900] {logging_mixin.py:190} INFO - file_copy: /opt/***/data/temp/ff31efa9-e05c-4f14-b293-5d03c8a4c583/276a2253-f31b-4603-8e8c-741c74b06a2c/_result.png
[2025-06-24T11:46:16.295+0900] {python.py:240} INFO - Done. Returned value was: {'file_id': 'ff31efa9-e05c-4f14-b293-5d03c8a4c583', 'file_path': '/opt/***/data/class/a_class/classify/ready/false/copied_85_2023039209_2023039253.png', 'false': {'process_id': '_276a2253-f31b-4603-8e8c-741c74b06a2c_pre', 'folder_path': 'ff31efa9-e05c-4f14-b293-5d03c8a4c583/276a2253-f31b-4603-8e8c-741c74b06a2c', 'step_list': [{'name': 'cache', 'param': {'key': 'origin'}}, {'name': 'calc_angle_set2', 'param': {'key': 'angle1', 'iterations': 4, 'iter_save': True}}, {'name': 'save', 'param': {'key': 'ag1'}}, {'name': 'text_orientation_set', 'param': {'key': 'angle2', 'iterations': 4, 'iter_save': True}}, {'name': 'save', 'param': {'key': 'ag2'}}, {'name': 'load', 'param': {'key': 'origin'}}, {'name': 'rotate', 'param': {'key': 'angle1'}}, {'name': 'rotate', 'param': {'key': 'angle2'}}], 'result_file_map': {'ag1': '/opt/***/data/temp/ff31efa9-e05c-4f14-b293-5d03c8a4c583/276a2253-f31b-4603-8e8c-741c74b06a2c/ag1.png', 'rotate2_1': '/opt/***/data/temp/ff31efa9-e05c-4f14-b293-5d03c8a4c583/276a2253-f31b-4603-8e8c-741c74b06a2c/rotate2_1.png', 'ag2': '/opt/***/data/temp/ff31efa9-e05c-4f14-b293-5d03c8a4c583/276a2253-f31b-4603-8e8c-741c74b06a2c/ag2.png', '_result': '/opt/***/data/temp/ff31efa9-e05c-4f14-b293-5d03c8a4c583/276a2253-f31b-4603-8e8c-741c74b06a2c/_result.png'}}}
[2025-06-24T11:46:16.525+0900] {taskinstance.py:341} INFO - ::group::Post task execution logs
[2025-06-24T11:46:16.540+0900] {taskinstance.py:353} INFO - Marking task as SUCCESS. dag_id=lilt_document_classifier_balanced_V0.1, task_id=img_preprocess_task__1, run_id=manual__2025-06-24T02:31:44.485922+00:00, map_index=51, execution_date=20250624T023144, start_date=20250624T024540, end_date=20250624T024616
[2025-06-24T11:46:16.805+0900] {local_task_job_runner.py:266} INFO - Task exited with return code 0
[2025-06-24T11:46:17.045+0900] {taskinstance.py:3901} INFO - 0 downstream tasks scheduled from follow-on schedule check
[2025-06-24T11:46:17.054+0900] {local_task_job_runner.py:245} INFO - ::endgroup::
