[2025-06-24T11:51:22.772+0900] {local_task_job_runner.py:123} INFO - ::group::Pre task execution logs
[2025-06-24T11:51:23.058+0900] {taskinstance.py:2614} INFO - Dependencies all met for dep_context=non-requeueable deps ti=<TaskInstance: lilt_document_classifier_balanced_V0.1.img_preprocess_task__1 manual__2025-06-24T02:31:44.485922+00:00 map_index=72 [queued]>
[2025-06-24T11:51:23.214+0900] {taskinstance.py:2614} INFO - Dependencies all met for dep_context=requeueable deps ti=<TaskInstance: lilt_document_classifier_balanced_V0.1.img_preprocess_task__1 manual__2025-06-24T02:31:44.485922+00:00 map_index=72 [queued]>
[2025-06-24T11:51:23.222+0900] {taskinstance.py:2867} INFO - Starting attempt 1 of 1
[2025-06-24T11:51:23.272+0900] {taskinstance.py:2890} INFO - Executing <Mapped(_PythonDecoratedOperator): img_preprocess_task__1> on 2025-06-24 02:31:44.485922+00:00
[2025-06-24T11:51:23.337+0900] {warnings.py:112} WARNING - /home/***/.local/lib/python3.12/site-packages/***/task/task_runner/standard_task_runner.py:70: DeprecationWarning: This process (pid=36429) is multi-threaded, use of fork() may lead to deadlocks in the child.
  pid = os.fork()

[2025-06-24T11:51:23.398+0900] {standard_task_runner.py:72} INFO - Started process 36477 to run task
[2025-06-24T11:51:23.349+0900] {standard_task_runner.py:104} INFO - Running: ['***', 'tasks', 'run', 'lilt_document_classifier_balanced_V0.1', 'img_preprocess_task__1', 'manual__2025-06-24T02:31:44.485922+00:00', '--job-id', '3884', '--raw', '--subdir', 'DAGS_FOLDER/class_create_dag.py', '--cfg-path', '/tmp/tmps_430j3_', '--map-index', '72']
[2025-06-24T11:51:23.411+0900] {standard_task_runner.py:105} INFO - Job 3884: Subtask img_preprocess_task__1
[2025-06-24T11:51:23.654+0900] {task_command.py:467} INFO - Running <TaskInstance: lilt_document_classifier_balanced_V0.1.img_preprocess_task__1 manual__2025-06-24T02:31:44.485922+00:00 map_index=72 [running]> on host f6d4228a9eb8
[2025-06-24T11:51:23.937+0900] {taskinstance.py:3134} INFO - Exporting env vars: AIRFLOW_CTX_DAG_OWNER='***' AIRFLOW_CTX_DAG_ID='lilt_document_classifier_balanced_V0.1' AIRFLOW_CTX_TASK_ID='img_preprocess_task__1' AIRFLOW_CTX_EXECUTION_DATE='2025-06-24T02:31:44.485922+00:00' AIRFLOW_CTX_TRY_NUMBER='1' AIRFLOW_CTX_DAG_RUN_ID='manual__2025-06-24T02:31:44.485922+00:00'
[2025-06-24T11:51:23.939+0900] {taskinstance.py:732} INFO - ::endgroup::
[2025-06-24T11:51:23.942+0900] {logging_mixin.py:190} INFO - empty map check {} {'process_id': '_286f5646-efcd-4f7d-91ce-a078318aa992_pre', 'folder_path': '2fc4a8ca-c471-48af-8c0e-6437e5cccbc5/286f5646-efcd-4f7d-91ce-a078318aa992', 'step_list': [{'name': 'cache', 'param': {'key': 'origin'}}, {'name': 'calc_angle_set2', 'param': {'key': 'angle1', 'iterations': 4, 'iter_save': True}}, {'name': 'save', 'param': {'key': 'ag1'}}, {'name': 'text_orientation_set', 'param': {'key': 'angle2', 'iterations': 4, 'iter_save': True}}, {'name': 'save', 'param': {'key': 'ag2'}}, {'name': 'load', 'param': {'key': 'origin'}}, {'name': 'rotate', 'param': {'key': 'angle1'}}, {'name': 'rotate', 'param': {'key': 'angle2'}}], 'result_file_map': {}}
[2025-06-24T11:51:23.955+0900] {logging_mixin.py:190} INFO - step : cache
[2025-06-24T11:51:23.958+0900] {logging_mixin.py:190} INFO - step : calc_angle_set2
[2025-06-24T11:51:29.550+0900] {logging_mixin.py:190} INFO - osd 1 0 0 0 0 [0, 0, 0, 0, 0, 0, 0, 0, 0, 0, 0, 0, 0, 0, 0, 0, 0, 0, 0, 0, 0, 0, 0, 0, 0, 0, 0, 0, 0, 0, 0, 0, 0, 0, 0, 0, 0, 0, 0, 0, 0]
[2025-06-24T11:51:37.512+0900] {logging_mixin.py:190} INFO - osd 2 0 0 0 0 [0, 0, 0, 0, 0, 0, 0, 0, 0, 0, 0, 0, 0, 0, 0, 0, 0, 0, 0, 0, 0, 0, 0, 0, 0, 0, 0, 0, 0, 0, 0, 0, 0, 0, 0, 0, 0, 0, 0, 0, 0]
[2025-06-24T11:51:44.488+0900] {logging_mixin.py:190} INFO - osd 3 0 0 0 0 [0, 0, 0, 0, 0, 0, 0, 0, 0, 0, 0, 0, 0, 0, 0, 0, 0, 0, 0, 0, 0, 0, 0, 0, 0, 0, 0, 0, 0, 0, 0, 0, 0, 0, 0, 0, 0, 0, 0, 0, 0]
[2025-06-24T11:51:50.059+0900] {logging_mixin.py:190} INFO - osd 4 0 0 0 0 [0, 0, 0, 0, 0, 0, 0, 0, 0, 0, 0, 0, 0, 0, 0, 0, 0, 0, 0, 0, 0, 0, 0, 0, 0, 0, 0, 0, 0, 0, 0, 0, 0, 0, 0, 0, 0, 0, 0, 0, 0]
[2025-06-24T11:51:50.117+0900] {logging_mixin.py:190} INFO - step : save
[2025-06-24T11:51:50.236+0900] {logging_mixin.py:190} INFO - file_copy: /opt/***/data/temp/2fc4a8ca-c471-48af-8c0e-6437e5cccbc5/286f5646-efcd-4f7d-91ce-a078318aa992/ag1.png
[2025-06-24T11:51:50.299+0900] {logging_mixin.py:190} INFO - step : text_orientation_set
[2025-06-24T11:51:53.349+0900] {logging_mixin.py:190} INFO - file_copy: /opt/***/data/temp/2fc4a8ca-c471-48af-8c0e-6437e5cccbc5/286f5646-efcd-4f7d-91ce-a078318aa992/rotate2_1.png
[2025-06-24T11:51:58.421+0900] {logging_mixin.py:190} INFO - osd 1 180 180 0.12 Devanagari 0.51
[2025-06-24T11:52:00.665+0900] {logging_mixin.py:190} INFO - file_copy: /opt/***/data/temp/2fc4a8ca-c471-48af-8c0e-6437e5cccbc5/286f5646-efcd-4f7d-91ce-a078318aa992/rotate2_2.png
[2025-06-24T11:52:02.533+0900] {logging_mixin.py:190} INFO - osd 2 break  180 0 0.53 Devanagari 1.67
[2025-06-24T11:52:02.538+0900] {logging_mixin.py:190} INFO - step : save
[2025-06-24T11:52:02.666+0900] {logging_mixin.py:190} INFO - file_copy: /opt/***/data/temp/2fc4a8ca-c471-48af-8c0e-6437e5cccbc5/286f5646-efcd-4f7d-91ce-a078318aa992/ag2.png
[2025-06-24T11:52:02.696+0900] {logging_mixin.py:190} INFO - step : load
[2025-06-24T11:52:02.699+0900] {logging_mixin.py:190} INFO - step : rotate
[2025-06-24T11:52:02.720+0900] {logging_mixin.py:190} INFO - step : rotate
[2025-06-24T11:52:02.859+0900] {logging_mixin.py:190} INFO - file_copy: /opt/***/data/temp/2fc4a8ca-c471-48af-8c0e-6437e5cccbc5/286f5646-efcd-4f7d-91ce-a078318aa992/_result.png
[2025-06-24T11:52:02.876+0900] {python.py:240} INFO - Done. Returned value was: {'file_id': '2fc4a8ca-c471-48af-8c0e-6437e5cccbc5', 'file_path': '/opt/***/data/class/a_class/classify/ready/false/copied_26_80688219_80688237.png', 'false': {'process_id': '_286f5646-efcd-4f7d-91ce-a078318aa992_pre', 'folder_path': '2fc4a8ca-c471-48af-8c0e-6437e5cccbc5/286f5646-efcd-4f7d-91ce-a078318aa992', 'step_list': [{'name': 'cache', 'param': {'key': 'origin'}}, {'name': 'calc_angle_set2', 'param': {'key': 'angle1', 'iterations': 4, 'iter_save': True}}, {'name': 'save', 'param': {'key': 'ag1'}}, {'name': 'text_orientation_set', 'param': {'key': 'angle2', 'iterations': 4, 'iter_save': True}}, {'name': 'save', 'param': {'key': 'ag2'}}, {'name': 'load', 'param': {'key': 'origin'}}, {'name': 'rotate', 'param': {'key': 'angle1'}}, {'name': 'rotate', 'param': {'key': 'angle2'}}], 'result_file_map': {'ag1': '/opt/***/data/temp/2fc4a8ca-c471-48af-8c0e-6437e5cccbc5/286f5646-efcd-4f7d-91ce-a078318aa992/ag1.png', 'rotate2_1': '/opt/***/data/temp/2fc4a8ca-c471-48af-8c0e-6437e5cccbc5/286f5646-efcd-4f7d-91ce-a078318aa992/rotate2_1.png', 'rotate2_2': '/opt/***/data/temp/2fc4a8ca-c471-48af-8c0e-6437e5cccbc5/286f5646-efcd-4f7d-91ce-a078318aa992/rotate2_2.png', 'ag2': '/opt/***/data/temp/2fc4a8ca-c471-48af-8c0e-6437e5cccbc5/286f5646-efcd-4f7d-91ce-a078318aa992/ag2.png', '_result': '/opt/***/data/temp/2fc4a8ca-c471-48af-8c0e-6437e5cccbc5/286f5646-efcd-4f7d-91ce-a078318aa992/_result.png'}}}
[2025-06-24T11:52:02.948+0900] {taskinstance.py:341} INFO - ::group::Post task execution logs
[2025-06-24T11:52:02.953+0900] {taskinstance.py:353} INFO - Marking task as SUCCESS. dag_id=lilt_document_classifier_balanced_V0.1, task_id=img_preprocess_task__1, run_id=manual__2025-06-24T02:31:44.485922+00:00, map_index=72, execution_date=20250624T023144, start_date=20250624T025123, end_date=20250624T025202
[2025-06-24T11:52:03.113+0900] {local_task_job_runner.py:266} INFO - Task exited with return code 0
[2025-06-24T11:52:03.200+0900] {taskinstance.py:3901} INFO - 0 downstream tasks scheduled from follow-on schedule check
[2025-06-24T11:52:03.204+0900] {local_task_job_runner.py:245} INFO - ::endgroup::
