[2025-06-23T16:59:20.282+0900] {local_task_job_runner.py:123} INFO - ::group::Pre task execution logs
[2025-06-23T16:59:20.347+0900] {taskinstance.py:2614} INFO - Dependencies all met for dep_context=non-requeueable deps ti=<TaskInstance: lilt_document_classifier_balanced_V0.1.img_preprocess_task manual__2025-06-23T07:44:09.997775+00:00 map_index=56 [queued]>
[2025-06-23T16:59:20.384+0900] {taskinstance.py:2614} INFO - Dependencies all met for dep_context=requeueable deps ti=<TaskInstance: lilt_document_classifier_balanced_V0.1.img_preprocess_task manual__2025-06-23T07:44:09.997775+00:00 map_index=56 [queued]>
[2025-06-23T16:59:20.386+0900] {taskinstance.py:2867} INFO - Starting attempt 1 of 1
[2025-06-23T16:59:20.416+0900] {taskinstance.py:2890} INFO - Executing <Mapped(_PythonDecoratedOperator): img_preprocess_task> on 2025-06-23 07:44:09.997775+00:00
[2025-06-23T16:59:20.434+0900] {warnings.py:112} WARNING - /home/***/.local/lib/python3.12/site-packages/***/task/task_runner/standard_task_runner.py:70: DeprecationWarning: This process (pid=12103) is multi-threaded, use of fork() may lead to deadlocks in the child.
  pid = os.fork()

[2025-06-23T16:59:20.439+0900] {standard_task_runner.py:72} INFO - Started process 12115 to run task
[2025-06-23T16:59:20.444+0900] {standard_task_runner.py:104} INFO - Running: ['***', 'tasks', 'run', 'lilt_document_classifier_balanced_V0.1', 'img_preprocess_task', 'manual__2025-06-23T07:44:09.997775+00:00', '--job-id', '3611', '--raw', '--subdir', 'DAGS_FOLDER/class_create_dag.py', '--cfg-path', '/tmp/tmpc8lsrp0n', '--map-index', '56']
[2025-06-23T16:59:20.467+0900] {standard_task_runner.py:105} INFO - Job 3611: Subtask img_preprocess_task
[2025-06-23T16:59:20.556+0900] {task_command.py:467} INFO - Running <TaskInstance: lilt_document_classifier_balanced_V0.1.img_preprocess_task manual__2025-06-23T07:44:09.997775+00:00 map_index=56 [running]> on host f6d4228a9eb8
[2025-06-23T16:59:21.084+0900] {taskinstance.py:3134} INFO - Exporting env vars: AIRFLOW_CTX_DAG_OWNER='***' AIRFLOW_CTX_DAG_ID='lilt_document_classifier_balanced_V0.1' AIRFLOW_CTX_TASK_ID='img_preprocess_task' AIRFLOW_CTX_EXECUTION_DATE='2025-06-23T07:44:09.997775+00:00' AIRFLOW_CTX_TRY_NUMBER='1' AIRFLOW_CTX_DAG_RUN_ID='manual__2025-06-23T07:44:09.997775+00:00'
[2025-06-23T16:59:21.091+0900] {taskinstance.py:732} INFO - ::endgroup::
[2025-06-23T16:59:21.096+0900] {logging_mixin.py:190} INFO - empty map check {} {'process_id': '_d3665831-efb4-403e-8a2a-166a6d913b58_pre', 'folder_path': '6df9e996-8388-4930-aba6-063ed3772a88/d3665831-efb4-403e-8a2a-166a6d913b58', 'step_list': [{'name': 'cache', 'param': {'key': 'origin'}}, {'name': 'calc_angle_set2', 'param': {'key': 'angle1', 'iterations': 4, 'iter_save': False}}, {'name': 'text_orientation_set', 'param': {'key': 'angle2', 'iterations': 4, 'iter_save': False}}, {'name': 'load', 'param': {'key': 'origin'}}, {'name': 'rotate', 'param': {'key': 'angle1'}}, {'name': 'rotate', 'param': {'key': 'angle2'}}], 'result_file_map': {}}
[2025-06-23T16:59:21.140+0900] {logging_mixin.py:190} INFO - step : cache
[2025-06-23T16:59:21.142+0900] {logging_mixin.py:190} INFO - step : calc_angle_set2
[2025-06-23T16:59:52.726+0900] {logging_mixin.py:190} INFO - osd 1 5.0 5.0 40 1086591 [968922, 927889, 884171, 840133, 797911, 755078, 713814, 672505, 632706, 592056, 556027, 519428, 482415, 443291, 405346, 367470, 329164, 291226, 253990, 216407, 182633, 214521, 248680, 284180, 321639, 360587, 401285, 439208, 482332, 527579, 573133, 619509, 670349, 719437, 770832, 822045, 874562, 927973, 981046, 1035397, 1086591]
[2025-06-23T17:00:35.487+0900] {logging_mixin.py:190} INFO - osd 2 0.0 -5.0 0 2580364 [2580364, 2502165, 2426668, 2346371, 2262062, 2182144, 2103124, 2018741, 1940323, 1853247, 1777634, 1698542, 1620489, 1548735, 1468470, 1394733, 1319172, 1248795, 1183521, 1112049, 1045282, 1106759, 1172326, 1230426, 1293689, 1360790, 1425084, 1493370, 1554524, 1620174, 1686104, 1747756, 1820226, 1884626, 1954162, 2021241, 2088166, 2160840, 2231173, 2297359, 2369750]
[2025-06-23T17:01:26.725+0900] {logging_mixin.py:190} INFO - osd 3 5.0 5.0 40 4278529 [4093637, 4013519, 3940821, 3863864, 3791650, 3716071, 3644406, 3562646, 3488428, 3412350, 3337292, 3261597, 3181990, 3102360, 3016641, 2934680, 2848945, 2764076, 2677208, 2592473, 2509439, 2594643, 2683098, 2771125, 2859941, 2949558, 3034818, 3124057, 3209981, 3300496, 3386587, 3473026, 3559052, 3646103, 3738439, 3822635, 3913908, 4000878, 4093512, 4183330, 4278529]
[2025-06-23T17:02:22.704+0900] {logging_mixin.py:190} INFO - osd 4 0.0 -5.0 0 6606439 [6606439, 6486133, 6365731, 6245039, 6125021, 6002991, 5877187, 5750349, 5629832, 5503296, 5384213, 5253972, 5133924, 5005404, 4881524, 4759324, 4636330, 4510105, 4383783, 4260116, 4146900, 4245136, 4352408, 4463071, 4574246, 4683860, 4793851, 4905697, 5023665, 5132049, 5252758, 5362678, 5478875, 5590007, 5707775, 5829577, 5945917, 6064978, 6182660, 6303102, 6424489]
[2025-06-23T17:02:23.044+0900] {logging_mixin.py:190} INFO - step : text_orientation_set
[2025-06-23T17:02:45.794+0900] {logging_mixin.py:190} INFO - osd 1 break  0 0 15.36 Japanese 0.29
[2025-06-23T17:02:45.797+0900] {logging_mixin.py:190} INFO - step : load
[2025-06-23T17:02:45.817+0900] {logging_mixin.py:190} INFO - step : rotate
[2025-06-23T17:02:46.148+0900] {logging_mixin.py:190} INFO - step : rotate
[2025-06-23T17:02:46.897+0900] {logging_mixin.py:190} INFO - file_copy: /opt/***/data/temp/6df9e996-8388-4930-aba6-063ed3772a88/d3665831-efb4-403e-8a2a-166a6d913b58/_result.png
[2025-06-23T17:02:46.929+0900] {python.py:240} INFO - Done. Returned value was: {'file_id': '6df9e996-8388-4930-aba6-063ed3772a88', 'file_path': '/opt/***/data/class/a_class/classify/ready/true/광장동 가람빌딩 - 정부24 - 건축물대장 등본(초본) 발급(열람) _ 문서출력_page_1_aug2.png', 'true': {'process_id': '_d3665831-efb4-403e-8a2a-166a6d913b58_pre', 'folder_path': '6df9e996-8388-4930-aba6-063ed3772a88/d3665831-efb4-403e-8a2a-166a6d913b58', 'step_list': [{'name': 'cache', 'param': {'key': 'origin'}}, {'name': 'calc_angle_set2', 'param': {'key': 'angle1', 'iterations': 4, 'iter_save': False}}, {'name': 'text_orientation_set', 'param': {'key': 'angle2', 'iterations': 4, 'iter_save': False}}, {'name': 'load', 'param': {'key': 'origin'}}, {'name': 'rotate', 'param': {'key': 'angle1'}}, {'name': 'rotate', 'param': {'key': 'angle2'}}], 'result_file_map': {'_result': '/opt/***/data/temp/6df9e996-8388-4930-aba6-063ed3772a88/d3665831-efb4-403e-8a2a-166a6d913b58/_result.png'}}}
[2025-06-23T17:02:46.971+0900] {taskinstance.py:341} INFO - ::group::Post task execution logs
[2025-06-23T17:02:46.973+0900] {taskinstance.py:353} INFO - Marking task as SUCCESS. dag_id=lilt_document_classifier_balanced_V0.1, task_id=img_preprocess_task, run_id=manual__2025-06-23T07:44:09.997775+00:00, map_index=56, execution_date=20250623T074409, start_date=20250623T075920, end_date=20250623T080246
[2025-06-23T17:02:47.078+0900] {local_task_job_runner.py:266} INFO - Task exited with return code 0
[2025-06-23T17:02:47.143+0900] {taskinstance.py:3901} INFO - 0 downstream tasks scheduled from follow-on schedule check
[2025-06-23T17:02:47.147+0900] {local_task_job_runner.py:245} INFO - ::endgroup::
