[2025-06-23T16:57:40.802+0900] {local_task_job_runner.py:123} INFO - ::group::Pre task execution logs
[2025-06-23T16:57:41.102+0900] {taskinstance.py:2614} INFO - Dependencies all met for dep_context=non-requeueable deps ti=<TaskInstance: lilt_document_classifier_balanced_V0.1.img_preprocess_task manual__2025-06-23T07:44:09.997775+00:00 map_index=49 [queued]>
[2025-06-23T16:57:41.174+0900] {taskinstance.py:2614} INFO - Dependencies all met for dep_context=requeueable deps ti=<TaskInstance: lilt_document_classifier_balanced_V0.1.img_preprocess_task manual__2025-06-23T07:44:09.997775+00:00 map_index=49 [queued]>
[2025-06-23T16:57:41.178+0900] {taskinstance.py:2867} INFO - Starting attempt 1 of 1
[2025-06-23T16:57:41.222+0900] {taskinstance.py:2890} INFO - Executing <Mapped(_PythonDecoratedOperator): img_preprocess_task> on 2025-06-23 07:44:09.997775+00:00
[2025-06-23T16:57:41.264+0900] {warnings.py:112} WARNING - /home/***/.local/lib/python3.12/site-packages/***/task/task_runner/standard_task_runner.py:70: DeprecationWarning: This process (pid=11852) is multi-threaded, use of fork() may lead to deadlocks in the child.
  pid = os.fork()

[2025-06-23T16:57:41.267+0900] {standard_task_runner.py:72} INFO - Started process 11871 to run task
[2025-06-23T16:57:41.261+0900] {standard_task_runner.py:104} INFO - Running: ['***', 'tasks', 'run', 'lilt_document_classifier_balanced_V0.1', 'img_preprocess_task', 'manual__2025-06-23T07:44:09.997775+00:00', '--job-id', '3599', '--raw', '--subdir', 'DAGS_FOLDER/class_create_dag.py', '--cfg-path', '/tmp/tmpar2pmjfh', '--map-index', '49']
[2025-06-23T16:57:41.268+0900] {standard_task_runner.py:105} INFO - Job 3599: Subtask img_preprocess_task
[2025-06-23T16:57:41.379+0900] {task_command.py:467} INFO - Running <TaskInstance: lilt_document_classifier_balanced_V0.1.img_preprocess_task manual__2025-06-23T07:44:09.997775+00:00 map_index=49 [running]> on host f6d4228a9eb8
[2025-06-23T16:57:41.896+0900] {taskinstance.py:3134} INFO - Exporting env vars: AIRFLOW_CTX_DAG_OWNER='***' AIRFLOW_CTX_DAG_ID='lilt_document_classifier_balanced_V0.1' AIRFLOW_CTX_TASK_ID='img_preprocess_task' AIRFLOW_CTX_EXECUTION_DATE='2025-06-23T07:44:09.997775+00:00' AIRFLOW_CTX_TRY_NUMBER='1' AIRFLOW_CTX_DAG_RUN_ID='manual__2025-06-23T07:44:09.997775+00:00'
[2025-06-23T16:57:41.906+0900] {taskinstance.py:732} INFO - ::endgroup::
[2025-06-23T16:57:41.914+0900] {logging_mixin.py:190} INFO - empty map check {} {'process_id': '_3429c7a6-3b6c-48c4-ace8-4ce699a2e7fa_pre', 'folder_path': '373ea44b-0e29-47cd-96cd-2744079833b8/3429c7a6-3b6c-48c4-ace8-4ce699a2e7fa', 'step_list': [{'name': 'cache', 'param': {'key': 'origin'}}, {'name': 'calc_angle_set2', 'param': {'key': 'angle1', 'iterations': 4, 'iter_save': False}}, {'name': 'text_orientation_set', 'param': {'key': 'angle2', 'iterations': 4, 'iter_save': False}}, {'name': 'load', 'param': {'key': 'origin'}}, {'name': 'rotate', 'param': {'key': 'angle1'}}, {'name': 'rotate', 'param': {'key': 'angle2'}}], 'result_file_map': {}}
[2025-06-23T16:57:41.921+0900] {logging_mixin.py:190} INFO - step : cache
[2025-06-23T16:57:41.922+0900] {logging_mixin.py:190} INFO - step : calc_angle_set2
[2025-06-23T16:58:15.662+0900] {logging_mixin.py:190} INFO - osd 1 -5.0 -5.0 0 813774 [813774, 773618, 732408, 690012, 649353, 608401, 569333, 529924, 492187, 453905, 420156, 386432, 353355, 322190, 295250, 265687, 236516, 206941, 174447, 139568, 108036, 134290, 162685, 190769, 219443, 248227, 276969, 305927, 338577, 373264, 407310, 442183, 481405, 518722, 557241, 596700, 637654, 678531, 720604, 762578, 802791]
[2025-06-23T16:58:55.024+0900] {logging_mixin.py:190} INFO - osd 2 0.0 5.0 40 2126067 [1802170, 1747651, 1698081, 1645922, 1590280, 1539863, 1489213, 1436310, 1386165, 1330048, 1280555, 1229002, 1177940, 1128991, 1074870, 1025062, 971994, 922760, 877381, 826107, 778637, 836417, 898714, 956496, 1018059, 1084633, 1149354, 1221409, 1287684, 1359211, 1431736, 1501782, 1578783, 1649972, 1723654, 1794520, 1864598, 1938787, 2004634, 2063866, 2126067]
[2025-06-23T16:59:42.818+0900] {logging_mixin.py:190} INFO - osd 3 -5.0 -5.0 0 3470162 [3470162, 3401810, 3336708, 3267219, 3202818, 3134006, 3069536, 2997818, 2929836, 2862429, 2796780, 2728264, 2657899, 2590305, 2519922, 2452215, 2380982, 2310576, 2236160, 2158552, 2081980, 2146814, 2214186, 2281027, 2348685, 2417018, 2480847, 2549116, 2614104, 2682586, 2747852, 2813693, 2878879, 2944673, 3014781, 3076810, 3143211, 3206780, 3274361, 3340335, 3412032]
[2025-06-23T17:00:39.089+0900] {logging_mixin.py:190} INFO - osd 4 0.0 5.0 40 5454808 [5117782, 5024921, 4933881, 4843188, 4754185, 4667022, 4575515, 4486865, 4403080, 4313823, 4232255, 4141872, 4060826, 3972001, 3888326, 3807071, 3726500, 3642831, 3560345, 3478371, 3405377, 3502819, 3609284, 3716300, 3824855, 3928133, 4031831, 4136876, 4247114, 4347256, 4458057, 4557495, 4663997, 4764578, 4870251, 4974323, 5075533, 5176116, 5271472, 5365032, 5454808]
[2025-06-23T17:00:39.374+0900] {logging_mixin.py:190} INFO - step : text_orientation_set
[2025-06-23T17:01:00.801+0900] {logging_mixin.py:190} INFO - osd 1 break  0 0 13.81 Japanese 0.63
[2025-06-23T17:01:00.804+0900] {logging_mixin.py:190} INFO - step : load
[2025-06-23T17:01:00.815+0900] {logging_mixin.py:190} INFO - step : rotate
[2025-06-23T17:01:01.105+0900] {logging_mixin.py:190} INFO - step : rotate
[2025-06-23T17:01:02.450+0900] {logging_mixin.py:190} INFO - file_copy: /opt/***/data/temp/373ea44b-0e29-47cd-96cd-2744079833b8/3429c7a6-3b6c-48c4-ace8-4ce699a2e7fa/_result.png
[2025-06-23T17:01:02.475+0900] {python.py:240} INFO - Done. Returned value was: {'file_id': '373ea44b-0e29-47cd-96cd-2744079833b8', 'file_path': '/opt/***/data/class/a_class/classify/ready/true/거제동 고성빌딩 - 정부24 - 건축물대장 등본(초본) 발급(열람) _ 문서출력_page_1_aug1.png', 'true': {'process_id': '_3429c7a6-3b6c-48c4-ace8-4ce699a2e7fa_pre', 'folder_path': '373ea44b-0e29-47cd-96cd-2744079833b8/3429c7a6-3b6c-48c4-ace8-4ce699a2e7fa', 'step_list': [{'name': 'cache', 'param': {'key': 'origin'}}, {'name': 'calc_angle_set2', 'param': {'key': 'angle1', 'iterations': 4, 'iter_save': False}}, {'name': 'text_orientation_set', 'param': {'key': 'angle2', 'iterations': 4, 'iter_save': False}}, {'name': 'load', 'param': {'key': 'origin'}}, {'name': 'rotate', 'param': {'key': 'angle1'}}, {'name': 'rotate', 'param': {'key': 'angle2'}}], 'result_file_map': {'_result': '/opt/***/data/temp/373ea44b-0e29-47cd-96cd-2744079833b8/3429c7a6-3b6c-48c4-ace8-4ce699a2e7fa/_result.png'}}}
[2025-06-23T17:01:02.538+0900] {taskinstance.py:341} INFO - ::group::Post task execution logs
[2025-06-23T17:01:02.540+0900] {taskinstance.py:353} INFO - Marking task as SUCCESS. dag_id=lilt_document_classifier_balanced_V0.1, task_id=img_preprocess_task, run_id=manual__2025-06-23T07:44:09.997775+00:00, map_index=49, execution_date=20250623T074409, start_date=20250623T075741, end_date=20250623T080102
[2025-06-23T17:01:02.784+0900] {local_task_job_runner.py:266} INFO - Task exited with return code 0
[2025-06-23T17:01:02.887+0900] {taskinstance.py:3901} INFO - 0 downstream tasks scheduled from follow-on schedule check
[2025-06-23T17:01:02.895+0900] {local_task_job_runner.py:245} INFO - ::endgroup::
