[2025-06-24T16:08:31.995+0900] {local_task_job_runner.py:123} INFO - ::group::Pre task execution logs
[2025-06-24T16:08:32.226+0900] {taskinstance.py:2614} INFO - Dependencies all met for dep_context=non-requeueable deps ti=<TaskInstance: lilt_document_classifier_balanced_V0.1.img_preprocess_task__1 manual__2025-06-24T06:53:42.323966+00:00 map_index=69 [queued]>
[2025-06-24T16:08:32.294+0900] {taskinstance.py:2614} INFO - Dependencies all met for dep_context=requeueable deps ti=<TaskInstance: lilt_document_classifier_balanced_V0.1.img_preprocess_task__1 manual__2025-06-24T06:53:42.323966+00:00 map_index=69 [queued]>
[2025-06-24T16:08:32.294+0900] {taskinstance.py:2867} INFO - Starting attempt 1 of 1
[2025-06-24T16:08:32.360+0900] {taskinstance.py:2890} INFO - Executing <Mapped(_PythonDecoratedOperator): img_preprocess_task__1> on 2025-06-24 06:53:42.323966+00:00
[2025-06-24T16:08:32.436+0900] {warnings.py:112} WARNING - /home/***/.local/lib/python3.12/site-packages/***/task/task_runner/standard_task_runner.py:70: DeprecationWarning: This process (pid=50299) is multi-threaded, use of fork() may lead to deadlocks in the child.
  pid = os.fork()

[2025-06-24T16:08:32.437+0900] {standard_task_runner.py:104} INFO - Running: ['***', 'tasks', 'run', 'lilt_document_classifier_balanced_V0.1', 'img_preprocess_task__1', 'manual__2025-06-24T06:53:42.323966+00:00', '--job-id', '4359', '--raw', '--subdir', 'DAGS_FOLDER/class_create_dag.py', '--cfg-path', '/tmp/tmpz99dhtz_', '--map-index', '69']
[2025-06-24T16:08:32.455+0900] {standard_task_runner.py:105} INFO - Job 4359: Subtask img_preprocess_task__1
[2025-06-24T16:08:32.451+0900] {standard_task_runner.py:72} INFO - Started process 50309 to run task
[2025-06-24T16:08:32.683+0900] {task_command.py:467} INFO - Running <TaskInstance: lilt_document_classifier_balanced_V0.1.img_preprocess_task__1 manual__2025-06-24T06:53:42.323966+00:00 map_index=69 [running]> on host f6d4228a9eb8
[2025-06-24T16:08:32.922+0900] {taskinstance.py:3134} INFO - Exporting env vars: AIRFLOW_CTX_DAG_OWNER='***' AIRFLOW_CTX_DAG_ID='lilt_document_classifier_balanced_V0.1' AIRFLOW_CTX_TASK_ID='img_preprocess_task__1' AIRFLOW_CTX_EXECUTION_DATE='2025-06-24T06:53:42.323966+00:00' AIRFLOW_CTX_TRY_NUMBER='1' AIRFLOW_CTX_DAG_RUN_ID='manual__2025-06-24T06:53:42.323966+00:00'
[2025-06-24T16:08:32.928+0900] {taskinstance.py:732} INFO - ::endgroup::
[2025-06-24T16:08:32.931+0900] {logging_mixin.py:190} INFO - empty map check {} {'process_id': '_e9db893a-c0ed-4c93-b65a-e4f8ebfb8f57_pre', 'folder_path': '037aac33-049d-4d1b-bf93-2924665e8a16/e9db893a-c0ed-4c93-b65a-e4f8ebfb8f57', 'step_list': [{'name': 'cache', 'param': {'key': 'origin'}}, {'name': 'calc_angle_set2', 'param': {'key': 'angle1', 'iterations': 4, 'iter_save': False}}, {'name': 'text_orientation_set', 'param': {'key': 'angle2', 'iterations': 4, 'iter_save': False}}, {'name': 'load', 'param': {'key': 'origin'}}, {'name': 'rotate', 'param': {'key': 'angle1'}}, {'name': 'rotate', 'param': {'key': 'angle2'}}], 'result_file_map': {}}
[2025-06-24T16:08:32.938+0900] {logging_mixin.py:190} INFO - step : cache
[2025-06-24T16:08:32.950+0900] {logging_mixin.py:190} INFO - step : calc_angle_set2
[2025-06-24T16:08:38.954+0900] {logging_mixin.py:190} INFO - osd 1 -5.0 -5.0 0 153290 [153290, 146922, 140865, 135147, 128444, 122403, 117215, 111676, 107160, 102585, 97904, 94491, 91256, 88291, 84729, 82199, 79940, 76277, 72920, 71845, 67552, 70253, 71068, 72496, 74802, 75828, 78107, 80334, 81659, 84233, 86618, 90237, 94146, 97875, 101459, 106126, 110646, 115883, 121296, 126321, 130678]
[2025-06-24T16:08:45.665+0900] {logging_mixin.py:190} INFO - osd 2 0.0 5.0 40 325419 [300384, 292620, 283847, 275849, 268476, 260099, 251656, 243210, 235558, 227265, 219213, 212330, 203562, 196273, 187915, 179964, 172787, 164381, 158317, 150125, 143531, 150183, 157987, 163900, 172795, 180406, 188971, 198808, 207385, 217773, 226499, 236448, 246436, 257014, 267314, 277094, 287698, 296854, 306967, 318123, 325419]
[2025-06-24T16:08:53.102+0900] {logging_mixin.py:190} INFO - osd 3 -5.0 -5.0 0 472625 [472625, 463429, 453446, 446058, 436637, 427170, 419631, 411324, 402059, 394957, 386479, 378294, 370188, 364604, 356468, 348212, 340278, 332599, 324499, 316848, 307786, 314766, 320466, 326128, 332106, 338370, 344810, 351618, 355820, 363578, 370400, 378157, 384079, 391601, 398570, 405673, 413025, 421275, 426860, 434867, 442782]
[2025-06-24T16:09:01.302+0900] {logging_mixin.py:190} INFO - osd 4 0.0 5.0 40 687921 [682768, 670339, 658062, 645796, 632499, 620184, 608111, 596203, 584529, 573023, 560471, 549248, 538249, 526375, 515478, 505249, 493097, 483240, 472525, 463035, 453395, 464037, 474437, 485804, 496251, 509330, 520224, 530931, 543317, 554758, 566243, 579613, 591131, 603541, 616120, 627987, 639791, 652949, 664231, 676707, 687921]
[2025-06-24T16:09:01.469+0900] {logging_mixin.py:190} INFO - step : text_orientation_set
[2025-06-24T16:09:08.324+0900] {logging_mixin.py:190} INFO - Tesseract OSD Error: (1, 'Estimating resolution as 173 Warning. Invalid resolution 0 dpi. Using 70 instead. Too few characters. Skipping this page Error during processing.')
[2025-06-24T16:09:08.331+0900] {logging_mixin.py:190} INFO - step : load
[2025-06-24T16:09:08.332+0900] {logging_mixin.py:190} INFO - step : rotate
[2025-06-24T16:09:08.357+0900] {logging_mixin.py:190} INFO - step : rotate
[2025-06-24T16:09:08.535+0900] {logging_mixin.py:190} INFO - file_copy: /opt/***/data/temp/037aac33-049d-4d1b-bf93-2924665e8a16/e9db893a-c0ed-4c93-b65a-e4f8ebfb8f57/_result.png
[2025-06-24T16:09:08.588+0900] {python.py:240} INFO - Done. Returned value was: {'file_id': '037aac33-049d-4d1b-bf93-2924665e8a16', 'file_path': '/opt/***/data/class/a_class/classify/ready/false/copied_20_0000373675.png', 'false': {'process_id': '_e9db893a-c0ed-4c93-b65a-e4f8ebfb8f57_pre', 'folder_path': '037aac33-049d-4d1b-bf93-2924665e8a16/e9db893a-c0ed-4c93-b65a-e4f8ebfb8f57', 'step_list': [{'name': 'cache', 'param': {'key': 'origin'}}, {'name': 'calc_angle_set2', 'param': {'key': 'angle1', 'iterations': 4, 'iter_save': False}}, {'name': 'text_orientation_set', 'param': {'key': 'angle2', 'iterations': 4, 'iter_save': False}}, {'name': 'load', 'param': {'key': 'origin'}}, {'name': 'rotate', 'param': {'key': 'angle1'}}, {'name': 'rotate', 'param': {'key': 'angle2'}}], 'result_file_map': {'_result': '/opt/***/data/temp/037aac33-049d-4d1b-bf93-2924665e8a16/e9db893a-c0ed-4c93-b65a-e4f8ebfb8f57/_result.png'}}}
[2025-06-24T16:09:08.771+0900] {taskinstance.py:341} INFO - ::group::Post task execution logs
[2025-06-24T16:09:08.778+0900] {taskinstance.py:353} INFO - Marking task as SUCCESS. dag_id=lilt_document_classifier_balanced_V0.1, task_id=img_preprocess_task__1, run_id=manual__2025-06-24T06:53:42.323966+00:00, map_index=69, execution_date=20250624T065342, start_date=20250624T070832, end_date=20250624T070908
[2025-06-24T16:09:09.130+0900] {local_task_job_runner.py:266} INFO - Task exited with return code 0
[2025-06-24T16:09:09.214+0900] {taskinstance.py:3901} INFO - 0 downstream tasks scheduled from follow-on schedule check
[2025-06-24T16:09:09.224+0900] {local_task_job_runner.py:245} INFO - ::endgroup::
