[2025-06-23T10:27:56.712+0900] {local_task_job_runner.py:123} INFO - ::group::Pre task execution logs
[2025-06-23T10:27:56.861+0900] {taskinstance.py:2614} INFO - Dependencies all met for dep_context=non-requeueable deps ti=<TaskInstance: lilt_document_classifier_balanced_V0.1.img_preprocess_task__1 manual__2025-06-23T01:24:40.043171+00:00 map_index=48 [queued]>
[2025-06-23T10:27:56.904+0900] {taskinstance.py:2614} INFO - Dependencies all met for dep_context=requeueable deps ti=<TaskInstance: lilt_document_classifier_balanced_V0.1.img_preprocess_task__1 manual__2025-06-23T01:24:40.043171+00:00 map_index=48 [queued]>
[2025-06-23T10:27:56.906+0900] {taskinstance.py:2867} INFO - Starting attempt 1 of 1
[2025-06-23T10:27:56.935+0900] {taskinstance.py:2890} INFO - Executing <Mapped(_PythonDecoratedOperator): img_preprocess_task__1> on 2025-06-23 01:24:40.043171+00:00
[2025-06-23T10:27:56.978+0900] {warnings.py:112} WARNING - /home/***/.local/lib/python3.12/site-packages/***/task/task_runner/standard_task_runner.py:70: DeprecationWarning: This process (pid=86836) is multi-threaded, use of fork() may lead to deadlocks in the child.
  pid = os.fork()

[2025-06-23T10:27:56.986+0900] {standard_task_runner.py:72} INFO - Started process 86931 to run task
[2025-06-23T10:27:56.981+0900] {standard_task_runner.py:104} INFO - Running: ['***', 'tasks', 'run', 'lilt_document_classifier_balanced_V0.1', 'img_preprocess_task__1', 'manual__2025-06-23T01:24:40.043171+00:00', '--job-id', '2181', '--raw', '--subdir', 'DAGS_FOLDER/class_create_dag.py', '--cfg-path', '/tmp/tmp5pj_z3pv', '--map-index', '48']
[2025-06-23T10:27:56.990+0900] {standard_task_runner.py:105} INFO - Job 2181: Subtask img_preprocess_task__1
[2025-06-23T10:27:57.129+0900] {task_command.py:467} INFO - Running <TaskInstance: lilt_document_classifier_balanced_V0.1.img_preprocess_task__1 manual__2025-06-23T01:24:40.043171+00:00 map_index=48 [running]> on host f6d4228a9eb8
[2025-06-23T10:27:57.302+0900] {taskinstance.py:3134} INFO - Exporting env vars: AIRFLOW_CTX_DAG_OWNER='***' AIRFLOW_CTX_DAG_ID='lilt_document_classifier_balanced_V0.1' AIRFLOW_CTX_TASK_ID='img_preprocess_task__1' AIRFLOW_CTX_EXECUTION_DATE='2025-06-23T01:24:40.043171+00:00' AIRFLOW_CTX_TRY_NUMBER='1' AIRFLOW_CTX_DAG_RUN_ID='manual__2025-06-23T01:24:40.043171+00:00'
[2025-06-23T10:27:57.306+0900] {taskinstance.py:732} INFO - ::endgroup::
[2025-06-23T10:27:57.311+0900] {logging_mixin.py:190} INFO - empty map check {} {'process_id': '_d3a57603-73f7-4550-b0db-d94f48ef9d42_pre', 'folder_path': '67b857f6-41a6-4bee-8f76-de6f084828f6/d3a57603-73f7-4550-b0db-d94f48ef9d42', 'step_list': [{'name': 'cache', 'param': {'key': 'origin'}}, {'name': 'calc_angle_set1', 'param': {'key': 'angle1', 'iterations': 4, 'iter_save': False}}, {'name': 'text_orientation_set', 'param': {'key': 'angle2', 'iterations': 4, 'iter_save': False}}, {'name': 'load', 'param': {'key': 'origin'}}, {'name': 'rotate', 'param': {'key': 'angle1'}}, {'name': 'rotate', 'param': {'key': 'angle2'}}], 'result_file_map': {}}
[2025-06-23T10:27:57.316+0900] {logging_mixin.py:190} INFO - step : cache
[2025-06-23T10:27:57.317+0900] {logging_mixin.py:190} INFO - step : calc_angle_set1
[2025-06-23T10:27:57.471+0900] {logging_mixin.py:190} INFO - step : text_orientation_set
[2025-06-23T10:28:01.283+0900] {logging_mixin.py:190} INFO - Tesseract OSD Error: (1, 'Estimating resolution as 159 Warning. Invalid resolution 0 dpi. Using 70 instead. Too few characters. Skipping this page Error during processing.')
[2025-06-23T10:28:01.295+0900] {logging_mixin.py:190} INFO - step : load
[2025-06-23T10:28:01.321+0900] {logging_mixin.py:190} INFO - step : rotate
[2025-06-23T10:28:01.379+0900] {logging_mixin.py:190} INFO - step : rotate
[2025-06-23T10:28:01.585+0900] {logging_mixin.py:190} INFO - file_copy: /opt/***/data/temp/67b857f6-41a6-4bee-8f76-de6f084828f6/d3a57603-73f7-4550-b0db-d94f48ef9d42/_result.png
[2025-06-23T10:28:01.609+0900] {python.py:240} INFO - Done. Returned value was: {'file_id': '67b857f6-41a6-4bee-8f76-de6f084828f6', 'file_path': '/opt/***/data/class/a_class/classify/ready/false/copied_78_2083779623.png', 'false': {'process_id': '_d3a57603-73f7-4550-b0db-d94f48ef9d42_pre', 'folder_path': '67b857f6-41a6-4bee-8f76-de6f084828f6/d3a57603-73f7-4550-b0db-d94f48ef9d42', 'step_list': [{'name': 'cache', 'param': {'key': 'origin'}}, {'name': 'calc_angle_set1', 'param': {'key': 'angle1', 'iterations': 4, 'iter_save': False}}, {'name': 'text_orientation_set', 'param': {'key': 'angle2', 'iterations': 4, 'iter_save': False}}, {'name': 'load', 'param': {'key': 'origin'}}, {'name': 'rotate', 'param': {'key': 'angle1'}}, {'name': 'rotate', 'param': {'key': 'angle2'}}], 'result_file_map': {'_result': '/opt/***/data/temp/67b857f6-41a6-4bee-8f76-de6f084828f6/d3a57603-73f7-4550-b0db-d94f48ef9d42/_result.png'}}}
[2025-06-23T10:28:01.696+0900] {taskinstance.py:341} INFO - ::group::Post task execution logs
[2025-06-23T10:28:01.699+0900] {taskinstance.py:353} INFO - Marking task as SUCCESS. dag_id=lilt_document_classifier_balanced_V0.1, task_id=img_preprocess_task__1, run_id=manual__2025-06-23T01:24:40.043171+00:00, map_index=48, execution_date=20250623T012440, start_date=20250623T012756, end_date=20250623T012801
[2025-06-23T10:28:01.895+0900] {local_task_job_runner.py:266} INFO - Task exited with return code 0
[2025-06-23T10:28:02.030+0900] {standard_task_runner.py:217} INFO - Process not found (most likely exited), stop collecting metrics
[2025-06-23T10:28:02.044+0900] {taskinstance.py:3901} INFO - 0 downstream tasks scheduled from follow-on schedule check
[2025-06-23T10:28:02.056+0900] {local_task_job_runner.py:245} INFO - ::endgroup::
