[2025-06-23T16:38:02.991+0900] {local_task_job_runner.py:123} INFO - ::group::Pre task execution logs
[2025-06-23T16:38:03.180+0900] {taskinstance.py:2614} INFO - Dependencies all met for dep_context=non-requeueable deps ti=<TaskInstance: lilt_document_classifier_balanced_b_class_V0.1.img_preprocess_task__1 manual__2025-06-23T06:58:09.542610+00:00 map_index=85 [queued]>
[2025-06-23T16:38:03.283+0900] {taskinstance.py:2614} INFO - Dependencies all met for dep_context=requeueable deps ti=<TaskInstance: lilt_document_classifier_balanced_b_class_V0.1.img_preprocess_task__1 manual__2025-06-23T06:58:09.542610+00:00 map_index=85 [queued]>
[2025-06-23T16:38:03.290+0900] {taskinstance.py:2867} INFO - Starting attempt 1 of 1
[2025-06-23T16:38:03.450+0900] {taskinstance.py:2890} INFO - Executing <Mapped(_PythonDecoratedOperator): img_preprocess_task__1> on 2025-06-23 06:58:09.542610+00:00
[2025-06-23T16:38:03.473+0900] {warnings.py:112} WARNING - /home/***/.local/lib/python3.12/site-packages/***/task/task_runner/standard_task_runner.py:70: DeprecationWarning: This process (pid=9321) is multi-threaded, use of fork() may lead to deadlocks in the child.
  pid = os.fork()

[2025-06-23T16:38:03.477+0900] {standard_task_runner.py:72} INFO - Started process 9332 to run task
[2025-06-23T16:38:03.478+0900] {standard_task_runner.py:104} INFO - Running: ['***', 'tasks', 'run', 'lilt_document_classifier_balanced_b_class_V0.1', 'img_preprocess_task__1', 'manual__2025-06-23T06:58:09.542610+00:00', '--job-id', '3475', '--raw', '--subdir', 'DAGS_FOLDER/class_create_dag_b_class.py', '--cfg-path', '/tmp/tmp2kv8ou9k', '--map-index', '85']
[2025-06-23T16:38:03.486+0900] {standard_task_runner.py:105} INFO - Job 3475: Subtask img_preprocess_task__1
[2025-06-23T16:38:03.611+0900] {task_command.py:467} INFO - Running <TaskInstance: lilt_document_classifier_balanced_b_class_V0.1.img_preprocess_task__1 manual__2025-06-23T06:58:09.542610+00:00 map_index=85 [running]> on host f6d4228a9eb8
[2025-06-23T16:38:03.848+0900] {taskinstance.py:3134} INFO - Exporting env vars: AIRFLOW_CTX_DAG_OWNER='***' AIRFLOW_CTX_DAG_ID='lilt_document_classifier_balanced_b_class_V0.1' AIRFLOW_CTX_TASK_ID='img_preprocess_task__1' AIRFLOW_CTX_EXECUTION_DATE='2025-06-23T06:58:09.542610+00:00' AIRFLOW_CTX_TRY_NUMBER='1' AIRFLOW_CTX_DAG_RUN_ID='manual__2025-06-23T06:58:09.542610+00:00'
[2025-06-23T16:38:03.856+0900] {taskinstance.py:732} INFO - ::endgroup::
[2025-06-23T16:38:03.866+0900] {logging_mixin.py:190} INFO - empty map check {} {'process_id': '_a35bfb41-f8d0-4d9a-987e-81860dfb00a5_pre', 'folder_path': '6bb6708c-3da2-471e-8966-f05b01226549/a35bfb41-f8d0-4d9a-987e-81860dfb00a5', 'step_list': [{'name': 'cache', 'param': {'key': 'origin'}}, {'name': 'calc_angle_set2', 'param': {'key': 'angle1', 'iterations': 4, 'iter_save': False}}, {'name': 'text_orientation_set', 'param': {'key': 'angle2', 'iterations': 4, 'iter_save': False}}, {'name': 'load', 'param': {'key': 'origin'}}, {'name': 'rotate', 'param': {'key': 'angle1'}}, {'name': 'rotate', 'param': {'key': 'angle2'}}], 'result_file_map': {}}
[2025-06-23T16:38:03.871+0900] {logging_mixin.py:190} INFO - step : cache
[2025-06-23T16:38:03.883+0900] {logging_mixin.py:190} INFO - step : calc_angle_set2
[2025-06-23T16:38:11.048+0900] {logging_mixin.py:190} INFO - osd 1 -5.0 -5.0 0 154885 [154885, 146574, 137388, 128287, 120566, 112769, 105344, 98090, 89958, 83074, 75754, 68920, 63331, 58224, 51265, 46069, 40122, 35121, 27945, 22809, 17283, 22508, 26810, 33013, 37190, 42370, 46635, 52670, 57187, 61555, 67048, 73376, 79280, 86225, 92619, 99174, 106170, 113072, 121303, 129595, 137153]
[2025-06-23T16:38:19.048+0900] {logging_mixin.py:190} INFO - osd 2 0.0 5.0 40 409390 [354494, 344872, 332733, 323010, 312430, 300121, 290943, 280581, 270108, 259921, 247971, 239126, 227366, 217468, 206355, 197412, 186492, 175318, 165949, 155427, 147334, 156931, 169001, 179991, 192803, 205587, 216042, 229706, 242052, 256312, 268202, 283799, 297785, 312308, 326331, 339030, 354558, 368816, 381491, 397024, 409390]
[2025-06-23T16:38:29.453+0900] {logging_mixin.py:190} INFO - osd 3 5.0 5.0 40 694595 [681362, 668652, 656441, 642276, 630169, 615986, 602057, 587858, 575656, 562178, 547919, 534456, 522371, 508678, 494580, 481279, 465535, 451934, 438103, 424036, 412360, 426129, 440243, 454336, 468613, 484511, 499002, 513355, 527436, 540568, 554490, 569322, 584182, 596876, 611210, 625972, 640871, 653947, 668976, 681655, 694595]
[2025-06-23T16:38:38.914+0900] {logging_mixin.py:190} INFO - osd 4 0.0 -5.0 0 1101876 [1101876, 1082957, 1062496, 1042345, 1019744, 999354, 979282, 956548, 936493, 915549, 893865, 873364, 849143, 828756, 806607, 787235, 765343, 741319, 721481, 699820, 680525, 695386, 712286, 727087, 745979, 763054, 778429, 795424, 810725, 830420, 846316, 864406, 880247, 897166, 915723, 932860, 950184, 969769, 987953, 1005580, 1024064]
[2025-06-23T16:38:39.020+0900] {logging_mixin.py:190} INFO - step : text_orientation_set
[2025-06-23T16:38:50.588+0900] {logging_mixin.py:190} INFO - osd 1 90 90 1.45 Japanese 0.11
[2025-06-23T16:38:57.260+0900] {logging_mixin.py:190} INFO - osd 2 270 180 2.57 Japanese 0.04
[2025-06-23T16:39:03.614+0900] {logging_mixin.py:190} INFO - osd 3 break  270 0 1.54 Japanese 0.04
[2025-06-23T16:39:03.623+0900] {logging_mixin.py:190} INFO - step : load
[2025-06-23T16:39:03.623+0900] {logging_mixin.py:190} INFO - step : rotate
[2025-06-23T16:39:03.635+0900] {logging_mixin.py:190} INFO - step : rotate
[2025-06-23T16:39:03.772+0900] {logging_mixin.py:190} INFO - file_copy: /opt/***/data/temp/6bb6708c-3da2-471e-8966-f05b01226549/a35bfb41-f8d0-4d9a-987e-81860dfb00a5/_result.png
[2025-06-23T16:39:03.792+0900] {python.py:240} INFO - Done. Returned value was: {'file_id': '6bb6708c-3da2-471e-8966-f05b01226549', 'file_path': '/opt/***/data/class/b_class/classify/ready/false/copied_9_518085854.png', 'false': {'process_id': '_a35bfb41-f8d0-4d9a-987e-81860dfb00a5_pre', 'folder_path': '6bb6708c-3da2-471e-8966-f05b01226549/a35bfb41-f8d0-4d9a-987e-81860dfb00a5', 'step_list': [{'name': 'cache', 'param': {'key': 'origin'}}, {'name': 'calc_angle_set2', 'param': {'key': 'angle1', 'iterations': 4, 'iter_save': False}}, {'name': 'text_orientation_set', 'param': {'key': 'angle2', 'iterations': 4, 'iter_save': False}}, {'name': 'load', 'param': {'key': 'origin'}}, {'name': 'rotate', 'param': {'key': 'angle1'}}, {'name': 'rotate', 'param': {'key': 'angle2'}}], 'result_file_map': {'_result': '/opt/***/data/temp/6bb6708c-3da2-471e-8966-f05b01226549/a35bfb41-f8d0-4d9a-987e-81860dfb00a5/_result.png'}}}
[2025-06-23T16:39:03.845+0900] {taskinstance.py:341} INFO - ::group::Post task execution logs
[2025-06-23T16:39:03.846+0900] {taskinstance.py:353} INFO - Marking task as SUCCESS. dag_id=lilt_document_classifier_balanced_b_class_V0.1, task_id=img_preprocess_task__1, run_id=manual__2025-06-23T06:58:09.542610+00:00, map_index=85, execution_date=20250623T065809, start_date=20250623T073803, end_date=20250623T073903
[2025-06-23T16:39:03.987+0900] {local_task_job_runner.py:266} INFO - Task exited with return code 0
[2025-06-23T16:39:04.090+0900] {taskinstance.py:3901} INFO - 0 downstream tasks scheduled from follow-on schedule check
[2025-06-23T16:39:04.106+0900] {local_task_job_runner.py:245} INFO - ::endgroup::
