[2025-06-23T16:49:41.892+0900] {local_task_job_runner.py:123} INFO - ::group::Pre task execution logs
[2025-06-23T16:49:42.011+0900] {taskinstance.py:2614} INFO - Dependencies all met for dep_context=non-requeueable deps ti=<TaskInstance: lilt_document_classifier_balanced_V0.1.img_preprocess_task manual__2025-06-23T07:44:09.997775+00:00 map_index=21 [queued]>
[2025-06-23T16:49:42.059+0900] {taskinstance.py:2614} INFO - Dependencies all met for dep_context=requeueable deps ti=<TaskInstance: lilt_document_classifier_balanced_V0.1.img_preprocess_task manual__2025-06-23T07:44:09.997775+00:00 map_index=21 [queued]>
[2025-06-23T16:49:42.060+0900] {taskinstance.py:2867} INFO - Starting attempt 1 of 1
[2025-06-23T16:49:42.102+0900] {taskinstance.py:2890} INFO - Executing <Mapped(_PythonDecoratedOperator): img_preprocess_task> on 2025-06-23 07:44:09.997775+00:00
[2025-06-23T16:49:42.140+0900] {warnings.py:112} WARNING - /home/***/.local/lib/python3.12/site-packages/***/task/task_runner/standard_task_runner.py:70: DeprecationWarning: This process (pid=10648) is multi-threaded, use of fork() may lead to deadlocks in the child.
  pid = os.fork()

[2025-06-23T16:49:42.150+0900] {standard_task_runner.py:72} INFO - Started process 10704 to run task
[2025-06-23T16:49:42.148+0900] {standard_task_runner.py:104} INFO - Running: ['***', 'tasks', 'run', 'lilt_document_classifier_balanced_V0.1', 'img_preprocess_task', 'manual__2025-06-23T07:44:09.997775+00:00', '--job-id', '3542', '--raw', '--subdir', 'DAGS_FOLDER/class_create_dag.py', '--cfg-path', '/tmp/tmp5u6z4ofq', '--map-index', '21']
[2025-06-23T16:49:42.169+0900] {standard_task_runner.py:105} INFO - Job 3542: Subtask img_preprocess_task
[2025-06-23T16:49:42.357+0900] {task_command.py:467} INFO - Running <TaskInstance: lilt_document_classifier_balanced_V0.1.img_preprocess_task manual__2025-06-23T07:44:09.997775+00:00 map_index=21 [running]> on host f6d4228a9eb8
[2025-06-23T16:49:42.658+0900] {taskinstance.py:3134} INFO - Exporting env vars: AIRFLOW_CTX_DAG_OWNER='***' AIRFLOW_CTX_DAG_ID='lilt_document_classifier_balanced_V0.1' AIRFLOW_CTX_TASK_ID='img_preprocess_task' AIRFLOW_CTX_EXECUTION_DATE='2025-06-23T07:44:09.997775+00:00' AIRFLOW_CTX_TRY_NUMBER='1' AIRFLOW_CTX_DAG_RUN_ID='manual__2025-06-23T07:44:09.997775+00:00'
[2025-06-23T16:49:42.660+0900] {taskinstance.py:732} INFO - ::endgroup::
[2025-06-23T16:49:42.663+0900] {logging_mixin.py:190} INFO - empty map check {} {'process_id': '_db60f3fb-581b-4ab0-846d-548265faefb3_pre', 'folder_path': '9c64aa35-8265-4fa2-9ba5-05fa220b8adb/db60f3fb-581b-4ab0-846d-548265faefb3', 'step_list': [{'name': 'cache', 'param': {'key': 'origin'}}, {'name': 'calc_angle_set2', 'param': {'key': 'angle1', 'iterations': 4, 'iter_save': False}}, {'name': 'text_orientation_set', 'param': {'key': 'angle2', 'iterations': 4, 'iter_save': False}}, {'name': 'load', 'param': {'key': 'origin'}}, {'name': 'rotate', 'param': {'key': 'angle1'}}, {'name': 'rotate', 'param': {'key': 'angle2'}}], 'result_file_map': {}}
[2025-06-23T16:49:42.705+0900] {logging_mixin.py:190} INFO - step : cache
[2025-06-23T16:49:42.707+0900] {logging_mixin.py:190} INFO - step : calc_angle_set2
[2025-06-23T16:50:18.416+0900] {logging_mixin.py:190} INFO - osd 1 5.0 5.0 40 1026485 [803131, 762396, 720410, 677392, 636382, 594765, 555346, 514697, 478231, 438985, 405944, 372808, 341134, 310156, 281125, 251175, 220553, 189164, 151973, 114407, 80811, 115983, 153849, 191853, 230009, 268267, 307292, 342742, 384558, 430026, 477332, 525858, 580076, 633253, 687908, 743014, 799841, 856385, 914215, 971228, 1026485]
[2025-06-23T16:50:57.550+0900] {logging_mixin.py:190} INFO - osd 2 0.0 -5.0 0 2490717 [2490717, 2414977, 2341939, 2263219, 2181508, 2103322, 2025961, 1944491, 1867689, 1782029, 1706592, 1627856, 1550819, 1480984, 1403211, 1333773, 1260931, 1193493, 1130232, 1060828, 996224, 1060912, 1130979, 1194402, 1260942, 1333671, 1401298, 1474406, 1541175, 1610393, 1680602, 1747670, 1823992, 1891755, 1963810, 2032426, 2103032, 2178071, 2250742, 2320894, 2396072]
[2025-06-23T16:51:51.802+0900] {logging_mixin.py:190} INFO - osd 3 5.0 5.0 40 4202603 [3928272, 3852307, 3783796, 3707896, 3638721, 3563475, 3495232, 3416366, 3342926, 3268405, 3197771, 3123691, 3048183, 2974934, 2898635, 2827614, 2752609, 2675918, 2593789, 2511696, 2430754, 2518179, 2607576, 2696787, 2786197, 2877150, 2963130, 3052879, 3140621, 3231777, 3320314, 3406073, 3493801, 3582850, 3674889, 3759352, 3849261, 3933383, 4023938, 4108432, 4202603]
[2025-06-23T16:52:58.162+0900] {logging_mixin.py:190} INFO - osd 4 10.0 5.0 40 6397718 [6393217, 6280066, 6168228, 6056171, 5944575, 5831634, 5714246, 5597126, 5485328, 5367448, 5257752, 5135162, 5025014, 4906023, 4790370, 4677407, 4563824, 4445686, 4328233, 4212321, 4106326, 4199832, 4304976, 4412146, 4520871, 4628039, 4735957, 4847383, 4965988, 5074138, 5196207, 5308593, 5428185, 5543226, 5664990, 5788730, 5907948, 6028297, 6149536, 6273059, 6397718]
[2025-06-23T16:52:58.589+0900] {logging_mixin.py:190} INFO - step : text_orientation_set
[2025-06-23T16:53:23.218+0900] {logging_mixin.py:190} INFO - osd 1 break  0 0 6.37 Japanese 0.34
[2025-06-23T16:53:23.233+0900] {logging_mixin.py:190} INFO - step : load
[2025-06-23T16:53:23.246+0900] {logging_mixin.py:190} INFO - step : rotate
[2025-06-23T16:53:23.944+0900] {logging_mixin.py:190} INFO - step : rotate
[2025-06-23T16:53:24.596+0900] {logging_mixin.py:190} INFO - file_copy: /opt/***/data/temp/9c64aa35-8265-4fa2-9ba5-05fa220b8adb/db60f3fb-581b-4ab0-846d-548265faefb3/_result.png
[2025-06-23T16:53:24.621+0900] {python.py:240} INFO - Done. Returned value was: {'file_id': '9c64aa35-8265-4fa2-9ba5-05fa220b8adb', 'file_path': '/opt/***/data/class/a_class/classify/ready/true/이화동 엘림빌딩 -정부24 - 건축물대장 등본(초본) 발급(열람) _ 문서출력_page_1_aug1.png', 'true': {'process_id': '_db60f3fb-581b-4ab0-846d-548265faefb3_pre', 'folder_path': '9c64aa35-8265-4fa2-9ba5-05fa220b8adb/db60f3fb-581b-4ab0-846d-548265faefb3', 'step_list': [{'name': 'cache', 'param': {'key': 'origin'}}, {'name': 'calc_angle_set2', 'param': {'key': 'angle1', 'iterations': 4, 'iter_save': False}}, {'name': 'text_orientation_set', 'param': {'key': 'angle2', 'iterations': 4, 'iter_save': False}}, {'name': 'load', 'param': {'key': 'origin'}}, {'name': 'rotate', 'param': {'key': 'angle1'}}, {'name': 'rotate', 'param': {'key': 'angle2'}}], 'result_file_map': {'_result': '/opt/***/data/temp/9c64aa35-8265-4fa2-9ba5-05fa220b8adb/db60f3fb-581b-4ab0-846d-548265faefb3/_result.png'}}}
[2025-06-23T16:53:24.682+0900] {taskinstance.py:341} INFO - ::group::Post task execution logs
[2025-06-23T16:53:24.684+0900] {taskinstance.py:353} INFO - Marking task as SUCCESS. dag_id=lilt_document_classifier_balanced_V0.1, task_id=img_preprocess_task, run_id=manual__2025-06-23T07:44:09.997775+00:00, map_index=21, execution_date=20250623T074409, start_date=20250623T074942, end_date=20250623T075324
[2025-06-23T16:53:24.847+0900] {local_task_job_runner.py:266} INFO - Task exited with return code 0
[2025-06-23T16:53:24.909+0900] {taskinstance.py:3901} INFO - 0 downstream tasks scheduled from follow-on schedule check
[2025-06-23T16:53:24.917+0900] {local_task_job_runner.py:245} INFO - ::endgroup::
