[2025-06-16T17:15:44.514+0900] {local_task_job_runner.py:123} INFO - ::group::Pre task execution logs
[2025-06-16T17:15:44.537+0900] {taskinstance.py:2614} INFO - Dependencies all met for dep_context=non-requeueable deps ti=<TaskInstance: image_ocr_v2.img_preprocess_task manual__2025-06-16T08:15:38.165127+00:00 map_index=0 [queued]>
[2025-06-16T17:15:44.551+0900] {taskinstance.py:2614} INFO - Dependencies all met for dep_context=requeueable deps ti=<TaskInstance: image_ocr_v2.img_preprocess_task manual__2025-06-16T08:15:38.165127+00:00 map_index=0 [queued]>
[2025-06-16T17:15:44.552+0900] {taskinstance.py:2867} INFO - Starting attempt 1 of 1
[2025-06-16T17:15:44.567+0900] {taskinstance.py:2890} INFO - Executing <Mapped(_PythonDecoratedOperator): img_preprocess_task> on 2025-06-16 08:15:38.165127+00:00
[2025-06-16T17:15:44.573+0900] {warnings.py:112} WARNING - /home/***/.local/lib/python3.12/site-packages/***/task/task_runner/standard_task_runner.py:70: DeprecationWarning: This process (pid=11118) is multi-threaded, use of fork() may lead to deadlocks in the child.
  pid = os.fork()

[2025-06-16T17:15:44.575+0900] {standard_task_runner.py:72} INFO - Started process 11133 to run task
[2025-06-16T17:15:44.575+0900] {standard_task_runner.py:104} INFO - Running: ['***', 'tasks', 'run', 'image_ocr_v2', 'img_preprocess_task', 'manual__2025-06-16T08:15:38.165127+00:00', '--job-id', '608', '--raw', '--subdir', 'DAGS_FOLDER/test_dag.py', '--cfg-path', '/tmp/tmpiyjo6c2j', '--map-index', '0']
[2025-06-16T17:15:44.578+0900] {standard_task_runner.py:105} INFO - Job 608: Subtask img_preprocess_task
[2025-06-16T17:15:44.624+0900] {task_command.py:467} INFO - Running <TaskInstance: image_ocr_v2.img_preprocess_task manual__2025-06-16T08:15:38.165127+00:00 map_index=0 [running]> on host f6d4228a9eb8
[2025-06-16T17:15:44.716+0900] {taskinstance.py:3134} INFO - Exporting env vars: AIRFLOW_CTX_DAG_OWNER='***' AIRFLOW_CTX_DAG_ID='image_ocr_v2' AIRFLOW_CTX_TASK_ID='img_preprocess_task' AIRFLOW_CTX_EXECUTION_DATE='2025-06-16T08:15:38.165127+00:00' AIRFLOW_CTX_TRY_NUMBER='1' AIRFLOW_CTX_DAG_RUN_ID='manual__2025-06-16T08:15:38.165127+00:00'
[2025-06-16T17:15:44.718+0900] {taskinstance.py:732} INFO - ::endgroup::
[2025-06-16T17:15:44.721+0900] {logging_mixin.py:190} INFO - empty map check {} {'process_id': '_ab9b8cc6-cdd5-4c3c-bc5b-5009b5962af8_pre', 'folder_path': 'c4abd58d-61d4-45d0-9234-b3e8b1f4b2d5/ab9b8cc6-cdd5-4c3c-bc5b-5009b5962af8', 'step_list': [{'name': 'cache', 'param': {'key': 'origin'}}, {'name': 'calc_angle_set3', 'param': {'key': 'angle1', 'iterations': 3, 'iter_save': True}}, {'name': 'calc_angle_set2', 'param': {'key': 'angle2', 'iterations': 1, 'iter_save': True}}, {'name': 'threshold', 'param': {}}, {'name': 'save', 'param': {'key': 'classify_preprocess'}}], 'result_file_list': []}
[2025-06-16T17:15:44.722+0900] {logging_mixin.py:190} INFO - step : cache
[2025-06-16T17:15:44.722+0900] {logging_mixin.py:190} INFO - step : calc_angle_set3
[2025-06-16T17:15:44.804+0900] {logging_mixin.py:190} INFO - file_copy: /opt/***/data/temp/c4abd58d-61d4-45d0-9234-b3e8b1f4b2d5/ab9b8cc6-cdd5-4c3c-bc5b-5009b5962af8/rotate31_1.png
[2025-06-16T17:15:44.859+0900] {logging_mixin.py:190} INFO - file_copy: /opt/***/data/temp/c4abd58d-61d4-45d0-9234-b3e8b1f4b2d5/ab9b8cc6-cdd5-4c3c-bc5b-5009b5962af8/rotate32_1.png
[2025-06-16T17:15:44.898+0900] {logging_mixin.py:190} INFO - file_copy: /opt/***/data/temp/c4abd58d-61d4-45d0-9234-b3e8b1f4b2d5/ab9b8cc6-cdd5-4c3c-bc5b-5009b5962af8/rotate33_1.png
[2025-06-16T17:15:44.975+0900] {logging_mixin.py:190} INFO - step : calc_angle_set2
[2025-06-16T17:15:50.793+0900] {logging_mixin.py:190} INFO - file_copy: /opt/***/data/temp/c4abd58d-61d4-45d0-9234-b3e8b1f4b2d5/ab9b8cc6-cdd5-4c3c-bc5b-5009b5962af8/rotate2_1.png
[2025-06-16T17:15:52.141+0900] {logging_mixin.py:190} INFO - osd 1 90 90 7.43 Latin 1.18
[2025-06-16T17:15:52.230+0900] {logging_mixin.py:190} INFO - step : threshold
[2025-06-16T17:15:52.238+0900] {logging_mixin.py:190} INFO - step : save
[2025-06-16T17:15:52.293+0900] {logging_mixin.py:190} INFO - file_copy: /opt/***/data/temp/c4abd58d-61d4-45d0-9234-b3e8b1f4b2d5/ab9b8cc6-cdd5-4c3c-bc5b-5009b5962af8/classify_preprocess.png
[2025-06-16T17:15:52.298+0900] {python.py:240} INFO - Done. Returned value was: {'file_id': 'c4abd58d-61d4-45d0-9234-b3e8b1f4b2d5', 'file_path': '/opt/***/data/upload/Gas Engine 점검일지_ 2021년 2월.pdf-image-011.jpg', 'result': {'process_id': '_ab9b8cc6-cdd5-4c3c-bc5b-5009b5962af8_pre', 'folder_path': 'c4abd58d-61d4-45d0-9234-b3e8b1f4b2d5/ab9b8cc6-cdd5-4c3c-bc5b-5009b5962af8', 'step_list': [{'name': 'cache', 'param': {'key': 'origin'}}, {'name': 'calc_angle_set3', 'param': {'key': 'angle1', 'iterations': 3, 'iter_save': True}}, {'name': 'calc_angle_set2', 'param': {'key': 'angle2', 'iterations': 1, 'iter_save': True}}, {'name': 'threshold', 'param': {}}, {'name': 'save', 'param': {'key': 'classify_preprocess'}}], 'result_file_list': [{'key': 'rotate31_1', 'path': '/opt/***/data/temp/c4abd58d-61d4-45d0-9234-b3e8b1f4b2d5/ab9b8cc6-cdd5-4c3c-bc5b-5009b5962af8/rotate31_1.png'}, {'key': 'rotate32_1', 'path': '/opt/***/data/temp/c4abd58d-61d4-45d0-9234-b3e8b1f4b2d5/ab9b8cc6-cdd5-4c3c-bc5b-5009b5962af8/rotate32_1.png'}, {'key': 'rotate33_1', 'path': '/opt/***/data/temp/c4abd58d-61d4-45d0-9234-b3e8b1f4b2d5/ab9b8cc6-cdd5-4c3c-bc5b-5009b5962af8/rotate33_1.png'}, {'key': 'rotate2_1', 'path': '/opt/***/data/temp/c4abd58d-61d4-45d0-9234-b3e8b1f4b2d5/ab9b8cc6-cdd5-4c3c-bc5b-5009b5962af8/rotate2_1.png'}, {'key': 'classify_preprocess', 'path': '/opt/***/data/temp/c4abd58d-61d4-45d0-9234-b3e8b1f4b2d5/ab9b8cc6-cdd5-4c3c-bc5b-5009b5962af8/classify_preprocess.png'}]}}
[2025-06-16T17:15:52.324+0900] {taskinstance.py:341} INFO - ::group::Post task execution logs
[2025-06-16T17:15:52.324+0900] {taskinstance.py:353} INFO - Marking task as SUCCESS. dag_id=image_ocr_v2, task_id=img_preprocess_task, run_id=manual__2025-06-16T08:15:38.165127+00:00, map_index=0, execution_date=20250616T081538, start_date=20250616T081544, end_date=20250616T081552
[2025-06-16T17:15:52.393+0900] {local_task_job_runner.py:266} INFO - Task exited with return code 0
[2025-06-16T17:15:52.400+0900] {local_task_job_runner.py:245} INFO - ::endgroup::
