[2025-06-25T18:39:03.746+0900] {local_task_job_runner.py:123} INFO - ::group::Pre task execution logs
[2025-06-25T18:39:03.877+0900] {taskinstance.py:2614} INFO - Dependencies all met for dep_context=non-requeueable deps ti=<TaskInstance: lilt_document_classifier_balanced_V0.1.img_preprocess_task__1 manual__2025-06-25T09:28:52.715795+00:00 map_index=56 [queued]>
[2025-06-25T18:39:03.912+0900] {taskinstance.py:2614} INFO - Dependencies all met for dep_context=requeueable deps ti=<TaskInstance: lilt_document_classifier_balanced_V0.1.img_preprocess_task__1 manual__2025-06-25T09:28:52.715795+00:00 map_index=56 [queued]>
[2025-06-25T18:39:03.913+0900] {taskinstance.py:2867} INFO - Starting attempt 1 of 1
[2025-06-25T18:39:03.947+0900] {taskinstance.py:2890} INFO - Executing <Mapped(_PythonDecoratedOperator): img_preprocess_task__1> on 2025-06-25 09:28:52.715795+00:00
[2025-06-25T18:39:03.996+0900] {warnings.py:112} WARNING - /home/***/.local/lib/python3.12/site-packages/***/task/task_runner/standard_task_runner.py:70: DeprecationWarning: This process (pid=3041) is multi-threaded, use of fork() may lead to deadlocks in the child.
  pid = os.fork()

[2025-06-25T18:39:04.005+0900] {standard_task_runner.py:72} INFO - Started process 3113 to run task
[2025-06-25T18:39:04.003+0900] {standard_task_runner.py:104} INFO - Running: ['***', 'tasks', 'run', 'lilt_document_classifier_balanced_V0.1', 'img_preprocess_task__1', 'manual__2025-06-25T09:28:52.715795+00:00', '--job-id', '5444', '--raw', '--subdir', 'DAGS_FOLDER/class_create_dag.py', '--cfg-path', '/tmp/tmp9ea_h2jn', '--map-index', '56']
[2025-06-25T18:39:04.026+0900] {standard_task_runner.py:105} INFO - Job 5444: Subtask img_preprocess_task__1
[2025-06-25T18:39:04.212+0900] {task_command.py:467} INFO - Running <TaskInstance: lilt_document_classifier_balanced_V0.1.img_preprocess_task__1 manual__2025-06-25T09:28:52.715795+00:00 map_index=56 [running]> on host f6d4228a9eb8
[2025-06-25T18:39:05.906+0900] {taskinstance.py:3134} INFO - Exporting env vars: AIRFLOW_CTX_DAG_OWNER='***' AIRFLOW_CTX_DAG_ID='lilt_document_classifier_balanced_V0.1' AIRFLOW_CTX_TASK_ID='img_preprocess_task__1' AIRFLOW_CTX_EXECUTION_DATE='2025-06-25T09:28:52.715795+00:00' AIRFLOW_CTX_TRY_NUMBER='1' AIRFLOW_CTX_DAG_RUN_ID='manual__2025-06-25T09:28:52.715795+00:00'
[2025-06-25T18:39:05.910+0900] {taskinstance.py:732} INFO - ::endgroup::
[2025-06-25T18:39:05.914+0900] {logging_mixin.py:190} INFO - empty map check {} {}
[2025-06-25T18:39:05.915+0900] {logging_mixin.py:190} INFO - step : cache
[2025-06-25T18:39:05.918+0900] {logging_mixin.py:190} INFO - step : calc_angle_set2
[2025-06-25T18:39:06.881+0900] {logging_mixin.py:190} INFO - osd 1 0.0 0.0 5 14882 [0, 0, 0, 0, 0, 14882, 2, 0, 0, 0, 0]
[2025-06-25T18:39:07.715+0900] {logging_mixin.py:190} INFO - osd 2 0.0 0.0 5 14882 [0, 0, 0, 0, 0, 14882, 2, 0, 0, 0, 0]
[2025-06-25T18:39:07.760+0900] {logging_mixin.py:190} INFO - step : calc_angle_set2
[2025-06-25T18:39:09.372+0900] {logging_mixin.py:190} INFO - osd 1 0.0 0.0 8 14882 [0, 11, 32, 139, 199, 601, 4531, 9073, 14882, 8350, 3654, 349, 125, 145, 55, 19, 2]
[2025-06-25T18:39:11.266+0900] {logging_mixin.py:190} INFO - osd 2 0.0 0.0 8 14882 [0, 11, 32, 139, 199, 601, 4531, 9073, 14882, 8350, 3654, 349, 125, 145, 55, 19, 2]
[2025-06-25T18:39:11.320+0900] {logging_mixin.py:190} INFO - step : calc_angle_set2
[2025-06-25T18:39:12.924+0900] {logging_mixin.py:190} INFO - osd 1 -0.125 -0.125 7 15619 [9073, 9749, 10658, 12004, 13028, 14371, 15067, 15619, 14882, 14340, 12846, 11871, 10625, 9812, 9358, 8748, 8350]
[2025-06-25T18:39:13.726+0900] {logging_mixin.py:190} INFO - osd 2 -0.25 -0.125 7 15998 [9164, 9691, 10198, 11157, 12485, 13883, 14536, 15998, 15746, 15254, 14696, 13367, 12337, 11170, 10380, 9830, 9329]
[2025-06-25T18:39:13.750+0900] {logging_mixin.py:190} INFO - step : text_orientation_set
[2025-06-25T18:39:19.016+0900] {logging_mixin.py:190} INFO - osd 1 break  0 0 2.01 Latin 0.4
[2025-06-25T18:39:19.219+0900] {logging_mixin.py:190} INFO - file_copy: /opt/***/data/temp/b06d50ba-14d5-4999-b91b-cc9a7f0a6fe8/63dc0352-762b-4ef6-bbb7-5f564875ee93/_result.png
[2025-06-25T18:39:19.248+0900] {python.py:240} INFO - Done. Returned value was: {'file_id': 'b06d50ba-14d5-4999-b91b-cc9a7f0a6fe8', 'file_path': '/opt/***/data/class/a_class/classify/ready/false/copied_19_2075175828_5868.png', 'false': {'process_id': '_63dc0352-762b-4ef6-bbb7-5f564875ee93_pre', 'folder_path': 'b06d50ba-14d5-4999-b91b-cc9a7f0a6fe8/63dc0352-762b-4ef6-bbb7-5f564875ee93', 'step_list': [{'name': 'cache', 'param': {'cache_key': 'origin'}}, {'name': 'calc_angle_set2', 'param': {'angle_key': 'angle2_1', 'delta': 8.0, 'limit': 40, 'iterations': 2, 'iter_save': False}}, {'name': 'calc_angle_set2', 'param': {'angle_key': 'angle2_2', 'delta': 1.0, 'limit': 8, 'iterations': 2, 'iter_save': False}}, {'name': 'calc_angle_set2', 'param': {'angle_key': 'angle2_3', 'delta': 0.125, 'limit': 1, 'iterations': 2, 'iter_save': False}}, {'name': 'text_orientation_set', 'param': {'angle_key': 'orint', 'iterations': 3, 'iter_save': False}}], 'result_file_map': {'_result': '/opt/***/data/temp/b06d50ba-14d5-4999-b91b-cc9a7f0a6fe8/63dc0352-762b-4ef6-bbb7-5f564875ee93/_result.png'}}}
[2025-06-25T18:39:19.444+0900] {taskinstance.py:341} INFO - ::group::Post task execution logs
[2025-06-25T18:39:19.448+0900] {taskinstance.py:353} INFO - Marking task as SUCCESS. dag_id=lilt_document_classifier_balanced_V0.1, task_id=img_preprocess_task__1, run_id=manual__2025-06-25T09:28:52.715795+00:00, map_index=56, execution_date=20250625T092852, start_date=20250625T093903, end_date=20250625T093919
[2025-06-25T18:39:19.705+0900] {local_task_job_runner.py:266} INFO - Task exited with return code 0
[2025-06-25T18:39:19.719+0900] {local_task_job_runner.py:245} INFO - ::endgroup::
