[2025-06-13T00:15:54.959+0000] {local_task_job_runner.py:123} INFO - ::group::Pre task execution logs
[2025-06-13T00:15:54.976+0000] {taskinstance.py:2614} INFO - Dependencies all met for dep_context=non-requeueable deps ti=<TaskInstance: layoutxlm_document_classifier_balanced.balance_false_images manual__2025-06-13T00:15:38.690899+00:00 [queued]>
[2025-06-13T00:15:54.984+0000] {taskinstance.py:2614} INFO - Dependencies all met for dep_context=requeueable deps ti=<TaskInstance: layoutxlm_document_classifier_balanced.balance_false_images manual__2025-06-13T00:15:38.690899+00:00 [queued]>
[2025-06-13T00:15:54.984+0000] {taskinstance.py:2867} INFO - Starting attempt 1 of 1
[2025-06-13T00:15:54.996+0000] {taskinstance.py:2890} INFO - Executing <Task(_PythonDecoratedOperator): balance_false_images> on 2025-06-13 00:15:38.690899+00:00
[2025-06-13T00:15:55.007+0000] {warnings.py:112} WARNING - /home/***/.local/lib/python3.12/site-packages/***/task/task_runner/standard_task_runner.py:70: DeprecationWarning: This process (pid=11603) is multi-threaded, use of fork() may lead to deadlocks in the child.
  pid = os.fork()

[2025-06-13T00:15:55.009+0000] {standard_task_runner.py:72} INFO - Started process 11604 to run task
[2025-06-13T00:15:55.009+0000] {standard_task_runner.py:104} INFO - Running: ['***', 'tasks', 'run', 'layoutxlm_document_classifier_balanced', 'balance_false_images', 'manual__2025-06-13T00:15:38.690899+00:00', '--job-id', '4', '--raw', '--subdir', 'DAGS_FOLDER/class_create_dag.py', '--cfg-path', '/tmp/tmplebjr6ej']
[2025-06-13T00:15:55.013+0000] {standard_task_runner.py:105} INFO - Job 4: Subtask balance_false_images
[2025-06-13T00:15:55.113+0000] {task_command.py:467} INFO - Running <TaskInstance: layoutxlm_document_classifier_balanced.balance_false_images manual__2025-06-13T00:15:38.690899+00:00 [running]> on host 1b4dc43139a5
[2025-06-13T00:15:55.444+0000] {taskinstance.py:3134} INFO - Exporting env vars: AIRFLOW_CTX_DAG_OWNER='***' AIRFLOW_CTX_DAG_ID='layoutxlm_document_classifier_balanced' AIRFLOW_CTX_TASK_ID='balance_false_images' AIRFLOW_CTX_EXECUTION_DATE='2025-06-13T00:15:38.690899+00:00' AIRFLOW_CTX_TRY_NUMBER='1' AIRFLOW_CTX_DAG_RUN_ID='manual__2025-06-13T00:15:38.690899+00:00'
[2025-06-13T00:15:55.449+0000] {taskinstance.py:732} INFO - ::endgroup::
[2025-06-13T00:15:55.460+0000] {logging_mixin.py:190} INFO - 경고: NONE_DOC_IMAGE_DIR에 파일이 부족합니다. (필요: 18, 보유: 0)
[2025-06-13T00:15:55.465+0000] {logging_mixin.py:190} INFO - 총 0개 파일을 복사했습니다.
[2025-06-13T00:15:55.466+0000] {logging_mixin.py:190} INFO - FALSE_IMAGE_DIR 총 파일 개수: 0
[2025-06-13T00:15:55.468+0000] {python.py:240} INFO - Done. Returned value was: {'copied_count': 0, 'total_false_count': 0}
[2025-06-13T00:15:55.546+0000] {taskinstance.py:341} INFO - ::group::Post task execution logs
[2025-06-13T00:15:55.548+0000] {taskinstance.py:353} INFO - Marking task as SUCCESS. dag_id=layoutxlm_document_classifier_balanced, task_id=balance_false_images, run_id=manual__2025-06-13T00:15:38.690899+00:00, execution_date=20250613T001538, start_date=20250613T001554, end_date=20250613T001555
[2025-06-13T00:15:55.682+0000] {local_task_job_runner.py:266} INFO - Task exited with return code 0
[2025-06-13T00:15:55.758+0000] {taskinstance.py:3901} INFO - 0 downstream tasks scheduled from follow-on schedule check
[2025-06-13T00:15:55.763+0000] {local_task_job_runner.py:245} INFO - ::endgroup::
