[2025-06-25T18:43:55.052+0900] {local_task_job_runner.py:123} INFO - ::group::Pre task execution logs
[2025-06-25T18:43:55.088+0900] {taskinstance.py:2614} INFO - Dependencies all met for dep_context=non-requeueable deps ti=<TaskInstance: lilt_document_classifier_balanced_V0.1.img_preprocess_task manual__2025-06-25T09:28:52.715795+00:00 map_index=91 [queued]>
[2025-06-25T18:43:55.109+0900] {taskinstance.py:2614} INFO - Dependencies all met for dep_context=requeueable deps ti=<TaskInstance: lilt_document_classifier_balanced_V0.1.img_preprocess_task manual__2025-06-25T09:28:52.715795+00:00 map_index=91 [queued]>
[2025-06-25T18:43:55.110+0900] {taskinstance.py:2867} INFO - Starting attempt 1 of 1
[2025-06-25T18:43:55.133+0900] {taskinstance.py:2890} INFO - Executing <Mapped(_PythonDecoratedOperator): img_preprocess_task> on 2025-06-25 09:28:52.715795+00:00
[2025-06-25T18:43:55.168+0900] {warnings.py:112} WARNING - /home/***/.local/lib/python3.12/site-packages/***/task/task_runner/standard_task_runner.py:70: DeprecationWarning: This process (pid=4409) is multi-threaded, use of fork() may lead to deadlocks in the child.
  pid = os.fork()

[2025-06-25T18:43:55.170+0900] {standard_task_runner.py:72} INFO - Started process 4509 to run task
[2025-06-25T18:43:55.174+0900] {standard_task_runner.py:104} INFO - Running: ['***', 'tasks', 'run', 'lilt_document_classifier_balanced_V0.1', 'img_preprocess_task', 'manual__2025-06-25T09:28:52.715795+00:00', '--job-id', '5514', '--raw', '--subdir', 'DAGS_FOLDER/class_create_dag.py', '--cfg-path', '/tmp/tmplp02x_g0', '--map-index', '91']
[2025-06-25T18:43:55.181+0900] {standard_task_runner.py:105} INFO - Job 5514: Subtask img_preprocess_task
[2025-06-25T18:43:55.296+0900] {task_command.py:467} INFO - Running <TaskInstance: lilt_document_classifier_balanced_V0.1.img_preprocess_task manual__2025-06-25T09:28:52.715795+00:00 map_index=91 [running]> on host f6d4228a9eb8
[2025-06-25T18:43:55.540+0900] {taskinstance.py:3134} INFO - Exporting env vars: AIRFLOW_CTX_DAG_OWNER='***' AIRFLOW_CTX_DAG_ID='lilt_document_classifier_balanced_V0.1' AIRFLOW_CTX_TASK_ID='img_preprocess_task' AIRFLOW_CTX_EXECUTION_DATE='2025-06-25T09:28:52.715795+00:00' AIRFLOW_CTX_TRY_NUMBER='1' AIRFLOW_CTX_DAG_RUN_ID='manual__2025-06-25T09:28:52.715795+00:00'
[2025-06-25T18:43:55.566+0900] {taskinstance.py:732} INFO - ::endgroup::
[2025-06-25T18:43:55.583+0900] {logging_mixin.py:190} INFO - empty map check {} {}
[2025-06-25T18:43:55.602+0900] {logging_mixin.py:190} INFO - step : cache
[2025-06-25T18:43:55.604+0900] {logging_mixin.py:190} INFO - step : calc_angle_set2
[2025-06-25T18:44:01.880+0900] {logging_mixin.py:190} INFO - osd 1 0 0 4 26 [0, 0, 0, 0, 26, 17, 0, 0, 0, 0, 0]
[2025-06-25T18:44:10.023+0900] {logging_mixin.py:190} INFO - osd 2 0 0 4 26 [0, 0, 0, 0, 26, 17, 0, 0, 0, 0, 0]
[2025-06-25T18:44:10.099+0900] {logging_mixin.py:190} INFO - step : calc_angle_set2
[2025-06-25T18:44:17.538+0900] {logging_mixin.py:190} INFO - osd 1 -4.0 -4.0 4 156370 [26, 23, 19, 46673, 156370, 19629, 23, 25, 17, 11, 11, 3, 0, 0, 0, 0, 0]
[2025-06-25T18:44:23.047+0900] {logging_mixin.py:190} INFO - osd 2 -4.0 0.0 8 146941 [0, 0, 0, 0, 0, 0, 0, 40270, 146941, 11970, 0, 0, 0, 0, 0, 0, 0]
[2025-06-25T18:44:23.087+0900] {logging_mixin.py:190} INFO - step : calc_angle_set2
[2025-06-25T18:44:30.119+0900] {logging_mixin.py:190} INFO - osd 1 -0.125 -0.125 7 191058 [40270, 52768, 65267, 77695, 90106, 123070, 166393, 191058, 146941, 107422, 85691, 73276, 60933, 48295, 35686, 23552, 11970]
[2025-06-25T18:44:34.213+0900] {logging_mixin.py:190} INFO - osd 2 -0.125 0.0 8 194531 [30598, 43129, 55998, 68345, 80984, 93440, 129013, 172349, 194531, 153286, 112679, 88296, 75807, 63232, 51258, 38636, 26327]
[2025-06-25T18:44:34.281+0900] {logging_mixin.py:190} INFO - step : text_orientation_set
[2025-06-25T18:44:38.726+0900] {logging_mixin.py:190} INFO - osd 1 break  0 0 6.67 Korean 1.56
[2025-06-25T18:44:38.812+0900] {logging_mixin.py:190} INFO - file_copy: /opt/***/data/temp/4219e105-4ac7-4cbd-a8df-153b19abea0d/0203f45b-f775-4495-84ef-40fcf31abdbd/_result.png
[2025-06-25T18:44:38.817+0900] {python.py:240} INFO - Done. Returned value was: {'file_id': '4219e105-4ac7-4cbd-a8df-153b19abea0d', 'file_path': '/opt/***/data/class/a_class/classify/ready/true/동선동 나성빌딩 - 정부24 - 건축물대장 등본(초본) 발급(열람) _ 문서출력_page_1_aug0.png', 'true': {'process_id': '_0203f45b-f775-4495-84ef-40fcf31abdbd_pre', 'folder_path': '4219e105-4ac7-4cbd-a8df-153b19abea0d/0203f45b-f775-4495-84ef-40fcf31abdbd', 'step_list': [{'name': 'cache', 'param': {'cache_key': 'origin'}}, {'name': 'calc_angle_set2', 'param': {'angle_key': 'angle2_1', 'delta': 8.0, 'limit': 40, 'iterations': 2, 'iter_save': False}}, {'name': 'calc_angle_set2', 'param': {'angle_key': 'angle2_2', 'delta': 1.0, 'limit': 8, 'iterations': 2, 'iter_save': False}}, {'name': 'calc_angle_set2', 'param': {'angle_key': 'angle2_3', 'delta': 0.125, 'limit': 1, 'iterations': 2, 'iter_save': False}}, {'name': 'text_orientation_set', 'param': {'angle_key': 'orint', 'iterations': 3, 'iter_save': False}}], 'result_file_map': {'_result': '/opt/***/data/temp/4219e105-4ac7-4cbd-a8df-153b19abea0d/0203f45b-f775-4495-84ef-40fcf31abdbd/_result.png'}}}
[2025-06-25T18:44:38.845+0900] {taskinstance.py:341} INFO - ::group::Post task execution logs
[2025-06-25T18:44:38.846+0900] {taskinstance.py:353} INFO - Marking task as SUCCESS. dag_id=lilt_document_classifier_balanced_V0.1, task_id=img_preprocess_task, run_id=manual__2025-06-25T09:28:52.715795+00:00, map_index=91, execution_date=20250625T092852, start_date=20250625T094355, end_date=20250625T094438
[2025-06-25T18:44:38.892+0900] {local_task_job_runner.py:266} INFO - Task exited with return code 0
[2025-06-25T18:44:38.924+0900] {taskinstance.py:3901} INFO - 1 downstream tasks scheduled from follow-on schedule check
[2025-06-25T18:44:38.928+0900] {local_task_job_runner.py:245} INFO - ::endgroup::
