[2025-06-16T14:52:28.299+0900] {local_task_job_runner.py:123} INFO - ::group::Pre task execution logs
[2025-06-16T14:52:28.364+0900] {taskinstance.py:2614} INFO - Dependencies all met for dep_context=non-requeueable deps ti=<TaskInstance: layoutxlm_document_classifier_balanced_V0.1.img_preprocess_task__1 manual__2025-06-16T05:52:15.879802+00:00 map_index=7 [queued]>
[2025-06-16T14:52:28.402+0900] {taskinstance.py:2614} INFO - Dependencies all met for dep_context=requeueable deps ti=<TaskInstance: layoutxlm_document_classifier_balanced_V0.1.img_preprocess_task__1 manual__2025-06-16T05:52:15.879802+00:00 map_index=7 [queued]>
[2025-06-16T14:52:28.405+0900] {taskinstance.py:2867} INFO - Starting attempt 1 of 1
[2025-06-16T14:52:28.469+0900] {taskinstance.py:2890} INFO - Executing <Mapped(_PythonDecoratedOperator): img_preprocess_task__1> on 2025-06-16 05:52:15.879802+00:00
[2025-06-16T14:52:28.485+0900] {warnings.py:112} WARNING - /home/***/.local/lib/python3.12/site-packages/***/task/task_runner/standard_task_runner.py:70: DeprecationWarning: This process (pid=4856) is multi-threaded, use of fork() may lead to deadlocks in the child.
  pid = os.fork()

[2025-06-16T14:52:28.494+0900] {standard_task_runner.py:72} INFO - Started process 4900 to run task
[2025-06-16T14:52:28.495+0900] {standard_task_runner.py:104} INFO - Running: ['***', 'tasks', 'run', 'layoutxlm_document_classifier_balanced_V0.1', 'img_preprocess_task__1', 'manual__2025-06-16T05:52:15.879802+00:00', '--job-id', '252', '--raw', '--subdir', 'DAGS_FOLDER/class_create_dag.py', '--cfg-path', '/tmp/tmpw4s_atuf', '--map-index', '7']
[2025-06-16T14:52:28.509+0900] {standard_task_runner.py:105} INFO - Job 252: Subtask img_preprocess_task__1
[2025-06-16T14:52:28.614+0900] {task_command.py:467} INFO - Running <TaskInstance: layoutxlm_document_classifier_balanced_V0.1.img_preprocess_task__1 manual__2025-06-16T05:52:15.879802+00:00 map_index=7 [running]> on host f6d4228a9eb8
[2025-06-16T14:52:28.922+0900] {taskinstance.py:3134} INFO - Exporting env vars: AIRFLOW_CTX_DAG_OWNER='***' AIRFLOW_CTX_DAG_ID='layoutxlm_document_classifier_balanced_V0.1' AIRFLOW_CTX_TASK_ID='img_preprocess_task__1' AIRFLOW_CTX_EXECUTION_DATE='2025-06-16T05:52:15.879802+00:00' AIRFLOW_CTX_TRY_NUMBER='1' AIRFLOW_CTX_DAG_RUN_ID='manual__2025-06-16T05:52:15.879802+00:00'
[2025-06-16T14:52:28.928+0900] {taskinstance.py:732} INFO - ::endgroup::
[2025-06-16T14:52:28.932+0900] {logging_mixin.py:190} INFO - empty map check {} {'process_id': '_f20ea324-ff82-47fb-8860-4299b0bb9cc2_pre', 'folder_path': 'f5199253-6c05-46f5-b124-6f7f7616832b/f20ea324-ff82-47fb-8860-4299b0bb9cc2', 'step_list': [{'name': 'calc_angle_set1', 'param': {'key': 'angle1', 'iterations': 3}}, {'name': 'calc_angle_set2', 'param': {'key': 'angle2', 'iterations': 3}}, {'name': 'threshold', 'param': {}}, {'name': 'morphology1', 'param': {}}, {'name': 'save', 'param': {'key': 'classify_preprocess'}}], 'result_file_list': []}
[2025-06-16T14:52:28.938+0900] {logging_mixin.py:190} INFO - step : calc_angle_set1
[2025-06-16T14:52:28.968+0900] {logging_mixin.py:190} INFO - step : calc_angle_set2
[2025-06-16T14:52:37.096+0900] {logging_mixin.py:190} INFO - osd 1 180 180 1.03 Latin 1.67
[2025-06-16T14:52:44.438+0900] {logging_mixin.py:190} INFO - step : threshold
[2025-06-16T14:52:44.443+0900] {logging_mixin.py:190} INFO - step : morphology1
[2025-06-16T14:52:44.452+0900] {logging_mixin.py:190} INFO - step : save
[2025-06-16T14:52:44.479+0900] {logging_mixin.py:190} INFO - file_copy: /opt/***/data/temp/f5199253-6c05-46f5-b124-6f7f7616832b/f20ea324-ff82-47fb-8860-4299b0bb9cc2/classify_preprocess.png
[2025-06-16T14:52:44.498+0900] {python.py:240} INFO - Done. Returned value was: {'file_id': 'f5199253-6c05-46f5-b124-6f7f7616832b', 'file_path': '/opt/***/data/class/a_class/classify/origin/false/copied_1_50597642-7643.png', 'false': {'process_id': '_f20ea324-ff82-47fb-8860-4299b0bb9cc2_pre', 'folder_path': 'f5199253-6c05-46f5-b124-6f7f7616832b/f20ea324-ff82-47fb-8860-4299b0bb9cc2', 'step_list': [{'name': 'calc_angle_set1', 'param': {'key': 'angle1', 'iterations': 3}}, {'name': 'calc_angle_set2', 'param': {'key': 'angle2', 'iterations': 3}}, {'name': 'threshold', 'param': {}}, {'name': 'morphology1', 'param': {}}, {'name': 'save', 'param': {'key': 'classify_preprocess'}}], 'result_file_list': [{'key': 'classify_preprocess', 'path': '/opt/***/data/temp/f5199253-6c05-46f5-b124-6f7f7616832b/f20ea324-ff82-47fb-8860-4299b0bb9cc2/classify_preprocess.png'}]}}
[2025-06-16T14:52:44.549+0900] {taskinstance.py:341} INFO - ::group::Post task execution logs
[2025-06-16T14:52:44.552+0900] {taskinstance.py:353} INFO - Marking task as SUCCESS. dag_id=layoutxlm_document_classifier_balanced_V0.1, task_id=img_preprocess_task__1, run_id=manual__2025-06-16T05:52:15.879802+00:00, map_index=7, execution_date=20250616T055215, start_date=20250616T055228, end_date=20250616T055244
[2025-06-16T14:52:44.653+0900] {local_task_job_runner.py:266} INFO - Task exited with return code 0
[2025-06-16T14:52:44.702+0900] {taskinstance.py:3901} INFO - 0 downstream tasks scheduled from follow-on schedule check
[2025-06-16T14:52:44.714+0900] {local_task_job_runner.py:245} INFO - ::endgroup::
