[2025-06-24T16:40:35.781+0900] {local_task_job_runner.py:123} INFO - ::group::Pre task execution logs
[2025-06-24T16:40:35.854+0900] {taskinstance.py:2614} INFO - Dependencies all met for dep_context=non-requeueable deps ti=<TaskInstance: lilt_document_classifier_balanced_V0.1.img_preprocess_task__1 manual__2025-06-24T07:39:02.784990+00:00 map_index=11 [queued]>
[2025-06-24T16:40:35.890+0900] {taskinstance.py:2614} INFO - Dependencies all met for dep_context=requeueable deps ti=<TaskInstance: lilt_document_classifier_balanced_V0.1.img_preprocess_task__1 manual__2025-06-24T07:39:02.784990+00:00 map_index=11 [queued]>
[2025-06-24T16:40:35.898+0900] {taskinstance.py:2867} INFO - Starting attempt 1 of 1
[2025-06-24T16:40:35.936+0900] {taskinstance.py:2890} INFO - Executing <Mapped(_PythonDecoratedOperator): img_preprocess_task__1> on 2025-06-24 07:39:02.784990+00:00
[2025-06-24T16:40:35.988+0900] {standard_task_runner.py:104} INFO - Running: ['***', 'tasks', 'run', 'lilt_document_classifier_balanced_V0.1', 'img_preprocess_task__1', 'manual__2025-06-24T07:39:02.784990+00:00', '--job-id', '4438', '--raw', '--subdir', 'DAGS_FOLDER/class_create_dag.py', '--cfg-path', '/tmp/tmpp8gzh5bc', '--map-index', '11']
[2025-06-24T16:40:35.998+0900] {standard_task_runner.py:105} INFO - Job 4438: Subtask img_preprocess_task__1
[2025-06-24T16:40:35.992+0900] {warnings.py:112} WARNING - /home/***/.local/lib/python3.12/site-packages/***/task/task_runner/standard_task_runner.py:70: DeprecationWarning: This process (pid=54047) is multi-threaded, use of fork() may lead to deadlocks in the child.
  pid = os.fork()

[2025-06-24T16:40:36.008+0900] {standard_task_runner.py:72} INFO - Started process 54125 to run task
[2025-06-24T16:40:36.116+0900] {task_command.py:467} INFO - Running <TaskInstance: lilt_document_classifier_balanced_V0.1.img_preprocess_task__1 manual__2025-06-24T07:39:02.784990+00:00 map_index=11 [running]> on host f6d4228a9eb8
[2025-06-24T16:40:36.423+0900] {taskinstance.py:3134} INFO - Exporting env vars: AIRFLOW_CTX_DAG_OWNER='***' AIRFLOW_CTX_DAG_ID='lilt_document_classifier_balanced_V0.1' AIRFLOW_CTX_TASK_ID='img_preprocess_task__1' AIRFLOW_CTX_EXECUTION_DATE='2025-06-24T07:39:02.784990+00:00' AIRFLOW_CTX_TRY_NUMBER='1' AIRFLOW_CTX_DAG_RUN_ID='manual__2025-06-24T07:39:02.784990+00:00'
[2025-06-24T16:40:36.426+0900] {taskinstance.py:732} INFO - ::endgroup::
[2025-06-24T16:40:36.431+0900] {logging_mixin.py:190} INFO - empty map check {} {'process_id': '_41df4c2e-8a2b-41b6-9747-02cdd7a50eec_pre', 'folder_path': '4e8fd60d-54b0-4d1f-b44e-a92f738876f6/41df4c2e-8a2b-41b6-9747-02cdd7a50eec', 'step_list': [{'name': 'cache', 'param': {'key': 'origin'}}, {'name': 'calc_angle_set2', 'param': {'key': 'angle1', 'iterations': 4, 'iter_save': False}}, {'name': 'text_orientation_set', 'param': {'key': 'angle2', 'iterations': 4, 'iter_save': False}}, {'name': 'load', 'param': {'key': 'origin'}}, {'name': 'rotate', 'param': {'key': 'angle1'}}, {'name': 'rotate', 'param': {'key': 'angle2'}}], 'result_file_map': {}}
[2025-06-24T16:40:36.436+0900] {logging_mixin.py:190} INFO - step : cache
[2025-06-24T16:40:36.437+0900] {logging_mixin.py:190} INFO - step : calc_angle_set2
[2025-06-24T16:40:40.182+0900] {logging_mixin.py:190} INFO - osd 1 0.0 0.0 20 517445 [425291, 429010, 433234, 437121, 441025, 445435, 450456, 455241, 458977, 464170, 468389, 473195, 479842, 483570, 487658, 492862, 497923, 502597, 506956, 509983, 517445, 509356, 504983, 499448, 493038, 489066, 482655, 477860, 472726, 467761, 463807, 457113, 453391, 448331, 442480, 438588, 435632, 430445, 426468, 423169, 420032]
[2025-06-24T16:40:44.012+0900] {logging_mixin.py:190} INFO - osd 2 0.0 0.0 20 517445 [425291, 429010, 433234, 437121, 441025, 445435, 450456, 455241, 458977, 464170, 468389, 473195, 479842, 483570, 487658, 492862, 497923, 502597, 506956, 509983, 517445, 509356, 504983, 499448, 493038, 489066, 482655, 477860, 472726, 467761, 463807, 457113, 453391, 448331, 442480, 438588, 435632, 430445, 426468, 423169, 420032]
[2025-06-24T16:40:49.528+0900] {logging_mixin.py:190} INFO - osd 3 0.0 0.0 20 517445 [425291, 429010, 433234, 437121, 441025, 445435, 450456, 455241, 458977, 464170, 468389, 473195, 479842, 483570, 487658, 492862, 497923, 502597, 506956, 509983, 517445, 509356, 504983, 499448, 493038, 489066, 482655, 477860, 472726, 467761, 463807, 457113, 453391, 448331, 442480, 438588, 435632, 430445, 426468, 423169, 420032]
[2025-06-24T16:40:52.700+0900] {logging_mixin.py:190} INFO - osd 4 0.0 0.0 20 517445 [425291, 429010, 433234, 437121, 441025, 445435, 450456, 455241, 458977, 464170, 468389, 473195, 479842, 483570, 487658, 492862, 497923, 502597, 506956, 509983, 517445, 509356, 504983, 499448, 493038, 489066, 482655, 477860, 472726, 467761, 463807, 457113, 453391, 448331, 442480, 438588, 435632, 430445, 426468, 423169, 420032]
[2025-06-24T16:40:52.876+0900] {logging_mixin.py:190} INFO - step : text_orientation_set
[2025-06-24T16:40:56.664+0900] {logging_mixin.py:190} INFO - Tesseract OSD Error: (1, 'Estimating resolution as 326 Warning. Invalid resolution 0 dpi. Using 70 instead. Too few characters. Skipping this page Error during processing.')
[2025-06-24T16:40:56.664+0900] {logging_mixin.py:190} INFO - step : load
[2025-06-24T16:40:56.668+0900] {logging_mixin.py:190} INFO - step : rotate
[2025-06-24T16:40:56.683+0900] {logging_mixin.py:190} INFO - step : rotate
[2025-06-24T16:40:56.755+0900] {logging_mixin.py:190} INFO - file_copy: /opt/***/data/temp/4e8fd60d-54b0-4d1f-b44e-a92f738876f6/41df4c2e-8a2b-41b6-9747-02cdd7a50eec/_result.png
[2025-06-24T16:40:56.790+0900] {python.py:240} INFO - Done. Returned value was: {'file_id': '4e8fd60d-54b0-4d1f-b44e-a92f738876f6', 'file_path': '/opt/***/data/class/a_class/classify/ready/false/copied_8_509130729+-0730.png', 'false': {'process_id': '_41df4c2e-8a2b-41b6-9747-02cdd7a50eec_pre', 'folder_path': '4e8fd60d-54b0-4d1f-b44e-a92f738876f6/41df4c2e-8a2b-41b6-9747-02cdd7a50eec', 'step_list': [{'name': 'cache', 'param': {'key': 'origin'}}, {'name': 'calc_angle_set2', 'param': {'key': 'angle1', 'iterations': 4, 'iter_save': False}}, {'name': 'text_orientation_set', 'param': {'key': 'angle2', 'iterations': 4, 'iter_save': False}}, {'name': 'load', 'param': {'key': 'origin'}}, {'name': 'rotate', 'param': {'key': 'angle1'}}, {'name': 'rotate', 'param': {'key': 'angle2'}}], 'result_file_map': {'_result': '/opt/***/data/temp/4e8fd60d-54b0-4d1f-b44e-a92f738876f6/41df4c2e-8a2b-41b6-9747-02cdd7a50eec/_result.png'}}}
[2025-06-24T16:40:56.891+0900] {taskinstance.py:341} INFO - ::group::Post task execution logs
[2025-06-24T16:40:56.896+0900] {taskinstance.py:353} INFO - Marking task as SUCCESS. dag_id=lilt_document_classifier_balanced_V0.1, task_id=img_preprocess_task__1, run_id=manual__2025-06-24T07:39:02.784990+00:00, map_index=11, execution_date=20250624T073902, start_date=20250624T074035, end_date=20250624T074056
[2025-06-24T16:40:57.038+0900] {local_task_job_runner.py:266} INFO - Task exited with return code 0
[2025-06-24T16:40:57.116+0900] {taskinstance.py:3901} INFO - 0 downstream tasks scheduled from follow-on schedule check
[2025-06-24T16:40:57.130+0900] {local_task_job_runner.py:245} INFO - ::endgroup::
