[2025-05-26T06:47:24.945+0000] {local_task_job_runner.py:123} INFO - ::group::Pre task execution logs
[2025-05-26T06:47:24.970+0000] {taskinstance.py:2614} INFO - Dependencies all met for dep_context=non-requeueable deps ti=<TaskInstance: image_processing_per_file_v2.clear_folder_task manual__2025-05-26T06:47:10.069971+00:00 [queued]>
[2025-05-26T06:47:25.119+0000] {taskinstance.py:2614} INFO - Dependencies all met for dep_context=requeueable deps ti=<TaskInstance: image_processing_per_file_v2.clear_folder_task manual__2025-05-26T06:47:10.069971+00:00 [queued]>
[2025-05-26T06:47:25.120+0000] {taskinstance.py:2867} INFO - Starting attempt 1 of 1
[2025-05-26T06:47:25.135+0000] {taskinstance.py:2890} INFO - Executing <Task(_PythonDecoratedOperator): clear_folder_task> on 2025-05-26 06:47:10.069971+00:00
[2025-05-26T06:47:25.143+0000] {warnings.py:112} WARNING - /home/***/.local/lib/python3.12/site-packages/***/task/task_runner/standard_task_runner.py:70: DeprecationWarning: This process (pid=1182) is multi-threaded, use of fork() may lead to deadlocks in the child.
  pid = os.fork()

[2025-05-26T06:47:25.145+0000] {standard_task_runner.py:72} INFO - Started process 1184 to run task
[2025-05-26T06:47:25.145+0000] {standard_task_runner.py:104} INFO - Running: ['***', 'tasks', 'run', 'image_processing_per_file_v2', 'clear_folder_task', 'manual__2025-05-26T06:47:10.069971+00:00', '--job-id', '74', '--raw', '--subdir', 'DAGS_FOLDER/test_dag.py', '--cfg-path', '/tmp/tmph7ue99ih']
[2025-05-26T06:47:25.147+0000] {standard_task_runner.py:105} INFO - Job 74: Subtask clear_folder_task
[2025-05-26T06:47:25.196+0000] {task_command.py:467} INFO - Running <TaskInstance: image_processing_per_file_v2.clear_folder_task manual__2025-05-26T06:47:10.069971+00:00 [running]> on host b0d7fbab896a
[2025-05-26T06:47:25.288+0000] {taskinstance.py:3134} INFO - Exporting env vars: AIRFLOW_CTX_DAG_OWNER='***' AIRFLOW_CTX_DAG_ID='image_processing_per_file_v2' AIRFLOW_CTX_TASK_ID='clear_folder_task' AIRFLOW_CTX_EXECUTION_DATE='2025-05-26T06:47:10.069971+00:00' AIRFLOW_CTX_TRY_NUMBER='1' AIRFLOW_CTX_DAG_RUN_ID='manual__2025-05-26T06:47:10.069971+00:00'
[2025-05-26T06:47:25.290+0000] {logging_mixin.py:190} INFO - Task instance is in running state
[2025-05-26T06:47:25.291+0000] {logging_mixin.py:190} INFO -  Previous state of the Task instance: queued
[2025-05-26T06:47:25.291+0000] {logging_mixin.py:190} INFO - Current task name:clear_folder_task state:running start_date:2025-05-26 06:47:24.971504+00:00
[2025-05-26T06:47:25.292+0000] {logging_mixin.py:190} INFO - Dag name:image_processing_per_file_v2 and current dag run status:running
[2025-05-26T06:47:25.292+0000] {taskinstance.py:732} INFO - ::endgroup::
[2025-05-26T06:47:25.309+0000] {python.py:240} INFO - Done. Returned value was: Cleared folder: /opt/***/data/temp
[2025-05-26T06:47:25.334+0000] {taskinstance.py:341} INFO - ::group::Post task execution logs
[2025-05-26T06:47:25.336+0000] {taskinstance.py:353} INFO - Marking task as SUCCESS. dag_id=image_processing_per_file_v2, task_id=clear_folder_task, run_id=manual__2025-05-26T06:47:10.069971+00:00, execution_date=20250526T064710, start_date=20250526T064724, end_date=20250526T064725
[2025-05-26T06:47:25.358+0000] {logging_mixin.py:190} INFO - Task instance in success state
[2025-05-26T06:47:25.358+0000] {logging_mixin.py:190} INFO -  Previous state of the Task instance: running
[2025-05-26T06:47:25.359+0000] {logging_mixin.py:190} INFO - Dag name:image_processing_per_file_v2 queued_at:2025-05-26 06:47:10.089858+00:00
[2025-05-26T06:47:25.359+0000] {logging_mixin.py:190} INFO - Task hostname:b0d7fbab896a operator:_PythonDecoratedOperator
[2025-05-26T06:47:25.404+0000] {local_task_job_runner.py:266} INFO - Task exited with return code 0
[2025-05-26T06:47:25.424+0000] {taskinstance.py:3901} INFO - 0 downstream tasks scheduled from follow-on schedule check
[2025-05-26T06:47:25.426+0000] {local_task_job_runner.py:245} INFO - ::endgroup::
