[2025-06-23T16:31:00.669+0900] {local_task_job_runner.py:123} INFO - ::group::Pre task execution logs
[2025-06-23T16:31:00.770+0900] {taskinstance.py:2614} INFO - Dependencies all met for dep_context=non-requeueable deps ti=<TaskInstance: lilt_document_classifier_balanced_b_class_V0.1.img_preprocess_task manual__2025-06-23T06:58:09.542610+00:00 map_index=58 [queued]>
[2025-06-23T16:31:00.809+0900] {taskinstance.py:2614} INFO - Dependencies all met for dep_context=requeueable deps ti=<TaskInstance: lilt_document_classifier_balanced_b_class_V0.1.img_preprocess_task manual__2025-06-23T06:58:09.542610+00:00 map_index=58 [queued]>
[2025-06-23T16:31:00.818+0900] {taskinstance.py:2867} INFO - Starting attempt 1 of 1
[2025-06-23T16:31:00.848+0900] {taskinstance.py:2890} INFO - Executing <Mapped(_PythonDecoratedOperator): img_preprocess_task> on 2025-06-23 06:58:09.542610+00:00
[2025-06-23T16:31:00.867+0900] {warnings.py:112} WARNING - /home/***/.local/lib/python3.12/site-packages/***/task/task_runner/standard_task_runner.py:70: DeprecationWarning: This process (pid=8206) is multi-threaded, use of fork() may lead to deadlocks in the child.
  pid = os.fork()

[2025-06-23T16:31:00.877+0900] {standard_task_runner.py:72} INFO - Started process 8217 to run task
[2025-06-23T16:31:00.884+0900] {standard_task_runner.py:104} INFO - Running: ['***', 'tasks', 'run', 'lilt_document_classifier_balanced_b_class_V0.1', 'img_preprocess_task', 'manual__2025-06-23T06:58:09.542610+00:00', '--job-id', '3421', '--raw', '--subdir', 'DAGS_FOLDER/class_create_dag_b_class.py', '--cfg-path', '/tmp/tmp654t9_x3', '--map-index', '58']
[2025-06-23T16:31:00.905+0900] {standard_task_runner.py:105} INFO - Job 3421: Subtask img_preprocess_task
[2025-06-23T16:31:01.015+0900] {task_command.py:467} INFO - Running <TaskInstance: lilt_document_classifier_balanced_b_class_V0.1.img_preprocess_task manual__2025-06-23T06:58:09.542610+00:00 map_index=58 [running]> on host f6d4228a9eb8
[2025-06-23T16:31:01.232+0900] {taskinstance.py:3134} INFO - Exporting env vars: AIRFLOW_CTX_DAG_OWNER='***' AIRFLOW_CTX_DAG_ID='lilt_document_classifier_balanced_b_class_V0.1' AIRFLOW_CTX_TASK_ID='img_preprocess_task' AIRFLOW_CTX_EXECUTION_DATE='2025-06-23T06:58:09.542610+00:00' AIRFLOW_CTX_TRY_NUMBER='1' AIRFLOW_CTX_DAG_RUN_ID='manual__2025-06-23T06:58:09.542610+00:00'
[2025-06-23T16:31:01.259+0900] {taskinstance.py:732} INFO - ::endgroup::
[2025-06-23T16:31:01.268+0900] {logging_mixin.py:190} INFO - empty map check {} {'process_id': '_60d41d16-2776-431c-a575-b9b0c07e6db3_pre', 'folder_path': '6067907f-e6b6-4602-aab3-8a469a605eda/60d41d16-2776-431c-a575-b9b0c07e6db3', 'step_list': [{'name': 'cache', 'param': {'key': 'origin'}}, {'name': 'calc_angle_set2', 'param': {'key': 'angle1', 'iterations': 4, 'iter_save': False}}, {'name': 'text_orientation_set', 'param': {'key': 'angle2', 'iterations': 4, 'iter_save': False}}, {'name': 'load', 'param': {'key': 'origin'}}, {'name': 'rotate', 'param': {'key': 'angle1'}}, {'name': 'rotate', 'param': {'key': 'angle2'}}], 'result_file_map': {}}
[2025-06-23T16:31:01.288+0900] {logging_mixin.py:190} INFO - step : cache
[2025-06-23T16:31:01.290+0900] {logging_mixin.py:190} INFO - step : calc_angle_set2
[2025-06-23T16:31:37.309+0900] {logging_mixin.py:190} INFO - osd 1 -5.0 -5.0 0 1317517 [1317517, 1252943, 1185915, 1117970, 1051332, 984152, 920435, 855073, 792336, 727784, 668044, 609196, 550107, 492724, 441436, 388449, 338813, 292110, 246909, 203558, 163007, 200777, 243098, 285146, 327266, 370504, 413186, 454006, 497228, 542493, 587351, 631695, 681868, 721491, 762996, 805504, 849351, 892753, 939616, 984826, 1027633]
[2025-06-23T16:32:15.614+0900] {logging_mixin.py:190} INFO - osd 2 0.0 5.0 40 2923852 [2890093, 2801549, 2720036, 2633485, 2543280, 2459053, 2376720, 2291424, 2210929, 2123589, 2045808, 1965066, 1884902, 1808566, 1724807, 1646946, 1564427, 1486186, 1414177, 1333660, 1257689, 1330355, 1408541, 1479738, 1555879, 1637992, 1717056, 1802778, 1880810, 1966302, 2054271, 2137404, 2232562, 2317468, 2407359, 2493911, 2579708, 2670611, 2756840, 2838314, 2923852]
[2025-06-23T16:33:04.014+0900] {logging_mixin.py:190} INFO - osd 3 -5.0 -5.0 0 4935074 [4935074, 4821750, 4714884, 4603324, 4500305, 4393180, 4293275, 4185848, 4082498, 3979434, 3879141, 3775950, 3669470, 3567630, 3461719, 3361891, 3255760, 3151428, 3048190, 2944226, 2842719, 2935366, 3029262, 3125233, 3219491, 3314248, 3403685, 3499137, 3588964, 3683174, 3773347, 3862208, 3952873, 4035747, 4122584, 4198710, 4282185, 4359011, 4442304, 4519837, 4603893]
[2025-06-23T16:34:05.785+0900] {logging_mixin.py:190} INFO - osd 4 -10.0 -5.0 0 7496800 [7496800, 7349117, 7204087, 7061313, 6919988, 6780264, 6634006, 6492314, 6356242, 6216027, 6084391, 5942579, 5815269, 5676711, 5545340, 5417355, 5288030, 5156989, 5026778, 4897369, 4784361, 4905018, 5037801, 5172124, 5306408, 5437551, 5566901, 5697965, 5834588, 5960906, 6100278, 6226214, 6361079, 6489160, 6622817, 6759155, 6887711, 7016871, 7145305, 7274222, 7402502]
[2025-06-23T16:34:06.127+0900] {logging_mixin.py:190} INFO - step : text_orientation_set
[2025-06-23T16:34:28.676+0900] {logging_mixin.py:190} INFO - osd 1 break  0 0 5.96 Japanese 0.86
[2025-06-23T16:34:28.679+0900] {logging_mixin.py:190} INFO - step : load
[2025-06-23T16:34:28.684+0900] {logging_mixin.py:190} INFO - step : rotate
[2025-06-23T16:34:29.337+0900] {logging_mixin.py:190} INFO - step : rotate
[2025-06-23T16:34:30.513+0900] {logging_mixin.py:190} INFO - file_copy: /opt/***/data/temp/6067907f-e6b6-4602-aab3-8a469a605eda/60d41d16-2776-431c-a575-b9b0c07e6db3/_result.png
[2025-06-23T16:34:30.591+0900] {python.py:240} INFO - Done. Returned value was: {'file_id': '6067907f-e6b6-4602-aab3-8a469a605eda', 'file_path': '/opt/***/data/class/b_class/classify/ready/true/우면동 고호빌딩 - 정부24 - 건축물대장 등본(초본) 발급(열람) _ 문서출력_page_1_aug1.png', 'true': {'process_id': '_60d41d16-2776-431c-a575-b9b0c07e6db3_pre', 'folder_path': '6067907f-e6b6-4602-aab3-8a469a605eda/60d41d16-2776-431c-a575-b9b0c07e6db3', 'step_list': [{'name': 'cache', 'param': {'key': 'origin'}}, {'name': 'calc_angle_set2', 'param': {'key': 'angle1', 'iterations': 4, 'iter_save': False}}, {'name': 'text_orientation_set', 'param': {'key': 'angle2', 'iterations': 4, 'iter_save': False}}, {'name': 'load', 'param': {'key': 'origin'}}, {'name': 'rotate', 'param': {'key': 'angle1'}}, {'name': 'rotate', 'param': {'key': 'angle2'}}], 'result_file_map': {'_result': '/opt/***/data/temp/6067907f-e6b6-4602-aab3-8a469a605eda/60d41d16-2776-431c-a575-b9b0c07e6db3/_result.png'}}}
[2025-06-23T16:34:30.643+0900] {taskinstance.py:341} INFO - ::group::Post task execution logs
[2025-06-23T16:34:30.668+0900] {taskinstance.py:353} INFO - Marking task as SUCCESS. dag_id=lilt_document_classifier_balanced_b_class_V0.1, task_id=img_preprocess_task, run_id=manual__2025-06-23T06:58:09.542610+00:00, map_index=58, execution_date=20250623T065809, start_date=20250623T073100, end_date=20250623T073430
[2025-06-23T16:34:31.112+0900] {local_task_job_runner.py:266} INFO - Task exited with return code 0
[2025-06-23T16:34:31.412+0900] {taskinstance.py:3901} INFO - 0 downstream tasks scheduled from follow-on schedule check
[2025-06-23T16:34:31.424+0900] {local_task_job_runner.py:245} INFO - ::endgroup::
