[2025-06-23T10:29:08.924+0900] {local_task_job_runner.py:123} INFO - ::group::Pre task execution logs
[2025-06-23T10:29:09.080+0900] {taskinstance.py:2614} INFO - Dependencies all met for dep_context=non-requeueable deps ti=<TaskInstance: lilt_document_classifier_balanced_V0.1.img_preprocess_task__1 manual__2025-06-23T01:24:40.043171+00:00 map_index=74 [queued]>
[2025-06-23T10:29:09.284+0900] {taskinstance.py:2614} INFO - Dependencies all met for dep_context=requeueable deps ti=<TaskInstance: lilt_document_classifier_balanced_V0.1.img_preprocess_task__1 manual__2025-06-23T01:24:40.043171+00:00 map_index=74 [queued]>
[2025-06-23T10:29:09.285+0900] {taskinstance.py:2867} INFO - Starting attempt 1 of 1
[2025-06-23T10:29:09.331+0900] {taskinstance.py:2890} INFO - Executing <Mapped(_PythonDecoratedOperator): img_preprocess_task__1> on 2025-06-23 01:24:40.043171+00:00
[2025-06-23T10:29:09.389+0900] {warnings.py:112} WARNING - /home/***/.local/lib/python3.12/site-packages/***/task/task_runner/standard_task_runner.py:70: DeprecationWarning: This process (pid=87921) is multi-threaded, use of fork() may lead to deadlocks in the child.
  pid = os.fork()

[2025-06-23T10:29:09.397+0900] {standard_task_runner.py:104} INFO - Running: ['***', 'tasks', 'run', 'lilt_document_classifier_balanced_V0.1', 'img_preprocess_task__1', 'manual__2025-06-23T01:24:40.043171+00:00', '--job-id', '2234', '--raw', '--subdir', 'DAGS_FOLDER/class_create_dag.py', '--cfg-path', '/tmp/tmpr1fqwrvz', '--map-index', '74']
[2025-06-23T10:29:09.405+0900] {standard_task_runner.py:72} INFO - Started process 87961 to run task
[2025-06-23T10:29:09.413+0900] {standard_task_runner.py:105} INFO - Job 2234: Subtask img_preprocess_task__1
[2025-06-23T10:29:09.547+0900] {task_command.py:467} INFO - Running <TaskInstance: lilt_document_classifier_balanced_V0.1.img_preprocess_task__1 manual__2025-06-23T01:24:40.043171+00:00 map_index=74 [running]> on host f6d4228a9eb8
[2025-06-23T10:29:09.758+0900] {taskinstance.py:3134} INFO - Exporting env vars: AIRFLOW_CTX_DAG_OWNER='***' AIRFLOW_CTX_DAG_ID='lilt_document_classifier_balanced_V0.1' AIRFLOW_CTX_TASK_ID='img_preprocess_task__1' AIRFLOW_CTX_EXECUTION_DATE='2025-06-23T01:24:40.043171+00:00' AIRFLOW_CTX_TRY_NUMBER='1' AIRFLOW_CTX_DAG_RUN_ID='manual__2025-06-23T01:24:40.043171+00:00'
[2025-06-23T10:29:09.761+0900] {taskinstance.py:732} INFO - ::endgroup::
[2025-06-23T10:29:09.767+0900] {logging_mixin.py:190} INFO - empty map check {} {'process_id': '_3b866e3c-e157-4b0b-af1a-0fe4cd1229c4_pre', 'folder_path': '243b6000-25e4-4c29-80ac-f17ef2b1825c/3b866e3c-e157-4b0b-af1a-0fe4cd1229c4', 'step_list': [{'name': 'cache', 'param': {'key': 'origin'}}, {'name': 'calc_angle_set1', 'param': {'key': 'angle1', 'iterations': 4, 'iter_save': False}}, {'name': 'text_orientation_set', 'param': {'key': 'angle2', 'iterations': 4, 'iter_save': False}}, {'name': 'load', 'param': {'key': 'origin'}}, {'name': 'rotate', 'param': {'key': 'angle1'}}, {'name': 'rotate', 'param': {'key': 'angle2'}}], 'result_file_map': {}}
[2025-06-23T10:29:09.769+0900] {logging_mixin.py:190} INFO - step : cache
[2025-06-23T10:29:09.774+0900] {logging_mixin.py:190} INFO - step : calc_angle_set1
[2025-06-23T10:29:09.804+0900] {logging_mixin.py:190} INFO - step : text_orientation_set
[2025-06-23T10:29:16.519+0900] {logging_mixin.py:190} INFO - Tesseract OSD Error: (1, 'Estimating resolution as 120 Warning. Invalid resolution 0 dpi. Using 70 instead. Too few characters. Skipping this page Error during processing.')
[2025-06-23T10:29:16.520+0900] {logging_mixin.py:190} INFO - step : load
[2025-06-23T10:29:16.521+0900] {logging_mixin.py:190} INFO - step : rotate
[2025-06-23T10:29:16.534+0900] {logging_mixin.py:190} INFO - step : rotate
[2025-06-23T10:29:16.589+0900] {logging_mixin.py:190} INFO - file_copy: /opt/***/data/temp/243b6000-25e4-4c29-80ac-f17ef2b1825c/3b866e3c-e157-4b0b-af1a-0fe4cd1229c4/_result.png
[2025-06-23T10:29:16.612+0900] {python.py:240} INFO - Done. Returned value was: {'file_id': '243b6000-25e4-4c29-80ac-f17ef2b1825c', 'file_path': '/opt/***/data/class/a_class/classify/ready/false/copied_62_80001350.png', 'false': {'process_id': '_3b866e3c-e157-4b0b-af1a-0fe4cd1229c4_pre', 'folder_path': '243b6000-25e4-4c29-80ac-f17ef2b1825c/3b866e3c-e157-4b0b-af1a-0fe4cd1229c4', 'step_list': [{'name': 'cache', 'param': {'key': 'origin'}}, {'name': 'calc_angle_set1', 'param': {'key': 'angle1', 'iterations': 4, 'iter_save': False}}, {'name': 'text_orientation_set', 'param': {'key': 'angle2', 'iterations': 4, 'iter_save': False}}, {'name': 'load', 'param': {'key': 'origin'}}, {'name': 'rotate', 'param': {'key': 'angle1'}}, {'name': 'rotate', 'param': {'key': 'angle2'}}], 'result_file_map': {'_result': '/opt/***/data/temp/243b6000-25e4-4c29-80ac-f17ef2b1825c/3b866e3c-e157-4b0b-af1a-0fe4cd1229c4/_result.png'}}}
[2025-06-23T10:29:16.709+0900] {taskinstance.py:341} INFO - ::group::Post task execution logs
[2025-06-23T10:29:16.712+0900] {taskinstance.py:353} INFO - Marking task as SUCCESS. dag_id=lilt_document_classifier_balanced_V0.1, task_id=img_preprocess_task__1, run_id=manual__2025-06-23T01:24:40.043171+00:00, map_index=74, execution_date=20250623T012440, start_date=20250623T012909, end_date=20250623T012916
[2025-06-23T10:29:16.853+0900] {local_task_job_runner.py:266} INFO - Task exited with return code 0
[2025-06-23T10:29:16.947+0900] {taskinstance.py:3901} INFO - 0 downstream tasks scheduled from follow-on schedule check
[2025-06-23T10:29:16.957+0900] {local_task_job_runner.py:245} INFO - ::endgroup::
