[2025-06-18T13:49:25.461+0900] {local_task_job_runner.py:123} INFO - ::group::Pre task execution logs
[2025-06-18T13:49:25.574+0900] {taskinstance.py:2614} INFO - Dependencies all met for dep_context=non-requeueable deps ti=<TaskInstance: lilt_document_classifier_balanced_V0.1.img_preprocess_task__1 manual__2025-06-18T04:46:36.476365+00:00 map_index=46 [queued]>
[2025-06-18T13:49:25.640+0900] {taskinstance.py:2614} INFO - Dependencies all met for dep_context=requeueable deps ti=<TaskInstance: lilt_document_classifier_balanced_V0.1.img_preprocess_task__1 manual__2025-06-18T04:46:36.476365+00:00 map_index=46 [queued]>
[2025-06-18T13:49:25.646+0900] {taskinstance.py:2867} INFO - Starting attempt 1 of 1
[2025-06-18T13:49:25.692+0900] {taskinstance.py:2890} INFO - Executing <Mapped(_PythonDecoratedOperator): img_preprocess_task__1> on 2025-06-18 04:46:36.476365+00:00
[2025-06-18T13:49:25.752+0900] {standard_task_runner.py:104} INFO - Running: ['***', 'tasks', 'run', 'lilt_document_classifier_balanced_V0.1', 'img_preprocess_task__1', 'manual__2025-06-18T04:46:36.476365+00:00', '--job-id', '1112', '--raw', '--subdir', 'DAGS_FOLDER/class_create_dag.py', '--cfg-path', '/tmp/tmpez4g4d25', '--map-index', '46']
[2025-06-18T13:49:25.767+0900] {standard_task_runner.py:105} INFO - Job 1112: Subtask img_preprocess_task__1
[2025-06-18T13:49:25.747+0900] {warnings.py:112} WARNING - /home/***/.local/lib/python3.12/site-packages/***/task/task_runner/standard_task_runner.py:70: DeprecationWarning: This process (pid=28181) is multi-threaded, use of fork() may lead to deadlocks in the child.
  pid = os.fork()

[2025-06-18T13:49:25.777+0900] {standard_task_runner.py:72} INFO - Started process 28276 to run task
[2025-06-18T13:49:25.873+0900] {task_command.py:467} INFO - Running <TaskInstance: lilt_document_classifier_balanced_V0.1.img_preprocess_task__1 manual__2025-06-18T04:46:36.476365+00:00 map_index=46 [running]> on host f6d4228a9eb8
[2025-06-18T13:49:26.158+0900] {taskinstance.py:3134} INFO - Exporting env vars: AIRFLOW_CTX_DAG_OWNER='***' AIRFLOW_CTX_DAG_ID='lilt_document_classifier_balanced_V0.1' AIRFLOW_CTX_TASK_ID='img_preprocess_task__1' AIRFLOW_CTX_EXECUTION_DATE='2025-06-18T04:46:36.476365+00:00' AIRFLOW_CTX_TRY_NUMBER='1' AIRFLOW_CTX_DAG_RUN_ID='manual__2025-06-18T04:46:36.476365+00:00'
[2025-06-18T13:49:26.164+0900] {taskinstance.py:732} INFO - ::endgroup::
[2025-06-18T13:49:26.168+0900] {logging_mixin.py:190} INFO - empty map check {} {'process_id': '_1d36561d-c27d-496d-9b73-a47722b458f8_pre', 'folder_path': 'd2e14d49-e659-487d-b56d-4c84a1347fba/1d36561d-c27d-496d-9b73-a47722b458f8', 'step_list': [{'name': 'cache', 'param': {'key': 'origin'}}, {'name': 'calc_angle_set1', 'param': {'key': 'angle1', 'iterations': 4, 'iter_save': False}}, {'name': 'text_orientation_set', 'param': {'key': 'angle2', 'iterations': 4, 'iter_save': False}}, {'name': 'load', 'param': {'key': 'origin'}}, {'name': 'rotate', 'param': {'key': 'angle1'}}, {'name': 'rotate', 'param': {'key': 'angle2'}}, {'name': 'save', 'param': {'key': 'classify_preprocess'}}], 'result_file_list': []}
[2025-06-18T13:49:26.170+0900] {logging_mixin.py:190} INFO - step : cache
[2025-06-18T13:49:26.172+0900] {logging_mixin.py:190} INFO - step : calc_angle_set1
[2025-06-18T13:49:26.224+0900] {logging_mixin.py:190} INFO - step : text_orientation_set
[2025-06-18T13:49:33.200+0900] {logging_mixin.py:190} INFO - osd 1 break  0 0 0.03 Latin 2.66
[2025-06-18T13:49:33.203+0900] {logging_mixin.py:190} INFO - step : load
[2025-06-18T13:49:33.203+0900] {logging_mixin.py:190} INFO - step : rotate
[2025-06-18T13:49:33.228+0900] {logging_mixin.py:190} INFO - step : rotate
[2025-06-18T13:49:33.236+0900] {logging_mixin.py:190} INFO - step : save
[2025-06-18T13:49:33.344+0900] {logging_mixin.py:190} INFO - file_copy: /opt/***/data/temp/d2e14d49-e659-487d-b56d-4c84a1347fba/1d36561d-c27d-496d-9b73-a47722b458f8/classify_preprocess.png
[2025-06-18T13:49:33.355+0900] {python.py:240} INFO - Done. Returned value was: {'file_id': 'd2e14d49-e659-487d-b56d-4c84a1347fba', 'file_path': '/opt/***/data/class/a_class/classify/ready/false/copied_89_512989148.png', 'false': {'process_id': '_1d36561d-c27d-496d-9b73-a47722b458f8_pre', 'folder_path': 'd2e14d49-e659-487d-b56d-4c84a1347fba/1d36561d-c27d-496d-9b73-a47722b458f8', 'step_list': [{'name': 'cache', 'param': {'key': 'origin'}}, {'name': 'calc_angle_set1', 'param': {'key': 'angle1', 'iterations': 4, 'iter_save': False}}, {'name': 'text_orientation_set', 'param': {'key': 'angle2', 'iterations': 4, 'iter_save': False}}, {'name': 'load', 'param': {'key': 'origin'}}, {'name': 'rotate', 'param': {'key': 'angle1'}}, {'name': 'rotate', 'param': {'key': 'angle2'}}, {'name': 'save', 'param': {'key': 'classify_preprocess'}}], 'result_file_list': [{'key': 'classify_preprocess', 'path': '/opt/***/data/temp/d2e14d49-e659-487d-b56d-4c84a1347fba/1d36561d-c27d-496d-9b73-a47722b458f8/classify_preprocess.png'}]}}
[2025-06-18T13:49:33.428+0900] {taskinstance.py:341} INFO - ::group::Post task execution logs
[2025-06-18T13:49:33.445+0900] {taskinstance.py:353} INFO - Marking task as SUCCESS. dag_id=lilt_document_classifier_balanced_V0.1, task_id=img_preprocess_task__1, run_id=manual__2025-06-18T04:46:36.476365+00:00, map_index=46, execution_date=20250618T044636, start_date=20250618T044925, end_date=20250618T044933
[2025-06-18T13:49:33.635+0900] {local_task_job_runner.py:266} INFO - Task exited with return code 0
[2025-06-18T13:49:33.797+0900] {taskinstance.py:3901} INFO - 0 downstream tasks scheduled from follow-on schedule check
[2025-06-18T13:49:33.817+0900] {local_task_job_runner.py:245} INFO - ::endgroup::
