[2025-06-09T04:55:01.149+0000] {local_task_job_runner.py:123} INFO - ::group::Pre task execution logs
[2025-06-09T04:55:01.170+0000] {taskinstance.py:2614} INFO - Dependencies all met for dep_context=non-requeueable deps ti=<TaskInstance: image_ocr_v2.img_preprocess_task manual__2025-06-09T04:54:53.048915+00:00 map_index=3 [queued]>
[2025-06-09T04:55:01.184+0000] {taskinstance.py:2614} INFO - Dependencies all met for dep_context=requeueable deps ti=<TaskInstance: image_ocr_v2.img_preprocess_task manual__2025-06-09T04:54:53.048915+00:00 map_index=3 [queued]>
[2025-06-09T04:55:01.184+0000] {taskinstance.py:2867} INFO - Starting attempt 1 of 1
[2025-06-09T04:55:01.198+0000] {taskinstance.py:2890} INFO - Executing <Mapped(_PythonDecoratedOperator): img_preprocess_task> on 2025-06-09 04:54:53.048915+00:00
[2025-06-09T04:55:01.205+0000] {warnings.py:112} WARNING - /home/***/.local/lib/python3.12/site-packages/***/task/task_runner/standard_task_runner.py:70: DeprecationWarning: This process (pid=2117) is multi-threaded, use of fork() may lead to deadlocks in the child.
  pid = os.fork()

[2025-06-09T04:55:01.207+0000] {standard_task_runner.py:72} INFO - Started process 2130 to run task
[2025-06-09T04:55:01.207+0000] {standard_task_runner.py:104} INFO - Running: ['***', 'tasks', 'run', 'image_ocr_v2', 'img_preprocess_task', 'manual__2025-06-09T04:54:53.048915+00:00', '--job-id', '51', '--raw', '--subdir', 'DAGS_FOLDER/test_dag.py', '--cfg-path', '/tmp/tmpy3n3xhs3', '--map-index', '3']
[2025-06-09T04:55:01.211+0000] {standard_task_runner.py:105} INFO - Job 51: Subtask img_preprocess_task
[2025-06-09T04:55:01.257+0000] {task_command.py:467} INFO - Running <TaskInstance: image_ocr_v2.img_preprocess_task manual__2025-06-09T04:54:53.048915+00:00 map_index=3 [running]> on host 85194d6fbd18
[2025-06-09T04:55:01.348+0000] {taskinstance.py:3134} INFO - Exporting env vars: AIRFLOW_CTX_DAG_OWNER='***' AIRFLOW_CTX_DAG_ID='image_ocr_v2' AIRFLOW_CTX_TASK_ID='img_preprocess_task' AIRFLOW_CTX_EXECUTION_DATE='2025-06-09T04:54:53.048915+00:00' AIRFLOW_CTX_TRY_NUMBER='1' AIRFLOW_CTX_DAG_RUN_ID='manual__2025-06-09T04:54:53.048915+00:00'
[2025-06-09T04:55:01.350+0000] {taskinstance.py:732} INFO - ::endgroup::
[2025-06-09T04:55:01.352+0000] {logging_mixin.py:190} INFO - empty map check {} {'process_id': '02186365-aa20-4b7f-ab0b-9a7037d223a5', 'folder_path': '9d32293e-0603-49b0-a076-32a11b27b254/02186365-aa20-4b7f-ab0b-9a7037d223a5', 'step_list': [{'name': 'gray1', 'param': {}}, {'name': 'cache', 'param': {'key': 'gray1'}}, {'name': 'calc_angle1', 'param': {'key': 'angle1'}}, {'name': 'load', 'param': {'key': 'gray1'}}, {'name': 'rotate', 'param': {'key': 'angle1'}}, {'name': 'cache', 'param': {'key': 'rotate1'}}, {'name': 'calc_angle2', 'param': {'key': 'angle2'}}, {'name': 'load', 'param': {'key': 'rotate1'}}, {'name': 'rotate', 'param': {'key': 'angle2'}}, {'name': 'cache', 'param': {'key': 'rotate2'}}, {'name': 'scale1', 'param': {'width': 500, 'height': 500}}, {'name': 'binary2', 'param': {}}, {'name': 'morphology1', 'param': {}}, {'name': 'save', 'param': {'key': 'classify_preprocess'}}], 'result_file_list': []}
[2025-06-09T04:55:01.353+0000] {logging_mixin.py:190} INFO - step : gray1
[2025-06-09T04:55:01.383+0000] {logging_mixin.py:190} INFO - step : cache
[2025-06-09T04:55:01.532+0000] {logging_mixin.py:190} INFO - step : calc_angle1
[2025-06-09T04:55:01.714+0000] {logging_mixin.py:190} INFO - step : load
[2025-06-09T04:55:01.714+0000] {logging_mixin.py:190} INFO - step : rotate
[2025-06-09T04:55:01.795+0000] {logging_mixin.py:190} INFO - step : cache
[2025-06-09T04:55:01.951+0000] {logging_mixin.py:190} INFO - step : calc_angle2
[2025-06-09T04:55:03.454+0000] {logging_mixin.py:190} INFO - step : load
[2025-06-09T04:55:03.455+0000] {logging_mixin.py:190} INFO - step : rotate
[2025-06-09T04:55:03.550+0000] {logging_mixin.py:190} INFO - step : cache
[2025-06-09T04:55:03.867+0000] {logging_mixin.py:190} INFO - step : scale1
[2025-06-09T04:55:03.959+0000] {logging_mixin.py:190} INFO - step : binary2
[2025-06-09T04:55:03.960+0000] {logging_mixin.py:190} INFO - step : morphology1
[2025-06-09T04:55:03.961+0000] {logging_mixin.py:190} INFO - step : save
[2025-06-09T04:55:03.964+0000] {logging_mixin.py:190} INFO - /opt/***/data/temp : /opt/***/data/temp ,ll, /opt/***/data/temp/9d51cd31-46c9-4fbb-8c44-1f9717844ecb.png
[2025-06-09T04:55:03.965+0000] {logging_mixin.py:190} INFO - file_copy: /opt/***/data/temp/9d51cd31-46c9-4fbb-8c44-1f9717844ecb.png /opt/***/data/temp/9d32293e-0603-49b0-a076-32a11b27b254/02186365-aa20-4b7f-ab0b-9a7037d223a5/classify_preprocess.png
[2025-06-09T04:55:03.967+0000] {logging_mixin.py:190} INFO - save file  classify_preprocess  :  /opt/***/data/temp/9d32293e-0603-49b0-a076-32a11b27b254/02186365-aa20-4b7f-ab0b-9a7037d223a5/classify_preprocess.png
[2025-06-09T04:55:03.967+0000] {python.py:240} INFO - Done. Returned value was: {'file_id': '9d32293e-0603-49b0-a076-32a11b27b254', 'file_path': '/opt/***/data/upload/Gas Engine 점검일지_ 2021년 2월.pdf-image-013.jpg', 'preprocess_list': [{'process_id': '02186365-aa20-4b7f-ab0b-9a7037d223a5', 'folder_path': '9d32293e-0603-49b0-a076-32a11b27b254/02186365-aa20-4b7f-ab0b-9a7037d223a5', 'step_list': [{'name': 'gray1', 'param': {}}, {'name': 'cache', 'param': {'key': 'gray1'}}, {'name': 'calc_angle1', 'param': {'key': 'angle1'}}, {'name': 'load', 'param': {'key': 'gray1'}}, {'name': 'rotate', 'param': {'key': 'angle1'}}, {'name': 'cache', 'param': {'key': 'rotate1'}}, {'name': 'calc_angle2', 'param': {'key': 'angle2'}}, {'name': 'load', 'param': {'key': 'rotate1'}}, {'name': 'rotate', 'param': {'key': 'angle2'}}, {'name': 'cache', 'param': {'key': 'rotate2'}}, {'name': 'scale1', 'param': {'width': 500, 'height': 500}}, {'name': 'binary2', 'param': {}}, {'name': 'morphology1', 'param': {}}, {'name': 'save', 'param': {'key': 'classify_preprocess'}}], 'result_file_list': [{'classify_preprocess': '/opt/***/data/temp/9d32293e-0603-49b0-a076-32a11b27b254/02186365-aa20-4b7f-ab0b-9a7037d223a5/classify_preprocess.png'}]}]}
[2025-06-09T04:55:03.993+0000] {taskinstance.py:341} INFO - ::group::Post task execution logs
[2025-06-09T04:55:03.993+0000] {taskinstance.py:353} INFO - Marking task as SUCCESS. dag_id=image_ocr_v2, task_id=img_preprocess_task, run_id=manual__2025-06-09T04:54:53.048915+00:00, map_index=3, execution_date=20250609T045453, start_date=20250609T045501, end_date=20250609T045503
[2025-06-09T04:55:04.065+0000] {local_task_job_runner.py:266} INFO - Task exited with return code 0
[2025-06-09T04:55:04.078+0000] {taskinstance.py:3901} INFO - 0 downstream tasks scheduled from follow-on schedule check
[2025-06-09T04:55:04.080+0000] {local_task_job_runner.py:245} INFO - ::endgroup::
