[2025-06-16T15:18:19.393+0900] {local_task_job_runner.py:123} INFO - ::group::Pre task execution logs
[2025-06-16T15:18:19.466+0900] {taskinstance.py:2614} INFO - Dependencies all met for dep_context=non-requeueable deps ti=<TaskInstance: layoutxlm_document_classifier_balanced_V0.1.img_preprocess_task__1 manual__2025-06-16T06:17:12.771398+00:00 map_index=26 [queued]>
[2025-06-16T15:18:19.491+0900] {taskinstance.py:2614} INFO - Dependencies all met for dep_context=requeueable deps ti=<TaskInstance: layoutxlm_document_classifier_balanced_V0.1.img_preprocess_task__1 manual__2025-06-16T06:17:12.771398+00:00 map_index=26 [queued]>
[2025-06-16T15:18:19.492+0900] {taskinstance.py:2867} INFO - Starting attempt 1 of 1
[2025-06-16T15:18:19.565+0900] {taskinstance.py:2890} INFO - Executing <Mapped(_PythonDecoratedOperator): img_preprocess_task__1> on 2025-06-16 06:17:12.771398+00:00
[2025-06-16T15:18:19.575+0900] {warnings.py:112} WARNING - /home/***/.local/lib/python3.12/site-packages/***/task/task_runner/standard_task_runner.py:70: DeprecationWarning: This process (pid=8095) is multi-threaded, use of fork() may lead to deadlocks in the child.
  pid = os.fork()

[2025-06-16T15:18:19.580+0900] {standard_task_runner.py:72} INFO - Started process 8124 to run task
[2025-06-16T15:18:19.579+0900] {standard_task_runner.py:104} INFO - Running: ['***', 'tasks', 'run', 'layoutxlm_document_classifier_balanced_V0.1', 'img_preprocess_task__1', 'manual__2025-06-16T06:17:12.771398+00:00', '--job-id', '504', '--raw', '--subdir', 'DAGS_FOLDER/class_create_dag.py', '--cfg-path', '/tmp/tmpx2daix7b', '--map-index', '26']
[2025-06-16T15:18:19.586+0900] {standard_task_runner.py:105} INFO - Job 504: Subtask img_preprocess_task__1
[2025-06-16T15:18:19.672+0900] {task_command.py:467} INFO - Running <TaskInstance: layoutxlm_document_classifier_balanced_V0.1.img_preprocess_task__1 manual__2025-06-16T06:17:12.771398+00:00 map_index=26 [running]> on host f6d4228a9eb8
[2025-06-16T15:18:19.892+0900] {taskinstance.py:3134} INFO - Exporting env vars: AIRFLOW_CTX_DAG_OWNER='***' AIRFLOW_CTX_DAG_ID='layoutxlm_document_classifier_balanced_V0.1' AIRFLOW_CTX_TASK_ID='img_preprocess_task__1' AIRFLOW_CTX_EXECUTION_DATE='2025-06-16T06:17:12.771398+00:00' AIRFLOW_CTX_TRY_NUMBER='1' AIRFLOW_CTX_DAG_RUN_ID='manual__2025-06-16T06:17:12.771398+00:00'
[2025-06-16T15:18:19.897+0900] {taskinstance.py:732} INFO - ::endgroup::
[2025-06-16T15:18:19.906+0900] {logging_mixin.py:190} INFO - empty map check {} {'process_id': '_18b79067-7112-4bef-a04f-9ef1e1d0bb61_pre', 'folder_path': 'd88e17a3-fa5d-45c4-bc7a-c84b595fc2ec/18b79067-7112-4bef-a04f-9ef1e1d0bb61', 'step_list': [{'name': 'calc_angle_set1', 'param': {'key': 'angle1', 'iterations': 3}}, {'name': 'calc_angle_set2', 'param': {'key': 'angle2', 'iterations': 3}}, {'name': 'threshold', 'param': {}}, {'name': 'morphology1', 'param': {}}, {'name': 'save', 'param': {'key': 'classify_preprocess'}}], 'result_file_list': []}
[2025-06-16T15:18:19.915+0900] {logging_mixin.py:190} INFO - step : calc_angle_set1
[2025-06-16T15:18:19.942+0900] {logging_mixin.py:190} INFO - step : calc_angle_set2
[2025-06-16T15:18:27.342+0900] {logging_mixin.py:190} INFO - osd 1 break  0 0 8.78 Latin 2.02
[2025-06-16T15:18:27.343+0900] {logging_mixin.py:190} INFO - step : threshold
[2025-06-16T15:18:27.346+0900] {logging_mixin.py:190} INFO - step : morphology1
[2025-06-16T15:18:27.351+0900] {logging_mixin.py:190} INFO - step : save
[2025-06-16T15:18:27.390+0900] {logging_mixin.py:190} INFO - file_copy: /opt/***/data/temp/d88e17a3-fa5d-45c4-bc7a-c84b595fc2ec/18b79067-7112-4bef-a04f-9ef1e1d0bb61/classify_preprocess.png
[2025-06-16T15:18:27.392+0900] {python.py:240} INFO - Done. Returned value was: {'file_id': 'd88e17a3-fa5d-45c4-bc7a-c84b595fc2ec', 'file_path': '/opt/***/data/class/a_class/classify/origin/false/copied_5_50473299-3299.png', 'false': {'process_id': '_18b79067-7112-4bef-a04f-9ef1e1d0bb61_pre', 'folder_path': 'd88e17a3-fa5d-45c4-bc7a-c84b595fc2ec/18b79067-7112-4bef-a04f-9ef1e1d0bb61', 'step_list': [{'name': 'calc_angle_set1', 'param': {'key': 'angle1', 'iterations': 3}}, {'name': 'calc_angle_set2', 'param': {'key': 'angle2', 'iterations': 3}}, {'name': 'threshold', 'param': {}}, {'name': 'morphology1', 'param': {}}, {'name': 'save', 'param': {'key': 'classify_preprocess'}}], 'result_file_list': [{'key': 'classify_preprocess', 'path': '/opt/***/data/temp/d88e17a3-fa5d-45c4-bc7a-c84b595fc2ec/18b79067-7112-4bef-a04f-9ef1e1d0bb61/classify_preprocess.png'}]}}
[2025-06-16T15:18:27.612+0900] {taskinstance.py:341} INFO - ::group::Post task execution logs
[2025-06-16T15:18:27.614+0900] {taskinstance.py:353} INFO - Marking task as SUCCESS. dag_id=layoutxlm_document_classifier_balanced_V0.1, task_id=img_preprocess_task__1, run_id=manual__2025-06-16T06:17:12.771398+00:00, map_index=26, execution_date=20250616T061712, start_date=20250616T061819, end_date=20250616T061827
[2025-06-16T15:18:27.706+0900] {local_task_job_runner.py:266} INFO - Task exited with return code 0
[2025-06-16T15:18:27.728+0900] {local_task_job_runner.py:245} INFO - ::endgroup::
