[2025-06-23T10:58:36.822+0900] {local_task_job_runner.py:123} INFO - ::group::Pre task execution logs
[2025-06-23T10:58:36.995+0900] {taskinstance.py:2614} INFO - Dependencies all met for dep_context=non-requeueable deps ti=<TaskInstance: lilt_document_classifier_balanced_V0.1.img_preprocess_task__1 manual__2025-06-23T01:55:15.838468+00:00 map_index=52 [queued]>
[2025-06-23T10:58:37.053+0900] {taskinstance.py:2614} INFO - Dependencies all met for dep_context=requeueable deps ti=<TaskInstance: lilt_document_classifier_balanced_V0.1.img_preprocess_task__1 manual__2025-06-23T01:55:15.838468+00:00 map_index=52 [queued]>
[2025-06-23T10:58:37.057+0900] {taskinstance.py:2867} INFO - Starting attempt 1 of 1
[2025-06-23T10:58:37.146+0900] {taskinstance.py:2890} INFO - Executing <Mapped(_PythonDecoratedOperator): img_preprocess_task__1> on 2025-06-23 01:55:15.838468+00:00
[2025-06-23T10:58:37.173+0900] {warnings.py:112} WARNING - /home/***/.local/lib/python3.12/site-packages/***/task/task_runner/standard_task_runner.py:70: DeprecationWarning: This process (pid=91102) is multi-threaded, use of fork() may lead to deadlocks in the child.
  pid = os.fork()

[2025-06-23T10:58:37.180+0900] {standard_task_runner.py:72} INFO - Started process 91188 to run task
[2025-06-23T10:58:37.174+0900] {standard_task_runner.py:104} INFO - Running: ['***', 'tasks', 'run', 'lilt_document_classifier_balanced_V0.1', 'img_preprocess_task__1', 'manual__2025-06-23T01:55:15.838468+00:00', '--job-id', '2386', '--raw', '--subdir', 'DAGS_FOLDER/class_create_dag.py', '--cfg-path', '/tmp/tmptv7uclrp', '--map-index', '52']
[2025-06-23T10:58:37.188+0900] {standard_task_runner.py:105} INFO - Job 2386: Subtask img_preprocess_task__1
[2025-06-23T10:58:37.314+0900] {task_command.py:467} INFO - Running <TaskInstance: lilt_document_classifier_balanced_V0.1.img_preprocess_task__1 manual__2025-06-23T01:55:15.838468+00:00 map_index=52 [running]> on host f6d4228a9eb8
[2025-06-23T10:58:37.491+0900] {taskinstance.py:3134} INFO - Exporting env vars: AIRFLOW_CTX_DAG_OWNER='***' AIRFLOW_CTX_DAG_ID='lilt_document_classifier_balanced_V0.1' AIRFLOW_CTX_TASK_ID='img_preprocess_task__1' AIRFLOW_CTX_EXECUTION_DATE='2025-06-23T01:55:15.838468+00:00' AIRFLOW_CTX_TRY_NUMBER='1' AIRFLOW_CTX_DAG_RUN_ID='manual__2025-06-23T01:55:15.838468+00:00'
[2025-06-23T10:58:37.492+0900] {taskinstance.py:732} INFO - ::endgroup::
[2025-06-23T10:58:37.497+0900] {logging_mixin.py:190} INFO - empty map check {} {'process_id': '_b48640dd-610a-480d-87a5-497c669c69ac_pre', 'folder_path': '6d427caf-8a22-4a5f-86fc-4a626789d3e7/b48640dd-610a-480d-87a5-497c669c69ac', 'step_list': [{'name': 'cache', 'param': {'key': 'origin'}}, {'name': 'calc_angle_set1', 'param': {'key': 'angle1', 'iterations': 4, 'iter_save': False}}, {'name': 'text_orientation_set', 'param': {'key': 'angle2', 'iterations': 4, 'iter_save': False}}, {'name': 'load', 'param': {'key': 'origin'}}, {'name': 'rotate', 'param': {'key': 'angle1'}}, {'name': 'rotate', 'param': {'key': 'angle2'}}], 'result_file_map': {}}
[2025-06-23T10:58:37.528+0900] {logging_mixin.py:190} INFO - step : cache
[2025-06-23T10:58:37.529+0900] {logging_mixin.py:190} INFO - step : calc_angle_set1
[2025-06-23T10:58:37.646+0900] {logging_mixin.py:190} INFO - step : text_orientation_set
[2025-06-23T10:58:44.400+0900] {logging_mixin.py:190} INFO - osd 1 180 180 2.35 Latin 1.27
[2025-06-23T10:58:53.389+0900] {logging_mixin.py:190} INFO - osd 2 break  180 0 3.33 Latin 1.21
[2025-06-23T10:58:53.390+0900] {logging_mixin.py:190} INFO - step : load
[2025-06-23T10:58:53.394+0900] {logging_mixin.py:190} INFO - step : rotate
[2025-06-23T10:58:53.406+0900] {logging_mixin.py:190} INFO - step : rotate
[2025-06-23T10:58:53.486+0900] {logging_mixin.py:190} INFO - file_copy: /opt/***/data/temp/6d427caf-8a22-4a5f-86fc-4a626789d3e7/b48640dd-610a-480d-87a5-497c669c69ac/_result.png
[2025-06-23T10:58:53.504+0900] {python.py:240} INFO - Done. Returned value was: {'file_id': '6d427caf-8a22-4a5f-86fc-4a626789d3e7', 'file_path': '/opt/***/data/class/a_class/classify/ready/false/copied_9_87243860_87243863.png', 'false': {'process_id': '_b48640dd-610a-480d-87a5-497c669c69ac_pre', 'folder_path': '6d427caf-8a22-4a5f-86fc-4a626789d3e7/b48640dd-610a-480d-87a5-497c669c69ac', 'step_list': [{'name': 'cache', 'param': {'key': 'origin'}}, {'name': 'calc_angle_set1', 'param': {'key': 'angle1', 'iterations': 4, 'iter_save': False}}, {'name': 'text_orientation_set', 'param': {'key': 'angle2', 'iterations': 4, 'iter_save': False}}, {'name': 'load', 'param': {'key': 'origin'}}, {'name': 'rotate', 'param': {'key': 'angle1'}}, {'name': 'rotate', 'param': {'key': 'angle2'}}], 'result_file_map': {'_result': '/opt/***/data/temp/6d427caf-8a22-4a5f-86fc-4a626789d3e7/b48640dd-610a-480d-87a5-497c669c69ac/_result.png'}}}
[2025-06-23T10:58:53.602+0900] {taskinstance.py:341} INFO - ::group::Post task execution logs
[2025-06-23T10:58:53.605+0900] {taskinstance.py:353} INFO - Marking task as SUCCESS. dag_id=lilt_document_classifier_balanced_V0.1, task_id=img_preprocess_task__1, run_id=manual__2025-06-23T01:55:15.838468+00:00, map_index=52, execution_date=20250623T015515, start_date=20250623T015836, end_date=20250623T015853
[2025-06-23T10:58:53.717+0900] {local_task_job_runner.py:266} INFO - Task exited with return code 0
[2025-06-23T10:58:53.850+0900] {taskinstance.py:3901} INFO - 0 downstream tasks scheduled from follow-on schedule check
[2025-06-23T10:58:53.854+0900] {local_task_job_runner.py:245} INFO - ::endgroup::
