[2025-05-28T08:22:53.190+0000] {local_task_job_runner.py:123} INFO - ::group::Pre task execution logs
[2025-05-28T08:22:53.338+0000] {taskinstance.py:2614} INFO - Dependencies all met for dep_context=non-requeueable deps ti=<TaskInstance: image_processing_per_file_v2.preprocess_group.file_copy_task manual__2025-05-28T08:22:34.406793+00:00 map_index=1 [queued]>
[2025-05-28T08:22:53.515+0000] {taskinstance.py:2614} INFO - Dependencies all met for dep_context=requeueable deps ti=<TaskInstance: image_processing_per_file_v2.preprocess_group.file_copy_task manual__2025-05-28T08:22:34.406793+00:00 map_index=1 [queued]>
[2025-05-28T08:22:53.524+0000] {taskinstance.py:2867} INFO - Starting attempt 1 of 1
[2025-05-28T08:22:53.820+0000] {taskinstance.py:2890} INFO - Executing <Task(_PythonDecoratedOperator): preprocess_group.file_copy_task> on 2025-05-28 08:22:34.406793+00:00
[2025-05-28T08:22:53.889+0000] {logging_mixin.py:190} WARNING - /home/***/.local/lib/python3.12/site-packages/***/task/task_runner/standard_task_runner.py:70 DeprecationWarning: This process (pid=77610) is multi-threaded, use of fork() may lead to deadlocks in the child.
[2025-05-28T08:22:53.892+0000] {standard_task_runner.py:72} INFO - Started process 77653 to run task
[2025-05-28T08:22:53.900+0000] {standard_task_runner.py:104} INFO - Running: ['***', 'tasks', 'run', 'image_processing_per_file_v2', 'preprocess_group.file_copy_task', 'manual__2025-05-28T08:22:34.406793+00:00', '--job-id', '214', '--raw', '--subdir', 'DAGS_FOLDER/test_dag.py', '--cfg-path', '/tmp/tmpmiqjlzo8', '--map-index', '1']
[2025-05-28T08:22:53.914+0000] {standard_task_runner.py:105} INFO - Job 214: Subtask preprocess_group.file_copy_task
[2025-05-28T08:22:54.260+0000] {task_command.py:467} INFO - Running <TaskInstance: image_processing_per_file_v2.preprocess_group.file_copy_task manual__2025-05-28T08:22:34.406793+00:00 map_index=1 [running]> on host 293edbf976f9
[2025-05-28T08:22:54.890+0000] {taskinstance.py:3134} INFO - Exporting env vars: AIRFLOW_CTX_DAG_OWNER='***' AIRFLOW_CTX_DAG_ID='image_processing_per_file_v2' AIRFLOW_CTX_TASK_ID='preprocess_group.file_copy_task' AIRFLOW_CTX_EXECUTION_DATE='2025-05-28T08:22:34.406793+00:00' AIRFLOW_CTX_TRY_NUMBER='1' AIRFLOW_CTX_DAG_RUN_ID='manual__2025-05-28T08:22:34.406793+00:00'
[2025-05-28T08:22:54.897+0000] {logging_mixin.py:190} INFO - Task instance is in running state
[2025-05-28T08:22:54.905+0000] {logging_mixin.py:190} INFO -  Previous state of the Task instance: queued
[2025-05-28T08:22:54.906+0000] {logging_mixin.py:190} INFO - Current task name:preprocess_group.file_copy_task state:running start_date:2025-05-28 08:22:53.340706+00:00
[2025-05-28T08:22:54.907+0000] {logging_mixin.py:190} INFO - Dag name:image_processing_per_file_v2 and current dag run status:running
[2025-05-28T08:22:54.907+0000] {taskinstance.py:732} INFO - ::endgroup::
[2025-05-28T08:22:54.929+0000] {logging_mixin.py:190} INFO - copy: /opt/***/data/result/test/스크린샷 2025-05-20 182000 - 복사본 - 복사본.png
[2025-05-28T08:22:54.929+0000] {python.py:240} INFO - Done. Returned value was: /opt/***/data/result/test/스크린샷 2025-05-20 182000 - 복사본 - 복사본.png
[2025-05-28T08:22:55.075+0000] {taskinstance.py:341} INFO - ::group::Post task execution logs
[2025-05-28T08:22:55.076+0000] {taskinstance.py:353} INFO - Marking task as SUCCESS. dag_id=image_processing_per_file_v2, task_id=preprocess_group.file_copy_task, run_id=manual__2025-05-28T08:22:34.406793+00:00, map_index=1, execution_date=20250528T082234, start_date=20250528T082253, end_date=20250528T082255
[2025-05-28T08:22:55.177+0000] {logging_mixin.py:190} INFO - Task instance in success state
[2025-05-28T08:22:55.197+0000] {logging_mixin.py:190} INFO -  Previous state of the Task instance: running
[2025-05-28T08:22:55.208+0000] {logging_mixin.py:190} INFO - Dag name:image_processing_per_file_v2 queued_at:2025-05-28 08:22:34.428192+00:00
[2025-05-28T08:22:55.212+0000] {logging_mixin.py:190} INFO - Task hostname:293edbf976f9 operator:_PythonDecoratedOperator
[2025-05-28T08:22:55.279+0000] {local_task_job_runner.py:266} INFO - Task exited with return code 0
[2025-05-28T08:22:55.335+0000] {local_task_job_runner.py:245} INFO - ::endgroup::
