[2025-06-23T16:17:49.765+0900] {local_task_job_runner.py:123} INFO - ::group::Pre task execution logs
[2025-06-23T16:17:49.869+0900] {taskinstance.py:2614} INFO - Dependencies all met for dep_context=non-requeueable deps ti=<TaskInstance: lilt_document_classifier_balanced_V0.1.img_preprocess_task manual__2025-06-23T06:45:10.371530+00:00 map_index=78 [queued]>
[2025-06-23T16:17:49.890+0900] {taskinstance.py:2614} INFO - Dependencies all met for dep_context=requeueable deps ti=<TaskInstance: lilt_document_classifier_balanced_V0.1.img_preprocess_task manual__2025-06-23T06:45:10.371530+00:00 map_index=78 [queued]>
[2025-06-23T16:17:49.892+0900] {taskinstance.py:2867} INFO - Starting attempt 1 of 1
[2025-06-23T16:17:50.021+0900] {taskinstance.py:2890} INFO - Executing <Mapped(_PythonDecoratedOperator): img_preprocess_task> on 2025-06-23 06:45:10.371530+00:00
[2025-06-23T16:17:50.175+0900] {standard_task_runner.py:104} INFO - Running: ['***', 'tasks', 'run', 'lilt_document_classifier_balanced_V0.1', 'img_preprocess_task', 'manual__2025-06-23T06:45:10.371530+00:00', '--job-id', '3327', '--raw', '--subdir', 'DAGS_FOLDER/class_create_dag.py', '--cfg-path', '/tmp/tmp9v1n5dxc', '--map-index', '78']
[2025-06-23T16:17:50.179+0900] {standard_task_runner.py:105} INFO - Job 3327: Subtask img_preprocess_task
[2025-06-23T16:17:50.169+0900] {warnings.py:112} WARNING - /home/***/.local/lib/python3.12/site-packages/***/task/task_runner/standard_task_runner.py:70: DeprecationWarning: This process (pid=6250) is multi-threaded, use of fork() may lead to deadlocks in the child.
  pid = os.fork()

[2025-06-23T16:17:50.188+0900] {standard_task_runner.py:72} INFO - Started process 6266 to run task
[2025-06-23T16:17:50.344+0900] {task_command.py:467} INFO - Running <TaskInstance: lilt_document_classifier_balanced_V0.1.img_preprocess_task manual__2025-06-23T06:45:10.371530+00:00 map_index=78 [running]> on host f6d4228a9eb8
[2025-06-23T16:17:50.539+0900] {taskinstance.py:3134} INFO - Exporting env vars: AIRFLOW_CTX_DAG_OWNER='***' AIRFLOW_CTX_DAG_ID='lilt_document_classifier_balanced_V0.1' AIRFLOW_CTX_TASK_ID='img_preprocess_task' AIRFLOW_CTX_EXECUTION_DATE='2025-06-23T06:45:10.371530+00:00' AIRFLOW_CTX_TRY_NUMBER='1' AIRFLOW_CTX_DAG_RUN_ID='manual__2025-06-23T06:45:10.371530+00:00'
[2025-06-23T16:17:50.540+0900] {taskinstance.py:732} INFO - ::endgroup::
[2025-06-23T16:17:50.547+0900] {logging_mixin.py:190} INFO - empty map check {} {'process_id': '_a9936623-30b1-4fe1-803a-478c67d14df2_pre', 'folder_path': 'b3952288-e703-4129-93af-834fb382a135/a9936623-30b1-4fe1-803a-478c67d14df2', 'step_list': [{'name': 'cache', 'param': {'key': 'origin'}}, {'name': 'calc_angle_set2', 'param': {'key': 'angle1', 'iterations': 4, 'iter_save': False}}, {'name': 'text_orientation_set', 'param': {'key': 'angle2', 'iterations': 4, 'iter_save': False}}, {'name': 'load', 'param': {'key': 'origin'}}, {'name': 'rotate', 'param': {'key': 'angle1'}}, {'name': 'rotate', 'param': {'key': 'angle2'}}], 'result_file_map': {}}
[2025-06-23T16:17:50.547+0900] {logging_mixin.py:190} INFO - step : cache
[2025-06-23T16:17:50.547+0900] {logging_mixin.py:190} INFO - step : calc_angle_set2
[2025-06-23T16:18:19.990+0900] {logging_mixin.py:190} INFO - osd 1 -5.0 -5.0 0 856838 [856838, 816827, 774691, 731944, 690088, 649131, 608499, 567872, 529672, 489843, 454173, 418841, 383960, 350319, 320983, 291723, 262710, 233807, 205030, 176784, 150454, 179996, 208838, 237573, 266803, 295762, 324584, 353167, 386207, 420896, 455461, 490796, 530787, 568959, 609038, 648347, 689959, 731180, 773610, 815329, 855975]
[2025-06-23T16:19:01.785+0900] {logging_mixin.py:190} INFO - osd 2 0.0 5.0 40 2191817 [1851154, 1795536, 1744448, 1690323, 1634518, 1582581, 1532535, 1478738, 1429557, 1372479, 1323868, 1272306, 1220257, 1172156, 1118367, 1067926, 1014664, 964790, 918708, 867127, 819325, 877771, 940921, 999800, 1061627, 1128685, 1193557, 1264548, 1331448, 1402734, 1475856, 1545526, 1624090, 1694408, 1769651, 1840840, 1911903, 1985454, 2056329, 2123145, 2191817]
[2025-06-23T16:19:51.310+0900] {logging_mixin.py:190} INFO - osd 3 -5.0 -5.0 0 3518966 [3518966, 3447035, 3381077, 3311759, 3247498, 3178615, 3114307, 3042767, 2974694, 2907020, 2840577, 2772646, 2702497, 2635899, 2565065, 2498443, 2428435, 2358041, 2286773, 2216818, 2148919, 2217035, 2285482, 2352568, 2420941, 2488554, 2553378, 2621796, 2687082, 2755804, 2821837, 2886539, 2952786, 3018789, 3089208, 3151421, 3218098, 3280724, 3348802, 3413629, 3484601]
[2025-06-23T16:20:50.442+0900] {logging_mixin.py:190} INFO - osd 4 0.0 5.0 40 5526155 [5175568, 5082536, 4990329, 4899533, 4809231, 4721111, 4628099, 4538151, 4454468, 4364747, 4281956, 4190442, 4109864, 4019694, 3935752, 3853713, 3770967, 3686195, 3603002, 3521002, 3449034, 3545796, 3652540, 3759722, 3868538, 3972032, 4076083, 4181436, 4290779, 4392289, 4501876, 4603140, 4710154, 4811103, 4916162, 5021911, 5123573, 5224963, 5324595, 5426427, 5526155]
[2025-06-23T16:20:50.959+0900] {logging_mixin.py:190} INFO - step : text_orientation_set
[2025-06-23T16:21:16.487+0900] {logging_mixin.py:190} INFO - osd 1 break  0 0 14.63 Japanese 0.4
[2025-06-23T16:21:16.491+0900] {logging_mixin.py:190} INFO - step : load
[2025-06-23T16:21:16.522+0900] {logging_mixin.py:190} INFO - step : rotate
[2025-06-23T16:21:16.665+0900] {logging_mixin.py:190} INFO - step : rotate
[2025-06-23T16:21:16.904+0900] {logging_mixin.py:190} INFO - file_copy: /opt/***/data/temp/b3952288-e703-4129-93af-834fb382a135/a9936623-30b1-4fe1-803a-478c67d14df2/_result.png
[2025-06-23T16:21:16.923+0900] {python.py:240} INFO - Done. Returned value was: {'file_id': 'b3952288-e703-4129-93af-834fb382a135', 'file_path': '/opt/***/data/class/a_class/classify/ready/true/송정동 연세빌딩 - 정부24 - 건축물대장 등본(초본) 발급(열람) _ 문서출력_page_1_aug2.png', 'true': {'process_id': '_a9936623-30b1-4fe1-803a-478c67d14df2_pre', 'folder_path': 'b3952288-e703-4129-93af-834fb382a135/a9936623-30b1-4fe1-803a-478c67d14df2', 'step_list': [{'name': 'cache', 'param': {'key': 'origin'}}, {'name': 'calc_angle_set2', 'param': {'key': 'angle1', 'iterations': 4, 'iter_save': False}}, {'name': 'text_orientation_set', 'param': {'key': 'angle2', 'iterations': 4, 'iter_save': False}}, {'name': 'load', 'param': {'key': 'origin'}}, {'name': 'rotate', 'param': {'key': 'angle1'}}, {'name': 'rotate', 'param': {'key': 'angle2'}}], 'result_file_map': {'_result': '/opt/***/data/temp/b3952288-e703-4129-93af-834fb382a135/a9936623-30b1-4fe1-803a-478c67d14df2/_result.png'}}}
[2025-06-23T16:21:16.966+0900] {taskinstance.py:341} INFO - ::group::Post task execution logs
[2025-06-23T16:21:16.967+0900] {taskinstance.py:353} INFO - Marking task as SUCCESS. dag_id=lilt_document_classifier_balanced_V0.1, task_id=img_preprocess_task, run_id=manual__2025-06-23T06:45:10.371530+00:00, map_index=78, execution_date=20250623T064510, start_date=20250623T071749, end_date=20250623T072116
[2025-06-23T16:21:17.098+0900] {local_task_job_runner.py:266} INFO - Task exited with return code 0
[2025-06-23T16:21:17.156+0900] {taskinstance.py:3901} INFO - 0 downstream tasks scheduled from follow-on schedule check
[2025-06-23T16:21:17.172+0900] {local_task_job_runner.py:245} INFO - ::endgroup::
