[2025-05-27T08:33:03.524+0000] {local_task_job_runner.py:123} INFO - ::group::Pre task execution logs
[2025-05-27T08:33:03.826+0000] {taskinstance.py:2614} INFO - Dependencies all met for dep_context=non-requeueable deps ti=<TaskInstance: image_processing_per_file_v2.grayscale_task manual__2025-05-27T08:27:30.939474+00:00 map_index=258 [queued]>
[2025-05-27T08:33:04.042+0000] {taskinstance.py:2614} INFO - Dependencies all met for dep_context=requeueable deps ti=<TaskInstance: image_processing_per_file_v2.grayscale_task manual__2025-05-27T08:27:30.939474+00:00 map_index=258 [queued]>
[2025-05-27T08:33:04.049+0000] {taskinstance.py:2867} INFO - Starting attempt 1 of 1
[2025-05-27T08:33:04.189+0000] {taskinstance.py:2890} INFO - Executing <Mapped(_PythonDecoratedOperator): grayscale_task> on 2025-05-27 08:27:30.939474+00:00
[2025-05-27T08:33:04.431+0000] {standard_task_runner.py:104} INFO - Running: ['***', 'tasks', 'run', 'image_processing_per_file_v2', 'grayscale_task', 'manual__2025-05-27T08:27:30.939474+00:00', '--job-id', '347', '--raw', '--subdir', 'DAGS_FOLDER/test_dag.py', '--cfg-path', '/tmp/tmprln74lxi', '--map-index', '258']
[2025-05-27T08:33:04.464+0000] {standard_task_runner.py:105} INFO - Job 347: Subtask grayscale_task
[2025-05-27T08:33:04.447+0000] {logging_mixin.py:190} WARNING - /home/***/.local/lib/python3.12/site-packages/***/task/task_runner/standard_task_runner.py:70 DeprecationWarning: This process (pid=20130) is multi-threaded, use of fork() may lead to deadlocks in the child.
[2025-05-27T08:33:04.505+0000] {standard_task_runner.py:72} INFO - Started process 20221 to run task
[2025-05-27T08:33:04.760+0000] {task_command.py:467} INFO - Running <TaskInstance: image_processing_per_file_v2.grayscale_task manual__2025-05-27T08:27:30.939474+00:00 map_index=258 [running]> on host d13339a4a574
[2025-05-27T08:33:05.824+0000] {taskinstance.py:3134} INFO - Exporting env vars: AIRFLOW_CTX_DAG_OWNER='***' AIRFLOW_CTX_DAG_ID='image_processing_per_file_v2' AIRFLOW_CTX_TASK_ID='grayscale_task' AIRFLOW_CTX_EXECUTION_DATE='2025-05-27T08:27:30.939474+00:00' AIRFLOW_CTX_TRY_NUMBER='1' AIRFLOW_CTX_DAG_RUN_ID='manual__2025-05-27T08:27:30.939474+00:00'
[2025-05-27T08:33:05.851+0000] {logging_mixin.py:190} INFO - Task instance is in running state
[2025-05-27T08:33:05.859+0000] {logging_mixin.py:190} INFO -  Previous state of the Task instance: queued
[2025-05-27T08:33:05.929+0000] {logging_mixin.py:190} INFO - Current task name:grayscale_task state:running start_date:2025-05-27 08:33:03.826960+00:00
[2025-05-27T08:33:05.945+0000] {logging_mixin.py:190} INFO - Dag name:image_processing_per_file_v2 and current dag run status:running
[2025-05-27T08:33:05.948+0000] {taskinstance.py:732} INFO - ::endgroup::
[2025-05-27T08:33:05.956+0000] {logging_mixin.py:190} INFO - ----------file_path /opt/***/data/upload/test/스크린샷 2025-05-23 141009 - 복사본 (3) - 복사본.png
[2025-05-27T08:33:07.886+0000] {logging_mixin.py:190} INFO - gray: /opt/***/data/temp/스크린샷 2025-05-23 141009 - 복사본 (3) - 복사본.png
[2025-05-27T08:33:07.911+0000] {python.py:240} INFO - Done. Returned value was: /opt/***/data/temp/스크린샷 2025-05-23 141009 - 복사본 (3) - 복사본.png
[2025-05-27T08:33:08.047+0000] {taskinstance.py:341} INFO - ::group::Post task execution logs
[2025-05-27T08:33:08.048+0000] {taskinstance.py:353} INFO - Marking task as SUCCESS. dag_id=image_processing_per_file_v2, task_id=grayscale_task, run_id=manual__2025-05-27T08:27:30.939474+00:00, map_index=258, execution_date=20250527T082730, start_date=20250527T083303, end_date=20250527T083308
[2025-05-27T08:33:08.126+0000] {logging_mixin.py:190} INFO - Task instance in success state
[2025-05-27T08:33:08.135+0000] {logging_mixin.py:190} INFO -  Previous state of the Task instance: running
[2025-05-27T08:33:08.138+0000] {logging_mixin.py:190} INFO - Dag name:image_processing_per_file_v2 queued_at:2025-05-27 08:27:30.973127+00:00
[2025-05-27T08:33:08.139+0000] {logging_mixin.py:190} INFO - Task hostname:d13339a4a574 operator:_PythonDecoratedOperator
[2025-05-27T08:33:08.207+0000] {local_task_job_runner.py:266} INFO - Task exited with return code 0
[2025-05-27T08:33:08.279+0000] {local_task_job_runner.py:245} INFO - ::endgroup::
