[2025-06-25T09:20:02.367+0900] {local_task_job_runner.py:123} INFO - ::group::Pre task execution logs
[2025-06-25T09:20:02.455+0900] {taskinstance.py:2614} INFO - Dependencies all met for dep_context=non-requeueable deps ti=<TaskInstance: lilt_document_classifier_balanced_V0.1.img_preprocess_task manual__2025-06-25T00:18:31.692203+00:00 map_index=11 [queued]>
[2025-06-25T09:20:02.509+0900] {taskinstance.py:2614} INFO - Dependencies all met for dep_context=requeueable deps ti=<TaskInstance: lilt_document_classifier_balanced_V0.1.img_preprocess_task manual__2025-06-25T00:18:31.692203+00:00 map_index=11 [queued]>
[2025-06-25T09:20:02.514+0900] {taskinstance.py:2867} INFO - Starting attempt 1 of 1
[2025-06-25T09:20:02.611+0900] {taskinstance.py:2890} INFO - Executing <Mapped(_PythonDecoratedOperator): img_preprocess_task> on 2025-06-25 00:18:31.692203+00:00
[2025-06-25T09:20:02.658+0900] {warnings.py:112} WARNING - /home/***/.local/lib/python3.12/site-packages/***/task/task_runner/standard_task_runner.py:70: DeprecationWarning: This process (pid=75885) is multi-threaded, use of fork() may lead to deadlocks in the child.
  pid = os.fork()

[2025-06-25T09:20:02.668+0900] {standard_task_runner.py:72} INFO - Started process 75902 to run task
[2025-06-25T09:20:02.677+0900] {standard_task_runner.py:104} INFO - Running: ['***', 'tasks', 'run', 'lilt_document_classifier_balanced_V0.1', 'img_preprocess_task', 'manual__2025-06-25T00:18:31.692203+00:00', '--job-id', '4996', '--raw', '--subdir', 'DAGS_FOLDER/class_create_dag.py', '--cfg-path', '/tmp/tmp0in7iuc0', '--map-index', '11']
[2025-06-25T09:20:02.681+0900] {standard_task_runner.py:105} INFO - Job 4996: Subtask img_preprocess_task
[2025-06-25T09:20:02.777+0900] {task_command.py:467} INFO - Running <TaskInstance: lilt_document_classifier_balanced_V0.1.img_preprocess_task manual__2025-06-25T00:18:31.692203+00:00 map_index=11 [running]> on host f6d4228a9eb8
[2025-06-25T09:20:03.125+0900] {taskinstance.py:3134} INFO - Exporting env vars: AIRFLOW_CTX_DAG_OWNER='***' AIRFLOW_CTX_DAG_ID='lilt_document_classifier_balanced_V0.1' AIRFLOW_CTX_TASK_ID='img_preprocess_task' AIRFLOW_CTX_EXECUTION_DATE='2025-06-25T00:18:31.692203+00:00' AIRFLOW_CTX_TRY_NUMBER='1' AIRFLOW_CTX_DAG_RUN_ID='manual__2025-06-25T00:18:31.692203+00:00'
[2025-06-25T09:20:03.128+0900] {taskinstance.py:732} INFO - ::endgroup::
[2025-06-25T09:20:03.135+0900] {logging_mixin.py:190} INFO - empty map check {} {'process_id': '_05491527-6e89-4666-bb0c-5c8f7d8bf22c_pre', 'folder_path': 'e0c1f8b6-9a29-498d-a94d-a3662bb22d9a/05491527-6e89-4666-bb0c-5c8f7d8bf22c', 'step_list': [{'name': 'cache', 'param': {'cache_key': 'origin'}}, {'name': 'calc_angle_set2', 'param': {'angle_key': 'angle2_1', 'delta': 8.0, 'limit': 40, 'iterations': 2, 'iter_save': False}}, {'name': 'calc_angle_set2', 'param': {'angle_key': 'angle2_2', 'delta': 1.0, 'limit': 8, 'iterations': 2, 'iter_save': False}}, {'name': 'calc_angle_set2', 'param': {'angle_key': 'angle2_3', 'delta': 0.125, 'limit': 1, 'iterations': 2, 'iter_save': False}}, {'name': 'text_orientation_set', 'param': {'angle_key': 'orint', 'iterations': 3, 'iter_save': False}}, {'name': 'load', 'param': {'cache_key': 'origin'}}, {'name': 'rotate', 'param': {'angle_key': 'angle2_1'}}, {'name': 'rotate', 'param': {'angle_key': 'angle2_2'}}, {'name': 'rotate', 'param': {'angle_key': 'angle2_3'}}, {'name': 'rotate', 'param': {'angle_key': 'orint'}}], 'result_file_map': {}}
[2025-06-25T09:20:03.139+0900] {logging_mixin.py:190} INFO - step : cache
[2025-06-25T09:20:03.145+0900] {logging_mixin.py:190} INFO - step : calc_angle_set2
[2025-06-25T09:20:09.525+0900] {logging_mixin.py:190} INFO - osd 1 0.0 0.0 5 16362 [0, 0, 0, 0, 0, 16362, 0, 0, 0, 0, 0]
[2025-06-25T09:20:19.697+0900] {logging_mixin.py:190} INFO - osd 2 0.0 0.0 5 16362 [0, 0, 0, 0, 0, 16362, 0, 0, 0, 0, 0]
[2025-06-25T09:20:19.811+0900] {logging_mixin.py:190} INFO - step : calc_angle_set2
[2025-06-25T09:20:27.685+0900] {logging_mixin.py:190} INFO - osd 1 1.0 1.0 9 129102 [0, 0, 0, 0, 0, 0, 2, 0, 16362, 129102, 14717, 0, 0, 0, 0, 0, 0]
[2025-06-25T09:20:40.966+0900] {logging_mixin.py:190} INFO - osd 2 1.0 0.0 8 139010 [0, 0, 0, 0, 0, 0, 0, 23176, 139010, 18449, 0, 0, 0, 0, 0, 0, 0]
[2025-06-25T09:20:41.169+0900] {logging_mixin.py:190} INFO - step : calc_angle_set2
[2025-06-25T09:20:57.028+0900] {logging_mixin.py:190} INFO - osd 1 0.0 0.0 8 139010 [23176, 29710, 38825, 47890, 55999, 65302, 74046, 102410, 139010, 135388, 95013, 70917, 60692, 50536, 39991, 29155, 18449]
[2025-06-25T09:21:04.073+0900] {logging_mixin.py:190} INFO - osd 2 0.0 0.0 8 139010 [23176, 29710, 38825, 47890, 55999, 65302, 74046, 102410, 139010, 135388, 95013, 70917, 60692, 50536, 39991, 29155, 18449]
[2025-06-25T09:21:04.350+0900] {logging_mixin.py:190} INFO - step : text_orientation_set
[2025-06-25T09:21:22.806+0900] {logging_mixin.py:190} INFO - osd 1 break  0 0 8.48 Korean 1.83
[2025-06-25T09:21:22.826+0900] {logging_mixin.py:190} INFO - step : load
[2025-06-25T09:21:22.835+0900] {logging_mixin.py:190} INFO - step : rotate
[2025-06-25T09:21:22.903+0900] {logging_mixin.py:190} INFO - step : rotate
[2025-06-25T09:21:23.013+0900] {logging_mixin.py:190} INFO - step : rotate
[2025-06-25T09:21:23.014+0900] {logging_mixin.py:190} INFO - step : rotate
[2025-06-25T09:21:23.471+0900] {logging_mixin.py:190} INFO - file_copy: /opt/***/data/temp/e0c1f8b6-9a29-498d-a94d-a3662bb22d9a/05491527-6e89-4666-bb0c-5c8f7d8bf22c/_result.png
[2025-06-25T09:21:23.499+0900] {python.py:240} INFO - Done. Returned value was: {'file_id': 'e0c1f8b6-9a29-498d-a94d-a3662bb22d9a', 'file_path': '/opt/***/data/class/a_class/classify/ready/true/대치동 무진빌딩 - 정부24 - 건축물대장 등본(초본) 발급(열람) _ 문서출력_page_1_aug2.png', 'true': {'process_id': '_05491527-6e89-4666-bb0c-5c8f7d8bf22c_pre', 'folder_path': 'e0c1f8b6-9a29-498d-a94d-a3662bb22d9a/05491527-6e89-4666-bb0c-5c8f7d8bf22c', 'step_list': [{'name': 'cache', 'param': {'cache_key': 'origin'}}, {'name': 'calc_angle_set2', 'param': {'angle_key': 'angle2_1', 'delta': 8.0, 'limit': 40, 'iterations': 2, 'iter_save': False}}, {'name': 'calc_angle_set2', 'param': {'angle_key': 'angle2_2', 'delta': 1.0, 'limit': 8, 'iterations': 2, 'iter_save': False}}, {'name': 'calc_angle_set2', 'param': {'angle_key': 'angle2_3', 'delta': 0.125, 'limit': 1, 'iterations': 2, 'iter_save': False}}, {'name': 'text_orientation_set', 'param': {'angle_key': 'orint', 'iterations': 3, 'iter_save': False}}, {'name': 'load', 'param': {'cache_key': 'origin'}}, {'name': 'rotate', 'param': {'angle_key': 'angle2_1'}}, {'name': 'rotate', 'param': {'angle_key': 'angle2_2'}}, {'name': 'rotate', 'param': {'angle_key': 'angle2_3'}}, {'name': 'rotate', 'param': {'angle_key': 'orint'}}], 'result_file_map': {'_result': '/opt/***/data/temp/e0c1f8b6-9a29-498d-a94d-a3662bb22d9a/05491527-6e89-4666-bb0c-5c8f7d8bf22c/_result.png'}}}
[2025-06-25T09:21:23.543+0900] {taskinstance.py:341} INFO - ::group::Post task execution logs
[2025-06-25T09:21:23.545+0900] {taskinstance.py:353} INFO - Marking task as SUCCESS. dag_id=lilt_document_classifier_balanced_V0.1, task_id=img_preprocess_task, run_id=manual__2025-06-25T00:18:31.692203+00:00, map_index=11, execution_date=20250625T001831, start_date=20250625T002002, end_date=20250625T002123
[2025-06-25T09:21:23.633+0900] {local_task_job_runner.py:266} INFO - Task exited with return code 0
[2025-06-25T09:21:23.818+0900] {taskinstance.py:3901} INFO - 0 downstream tasks scheduled from follow-on schedule check
[2025-06-25T09:21:23.823+0900] {local_task_job_runner.py:245} INFO - ::endgroup::
