[2025-06-17T11:24:20.989+0900] {local_task_job_runner.py:123} INFO - ::group::Pre task execution logs
[2025-06-17T11:24:21.018+0900] {taskinstance.py:2614} INFO - Dependencies all met for dep_context=non-requeueable deps ti=<TaskInstance: image_ocr_v2.img_preprocess_task manual__2025-06-17T02:24:13.342587+00:00 map_index=1 [queued]>
[2025-06-17T11:24:21.030+0900] {taskinstance.py:2614} INFO - Dependencies all met for dep_context=requeueable deps ti=<TaskInstance: image_ocr_v2.img_preprocess_task manual__2025-06-17T02:24:13.342587+00:00 map_index=1 [queued]>
[2025-06-17T11:24:21.030+0900] {taskinstance.py:2867} INFO - Starting attempt 1 of 1
[2025-06-17T11:24:21.046+0900] {taskinstance.py:2890} INFO - Executing <Mapped(_PythonDecoratedOperator): img_preprocess_task> on 2025-06-17 02:24:13.342587+00:00
[2025-06-17T11:24:21.054+0900] {warnings.py:112} WARNING - /home/***/.local/lib/python3.12/site-packages/***/task/task_runner/standard_task_runner.py:70: DeprecationWarning: This process (pid=2203) is multi-threaded, use of fork() may lead to deadlocks in the child.
  pid = os.fork()

[2025-06-17T11:24:21.056+0900] {standard_task_runner.py:72} INFO - Started process 2254 to run task
[2025-06-17T11:24:21.057+0900] {standard_task_runner.py:104} INFO - Running: ['***', 'tasks', 'run', 'image_ocr_v2', 'img_preprocess_task', 'manual__2025-06-17T02:24:13.342587+00:00', '--job-id', '833', '--raw', '--subdir', 'DAGS_FOLDER/test_dag.py', '--cfg-path', '/tmp/tmp1d18m0nz', '--map-index', '1']
[2025-06-17T11:24:21.062+0900] {standard_task_runner.py:105} INFO - Job 833: Subtask img_preprocess_task
[2025-06-17T11:24:21.111+0900] {task_command.py:467} INFO - Running <TaskInstance: image_ocr_v2.img_preprocess_task manual__2025-06-17T02:24:13.342587+00:00 map_index=1 [running]> on host f6d4228a9eb8
[2025-06-17T11:24:21.228+0900] {taskinstance.py:3134} INFO - Exporting env vars: AIRFLOW_CTX_DAG_OWNER='***' AIRFLOW_CTX_DAG_ID='image_ocr_v2' AIRFLOW_CTX_TASK_ID='img_preprocess_task' AIRFLOW_CTX_EXECUTION_DATE='2025-06-17T02:24:13.342587+00:00' AIRFLOW_CTX_TRY_NUMBER='1' AIRFLOW_CTX_DAG_RUN_ID='manual__2025-06-17T02:24:13.342587+00:00'
[2025-06-17T11:24:21.229+0900] {taskinstance.py:732} INFO - ::endgroup::
[2025-06-17T11:24:21.233+0900] {logging_mixin.py:190} INFO - empty map check {} {'process_id': '_96b7f585-5884-4b77-8c98-2e9cb16f8fec_pre', 'folder_path': '0fd094ee-01f3-4eb3-a223-58a337ee6462/96b7f585-5884-4b77-8c98-2e9cb16f8fec', 'step_list': [{'name': 'cache', 'param': {'key': 'origin'}}, {'name': 'calc_angle_set5', 'param': {'key': 'angle1', 'iterations': 4, 'iter_save': True}}, {'name': 'calc_angle_set2', 'param': {'key': 'angle2', 'iterations': 4, 'iter_save': True}}, {'name': 'threshold', 'param': {}}, {'name': 'save', 'param': {'key': 'classify_preprocess'}}], 'result_file_list': []}
[2025-06-17T11:24:21.233+0900] {logging_mixin.py:190} INFO - step : cache
[2025-06-17T11:24:21.234+0900] {logging_mixin.py:190} INFO - step : calc_angle_set5
[2025-06-17T11:24:21.419+0900] {logging_mixin.py:190} INFO - file_copy: /opt/***/data/temp/0fd094ee-01f3-4eb3-a223-58a337ee6462/96b7f585-5884-4b77-8c98-2e9cb16f8fec/rotate5_1_-5.0.png
[2025-06-17T11:24:21.612+0900] {logging_mixin.py:190} INFO - file_copy: /opt/***/data/temp/0fd094ee-01f3-4eb3-a223-58a337ee6462/96b7f585-5884-4b77-8c98-2e9cb16f8fec/rotate5_1_-4.8.png
[2025-06-17T11:24:21.805+0900] {logging_mixin.py:190} INFO - file_copy: /opt/***/data/temp/0fd094ee-01f3-4eb3-a223-58a337ee6462/96b7f585-5884-4b77-8c98-2e9cb16f8fec/rotate5_1_-4.6.png
[2025-06-17T11:24:21.983+0900] {logging_mixin.py:190} INFO - file_copy: /opt/***/data/temp/0fd094ee-01f3-4eb3-a223-58a337ee6462/96b7f585-5884-4b77-8c98-2e9cb16f8fec/rotate5_1_-4.3999999999999995.png
[2025-06-17T11:24:22.186+0900] {logging_mixin.py:190} INFO - file_copy: /opt/***/data/temp/0fd094ee-01f3-4eb3-a223-58a337ee6462/96b7f585-5884-4b77-8c98-2e9cb16f8fec/rotate5_1_-4.199999999999999.png
[2025-06-17T11:24:22.371+0900] {logging_mixin.py:190} INFO - file_copy: /opt/***/data/temp/0fd094ee-01f3-4eb3-a223-58a337ee6462/96b7f585-5884-4b77-8c98-2e9cb16f8fec/rotate5_1_-3.999999999999999.png
[2025-06-17T11:24:22.560+0900] {logging_mixin.py:190} INFO - file_copy: /opt/***/data/temp/0fd094ee-01f3-4eb3-a223-58a337ee6462/96b7f585-5884-4b77-8c98-2e9cb16f8fec/rotate5_1_-3.799999999999999.png
[2025-06-17T11:24:22.744+0900] {logging_mixin.py:190} INFO - file_copy: /opt/***/data/temp/0fd094ee-01f3-4eb3-a223-58a337ee6462/96b7f585-5884-4b77-8c98-2e9cb16f8fec/rotate5_1_-3.5999999999999988.png
[2025-06-17T11:24:22.927+0900] {logging_mixin.py:190} INFO - file_copy: /opt/***/data/temp/0fd094ee-01f3-4eb3-a223-58a337ee6462/96b7f585-5884-4b77-8c98-2e9cb16f8fec/rotate5_1_-3.3999999999999986.png
[2025-06-17T11:24:23.101+0900] {logging_mixin.py:190} INFO - file_copy: /opt/***/data/temp/0fd094ee-01f3-4eb3-a223-58a337ee6462/96b7f585-5884-4b77-8c98-2e9cb16f8fec/rotate5_1_-3.1999999999999984.png
[2025-06-17T11:24:23.283+0900] {logging_mixin.py:190} INFO - file_copy: /opt/***/data/temp/0fd094ee-01f3-4eb3-a223-58a337ee6462/96b7f585-5884-4b77-8c98-2e9cb16f8fec/rotate5_1_-2.9999999999999982.png
[2025-06-17T11:24:23.493+0900] {logging_mixin.py:190} INFO - file_copy: /opt/***/data/temp/0fd094ee-01f3-4eb3-a223-58a337ee6462/96b7f585-5884-4b77-8c98-2e9cb16f8fec/rotate5_1_-2.799999999999998.png
[2025-06-17T11:24:23.689+0900] {logging_mixin.py:190} INFO - file_copy: /opt/***/data/temp/0fd094ee-01f3-4eb3-a223-58a337ee6462/96b7f585-5884-4b77-8c98-2e9cb16f8fec/rotate5_1_-2.599999999999998.png
[2025-06-17T11:24:23.872+0900] {logging_mixin.py:190} INFO - file_copy: /opt/***/data/temp/0fd094ee-01f3-4eb3-a223-58a337ee6462/96b7f585-5884-4b77-8c98-2e9cb16f8fec/rotate5_1_-2.3999999999999977.png
[2025-06-17T11:24:24.074+0900] {logging_mixin.py:190} INFO - file_copy: /opt/***/data/temp/0fd094ee-01f3-4eb3-a223-58a337ee6462/96b7f585-5884-4b77-8c98-2e9cb16f8fec/rotate5_1_-2.1999999999999975.png
[2025-06-17T11:24:24.277+0900] {logging_mixin.py:190} INFO - file_copy: /opt/***/data/temp/0fd094ee-01f3-4eb3-a223-58a337ee6462/96b7f585-5884-4b77-8c98-2e9cb16f8fec/rotate5_1_-1.9999999999999973.png
[2025-06-17T11:24:24.477+0900] {logging_mixin.py:190} INFO - file_copy: /opt/***/data/temp/0fd094ee-01f3-4eb3-a223-58a337ee6462/96b7f585-5884-4b77-8c98-2e9cb16f8fec/rotate5_1_-1.7999999999999972.png
[2025-06-17T11:24:24.673+0900] {logging_mixin.py:190} INFO - file_copy: /opt/***/data/temp/0fd094ee-01f3-4eb3-a223-58a337ee6462/96b7f585-5884-4b77-8c98-2e9cb16f8fec/rotate5_1_-1.599999999999997.png
[2025-06-17T11:24:24.858+0900] {logging_mixin.py:190} INFO - file_copy: /opt/***/data/temp/0fd094ee-01f3-4eb3-a223-58a337ee6462/96b7f585-5884-4b77-8c98-2e9cb16f8fec/rotate5_1_-1.3999999999999968.png
[2025-06-17T11:24:25.042+0900] {logging_mixin.py:190} INFO - file_copy: /opt/***/data/temp/0fd094ee-01f3-4eb3-a223-58a337ee6462/96b7f585-5884-4b77-8c98-2e9cb16f8fec/rotate5_1_-1.1999999999999966.png
[2025-06-17T11:24:25.234+0900] {logging_mixin.py:190} INFO - file_copy: /opt/***/data/temp/0fd094ee-01f3-4eb3-a223-58a337ee6462/96b7f585-5884-4b77-8c98-2e9cb16f8fec/rotate5_1_-0.9999999999999964.png
[2025-06-17T11:24:25.421+0900] {logging_mixin.py:190} INFO - file_copy: /opt/***/data/temp/0fd094ee-01f3-4eb3-a223-58a337ee6462/96b7f585-5884-4b77-8c98-2e9cb16f8fec/rotate5_1_-0.7999999999999963.png
[2025-06-17T11:24:25.606+0900] {logging_mixin.py:190} INFO - file_copy: /opt/***/data/temp/0fd094ee-01f3-4eb3-a223-58a337ee6462/96b7f585-5884-4b77-8c98-2e9cb16f8fec/rotate5_1_-0.5999999999999961.png
[2025-06-17T11:24:25.796+0900] {logging_mixin.py:190} INFO - file_copy: /opt/***/data/temp/0fd094ee-01f3-4eb3-a223-58a337ee6462/96b7f585-5884-4b77-8c98-2e9cb16f8fec/rotate5_1_-0.3999999999999959.png
[2025-06-17T11:24:25.972+0900] {logging_mixin.py:190} INFO - file_copy: /opt/***/data/temp/0fd094ee-01f3-4eb3-a223-58a337ee6462/96b7f585-5884-4b77-8c98-2e9cb16f8fec/rotate5_1_-0.19999999999999574.png
[2025-06-17T11:24:26.171+0900] {logging_mixin.py:190} INFO - file_copy: /opt/***/data/temp/0fd094ee-01f3-4eb3-a223-58a337ee6462/96b7f585-5884-4b77-8c98-2e9cb16f8fec/rotate5_1_4.440892098500626e-15.png
[2025-06-17T11:24:26.375+0900] {logging_mixin.py:190} INFO - file_copy: /opt/***/data/temp/0fd094ee-01f3-4eb3-a223-58a337ee6462/96b7f585-5884-4b77-8c98-2e9cb16f8fec/rotate5_1_0.20000000000000462.png
[2025-06-17T11:24:26.560+0900] {logging_mixin.py:190} INFO - file_copy: /opt/***/data/temp/0fd094ee-01f3-4eb3-a223-58a337ee6462/96b7f585-5884-4b77-8c98-2e9cb16f8fec/rotate5_1_0.4000000000000048.png
[2025-06-17T11:24:26.736+0900] {logging_mixin.py:190} INFO - file_copy: /opt/***/data/temp/0fd094ee-01f3-4eb3-a223-58a337ee6462/96b7f585-5884-4b77-8c98-2e9cb16f8fec/rotate5_1_0.600000000000005.png
[2025-06-17T11:24:26.918+0900] {logging_mixin.py:190} INFO - file_copy: /opt/***/data/temp/0fd094ee-01f3-4eb3-a223-58a337ee6462/96b7f585-5884-4b77-8c98-2e9cb16f8fec/rotate5_1_0.8000000000000052.png
[2025-06-17T11:24:27.106+0900] {logging_mixin.py:190} INFO - file_copy: /opt/***/data/temp/0fd094ee-01f3-4eb3-a223-58a337ee6462/96b7f585-5884-4b77-8c98-2e9cb16f8fec/rotate5_1_1.0000000000000053.png
[2025-06-17T11:24:27.289+0900] {logging_mixin.py:190} INFO - file_copy: /opt/***/data/temp/0fd094ee-01f3-4eb3-a223-58a337ee6462/96b7f585-5884-4b77-8c98-2e9cb16f8fec/rotate5_1_1.2000000000000055.png
[2025-06-17T11:24:27.465+0900] {logging_mixin.py:190} INFO - file_copy: /opt/***/data/temp/0fd094ee-01f3-4eb3-a223-58a337ee6462/96b7f585-5884-4b77-8c98-2e9cb16f8fec/rotate5_1_1.4000000000000057.png
[2025-06-17T11:24:27.656+0900] {logging_mixin.py:190} INFO - file_copy: /opt/***/data/temp/0fd094ee-01f3-4eb3-a223-58a337ee6462/96b7f585-5884-4b77-8c98-2e9cb16f8fec/rotate5_1_1.6000000000000059.png
[2025-06-17T11:24:27.849+0900] {logging_mixin.py:190} INFO - file_copy: /opt/***/data/temp/0fd094ee-01f3-4eb3-a223-58a337ee6462/96b7f585-5884-4b77-8c98-2e9cb16f8fec/rotate5_1_1.800000000000006.png
[2025-06-17T11:24:28.028+0900] {logging_mixin.py:190} INFO - file_copy: /opt/***/data/temp/0fd094ee-01f3-4eb3-a223-58a337ee6462/96b7f585-5884-4b77-8c98-2e9cb16f8fec/rotate5_1_2.000000000000006.png
[2025-06-17T11:24:28.215+0900] {logging_mixin.py:190} INFO - file_copy: /opt/***/data/temp/0fd094ee-01f3-4eb3-a223-58a337ee6462/96b7f585-5884-4b77-8c98-2e9cb16f8fec/rotate5_1_2.2000000000000064.png
[2025-06-17T11:24:28.399+0900] {logging_mixin.py:190} INFO - file_copy: /opt/***/data/temp/0fd094ee-01f3-4eb3-a223-58a337ee6462/96b7f585-5884-4b77-8c98-2e9cb16f8fec/rotate5_1_2.4000000000000066.png
[2025-06-17T11:24:28.573+0900] {logging_mixin.py:190} INFO - file_copy: /opt/***/data/temp/0fd094ee-01f3-4eb3-a223-58a337ee6462/96b7f585-5884-4b77-8c98-2e9cb16f8fec/rotate5_1_2.6000000000000068.png
[2025-06-17T11:24:28.762+0900] {logging_mixin.py:190} INFO - file_copy: /opt/***/data/temp/0fd094ee-01f3-4eb3-a223-58a337ee6462/96b7f585-5884-4b77-8c98-2e9cb16f8fec/rotate5_1_2.800000000000007.png
[2025-06-17T11:24:28.965+0900] {logging_mixin.py:190} INFO - file_copy: /opt/***/data/temp/0fd094ee-01f3-4eb3-a223-58a337ee6462/96b7f585-5884-4b77-8c98-2e9cb16f8fec/rotate5_1_3.000000000000007.png
[2025-06-17T11:24:29.140+0900] {logging_mixin.py:190} INFO - file_copy: /opt/***/data/temp/0fd094ee-01f3-4eb3-a223-58a337ee6462/96b7f585-5884-4b77-8c98-2e9cb16f8fec/rotate5_1_3.2000000000000064.png
[2025-06-17T11:24:29.319+0900] {logging_mixin.py:190} INFO - file_copy: /opt/***/data/temp/0fd094ee-01f3-4eb3-a223-58a337ee6462/96b7f585-5884-4b77-8c98-2e9cb16f8fec/rotate5_1_3.4000000000000075.png
[2025-06-17T11:24:29.496+0900] {logging_mixin.py:190} INFO - file_copy: /opt/***/data/temp/0fd094ee-01f3-4eb3-a223-58a337ee6462/96b7f585-5884-4b77-8c98-2e9cb16f8fec/rotate5_1_3.6000000000000085.png
[2025-06-17T11:24:29.683+0900] {logging_mixin.py:190} INFO - file_copy: /opt/***/data/temp/0fd094ee-01f3-4eb3-a223-58a337ee6462/96b7f585-5884-4b77-8c98-2e9cb16f8fec/rotate5_1_3.800000000000008.png
[2025-06-17T11:24:29.868+0900] {logging_mixin.py:190} INFO - file_copy: /opt/***/data/temp/0fd094ee-01f3-4eb3-a223-58a337ee6462/96b7f585-5884-4b77-8c98-2e9cb16f8fec/rotate5_1_4.000000000000007.png
[2025-06-17T11:24:30.051+0900] {logging_mixin.py:190} INFO - file_copy: /opt/***/data/temp/0fd094ee-01f3-4eb3-a223-58a337ee6462/96b7f585-5884-4b77-8c98-2e9cb16f8fec/rotate5_1_4.200000000000008.png
[2025-06-17T11:24:30.241+0900] {logging_mixin.py:190} INFO - file_copy: /opt/***/data/temp/0fd094ee-01f3-4eb3-a223-58a337ee6462/96b7f585-5884-4b77-8c98-2e9cb16f8fec/rotate5_1_4.400000000000009.png
[2025-06-17T11:24:30.432+0900] {logging_mixin.py:190} INFO - file_copy: /opt/***/data/temp/0fd094ee-01f3-4eb3-a223-58a337ee6462/96b7f585-5884-4b77-8c98-2e9cb16f8fec/rotate5_1_4.6000000000000085.png
[2025-06-17T11:24:30.657+0900] {logging_mixin.py:190} INFO - file_copy: /opt/***/data/temp/0fd094ee-01f3-4eb3-a223-58a337ee6462/96b7f585-5884-4b77-8c98-2e9cb16f8fec/rotate5_1_4.800000000000008.png
[2025-06-17T11:24:30.863+0900] {logging_mixin.py:190} INFO - file_copy: /opt/***/data/temp/0fd094ee-01f3-4eb3-a223-58a337ee6462/96b7f585-5884-4b77-8c98-2e9cb16f8fec/rotate5_1_5.000000000000009.png
[2025-06-17T11:24:30.896+0900] {logging_mixin.py:190} INFO - osd 1 4.440892098500626e-15 4.440892098500626e-15 [0, 0, 0, 0, 0, 0, 0, 0, 0, 0, 0, 0, 0, 0, 0, 0, 0, 0, 0, 0, 0, 0, 0, 0, 0, 2302, 0, 0, 0, 0, 0, 0, 0, 0, 0, 0, 0, 0, 0, 0, 0, 0, 0, 0, 0, 0, 0, 0, 0, 0, 0]
[2025-06-17T11:24:31.141+0900] {logging_mixin.py:190} INFO - file_copy: /opt/***/data/temp/0fd094ee-01f3-4eb3-a223-58a337ee6462/96b7f585-5884-4b77-8c98-2e9cb16f8fec/rotate5_2_-5.0.png
[2025-06-17T11:24:31.354+0900] {logging_mixin.py:190} INFO - file_copy: /opt/***/data/temp/0fd094ee-01f3-4eb3-a223-58a337ee6462/96b7f585-5884-4b77-8c98-2e9cb16f8fec/rotate5_2_-4.8.png
[2025-06-17T11:24:31.533+0900] {logging_mixin.py:190} INFO - file_copy: /opt/***/data/temp/0fd094ee-01f3-4eb3-a223-58a337ee6462/96b7f585-5884-4b77-8c98-2e9cb16f8fec/rotate5_2_-4.6.png
[2025-06-17T11:24:31.712+0900] {logging_mixin.py:190} INFO - file_copy: /opt/***/data/temp/0fd094ee-01f3-4eb3-a223-58a337ee6462/96b7f585-5884-4b77-8c98-2e9cb16f8fec/rotate5_2_-4.3999999999999995.png
[2025-06-17T11:24:31.886+0900] {logging_mixin.py:190} INFO - file_copy: /opt/***/data/temp/0fd094ee-01f3-4eb3-a223-58a337ee6462/96b7f585-5884-4b77-8c98-2e9cb16f8fec/rotate5_2_-4.199999999999999.png
[2025-06-17T11:24:32.073+0900] {logging_mixin.py:190} INFO - file_copy: /opt/***/data/temp/0fd094ee-01f3-4eb3-a223-58a337ee6462/96b7f585-5884-4b77-8c98-2e9cb16f8fec/rotate5_2_-3.999999999999999.png
[2025-06-17T11:24:32.260+0900] {logging_mixin.py:190} INFO - file_copy: /opt/***/data/temp/0fd094ee-01f3-4eb3-a223-58a337ee6462/96b7f585-5884-4b77-8c98-2e9cb16f8fec/rotate5_2_-3.799999999999999.png
[2025-06-17T11:24:32.453+0900] {logging_mixin.py:190} INFO - file_copy: /opt/***/data/temp/0fd094ee-01f3-4eb3-a223-58a337ee6462/96b7f585-5884-4b77-8c98-2e9cb16f8fec/rotate5_2_-3.5999999999999988.png
[2025-06-17T11:24:32.654+0900] {logging_mixin.py:190} INFO - file_copy: /opt/***/data/temp/0fd094ee-01f3-4eb3-a223-58a337ee6462/96b7f585-5884-4b77-8c98-2e9cb16f8fec/rotate5_2_-3.3999999999999986.png
[2025-06-17T11:24:32.851+0900] {logging_mixin.py:190} INFO - file_copy: /opt/***/data/temp/0fd094ee-01f3-4eb3-a223-58a337ee6462/96b7f585-5884-4b77-8c98-2e9cb16f8fec/rotate5_2_-3.1999999999999984.png
[2025-06-17T11:24:33.046+0900] {logging_mixin.py:190} INFO - file_copy: /opt/***/data/temp/0fd094ee-01f3-4eb3-a223-58a337ee6462/96b7f585-5884-4b77-8c98-2e9cb16f8fec/rotate5_2_-2.9999999999999982.png
[2025-06-17T11:24:33.245+0900] {logging_mixin.py:190} INFO - file_copy: /opt/***/data/temp/0fd094ee-01f3-4eb3-a223-58a337ee6462/96b7f585-5884-4b77-8c98-2e9cb16f8fec/rotate5_2_-2.799999999999998.png
[2025-06-17T11:24:33.412+0900] {logging_mixin.py:190} INFO - file_copy: /opt/***/data/temp/0fd094ee-01f3-4eb3-a223-58a337ee6462/96b7f585-5884-4b77-8c98-2e9cb16f8fec/rotate5_2_-2.599999999999998.png
[2025-06-17T11:24:33.587+0900] {logging_mixin.py:190} INFO - file_copy: /opt/***/data/temp/0fd094ee-01f3-4eb3-a223-58a337ee6462/96b7f585-5884-4b77-8c98-2e9cb16f8fec/rotate5_2_-2.3999999999999977.png
[2025-06-17T11:24:33.768+0900] {logging_mixin.py:190} INFO - file_copy: /opt/***/data/temp/0fd094ee-01f3-4eb3-a223-58a337ee6462/96b7f585-5884-4b77-8c98-2e9cb16f8fec/rotate5_2_-2.1999999999999975.png
[2025-06-17T11:24:33.948+0900] {logging_mixin.py:190} INFO - file_copy: /opt/***/data/temp/0fd094ee-01f3-4eb3-a223-58a337ee6462/96b7f585-5884-4b77-8c98-2e9cb16f8fec/rotate5_2_-1.9999999999999973.png
[2025-06-17T11:24:34.122+0900] {logging_mixin.py:190} INFO - file_copy: /opt/***/data/temp/0fd094ee-01f3-4eb3-a223-58a337ee6462/96b7f585-5884-4b77-8c98-2e9cb16f8fec/rotate5_2_-1.7999999999999972.png
[2025-06-17T11:24:34.321+0900] {logging_mixin.py:190} INFO - file_copy: /opt/***/data/temp/0fd094ee-01f3-4eb3-a223-58a337ee6462/96b7f585-5884-4b77-8c98-2e9cb16f8fec/rotate5_2_-1.599999999999997.png
[2025-06-17T11:24:34.503+0900] {logging_mixin.py:190} INFO - file_copy: /opt/***/data/temp/0fd094ee-01f3-4eb3-a223-58a337ee6462/96b7f585-5884-4b77-8c98-2e9cb16f8fec/rotate5_2_-1.3999999999999968.png
[2025-06-17T11:24:34.686+0900] {logging_mixin.py:190} INFO - file_copy: /opt/***/data/temp/0fd094ee-01f3-4eb3-a223-58a337ee6462/96b7f585-5884-4b77-8c98-2e9cb16f8fec/rotate5_2_-1.1999999999999966.png
[2025-06-17T11:24:34.856+0900] {logging_mixin.py:190} INFO - file_copy: /opt/***/data/temp/0fd094ee-01f3-4eb3-a223-58a337ee6462/96b7f585-5884-4b77-8c98-2e9cb16f8fec/rotate5_2_-0.9999999999999964.png
[2025-06-17T11:24:35.032+0900] {logging_mixin.py:190} INFO - file_copy: /opt/***/data/temp/0fd094ee-01f3-4eb3-a223-58a337ee6462/96b7f585-5884-4b77-8c98-2e9cb16f8fec/rotate5_2_-0.7999999999999963.png
[2025-06-17T11:24:35.231+0900] {logging_mixin.py:190} INFO - file_copy: /opt/***/data/temp/0fd094ee-01f3-4eb3-a223-58a337ee6462/96b7f585-5884-4b77-8c98-2e9cb16f8fec/rotate5_2_-0.5999999999999961.png
[2025-06-17T11:24:35.411+0900] {logging_mixin.py:190} INFO - file_copy: /opt/***/data/temp/0fd094ee-01f3-4eb3-a223-58a337ee6462/96b7f585-5884-4b77-8c98-2e9cb16f8fec/rotate5_2_-0.3999999999999959.png
[2025-06-17T11:24:35.591+0900] {logging_mixin.py:190} INFO - file_copy: /opt/***/data/temp/0fd094ee-01f3-4eb3-a223-58a337ee6462/96b7f585-5884-4b77-8c98-2e9cb16f8fec/rotate5_2_-0.19999999999999574.png
[2025-06-17T11:24:35.761+0900] {logging_mixin.py:190} INFO - file_copy: /opt/***/data/temp/0fd094ee-01f3-4eb3-a223-58a337ee6462/96b7f585-5884-4b77-8c98-2e9cb16f8fec/rotate5_2_4.440892098500626e-15.png
[2025-06-17T11:24:35.946+0900] {logging_mixin.py:190} INFO - file_copy: /opt/***/data/temp/0fd094ee-01f3-4eb3-a223-58a337ee6462/96b7f585-5884-4b77-8c98-2e9cb16f8fec/rotate5_2_0.20000000000000462.png
[2025-06-17T11:24:36.146+0900] {logging_mixin.py:190} INFO - file_copy: /opt/***/data/temp/0fd094ee-01f3-4eb3-a223-58a337ee6462/96b7f585-5884-4b77-8c98-2e9cb16f8fec/rotate5_2_0.4000000000000048.png
[2025-06-17T11:24:36.324+0900] {logging_mixin.py:190} INFO - file_copy: /opt/***/data/temp/0fd094ee-01f3-4eb3-a223-58a337ee6462/96b7f585-5884-4b77-8c98-2e9cb16f8fec/rotate5_2_0.600000000000005.png
[2025-06-17T11:24:36.502+0900] {logging_mixin.py:190} INFO - file_copy: /opt/***/data/temp/0fd094ee-01f3-4eb3-a223-58a337ee6462/96b7f585-5884-4b77-8c98-2e9cb16f8fec/rotate5_2_0.8000000000000052.png
[2025-06-17T11:24:36.669+0900] {logging_mixin.py:190} INFO - file_copy: /opt/***/data/temp/0fd094ee-01f3-4eb3-a223-58a337ee6462/96b7f585-5884-4b77-8c98-2e9cb16f8fec/rotate5_2_1.0000000000000053.png
[2025-06-17T11:24:36.848+0900] {logging_mixin.py:190} INFO - file_copy: /opt/***/data/temp/0fd094ee-01f3-4eb3-a223-58a337ee6462/96b7f585-5884-4b77-8c98-2e9cb16f8fec/rotate5_2_1.2000000000000055.png
[2025-06-17T11:24:37.025+0900] {logging_mixin.py:190} INFO - file_copy: /opt/***/data/temp/0fd094ee-01f3-4eb3-a223-58a337ee6462/96b7f585-5884-4b77-8c98-2e9cb16f8fec/rotate5_2_1.4000000000000057.png
[2025-06-17T11:24:37.214+0900] {logging_mixin.py:190} INFO - file_copy: /opt/***/data/temp/0fd094ee-01f3-4eb3-a223-58a337ee6462/96b7f585-5884-4b77-8c98-2e9cb16f8fec/rotate5_2_1.6000000000000059.png
[2025-06-17T11:24:37.399+0900] {logging_mixin.py:190} INFO - file_copy: /opt/***/data/temp/0fd094ee-01f3-4eb3-a223-58a337ee6462/96b7f585-5884-4b77-8c98-2e9cb16f8fec/rotate5_2_1.800000000000006.png
[2025-06-17T11:24:37.575+0900] {logging_mixin.py:190} INFO - file_copy: /opt/***/data/temp/0fd094ee-01f3-4eb3-a223-58a337ee6462/96b7f585-5884-4b77-8c98-2e9cb16f8fec/rotate5_2_2.000000000000006.png
[2025-06-17T11:24:37.767+0900] {logging_mixin.py:190} INFO - file_copy: /opt/***/data/temp/0fd094ee-01f3-4eb3-a223-58a337ee6462/96b7f585-5884-4b77-8c98-2e9cb16f8fec/rotate5_2_2.2000000000000064.png
[2025-06-17T11:24:37.953+0900] {logging_mixin.py:190} INFO - file_copy: /opt/***/data/temp/0fd094ee-01f3-4eb3-a223-58a337ee6462/96b7f585-5884-4b77-8c98-2e9cb16f8fec/rotate5_2_2.4000000000000066.png
[2025-06-17T11:24:38.147+0900] {logging_mixin.py:190} INFO - file_copy: /opt/***/data/temp/0fd094ee-01f3-4eb3-a223-58a337ee6462/96b7f585-5884-4b77-8c98-2e9cb16f8fec/rotate5_2_2.6000000000000068.png
[2025-06-17T11:24:38.319+0900] {logging_mixin.py:190} INFO - file_copy: /opt/***/data/temp/0fd094ee-01f3-4eb3-a223-58a337ee6462/96b7f585-5884-4b77-8c98-2e9cb16f8fec/rotate5_2_2.800000000000007.png
[2025-06-17T11:24:38.487+0900] {logging_mixin.py:190} INFO - file_copy: /opt/***/data/temp/0fd094ee-01f3-4eb3-a223-58a337ee6462/96b7f585-5884-4b77-8c98-2e9cb16f8fec/rotate5_2_3.000000000000007.png
[2025-06-17T11:24:38.657+0900] {logging_mixin.py:190} INFO - file_copy: /opt/***/data/temp/0fd094ee-01f3-4eb3-a223-58a337ee6462/96b7f585-5884-4b77-8c98-2e9cb16f8fec/rotate5_2_3.2000000000000064.png
[2025-06-17T11:24:38.834+0900] {logging_mixin.py:190} INFO - file_copy: /opt/***/data/temp/0fd094ee-01f3-4eb3-a223-58a337ee6462/96b7f585-5884-4b77-8c98-2e9cb16f8fec/rotate5_2_3.4000000000000075.png
[2025-06-17T11:24:39.030+0900] {logging_mixin.py:190} INFO - file_copy: /opt/***/data/temp/0fd094ee-01f3-4eb3-a223-58a337ee6462/96b7f585-5884-4b77-8c98-2e9cb16f8fec/rotate5_2_3.6000000000000085.png
[2025-06-17T11:24:39.202+0900] {logging_mixin.py:190} INFO - file_copy: /opt/***/data/temp/0fd094ee-01f3-4eb3-a223-58a337ee6462/96b7f585-5884-4b77-8c98-2e9cb16f8fec/rotate5_2_3.800000000000008.png
[2025-06-17T11:24:39.392+0900] {logging_mixin.py:190} INFO - file_copy: /opt/***/data/temp/0fd094ee-01f3-4eb3-a223-58a337ee6462/96b7f585-5884-4b77-8c98-2e9cb16f8fec/rotate5_2_4.000000000000007.png
[2025-06-17T11:24:39.580+0900] {logging_mixin.py:190} INFO - file_copy: /opt/***/data/temp/0fd094ee-01f3-4eb3-a223-58a337ee6462/96b7f585-5884-4b77-8c98-2e9cb16f8fec/rotate5_2_4.200000000000008.png
[2025-06-17T11:24:39.756+0900] {logging_mixin.py:190} INFO - file_copy: /opt/***/data/temp/0fd094ee-01f3-4eb3-a223-58a337ee6462/96b7f585-5884-4b77-8c98-2e9cb16f8fec/rotate5_2_4.400000000000009.png
[2025-06-17T11:24:39.923+0900] {logging_mixin.py:190} INFO - file_copy: /opt/***/data/temp/0fd094ee-01f3-4eb3-a223-58a337ee6462/96b7f585-5884-4b77-8c98-2e9cb16f8fec/rotate5_2_4.6000000000000085.png
[2025-06-17T11:24:40.109+0900] {logging_mixin.py:190} INFO - file_copy: /opt/***/data/temp/0fd094ee-01f3-4eb3-a223-58a337ee6462/96b7f585-5884-4b77-8c98-2e9cb16f8fec/rotate5_2_4.800000000000008.png
[2025-06-17T11:24:40.284+0900] {logging_mixin.py:190} INFO - file_copy: /opt/***/data/temp/0fd094ee-01f3-4eb3-a223-58a337ee6462/96b7f585-5884-4b77-8c98-2e9cb16f8fec/rotate5_2_5.000000000000009.png
[2025-06-17T11:24:40.320+0900] {logging_mixin.py:190} INFO - osd 2 8.881784197001252e-15 4.440892098500626e-15 [0, 0, 0, 0, 0, 0, 0, 0, 0, 0, 0, 0, 0, 0, 0, 0, 0, 0, 0, 0, 0, 0, 0, 0, 0, 2302, 0, 0, 0, 0, 0, 0, 0, 0, 0, 0, 0, 0, 0, 0, 0, 0, 0, 0, 0, 0, 0, 0, 0, 0, 0]
[2025-06-17T11:24:40.544+0900] {logging_mixin.py:190} INFO - file_copy: /opt/***/data/temp/0fd094ee-01f3-4eb3-a223-58a337ee6462/96b7f585-5884-4b77-8c98-2e9cb16f8fec/rotate5_3_-5.0.png
[2025-06-17T11:24:40.737+0900] {logging_mixin.py:190} INFO - file_copy: /opt/***/data/temp/0fd094ee-01f3-4eb3-a223-58a337ee6462/96b7f585-5884-4b77-8c98-2e9cb16f8fec/rotate5_3_-4.8.png
[2025-06-17T11:24:40.906+0900] {logging_mixin.py:190} INFO - file_copy: /opt/***/data/temp/0fd094ee-01f3-4eb3-a223-58a337ee6462/96b7f585-5884-4b77-8c98-2e9cb16f8fec/rotate5_3_-4.6.png
[2025-06-17T11:24:41.082+0900] {logging_mixin.py:190} INFO - file_copy: /opt/***/data/temp/0fd094ee-01f3-4eb3-a223-58a337ee6462/96b7f585-5884-4b77-8c98-2e9cb16f8fec/rotate5_3_-4.3999999999999995.png
[2025-06-17T11:24:41.256+0900] {logging_mixin.py:190} INFO - file_copy: /opt/***/data/temp/0fd094ee-01f3-4eb3-a223-58a337ee6462/96b7f585-5884-4b77-8c98-2e9cb16f8fec/rotate5_3_-4.199999999999999.png
[2025-06-17T11:24:41.434+0900] {logging_mixin.py:190} INFO - file_copy: /opt/***/data/temp/0fd094ee-01f3-4eb3-a223-58a337ee6462/96b7f585-5884-4b77-8c98-2e9cb16f8fec/rotate5_3_-3.999999999999999.png
[2025-06-17T11:24:41.618+0900] {logging_mixin.py:190} INFO - file_copy: /opt/***/data/temp/0fd094ee-01f3-4eb3-a223-58a337ee6462/96b7f585-5884-4b77-8c98-2e9cb16f8fec/rotate5_3_-3.799999999999999.png
[2025-06-17T11:24:41.795+0900] {logging_mixin.py:190} INFO - file_copy: /opt/***/data/temp/0fd094ee-01f3-4eb3-a223-58a337ee6462/96b7f585-5884-4b77-8c98-2e9cb16f8fec/rotate5_3_-3.5999999999999988.png
[2025-06-17T11:24:41.982+0900] {logging_mixin.py:190} INFO - file_copy: /opt/***/data/temp/0fd094ee-01f3-4eb3-a223-58a337ee6462/96b7f585-5884-4b77-8c98-2e9cb16f8fec/rotate5_3_-3.3999999999999986.png
[2025-06-17T11:24:42.183+0900] {logging_mixin.py:190} INFO - file_copy: /opt/***/data/temp/0fd094ee-01f3-4eb3-a223-58a337ee6462/96b7f585-5884-4b77-8c98-2e9cb16f8fec/rotate5_3_-3.1999999999999984.png
[2025-06-17T11:24:42.381+0900] {logging_mixin.py:190} INFO - file_copy: /opt/***/data/temp/0fd094ee-01f3-4eb3-a223-58a337ee6462/96b7f585-5884-4b77-8c98-2e9cb16f8fec/rotate5_3_-2.9999999999999982.png
[2025-06-17T11:24:42.584+0900] {logging_mixin.py:190} INFO - file_copy: /opt/***/data/temp/0fd094ee-01f3-4eb3-a223-58a337ee6462/96b7f585-5884-4b77-8c98-2e9cb16f8fec/rotate5_3_-2.799999999999998.png
[2025-06-17T11:24:42.766+0900] {logging_mixin.py:190} INFO - file_copy: /opt/***/data/temp/0fd094ee-01f3-4eb3-a223-58a337ee6462/96b7f585-5884-4b77-8c98-2e9cb16f8fec/rotate5_3_-2.599999999999998.png
[2025-06-17T11:24:42.944+0900] {logging_mixin.py:190} INFO - file_copy: /opt/***/data/temp/0fd094ee-01f3-4eb3-a223-58a337ee6462/96b7f585-5884-4b77-8c98-2e9cb16f8fec/rotate5_3_-2.3999999999999977.png
[2025-06-17T11:24:43.124+0900] {logging_mixin.py:190} INFO - file_copy: /opt/***/data/temp/0fd094ee-01f3-4eb3-a223-58a337ee6462/96b7f585-5884-4b77-8c98-2e9cb16f8fec/rotate5_3_-2.1999999999999975.png
[2025-06-17T11:24:43.305+0900] {logging_mixin.py:190} INFO - file_copy: /opt/***/data/temp/0fd094ee-01f3-4eb3-a223-58a337ee6462/96b7f585-5884-4b77-8c98-2e9cb16f8fec/rotate5_3_-1.9999999999999973.png
[2025-06-17T11:24:43.486+0900] {logging_mixin.py:190} INFO - file_copy: /opt/***/data/temp/0fd094ee-01f3-4eb3-a223-58a337ee6462/96b7f585-5884-4b77-8c98-2e9cb16f8fec/rotate5_3_-1.7999999999999972.png
[2025-06-17T11:24:43.667+0900] {logging_mixin.py:190} INFO - file_copy: /opt/***/data/temp/0fd094ee-01f3-4eb3-a223-58a337ee6462/96b7f585-5884-4b77-8c98-2e9cb16f8fec/rotate5_3_-1.599999999999997.png
[2025-06-17T11:24:43.830+0900] {logging_mixin.py:190} INFO - file_copy: /opt/***/data/temp/0fd094ee-01f3-4eb3-a223-58a337ee6462/96b7f585-5884-4b77-8c98-2e9cb16f8fec/rotate5_3_-1.3999999999999968.png
[2025-06-17T11:24:44.004+0900] {logging_mixin.py:190} INFO - file_copy: /opt/***/data/temp/0fd094ee-01f3-4eb3-a223-58a337ee6462/96b7f585-5884-4b77-8c98-2e9cb16f8fec/rotate5_3_-1.1999999999999966.png
[2025-06-17T11:24:44.172+0900] {logging_mixin.py:190} INFO - file_copy: /opt/***/data/temp/0fd094ee-01f3-4eb3-a223-58a337ee6462/96b7f585-5884-4b77-8c98-2e9cb16f8fec/rotate5_3_-0.9999999999999964.png
[2025-06-17T11:24:44.368+0900] {logging_mixin.py:190} INFO - file_copy: /opt/***/data/temp/0fd094ee-01f3-4eb3-a223-58a337ee6462/96b7f585-5884-4b77-8c98-2e9cb16f8fec/rotate5_3_-0.7999999999999963.png
[2025-06-17T11:24:44.562+0900] {logging_mixin.py:190} INFO - file_copy: /opt/***/data/temp/0fd094ee-01f3-4eb3-a223-58a337ee6462/96b7f585-5884-4b77-8c98-2e9cb16f8fec/rotate5_3_-0.5999999999999961.png
[2025-06-17T11:24:44.745+0900] {logging_mixin.py:190} INFO - file_copy: /opt/***/data/temp/0fd094ee-01f3-4eb3-a223-58a337ee6462/96b7f585-5884-4b77-8c98-2e9cb16f8fec/rotate5_3_-0.3999999999999959.png
[2025-06-17T11:24:44.937+0900] {logging_mixin.py:190} INFO - file_copy: /opt/***/data/temp/0fd094ee-01f3-4eb3-a223-58a337ee6462/96b7f585-5884-4b77-8c98-2e9cb16f8fec/rotate5_3_-0.19999999999999574.png
[2025-06-17T11:24:45.107+0900] {logging_mixin.py:190} INFO - file_copy: /opt/***/data/temp/0fd094ee-01f3-4eb3-a223-58a337ee6462/96b7f585-5884-4b77-8c98-2e9cb16f8fec/rotate5_3_4.440892098500626e-15.png
[2025-06-17T11:24:45.284+0900] {logging_mixin.py:190} INFO - file_copy: /opt/***/data/temp/0fd094ee-01f3-4eb3-a223-58a337ee6462/96b7f585-5884-4b77-8c98-2e9cb16f8fec/rotate5_3_0.20000000000000462.png
[2025-06-17T11:24:45.468+0900] {logging_mixin.py:190} INFO - file_copy: /opt/***/data/temp/0fd094ee-01f3-4eb3-a223-58a337ee6462/96b7f585-5884-4b77-8c98-2e9cb16f8fec/rotate5_3_0.4000000000000048.png
[2025-06-17T11:24:45.660+0900] {logging_mixin.py:190} INFO - file_copy: /opt/***/data/temp/0fd094ee-01f3-4eb3-a223-58a337ee6462/96b7f585-5884-4b77-8c98-2e9cb16f8fec/rotate5_3_0.600000000000005.png
[2025-06-17T11:24:45.844+0900] {logging_mixin.py:190} INFO - file_copy: /opt/***/data/temp/0fd094ee-01f3-4eb3-a223-58a337ee6462/96b7f585-5884-4b77-8c98-2e9cb16f8fec/rotate5_3_0.8000000000000052.png
[2025-06-17T11:24:46.044+0900] {logging_mixin.py:190} INFO - file_copy: /opt/***/data/temp/0fd094ee-01f3-4eb3-a223-58a337ee6462/96b7f585-5884-4b77-8c98-2e9cb16f8fec/rotate5_3_1.0000000000000053.png
[2025-06-17T11:24:46.255+0900] {logging_mixin.py:190} INFO - file_copy: /opt/***/data/temp/0fd094ee-01f3-4eb3-a223-58a337ee6462/96b7f585-5884-4b77-8c98-2e9cb16f8fec/rotate5_3_1.2000000000000055.png
[2025-06-17T11:24:46.439+0900] {logging_mixin.py:190} INFO - file_copy: /opt/***/data/temp/0fd094ee-01f3-4eb3-a223-58a337ee6462/96b7f585-5884-4b77-8c98-2e9cb16f8fec/rotate5_3_1.4000000000000057.png
[2025-06-17T11:24:46.621+0900] {logging_mixin.py:190} INFO - file_copy: /opt/***/data/temp/0fd094ee-01f3-4eb3-a223-58a337ee6462/96b7f585-5884-4b77-8c98-2e9cb16f8fec/rotate5_3_1.6000000000000059.png
[2025-06-17T11:24:46.806+0900] {logging_mixin.py:190} INFO - file_copy: /opt/***/data/temp/0fd094ee-01f3-4eb3-a223-58a337ee6462/96b7f585-5884-4b77-8c98-2e9cb16f8fec/rotate5_3_1.800000000000006.png
[2025-06-17T11:24:46.990+0900] {logging_mixin.py:190} INFO - file_copy: /opt/***/data/temp/0fd094ee-01f3-4eb3-a223-58a337ee6462/96b7f585-5884-4b77-8c98-2e9cb16f8fec/rotate5_3_2.000000000000006.png
[2025-06-17T11:24:47.183+0900] {logging_mixin.py:190} INFO - file_copy: /opt/***/data/temp/0fd094ee-01f3-4eb3-a223-58a337ee6462/96b7f585-5884-4b77-8c98-2e9cb16f8fec/rotate5_3_2.2000000000000064.png
[2025-06-17T11:24:47.367+0900] {logging_mixin.py:190} INFO - file_copy: /opt/***/data/temp/0fd094ee-01f3-4eb3-a223-58a337ee6462/96b7f585-5884-4b77-8c98-2e9cb16f8fec/rotate5_3_2.4000000000000066.png
[2025-06-17T11:24:47.553+0900] {logging_mixin.py:190} INFO - file_copy: /opt/***/data/temp/0fd094ee-01f3-4eb3-a223-58a337ee6462/96b7f585-5884-4b77-8c98-2e9cb16f8fec/rotate5_3_2.6000000000000068.png
[2025-06-17T11:24:47.733+0900] {logging_mixin.py:190} INFO - file_copy: /opt/***/data/temp/0fd094ee-01f3-4eb3-a223-58a337ee6462/96b7f585-5884-4b77-8c98-2e9cb16f8fec/rotate5_3_2.800000000000007.png
[2025-06-17T11:24:47.926+0900] {logging_mixin.py:190} INFO - file_copy: /opt/***/data/temp/0fd094ee-01f3-4eb3-a223-58a337ee6462/96b7f585-5884-4b77-8c98-2e9cb16f8fec/rotate5_3_3.000000000000007.png
[2025-06-17T11:24:48.113+0900] {logging_mixin.py:190} INFO - file_copy: /opt/***/data/temp/0fd094ee-01f3-4eb3-a223-58a337ee6462/96b7f585-5884-4b77-8c98-2e9cb16f8fec/rotate5_3_3.2000000000000064.png
[2025-06-17T11:24:48.297+0900] {logging_mixin.py:190} INFO - file_copy: /opt/***/data/temp/0fd094ee-01f3-4eb3-a223-58a337ee6462/96b7f585-5884-4b77-8c98-2e9cb16f8fec/rotate5_3_3.4000000000000075.png
[2025-06-17T11:24:48.509+0900] {logging_mixin.py:190} INFO - file_copy: /opt/***/data/temp/0fd094ee-01f3-4eb3-a223-58a337ee6462/96b7f585-5884-4b77-8c98-2e9cb16f8fec/rotate5_3_3.6000000000000085.png
[2025-06-17T11:24:48.689+0900] {logging_mixin.py:190} INFO - file_copy: /opt/***/data/temp/0fd094ee-01f3-4eb3-a223-58a337ee6462/96b7f585-5884-4b77-8c98-2e9cb16f8fec/rotate5_3_3.800000000000008.png
[2025-06-17T11:24:48.900+0900] {logging_mixin.py:190} INFO - file_copy: /opt/***/data/temp/0fd094ee-01f3-4eb3-a223-58a337ee6462/96b7f585-5884-4b77-8c98-2e9cb16f8fec/rotate5_3_4.000000000000007.png
[2025-06-17T11:24:49.090+0900] {logging_mixin.py:190} INFO - file_copy: /opt/***/data/temp/0fd094ee-01f3-4eb3-a223-58a337ee6462/96b7f585-5884-4b77-8c98-2e9cb16f8fec/rotate5_3_4.200000000000008.png
[2025-06-17T11:24:49.267+0900] {logging_mixin.py:190} INFO - file_copy: /opt/***/data/temp/0fd094ee-01f3-4eb3-a223-58a337ee6462/96b7f585-5884-4b77-8c98-2e9cb16f8fec/rotate5_3_4.400000000000009.png
[2025-06-17T11:24:49.452+0900] {logging_mixin.py:190} INFO - file_copy: /opt/***/data/temp/0fd094ee-01f3-4eb3-a223-58a337ee6462/96b7f585-5884-4b77-8c98-2e9cb16f8fec/rotate5_3_4.6000000000000085.png
[2025-06-17T11:24:49.640+0900] {logging_mixin.py:190} INFO - file_copy: /opt/***/data/temp/0fd094ee-01f3-4eb3-a223-58a337ee6462/96b7f585-5884-4b77-8c98-2e9cb16f8fec/rotate5_3_4.800000000000008.png
[2025-06-17T11:24:49.830+0900] {logging_mixin.py:190} INFO - file_copy: /opt/***/data/temp/0fd094ee-01f3-4eb3-a223-58a337ee6462/96b7f585-5884-4b77-8c98-2e9cb16f8fec/rotate5_3_5.000000000000009.png
[2025-06-17T11:24:49.861+0900] {logging_mixin.py:190} INFO - osd 3 1.3322676295501878e-14 4.440892098500626e-15 [0, 0, 0, 0, 0, 0, 0, 0, 0, 0, 0, 0, 0, 0, 0, 0, 0, 0, 0, 0, 0, 0, 0, 0, 0, 2302, 0, 0, 0, 0, 0, 0, 0, 0, 0, 0, 0, 0, 0, 0, 0, 0, 0, 0, 0, 0, 0, 0, 0, 0, 0]
[2025-06-17T11:24:50.064+0900] {logging_mixin.py:190} INFO - file_copy: /opt/***/data/temp/0fd094ee-01f3-4eb3-a223-58a337ee6462/96b7f585-5884-4b77-8c98-2e9cb16f8fec/rotate5_4_-5.0.png
[2025-06-17T11:24:50.263+0900] {logging_mixin.py:190} INFO - file_copy: /opt/***/data/temp/0fd094ee-01f3-4eb3-a223-58a337ee6462/96b7f585-5884-4b77-8c98-2e9cb16f8fec/rotate5_4_-4.8.png
[2025-06-17T11:24:50.438+0900] {logging_mixin.py:190} INFO - file_copy: /opt/***/data/temp/0fd094ee-01f3-4eb3-a223-58a337ee6462/96b7f585-5884-4b77-8c98-2e9cb16f8fec/rotate5_4_-4.6.png
[2025-06-17T11:24:50.641+0900] {logging_mixin.py:190} INFO - file_copy: /opt/***/data/temp/0fd094ee-01f3-4eb3-a223-58a337ee6462/96b7f585-5884-4b77-8c98-2e9cb16f8fec/rotate5_4_-4.3999999999999995.png
[2025-06-17T11:24:50.823+0900] {logging_mixin.py:190} INFO - file_copy: /opt/***/data/temp/0fd094ee-01f3-4eb3-a223-58a337ee6462/96b7f585-5884-4b77-8c98-2e9cb16f8fec/rotate5_4_-4.199999999999999.png
[2025-06-17T11:24:51.007+0900] {logging_mixin.py:190} INFO - file_copy: /opt/***/data/temp/0fd094ee-01f3-4eb3-a223-58a337ee6462/96b7f585-5884-4b77-8c98-2e9cb16f8fec/rotate5_4_-3.999999999999999.png
[2025-06-17T11:24:51.196+0900] {logging_mixin.py:190} INFO - file_copy: /opt/***/data/temp/0fd094ee-01f3-4eb3-a223-58a337ee6462/96b7f585-5884-4b77-8c98-2e9cb16f8fec/rotate5_4_-3.799999999999999.png
[2025-06-17T11:24:51.375+0900] {logging_mixin.py:190} INFO - file_copy: /opt/***/data/temp/0fd094ee-01f3-4eb3-a223-58a337ee6462/96b7f585-5884-4b77-8c98-2e9cb16f8fec/rotate5_4_-3.5999999999999988.png
[2025-06-17T11:24:51.570+0900] {logging_mixin.py:190} INFO - file_copy: /opt/***/data/temp/0fd094ee-01f3-4eb3-a223-58a337ee6462/96b7f585-5884-4b77-8c98-2e9cb16f8fec/rotate5_4_-3.3999999999999986.png
[2025-06-17T11:24:51.749+0900] {logging_mixin.py:190} INFO - file_copy: /opt/***/data/temp/0fd094ee-01f3-4eb3-a223-58a337ee6462/96b7f585-5884-4b77-8c98-2e9cb16f8fec/rotate5_4_-3.1999999999999984.png
[2025-06-17T11:24:51.931+0900] {logging_mixin.py:190} INFO - file_copy: /opt/***/data/temp/0fd094ee-01f3-4eb3-a223-58a337ee6462/96b7f585-5884-4b77-8c98-2e9cb16f8fec/rotate5_4_-2.9999999999999982.png
[2025-06-17T11:24:52.128+0900] {logging_mixin.py:190} INFO - file_copy: /opt/***/data/temp/0fd094ee-01f3-4eb3-a223-58a337ee6462/96b7f585-5884-4b77-8c98-2e9cb16f8fec/rotate5_4_-2.799999999999998.png
[2025-06-17T11:24:52.308+0900] {logging_mixin.py:190} INFO - file_copy: /opt/***/data/temp/0fd094ee-01f3-4eb3-a223-58a337ee6462/96b7f585-5884-4b77-8c98-2e9cb16f8fec/rotate5_4_-2.599999999999998.png
[2025-06-17T11:24:52.486+0900] {logging_mixin.py:190} INFO - file_copy: /opt/***/data/temp/0fd094ee-01f3-4eb3-a223-58a337ee6462/96b7f585-5884-4b77-8c98-2e9cb16f8fec/rotate5_4_-2.3999999999999977.png
[2025-06-17T11:24:52.696+0900] {logging_mixin.py:190} INFO - file_copy: /opt/***/data/temp/0fd094ee-01f3-4eb3-a223-58a337ee6462/96b7f585-5884-4b77-8c98-2e9cb16f8fec/rotate5_4_-2.1999999999999975.png
[2025-06-17T11:24:52.888+0900] {logging_mixin.py:190} INFO - file_copy: /opt/***/data/temp/0fd094ee-01f3-4eb3-a223-58a337ee6462/96b7f585-5884-4b77-8c98-2e9cb16f8fec/rotate5_4_-1.9999999999999973.png
[2025-06-17T11:24:53.069+0900] {logging_mixin.py:190} INFO - file_copy: /opt/***/data/temp/0fd094ee-01f3-4eb3-a223-58a337ee6462/96b7f585-5884-4b77-8c98-2e9cb16f8fec/rotate5_4_-1.7999999999999972.png
[2025-06-17T11:24:53.261+0900] {logging_mixin.py:190} INFO - file_copy: /opt/***/data/temp/0fd094ee-01f3-4eb3-a223-58a337ee6462/96b7f585-5884-4b77-8c98-2e9cb16f8fec/rotate5_4_-1.599999999999997.png
[2025-06-17T11:24:53.436+0900] {logging_mixin.py:190} INFO - file_copy: /opt/***/data/temp/0fd094ee-01f3-4eb3-a223-58a337ee6462/96b7f585-5884-4b77-8c98-2e9cb16f8fec/rotate5_4_-1.3999999999999968.png
[2025-06-17T11:24:53.617+0900] {logging_mixin.py:190} INFO - file_copy: /opt/***/data/temp/0fd094ee-01f3-4eb3-a223-58a337ee6462/96b7f585-5884-4b77-8c98-2e9cb16f8fec/rotate5_4_-1.1999999999999966.png
[2025-06-17T11:24:53.799+0900] {logging_mixin.py:190} INFO - file_copy: /opt/***/data/temp/0fd094ee-01f3-4eb3-a223-58a337ee6462/96b7f585-5884-4b77-8c98-2e9cb16f8fec/rotate5_4_-0.9999999999999964.png
[2025-06-17T11:24:53.982+0900] {logging_mixin.py:190} INFO - file_copy: /opt/***/data/temp/0fd094ee-01f3-4eb3-a223-58a337ee6462/96b7f585-5884-4b77-8c98-2e9cb16f8fec/rotate5_4_-0.7999999999999963.png
[2025-06-17T11:24:54.151+0900] {logging_mixin.py:190} INFO - file_copy: /opt/***/data/temp/0fd094ee-01f3-4eb3-a223-58a337ee6462/96b7f585-5884-4b77-8c98-2e9cb16f8fec/rotate5_4_-0.5999999999999961.png
[2025-06-17T11:24:54.332+0900] {logging_mixin.py:190} INFO - file_copy: /opt/***/data/temp/0fd094ee-01f3-4eb3-a223-58a337ee6462/96b7f585-5884-4b77-8c98-2e9cb16f8fec/rotate5_4_-0.3999999999999959.png
[2025-06-17T11:24:54.512+0900] {logging_mixin.py:190} INFO - file_copy: /opt/***/data/temp/0fd094ee-01f3-4eb3-a223-58a337ee6462/96b7f585-5884-4b77-8c98-2e9cb16f8fec/rotate5_4_-0.19999999999999574.png
[2025-06-17T11:24:54.711+0900] {logging_mixin.py:190} INFO - file_copy: /opt/***/data/temp/0fd094ee-01f3-4eb3-a223-58a337ee6462/96b7f585-5884-4b77-8c98-2e9cb16f8fec/rotate5_4_4.440892098500626e-15.png
[2025-06-17T11:24:54.915+0900] {logging_mixin.py:190} INFO - file_copy: /opt/***/data/temp/0fd094ee-01f3-4eb3-a223-58a337ee6462/96b7f585-5884-4b77-8c98-2e9cb16f8fec/rotate5_4_0.20000000000000462.png
[2025-06-17T11:24:55.110+0900] {logging_mixin.py:190} INFO - file_copy: /opt/***/data/temp/0fd094ee-01f3-4eb3-a223-58a337ee6462/96b7f585-5884-4b77-8c98-2e9cb16f8fec/rotate5_4_0.4000000000000048.png
[2025-06-17T11:24:55.296+0900] {logging_mixin.py:190} INFO - file_copy: /opt/***/data/temp/0fd094ee-01f3-4eb3-a223-58a337ee6462/96b7f585-5884-4b77-8c98-2e9cb16f8fec/rotate5_4_0.600000000000005.png
[2025-06-17T11:24:55.481+0900] {logging_mixin.py:190} INFO - file_copy: /opt/***/data/temp/0fd094ee-01f3-4eb3-a223-58a337ee6462/96b7f585-5884-4b77-8c98-2e9cb16f8fec/rotate5_4_0.8000000000000052.png
[2025-06-17T11:24:55.656+0900] {logging_mixin.py:190} INFO - file_copy: /opt/***/data/temp/0fd094ee-01f3-4eb3-a223-58a337ee6462/96b7f585-5884-4b77-8c98-2e9cb16f8fec/rotate5_4_1.0000000000000053.png
[2025-06-17T11:24:55.832+0900] {logging_mixin.py:190} INFO - file_copy: /opt/***/data/temp/0fd094ee-01f3-4eb3-a223-58a337ee6462/96b7f585-5884-4b77-8c98-2e9cb16f8fec/rotate5_4_1.2000000000000055.png
[2025-06-17T11:24:56.015+0900] {logging_mixin.py:190} INFO - file_copy: /opt/***/data/temp/0fd094ee-01f3-4eb3-a223-58a337ee6462/96b7f585-5884-4b77-8c98-2e9cb16f8fec/rotate5_4_1.4000000000000057.png
[2025-06-17T11:24:56.204+0900] {logging_mixin.py:190} INFO - file_copy: /opt/***/data/temp/0fd094ee-01f3-4eb3-a223-58a337ee6462/96b7f585-5884-4b77-8c98-2e9cb16f8fec/rotate5_4_1.6000000000000059.png
[2025-06-17T11:24:56.384+0900] {logging_mixin.py:190} INFO - file_copy: /opt/***/data/temp/0fd094ee-01f3-4eb3-a223-58a337ee6462/96b7f585-5884-4b77-8c98-2e9cb16f8fec/rotate5_4_1.800000000000006.png
[2025-06-17T11:24:56.559+0900] {logging_mixin.py:190} INFO - file_copy: /opt/***/data/temp/0fd094ee-01f3-4eb3-a223-58a337ee6462/96b7f585-5884-4b77-8c98-2e9cb16f8fec/rotate5_4_2.000000000000006.png
[2025-06-17T11:24:56.758+0900] {logging_mixin.py:190} INFO - file_copy: /opt/***/data/temp/0fd094ee-01f3-4eb3-a223-58a337ee6462/96b7f585-5884-4b77-8c98-2e9cb16f8fec/rotate5_4_2.2000000000000064.png
[2025-06-17T11:24:56.942+0900] {logging_mixin.py:190} INFO - file_copy: /opt/***/data/temp/0fd094ee-01f3-4eb3-a223-58a337ee6462/96b7f585-5884-4b77-8c98-2e9cb16f8fec/rotate5_4_2.4000000000000066.png
[2025-06-17T11:24:57.138+0900] {logging_mixin.py:190} INFO - file_copy: /opt/***/data/temp/0fd094ee-01f3-4eb3-a223-58a337ee6462/96b7f585-5884-4b77-8c98-2e9cb16f8fec/rotate5_4_2.6000000000000068.png
[2025-06-17T11:24:57.330+0900] {logging_mixin.py:190} INFO - file_copy: /opt/***/data/temp/0fd094ee-01f3-4eb3-a223-58a337ee6462/96b7f585-5884-4b77-8c98-2e9cb16f8fec/rotate5_4_2.800000000000007.png
[2025-06-17T11:24:57.532+0900] {logging_mixin.py:190} INFO - file_copy: /opt/***/data/temp/0fd094ee-01f3-4eb3-a223-58a337ee6462/96b7f585-5884-4b77-8c98-2e9cb16f8fec/rotate5_4_3.000000000000007.png
[2025-06-17T11:24:57.711+0900] {logging_mixin.py:190} INFO - file_copy: /opt/***/data/temp/0fd094ee-01f3-4eb3-a223-58a337ee6462/96b7f585-5884-4b77-8c98-2e9cb16f8fec/rotate5_4_3.2000000000000064.png
[2025-06-17T11:24:57.901+0900] {logging_mixin.py:190} INFO - file_copy: /opt/***/data/temp/0fd094ee-01f3-4eb3-a223-58a337ee6462/96b7f585-5884-4b77-8c98-2e9cb16f8fec/rotate5_4_3.4000000000000075.png
[2025-06-17T11:24:58.092+0900] {logging_mixin.py:190} INFO - file_copy: /opt/***/data/temp/0fd094ee-01f3-4eb3-a223-58a337ee6462/96b7f585-5884-4b77-8c98-2e9cb16f8fec/rotate5_4_3.6000000000000085.png
[2025-06-17T11:24:58.308+0900] {logging_mixin.py:190} INFO - file_copy: /opt/***/data/temp/0fd094ee-01f3-4eb3-a223-58a337ee6462/96b7f585-5884-4b77-8c98-2e9cb16f8fec/rotate5_4_3.800000000000008.png
[2025-06-17T11:24:58.523+0900] {logging_mixin.py:190} INFO - file_copy: /opt/***/data/temp/0fd094ee-01f3-4eb3-a223-58a337ee6462/96b7f585-5884-4b77-8c98-2e9cb16f8fec/rotate5_4_4.000000000000007.png
[2025-06-17T11:24:58.710+0900] {logging_mixin.py:190} INFO - file_copy: /opt/***/data/temp/0fd094ee-01f3-4eb3-a223-58a337ee6462/96b7f585-5884-4b77-8c98-2e9cb16f8fec/rotate5_4_4.200000000000008.png
[2025-06-17T11:24:58.915+0900] {logging_mixin.py:190} INFO - file_copy: /opt/***/data/temp/0fd094ee-01f3-4eb3-a223-58a337ee6462/96b7f585-5884-4b77-8c98-2e9cb16f8fec/rotate5_4_4.400000000000009.png
[2025-06-17T11:24:59.119+0900] {logging_mixin.py:190} INFO - file_copy: /opt/***/data/temp/0fd094ee-01f3-4eb3-a223-58a337ee6462/96b7f585-5884-4b77-8c98-2e9cb16f8fec/rotate5_4_4.6000000000000085.png
[2025-06-17T11:24:59.314+0900] {logging_mixin.py:190} INFO - file_copy: /opt/***/data/temp/0fd094ee-01f3-4eb3-a223-58a337ee6462/96b7f585-5884-4b77-8c98-2e9cb16f8fec/rotate5_4_4.800000000000008.png
[2025-06-17T11:24:59.500+0900] {logging_mixin.py:190} INFO - file_copy: /opt/***/data/temp/0fd094ee-01f3-4eb3-a223-58a337ee6462/96b7f585-5884-4b77-8c98-2e9cb16f8fec/rotate5_4_5.000000000000009.png
[2025-06-17T11:24:59.539+0900] {logging_mixin.py:190} INFO - osd 4 1.7763568394002505e-14 4.440892098500626e-15 [0, 0, 0, 0, 0, 0, 0, 0, 0, 0, 0, 0, 0, 0, 0, 0, 0, 0, 0, 0, 0, 0, 0, 0, 0, 2302, 0, 0, 0, 0, 0, 0, 0, 0, 0, 0, 0, 0, 0, 0, 0, 0, 0, 0, 0, 0, 0, 0, 0, 0, 0]
[2025-06-17T11:24:59.585+0900] {logging_mixin.py:190} INFO - step : calc_angle_set2
[2025-06-17T11:25:03.520+0900] {logging_mixin.py:190} INFO - file_copy: /opt/***/data/temp/0fd094ee-01f3-4eb3-a223-58a337ee6462/96b7f585-5884-4b77-8c98-2e9cb16f8fec/rotate2_1.png
[2025-06-17T11:25:04.907+0900] {logging_mixin.py:190} INFO - osd 1 270 270 5.35 Latin 1.73
[2025-06-17T11:25:08.834+0900] {logging_mixin.py:190} INFO - file_copy: /opt/***/data/temp/0fd094ee-01f3-4eb3-a223-58a337ee6462/96b7f585-5884-4b77-8c98-2e9cb16f8fec/rotate2_2.png
[2025-06-17T11:25:10.074+0900] {logging_mixin.py:190} INFO - osd 2 450 180 3.32 Cyrillic 2.35
[2025-06-17T11:25:14.016+0900] {logging_mixin.py:190} INFO - file_copy: /opt/***/data/temp/0fd094ee-01f3-4eb3-a223-58a337ee6462/96b7f585-5884-4b77-8c98-2e9cb16f8fec/rotate2_3.png
[2025-06-17T11:25:15.315+0900] {logging_mixin.py:190} INFO - osd 3 break  450 0 2.85 Latin 4.24
[2025-06-17T11:25:15.316+0900] {logging_mixin.py:190} INFO - step : threshold
[2025-06-17T11:25:15.319+0900] {logging_mixin.py:190} INFO - step : save
[2025-06-17T11:25:15.347+0900] {logging_mixin.py:190} INFO - file_copy: /opt/***/data/temp/0fd094ee-01f3-4eb3-a223-58a337ee6462/96b7f585-5884-4b77-8c98-2e9cb16f8fec/classify_preprocess.png
[2025-06-17T11:25:15.352+0900] {python.py:240} INFO - Done. Returned value was: {'file_id': '0fd094ee-01f3-4eb3-a223-58a337ee6462', 'file_path': '/opt/***/data/upload/Gas Engine 점검일지_ 2021년 2월.pdf-image-007.jpg', 'result': {'process_id': '_96b7f585-5884-4b77-8c98-2e9cb16f8fec_pre', 'folder_path': '0fd094ee-01f3-4eb3-a223-58a337ee6462/96b7f585-5884-4b77-8c98-2e9cb16f8fec', 'step_list': [{'name': 'cache', 'param': {'key': 'origin'}}, {'name': 'calc_angle_set5', 'param': {'key': 'angle1', 'iterations': 4, 'iter_save': True}}, {'name': 'calc_angle_set2', 'param': {'key': 'angle2', 'iterations': 4, 'iter_save': True}}, {'name': 'threshold', 'param': {}}, {'name': 'save', 'param': {'key': 'classify_preprocess'}}], 'result_file_list': [{'key': 'rotate5_1_-5.0', 'path': '/opt/***/data/temp/0fd094ee-01f3-4eb3-a223-58a337ee6462/96b7f585-5884-4b77-8c98-2e9cb16f8fec/rotate5_1_-5.0.png'}, {'key': 'rotate5_1_-4.8', 'path': '/opt/***/data/temp/0fd094ee-01f3-4eb3-a223-58a337ee6462/96b7f585-5884-4b77-8c98-2e9cb16f8fec/rotate5_1_-4.8.png'}, {'key': 'rotate5_1_-4.6', 'path': '/opt/***/data/temp/0fd094ee-01f3-4eb3-a223-58a337ee6462/96b7f585-5884-4b77-8c98-2e9cb16f8fec/rotate5_1_-4.6.png'}, {'key': 'rotate5_1_-4.3999999999999995', 'path': '/opt/***/data/temp/0fd094ee-01f3-4eb3-a223-58a337ee6462/96b7f585-5884-4b77-8c98-2e9cb16f8fec/rotate5_1_-4.3999999999999995.png'}, {'key': 'rotate5_1_-4.199999999999999', 'path': '/opt/***/data/temp/0fd094ee-01f3-4eb3-a223-58a337ee6462/96b7f585-5884-4b77-8c98-2e9cb16f8fec/rotate5_1_-4.199999999999999.png'}, {'key': 'rotate5_1_-3.999999999999999', 'path': '/opt/***/data/temp/0fd094ee-01f3-4eb3-a223-58a337ee6462/96b7f585-5884-4b77-8c98-2e9cb16f8fec/rotate5_1_-3.999999999999999.png'}, {'key': 'rotate5_1_-3.799999999999999', 'path': '/opt/***/data/temp/0fd094ee-01f3-4eb3-a223-58a337ee6462/96b7f585-5884-4b77-8c98-2e9cb16f8fec/rotate5_1_-3.799999999999999.png'}, {'key': 'rotate5_1_-3.5999999999999988', 'path': '/opt/***/data/temp/0fd094ee-01f3-4eb3-a223-58a337ee6462/96b7f585-5884-4b77-8c98-2e9cb16f8fec/rotate5_1_-3.5999999999999988.png'}, {'key': 'rotate5_1_-3.3999999999999986', 'path': '/opt/***/data/temp/0fd094ee-01f3-4eb3-a223-58a337ee6462/96b7f585-5884-4b77-8c98-2e9cb16f8fec/rotate5_1_-3.3999999999999986.png'}, {'key': 'rotate5_1_-3.1999999999999984', 'path': '/opt/***/data/temp/0fd094ee-01f3-4eb3-a223-58a337ee6462/96b7f585-5884-4b77-8c98-2e9cb16f8fec/rotate5_1_-3.1999999999999984.png'}, {'key': 'rotate5_1_-2.9999999999999982', 'path': '/opt/***/data/temp/0fd094ee-01f3-4eb3-a223-58a337ee6462/96b7f585-5884-4b77-8c98-2e9cb16f8fec/rotate5_1_-2.9999999999999982.png'}, {'key': 'rotate5_1_-2.799999999999998', 'path': '/opt/***/data/temp/0fd094ee-01f3-4eb3-a223-58a337ee6462/96b7f585-5884-4b77-8c98-2e9cb16f8fec/rotate5_1_-2.799999999999998.png'}, {'key': 'rotate5_1_-2.599999999999998', 'path': '/opt/***/data/temp/0fd094ee-01f3-4eb3-a223-58a337ee6462/96b7f585-5884-4b77-8c98-2e9cb16f8fec/rotate5_1_-2.599999999999998.png'}, {'key': 'rotate5_1_-2.3999999999999977', 'path': '/opt/***/data/temp/0fd094ee-01f3-4eb3-a223-58a337ee6462/96b7f585-5884-4b77-8c98-2e9cb16f8fec/rotate5_1_-2.3999999999999977.png'}, {'key': 'rotate5_1_-2.1999999999999975', 'path': '/opt/***/data/temp/0fd094ee-01f3-4eb3-a223-58a337ee6462/96b7f585-5884-4b77-8c98-2e9cb16f8fec/rotate5_1_-2.1999999999999975.png'}, {'key': 'rotate5_1_-1.9999999999999973', 'path': '/opt/***/data/temp/0fd094ee-01f3-4eb3-a223-58a337ee6462/96b7f585-5884-4b77-8c98-2e9cb16f8fec/rotate5_1_-1.9999999999999973.png'}, {'key': 'rotate5_1_-1.7999999999999972', 'path': '/opt/***/data/temp/0fd094ee-01f3-4eb3-a223-58a337ee6462/96b7f585-5884-4b77-8c98-2e9cb16f8fec/rotate5_1_-1.7999999999999972.png'}, {'key': 'rotate5_1_-1.599999999999997', 'path': '/opt/***/data/temp/0fd094ee-01f3-4eb3-a223-58a337ee6462/96b7f585-5884-4b77-8c98-2e9cb16f8fec/rotate5_1_-1.599999999999997.png'}, {'key': 'rotate5_1_-1.3999999999999968', 'path': '/opt/***/data/temp/0fd094ee-01f3-4eb3-a223-58a337ee6462/96b7f585-5884-4b77-8c98-2e9cb16f8fec/rotate5_1_-1.3999999999999968.png'}, {'key': 'rotate5_1_-1.1999999999999966', 'path': '/opt/***/data/temp/0fd094ee-01f3-4eb3-a223-58a337ee6462/96b7f585-5884-4b77-8c98-2e9cb16f8fec/rotate5_1_-1.1999999999999966.png'}, {'key': 'rotate5_1_-0.9999999999999964', 'path': '/opt/***/data/temp/0fd094ee-01f3-4eb3-a223-58a337ee6462/96b7f585-5884-4b77-8c98-2e9cb16f8fec/rotate5_1_-0.9999999999999964.png'}, {'key': 'rotate5_1_-0.7999999999999963', 'path': '/opt/***/data/temp/0fd094ee-01f3-4eb3-a223-58a337ee6462/96b7f585-5884-4b77-8c98-2e9cb16f8fec/rotate5_1_-0.7999999999999963.png'}, {'key': 'rotate5_1_-0.5999999999999961', 'path': '/opt/***/data/temp/0fd094ee-01f3-4eb3-a223-58a337ee6462/96b7f585-5884-4b77-8c98-2e9cb16f8fec/rotate5_1_-0.5999999999999961.png'}, {'key': 'rotate5_1_-0.3999999999999959', 'path': '/opt/***/data/temp/0fd094ee-01f3-4eb3-a223-58a337ee6462/96b7f585-5884-4b77-8c98-2e9cb16f8fec/rotate5_1_-0.3999999999999959.png'}, {'key': 'rotate5_1_-0.19999999999999574', 'path': '/opt/***/data/temp/0fd094ee-01f3-4eb3-a223-58a337ee6462/96b7f585-5884-4b77-8c98-2e9cb16f8fec/rotate5_1_-0.19999999999999574.png'}, {'key': 'rotate5_1_4.440892098500626e-15', 'path': '/opt/***/data/temp/0fd094ee-01f3-4eb3-a223-58a337ee6462/96b7f585-5884-4b77-8c98-2e9cb16f8fec/rotate5_1_4.440892098500626e-15.png'}, {'key': 'rotate5_1_0.20000000000000462', 'path': '/opt/***/data/temp/0fd094ee-01f3-4eb3-a223-58a337ee6462/96b7f585-5884-4b77-8c98-2e9cb16f8fec/rotate5_1_0.20000000000000462.png'}, {'key': 'rotate5_1_0.4000000000000048', 'path': '/opt/***/data/temp/0fd094ee-01f3-4eb3-a223-58a337ee6462/96b7f585-5884-4b77-8c98-2e9cb16f8fec/rotate5_1_0.4000000000000048.png'}, {'key': 'rotate5_1_0.600000000000005', 'path': '/opt/***/data/temp/0fd094ee-01f3-4eb3-a223-58a337ee6462/96b7f585-5884-4b77-8c98-2e9cb16f8fec/rotate5_1_0.600000000000005.png'}, {'key': 'rotate5_1_0.8000000000000052', 'path': '/opt/***/data/temp/0fd094ee-01f3-4eb3-a223-58a337ee6462/96b7f585-5884-4b77-8c98-2e9cb16f8fec/rotate5_1_0.8000000000000052.png'}, {'key': 'rotate5_1_1.0000000000000053', 'path': '/opt/***/data/temp/0fd094ee-01f3-4eb3-a223-58a337ee6462/96b7f585-5884-4b77-8c98-2e9cb16f8fec/rotate5_1_1.0000000000000053.png'}, {'key': 'rotate5_1_1.2000000000000055', 'path': '/opt/***/data/temp/0fd094ee-01f3-4eb3-a223-58a337ee6462/96b7f585-5884-4b77-8c98-2e9cb16f8fec/rotate5_1_1.2000000000000055.png'}, {'key': 'rotate5_1_1.4000000000000057', 'path': '/opt/***/data/temp/0fd094ee-01f3-4eb3-a223-58a337ee6462/96b7f585-5884-4b77-8c98-2e9cb16f8fec/rotate5_1_1.4000000000000057.png'}, {'key': 'rotate5_1_1.6000000000000059', 'path': '/opt/***/data/temp/0fd094ee-01f3-4eb3-a223-58a337ee6462/96b7f585-5884-4b77-8c98-2e9cb16f8fec/rotate5_1_1.6000000000000059.png'}, {'key': 'rotate5_1_1.800000000000006', 'path': '/opt/***/data/temp/0fd094ee-01f3-4eb3-a223-58a337ee6462/96b7f585-5884-4b77-8c98-2e9cb16f8fec/rotate5_1_1.800000000000006.png'}, {'key': 'rotate5_1_2.000000000000006', 'path': '/opt/***/data/temp/0fd094ee-01f3-4eb3-a223-58a337ee6462/96b7f585-5884-4b77-8c98-2e9cb16f8fec/rotate5_1_2.000000000000006.png'}, {'key': 'rotate5_1_2.2000000000000064', 'path': '/opt/***/data/temp/0fd094ee-01f3-4eb3-a223-58a337ee6462/96b7f585-5884-4b77-8c98-2e9cb16f8fec/rotate5_1_2.2000000000000064.png'}, {'key': 'rotate5_1_2.4000000000000066', 'path': '/opt/***/data/temp/0fd094ee-01f3-4eb3-a223-58a337ee6462/96b7f585-5884-4b77-8c98-2e9cb16f8fec/rotate5_1_2.4000000000000066.png'}, {'key': 'rotate5_1_2.6000000000000068', 'path': '/opt/***/data/temp/0fd094ee-01f3-4eb3-a223-58a337ee6462/96b7f585-5884-4b77-8c98-2e9cb16f8fec/rotate5_1_2.6000000000000068.png'}, {'key': 'rotate5_1_2.800000000000007', 'path': '/opt/***/data/temp/0fd094ee-01f3-4eb3-a223-58a337ee6462/96b7f585-5884-4b77-8c98-2e9cb16f8fec/rotate5_1_2.800000000000007.png'}, {'key': 'rotate5_1_3.000000000000007', 'path': '/opt/***/data/temp/0fd094ee-01f3-4eb3-a223-58a337ee6462/96b7f585-5884-4b77-8c98-2e9cb16f8fec/rotate5_1_3.000000000000007.png'}, {'key': 'rotate5_1_3.2000000000000064', 'path': '/opt/***/data/temp/0fd094ee-01f3-4eb3-a223-58a337ee6462/96b7f585-5884-4b77-8c98-2e9cb16f8fec/rotate5_1_3.2000000000000064.png'}, {'key': 'rotate5_1_3.4000000000000075', 'path': '/opt/***/data/temp/0fd094ee-01f3-4eb3-a223-58a337ee6462/96b7f585-5884-4b77-8c98-2e9cb16f8fec/rotate5_1_3.4000000000000075.png'}, {'key': 'rotate5_1_3.6000000000000085', 'path': '/opt/***/data/temp/0fd094ee-01f3-4eb3-a223-58a337ee6462/96b7f585-5884-4b77-8c98-2e9cb16f8fec/rotate5_1_3.6000000000000085.png'}, {'key': 'rotate5_1_3.800000000000008', 'path': '/opt/***/data/temp/0fd094ee-01f3-4eb3-a223-58a337ee6462/96b7f585-5884-4b77-8c98-2e9cb16f8fec/rotate5_1_3.800000000000008.png'}, {'key': 'rotate5_1_4.000000000000007', 'path': '/opt/***/data/temp/0fd094ee-01f3-4eb3-a223-58a337ee6462/96b7f585-5884-4b77-8c98-2e9cb16f8fec/rotate5_1_4.000000000000007.png'}, {'key': 'rotate5_1_4.200000000000008', 'path': '/opt/***/data/temp/0fd094ee-01f3-4eb3-a223-58a337ee6462/96b7f585-5884-4b77-8c98-2e9cb16f8fec/rotate5_1_4.200000000000008.png'}, {'key': 'rotate5_1_4.400000000000009', 'path': '/opt/***/data/temp/0fd094ee-01f3-4eb3-a223-58a337ee6462/96b7f585-5884-4b77-8c98-2e9cb16f8fec/rotate5_1_4.400000000000009.png'}, {'key': 'rotate5_1_4.6000000000000085', 'path': '/opt/***/data/temp/0fd094ee-01f3-4eb3-a223-58a337ee6462/96b7f585-5884-4b77-8c98-2e9cb16f8fec/rotate5_1_4.6000000000000085.png'}, {'key': 'rotate5_1_4.800000000000008', 'path': '/opt/***/data/temp/0fd094ee-01f3-4eb3-a223-58a337ee6462/96b7f585-5884-4b77-8c98-2e9cb16f8fec/rotate5_1_4.800000000000008.png'}, {'key': 'rotate5_1_5.000000000000009', 'path': '/opt/***/data/temp/0fd094ee-01f3-4eb3-a223-58a337ee6462/96b7f585-5884-4b77-8c98-2e9cb16f8fec/rotate5_1_5.000000000000009.png'}, {'key': 'rotate5_2_-5.0', 'path': '/opt/***/data/temp/0fd094ee-01f3-4eb3-a223-58a337ee6462/96b7f585-5884-4b77-8c98-2e9cb16f8fec/rotate5_2_-5.0.png'}, {'key': 'rotate5_2_-4.8', 'path': '/opt/***/data/temp/0fd094ee-01f3-4eb3-a223-58a337ee6462/96b7f585-5884-4b77-8c98-2e9cb16f8fec/rotate5_2_-4.8.png'}, {'key': 'rotate5_2_-4.6', 'path': '/opt/***/data/temp/0fd094ee-01f3-4eb3-a223-58a337ee6462/96b7f585-5884-4b77-8c98-2e9cb16f8fec/rotate5_2_-4.6.png'}, {'key': 'rotate5_2_-4.3999999999999995', 'path': '/opt/***/data/temp/0fd094ee-01f3-4eb3-a223-58a337ee6462/96b7f585-5884-4b77-8c98-2e9cb16f8fec/rotate5_2_-4.3999999999999995.png'}, {'key': 'rotate5_2_-4.199999999999999', 'path': '/opt/***/data/temp/0fd094ee-01f3-4eb3-a223-58a337ee6462/96b7f585-5884-4b77-8c98-2e9cb16f8fec/rotate5_2_-4.199999999999999.png'}, {'key': 'rotate5_2_-3.999999999999999', 'path': '/opt/***/data/temp/0fd094ee-01f3-4eb3-a223-58a337ee6462/96b7f585-5884-4b77-8c98-2e9cb16f8fec/rotate5_2_-3.999999999999999.png'}, {'key': 'rotate5_2_-3.799999999999999', 'path': '/opt/***/data/temp/0fd094ee-01f3-4eb3-a223-58a337ee6462/96b7f585-5884-4b77-8c98-2e9cb16f8fec/rotate5_2_-3.799999999999999.png'}, {'key': 'rotate5_2_-3.5999999999999988', 'path': '/opt/***/data/temp/0fd094ee-01f3-4eb3-a223-58a337ee6462/96b7f585-5884-4b77-8c98-2e9cb16f8fec/rotate5_2_-3.5999999999999988.png'}, {'key': 'rotate5_2_-3.3999999999999986', 'path': '/opt/***/data/temp/0fd094ee-01f3-4eb3-a223-58a337ee6462/96b7f585-5884-4b77-8c98-2e9cb16f8fec/rotate5_2_-3.3999999999999986.png'}, {'key': 'rotate5_2_-3.1999999999999984', 'path': '/opt/***/data/temp/0fd094ee-01f3-4eb3-a223-58a337ee6462/96b7f585-5884-4b77-8c98-2e9cb16f8fec/rotate5_2_-3.1999999999999984.png'}, {'key': 'rotate5_2_-2.9999999999999982', 'path': '/opt/***/data/temp/0fd094ee-01f3-4eb3-a223-58a337ee6462/96b7f585-5884-4b77-8c98-2e9cb16f8fec/rotate5_2_-2.9999999999999982.png'}, {'key': 'rotate5_2_-2.799999999999998', 'path': '/opt/***/data/temp/0fd094ee-01f3-4eb3-a223-58a337ee6462/96b7f585-5884-4b77-8c98-2e9cb16f8fec/rotate5_2_-2.799999999999998.png'}, {'key': 'rotate5_2_-2.599999999999998', 'path': '/opt/***/data/temp/0fd094ee-01f3-4eb3-a223-58a337ee6462/96b7f585-5884-4b77-8c98-2e9cb16f8fec/rotate5_2_-2.599999999999998.png'}, {'key': 'rotate5_2_-2.3999999999999977', 'path': '/opt/***/data/temp/0fd094ee-01f3-4eb3-a223-58a337ee6462/96b7f585-5884-4b77-8c98-2e9cb16f8fec/rotate5_2_-2.3999999999999977.png'}, {'key': 'rotate5_2_-2.1999999999999975', 'path': '/opt/***/data/temp/0fd094ee-01f3-4eb3-a223-58a337ee6462/96b7f585-5884-4b77-8c98-2e9cb16f8fec/rotate5_2_-2.1999999999999975.png'}, {'key': 'rotate5_2_-1.9999999999999973', 'path': '/opt/***/data/temp/0fd094ee-01f3-4eb3-a223-58a337ee6462/96b7f585-5884-4b77-8c98-2e9cb16f8fec/rotate5_2_-1.9999999999999973.png'}, {'key': 'rotate5_2_-1.7999999999999972', 'path': '/opt/***/data/temp/0fd094ee-01f3-4eb3-a223-58a337ee6462/96b7f585-5884-4b77-8c98-2e9cb16f8fec/rotate5_2_-1.7999999999999972.png'}, {'key': 'rotate5_2_-1.599999999999997', 'path': '/opt/***/data/temp/0fd094ee-01f3-4eb3-a223-58a337ee6462/96b7f585-5884-4b77-8c98-2e9cb16f8fec/rotate5_2_-1.599999999999997.png'}, {'key': 'rotate5_2_-1.3999999999999968', 'path': '/opt/***/data/temp/0fd094ee-01f3-4eb3-a223-58a337ee6462/96b7f585-5884-4b77-8c98-2e9cb16f8fec/rotate5_2_-1.3999999999999968.png'}, {'key': 'rotate5_2_-1.1999999999999966', 'path': '/opt/***/data/temp/0fd094ee-01f3-4eb3-a223-58a337ee6462/96b7f585-5884-4b77-8c98-2e9cb16f8fec/rotate5_2_-1.1999999999999966.png'}, {'key': 'rotate5_2_-0.9999999999999964', 'path': '/opt/***/data/temp/0fd094ee-01f3-4eb3-a223-58a337ee6462/96b7f585-5884-4b77-8c98-2e9cb16f8fec/rotate5_2_-0.9999999999999964.png'}, {'key': 'rotate5_2_-0.7999999999999963', 'path': '/opt/***/data/temp/0fd094ee-01f3-4eb3-a223-58a337ee6462/96b7f585-5884-4b77-8c98-2e9cb16f8fec/rotate5_2_-0.7999999999999963.png'}, {'key': 'rotate5_2_-0.5999999999999961', 'path': '/opt/***/data/temp/0fd094ee-01f3-4eb3-a223-58a337ee6462/96b7f585-5884-4b77-8c98-2e9cb16f8fec/rotate5_2_-0.5999999999999961.png'}, {'key': 'rotate5_2_-0.3999999999999959', 'path': '/opt/***/data/temp/0fd094ee-01f3-4eb3-a223-58a337ee6462/96b7f585-5884-4b77-8c98-2e9cb16f8fec/rotate5_2_-0.3999999999999959.png'}, {'key': 'rotate5_2_-0.19999999999999574', 'path': '/opt/***/data/temp/0fd094ee-01f3-4eb3-a223-58a337ee6462/96b7f585-5884-4b77-8c98-2e9cb16f8fec/rotate5_2_-0.19999999999999574.png'}, {'key': 'rotate5_2_4.440892098500626e-15', 'path': '/opt/***/data/temp/0fd094ee-01f3-4eb3-a223-58a337ee6462/96b7f585-5884-4b77-8c98-2e9cb16f8fec/rotate5_2_4.440892098500626e-15.png'}, {'key': 'rotate5_2_0.20000000000000462', 'path': '/opt/***/data/temp/0fd094ee-01f3-4eb3-a223-58a337ee6462/96b7f585-5884-4b77-8c98-2e9cb16f8fec/rotate5_2_0.20000000000000462.png'}, {'key': 'rotate5_2_0.4000000000000048', 'path': '/opt/***/data/temp/0fd094ee-01f3-4eb3-a223-58a337ee6462/96b7f585-5884-4b77-8c98-2e9cb16f8fec/rotate5_2_0.4000000000000048.png'}, {'key': 'rotate5_2_0.600000000000005', 'path': '/opt/***/data/temp/0fd094ee-01f3-4eb3-a223-58a337ee6462/96b7f585-5884-4b77-8c98-2e9cb16f8fec/rotate5_2_0.600000000000005.png'}, {'key': 'rotate5_2_0.8000000000000052', 'path': '/opt/***/data/temp/0fd094ee-01f3-4eb3-a223-58a337ee6462/96b7f585-5884-4b77-8c98-2e9cb16f8fec/rotate5_2_0.8000000000000052.png'}, {'key': 'rotate5_2_1.0000000000000053', 'path': '/opt/***/data/temp/0fd094ee-01f3-4eb3-a223-58a337ee6462/96b7f585-5884-4b77-8c98-2e9cb16f8fec/rotate5_2_1.0000000000000053.png'}, {'key': 'rotate5_2_1.2000000000000055', 'path': '/opt/***/data/temp/0fd094ee-01f3-4eb3-a223-58a337ee6462/96b7f585-5884-4b77-8c98-2e9cb16f8fec/rotate5_2_1.2000000000000055.png'}, {'key': 'rotate5_2_1.4000000000000057', 'path': '/opt/***/data/temp/0fd094ee-01f3-4eb3-a223-58a337ee6462/96b7f585-5884-4b77-8c98-2e9cb16f8fec/rotate5_2_1.4000000000000057.png'}, {'key': 'rotate5_2_1.6000000000000059', 'path': '/opt/***/data/temp/0fd094ee-01f3-4eb3-a223-58a337ee6462/96b7f585-5884-4b77-8c98-2e9cb16f8fec/rotate5_2_1.6000000000000059.png'}, {'key': 'rotate5_2_1.800000000000006', 'path': '/opt/***/data/temp/0fd094ee-01f3-4eb3-a223-58a337ee6462/96b7f585-5884-4b77-8c98-2e9cb16f8fec/rotate5_2_1.800000000000006.png'}, {'key': 'rotate5_2_2.000000000000006', 'path': '/opt/***/data/temp/0fd094ee-01f3-4eb3-a223-58a337ee6462/96b7f585-5884-4b77-8c98-2e9cb16f8fec/rotate5_2_2.000000000000006.png'}, {'key': 'rotate5_2_2.2000000000000064', 'path': '/opt/***/data/temp/0fd094ee-01f3-4eb3-a223-58a337ee6462/96b7f585-5884-4b77-8c98-2e9cb16f8fec/rotate5_2_2.2000000000000064.png'}, {'key': 'rotate5_2_2.4000000000000066', 'path': '/opt/***/data/temp/0fd094ee-01f3-4eb3-a223-58a337ee6462/96b7f585-5884-4b77-8c98-2e9cb16f8fec/rotate5_2_2.4000000000000066.png'}, {'key': 'rotate5_2_2.6000000000000068', 'path': '/opt/***/data/temp/0fd094ee-01f3-4eb3-a223-58a337ee6462/96b7f585-5884-4b77-8c98-2e9cb16f8fec/rotate5_2_2.6000000000000068.png'}, {'key': 'rotate5_2_2.800000000000007', 'path': '/opt/***/data/temp/0fd094ee-01f3-4eb3-a223-58a337ee6462/96b7f585-5884-4b77-8c98-2e9cb16f8fec/rotate5_2_2.800000000000007.png'}, {'key': 'rotate5_2_3.000000000000007', 'path': '/opt/***/data/temp/0fd094ee-01f3-4eb3-a223-58a337ee6462/96b7f585-5884-4b77-8c98-2e9cb16f8fec/rotate5_2_3.000000000000007.png'}, {'key': 'rotate5_2_3.2000000000000064', 'path': '/opt/***/data/temp/0fd094ee-01f3-4eb3-a223-58a337ee6462/96b7f585-5884-4b77-8c98-2e9cb16f8fec/rotate5_2_3.2000000000000064.png'}, {'key': 'rotate5_2_3.4000000000000075', 'path': '/opt/***/data/temp/0fd094ee-01f3-4eb3-a223-58a337ee6462/96b7f585-5884-4b77-8c98-2e9cb16f8fec/rotate5_2_3.4000000000000075.png'}, {'key': 'rotate5_2_3.6000000000000085', 'path': '/opt/***/data/temp/0fd094ee-01f3-4eb3-a223-58a337ee6462/96b7f585-5884-4b77-8c98-2e9cb16f8fec/rotate5_2_3.6000000000000085.png'}, {'key': 'rotate5_2_3.800000000000008', 'path': '/opt/***/data/temp/0fd094ee-01f3-4eb3-a223-58a337ee6462/96b7f585-5884-4b77-8c98-2e9cb16f8fec/rotate5_2_3.800000000000008.png'}, {'key': 'rotate5_2_4.000000000000007', 'path': '/opt/***/data/temp/0fd094ee-01f3-4eb3-a223-58a337ee6462/96b7f585-5884-4b77-8c98-2e9cb16f8fec/rotate5_2_4.000000000000007.png'}, {'key': 'rotate5_2_4.200000000000008', 'path': '/opt/***/data/temp/0fd094ee-01f3-4eb3-a223-58a337ee6462/96b7f585-5884-4b77-8c98-2e9cb16f8fec/rotate5_2_4.200000000000008.png'}, {'key': 'rotate5_2_4.400000000000009', 'path': '/opt/***/data/temp/0fd094ee-01f3-4eb3-a223-58a337ee6462/96b7f585-5884-4b77-8c98-2e9cb16f8fec/rotate5_2_4.400000000000009.png'}, {'key': 'rotate5_2_4.6000000000000085', 'path': '/opt/***/data/temp/0fd094ee-01f3-4eb3-a223-58a337ee6462/96b7f585-5884-4b77-8c98-2e9cb16f8fec/rotate5_2_4.6000000000000085.png'}, {'key': 'rotate5_2_4.800000000000008', 'path': '/opt/***/data/temp/0fd094ee-01f3-4eb3-a223-58a337ee6462/96b7f585-5884-4b77-8c98-2e9cb16f8fec/rotate5_2_4.800000000000008.png'}, {'key': 'rotate5_2_5.000000000000009', 'path': '/opt/***/data/temp/0fd094ee-01f3-4eb3-a223-58a337ee6462/96b7f585-5884-4b77-8c98-2e9cb16f8fec/rotate5_2_5.000000000000009.png'}, {'key': 'rotate5_3_-5.0', 'path': '/opt/***/data/temp/0fd094ee-01f3-4eb3-a223-58a337ee6462/96b7f585-5884-4b77-8c98-2e9cb16f8fec/rotate5_3_-5.0.png'}, {'key': 'rotate5_3_-4.8', 'path': '/opt/***/data/temp/0fd094ee-01f3-4eb3-a223-58a337ee6462/96b7f585-5884-4b77-8c98-2e9cb16f8fec/rotate5_3_-4.8.png'}, {'key': 'rotate5_3_-4.6', 'path': '/opt/***/data/temp/0fd094ee-01f3-4eb3-a223-58a337ee6462/96b7f585-5884-4b77-8c98-2e9cb16f8fec/rotate5_3_-4.6.png'}, {'key': 'rotate5_3_-4.3999999999999995', 'path': '/opt/***/data/temp/0fd094ee-01f3-4eb3-a223-58a337ee6462/96b7f585-5884-4b77-8c98-2e9cb16f8fec/rotate5_3_-4.3999999999999995.png'}, {'key': 'rotate5_3_-4.199999999999999', 'path': '/opt/***/data/temp/0fd094ee-01f3-4eb3-a223-58a337ee6462/96b7f585-5884-4b77-8c98-2e9cb16f8fec/rotate5_3_-4.199999999999999.png'}, {'key': 'rotate5_3_-3.999999999999999', 'path': '/opt/***/data/temp/0fd094ee-01f3-4eb3-a223-58a337ee6462/96b7f585-5884-4b77-8c98-2e9cb16f8fec/rotate5_3_-3.999999999999999.png'}, {'key': 'rotate5_3_-3.799999999999999', 'path': '/opt/***/data/temp/0fd094ee-01f3-4eb3-a223-58a337ee6462/96b7f585-5884-4b77-8c98-2e9cb16f8fec/rotate5_3_-3.799999999999999.png'}, {'key': 'rotate5_3_-3.5999999999999988', 'path': '/opt/***/data/temp/0fd094ee-01f3-4eb3-a223-58a337ee6462/96b7f585-5884-4b77-8c98-2e9cb16f8fec/rotate5_3_-3.5999999999999988.png'}, {'key': 'rotate5_3_-3.3999999999999986', 'path': '/opt/***/data/temp/0fd094ee-01f3-4eb3-a223-58a337ee6462/96b7f585-5884-4b77-8c98-2e9cb16f8fec/rotate5_3_-3.3999999999999986.png'}, {'key': 'rotate5_3_-3.1999999999999984', 'path': '/opt/***/data/temp/0fd094ee-01f3-4eb3-a223-58a337ee6462/96b7f585-5884-4b77-8c98-2e9cb16f8fec/rotate5_3_-3.1999999999999984.png'}, {'key': 'rotate5_3_-2.9999999999999982', 'path': '/opt/***/data/temp/0fd094ee-01f3-4eb3-a223-58a337ee6462/96b7f585-5884-4b77-8c98-2e9cb16f8fec/rotate5_3_-2.9999999999999982.png'}, {'key': 'rotate5_3_-2.799999999999998', 'path': '/opt/***/data/temp/0fd094ee-01f3-4eb3-a223-58a337ee6462/96b7f585-5884-4b77-8c98-2e9cb16f8fec/rotate5_3_-2.799999999999998.png'}, {'key': 'rotate5_3_-2.599999999999998', 'path': '/opt/***/data/temp/0fd094ee-01f3-4eb3-a223-58a337ee6462/96b7f585-5884-4b77-8c98-2e9cb16f8fec/rotate5_3_-2.599999999999998.png'}, {'key': 'rotate5_3_-2.3999999999999977', 'path': '/opt/***/data/temp/0fd094ee-01f3-4eb3-a223-58a337ee6462/96b7f585-5884-4b77-8c98-2e9cb16f8fec/rotate5_3_-2.3999999999999977.png'}, {'key': 'rotate5_3_-2.1999999999999975', 'path': '/opt/***/data/temp/0fd094ee-01f3-4eb3-a223-58a337ee6462/96b7f585-5884-4b77-8c98-2e9cb16f8fec/rotate5_3_-2.1999999999999975.png'}, {'key': 'rotate5_3_-1.9999999999999973', 'path': '/opt/***/data/temp/0fd094ee-01f3-4eb3-a223-58a337ee6462/96b7f585-5884-4b77-8c98-2e9cb16f8fec/rotate5_3_-1.9999999999999973.png'}, {'key': 'rotate5_3_-1.7999999999999972', 'path': '/opt/***/data/temp/0fd094ee-01f3-4eb3-a223-58a337ee6462/96b7f585-5884-4b77-8c98-2e9cb16f8fec/rotate5_3_-1.7999999999999972.png'}, {'key': 'rotate5_3_-1.599999999999997', 'path': '/opt/***/data/temp/0fd094ee-01f3-4eb3-a223-58a337ee6462/96b7f585-5884-4b77-8c98-2e9cb16f8fec/rotate5_3_-1.599999999999997.png'}, {'key': 'rotate5_3_-1.3999999999999968', 'path': '/opt/***/data/temp/0fd094ee-01f3-4eb3-a223-58a337ee6462/96b7f585-5884-4b77-8c98-2e9cb16f8fec/rotate5_3_-1.3999999999999968.png'}, {'key': 'rotate5_3_-1.1999999999999966', 'path': '/opt/***/data/temp/0fd094ee-01f3-4eb3-a223-58a337ee6462/96b7f585-5884-4b77-8c98-2e9cb16f8fec/rotate5_3_-1.1999999999999966.png'}, {'key': 'rotate5_3_-0.9999999999999964', 'path': '/opt/***/data/temp/0fd094ee-01f3-4eb3-a223-58a337ee6462/96b7f585-5884-4b77-8c98-2e9cb16f8fec/rotate5_3_-0.9999999999999964.png'}, {'key': 'rotate5_3_-0.7999999999999963', 'path': '/opt/***/data/temp/0fd094ee-01f3-4eb3-a223-58a337ee6462/96b7f585-5884-4b77-8c98-2e9cb16f8fec/rotate5_3_-0.7999999999999963.png'}, {'key': 'rotate5_3_-0.5999999999999961', 'path': '/opt/***/data/temp/0fd094ee-01f3-4eb3-a223-58a337ee6462/96b7f585-5884-4b77-8c98-2e9cb16f8fec/rotate5_3_-0.5999999999999961.png'}, {'key': 'rotate5_3_-0.3999999999999959', 'path': '/opt/***/data/temp/0fd094ee-01f3-4eb3-a223-58a337ee6462/96b7f585-5884-4b77-8c98-2e9cb16f8fec/rotate5_3_-0.3999999999999959.png'}, {'key': 'rotate5_3_-0.19999999999999574', 'path': '/opt/***/data/temp/0fd094ee-01f3-4eb3-a223-58a337ee6462/96b7f585-5884-4b77-8c98-2e9cb16f8fec/rotate5_3_-0.19999999999999574.png'}, {'key': 'rotate5_3_4.440892098500626e-15', 'path': '/opt/***/data/temp/0fd094ee-01f3-4eb3-a223-58a337ee6462/96b7f585-5884-4b77-8c98-2e9cb16f8fec/rotate5_3_4.440892098500626e-15.png'}, {'key': 'rotate5_3_0.20000000000000462', 'path': '/opt/***/data/temp/0fd094ee-01f3-4eb3-a223-58a337ee6462/96b7f585-5884-4b77-8c98-2e9cb16f8fec/rotate5_3_0.20000000000000462.png'}, {'key': 'rotate5_3_0.4000000000000048', 'path': '/opt/***/data/temp/0fd094ee-01f3-4eb3-a223-58a337ee6462/96b7f585-5884-4b77-8c98-2e9cb16f8fec/rotate5_3_0.4000000000000048.png'}, {'key': 'rotate5_3_0.600000000000005', 'path': '/opt/***/data/temp/0fd094ee-01f3-4eb3-a223-58a337ee6462/96b7f585-5884-4b77-8c98-2e9cb16f8fec/rotate5_3_0.600000000000005.png'}, {'key': 'rotate5_3_0.8000000000000052', 'path': '/opt/***/data/temp/0fd094ee-01f3-4eb3-a223-58a337ee6462/96b7f585-5884-4b77-8c98-2e9cb16f8fec/rotate5_3_0.8000000000000052.png'}, {'key': 'rotate5_3_1.0000000000000053', 'path': '/opt/***/data/temp/0fd094ee-01f3-4eb3-a223-58a337ee6462/96b7f585-5884-4b77-8c98-2e9cb16f8fec/rotate5_3_1.0000000000000053.png'}, {'key': 'rotate5_3_1.2000000000000055', 'path': '/opt/***/data/temp/0fd094ee-01f3-4eb3-a223-58a337ee6462/96b7f585-5884-4b77-8c98-2e9cb16f8fec/rotate5_3_1.2000000000000055.png'}, {'key': 'rotate5_3_1.4000000000000057', 'path': '/opt/***/data/temp/0fd094ee-01f3-4eb3-a223-58a337ee6462/96b7f585-5884-4b77-8c98-2e9cb16f8fec/rotate5_3_1.4000000000000057.png'}, {'key': 'rotate5_3_1.6000000000000059', 'path': '/opt/***/data/temp/0fd094ee-01f3-4eb3-a223-58a337ee6462/96b7f585-5884-4b77-8c98-2e9cb16f8fec/rotate5_3_1.6000000000000059.png'}, {'key': 'rotate5_3_1.800000000000006', 'path': '/opt/***/data/temp/0fd094ee-01f3-4eb3-a223-58a337ee6462/96b7f585-5884-4b77-8c98-2e9cb16f8fec/rotate5_3_1.800000000000006.png'}, {'key': 'rotate5_3_2.000000000000006', 'path': '/opt/***/data/temp/0fd094ee-01f3-4eb3-a223-58a337ee6462/96b7f585-5884-4b77-8c98-2e9cb16f8fec/rotate5_3_2.000000000000006.png'}, {'key': 'rotate5_3_2.2000000000000064', 'path': '/opt/***/data/temp/0fd094ee-01f3-4eb3-a223-58a337ee6462/96b7f585-5884-4b77-8c98-2e9cb16f8fec/rotate5_3_2.2000000000000064.png'}, {'key': 'rotate5_3_2.4000000000000066', 'path': '/opt/***/data/temp/0fd094ee-01f3-4eb3-a223-58a337ee6462/96b7f585-5884-4b77-8c98-2e9cb16f8fec/rotate5_3_2.4000000000000066.png'}, {'key': 'rotate5_3_2.6000000000000068', 'path': '/opt/***/data/temp/0fd094ee-01f3-4eb3-a223-58a337ee6462/96b7f585-5884-4b77-8c98-2e9cb16f8fec/rotate5_3_2.6000000000000068.png'}, {'key': 'rotate5_3_2.800000000000007', 'path': '/opt/***/data/temp/0fd094ee-01f3-4eb3-a223-58a337ee6462/96b7f585-5884-4b77-8c98-2e9cb16f8fec/rotate5_3_2.800000000000007.png'}, {'key': 'rotate5_3_3.000000000000007', 'path': '/opt/***/data/temp/0fd094ee-01f3-4eb3-a223-58a337ee6462/96b7f585-5884-4b77-8c98-2e9cb16f8fec/rotate5_3_3.000000000000007.png'}, {'key': 'rotate5_3_3.2000000000000064', 'path': '/opt/***/data/temp/0fd094ee-01f3-4eb3-a223-58a337ee6462/96b7f585-5884-4b77-8c98-2e9cb16f8fec/rotate5_3_3.2000000000000064.png'}, {'key': 'rotate5_3_3.4000000000000075', 'path': '/opt/***/data/temp/0fd094ee-01f3-4eb3-a223-58a337ee6462/96b7f585-5884-4b77-8c98-2e9cb16f8fec/rotate5_3_3.4000000000000075.png'}, {'key': 'rotate5_3_3.6000000000000085', 'path': '/opt/***/data/temp/0fd094ee-01f3-4eb3-a223-58a337ee6462/96b7f585-5884-4b77-8c98-2e9cb16f8fec/rotate5_3_3.6000000000000085.png'}, {'key': 'rotate5_3_3.800000000000008', 'path': '/opt/***/data/temp/0fd094ee-01f3-4eb3-a223-58a337ee6462/96b7f585-5884-4b77-8c98-2e9cb16f8fec/rotate5_3_3.800000000000008.png'}, {'key': 'rotate5_3_4.000000000000007', 'path': '/opt/***/data/temp/0fd094ee-01f3-4eb3-a223-58a337ee6462/96b7f585-5884-4b77-8c98-2e9cb16f8fec/rotate5_3_4.000000000000007.png'}, {'key': 'rotate5_3_4.200000000000008', 'path': '/opt/***/data/temp/0fd094ee-01f3-4eb3-a223-58a337ee6462/96b7f585-5884-4b77-8c98-2e9cb16f8fec/rotate5_3_4.200000000000008.png'}, {'key': 'rotate5_3_4.400000000000009', 'path': '/opt/***/data/temp/0fd094ee-01f3-4eb3-a223-58a337ee6462/96b7f585-5884-4b77-8c98-2e9cb16f8fec/rotate5_3_4.400000000000009.png'}, {'key': 'rotate5_3_4.6000000000000085', 'path': '/opt/***/data/temp/0fd094ee-01f3-4eb3-a223-58a337ee6462/96b7f585-5884-4b77-8c98-2e9cb16f8fec/rotate5_3_4.6000000000000085.png'}, {'key': 'rotate5_3_4.800000000000008', 'path': '/opt/***/data/temp/0fd094ee-01f3-4eb3-a223-58a337ee6462/96b7f585-5884-4b77-8c98-2e9cb16f8fec/rotate5_3_4.800000000000008.png'}, {'key': 'rotate5_3_5.000000000000009', 'path': '/opt/***/data/temp/0fd094ee-01f3-4eb3-a223-58a337ee6462/96b7f585-5884-4b77-8c98-2e9cb16f8fec/rotate5_3_5.000000000000009.png'}, {'key': 'rotate5_4_-5.0', 'path': '/opt/***/data/temp/0fd094ee-01f3-4eb3-a223-58a337ee6462/96b7f585-5884-4b77-8c98-2e9cb16f8fec/rotate5_4_-5.0.png'}, {'key': 'rotate5_4_-4.8', 'path': '/opt/***/data/temp/0fd094ee-01f3-4eb3-a223-58a337ee6462/96b7f585-5884-4b77-8c98-2e9cb16f8fec/rotate5_4_-4.8.png'}, {'key': 'rotate5_4_-4.6', 'path': '/opt/***/data/temp/0fd094ee-01f3-4eb3-a223-58a337ee6462/96b7f585-5884-4b77-8c98-2e9cb16f8fec/rotate5_4_-4.6.png'}, {'key': 'rotate5_4_-4.3999999999999995', 'path': '/opt/***/data/temp/0fd094ee-01f3-4eb3-a223-58a337ee6462/96b7f585-5884-4b77-8c98-2e9cb16f8fec/rotate5_4_-4.3999999999999995.png'}, {'key': 'rotate5_4_-4.199999999999999', 'path': '/opt/***/data/temp/0fd094ee-01f3-4eb3-a223-58a337ee6462/96b7f585-5884-4b77-8c98-2e9cb16f8fec/rotate5_4_-4.199999999999999.png'}, {'key': 'rotate5_4_-3.999999999999999', 'path': '/opt/***/data/temp/0fd094ee-01f3-4eb3-a223-58a337ee6462/96b7f585-5884-4b77-8c98-2e9cb16f8fec/rotate5_4_-3.999999999999999.png'}, {'key': 'rotate5_4_-3.799999999999999', 'path': '/opt/***/data/temp/0fd094ee-01f3-4eb3-a223-58a337ee6462/96b7f585-5884-4b77-8c98-2e9cb16f8fec/rotate5_4_-3.799999999999999.png'}, {'key': 'rotate5_4_-3.5999999999999988', 'path': '/opt/***/data/temp/0fd094ee-01f3-4eb3-a223-58a337ee6462/96b7f585-5884-4b77-8c98-2e9cb16f8fec/rotate5_4_-3.5999999999999988.png'}, {'key': 'rotate5_4_-3.3999999999999986', 'path': '/opt/***/data/temp/0fd094ee-01f3-4eb3-a223-58a337ee6462/96b7f585-5884-4b77-8c98-2e9cb16f8fec/rotate5_4_-3.3999999999999986.png'}, {'key': 'rotate5_4_-3.1999999999999984', 'path': '/opt/***/data/temp/0fd094ee-01f3-4eb3-a223-58a337ee6462/96b7f585-5884-4b77-8c98-2e9cb16f8fec/rotate5_4_-3.1999999999999984.png'}, {'key': 'rotate5_4_-2.9999999999999982', 'path': '/opt/***/data/temp/0fd094ee-01f3-4eb3-a223-58a337ee6462/96b7f585-5884-4b77-8c98-2e9cb16f8fec/rotate5_4_-2.9999999999999982.png'}, {'key': 'rotate5_4_-2.799999999999998', 'path': '/opt/***/data/temp/0fd094ee-01f3-4eb3-a223-58a337ee6462/96b7f585-5884-4b77-8c98-2e9cb16f8fec/rotate5_4_-2.799999999999998.png'}, {'key': 'rotate5_4_-2.599999999999998', 'path': '/opt/***/data/temp/0fd094ee-01f3-4eb3-a223-58a337ee6462/96b7f585-5884-4b77-8c98-2e9cb16f8fec/rotate5_4_-2.599999999999998.png'}, {'key': 'rotate5_4_-2.3999999999999977', 'path': '/opt/***/data/temp/0fd094ee-01f3-4eb3-a223-58a337ee6462/96b7f585-5884-4b77-8c98-2e9cb16f8fec/rotate5_4_-2.3999999999999977.png'}, {'key': 'rotate5_4_-2.1999999999999975', 'path': '/opt/***/data/temp/0fd094ee-01f3-4eb3-a223-58a337ee6462/96b7f585-5884-4b77-8c98-2e9cb16f8fec/rotate5_4_-2.1999999999999975.png'}, {'key': 'rotate5_4_-1.9999999999999973', 'path': '/opt/***/data/temp/0fd094ee-01f3-4eb3-a223-58a337ee6462/96b7f585-5884-4b77-8c98-2e9cb16f8fec/rotate5_4_-1.9999999999999973.png'}, {'key': 'rotate5_4_-1.7999999999999972', 'path': '/opt/***/data/temp/0fd094ee-01f3-4eb3-a223-58a337ee6462/96b7f585-5884-4b77-8c98-2e9cb16f8fec/rotate5_4_-1.7999999999999972.png'}, {'key': 'rotate5_4_-1.599999999999997', 'path': '/opt/***/data/temp/0fd094ee-01f3-4eb3-a223-58a337ee6462/96b7f585-5884-4b77-8c98-2e9cb16f8fec/rotate5_4_-1.599999999999997.png'}, {'key': 'rotate5_4_-1.3999999999999968', 'path': '/opt/***/data/temp/0fd094ee-01f3-4eb3-a223-58a337ee6462/96b7f585-5884-4b77-8c98-2e9cb16f8fec/rotate5_4_-1.3999999999999968.png'}, {'key': 'rotate5_4_-1.1999999999999966', 'path': '/opt/***/data/temp/0fd094ee-01f3-4eb3-a223-58a337ee6462/96b7f585-5884-4b77-8c98-2e9cb16f8fec/rotate5_4_-1.1999999999999966.png'}, {'key': 'rotate5_4_-0.9999999999999964', 'path': '/opt/***/data/temp/0fd094ee-01f3-4eb3-a223-58a337ee6462/96b7f585-5884-4b77-8c98-2e9cb16f8fec/rotate5_4_-0.9999999999999964.png'}, {'key': 'rotate5_4_-0.7999999999999963', 'path': '/opt/***/data/temp/0fd094ee-01f3-4eb3-a223-58a337ee6462/96b7f585-5884-4b77-8c98-2e9cb16f8fec/rotate5_4_-0.7999999999999963.png'}, {'key': 'rotate5_4_-0.5999999999999961', 'path': '/opt/***/data/temp/0fd094ee-01f3-4eb3-a223-58a337ee6462/96b7f585-5884-4b77-8c98-2e9cb16f8fec/rotate5_4_-0.5999999999999961.png'}, {'key': 'rotate5_4_-0.3999999999999959', 'path': '/opt/***/data/temp/0fd094ee-01f3-4eb3-a223-58a337ee6462/96b7f585-5884-4b77-8c98-2e9cb16f8fec/rotate5_4_-0.3999999999999959.png'}, {'key': 'rotate5_4_-0.19999999999999574', 'path': '/opt/***/data/temp/0fd094ee-01f3-4eb3-a223-58a337ee6462/96b7f585-5884-4b77-8c98-2e9cb16f8fec/rotate5_4_-0.19999999999999574.png'}, {'key': 'rotate5_4_4.440892098500626e-15', 'path': '/opt/***/data/temp/0fd094ee-01f3-4eb3-a223-58a337ee6462/96b7f585-5884-4b77-8c98-2e9cb16f8fec/rotate5_4_4.440892098500626e-15.png'}, {'key': 'rotate5_4_0.20000000000000462', 'path': '/opt/***/data/temp/0fd094ee-01f3-4eb3-a223-58a337ee6462/96b7f585-5884-4b77-8c98-2e9cb16f8fec/rotate5_4_0.20000000000000462.png'}, {'key': 'rotate5_4_0.4000000000000048', 'path': '/opt/***/data/temp/0fd094ee-01f3-4eb3-a223-58a337ee6462/96b7f585-5884-4b77-8c98-2e9cb16f8fec/rotate5_4_0.4000000000000048.png'}, {'key': 'rotate5_4_0.600000000000005', 'path': '/opt/***/data/temp/0fd094ee-01f3-4eb3-a223-58a337ee6462/96b7f585-5884-4b77-8c98-2e9cb16f8fec/rotate5_4_0.600000000000005.png'}, {'key': 'rotate5_4_0.8000000000000052', 'path': '/opt/***/data/temp/0fd094ee-01f3-4eb3-a223-58a337ee6462/96b7f585-5884-4b77-8c98-2e9cb16f8fec/rotate5_4_0.8000000000000052.png'}, {'key': 'rotate5_4_1.0000000000000053', 'path': '/opt/***/data/temp/0fd094ee-01f3-4eb3-a223-58a337ee6462/96b7f585-5884-4b77-8c98-2e9cb16f8fec/rotate5_4_1.0000000000000053.png'}, {'key': 'rotate5_4_1.2000000000000055', 'path': '/opt/***/data/temp/0fd094ee-01f3-4eb3-a223-58a337ee6462/96b7f585-5884-4b77-8c98-2e9cb16f8fec/rotate5_4_1.2000000000000055.png'}, {'key': 'rotate5_4_1.4000000000000057', 'path': '/opt/***/data/temp/0fd094ee-01f3-4eb3-a223-58a337ee6462/96b7f585-5884-4b77-8c98-2e9cb16f8fec/rotate5_4_1.4000000000000057.png'}, {'key': 'rotate5_4_1.6000000000000059', 'path': '/opt/***/data/temp/0fd094ee-01f3-4eb3-a223-58a337ee6462/96b7f585-5884-4b77-8c98-2e9cb16f8fec/rotate5_4_1.6000000000000059.png'}, {'key': 'rotate5_4_1.800000000000006', 'path': '/opt/***/data/temp/0fd094ee-01f3-4eb3-a223-58a337ee6462/96b7f585-5884-4b77-8c98-2e9cb16f8fec/rotate5_4_1.800000000000006.png'}, {'key': 'rotate5_4_2.000000000000006', 'path': '/opt/***/data/temp/0fd094ee-01f3-4eb3-a223-58a337ee6462/96b7f585-5884-4b77-8c98-2e9cb16f8fec/rotate5_4_2.000000000000006.png'}, {'key': 'rotate5_4_2.2000000000000064', 'path': '/opt/***/data/temp/0fd094ee-01f3-4eb3-a223-58a337ee6462/96b7f585-5884-4b77-8c98-2e9cb16f8fec/rotate5_4_2.2000000000000064.png'}, {'key': 'rotate5_4_2.4000000000000066', 'path': '/opt/***/data/temp/0fd094ee-01f3-4eb3-a223-58a337ee6462/96b7f585-5884-4b77-8c98-2e9cb16f8fec/rotate5_4_2.4000000000000066.png'}, {'key': 'rotate5_4_2.6000000000000068', 'path': '/opt/***/data/temp/0fd094ee-01f3-4eb3-a223-58a337ee6462/96b7f585-5884-4b77-8c98-2e9cb16f8fec/rotate5_4_2.6000000000000068.png'}, {'key': 'rotate5_4_2.800000000000007', 'path': '/opt/***/data/temp/0fd094ee-01f3-4eb3-a223-58a337ee6462/96b7f585-5884-4b77-8c98-2e9cb16f8fec/rotate5_4_2.800000000000007.png'}, {'key': 'rotate5_4_3.000000000000007', 'path': '/opt/***/data/temp/0fd094ee-01f3-4eb3-a223-58a337ee6462/96b7f585-5884-4b77-8c98-2e9cb16f8fec/rotate5_4_3.000000000000007.png'}, {'key': 'rotate5_4_3.2000000000000064', 'path': '/opt/***/data/temp/0fd094ee-01f3-4eb3-a223-58a337ee6462/96b7f585-5884-4b77-8c98-2e9cb16f8fec/rotate5_4_3.2000000000000064.png'}, {'key': 'rotate5_4_3.4000000000000075', 'path': '/opt/***/data/temp/0fd094ee-01f3-4eb3-a223-58a337ee6462/96b7f585-5884-4b77-8c98-2e9cb16f8fec/rotate5_4_3.4000000000000075.png'}, {'key': 'rotate5_4_3.6000000000000085', 'path': '/opt/***/data/temp/0fd094ee-01f3-4eb3-a223-58a337ee6462/96b7f585-5884-4b77-8c98-2e9cb16f8fec/rotate5_4_3.6000000000000085.png'}, {'key': 'rotate5_4_3.800000000000008', 'path': '/opt/***/data/temp/0fd094ee-01f3-4eb3-a223-58a337ee6462/96b7f585-5884-4b77-8c98-2e9cb16f8fec/rotate5_4_3.800000000000008.png'}, {'key': 'rotate5_4_4.000000000000007', 'path': '/opt/***/data/temp/0fd094ee-01f3-4eb3-a223-58a337ee6462/96b7f585-5884-4b77-8c98-2e9cb16f8fec/rotate5_4_4.000000000000007.png'}, {'key': 'rotate5_4_4.200000000000008', 'path': '/opt/***/data/temp/0fd094ee-01f3-4eb3-a223-58a337ee6462/96b7f585-5884-4b77-8c98-2e9cb16f8fec/rotate5_4_4.200000000000008.png'}, {'key': 'rotate5_4_4.400000000000009', 'path': '/opt/***/data/temp/0fd094ee-01f3-4eb3-a223-58a337ee6462/96b7f585-5884-4b77-8c98-2e9cb16f8fec/rotate5_4_4.400000000000009.png'}, {'key': 'rotate5_4_4.6000000000000085', 'path': '/opt/***/data/temp/0fd094ee-01f3-4eb3-a223-58a337ee6462/96b7f585-5884-4b77-8c98-2e9cb16f8fec/rotate5_4_4.6000000000000085.png'}, {'key': 'rotate5_4_4.800000000000008', 'path': '/opt/***/data/temp/0fd094ee-01f3-4eb3-a223-58a337ee6462/96b7f585-5884-4b77-8c98-2e9cb16f8fec/rotate5_4_4.800000000000008.png'}, {'key': 'rotate5_4_5.000000000000009', 'path': '/opt/***/data/temp/0fd094ee-01f3-4eb3-a223-58a337ee6462/96b7f585-5884-4b77-8c98-2e9cb16f8fec/rotate5_4_5.000000000000009.png'}, {'key': 'rotate2_1', 'path': '/opt/***/data/temp/0fd094ee-01f3-4eb3-a223-58a337ee6462/96b7f585-5884-4b77-8c98-2e9cb16f8fec/rotate2_1.png'}, {'key': 'rotate2_2', 'path': '/opt/***/data/temp/0fd094ee-01f3-4eb3-a223-58a337ee6462/96b7f585-5884-4b77-8c98-2e9cb16f8fec/rotate2_2.png'}, {'key': 'rotate2_3', 'path': '/opt/***/data/temp/0fd094ee-01f3-4eb3-a223-58a337ee6462/96b7f585-5884-4b77-8c98-2e9cb16f8fec/rotate2_3.png'}, {'key': 'classify_preprocess', 'path': '/opt/***/data/temp/0fd094ee-01f3-4eb3-a223-58a337ee6462/96b7f585-5884-4b77-8c98-2e9cb16f8fec/classify_preprocess.png'}]}}
[2025-06-17T11:25:15.404+0900] {taskinstance.py:341} INFO - ::group::Post task execution logs
[2025-06-17T11:25:15.405+0900] {taskinstance.py:353} INFO - Marking task as SUCCESS. dag_id=image_ocr_v2, task_id=img_preprocess_task, run_id=manual__2025-06-17T02:24:13.342587+00:00, map_index=1, execution_date=20250617T022413, start_date=20250617T022421, end_date=20250617T022515
[2025-06-17T11:25:15.470+0900] {local_task_job_runner.py:266} INFO - Task exited with return code 0
[2025-06-17T11:25:15.491+0900] {taskinstance.py:3901} INFO - 0 downstream tasks scheduled from follow-on schedule check
[2025-06-17T11:25:15.495+0900] {local_task_job_runner.py:245} INFO - ::endgroup::
