[2025-06-23T16:28:56.977+0900] {local_task_job_runner.py:123} INFO - ::group::Pre task execution logs
[2025-06-23T16:28:57.148+0900] {taskinstance.py:2614} INFO - Dependencies all met for dep_context=non-requeueable deps ti=<TaskInstance: lilt_document_classifier_balanced_b_class_V0.1.img_preprocess_task__1 manual__2025-06-23T06:58:09.542610+00:00 map_index=51 [queued]>
[2025-06-23T16:28:57.205+0900] {taskinstance.py:2614} INFO - Dependencies all met for dep_context=requeueable deps ti=<TaskInstance: lilt_document_classifier_balanced_b_class_V0.1.img_preprocess_task__1 manual__2025-06-23T06:58:09.542610+00:00 map_index=51 [queued]>
[2025-06-23T16:28:57.211+0900] {taskinstance.py:2867} INFO - Starting attempt 1 of 1
[2025-06-23T16:28:57.245+0900] {taskinstance.py:2890} INFO - Executing <Mapped(_PythonDecoratedOperator): img_preprocess_task__1> on 2025-06-23 06:58:09.542610+00:00
[2025-06-23T16:28:57.306+0900] {standard_task_runner.py:104} INFO - Running: ['***', 'tasks', 'run', 'lilt_document_classifier_balanced_b_class_V0.1', 'img_preprocess_task__1', 'manual__2025-06-23T06:58:09.542610+00:00', '--job-id', '3408', '--raw', '--subdir', 'DAGS_FOLDER/class_create_dag_b_class.py', '--cfg-path', '/tmp/tmpl1mvbwce', '--map-index', '51']
[2025-06-23T16:28:57.352+0900] {standard_task_runner.py:105} INFO - Job 3408: Subtask img_preprocess_task__1
[2025-06-23T16:28:57.316+0900] {warnings.py:112} WARNING - /home/***/.local/lib/python3.12/site-packages/***/task/task_runner/standard_task_runner.py:70: DeprecationWarning: This process (pid=7929) is multi-threaded, use of fork() may lead to deadlocks in the child.
  pid = os.fork()

[2025-06-23T16:28:57.358+0900] {standard_task_runner.py:72} INFO - Started process 7938 to run task
[2025-06-23T16:28:57.567+0900] {task_command.py:467} INFO - Running <TaskInstance: lilt_document_classifier_balanced_b_class_V0.1.img_preprocess_task__1 manual__2025-06-23T06:58:09.542610+00:00 map_index=51 [running]> on host f6d4228a9eb8
[2025-06-23T16:28:57.769+0900] {taskinstance.py:3134} INFO - Exporting env vars: AIRFLOW_CTX_DAG_OWNER='***' AIRFLOW_CTX_DAG_ID='lilt_document_classifier_balanced_b_class_V0.1' AIRFLOW_CTX_TASK_ID='img_preprocess_task__1' AIRFLOW_CTX_EXECUTION_DATE='2025-06-23T06:58:09.542610+00:00' AIRFLOW_CTX_TRY_NUMBER='1' AIRFLOW_CTX_DAG_RUN_ID='manual__2025-06-23T06:58:09.542610+00:00'
[2025-06-23T16:28:57.773+0900] {taskinstance.py:732} INFO - ::endgroup::
[2025-06-23T16:28:57.779+0900] {logging_mixin.py:190} INFO - empty map check {} {'process_id': '_48dc2e3b-5686-438b-945d-aa44f827c24b_pre', 'folder_path': 'c0fe2bd2-f2c2-43d0-831c-efc1bab89e62/48dc2e3b-5686-438b-945d-aa44f827c24b', 'step_list': [{'name': 'cache', 'param': {'key': 'origin'}}, {'name': 'calc_angle_set2', 'param': {'key': 'angle1', 'iterations': 4, 'iter_save': False}}, {'name': 'text_orientation_set', 'param': {'key': 'angle2', 'iterations': 4, 'iter_save': False}}, {'name': 'load', 'param': {'key': 'origin'}}, {'name': 'rotate', 'param': {'key': 'angle1'}}, {'name': 'rotate', 'param': {'key': 'angle2'}}], 'result_file_map': {}}
[2025-06-23T16:28:57.785+0900] {logging_mixin.py:190} INFO - step : cache
[2025-06-23T16:28:57.790+0900] {logging_mixin.py:190} INFO - step : calc_angle_set2
[2025-06-23T16:29:03.589+0900] {logging_mixin.py:190} INFO - osd 1 0.0 0.0 20 3487 [1020, 1090, 1025, 1324, 1326, 1346, 1214, 1562, 1694, 1409, 1661, 1852, 2320, 1987, 2432, 2439, 2837, 2916, 2880, 3044, 3487, 2570, 2695, 2553, 2512, 2194, 1981, 1805, 1813, 1797, 1570, 1600, 1311, 1225, 1330, 1089, 1210, 1039, 979, 1105, 829]
[2025-06-23T16:29:12.905+0900] {logging_mixin.py:190} INFO - osd 2 0.0 0.0 20 3487 [1020, 1090, 1025, 1324, 1326, 1346, 1214, 1562, 1694, 1409, 1661, 1852, 2320, 1987, 2432, 2439, 2837, 2916, 2880, 3044, 3487, 2570, 2695, 2553, 2512, 2194, 1981, 1805, 1813, 1797, 1570, 1600, 1311, 1225, 1330, 1089, 1210, 1039, 979, 1105, 829]
[2025-06-23T16:29:18.289+0900] {logging_mixin.py:190} INFO - osd 3 0.0 0.0 20 3487 [1020, 1090, 1025, 1324, 1326, 1346, 1214, 1562, 1694, 1409, 1661, 1852, 2320, 1987, 2432, 2439, 2837, 2916, 2880, 3044, 3487, 2570, 2695, 2553, 2512, 2194, 1981, 1805, 1813, 1797, 1570, 1600, 1311, 1225, 1330, 1089, 1210, 1039, 979, 1105, 829]
[2025-06-23T16:29:24.519+0900] {logging_mixin.py:190} INFO - osd 4 0.0 0.0 20 3487 [1020, 1090, 1025, 1324, 1326, 1346, 1214, 1562, 1694, 1409, 1661, 1852, 2320, 1987, 2432, 2439, 2837, 2916, 2880, 3044, 3487, 2570, 2695, 2553, 2512, 2194, 1981, 1805, 1813, 1797, 1570, 1600, 1311, 1225, 1330, 1089, 1210, 1039, 979, 1105, 829]
[2025-06-23T16:29:24.551+0900] {logging_mixin.py:190} INFO - step : text_orientation_set
[2025-06-23T16:29:35.854+0900] {logging_mixin.py:190} INFO - osd 1 break  0 0 3.16 Cyrillic 1.78
[2025-06-23T16:29:35.855+0900] {logging_mixin.py:190} INFO - step : load
[2025-06-23T16:29:35.870+0900] {logging_mixin.py:190} INFO - step : rotate
[2025-06-23T16:29:35.901+0900] {logging_mixin.py:190} INFO - step : rotate
[2025-06-23T16:29:36.026+0900] {logging_mixin.py:190} INFO - file_copy: /opt/***/data/temp/c0fe2bd2-f2c2-43d0-831c-efc1bab89e62/48dc2e3b-5686-438b-945d-aa44f827c24b/_result.png
[2025-06-23T16:29:36.046+0900] {python.py:240} INFO - Done. Returned value was: {'file_id': 'c0fe2bd2-f2c2-43d0-831c-efc1bab89e62', 'file_path': '/opt/***/data/class/b_class/classify/ready/false/copied_77_2029226568.png', 'false': {'process_id': '_48dc2e3b-5686-438b-945d-aa44f827c24b_pre', 'folder_path': 'c0fe2bd2-f2c2-43d0-831c-efc1bab89e62/48dc2e3b-5686-438b-945d-aa44f827c24b', 'step_list': [{'name': 'cache', 'param': {'key': 'origin'}}, {'name': 'calc_angle_set2', 'param': {'key': 'angle1', 'iterations': 4, 'iter_save': False}}, {'name': 'text_orientation_set', 'param': {'key': 'angle2', 'iterations': 4, 'iter_save': False}}, {'name': 'load', 'param': {'key': 'origin'}}, {'name': 'rotate', 'param': {'key': 'angle1'}}, {'name': 'rotate', 'param': {'key': 'angle2'}}], 'result_file_map': {'_result': '/opt/***/data/temp/c0fe2bd2-f2c2-43d0-831c-efc1bab89e62/48dc2e3b-5686-438b-945d-aa44f827c24b/_result.png'}}}
[2025-06-23T16:29:36.105+0900] {taskinstance.py:341} INFO - ::group::Post task execution logs
[2025-06-23T16:29:36.106+0900] {taskinstance.py:353} INFO - Marking task as SUCCESS. dag_id=lilt_document_classifier_balanced_b_class_V0.1, task_id=img_preprocess_task__1, run_id=manual__2025-06-23T06:58:09.542610+00:00, map_index=51, execution_date=20250623T065809, start_date=20250623T072857, end_date=20250623T072936
[2025-06-23T16:29:36.277+0900] {local_task_job_runner.py:266} INFO - Task exited with return code 0
[2025-06-23T16:29:36.394+0900] {taskinstance.py:3901} INFO - 0 downstream tasks scheduled from follow-on schedule check
[2025-06-23T16:29:36.409+0900] {local_task_job_runner.py:245} INFO - ::endgroup::
