[2025-06-24T16:12:42.886+0900] {local_task_job_runner.py:123} INFO - ::group::Pre task execution logs
[2025-06-24T16:12:43.058+0900] {taskinstance.py:2614} INFO - Dependencies all met for dep_context=non-requeueable deps ti=<TaskInstance: lilt_document_classifier_balanced_V0.1.img_preprocess_task__1 manual__2025-06-24T06:53:42.323966+00:00 map_index=90 [queued]>
[2025-06-24T16:12:43.169+0900] {taskinstance.py:2614} INFO - Dependencies all met for dep_context=requeueable deps ti=<TaskInstance: lilt_document_classifier_balanced_V0.1.img_preprocess_task__1 manual__2025-06-24T06:53:42.323966+00:00 map_index=90 [queued]>
[2025-06-24T16:12:43.171+0900] {taskinstance.py:2867} INFO - Starting attempt 1 of 1
[2025-06-24T16:12:43.234+0900] {taskinstance.py:2890} INFO - Executing <Mapped(_PythonDecoratedOperator): img_preprocess_task__1> on 2025-06-24 06:53:42.323966+00:00
[2025-06-24T16:12:43.255+0900] {warnings.py:112} WARNING - /home/***/.local/lib/python3.12/site-packages/***/task/task_runner/standard_task_runner.py:70: DeprecationWarning: This process (pid=51124) is multi-threaded, use of fork() may lead to deadlocks in the child.
  pid = os.fork()

[2025-06-24T16:12:43.266+0900] {standard_task_runner.py:72} INFO - Started process 51141 to run task
[2025-06-24T16:12:43.265+0900] {standard_task_runner.py:104} INFO - Running: ['***', 'tasks', 'run', 'lilt_document_classifier_balanced_V0.1', 'img_preprocess_task__1', 'manual__2025-06-24T06:53:42.323966+00:00', '--job-id', '4400', '--raw', '--subdir', 'DAGS_FOLDER/class_create_dag.py', '--cfg-path', '/tmp/tmpfr2w1vuk', '--map-index', '90']
[2025-06-24T16:12:43.276+0900] {standard_task_runner.py:105} INFO - Job 4400: Subtask img_preprocess_task__1
[2025-06-24T16:12:43.387+0900] {task_command.py:467} INFO - Running <TaskInstance: lilt_document_classifier_balanced_V0.1.img_preprocess_task__1 manual__2025-06-24T06:53:42.323966+00:00 map_index=90 [running]> on host f6d4228a9eb8
[2025-06-24T16:12:43.752+0900] {taskinstance.py:3134} INFO - Exporting env vars: AIRFLOW_CTX_DAG_OWNER='***' AIRFLOW_CTX_DAG_ID='lilt_document_classifier_balanced_V0.1' AIRFLOW_CTX_TASK_ID='img_preprocess_task__1' AIRFLOW_CTX_EXECUTION_DATE='2025-06-24T06:53:42.323966+00:00' AIRFLOW_CTX_TRY_NUMBER='1' AIRFLOW_CTX_DAG_RUN_ID='manual__2025-06-24T06:53:42.323966+00:00'
[2025-06-24T16:12:43.755+0900] {taskinstance.py:732} INFO - ::endgroup::
[2025-06-24T16:12:43.767+0900] {logging_mixin.py:190} INFO - empty map check {} {'process_id': '_80a75405-9069-4029-acdc-58014ff0ff0a_pre', 'folder_path': '1f29647f-092d-468c-b761-81afcd016f5a/80a75405-9069-4029-acdc-58014ff0ff0a', 'step_list': [{'name': 'cache', 'param': {'key': 'origin'}}, {'name': 'calc_angle_set2', 'param': {'key': 'angle1', 'iterations': 4, 'iter_save': False}}, {'name': 'text_orientation_set', 'param': {'key': 'angle2', 'iterations': 4, 'iter_save': False}}, {'name': 'load', 'param': {'key': 'origin'}}, {'name': 'rotate', 'param': {'key': 'angle1'}}, {'name': 'rotate', 'param': {'key': 'angle2'}}], 'result_file_map': {}}
[2025-06-24T16:12:43.771+0900] {logging_mixin.py:190} INFO - step : cache
[2025-06-24T16:12:43.774+0900] {logging_mixin.py:190} INFO - step : calc_angle_set2
[2025-06-24T16:12:49.107+0900] {logging_mixin.py:190} INFO - osd 1 0.0 0.0 20 40768 [983, 1219, 1237, 1479, 1895, 2059, 2935, 3355, 3841, 5023, 6448, 8994, 11447, 14047, 16855, 19555, 22557, 26221, 31374, 36468, 40768, 37123, 32289, 27154, 23416, 20667, 17458, 14701, 12138, 9278, 7058, 5360, 4301, 3475, 3072, 2452, 1910, 1610, 1424, 1186, 984]
[2025-06-24T16:12:54.567+0900] {logging_mixin.py:190} INFO - osd 2 0.0 0.0 20 40768 [983, 1219, 1237, 1479, 1895, 2059, 2935, 3355, 3841, 5023, 6448, 8994, 11447, 14047, 16855, 19555, 22557, 26221, 31374, 36468, 40768, 37123, 32289, 27154, 23416, 20667, 17458, 14701, 12138, 9278, 7058, 5360, 4301, 3475, 3072, 2452, 1910, 1610, 1424, 1186, 984]
[2025-06-24T16:13:00.773+0900] {logging_mixin.py:190} INFO - osd 3 0.0 0.0 20 40768 [983, 1219, 1237, 1479, 1895, 2059, 2935, 3355, 3841, 5023, 6448, 8994, 11447, 14047, 16855, 19555, 22557, 26221, 31374, 36468, 40768, 37123, 32289, 27154, 23416, 20667, 17458, 14701, 12138, 9278, 7058, 5360, 4301, 3475, 3072, 2452, 1910, 1610, 1424, 1186, 984]
[2025-06-24T16:13:05.821+0900] {logging_mixin.py:190} INFO - osd 4 0.0 0.0 20 40768 [983, 1219, 1237, 1479, 1895, 2059, 2935, 3355, 3841, 5023, 6448, 8994, 11447, 14047, 16855, 19555, 22557, 26221, 31374, 36468, 40768, 37123, 32289, 27154, 23416, 20667, 17458, 14701, 12138, 9278, 7058, 5360, 4301, 3475, 3072, 2452, 1910, 1610, 1424, 1186, 984]
[2025-06-24T16:13:05.851+0900] {logging_mixin.py:190} INFO - step : text_orientation_set
[2025-06-24T16:13:19.381+0900] {logging_mixin.py:190} INFO - osd 1 break  0 0 1.96 Latin 4.67
[2025-06-24T16:13:19.384+0900] {logging_mixin.py:190} INFO - step : load
[2025-06-24T16:13:19.392+0900] {logging_mixin.py:190} INFO - step : rotate
[2025-06-24T16:13:19.422+0900] {logging_mixin.py:190} INFO - step : rotate
[2025-06-24T16:13:19.869+0900] {logging_mixin.py:190} INFO - file_copy: /opt/***/data/temp/1f29647f-092d-468c-b761-81afcd016f5a/80a75405-9069-4029-acdc-58014ff0ff0a/_result.png
[2025-06-24T16:13:19.899+0900] {python.py:240} INFO - Done. Returned value was: {'file_id': '1f29647f-092d-468c-b761-81afcd016f5a', 'file_path': '/opt/***/data/class/a_class/classify/ready/false/copied_60_80316915.png', 'false': {'process_id': '_80a75405-9069-4029-acdc-58014ff0ff0a_pre', 'folder_path': '1f29647f-092d-468c-b761-81afcd016f5a/80a75405-9069-4029-acdc-58014ff0ff0a', 'step_list': [{'name': 'cache', 'param': {'key': 'origin'}}, {'name': 'calc_angle_set2', 'param': {'key': 'angle1', 'iterations': 4, 'iter_save': False}}, {'name': 'text_orientation_set', 'param': {'key': 'angle2', 'iterations': 4, 'iter_save': False}}, {'name': 'load', 'param': {'key': 'origin'}}, {'name': 'rotate', 'param': {'key': 'angle1'}}, {'name': 'rotate', 'param': {'key': 'angle2'}}], 'result_file_map': {'_result': '/opt/***/data/temp/1f29647f-092d-468c-b761-81afcd016f5a/80a75405-9069-4029-acdc-58014ff0ff0a/_result.png'}}}
[2025-06-24T16:13:19.962+0900] {taskinstance.py:341} INFO - ::group::Post task execution logs
[2025-06-24T16:13:19.966+0900] {taskinstance.py:353} INFO - Marking task as SUCCESS. dag_id=lilt_document_classifier_balanced_V0.1, task_id=img_preprocess_task__1, run_id=manual__2025-06-24T06:53:42.323966+00:00, map_index=90, execution_date=20250624T065342, start_date=20250624T071243, end_date=20250624T071319
[2025-06-24T16:13:20.169+0900] {local_task_job_runner.py:266} INFO - Task exited with return code 0
[2025-06-24T16:13:20.289+0900] {taskinstance.py:3901} INFO - 0 downstream tasks scheduled from follow-on schedule check
[2025-06-24T16:13:20.296+0900] {local_task_job_runner.py:245} INFO - ::endgroup::
