[2025-06-23T10:27:38.181+0900] {local_task_job_runner.py:123} INFO - ::group::Pre task execution logs
[2025-06-23T10:27:38.265+0900] {taskinstance.py:2614} INFO - Dependencies all met for dep_context=non-requeueable deps ti=<TaskInstance: lilt_document_classifier_balanced_V0.1.img_preprocess_task manual__2025-06-23T01:24:40.043171+00:00 map_index=42 [queued]>
[2025-06-23T10:27:38.338+0900] {taskinstance.py:2614} INFO - Dependencies all met for dep_context=requeueable deps ti=<TaskInstance: lilt_document_classifier_balanced_V0.1.img_preprocess_task manual__2025-06-23T01:24:40.043171+00:00 map_index=42 [queued]>
[2025-06-23T10:27:38.342+0900] {taskinstance.py:2867} INFO - Starting attempt 1 of 1
[2025-06-23T10:27:38.397+0900] {taskinstance.py:2890} INFO - Executing <Mapped(_PythonDecoratedOperator): img_preprocess_task> on 2025-06-23 01:24:40.043171+00:00
[2025-06-23T10:27:38.432+0900] {warnings.py:112} WARNING - /home/***/.local/lib/python3.12/site-packages/***/task/task_runner/standard_task_runner.py:70: DeprecationWarning: This process (pid=86635) is multi-threaded, use of fork() may lead to deadlocks in the child.
  pid = os.fork()

[2025-06-23T10:27:38.434+0900] {standard_task_runner.py:104} INFO - Running: ['***', 'tasks', 'run', 'lilt_document_classifier_balanced_V0.1', 'img_preprocess_task', 'manual__2025-06-23T01:24:40.043171+00:00', '--job-id', '2169', '--raw', '--subdir', 'DAGS_FOLDER/class_create_dag.py', '--cfg-path', '/tmp/tmpu_5ohuc5', '--map-index', '42']
[2025-06-23T10:27:38.441+0900] {standard_task_runner.py:72} INFO - Started process 86705 to run task
[2025-06-23T10:27:38.444+0900] {standard_task_runner.py:105} INFO - Job 2169: Subtask img_preprocess_task
[2025-06-23T10:27:38.615+0900] {task_command.py:467} INFO - Running <TaskInstance: lilt_document_classifier_balanced_V0.1.img_preprocess_task manual__2025-06-23T01:24:40.043171+00:00 map_index=42 [running]> on host f6d4228a9eb8
[2025-06-23T10:27:38.849+0900] {taskinstance.py:3134} INFO - Exporting env vars: AIRFLOW_CTX_DAG_OWNER='***' AIRFLOW_CTX_DAG_ID='lilt_document_classifier_balanced_V0.1' AIRFLOW_CTX_TASK_ID='img_preprocess_task' AIRFLOW_CTX_EXECUTION_DATE='2025-06-23T01:24:40.043171+00:00' AIRFLOW_CTX_TRY_NUMBER='1' AIRFLOW_CTX_DAG_RUN_ID='manual__2025-06-23T01:24:40.043171+00:00'
[2025-06-23T10:27:38.852+0900] {taskinstance.py:732} INFO - ::endgroup::
[2025-06-23T10:27:38.867+0900] {logging_mixin.py:190} INFO - empty map check {} {'process_id': '_2f341d74-19eb-4c24-9008-932902e4ae99_pre', 'folder_path': 'c577bbc2-1d1b-4805-b534-3c6c8d9f2136/2f341d74-19eb-4c24-9008-932902e4ae99', 'step_list': [{'name': 'cache', 'param': {'key': 'origin'}}, {'name': 'calc_angle_set1', 'param': {'key': 'angle1', 'iterations': 4, 'iter_save': False}}, {'name': 'text_orientation_set', 'param': {'key': 'angle2', 'iterations': 4, 'iter_save': False}}, {'name': 'load', 'param': {'key': 'origin'}}, {'name': 'rotate', 'param': {'key': 'angle1'}}, {'name': 'rotate', 'param': {'key': 'angle2'}}], 'result_file_map': {}}
[2025-06-23T10:27:38.877+0900] {logging_mixin.py:190} INFO - step : cache
[2025-06-23T10:27:38.882+0900] {logging_mixin.py:190} INFO - step : calc_angle_set1
[2025-06-23T10:27:39.541+0900] {logging_mixin.py:190} INFO - step : text_orientation_set
[2025-06-23T10:28:02.417+0900] {logging_mixin.py:190} INFO - osd 1 break  0 0 3.86 Korean 0.41
[2025-06-23T10:28:02.419+0900] {logging_mixin.py:190} INFO - step : load
[2025-06-23T10:28:02.423+0900] {logging_mixin.py:190} INFO - step : rotate
[2025-06-23T10:28:02.602+0900] {logging_mixin.py:190} INFO - step : rotate
[2025-06-23T10:28:03.025+0900] {logging_mixin.py:190} INFO - file_copy: /opt/***/data/temp/c577bbc2-1d1b-4805-b534-3c6c8d9f2136/2f341d74-19eb-4c24-9008-932902e4ae99/_result.png
[2025-06-23T10:28:03.051+0900] {python.py:240} INFO - Done. Returned value was: {'file_id': 'c577bbc2-1d1b-4805-b534-3c6c8d9f2136', 'file_path': '/opt/***/data/class/a_class/classify/ready/true/역촌동 만민빌딩 - 정부24 - 건축물대장 등본(초본) 발급(열람) _ 문서출력_page_1_aug0.png', 'true': {'process_id': '_2f341d74-19eb-4c24-9008-932902e4ae99_pre', 'folder_path': 'c577bbc2-1d1b-4805-b534-3c6c8d9f2136/2f341d74-19eb-4c24-9008-932902e4ae99', 'step_list': [{'name': 'cache', 'param': {'key': 'origin'}}, {'name': 'calc_angle_set1', 'param': {'key': 'angle1', 'iterations': 4, 'iter_save': False}}, {'name': 'text_orientation_set', 'param': {'key': 'angle2', 'iterations': 4, 'iter_save': False}}, {'name': 'load', 'param': {'key': 'origin'}}, {'name': 'rotate', 'param': {'key': 'angle1'}}, {'name': 'rotate', 'param': {'key': 'angle2'}}], 'result_file_map': {'_result': '/opt/***/data/temp/c577bbc2-1d1b-4805-b534-3c6c8d9f2136/2f341d74-19eb-4c24-9008-932902e4ae99/_result.png'}}}
[2025-06-23T10:28:03.153+0900] {taskinstance.py:341} INFO - ::group::Post task execution logs
[2025-06-23T10:28:03.158+0900] {taskinstance.py:353} INFO - Marking task as SUCCESS. dag_id=lilt_document_classifier_balanced_V0.1, task_id=img_preprocess_task, run_id=manual__2025-06-23T01:24:40.043171+00:00, map_index=42, execution_date=20250623T012440, start_date=20250623T012738, end_date=20250623T012803
[2025-06-23T10:28:03.439+0900] {local_task_job_runner.py:266} INFO - Task exited with return code 0
[2025-06-23T10:28:03.486+0900] {standard_task_runner.py:217} INFO - Process not found (most likely exited), stop collecting metrics
[2025-06-23T10:28:03.751+0900] {taskinstance.py:3901} INFO - 0 downstream tasks scheduled from follow-on schedule check
[2025-06-23T10:28:03.772+0900] {local_task_job_runner.py:245} INFO - ::endgroup::
