[2025-06-25T18:42:46.046+0900] {local_task_job_runner.py:123} INFO - ::group::Pre task execution logs
[2025-06-25T18:42:46.123+0900] {taskinstance.py:2614} INFO - Dependencies all met for dep_context=non-requeueable deps ti=<TaskInstance: lilt_document_classifier_balanced_V0.1.img_preprocess_task manual__2025-06-25T09:28:52.715795+00:00 map_index=83 [queued]>
[2025-06-25T18:42:46.161+0900] {taskinstance.py:2614} INFO - Dependencies all met for dep_context=requeueable deps ti=<TaskInstance: lilt_document_classifier_balanced_V0.1.img_preprocess_task manual__2025-06-25T09:28:52.715795+00:00 map_index=83 [queued]>
[2025-06-25T18:42:46.165+0900] {taskinstance.py:2867} INFO - Starting attempt 1 of 1
[2025-06-25T18:42:46.194+0900] {taskinstance.py:2890} INFO - Executing <Mapped(_PythonDecoratedOperator): img_preprocess_task> on 2025-06-25 09:28:52.715795+00:00
[2025-06-25T18:42:46.232+0900] {standard_task_runner.py:104} INFO - Running: ['***', 'tasks', 'run', 'lilt_document_classifier_balanced_V0.1', 'img_preprocess_task', 'manual__2025-06-25T09:28:52.715795+00:00', '--job-id', '5497', '--raw', '--subdir', 'DAGS_FOLDER/class_create_dag.py', '--cfg-path', '/tmp/tmp8_h43cnq', '--map-index', '83']
[2025-06-25T18:42:46.228+0900] {warnings.py:112} WARNING - /home/***/.local/lib/python3.12/site-packages/***/task/task_runner/standard_task_runner.py:70: DeprecationWarning: This process (pid=4094) is multi-threaded, use of fork() may lead to deadlocks in the child.
  pid = os.fork()

[2025-06-25T18:42:46.243+0900] {standard_task_runner.py:105} INFO - Job 5497: Subtask img_preprocess_task
[2025-06-25T18:42:46.244+0900] {standard_task_runner.py:72} INFO - Started process 4171 to run task
[2025-06-25T18:42:46.336+0900] {task_command.py:467} INFO - Running <TaskInstance: lilt_document_classifier_balanced_V0.1.img_preprocess_task manual__2025-06-25T09:28:52.715795+00:00 map_index=83 [running]> on host f6d4228a9eb8
[2025-06-25T18:42:48.597+0900] {taskinstance.py:3134} INFO - Exporting env vars: AIRFLOW_CTX_DAG_OWNER='***' AIRFLOW_CTX_DAG_ID='lilt_document_classifier_balanced_V0.1' AIRFLOW_CTX_TASK_ID='img_preprocess_task' AIRFLOW_CTX_EXECUTION_DATE='2025-06-25T09:28:52.715795+00:00' AIRFLOW_CTX_TRY_NUMBER='1' AIRFLOW_CTX_DAG_RUN_ID='manual__2025-06-25T09:28:52.715795+00:00'
[2025-06-25T18:42:48.602+0900] {taskinstance.py:732} INFO - ::endgroup::
[2025-06-25T18:42:48.606+0900] {logging_mixin.py:190} INFO - empty map check {} {}
[2025-06-25T18:42:48.617+0900] {logging_mixin.py:190} INFO - step : cache
[2025-06-25T18:42:48.618+0900] {logging_mixin.py:190} INFO - step : calc_angle_set2
[2025-06-25T18:42:57.668+0900] {logging_mixin.py:190} INFO - osd 1 0 0 5 25 [0, 0, 0, 0, 0, 25, 18, 0, 0, 0, 0]
[2025-06-25T18:43:04.532+0900] {logging_mixin.py:190} INFO - osd 2 0 0 5 25 [0, 0, 0, 0, 0, 25, 18, 0, 0, 0, 0]
[2025-06-25T18:43:04.617+0900] {logging_mixin.py:190} INFO - step : calc_angle_set2
[2025-06-25T18:43:12.539+0900] {logging_mixin.py:190} INFO - osd 1 2.0 2.0 10 203023 [0, 0, 0, 8, 20, 19, 31, 24, 25, 34279, 203023, 37843, 22, 19, 30, 21, 18]
[2025-06-25T18:43:25.252+0900] {logging_mixin.py:190} INFO - osd 2 2.0 0.0 8 200157 [0, 0, 0, 0, 0, 0, 0, 31423, 200157, 34979, 0, 0, 0, 0, 0, 0, 0]
[2025-06-25T18:43:25.502+0900] {logging_mixin.py:190} INFO - step : calc_angle_set2
[2025-06-25T18:43:39.967+0900] {logging_mixin.py:190} INFO - osd 1 0.0 0.0 8 200157 [31423, 43431, 55789, 67903, 79944, 92001, 119373, 161247, 200157, 175830, 133653, 96609, 83934, 71993, 59513, 47382, 34979]
[2025-06-25T18:43:46.305+0900] {logging_mixin.py:190} INFO - osd 2 0.0 0.0 8 200157 [31423, 43431, 55789, 67903, 79944, 92001, 119373, 161247, 200157, 175830, 133653, 96609, 83934, 71993, 59513, 47382, 34979]
[2025-06-25T18:43:46.437+0900] {logging_mixin.py:190} INFO - step : text_orientation_set
[2025-06-25T18:43:57.717+0900] {logging_mixin.py:190} INFO - osd 1 break  0 0 3.54 Korean 1.37
[2025-06-25T18:43:58.293+0900] {logging_mixin.py:190} INFO - file_copy: /opt/***/data/temp/ca673f0b-8003-4245-a1bb-69846b887945/fe8ee642-2bb6-45a7-ac14-e8244d2ac789/_result.png
[2025-06-25T18:43:58.331+0900] {python.py:240} INFO - Done. Returned value was: {'file_id': 'ca673f0b-8003-4245-a1bb-69846b887945', 'file_path': '/opt/***/data/class/a_class/classify/ready/true/동선동 나성빌딩 - 정부24 - 건축물대장 등본(초본) 발급(열람) _ 문서출력_page_1_aug1.png', 'true': {'process_id': '_fe8ee642-2bb6-45a7-ac14-e8244d2ac789_pre', 'folder_path': 'ca673f0b-8003-4245-a1bb-69846b887945/fe8ee642-2bb6-45a7-ac14-e8244d2ac789', 'step_list': [{'name': 'cache', 'param': {'cache_key': 'origin'}}, {'name': 'calc_angle_set2', 'param': {'angle_key': 'angle2_1', 'delta': 8.0, 'limit': 40, 'iterations': 2, 'iter_save': False}}, {'name': 'calc_angle_set2', 'param': {'angle_key': 'angle2_2', 'delta': 1.0, 'limit': 8, 'iterations': 2, 'iter_save': False}}, {'name': 'calc_angle_set2', 'param': {'angle_key': 'angle2_3', 'delta': 0.125, 'limit': 1, 'iterations': 2, 'iter_save': False}}, {'name': 'text_orientation_set', 'param': {'angle_key': 'orint', 'iterations': 3, 'iter_save': False}}], 'result_file_map': {'_result': '/opt/***/data/temp/ca673f0b-8003-4245-a1bb-69846b887945/fe8ee642-2bb6-45a7-ac14-e8244d2ac789/_result.png'}}}
[2025-06-25T18:43:58.389+0900] {taskinstance.py:341} INFO - ::group::Post task execution logs
[2025-06-25T18:43:58.390+0900] {taskinstance.py:353} INFO - Marking task as SUCCESS. dag_id=lilt_document_classifier_balanced_V0.1, task_id=img_preprocess_task, run_id=manual__2025-06-25T09:28:52.715795+00:00, map_index=83, execution_date=20250625T092852, start_date=20250625T094246, end_date=20250625T094358
[2025-06-25T18:43:58.662+0900] {local_task_job_runner.py:266} INFO - Task exited with return code 0
[2025-06-25T18:43:58.741+0900] {taskinstance.py:3901} INFO - 0 downstream tasks scheduled from follow-on schedule check
[2025-06-25T18:43:58.746+0900] {local_task_job_runner.py:245} INFO - ::endgroup::
