[2025-06-23T10:58:34.431+0900] {local_task_job_runner.py:123} INFO - ::group::Pre task execution logs
[2025-06-23T10:58:34.550+0900] {taskinstance.py:2614} INFO - Dependencies all met for dep_context=non-requeueable deps ti=<TaskInstance: lilt_document_classifier_balanced_V0.1.img_preprocess_task__1 manual__2025-06-23T01:55:15.838468+00:00 map_index=50 [queued]>
[2025-06-23T10:58:34.622+0900] {taskinstance.py:2614} INFO - Dependencies all met for dep_context=requeueable deps ti=<TaskInstance: lilt_document_classifier_balanced_V0.1.img_preprocess_task__1 manual__2025-06-23T01:55:15.838468+00:00 map_index=50 [queued]>
[2025-06-23T10:58:34.628+0900] {taskinstance.py:2867} INFO - Starting attempt 1 of 1
[2025-06-23T10:58:34.664+0900] {taskinstance.py:2890} INFO - Executing <Mapped(_PythonDecoratedOperator): img_preprocess_task__1> on 2025-06-23 01:55:15.838468+00:00
[2025-06-23T10:58:34.798+0900] {standard_task_runner.py:104} INFO - Running: ['***', 'tasks', 'run', 'lilt_document_classifier_balanced_V0.1', 'img_preprocess_task__1', 'manual__2025-06-23T01:55:15.838468+00:00', '--job-id', '2384', '--raw', '--subdir', 'DAGS_FOLDER/class_create_dag.py', '--cfg-path', '/tmp/tmpm40xvxxu', '--map-index', '50']
[2025-06-23T10:58:34.813+0900] {standard_task_runner.py:105} INFO - Job 2384: Subtask img_preprocess_task__1
[2025-06-23T10:58:34.794+0900] {warnings.py:112} WARNING - /home/***/.local/lib/python3.12/site-packages/***/task/task_runner/standard_task_runner.py:70: DeprecationWarning: This process (pid=91031) is multi-threaded, use of fork() may lead to deadlocks in the child.
  pid = os.fork()

[2025-06-23T10:58:34.863+0900] {standard_task_runner.py:72} INFO - Started process 91147 to run task
[2025-06-23T10:58:34.935+0900] {task_command.py:467} INFO - Running <TaskInstance: lilt_document_classifier_balanced_V0.1.img_preprocess_task__1 manual__2025-06-23T01:55:15.838468+00:00 map_index=50 [running]> on host f6d4228a9eb8
[2025-06-23T10:58:35.213+0900] {taskinstance.py:3134} INFO - Exporting env vars: AIRFLOW_CTX_DAG_OWNER='***' AIRFLOW_CTX_DAG_ID='lilt_document_classifier_balanced_V0.1' AIRFLOW_CTX_TASK_ID='img_preprocess_task__1' AIRFLOW_CTX_EXECUTION_DATE='2025-06-23T01:55:15.838468+00:00' AIRFLOW_CTX_TRY_NUMBER='1' AIRFLOW_CTX_DAG_RUN_ID='manual__2025-06-23T01:55:15.838468+00:00'
[2025-06-23T10:58:35.218+0900] {taskinstance.py:732} INFO - ::endgroup::
[2025-06-23T10:58:35.222+0900] {logging_mixin.py:190} INFO - empty map check {} {'process_id': '_b7e0b895-3386-4e93-86e7-3412a26021ca_pre', 'folder_path': '99b61653-c66f-4b74-830e-502e5959cbd4/b7e0b895-3386-4e93-86e7-3412a26021ca', 'step_list': [{'name': 'cache', 'param': {'key': 'origin'}}, {'name': 'calc_angle_set1', 'param': {'key': 'angle1', 'iterations': 4, 'iter_save': False}}, {'name': 'text_orientation_set', 'param': {'key': 'angle2', 'iterations': 4, 'iter_save': False}}, {'name': 'load', 'param': {'key': 'origin'}}, {'name': 'rotate', 'param': {'key': 'angle1'}}, {'name': 'rotate', 'param': {'key': 'angle2'}}], 'result_file_map': {}}
[2025-06-23T10:58:35.223+0900] {logging_mixin.py:190} INFO - step : cache
[2025-06-23T10:58:35.223+0900] {logging_mixin.py:190} INFO - step : calc_angle_set1
[2025-06-23T10:58:35.240+0900] {logging_mixin.py:190} INFO - angle1 :  0 90.36108268404314 179.87571433916165 180.0633802612199 1.505236135791056 0.0
[2025-06-23T10:58:35.308+0900] {logging_mixin.py:190} INFO - angle2 :  90.36108268404314 90.00031045617871 89.683451952727 89.5650078624994 91.08882378395147 89.663958225537
[2025-06-23T10:58:35.375+0900] {logging_mixin.py:190} INFO - angle3 :  180.36139314022185 89.58950452931944 179.62014404378624 179.49409015029585 -0.42066629953778095 -0.3355497772665525
[2025-06-23T10:58:35.483+0900] {logging_mixin.py:190} INFO - angle4 :  269.9508976695413 89.89428186344297 89.49409015029586 90.0 90.0 90.08303730347605
[2025-06-23T10:58:35.559+0900] {logging_mixin.py:190} INFO - step : text_orientation_set
[2025-06-23T10:58:43.263+0900] {logging_mixin.py:190} INFO - osd 1 180 180 0.37 Arabic 0.0
[2025-06-23T10:58:47.281+0900] {logging_mixin.py:190} INFO - Tesseract OSD Error: (1, 'Estimating resolution as 108 Warning. Invalid resolution 0 dpi. Using 70 instead. Too few characters. Skipping this page Error during processing.')
[2025-06-23T10:58:47.282+0900] {logging_mixin.py:190} INFO - step : load
[2025-06-23T10:58:47.287+0900] {logging_mixin.py:190} INFO - step : rotate
[2025-06-23T10:58:47.370+0900] {logging_mixin.py:190} INFO - step : rotate
[2025-06-23T10:58:47.477+0900] {logging_mixin.py:190} INFO - file_copy: /opt/***/data/temp/99b61653-c66f-4b74-830e-502e5959cbd4/b7e0b895-3386-4e93-86e7-3412a26021ca/_result.png
[2025-06-23T10:58:47.499+0900] {python.py:240} INFO - Done. Returned value was: {'file_id': '99b61653-c66f-4b74-830e-502e5959cbd4', 'file_path': '/opt/***/data/class/a_class/classify/ready/false/copied_80_2501660726.png', 'false': {'process_id': '_b7e0b895-3386-4e93-86e7-3412a26021ca_pre', 'folder_path': '99b61653-c66f-4b74-830e-502e5959cbd4/b7e0b895-3386-4e93-86e7-3412a26021ca', 'step_list': [{'name': 'cache', 'param': {'key': 'origin'}}, {'name': 'calc_angle_set1', 'param': {'key': 'angle1', 'iterations': 4, 'iter_save': False}}, {'name': 'text_orientation_set', 'param': {'key': 'angle2', 'iterations': 4, 'iter_save': False}}, {'name': 'load', 'param': {'key': 'origin'}}, {'name': 'rotate', 'param': {'key': 'angle1'}}, {'name': 'rotate', 'param': {'key': 'angle2'}}], 'result_file_map': {'_result': '/opt/***/data/temp/99b61653-c66f-4b74-830e-502e5959cbd4/b7e0b895-3386-4e93-86e7-3412a26021ca/_result.png'}}}
[2025-06-23T10:58:47.682+0900] {taskinstance.py:341} INFO - ::group::Post task execution logs
[2025-06-23T10:58:47.686+0900] {taskinstance.py:353} INFO - Marking task as SUCCESS. dag_id=lilt_document_classifier_balanced_V0.1, task_id=img_preprocess_task__1, run_id=manual__2025-06-23T01:55:15.838468+00:00, map_index=50, execution_date=20250623T015515, start_date=20250623T015834, end_date=20250623T015847
[2025-06-23T10:58:47.945+0900] {local_task_job_runner.py:266} INFO - Task exited with return code 0
[2025-06-23T10:58:48.036+0900] {taskinstance.py:3901} INFO - 0 downstream tasks scheduled from follow-on schedule check
[2025-06-23T10:58:48.050+0900] {local_task_job_runner.py:245} INFO - ::endgroup::
