[2025-06-25T09:26:00.381+0900] {local_task_job_runner.py:123} INFO - ::group::Pre task execution logs
[2025-06-25T09:26:00.624+0900] {taskinstance.py:2614} INFO - Dependencies all met for dep_context=non-requeueable deps ti=<TaskInstance: lilt_document_classifier_balanced_V0.1.img_preprocess_task__1 manual__2025-06-25T00:18:31.692203+00:00 map_index=56 [queued]>
[2025-06-25T09:26:00.666+0900] {taskinstance.py:2614} INFO - Dependencies all met for dep_context=requeueable deps ti=<TaskInstance: lilt_document_classifier_balanced_V0.1.img_preprocess_task__1 manual__2025-06-25T00:18:31.692203+00:00 map_index=56 [queued]>
[2025-06-25T09:26:00.669+0900] {taskinstance.py:2867} INFO - Starting attempt 1 of 1
[2025-06-25T09:26:00.693+0900] {taskinstance.py:2890} INFO - Executing <Mapped(_PythonDecoratedOperator): img_preprocess_task__1> on 2025-06-25 00:18:31.692203+00:00
[2025-06-25T09:26:00.815+0900] {standard_task_runner.py:104} INFO - Running: ['***', 'tasks', 'run', 'lilt_document_classifier_balanced_V0.1', 'img_preprocess_task__1', 'manual__2025-06-25T00:18:31.692203+00:00', '--job-id', '5086', '--raw', '--subdir', 'DAGS_FOLDER/class_create_dag.py', '--cfg-path', '/tmp/tmpb8ob_fh4', '--map-index', '56']
[2025-06-25T09:26:00.823+0900] {standard_task_runner.py:105} INFO - Job 5086: Subtask img_preprocess_task__1
[2025-06-25T09:26:00.834+0900] {warnings.py:112} WARNING - /home/***/.local/lib/python3.12/site-packages/***/task/task_runner/standard_task_runner.py:70: DeprecationWarning: This process (pid=77685) is multi-threaded, use of fork() may lead to deadlocks in the child.
  pid = os.fork()

[2025-06-25T09:26:00.839+0900] {standard_task_runner.py:72} INFO - Started process 77696 to run task
[2025-06-25T09:26:00.931+0900] {task_command.py:467} INFO - Running <TaskInstance: lilt_document_classifier_balanced_V0.1.img_preprocess_task__1 manual__2025-06-25T00:18:31.692203+00:00 map_index=56 [running]> on host f6d4228a9eb8
[2025-06-25T09:26:01.187+0900] {taskinstance.py:3134} INFO - Exporting env vars: AIRFLOW_CTX_DAG_OWNER='***' AIRFLOW_CTX_DAG_ID='lilt_document_classifier_balanced_V0.1' AIRFLOW_CTX_TASK_ID='img_preprocess_task__1' AIRFLOW_CTX_EXECUTION_DATE='2025-06-25T00:18:31.692203+00:00' AIRFLOW_CTX_TRY_NUMBER='1' AIRFLOW_CTX_DAG_RUN_ID='manual__2025-06-25T00:18:31.692203+00:00'
[2025-06-25T09:26:01.190+0900] {taskinstance.py:732} INFO - ::endgroup::
[2025-06-25T09:26:01.201+0900] {logging_mixin.py:190} INFO - empty map check {} {'process_id': '_48fbabab-bae7-4e5c-91c4-773781dae68e_pre', 'folder_path': 'f9c592be-0ec4-48a7-b721-df92ba9550cc/48fbabab-bae7-4e5c-91c4-773781dae68e', 'step_list': [{'name': 'cache', 'param': {'cache_key': 'origin'}}, {'name': 'calc_angle_set2', 'param': {'angle_key': 'angle2_1', 'delta': 8.0, 'limit': 40, 'iterations': 2, 'iter_save': False}}, {'name': 'calc_angle_set2', 'param': {'angle_key': 'angle2_2', 'delta': 1.0, 'limit': 8, 'iterations': 2, 'iter_save': False}}, {'name': 'calc_angle_set2', 'param': {'angle_key': 'angle2_3', 'delta': 0.125, 'limit': 1, 'iterations': 2, 'iter_save': False}}, {'name': 'text_orientation_set', 'param': {'angle_key': 'orint', 'iterations': 3, 'iter_save': False}}, {'name': 'load', 'param': {'cache_key': 'origin'}}, {'name': 'rotate', 'param': {'angle_key': 'angle2_1'}}, {'name': 'rotate', 'param': {'angle_key': 'angle2_2'}}, {'name': 'rotate', 'param': {'angle_key': 'angle2_3'}}, {'name': 'rotate', 'param': {'angle_key': 'orint'}}], 'result_file_map': {}}
[2025-06-25T09:26:01.205+0900] {logging_mixin.py:190} INFO - step : cache
[2025-06-25T09:26:01.206+0900] {logging_mixin.py:190} INFO - step : calc_angle_set2
[2025-06-25T09:26:03.607+0900] {logging_mixin.py:190} INFO - osd 1 0.0 0.0 5 74344 [0, 0, 3, 3365, 10165, 74344, 10883, 4027, 190, 0, 0]
[2025-06-25T09:26:06.725+0900] {logging_mixin.py:190} INFO - osd 2 0.0 0.0 5 74344 [0, 0, 3, 3365, 10165, 74344, 10883, 4027, 190, 0, 0]
[2025-06-25T09:26:06.808+0900] {logging_mixin.py:190} INFO - step : calc_angle_set2
[2025-06-25T09:26:09.484+0900] {logging_mixin.py:190} INFO - osd 1 0.0 0.0 8 74344 [10165, 11221, 12653, 15454, 18251, 22555, 30191, 47100, 74344, 68057, 43736, 27772, 22019, 17828, 14594, 12670, 10883]
[2025-06-25T09:26:11.928+0900] {logging_mixin.py:190} INFO - osd 2 0.0 0.0 8 74344 [10165, 11221, 12653, 15454, 18251, 22555, 30191, 47100, 74344, 68057, 43736, 27772, 22019, 17828, 14594, 12670, 10883]
[2025-06-25T09:26:12.010+0900] {logging_mixin.py:190} INFO - step : calc_angle_set2
[2025-06-25T09:26:13.452+0900] {logging_mixin.py:190} INFO - osd 1 0.5 0.5 12 84485 [47100, 49073, 51599, 55706, 57321, 61979, 66247, 70146, 74344, 78008, 83492, 83876, 84485, 81363, 74945, 74033, 68057]
[2025-06-25T09:26:15.129+0900] {logging_mixin.py:190} INFO - osd 2 0.5 0.0 8 89193 [59339, 62432, 66261, 72481, 76046, 81605, 85255, 89058, 89193, 85662, 80068, 74158, 69954, 64871, 60343, 58052, 55206]
[2025-06-25T09:26:15.147+0900] {logging_mixin.py:190} INFO - step : text_orientation_set
[2025-06-25T09:26:20.273+0900] {logging_mixin.py:190} INFO - osd 1 break  0 0 1.25 Latin 0.83
[2025-06-25T09:26:20.274+0900] {logging_mixin.py:190} INFO - step : load
[2025-06-25T09:26:20.294+0900] {logging_mixin.py:190} INFO - step : rotate
[2025-06-25T09:26:20.306+0900] {logging_mixin.py:190} INFO - step : rotate
[2025-06-25T09:26:20.307+0900] {logging_mixin.py:190} INFO - step : rotate
[2025-06-25T09:26:20.337+0900] {logging_mixin.py:190} INFO - step : rotate
[2025-06-25T09:26:20.481+0900] {logging_mixin.py:190} INFO - file_copy: /opt/***/data/temp/f9c592be-0ec4-48a7-b721-df92ba9550cc/48fbabab-bae7-4e5c-91c4-773781dae68e/_result.png
[2025-06-25T09:26:20.499+0900] {python.py:240} INFO - Done. Returned value was: {'file_id': 'f9c592be-0ec4-48a7-b721-df92ba9550cc', 'file_path': '/opt/***/data/class/a_class/classify/ready/false/copied_3_2030231328_2030231329.png', 'false': {'process_id': '_48fbabab-bae7-4e5c-91c4-773781dae68e_pre', 'folder_path': 'f9c592be-0ec4-48a7-b721-df92ba9550cc/48fbabab-bae7-4e5c-91c4-773781dae68e', 'step_list': [{'name': 'cache', 'param': {'cache_key': 'origin'}}, {'name': 'calc_angle_set2', 'param': {'angle_key': 'angle2_1', 'delta': 8.0, 'limit': 40, 'iterations': 2, 'iter_save': False}}, {'name': 'calc_angle_set2', 'param': {'angle_key': 'angle2_2', 'delta': 1.0, 'limit': 8, 'iterations': 2, 'iter_save': False}}, {'name': 'calc_angle_set2', 'param': {'angle_key': 'angle2_3', 'delta': 0.125, 'limit': 1, 'iterations': 2, 'iter_save': False}}, {'name': 'text_orientation_set', 'param': {'angle_key': 'orint', 'iterations': 3, 'iter_save': False}}, {'name': 'load', 'param': {'cache_key': 'origin'}}, {'name': 'rotate', 'param': {'angle_key': 'angle2_1'}}, {'name': 'rotate', 'param': {'angle_key': 'angle2_2'}}, {'name': 'rotate', 'param': {'angle_key': 'angle2_3'}}, {'name': 'rotate', 'param': {'angle_key': 'orint'}}], 'result_file_map': {'_result': '/opt/***/data/temp/f9c592be-0ec4-48a7-b721-df92ba9550cc/48fbabab-bae7-4e5c-91c4-773781dae68e/_result.png'}}}
[2025-06-25T09:26:20.686+0900] {taskinstance.py:341} INFO - ::group::Post task execution logs
[2025-06-25T09:26:20.700+0900] {taskinstance.py:353} INFO - Marking task as SUCCESS. dag_id=lilt_document_classifier_balanced_V0.1, task_id=img_preprocess_task__1, run_id=manual__2025-06-25T00:18:31.692203+00:00, map_index=56, execution_date=20250625T001831, start_date=20250625T002600, end_date=20250625T002620
[2025-06-25T09:26:20.852+0900] {local_task_job_runner.py:266} INFO - Task exited with return code 0
[2025-06-25T09:26:20.873+0900] {standard_task_runner.py:217} INFO - Process not found (most likely exited), stop collecting metrics
[2025-06-25T09:26:21.005+0900] {taskinstance.py:3901} INFO - 0 downstream tasks scheduled from follow-on schedule check
[2025-06-25T09:26:21.029+0900] {local_task_job_runner.py:245} INFO - ::endgroup::
