[2025-06-23T16:09:08.087+0900] {local_task_job_runner.py:123} INFO - ::group::Pre task execution logs
[2025-06-23T16:09:08.184+0900] {taskinstance.py:2614} INFO - Dependencies all met for dep_context=non-requeueable deps ti=<TaskInstance: lilt_document_classifier_balanced_V0.1.img_preprocess_task__1 manual__2025-06-23T06:45:10.371530+00:00 map_index=60 [queued]>
[2025-06-23T16:09:08.264+0900] {taskinstance.py:2614} INFO - Dependencies all met for dep_context=requeueable deps ti=<TaskInstance: lilt_document_classifier_balanced_V0.1.img_preprocess_task__1 manual__2025-06-23T06:45:10.371530+00:00 map_index=60 [queued]>
[2025-06-23T16:09:08.265+0900] {taskinstance.py:2867} INFO - Starting attempt 2 of 2
[2025-06-23T16:09:08.305+0900] {taskinstance.py:2890} INFO - Executing <Mapped(_PythonDecoratedOperator): img_preprocess_task__1> on 2025-06-23 06:45:10.371530+00:00
[2025-06-23T16:09:08.379+0900] {standard_task_runner.py:104} INFO - Running: ['***', 'tasks', 'run', 'lilt_document_classifier_balanced_V0.1', 'img_preprocess_task__1', 'manual__2025-06-23T06:45:10.371530+00:00', '--job-id', '3262', '--raw', '--subdir', 'DAGS_FOLDER/class_create_dag.py', '--cfg-path', '/tmp/tmptzb9j29s', '--map-index', '60']
[2025-06-23T16:09:08.376+0900] {warnings.py:112} WARNING - /home/***/.local/lib/python3.12/site-packages/***/task/task_runner/standard_task_runner.py:70: DeprecationWarning: This process (pid=4904) is multi-threaded, use of fork() may lead to deadlocks in the child.
  pid = os.fork()

[2025-06-23T16:09:08.413+0900] {standard_task_runner.py:105} INFO - Job 3262: Subtask img_preprocess_task__1
[2025-06-23T16:09:08.414+0900] {standard_task_runner.py:72} INFO - Started process 4937 to run task
[2025-06-23T16:09:08.659+0900] {task_command.py:467} INFO - Running <TaskInstance: lilt_document_classifier_balanced_V0.1.img_preprocess_task__1 manual__2025-06-23T06:45:10.371530+00:00 map_index=60 [running]> on host f6d4228a9eb8
[2025-06-23T16:09:08.973+0900] {taskinstance.py:3134} INFO - Exporting env vars: AIRFLOW_CTX_DAG_OWNER='***' AIRFLOW_CTX_DAG_ID='lilt_document_classifier_balanced_V0.1' AIRFLOW_CTX_TASK_ID='img_preprocess_task__1' AIRFLOW_CTX_EXECUTION_DATE='2025-06-23T06:45:10.371530+00:00' AIRFLOW_CTX_TRY_NUMBER='2' AIRFLOW_CTX_DAG_RUN_ID='manual__2025-06-23T06:45:10.371530+00:00'
[2025-06-23T16:09:08.976+0900] {taskinstance.py:732} INFO - ::endgroup::
[2025-06-23T16:09:08.984+0900] {logging_mixin.py:190} INFO - empty map check {} {'process_id': '_7d7aa530-e074-4f78-8514-ccfac6ae5451_pre', 'folder_path': '6ef25304-d34b-4c30-983f-dc265a25ee97/7d7aa530-e074-4f78-8514-ccfac6ae5451', 'step_list': [{'name': 'cache', 'param': {'key': 'origin'}}, {'name': 'calc_angle_set2', 'param': {'key': 'angle1', 'iterations': 4, 'iter_save': False}}, {'name': 'text_orientation_set', 'param': {'key': 'angle2', 'iterations': 4, 'iter_save': False}}, {'name': 'load', 'param': {'key': 'origin'}}, {'name': 'rotate', 'param': {'key': 'angle1'}}, {'name': 'rotate', 'param': {'key': 'angle2'}}], 'result_file_map': {}}
[2025-06-23T16:09:08.987+0900] {logging_mixin.py:190} INFO - step : cache
[2025-06-23T16:09:08.987+0900] {logging_mixin.py:190} INFO - step : calc_angle_set2
[2025-06-23T16:09:16.018+0900] {logging_mixin.py:190} INFO - osd 1 0 0 0 0 [0, 0, 0, 0, 0, 0, 0, 0, 0, 0, 0, 0, 0, 0, 0, 0, 0, 0, 0, 0, 0, 0, 0, 0, 0, 0, 0, 0, 0, 0, 0, 0, 0, 0, 0, 0, 0, 0, 0, 0, 0]
[2025-06-23T16:09:20.058+0900] {logging_mixin.py:190} INFO - osd 2 0 0 0 0 [0, 0, 0, 0, 0, 0, 0, 0, 0, 0, 0, 0, 0, 0, 0, 0, 0, 0, 0, 0, 0, 0, 0, 0, 0, 0, 0, 0, 0, 0, 0, 0, 0, 0, 0, 0, 0, 0, 0, 0, 0]
[2025-06-23T16:09:26.905+0900] {logging_mixin.py:190} INFO - osd 3 0 0 0 0 [0, 0, 0, 0, 0, 0, 0, 0, 0, 0, 0, 0, 0, 0, 0, 0, 0, 0, 0, 0, 0, 0, 0, 0, 0, 0, 0, 0, 0, 0, 0, 0, 0, 0, 0, 0, 0, 0, 0, 0, 0]
[2025-06-23T16:09:34.753+0900] {logging_mixin.py:190} INFO - osd 4 0 0 0 0 [0, 0, 0, 0, 0, 0, 0, 0, 0, 0, 0, 0, 0, 0, 0, 0, 0, 0, 0, 0, 0, 0, 0, 0, 0, 0, 0, 0, 0, 0, 0, 0, 0, 0, 0, 0, 0, 0, 0, 0, 0]
[2025-06-23T16:09:34.963+0900] {logging_mixin.py:190} INFO - step : text_orientation_set
[2025-06-23T16:09:42.759+0900] {logging_mixin.py:190} INFO - Tesseract OSD Error: (1, 'Estimating resolution as 98 Warning. Invalid resolution 0 dpi. Using 70 instead. Too few characters. Skipping this page Error during processing.')
[2025-06-23T16:09:42.855+0900] {logging_mixin.py:190} INFO - step : load
[2025-06-23T16:09:42.856+0900] {logging_mixin.py:190} INFO - step : rotate
[2025-06-23T16:09:42.946+0900] {logging_mixin.py:190} INFO - step : rotate
[2025-06-23T16:09:43.359+0900] {logging_mixin.py:190} INFO - file_copy: /opt/***/data/temp/6ef25304-d34b-4c30-983f-dc265a25ee97/7d7aa530-e074-4f78-8514-ccfac6ae5451/_result.png
[2025-06-23T16:09:43.407+0900] {python.py:240} INFO - Done. Returned value was: {'file_id': '6ef25304-d34b-4c30-983f-dc265a25ee97', 'file_path': '/opt/***/data/class/a_class/classify/ready/false/copied_8_2069735658.png', 'false': {'process_id': '_7d7aa530-e074-4f78-8514-ccfac6ae5451_pre', 'folder_path': '6ef25304-d34b-4c30-983f-dc265a25ee97/7d7aa530-e074-4f78-8514-ccfac6ae5451', 'step_list': [{'name': 'cache', 'param': {'key': 'origin'}}, {'name': 'calc_angle_set2', 'param': {'key': 'angle1', 'iterations': 4, 'iter_save': False}}, {'name': 'text_orientation_set', 'param': {'key': 'angle2', 'iterations': 4, 'iter_save': False}}, {'name': 'load', 'param': {'key': 'origin'}}, {'name': 'rotate', 'param': {'key': 'angle1'}}, {'name': 'rotate', 'param': {'key': 'angle2'}}], 'result_file_map': {'_result': '/opt/***/data/temp/6ef25304-d34b-4c30-983f-dc265a25ee97/7d7aa530-e074-4f78-8514-ccfac6ae5451/_result.png'}}}
[2025-06-23T16:09:43.813+0900] {taskinstance.py:341} INFO - ::group::Post task execution logs
[2025-06-23T16:09:43.817+0900] {taskinstance.py:353} INFO - Marking task as SUCCESS. dag_id=lilt_document_classifier_balanced_V0.1, task_id=img_preprocess_task__1, run_id=manual__2025-06-23T06:45:10.371530+00:00, map_index=60, execution_date=20250623T064510, start_date=20250623T070908, end_date=20250623T070943
[2025-06-23T16:09:43.930+0900] {local_task_job_runner.py:266} INFO - Task exited with return code 0
[2025-06-23T16:09:44.021+0900] {taskinstance.py:3901} INFO - 0 downstream tasks scheduled from follow-on schedule check
[2025-06-23T16:09:44.031+0900] {local_task_job_runner.py:245} INFO - ::endgroup::
