[2025-05-27T08:37:00.403+0000] {local_task_job_runner.py:123} INFO - ::group::Pre task execution logs
[2025-05-27T08:37:01.104+0000] {taskinstance.py:2614} INFO - Dependencies all met for dep_context=non-requeueable deps ti=<TaskInstance: image_processing_per_file_v2.file_copy_task manual__2025-05-27T08:27:30.939474+00:00 map_index=77 [queued]>
[2025-05-27T08:37:01.993+0000] {taskinstance.py:2614} INFO - Dependencies all met for dep_context=requeueable deps ti=<TaskInstance: image_processing_per_file_v2.file_copy_task manual__2025-05-27T08:27:30.939474+00:00 map_index=77 [queued]>
[2025-05-27T08:37:02.012+0000] {taskinstance.py:2867} INFO - Starting attempt 1 of 1
[2025-05-27T08:37:02.244+0000] {taskinstance.py:2890} INFO - Executing <Mapped(_PythonDecoratedOperator): file_copy_task> on 2025-05-27 08:27:30.939474+00:00
[2025-05-27T08:37:02.476+0000] {logging_mixin.py:190} WARNING - /home/***/.local/lib/python3.12/site-packages/***/task/task_runner/standard_task_runner.py:70 DeprecationWarning: This process (pid=21698) is multi-threaded, use of fork() may lead to deadlocks in the child.
[2025-05-27T08:37:02.502+0000] {standard_task_runner.py:104} INFO - Running: ['***', 'tasks', 'run', 'image_processing_per_file_v2', 'file_copy_task', 'manual__2025-05-27T08:27:30.939474+00:00', '--job-id', '531', '--raw', '--subdir', 'DAGS_FOLDER/test_dag.py', '--cfg-path', '/tmp/tmpgylbw233', '--map-index', '77']
[2025-05-27T08:37:02.531+0000] {standard_task_runner.py:105} INFO - Job 531: Subtask file_copy_task
[2025-05-27T08:37:02.507+0000] {standard_task_runner.py:72} INFO - Started process 21766 to run task
[2025-05-27T08:37:03.007+0000] {task_command.py:467} INFO - Running <TaskInstance: image_processing_per_file_v2.file_copy_task manual__2025-05-27T08:27:30.939474+00:00 map_index=77 [running]> on host d13339a4a574
[2025-05-27T08:37:03.954+0000] {taskinstance.py:3134} INFO - Exporting env vars: AIRFLOW_CTX_DAG_OWNER='***' AIRFLOW_CTX_DAG_ID='image_processing_per_file_v2' AIRFLOW_CTX_TASK_ID='file_copy_task' AIRFLOW_CTX_EXECUTION_DATE='2025-05-27T08:27:30.939474+00:00' AIRFLOW_CTX_TRY_NUMBER='1' AIRFLOW_CTX_DAG_RUN_ID='manual__2025-05-27T08:27:30.939474+00:00'
[2025-05-27T08:37:03.972+0000] {logging_mixin.py:190} INFO - Task instance is in running state
[2025-05-27T08:37:03.982+0000] {logging_mixin.py:190} INFO -  Previous state of the Task instance: queued
[2025-05-27T08:37:03.987+0000] {logging_mixin.py:190} INFO - Current task name:file_copy_task state:running start_date:2025-05-27 08:37:01.106501+00:00
[2025-05-27T08:37:04.006+0000] {logging_mixin.py:190} INFO - Dag name:image_processing_per_file_v2 and current dag run status:running
[2025-05-27T08:37:04.010+0000] {taskinstance.py:732} INFO - ::endgroup::
[2025-05-27T08:37:04.219+0000] {logging_mixin.py:190} INFO - copy: /opt/***/data/result/test/스크린샷 2025-05-21 172720 - 복사본 (3) - 복사본 - 복사본.png
[2025-05-27T08:37:04.220+0000] {python.py:240} INFO - Done. Returned value was: /opt/***/data/result/test/스크린샷 2025-05-21 172720 - 복사본 (3) - 복사본 - 복사본.png
[2025-05-27T08:37:04.377+0000] {taskinstance.py:341} INFO - ::group::Post task execution logs
[2025-05-27T08:37:04.381+0000] {taskinstance.py:353} INFO - Marking task as SUCCESS. dag_id=image_processing_per_file_v2, task_id=file_copy_task, run_id=manual__2025-05-27T08:27:30.939474+00:00, map_index=77, execution_date=20250527T082730, start_date=20250527T083701, end_date=20250527T083704
[2025-05-27T08:37:04.791+0000] {logging_mixin.py:190} INFO - Task instance in success state
[2025-05-27T08:37:04.802+0000] {logging_mixin.py:190} INFO -  Previous state of the Task instance: running
[2025-05-27T08:37:04.817+0000] {logging_mixin.py:190} INFO - Dag name:image_processing_per_file_v2 queued_at:2025-05-27 08:27:30.973127+00:00
[2025-05-27T08:37:04.824+0000] {logging_mixin.py:190} INFO - Task hostname:d13339a4a574 operator:_PythonDecoratedOperator
[2025-05-27T08:37:04.982+0000] {local_task_job_runner.py:266} INFO - Task exited with return code 0
[2025-05-27T08:37:05.036+0000] {local_task_job_runner.py:245} INFO - ::endgroup::
