[2025-06-19T18:34:41.692+0900] {local_task_job_runner.py:123} INFO - ::group::Pre task execution logs
[2025-06-19T18:34:41.723+0900] {taskinstance.py:2614} INFO - Dependencies all met for dep_context=non-requeueable deps ti=<TaskInstance: lilt_document_classifier_balanced_V0.1.img_preprocess_task manual__2025-06-19T09:32:07.760195+00:00 map_index=43 [queued]>
[2025-06-19T18:34:41.808+0900] {taskinstance.py:2614} INFO - Dependencies all met for dep_context=requeueable deps ti=<TaskInstance: lilt_document_classifier_balanced_V0.1.img_preprocess_task manual__2025-06-19T09:32:07.760195+00:00 map_index=43 [queued]>
[2025-06-19T18:34:41.824+0900] {taskinstance.py:2867} INFO - Starting attempt 1 of 1
[2025-06-19T18:34:41.868+0900] {taskinstance.py:2890} INFO - Executing <Mapped(_PythonDecoratedOperator): img_preprocess_task> on 2025-06-19 09:32:07.760195+00:00
[2025-06-19T18:34:41.891+0900] {warnings.py:112} WARNING - /home/***/.local/lib/python3.12/site-packages/***/task/task_runner/standard_task_runner.py:70: DeprecationWarning: This process (pid=11319) is multi-threaded, use of fork() may lead to deadlocks in the child.
  pid = os.fork()

[2025-06-19T18:34:41.894+0900] {standard_task_runner.py:72} INFO - Started process 11357 to run task
[2025-06-19T18:34:41.889+0900] {standard_task_runner.py:104} INFO - Running: ['***', 'tasks', 'run', 'lilt_document_classifier_balanced_V0.1', 'img_preprocess_task', 'manual__2025-06-19T09:32:07.760195+00:00', '--job-id', '1781', '--raw', '--subdir', 'DAGS_FOLDER/class_create_dag.py', '--cfg-path', '/tmp/tmpq4vptjcs', '--map-index', '43']
[2025-06-19T18:34:41.899+0900] {standard_task_runner.py:105} INFO - Job 1781: Subtask img_preprocess_task
[2025-06-19T18:34:42.013+0900] {task_command.py:467} INFO - Running <TaskInstance: lilt_document_classifier_balanced_V0.1.img_preprocess_task manual__2025-06-19T09:32:07.760195+00:00 map_index=43 [running]> on host f6d4228a9eb8
[2025-06-19T18:34:42.189+0900] {taskinstance.py:3134} INFO - Exporting env vars: AIRFLOW_CTX_DAG_OWNER='***' AIRFLOW_CTX_DAG_ID='lilt_document_classifier_balanced_V0.1' AIRFLOW_CTX_TASK_ID='img_preprocess_task' AIRFLOW_CTX_EXECUTION_DATE='2025-06-19T09:32:07.760195+00:00' AIRFLOW_CTX_TRY_NUMBER='1' AIRFLOW_CTX_DAG_RUN_ID='manual__2025-06-19T09:32:07.760195+00:00'
[2025-06-19T18:34:42.199+0900] {taskinstance.py:732} INFO - ::endgroup::
[2025-06-19T18:34:42.205+0900] {logging_mixin.py:190} INFO - empty map check {} {'process_id': '_2e9468c8-aefd-4ee3-8e48-c962a3c75bec_pre', 'folder_path': '6821115e-558b-4dd8-baeb-e5358e24583f/2e9468c8-aefd-4ee3-8e48-c962a3c75bec', 'step_list': [{'name': 'cache', 'param': {'key': 'origin'}}, {'name': 'calc_angle_set1', 'param': {'key': 'angle1', 'iterations': 4, 'iter_save': False}}, {'name': 'text_orientation_set', 'param': {'key': 'angle2', 'iterations': 4, 'iter_save': False}}, {'name': 'load', 'param': {'key': 'origin'}}, {'name': 'rotate', 'param': {'key': 'angle1'}}, {'name': 'rotate', 'param': {'key': 'angle2'}}], 'result_file_map': {}}
[2025-06-19T18:34:42.212+0900] {logging_mixin.py:190} INFO - step : cache
[2025-06-19T18:34:42.215+0900] {logging_mixin.py:190} INFO - step : calc_angle_set1
[2025-06-19T18:34:43.082+0900] {logging_mixin.py:190} INFO - step : text_orientation_set
[2025-06-19T18:34:56.797+0900] {logging_mixin.py:190} INFO - osd 1 break  0 0 5.65 Korean 0.57
[2025-06-19T18:34:56.800+0900] {logging_mixin.py:190} INFO - step : load
[2025-06-19T18:34:56.801+0900] {logging_mixin.py:190} INFO - step : rotate
[2025-06-19T18:34:57.101+0900] {logging_mixin.py:190} INFO - step : rotate
[2025-06-19T18:34:57.335+0900] {logging_mixin.py:190} INFO - file_copy: /opt/***/data/temp/6821115e-558b-4dd8-baeb-e5358e24583f/2e9468c8-aefd-4ee3-8e48-c962a3c75bec/_result.png
[2025-06-19T18:34:57.360+0900] {python.py:240} INFO - Done. Returned value was: {'file_id': '6821115e-558b-4dd8-baeb-e5358e24583f', 'file_path': '/opt/***/data/class/a_class/classify/ready/true/중곡동 삼성빌딩 - 정부24 - 건축물대장 등본(초본) 발급(열람) _ 문서출력_page_1_aug0.png', 'true': {'process_id': '_2e9468c8-aefd-4ee3-8e48-c962a3c75bec_pre', 'folder_path': '6821115e-558b-4dd8-baeb-e5358e24583f/2e9468c8-aefd-4ee3-8e48-c962a3c75bec', 'step_list': [{'name': 'cache', 'param': {'key': 'origin'}}, {'name': 'calc_angle_set1', 'param': {'key': 'angle1', 'iterations': 4, 'iter_save': False}}, {'name': 'text_orientation_set', 'param': {'key': 'angle2', 'iterations': 4, 'iter_save': False}}, {'name': 'load', 'param': {'key': 'origin'}}, {'name': 'rotate', 'param': {'key': 'angle1'}}, {'name': 'rotate', 'param': {'key': 'angle2'}}], 'result_file_map': {'_result': '/opt/***/data/temp/6821115e-558b-4dd8-baeb-e5358e24583f/2e9468c8-aefd-4ee3-8e48-c962a3c75bec/_result.png'}}}
[2025-06-19T18:34:57.525+0900] {taskinstance.py:341} INFO - ::group::Post task execution logs
[2025-06-19T18:34:57.533+0900] {taskinstance.py:353} INFO - Marking task as SUCCESS. dag_id=lilt_document_classifier_balanced_V0.1, task_id=img_preprocess_task, run_id=manual__2025-06-19T09:32:07.760195+00:00, map_index=43, execution_date=20250619T093207, start_date=20250619T093441, end_date=20250619T093457
[2025-06-19T18:34:57.638+0900] {local_task_job_runner.py:266} INFO - Task exited with return code 0
[2025-06-19T18:34:57.654+0900] {local_task_job_runner.py:245} INFO - ::endgroup::
