[2025-06-23T09:45:20.905+0900] {local_task_job_runner.py:123} INFO - ::group::Pre task execution logs
[2025-06-23T09:45:20.968+0900] {taskinstance.py:2614} INFO - Dependencies all met for dep_context=non-requeueable deps ti=<TaskInstance: lilt_document_classifier_balanced_V0.1.img_preprocess_task__1 manual__2025-06-23T00:42:21.868462+00:00 map_index=41 [queued]>
[2025-06-23T09:45:21.013+0900] {taskinstance.py:2614} INFO - Dependencies all met for dep_context=requeueable deps ti=<TaskInstance: lilt_document_classifier_balanced_V0.1.img_preprocess_task__1 manual__2025-06-23T00:42:21.868462+00:00 map_index=41 [queued]>
[2025-06-23T09:45:21.015+0900] {taskinstance.py:2867} INFO - Starting attempt 1 of 1
[2025-06-23T09:45:21.067+0900] {taskinstance.py:2890} INFO - Executing <Mapped(_PythonDecoratedOperator): img_preprocess_task__1> on 2025-06-23 00:42:21.868462+00:00
[2025-06-23T09:45:21.119+0900] {warnings.py:112} WARNING - /home/***/.local/lib/python3.12/site-packages/***/task/task_runner/standard_task_runner.py:70: DeprecationWarning: This process (pid=82422) is multi-threaded, use of fork() may lead to deadlocks in the child.
  pid = os.fork()

[2025-06-23T09:45:21.118+0900] {standard_task_runner.py:104} INFO - Running: ['***', 'tasks', 'run', 'lilt_document_classifier_balanced_V0.1', 'img_preprocess_task__1', 'manual__2025-06-23T00:42:21.868462+00:00', '--job-id', '1978', '--raw', '--subdir', 'DAGS_FOLDER/class_create_dag.py', '--cfg-path', '/tmp/tmprr_1wzu5', '--map-index', '41']
[2025-06-23T09:45:21.124+0900] {standard_task_runner.py:105} INFO - Job 1978: Subtask img_preprocess_task__1
[2025-06-23T09:45:21.127+0900] {standard_task_runner.py:72} INFO - Started process 82552 to run task
[2025-06-23T09:45:21.233+0900] {task_command.py:467} INFO - Running <TaskInstance: lilt_document_classifier_balanced_V0.1.img_preprocess_task__1 manual__2025-06-23T00:42:21.868462+00:00 map_index=41 [running]> on host f6d4228a9eb8
[2025-06-23T09:45:21.460+0900] {taskinstance.py:3134} INFO - Exporting env vars: AIRFLOW_CTX_DAG_OWNER='***' AIRFLOW_CTX_DAG_ID='lilt_document_classifier_balanced_V0.1' AIRFLOW_CTX_TASK_ID='img_preprocess_task__1' AIRFLOW_CTX_EXECUTION_DATE='2025-06-23T00:42:21.868462+00:00' AIRFLOW_CTX_TRY_NUMBER='1' AIRFLOW_CTX_DAG_RUN_ID='manual__2025-06-23T00:42:21.868462+00:00'
[2025-06-23T09:45:21.462+0900] {taskinstance.py:732} INFO - ::endgroup::
[2025-06-23T09:45:21.479+0900] {logging_mixin.py:190} INFO - empty map check {} {'process_id': '_08e85bf1-381e-4900-8891-a8d28b86fe22_pre', 'folder_path': 'b467029b-311d-4e91-9f28-411517007e6d/08e85bf1-381e-4900-8891-a8d28b86fe22', 'step_list': [{'name': 'cache', 'param': {'key': 'origin'}}, {'name': 'calc_angle_set1', 'param': {'key': 'angle1', 'iterations': 4, 'iter_save': False}}, {'name': 'text_orientation_set', 'param': {'key': 'angle2', 'iterations': 4, 'iter_save': False}}, {'name': 'load', 'param': {'key': 'origin'}}, {'name': 'rotate', 'param': {'key': 'angle1'}}, {'name': 'rotate', 'param': {'key': 'angle2'}}], 'result_file_map': {}}
[2025-06-23T09:45:21.480+0900] {logging_mixin.py:190} INFO - step : cache
[2025-06-23T09:45:21.480+0900] {logging_mixin.py:190} INFO - step : calc_angle_set1
[2025-06-23T09:45:21.594+0900] {logging_mixin.py:190} INFO - angle1 :  0 92.63473224958176 182.17131179091484 180.85086486473028 6.404352726384142 1.1123996162977923
[2025-06-23T09:45:21.825+0900] {logging_mixin.py:190} INFO - angle2 :  92.63473224958176 90.02720436096938 88.29864539467387 89.45434240658427 93.46822925891715 88.8876003837022
[2025-06-23T09:45:22.036+0900] {logging_mixin.py:190} INFO - angle3 :  182.66193661055115 88.83075322330043 177.436229788535 178.903563916007 -2.7524854002686845 1.7357045889283889
[2025-06-23T09:45:22.134+0900] {logging_mixin.py:190} INFO - angle4 :  271.4926898338516 91.49244355515958 90.54565759341573 89.71352348972293 90.0 95.71059313749964
[2025-06-23T09:45:22.273+0900] {logging_mixin.py:190} INFO - step : text_orientation_set
[2025-06-23T09:45:32.102+0900] {logging_mixin.py:190} INFO - osd 1 270 270 0.95 Latin 0.67
[2025-06-23T09:45:37.767+0900] {logging_mixin.py:190} INFO - osd 2 break  270 0 0.97 Latin 4.81
[2025-06-23T09:45:37.772+0900] {logging_mixin.py:190} INFO - step : load
[2025-06-23T09:45:37.772+0900] {logging_mixin.py:190} INFO - step : rotate
[2025-06-23T09:45:37.831+0900] {logging_mixin.py:190} INFO - step : rotate
[2025-06-23T09:45:38.078+0900] {logging_mixin.py:190} INFO - file_copy: /opt/***/data/temp/b467029b-311d-4e91-9f28-411517007e6d/08e85bf1-381e-4900-8891-a8d28b86fe22/_result.png
[2025-06-23T09:45:38.106+0900] {python.py:240} INFO - Done. Returned value was: {'file_id': 'b467029b-311d-4e91-9f28-411517007e6d', 'file_path': '/opt/***/data/class/a_class/classify/ready/false/copied_19_2028744359_2028744360.png', 'false': {'process_id': '_08e85bf1-381e-4900-8891-a8d28b86fe22_pre', 'folder_path': 'b467029b-311d-4e91-9f28-411517007e6d/08e85bf1-381e-4900-8891-a8d28b86fe22', 'step_list': [{'name': 'cache', 'param': {'key': 'origin'}}, {'name': 'calc_angle_set1', 'param': {'key': 'angle1', 'iterations': 4, 'iter_save': False}}, {'name': 'text_orientation_set', 'param': {'key': 'angle2', 'iterations': 4, 'iter_save': False}}, {'name': 'load', 'param': {'key': 'origin'}}, {'name': 'rotate', 'param': {'key': 'angle1'}}, {'name': 'rotate', 'param': {'key': 'angle2'}}], 'result_file_map': {'_result': '/opt/***/data/temp/b467029b-311d-4e91-9f28-411517007e6d/08e85bf1-381e-4900-8891-a8d28b86fe22/_result.png'}}}
[2025-06-23T09:45:38.236+0900] {taskinstance.py:341} INFO - ::group::Post task execution logs
[2025-06-23T09:45:38.251+0900] {taskinstance.py:353} INFO - Marking task as SUCCESS. dag_id=lilt_document_classifier_balanced_V0.1, task_id=img_preprocess_task__1, run_id=manual__2025-06-23T00:42:21.868462+00:00, map_index=41, execution_date=20250623T004221, start_date=20250623T004520, end_date=20250623T004538
[2025-06-23T09:45:38.536+0900] {local_task_job_runner.py:266} INFO - Task exited with return code 0
[2025-06-23T09:45:38.642+0900] {taskinstance.py:3901} INFO - 0 downstream tasks scheduled from follow-on schedule check
[2025-06-23T09:45:38.647+0900] {local_task_job_runner.py:245} INFO - ::endgroup::
