[2025-06-23T17:05:53.557+0900] {local_task_job_runner.py:123} INFO - ::group::Pre task execution logs
[2025-06-23T17:05:53.716+0900] {taskinstance.py:2614} INFO - Dependencies all met for dep_context=non-requeueable deps ti=<TaskInstance: lilt_document_classifier_balanced_V0.1.img_preprocess_task manual__2025-06-23T07:44:09.997775+00:00 map_index=79 [queued]>
[2025-06-23T17:05:53.746+0900] {taskinstance.py:2614} INFO - Dependencies all met for dep_context=requeueable deps ti=<TaskInstance: lilt_document_classifier_balanced_V0.1.img_preprocess_task manual__2025-06-23T07:44:09.997775+00:00 map_index=79 [queued]>
[2025-06-23T17:05:53.748+0900] {taskinstance.py:2867} INFO - Starting attempt 1 of 1
[2025-06-23T17:05:53.809+0900] {taskinstance.py:2890} INFO - Executing <Mapped(_PythonDecoratedOperator): img_preprocess_task> on 2025-06-23 07:44:09.997775+00:00
[2025-06-23T17:05:53.827+0900] {warnings.py:112} WARNING - /home/***/.local/lib/python3.12/site-packages/***/task/task_runner/standard_task_runner.py:70: DeprecationWarning: This process (pid=13033) is multi-threaded, use of fork() may lead to deadlocks in the child.
  pid = os.fork()

[2025-06-23T17:05:53.832+0900] {standard_task_runner.py:72} INFO - Started process 13083 to run task
[2025-06-23T17:05:53.832+0900] {standard_task_runner.py:104} INFO - Running: ['***', 'tasks', 'run', 'lilt_document_classifier_balanced_V0.1', 'img_preprocess_task', 'manual__2025-06-23T07:44:09.997775+00:00', '--job-id', '3658', '--raw', '--subdir', 'DAGS_FOLDER/class_create_dag.py', '--cfg-path', '/tmp/tmptvwe3s_n', '--map-index', '79']
[2025-06-23T17:05:53.840+0900] {standard_task_runner.py:105} INFO - Job 3658: Subtask img_preprocess_task
[2025-06-23T17:05:54.046+0900] {task_command.py:467} INFO - Running <TaskInstance: lilt_document_classifier_balanced_V0.1.img_preprocess_task manual__2025-06-23T07:44:09.997775+00:00 map_index=79 [running]> on host f6d4228a9eb8
[2025-06-23T17:05:54.312+0900] {taskinstance.py:3134} INFO - Exporting env vars: AIRFLOW_CTX_DAG_OWNER='***' AIRFLOW_CTX_DAG_ID='lilt_document_classifier_balanced_V0.1' AIRFLOW_CTX_TASK_ID='img_preprocess_task' AIRFLOW_CTX_EXECUTION_DATE='2025-06-23T07:44:09.997775+00:00' AIRFLOW_CTX_TRY_NUMBER='1' AIRFLOW_CTX_DAG_RUN_ID='manual__2025-06-23T07:44:09.997775+00:00'
[2025-06-23T17:05:54.327+0900] {taskinstance.py:732} INFO - ::endgroup::
[2025-06-23T17:05:54.334+0900] {logging_mixin.py:190} INFO - empty map check {} {'process_id': '_b8e747fe-3a2a-4d69-9b80-013a1bbaf220_pre', 'folder_path': '9a054c01-6521-406c-9c47-15addbde7c62/b8e747fe-3a2a-4d69-9b80-013a1bbaf220', 'step_list': [{'name': 'cache', 'param': {'key': 'origin'}}, {'name': 'calc_angle_set2', 'param': {'key': 'angle1', 'iterations': 4, 'iter_save': False}}, {'name': 'text_orientation_set', 'param': {'key': 'angle2', 'iterations': 4, 'iter_save': False}}, {'name': 'load', 'param': {'key': 'origin'}}, {'name': 'rotate', 'param': {'key': 'angle1'}}, {'name': 'rotate', 'param': {'key': 'angle2'}}], 'result_file_map': {}}
[2025-06-23T17:05:54.349+0900] {logging_mixin.py:190} INFO - step : cache
[2025-06-23T17:05:54.354+0900] {logging_mixin.py:190} INFO - step : calc_angle_set2
[2025-06-23T17:06:30.601+0900] {logging_mixin.py:190} INFO - osd 1 5.0 5.0 40 1447704 [1200499, 1152316, 1100540, 1043678, 989758, 935600, 882971, 829716, 778610, 724336, 676475, 629548, 583787, 538845, 497123, 452579, 408344, 364294, 320679, 276536, 237146, 279715, 328706, 380256, 433452, 489826, 546747, 601469, 662893, 724787, 786427, 847878, 913808, 977606, 1043921, 1108959, 1177096, 1244348, 1313869, 1382321, 1447704]
[2025-06-23T17:07:23.582+0900] {logging_mixin.py:190} INFO - osd 2 0.0 -5.0 0 3080369 [3080369, 2994196, 2911340, 2823643, 2732236, 2644512, 2556370, 2466183, 2380853, 2285105, 2199321, 2109805, 2021601, 1940905, 1852599, 1771936, 1687481, 1609135, 1536792, 1456355, 1382340, 1458236, 1539474, 1613782, 1692680, 1775954, 1855040, 1939459, 2016495, 2098379, 2180660, 2261123, 2351226, 2434278, 2522951, 2608132, 2694525, 2786433, 2874815, 2957754, 3049206]
[2025-06-23T17:08:18.555+0900] {logging_mixin.py:190} INFO - osd 3 5.0 5.0 40 5121722 [4856027, 4770762, 4692388, 4603225, 4513633, 4419910, 4332076, 4232771, 4139711, 4045683, 3954113, 3860221, 3762458, 3668730, 3570899, 3478393, 3380577, 3283334, 3187316, 3091688, 2997272, 3099052, 3202631, 3307022, 3412288, 3517902, 3619138, 3724971, 3827063, 3934806, 4038026, 4139391, 4243070, 4348183, 4461355, 4564139, 4676235, 4781942, 4896220, 5005298, 5121722]
[2025-06-23T17:09:23.502+0900] {logging_mixin.py:190} INFO - osd 4 10.0 5.0 40 7708579 [7621573, 7490400, 7358061, 7225546, 7093768, 6962140, 6823634, 6687914, 6558487, 6420700, 6292920, 6152138, 6023815, 5884913, 5751533, 5621368, 5488063, 5352846, 5216363, 5081947, 4959112, 5077127, 5207062, 5340900, 5475099, 5606371, 5735800, 5869868, 6009810, 6138662, 6283270, 6413972, 6555195, 6692165, 6836656, 6984510, 7126770, 7269206, 7414136, 7559397, 7708579]
[2025-06-23T17:09:23.923+0900] {logging_mixin.py:190} INFO - step : text_orientation_set
[2025-06-23T17:09:44.440+0900] {logging_mixin.py:190} INFO - osd 1 break  0 0 2.06 Japanese 0.36
[2025-06-23T17:09:44.442+0900] {logging_mixin.py:190} INFO - step : load
[2025-06-23T17:09:44.493+0900] {logging_mixin.py:190} INFO - step : rotate
[2025-06-23T17:09:45.080+0900] {logging_mixin.py:190} INFO - step : rotate
[2025-06-23T17:09:45.863+0900] {logging_mixin.py:190} INFO - file_copy: /opt/***/data/temp/9a054c01-6521-406c-9c47-15addbde7c62/b8e747fe-3a2a-4d69-9b80-013a1bbaf220/_result.png
[2025-06-23T17:09:45.954+0900] {python.py:240} INFO - Done. Returned value was: {'file_id': '9a054c01-6521-406c-9c47-15addbde7c62', 'file_path': '/opt/***/data/class/a_class/classify/ready/true/쌍문동 명준빌딩 - 정부24 - 건축물대장 등본(초본) 발급(열람) _ 문서출력_page_1_aug2.png', 'true': {'process_id': '_b8e747fe-3a2a-4d69-9b80-013a1bbaf220_pre', 'folder_path': '9a054c01-6521-406c-9c47-15addbde7c62/b8e747fe-3a2a-4d69-9b80-013a1bbaf220', 'step_list': [{'name': 'cache', 'param': {'key': 'origin'}}, {'name': 'calc_angle_set2', 'param': {'key': 'angle1', 'iterations': 4, 'iter_save': False}}, {'name': 'text_orientation_set', 'param': {'key': 'angle2', 'iterations': 4, 'iter_save': False}}, {'name': 'load', 'param': {'key': 'origin'}}, {'name': 'rotate', 'param': {'key': 'angle1'}}, {'name': 'rotate', 'param': {'key': 'angle2'}}], 'result_file_map': {'_result': '/opt/***/data/temp/9a054c01-6521-406c-9c47-15addbde7c62/b8e747fe-3a2a-4d69-9b80-013a1bbaf220/_result.png'}}}
[2025-06-23T17:09:46.107+0900] {taskinstance.py:341} INFO - ::group::Post task execution logs
[2025-06-23T17:09:46.127+0900] {taskinstance.py:353} INFO - Marking task as SUCCESS. dag_id=lilt_document_classifier_balanced_V0.1, task_id=img_preprocess_task, run_id=manual__2025-06-23T07:44:09.997775+00:00, map_index=79, execution_date=20250623T074409, start_date=20250623T080553, end_date=20250623T080946
[2025-06-23T17:09:46.495+0900] {local_task_job_runner.py:266} INFO - Task exited with return code 0
[2025-06-23T17:09:46.609+0900] {taskinstance.py:3901} INFO - 0 downstream tasks scheduled from follow-on schedule check
[2025-06-23T17:09:46.658+0900] {local_task_job_runner.py:245} INFO - ::endgroup::
