[2025-06-17T14:38:16.241+0900] {local_task_job_runner.py:123} INFO - ::group::Pre task execution logs
[2025-06-17T14:38:16.276+0900] {taskinstance.py:2614} INFO - Dependencies all met for dep_context=non-requeueable deps ti=<TaskInstance: image_ocr_v2.img_preprocess_task manual__2025-06-17T05:38:08.011941+00:00 map_index=1 [queued]>
[2025-06-17T14:38:16.288+0900] {taskinstance.py:2614} INFO - Dependencies all met for dep_context=requeueable deps ti=<TaskInstance: image_ocr_v2.img_preprocess_task manual__2025-06-17T05:38:08.011941+00:00 map_index=1 [queued]>
[2025-06-17T14:38:16.289+0900] {taskinstance.py:2867} INFO - Starting attempt 1 of 1
[2025-06-17T14:38:16.306+0900] {taskinstance.py:2890} INFO - Executing <Mapped(_PythonDecoratedOperator): img_preprocess_task> on 2025-06-17 05:38:08.011941+00:00
[2025-06-17T14:38:16.313+0900] {warnings.py:112} WARNING - /home/***/.local/lib/python3.12/site-packages/***/task/task_runner/standard_task_runner.py:70: DeprecationWarning: This process (pid=5671) is multi-threaded, use of fork() may lead to deadlocks in the child.
  pid = os.fork()

[2025-06-17T14:38:16.314+0900] {standard_task_runner.py:72} INFO - Started process 5730 to run task
[2025-06-17T14:38:16.315+0900] {standard_task_runner.py:104} INFO - Running: ['***', 'tasks', 'run', 'image_ocr_v2', 'img_preprocess_task', 'manual__2025-06-17T05:38:08.011941+00:00', '--job-id', '899', '--raw', '--subdir', 'DAGS_FOLDER/test_dag.py', '--cfg-path', '/tmp/tmpjfvu5hb_', '--map-index', '1']
[2025-06-17T14:38:16.318+0900] {standard_task_runner.py:105} INFO - Job 899: Subtask img_preprocess_task
[2025-06-17T14:38:16.363+0900] {task_command.py:467} INFO - Running <TaskInstance: image_ocr_v2.img_preprocess_task manual__2025-06-17T05:38:08.011941+00:00 map_index=1 [running]> on host f6d4228a9eb8
[2025-06-17T14:38:16.483+0900] {taskinstance.py:3134} INFO - Exporting env vars: AIRFLOW_CTX_DAG_OWNER='***' AIRFLOW_CTX_DAG_ID='image_ocr_v2' AIRFLOW_CTX_TASK_ID='img_preprocess_task' AIRFLOW_CTX_EXECUTION_DATE='2025-06-17T05:38:08.011941+00:00' AIRFLOW_CTX_TRY_NUMBER='1' AIRFLOW_CTX_DAG_RUN_ID='manual__2025-06-17T05:38:08.011941+00:00'
[2025-06-17T14:38:16.485+0900] {taskinstance.py:732} INFO - ::endgroup::
[2025-06-17T14:38:16.493+0900] {logging_mixin.py:190} INFO - empty map check {} {'process_id': '_793e1027-78f0-4338-830a-c0be3ac5c6a5_pre', 'folder_path': 'f842ac74-e4c2-4317-9a61-bea9fe154fdd/793e1027-78f0-4338-830a-c0be3ac5c6a5', 'step_list': [{'name': 'cache', 'param': {'key': 'origin'}}, {'name': 'calc_angle_set5', 'param': {'key': 'angle1', 'iterations': 4, 'iter_save': True}}, {'name': 'calc_angle_set2', 'param': {'key': 'angle2', 'iterations': 4, 'iter_save': True}}, {'name': 'threshold', 'param': {}}, {'name': 'save', 'param': {'key': 'classify_preprocess'}}], 'result_file_list': []}
[2025-06-17T14:38:16.495+0900] {logging_mixin.py:190} INFO - step : cache
[2025-06-17T14:38:16.497+0900] {logging_mixin.py:190} INFO - step : calc_angle_set5
[2025-06-17T14:38:31.101+0900] {logging_mixin.py:190} INFO - osd 1 -5.0 -5.0 0 0 [0, 0, 0, 0, 0, 0, 0, 0, 0, 0, 0, 0, 0, 0, 0, 0, 0, 0, 0, 0, 0, 0, 0, 0, 0, 0, 0, 0, 0, 0, 0, 0, 0, 0, 0, 0, 0, 0, 0, 0, 0]
[2025-06-17T14:38:31.716+0900] {logging_mixin.py:190} INFO - file_copy: /opt/***/data/temp/f842ac74-e4c2-4317-9a61-bea9fe154fdd/793e1027-78f0-4338-830a-c0be3ac5c6a5/rotate5_1_-5.0.png
[2025-06-17T14:38:51.657+0900] {logging_mixin.py:190} INFO - osd 2 -10.0 -5.0 0 0 [0, 0, 0, 0, 0, 0, 0, 0, 0, 0, 0, 0, 0, 0, 0, 0, 0, 0, 0, 0, 0, 0, 0, 0, 0, 0, 0, 0, 0, 0, 0, 0, 0, 0, 0, 0, 0, 0, 0, 0, 0]
[2025-06-17T14:38:52.152+0900] {logging_mixin.py:190} INFO - file_copy: /opt/***/data/temp/f842ac74-e4c2-4317-9a61-bea9fe154fdd/793e1027-78f0-4338-830a-c0be3ac5c6a5/rotate5_2_-5.0.png
[2025-06-17T14:39:15.705+0900] {logging_mixin.py:190} INFO - osd 3 -15.0 -5.0 0 0 [0, 0, 0, 0, 0, 0, 0, 0, 0, 0, 0, 0, 0, 0, 0, 0, 0, 0, 0, 0, 0, 0, 0, 0, 0, 0, 0, 0, 0, 0, 0, 0, 0, 0, 0, 0, 0, 0, 0, 0, 0]
[2025-06-17T14:39:16.532+0900] {logging_mixin.py:190} INFO - file_copy: /opt/***/data/temp/f842ac74-e4c2-4317-9a61-bea9fe154fdd/793e1027-78f0-4338-830a-c0be3ac5c6a5/rotate5_3_-5.0.png
[2025-06-17T14:39:46.721+0900] {logging_mixin.py:190} INFO - osd 4 -20.0 -5.0 0 0 [0, 0, 0, 0, 0, 0, 0, 0, 0, 0, 0, 0, 0, 0, 0, 0, 0, 0, 0, 0, 0, 0, 0, 0, 0, 0, 0, 0, 0, 0, 0, 0, 0, 0, 0, 0, 0, 0, 0, 0, 0]
[2025-06-17T14:39:47.009+0900] {logging_mixin.py:190} INFO - file_copy: /opt/***/data/temp/f842ac74-e4c2-4317-9a61-bea9fe154fdd/793e1027-78f0-4338-830a-c0be3ac5c6a5/rotate5_4_-5.0.png
[2025-06-17T14:39:47.020+0900] {logging_mixin.py:190} INFO - step : calc_angle_set2
[2025-06-17T14:39:51.351+0900] {logging_mixin.py:190} INFO - file_copy: /opt/***/data/temp/f842ac74-e4c2-4317-9a61-bea9fe154fdd/793e1027-78f0-4338-830a-c0be3ac5c6a5/rotate2_1.png
[2025-06-17T14:39:53.245+0900] {logging_mixin.py:190} INFO - osd 1 90 90 0.35 Arabic 2.2
[2025-06-17T14:39:57.799+0900] {logging_mixin.py:190} INFO - file_copy: /opt/***/data/temp/f842ac74-e4c2-4317-9a61-bea9fe154fdd/793e1027-78f0-4338-830a-c0be3ac5c6a5/rotate2_2.png
[2025-06-17T14:39:59.409+0900] {logging_mixin.py:190} INFO - osd 2 break  90 0 0.22 Arabic 3.33
[2025-06-17T14:39:59.409+0900] {logging_mixin.py:190} INFO - step : threshold
[2025-06-17T14:39:59.414+0900] {logging_mixin.py:190} INFO - step : save
[2025-06-17T14:39:59.442+0900] {logging_mixin.py:190} INFO - file_copy: /opt/***/data/temp/f842ac74-e4c2-4317-9a61-bea9fe154fdd/793e1027-78f0-4338-830a-c0be3ac5c6a5/classify_preprocess.png
[2025-06-17T14:39:59.445+0900] {python.py:240} INFO - Done. Returned value was: {'file_id': 'f842ac74-e4c2-4317-9a61-bea9fe154fdd', 'file_path': '/opt/***/data/upload/Gas Engine 점검일지_ 2021년 2월.pdf-image-011.jpg', 'result': {'process_id': '_793e1027-78f0-4338-830a-c0be3ac5c6a5_pre', 'folder_path': 'f842ac74-e4c2-4317-9a61-bea9fe154fdd/793e1027-78f0-4338-830a-c0be3ac5c6a5', 'step_list': [{'name': 'cache', 'param': {'key': 'origin'}}, {'name': 'calc_angle_set5', 'param': {'key': 'angle1', 'iterations': 4, 'iter_save': True}}, {'name': 'calc_angle_set2', 'param': {'key': 'angle2', 'iterations': 4, 'iter_save': True}}, {'name': 'threshold', 'param': {}}, {'name': 'save', 'param': {'key': 'classify_preprocess'}}], 'result_file_list': [{'key': 'rotate5_1_-5.0', 'path': '/opt/***/data/temp/f842ac74-e4c2-4317-9a61-bea9fe154fdd/793e1027-78f0-4338-830a-c0be3ac5c6a5/rotate5_1_-5.0.png'}, {'key': 'rotate5_2_-5.0', 'path': '/opt/***/data/temp/f842ac74-e4c2-4317-9a61-bea9fe154fdd/793e1027-78f0-4338-830a-c0be3ac5c6a5/rotate5_2_-5.0.png'}, {'key': 'rotate5_3_-5.0', 'path': '/opt/***/data/temp/f842ac74-e4c2-4317-9a61-bea9fe154fdd/793e1027-78f0-4338-830a-c0be3ac5c6a5/rotate5_3_-5.0.png'}, {'key': 'rotate5_4_-5.0', 'path': '/opt/***/data/temp/f842ac74-e4c2-4317-9a61-bea9fe154fdd/793e1027-78f0-4338-830a-c0be3ac5c6a5/rotate5_4_-5.0.png'}, {'key': 'rotate2_1', 'path': '/opt/***/data/temp/f842ac74-e4c2-4317-9a61-bea9fe154fdd/793e1027-78f0-4338-830a-c0be3ac5c6a5/rotate2_1.png'}, {'key': 'rotate2_2', 'path': '/opt/***/data/temp/f842ac74-e4c2-4317-9a61-bea9fe154fdd/793e1027-78f0-4338-830a-c0be3ac5c6a5/rotate2_2.png'}, {'key': 'classify_preprocess', 'path': '/opt/***/data/temp/f842ac74-e4c2-4317-9a61-bea9fe154fdd/793e1027-78f0-4338-830a-c0be3ac5c6a5/classify_preprocess.png'}]}}
[2025-06-17T14:39:59.471+0900] {taskinstance.py:341} INFO - ::group::Post task execution logs
[2025-06-17T14:39:59.472+0900] {taskinstance.py:353} INFO - Marking task as SUCCESS. dag_id=image_ocr_v2, task_id=img_preprocess_task, run_id=manual__2025-06-17T05:38:08.011941+00:00, map_index=1, execution_date=20250617T053808, start_date=20250617T053816, end_date=20250617T053959
[2025-06-17T14:39:59.529+0900] {local_task_job_runner.py:266} INFO - Task exited with return code 0
[2025-06-17T14:39:59.548+0900] {taskinstance.py:3901} INFO - 0 downstream tasks scheduled from follow-on schedule check
[2025-06-17T14:39:59.551+0900] {local_task_job_runner.py:245} INFO - ::endgroup::
