[2025-06-24T16:43:39.992+0900] {local_task_job_runner.py:123} INFO - ::group::Pre task execution logs
[2025-06-24T16:43:40.157+0900] {taskinstance.py:2614} INFO - Dependencies all met for dep_context=non-requeueable deps ti=<TaskInstance: lilt_document_classifier_balanced_V0.1.img_preprocess_task__1 manual__2025-06-24T07:39:02.784990+00:00 map_index=28 [queued]>
[2025-06-24T16:43:40.237+0900] {taskinstance.py:2614} INFO - Dependencies all met for dep_context=requeueable deps ti=<TaskInstance: lilt_document_classifier_balanced_V0.1.img_preprocess_task__1 manual__2025-06-24T07:39:02.784990+00:00 map_index=28 [queued]>
[2025-06-24T16:43:40.238+0900] {taskinstance.py:2867} INFO - Starting attempt 1 of 1
[2025-06-24T16:43:40.274+0900] {taskinstance.py:2890} INFO - Executing <Mapped(_PythonDecoratedOperator): img_preprocess_task__1> on 2025-06-24 07:39:02.784990+00:00
[2025-06-24T16:43:40.289+0900] {warnings.py:112} WARNING - /home/***/.local/lib/python3.12/site-packages/***/task/task_runner/standard_task_runner.py:70: DeprecationWarning: This process (pid=54772) is multi-threaded, use of fork() may lead to deadlocks in the child.
  pid = os.fork()

[2025-06-24T16:43:40.292+0900] {standard_task_runner.py:104} INFO - Running: ['***', 'tasks', 'run', 'lilt_document_classifier_balanced_V0.1', 'img_preprocess_task__1', 'manual__2025-06-24T07:39:02.784990+00:00', '--job-id', '4471', '--raw', '--subdir', 'DAGS_FOLDER/class_create_dag.py', '--cfg-path', '/tmp/tmpjyz6b9b8', '--map-index', '28']
[2025-06-24T16:43:40.301+0900] {standard_task_runner.py:105} INFO - Job 4471: Subtask img_preprocess_task__1
[2025-06-24T16:43:40.298+0900] {standard_task_runner.py:72} INFO - Started process 54798 to run task
[2025-06-24T16:43:40.528+0900] {task_command.py:467} INFO - Running <TaskInstance: lilt_document_classifier_balanced_V0.1.img_preprocess_task__1 manual__2025-06-24T07:39:02.784990+00:00 map_index=28 [running]> on host f6d4228a9eb8
[2025-06-24T16:43:40.848+0900] {taskinstance.py:3134} INFO - Exporting env vars: AIRFLOW_CTX_DAG_OWNER='***' AIRFLOW_CTX_DAG_ID='lilt_document_classifier_balanced_V0.1' AIRFLOW_CTX_TASK_ID='img_preprocess_task__1' AIRFLOW_CTX_EXECUTION_DATE='2025-06-24T07:39:02.784990+00:00' AIRFLOW_CTX_TRY_NUMBER='1' AIRFLOW_CTX_DAG_RUN_ID='manual__2025-06-24T07:39:02.784990+00:00'
[2025-06-24T16:43:40.854+0900] {taskinstance.py:732} INFO - ::endgroup::
[2025-06-24T16:43:40.862+0900] {logging_mixin.py:190} INFO - empty map check {} {'process_id': '_a2edc042-1112-4bf5-81fc-d18e7a1d5e4c_pre', 'folder_path': '27e15e34-80e3-4f5a-8a89-ebe15beb5588/a2edc042-1112-4bf5-81fc-d18e7a1d5e4c', 'step_list': [{'name': 'cache', 'param': {'key': 'origin'}}, {'name': 'calc_angle_set2', 'param': {'key': 'angle1', 'iterations': 4, 'iter_save': False}}, {'name': 'text_orientation_set', 'param': {'key': 'angle2', 'iterations': 4, 'iter_save': False}}, {'name': 'load', 'param': {'key': 'origin'}}, {'name': 'rotate', 'param': {'key': 'angle1'}}, {'name': 'rotate', 'param': {'key': 'angle2'}}], 'result_file_map': {}}
[2025-06-24T16:43:40.867+0900] {logging_mixin.py:190} INFO - step : cache
[2025-06-24T16:43:40.871+0900] {logging_mixin.py:190} INFO - step : calc_angle_set2
[2025-06-24T16:43:44.476+0900] {logging_mixin.py:190} INFO - osd 1 -5.0 -5.0 0 364344 [364344, 350389, 335325, 320256, 302753, 287851, 273084, 259709, 246926, 233829, 218926, 207741, 196958, 186426, 174885, 165158, 154591, 143437, 130699, 119671, 105756, 116373, 126301, 138349, 148358, 158408, 168053, 179356, 189634, 200069, 211507, 226577, 239603, 252874, 267264, 281469, 296289, 313240, 328772, 344766, 358387]
[2025-06-24T16:43:51.426+0900] {logging_mixin.py:190} INFO - osd 2 -0.25 4.75 39 96694 [68044, 68237, 68764, 68886, 69259, 69287, 69864, 70122, 70716, 70396, 71130, 71355, 71603, 71995, 72771, 72691, 73302, 73874, 74343, 75038, 73537, 76235, 77705, 78091, 78553, 79579, 80544, 82006, 82821, 83616, 84836, 85679, 86721, 87003, 88424, 90230, 91457, 94054, 95035, 96694, 96016]
[2025-06-24T16:43:57.089+0900] {logging_mixin.py:190} INFO - osd 3 0.0 0.25 21 85932 [66133, 65991, 66800, 67628, 68490, 68644, 69870, 71184, 71401, 72276, 73626, 73922, 75794, 76507, 77809, 78785, 79583, 81619, 82758, 85038, 84406, 85932, 83313, 80933, 78262, 76880, 74682, 73377, 72647, 71002, 69727, 69188, 68079, 67223, 66170, 66389, 65910, 64469, 63907, 63699, 63487]
[2025-06-24T16:44:04.300+0900] {logging_mixin.py:190} INFO - osd 4 -0.25 -0.25 19 85241 [65138, 66563, 66926, 67266, 68195, 69498, 70105, 71058, 71533, 72891, 74292, 75065, 76012, 76722, 77980, 79167, 80825, 82360, 83389, 85241, 84386, 82764, 79802, 77686, 75688, 73889, 72442, 71703, 69989, 68921, 69080, 67469, 66954, 65603, 65153, 64556, 64259, 63695, 62718, 62891, 61558]
[2025-06-24T16:44:04.338+0900] {logging_mixin.py:190} INFO - step : text_orientation_set
[2025-06-24T16:44:09.788+0900] {logging_mixin.py:190} INFO - Tesseract OSD Error: (1, 'Estimating resolution as 222 Warning. Invalid resolution 0 dpi. Using 70 instead. Too few characters. Skipping this page Error during processing.')
[2025-06-24T16:44:09.792+0900] {logging_mixin.py:190} INFO - step : load
[2025-06-24T16:44:09.793+0900] {logging_mixin.py:190} INFO - step : rotate
[2025-06-24T16:44:09.854+0900] {logging_mixin.py:190} INFO - step : rotate
[2025-06-24T16:44:10.005+0900] {logging_mixin.py:190} INFO - file_copy: /opt/***/data/temp/27e15e34-80e3-4f5a-8a89-ebe15beb5588/a2edc042-1112-4bf5-81fc-d18e7a1d5e4c/_result.png
[2025-06-24T16:44:10.024+0900] {python.py:240} INFO - Done. Returned value was: {'file_id': '27e15e34-80e3-4f5a-8a89-ebe15beb5588', 'file_path': '/opt/***/data/class/a_class/classify/ready/false/copied_75_507144163+-4163.png', 'false': {'process_id': '_a2edc042-1112-4bf5-81fc-d18e7a1d5e4c_pre', 'folder_path': '27e15e34-80e3-4f5a-8a89-ebe15beb5588/a2edc042-1112-4bf5-81fc-d18e7a1d5e4c', 'step_list': [{'name': 'cache', 'param': {'key': 'origin'}}, {'name': 'calc_angle_set2', 'param': {'key': 'angle1', 'iterations': 4, 'iter_save': False}}, {'name': 'text_orientation_set', 'param': {'key': 'angle2', 'iterations': 4, 'iter_save': False}}, {'name': 'load', 'param': {'key': 'origin'}}, {'name': 'rotate', 'param': {'key': 'angle1'}}, {'name': 'rotate', 'param': {'key': 'angle2'}}], 'result_file_map': {'_result': '/opt/***/data/temp/27e15e34-80e3-4f5a-8a89-ebe15beb5588/a2edc042-1112-4bf5-81fc-d18e7a1d5e4c/_result.png'}}}
[2025-06-24T16:44:10.082+0900] {taskinstance.py:341} INFO - ::group::Post task execution logs
[2025-06-24T16:44:10.082+0900] {taskinstance.py:353} INFO - Marking task as SUCCESS. dag_id=lilt_document_classifier_balanced_V0.1, task_id=img_preprocess_task__1, run_id=manual__2025-06-24T07:39:02.784990+00:00, map_index=28, execution_date=20250624T073902, start_date=20250624T074340, end_date=20250624T074410
[2025-06-24T16:44:10.192+0900] {local_task_job_runner.py:266} INFO - Task exited with return code 0
[2025-06-24T16:44:10.283+0900] {taskinstance.py:3901} INFO - 0 downstream tasks scheduled from follow-on schedule check
[2025-06-24T16:44:10.318+0900] {local_task_job_runner.py:245} INFO - ::endgroup::
[2025-06-24T16:44:10.339+0900] {standard_task_runner.py:217} INFO - Process not found (most likely exited), stop collecting metrics
