[2025-06-23T09:46:19.248+0900] {local_task_job_runner.py:123} INFO - ::group::Pre task execution logs
[2025-06-23T09:46:19.352+0900] {taskinstance.py:2614} INFO - Dependencies all met for dep_context=non-requeueable deps ti=<TaskInstance: lilt_document_classifier_balanced_V0.1.img_preprocess_task__1 manual__2025-06-23T00:42:21.868462+00:00 map_index=64 [queued]>
[2025-06-23T09:46:19.379+0900] {taskinstance.py:2614} INFO - Dependencies all met for dep_context=requeueable deps ti=<TaskInstance: lilt_document_classifier_balanced_V0.1.img_preprocess_task__1 manual__2025-06-23T00:42:21.868462+00:00 map_index=64 [queued]>
[2025-06-23T09:46:19.381+0900] {taskinstance.py:2867} INFO - Starting attempt 1 of 1
[2025-06-23T09:46:19.449+0900] {taskinstance.py:2890} INFO - Executing <Mapped(_PythonDecoratedOperator): img_preprocess_task__1> on 2025-06-23 00:42:21.868462+00:00
[2025-06-23T09:46:19.491+0900] {warnings.py:112} WARNING - /home/***/.local/lib/python3.12/site-packages/***/task/task_runner/standard_task_runner.py:70: DeprecationWarning: This process (pid=83282) is multi-threaded, use of fork() may lead to deadlocks in the child.
  pid = os.fork()

[2025-06-23T09:46:19.493+0900] {standard_task_runner.py:104} INFO - Running: ['***', 'tasks', 'run', 'lilt_document_classifier_balanced_V0.1', 'img_preprocess_task__1', 'manual__2025-06-23T00:42:21.868462+00:00', '--job-id', '2018', '--raw', '--subdir', 'DAGS_FOLDER/class_create_dag.py', '--cfg-path', '/tmp/tmpitksunem', '--map-index', '64']
[2025-06-23T09:46:19.501+0900] {standard_task_runner.py:105} INFO - Job 2018: Subtask img_preprocess_task__1
[2025-06-23T09:46:19.496+0900] {standard_task_runner.py:72} INFO - Started process 83361 to run task
[2025-06-23T09:46:19.682+0900] {task_command.py:467} INFO - Running <TaskInstance: lilt_document_classifier_balanced_V0.1.img_preprocess_task__1 manual__2025-06-23T00:42:21.868462+00:00 map_index=64 [running]> on host f6d4228a9eb8
[2025-06-23T09:46:20.064+0900] {taskinstance.py:3134} INFO - Exporting env vars: AIRFLOW_CTX_DAG_OWNER='***' AIRFLOW_CTX_DAG_ID='lilt_document_classifier_balanced_V0.1' AIRFLOW_CTX_TASK_ID='img_preprocess_task__1' AIRFLOW_CTX_EXECUTION_DATE='2025-06-23T00:42:21.868462+00:00' AIRFLOW_CTX_TRY_NUMBER='1' AIRFLOW_CTX_DAG_RUN_ID='manual__2025-06-23T00:42:21.868462+00:00'
[2025-06-23T09:46:20.070+0900] {taskinstance.py:732} INFO - ::endgroup::
[2025-06-23T09:46:20.088+0900] {logging_mixin.py:190} INFO - empty map check {} {'process_id': '_a5bdbccd-c2c5-4592-8c22-0a3114e0699f_pre', 'folder_path': 'c4c73b9d-447a-428a-bbb1-ae8577b94ba9/a5bdbccd-c2c5-4592-8c22-0a3114e0699f', 'step_list': [{'name': 'cache', 'param': {'key': 'origin'}}, {'name': 'calc_angle_set1', 'param': {'key': 'angle1', 'iterations': 4, 'iter_save': False}}, {'name': 'text_orientation_set', 'param': {'key': 'angle2', 'iterations': 4, 'iter_save': False}}, {'name': 'load', 'param': {'key': 'origin'}}, {'name': 'rotate', 'param': {'key': 'angle1'}}, {'name': 'rotate', 'param': {'key': 'angle2'}}], 'result_file_map': {}}
[2025-06-23T09:46:20.089+0900] {logging_mixin.py:190} INFO - step : cache
[2025-06-23T09:46:20.096+0900] {logging_mixin.py:190} INFO - step : calc_angle_set1
[2025-06-23T09:46:20.216+0900] {logging_mixin.py:190} INFO - step : text_orientation_set
[2025-06-23T09:46:25.355+0900] {logging_mixin.py:190} INFO - osd 1 180 180 2.06 Cyrillic 1.15
[2025-06-23T09:46:39.814+0900] {logging_mixin.py:190} INFO - osd 2 break  180 0 2.27 Cyrillic 1.36
[2025-06-23T09:46:39.818+0900] {logging_mixin.py:190} INFO - step : load
[2025-06-23T09:46:39.829+0900] {logging_mixin.py:190} INFO - step : rotate
[2025-06-23T09:46:39.882+0900] {logging_mixin.py:190} INFO - step : rotate
[2025-06-23T09:46:40.646+0900] {logging_mixin.py:190} INFO - file_copy: /opt/***/data/temp/c4c73b9d-447a-428a-bbb1-ae8577b94ba9/a5bdbccd-c2c5-4592-8c22-0a3114e0699f/_result.png
[2025-06-23T09:46:40.666+0900] {python.py:240} INFO - Done. Returned value was: {'file_id': 'c4c73b9d-447a-428a-bbb1-ae8577b94ba9', 'file_path': '/opt/***/data/class/a_class/classify/ready/false/copied_32_1004800186_1004800216.png', 'false': {'process_id': '_a5bdbccd-c2c5-4592-8c22-0a3114e0699f_pre', 'folder_path': 'c4c73b9d-447a-428a-bbb1-ae8577b94ba9/a5bdbccd-c2c5-4592-8c22-0a3114e0699f', 'step_list': [{'name': 'cache', 'param': {'key': 'origin'}}, {'name': 'calc_angle_set1', 'param': {'key': 'angle1', 'iterations': 4, 'iter_save': False}}, {'name': 'text_orientation_set', 'param': {'key': 'angle2', 'iterations': 4, 'iter_save': False}}, {'name': 'load', 'param': {'key': 'origin'}}, {'name': 'rotate', 'param': {'key': 'angle1'}}, {'name': 'rotate', 'param': {'key': 'angle2'}}], 'result_file_map': {'_result': '/opt/***/data/temp/c4c73b9d-447a-428a-bbb1-ae8577b94ba9/a5bdbccd-c2c5-4592-8c22-0a3114e0699f/_result.png'}}}
[2025-06-23T09:46:40.794+0900] {taskinstance.py:341} INFO - ::group::Post task execution logs
[2025-06-23T09:46:40.814+0900] {taskinstance.py:353} INFO - Marking task as SUCCESS. dag_id=lilt_document_classifier_balanced_V0.1, task_id=img_preprocess_task__1, run_id=manual__2025-06-23T00:42:21.868462+00:00, map_index=64, execution_date=20250623T004221, start_date=20250623T004619, end_date=20250623T004640
[2025-06-23T09:46:41.117+0900] {local_task_job_runner.py:266} INFO - Task exited with return code 0
[2025-06-23T09:46:41.132+0900] {local_task_job_runner.py:245} INFO - ::endgroup::
