[2025-06-12T07:29:47.592+0000] {local_task_job_runner.py:123} INFO - ::group::Pre task execution logs
[2025-06-12T07:29:47.607+0000] {taskinstance.py:2614} INFO - Dependencies all met for dep_context=non-requeueable deps ti=<TaskInstance: layoutxlm_document_classifier_balanced.count_images manual__2025-06-12T07:29:42.803943+00:00 [queued]>
[2025-06-12T07:29:47.614+0000] {taskinstance.py:2614} INFO - Dependencies all met for dep_context=requeueable deps ti=<TaskInstance: layoutxlm_document_classifier_balanced.count_images manual__2025-06-12T07:29:42.803943+00:00 [queued]>
[2025-06-12T07:29:47.615+0000] {taskinstance.py:2867} INFO - Starting attempt 1 of 1
[2025-06-12T07:29:47.629+0000] {taskinstance.py:2890} INFO - Executing <Task(_PythonDecoratedOperator): count_images> on 2025-06-12 07:29:42.803943+00:00
[2025-06-12T07:29:47.638+0000] {warnings.py:112} WARNING - /home/***/.local/lib/python3.12/site-packages/***/task/task_runner/standard_task_runner.py:70: DeprecationWarning: This process (pid=89) is multi-threaded, use of fork() may lead to deadlocks in the child.
  pid = os.fork()

[2025-06-12T07:29:47.641+0000] {standard_task_runner.py:72} INFO - Started process 90 to run task
[2025-06-12T07:29:47.641+0000] {standard_task_runner.py:104} INFO - Running: ['***', 'tasks', 'run', 'layoutxlm_document_classifier_balanced', 'count_images', 'manual__2025-06-12T07:29:42.803943+00:00', '--job-id', '3', '--raw', '--subdir', 'DAGS_FOLDER/class_create_dag.py', '--cfg-path', '/tmp/tmpat7u3va4']
[2025-06-12T07:29:47.645+0000] {standard_task_runner.py:105} INFO - Job 3: Subtask count_images
[2025-06-12T07:29:47.789+0000] {task_command.py:467} INFO - Running <TaskInstance: layoutxlm_document_classifier_balanced.count_images manual__2025-06-12T07:29:42.803943+00:00 [running]> on host 3bba39ea9ba5
[2025-06-12T07:29:48.073+0000] {taskinstance.py:3134} INFO - Exporting env vars: AIRFLOW_CTX_DAG_OWNER='***' AIRFLOW_CTX_DAG_ID='layoutxlm_document_classifier_balanced' AIRFLOW_CTX_TASK_ID='count_images' AIRFLOW_CTX_EXECUTION_DATE='2025-06-12T07:29:42.803943+00:00' AIRFLOW_CTX_TRY_NUMBER='1' AIRFLOW_CTX_DAG_RUN_ID='manual__2025-06-12T07:29:42.803943+00:00'
[2025-06-12T07:29:48.077+0000] {taskinstance.py:732} INFO - ::endgroup::
[2025-06-12T07:29:48.098+0000] {logging_mixin.py:190} INFO - TRUE_IMAGE_DIR 파일 개수: 18
[2025-06-12T07:29:48.100+0000] {logging_mixin.py:190} INFO - FALSE_IMAGE_DIR 파일 개수: 0
[2025-06-12T07:29:48.102+0000] {logging_mixin.py:190} INFO - NONE_DOC_IMAGE_DIR 파일 개수: 0
[2025-06-12T07:29:48.103+0000] {python.py:240} INFO - Done. Returned value was: {'true_count': 18, 'false_count': 0, 'none_doc_count': 0}
[2025-06-12T07:29:48.182+0000] {taskinstance.py:341} INFO - ::group::Post task execution logs
[2025-06-12T07:29:48.184+0000] {taskinstance.py:353} INFO - Marking task as SUCCESS. dag_id=layoutxlm_document_classifier_balanced, task_id=count_images, run_id=manual__2025-06-12T07:29:42.803943+00:00, execution_date=20250612T072942, start_date=20250612T072947, end_date=20250612T072948
[2025-06-12T07:29:48.315+0000] {local_task_job_runner.py:266} INFO - Task exited with return code 0
[2025-06-12T07:29:48.344+0000] {local_task_job_runner.py:245} INFO - ::endgroup::
