[2025-06-24T15:55:24.669+0900] {local_task_job_runner.py:123} INFO - ::group::Pre task execution logs
[2025-06-24T15:55:24.865+0900] {taskinstance.py:2614} INFO - Dependencies all met for dep_context=non-requeueable deps ti=<TaskInstance: lilt_document_classifier_balanced_V0.1.img_preprocess_task__1 manual__2025-06-24T06:53:42.323966+00:00 map_index=8 [queued]>
[2025-06-24T15:55:25.027+0900] {taskinstance.py:2614} INFO - Dependencies all met for dep_context=requeueable deps ti=<TaskInstance: lilt_document_classifier_balanced_V0.1.img_preprocess_task__1 manual__2025-06-24T06:53:42.323966+00:00 map_index=8 [queued]>
[2025-06-24T15:55:25.032+0900] {taskinstance.py:2867} INFO - Starting attempt 1 of 1
[2025-06-24T15:55:25.104+0900] {taskinstance.py:2890} INFO - Executing <Mapped(_PythonDecoratedOperator): img_preprocess_task__1> on 2025-06-24 06:53:42.323966+00:00
[2025-06-24T15:55:25.132+0900] {warnings.py:112} WARNING - /home/***/.local/lib/python3.12/site-packages/***/task/task_runner/standard_task_runner.py:70: DeprecationWarning: This process (pid=47812) is multi-threaded, use of fork() may lead to deadlocks in the child.
  pid = os.fork()

[2025-06-24T15:55:25.136+0900] {standard_task_runner.py:72} INFO - Started process 47842 to run task
[2025-06-24T15:55:25.141+0900] {standard_task_runner.py:104} INFO - Running: ['***', 'tasks', 'run', 'lilt_document_classifier_balanced_V0.1', 'img_preprocess_task__1', 'manual__2025-06-24T06:53:42.323966+00:00', '--job-id', '4236', '--raw', '--subdir', 'DAGS_FOLDER/class_create_dag.py', '--cfg-path', '/tmp/tmpaijsbfou', '--map-index', '8']
[2025-06-24T15:55:25.146+0900] {standard_task_runner.py:105} INFO - Job 4236: Subtask img_preprocess_task__1
[2025-06-24T15:55:25.209+0900] {task_command.py:467} INFO - Running <TaskInstance: lilt_document_classifier_balanced_V0.1.img_preprocess_task__1 manual__2025-06-24T06:53:42.323966+00:00 map_index=8 [running]> on host f6d4228a9eb8
[2025-06-24T15:55:25.418+0900] {taskinstance.py:3134} INFO - Exporting env vars: AIRFLOW_CTX_DAG_OWNER='***' AIRFLOW_CTX_DAG_ID='lilt_document_classifier_balanced_V0.1' AIRFLOW_CTX_TASK_ID='img_preprocess_task__1' AIRFLOW_CTX_EXECUTION_DATE='2025-06-24T06:53:42.323966+00:00' AIRFLOW_CTX_TRY_NUMBER='1' AIRFLOW_CTX_DAG_RUN_ID='manual__2025-06-24T06:53:42.323966+00:00'
[2025-06-24T15:55:25.431+0900] {taskinstance.py:732} INFO - ::endgroup::
[2025-06-24T15:55:25.450+0900] {logging_mixin.py:190} INFO - empty map check {} {'process_id': '_9912cb79-fa9d-4a5b-b520-4d49a22046a9_pre', 'folder_path': 'f165b2c0-8e49-4deb-a7cd-8eb74ac10e2d/9912cb79-fa9d-4a5b-b520-4d49a22046a9', 'step_list': [{'name': 'cache', 'param': {'key': 'origin'}}, {'name': 'calc_angle_set2', 'param': {'key': 'angle1', 'iterations': 4, 'iter_save': False}}, {'name': 'text_orientation_set', 'param': {'key': 'angle2', 'iterations': 4, 'iter_save': False}}, {'name': 'load', 'param': {'key': 'origin'}}, {'name': 'rotate', 'param': {'key': 'angle1'}}, {'name': 'rotate', 'param': {'key': 'angle2'}}], 'result_file_map': {}}
[2025-06-24T15:55:25.461+0900] {logging_mixin.py:190} INFO - step : cache
[2025-06-24T15:55:25.463+0900] {logging_mixin.py:190} INFO - step : calc_angle_set2
[2025-06-24T15:55:30.924+0900] {logging_mixin.py:190} INFO - osd 1 0.0 0.0 20 21135 [637, 696, 730, 812, 878, 964, 995, 1037, 1165, 1538, 2613, 3915, 5269, 6915, 8437, 9979, 11141, 12531, 15286, 18290, 21135, 19119, 15417, 12984, 11352, 9980, 8625, 7084, 5465, 4144, 2665, 1693, 1267, 1052, 1025, 948, 887, 794, 829, 662, 645]
[2025-06-24T15:55:36.720+0900] {logging_mixin.py:190} INFO - osd 2 0.0 0.0 20 21135 [637, 696, 730, 812, 878, 964, 995, 1037, 1165, 1538, 2613, 3915, 5269, 6915, 8437, 9979, 11141, 12531, 15286, 18290, 21135, 19119, 15417, 12984, 11352, 9980, 8625, 7084, 5465, 4144, 2665, 1693, 1267, 1052, 1025, 948, 887, 794, 829, 662, 645]
[2025-06-24T15:55:41.812+0900] {logging_mixin.py:190} INFO - osd 3 0.0 0.0 20 21135 [637, 696, 730, 812, 878, 964, 995, 1037, 1165, 1538, 2613, 3915, 5269, 6915, 8437, 9979, 11141, 12531, 15286, 18290, 21135, 19119, 15417, 12984, 11352, 9980, 8625, 7084, 5465, 4144, 2665, 1693, 1267, 1052, 1025, 948, 887, 794, 829, 662, 645]
[2025-06-24T15:55:47.316+0900] {logging_mixin.py:190} INFO - osd 4 0.0 0.0 20 21135 [637, 696, 730, 812, 878, 964, 995, 1037, 1165, 1538, 2613, 3915, 5269, 6915, 8437, 9979, 11141, 12531, 15286, 18290, 21135, 19119, 15417, 12984, 11352, 9980, 8625, 7084, 5465, 4144, 2665, 1693, 1267, 1052, 1025, 948, 887, 794, 829, 662, 645]
[2025-06-24T15:55:47.473+0900] {logging_mixin.py:190} INFO - step : text_orientation_set
[2025-06-24T15:55:56.464+0900] {logging_mixin.py:190} INFO - osd 1 break  0 0 5.0 Arabic 0.2
[2025-06-24T15:55:56.466+0900] {logging_mixin.py:190} INFO - step : load
[2025-06-24T15:55:56.474+0900] {logging_mixin.py:190} INFO - step : rotate
[2025-06-24T15:55:56.488+0900] {logging_mixin.py:190} INFO - step : rotate
[2025-06-24T15:55:56.921+0900] {logging_mixin.py:190} INFO - file_copy: /opt/***/data/temp/f165b2c0-8e49-4deb-a7cd-8eb74ac10e2d/9912cb79-fa9d-4a5b-b520-4d49a22046a9/_result.png
[2025-06-24T15:55:56.971+0900] {python.py:240} INFO - Done. Returned value was: {'file_id': 'f165b2c0-8e49-4deb-a7cd-8eb74ac10e2d', 'file_path': '/opt/***/data/class/a_class/classify/ready/false/copied_80_2063851438.png', 'false': {'process_id': '_9912cb79-fa9d-4a5b-b520-4d49a22046a9_pre', 'folder_path': 'f165b2c0-8e49-4deb-a7cd-8eb74ac10e2d/9912cb79-fa9d-4a5b-b520-4d49a22046a9', 'step_list': [{'name': 'cache', 'param': {'key': 'origin'}}, {'name': 'calc_angle_set2', 'param': {'key': 'angle1', 'iterations': 4, 'iter_save': False}}, {'name': 'text_orientation_set', 'param': {'key': 'angle2', 'iterations': 4, 'iter_save': False}}, {'name': 'load', 'param': {'key': 'origin'}}, {'name': 'rotate', 'param': {'key': 'angle1'}}, {'name': 'rotate', 'param': {'key': 'angle2'}}], 'result_file_map': {'_result': '/opt/***/data/temp/f165b2c0-8e49-4deb-a7cd-8eb74ac10e2d/9912cb79-fa9d-4a5b-b520-4d49a22046a9/_result.png'}}}
[2025-06-24T15:55:57.041+0900] {taskinstance.py:341} INFO - ::group::Post task execution logs
[2025-06-24T15:55:57.042+0900] {taskinstance.py:353} INFO - Marking task as SUCCESS. dag_id=lilt_document_classifier_balanced_V0.1, task_id=img_preprocess_task__1, run_id=manual__2025-06-24T06:53:42.323966+00:00, map_index=8, execution_date=20250624T065342, start_date=20250624T065524, end_date=20250624T065557
[2025-06-24T15:55:57.319+0900] {local_task_job_runner.py:266} INFO - Task exited with return code 0
[2025-06-24T15:55:57.357+0900] {taskinstance.py:3901} INFO - 0 downstream tasks scheduled from follow-on schedule check
[2025-06-24T15:55:57.364+0900] {local_task_job_runner.py:245} INFO - ::endgroup::
