[2025-06-23T10:27:32.022+0900] {local_task_job_runner.py:123} INFO - ::group::Pre task execution logs
[2025-06-23T10:27:32.078+0900] {taskinstance.py:2614} INFO - Dependencies all met for dep_context=non-requeueable deps ti=<TaskInstance: lilt_document_classifier_balanced_V0.1.img_preprocess_task__1 manual__2025-06-23T01:24:40.043171+00:00 map_index=38 [queued]>
[2025-06-23T10:27:32.099+0900] {taskinstance.py:2614} INFO - Dependencies all met for dep_context=requeueable deps ti=<TaskInstance: lilt_document_classifier_balanced_V0.1.img_preprocess_task__1 manual__2025-06-23T01:24:40.043171+00:00 map_index=38 [queued]>
[2025-06-23T10:27:32.099+0900] {taskinstance.py:2867} INFO - Starting attempt 1 of 1
[2025-06-23T10:27:32.118+0900] {taskinstance.py:2890} INFO - Executing <Mapped(_PythonDecoratedOperator): img_preprocess_task__1> on 2025-06-23 01:24:40.043171+00:00
[2025-06-23T10:27:32.148+0900] {warnings.py:112} WARNING - /home/***/.local/lib/python3.12/site-packages/***/task/task_runner/standard_task_runner.py:70: DeprecationWarning: This process (pid=86512) is multi-threaded, use of fork() may lead to deadlocks in the child.
  pid = os.fork()

[2025-06-23T10:27:32.155+0900] {standard_task_runner.py:72} INFO - Started process 86580 to run task
[2025-06-23T10:27:32.159+0900] {standard_task_runner.py:104} INFO - Running: ['***', 'tasks', 'run', 'lilt_document_classifier_balanced_V0.1', 'img_preprocess_task__1', 'manual__2025-06-23T01:24:40.043171+00:00', '--job-id', '2162', '--raw', '--subdir', 'DAGS_FOLDER/class_create_dag.py', '--cfg-path', '/tmp/tmpnzzjyrhl', '--map-index', '38']
[2025-06-23T10:27:32.165+0900] {standard_task_runner.py:105} INFO - Job 2162: Subtask img_preprocess_task__1
[2025-06-23T10:27:32.326+0900] {task_command.py:467} INFO - Running <TaskInstance: lilt_document_classifier_balanced_V0.1.img_preprocess_task__1 manual__2025-06-23T01:24:40.043171+00:00 map_index=38 [running]> on host f6d4228a9eb8
[2025-06-23T10:27:32.654+0900] {taskinstance.py:3134} INFO - Exporting env vars: AIRFLOW_CTX_DAG_OWNER='***' AIRFLOW_CTX_DAG_ID='lilt_document_classifier_balanced_V0.1' AIRFLOW_CTX_TASK_ID='img_preprocess_task__1' AIRFLOW_CTX_EXECUTION_DATE='2025-06-23T01:24:40.043171+00:00' AIRFLOW_CTX_TRY_NUMBER='1' AIRFLOW_CTX_DAG_RUN_ID='manual__2025-06-23T01:24:40.043171+00:00'
[2025-06-23T10:27:32.661+0900] {taskinstance.py:732} INFO - ::endgroup::
[2025-06-23T10:27:32.678+0900] {logging_mixin.py:190} INFO - empty map check {} {'process_id': '_1043ff50-7d96-4b86-9e03-3d40b29b4a82_pre', 'folder_path': '4fc1609b-c323-4a37-baa0-523cff1f2394/1043ff50-7d96-4b86-9e03-3d40b29b4a82', 'step_list': [{'name': 'cache', 'param': {'key': 'origin'}}, {'name': 'calc_angle_set1', 'param': {'key': 'angle1', 'iterations': 4, 'iter_save': False}}, {'name': 'text_orientation_set', 'param': {'key': 'angle2', 'iterations': 4, 'iter_save': False}}, {'name': 'load', 'param': {'key': 'origin'}}, {'name': 'rotate', 'param': {'key': 'angle1'}}, {'name': 'rotate', 'param': {'key': 'angle2'}}], 'result_file_map': {}}
[2025-06-23T10:27:32.681+0900] {logging_mixin.py:190} INFO - step : cache
[2025-06-23T10:27:32.689+0900] {logging_mixin.py:190} INFO - step : calc_angle_set1
[2025-06-23T10:27:32.744+0900] {logging_mixin.py:190} INFO - step : text_orientation_set
[2025-06-23T10:27:37.677+0900] {logging_mixin.py:190} INFO - osd 1 180 180 0.63 Latin 4.67
[2025-06-23T10:27:43.536+0900] {logging_mixin.py:190} INFO - osd 2 break  180 0 0.38 Latin 2.0
[2025-06-23T10:27:43.539+0900] {logging_mixin.py:190} INFO - step : load
[2025-06-23T10:27:43.539+0900] {logging_mixin.py:190} INFO - step : rotate
[2025-06-23T10:27:43.548+0900] {logging_mixin.py:190} INFO - step : rotate
[2025-06-23T10:27:43.625+0900] {logging_mixin.py:190} INFO - file_copy: /opt/***/data/temp/4fc1609b-c323-4a37-baa0-523cff1f2394/1043ff50-7d96-4b86-9e03-3d40b29b4a82/_result.png
[2025-06-23T10:27:43.635+0900] {python.py:240} INFO - Done. Returned value was: {'file_id': '4fc1609b-c323-4a37-baa0-523cff1f2394', 'file_path': '/opt/***/data/class/a_class/classify/ready/false/copied_81_2501385065_2501385097.png', 'false': {'process_id': '_1043ff50-7d96-4b86-9e03-3d40b29b4a82_pre', 'folder_path': '4fc1609b-c323-4a37-baa0-523cff1f2394/1043ff50-7d96-4b86-9e03-3d40b29b4a82', 'step_list': [{'name': 'cache', 'param': {'key': 'origin'}}, {'name': 'calc_angle_set1', 'param': {'key': 'angle1', 'iterations': 4, 'iter_save': False}}, {'name': 'text_orientation_set', 'param': {'key': 'angle2', 'iterations': 4, 'iter_save': False}}, {'name': 'load', 'param': {'key': 'origin'}}, {'name': 'rotate', 'param': {'key': 'angle1'}}, {'name': 'rotate', 'param': {'key': 'angle2'}}], 'result_file_map': {'_result': '/opt/***/data/temp/4fc1609b-c323-4a37-baa0-523cff1f2394/1043ff50-7d96-4b86-9e03-3d40b29b4a82/_result.png'}}}
[2025-06-23T10:27:43.730+0900] {taskinstance.py:341} INFO - ::group::Post task execution logs
[2025-06-23T10:27:43.731+0900] {taskinstance.py:353} INFO - Marking task as SUCCESS. dag_id=lilt_document_classifier_balanced_V0.1, task_id=img_preprocess_task__1, run_id=manual__2025-06-23T01:24:40.043171+00:00, map_index=38, execution_date=20250623T012440, start_date=20250623T012732, end_date=20250623T012743
[2025-06-23T10:27:43.918+0900] {local_task_job_runner.py:266} INFO - Task exited with return code 0
[2025-06-23T10:27:44.009+0900] {taskinstance.py:3901} INFO - 0 downstream tasks scheduled from follow-on schedule check
[2025-06-23T10:27:44.017+0900] {local_task_job_runner.py:245} INFO - ::endgroup::
