[2025-06-23T16:27:35.451+0900] {local_task_job_runner.py:123} INFO - ::group::Pre task execution logs
[2025-06-23T16:27:35.489+0900] {taskinstance.py:2614} INFO - Dependencies all met for dep_context=non-requeueable deps ti=<TaskInstance: lilt_document_classifier_balanced_b_class_V0.1.img_preprocess_task__1 manual__2025-06-23T06:58:09.542610+00:00 map_index=46 [queued]>
[2025-06-23T16:27:35.523+0900] {taskinstance.py:2614} INFO - Dependencies all met for dep_context=requeueable deps ti=<TaskInstance: lilt_document_classifier_balanced_b_class_V0.1.img_preprocess_task__1 manual__2025-06-23T06:58:09.542610+00:00 map_index=46 [queued]>
[2025-06-23T16:27:35.524+0900] {taskinstance.py:2867} INFO - Starting attempt 1 of 1
[2025-06-23T16:27:35.546+0900] {taskinstance.py:2890} INFO - Executing <Mapped(_PythonDecoratedOperator): img_preprocess_task__1> on 2025-06-23 06:58:09.542610+00:00
[2025-06-23T16:27:35.615+0900] {warnings.py:112} WARNING - /home/***/.local/lib/python3.12/site-packages/***/task/task_runner/standard_task_runner.py:70: DeprecationWarning: This process (pid=7707) is multi-threaded, use of fork() may lead to deadlocks in the child.
  pid = os.fork()

[2025-06-23T16:27:35.629+0900] {standard_task_runner.py:72} INFO - Started process 7726 to run task
[2025-06-23T16:27:35.615+0900] {standard_task_runner.py:104} INFO - Running: ['***', 'tasks', 'run', 'lilt_document_classifier_balanced_b_class_V0.1', 'img_preprocess_task__1', 'manual__2025-06-23T06:58:09.542610+00:00', '--job-id', '3398', '--raw', '--subdir', 'DAGS_FOLDER/class_create_dag_b_class.py', '--cfg-path', '/tmp/tmp3ukgvhoz', '--map-index', '46']
[2025-06-23T16:27:35.636+0900] {standard_task_runner.py:105} INFO - Job 3398: Subtask img_preprocess_task__1
[2025-06-23T16:27:35.748+0900] {task_command.py:467} INFO - Running <TaskInstance: lilt_document_classifier_balanced_b_class_V0.1.img_preprocess_task__1 manual__2025-06-23T06:58:09.542610+00:00 map_index=46 [running]> on host f6d4228a9eb8
[2025-06-23T16:27:36.170+0900] {taskinstance.py:3134} INFO - Exporting env vars: AIRFLOW_CTX_DAG_OWNER='***' AIRFLOW_CTX_DAG_ID='lilt_document_classifier_balanced_b_class_V0.1' AIRFLOW_CTX_TASK_ID='img_preprocess_task__1' AIRFLOW_CTX_EXECUTION_DATE='2025-06-23T06:58:09.542610+00:00' AIRFLOW_CTX_TRY_NUMBER='1' AIRFLOW_CTX_DAG_RUN_ID='manual__2025-06-23T06:58:09.542610+00:00'
[2025-06-23T16:27:36.177+0900] {taskinstance.py:732} INFO - ::endgroup::
[2025-06-23T16:27:36.184+0900] {logging_mixin.py:190} INFO - empty map check {} {'process_id': '_1dbd0db0-d5e8-4dd0-812b-14334c8fcdd5_pre', 'folder_path': '3b121896-a068-4920-bb6f-8e5e54693b3d/1dbd0db0-d5e8-4dd0-812b-14334c8fcdd5', 'step_list': [{'name': 'cache', 'param': {'key': 'origin'}}, {'name': 'calc_angle_set2', 'param': {'key': 'angle1', 'iterations': 4, 'iter_save': False}}, {'name': 'text_orientation_set', 'param': {'key': 'angle2', 'iterations': 4, 'iter_save': False}}, {'name': 'load', 'param': {'key': 'origin'}}, {'name': 'rotate', 'param': {'key': 'angle1'}}, {'name': 'rotate', 'param': {'key': 'angle2'}}], 'result_file_map': {}}
[2025-06-23T16:27:36.192+0900] {logging_mixin.py:190} INFO - step : cache
[2025-06-23T16:27:36.192+0900] {logging_mixin.py:190} INFO - step : calc_angle_set2
[2025-06-23T16:27:43.562+0900] {logging_mixin.py:190} INFO - osd 1 0.0 0.0 20 86 [0, 0, 0, 0, 0, 0, 0, 0, 0, 0, 0, 4, 13, 21, 37, 46, 44, 61, 58, 83, 86, 60, 69, 58, 47, 46, 34, 26, 12, 5, 0, 0, 0, 0, 0, 0, 0, 0, 0, 0, 0]
[2025-06-23T16:27:48.927+0900] {logging_mixin.py:190} INFO - osd 2 0.0 0.0 20 86 [0, 0, 0, 0, 0, 0, 0, 0, 0, 0, 0, 4, 13, 21, 37, 46, 44, 61, 58, 83, 86, 60, 69, 58, 47, 46, 34, 26, 12, 5, 0, 0, 0, 0, 0, 0, 0, 0, 0, 0, 0]
[2025-06-23T16:27:54.139+0900] {logging_mixin.py:190} INFO - osd 3 0.0 0.0 20 86 [0, 0, 0, 0, 0, 0, 0, 0, 0, 0, 0, 4, 13, 21, 37, 46, 44, 61, 58, 83, 86, 60, 69, 58, 47, 46, 34, 26, 12, 5, 0, 0, 0, 0, 0, 0, 0, 0, 0, 0, 0]
[2025-06-23T16:27:59.636+0900] {logging_mixin.py:190} INFO - osd 4 0.0 0.0 20 86 [0, 0, 0, 0, 0, 0, 0, 0, 0, 0, 0, 4, 13, 21, 37, 46, 44, 61, 58, 83, 86, 60, 69, 58, 47, 46, 34, 26, 12, 5, 0, 0, 0, 0, 0, 0, 0, 0, 0, 0, 0]
[2025-06-23T16:27:59.728+0900] {logging_mixin.py:190} INFO - step : text_orientation_set
[2025-06-23T16:28:08.478+0900] {logging_mixin.py:190} INFO - osd 1 break  0 0 0.38 Cyrillic 0.0
[2025-06-23T16:28:08.508+0900] {logging_mixin.py:190} INFO - step : load
[2025-06-23T16:28:08.509+0900] {logging_mixin.py:190} INFO - step : rotate
[2025-06-23T16:28:08.560+0900] {logging_mixin.py:190} INFO - step : rotate
[2025-06-23T16:28:08.824+0900] {logging_mixin.py:190} INFO - file_copy: /opt/***/data/temp/3b121896-a068-4920-bb6f-8e5e54693b3d/1dbd0db0-d5e8-4dd0-812b-14334c8fcdd5/_result.png
[2025-06-23T16:28:08.843+0900] {python.py:240} INFO - Done. Returned value was: {'file_id': '3b121896-a068-4920-bb6f-8e5e54693b3d', 'file_path': '/opt/***/data/class/b_class/classify/ready/false/copied_78_2081839197.png', 'false': {'process_id': '_1dbd0db0-d5e8-4dd0-812b-14334c8fcdd5_pre', 'folder_path': '3b121896-a068-4920-bb6f-8e5e54693b3d/1dbd0db0-d5e8-4dd0-812b-14334c8fcdd5', 'step_list': [{'name': 'cache', 'param': {'key': 'origin'}}, {'name': 'calc_angle_set2', 'param': {'key': 'angle1', 'iterations': 4, 'iter_save': False}}, {'name': 'text_orientation_set', 'param': {'key': 'angle2', 'iterations': 4, 'iter_save': False}}, {'name': 'load', 'param': {'key': 'origin'}}, {'name': 'rotate', 'param': {'key': 'angle1'}}, {'name': 'rotate', 'param': {'key': 'angle2'}}], 'result_file_map': {'_result': '/opt/***/data/temp/3b121896-a068-4920-bb6f-8e5e54693b3d/1dbd0db0-d5e8-4dd0-812b-14334c8fcdd5/_result.png'}}}
[2025-06-23T16:28:08.919+0900] {taskinstance.py:341} INFO - ::group::Post task execution logs
[2025-06-23T16:28:08.926+0900] {taskinstance.py:353} INFO - Marking task as SUCCESS. dag_id=lilt_document_classifier_balanced_b_class_V0.1, task_id=img_preprocess_task__1, run_id=manual__2025-06-23T06:58:09.542610+00:00, map_index=46, execution_date=20250623T065809, start_date=20250623T072735, end_date=20250623T072808
[2025-06-23T16:28:09.091+0900] {local_task_job_runner.py:266} INFO - Task exited with return code 0
[2025-06-23T16:28:09.187+0900] {taskinstance.py:3901} INFO - 0 downstream tasks scheduled from follow-on schedule check
[2025-06-23T16:28:09.195+0900] {local_task_job_runner.py:245} INFO - ::endgroup::
