[2025-06-24T11:43:27.370+0900] {local_task_job_runner.py:123} INFO - ::group::Pre task execution logs
[2025-06-24T11:43:27.525+0900] {taskinstance.py:2614} INFO - Dependencies all met for dep_context=non-requeueable deps ti=<TaskInstance: lilt_document_classifier_balanced_V0.1.img_preprocess_task manual__2025-06-24T02:31:44.485922+00:00 map_index=43 [queued]>
[2025-06-24T11:43:27.619+0900] {taskinstance.py:2614} INFO - Dependencies all met for dep_context=requeueable deps ti=<TaskInstance: lilt_document_classifier_balanced_V0.1.img_preprocess_task manual__2025-06-24T02:31:44.485922+00:00 map_index=43 [queued]>
[2025-06-24T11:43:27.620+0900] {taskinstance.py:2867} INFO - Starting attempt 1 of 1
[2025-06-24T11:43:27.730+0900] {taskinstance.py:2890} INFO - Executing <Mapped(_PythonDecoratedOperator): img_preprocess_task> on 2025-06-24 02:31:44.485922+00:00
[2025-06-24T11:43:27.817+0900] {warnings.py:112} WARNING - /home/***/.local/lib/python3.12/site-packages/***/task/task_runner/standard_task_runner.py:70: DeprecationWarning: This process (pid=35235) is multi-threaded, use of fork() may lead to deadlocks in the child.
  pid = os.fork()

[2025-06-24T11:43:27.819+0900] {standard_task_runner.py:72} INFO - Started process 35245 to run task
[2025-06-24T11:43:27.825+0900] {standard_task_runner.py:104} INFO - Running: ['***', 'tasks', 'run', 'lilt_document_classifier_balanced_V0.1', 'img_preprocess_task', 'manual__2025-06-24T02:31:44.485922+00:00', '--job-id', '3824', '--raw', '--subdir', 'DAGS_FOLDER/class_create_dag.py', '--cfg-path', '/tmp/tmp8oehhtvg', '--map-index', '43']
[2025-06-24T11:43:27.853+0900] {standard_task_runner.py:105} INFO - Job 3824: Subtask img_preprocess_task
[2025-06-24T11:43:28.228+0900] {task_command.py:467} INFO - Running <TaskInstance: lilt_document_classifier_balanced_V0.1.img_preprocess_task manual__2025-06-24T02:31:44.485922+00:00 map_index=43 [running]> on host f6d4228a9eb8
[2025-06-24T11:43:28.870+0900] {taskinstance.py:3134} INFO - Exporting env vars: AIRFLOW_CTX_DAG_OWNER='***' AIRFLOW_CTX_DAG_ID='lilt_document_classifier_balanced_V0.1' AIRFLOW_CTX_TASK_ID='img_preprocess_task' AIRFLOW_CTX_EXECUTION_DATE='2025-06-24T02:31:44.485922+00:00' AIRFLOW_CTX_TRY_NUMBER='1' AIRFLOW_CTX_DAG_RUN_ID='manual__2025-06-24T02:31:44.485922+00:00'
[2025-06-24T11:43:28.882+0900] {taskinstance.py:732} INFO - ::endgroup::
[2025-06-24T11:43:28.898+0900] {logging_mixin.py:190} INFO - empty map check {} {'process_id': '_0e33d832-8e5f-4f78-ad11-a88eb5142121_pre', 'folder_path': 'b3ce0343-f9ca-48c2-b2d7-6ba7d4c0b42a/0e33d832-8e5f-4f78-ad11-a88eb5142121', 'step_list': [{'name': 'cache', 'param': {'key': 'origin'}}, {'name': 'calc_angle_set2', 'param': {'key': 'angle1', 'iterations': 4, 'iter_save': True}}, {'name': 'save', 'param': {'key': 'ag1'}}, {'name': 'text_orientation_set', 'param': {'key': 'angle2', 'iterations': 4, 'iter_save': True}}, {'name': 'save', 'param': {'key': 'ag2'}}, {'name': 'load', 'param': {'key': 'origin'}}, {'name': 'rotate', 'param': {'key': 'angle1'}}, {'name': 'rotate', 'param': {'key': 'angle2'}}], 'result_file_map': {}}
[2025-06-24T11:43:28.902+0900] {logging_mixin.py:190} INFO - step : cache
[2025-06-24T11:43:28.908+0900] {logging_mixin.py:190} INFO - step : calc_angle_set2
[2025-06-24T11:44:01.640+0900] {logging_mixin.py:190} INFO - osd 1 5.0 5.0 40 796902 [794366, 754467, 713068, 671108, 630740, 589918, 550492, 511684, 474186, 435024, 400557, 367548, 334856, 305228, 278205, 249568, 220640, 191826, 163531, 134982, 108494, 134965, 163075, 191767, 220584, 249512, 278574, 305138, 335067, 367029, 400465, 434767, 473459, 511424, 550535, 590461, 630774, 672092, 713592, 756423, 796902]
[2025-06-24T11:44:45.955+0900] {logging_mixin.py:190} INFO - osd 2 0.0 -5.0 0 2007940 [2007940, 1944533, 1882941, 1817925, 1749441, 1684528, 1619428, 1550453, 1485158, 1413397, 1349000, 1281854, 1216396, 1157363, 1093225, 1035097, 975231, 919923, 867863, 811576, 759303, 806616, 857775, 903402, 952540, 1005339, 1055430, 1109265, 1157835, 1209328, 1261087, 1309960, 1366692, 1416165, 1469349, 1520371, 1571746, 1626480, 1679623, 1730018, 1784743]
[2025-06-24T11:45:37.426+0900] {logging_mixin.py:190} INFO - osd 3 -5.0 -5.0 0 3248227 [3248227, 3174888, 3107855, 3035200, 2966401, 2893234, 2827146, 2761915, 2700648, 2639876, 2579055, 2518835, 2454491, 2393929, 2330665, 2271528, 2207980, 2145312, 2083369, 2021014, 1960937, 2024380, 2089783, 2155546, 2221007, 2288097, 2350423, 2416195, 2479179, 2545299, 2608459, 2671232, 2734288, 2798259, 2865577, 2926328, 2991142, 3052374, 3117882, 3178419, 3244098]
[2025-06-24T11:46:37.395+0900] {logging_mixin.py:190} INFO - osd 4 0.0 5.0 40 5098834 [4870901, 4779426, 4690301, 4602732, 4514461, 4429057, 4338019, 4248727, 4165659, 4076957, 3994267, 3903679, 3822785, 3734210, 3651509, 3569725, 3488463, 3405702, 3324173, 3243451, 3171437, 3261820, 3360150, 3459097, 3558214, 3653932, 3750138, 3845930, 3947201, 4039826, 4140944, 4234419, 4332516, 4426185, 4523932, 4623084, 4717245, 4813351, 4907956, 5002897, 5098834]
[2025-06-24T11:46:37.814+0900] {logging_mixin.py:190} INFO - step : save
[2025-06-24T11:46:38.835+0900] {logging_mixin.py:190} INFO - file_copy: /opt/***/data/temp/b3ce0343-f9ca-48c2-b2d7-6ba7d4c0b42a/0e33d832-8e5f-4f78-ad11-a88eb5142121/ag1.png
[2025-06-24T11:46:38.868+0900] {logging_mixin.py:190} INFO - step : text_orientation_set
[2025-06-24T11:46:51.916+0900] {logging_mixin.py:190} INFO - file_copy: /opt/***/data/temp/b3ce0343-f9ca-48c2-b2d7-6ba7d4c0b42a/0e33d832-8e5f-4f78-ad11-a88eb5142121/rotate2_1.png
[2025-06-24T11:47:07.384+0900] {logging_mixin.py:190} INFO - osd 1 break  0 0 9.44 Japanese 0.39
[2025-06-24T11:47:07.416+0900] {logging_mixin.py:190} INFO - step : save
[2025-06-24T11:47:08.299+0900] {logging_mixin.py:190} INFO - file_copy: /opt/***/data/temp/b3ce0343-f9ca-48c2-b2d7-6ba7d4c0b42a/0e33d832-8e5f-4f78-ad11-a88eb5142121/ag2.png
[2025-06-24T11:47:08.323+0900] {logging_mixin.py:190} INFO - step : load
[2025-06-24T11:47:08.325+0900] {logging_mixin.py:190} INFO - step : rotate
[2025-06-24T11:47:08.577+0900] {logging_mixin.py:190} INFO - step : rotate
[2025-06-24T11:47:08.867+0900] {logging_mixin.py:190} INFO - file_copy: /opt/***/data/temp/b3ce0343-f9ca-48c2-b2d7-6ba7d4c0b42a/0e33d832-8e5f-4f78-ad11-a88eb5142121/_result.png
[2025-06-24T11:47:08.902+0900] {python.py:240} INFO - Done. Returned value was: {'file_id': 'b3ce0343-f9ca-48c2-b2d7-6ba7d4c0b42a', 'file_path': '/opt/***/data/class/a_class/classify/ready/true/중곡동 삼성빌딩 - 정부24 - 건축물대장 등본(초본) 발급(열람) _ 문서출력_page_1_aug0.png', 'true': {'process_id': '_0e33d832-8e5f-4f78-ad11-a88eb5142121_pre', 'folder_path': 'b3ce0343-f9ca-48c2-b2d7-6ba7d4c0b42a/0e33d832-8e5f-4f78-ad11-a88eb5142121', 'step_list': [{'name': 'cache', 'param': {'key': 'origin'}}, {'name': 'calc_angle_set2', 'param': {'key': 'angle1', 'iterations': 4, 'iter_save': True}}, {'name': 'save', 'param': {'key': 'ag1'}}, {'name': 'text_orientation_set', 'param': {'key': 'angle2', 'iterations': 4, 'iter_save': True}}, {'name': 'save', 'param': {'key': 'ag2'}}, {'name': 'load', 'param': {'key': 'origin'}}, {'name': 'rotate', 'param': {'key': 'angle1'}}, {'name': 'rotate', 'param': {'key': 'angle2'}}], 'result_file_map': {'ag1': '/opt/***/data/temp/b3ce0343-f9ca-48c2-b2d7-6ba7d4c0b42a/0e33d832-8e5f-4f78-ad11-a88eb5142121/ag1.png', 'rotate2_1': '/opt/***/data/temp/b3ce0343-f9ca-48c2-b2d7-6ba7d4c0b42a/0e33d832-8e5f-4f78-ad11-a88eb5142121/rotate2_1.png', 'ag2': '/opt/***/data/temp/b3ce0343-f9ca-48c2-b2d7-6ba7d4c0b42a/0e33d832-8e5f-4f78-ad11-a88eb5142121/ag2.png', '_result': '/opt/***/data/temp/b3ce0343-f9ca-48c2-b2d7-6ba7d4c0b42a/0e33d832-8e5f-4f78-ad11-a88eb5142121/_result.png'}}}
[2025-06-24T11:47:08.960+0900] {taskinstance.py:341} INFO - ::group::Post task execution logs
[2025-06-24T11:47:08.963+0900] {taskinstance.py:353} INFO - Marking task as SUCCESS. dag_id=lilt_document_classifier_balanced_V0.1, task_id=img_preprocess_task, run_id=manual__2025-06-24T02:31:44.485922+00:00, map_index=43, execution_date=20250624T023144, start_date=20250624T024327, end_date=20250624T024708
[2025-06-24T11:47:09.177+0900] {local_task_job_runner.py:266} INFO - Task exited with return code 0
[2025-06-24T11:47:09.309+0900] {taskinstance.py:3901} INFO - 0 downstream tasks scheduled from follow-on schedule check
[2025-06-24T11:47:09.317+0900] {local_task_job_runner.py:245} INFO - ::endgroup::
