[2025-06-25T09:13:58.905+0900] {local_task_job_runner.py:123} INFO - ::group::Pre task execution logs
[2025-06-25T09:13:58.954+0900] {taskinstance.py:2614} INFO - Dependencies all met for dep_context=non-requeueable deps ti=<TaskInstance: lilt_document_classifier_balanced_V0.1.img_preprocess_task manual__2025-06-25T00:04:18.909063+00:00 map_index=61 [queued]>
[2025-06-25T09:13:58.990+0900] {taskinstance.py:2614} INFO - Dependencies all met for dep_context=requeueable deps ti=<TaskInstance: lilt_document_classifier_balanced_V0.1.img_preprocess_task manual__2025-06-25T00:04:18.909063+00:00 map_index=61 [queued]>
[2025-06-25T09:13:58.992+0900] {taskinstance.py:2867} INFO - Starting attempt 1 of 1
[2025-06-25T09:13:59.020+0900] {taskinstance.py:2890} INFO - Executing <Mapped(_PythonDecoratedOperator): img_preprocess_task> on 2025-06-25 00:04:18.909063+00:00
[2025-06-25T09:13:59.042+0900] {warnings.py:112} WARNING - /home/***/.local/lib/python3.12/site-packages/***/task/task_runner/standard_task_runner.py:70: DeprecationWarning: This process (pid=74529) is multi-threaded, use of fork() may lead to deadlocks in the child.
  pid = os.fork()

[2025-06-25T09:13:59.045+0900] {standard_task_runner.py:72} INFO - Started process 74562 to run task
[2025-06-25T09:13:59.051+0900] {standard_task_runner.py:104} INFO - Running: ['***', 'tasks', 'run', 'lilt_document_classifier_balanced_V0.1', 'img_preprocess_task', 'manual__2025-06-25T00:04:18.909063+00:00', '--job-id', '4921', '--raw', '--subdir', 'DAGS_FOLDER/class_create_dag.py', '--cfg-path', '/tmp/tmpuy_dqk5f', '--map-index', '61']
[2025-06-25T09:13:59.058+0900] {standard_task_runner.py:105} INFO - Job 4921: Subtask img_preprocess_task
[2025-06-25T09:13:59.131+0900] {task_command.py:467} INFO - Running <TaskInstance: lilt_document_classifier_balanced_V0.1.img_preprocess_task manual__2025-06-25T00:04:18.909063+00:00 map_index=61 [running]> on host f6d4228a9eb8
[2025-06-25T09:13:59.386+0900] {taskinstance.py:3134} INFO - Exporting env vars: AIRFLOW_CTX_DAG_OWNER='***' AIRFLOW_CTX_DAG_ID='lilt_document_classifier_balanced_V0.1' AIRFLOW_CTX_TASK_ID='img_preprocess_task' AIRFLOW_CTX_EXECUTION_DATE='2025-06-25T00:04:18.909063+00:00' AIRFLOW_CTX_TRY_NUMBER='1' AIRFLOW_CTX_DAG_RUN_ID='manual__2025-06-25T00:04:18.909063+00:00'
[2025-06-25T09:13:59.400+0900] {taskinstance.py:732} INFO - ::endgroup::
[2025-06-25T09:13:59.432+0900] {logging_mixin.py:190} INFO - empty map check {} {'process_id': '_62a82789-bfbb-4384-9c6d-1a1a55566387_pre', 'folder_path': '2bb84d44-3fd4-40c8-a32d-ea3db979f7bc/62a82789-bfbb-4384-9c6d-1a1a55566387', 'step_list': [{'name': 'cache', 'param': {'cache_key': 'origin'}}, {'name': 'calc_angle_set2', 'param': {'angle_key': 'angle1', 'iterations': 4, 'iter_save': False}}, {'name': 'text_orientation_set', 'param': {'angle_key': 'angle2', 'iterations': 4, 'iter_save': False}}, {'name': 'load', 'param': {'cache_key': 'origin'}}, {'name': 'rotate', 'param': {'angle_key': 'angle1'}}, {'name': 'rotate', 'param': {'angle_key': 'angle2'}}], 'result_file_map': {}}
[2025-06-25T09:13:59.452+0900] {logging_mixin.py:190} INFO - step : cache
[2025-06-25T09:13:59.458+0900] {logging_mixin.py:190} INFO - step : calc_angle_set2
[2025-06-25T09:14:26.677+0900] {logging_mixin.py:190} INFO - osd 1 1.75 1.75 27 109522 [0, 0, 0, 0, 0, 0, 0, 0, 0, 0, 0, 0, 0, 0, 0, 0, 0, 0, 0, 0, 0, 1136, 5356, 17066, 34847, 54144, 93157, 109522, 57978, 37160, 16396, 3180, 0, 0, 0, 0, 0, 0, 0, 0, 0]
[2025-06-25T09:14:54.280+0900] {logging_mixin.py:190} INFO - osd 2 1.75 0.0 20 120607 [0, 0, 0, 0, 0, 0, 0, 0, 0, 0, 0, 0, 0, 0, 811, 5991, 21336, 41069, 61665, 105938, 120607, 65376, 43657, 21362, 5287, 152, 0, 0, 0, 0, 0, 0, 0, 0, 0, 0, 0, 0, 0, 0, 0]
[2025-06-25T09:15:16.564+0900] {logging_mixin.py:190} INFO - osd 3 1.75 0.0 20 120607 [0, 0, 0, 0, 0, 0, 0, 0, 0, 0, 0, 0, 0, 0, 811, 5991, 21336, 41069, 61665, 105938, 120607, 65376, 43657, 21362, 5287, 152, 0, 0, 0, 0, 0, 0, 0, 0, 0, 0, 0, 0, 0, 0, 0]
[2025-06-25T09:15:44.725+0900] {logging_mixin.py:190} INFO - osd 4 1.75 0.0 20 120607 [0, 0, 0, 0, 0, 0, 0, 0, 0, 0, 0, 0, 0, 0, 811, 5991, 21336, 41069, 61665, 105938, 120607, 65376, 43657, 21362, 5287, 152, 0, 0, 0, 0, 0, 0, 0, 0, 0, 0, 0, 0, 0, 0, 0]
[2025-06-25T09:15:44.853+0900] {logging_mixin.py:190} INFO - step : text_orientation_set
[2025-06-25T09:15:56.331+0900] {logging_mixin.py:190} INFO - osd 1 break  0 0 12.37 Korean 0.82
[2025-06-25T09:15:56.340+0900] {logging_mixin.py:190} INFO - step : load
[2025-06-25T09:15:56.342+0900] {logging_mixin.py:190} INFO - step : rotate
[2025-06-25T09:15:56.817+0900] {logging_mixin.py:190} INFO - step : rotate
[2025-06-25T09:15:57.336+0900] {logging_mixin.py:190} INFO - file_copy: /opt/***/data/temp/2bb84d44-3fd4-40c8-a32d-ea3db979f7bc/62a82789-bfbb-4384-9c6d-1a1a55566387/_result.png
[2025-06-25T09:15:57.351+0900] {python.py:240} INFO - Done. Returned value was: {'file_id': '2bb84d44-3fd4-40c8-a32d-ea3db979f7bc', 'file_path': '/opt/***/data/class/a_class/classify/ready/true/이화동 엘림빌딩 -정부24 - 건축물대장 등본(초본) 발급(열람) _ 문서출력_page_1_aug0.png', 'true': {'process_id': '_62a82789-bfbb-4384-9c6d-1a1a55566387_pre', 'folder_path': '2bb84d44-3fd4-40c8-a32d-ea3db979f7bc/62a82789-bfbb-4384-9c6d-1a1a55566387', 'step_list': [{'name': 'cache', 'param': {'cache_key': 'origin'}}, {'name': 'calc_angle_set2', 'param': {'angle_key': 'angle1', 'iterations': 4, 'iter_save': False}}, {'name': 'text_orientation_set', 'param': {'angle_key': 'angle2', 'iterations': 4, 'iter_save': False}}, {'name': 'load', 'param': {'cache_key': 'origin'}}, {'name': 'rotate', 'param': {'angle_key': 'angle1'}}, {'name': 'rotate', 'param': {'angle_key': 'angle2'}}], 'result_file_map': {'_result': '/opt/***/data/temp/2bb84d44-3fd4-40c8-a32d-ea3db979f7bc/62a82789-bfbb-4384-9c6d-1a1a55566387/_result.png'}}}
[2025-06-25T09:15:57.433+0900] {taskinstance.py:341} INFO - ::group::Post task execution logs
[2025-06-25T09:15:57.434+0900] {taskinstance.py:353} INFO - Marking task as SUCCESS. dag_id=lilt_document_classifier_balanced_V0.1, task_id=img_preprocess_task, run_id=manual__2025-06-25T00:04:18.909063+00:00, map_index=61, execution_date=20250625T000418, start_date=20250625T001358, end_date=20250625T001557
[2025-06-25T09:15:57.548+0900] {local_task_job_runner.py:266} INFO - Task exited with return code 0
[2025-06-25T09:15:57.774+0900] {taskinstance.py:3901} INFO - 0 downstream tasks scheduled from follow-on schedule check
[2025-06-25T09:15:57.806+0900] {local_task_job_runner.py:245} INFO - ::endgroup::
