[2025-06-23T16:15:49.797+0900] {local_task_job_runner.py:123} INFO - ::group::Pre task execution logs
[2025-06-23T16:15:49.881+0900] {taskinstance.py:2614} INFO - Dependencies all met for dep_context=non-requeueable deps ti=<TaskInstance: lilt_document_classifier_balanced_b_class_V0.1.img_preprocess_task manual__2025-06-23T06:58:09.542610+00:00 map_index=22 [queued]>
[2025-06-23T16:15:49.925+0900] {taskinstance.py:2614} INFO - Dependencies all met for dep_context=requeueable deps ti=<TaskInstance: lilt_document_classifier_balanced_b_class_V0.1.img_preprocess_task manual__2025-06-23T06:58:09.542610+00:00 map_index=22 [queued]>
[2025-06-23T16:15:49.929+0900] {taskinstance.py:2867} INFO - Starting attempt 1 of 1
[2025-06-23T16:15:49.953+0900] {taskinstance.py:2890} INFO - Executing <Mapped(_PythonDecoratedOperator): img_preprocess_task> on 2025-06-23 06:58:09.542610+00:00
[2025-06-23T16:15:50.105+0900] {standard_task_runner.py:104} INFO - Running: ['***', 'tasks', 'run', 'lilt_document_classifier_balanced_b_class_V0.1', 'img_preprocess_task', 'manual__2025-06-23T06:58:09.542610+00:00', '--job-id', '3311', '--raw', '--subdir', 'DAGS_FOLDER/class_create_dag_b_class.py', '--cfg-path', '/tmp/tmpg5h5yzxf', '--map-index', '22']
[2025-06-23T16:15:50.115+0900] {standard_task_runner.py:105} INFO - Job 3311: Subtask img_preprocess_task
[2025-06-23T16:15:50.099+0900] {warnings.py:112} WARNING - /home/***/.local/lib/python3.12/site-packages/***/task/task_runner/standard_task_runner.py:70: DeprecationWarning: This process (pid=5911) is multi-threaded, use of fork() may lead to deadlocks in the child.
  pid = os.fork()

[2025-06-23T16:15:50.127+0900] {standard_task_runner.py:72} INFO - Started process 5939 to run task
[2025-06-23T16:15:50.269+0900] {task_command.py:467} INFO - Running <TaskInstance: lilt_document_classifier_balanced_b_class_V0.1.img_preprocess_task manual__2025-06-23T06:58:09.542610+00:00 map_index=22 [running]> on host f6d4228a9eb8
[2025-06-23T16:15:50.615+0900] {taskinstance.py:3134} INFO - Exporting env vars: AIRFLOW_CTX_DAG_OWNER='***' AIRFLOW_CTX_DAG_ID='lilt_document_classifier_balanced_b_class_V0.1' AIRFLOW_CTX_TASK_ID='img_preprocess_task' AIRFLOW_CTX_EXECUTION_DATE='2025-06-23T06:58:09.542610+00:00' AIRFLOW_CTX_TRY_NUMBER='1' AIRFLOW_CTX_DAG_RUN_ID='manual__2025-06-23T06:58:09.542610+00:00'
[2025-06-23T16:15:50.625+0900] {taskinstance.py:732} INFO - ::endgroup::
[2025-06-23T16:15:50.628+0900] {logging_mixin.py:190} INFO - empty map check {} {'process_id': '_22fcdd6d-8efe-4758-b22d-4f0e4da8efa9_pre', 'folder_path': '4f9e0a2f-727c-42fc-bf87-bf69283aa921/22fcdd6d-8efe-4758-b22d-4f0e4da8efa9', 'step_list': [{'name': 'cache', 'param': {'key': 'origin'}}, {'name': 'calc_angle_set2', 'param': {'key': 'angle1', 'iterations': 4, 'iter_save': False}}, {'name': 'text_orientation_set', 'param': {'key': 'angle2', 'iterations': 4, 'iter_save': False}}, {'name': 'load', 'param': {'key': 'origin'}}, {'name': 'rotate', 'param': {'key': 'angle1'}}, {'name': 'rotate', 'param': {'key': 'angle2'}}], 'result_file_map': {}}
[2025-06-23T16:15:50.633+0900] {logging_mixin.py:190} INFO - step : cache
[2025-06-23T16:15:50.638+0900] {logging_mixin.py:190} INFO - step : calc_angle_set2
[2025-06-23T16:16:27.813+0900] {logging_mixin.py:190} INFO - osd 1 -5.0 -5.0 0 768806 [768806, 729235, 688504, 646355, 607121, 566298, 527662, 489656, 453207, 415329, 382307, 350384, 318628, 289230, 262160, 233382, 204315, 175262, 145464, 113315, 82113, 108415, 136357, 164871, 193518, 222288, 251176, 277709, 308749, 341939, 374671, 408549, 447310, 484008, 523127, 561731, 602068, 642559, 684648, 726064, 766147]
[2025-06-23T16:17:14.177+0900] {logging_mixin.py:190} INFO - osd 2 0.0 5.0 40 2026533 [1753868, 1698991, 1649266, 1595990, 1540961, 1490446, 1439643, 1386460, 1337114, 1281450, 1231951, 1180250, 1129670, 1081285, 1027740, 978549, 926003, 877028, 831808, 781075, 734793, 788274, 846476, 900299, 957672, 1019650, 1080165, 1145999, 1207722, 1273900, 1341912, 1407397, 1481362, 1549057, 1620150, 1688214, 1755669, 1826249, 1893527, 1959213, 2026533]
[2025-06-23T16:18:00.735+0900] {logging_mixin.py:190} INFO - osd 3 -5.0 -5.0 0 3401806 [3401806, 3332571, 3269642, 3201936, 3138873, 3071647, 3007861, 2937854, 2871359, 2804389, 2739267, 2672615, 2602964, 2537167, 2468008, 2403393, 2333260, 2263113, 2193264, 2120424, 2044685, 2110281, 2177940, 2245569, 2313566, 2382536, 2447786, 2516996, 2582935, 2652667, 2719220, 2784818, 2850826, 2918555, 2990236, 3052289, 3120268, 3184210, 3252738, 3316741, 3386420]
[2025-06-23T16:18:57.355+0900] {logging_mixin.py:190} INFO - osd 4 0.0 5.0 40 5423107 [5035588, 4944508, 4854425, 4766468, 4679626, 4593111, 4502132, 4412759, 4328456, 4239333, 4157213, 4066262, 3985406, 3896170, 3813248, 3731258, 3649850, 3566880, 3485211, 3405064, 3333389, 3431999, 3540119, 3647673, 3756632, 3862339, 3967178, 4072870, 4182591, 4285630, 4396414, 4499921, 4606310, 4710063, 4816457, 4924542, 5026597, 5130144, 5231186, 5328387, 5423107]
[2025-06-23T16:18:57.818+0900] {logging_mixin.py:190} INFO - step : text_orientation_set
[2025-06-23T16:19:22.868+0900] {logging_mixin.py:190} INFO - osd 1 break  0 0 12.11 Korean 0.03
[2025-06-23T16:19:22.871+0900] {logging_mixin.py:190} INFO - step : load
[2025-06-23T16:19:22.898+0900] {logging_mixin.py:190} INFO - step : rotate
[2025-06-23T16:19:23.013+0900] {logging_mixin.py:190} INFO - step : rotate
[2025-06-23T16:19:25.353+0900] {logging_mixin.py:190} INFO - file_copy: /opt/***/data/temp/4f9e0a2f-727c-42fc-bf87-bf69283aa921/22fcdd6d-8efe-4758-b22d-4f0e4da8efa9/_result.png
[2025-06-23T16:19:25.644+0900] {python.py:240} INFO - Done. Returned value was: {'file_id': '4f9e0a2f-727c-42fc-bf87-bf69283aa921', 'file_path': '/opt/***/data/class/b_class/classify/ready/true/거제동 고성빌딩 - 정부24 - 건축물대장 등본(초본) 발급(열람) _ 문서출력_page_1_aug0.png', 'true': {'process_id': '_22fcdd6d-8efe-4758-b22d-4f0e4da8efa9_pre', 'folder_path': '4f9e0a2f-727c-42fc-bf87-bf69283aa921/22fcdd6d-8efe-4758-b22d-4f0e4da8efa9', 'step_list': [{'name': 'cache', 'param': {'key': 'origin'}}, {'name': 'calc_angle_set2', 'param': {'key': 'angle1', 'iterations': 4, 'iter_save': False}}, {'name': 'text_orientation_set', 'param': {'key': 'angle2', 'iterations': 4, 'iter_save': False}}, {'name': 'load', 'param': {'key': 'origin'}}, {'name': 'rotate', 'param': {'key': 'angle1'}}, {'name': 'rotate', 'param': {'key': 'angle2'}}], 'result_file_map': {'_result': '/opt/***/data/temp/4f9e0a2f-727c-42fc-bf87-bf69283aa921/22fcdd6d-8efe-4758-b22d-4f0e4da8efa9/_result.png'}}}
[2025-06-23T16:19:25.744+0900] {taskinstance.py:341} INFO - ::group::Post task execution logs
[2025-06-23T16:19:25.750+0900] {taskinstance.py:353} INFO - Marking task as SUCCESS. dag_id=lilt_document_classifier_balanced_b_class_V0.1, task_id=img_preprocess_task, run_id=manual__2025-06-23T06:58:09.542610+00:00, map_index=22, execution_date=20250623T065809, start_date=20250623T071549, end_date=20250623T071925
[2025-06-23T16:19:26.017+0900] {local_task_job_runner.py:266} INFO - Task exited with return code 0
[2025-06-23T16:19:26.063+0900] {taskinstance.py:3901} INFO - 0 downstream tasks scheduled from follow-on schedule check
[2025-06-23T16:19:26.070+0900] {local_task_job_runner.py:245} INFO - ::endgroup::
