[2025-06-24T16:12:03.661+0900] {local_task_job_runner.py:123} INFO - ::group::Pre task execution logs
[2025-06-24T16:12:03.910+0900] {taskinstance.py:2614} INFO - Dependencies all met for dep_context=non-requeueable deps ti=<TaskInstance: lilt_document_classifier_balanced_V0.1.img_preprocess_task__1 manual__2025-06-24T06:53:42.323966+00:00 map_index=86 [queued]>
[2025-06-24T16:12:04.013+0900] {taskinstance.py:2614} INFO - Dependencies all met for dep_context=requeueable deps ti=<TaskInstance: lilt_document_classifier_balanced_V0.1.img_preprocess_task__1 manual__2025-06-24T06:53:42.323966+00:00 map_index=86 [queued]>
[2025-06-24T16:12:04.038+0900] {taskinstance.py:2867} INFO - Starting attempt 1 of 1
[2025-06-24T16:12:04.209+0900] {taskinstance.py:2890} INFO - Executing <Mapped(_PythonDecoratedOperator): img_preprocess_task__1> on 2025-06-24 06:53:42.323966+00:00
[2025-06-24T16:12:04.278+0900] {standard_task_runner.py:104} INFO - Running: ['***', 'tasks', 'run', 'lilt_document_classifier_balanced_V0.1', 'img_preprocess_task__1', 'manual__2025-06-24T06:53:42.323966+00:00', '--job-id', '4392', '--raw', '--subdir', 'DAGS_FOLDER/class_create_dag.py', '--cfg-path', '/tmp/tmpzy6uaa87', '--map-index', '86']
[2025-06-24T16:12:04.298+0900] {standard_task_runner.py:105} INFO - Job 4392: Subtask img_preprocess_task__1
[2025-06-24T16:12:04.297+0900] {warnings.py:112} WARNING - /home/***/.local/lib/python3.12/site-packages/***/task/task_runner/standard_task_runner.py:70: DeprecationWarning: This process (pid=50972) is multi-threaded, use of fork() may lead to deadlocks in the child.
  pid = os.fork()

[2025-06-24T16:12:04.303+0900] {standard_task_runner.py:72} INFO - Started process 50983 to run task
[2025-06-24T16:12:04.445+0900] {task_command.py:467} INFO - Running <TaskInstance: lilt_document_classifier_balanced_V0.1.img_preprocess_task__1 manual__2025-06-24T06:53:42.323966+00:00 map_index=86 [running]> on host f6d4228a9eb8
[2025-06-24T16:12:04.783+0900] {taskinstance.py:3134} INFO - Exporting env vars: AIRFLOW_CTX_DAG_OWNER='***' AIRFLOW_CTX_DAG_ID='lilt_document_classifier_balanced_V0.1' AIRFLOW_CTX_TASK_ID='img_preprocess_task__1' AIRFLOW_CTX_EXECUTION_DATE='2025-06-24T06:53:42.323966+00:00' AIRFLOW_CTX_TRY_NUMBER='1' AIRFLOW_CTX_DAG_RUN_ID='manual__2025-06-24T06:53:42.323966+00:00'
[2025-06-24T16:12:04.786+0900] {taskinstance.py:732} INFO - ::endgroup::
[2025-06-24T16:12:04.793+0900] {logging_mixin.py:190} INFO - empty map check {} {'process_id': '_ebb5f01f-62da-46fd-83cd-0e838ff82f1a_pre', 'folder_path': 'b699189e-e584-457c-92e4-5b41e07dc412/ebb5f01f-62da-46fd-83cd-0e838ff82f1a', 'step_list': [{'name': 'cache', 'param': {'key': 'origin'}}, {'name': 'calc_angle_set2', 'param': {'key': 'angle1', 'iterations': 4, 'iter_save': False}}, {'name': 'text_orientation_set', 'param': {'key': 'angle2', 'iterations': 4, 'iter_save': False}}, {'name': 'load', 'param': {'key': 'origin'}}, {'name': 'rotate', 'param': {'key': 'angle1'}}, {'name': 'rotate', 'param': {'key': 'angle2'}}], 'result_file_map': {}}
[2025-06-24T16:12:04.801+0900] {logging_mixin.py:190} INFO - step : cache
[2025-06-24T16:12:04.807+0900] {logging_mixin.py:190} INFO - step : calc_angle_set2
[2025-06-24T16:12:11.308+0900] {logging_mixin.py:190} INFO - osd 1 0.0 0.0 20 1294 [1162, 1102, 996, 904, 828, 714, 633, 551, 472, 409, 316, 285, 335, 424, 539, 599, 722, 793, 925, 1193, 1294, 1083, 951, 829, 686, 599, 501, 422, 301, 187, 153, 54, 9, 5, 12, 0, 7, 0, 14, 0, 0]
[2025-06-24T16:12:17.568+0900] {logging_mixin.py:190} INFO - osd 2 0.0 0.0 20 1294 [1162, 1102, 996, 904, 828, 714, 633, 551, 472, 409, 316, 285, 335, 424, 539, 599, 722, 793, 925, 1193, 1294, 1083, 951, 829, 686, 599, 501, 422, 301, 187, 153, 54, 9, 5, 12, 0, 7, 0, 14, 0, 0]
[2025-06-24T16:12:24.190+0900] {logging_mixin.py:190} INFO - osd 3 0.0 0.0 20 1294 [1162, 1102, 996, 904, 828, 714, 633, 551, 472, 409, 316, 285, 335, 424, 539, 599, 722, 793, 925, 1193, 1294, 1083, 951, 829, 686, 599, 501, 422, 301, 187, 153, 54, 9, 5, 12, 0, 7, 0, 14, 0, 0]
[2025-06-24T16:12:28.262+0900] {logging_mixin.py:190} INFO - osd 4 0.0 0.0 20 1294 [1162, 1102, 996, 904, 828, 714, 633, 551, 472, 409, 316, 285, 335, 424, 539, 599, 722, 793, 925, 1193, 1294, 1083, 951, 829, 686, 599, 501, 422, 301, 187, 153, 54, 9, 5, 12, 0, 7, 0, 14, 0, 0]
[2025-06-24T16:12:28.371+0900] {logging_mixin.py:190} INFO - step : text_orientation_set
[2025-06-24T16:12:33.174+0900] {logging_mixin.py:190} INFO - osd 1 90 90 1.38 Cyrillic 8.33
[2025-06-24T16:12:37.525+0900] {logging_mixin.py:190} INFO - Tesseract OSD Error: (1, 'Estimating resolution as 208 Too few characters. Skipping this page Warning. Invalid resolution 0 dpi. Using 70 instead. Too few characters. Skipping this page Error during processing.')
[2025-06-24T16:12:37.528+0900] {logging_mixin.py:190} INFO - step : load
[2025-06-24T16:12:37.529+0900] {logging_mixin.py:190} INFO - step : rotate
[2025-06-24T16:12:37.556+0900] {logging_mixin.py:190} INFO - step : rotate
[2025-06-24T16:12:37.629+0900] {logging_mixin.py:190} INFO - file_copy: /opt/***/data/temp/b699189e-e584-457c-92e4-5b41e07dc412/ebb5f01f-62da-46fd-83cd-0e838ff82f1a/_result.png
[2025-06-24T16:12:37.646+0900] {python.py:240} INFO - Done. Returned value was: {'file_id': 'b699189e-e584-457c-92e4-5b41e07dc412', 'file_path': '/opt/***/data/class/a_class/classify/ready/false/copied_11_91627664_91627698.png', 'false': {'process_id': '_ebb5f01f-62da-46fd-83cd-0e838ff82f1a_pre', 'folder_path': 'b699189e-e584-457c-92e4-5b41e07dc412/ebb5f01f-62da-46fd-83cd-0e838ff82f1a', 'step_list': [{'name': 'cache', 'param': {'key': 'origin'}}, {'name': 'calc_angle_set2', 'param': {'key': 'angle1', 'iterations': 4, 'iter_save': False}}, {'name': 'text_orientation_set', 'param': {'key': 'angle2', 'iterations': 4, 'iter_save': False}}, {'name': 'load', 'param': {'key': 'origin'}}, {'name': 'rotate', 'param': {'key': 'angle1'}}, {'name': 'rotate', 'param': {'key': 'angle2'}}], 'result_file_map': {'_result': '/opt/***/data/temp/b699189e-e584-457c-92e4-5b41e07dc412/ebb5f01f-62da-46fd-83cd-0e838ff82f1a/_result.png'}}}
[2025-06-24T16:12:37.745+0900] {taskinstance.py:341} INFO - ::group::Post task execution logs
[2025-06-24T16:12:37.747+0900] {taskinstance.py:353} INFO - Marking task as SUCCESS. dag_id=lilt_document_classifier_balanced_V0.1, task_id=img_preprocess_task__1, run_id=manual__2025-06-24T06:53:42.323966+00:00, map_index=86, execution_date=20250624T065342, start_date=20250624T071203, end_date=20250624T071237
[2025-06-24T16:12:37.905+0900] {local_task_job_runner.py:266} INFO - Task exited with return code 0
[2025-06-24T16:12:37.932+0900] {local_task_job_runner.py:245} INFO - ::endgroup::
