[2025-06-19T16:18:52.131+0900] {local_task_job_runner.py:123} INFO - ::group::Pre task execution logs
[2025-06-19T16:18:52.294+0900] {taskinstance.py:2614} INFO - Dependencies all met for dep_context=non-requeueable deps ti=<TaskInstance: lilt_document_classifier_balanced_V0.1.img_preprocess_task__1 manual__2025-06-19T07:13:53.100355+00:00 map_index=86 [queued]>
[2025-06-19T16:18:52.474+0900] {taskinstance.py:2614} INFO - Dependencies all met for dep_context=requeueable deps ti=<TaskInstance: lilt_document_classifier_balanced_V0.1.img_preprocess_task__1 manual__2025-06-19T07:13:53.100355+00:00 map_index=86 [queued]>
[2025-06-19T16:18:52.479+0900] {taskinstance.py:2867} INFO - Starting attempt 1 of 1
[2025-06-19T16:18:52.577+0900] {taskinstance.py:2890} INFO - Executing <Mapped(_PythonDecoratedOperator): img_preprocess_task__1> on 2025-06-19 07:13:53.100355+00:00
[2025-06-19T16:18:52.681+0900] {warnings.py:112} WARNING - /home/***/.local/lib/python3.12/site-packages/***/task/task_runner/standard_task_runner.py:70: DeprecationWarning: This process (pid=5925) is multi-threaded, use of fork() may lead to deadlocks in the child.
  pid = os.fork()

[2025-06-19T16:18:52.707+0900] {standard_task_runner.py:72} INFO - Started process 6020 to run task
[2025-06-19T16:18:52.684+0900] {standard_task_runner.py:104} INFO - Running: ['***', 'tasks', 'run', 'lilt_document_classifier_balanced_V0.1', 'img_preprocess_task__1', 'manual__2025-06-19T07:13:53.100355+00:00', '--job-id', '1623', '--raw', '--subdir', 'DAGS_FOLDER/class_create_dag.py', '--cfg-path', '/tmp/tmpavpz7asl', '--map-index', '86']
[2025-06-19T16:18:52.712+0900] {standard_task_runner.py:105} INFO - Job 1623: Subtask img_preprocess_task__1
[2025-06-19T16:18:52.814+0900] {task_command.py:467} INFO - Running <TaskInstance: lilt_document_classifier_balanced_V0.1.img_preprocess_task__1 manual__2025-06-19T07:13:53.100355+00:00 map_index=86 [running]> on host f6d4228a9eb8
[2025-06-19T16:18:53.111+0900] {taskinstance.py:3134} INFO - Exporting env vars: AIRFLOW_CTX_DAG_OWNER='***' AIRFLOW_CTX_DAG_ID='lilt_document_classifier_balanced_V0.1' AIRFLOW_CTX_TASK_ID='img_preprocess_task__1' AIRFLOW_CTX_EXECUTION_DATE='2025-06-19T07:13:53.100355+00:00' AIRFLOW_CTX_TRY_NUMBER='1' AIRFLOW_CTX_DAG_RUN_ID='manual__2025-06-19T07:13:53.100355+00:00'
[2025-06-19T16:18:53.127+0900] {taskinstance.py:732} INFO - ::endgroup::
[2025-06-19T16:18:53.165+0900] {logging_mixin.py:190} INFO - empty map check {} {'process_id': '_8b024d6f-ecc8-4e2b-a777-1f67a33648c1_pre', 'folder_path': 'b5cdb8b9-791f-4dfc-87e2-20dd3e227646/8b024d6f-ecc8-4e2b-a777-1f67a33648c1', 'step_list': [{'name': 'cache', 'param': {'key': 'origin'}}, {'name': 'calc_angle_set1', 'param': {'key': 'angle1', 'iterations': 4, 'iter_save': False}}, {'name': 'text_orientation_set', 'param': {'key': 'angle2', 'iterations': 4, 'iter_save': False}}, {'name': 'load', 'param': {'key': 'origin'}}, {'name': 'rotate', 'param': {'key': 'angle1'}}, {'name': 'rotate', 'param': {'key': 'angle2'}}], 'result_file_map': {}}
[2025-06-19T16:18:53.176+0900] {logging_mixin.py:190} INFO - step : cache
[2025-06-19T16:18:53.185+0900] {logging_mixin.py:190} INFO - step : calc_angle_set1
[2025-06-19T16:18:53.247+0900] {logging_mixin.py:190} INFO - step : text_orientation_set
[2025-06-19T16:18:58.824+0900] {logging_mixin.py:190} INFO - osd 1 break  0 0 0.03 Latin 1.11
[2025-06-19T16:18:58.839+0900] {logging_mixin.py:190} INFO - step : load
[2025-06-19T16:18:58.841+0900] {logging_mixin.py:190} INFO - step : rotate
[2025-06-19T16:18:58.927+0900] {logging_mixin.py:190} INFO - step : rotate
[2025-06-19T16:18:59.201+0900] {logging_mixin.py:190} INFO - file_copy: /opt/***/data/temp/b5cdb8b9-791f-4dfc-87e2-20dd3e227646/8b024d6f-ecc8-4e2b-a777-1f67a33648c1/_result.png
[2025-06-19T16:18:59.253+0900] {python.py:240} INFO - Done. Returned value was: {'file_id': 'b5cdb8b9-791f-4dfc-87e2-20dd3e227646', 'file_path': '/opt/***/data/class/a_class/classify/ready/false/copied_82_10188317_10188320.png', 'false': {'process_id': '_8b024d6f-ecc8-4e2b-a777-1f67a33648c1_pre', 'folder_path': 'b5cdb8b9-791f-4dfc-87e2-20dd3e227646/8b024d6f-ecc8-4e2b-a777-1f67a33648c1', 'step_list': [{'name': 'cache', 'param': {'key': 'origin'}}, {'name': 'calc_angle_set1', 'param': {'key': 'angle1', 'iterations': 4, 'iter_save': False}}, {'name': 'text_orientation_set', 'param': {'key': 'angle2', 'iterations': 4, 'iter_save': False}}, {'name': 'load', 'param': {'key': 'origin'}}, {'name': 'rotate', 'param': {'key': 'angle1'}}, {'name': 'rotate', 'param': {'key': 'angle2'}}], 'result_file_map': {'_result': '/opt/***/data/temp/b5cdb8b9-791f-4dfc-87e2-20dd3e227646/8b024d6f-ecc8-4e2b-a777-1f67a33648c1/_result.png'}}}
[2025-06-19T16:18:59.529+0900] {taskinstance.py:341} INFO - ::group::Post task execution logs
[2025-06-19T16:18:59.550+0900] {taskinstance.py:353} INFO - Marking task as SUCCESS. dag_id=lilt_document_classifier_balanced_V0.1, task_id=img_preprocess_task__1, run_id=manual__2025-06-19T07:13:53.100355+00:00, map_index=86, execution_date=20250619T071353, start_date=20250619T071852, end_date=20250619T071859
[2025-06-19T16:18:59.815+0900] {local_task_job_runner.py:266} INFO - Task exited with return code 0
[2025-06-19T16:18:59.839+0900] {local_task_job_runner.py:245} INFO - ::endgroup::
