[2025-06-24T11:41:56.677+0900] {local_task_job_runner.py:123} INFO - ::group::Pre task execution logs
[2025-06-24T11:41:56.752+0900] {taskinstance.py:2614} INFO - Dependencies all met for dep_context=non-requeueable deps ti=<TaskInstance: lilt_document_classifier_balanced_V0.1.img_preprocess_task__1 manual__2025-06-24T02:31:44.485922+00:00 map_index=38 [queued]>
[2025-06-24T11:41:56.784+0900] {taskinstance.py:2614} INFO - Dependencies all met for dep_context=requeueable deps ti=<TaskInstance: lilt_document_classifier_balanced_V0.1.img_preprocess_task__1 manual__2025-06-24T02:31:44.485922+00:00 map_index=38 [queued]>
[2025-06-24T11:41:56.788+0900] {taskinstance.py:2867} INFO - Starting attempt 1 of 1
[2025-06-24T11:41:56.825+0900] {taskinstance.py:2890} INFO - Executing <Mapped(_PythonDecoratedOperator): img_preprocess_task__1> on 2025-06-24 02:31:44.485922+00:00
[2025-06-24T11:41:56.856+0900] {warnings.py:112} WARNING - /home/***/.local/lib/python3.12/site-packages/***/task/task_runner/standard_task_runner.py:70: DeprecationWarning: This process (pid=35041) is multi-threaded, use of fork() may lead to deadlocks in the child.
  pid = os.fork()

[2025-06-24T11:41:56.859+0900] {standard_task_runner.py:72} INFO - Started process 35061 to run task
[2025-06-24T11:41:56.855+0900] {standard_task_runner.py:104} INFO - Running: ['***', 'tasks', 'run', 'lilt_document_classifier_balanced_V0.1', 'img_preprocess_task__1', 'manual__2025-06-24T02:31:44.485922+00:00', '--job-id', '3815', '--raw', '--subdir', 'DAGS_FOLDER/class_create_dag.py', '--cfg-path', '/tmp/tmpxjga5fb0', '--map-index', '38']
[2025-06-24T11:41:56.900+0900] {standard_task_runner.py:105} INFO - Job 3815: Subtask img_preprocess_task__1
[2025-06-24T11:41:57.049+0900] {task_command.py:467} INFO - Running <TaskInstance: lilt_document_classifier_balanced_V0.1.img_preprocess_task__1 manual__2025-06-24T02:31:44.485922+00:00 map_index=38 [running]> on host f6d4228a9eb8
[2025-06-24T11:41:57.299+0900] {taskinstance.py:3134} INFO - Exporting env vars: AIRFLOW_CTX_DAG_OWNER='***' AIRFLOW_CTX_DAG_ID='lilt_document_classifier_balanced_V0.1' AIRFLOW_CTX_TASK_ID='img_preprocess_task__1' AIRFLOW_CTX_EXECUTION_DATE='2025-06-24T02:31:44.485922+00:00' AIRFLOW_CTX_TRY_NUMBER='1' AIRFLOW_CTX_DAG_RUN_ID='manual__2025-06-24T02:31:44.485922+00:00'
[2025-06-24T11:41:57.331+0900] {taskinstance.py:732} INFO - ::endgroup::
[2025-06-24T11:41:57.340+0900] {logging_mixin.py:190} INFO - empty map check {} {'process_id': '_5f2a1d63-3b60-4099-8180-56c7b47ed121_pre', 'folder_path': 'd9f21103-beb0-43ff-90c9-77053dc4ce3e/5f2a1d63-3b60-4099-8180-56c7b47ed121', 'step_list': [{'name': 'cache', 'param': {'key': 'origin'}}, {'name': 'calc_angle_set2', 'param': {'key': 'angle1', 'iterations': 4, 'iter_save': True}}, {'name': 'save', 'param': {'key': 'ag1'}}, {'name': 'text_orientation_set', 'param': {'key': 'angle2', 'iterations': 4, 'iter_save': True}}, {'name': 'save', 'param': {'key': 'ag2'}}, {'name': 'load', 'param': {'key': 'origin'}}, {'name': 'rotate', 'param': {'key': 'angle1'}}, {'name': 'rotate', 'param': {'key': 'angle2'}}], 'result_file_map': {}}
[2025-06-24T11:41:57.350+0900] {logging_mixin.py:190} INFO - step : cache
[2025-06-24T11:41:57.357+0900] {logging_mixin.py:190} INFO - step : calc_angle_set2
[2025-06-24T11:42:05.550+0900] {logging_mixin.py:190} INFO - osd 1 5.0 5.0 40 68804 [67176, 62946, 57758, 53645, 49597, 45638, 41839, 38174, 34656, 31385, 27491, 24837, 22288, 19835, 16637, 14133, 11686, 9254, 6023, 3383, 57, 3554, 6150, 9405, 11992, 14499, 16998, 20248, 22852, 25388, 28174, 32118, 35497, 39132, 42897, 46798, 50810, 54968, 59136, 64447, 68804]
[2025-06-24T11:42:14.392+0900] {logging_mixin.py:190} INFO - osd 2 0.0 -5.0 0 171710 [171710, 166027, 159296, 153935, 148409, 141707, 136286, 130864, 124163, 118936, 112353, 107047, 100984, 96284, 90711, 86456, 81226, 76114, 72160, 67269, 63523, 67703, 72994, 77365, 82771, 88230, 92753, 98339, 102961, 108666, 113331, 119088, 123911, 129790, 134570, 139441, 145482, 150355, 155331, 161480, 166482]
[2025-06-24T11:42:25.134+0900] {logging_mixin.py:190} INFO - osd 3 -5.0 -5.0 0 270431 [270431, 264455, 259844, 254050, 249379, 243524, 237840, 233310, 227587, 221819, 216160, 210548, 206140, 200501, 195033, 189492, 184113, 178527, 172882, 167339, 163515, 167499, 172835, 178115, 183711, 189181, 194579, 200071, 205575, 210013, 215480, 221172, 226767, 232397, 236893, 242597, 248364, 252925, 258686, 263308, 269099]
[2025-06-24T11:42:35.910+0900] {logging_mixin.py:190} INFO - osd 4 -10.0 -5.0 0 393512 [393512, 385754, 378043, 370355, 362902, 355551, 348321, 341214, 334278, 327421, 320770, 314413, 306932, 300821, 294973, 289065, 283153, 276049, 270227, 264469, 259234, 264709, 270889, 277163, 284427, 290712, 296904, 303243, 309586, 316996, 323433, 329782, 336174, 342644, 349098, 355698, 362082, 368722, 375211, 381846, 387972]
[2025-06-24T11:42:36.017+0900] {logging_mixin.py:190} INFO - step : save
[2025-06-24T11:42:36.725+0900] {logging_mixin.py:190} INFO - file_copy: /opt/***/data/temp/d9f21103-beb0-43ff-90c9-77053dc4ce3e/5f2a1d63-3b60-4099-8180-56c7b47ed121/ag1.png
[2025-06-24T11:42:36.874+0900] {logging_mixin.py:190} INFO - step : text_orientation_set
[2025-06-24T11:42:41.662+0900] {logging_mixin.py:190} INFO - file_copy: /opt/***/data/temp/d9f21103-beb0-43ff-90c9-77053dc4ce3e/5f2a1d63-3b60-4099-8180-56c7b47ed121/rotate2_1.png
[2025-06-24T11:42:44.177+0900] {logging_mixin.py:190} INFO - osd 1 break  0 0 4.44 Fraktur 0.35
[2025-06-24T11:42:44.183+0900] {logging_mixin.py:190} INFO - step : save
[2025-06-24T11:42:44.340+0900] {logging_mixin.py:190} INFO - file_copy: /opt/***/data/temp/d9f21103-beb0-43ff-90c9-77053dc4ce3e/5f2a1d63-3b60-4099-8180-56c7b47ed121/ag2.png
[2025-06-24T11:42:44.353+0900] {logging_mixin.py:190} INFO - step : load
[2025-06-24T11:42:44.355+0900] {logging_mixin.py:190} INFO - step : rotate
[2025-06-24T11:42:44.543+0900] {logging_mixin.py:190} INFO - step : rotate
[2025-06-24T11:42:45.187+0900] {logging_mixin.py:190} INFO - file_copy: /opt/***/data/temp/d9f21103-beb0-43ff-90c9-77053dc4ce3e/5f2a1d63-3b60-4099-8180-56c7b47ed121/_result.png
[2025-06-24T11:42:45.253+0900] {python.py:240} INFO - Done. Returned value was: {'file_id': 'd9f21103-beb0-43ff-90c9-77053dc4ce3e', 'file_path': '/opt/***/data/class/a_class/classify/ready/false/copied_91_91891178.png', 'false': {'process_id': '_5f2a1d63-3b60-4099-8180-56c7b47ed121_pre', 'folder_path': 'd9f21103-beb0-43ff-90c9-77053dc4ce3e/5f2a1d63-3b60-4099-8180-56c7b47ed121', 'step_list': [{'name': 'cache', 'param': {'key': 'origin'}}, {'name': 'calc_angle_set2', 'param': {'key': 'angle1', 'iterations': 4, 'iter_save': True}}, {'name': 'save', 'param': {'key': 'ag1'}}, {'name': 'text_orientation_set', 'param': {'key': 'angle2', 'iterations': 4, 'iter_save': True}}, {'name': 'save', 'param': {'key': 'ag2'}}, {'name': 'load', 'param': {'key': 'origin'}}, {'name': 'rotate', 'param': {'key': 'angle1'}}, {'name': 'rotate', 'param': {'key': 'angle2'}}], 'result_file_map': {'ag1': '/opt/***/data/temp/d9f21103-beb0-43ff-90c9-77053dc4ce3e/5f2a1d63-3b60-4099-8180-56c7b47ed121/ag1.png', 'rotate2_1': '/opt/***/data/temp/d9f21103-beb0-43ff-90c9-77053dc4ce3e/5f2a1d63-3b60-4099-8180-56c7b47ed121/rotate2_1.png', 'ag2': '/opt/***/data/temp/d9f21103-beb0-43ff-90c9-77053dc4ce3e/5f2a1d63-3b60-4099-8180-56c7b47ed121/ag2.png', '_result': '/opt/***/data/temp/d9f21103-beb0-43ff-90c9-77053dc4ce3e/5f2a1d63-3b60-4099-8180-56c7b47ed121/_result.png'}}}
[2025-06-24T11:42:45.666+0900] {taskinstance.py:341} INFO - ::group::Post task execution logs
[2025-06-24T11:42:45.669+0900] {taskinstance.py:353} INFO - Marking task as SUCCESS. dag_id=lilt_document_classifier_balanced_V0.1, task_id=img_preprocess_task__1, run_id=manual__2025-06-24T02:31:44.485922+00:00, map_index=38, execution_date=20250624T023144, start_date=20250624T024156, end_date=20250624T024245
[2025-06-24T11:42:45.948+0900] {local_task_job_runner.py:266} INFO - Task exited with return code 0
[2025-06-24T11:42:46.195+0900] {taskinstance.py:3901} INFO - 0 downstream tasks scheduled from follow-on schedule check
[2025-06-24T11:42:46.207+0900] {local_task_job_runner.py:245} INFO - ::endgroup::
