[2025-06-24T16:49:44.444+0900] {local_task_job_runner.py:123} INFO - ::group::Pre task execution logs
[2025-06-24T16:49:44.569+0900] {taskinstance.py:2614} INFO - Dependencies all met for dep_context=non-requeueable deps ti=<TaskInstance: lilt_document_classifier_balanced_V0.1.img_preprocess_task manual__2025-06-24T07:39:02.784990+00:00 map_index=65 [queued]>
[2025-06-24T16:49:44.648+0900] {taskinstance.py:2614} INFO - Dependencies all met for dep_context=requeueable deps ti=<TaskInstance: lilt_document_classifier_balanced_V0.1.img_preprocess_task manual__2025-06-24T07:39:02.784990+00:00 map_index=65 [queued]>
[2025-06-24T16:49:44.649+0900] {taskinstance.py:2867} INFO - Starting attempt 1 of 1
[2025-06-24T16:49:44.675+0900] {taskinstance.py:2890} INFO - Executing <Mapped(_PythonDecoratedOperator): img_preprocess_task> on 2025-06-24 07:39:02.784990+00:00
[2025-06-24T16:49:44.730+0900] {warnings.py:112} WARNING - /home/***/.local/lib/python3.12/site-packages/***/task/task_runner/standard_task_runner.py:70: DeprecationWarning: This process (pid=56258) is multi-threaded, use of fork() may lead to deadlocks in the child.
  pid = os.fork()

[2025-06-24T16:49:44.741+0900] {standard_task_runner.py:72} INFO - Started process 56283 to run task
[2025-06-24T16:49:44.736+0900] {standard_task_runner.py:104} INFO - Running: ['***', 'tasks', 'run', 'lilt_document_classifier_balanced_V0.1', 'img_preprocess_task', 'manual__2025-06-24T07:39:02.784990+00:00', '--job-id', '4546', '--raw', '--subdir', 'DAGS_FOLDER/class_create_dag.py', '--cfg-path', '/tmp/tmppwsh27xz', '--map-index', '65']
[2025-06-24T16:49:44.749+0900] {standard_task_runner.py:105} INFO - Job 4546: Subtask img_preprocess_task
[2025-06-24T16:49:44.835+0900] {task_command.py:467} INFO - Running <TaskInstance: lilt_document_classifier_balanced_V0.1.img_preprocess_task manual__2025-06-24T07:39:02.784990+00:00 map_index=65 [running]> on host f6d4228a9eb8
[2025-06-24T16:49:45.278+0900] {taskinstance.py:3134} INFO - Exporting env vars: AIRFLOW_CTX_DAG_OWNER='***' AIRFLOW_CTX_DAG_ID='lilt_document_classifier_balanced_V0.1' AIRFLOW_CTX_TASK_ID='img_preprocess_task' AIRFLOW_CTX_EXECUTION_DATE='2025-06-24T07:39:02.784990+00:00' AIRFLOW_CTX_TRY_NUMBER='1' AIRFLOW_CTX_DAG_RUN_ID='manual__2025-06-24T07:39:02.784990+00:00'
[2025-06-24T16:49:45.285+0900] {taskinstance.py:732} INFO - ::endgroup::
[2025-06-24T16:49:45.292+0900] {logging_mixin.py:190} INFO - empty map check {} {'process_id': '_5ea1b9eb-c031-4084-ab67-b5881057e63c_pre', 'folder_path': '94e73a5c-57f8-4491-85b5-4daf6ed052fd/5ea1b9eb-c031-4084-ab67-b5881057e63c', 'step_list': [{'name': 'cache', 'param': {'key': 'origin'}}, {'name': 'calc_angle_set2', 'param': {'key': 'angle1', 'iterations': 4, 'iter_save': False}}, {'name': 'text_orientation_set', 'param': {'key': 'angle2', 'iterations': 4, 'iter_save': False}}, {'name': 'load', 'param': {'key': 'origin'}}, {'name': 'rotate', 'param': {'key': 'angle1'}}, {'name': 'rotate', 'param': {'key': 'angle2'}}], 'result_file_map': {}}
[2025-06-24T16:49:45.313+0900] {logging_mixin.py:190} INFO - step : cache
[2025-06-24T16:49:45.318+0900] {logging_mixin.py:190} INFO - step : calc_angle_set2
[2025-06-24T16:50:12.962+0900] {logging_mixin.py:190} INFO - osd 1 2.5 2.5 30 136498 [0, 0, 0, 0, 0, 0, 0, 0, 0, 0, 0, 0, 0, 0, 4, 11, 14, 26, 19, 30, 52, 40, 59, 63, 114, 1644, 12711, 31991, 52993, 82368, 136498, 67442, 46202, 24212, 6671, 324, 70, 62, 52, 36, 30]
[2025-06-24T16:50:41.412+0900] {logging_mixin.py:190} INFO - osd 2 2.5 0.0 20 147548 [0, 0, 0, 0, 0, 0, 0, 0, 0, 0, 0, 0, 1, 0, 0, 2270, 16020, 37276, 58951, 93081, 147548, 74795, 51983, 28896, 8199, 35, 22, 0, 15, 0, 0, 9, 2, 0, 0, 0, 0, 0, 0, 0, 0]
[2025-06-24T16:51:04.810+0900] {logging_mixin.py:190} INFO - osd 3 2.5 0.0 20 147548 [0, 0, 0, 0, 0, 0, 0, 0, 0, 0, 0, 0, 1, 0, 0, 2270, 16020, 37276, 58951, 93081, 147548, 74795, 51983, 28896, 8199, 35, 22, 0, 15, 0, 0, 9, 2, 0, 0, 0, 0, 0, 0, 0, 0]
[2025-06-24T16:51:29.982+0900] {logging_mixin.py:190} INFO - osd 4 2.5 0.0 20 147548 [0, 0, 0, 0, 0, 0, 0, 0, 0, 0, 0, 0, 1, 0, 0, 2270, 16020, 37276, 58951, 93081, 147548, 74795, 51983, 28896, 8199, 35, 22, 0, 15, 0, 0, 9, 2, 0, 0, 0, 0, 0, 0, 0, 0]
[2025-06-24T16:51:30.151+0900] {logging_mixin.py:190} INFO - step : text_orientation_set
[2025-06-24T16:51:42.304+0900] {logging_mixin.py:190} INFO - osd 1 break  0 0 7.5 Korean 1.12
[2025-06-24T16:51:42.305+0900] {logging_mixin.py:190} INFO - step : load
[2025-06-24T16:51:42.306+0900] {logging_mixin.py:190} INFO - step : rotate
[2025-06-24T16:51:42.937+0900] {logging_mixin.py:190} INFO - step : rotate
[2025-06-24T16:51:45.086+0900] {logging_mixin.py:190} INFO - file_copy: /opt/***/data/temp/94e73a5c-57f8-4491-85b5-4daf6ed052fd/5ea1b9eb-c031-4084-ab67-b5881057e63c/_result.png
[2025-06-24T16:51:45.147+0900] {python.py:240} INFO - Done. Returned value was: {'file_id': '94e73a5c-57f8-4491-85b5-4daf6ed052fd', 'file_path': '/opt/***/data/class/a_class/classify/ready/true/유동 학정빌딩 - 정부24 - 건축물대장 등본(초본) 발급(열람) _ 문서출력_page_1_aug1.png', 'true': {'process_id': '_5ea1b9eb-c031-4084-ab67-b5881057e63c_pre', 'folder_path': '94e73a5c-57f8-4491-85b5-4daf6ed052fd/5ea1b9eb-c031-4084-ab67-b5881057e63c', 'step_list': [{'name': 'cache', 'param': {'key': 'origin'}}, {'name': 'calc_angle_set2', 'param': {'key': 'angle1', 'iterations': 4, 'iter_save': False}}, {'name': 'text_orientation_set', 'param': {'key': 'angle2', 'iterations': 4, 'iter_save': False}}, {'name': 'load', 'param': {'key': 'origin'}}, {'name': 'rotate', 'param': {'key': 'angle1'}}, {'name': 'rotate', 'param': {'key': 'angle2'}}], 'result_file_map': {'_result': '/opt/***/data/temp/94e73a5c-57f8-4491-85b5-4daf6ed052fd/5ea1b9eb-c031-4084-ab67-b5881057e63c/_result.png'}}}
[2025-06-24T16:51:45.233+0900] {taskinstance.py:341} INFO - ::group::Post task execution logs
[2025-06-24T16:51:45.237+0900] {taskinstance.py:353} INFO - Marking task as SUCCESS. dag_id=lilt_document_classifier_balanced_V0.1, task_id=img_preprocess_task, run_id=manual__2025-06-24T07:39:02.784990+00:00, map_index=65, execution_date=20250624T073902, start_date=20250624T074944, end_date=20250624T075145
[2025-06-24T16:51:45.412+0900] {local_task_job_runner.py:266} INFO - Task exited with return code 0
[2025-06-24T16:51:45.502+0900] {taskinstance.py:3901} INFO - 0 downstream tasks scheduled from follow-on schedule check
[2025-06-24T16:51:45.521+0900] {local_task_job_runner.py:245} INFO - ::endgroup::
