[2025-06-25T09:10:03.980+0900] {local_task_job_runner.py:123} INFO - ::group::Pre task execution logs
[2025-06-25T09:10:04.242+0900] {taskinstance.py:2614} INFO - Dependencies all met for dep_context=non-requeueable deps ti=<TaskInstance: lilt_document_classifier_balanced_V0.1.img_preprocess_task manual__2025-06-25T00:04:18.909063+00:00 map_index=35 [queued]>
[2025-06-25T09:10:04.284+0900] {taskinstance.py:2614} INFO - Dependencies all met for dep_context=requeueable deps ti=<TaskInstance: lilt_document_classifier_balanced_V0.1.img_preprocess_task manual__2025-06-25T00:04:18.909063+00:00 map_index=35 [queued]>
[2025-06-25T09:10:04.291+0900] {taskinstance.py:2867} INFO - Starting attempt 1 of 1
[2025-06-25T09:10:04.338+0900] {taskinstance.py:2890} INFO - Executing <Mapped(_PythonDecoratedOperator): img_preprocess_task> on 2025-06-25 00:04:18.909063+00:00
[2025-06-25T09:10:04.411+0900] {warnings.py:112} WARNING - /home/***/.local/lib/python3.12/site-packages/***/task/task_runner/standard_task_runner.py:70: DeprecationWarning: This process (pid=73518) is multi-threaded, use of fork() may lead to deadlocks in the child.
  pid = os.fork()

[2025-06-25T09:10:04.419+0900] {standard_task_runner.py:72} INFO - Started process 73548 to run task
[2025-06-25T09:10:04.402+0900] {standard_task_runner.py:104} INFO - Running: ['***', 'tasks', 'run', 'lilt_document_classifier_balanced_V0.1', 'img_preprocess_task', 'manual__2025-06-25T00:04:18.909063+00:00', '--job-id', '4870', '--raw', '--subdir', 'DAGS_FOLDER/class_create_dag.py', '--cfg-path', '/tmp/tmpdcse0p08', '--map-index', '35']
[2025-06-25T09:10:04.428+0900] {standard_task_runner.py:105} INFO - Job 4870: Subtask img_preprocess_task
[2025-06-25T09:10:04.790+0900] {task_command.py:467} INFO - Running <TaskInstance: lilt_document_classifier_balanced_V0.1.img_preprocess_task manual__2025-06-25T00:04:18.909063+00:00 map_index=35 [running]> on host f6d4228a9eb8
[2025-06-25T09:10:05.058+0900] {taskinstance.py:3134} INFO - Exporting env vars: AIRFLOW_CTX_DAG_OWNER='***' AIRFLOW_CTX_DAG_ID='lilt_document_classifier_balanced_V0.1' AIRFLOW_CTX_TASK_ID='img_preprocess_task' AIRFLOW_CTX_EXECUTION_DATE='2025-06-25T00:04:18.909063+00:00' AIRFLOW_CTX_TRY_NUMBER='1' AIRFLOW_CTX_DAG_RUN_ID='manual__2025-06-25T00:04:18.909063+00:00'
[2025-06-25T09:10:05.060+0900] {taskinstance.py:732} INFO - ::endgroup::
[2025-06-25T09:10:05.066+0900] {logging_mixin.py:190} INFO - empty map check {} {'process_id': '_ce13c666-1e60-4543-8fd1-58d5267a7e3a_pre', 'folder_path': '74311bae-d5d6-456e-98b6-4958ca213189/ce13c666-1e60-4543-8fd1-58d5267a7e3a', 'step_list': [{'name': 'cache', 'param': {'cache_key': 'origin'}}, {'name': 'calc_angle_set2', 'param': {'angle_key': 'angle1', 'iterations': 4, 'iter_save': False}}, {'name': 'text_orientation_set', 'param': {'angle_key': 'angle2', 'iterations': 4, 'iter_save': False}}, {'name': 'load', 'param': {'cache_key': 'origin'}}, {'name': 'rotate', 'param': {'angle_key': 'angle1'}}, {'name': 'rotate', 'param': {'angle_key': 'angle2'}}], 'result_file_map': {}}
[2025-06-25T09:10:05.067+0900] {logging_mixin.py:190} INFO - step : cache
[2025-06-25T09:10:05.068+0900] {logging_mixin.py:190} INFO - step : calc_angle_set2
[2025-06-25T09:10:26.831+0900] {logging_mixin.py:190} INFO - osd 1 4.75 4.75 39 122902 [0, 0, 0, 0, 0, 0, 0, 0, 0, 0, 0, 0, 0, 0, 0, 0, 0, 0, 0, 0, 0, 0, 0, 0, 0, 0, 0, 0, 0, 0, 0, 0, 0, 0, 15, 3766, 19157, 41929, 63671, 122902, 109723]
[2025-06-25T09:10:55.702+0900] {logging_mixin.py:190} INFO - osd 2 4.75 0.0 20 131010 [0, 0, 0, 0, 0, 0, 0, 0, 0, 0, 0, 0, 0, 0, 0, 0, 3555, 21588, 46459, 71103, 131010, 120425, 67426, 42601, 18028, 1875, 0, 0, 0, 0, 0, 0, 0, 0, 0, 0, 0, 0, 0, 0, 0]
[2025-06-25T09:11:29.154+0900] {logging_mixin.py:190} INFO - osd 3 4.75 0.0 20 131010 [0, 0, 0, 0, 0, 0, 0, 0, 0, 0, 0, 0, 0, 0, 0, 0, 3555, 21588, 46459, 71103, 131010, 120425, 67426, 42601, 18028, 1875, 0, 0, 0, 0, 0, 0, 0, 0, 0, 0, 0, 0, 0, 0, 0]
[2025-06-25T09:11:58.447+0900] {logging_mixin.py:190} INFO - osd 4 4.75 0.0 20 131010 [0, 0, 0, 0, 0, 0, 0, 0, 0, 0, 0, 0, 0, 0, 0, 0, 3555, 21588, 46459, 71103, 131010, 120425, 67426, 42601, 18028, 1875, 0, 0, 0, 0, 0, 0, 0, 0, 0, 0, 0, 0, 0, 0, 0]
[2025-06-25T09:11:58.584+0900] {logging_mixin.py:190} INFO - step : text_orientation_set
[2025-06-25T09:12:16.080+0900] {logging_mixin.py:190} INFO - osd 1 break  0 0 3.7 Korean 0.93
[2025-06-25T09:12:16.082+0900] {logging_mixin.py:190} INFO - step : load
[2025-06-25T09:12:16.083+0900] {logging_mixin.py:190} INFO - step : rotate
[2025-06-25T09:12:16.385+0900] {logging_mixin.py:190} INFO - step : rotate
[2025-06-25T09:12:17.420+0900] {logging_mixin.py:190} INFO - file_copy: /opt/***/data/temp/74311bae-d5d6-456e-98b6-4958ca213189/ce13c666-1e60-4543-8fd1-58d5267a7e3a/_result.png
[2025-06-25T09:12:17.438+0900] {python.py:240} INFO - Done. Returned value was: {'file_id': '74311bae-d5d6-456e-98b6-4958ca213189', 'file_path': '/opt/***/data/class/a_class/classify/ready/true/목동 자성빌딩 - 정부24 - 건축물대장 등본(초본) 발급(열람) _ 문서출력_page_1_aug2.png', 'true': {'process_id': '_ce13c666-1e60-4543-8fd1-58d5267a7e3a_pre', 'folder_path': '74311bae-d5d6-456e-98b6-4958ca213189/ce13c666-1e60-4543-8fd1-58d5267a7e3a', 'step_list': [{'name': 'cache', 'param': {'cache_key': 'origin'}}, {'name': 'calc_angle_set2', 'param': {'angle_key': 'angle1', 'iterations': 4, 'iter_save': False}}, {'name': 'text_orientation_set', 'param': {'angle_key': 'angle2', 'iterations': 4, 'iter_save': False}}, {'name': 'load', 'param': {'cache_key': 'origin'}}, {'name': 'rotate', 'param': {'angle_key': 'angle1'}}, {'name': 'rotate', 'param': {'angle_key': 'angle2'}}], 'result_file_map': {'_result': '/opt/***/data/temp/74311bae-d5d6-456e-98b6-4958ca213189/ce13c666-1e60-4543-8fd1-58d5267a7e3a/_result.png'}}}
[2025-06-25T09:12:17.510+0900] {taskinstance.py:341} INFO - ::group::Post task execution logs
[2025-06-25T09:12:17.511+0900] {taskinstance.py:353} INFO - Marking task as SUCCESS. dag_id=lilt_document_classifier_balanced_V0.1, task_id=img_preprocess_task, run_id=manual__2025-06-25T00:04:18.909063+00:00, map_index=35, execution_date=20250625T000418, start_date=20250625T001004, end_date=20250625T001217
[2025-06-25T09:12:17.694+0900] {local_task_job_runner.py:266} INFO - Task exited with return code 0
[2025-06-25T09:12:17.735+0900] {local_task_job_runner.py:245} INFO - ::endgroup::
