[2025-06-23T09:47:10.976+0900] {local_task_job_runner.py:123} INFO - ::group::Pre task execution logs
[2025-06-23T09:47:11.490+0900] {taskinstance.py:2614} INFO - Dependencies all met for dep_context=non-requeueable deps ti=<TaskInstance: lilt_document_classifier_balanced_V0.1.img_preprocess_task__1 manual__2025-06-23T00:42:21.868462+00:00 map_index=81 [queued]>
[2025-06-23T09:47:11.617+0900] {taskinstance.py:2614} INFO - Dependencies all met for dep_context=requeueable deps ti=<TaskInstance: lilt_document_classifier_balanced_V0.1.img_preprocess_task__1 manual__2025-06-23T00:42:21.868462+00:00 map_index=81 [queued]>
[2025-06-23T09:47:11.628+0900] {taskinstance.py:2867} INFO - Starting attempt 1 of 1
[2025-06-23T09:47:11.750+0900] {taskinstance.py:2890} INFO - Executing <Mapped(_PythonDecoratedOperator): img_preprocess_task__1> on 2025-06-23 00:42:21.868462+00:00
[2025-06-23T09:47:11.839+0900] {warnings.py:112} WARNING - /home/***/.local/lib/python3.12/site-packages/***/task/task_runner/standard_task_runner.py:70: DeprecationWarning: This process (pid=83949) is multi-threaded, use of fork() may lead to deadlocks in the child.
  pid = os.fork()

[2025-06-23T09:47:11.860+0900] {standard_task_runner.py:72} INFO - Started process 84011 to run task
[2025-06-23T09:47:11.847+0900] {standard_task_runner.py:104} INFO - Running: ['***', 'tasks', 'run', 'lilt_document_classifier_balanced_V0.1', 'img_preprocess_task__1', 'manual__2025-06-23T00:42:21.868462+00:00', '--job-id', '2052', '--raw', '--subdir', 'DAGS_FOLDER/class_create_dag.py', '--cfg-path', '/tmp/tmpa1e_0xhi', '--map-index', '81']
[2025-06-23T09:47:11.871+0900] {standard_task_runner.py:105} INFO - Job 2052: Subtask img_preprocess_task__1
[2025-06-23T09:47:12.070+0900] {task_command.py:467} INFO - Running <TaskInstance: lilt_document_classifier_balanced_V0.1.img_preprocess_task__1 manual__2025-06-23T00:42:21.868462+00:00 map_index=81 [running]> on host f6d4228a9eb8
[2025-06-23T09:47:12.261+0900] {taskinstance.py:3134} INFO - Exporting env vars: AIRFLOW_CTX_DAG_OWNER='***' AIRFLOW_CTX_DAG_ID='lilt_document_classifier_balanced_V0.1' AIRFLOW_CTX_TASK_ID='img_preprocess_task__1' AIRFLOW_CTX_EXECUTION_DATE='2025-06-23T00:42:21.868462+00:00' AIRFLOW_CTX_TRY_NUMBER='1' AIRFLOW_CTX_DAG_RUN_ID='manual__2025-06-23T00:42:21.868462+00:00'
[2025-06-23T09:47:12.266+0900] {taskinstance.py:732} INFO - ::endgroup::
[2025-06-23T09:47:12.272+0900] {logging_mixin.py:190} INFO - empty map check {} {'process_id': '_7861956a-2fbf-49eb-90e0-a72c1cd71a3c_pre', 'folder_path': '68828148-407c-4e30-b025-c21370f753a1/7861956a-2fbf-49eb-90e0-a72c1cd71a3c', 'step_list': [{'name': 'cache', 'param': {'key': 'origin'}}, {'name': 'calc_angle_set1', 'param': {'key': 'angle1', 'iterations': 4, 'iter_save': False}}, {'name': 'text_orientation_set', 'param': {'key': 'angle2', 'iterations': 4, 'iter_save': False}}, {'name': 'load', 'param': {'key': 'origin'}}, {'name': 'rotate', 'param': {'key': 'angle1'}}, {'name': 'rotate', 'param': {'key': 'angle2'}}], 'result_file_map': {}}
[2025-06-23T09:47:12.273+0900] {logging_mixin.py:190} INFO - step : cache
[2025-06-23T09:47:12.274+0900] {logging_mixin.py:190} INFO - step : calc_angle_set1
[2025-06-23T09:47:12.329+0900] {logging_mixin.py:190} INFO - angle1 :  0 90.47920901122232 179.71423788312347 90.0 90.0 2.2025981617658053
[2025-06-23T09:47:12.466+0900] {logging_mixin.py:190} INFO - step : text_orientation_set
[2025-06-23T09:47:22.683+0900] {logging_mixin.py:190} INFO - osd 1 90 90 1.66 Arabic 6.06
[2025-06-23T09:47:31.050+0900] {logging_mixin.py:190} INFO - osd 2 270 180 3.31 Latin 1.15
[2025-06-23T09:47:36.474+0900] {logging_mixin.py:190} INFO - osd 3 break  270 0 4.35 Latin 1.87
[2025-06-23T09:47:36.479+0900] {logging_mixin.py:190} INFO - step : load
[2025-06-23T09:47:36.481+0900] {logging_mixin.py:190} INFO - step : rotate
[2025-06-23T09:47:36.559+0900] {logging_mixin.py:190} INFO - step : rotate
[2025-06-23T09:47:36.822+0900] {logging_mixin.py:190} INFO - file_copy: /opt/***/data/temp/68828148-407c-4e30-b025-c21370f753a1/7861956a-2fbf-49eb-90e0-a72c1cd71a3c/_result.png
[2025-06-23T09:47:36.880+0900] {python.py:240} INFO - Done. Returned value was: {'file_id': '68828148-407c-4e30-b025-c21370f753a1', 'file_path': '/opt/***/data/class/a_class/classify/ready/false/copied_56_524266118+-6118.png', 'false': {'process_id': '_7861956a-2fbf-49eb-90e0-a72c1cd71a3c_pre', 'folder_path': '68828148-407c-4e30-b025-c21370f753a1/7861956a-2fbf-49eb-90e0-a72c1cd71a3c', 'step_list': [{'name': 'cache', 'param': {'key': 'origin'}}, {'name': 'calc_angle_set1', 'param': {'key': 'angle1', 'iterations': 4, 'iter_save': False}}, {'name': 'text_orientation_set', 'param': {'key': 'angle2', 'iterations': 4, 'iter_save': False}}, {'name': 'load', 'param': {'key': 'origin'}}, {'name': 'rotate', 'param': {'key': 'angle1'}}, {'name': 'rotate', 'param': {'key': 'angle2'}}], 'result_file_map': {'_result': '/opt/***/data/temp/68828148-407c-4e30-b025-c21370f753a1/7861956a-2fbf-49eb-90e0-a72c1cd71a3c/_result.png'}}}
[2025-06-23T09:47:37.137+0900] {taskinstance.py:341} INFO - ::group::Post task execution logs
[2025-06-23T09:47:37.137+0900] {taskinstance.py:353} INFO - Marking task as SUCCESS. dag_id=lilt_document_classifier_balanced_V0.1, task_id=img_preprocess_task__1, run_id=manual__2025-06-23T00:42:21.868462+00:00, map_index=81, execution_date=20250623T004221, start_date=20250623T004711, end_date=20250623T004737
[2025-06-23T09:47:37.493+0900] {local_task_job_runner.py:266} INFO - Task exited with return code 0
[2025-06-23T09:47:37.581+0900] {taskinstance.py:3901} INFO - 0 downstream tasks scheduled from follow-on schedule check
[2025-06-23T09:47:37.598+0900] {local_task_job_runner.py:245} INFO - ::endgroup::
