[2025-06-24T11:55:23.241+0900] {local_task_job_runner.py:123} INFO - ::group::Pre task execution logs
[2025-06-24T11:55:23.455+0900] {taskinstance.py:2614} INFO - Dependencies all met for dep_context=non-requeueable deps ti=<TaskInstance: lilt_document_classifier_balanced_V0.1.img_preprocess_task__1 manual__2025-06-24T02:31:44.485922+00:00 map_index=87 [queued]>
[2025-06-24T11:55:23.550+0900] {taskinstance.py:2614} INFO - Dependencies all met for dep_context=requeueable deps ti=<TaskInstance: lilt_document_classifier_balanced_V0.1.img_preprocess_task__1 manual__2025-06-24T02:31:44.485922+00:00 map_index=87 [queued]>
[2025-06-24T11:55:23.557+0900] {taskinstance.py:2867} INFO - Starting attempt 1 of 1
[2025-06-24T11:55:23.677+0900] {taskinstance.py:2890} INFO - Executing <Mapped(_PythonDecoratedOperator): img_preprocess_task__1> on 2025-06-24 02:31:44.485922+00:00
[2025-06-24T11:55:23.741+0900] {standard_task_runner.py:104} INFO - Running: ['***', 'tasks', 'run', 'lilt_document_classifier_balanced_V0.1', 'img_preprocess_task__1', 'manual__2025-06-24T02:31:44.485922+00:00', '--job-id', '3913', '--raw', '--subdir', 'DAGS_FOLDER/class_create_dag.py', '--cfg-path', '/tmp/tmppoca_ygp', '--map-index', '87']
[2025-06-24T11:55:23.773+0900] {standard_task_runner.py:105} INFO - Job 3913: Subtask img_preprocess_task__1
[2025-06-24T11:55:23.770+0900] {warnings.py:112} WARNING - /home/***/.local/lib/python3.12/site-packages/***/task/task_runner/standard_task_runner.py:70: DeprecationWarning: This process (pid=37061) is multi-threaded, use of fork() may lead to deadlocks in the child.
  pid = os.fork()

[2025-06-24T11:55:23.786+0900] {standard_task_runner.py:72} INFO - Started process 37071 to run task
[2025-06-24T11:55:24.000+0900] {task_command.py:467} INFO - Running <TaskInstance: lilt_document_classifier_balanced_V0.1.img_preprocess_task__1 manual__2025-06-24T02:31:44.485922+00:00 map_index=87 [running]> on host f6d4228a9eb8
[2025-06-24T11:55:24.659+0900] {taskinstance.py:3134} INFO - Exporting env vars: AIRFLOW_CTX_DAG_OWNER='***' AIRFLOW_CTX_DAG_ID='lilt_document_classifier_balanced_V0.1' AIRFLOW_CTX_TASK_ID='img_preprocess_task__1' AIRFLOW_CTX_EXECUTION_DATE='2025-06-24T02:31:44.485922+00:00' AIRFLOW_CTX_TRY_NUMBER='1' AIRFLOW_CTX_DAG_RUN_ID='manual__2025-06-24T02:31:44.485922+00:00'
[2025-06-24T11:55:24.661+0900] {taskinstance.py:732} INFO - ::endgroup::
[2025-06-24T11:55:24.668+0900] {logging_mixin.py:190} INFO - empty map check {} {'process_id': '_c9925f3d-a4b2-4466-b5ce-d3be0be4ad36_pre', 'folder_path': '69953932-a5c2-4435-810a-a6b66d442c93/c9925f3d-a4b2-4466-b5ce-d3be0be4ad36', 'step_list': [{'name': 'cache', 'param': {'key': 'origin'}}, {'name': 'calc_angle_set2', 'param': {'key': 'angle1', 'iterations': 4, 'iter_save': True}}, {'name': 'save', 'param': {'key': 'ag1'}}, {'name': 'text_orientation_set', 'param': {'key': 'angle2', 'iterations': 4, 'iter_save': True}}, {'name': 'save', 'param': {'key': 'ag2'}}, {'name': 'load', 'param': {'key': 'origin'}}, {'name': 'rotate', 'param': {'key': 'angle1'}}, {'name': 'rotate', 'param': {'key': 'angle2'}}], 'result_file_map': {}}
[2025-06-24T11:55:24.675+0900] {logging_mixin.py:190} INFO - step : cache
[2025-06-24T11:55:24.676+0900] {logging_mixin.py:190} INFO - step : calc_angle_set2
[2025-06-24T11:55:32.051+0900] {logging_mixin.py:190} INFO - osd 1 0 0 0 0 [0, 0, 0, 0, 0, 0, 0, 0, 0, 0, 0, 0, 0, 0, 0, 0, 0, 0, 0, 0, 0, 0, 0, 0, 0, 0, 0, 0, 0, 0, 0, 0, 0, 0, 0, 0, 0, 0, 0, 0, 0]
[2025-06-24T11:55:37.591+0900] {logging_mixin.py:190} INFO - osd 2 0 0 0 0 [0, 0, 0, 0, 0, 0, 0, 0, 0, 0, 0, 0, 0, 0, 0, 0, 0, 0, 0, 0, 0, 0, 0, 0, 0, 0, 0, 0, 0, 0, 0, 0, 0, 0, 0, 0, 0, 0, 0, 0, 0]
[2025-06-24T11:55:45.380+0900] {logging_mixin.py:190} INFO - osd 3 0 0 0 0 [0, 0, 0, 0, 0, 0, 0, 0, 0, 0, 0, 0, 0, 0, 0, 0, 0, 0, 0, 0, 0, 0, 0, 0, 0, 0, 0, 0, 0, 0, 0, 0, 0, 0, 0, 0, 0, 0, 0, 0, 0]
[2025-06-24T11:55:50.795+0900] {logging_mixin.py:190} INFO - osd 4 0 0 0 0 [0, 0, 0, 0, 0, 0, 0, 0, 0, 0, 0, 0, 0, 0, 0, 0, 0, 0, 0, 0, 0, 0, 0, 0, 0, 0, 0, 0, 0, 0, 0, 0, 0, 0, 0, 0, 0, 0, 0, 0, 0]
[2025-06-24T11:55:50.843+0900] {logging_mixin.py:190} INFO - step : save
[2025-06-24T11:55:50.976+0900] {logging_mixin.py:190} INFO - file_copy: /opt/***/data/temp/69953932-a5c2-4435-810a-a6b66d442c93/c9925f3d-a4b2-4466-b5ce-d3be0be4ad36/ag1.png
[2025-06-24T11:55:51.018+0900] {logging_mixin.py:190} INFO - step : text_orientation_set
[2025-06-24T11:55:54.457+0900] {logging_mixin.py:190} INFO - file_copy: /opt/***/data/temp/69953932-a5c2-4435-810a-a6b66d442c93/c9925f3d-a4b2-4466-b5ce-d3be0be4ad36/rotate2_1.png
[2025-06-24T11:56:00.406+0900] {logging_mixin.py:190} INFO - osd 1 180 180 1.59 Latin 0.32
[2025-06-24T11:56:03.043+0900] {logging_mixin.py:190} INFO - file_copy: /opt/***/data/temp/69953932-a5c2-4435-810a-a6b66d442c93/c9925f3d-a4b2-4466-b5ce-d3be0be4ad36/rotate2_2.png
[2025-06-24T11:56:06.091+0900] {logging_mixin.py:190} INFO - osd 2 break  180 0 2.0 Latin 1.93
[2025-06-24T11:56:06.098+0900] {logging_mixin.py:190} INFO - step : save
[2025-06-24T11:56:06.905+0900] {logging_mixin.py:190} INFO - file_copy: /opt/***/data/temp/69953932-a5c2-4435-810a-a6b66d442c93/c9925f3d-a4b2-4466-b5ce-d3be0be4ad36/ag2.png
[2025-06-24T11:56:07.150+0900] {logging_mixin.py:190} INFO - step : load
[2025-06-24T11:56:07.162+0900] {logging_mixin.py:190} INFO - step : rotate
[2025-06-24T11:56:07.255+0900] {logging_mixin.py:190} INFO - step : rotate
[2025-06-24T11:56:08.263+0900] {logging_mixin.py:190} INFO - file_copy: /opt/***/data/temp/69953932-a5c2-4435-810a-a6b66d442c93/c9925f3d-a4b2-4466-b5ce-d3be0be4ad36/_result.png
[2025-06-24T11:56:08.442+0900] {python.py:240} INFO - Done. Returned value was: {'file_id': '69953932-a5c2-4435-810a-a6b66d442c93', 'file_path': '/opt/***/data/class/a_class/classify/ready/false/copied_27_80034188_4194.png', 'false': {'process_id': '_c9925f3d-a4b2-4466-b5ce-d3be0be4ad36_pre', 'folder_path': '69953932-a5c2-4435-810a-a6b66d442c93/c9925f3d-a4b2-4466-b5ce-d3be0be4ad36', 'step_list': [{'name': 'cache', 'param': {'key': 'origin'}}, {'name': 'calc_angle_set2', 'param': {'key': 'angle1', 'iterations': 4, 'iter_save': True}}, {'name': 'save', 'param': {'key': 'ag1'}}, {'name': 'text_orientation_set', 'param': {'key': 'angle2', 'iterations': 4, 'iter_save': True}}, {'name': 'save', 'param': {'key': 'ag2'}}, {'name': 'load', 'param': {'key': 'origin'}}, {'name': 'rotate', 'param': {'key': 'angle1'}}, {'name': 'rotate', 'param': {'key': 'angle2'}}], 'result_file_map': {'ag1': '/opt/***/data/temp/69953932-a5c2-4435-810a-a6b66d442c93/c9925f3d-a4b2-4466-b5ce-d3be0be4ad36/ag1.png', 'rotate2_1': '/opt/***/data/temp/69953932-a5c2-4435-810a-a6b66d442c93/c9925f3d-a4b2-4466-b5ce-d3be0be4ad36/rotate2_1.png', 'rotate2_2': '/opt/***/data/temp/69953932-a5c2-4435-810a-a6b66d442c93/c9925f3d-a4b2-4466-b5ce-d3be0be4ad36/rotate2_2.png', 'ag2': '/opt/***/data/temp/69953932-a5c2-4435-810a-a6b66d442c93/c9925f3d-a4b2-4466-b5ce-d3be0be4ad36/ag2.png', '_result': '/opt/***/data/temp/69953932-a5c2-4435-810a-a6b66d442c93/c9925f3d-a4b2-4466-b5ce-d3be0be4ad36/_result.png'}}}
[2025-06-24T11:56:08.780+0900] {taskinstance.py:341} INFO - ::group::Post task execution logs
[2025-06-24T11:56:08.781+0900] {taskinstance.py:353} INFO - Marking task as SUCCESS. dag_id=lilt_document_classifier_balanced_V0.1, task_id=img_preprocess_task__1, run_id=manual__2025-06-24T02:31:44.485922+00:00, map_index=87, execution_date=20250624T023144, start_date=20250624T025523, end_date=20250624T025608
[2025-06-24T11:56:08.896+0900] {local_task_job_runner.py:266} INFO - Task exited with return code 0
[2025-06-24T11:56:08.926+0900] {standard_task_runner.py:217} INFO - Process not found (most likely exited), stop collecting metrics
[2025-06-24T11:56:08.993+0900] {taskinstance.py:3901} INFO - 0 downstream tasks scheduled from follow-on schedule check
[2025-06-24T11:56:09.000+0900] {local_task_job_runner.py:245} INFO - ::endgroup::
