[2025-06-24T11:39:06.621+0900] {local_task_job_runner.py:123} INFO - ::group::Pre task execution logs
[2025-06-24T11:39:06.673+0900] {taskinstance.py:2614} INFO - Dependencies all met for dep_context=non-requeueable deps ti=<TaskInstance: lilt_document_classifier_balanced_V0.1.img_preprocess_task manual__2025-06-24T02:31:44.485922+00:00 map_index=28 [queued]>
[2025-06-24T11:39:06.702+0900] {taskinstance.py:2614} INFO - Dependencies all met for dep_context=requeueable deps ti=<TaskInstance: lilt_document_classifier_balanced_V0.1.img_preprocess_task manual__2025-06-24T02:31:44.485922+00:00 map_index=28 [queued]>
[2025-06-24T11:39:06.750+0900] {taskinstance.py:2867} INFO - Starting attempt 1 of 1
[2025-06-24T11:39:06.850+0900] {taskinstance.py:2890} INFO - Executing <Mapped(_PythonDecoratedOperator): img_preprocess_task> on 2025-06-24 02:31:44.485922+00:00
[2025-06-24T11:39:06.914+0900] {warnings.py:112} WARNING - /home/***/.local/lib/python3.12/site-packages/***/task/task_runner/standard_task_runner.py:70: DeprecationWarning: This process (pid=34622) is multi-threaded, use of fork() may lead to deadlocks in the child.
  pid = os.fork()

[2025-06-24T11:39:06.920+0900] {standard_task_runner.py:72} INFO - Started process 34631 to run task
[2025-06-24T11:39:06.917+0900] {standard_task_runner.py:104} INFO - Running: ['***', 'tasks', 'run', 'lilt_document_classifier_balanced_V0.1', 'img_preprocess_task', 'manual__2025-06-24T02:31:44.485922+00:00', '--job-id', '3794', '--raw', '--subdir', 'DAGS_FOLDER/class_create_dag.py', '--cfg-path', '/tmp/tmpdv0nsfpv', '--map-index', '28']
[2025-06-24T11:39:06.924+0900] {standard_task_runner.py:105} INFO - Job 3794: Subtask img_preprocess_task
[2025-06-24T11:39:07.001+0900] {task_command.py:467} INFO - Running <TaskInstance: lilt_document_classifier_balanced_V0.1.img_preprocess_task manual__2025-06-24T02:31:44.485922+00:00 map_index=28 [running]> on host f6d4228a9eb8
[2025-06-24T11:39:07.228+0900] {taskinstance.py:3134} INFO - Exporting env vars: AIRFLOW_CTX_DAG_OWNER='***' AIRFLOW_CTX_DAG_ID='lilt_document_classifier_balanced_V0.1' AIRFLOW_CTX_TASK_ID='img_preprocess_task' AIRFLOW_CTX_EXECUTION_DATE='2025-06-24T02:31:44.485922+00:00' AIRFLOW_CTX_TRY_NUMBER='1' AIRFLOW_CTX_DAG_RUN_ID='manual__2025-06-24T02:31:44.485922+00:00'
[2025-06-24T11:39:07.236+0900] {taskinstance.py:732} INFO - ::endgroup::
[2025-06-24T11:39:07.247+0900] {logging_mixin.py:190} INFO - empty map check {} {'process_id': '_aa6b2a0e-5cda-4716-816b-621597f26532_pre', 'folder_path': 'b4a237f4-6703-48aa-81c6-3fdc9a3e2ce3/aa6b2a0e-5cda-4716-816b-621597f26532', 'step_list': [{'name': 'cache', 'param': {'key': 'origin'}}, {'name': 'calc_angle_set2', 'param': {'key': 'angle1', 'iterations': 4, 'iter_save': True}}, {'name': 'save', 'param': {'key': 'ag1'}}, {'name': 'text_orientation_set', 'param': {'key': 'angle2', 'iterations': 4, 'iter_save': True}}, {'name': 'save', 'param': {'key': 'ag2'}}, {'name': 'load', 'param': {'key': 'origin'}}, {'name': 'rotate', 'param': {'key': 'angle1'}}, {'name': 'rotate', 'param': {'key': 'angle2'}}], 'result_file_map': {}}
[2025-06-24T11:39:07.249+0900] {logging_mixin.py:190} INFO - step : cache
[2025-06-24T11:39:07.253+0900] {logging_mixin.py:190} INFO - step : calc_angle_set2
[2025-06-24T11:39:42.576+0900] {logging_mixin.py:190} INFO - osd 1 -5.0 -5.0 0 697285 [697285, 657668, 616545, 575156, 535364, 495506, 457474, 419694, 384178, 347863, 316177, 285530, 255393, 226466, 200242, 171540, 142965, 114506, 86173, 58417, 32278, 58432, 86631, 114567, 143023, 171600, 199875, 226556, 255044, 284801, 314952, 346251, 382528, 417610, 455216, 493242, 532968, 572748, 614646, 655156, 694702]
[2025-06-24T11:40:28.910+0900] {logging_mixin.py:190} INFO - osd 2 0.0 5.0 40 1838512 [1671268, 1617365, 1568557, 1516285, 1462440, 1411728, 1361294, 1308764, 1258937, 1203923, 1155722, 1104689, 1054194, 1006075, 953270, 904023, 852300, 804137, 759436, 709542, 663225, 712484, 765355, 814058, 865739, 922458, 976575, 1035546, 1090795, 1150528, 1213563, 1272490, 1341076, 1403216, 1468317, 1530905, 1592695, 1657946, 1719767, 1778250, 1838512]
[2025-06-24T11:41:16.632+0900] {logging_mixin.py:190} INFO - osd 3 -5.0 -5.0 0 3068436 [3068436, 3004708, 2943380, 2878241, 2817160, 2752796, 2693114, 2626090, 2562309, 2498763, 2436970, 2373266, 2307468, 2245605, 2180029, 2117264, 2051231, 1985888, 1920446, 1855243, 1792169, 1849115, 1908456, 1967312, 2026965, 2086773, 2143517, 2203772, 2260517, 2321664, 2379879, 2436642, 2495125, 2553402, 2614655, 2670348, 2728456, 2784704, 2844154, 2899420, 2959705]
[2025-06-24T11:42:13.427+0900] {logging_mixin.py:190} INFO - osd 4 0.0 5.0 40 4742343 [4597755, 4510081, 4423321, 4337567, 4254070, 4170879, 4085148, 4001707, 3922387, 3840622, 3762917, 3678588, 3603804, 3521774, 3443880, 3368290, 3294330, 3217219, 3140525, 3064157, 2995443, 3077538, 3167185, 3258378, 3348794, 3436708, 3523793, 3612257, 3704208, 3789267, 3882293, 3966817, 4056045, 4141173, 4229245, 4317841, 4403287, 4488019, 4572840, 4658312, 4742343]
[2025-06-24T11:42:14.021+0900] {logging_mixin.py:190} INFO - step : save
[2025-06-24T11:42:15.023+0900] {logging_mixin.py:190} INFO - file_copy: /opt/***/data/temp/b4a237f4-6703-48aa-81c6-3fdc9a3e2ce3/aa6b2a0e-5cda-4716-816b-621597f26532/ag1.png
[2025-06-24T11:42:15.154+0900] {logging_mixin.py:190} INFO - step : text_orientation_set
[2025-06-24T11:42:29.716+0900] {logging_mixin.py:190} INFO - file_copy: /opt/***/data/temp/b4a237f4-6703-48aa-81c6-3fdc9a3e2ce3/aa6b2a0e-5cda-4716-816b-621597f26532/rotate2_1.png
[2025-06-24T11:42:36.231+0900] {logging_mixin.py:190} INFO - osd 1 break  0 0 14.19 Japanese 0.67
[2025-06-24T11:42:36.244+0900] {logging_mixin.py:190} INFO - step : save
[2025-06-24T11:42:37.977+0900] {logging_mixin.py:190} INFO - file_copy: /opt/***/data/temp/b4a237f4-6703-48aa-81c6-3fdc9a3e2ce3/aa6b2a0e-5cda-4716-816b-621597f26532/ag2.png
[2025-06-24T11:42:38.026+0900] {logging_mixin.py:190} INFO - step : load
[2025-06-24T11:42:38.029+0900] {logging_mixin.py:190} INFO - step : rotate
[2025-06-24T11:42:38.592+0900] {logging_mixin.py:190} INFO - step : rotate
[2025-06-24T11:42:39.180+0900] {logging_mixin.py:190} INFO - file_copy: /opt/***/data/temp/b4a237f4-6703-48aa-81c6-3fdc9a3e2ce3/aa6b2a0e-5cda-4716-816b-621597f26532/_result.png
[2025-06-24T11:42:39.207+0900] {python.py:240} INFO - Done. Returned value was: {'file_id': 'b4a237f4-6703-48aa-81c6-3fdc9a3e2ce3', 'file_path': '/opt/***/data/class/a_class/classify/ready/true/청진동 삼선빌딩 - 정부24 - 건축물대장 등본(초본) 발급(열람) _ 문서출력_page_1_aug2.png', 'true': {'process_id': '_aa6b2a0e-5cda-4716-816b-621597f26532_pre', 'folder_path': 'b4a237f4-6703-48aa-81c6-3fdc9a3e2ce3/aa6b2a0e-5cda-4716-816b-621597f26532', 'step_list': [{'name': 'cache', 'param': {'key': 'origin'}}, {'name': 'calc_angle_set2', 'param': {'key': 'angle1', 'iterations': 4, 'iter_save': True}}, {'name': 'save', 'param': {'key': 'ag1'}}, {'name': 'text_orientation_set', 'param': {'key': 'angle2', 'iterations': 4, 'iter_save': True}}, {'name': 'save', 'param': {'key': 'ag2'}}, {'name': 'load', 'param': {'key': 'origin'}}, {'name': 'rotate', 'param': {'key': 'angle1'}}, {'name': 'rotate', 'param': {'key': 'angle2'}}], 'result_file_map': {'ag1': '/opt/***/data/temp/b4a237f4-6703-48aa-81c6-3fdc9a3e2ce3/aa6b2a0e-5cda-4716-816b-621597f26532/ag1.png', 'rotate2_1': '/opt/***/data/temp/b4a237f4-6703-48aa-81c6-3fdc9a3e2ce3/aa6b2a0e-5cda-4716-816b-621597f26532/rotate2_1.png', 'ag2': '/opt/***/data/temp/b4a237f4-6703-48aa-81c6-3fdc9a3e2ce3/aa6b2a0e-5cda-4716-816b-621597f26532/ag2.png', '_result': '/opt/***/data/temp/b4a237f4-6703-48aa-81c6-3fdc9a3e2ce3/aa6b2a0e-5cda-4716-816b-621597f26532/_result.png'}}}
[2025-06-24T11:42:39.291+0900] {taskinstance.py:341} INFO - ::group::Post task execution logs
[2025-06-24T11:42:39.292+0900] {taskinstance.py:353} INFO - Marking task as SUCCESS. dag_id=lilt_document_classifier_balanced_V0.1, task_id=img_preprocess_task, run_id=manual__2025-06-24T02:31:44.485922+00:00, map_index=28, execution_date=20250624T023144, start_date=20250624T023906, end_date=20250624T024239
[2025-06-24T11:42:39.399+0900] {local_task_job_runner.py:266} INFO - Task exited with return code 0
[2025-06-24T11:42:39.620+0900] {taskinstance.py:3901} INFO - 0 downstream tasks scheduled from follow-on schedule check
[2025-06-24T11:42:39.640+0900] {local_task_job_runner.py:245} INFO - ::endgroup::
