[2025-06-18T13:50:06.195+0900] {local_task_job_runner.py:123} INFO - ::group::Pre task execution logs
[2025-06-18T13:50:06.277+0900] {taskinstance.py:2614} INFO - Dependencies all met for dep_context=non-requeueable deps ti=<TaskInstance: lilt_document_classifier_balanced_V0.1.img_preprocess_task manual__2025-06-18T04:46:36.476365+00:00 map_index=63 [queued]>
[2025-06-18T13:50:06.334+0900] {taskinstance.py:2614} INFO - Dependencies all met for dep_context=requeueable deps ti=<TaskInstance: lilt_document_classifier_balanced_V0.1.img_preprocess_task manual__2025-06-18T04:46:36.476365+00:00 map_index=63 [queued]>
[2025-06-18T13:50:06.335+0900] {taskinstance.py:2867} INFO - Starting attempt 1 of 1
[2025-06-18T13:50:06.369+0900] {taskinstance.py:2890} INFO - Executing <Mapped(_PythonDecoratedOperator): img_preprocess_task> on 2025-06-18 04:46:36.476365+00:00
[2025-06-18T13:50:06.421+0900] {standard_task_runner.py:104} INFO - Running: ['***', 'tasks', 'run', 'lilt_document_classifier_balanced_V0.1', 'img_preprocess_task', 'manual__2025-06-18T04:46:36.476365+00:00', '--job-id', '1144', '--raw', '--subdir', 'DAGS_FOLDER/class_create_dag.py', '--cfg-path', '/tmp/tmp8w9xoegx', '--map-index', '63']
[2025-06-18T13:50:06.428+0900] {standard_task_runner.py:105} INFO - Job 1144: Subtask img_preprocess_task
[2025-06-18T13:50:06.422+0900] {warnings.py:112} WARNING - /home/***/.local/lib/python3.12/site-packages/***/task/task_runner/standard_task_runner.py:70: DeprecationWarning: This process (pid=28828) is multi-threaded, use of fork() may lead to deadlocks in the child.
  pid = os.fork()

[2025-06-18T13:50:06.433+0900] {standard_task_runner.py:72} INFO - Started process 28896 to run task
[2025-06-18T13:50:06.558+0900] {task_command.py:467} INFO - Running <TaskInstance: lilt_document_classifier_balanced_V0.1.img_preprocess_task manual__2025-06-18T04:46:36.476365+00:00 map_index=63 [running]> on host f6d4228a9eb8
[2025-06-18T13:50:07.000+0900] {taskinstance.py:3134} INFO - Exporting env vars: AIRFLOW_CTX_DAG_OWNER='***' AIRFLOW_CTX_DAG_ID='lilt_document_classifier_balanced_V0.1' AIRFLOW_CTX_TASK_ID='img_preprocess_task' AIRFLOW_CTX_EXECUTION_DATE='2025-06-18T04:46:36.476365+00:00' AIRFLOW_CTX_TRY_NUMBER='1' AIRFLOW_CTX_DAG_RUN_ID='manual__2025-06-18T04:46:36.476365+00:00'
[2025-06-18T13:50:07.007+0900] {taskinstance.py:732} INFO - ::endgroup::
[2025-06-18T13:50:07.015+0900] {logging_mixin.py:190} INFO - empty map check {} {'process_id': '_117c3498-958e-44af-8e27-a2df969c517e_pre', 'folder_path': 'e76f7771-ace9-494b-b598-223a0a9b9b3b/117c3498-958e-44af-8e27-a2df969c517e', 'step_list': [{'name': 'cache', 'param': {'key': 'origin'}}, {'name': 'calc_angle_set1', 'param': {'key': 'angle1', 'iterations': 4, 'iter_save': False}}, {'name': 'text_orientation_set', 'param': {'key': 'angle2', 'iterations': 4, 'iter_save': False}}, {'name': 'load', 'param': {'key': 'origin'}}, {'name': 'rotate', 'param': {'key': 'angle1'}}, {'name': 'rotate', 'param': {'key': 'angle2'}}, {'name': 'save', 'param': {'key': 'classify_preprocess'}}], 'result_file_list': []}
[2025-06-18T13:50:07.036+0900] {logging_mixin.py:190} INFO - step : cache
[2025-06-18T13:50:07.044+0900] {logging_mixin.py:190} INFO - step : calc_angle_set1
[2025-06-18T13:50:07.877+0900] {logging_mixin.py:190} INFO - step : text_orientation_set
[2025-06-18T13:50:31.613+0900] {logging_mixin.py:190} INFO - osd 1 break  0 0 15.15 Korean 1.34
[2025-06-18T13:50:31.632+0900] {logging_mixin.py:190} INFO - step : load
[2025-06-18T13:50:31.636+0900] {logging_mixin.py:190} INFO - step : rotate
[2025-06-18T13:50:31.962+0900] {logging_mixin.py:190} INFO - step : rotate
[2025-06-18T13:50:31.969+0900] {logging_mixin.py:190} INFO - step : save
[2025-06-18T13:50:32.742+0900] {logging_mixin.py:190} INFO - file_copy: /opt/***/data/temp/e76f7771-ace9-494b-b598-223a0a9b9b3b/117c3498-958e-44af-8e27-a2df969c517e/classify_preprocess.png
[2025-06-18T13:50:32.907+0900] {python.py:240} INFO - Done. Returned value was: {'file_id': 'e76f7771-ace9-494b-b598-223a0a9b9b3b', 'file_path': '/opt/***/data/class/a_class/classify/ready/true/삼성동 초록빌딩 - 정부24 - 건축물대장 등본(초본) 발급(열람) _ 문서출력_page_1_aug2.png', 'true': {'process_id': '_117c3498-958e-44af-8e27-a2df969c517e_pre', 'folder_path': 'e76f7771-ace9-494b-b598-223a0a9b9b3b/117c3498-958e-44af-8e27-a2df969c517e', 'step_list': [{'name': 'cache', 'param': {'key': 'origin'}}, {'name': 'calc_angle_set1', 'param': {'key': 'angle1', 'iterations': 4, 'iter_save': False}}, {'name': 'text_orientation_set', 'param': {'key': 'angle2', 'iterations': 4, 'iter_save': False}}, {'name': 'load', 'param': {'key': 'origin'}}, {'name': 'rotate', 'param': {'key': 'angle1'}}, {'name': 'rotate', 'param': {'key': 'angle2'}}, {'name': 'save', 'param': {'key': 'classify_preprocess'}}], 'result_file_list': [{'key': 'classify_preprocess', 'path': '/opt/***/data/temp/e76f7771-ace9-494b-b598-223a0a9b9b3b/117c3498-958e-44af-8e27-a2df969c517e/classify_preprocess.png'}]}}
[2025-06-18T13:50:32.966+0900] {taskinstance.py:341} INFO - ::group::Post task execution logs
[2025-06-18T13:50:32.968+0900] {taskinstance.py:353} INFO - Marking task as SUCCESS. dag_id=lilt_document_classifier_balanced_V0.1, task_id=img_preprocess_task, run_id=manual__2025-06-18T04:46:36.476365+00:00, map_index=63, execution_date=20250618T044636, start_date=20250618T045006, end_date=20250618T045032
[2025-06-18T13:50:33.088+0900] {local_task_job_runner.py:266} INFO - Task exited with return code 0
[2025-06-18T13:50:33.111+0900] {local_task_job_runner.py:245} INFO - ::endgroup::
