[2025-06-16T18:35:56.199+0900] {local_task_job_runner.py:123} INFO - ::group::Pre task execution logs
[2025-06-16T18:35:56.223+0900] {taskinstance.py:2614} INFO - Dependencies all met for dep_context=non-requeueable deps ti=<TaskInstance: image_ocr_v2.img_preprocess_task manual__2025-06-16T09:35:48.608966+00:00 map_index=3 [queued]>
[2025-06-16T18:35:56.235+0900] {taskinstance.py:2614} INFO - Dependencies all met for dep_context=requeueable deps ti=<TaskInstance: image_ocr_v2.img_preprocess_task manual__2025-06-16T09:35:48.608966+00:00 map_index=3 [queued]>
[2025-06-16T18:35:56.235+0900] {taskinstance.py:2867} INFO - Starting attempt 1 of 1
[2025-06-16T18:35:56.249+0900] {taskinstance.py:2890} INFO - Executing <Mapped(_PythonDecoratedOperator): img_preprocess_task> on 2025-06-16 09:35:48.608966+00:00
[2025-06-16T18:35:56.257+0900] {warnings.py:112} WARNING - /home/***/.local/lib/python3.12/site-packages/***/task/task_runner/standard_task_runner.py:70: DeprecationWarning: This process (pid=13133) is multi-threaded, use of fork() may lead to deadlocks in the child.
  pid = os.fork()

[2025-06-16T18:35:56.260+0900] {standard_task_runner.py:72} INFO - Started process 13148 to run task
[2025-06-16T18:35:56.259+0900] {standard_task_runner.py:104} INFO - Running: ['***', 'tasks', 'run', 'image_ocr_v2', 'img_preprocess_task', 'manual__2025-06-16T09:35:48.608966+00:00', '--job-id', '719', '--raw', '--subdir', 'DAGS_FOLDER/test_dag.py', '--cfg-path', '/tmp/tmpee44wklh', '--map-index', '3']
[2025-06-16T18:35:56.261+0900] {standard_task_runner.py:105} INFO - Job 719: Subtask img_preprocess_task
[2025-06-16T18:35:56.300+0900] {task_command.py:467} INFO - Running <TaskInstance: image_ocr_v2.img_preprocess_task manual__2025-06-16T09:35:48.608966+00:00 map_index=3 [running]> on host f6d4228a9eb8
[2025-06-16T18:35:56.391+0900] {taskinstance.py:3134} INFO - Exporting env vars: AIRFLOW_CTX_DAG_OWNER='***' AIRFLOW_CTX_DAG_ID='image_ocr_v2' AIRFLOW_CTX_TASK_ID='img_preprocess_task' AIRFLOW_CTX_EXECUTION_DATE='2025-06-16T09:35:48.608966+00:00' AIRFLOW_CTX_TRY_NUMBER='1' AIRFLOW_CTX_DAG_RUN_ID='manual__2025-06-16T09:35:48.608966+00:00'
[2025-06-16T18:35:56.394+0900] {taskinstance.py:732} INFO - ::endgroup::
[2025-06-16T18:35:56.398+0900] {logging_mixin.py:190} INFO - empty map check {} {'process_id': '_90e1e755-3d46-40c6-9458-4e006331bcdd_pre', 'folder_path': '2f46806a-bc0a-494f-8886-ce10c44dc46f/90e1e755-3d46-40c6-9458-4e006331bcdd', 'step_list': [{'name': 'cache', 'param': {'key': 'origin'}}, {'name': 'calc_angle_set3', 'param': {'key': 'angle1', 'iterations': 3, 'iter_save': True}}, {'name': 'calc_angle_set2', 'param': {'key': 'angle2', 'iterations': 1, 'iter_save': True}}, {'name': 'threshold', 'param': {}}, {'name': 'save', 'param': {'key': 'classify_preprocess'}}], 'result_file_list': []}
[2025-06-16T18:35:56.398+0900] {logging_mixin.py:190} INFO - step : cache
[2025-06-16T18:35:56.399+0900] {logging_mixin.py:190} INFO - step : calc_angle_set3
[2025-06-16T18:35:56.478+0900] {logging_mixin.py:190} INFO - file_copy: /opt/***/data/temp/2f46806a-bc0a-494f-8886-ce10c44dc46f/90e1e755-3d46-40c6-9458-4e006331bcdd/rotate30_1.png
[2025-06-16T18:35:56.518+0900] {logging_mixin.py:190} INFO - file_copy: /opt/***/data/temp/2f46806a-bc0a-494f-8886-ce10c44dc46f/90e1e755-3d46-40c6-9458-4e006331bcdd/rotate31_1.png
[2025-06-16T18:35:56.695+0900] {logging_mixin.py:190} INFO - osd 1 0 0 [0.0, 0.0, 0.0, 0.0, 0.0, 0.0, 0.0, 0.0, 0.0, 0.0, 0.0, 0.0, 0.0, 0.0, 0.0, 0.0, 0.0, 0.0, 0.0, 0.0, 0.0, 0.0, 0.0, 0.0, 0.0, 0.0, 0.0, 0.0, 0.0, 0.0, 0.0, 0.0, 0.0, 0.0, 0.0, 0.0, 0.0, 0.0, 0.0, 0.0, 0.0, 0.0]
[2025-06-16T18:35:56.789+0900] {logging_mixin.py:190} INFO - file_copy: /opt/***/data/temp/2f46806a-bc0a-494f-8886-ce10c44dc46f/90e1e755-3d46-40c6-9458-4e006331bcdd/rotate30_2.png
[2025-06-16T18:35:56.837+0900] {logging_mixin.py:190} INFO - file_copy: /opt/***/data/temp/2f46806a-bc0a-494f-8886-ce10c44dc46f/90e1e755-3d46-40c6-9458-4e006331bcdd/rotate31_2.png
[2025-06-16T18:35:57.044+0900] {logging_mixin.py:190} INFO - osd 2 0 0 [0.0, 0.0, 0.0, 0.0, 0.0, 0.0, 0.0, 0.0, 0.0, 0.0, 0.0, 0.0, 0.0, 0.0, 0.0, 0.0, 0.0, 0.0, 0.0, 0.0, 0.0, 0.0, 0.0, 0.0, 0.0, 0.0, 0.0, 0.0, 0.0, 0.0, 0.0, 0.0, 0.0, 0.0, 0.0, 0.0, 0.0, 0.0, 0.0, 0.0, 0.0, 0.0]
[2025-06-16T18:35:57.173+0900] {logging_mixin.py:190} INFO - file_copy: /opt/***/data/temp/2f46806a-bc0a-494f-8886-ce10c44dc46f/90e1e755-3d46-40c6-9458-4e006331bcdd/rotate30_3.png
[2025-06-16T18:35:57.208+0900] {logging_mixin.py:190} INFO - file_copy: /opt/***/data/temp/2f46806a-bc0a-494f-8886-ce10c44dc46f/90e1e755-3d46-40c6-9458-4e006331bcdd/rotate31_3.png
[2025-06-16T18:35:57.353+0900] {logging_mixin.py:190} INFO - osd 3 0 0 [0.0, 0.0, 0.0, 0.0, 0.0, 0.0, 0.0, 0.0, 0.0, 0.0, 0.0, 0.0, 0.0, 0.0, 0.0, 0.0, 0.0, 0.0, 0.0, 0.0, 0.0, 0.0, 0.0, 0.0, 0.0, 0.0, 0.0, 0.0, 0.0, 0.0, 0.0, 0.0, 0.0, 0.0, 0.0, 0.0, 0.0, 0.0, 0.0, 0.0, 0.0, 0.0]
[2025-06-16T18:35:57.417+0900] {logging_mixin.py:190} INFO - step : calc_angle_set2
[2025-06-16T18:36:03.233+0900] {logging_mixin.py:190} INFO - file_copy: /opt/***/data/temp/2f46806a-bc0a-494f-8886-ce10c44dc46f/90e1e755-3d46-40c6-9458-4e006331bcdd/rotate2_1.png
[2025-06-16T18:36:04.573+0900] {logging_mixin.py:190} INFO - osd 1 90 90 6.33 Latin 0.52
[2025-06-16T18:36:04.647+0900] {logging_mixin.py:190} INFO - step : threshold
[2025-06-16T18:36:04.651+0900] {logging_mixin.py:190} INFO - step : save
[2025-06-16T18:36:04.703+0900] {logging_mixin.py:190} INFO - file_copy: /opt/***/data/temp/2f46806a-bc0a-494f-8886-ce10c44dc46f/90e1e755-3d46-40c6-9458-4e006331bcdd/classify_preprocess.png
[2025-06-16T18:36:04.710+0900] {python.py:240} INFO - Done. Returned value was: {'file_id': '2f46806a-bc0a-494f-8886-ce10c44dc46f', 'file_path': '/opt/***/data/upload/Gas Engine 점검일지_ 2021년 2월.pdf-image-013.jpg', 'result': {'process_id': '_90e1e755-3d46-40c6-9458-4e006331bcdd_pre', 'folder_path': '2f46806a-bc0a-494f-8886-ce10c44dc46f/90e1e755-3d46-40c6-9458-4e006331bcdd', 'step_list': [{'name': 'cache', 'param': {'key': 'origin'}}, {'name': 'calc_angle_set3', 'param': {'key': 'angle1', 'iterations': 3, 'iter_save': True}}, {'name': 'calc_angle_set2', 'param': {'key': 'angle2', 'iterations': 1, 'iter_save': True}}, {'name': 'threshold', 'param': {}}, {'name': 'save', 'param': {'key': 'classify_preprocess'}}], 'result_file_list': [{'key': 'rotate30_1', 'path': '/opt/***/data/temp/2f46806a-bc0a-494f-8886-ce10c44dc46f/90e1e755-3d46-40c6-9458-4e006331bcdd/rotate30_1.png'}, {'key': 'rotate31_1', 'path': '/opt/***/data/temp/2f46806a-bc0a-494f-8886-ce10c44dc46f/90e1e755-3d46-40c6-9458-4e006331bcdd/rotate31_1.png'}, {'key': 'rotate30_2', 'path': '/opt/***/data/temp/2f46806a-bc0a-494f-8886-ce10c44dc46f/90e1e755-3d46-40c6-9458-4e006331bcdd/rotate30_2.png'}, {'key': 'rotate31_2', 'path': '/opt/***/data/temp/2f46806a-bc0a-494f-8886-ce10c44dc46f/90e1e755-3d46-40c6-9458-4e006331bcdd/rotate31_2.png'}, {'key': 'rotate30_3', 'path': '/opt/***/data/temp/2f46806a-bc0a-494f-8886-ce10c44dc46f/90e1e755-3d46-40c6-9458-4e006331bcdd/rotate30_3.png'}, {'key': 'rotate31_3', 'path': '/opt/***/data/temp/2f46806a-bc0a-494f-8886-ce10c44dc46f/90e1e755-3d46-40c6-9458-4e006331bcdd/rotate31_3.png'}, {'key': 'rotate2_1', 'path': '/opt/***/data/temp/2f46806a-bc0a-494f-8886-ce10c44dc46f/90e1e755-3d46-40c6-9458-4e006331bcdd/rotate2_1.png'}, {'key': 'classify_preprocess', 'path': '/opt/***/data/temp/2f46806a-bc0a-494f-8886-ce10c44dc46f/90e1e755-3d46-40c6-9458-4e006331bcdd/classify_preprocess.png'}]}}
[2025-06-16T18:36:04.756+0900] {taskinstance.py:341} INFO - ::group::Post task execution logs
[2025-06-16T18:36:04.757+0900] {taskinstance.py:353} INFO - Marking task as SUCCESS. dag_id=image_ocr_v2, task_id=img_preprocess_task, run_id=manual__2025-06-16T09:35:48.608966+00:00, map_index=3, execution_date=20250616T093548, start_date=20250616T093556, end_date=20250616T093604
[2025-06-16T18:36:04.825+0900] {local_task_job_runner.py:266} INFO - Task exited with return code 0
[2025-06-16T18:36:04.844+0900] {taskinstance.py:3901} INFO - 1 downstream tasks scheduled from follow-on schedule check
[2025-06-16T18:36:04.846+0900] {local_task_job_runner.py:245} INFO - ::endgroup::
