[2025-06-18T13:48:25.583+0900] {local_task_job_runner.py:123} INFO - ::group::Pre task execution logs
[2025-06-18T13:48:25.611+0900] {taskinstance.py:2614} INFO - Dependencies all met for dep_context=non-requeueable deps ti=<TaskInstance: lilt_document_classifier_balanced_V0.1.img_preprocess_task manual__2025-06-18T04:46:36.476365+00:00 map_index=23 [queued]>
[2025-06-18T13:48:25.642+0900] {taskinstance.py:2614} INFO - Dependencies all met for dep_context=requeueable deps ti=<TaskInstance: lilt_document_classifier_balanced_V0.1.img_preprocess_task manual__2025-06-18T04:46:36.476365+00:00 map_index=23 [queued]>
[2025-06-18T13:48:25.644+0900] {taskinstance.py:2867} INFO - Starting attempt 1 of 1
[2025-06-18T13:48:25.758+0900] {taskinstance.py:2890} INFO - Executing <Mapped(_PythonDecoratedOperator): img_preprocess_task> on 2025-06-18 04:46:36.476365+00:00
[2025-06-18T13:48:25.778+0900] {warnings.py:112} WARNING - /home/***/.local/lib/python3.12/site-packages/***/task/task_runner/standard_task_runner.py:70: DeprecationWarning: This process (pid=27294) is multi-threaded, use of fork() may lead to deadlocks in the child.
  pid = os.fork()

[2025-06-18T13:48:25.783+0900] {standard_task_runner.py:72} INFO - Started process 27340 to run task
[2025-06-18T13:48:25.785+0900] {standard_task_runner.py:104} INFO - Running: ['***', 'tasks', 'run', 'lilt_document_classifier_balanced_V0.1', 'img_preprocess_task', 'manual__2025-06-18T04:46:36.476365+00:00', '--job-id', '1063', '--raw', '--subdir', 'DAGS_FOLDER/class_create_dag.py', '--cfg-path', '/tmp/tmpyw4falls', '--map-index', '23']
[2025-06-18T13:48:25.790+0900] {standard_task_runner.py:105} INFO - Job 1063: Subtask img_preprocess_task
[2025-06-18T13:48:25.868+0900] {task_command.py:467} INFO - Running <TaskInstance: lilt_document_classifier_balanced_V0.1.img_preprocess_task manual__2025-06-18T04:46:36.476365+00:00 map_index=23 [running]> on host f6d4228a9eb8
[2025-06-18T13:48:26.338+0900] {taskinstance.py:3134} INFO - Exporting env vars: AIRFLOW_CTX_DAG_OWNER='***' AIRFLOW_CTX_DAG_ID='lilt_document_classifier_balanced_V0.1' AIRFLOW_CTX_TASK_ID='img_preprocess_task' AIRFLOW_CTX_EXECUTION_DATE='2025-06-18T04:46:36.476365+00:00' AIRFLOW_CTX_TRY_NUMBER='1' AIRFLOW_CTX_DAG_RUN_ID='manual__2025-06-18T04:46:36.476365+00:00'
[2025-06-18T13:48:26.353+0900] {taskinstance.py:732} INFO - ::endgroup::
[2025-06-18T13:48:26.365+0900] {logging_mixin.py:190} INFO - empty map check {} {'process_id': '_f20539e2-c3a5-4f4d-9fc3-890b64e6caec_pre', 'folder_path': 'f0e7483c-d346-4503-9fea-d0e6b411e599/f20539e2-c3a5-4f4d-9fc3-890b64e6caec', 'step_list': [{'name': 'cache', 'param': {'key': 'origin'}}, {'name': 'calc_angle_set1', 'param': {'key': 'angle1', 'iterations': 4, 'iter_save': False}}, {'name': 'text_orientation_set', 'param': {'key': 'angle2', 'iterations': 4, 'iter_save': False}}, {'name': 'load', 'param': {'key': 'origin'}}, {'name': 'rotate', 'param': {'key': 'angle1'}}, {'name': 'rotate', 'param': {'key': 'angle2'}}, {'name': 'save', 'param': {'key': 'classify_preprocess'}}], 'result_file_list': []}
[2025-06-18T13:48:26.377+0900] {logging_mixin.py:190} INFO - step : cache
[2025-06-18T13:48:26.379+0900] {logging_mixin.py:190} INFO - step : calc_angle_set1
[2025-06-18T13:48:26.764+0900] {logging_mixin.py:190} INFO - step : text_orientation_set
[2025-06-18T13:48:45.303+0900] {logging_mixin.py:190} INFO - osd 1 break  0 0 8.63 Korean 0.12
[2025-06-18T13:48:45.309+0900] {logging_mixin.py:190} INFO - step : load
[2025-06-18T13:48:45.315+0900] {logging_mixin.py:190} INFO - step : rotate
[2025-06-18T13:48:45.823+0900] {logging_mixin.py:190} INFO - step : rotate
[2025-06-18T13:48:45.829+0900] {logging_mixin.py:190} INFO - step : save
[2025-06-18T13:48:46.315+0900] {logging_mixin.py:190} INFO - file_copy: /opt/***/data/temp/f0e7483c-d346-4503-9fea-d0e6b411e599/f20539e2-c3a5-4f4d-9fc3-890b64e6caec/classify_preprocess.png
[2025-06-18T13:48:46.331+0900] {python.py:240} INFO - Done. Returned value was: {'file_id': 'f0e7483c-d346-4503-9fea-d0e6b411e599', 'file_path': '/opt/***/data/class/a_class/classify/ready/true/역촌동 만민빌딩 - 정부24 - 건축물대장 등본(초본) 발급(열람) _ 문서출력_page_1_aug2.png', 'true': {'process_id': '_f20539e2-c3a5-4f4d-9fc3-890b64e6caec_pre', 'folder_path': 'f0e7483c-d346-4503-9fea-d0e6b411e599/f20539e2-c3a5-4f4d-9fc3-890b64e6caec', 'step_list': [{'name': 'cache', 'param': {'key': 'origin'}}, {'name': 'calc_angle_set1', 'param': {'key': 'angle1', 'iterations': 4, 'iter_save': False}}, {'name': 'text_orientation_set', 'param': {'key': 'angle2', 'iterations': 4, 'iter_save': False}}, {'name': 'load', 'param': {'key': 'origin'}}, {'name': 'rotate', 'param': {'key': 'angle1'}}, {'name': 'rotate', 'param': {'key': 'angle2'}}, {'name': 'save', 'param': {'key': 'classify_preprocess'}}], 'result_file_list': [{'key': 'classify_preprocess', 'path': '/opt/***/data/temp/f0e7483c-d346-4503-9fea-d0e6b411e599/f20539e2-c3a5-4f4d-9fc3-890b64e6caec/classify_preprocess.png'}]}}
[2025-06-18T13:48:46.410+0900] {taskinstance.py:341} INFO - ::group::Post task execution logs
[2025-06-18T13:48:46.411+0900] {taskinstance.py:353} INFO - Marking task as SUCCESS. dag_id=lilt_document_classifier_balanced_V0.1, task_id=img_preprocess_task, run_id=manual__2025-06-18T04:46:36.476365+00:00, map_index=23, execution_date=20250618T044636, start_date=20250618T044825, end_date=20250618T044846
[2025-06-18T13:48:46.520+0900] {local_task_job_runner.py:266} INFO - Task exited with return code 0
[2025-06-18T13:48:46.560+0900] {taskinstance.py:3901} INFO - 0 downstream tasks scheduled from follow-on schedule check
[2025-06-18T13:48:46.569+0900] {local_task_job_runner.py:245} INFO - ::endgroup::
