[2025-06-17T15:00:03.567+0900] {local_task_job_runner.py:123} INFO - ::group::Pre task execution logs
[2025-06-17T15:00:03.590+0900] {taskinstance.py:2614} INFO - Dependencies all met for dep_context=non-requeueable deps ti=<TaskInstance: image_ocr_v2.img_preprocess_task manual__2025-06-17T05:59:55.407126+00:00 map_index=0 [queued]>
[2025-06-17T15:00:03.602+0900] {taskinstance.py:2614} INFO - Dependencies all met for dep_context=requeueable deps ti=<TaskInstance: image_ocr_v2.img_preprocess_task manual__2025-06-17T05:59:55.407126+00:00 map_index=0 [queued]>
[2025-06-17T15:00:03.603+0900] {taskinstance.py:2867} INFO - Starting attempt 1 of 1
[2025-06-17T15:00:03.615+0900] {taskinstance.py:2890} INFO - Executing <Mapped(_PythonDecoratedOperator): img_preprocess_task> on 2025-06-17 05:59:55.407126+00:00
[2025-06-17T15:00:03.623+0900] {warnings.py:112} WARNING - /home/***/.local/lib/python3.12/site-packages/***/task/task_runner/standard_task_runner.py:70: DeprecationWarning: This process (pid=6104) is multi-threaded, use of fork() may lead to deadlocks in the child.
  pid = os.fork()

[2025-06-17T15:00:03.625+0900] {standard_task_runner.py:72} INFO - Started process 6157 to run task
[2025-06-17T15:00:03.628+0900] {standard_task_runner.py:104} INFO - Running: ['***', 'tasks', 'run', 'image_ocr_v2', 'img_preprocess_task', 'manual__2025-06-17T05:59:55.407126+00:00', '--job-id', '906', '--raw', '--subdir', 'DAGS_FOLDER/test_dag.py', '--cfg-path', '/tmp/tmpdf683ib6', '--map-index', '0']
[2025-06-17T15:00:03.631+0900] {standard_task_runner.py:105} INFO - Job 906: Subtask img_preprocess_task
[2025-06-17T15:00:03.692+0900] {task_command.py:467} INFO - Running <TaskInstance: image_ocr_v2.img_preprocess_task manual__2025-06-17T05:59:55.407126+00:00 map_index=0 [running]> on host f6d4228a9eb8
[2025-06-17T15:00:03.783+0900] {taskinstance.py:3134} INFO - Exporting env vars: AIRFLOW_CTX_DAG_OWNER='***' AIRFLOW_CTX_DAG_ID='image_ocr_v2' AIRFLOW_CTX_TASK_ID='img_preprocess_task' AIRFLOW_CTX_EXECUTION_DATE='2025-06-17T05:59:55.407126+00:00' AIRFLOW_CTX_TRY_NUMBER='1' AIRFLOW_CTX_DAG_RUN_ID='manual__2025-06-17T05:59:55.407126+00:00'
[2025-06-17T15:00:03.787+0900] {taskinstance.py:732} INFO - ::endgroup::
[2025-06-17T15:00:03.793+0900] {logging_mixin.py:190} INFO - empty map check {} {'process_id': '_b7487335-5af0-4048-bf76-3bee2df4e61c_pre', 'folder_path': '23dd590a-491b-41b6-947c-49667e69a406/b7487335-5af0-4048-bf76-3bee2df4e61c', 'step_list': [{'name': 'cache', 'param': {'key': 'origin'}}, {'name': 'calc_angle_set5', 'param': {'key': 'angle1', 'iterations': 4, 'iter_save': True}}, {'name': 'calc_angle_set2', 'param': {'key': 'angle2', 'iterations': 4, 'iter_save': True}}, {'name': 'threshold', 'param': {}}, {'name': 'save', 'param': {'key': 'classify_preprocess'}}], 'result_file_list': []}
[2025-06-17T15:00:03.796+0900] {logging_mixin.py:190} INFO - step : cache
[2025-06-17T15:00:03.797+0900] {logging_mixin.py:190} INFO - step : calc_angle_set5
[2025-06-17T15:00:19.490+0900] {logging_mixin.py:190} INFO - osd 1 0 0 0 0 [0, 0, 0, 0, 0, 0, 0, 0, 0, 0, 0, 0, 0, 0, 0, 0, 0, 0, 0, 0, 0, 0, 0, 0, 0, 0, 0, 0, 0, 0, 0, 0, 0, 0, 0, 0, 0, 0, 0, 0, 0]
[2025-06-17T15:00:19.671+0900] {logging_mixin.py:190} INFO - file_copy: /opt/***/data/temp/23dd590a-491b-41b6-947c-49667e69a406/b7487335-5af0-4048-bf76-3bee2df4e61c/rotate5_1_0.png
[2025-06-17T15:00:34.105+0900] {logging_mixin.py:190} INFO - osd 2 0 0 0 0 [0, 0, 0, 0, 0, 0, 0, 0, 0, 0, 0, 0, 0, 0, 0, 0, 0, 0, 0, 0, 0, 0, 0, 0, 0, 0, 0, 0, 0, 0, 0, 0, 0, 0, 0, 0, 0, 0, 0, 0, 0]
[2025-06-17T15:00:34.478+0900] {logging_mixin.py:190} INFO - file_copy: /opt/***/data/temp/23dd590a-491b-41b6-947c-49667e69a406/b7487335-5af0-4048-bf76-3bee2df4e61c/rotate5_2_0.png
[2025-06-17T15:00:48.236+0900] {logging_mixin.py:190} INFO - osd 3 0 0 0 0 [0, 0, 0, 0, 0, 0, 0, 0, 0, 0, 0, 0, 0, 0, 0, 0, 0, 0, 0, 0, 0, 0, 0, 0, 0, 0, 0, 0, 0, 0, 0, 0, 0, 0, 0, 0, 0, 0, 0, 0, 0]
[2025-06-17T15:00:48.628+0900] {logging_mixin.py:190} INFO - file_copy: /opt/***/data/temp/23dd590a-491b-41b6-947c-49667e69a406/b7487335-5af0-4048-bf76-3bee2df4e61c/rotate5_3_0.png
[2025-06-17T15:01:03.067+0900] {logging_mixin.py:190} INFO - osd 4 0 0 0 0 [0, 0, 0, 0, 0, 0, 0, 0, 0, 0, 0, 0, 0, 0, 0, 0, 0, 0, 0, 0, 0, 0, 0, 0, 0, 0, 0, 0, 0, 0, 0, 0, 0, 0, 0, 0, 0, 0, 0, 0, 0]
[2025-06-17T15:01:03.467+0900] {logging_mixin.py:190} INFO - file_copy: /opt/***/data/temp/23dd590a-491b-41b6-947c-49667e69a406/b7487335-5af0-4048-bf76-3bee2df4e61c/rotate5_4_0.png
[2025-06-17T15:01:03.486+0900] {logging_mixin.py:190} INFO - step : calc_angle_set2
[2025-06-17T15:01:07.070+0900] {logging_mixin.py:190} INFO - file_copy: /opt/***/data/temp/23dd590a-491b-41b6-947c-49667e69a406/b7487335-5af0-4048-bf76-3bee2df4e61c/rotate2_1.png
[2025-06-17T15:01:10.719+0900] {logging_mixin.py:190} INFO - osd 1 break  0 0 7.3 Korean 0.02
[2025-06-17T15:01:10.724+0900] {logging_mixin.py:190} INFO - step : threshold
[2025-06-17T15:01:10.726+0900] {logging_mixin.py:190} INFO - step : save
[2025-06-17T15:01:10.832+0900] {logging_mixin.py:190} INFO - file_copy: /opt/***/data/temp/23dd590a-491b-41b6-947c-49667e69a406/b7487335-5af0-4048-bf76-3bee2df4e61c/classify_preprocess.png
[2025-06-17T15:01:10.849+0900] {python.py:240} INFO - Done. Returned value was: {'file_id': '23dd590a-491b-41b6-947c-49667e69a406', 'file_path': '/opt/***/data/upload/광장동 가람빌딩 - 정부24 - 건축물대장 등본(초본) 발급(열람) _ 문서출력_page_1.png', 'result': {'process_id': '_b7487335-5af0-4048-bf76-3bee2df4e61c_pre', 'folder_path': '23dd590a-491b-41b6-947c-49667e69a406/b7487335-5af0-4048-bf76-3bee2df4e61c', 'step_list': [{'name': 'cache', 'param': {'key': 'origin'}}, {'name': 'calc_angle_set5', 'param': {'key': 'angle1', 'iterations': 4, 'iter_save': True}}, {'name': 'calc_angle_set2', 'param': {'key': 'angle2', 'iterations': 4, 'iter_save': True}}, {'name': 'threshold', 'param': {}}, {'name': 'save', 'param': {'key': 'classify_preprocess'}}], 'result_file_list': [{'key': 'rotate5_1_0', 'path': '/opt/***/data/temp/23dd590a-491b-41b6-947c-49667e69a406/b7487335-5af0-4048-bf76-3bee2df4e61c/rotate5_1_0.png'}, {'key': 'rotate5_2_0', 'path': '/opt/***/data/temp/23dd590a-491b-41b6-947c-49667e69a406/b7487335-5af0-4048-bf76-3bee2df4e61c/rotate5_2_0.png'}, {'key': 'rotate5_3_0', 'path': '/opt/***/data/temp/23dd590a-491b-41b6-947c-49667e69a406/b7487335-5af0-4048-bf76-3bee2df4e61c/rotate5_3_0.png'}, {'key': 'rotate5_4_0', 'path': '/opt/***/data/temp/23dd590a-491b-41b6-947c-49667e69a406/b7487335-5af0-4048-bf76-3bee2df4e61c/rotate5_4_0.png'}, {'key': 'rotate2_1', 'path': '/opt/***/data/temp/23dd590a-491b-41b6-947c-49667e69a406/b7487335-5af0-4048-bf76-3bee2df4e61c/rotate2_1.png'}, {'key': 'classify_preprocess', 'path': '/opt/***/data/temp/23dd590a-491b-41b6-947c-49667e69a406/b7487335-5af0-4048-bf76-3bee2df4e61c/classify_preprocess.png'}]}}
[2025-06-17T15:01:10.937+0900] {taskinstance.py:341} INFO - ::group::Post task execution logs
[2025-06-17T15:01:10.942+0900] {taskinstance.py:353} INFO - Marking task as SUCCESS. dag_id=image_ocr_v2, task_id=img_preprocess_task, run_id=manual__2025-06-17T05:59:55.407126+00:00, map_index=0, execution_date=20250617T055955, start_date=20250617T060003, end_date=20250617T060110
[2025-06-17T15:01:11.124+0900] {local_task_job_runner.py:266} INFO - Task exited with return code 0
[2025-06-17T15:01:11.250+0900] {taskinstance.py:3901} INFO - 0 downstream tasks scheduled from follow-on schedule check
[2025-06-17T15:01:11.272+0900] {local_task_job_runner.py:245} INFO - ::endgroup::
