[2025-05-27T08:29:44.058+0000] {local_task_job_runner.py:123} INFO - ::group::Pre task execution logs
[2025-05-27T08:29:44.348+0000] {taskinstance.py:2614} INFO - Dependencies all met for dep_context=non-requeueable deps ti=<TaskInstance: image_processing_per_file_v2.grayscale_task manual__2025-05-27T08:27:30.939474+00:00 map_index=81 [queued]>
[2025-05-27T08:29:44.509+0000] {taskinstance.py:2614} INFO - Dependencies all met for dep_context=requeueable deps ti=<TaskInstance: image_processing_per_file_v2.grayscale_task manual__2025-05-27T08:27:30.939474+00:00 map_index=81 [queued]>
[2025-05-27T08:29:44.528+0000] {taskinstance.py:2867} INFO - Starting attempt 1 of 1
[2025-05-27T08:29:44.841+0000] {taskinstance.py:2890} INFO - Executing <Mapped(_PythonDecoratedOperator): grayscale_task> on 2025-05-27 08:27:30.939474+00:00
[2025-05-27T08:29:45.015+0000] {standard_task_runner.py:104} INFO - Running: ['***', 'tasks', 'run', 'image_processing_per_file_v2', 'grayscale_task', 'manual__2025-05-27T08:27:30.939474+00:00', '--job-id', '171', '--raw', '--subdir', 'DAGS_FOLDER/test_dag.py', '--cfg-path', '/tmp/tmpgi8ky9o_', '--map-index', '81']
[2025-05-27T08:29:45.021+0000] {standard_task_runner.py:105} INFO - Job 171: Subtask grayscale_task
[2025-05-27T08:29:44.980+0000] {logging_mixin.py:190} WARNING - /home/***/.local/lib/python3.12/site-packages/***/task/task_runner/standard_task_runner.py:70 DeprecationWarning: This process (pid=18651) is multi-threaded, use of fork() may lead to deadlocks in the child.
[2025-05-27T08:29:45.063+0000] {standard_task_runner.py:72} INFO - Started process 18726 to run task
[2025-05-27T08:29:45.557+0000] {task_command.py:467} INFO - Running <TaskInstance: image_processing_per_file_v2.grayscale_task manual__2025-05-27T08:27:30.939474+00:00 map_index=81 [running]> on host d13339a4a574
[2025-05-27T08:29:46.301+0000] {taskinstance.py:3134} INFO - Exporting env vars: AIRFLOW_CTX_DAG_OWNER='***' AIRFLOW_CTX_DAG_ID='image_processing_per_file_v2' AIRFLOW_CTX_TASK_ID='grayscale_task' AIRFLOW_CTX_EXECUTION_DATE='2025-05-27T08:27:30.939474+00:00' AIRFLOW_CTX_TRY_NUMBER='1' AIRFLOW_CTX_DAG_RUN_ID='manual__2025-05-27T08:27:30.939474+00:00'
[2025-05-27T08:29:46.332+0000] {logging_mixin.py:190} INFO - Task instance is in running state
[2025-05-27T08:29:46.346+0000] {logging_mixin.py:190} INFO -  Previous state of the Task instance: queued
[2025-05-27T08:29:46.349+0000] {logging_mixin.py:190} INFO - Current task name:grayscale_task state:running start_date:2025-05-27 08:29:44.354331+00:00
[2025-05-27T08:29:46.363+0000] {logging_mixin.py:190} INFO - Dag name:image_processing_per_file_v2 and current dag run status:running
[2025-05-27T08:29:46.378+0000] {taskinstance.py:732} INFO - ::endgroup::
[2025-05-27T08:29:46.396+0000] {logging_mixin.py:190} INFO - ----------file_path /opt/***/data/upload/test/스크린샷 2025-05-21 172720 - 복사본 (4) - 복사본.png
[2025-05-27T08:29:47.679+0000] {logging_mixin.py:190} INFO - gray: /opt/***/data/temp/스크린샷 2025-05-21 172720 - 복사본 (4) - 복사본.png
[2025-05-27T08:29:47.680+0000] {python.py:240} INFO - Done. Returned value was: /opt/***/data/temp/스크린샷 2025-05-21 172720 - 복사본 (4) - 복사본.png
[2025-05-27T08:29:47.869+0000] {taskinstance.py:341} INFO - ::group::Post task execution logs
[2025-05-27T08:29:47.875+0000] {taskinstance.py:353} INFO - Marking task as SUCCESS. dag_id=image_processing_per_file_v2, task_id=grayscale_task, run_id=manual__2025-05-27T08:27:30.939474+00:00, map_index=81, execution_date=20250527T082730, start_date=20250527T082944, end_date=20250527T082947
[2025-05-27T08:29:48.830+0000] {logging_mixin.py:190} INFO - Task instance in success state
[2025-05-27T08:29:48.833+0000] {logging_mixin.py:190} INFO -  Previous state of the Task instance: running
[2025-05-27T08:29:48.835+0000] {logging_mixin.py:190} INFO - Dag name:image_processing_per_file_v2 queued_at:2025-05-27 08:27:30.973127+00:00
[2025-05-27T08:29:48.838+0000] {logging_mixin.py:190} INFO - Task hostname:d13339a4a574 operator:_PythonDecoratedOperator
[2025-05-27T08:29:48.885+0000] {local_task_job_runner.py:266} INFO - Task exited with return code 0
[2025-05-27T08:29:49.197+0000] {taskinstance.py:3901} INFO - 0 downstream tasks scheduled from follow-on schedule check
[2025-05-27T08:29:49.245+0000] {local_task_job_runner.py:245} INFO - ::endgroup::
