[2025-06-25T09:14:37.480+0900] {local_task_job_runner.py:123} INFO - ::group::Pre task execution logs
[2025-06-25T09:14:37.547+0900] {taskinstance.py:2614} INFO - Dependencies all met for dep_context=non-requeueable deps ti=<TaskInstance: lilt_document_classifier_balanced_V0.1.img_preprocess_task__1 manual__2025-06-25T00:04:18.909063+00:00 map_index=65 [queued]>
[2025-06-25T09:14:37.581+0900] {taskinstance.py:2614} INFO - Dependencies all met for dep_context=requeueable deps ti=<TaskInstance: lilt_document_classifier_balanced_V0.1.img_preprocess_task__1 manual__2025-06-25T00:04:18.909063+00:00 map_index=65 [queued]>
[2025-06-25T09:14:37.604+0900] {taskinstance.py:2867} INFO - Starting attempt 1 of 1
[2025-06-25T09:14:37.651+0900] {taskinstance.py:2890} INFO - Executing <Mapped(_PythonDecoratedOperator): img_preprocess_task__1> on 2025-06-25 00:04:18.909063+00:00
[2025-06-25T09:14:37.673+0900] {warnings.py:112} WARNING - /home/***/.local/lib/python3.12/site-packages/***/task/task_runner/standard_task_runner.py:70: DeprecationWarning: This process (pid=74697) is multi-threaded, use of fork() may lead to deadlocks in the child.
  pid = os.fork()

[2025-06-25T09:14:37.678+0900] {standard_task_runner.py:72} INFO - Started process 74723 to run task
[2025-06-25T09:14:37.693+0900] {standard_task_runner.py:104} INFO - Running: ['***', 'tasks', 'run', 'lilt_document_classifier_balanced_V0.1', 'img_preprocess_task__1', 'manual__2025-06-25T00:04:18.909063+00:00', '--job-id', '4929', '--raw', '--subdir', 'DAGS_FOLDER/class_create_dag.py', '--cfg-path', '/tmp/tmpuv8n8ik3', '--map-index', '65']
[2025-06-25T09:14:37.704+0900] {standard_task_runner.py:105} INFO - Job 4929: Subtask img_preprocess_task__1
[2025-06-25T09:14:37.838+0900] {task_command.py:467} INFO - Running <TaskInstance: lilt_document_classifier_balanced_V0.1.img_preprocess_task__1 manual__2025-06-25T00:04:18.909063+00:00 map_index=65 [running]> on host f6d4228a9eb8
[2025-06-25T09:14:38.159+0900] {taskinstance.py:3134} INFO - Exporting env vars: AIRFLOW_CTX_DAG_OWNER='***' AIRFLOW_CTX_DAG_ID='lilt_document_classifier_balanced_V0.1' AIRFLOW_CTX_TASK_ID='img_preprocess_task__1' AIRFLOW_CTX_EXECUTION_DATE='2025-06-25T00:04:18.909063+00:00' AIRFLOW_CTX_TRY_NUMBER='1' AIRFLOW_CTX_DAG_RUN_ID='manual__2025-06-25T00:04:18.909063+00:00'
[2025-06-25T09:14:38.164+0900] {taskinstance.py:732} INFO - ::endgroup::
[2025-06-25T09:14:38.172+0900] {logging_mixin.py:190} INFO - empty map check {} {'process_id': '_b36ff66f-a504-4fa7-ac3b-7689f3971ec5_pre', 'folder_path': '5c393359-47a5-4250-b160-3dcb078e01ad/b36ff66f-a504-4fa7-ac3b-7689f3971ec5', 'step_list': [{'name': 'cache', 'param': {'cache_key': 'origin'}}, {'name': 'calc_angle_set2', 'param': {'angle_key': 'angle1', 'iterations': 4, 'iter_save': False}}, {'name': 'text_orientation_set', 'param': {'angle_key': 'angle2', 'iterations': 4, 'iter_save': False}}, {'name': 'load', 'param': {'cache_key': 'origin'}}, {'name': 'rotate', 'param': {'angle_key': 'angle1'}}, {'name': 'rotate', 'param': {'angle_key': 'angle2'}}], 'result_file_map': {}}
[2025-06-25T09:14:38.174+0900] {logging_mixin.py:190} INFO - step : cache
[2025-06-25T09:14:38.174+0900] {logging_mixin.py:190} INFO - step : calc_angle_set2
[2025-06-25T09:14:42.421+0900] {logging_mixin.py:190} INFO - osd 1 0.0 0.0 20 8451 [23, 25, 27, 42, 32, 66, 107, 314, 609, 1008, 1344, 1751, 2266, 2711, 3165, 3658, 4186, 5159, 6212, 7517, 8451, 7684, 5924, 4645, 4039, 3370, 2894, 2440, 1903, 1514, 986, 566, 276, 88, 33, 14, 4, 8, 14, 8, 8]
[2025-06-25T09:14:47.283+0900] {logging_mixin.py:190} INFO - osd 2 0.0 0.0 20 8451 [23, 25, 27, 42, 32, 66, 107, 314, 609, 1008, 1344, 1751, 2266, 2711, 3165, 3658, 4186, 5159, 6212, 7517, 8451, 7684, 5924, 4645, 4039, 3370, 2894, 2440, 1903, 1514, 986, 566, 276, 88, 33, 14, 4, 8, 14, 8, 8]
[2025-06-25T09:14:52.941+0900] {logging_mixin.py:190} INFO - osd 3 0.0 0.0 20 8451 [23, 25, 27, 42, 32, 66, 107, 314, 609, 1008, 1344, 1751, 2266, 2711, 3165, 3658, 4186, 5159, 6212, 7517, 8451, 7684, 5924, 4645, 4039, 3370, 2894, 2440, 1903, 1514, 986, 566, 276, 88, 33, 14, 4, 8, 14, 8, 8]
[2025-06-25T09:14:56.611+0900] {logging_mixin.py:190} INFO - osd 4 0.0 0.0 20 8451 [23, 25, 27, 42, 32, 66, 107, 314, 609, 1008, 1344, 1751, 2266, 2711, 3165, 3658, 4186, 5159, 6212, 7517, 8451, 7684, 5924, 4645, 4039, 3370, 2894, 2440, 1903, 1514, 986, 566, 276, 88, 33, 14, 4, 8, 14, 8, 8]
[2025-06-25T09:14:56.643+0900] {logging_mixin.py:190} INFO - step : text_orientation_set
[2025-06-25T09:15:02.599+0900] {logging_mixin.py:190} INFO - osd 1 break  0 0 9.95 Cyrillic 1.94
[2025-06-25T09:15:02.616+0900] {logging_mixin.py:190} INFO - step : load
[2025-06-25T09:15:02.619+0900] {logging_mixin.py:190} INFO - step : rotate
[2025-06-25T09:15:02.640+0900] {logging_mixin.py:190} INFO - step : rotate
[2025-06-25T09:15:02.747+0900] {logging_mixin.py:190} INFO - file_copy: /opt/***/data/temp/5c393359-47a5-4250-b160-3dcb078e01ad/b36ff66f-a504-4fa7-ac3b-7689f3971ec5/_result.png
[2025-06-25T09:15:02.767+0900] {python.py:240} INFO - Done. Returned value was: {'file_id': '5c393359-47a5-4250-b160-3dcb078e01ad', 'file_path': '/opt/***/data/class/a_class/classify/ready/false/copied_91_528014257+-4257.png', 'false': {'process_id': '_b36ff66f-a504-4fa7-ac3b-7689f3971ec5_pre', 'folder_path': '5c393359-47a5-4250-b160-3dcb078e01ad/b36ff66f-a504-4fa7-ac3b-7689f3971ec5', 'step_list': [{'name': 'cache', 'param': {'cache_key': 'origin'}}, {'name': 'calc_angle_set2', 'param': {'angle_key': 'angle1', 'iterations': 4, 'iter_save': False}}, {'name': 'text_orientation_set', 'param': {'angle_key': 'angle2', 'iterations': 4, 'iter_save': False}}, {'name': 'load', 'param': {'cache_key': 'origin'}}, {'name': 'rotate', 'param': {'angle_key': 'angle1'}}, {'name': 'rotate', 'param': {'angle_key': 'angle2'}}], 'result_file_map': {'_result': '/opt/***/data/temp/5c393359-47a5-4250-b160-3dcb078e01ad/b36ff66f-a504-4fa7-ac3b-7689f3971ec5/_result.png'}}}
[2025-06-25T09:15:02.824+0900] {taskinstance.py:341} INFO - ::group::Post task execution logs
[2025-06-25T09:15:02.840+0900] {taskinstance.py:353} INFO - Marking task as SUCCESS. dag_id=lilt_document_classifier_balanced_V0.1, task_id=img_preprocess_task__1, run_id=manual__2025-06-25T00:04:18.909063+00:00, map_index=65, execution_date=20250625T000418, start_date=20250625T001437, end_date=20250625T001502
[2025-06-25T09:15:03.043+0900] {local_task_job_runner.py:266} INFO - Task exited with return code 0
[2025-06-25T09:15:03.237+0900] {taskinstance.py:3901} INFO - 0 downstream tasks scheduled from follow-on schedule check
[2025-06-25T09:15:03.250+0900] {local_task_job_runner.py:245} INFO - ::endgroup::
