[2025-05-26T07:33:03.443+0000] {local_task_job_runner.py:123} INFO - ::group::Pre task execution logs
[2025-05-26T07:33:04.247+0000] {taskinstance.py:2614} INFO - Dependencies all met for dep_context=non-requeueable deps ti=<TaskInstance: image_processing_per_file_v2.grayscale_task manual__2025-05-26T07:32:37.622229+00:00 map_index=22 [queued]>
[2025-05-26T07:33:04.309+0000] {taskinstance.py:2614} INFO - Dependencies all met for dep_context=requeueable deps ti=<TaskInstance: image_processing_per_file_v2.grayscale_task manual__2025-05-26T07:32:37.622229+00:00 map_index=22 [queued]>
[2025-05-26T07:33:04.310+0000] {taskinstance.py:2867} INFO - Starting attempt 1 of 1
[2025-05-26T07:33:04.342+0000] {taskinstance.py:2890} INFO - Executing <Mapped(_PythonDecoratedOperator): grayscale_task> on 2025-05-26 07:32:37.622229+00:00
[2025-05-26T07:33:04.370+0000] {warnings.py:112} WARNING - /home/***/.local/lib/python3.12/site-packages/***/task/task_runner/standard_task_runner.py:70: DeprecationWarning: This process (pid=2159) is multi-threaded, use of fork() may lead to deadlocks in the child.
  pid = os.fork()

[2025-05-26T07:33:04.388+0000] {standard_task_runner.py:72} INFO - Started process 2192 to run task
[2025-05-26T07:33:04.397+0000] {standard_task_runner.py:104} INFO - Running: ['***', 'tasks', 'run', 'image_processing_per_file_v2', 'grayscale_task', 'manual__2025-05-26T07:32:37.622229+00:00', '--job-id', '176', '--raw', '--subdir', 'DAGS_FOLDER/test_dag.py', '--cfg-path', '/tmp/tmplo_fy6r4', '--map-index', '22']
[2025-05-26T07:33:04.404+0000] {standard_task_runner.py:105} INFO - Job 176: Subtask grayscale_task
[2025-05-26T07:33:04.524+0000] {task_command.py:467} INFO - Running <TaskInstance: image_processing_per_file_v2.grayscale_task manual__2025-05-26T07:32:37.622229+00:00 map_index=22 [running]> on host b0d7fbab896a
[2025-05-26T07:33:04.789+0000] {taskinstance.py:3134} INFO - Exporting env vars: AIRFLOW_CTX_DAG_OWNER='***' AIRFLOW_CTX_DAG_ID='image_processing_per_file_v2' AIRFLOW_CTX_TASK_ID='grayscale_task' AIRFLOW_CTX_EXECUTION_DATE='2025-05-26T07:32:37.622229+00:00' AIRFLOW_CTX_TRY_NUMBER='1' AIRFLOW_CTX_DAG_RUN_ID='manual__2025-05-26T07:32:37.622229+00:00'
[2025-05-26T07:33:04.791+0000] {logging_mixin.py:190} INFO - Task instance is in running state
[2025-05-26T07:33:04.792+0000] {logging_mixin.py:190} INFO -  Previous state of the Task instance: queued
[2025-05-26T07:33:04.793+0000] {logging_mixin.py:190} INFO - Current task name:grayscale_task state:running start_date:2025-05-26 07:33:04.255461+00:00
[2025-05-26T07:33:04.795+0000] {logging_mixin.py:190} INFO - Dag name:image_processing_per_file_v2 and current dag run status:running
[2025-05-26T07:33:04.798+0000] {taskinstance.py:732} INFO - ::endgroup::
[2025-05-26T07:33:04.800+0000] {logging_mixin.py:190} INFO - ----------file_path /opt/***/data/upload/test/스크린샷 2025-05-23 143432 - 복사본.png
[2025-05-26T07:33:05.884+0000] {python.py:240} INFO - Done. Returned value was: /opt/***/data/temp/스크린샷 2025-05-23 143432 - 복사본.png
[2025-05-26T07:33:05.915+0000] {taskinstance.py:341} INFO - ::group::Post task execution logs
[2025-05-26T07:33:05.916+0000] {taskinstance.py:353} INFO - Marking task as SUCCESS. dag_id=image_processing_per_file_v2, task_id=grayscale_task, run_id=manual__2025-05-26T07:32:37.622229+00:00, map_index=22, execution_date=20250526T073237, start_date=20250526T073304, end_date=20250526T073305
[2025-05-26T07:33:05.941+0000] {logging_mixin.py:190} INFO - Task instance in success state
[2025-05-26T07:33:05.942+0000] {logging_mixin.py:190} INFO -  Previous state of the Task instance: running
[2025-05-26T07:33:05.942+0000] {logging_mixin.py:190} INFO - Dag name:image_processing_per_file_v2 queued_at:2025-05-26 07:32:37.652275+00:00
[2025-05-26T07:33:05.943+0000] {logging_mixin.py:190} INFO - Task hostname:b0d7fbab896a operator:_PythonDecoratedOperator
[2025-05-26T07:33:05.962+0000] {local_task_job_runner.py:266} INFO - Task exited with return code 0
[2025-05-26T07:33:05.998+0000] {taskinstance.py:3901} INFO - 0 downstream tasks scheduled from follow-on schedule check
[2025-05-26T07:33:06.002+0000] {local_task_job_runner.py:245} INFO - ::endgroup::
