[2025-06-25T09:21:40.530+0900] {local_task_job_runner.py:123} INFO - ::group::Pre task execution logs
[2025-06-25T09:21:40.636+0900] {taskinstance.py:2614} INFO - Dependencies all met for dep_context=non-requeueable deps ti=<TaskInstance: lilt_document_classifier_balanced_V0.1.img_preprocess_task__1 manual__2025-06-25T00:18:31.692203+00:00 map_index=22 [queued]>
[2025-06-25T09:21:40.662+0900] {taskinstance.py:2614} INFO - Dependencies all met for dep_context=requeueable deps ti=<TaskInstance: lilt_document_classifier_balanced_V0.1.img_preprocess_task__1 manual__2025-06-25T00:18:31.692203+00:00 map_index=22 [queued]>
[2025-06-25T09:21:40.669+0900] {taskinstance.py:2867} INFO - Starting attempt 1 of 1
[2025-06-25T09:21:40.861+0900] {taskinstance.py:2890} INFO - Executing <Mapped(_PythonDecoratedOperator): img_preprocess_task__1> on 2025-06-25 00:18:31.692203+00:00
[2025-06-25T09:21:40.890+0900] {warnings.py:112} WARNING - /home/***/.local/lib/python3.12/site-packages/***/task/task_runner/standard_task_runner.py:70: DeprecationWarning: This process (pid=76298) is multi-threaded, use of fork() may lead to deadlocks in the child.
  pid = os.fork()

[2025-06-25T09:21:40.896+0900] {standard_task_runner.py:72} INFO - Started process 76319 to run task
[2025-06-25T09:21:40.888+0900] {standard_task_runner.py:104} INFO - Running: ['***', 'tasks', 'run', 'lilt_document_classifier_balanced_V0.1', 'img_preprocess_task__1', 'manual__2025-06-25T00:18:31.692203+00:00', '--job-id', '5017', '--raw', '--subdir', 'DAGS_FOLDER/class_create_dag.py', '--cfg-path', '/tmp/tmpme_7hvo8', '--map-index', '22']
[2025-06-25T09:21:40.898+0900] {standard_task_runner.py:105} INFO - Job 5017: Subtask img_preprocess_task__1
[2025-06-25T09:21:41.139+0900] {task_command.py:467} INFO - Running <TaskInstance: lilt_document_classifier_balanced_V0.1.img_preprocess_task__1 manual__2025-06-25T00:18:31.692203+00:00 map_index=22 [running]> on host f6d4228a9eb8
[2025-06-25T09:21:41.429+0900] {taskinstance.py:3134} INFO - Exporting env vars: AIRFLOW_CTX_DAG_OWNER='***' AIRFLOW_CTX_DAG_ID='lilt_document_classifier_balanced_V0.1' AIRFLOW_CTX_TASK_ID='img_preprocess_task__1' AIRFLOW_CTX_EXECUTION_DATE='2025-06-25T00:18:31.692203+00:00' AIRFLOW_CTX_TRY_NUMBER='1' AIRFLOW_CTX_DAG_RUN_ID='manual__2025-06-25T00:18:31.692203+00:00'
[2025-06-25T09:21:41.435+0900] {taskinstance.py:732} INFO - ::endgroup::
[2025-06-25T09:21:41.441+0900] {logging_mixin.py:190} INFO - empty map check {} {'process_id': '_584f8dda-e518-4863-a09d-48be87b0de01_pre', 'folder_path': 'e771a524-c391-475f-aefe-f89d767bdacf/584f8dda-e518-4863-a09d-48be87b0de01', 'step_list': [{'name': 'cache', 'param': {'cache_key': 'origin'}}, {'name': 'calc_angle_set2', 'param': {'angle_key': 'angle2_1', 'delta': 8.0, 'limit': 40, 'iterations': 2, 'iter_save': False}}, {'name': 'calc_angle_set2', 'param': {'angle_key': 'angle2_2', 'delta': 1.0, 'limit': 8, 'iterations': 2, 'iter_save': False}}, {'name': 'calc_angle_set2', 'param': {'angle_key': 'angle2_3', 'delta': 0.125, 'limit': 1, 'iterations': 2, 'iter_save': False}}, {'name': 'text_orientation_set', 'param': {'angle_key': 'orint', 'iterations': 3, 'iter_save': False}}, {'name': 'load', 'param': {'cache_key': 'origin'}}, {'name': 'rotate', 'param': {'angle_key': 'angle2_1'}}, {'name': 'rotate', 'param': {'angle_key': 'angle2_2'}}, {'name': 'rotate', 'param': {'angle_key': 'angle2_3'}}, {'name': 'rotate', 'param': {'angle_key': 'orint'}}], 'result_file_map': {}}
[2025-06-25T09:21:41.445+0900] {logging_mixin.py:190} INFO - step : cache
[2025-06-25T09:21:41.446+0900] {logging_mixin.py:190} INFO - step : calc_angle_set2
[2025-06-25T09:21:43.131+0900] {logging_mixin.py:190} INFO - osd 1 0.0 0.0 5 138557 [37408, 39379, 42992, 48655, 77178, 138557, 77073, 48531, 42989, 39350, 37451]
[2025-06-25T09:21:45.042+0900] {logging_mixin.py:190} INFO - osd 2 0.0 0.0 5 138557 [37408, 39379, 42992, 48655, 77178, 138557, 77073, 48531, 42989, 39350, 37451]
[2025-06-25T09:21:45.111+0900] {logging_mixin.py:190} INFO - step : calc_angle_set2
[2025-06-25T09:21:46.880+0900] {logging_mixin.py:190} INFO - osd 1 0.0 0.0 8 138557 [77178, 82232, 86985, 93142, 98047, 104521, 112853, 120844, 138557, 114064, 108697, 102527, 96852, 91549, 86396, 81547, 77073]
[2025-06-25T09:21:48.481+0900] {logging_mixin.py:190} INFO - osd 2 0.0 0.0 8 138557 [77178, 82232, 86985, 93142, 98047, 104521, 112853, 120844, 138557, 114064, 108697, 102527, 96852, 91549, 86396, 81547, 77073]
[2025-06-25T09:21:48.550+0900] {logging_mixin.py:190} INFO - step : calc_angle_set2
[2025-06-25T09:21:49.755+0900] {logging_mixin.py:190} INFO - osd 1 0.0 0.0 8 138557 [120844, 125730, 130057, 129934, 133243, 133706, 136063, 137604, 138557, 120724, 119389, 118705, 117643, 117385, 116470, 115422, 114064]
[2025-06-25T09:21:50.808+0900] {logging_mixin.py:190} INFO - osd 2 0.0 0.0 8 138557 [120844, 125730, 130057, 129934, 133243, 133706, 136063, 137604, 138557, 120724, 119389, 118705, 117643, 117385, 116470, 115422, 114064]
[2025-06-25T09:21:50.832+0900] {logging_mixin.py:190} INFO - step : text_orientation_set
[2025-06-25T09:22:02.806+0900] {logging_mixin.py:190} INFO - Tesseract OSD Error: (1, 'Estimating resolution as 102 Warning. Invalid resolution 0 dpi. Using 70 instead. Too few characters. Skipping this page Error during processing.')
[2025-06-25T09:22:02.808+0900] {logging_mixin.py:190} INFO - step : load
[2025-06-25T09:22:02.809+0900] {logging_mixin.py:190} INFO - step : rotate
[2025-06-25T09:22:02.934+0900] {logging_mixin.py:190} INFO - step : rotate
[2025-06-25T09:22:02.938+0900] {logging_mixin.py:190} INFO - step : rotate
[2025-06-25T09:22:02.945+0900] {logging_mixin.py:190} INFO - step : rotate
[2025-06-25T09:22:03.463+0900] {logging_mixin.py:190} INFO - file_copy: /opt/***/data/temp/e771a524-c391-475f-aefe-f89d767bdacf/584f8dda-e518-4863-a09d-48be87b0de01/_result.png
[2025-06-25T09:22:03.539+0900] {python.py:240} INFO - Done. Returned value was: {'file_id': 'e771a524-c391-475f-aefe-f89d767bdacf', 'file_path': '/opt/***/data/class/a_class/classify/ready/false/copied_35_50634669-4672.png', 'false': {'process_id': '_584f8dda-e518-4863-a09d-48be87b0de01_pre', 'folder_path': 'e771a524-c391-475f-aefe-f89d767bdacf/584f8dda-e518-4863-a09d-48be87b0de01', 'step_list': [{'name': 'cache', 'param': {'cache_key': 'origin'}}, {'name': 'calc_angle_set2', 'param': {'angle_key': 'angle2_1', 'delta': 8.0, 'limit': 40, 'iterations': 2, 'iter_save': False}}, {'name': 'calc_angle_set2', 'param': {'angle_key': 'angle2_2', 'delta': 1.0, 'limit': 8, 'iterations': 2, 'iter_save': False}}, {'name': 'calc_angle_set2', 'param': {'angle_key': 'angle2_3', 'delta': 0.125, 'limit': 1, 'iterations': 2, 'iter_save': False}}, {'name': 'text_orientation_set', 'param': {'angle_key': 'orint', 'iterations': 3, 'iter_save': False}}, {'name': 'load', 'param': {'cache_key': 'origin'}}, {'name': 'rotate', 'param': {'angle_key': 'angle2_1'}}, {'name': 'rotate', 'param': {'angle_key': 'angle2_2'}}, {'name': 'rotate', 'param': {'angle_key': 'angle2_3'}}, {'name': 'rotate', 'param': {'angle_key': 'orint'}}], 'result_file_map': {'_result': '/opt/***/data/temp/e771a524-c391-475f-aefe-f89d767bdacf/584f8dda-e518-4863-a09d-48be87b0de01/_result.png'}}}
[2025-06-25T09:22:03.672+0900] {taskinstance.py:341} INFO - ::group::Post task execution logs
[2025-06-25T09:22:03.681+0900] {taskinstance.py:353} INFO - Marking task as SUCCESS. dag_id=lilt_document_classifier_balanced_V0.1, task_id=img_preprocess_task__1, run_id=manual__2025-06-25T00:18:31.692203+00:00, map_index=22, execution_date=20250625T001831, start_date=20250625T002140, end_date=20250625T002203
[2025-06-25T09:22:03.794+0900] {local_task_job_runner.py:266} INFO - Task exited with return code 0
[2025-06-25T09:22:03.970+0900] {taskinstance.py:3901} INFO - 0 downstream tasks scheduled from follow-on schedule check
[2025-06-25T09:22:04.001+0900] {local_task_job_runner.py:245} INFO - ::endgroup::
