[2025-06-24T16:42:00.242+0900] {local_task_job_runner.py:123} INFO - ::group::Pre task execution logs
[2025-06-24T16:42:00.313+0900] {taskinstance.py:2614} INFO - Dependencies all met for dep_context=non-requeueable deps ti=<TaskInstance: lilt_document_classifier_balanced_V0.1.img_preprocess_task__1 manual__2025-06-24T07:39:02.784990+00:00 map_index=15 [queued]>
[2025-06-24T16:42:00.465+0900] {taskinstance.py:2614} INFO - Dependencies all met for dep_context=requeueable deps ti=<TaskInstance: lilt_document_classifier_balanced_V0.1.img_preprocess_task__1 manual__2025-06-24T07:39:02.784990+00:00 map_index=15 [queued]>
[2025-06-24T16:42:00.468+0900] {taskinstance.py:2867} INFO - Starting attempt 1 of 1
[2025-06-24T16:42:00.493+0900] {taskinstance.py:2890} INFO - Executing <Mapped(_PythonDecoratedOperator): img_preprocess_task__1> on 2025-06-24 07:39:02.784990+00:00
[2025-06-24T16:42:00.517+0900] {warnings.py:112} WARNING - /home/***/.local/lib/python3.12/site-packages/***/task/task_runner/standard_task_runner.py:70: DeprecationWarning: This process (pid=54292) is multi-threaded, use of fork() may lead to deadlocks in the child.
  pid = os.fork()

[2025-06-24T16:42:00.519+0900] {standard_task_runner.py:72} INFO - Started process 54312 to run task
[2025-06-24T16:42:00.522+0900] {standard_task_runner.py:104} INFO - Running: ['***', 'tasks', 'run', 'lilt_document_classifier_balanced_V0.1', 'img_preprocess_task__1', 'manual__2025-06-24T07:39:02.784990+00:00', '--job-id', '4446', '--raw', '--subdir', 'DAGS_FOLDER/class_create_dag.py', '--cfg-path', '/tmp/tmpx5_d1ufb', '--map-index', '15']
[2025-06-24T16:42:00.525+0900] {standard_task_runner.py:105} INFO - Job 4446: Subtask img_preprocess_task__1
[2025-06-24T16:42:00.632+0900] {task_command.py:467} INFO - Running <TaskInstance: lilt_document_classifier_balanced_V0.1.img_preprocess_task__1 manual__2025-06-24T07:39:02.784990+00:00 map_index=15 [running]> on host f6d4228a9eb8
[2025-06-24T16:42:00.894+0900] {taskinstance.py:3134} INFO - Exporting env vars: AIRFLOW_CTX_DAG_OWNER='***' AIRFLOW_CTX_DAG_ID='lilt_document_classifier_balanced_V0.1' AIRFLOW_CTX_TASK_ID='img_preprocess_task__1' AIRFLOW_CTX_EXECUTION_DATE='2025-06-24T07:39:02.784990+00:00' AIRFLOW_CTX_TRY_NUMBER='1' AIRFLOW_CTX_DAG_RUN_ID='manual__2025-06-24T07:39:02.784990+00:00'
[2025-06-24T16:42:00.896+0900] {taskinstance.py:732} INFO - ::endgroup::
[2025-06-24T16:42:00.933+0900] {logging_mixin.py:190} INFO - empty map check {} {'process_id': '_f4a2b18c-07cc-429d-8149-dfe18532c3d2_pre', 'folder_path': '25e3c0ee-7f10-4cb2-adcf-6bfbdd9ca79b/f4a2b18c-07cc-429d-8149-dfe18532c3d2', 'step_list': [{'name': 'cache', 'param': {'key': 'origin'}}, {'name': 'calc_angle_set2', 'param': {'key': 'angle1', 'iterations': 4, 'iter_save': False}}, {'name': 'text_orientation_set', 'param': {'key': 'angle2', 'iterations': 4, 'iter_save': False}}, {'name': 'load', 'param': {'key': 'origin'}}, {'name': 'rotate', 'param': {'key': 'angle1'}}, {'name': 'rotate', 'param': {'key': 'angle2'}}], 'result_file_map': {}}
[2025-06-24T16:42:00.970+0900] {logging_mixin.py:190} INFO - step : cache
[2025-06-24T16:42:00.971+0900] {logging_mixin.py:190} INFO - step : calc_angle_set2
[2025-06-24T16:42:05.241+0900] {logging_mixin.py:190} INFO - osd 1 0 0 0 0 [0, 0, 0, 0, 0, 0, 0, 0, 0, 0, 0, 0, 0, 0, 0, 0, 0, 0, 0, 0, 0, 0, 0, 0, 0, 0, 0, 0, 0, 0, 0, 0, 0, 0, 0, 0, 0, 0, 0, 0, 0]
[2025-06-24T16:42:08.886+0900] {logging_mixin.py:190} INFO - osd 2 0 0 0 0 [0, 0, 0, 0, 0, 0, 0, 0, 0, 0, 0, 0, 0, 0, 0, 0, 0, 0, 0, 0, 0, 0, 0, 0, 0, 0, 0, 0, 0, 0, 0, 0, 0, 0, 0, 0, 0, 0, 0, 0, 0]
[2025-06-24T16:42:12.813+0900] {logging_mixin.py:190} INFO - osd 3 0 0 0 0 [0, 0, 0, 0, 0, 0, 0, 0, 0, 0, 0, 0, 0, 0, 0, 0, 0, 0, 0, 0, 0, 0, 0, 0, 0, 0, 0, 0, 0, 0, 0, 0, 0, 0, 0, 0, 0, 0, 0, 0, 0]
[2025-06-24T16:42:17.051+0900] {logging_mixin.py:190} INFO - osd 4 0 0 0 0 [0, 0, 0, 0, 0, 0, 0, 0, 0, 0, 0, 0, 0, 0, 0, 0, 0, 0, 0, 0, 0, 0, 0, 0, 0, 0, 0, 0, 0, 0, 0, 0, 0, 0, 0, 0, 0, 0, 0, 0, 0]
[2025-06-24T16:42:17.118+0900] {logging_mixin.py:190} INFO - step : text_orientation_set
[2025-06-24T16:42:21.309+0900] {logging_mixin.py:190} INFO - Tesseract OSD Error: (1, 'Estimating resolution as 121 Warning. Invalid resolution 0 dpi. Using 70 instead. Too few characters. Skipping this page Error during processing.')
[2025-06-24T16:42:21.312+0900] {logging_mixin.py:190} INFO - step : load
[2025-06-24T16:42:21.314+0900] {logging_mixin.py:190} INFO - step : rotate
[2025-06-24T16:42:21.338+0900] {logging_mixin.py:190} INFO - step : rotate
[2025-06-24T16:42:21.386+0900] {logging_mixin.py:190} INFO - file_copy: /opt/***/data/temp/25e3c0ee-7f10-4cb2-adcf-6bfbdd9ca79b/f4a2b18c-07cc-429d-8149-dfe18532c3d2/_result.png
[2025-06-24T16:42:21.402+0900] {python.py:240} INFO - Done. Returned value was: {'file_id': '25e3c0ee-7f10-4cb2-adcf-6bfbdd9ca79b', 'file_path': '/opt/***/data/class/a_class/classify/ready/false/copied_56_0000116136.png', 'false': {'process_id': '_f4a2b18c-07cc-429d-8149-dfe18532c3d2_pre', 'folder_path': '25e3c0ee-7f10-4cb2-adcf-6bfbdd9ca79b/f4a2b18c-07cc-429d-8149-dfe18532c3d2', 'step_list': [{'name': 'cache', 'param': {'key': 'origin'}}, {'name': 'calc_angle_set2', 'param': {'key': 'angle1', 'iterations': 4, 'iter_save': False}}, {'name': 'text_orientation_set', 'param': {'key': 'angle2', 'iterations': 4, 'iter_save': False}}, {'name': 'load', 'param': {'key': 'origin'}}, {'name': 'rotate', 'param': {'key': 'angle1'}}, {'name': 'rotate', 'param': {'key': 'angle2'}}], 'result_file_map': {'_result': '/opt/***/data/temp/25e3c0ee-7f10-4cb2-adcf-6bfbdd9ca79b/f4a2b18c-07cc-429d-8149-dfe18532c3d2/_result.png'}}}
[2025-06-24T16:42:21.516+0900] {taskinstance.py:341} INFO - ::group::Post task execution logs
[2025-06-24T16:42:21.539+0900] {taskinstance.py:353} INFO - Marking task as SUCCESS. dag_id=lilt_document_classifier_balanced_V0.1, task_id=img_preprocess_task__1, run_id=manual__2025-06-24T07:39:02.784990+00:00, map_index=15, execution_date=20250624T073902, start_date=20250624T074200, end_date=20250624T074221
[2025-06-24T16:42:21.749+0900] {local_task_job_runner.py:266} INFO - Task exited with return code 0
[2025-06-24T16:42:21.886+0900] {local_task_job_runner.py:245} INFO - ::endgroup::
