[2025-05-27T08:39:35.976+0000] {local_task_job_runner.py:123} INFO - ::group::Pre task execution logs
[2025-05-27T08:39:36.812+0000] {taskinstance.py:2614} INFO - Dependencies all met for dep_context=non-requeueable deps ti=<TaskInstance: image_processing_per_file_v2.file_copy_task manual__2025-05-27T08:27:30.939474+00:00 map_index=198 [queued]>
[2025-05-27T08:39:37.540+0000] {taskinstance.py:2614} INFO - Dependencies all met for dep_context=requeueable deps ti=<TaskInstance: image_processing_per_file_v2.file_copy_task manual__2025-05-27T08:27:30.939474+00:00 map_index=198 [queued]>
[2025-05-27T08:39:37.541+0000] {taskinstance.py:2867} INFO - Starting attempt 1 of 1
[2025-05-27T08:39:37.825+0000] {taskinstance.py:2890} INFO - Executing <Mapped(_PythonDecoratedOperator): file_copy_task> on 2025-05-27 08:27:30.939474+00:00
[2025-05-27T08:39:38.045+0000] {logging_mixin.py:190} WARNING - /home/***/.local/lib/python3.12/site-packages/***/task/task_runner/standard_task_runner.py:70 DeprecationWarning: This process (pid=22764) is multi-threaded, use of fork() may lead to deadlocks in the child.
[2025-05-27T08:39:38.099+0000] {standard_task_runner.py:72} INFO - Started process 22896 to run task
[2025-05-27T08:39:38.064+0000] {standard_task_runner.py:104} INFO - Running: ['***', 'tasks', 'run', 'image_processing_per_file_v2', 'file_copy_task', 'manual__2025-05-27T08:27:30.939474+00:00', '--job-id', '655', '--raw', '--subdir', 'DAGS_FOLDER/test_dag.py', '--cfg-path', '/tmp/tmp1wkc_zft', '--map-index', '198']
[2025-05-27T08:39:38.121+0000] {standard_task_runner.py:105} INFO - Job 655: Subtask file_copy_task
[2025-05-27T08:39:39.186+0000] {task_command.py:467} INFO - Running <TaskInstance: image_processing_per_file_v2.file_copy_task manual__2025-05-27T08:27:30.939474+00:00 map_index=198 [running]> on host d13339a4a574
[2025-05-27T08:39:40.299+0000] {taskinstance.py:3134} INFO - Exporting env vars: AIRFLOW_CTX_DAG_OWNER='***' AIRFLOW_CTX_DAG_ID='image_processing_per_file_v2' AIRFLOW_CTX_TASK_ID='file_copy_task' AIRFLOW_CTX_EXECUTION_DATE='2025-05-27T08:27:30.939474+00:00' AIRFLOW_CTX_TRY_NUMBER='1' AIRFLOW_CTX_DAG_RUN_ID='manual__2025-05-27T08:27:30.939474+00:00'
[2025-05-27T08:39:40.305+0000] {logging_mixin.py:190} INFO - Task instance is in running state
[2025-05-27T08:39:40.319+0000] {logging_mixin.py:190} INFO -  Previous state of the Task instance: queued
[2025-05-27T08:39:40.333+0000] {logging_mixin.py:190} INFO - Current task name:file_copy_task state:running start_date:2025-05-27 08:39:36.825819+00:00
[2025-05-27T08:39:40.334+0000] {logging_mixin.py:190} INFO - Dag name:image_processing_per_file_v2 and current dag run status:running
[2025-05-27T08:39:40.353+0000] {taskinstance.py:732} INFO - ::endgroup::
[2025-05-27T08:39:40.697+0000] {logging_mixin.py:190} INFO - copy: /opt/***/data/result/test/스크린샷 2025-05-23 135629 - 복사본 (3) - 복사본.png
[2025-05-27T08:39:40.698+0000] {python.py:240} INFO - Done. Returned value was: /opt/***/data/result/test/스크린샷 2025-05-23 135629 - 복사본 (3) - 복사본.png
[2025-05-27T08:39:40.875+0000] {taskinstance.py:341} INFO - ::group::Post task execution logs
[2025-05-27T08:39:40.909+0000] {taskinstance.py:353} INFO - Marking task as SUCCESS. dag_id=image_processing_per_file_v2, task_id=file_copy_task, run_id=manual__2025-05-27T08:27:30.939474+00:00, map_index=198, execution_date=20250527T082730, start_date=20250527T083936, end_date=20250527T083940
[2025-05-27T08:39:41.084+0000] {logging_mixin.py:190} INFO - Task instance in success state
[2025-05-27T08:39:41.099+0000] {logging_mixin.py:190} INFO -  Previous state of the Task instance: running
[2025-05-27T08:39:41.116+0000] {logging_mixin.py:190} INFO - Dag name:image_processing_per_file_v2 queued_at:2025-05-27 08:27:30.973127+00:00
[2025-05-27T08:39:41.121+0000] {logging_mixin.py:190} INFO - Task hostname:d13339a4a574 operator:_PythonDecoratedOperator
[2025-05-27T08:39:41.377+0000] {local_task_job_runner.py:266} INFO - Task exited with return code 0
[2025-05-27T08:39:42.380+0000] {taskinstance.py:3901} INFO - 0 downstream tasks scheduled from follow-on schedule check
[2025-05-27T08:39:42.488+0000] {local_task_job_runner.py:245} INFO - ::endgroup::
