[2025-06-24T11:14:04.737+0900] {local_task_job_runner.py:123} INFO - ::group::Pre task execution logs
[2025-06-24T11:14:04.772+0900] {taskinstance.py:2614} INFO - Dependencies all met for dep_context=non-requeueable deps ti=<TaskInstance: image_preprocess_v1.img_preprocess_task manual__2025-06-24T02:13:56.535594+00:00 map_index=2 [queued]>
[2025-06-24T11:14:04.789+0900] {taskinstance.py:2614} INFO - Dependencies all met for dep_context=requeueable deps ti=<TaskInstance: image_preprocess_v1.img_preprocess_task manual__2025-06-24T02:13:56.535594+00:00 map_index=2 [queued]>
[2025-06-24T11:14:04.791+0900] {taskinstance.py:2867} INFO - Starting attempt 1 of 1
[2025-06-24T11:14:04.813+0900] {taskinstance.py:2890} INFO - Executing <Mapped(_PythonDecoratedOperator): img_preprocess_task> on 2025-06-24 02:13:56.535594+00:00
[2025-06-24T11:14:04.824+0900] {warnings.py:112} WARNING - /home/***/.local/lib/python3.12/site-packages/***/task/task_runner/standard_task_runner.py:70: DeprecationWarning: This process (pid=32754) is multi-threaded, use of fork() may lead to deadlocks in the child.
  pid = os.fork()

[2025-06-24T11:14:04.826+0900] {standard_task_runner.py:72} INFO - Started process 32812 to run task
[2025-06-24T11:14:04.826+0900] {standard_task_runner.py:104} INFO - Running: ['***', 'tasks', 'run', 'image_preprocess_v1', 'img_preprocess_task', 'manual__2025-06-24T02:13:56.535594+00:00', '--job-id', '3708', '--raw', '--subdir', 'DAGS_FOLDER/test_dag.py', '--cfg-path', '/tmp/tmpoak0emow', '--map-index', '2']
[2025-06-24T11:14:04.833+0900] {standard_task_runner.py:105} INFO - Job 3708: Subtask img_preprocess_task
[2025-06-24T11:14:04.884+0900] {task_command.py:467} INFO - Running <TaskInstance: image_preprocess_v1.img_preprocess_task manual__2025-06-24T02:13:56.535594+00:00 map_index=2 [running]> on host f6d4228a9eb8
[2025-06-24T11:14:04.996+0900] {taskinstance.py:3134} INFO - Exporting env vars: AIRFLOW_CTX_DAG_OWNER='***' AIRFLOW_CTX_DAG_ID='image_preprocess_v1' AIRFLOW_CTX_TASK_ID='img_preprocess_task' AIRFLOW_CTX_EXECUTION_DATE='2025-06-24T02:13:56.535594+00:00' AIRFLOW_CTX_TRY_NUMBER='1' AIRFLOW_CTX_DAG_RUN_ID='manual__2025-06-24T02:13:56.535594+00:00'
[2025-06-24T11:14:05.000+0900] {taskinstance.py:732} INFO - ::endgroup::
[2025-06-24T11:14:05.003+0900] {logging_mixin.py:190} INFO - empty map check {} {'process_id': '_eda4b264-e328-4c6a-bf6a-79f908e390f8_pre', 'folder_path': '004b8be3-3330-4397-b0c2-149c4c69186a/eda4b264-e328-4c6a-bf6a-79f908e390f8', 'step_list': [{'name': 'cache', 'param': {'key': 'origin'}}, {'name': 'calc_angle_set2', 'param': {'key': 'angle1', 'iterations': 4, 'iter_save': True}}, {'name': 'save', 'param': {'key': 'ag1'}}, {'name': 'text_orientation_set', 'param': {'key': 'angle2', 'iterations': 4, 'iter_save': True}}, {'name': 'save', 'param': {'key': 'ag2'}}, {'name': 'load', 'param': {'key': 'origin'}}, {'name': 'rotate', 'param': {'key': 'angle1'}}, {'name': 'rotate', 'param': {'key': 'angle2'}}], 'result_file_map': {}}
[2025-06-24T11:14:05.004+0900] {logging_mixin.py:190} INFO - step : cache
[2025-06-24T11:14:05.006+0900] {logging_mixin.py:190} INFO - step : calc_angle_set2
[2025-06-24T11:14:17.310+0900] {logging_mixin.py:190} INFO - osd 1 5.0 5.0 40 1267622 [1167851, 1123824, 1077191, 1028864, 982141, 935674, 890079, 843708, 799652, 749434, 702913, 655930, 608243, 564198, 525273, 486293, 447135, 408827, 370880, 332351, 297902, 331426, 369155, 409470, 450974, 493973, 538965, 582899, 631215, 681951, 731481, 781117, 836226, 888812, 941805, 995445, 1050084, 1104656, 1160067, 1215390, 1267622]
[2025-06-24T11:14:35.117+0900] {logging_mixin.py:190} INFO - osd 2 0.0 -5.0 0 2766228 [2766228, 2688724, 2614660, 2535463, 2452900, 2374971, 2296324, 2214675, 2137265, 2051022, 1975282, 1893552, 1814286, 1738102, 1655818, 1580072, 1501671, 1429925, 1361619, 1288053, 1220444, 1282291, 1348683, 1407465, 1471861, 1539593, 1604076, 1672893, 1734270, 1800990, 1867972, 1931645, 2005488, 2070890, 2141991, 2208914, 2278084, 2351567, 2421757, 2489423, 2562473]
[2025-06-24T11:14:52.190+0900] {logging_mixin.py:190} INFO - osd 3 5.0 5.0 40 4469318 [4320880, 4240799, 4168086, 4090111, 4017011, 3939543, 3868105, 3786386, 3709378, 3628237, 3546297, 3462198, 3375282, 3293107, 3207281, 3126459, 3039473, 2954684, 2869187, 2785219, 2702338, 2786174, 2872980, 2961268, 3048863, 3137117, 3221071, 3310574, 3395052, 3484298, 3570423, 3654347, 3740669, 3828861, 3922690, 4008930, 4101051, 4189115, 4283129, 4372428, 4469318]
[2025-06-24T11:15:16.626+0900] {logging_mixin.py:190} INFO - osd 4 0.0 -5.0 0 6771268 [6771268, 6648497, 6525709, 6402212, 6281365, 6159492, 6032077, 5906420, 5785723, 5661054, 5544909, 5418814, 5303296, 5177441, 5057819, 4939439, 4819558, 4696934, 4575152, 4452979, 4343033, 4440270, 4548269, 4658895, 4771547, 4880676, 4991038, 5101992, 5222098, 5331163, 5452008, 5564668, 5684374, 5797975, 5917257, 6040336, 6157872, 6277436, 6398917, 6520462, 6643513]
[2025-06-24T11:15:16.843+0900] {logging_mixin.py:190} INFO - step : save
[2025-06-24T11:15:17.763+0900] {logging_mixin.py:190} INFO - file_copy: /opt/***/data/temp/004b8be3-3330-4397-b0c2-149c4c69186a/eda4b264-e328-4c6a-bf6a-79f908e390f8/ag1.png
[2025-06-24T11:15:17.850+0900] {logging_mixin.py:190} INFO - step : text_orientation_set
[2025-06-24T11:15:33.364+0900] {logging_mixin.py:190} INFO - file_copy: /opt/***/data/temp/004b8be3-3330-4397-b0c2-149c4c69186a/eda4b264-e328-4c6a-bf6a-79f908e390f8/rotate2_1.png
[2025-06-24T11:15:35.944+0900] {logging_mixin.py:190} INFO - osd 1 break  0 0 12.43 Japanese 0.13
[2025-06-24T11:15:35.951+0900] {logging_mixin.py:190} INFO - step : save
[2025-06-24T11:15:36.650+0900] {logging_mixin.py:190} INFO - file_copy: /opt/***/data/temp/004b8be3-3330-4397-b0c2-149c4c69186a/eda4b264-e328-4c6a-bf6a-79f908e390f8/ag2.png
[2025-06-24T11:15:36.668+0900] {logging_mixin.py:190} INFO - step : load
[2025-06-24T11:15:36.669+0900] {logging_mixin.py:190} INFO - step : rotate
[2025-06-24T11:15:36.805+0900] {logging_mixin.py:190} INFO - step : rotate
[2025-06-24T11:15:37.276+0900] {logging_mixin.py:190} INFO - file_copy: /opt/***/data/temp/004b8be3-3330-4397-b0c2-149c4c69186a/eda4b264-e328-4c6a-bf6a-79f908e390f8/_result.png
[2025-06-24T11:15:37.310+0900] {python.py:240} INFO - Done. Returned value was: {'file_id': '004b8be3-3330-4397-b0c2-149c4c69186a', 'file_path': '/opt/***/data/upload/광장동 가람빌딩 - 정부24 - 건축물대장 등본(초본) 발급(열람) _ 문서출력_page_1_aug1.png', 'result': {'process_id': '_eda4b264-e328-4c6a-bf6a-79f908e390f8_pre', 'folder_path': '004b8be3-3330-4397-b0c2-149c4c69186a/eda4b264-e328-4c6a-bf6a-79f908e390f8', 'step_list': [{'name': 'cache', 'param': {'key': 'origin'}}, {'name': 'calc_angle_set2', 'param': {'key': 'angle1', 'iterations': 4, 'iter_save': True}}, {'name': 'save', 'param': {'key': 'ag1'}}, {'name': 'text_orientation_set', 'param': {'key': 'angle2', 'iterations': 4, 'iter_save': True}}, {'name': 'save', 'param': {'key': 'ag2'}}, {'name': 'load', 'param': {'key': 'origin'}}, {'name': 'rotate', 'param': {'key': 'angle1'}}, {'name': 'rotate', 'param': {'key': 'angle2'}}], 'result_file_map': {'ag1': '/opt/***/data/temp/004b8be3-3330-4397-b0c2-149c4c69186a/eda4b264-e328-4c6a-bf6a-79f908e390f8/ag1.png', 'rotate2_1': '/opt/***/data/temp/004b8be3-3330-4397-b0c2-149c4c69186a/eda4b264-e328-4c6a-bf6a-79f908e390f8/rotate2_1.png', 'ag2': '/opt/***/data/temp/004b8be3-3330-4397-b0c2-149c4c69186a/eda4b264-e328-4c6a-bf6a-79f908e390f8/ag2.png', '_result': '/opt/***/data/temp/004b8be3-3330-4397-b0c2-149c4c69186a/eda4b264-e328-4c6a-bf6a-79f908e390f8/_result.png'}}}
[2025-06-24T11:15:37.496+0900] {taskinstance.py:341} INFO - ::group::Post task execution logs
[2025-06-24T11:15:37.501+0900] {taskinstance.py:353} INFO - Marking task as SUCCESS. dag_id=image_preprocess_v1, task_id=img_preprocess_task, run_id=manual__2025-06-24T02:13:56.535594+00:00, map_index=2, execution_date=20250624T021356, start_date=20250624T021404, end_date=20250624T021537
[2025-06-24T11:15:37.609+0900] {local_task_job_runner.py:266} INFO - Task exited with return code 0
[2025-06-24T11:15:37.674+0900] {taskinstance.py:3901} INFO - 0 downstream tasks scheduled from follow-on schedule check
[2025-06-24T11:15:37.688+0900] {local_task_job_runner.py:245} INFO - ::endgroup::
