[2025-06-23T10:28:00.861+0900] {local_task_job_runner.py:123} INFO - ::group::Pre task execution logs
[2025-06-23T10:28:00.931+0900] {taskinstance.py:2614} INFO - Dependencies all met for dep_context=non-requeueable deps ti=<TaskInstance: lilt_document_classifier_balanced_V0.1.img_preprocess_task__1 manual__2025-06-23T01:24:40.043171+00:00 map_index=50 [queued]>
[2025-06-23T10:28:00.967+0900] {taskinstance.py:2614} INFO - Dependencies all met for dep_context=requeueable deps ti=<TaskInstance: lilt_document_classifier_balanced_V0.1.img_preprocess_task__1 manual__2025-06-23T01:24:40.043171+00:00 map_index=50 [queued]>
[2025-06-23T10:28:00.991+0900] {taskinstance.py:2867} INFO - Starting attempt 1 of 1
[2025-06-23T10:28:01.033+0900] {taskinstance.py:2890} INFO - Executing <Mapped(_PythonDecoratedOperator): img_preprocess_task__1> on 2025-06-23 01:24:40.043171+00:00
[2025-06-23T10:28:01.055+0900] {warnings.py:112} WARNING - /home/***/.local/lib/python3.12/site-packages/***/task/task_runner/standard_task_runner.py:70: DeprecationWarning: This process (pid=86948) is multi-threaded, use of fork() may lead to deadlocks in the child.
  pid = os.fork()

[2025-06-23T10:28:01.077+0900] {standard_task_runner.py:72} INFO - Started process 87001 to run task
[2025-06-23T10:28:01.056+0900] {standard_task_runner.py:104} INFO - Running: ['***', 'tasks', 'run', 'lilt_document_classifier_balanced_V0.1', 'img_preprocess_task__1', 'manual__2025-06-23T01:24:40.043171+00:00', '--job-id', '2185', '--raw', '--subdir', 'DAGS_FOLDER/class_create_dag.py', '--cfg-path', '/tmp/tmpvd1owvnj', '--map-index', '50']
[2025-06-23T10:28:01.089+0900] {standard_task_runner.py:105} INFO - Job 2185: Subtask img_preprocess_task__1
[2025-06-23T10:28:01.193+0900] {task_command.py:467} INFO - Running <TaskInstance: lilt_document_classifier_balanced_V0.1.img_preprocess_task__1 manual__2025-06-23T01:24:40.043171+00:00 map_index=50 [running]> on host f6d4228a9eb8
[2025-06-23T10:28:01.398+0900] {taskinstance.py:3134} INFO - Exporting env vars: AIRFLOW_CTX_DAG_OWNER='***' AIRFLOW_CTX_DAG_ID='lilt_document_classifier_balanced_V0.1' AIRFLOW_CTX_TASK_ID='img_preprocess_task__1' AIRFLOW_CTX_EXECUTION_DATE='2025-06-23T01:24:40.043171+00:00' AIRFLOW_CTX_TRY_NUMBER='1' AIRFLOW_CTX_DAG_RUN_ID='manual__2025-06-23T01:24:40.043171+00:00'
[2025-06-23T10:28:01.403+0900] {taskinstance.py:732} INFO - ::endgroup::
[2025-06-23T10:28:01.410+0900] {logging_mixin.py:190} INFO - empty map check {} {'process_id': '_c144da9c-2af8-4488-a745-cf259c20c4ff_pre', 'folder_path': 'e5c39629-bd76-4ce0-8b2d-d30969470c93/c144da9c-2af8-4488-a745-cf259c20c4ff', 'step_list': [{'name': 'cache', 'param': {'key': 'origin'}}, {'name': 'calc_angle_set1', 'param': {'key': 'angle1', 'iterations': 4, 'iter_save': False}}, {'name': 'text_orientation_set', 'param': {'key': 'angle2', 'iterations': 4, 'iter_save': False}}, {'name': 'load', 'param': {'key': 'origin'}}, {'name': 'rotate', 'param': {'key': 'angle1'}}, {'name': 'rotate', 'param': {'key': 'angle2'}}], 'result_file_map': {}}
[2025-06-23T10:28:01.432+0900] {logging_mixin.py:190} INFO - step : cache
[2025-06-23T10:28:01.447+0900] {logging_mixin.py:190} INFO - step : calc_angle_set1
[2025-06-23T10:28:01.502+0900] {logging_mixin.py:190} INFO - step : text_orientation_set
[2025-06-23T10:28:05.870+0900] {logging_mixin.py:190} INFO - Tesseract OSD Error: (1, 'Estimating resolution as 175 Warning. Invalid resolution 0 dpi. Using 70 instead. Too few characters. Skipping this page Error during processing.')
[2025-06-23T10:28:05.871+0900] {logging_mixin.py:190} INFO - step : load
[2025-06-23T10:28:05.871+0900] {logging_mixin.py:190} INFO - step : rotate
[2025-06-23T10:28:05.891+0900] {logging_mixin.py:190} INFO - step : rotate
[2025-06-23T10:28:05.978+0900] {logging_mixin.py:190} INFO - file_copy: /opt/***/data/temp/e5c39629-bd76-4ce0-8b2d-d30969470c93/c144da9c-2af8-4488-a745-cf259c20c4ff/_result.png
[2025-06-23T10:28:05.999+0900] {python.py:240} INFO - Done. Returned value was: {'file_id': 'e5c39629-bd76-4ce0-8b2d-d30969470c93', 'file_path': '/opt/***/data/class/a_class/classify/ready/false/copied_30_2044345131.png', 'false': {'process_id': '_c144da9c-2af8-4488-a745-cf259c20c4ff_pre', 'folder_path': 'e5c39629-bd76-4ce0-8b2d-d30969470c93/c144da9c-2af8-4488-a745-cf259c20c4ff', 'step_list': [{'name': 'cache', 'param': {'key': 'origin'}}, {'name': 'calc_angle_set1', 'param': {'key': 'angle1', 'iterations': 4, 'iter_save': False}}, {'name': 'text_orientation_set', 'param': {'key': 'angle2', 'iterations': 4, 'iter_save': False}}, {'name': 'load', 'param': {'key': 'origin'}}, {'name': 'rotate', 'param': {'key': 'angle1'}}, {'name': 'rotate', 'param': {'key': 'angle2'}}], 'result_file_map': {'_result': '/opt/***/data/temp/e5c39629-bd76-4ce0-8b2d-d30969470c93/c144da9c-2af8-4488-a745-cf259c20c4ff/_result.png'}}}
[2025-06-23T10:28:06.118+0900] {taskinstance.py:341} INFO - ::group::Post task execution logs
[2025-06-23T10:28:06.121+0900] {taskinstance.py:353} INFO - Marking task as SUCCESS. dag_id=lilt_document_classifier_balanced_V0.1, task_id=img_preprocess_task__1, run_id=manual__2025-06-23T01:24:40.043171+00:00, map_index=50, execution_date=20250623T012440, start_date=20250623T012800, end_date=20250623T012806
[2025-06-23T10:28:06.252+0900] {local_task_job_runner.py:266} INFO - Task exited with return code 0
[2025-06-23T10:28:06.657+0900] {taskinstance.py:3901} INFO - 0 downstream tasks scheduled from follow-on schedule check
[2025-06-23T10:28:06.685+0900] {local_task_job_runner.py:245} INFO - ::endgroup::
