[2025-06-23T09:47:14.679+0900] {local_task_job_runner.py:123} INFO - ::group::Pre task execution logs
[2025-06-23T09:47:14.828+0900] {taskinstance.py:2614} INFO - Dependencies all met for dep_context=non-requeueable deps ti=<TaskInstance: lilt_document_classifier_balanced_V0.1.img_preprocess_task__1 manual__2025-06-23T00:42:21.868462+00:00 map_index=83 [queued]>
[2025-06-23T09:47:14.950+0900] {taskinstance.py:2614} INFO - Dependencies all met for dep_context=requeueable deps ti=<TaskInstance: lilt_document_classifier_balanced_V0.1.img_preprocess_task__1 manual__2025-06-23T00:42:21.868462+00:00 map_index=83 [queued]>
[2025-06-23T09:47:14.958+0900] {taskinstance.py:2867} INFO - Starting attempt 1 of 1
[2025-06-23T09:47:15.016+0900] {taskinstance.py:2890} INFO - Executing <Mapped(_PythonDecoratedOperator): img_preprocess_task__1> on 2025-06-23 00:42:21.868462+00:00
[2025-06-23T09:47:15.122+0900] {warnings.py:112} WARNING - /home/***/.local/lib/python3.12/site-packages/***/task/task_runner/standard_task_runner.py:70: DeprecationWarning: This process (pid=83998) is multi-threaded, use of fork() may lead to deadlocks in the child.
  pid = os.fork()

[2025-06-23T09:47:15.150+0900] {standard_task_runner.py:72} INFO - Started process 84082 to run task
[2025-06-23T09:47:15.163+0900] {standard_task_runner.py:104} INFO - Running: ['***', 'tasks', 'run', 'lilt_document_classifier_balanced_V0.1', 'img_preprocess_task__1', 'manual__2025-06-23T00:42:21.868462+00:00', '--job-id', '2056', '--raw', '--subdir', 'DAGS_FOLDER/class_create_dag.py', '--cfg-path', '/tmp/tmpohlvgrxw', '--map-index', '83']
[2025-06-23T09:47:15.199+0900] {standard_task_runner.py:105} INFO - Job 2056: Subtask img_preprocess_task__1
[2025-06-23T09:47:15.425+0900] {task_command.py:467} INFO - Running <TaskInstance: lilt_document_classifier_balanced_V0.1.img_preprocess_task__1 manual__2025-06-23T00:42:21.868462+00:00 map_index=83 [running]> on host f6d4228a9eb8
[2025-06-23T09:47:15.781+0900] {taskinstance.py:3134} INFO - Exporting env vars: AIRFLOW_CTX_DAG_OWNER='***' AIRFLOW_CTX_DAG_ID='lilt_document_classifier_balanced_V0.1' AIRFLOW_CTX_TASK_ID='img_preprocess_task__1' AIRFLOW_CTX_EXECUTION_DATE='2025-06-23T00:42:21.868462+00:00' AIRFLOW_CTX_TRY_NUMBER='1' AIRFLOW_CTX_DAG_RUN_ID='manual__2025-06-23T00:42:21.868462+00:00'
[2025-06-23T09:47:15.794+0900] {taskinstance.py:732} INFO - ::endgroup::
[2025-06-23T09:47:15.804+0900] {logging_mixin.py:190} INFO - empty map check {} {'process_id': '_055e442d-74cc-458a-a39e-31717c678179_pre', 'folder_path': 'cd1f71c5-0ef3-486c-8f94-7bdd5d471c2a/055e442d-74cc-458a-a39e-31717c678179', 'step_list': [{'name': 'cache', 'param': {'key': 'origin'}}, {'name': 'calc_angle_set1', 'param': {'key': 'angle1', 'iterations': 4, 'iter_save': False}}, {'name': 'text_orientation_set', 'param': {'key': 'angle2', 'iterations': 4, 'iter_save': False}}, {'name': 'load', 'param': {'key': 'origin'}}, {'name': 'rotate', 'param': {'key': 'angle1'}}, {'name': 'rotate', 'param': {'key': 'angle2'}}], 'result_file_map': {}}
[2025-06-23T09:47:15.820+0900] {logging_mixin.py:190} INFO - step : cache
[2025-06-23T09:47:15.826+0900] {logging_mixin.py:190} INFO - step : calc_angle_set1
[2025-06-23T09:47:15.870+0900] {logging_mixin.py:190} INFO - step : text_orientation_set
[2025-06-23T09:47:24.656+0900] {logging_mixin.py:190} INFO - Tesseract OSD Error: (1, 'Estimating resolution as 117 Warning. Invalid resolution 0 dpi. Using 70 instead. Too few characters. Skipping this page Error during processing.')
[2025-06-23T09:47:24.657+0900] {logging_mixin.py:190} INFO - step : load
[2025-06-23T09:47:24.673+0900] {logging_mixin.py:190} INFO - step : rotate
[2025-06-23T09:47:24.721+0900] {logging_mixin.py:190} INFO - step : rotate
[2025-06-23T09:47:24.798+0900] {logging_mixin.py:190} INFO - file_copy: /opt/***/data/temp/cd1f71c5-0ef3-486c-8f94-7bdd5d471c2a/055e442d-74cc-458a-a39e-31717c678179/_result.png
[2025-06-23T09:47:24.828+0900] {python.py:240} INFO - Done. Returned value was: {'file_id': 'cd1f71c5-0ef3-486c-8f94-7bdd5d471c2a', 'file_path': '/opt/***/data/class/a_class/classify/ready/false/copied_1_2078330488a.png', 'false': {'process_id': '_055e442d-74cc-458a-a39e-31717c678179_pre', 'folder_path': 'cd1f71c5-0ef3-486c-8f94-7bdd5d471c2a/055e442d-74cc-458a-a39e-31717c678179', 'step_list': [{'name': 'cache', 'param': {'key': 'origin'}}, {'name': 'calc_angle_set1', 'param': {'key': 'angle1', 'iterations': 4, 'iter_save': False}}, {'name': 'text_orientation_set', 'param': {'key': 'angle2', 'iterations': 4, 'iter_save': False}}, {'name': 'load', 'param': {'key': 'origin'}}, {'name': 'rotate', 'param': {'key': 'angle1'}}, {'name': 'rotate', 'param': {'key': 'angle2'}}], 'result_file_map': {'_result': '/opt/***/data/temp/cd1f71c5-0ef3-486c-8f94-7bdd5d471c2a/055e442d-74cc-458a-a39e-31717c678179/_result.png'}}}
[2025-06-23T09:47:25.230+0900] {taskinstance.py:341} INFO - ::group::Post task execution logs
[2025-06-23T09:47:25.246+0900] {taskinstance.py:353} INFO - Marking task as SUCCESS. dag_id=lilt_document_classifier_balanced_V0.1, task_id=img_preprocess_task__1, run_id=manual__2025-06-23T00:42:21.868462+00:00, map_index=83, execution_date=20250623T004221, start_date=20250623T004714, end_date=20250623T004725
[2025-06-23T09:47:25.574+0900] {local_task_job_runner.py:266} INFO - Task exited with return code 0
[2025-06-23T09:47:25.910+0900] {taskinstance.py:3901} INFO - 0 downstream tasks scheduled from follow-on schedule check
[2025-06-23T09:47:25.923+0900] {local_task_job_runner.py:245} INFO - ::endgroup::
