[2025-06-23T16:10:02.774+0900] {local_task_job_runner.py:123} INFO - ::group::Pre task execution logs
[2025-06-23T16:10:02.830+0900] {taskinstance.py:2614} INFO - Dependencies all met for dep_context=non-requeueable deps ti=<TaskInstance: lilt_document_classifier_balanced_V0.1.img_preprocess_task manual__2025-06-23T06:45:10.371530+00:00 map_index=62 [queued]>
[2025-06-23T16:10:02.858+0900] {taskinstance.py:2614} INFO - Dependencies all met for dep_context=requeueable deps ti=<TaskInstance: lilt_document_classifier_balanced_V0.1.img_preprocess_task manual__2025-06-23T06:45:10.371530+00:00 map_index=62 [queued]>
[2025-06-23T16:10:02.859+0900] {taskinstance.py:2867} INFO - Starting attempt 1 of 1
[2025-06-23T16:10:03.001+0900] {taskinstance.py:2890} INFO - Executing <Mapped(_PythonDecoratedOperator): img_preprocess_task> on 2025-06-23 06:45:10.371530+00:00
[2025-06-23T16:10:03.029+0900] {warnings.py:112} WARNING - /home/***/.local/lib/python3.12/site-packages/***/task/task_runner/standard_task_runner.py:70: DeprecationWarning: This process (pid=5068) is multi-threaded, use of fork() may lead to deadlocks in the child.
  pid = os.fork()

[2025-06-23T16:10:03.032+0900] {standard_task_runner.py:72} INFO - Started process 5110 to run task
[2025-06-23T16:10:03.032+0900] {standard_task_runner.py:104} INFO - Running: ['***', 'tasks', 'run', 'lilt_document_classifier_balanced_V0.1', 'img_preprocess_task', 'manual__2025-06-23T06:45:10.371530+00:00', '--job-id', '3271', '--raw', '--subdir', 'DAGS_FOLDER/class_create_dag.py', '--cfg-path', '/tmp/tmp5eqs3iwx', '--map-index', '62']
[2025-06-23T16:10:03.035+0900] {standard_task_runner.py:105} INFO - Job 3271: Subtask img_preprocess_task
[2025-06-23T16:10:03.149+0900] {task_command.py:467} INFO - Running <TaskInstance: lilt_document_classifier_balanced_V0.1.img_preprocess_task manual__2025-06-23T06:45:10.371530+00:00 map_index=62 [running]> on host f6d4228a9eb8
[2025-06-23T16:10:03.701+0900] {taskinstance.py:3134} INFO - Exporting env vars: AIRFLOW_CTX_DAG_OWNER='***' AIRFLOW_CTX_DAG_ID='lilt_document_classifier_balanced_V0.1' AIRFLOW_CTX_TASK_ID='img_preprocess_task' AIRFLOW_CTX_EXECUTION_DATE='2025-06-23T06:45:10.371530+00:00' AIRFLOW_CTX_TRY_NUMBER='1' AIRFLOW_CTX_DAG_RUN_ID='manual__2025-06-23T06:45:10.371530+00:00'
[2025-06-23T16:10:03.723+0900] {taskinstance.py:732} INFO - ::endgroup::
[2025-06-23T16:10:03.730+0900] {logging_mixin.py:190} INFO - empty map check {} {'process_id': '_570b2d7d-2c3c-496b-b596-164c961e733e_pre', 'folder_path': '4a608e2d-028d-409d-91c0-d0a8bb83055d/570b2d7d-2c3c-496b-b596-164c961e733e', 'step_list': [{'name': 'cache', 'param': {'key': 'origin'}}, {'name': 'calc_angle_set2', 'param': {'key': 'angle1', 'iterations': 4, 'iter_save': False}}, {'name': 'text_orientation_set', 'param': {'key': 'angle2', 'iterations': 4, 'iter_save': False}}, {'name': 'load', 'param': {'key': 'origin'}}, {'name': 'rotate', 'param': {'key': 'angle1'}}, {'name': 'rotate', 'param': {'key': 'angle2'}}], 'result_file_map': {}}
[2025-06-23T16:10:03.732+0900] {logging_mixin.py:190} INFO - step : cache
[2025-06-23T16:10:03.734+0900] {logging_mixin.py:190} INFO - step : calc_angle_set2
[2025-06-23T16:10:30.884+0900] {logging_mixin.py:190} INFO - osd 1 5.0 5.0 40 1419548 [1155315, 1112103, 1065247, 1017796, 966692, 911766, 857755, 804442, 754555, 700367, 652232, 603925, 554848, 508620, 467632, 422442, 378337, 334530, 290251, 247126, 207947, 251325, 299340, 348790, 400783, 455301, 511736, 567479, 628622, 691600, 752780, 814348, 882324, 946256, 1012237, 1078802, 1147142, 1215215, 1284265, 1353651, 1419548]
[2025-06-23T16:11:08.380+0900] {logging_mixin.py:190} INFO - osd 2 0.0 -5.0 0 3047026 [3047026, 2960581, 2878671, 2789790, 2697154, 2609260, 2523345, 2431877, 2345595, 2249887, 2167232, 2079222, 1993463, 1911552, 1823451, 1743721, 1659364, 1581059, 1508961, 1428715, 1353952, 1430877, 1513772, 1588000, 1667240, 1752293, 1832788, 1918310, 1996355, 2079156, 2163688, 2244063, 2336241, 2420167, 2509380, 2595721, 2683205, 2776695, 2866279, 2950417, 3041833]
[2025-06-23T16:11:59.731+0900] {logging_mixin.py:190} INFO - osd 3 5.0 5.0 40 5112286 [4810942, 4725267, 4645849, 4561273, 4477489, 4383158, 4295993, 4198698, 4105005, 4012772, 3920125, 3826407, 3729843, 3636330, 3539159, 3445543, 3347639, 3250540, 3152940, 3056991, 2962707, 3065055, 3170363, 3276316, 3383297, 3489842, 3591634, 3700269, 3803648, 3911880, 4016132, 4119904, 4224874, 4330916, 4443161, 4547981, 4661185, 4768198, 4883738, 4994268, 5112286]
[2025-06-23T16:13:05.536+0900] {logging_mixin.py:190} INFO - osd 4 10.0 5.0 40 7733835 [7617715, 7486444, 7353737, 7220394, 7088887, 6956906, 6818659, 6681964, 6551177, 6414560, 6284929, 6144059, 6016598, 5875832, 5742407, 5611780, 5478451, 5341670, 5205908, 5070777, 4948584, 5066673, 5200616, 5334076, 5470331, 5603059, 5736080, 5870422, 6012547, 6144096, 6288474, 6424476, 6567765, 6707064, 6854005, 7003697, 7146718, 7292167, 7437559, 7585352, 7733835]
[2025-06-23T16:13:06.266+0900] {logging_mixin.py:190} INFO - step : text_orientation_set
[2025-06-23T16:13:32.929+0900] {logging_mixin.py:190} INFO - osd 1 break  0 0 1.72 Japanese 0.28
[2025-06-23T16:13:32.933+0900] {logging_mixin.py:190} INFO - step : load
[2025-06-23T16:13:32.945+0900] {logging_mixin.py:190} INFO - step : rotate
[2025-06-23T16:13:33.486+0900] {logging_mixin.py:190} INFO - step : rotate
[2025-06-23T16:13:34.156+0900] {logging_mixin.py:190} INFO - file_copy: /opt/***/data/temp/4a608e2d-028d-409d-91c0-d0a8bb83055d/570b2d7d-2c3c-496b-b596-164c961e733e/_result.png
[2025-06-23T16:13:34.202+0900] {python.py:240} INFO - Done. Returned value was: {'file_id': '4a608e2d-028d-409d-91c0-d0a8bb83055d', 'file_path': '/opt/***/data/class/a_class/classify/ready/true/필동 평강빌딩 - 정부24 - 건축물대장 등본(초본) 발급(열람) _ 문서출력_page_1_aug1.png', 'true': {'process_id': '_570b2d7d-2c3c-496b-b596-164c961e733e_pre', 'folder_path': '4a608e2d-028d-409d-91c0-d0a8bb83055d/570b2d7d-2c3c-496b-b596-164c961e733e', 'step_list': [{'name': 'cache', 'param': {'key': 'origin'}}, {'name': 'calc_angle_set2', 'param': {'key': 'angle1', 'iterations': 4, 'iter_save': False}}, {'name': 'text_orientation_set', 'param': {'key': 'angle2', 'iterations': 4, 'iter_save': False}}, {'name': 'load', 'param': {'key': 'origin'}}, {'name': 'rotate', 'param': {'key': 'angle1'}}, {'name': 'rotate', 'param': {'key': 'angle2'}}], 'result_file_map': {'_result': '/opt/***/data/temp/4a608e2d-028d-409d-91c0-d0a8bb83055d/570b2d7d-2c3c-496b-b596-164c961e733e/_result.png'}}}
[2025-06-23T16:13:34.259+0900] {taskinstance.py:341} INFO - ::group::Post task execution logs
[2025-06-23T16:13:34.265+0900] {taskinstance.py:353} INFO - Marking task as SUCCESS. dag_id=lilt_document_classifier_balanced_V0.1, task_id=img_preprocess_task, run_id=manual__2025-06-23T06:45:10.371530+00:00, map_index=62, execution_date=20250623T064510, start_date=20250623T071002, end_date=20250623T071334
[2025-06-23T16:13:34.473+0900] {local_task_job_runner.py:266} INFO - Task exited with return code 0
[2025-06-23T16:13:34.592+0900] {taskinstance.py:3901} INFO - 0 downstream tasks scheduled from follow-on schedule check
[2025-06-23T16:13:34.619+0900] {local_task_job_runner.py:245} INFO - ::endgroup::
