[2025-06-19T18:35:40.094+0900] {local_task_job_runner.py:123} INFO - ::group::Pre task execution logs
[2025-06-19T18:35:40.163+0900] {taskinstance.py:2614} INFO - Dependencies all met for dep_context=non-requeueable deps ti=<TaskInstance: lilt_document_classifier_balanced_V0.1.img_preprocess_task manual__2025-06-19T09:32:07.760195+00:00 map_index=67 [queued]>
[2025-06-19T18:35:40.359+0900] {taskinstance.py:2614} INFO - Dependencies all met for dep_context=requeueable deps ti=<TaskInstance: lilt_document_classifier_balanced_V0.1.img_preprocess_task manual__2025-06-19T09:32:07.760195+00:00 map_index=67 [queued]>
[2025-06-19T18:35:40.382+0900] {taskinstance.py:2867} INFO - Starting attempt 1 of 1
[2025-06-19T18:35:40.458+0900] {taskinstance.py:2890} INFO - Executing <Mapped(_PythonDecoratedOperator): img_preprocess_task> on 2025-06-19 09:32:07.760195+00:00
[2025-06-19T18:35:40.517+0900] {warnings.py:112} WARNING - /home/***/.local/lib/python3.12/site-packages/***/task/task_runner/standard_task_runner.py:70: DeprecationWarning: This process (pid=12202) is multi-threaded, use of fork() may lead to deadlocks in the child.
  pid = os.fork()

[2025-06-19T18:35:40.534+0900] {standard_task_runner.py:72} INFO - Started process 12276 to run task
[2025-06-19T18:35:40.539+0900] {standard_task_runner.py:104} INFO - Running: ['***', 'tasks', 'run', 'lilt_document_classifier_balanced_V0.1', 'img_preprocess_task', 'manual__2025-06-19T09:32:07.760195+00:00', '--job-id', '1829', '--raw', '--subdir', 'DAGS_FOLDER/class_create_dag.py', '--cfg-path', '/tmp/tmpcb0iuph0', '--map-index', '67']
[2025-06-19T18:35:40.583+0900] {standard_task_runner.py:105} INFO - Job 1829: Subtask img_preprocess_task
[2025-06-19T18:35:40.697+0900] {task_command.py:467} INFO - Running <TaskInstance: lilt_document_classifier_balanced_V0.1.img_preprocess_task manual__2025-06-19T09:32:07.760195+00:00 map_index=67 [running]> on host f6d4228a9eb8
[2025-06-19T18:35:40.883+0900] {taskinstance.py:3134} INFO - Exporting env vars: AIRFLOW_CTX_DAG_OWNER='***' AIRFLOW_CTX_DAG_ID='lilt_document_classifier_balanced_V0.1' AIRFLOW_CTX_TASK_ID='img_preprocess_task' AIRFLOW_CTX_EXECUTION_DATE='2025-06-19T09:32:07.760195+00:00' AIRFLOW_CTX_TRY_NUMBER='1' AIRFLOW_CTX_DAG_RUN_ID='manual__2025-06-19T09:32:07.760195+00:00'
[2025-06-19T18:35:40.887+0900] {taskinstance.py:732} INFO - ::endgroup::
[2025-06-19T18:35:40.891+0900] {logging_mixin.py:190} INFO - empty map check {} {'process_id': '_27cfc18e-0f3c-45a3-9326-72353730dcc7_pre', 'folder_path': '20aa1cc2-00b3-4a5b-85d5-598ae61779bd/27cfc18e-0f3c-45a3-9326-72353730dcc7', 'step_list': [{'name': 'cache', 'param': {'key': 'origin'}}, {'name': 'calc_angle_set1', 'param': {'key': 'angle1', 'iterations': 4, 'iter_save': False}}, {'name': 'text_orientation_set', 'param': {'key': 'angle2', 'iterations': 4, 'iter_save': False}}, {'name': 'load', 'param': {'key': 'origin'}}, {'name': 'rotate', 'param': {'key': 'angle1'}}, {'name': 'rotate', 'param': {'key': 'angle2'}}], 'result_file_map': {}}
[2025-06-19T18:35:40.898+0900] {logging_mixin.py:190} INFO - step : cache
[2025-06-19T18:35:40.901+0900] {logging_mixin.py:190} INFO - step : calc_angle_set1
[2025-06-19T18:35:41.568+0900] {logging_mixin.py:190} INFO - step : text_orientation_set
[2025-06-19T18:35:56.983+0900] {logging_mixin.py:190} INFO - osd 1 break  0 0 6.32 Korean 0.99
[2025-06-19T18:35:56.987+0900] {logging_mixin.py:190} INFO - step : load
[2025-06-19T18:35:56.988+0900] {logging_mixin.py:190} INFO - step : rotate
[2025-06-19T18:35:57.187+0900] {logging_mixin.py:190} INFO - step : rotate
[2025-06-19T18:35:57.417+0900] {logging_mixin.py:190} INFO - file_copy: /opt/***/data/temp/20aa1cc2-00b3-4a5b-85d5-598ae61779bd/27cfc18e-0f3c-45a3-9326-72353730dcc7/_result.png
[2025-06-19T18:35:57.453+0900] {python.py:240} INFO - Done. Returned value was: {'file_id': '20aa1cc2-00b3-4a5b-85d5-598ae61779bd', 'file_path': '/opt/***/data/class/a_class/classify/ready/true/필동 평강빌딩 - 정부24 - 건축물대장 등본(초본) 발급(열람) _ 문서출력_page_1_aug2.png', 'true': {'process_id': '_27cfc18e-0f3c-45a3-9326-72353730dcc7_pre', 'folder_path': '20aa1cc2-00b3-4a5b-85d5-598ae61779bd/27cfc18e-0f3c-45a3-9326-72353730dcc7', 'step_list': [{'name': 'cache', 'param': {'key': 'origin'}}, {'name': 'calc_angle_set1', 'param': {'key': 'angle1', 'iterations': 4, 'iter_save': False}}, {'name': 'text_orientation_set', 'param': {'key': 'angle2', 'iterations': 4, 'iter_save': False}}, {'name': 'load', 'param': {'key': 'origin'}}, {'name': 'rotate', 'param': {'key': 'angle1'}}, {'name': 'rotate', 'param': {'key': 'angle2'}}], 'result_file_map': {'_result': '/opt/***/data/temp/20aa1cc2-00b3-4a5b-85d5-598ae61779bd/27cfc18e-0f3c-45a3-9326-72353730dcc7/_result.png'}}}
[2025-06-19T18:35:57.557+0900] {taskinstance.py:341} INFO - ::group::Post task execution logs
[2025-06-19T18:35:57.561+0900] {taskinstance.py:353} INFO - Marking task as SUCCESS. dag_id=lilt_document_classifier_balanced_V0.1, task_id=img_preprocess_task, run_id=manual__2025-06-19T09:32:07.760195+00:00, map_index=67, execution_date=20250619T093207, start_date=20250619T093540, end_date=20250619T093557
[2025-06-19T18:35:57.727+0900] {local_task_job_runner.py:266} INFO - Task exited with return code 0
[2025-06-19T18:35:57.769+0900] {taskinstance.py:3901} INFO - 0 downstream tasks scheduled from follow-on schedule check
[2025-06-19T18:35:57.774+0900] {local_task_job_runner.py:245} INFO - ::endgroup::
