[2025-06-25T09:23:08.304+0900] {local_task_job_runner.py:123} INFO - ::group::Pre task execution logs
[2025-06-25T09:23:08.341+0900] {taskinstance.py:2614} INFO - Dependencies all met for dep_context=non-requeueable deps ti=<TaskInstance: lilt_document_classifier_balanced_V0.1.img_preprocess_task__1 manual__2025-06-25T00:18:31.692203+00:00 map_index=34 [queued]>
[2025-06-25T09:23:08.358+0900] {taskinstance.py:2614} INFO - Dependencies all met for dep_context=requeueable deps ti=<TaskInstance: lilt_document_classifier_balanced_V0.1.img_preprocess_task__1 manual__2025-06-25T00:18:31.692203+00:00 map_index=34 [queued]>
[2025-06-25T09:23:08.360+0900] {taskinstance.py:2867} INFO - Starting attempt 1 of 1
[2025-06-25T09:23:08.400+0900] {taskinstance.py:2890} INFO - Executing <Mapped(_PythonDecoratedOperator): img_preprocess_task__1> on 2025-06-25 00:18:31.692203+00:00
[2025-06-25T09:23:08.455+0900] {standard_task_runner.py:104} INFO - Running: ['***', 'tasks', 'run', 'lilt_document_classifier_balanced_V0.1', 'img_preprocess_task__1', 'manual__2025-06-25T00:18:31.692203+00:00', '--job-id', '5040', '--raw', '--subdir', 'DAGS_FOLDER/class_create_dag.py', '--cfg-path', '/tmp/tmp0j3z9i18', '--map-index', '34']
[2025-06-25T09:23:08.461+0900] {standard_task_runner.py:105} INFO - Job 5040: Subtask img_preprocess_task__1
[2025-06-25T09:23:08.483+0900] {warnings.py:112} WARNING - /home/***/.local/lib/python3.12/site-packages/***/task/task_runner/standard_task_runner.py:70: DeprecationWarning: This process (pid=76771) is multi-threaded, use of fork() may lead to deadlocks in the child.
  pid = os.fork()

[2025-06-25T09:23:08.497+0900] {standard_task_runner.py:72} INFO - Started process 76791 to run task
[2025-06-25T09:23:08.594+0900] {task_command.py:467} INFO - Running <TaskInstance: lilt_document_classifier_balanced_V0.1.img_preprocess_task__1 manual__2025-06-25T00:18:31.692203+00:00 map_index=34 [running]> on host f6d4228a9eb8
[2025-06-25T09:23:09.044+0900] {taskinstance.py:3134} INFO - Exporting env vars: AIRFLOW_CTX_DAG_OWNER='***' AIRFLOW_CTX_DAG_ID='lilt_document_classifier_balanced_V0.1' AIRFLOW_CTX_TASK_ID='img_preprocess_task__1' AIRFLOW_CTX_EXECUTION_DATE='2025-06-25T00:18:31.692203+00:00' AIRFLOW_CTX_TRY_NUMBER='1' AIRFLOW_CTX_DAG_RUN_ID='manual__2025-06-25T00:18:31.692203+00:00'
[2025-06-25T09:23:09.071+0900] {taskinstance.py:732} INFO - ::endgroup::
[2025-06-25T09:23:09.085+0900] {logging_mixin.py:190} INFO - empty map check {} {'process_id': '_fbff5c15-18bc-4a32-b697-9d2f321a668c_pre', 'folder_path': '4f08169c-0b58-495e-956f-54fbf565f6e6/fbff5c15-18bc-4a32-b697-9d2f321a668c', 'step_list': [{'name': 'cache', 'param': {'cache_key': 'origin'}}, {'name': 'calc_angle_set2', 'param': {'angle_key': 'angle2_1', 'delta': 8.0, 'limit': 40, 'iterations': 2, 'iter_save': False}}, {'name': 'calc_angle_set2', 'param': {'angle_key': 'angle2_2', 'delta': 1.0, 'limit': 8, 'iterations': 2, 'iter_save': False}}, {'name': 'calc_angle_set2', 'param': {'angle_key': 'angle2_3', 'delta': 0.125, 'limit': 1, 'iterations': 2, 'iter_save': False}}, {'name': 'text_orientation_set', 'param': {'angle_key': 'orint', 'iterations': 3, 'iter_save': False}}, {'name': 'load', 'param': {'cache_key': 'origin'}}, {'name': 'rotate', 'param': {'angle_key': 'angle2_1'}}, {'name': 'rotate', 'param': {'angle_key': 'angle2_2'}}, {'name': 'rotate', 'param': {'angle_key': 'angle2_3'}}, {'name': 'rotate', 'param': {'angle_key': 'orint'}}], 'result_file_map': {}}
[2025-06-25T09:23:09.096+0900] {logging_mixin.py:190} INFO - step : cache
[2025-06-25T09:23:09.132+0900] {logging_mixin.py:190} INFO - step : calc_angle_set2
[2025-06-25T09:23:11.421+0900] {logging_mixin.py:190} INFO - osd 1 -40.0 -40.0 0 2539480 [2539480, 2295281, 1856274, 1269259, 676842, 199530, 678329, 1267087, 1851549, 2291345, 2537738]
[2025-06-25T09:23:16.621+0900] {logging_mixin.py:190} INFO - osd 2 0.0 40.0 10 8439833 [8271745, 7623688, 6572714, 5201831, 3650818, 2054753, 3678182, 5256269, 6666228, 7752210, 8439833]
[2025-06-25T09:23:16.741+0900] {logging_mixin.py:190} INFO - step : calc_angle_set2
[2025-06-25T09:23:25.387+0900] {logging_mixin.py:190} INFO - osd 1 8.0 8.0 16 11193408 [11182941, 10776805, 10378699, 9976846, 9567864, 9160059, 8752228, 8343714, 7937666, 8362665, 8768933, 9173772, 9580106, 9989461, 10389997, 10788666, 11193408]
[2025-06-25T09:23:35.267+0900] {logging_mixin.py:190} INFO - osd 2 0.0 -8.0 0 15549572 [15549572, 15002835, 14423568, 13855453, 13277737, 12691554, 12115910, 11532944, 10954340, 11480580, 12015742, 12539373, 13074553, 13599470, 14117128, 14643944, 15159512]
[2025-06-25T09:23:35.425+0900] {logging_mixin.py:190} INFO - step : calc_angle_set2
[2025-06-25T09:23:49.527+0900] {logging_mixin.py:190} INFO - osd 1 1.0 1.0 16 16000792 [15978503, 15901196, 15812822, 15724604, 15638514, 15552354, 15465021, 15379860, 15307488, 15384168, 15477969, 15570374, 15658669, 15747750, 15835757, 15921342, 16000792]
[2025-06-25T09:24:06.426+0900] {logging_mixin.py:190} INFO - osd 2 0.0 -1.0 0 16690020 [16690020, 16599953, 16509921, 16417881, 16325287, 16229636, 16134795, 16037526, 15955756, 16029510, 16117191, 16207038, 16292209, 16382816, 16469441, 16558410, 16646011]
[2025-06-25T09:24:06.587+0900] {logging_mixin.py:190} INFO - step : text_orientation_set
[2025-06-25T09:24:20.406+0900] {logging_mixin.py:190} INFO - Tesseract OSD Error: (1, 'Estimating resolution as 158 Warning. Invalid resolution 0 dpi. Using 70 instead. Too few characters. Skipping this page Error during processing.')
[2025-06-25T09:24:20.409+0900] {logging_mixin.py:190} INFO - step : load
[2025-06-25T09:24:20.411+0900] {logging_mixin.py:190} INFO - step : rotate
[2025-06-25T09:24:20.480+0900] {logging_mixin.py:190} INFO - step : rotate
[2025-06-25T09:24:20.488+0900] {logging_mixin.py:190} INFO - step : rotate
[2025-06-25T09:24:20.491+0900] {logging_mixin.py:190} INFO - step : rotate
[2025-06-25T09:24:20.826+0900] {logging_mixin.py:190} INFO - file_copy: /opt/***/data/temp/4f08169c-0b58-495e-956f-54fbf565f6e6/fbff5c15-18bc-4a32-b697-9d2f321a668c/_result.png
[2025-06-25T09:24:20.861+0900] {python.py:240} INFO - Done. Returned value was: {'file_id': '4f08169c-0b58-495e-956f-54fbf565f6e6', 'file_path': '/opt/***/data/class/a_class/classify/ready/false/copied_15_501948248.png', 'false': {'process_id': '_fbff5c15-18bc-4a32-b697-9d2f321a668c_pre', 'folder_path': '4f08169c-0b58-495e-956f-54fbf565f6e6/fbff5c15-18bc-4a32-b697-9d2f321a668c', 'step_list': [{'name': 'cache', 'param': {'cache_key': 'origin'}}, {'name': 'calc_angle_set2', 'param': {'angle_key': 'angle2_1', 'delta': 8.0, 'limit': 40, 'iterations': 2, 'iter_save': False}}, {'name': 'calc_angle_set2', 'param': {'angle_key': 'angle2_2', 'delta': 1.0, 'limit': 8, 'iterations': 2, 'iter_save': False}}, {'name': 'calc_angle_set2', 'param': {'angle_key': 'angle2_3', 'delta': 0.125, 'limit': 1, 'iterations': 2, 'iter_save': False}}, {'name': 'text_orientation_set', 'param': {'angle_key': 'orint', 'iterations': 3, 'iter_save': False}}, {'name': 'load', 'param': {'cache_key': 'origin'}}, {'name': 'rotate', 'param': {'angle_key': 'angle2_1'}}, {'name': 'rotate', 'param': {'angle_key': 'angle2_2'}}, {'name': 'rotate', 'param': {'angle_key': 'angle2_3'}}, {'name': 'rotate', 'param': {'angle_key': 'orint'}}], 'result_file_map': {'_result': '/opt/***/data/temp/4f08169c-0b58-495e-956f-54fbf565f6e6/fbff5c15-18bc-4a32-b697-9d2f321a668c/_result.png'}}}
[2025-06-25T09:24:20.914+0900] {taskinstance.py:341} INFO - ::group::Post task execution logs
[2025-06-25T09:24:20.915+0900] {taskinstance.py:353} INFO - Marking task as SUCCESS. dag_id=lilt_document_classifier_balanced_V0.1, task_id=img_preprocess_task__1, run_id=manual__2025-06-25T00:18:31.692203+00:00, map_index=34, execution_date=20250625T001831, start_date=20250625T002308, end_date=20250625T002420
[2025-06-25T09:24:21.068+0900] {local_task_job_runner.py:266} INFO - Task exited with return code 0
[2025-06-25T09:24:21.145+0900] {taskinstance.py:3901} INFO - 0 downstream tasks scheduled from follow-on schedule check
[2025-06-25T09:24:21.152+0900] {local_task_job_runner.py:245} INFO - ::endgroup::
