[2025-06-24T11:48:02.081+0900] {local_task_job_runner.py:123} INFO - ::group::Pre task execution logs
[2025-06-24T11:48:02.198+0900] {taskinstance.py:2614} INFO - Dependencies all met for dep_context=non-requeueable deps ti=<TaskInstance: lilt_document_classifier_balanced_V0.1.img_preprocess_task manual__2025-06-24T02:31:44.485922+00:00 map_index=60 [queued]>
[2025-06-24T11:48:02.429+0900] {taskinstance.py:2614} INFO - Dependencies all met for dep_context=requeueable deps ti=<TaskInstance: lilt_document_classifier_balanced_V0.1.img_preprocess_task manual__2025-06-24T02:31:44.485922+00:00 map_index=60 [queued]>
[2025-06-24T11:48:02.450+0900] {taskinstance.py:2867} INFO - Starting attempt 1 of 1
[2025-06-24T11:48:02.527+0900] {taskinstance.py:2890} INFO - Executing <Mapped(_PythonDecoratedOperator): img_preprocess_task> on 2025-06-24 02:31:44.485922+00:00
[2025-06-24T11:48:02.577+0900] {warnings.py:112} WARNING - /home/***/.local/lib/python3.12/site-packages/***/task/task_runner/standard_task_runner.py:70: DeprecationWarning: This process (pid=35932) is multi-threaded, use of fork() may lead to deadlocks in the child.
  pid = os.fork()

[2025-06-24T11:48:02.599+0900] {standard_task_runner.py:72} INFO - Started process 35941 to run task
[2025-06-24T11:48:02.602+0900] {standard_task_runner.py:104} INFO - Running: ['***', 'tasks', 'run', 'lilt_document_classifier_balanced_V0.1', 'img_preprocess_task', 'manual__2025-06-24T02:31:44.485922+00:00', '--job-id', '3858', '--raw', '--subdir', 'DAGS_FOLDER/class_create_dag.py', '--cfg-path', '/tmp/tmpdgrmuyjn', '--map-index', '60']
[2025-06-24T11:48:02.619+0900] {standard_task_runner.py:105} INFO - Job 3858: Subtask img_preprocess_task
[2025-06-24T11:48:02.712+0900] {task_command.py:467} INFO - Running <TaskInstance: lilt_document_classifier_balanced_V0.1.img_preprocess_task manual__2025-06-24T02:31:44.485922+00:00 map_index=60 [running]> on host f6d4228a9eb8
[2025-06-24T11:48:02.979+0900] {taskinstance.py:3134} INFO - Exporting env vars: AIRFLOW_CTX_DAG_OWNER='***' AIRFLOW_CTX_DAG_ID='lilt_document_classifier_balanced_V0.1' AIRFLOW_CTX_TASK_ID='img_preprocess_task' AIRFLOW_CTX_EXECUTION_DATE='2025-06-24T02:31:44.485922+00:00' AIRFLOW_CTX_TRY_NUMBER='1' AIRFLOW_CTX_DAG_RUN_ID='manual__2025-06-24T02:31:44.485922+00:00'
[2025-06-24T11:48:02.985+0900] {taskinstance.py:732} INFO - ::endgroup::
[2025-06-24T11:48:02.992+0900] {logging_mixin.py:190} INFO - empty map check {} {'process_id': '_da2e4fd1-c716-4768-8288-aeb6d11740e4_pre', 'folder_path': '3c914995-0dca-460e-b89c-064d48cdb8fe/da2e4fd1-c716-4768-8288-aeb6d11740e4', 'step_list': [{'name': 'cache', 'param': {'key': 'origin'}}, {'name': 'calc_angle_set2', 'param': {'key': 'angle1', 'iterations': 4, 'iter_save': True}}, {'name': 'save', 'param': {'key': 'ag1'}}, {'name': 'text_orientation_set', 'param': {'key': 'angle2', 'iterations': 4, 'iter_save': True}}, {'name': 'save', 'param': {'key': 'ag2'}}, {'name': 'load', 'param': {'key': 'origin'}}, {'name': 'rotate', 'param': {'key': 'angle1'}}, {'name': 'rotate', 'param': {'key': 'angle2'}}], 'result_file_map': {}}
[2025-06-24T11:48:02.996+0900] {logging_mixin.py:190} INFO - step : cache
[2025-06-24T11:48:02.999+0900] {logging_mixin.py:190} INFO - step : calc_angle_set2
[2025-06-24T11:48:35.250+0900] {logging_mixin.py:190} INFO - osd 1 5.0 5.0 40 963904 [963132, 921832, 879466, 835071, 792761, 749825, 708043, 665952, 626072, 582625, 544078, 506134, 468225, 432501, 402624, 373091, 343096, 313936, 285140, 256088, 229128, 256071, 284684, 313875, 343034, 372473, 402306, 432542, 468003, 505806, 544191, 582567, 624934, 665919, 707675, 749951, 792387, 835640, 879605, 922932, 963904]
[2025-06-24T11:49:16.632+0900] {logging_mixin.py:190} INFO - osd 2 0.0 -5.0 0 2322836 [2322836, 2253845, 2186458, 2115167, 2041303, 1970058, 1898217, 1822511, 1751953, 1672598, 1602350, 1527439, 1453724, 1383912, 1309916, 1242401, 1172896, 1108523, 1048263, 983203, 922862, 972133, 1025024, 1072155, 1122997, 1177332, 1228267, 1283467, 1332173, 1385209, 1437535, 1486859, 1544703, 1594572, 1649034, 1699690, 1752157, 1808055, 1862180, 1912672, 1968221]
[2025-06-24T11:50:07.856+0900] {logging_mixin.py:190} INFO - osd 3 5.0 5.0 40 3656328 [3627593, 3555083, 3488134, 3419644, 3355834, 3288013, 3225753, 3154260, 3087694, 3020763, 2955058, 2888936, 2818792, 2752913, 2684635, 2619017, 2550069, 2481515, 2413921, 2345751, 2280080, 2348179, 2418572, 2490161, 2560238, 2632307, 2698494, 2768751, 2836459, 2907130, 2975870, 3041612, 3110297, 3178546, 3250530, 3315275, 3384273, 3448994, 3518443, 3584737, 3656328]
[2025-06-24T11:51:08.380+0900] {logging_mixin.py:190} INFO - osd 4 0.0 -5.0 0 5676171 [5676171, 5575148, 5473288, 5371592, 5270998, 5169364, 5062478, 4956833, 4855250, 4748252, 4647103, 4536103, 4434042, 4324319, 4218485, 4113728, 4008701, 3900083, 3792163, 3684830, 3586611, 3659864, 3742175, 3825777, 3910896, 3994000, 4076497, 4160267, 4251419, 4332280, 4423575, 4507317, 4597525, 4682164, 4775153, 4869830, 4959151, 5050095, 5142602, 5235397, 5329989]
[2025-06-24T11:51:08.724+0900] {logging_mixin.py:190} INFO - step : save
[2025-06-24T11:51:09.635+0900] {logging_mixin.py:190} INFO - file_copy: /opt/***/data/temp/3c914995-0dca-460e-b89c-064d48cdb8fe/da2e4fd1-c716-4768-8288-aeb6d11740e4/ag1.png
[2025-06-24T11:51:09.703+0900] {logging_mixin.py:190} INFO - step : text_orientation_set
[2025-06-24T11:51:21.824+0900] {logging_mixin.py:190} INFO - file_copy: /opt/***/data/temp/3c914995-0dca-460e-b89c-064d48cdb8fe/da2e4fd1-c716-4768-8288-aeb6d11740e4/rotate2_1.png
[2025-06-24T11:51:32.230+0900] {logging_mixin.py:190} INFO - osd 1 break  0 0 10.15 Japanese 0.4
[2025-06-24T11:51:32.239+0900] {logging_mixin.py:190} INFO - step : save
[2025-06-24T11:51:34.359+0900] {logging_mixin.py:190} INFO - file_copy: /opt/***/data/temp/3c914995-0dca-460e-b89c-064d48cdb8fe/da2e4fd1-c716-4768-8288-aeb6d11740e4/ag2.png
[2025-06-24T11:51:34.383+0900] {logging_mixin.py:190} INFO - step : load
[2025-06-24T11:51:34.384+0900] {logging_mixin.py:190} INFO - step : rotate
[2025-06-24T11:51:34.493+0900] {logging_mixin.py:190} INFO - step : rotate
[2025-06-24T11:51:34.721+0900] {logging_mixin.py:190} INFO - file_copy: /opt/***/data/temp/3c914995-0dca-460e-b89c-064d48cdb8fe/da2e4fd1-c716-4768-8288-aeb6d11740e4/_result.png
[2025-06-24T11:51:34.735+0900] {python.py:240} INFO - Done. Returned value was: {'file_id': '3c914995-0dca-460e-b89c-064d48cdb8fe', 'file_path': '/opt/***/data/class/a_class/classify/ready/true/케이티엔지타워 - 정부24 - 건축물대장 등본(초본) 발급(열람) _ 문서출력_page_1_aug0.png', 'true': {'process_id': '_da2e4fd1-c716-4768-8288-aeb6d11740e4_pre', 'folder_path': '3c914995-0dca-460e-b89c-064d48cdb8fe/da2e4fd1-c716-4768-8288-aeb6d11740e4', 'step_list': [{'name': 'cache', 'param': {'key': 'origin'}}, {'name': 'calc_angle_set2', 'param': {'key': 'angle1', 'iterations': 4, 'iter_save': True}}, {'name': 'save', 'param': {'key': 'ag1'}}, {'name': 'text_orientation_set', 'param': {'key': 'angle2', 'iterations': 4, 'iter_save': True}}, {'name': 'save', 'param': {'key': 'ag2'}}, {'name': 'load', 'param': {'key': 'origin'}}, {'name': 'rotate', 'param': {'key': 'angle1'}}, {'name': 'rotate', 'param': {'key': 'angle2'}}], 'result_file_map': {'ag1': '/opt/***/data/temp/3c914995-0dca-460e-b89c-064d48cdb8fe/da2e4fd1-c716-4768-8288-aeb6d11740e4/ag1.png', 'rotate2_1': '/opt/***/data/temp/3c914995-0dca-460e-b89c-064d48cdb8fe/da2e4fd1-c716-4768-8288-aeb6d11740e4/rotate2_1.png', 'ag2': '/opt/***/data/temp/3c914995-0dca-460e-b89c-064d48cdb8fe/da2e4fd1-c716-4768-8288-aeb6d11740e4/ag2.png', '_result': '/opt/***/data/temp/3c914995-0dca-460e-b89c-064d48cdb8fe/da2e4fd1-c716-4768-8288-aeb6d11740e4/_result.png'}}}
[2025-06-24T11:51:34.807+0900] {taskinstance.py:341} INFO - ::group::Post task execution logs
[2025-06-24T11:51:34.811+0900] {taskinstance.py:353} INFO - Marking task as SUCCESS. dag_id=lilt_document_classifier_balanced_V0.1, task_id=img_preprocess_task, run_id=manual__2025-06-24T02:31:44.485922+00:00, map_index=60, execution_date=20250624T023144, start_date=20250624T024802, end_date=20250624T025134
[2025-06-24T11:51:34.900+0900] {local_task_job_runner.py:266} INFO - Task exited with return code 0
[2025-06-24T11:51:35.157+0900] {taskinstance.py:3901} INFO - 0 downstream tasks scheduled from follow-on schedule check
[2025-06-24T11:51:35.171+0900] {local_task_job_runner.py:245} INFO - ::endgroup::
