[2025-05-28T08:12:43.107+0000] {local_task_job_runner.py:123} INFO - ::group::Pre task execution logs
[2025-05-28T08:12:43.322+0000] {taskinstance.py:2614} INFO - Dependencies all met for dep_context=non-requeueable deps ti=<TaskInstance: image_processing_per_file_v2.preprocess_group.file_copy_task manual__2025-05-28T08:12:22.626749+00:00 map_index=4 [queued]>
[2025-05-28T08:12:43.434+0000] {taskinstance.py:2614} INFO - Dependencies all met for dep_context=requeueable deps ti=<TaskInstance: image_processing_per_file_v2.preprocess_group.file_copy_task manual__2025-05-28T08:12:22.626749+00:00 map_index=4 [queued]>
[2025-05-28T08:12:43.440+0000] {taskinstance.py:2867} INFO - Starting attempt 1 of 1
[2025-05-28T08:12:43.574+0000] {taskinstance.py:2890} INFO - Executing <Task(_PythonDecoratedOperator): preprocess_group.file_copy_task> on 2025-05-28 08:12:22.626749+00:00
[2025-05-28T08:12:43.604+0000] {logging_mixin.py:190} WARNING - /home/***/.local/lib/python3.12/site-packages/***/task/task_runner/standard_task_runner.py:70 DeprecationWarning: This process (pid=71554) is multi-threaded, use of fork() may lead to deadlocks in the child.
[2025-05-28T08:12:43.621+0000] {standard_task_runner.py:72} INFO - Started process 71614 to run task
[2025-05-28T08:12:43.630+0000] {standard_task_runner.py:104} INFO - Running: ['***', 'tasks', 'run', 'image_processing_per_file_v2', 'preprocess_group.file_copy_task', 'manual__2025-05-28T08:12:22.626749+00:00', '--job-id', '186', '--raw', '--subdir', 'DAGS_FOLDER/test_dag.py', '--cfg-path', '/tmp/tmp170dpm9t', '--map-index', '4']
[2025-05-28T08:12:43.684+0000] {standard_task_runner.py:105} INFO - Job 186: Subtask preprocess_group.file_copy_task
[2025-05-28T08:12:44.003+0000] {task_command.py:467} INFO - Running <TaskInstance: image_processing_per_file_v2.preprocess_group.file_copy_task manual__2025-05-28T08:12:22.626749+00:00 map_index=4 [running]> on host 293edbf976f9
[2025-05-28T08:12:44.451+0000] {taskinstance.py:3134} INFO - Exporting env vars: AIRFLOW_CTX_DAG_OWNER='***' AIRFLOW_CTX_DAG_ID='image_processing_per_file_v2' AIRFLOW_CTX_TASK_ID='preprocess_group.file_copy_task' AIRFLOW_CTX_EXECUTION_DATE='2025-05-28T08:12:22.626749+00:00' AIRFLOW_CTX_TRY_NUMBER='1' AIRFLOW_CTX_DAG_RUN_ID='manual__2025-05-28T08:12:22.626749+00:00'
[2025-05-28T08:12:44.454+0000] {logging_mixin.py:190} INFO - Task instance is in running state
[2025-05-28T08:12:44.484+0000] {logging_mixin.py:190} INFO -  Previous state of the Task instance: queued
[2025-05-28T08:12:44.485+0000] {logging_mixin.py:190} INFO - Current task name:preprocess_group.file_copy_task state:running start_date:2025-05-28 08:12:43.332511+00:00
[2025-05-28T08:12:44.488+0000] {logging_mixin.py:190} INFO - Dag name:image_processing_per_file_v2 and current dag run status:running
[2025-05-28T08:12:44.492+0000] {taskinstance.py:732} INFO - ::endgroup::
[2025-05-28T08:12:44.520+0000] {logging_mixin.py:190} INFO - copy: /opt/***/data/result/test/스크린샷 2025-05-21 181632 - 복사본 (2).png
[2025-05-28T08:12:44.526+0000] {python.py:240} INFO - Done. Returned value was: /opt/***/data/result/test/스크린샷 2025-05-21 181632 - 복사본 (2).png
[2025-05-28T08:12:44.612+0000] {taskinstance.py:341} INFO - ::group::Post task execution logs
[2025-05-28T08:12:44.612+0000] {taskinstance.py:353} INFO - Marking task as SUCCESS. dag_id=image_processing_per_file_v2, task_id=preprocess_group.file_copy_task, run_id=manual__2025-05-28T08:12:22.626749+00:00, map_index=4, execution_date=20250528T081222, start_date=20250528T081243, end_date=20250528T081244
[2025-05-28T08:12:44.688+0000] {logging_mixin.py:190} INFO - Task instance in success state
[2025-05-28T08:12:44.689+0000] {logging_mixin.py:190} INFO -  Previous state of the Task instance: running
[2025-05-28T08:12:44.691+0000] {logging_mixin.py:190} INFO - Dag name:image_processing_per_file_v2 queued_at:2025-05-28 08:12:22.667539+00:00
[2025-05-28T08:12:44.707+0000] {logging_mixin.py:190} INFO - Task hostname:293edbf976f9 operator:_PythonDecoratedOperator
[2025-05-28T08:12:44.791+0000] {local_task_job_runner.py:266} INFO - Task exited with return code 0
[2025-05-28T08:12:44.959+0000] {taskinstance.py:3901} INFO - 0 downstream tasks scheduled from follow-on schedule check
[2025-05-28T08:12:44.977+0000] {local_task_job_runner.py:245} INFO - ::endgroup::
