[2025-06-25T09:08:43.555+0900] {local_task_job_runner.py:123} INFO - ::group::Pre task execution logs
[2025-06-25T09:08:43.604+0900] {taskinstance.py:2614} INFO - Dependencies all met for dep_context=non-requeueable deps ti=<TaskInstance: lilt_document_classifier_balanced_V0.1.img_preprocess_task__1 manual__2025-06-25T00:04:18.909063+00:00 map_index=27 [queued]>
[2025-06-25T09:08:43.690+0900] {taskinstance.py:2614} INFO - Dependencies all met for dep_context=requeueable deps ti=<TaskInstance: lilt_document_classifier_balanced_V0.1.img_preprocess_task__1 manual__2025-06-25T00:04:18.909063+00:00 map_index=27 [queued]>
[2025-06-25T09:08:43.691+0900] {taskinstance.py:2867} INFO - Starting attempt 1 of 1
[2025-06-25T09:08:43.780+0900] {taskinstance.py:2890} INFO - Executing <Mapped(_PythonDecoratedOperator): img_preprocess_task__1> on 2025-06-25 00:04:18.909063+00:00
[2025-06-25T09:08:43.825+0900] {standard_task_runner.py:104} INFO - Running: ['***', 'tasks', 'run', 'lilt_document_classifier_balanced_V0.1', 'img_preprocess_task__1', 'manual__2025-06-25T00:04:18.909063+00:00', '--job-id', '4854', '--raw', '--subdir', 'DAGS_FOLDER/class_create_dag.py', '--cfg-path', '/tmp/tmpxe77622h', '--map-index', '27']
[2025-06-25T09:08:43.832+0900] {standard_task_runner.py:105} INFO - Job 4854: Subtask img_preprocess_task__1
[2025-06-25T09:08:43.818+0900] {warnings.py:112} WARNING - /home/***/.local/lib/python3.12/site-packages/***/task/task_runner/standard_task_runner.py:70: DeprecationWarning: This process (pid=73210) is multi-threaded, use of fork() may lead to deadlocks in the child.
  pid = os.fork()

[2025-06-25T09:08:43.841+0900] {standard_task_runner.py:72} INFO - Started process 73220 to run task
[2025-06-25T09:08:44.031+0900] {task_command.py:467} INFO - Running <TaskInstance: lilt_document_classifier_balanced_V0.1.img_preprocess_task__1 manual__2025-06-25T00:04:18.909063+00:00 map_index=27 [running]> on host f6d4228a9eb8
[2025-06-25T09:08:44.399+0900] {taskinstance.py:3134} INFO - Exporting env vars: AIRFLOW_CTX_DAG_OWNER='***' AIRFLOW_CTX_DAG_ID='lilt_document_classifier_balanced_V0.1' AIRFLOW_CTX_TASK_ID='img_preprocess_task__1' AIRFLOW_CTX_EXECUTION_DATE='2025-06-25T00:04:18.909063+00:00' AIRFLOW_CTX_TRY_NUMBER='1' AIRFLOW_CTX_DAG_RUN_ID='manual__2025-06-25T00:04:18.909063+00:00'
[2025-06-25T09:08:44.403+0900] {taskinstance.py:732} INFO - ::endgroup::
[2025-06-25T09:08:44.413+0900] {logging_mixin.py:190} INFO - empty map check {} {'process_id': '_2026cea8-0c35-4db9-bfdc-6215c3af3291_pre', 'folder_path': '535abb0e-fe80-4672-9046-c0a6f81bc0a8/2026cea8-0c35-4db9-bfdc-6215c3af3291', 'step_list': [{'name': 'cache', 'param': {'cache_key': 'origin'}}, {'name': 'calc_angle_set2', 'param': {'angle_key': 'angle1', 'iterations': 4, 'iter_save': False}}, {'name': 'text_orientation_set', 'param': {'angle_key': 'angle2', 'iterations': 4, 'iter_save': False}}, {'name': 'load', 'param': {'cache_key': 'origin'}}, {'name': 'rotate', 'param': {'angle_key': 'angle1'}}, {'name': 'rotate', 'param': {'angle_key': 'angle2'}}], 'result_file_map': {}}
[2025-06-25T09:08:44.416+0900] {logging_mixin.py:190} INFO - step : cache
[2025-06-25T09:08:44.419+0900] {logging_mixin.py:190} INFO - step : calc_angle_set2
[2025-06-25T09:08:48.862+0900] {logging_mixin.py:190} INFO - osd 1 0.25 0.25 21 171209 [161202, 160740, 161919, 161948, 162703, 162939, 164006, 163018, 165246, 164848, 164221, 165512, 166425, 166134, 168372, 169201, 168229, 170469, 170304, 170416, 167830, 171209, 169718, 169242, 167009, 167318, 166857, 166105, 165034, 164856, 164302, 163924, 162271, 161832, 161165, 160904, 160522, 159017, 159100, 158316, 157866]
[2025-06-25T09:08:53.817+0900] {logging_mixin.py:190} INFO - osd 2 0.0 -0.25 19 170236 [159562, 160767, 162024, 161450, 161135, 163081, 163206, 163482, 163946, 164544, 165212, 166030, 166537, 166842, 168234, 168897, 169128, 169493, 169418, 170236, 168042, 169015, 167480, 167649, 167116, 166161, 166432, 164751, 164619, 163789, 162451, 161924, 161713, 160915, 160785, 159419, 158825, 158095, 157614, 158097, 156534]
[2025-06-25T09:08:57.264+0900] {logging_mixin.py:190} INFO - osd 3 -0.5 -0.5 18 168283 [157951, 157873, 159049, 158468, 159021, 159401, 160192, 161064, 162448, 161851, 163157, 163317, 163991, 164656, 164690, 166606, 165989, 167900, 168283, 168113, 165658, 167958, 167192, 166914, 164422, 165053, 164139, 164008, 162790, 162320, 161845, 161509, 159645, 159397, 158755, 158382, 157449, 156335, 156225, 155523, 155190]
[2025-06-25T09:09:00.475+0900] {logging_mixin.py:190} INFO - osd 4 -0.25 0.25 21 166355 [154643, 155443, 156072, 155855, 156396, 157782, 158140, 157581, 159050, 159244, 160112, 160270, 160638, 161142, 162579, 163245, 164170, 163317, 164775, 165084, 163400, 166355, 165962, 165904, 165741, 165410, 164566, 162770, 161943, 162209, 160915, 160209, 160761, 159798, 159702, 158991, 157849, 156626, 157195, 156027, 154939]
[2025-06-25T09:09:00.511+0900] {logging_mixin.py:190} INFO - step : text_orientation_set
[2025-06-25T09:09:05.708+0900] {logging_mixin.py:190} INFO - osd 1 90 90 2.45 Greek 12.22
[2025-06-25T09:09:11.196+0900] {logging_mixin.py:190} INFO - osd 2 270 180 2.06 Greek 3.33
[2025-06-25T09:09:15.962+0900] {logging_mixin.py:190} INFO - osd 3 break  270 0 2.01 Greek 2.22
[2025-06-25T09:09:15.965+0900] {logging_mixin.py:190} INFO - step : load
[2025-06-25T09:09:15.967+0900] {logging_mixin.py:190} INFO - step : rotate
[2025-06-25T09:09:16.004+0900] {logging_mixin.py:190} INFO - step : rotate
[2025-06-25T09:09:16.219+0900] {logging_mixin.py:190} INFO - file_copy: /opt/***/data/temp/535abb0e-fe80-4672-9046-c0a6f81bc0a8/2026cea8-0c35-4db9-bfdc-6215c3af3291/_result.png
[2025-06-25T09:09:16.243+0900] {python.py:240} INFO - Done. Returned value was: {'file_id': '535abb0e-fe80-4672-9046-c0a6f81bc0a8', 'file_path': '/opt/***/data/class/a_class/classify/ready/false/copied_74_2046288228.png', 'false': {'process_id': '_2026cea8-0c35-4db9-bfdc-6215c3af3291_pre', 'folder_path': '535abb0e-fe80-4672-9046-c0a6f81bc0a8/2026cea8-0c35-4db9-bfdc-6215c3af3291', 'step_list': [{'name': 'cache', 'param': {'cache_key': 'origin'}}, {'name': 'calc_angle_set2', 'param': {'angle_key': 'angle1', 'iterations': 4, 'iter_save': False}}, {'name': 'text_orientation_set', 'param': {'angle_key': 'angle2', 'iterations': 4, 'iter_save': False}}, {'name': 'load', 'param': {'cache_key': 'origin'}}, {'name': 'rotate', 'param': {'angle_key': 'angle1'}}, {'name': 'rotate', 'param': {'angle_key': 'angle2'}}], 'result_file_map': {'_result': '/opt/***/data/temp/535abb0e-fe80-4672-9046-c0a6f81bc0a8/2026cea8-0c35-4db9-bfdc-6215c3af3291/_result.png'}}}
[2025-06-25T09:09:16.298+0900] {taskinstance.py:341} INFO - ::group::Post task execution logs
[2025-06-25T09:09:16.301+0900] {taskinstance.py:353} INFO - Marking task as SUCCESS. dag_id=lilt_document_classifier_balanced_V0.1, task_id=img_preprocess_task__1, run_id=manual__2025-06-25T00:04:18.909063+00:00, map_index=27, execution_date=20250625T000418, start_date=20250625T000843, end_date=20250625T000916
[2025-06-25T09:09:16.408+0900] {local_task_job_runner.py:266} INFO - Task exited with return code 0
[2025-06-25T09:09:16.504+0900] {taskinstance.py:3901} INFO - 0 downstream tasks scheduled from follow-on schedule check
[2025-06-25T09:09:16.511+0900] {local_task_job_runner.py:245} INFO - ::endgroup::
