[2025-06-24T16:50:43.284+0900] {local_task_job_runner.py:123} INFO - ::group::Pre task execution logs
[2025-06-24T16:50:43.445+0900] {taskinstance.py:2614} INFO - Dependencies all met for dep_context=non-requeueable deps ti=<TaskInstance: lilt_document_classifier_balanced_V0.1.img_preprocess_task__1 manual__2025-06-24T07:39:02.784990+00:00 map_index=71 [queued]>
[2025-06-24T16:50:43.577+0900] {taskinstance.py:2614} INFO - Dependencies all met for dep_context=requeueable deps ti=<TaskInstance: lilt_document_classifier_balanced_V0.1.img_preprocess_task__1 manual__2025-06-24T07:39:02.784990+00:00 map_index=71 [queued]>
[2025-06-24T16:50:43.582+0900] {taskinstance.py:2867} INFO - Starting attempt 1 of 1
[2025-06-24T16:50:43.651+0900] {taskinstance.py:2890} INFO - Executing <Mapped(_PythonDecoratedOperator): img_preprocess_task__1> on 2025-06-24 07:39:02.784990+00:00
[2025-06-24T16:50:43.830+0900] {warnings.py:112} WARNING - /home/***/.local/lib/python3.12/site-packages/***/task/task_runner/standard_task_runner.py:70: DeprecationWarning: This process (pid=56492) is multi-threaded, use of fork() may lead to deadlocks in the child.
  pid = os.fork()

[2025-06-24T16:50:43.795+0900] {standard_task_runner.py:104} INFO - Running: ['***', 'tasks', 'run', 'lilt_document_classifier_balanced_V0.1', 'img_preprocess_task__1', 'manual__2025-06-24T07:39:02.784990+00:00', '--job-id', '4559', '--raw', '--subdir', 'DAGS_FOLDER/class_create_dag.py', '--cfg-path', '/tmp/tmp_fezpo8m', '--map-index', '71']
[2025-06-24T16:50:43.898+0900] {standard_task_runner.py:105} INFO - Job 4559: Subtask img_preprocess_task__1
[2025-06-24T16:50:43.918+0900] {standard_task_runner.py:72} INFO - Started process 56563 to run task
[2025-06-24T16:50:43.998+0900] {task_command.py:467} INFO - Running <TaskInstance: lilt_document_classifier_balanced_V0.1.img_preprocess_task__1 manual__2025-06-24T07:39:02.784990+00:00 map_index=71 [running]> on host f6d4228a9eb8
[2025-06-24T16:50:44.305+0900] {taskinstance.py:3134} INFO - Exporting env vars: AIRFLOW_CTX_DAG_OWNER='***' AIRFLOW_CTX_DAG_ID='lilt_document_classifier_balanced_V0.1' AIRFLOW_CTX_TASK_ID='img_preprocess_task__1' AIRFLOW_CTX_EXECUTION_DATE='2025-06-24T07:39:02.784990+00:00' AIRFLOW_CTX_TRY_NUMBER='1' AIRFLOW_CTX_DAG_RUN_ID='manual__2025-06-24T07:39:02.784990+00:00'
[2025-06-24T16:50:44.310+0900] {taskinstance.py:732} INFO - ::endgroup::
[2025-06-24T16:50:44.313+0900] {logging_mixin.py:190} INFO - empty map check {} {'process_id': '_cbfcb9e8-1d98-480e-a5ce-51b0aff75217_pre', 'folder_path': '18f273f2-2c25-47e6-9087-7dea58418f33/cbfcb9e8-1d98-480e-a5ce-51b0aff75217', 'step_list': [{'name': 'cache', 'param': {'key': 'origin'}}, {'name': 'calc_angle_set2', 'param': {'key': 'angle1', 'iterations': 4, 'iter_save': False}}, {'name': 'text_orientation_set', 'param': {'key': 'angle2', 'iterations': 4, 'iter_save': False}}, {'name': 'load', 'param': {'key': 'origin'}}, {'name': 'rotate', 'param': {'key': 'angle1'}}, {'name': 'rotate', 'param': {'key': 'angle2'}}], 'result_file_map': {}}
[2025-06-24T16:50:44.316+0900] {logging_mixin.py:190} INFO - step : cache
[2025-06-24T16:50:44.317+0900] {logging_mixin.py:190} INFO - step : calc_angle_set2
[2025-06-24T16:50:47.959+0900] {logging_mixin.py:190} INFO - osd 1 0.25 0.25 21 6831 [0, 1, 0, 1, 45, 154, 311, 468, 654, 908, 1091, 1466, 1853, 2328, 2752, 3119, 3582, 4332, 5036, 5705, 6585, 6831, 6485, 5459, 4803, 4145, 3507, 3259, 2798, 2405, 1995, 1592, 1214, 944, 641, 433, 191, 87, 20, 9, 1]
[2025-06-24T16:50:51.464+0900] {logging_mixin.py:190} INFO - osd 2 0.25 0.0 20 6911 [1, 0, 2, 68, 194, 361, 509, 743, 993, 1234, 1675, 2055, 2485, 2942, 3334, 3782, 4495, 5176, 5986, 6727, 6911, 6768, 5748, 4962, 4258, 3726, 3342, 2980, 2618, 2106, 1723, 1347, 1044, 710, 498, 258, 92, 23, 9, 2, 0]
[2025-06-24T16:50:54.927+0900] {logging_mixin.py:190} INFO - osd 3 0.25 0.0 20 6911 [1, 0, 2, 68, 194, 361, 509, 743, 993, 1234, 1675, 2055, 2485, 2942, 3334, 3782, 4495, 5176, 5986, 6727, 6911, 6768, 5748, 4962, 4258, 3726, 3342, 2980, 2618, 2106, 1723, 1347, 1044, 710, 498, 258, 92, 23, 9, 2, 0]
[2025-06-24T16:50:58.307+0900] {logging_mixin.py:190} INFO - osd 4 0.25 0.0 20 6911 [1, 0, 2, 68, 194, 361, 509, 743, 993, 1234, 1675, 2055, 2485, 2942, 3334, 3782, 4495, 5176, 5986, 6727, 6911, 6768, 5748, 4962, 4258, 3726, 3342, 2980, 2618, 2106, 1723, 1347, 1044, 710, 498, 258, 92, 23, 9, 2, 0]
[2025-06-24T16:50:58.375+0900] {logging_mixin.py:190} INFO - step : text_orientation_set
[2025-06-24T16:51:04.801+0900] {logging_mixin.py:190} INFO - osd 1 break  0 0 0.18 Fraktur 3.33
[2025-06-24T16:51:04.803+0900] {logging_mixin.py:190} INFO - step : load
[2025-06-24T16:51:04.810+0900] {logging_mixin.py:190} INFO - step : rotate
[2025-06-24T16:51:04.899+0900] {logging_mixin.py:190} INFO - step : rotate
[2025-06-24T16:51:05.017+0900] {logging_mixin.py:190} INFO - file_copy: /opt/***/data/temp/18f273f2-2c25-47e6-9087-7dea58418f33/cbfcb9e8-1d98-480e-a5ce-51b0aff75217/_result.png
[2025-06-24T16:51:05.074+0900] {python.py:240} INFO - Done. Returned value was: {'file_id': '18f273f2-2c25-47e6-9087-7dea58418f33', 'file_path': '/opt/***/data/class/a_class/classify/ready/false/copied_39_corti0001476_1477.png', 'false': {'process_id': '_cbfcb9e8-1d98-480e-a5ce-51b0aff75217_pre', 'folder_path': '18f273f2-2c25-47e6-9087-7dea58418f33/cbfcb9e8-1d98-480e-a5ce-51b0aff75217', 'step_list': [{'name': 'cache', 'param': {'key': 'origin'}}, {'name': 'calc_angle_set2', 'param': {'key': 'angle1', 'iterations': 4, 'iter_save': False}}, {'name': 'text_orientation_set', 'param': {'key': 'angle2', 'iterations': 4, 'iter_save': False}}, {'name': 'load', 'param': {'key': 'origin'}}, {'name': 'rotate', 'param': {'key': 'angle1'}}, {'name': 'rotate', 'param': {'key': 'angle2'}}], 'result_file_map': {'_result': '/opt/***/data/temp/18f273f2-2c25-47e6-9087-7dea58418f33/cbfcb9e8-1d98-480e-a5ce-51b0aff75217/_result.png'}}}
[2025-06-24T16:51:05.217+0900] {taskinstance.py:341} INFO - ::group::Post task execution logs
[2025-06-24T16:51:05.224+0900] {taskinstance.py:353} INFO - Marking task as SUCCESS. dag_id=lilt_document_classifier_balanced_V0.1, task_id=img_preprocess_task__1, run_id=manual__2025-06-24T07:39:02.784990+00:00, map_index=71, execution_date=20250624T073902, start_date=20250624T075043, end_date=20250624T075105
[2025-06-24T16:51:05.423+0900] {local_task_job_runner.py:266} INFO - Task exited with return code 0
[2025-06-24T16:51:05.507+0900] {taskinstance.py:3901} INFO - 0 downstream tasks scheduled from follow-on schedule check
[2025-06-24T16:51:05.513+0900] {local_task_job_runner.py:245} INFO - ::endgroup::
