[2025-06-25T09:12:03.909+0900] {local_task_job_runner.py:123} INFO - ::group::Pre task execution logs
[2025-06-25T09:12:03.962+0900] {taskinstance.py:2614} INFO - Dependencies all met for dep_context=non-requeueable deps ti=<TaskInstance: lilt_document_classifier_balanced_V0.1.img_preprocess_task manual__2025-06-25T00:04:18.909063+00:00 map_index=48 [queued]>
[2025-06-25T09:12:04.096+0900] {taskinstance.py:2614} INFO - Dependencies all met for dep_context=requeueable deps ti=<TaskInstance: lilt_document_classifier_balanced_V0.1.img_preprocess_task manual__2025-06-25T00:04:18.909063+00:00 map_index=48 [queued]>
[2025-06-25T09:12:04.096+0900] {taskinstance.py:2867} INFO - Starting attempt 1 of 1
[2025-06-25T09:12:04.141+0900] {taskinstance.py:2890} INFO - Executing <Mapped(_PythonDecoratedOperator): img_preprocess_task> on 2025-06-25 00:04:18.909063+00:00
[2025-06-25T09:12:04.156+0900] {warnings.py:112} WARNING - /home/***/.local/lib/python3.12/site-packages/***/task/task_runner/standard_task_runner.py:70: DeprecationWarning: This process (pid=74030) is multi-threaded, use of fork() may lead to deadlocks in the child.
  pid = os.fork()

[2025-06-25T09:12:04.163+0900] {standard_task_runner.py:72} INFO - Started process 74040 to run task
[2025-06-25T09:12:04.167+0900] {standard_task_runner.py:104} INFO - Running: ['***', 'tasks', 'run', 'lilt_document_classifier_balanced_V0.1', 'img_preprocess_task', 'manual__2025-06-25T00:04:18.909063+00:00', '--job-id', '4895', '--raw', '--subdir', 'DAGS_FOLDER/class_create_dag.py', '--cfg-path', '/tmp/tmptbmup0dp', '--map-index', '48']
[2025-06-25T09:12:04.178+0900] {standard_task_runner.py:105} INFO - Job 4895: Subtask img_preprocess_task
[2025-06-25T09:12:04.287+0900] {task_command.py:467} INFO - Running <TaskInstance: lilt_document_classifier_balanced_V0.1.img_preprocess_task manual__2025-06-25T00:04:18.909063+00:00 map_index=48 [running]> on host f6d4228a9eb8
[2025-06-25T09:12:04.527+0900] {taskinstance.py:3134} INFO - Exporting env vars: AIRFLOW_CTX_DAG_OWNER='***' AIRFLOW_CTX_DAG_ID='lilt_document_classifier_balanced_V0.1' AIRFLOW_CTX_TASK_ID='img_preprocess_task' AIRFLOW_CTX_EXECUTION_DATE='2025-06-25T00:04:18.909063+00:00' AIRFLOW_CTX_TRY_NUMBER='1' AIRFLOW_CTX_DAG_RUN_ID='manual__2025-06-25T00:04:18.909063+00:00'
[2025-06-25T09:12:04.534+0900] {taskinstance.py:732} INFO - ::endgroup::
[2025-06-25T09:12:04.537+0900] {logging_mixin.py:190} INFO - empty map check {} {'process_id': '_b2e037b9-cbc6-4282-bf91-876614f5add4_pre', 'folder_path': '82c771e9-09f0-41c8-80ff-d084853fe75b/b2e037b9-cbc6-4282-bf91-876614f5add4', 'step_list': [{'name': 'cache', 'param': {'cache_key': 'origin'}}, {'name': 'calc_angle_set2', 'param': {'angle_key': 'angle1', 'iterations': 4, 'iter_save': False}}, {'name': 'text_orientation_set', 'param': {'angle_key': 'angle2', 'iterations': 4, 'iter_save': False}}, {'name': 'load', 'param': {'cache_key': 'origin'}}, {'name': 'rotate', 'param': {'angle_key': 'angle1'}}, {'name': 'rotate', 'param': {'angle_key': 'angle2'}}], 'result_file_map': {}}
[2025-06-25T09:12:04.539+0900] {logging_mixin.py:190} INFO - step : cache
[2025-06-25T09:12:04.540+0900] {logging_mixin.py:190} INFO - step : calc_angle_set2
[2025-06-25T09:12:26.972+0900] {logging_mixin.py:190} INFO - osd 1 -3.5 -3.5 6 144745 [0, 694, 10015, 30348, 52201, 81305, 144745, 71721, 48347, 26999, 7970, 189, 0, 10, 0, 0, 0, 16, 0, 2, 0, 0, 0, 0, 0, 0, 0, 0, 2, 0, 0, 0, 0, 0, 0, 2, 0, 0, 0, 0, 0]
[2025-06-25T09:12:54.439+0900] {logging_mixin.py:190} INFO - osd 2 -3.5 0.0 20 152554 [0, 0, 0, 0, 0, 0, 0, 0, 0, 0, 0, 0, 0, 0, 0, 495, 11366, 34123, 57647, 88106, 152554, 78187, 53927, 30813, 9151, 362, 0, 0, 0, 0, 0, 0, 0, 0, 0, 0, 0, 0, 0, 0, 0]
[2025-06-25T09:13:21.272+0900] {logging_mixin.py:190} INFO - osd 3 -3.5 0.0 20 152554 [0, 0, 0, 0, 0, 0, 0, 0, 0, 0, 0, 0, 0, 0, 0, 495, 11366, 34123, 57647, 88106, 152554, 78187, 53927, 30813, 9151, 362, 0, 0, 0, 0, 0, 0, 0, 0, 0, 0, 0, 0, 0, 0, 0]
[2025-06-25T09:13:45.127+0900] {logging_mixin.py:190} INFO - osd 4 -3.5 0.0 20 152554 [0, 0, 0, 0, 0, 0, 0, 0, 0, 0, 0, 0, 0, 0, 0, 495, 11366, 34123, 57647, 88106, 152554, 78187, 53927, 30813, 9151, 362, 0, 0, 0, 0, 0, 0, 0, 0, 0, 0, 0, 0, 0, 0, 0]
[2025-06-25T09:13:45.241+0900] {logging_mixin.py:190} INFO - step : text_orientation_set
[2025-06-25T09:14:01.558+0900] {logging_mixin.py:190} INFO - osd 1 break  0 0 8.18 Korean 0.95
[2025-06-25T09:14:01.560+0900] {logging_mixin.py:190} INFO - step : load
[2025-06-25T09:14:01.561+0900] {logging_mixin.py:190} INFO - step : rotate
[2025-06-25T09:14:01.981+0900] {logging_mixin.py:190} INFO - step : rotate
[2025-06-25T09:14:02.531+0900] {logging_mixin.py:190} INFO - file_copy: /opt/***/data/temp/82c771e9-09f0-41c8-80ff-d084853fe75b/b2e037b9-cbc6-4282-bf91-876614f5add4/_result.png
[2025-06-25T09:14:02.572+0900] {python.py:240} INFO - Done. Returned value was: {'file_id': '82c771e9-09f0-41c8-80ff-d084853fe75b', 'file_path': '/opt/***/data/class/a_class/classify/ready/true/삼성동 초록빌딩 - 정부24 - 건축물대장 등본(초본) 발급(열람) _ 문서출력_page_1_aug1.png', 'true': {'process_id': '_b2e037b9-cbc6-4282-bf91-876614f5add4_pre', 'folder_path': '82c771e9-09f0-41c8-80ff-d084853fe75b/b2e037b9-cbc6-4282-bf91-876614f5add4', 'step_list': [{'name': 'cache', 'param': {'cache_key': 'origin'}}, {'name': 'calc_angle_set2', 'param': {'angle_key': 'angle1', 'iterations': 4, 'iter_save': False}}, {'name': 'text_orientation_set', 'param': {'angle_key': 'angle2', 'iterations': 4, 'iter_save': False}}, {'name': 'load', 'param': {'cache_key': 'origin'}}, {'name': 'rotate', 'param': {'angle_key': 'angle1'}}, {'name': 'rotate', 'param': {'angle_key': 'angle2'}}], 'result_file_map': {'_result': '/opt/***/data/temp/82c771e9-09f0-41c8-80ff-d084853fe75b/b2e037b9-cbc6-4282-bf91-876614f5add4/_result.png'}}}
[2025-06-25T09:14:02.659+0900] {taskinstance.py:341} INFO - ::group::Post task execution logs
[2025-06-25T09:14:02.672+0900] {taskinstance.py:353} INFO - Marking task as SUCCESS. dag_id=lilt_document_classifier_balanced_V0.1, task_id=img_preprocess_task, run_id=manual__2025-06-25T00:04:18.909063+00:00, map_index=48, execution_date=20250625T000418, start_date=20250625T001204, end_date=20250625T001402
[2025-06-25T09:14:02.817+0900] {local_task_job_runner.py:266} INFO - Task exited with return code 0
[2025-06-25T09:14:02.939+0900] {taskinstance.py:3901} INFO - 0 downstream tasks scheduled from follow-on schedule check
[2025-06-25T09:14:02.945+0900] {local_task_job_runner.py:245} INFO - ::endgroup::
