[2025-06-24T13:31:21.645+0900] {local_task_job_runner.py:123} INFO - ::group::Pre task execution logs
[2025-06-24T13:31:21.779+0900] {taskinstance.py:2614} INFO - Dependencies all met for dep_context=non-requeueable deps ti=<TaskInstance: lilt_document_classifier_balanced_V0.1.img_preprocess_task__1 manual__2025-06-24T04:23:33.505927+00:00 map_index=38 [queued]>
[2025-06-24T13:31:21.830+0900] {taskinstance.py:2614} INFO - Dependencies all met for dep_context=requeueable deps ti=<TaskInstance: lilt_document_classifier_balanced_V0.1.img_preprocess_task__1 manual__2025-06-24T04:23:33.505927+00:00 map_index=38 [queued]>
[2025-06-24T13:31:21.833+0900] {taskinstance.py:2867} INFO - Starting attempt 1 of 1
[2025-06-24T13:31:21.859+0900] {taskinstance.py:2890} INFO - Executing <Mapped(_PythonDecoratedOperator): img_preprocess_task__1> on 2025-06-24 04:23:33.505927+00:00
[2025-06-24T13:31:21.878+0900] {warnings.py:112} WARNING - /home/***/.local/lib/python3.12/site-packages/***/task/task_runner/standard_task_runner.py:70: DeprecationWarning: This process (pid=40069) is multi-threaded, use of fork() may lead to deadlocks in the child.
  pid = os.fork()

[2025-06-24T13:31:21.880+0900] {standard_task_runner.py:104} INFO - Running: ['***', 'tasks', 'run', 'lilt_document_classifier_balanced_V0.1', 'img_preprocess_task__1', 'manual__2025-06-24T04:23:33.505927+00:00', '--job-id', '4010', '--raw', '--subdir', 'DAGS_FOLDER/class_create_dag.py', '--cfg-path', '/tmp/tmpj3umhhnt', '--map-index', '38']
[2025-06-24T13:31:21.904+0900] {standard_task_runner.py:105} INFO - Job 4010: Subtask img_preprocess_task__1
[2025-06-24T13:31:21.903+0900] {standard_task_runner.py:72} INFO - Started process 40079 to run task
[2025-06-24T13:31:22.166+0900] {task_command.py:467} INFO - Running <TaskInstance: lilt_document_classifier_balanced_V0.1.img_preprocess_task__1 manual__2025-06-24T04:23:33.505927+00:00 map_index=38 [running]> on host f6d4228a9eb8
[2025-06-24T13:31:22.672+0900] {taskinstance.py:3134} INFO - Exporting env vars: AIRFLOW_CTX_DAG_OWNER='***' AIRFLOW_CTX_DAG_ID='lilt_document_classifier_balanced_V0.1' AIRFLOW_CTX_TASK_ID='img_preprocess_task__1' AIRFLOW_CTX_EXECUTION_DATE='2025-06-24T04:23:33.505927+00:00' AIRFLOW_CTX_TRY_NUMBER='1' AIRFLOW_CTX_DAG_RUN_ID='manual__2025-06-24T04:23:33.505927+00:00'
[2025-06-24T13:31:22.673+0900] {taskinstance.py:732} INFO - ::endgroup::
[2025-06-24T13:31:22.676+0900] {logging_mixin.py:190} INFO - empty map check {} {'process_id': '_8d80670d-0ac5-4d34-b98c-d9a9978cda19_pre', 'folder_path': '79bbfdd0-1766-4d88-bcff-80f96d560ec3/8d80670d-0ac5-4d34-b98c-d9a9978cda19', 'step_list': [{'name': 'cache', 'param': {'key': 'origin'}}, {'name': 'calc_angle_set2', 'param': {'key': 'angle1', 'iterations': 4, 'iter_save': True}}, {'name': 'save', 'param': {'key': 'ag1'}}, {'name': 'text_orientation_set', 'param': {'key': 'angle2', 'iterations': 4, 'iter_save': True}}, {'name': 'save', 'param': {'key': 'ag2'}}, {'name': 'load', 'param': {'key': 'origin'}}, {'name': 'rotate', 'param': {'key': 'angle1'}}, {'name': 'rotate', 'param': {'key': 'angle2'}}], 'result_file_map': {}}
[2025-06-24T13:31:22.676+0900] {logging_mixin.py:190} INFO - step : cache
[2025-06-24T13:31:22.677+0900] {logging_mixin.py:190} INFO - step : calc_angle_set2
[2025-06-24T13:31:28.835+0900] {logging_mixin.py:190} INFO - osd 1 5.0 5.0 40 68804 [67176, 62946, 57758, 53645, 49597, 45638, 41839, 38174, 34656, 31385, 27491, 24837, 22288, 19835, 16637, 14133, 11686, 9254, 6023, 3383, 57, 3554, 6150, 9405, 11992, 14499, 16998, 20248, 22852, 25388, 28174, 32118, 35497, 39132, 42897, 46798, 50810, 54968, 59136, 64447, 68804]
[2025-06-24T13:31:36.702+0900] {logging_mixin.py:190} INFO - osd 2 0.0 -5.0 0 171710 [171710, 166027, 159296, 153935, 148409, 141707, 136286, 130864, 124163, 118936, 112353, 107047, 100984, 96284, 90711, 86456, 81226, 76114, 72160, 67269, 63523, 67703, 72994, 77365, 82771, 88230, 92753, 98339, 102961, 108666, 113331, 119088, 123911, 129790, 134570, 139441, 145482, 150355, 155331, 161480, 166482]
[2025-06-24T13:31:47.179+0900] {logging_mixin.py:190} INFO - osd 3 -5.0 -5.0 0 270431 [270431, 264455, 259844, 254050, 249379, 243524, 237840, 233310, 227587, 221819, 216160, 210548, 206140, 200501, 195033, 189492, 184113, 178527, 172882, 167339, 163515, 167499, 172835, 178115, 183711, 189181, 194579, 200071, 205575, 210013, 215480, 221172, 226767, 232397, 236893, 242597, 248364, 252925, 258686, 263308, 269099]
[2025-06-24T13:31:55.869+0900] {logging_mixin.py:190} INFO - osd 4 -10.0 -5.0 0 393512 [393512, 385754, 378043, 370355, 362902, 355551, 348321, 341214, 334278, 327421, 320770, 314413, 306932, 300821, 294973, 289065, 283153, 276049, 270227, 264469, 259234, 264709, 270889, 277163, 284427, 290712, 296904, 303243, 309586, 316996, 323433, 329782, 336174, 342644, 349098, 355698, 362082, 368722, 375211, 381846, 387972]
[2025-06-24T13:31:55.948+0900] {logging_mixin.py:190} INFO - step : save
[2025-06-24T13:31:56.170+0900] {logging_mixin.py:190} INFO - file_copy: /opt/***/data/temp/79bbfdd0-1766-4d88-bcff-80f96d560ec3/8d80670d-0ac5-4d34-b98c-d9a9978cda19/ag1.png
[2025-06-24T13:31:56.180+0900] {logging_mixin.py:190} INFO - step : text_orientation_set
[2025-06-24T13:32:00.662+0900] {logging_mixin.py:190} INFO - file_copy: /opt/***/data/temp/79bbfdd0-1766-4d88-bcff-80f96d560ec3/8d80670d-0ac5-4d34-b98c-d9a9978cda19/rotate2_1.png
[2025-06-24T13:32:04.563+0900] {logging_mixin.py:190} INFO - osd 1 break  0 0 4.44 Fraktur 0.35
[2025-06-24T13:32:04.689+0900] {logging_mixin.py:190} INFO - step : save
[2025-06-24T13:32:05.052+0900] {logging_mixin.py:190} INFO - file_copy: /opt/***/data/temp/79bbfdd0-1766-4d88-bcff-80f96d560ec3/8d80670d-0ac5-4d34-b98c-d9a9978cda19/ag2.png
[2025-06-24T13:32:05.067+0900] {logging_mixin.py:190} INFO - step : load
[2025-06-24T13:32:05.068+0900] {logging_mixin.py:190} INFO - step : rotate
[2025-06-24T13:32:05.144+0900] {logging_mixin.py:190} INFO - step : rotate
[2025-06-24T13:32:05.244+0900] {logging_mixin.py:190} INFO - file_copy: /opt/***/data/temp/79bbfdd0-1766-4d88-bcff-80f96d560ec3/8d80670d-0ac5-4d34-b98c-d9a9978cda19/_result.png
[2025-06-24T13:32:05.268+0900] {python.py:240} INFO - Done. Returned value was: {'file_id': '79bbfdd0-1766-4d88-bcff-80f96d560ec3', 'file_path': '/opt/***/data/class/a_class/classify/ready/false/copied_91_91891178.png', 'false': {'process_id': '_8d80670d-0ac5-4d34-b98c-d9a9978cda19_pre', 'folder_path': '79bbfdd0-1766-4d88-bcff-80f96d560ec3/8d80670d-0ac5-4d34-b98c-d9a9978cda19', 'step_list': [{'name': 'cache', 'param': {'key': 'origin'}}, {'name': 'calc_angle_set2', 'param': {'key': 'angle1', 'iterations': 4, 'iter_save': True}}, {'name': 'save', 'param': {'key': 'ag1'}}, {'name': 'text_orientation_set', 'param': {'key': 'angle2', 'iterations': 4, 'iter_save': True}}, {'name': 'save', 'param': {'key': 'ag2'}}, {'name': 'load', 'param': {'key': 'origin'}}, {'name': 'rotate', 'param': {'key': 'angle1'}}, {'name': 'rotate', 'param': {'key': 'angle2'}}], 'result_file_map': {'ag1': '/opt/***/data/temp/79bbfdd0-1766-4d88-bcff-80f96d560ec3/8d80670d-0ac5-4d34-b98c-d9a9978cda19/ag1.png', 'rotate2_1': '/opt/***/data/temp/79bbfdd0-1766-4d88-bcff-80f96d560ec3/8d80670d-0ac5-4d34-b98c-d9a9978cda19/rotate2_1.png', 'ag2': '/opt/***/data/temp/79bbfdd0-1766-4d88-bcff-80f96d560ec3/8d80670d-0ac5-4d34-b98c-d9a9978cda19/ag2.png', '_result': '/opt/***/data/temp/79bbfdd0-1766-4d88-bcff-80f96d560ec3/8d80670d-0ac5-4d34-b98c-d9a9978cda19/_result.png'}}}
[2025-06-24T13:32:05.361+0900] {taskinstance.py:341} INFO - ::group::Post task execution logs
[2025-06-24T13:32:05.373+0900] {taskinstance.py:353} INFO - Marking task as SUCCESS. dag_id=lilt_document_classifier_balanced_V0.1, task_id=img_preprocess_task__1, run_id=manual__2025-06-24T04:23:33.505927+00:00, map_index=38, execution_date=20250624T042333, start_date=20250624T043121, end_date=20250624T043205
[2025-06-24T13:32:05.550+0900] {local_task_job_runner.py:266} INFO - Task exited with return code 0
[2025-06-24T13:32:05.806+0900] {taskinstance.py:3901} INFO - 0 downstream tasks scheduled from follow-on schedule check
[2025-06-24T13:32:05.824+0900] {local_task_job_runner.py:245} INFO - ::endgroup::
