[2025-06-24T16:40:33.358+0900] {local_task_job_runner.py:123} INFO - ::group::Pre task execution logs
[2025-06-24T16:40:33.473+0900] {taskinstance.py:2614} INFO - Dependencies all met for dep_context=non-requeueable deps ti=<TaskInstance: lilt_document_classifier_balanced_V0.1.img_preprocess_task manual__2025-06-24T07:39:02.784990+00:00 map_index=10 [queued]>
[2025-06-24T16:40:33.595+0900] {taskinstance.py:2614} INFO - Dependencies all met for dep_context=requeueable deps ti=<TaskInstance: lilt_document_classifier_balanced_V0.1.img_preprocess_task manual__2025-06-24T07:39:02.784990+00:00 map_index=10 [queued]>
[2025-06-24T16:40:33.621+0900] {taskinstance.py:2867} INFO - Starting attempt 1 of 1
[2025-06-24T16:40:33.779+0900] {taskinstance.py:2890} INFO - Executing <Mapped(_PythonDecoratedOperator): img_preprocess_task> on 2025-06-24 07:39:02.784990+00:00
[2025-06-24T16:40:33.790+0900] {warnings.py:112} WARNING - /home/***/.local/lib/python3.12/site-packages/***/task/task_runner/standard_task_runner.py:70: DeprecationWarning: This process (pid=54012) is multi-threaded, use of fork() may lead to deadlocks in the child.
  pid = os.fork()

[2025-06-24T16:40:33.793+0900] {standard_task_runner.py:104} INFO - Running: ['***', 'tasks', 'run', 'lilt_document_classifier_balanced_V0.1', 'img_preprocess_task', 'manual__2025-06-24T07:39:02.784990+00:00', '--job-id', '4435', '--raw', '--subdir', 'DAGS_FOLDER/class_create_dag.py', '--cfg-path', '/tmp/tmpsarrimvo', '--map-index', '10']
[2025-06-24T16:40:33.796+0900] {standard_task_runner.py:105} INFO - Job 4435: Subtask img_preprocess_task
[2025-06-24T16:40:33.796+0900] {standard_task_runner.py:72} INFO - Started process 54091 to run task
[2025-06-24T16:40:34.024+0900] {task_command.py:467} INFO - Running <TaskInstance: lilt_document_classifier_balanced_V0.1.img_preprocess_task manual__2025-06-24T07:39:02.784990+00:00 map_index=10 [running]> on host f6d4228a9eb8
[2025-06-24T16:40:34.481+0900] {taskinstance.py:3134} INFO - Exporting env vars: AIRFLOW_CTX_DAG_OWNER='***' AIRFLOW_CTX_DAG_ID='lilt_document_classifier_balanced_V0.1' AIRFLOW_CTX_TASK_ID='img_preprocess_task' AIRFLOW_CTX_EXECUTION_DATE='2025-06-24T07:39:02.784990+00:00' AIRFLOW_CTX_TRY_NUMBER='1' AIRFLOW_CTX_DAG_RUN_ID='manual__2025-06-24T07:39:02.784990+00:00'
[2025-06-24T16:40:34.491+0900] {taskinstance.py:732} INFO - ::endgroup::
[2025-06-24T16:40:34.494+0900] {logging_mixin.py:190} INFO - empty map check {} {'process_id': '_74d08a13-ca3a-4b82-aee1-0e482bf5144e_pre', 'folder_path': '30ce8387-6d77-45ba-90a8-86dc8e3a91b9/74d08a13-ca3a-4b82-aee1-0e482bf5144e', 'step_list': [{'name': 'cache', 'param': {'key': 'origin'}}, {'name': 'calc_angle_set2', 'param': {'key': 'angle1', 'iterations': 4, 'iter_save': False}}, {'name': 'text_orientation_set', 'param': {'key': 'angle2', 'iterations': 4, 'iter_save': False}}, {'name': 'load', 'param': {'key': 'origin'}}, {'name': 'rotate', 'param': {'key': 'angle1'}}, {'name': 'rotate', 'param': {'key': 'angle2'}}], 'result_file_map': {}}
[2025-06-24T16:40:34.505+0900] {logging_mixin.py:190} INFO - step : cache
[2025-06-24T16:40:34.512+0900] {logging_mixin.py:190} INFO - step : calc_angle_set2
[2025-06-24T16:40:56.116+0900] {logging_mixin.py:190} INFO - osd 1 -2.25 -2.25 11 119373 [0, 0, 0, 0, 0, 0, 32, 4192, 19526, 41139, 61628, 119373, 96413, 56325, 36583, 16036, 3343, 2, 0, 0, 0, 0, 0, 0, 0, 0, 0, 0, 0, 0, 0, 0, 0, 0, 0, 0, 0, 0, 0, 0, 0]
[2025-06-24T16:41:17.712+0900] {logging_mixin.py:190} INFO - osd 2 -2.25 0.0 20 129267 [0, 0, 0, 0, 0, 0, 0, 0, 0, 0, 0, 0, 0, 0, 0, 1, 4314, 23049, 46228, 68818, 129267, 106804, 62249, 40354, 19745, 5039, 229, 0, 0, 0, 0, 0, 0, 0, 0, 0, 0, 0, 0, 0, 0]
[2025-06-24T16:41:43.923+0900] {logging_mixin.py:190} INFO - osd 3 -2.25 0.0 20 129267 [0, 0, 0, 0, 0, 0, 0, 0, 0, 0, 0, 0, 0, 0, 0, 1, 4314, 23049, 46228, 68818, 129267, 106804, 62249, 40354, 19745, 5039, 229, 0, 0, 0, 0, 0, 0, 0, 0, 0, 0, 0, 0, 0, 0]
[2025-06-24T16:42:13.745+0900] {logging_mixin.py:190} INFO - osd 4 -2.25 0.0 20 129267 [0, 0, 0, 0, 0, 0, 0, 0, 0, 0, 0, 0, 0, 0, 0, 1, 4314, 23049, 46228, 68818, 129267, 106804, 62249, 40354, 19745, 5039, 229, 0, 0, 0, 0, 0, 0, 0, 0, 0, 0, 0, 0, 0, 0]
[2025-06-24T16:42:13.846+0900] {logging_mixin.py:190} INFO - step : text_orientation_set
[2025-06-24T16:42:26.228+0900] {logging_mixin.py:190} INFO - osd 1 break  0 0 6.31 Korean 0.94
[2025-06-24T16:42:26.230+0900] {logging_mixin.py:190} INFO - step : load
[2025-06-24T16:42:26.231+0900] {logging_mixin.py:190} INFO - step : rotate
[2025-06-24T16:42:26.534+0900] {logging_mixin.py:190} INFO - step : rotate
[2025-06-24T16:42:27.364+0900] {logging_mixin.py:190} INFO - file_copy: /opt/***/data/temp/30ce8387-6d77-45ba-90a8-86dc8e3a91b9/74d08a13-ca3a-4b82-aee1-0e482bf5144e/_result.png
[2025-06-24T16:42:27.415+0900] {python.py:240} INFO - Done. Returned value was: {'file_id': '30ce8387-6d77-45ba-90a8-86dc8e3a91b9', 'file_path': '/opt/***/data/class/a_class/classify/ready/true/남산동 대흥빌딩 - 정부24 - 건축물대장 등본(초본) 발급(열람) _ 문서출력_page_1_aug0.png', 'true': {'process_id': '_74d08a13-ca3a-4b82-aee1-0e482bf5144e_pre', 'folder_path': '30ce8387-6d77-45ba-90a8-86dc8e3a91b9/74d08a13-ca3a-4b82-aee1-0e482bf5144e', 'step_list': [{'name': 'cache', 'param': {'key': 'origin'}}, {'name': 'calc_angle_set2', 'param': {'key': 'angle1', 'iterations': 4, 'iter_save': False}}, {'name': 'text_orientation_set', 'param': {'key': 'angle2', 'iterations': 4, 'iter_save': False}}, {'name': 'load', 'param': {'key': 'origin'}}, {'name': 'rotate', 'param': {'key': 'angle1'}}, {'name': 'rotate', 'param': {'key': 'angle2'}}], 'result_file_map': {'_result': '/opt/***/data/temp/30ce8387-6d77-45ba-90a8-86dc8e3a91b9/74d08a13-ca3a-4b82-aee1-0e482bf5144e/_result.png'}}}
[2025-06-24T16:42:27.558+0900] {taskinstance.py:341} INFO - ::group::Post task execution logs
[2025-06-24T16:42:27.559+0900] {taskinstance.py:353} INFO - Marking task as SUCCESS. dag_id=lilt_document_classifier_balanced_V0.1, task_id=img_preprocess_task, run_id=manual__2025-06-24T07:39:02.784990+00:00, map_index=10, execution_date=20250624T073902, start_date=20250624T074033, end_date=20250624T074227
[2025-06-24T16:42:27.742+0900] {local_task_job_runner.py:266} INFO - Task exited with return code 0
[2025-06-24T16:42:27.763+0900] {local_task_job_runner.py:245} INFO - ::endgroup::
