[2025-06-25T09:19:32.014+0900] {local_task_job_runner.py:123} INFO - ::group::Pre task execution logs
[2025-06-25T09:19:32.310+0900] {taskinstance.py:2614} INFO - Dependencies all met for dep_context=non-requeueable deps ti=<TaskInstance: lilt_document_classifier_balanced_V0.1.img_preprocess_task manual__2025-06-25T00:18:31.692203+00:00 map_index=7 [queued]>
[2025-06-25T09:19:32.536+0900] {taskinstance.py:2614} INFO - Dependencies all met for dep_context=requeueable deps ti=<TaskInstance: lilt_document_classifier_balanced_V0.1.img_preprocess_task manual__2025-06-25T00:18:31.692203+00:00 map_index=7 [queued]>
[2025-06-25T09:19:32.539+0900] {taskinstance.py:2867} INFO - Starting attempt 1 of 1
[2025-06-25T09:19:32.772+0900] {taskinstance.py:2890} INFO - Executing <Mapped(_PythonDecoratedOperator): img_preprocess_task> on 2025-06-25 00:18:31.692203+00:00
[2025-06-25T09:19:33.077+0900] {warnings.py:112} WARNING - /home/***/.local/lib/python3.12/site-packages/***/task/task_runner/standard_task_runner.py:70: DeprecationWarning: This process (pid=75465) is multi-threaded, use of fork() may lead to deadlocks in the child.
  pid = os.fork()

[2025-06-25T09:19:33.082+0900] {standard_task_runner.py:104} INFO - Running: ['***', 'tasks', 'run', 'lilt_document_classifier_balanced_V0.1', 'img_preprocess_task', 'manual__2025-06-25T00:18:31.692203+00:00', '--job-id', '4984', '--raw', '--subdir', 'DAGS_FOLDER/class_create_dag.py', '--cfg-path', '/tmp/tmpbhsvp6rc', '--map-index', '7']
[2025-06-25T09:19:33.118+0900] {standard_task_runner.py:105} INFO - Job 4984: Subtask img_preprocess_task
[2025-06-25T09:19:33.113+0900] {standard_task_runner.py:72} INFO - Started process 75703 to run task
[2025-06-25T09:19:33.389+0900] {task_command.py:467} INFO - Running <TaskInstance: lilt_document_classifier_balanced_V0.1.img_preprocess_task manual__2025-06-25T00:18:31.692203+00:00 map_index=7 [running]> on host f6d4228a9eb8
[2025-06-25T09:19:33.561+0900] {taskinstance.py:3134} INFO - Exporting env vars: AIRFLOW_CTX_DAG_OWNER='***' AIRFLOW_CTX_DAG_ID='lilt_document_classifier_balanced_V0.1' AIRFLOW_CTX_TASK_ID='img_preprocess_task' AIRFLOW_CTX_EXECUTION_DATE='2025-06-25T00:18:31.692203+00:00' AIRFLOW_CTX_TRY_NUMBER='1' AIRFLOW_CTX_DAG_RUN_ID='manual__2025-06-25T00:18:31.692203+00:00'
[2025-06-25T09:19:33.566+0900] {taskinstance.py:732} INFO - ::endgroup::
[2025-06-25T09:19:33.571+0900] {logging_mixin.py:190} INFO - empty map check {} {'process_id': '_ec1ca464-4655-47fd-8b87-b5ce8a2cb718_pre', 'folder_path': 'f5a240bf-caeb-4160-8b98-90fd35bf767c/ec1ca464-4655-47fd-8b87-b5ce8a2cb718', 'step_list': [{'name': 'cache', 'param': {'cache_key': 'origin'}}, {'name': 'calc_angle_set2', 'param': {'angle_key': 'angle2_1', 'delta': 8.0, 'limit': 40, 'iterations': 2, 'iter_save': False}}, {'name': 'calc_angle_set2', 'param': {'angle_key': 'angle2_2', 'delta': 1.0, 'limit': 8, 'iterations': 2, 'iter_save': False}}, {'name': 'calc_angle_set2', 'param': {'angle_key': 'angle2_3', 'delta': 0.125, 'limit': 1, 'iterations': 2, 'iter_save': False}}, {'name': 'text_orientation_set', 'param': {'angle_key': 'orint', 'iterations': 3, 'iter_save': False}}, {'name': 'load', 'param': {'cache_key': 'origin'}}, {'name': 'rotate', 'param': {'angle_key': 'angle2_1'}}, {'name': 'rotate', 'param': {'angle_key': 'angle2_2'}}, {'name': 'rotate', 'param': {'angle_key': 'angle2_3'}}, {'name': 'rotate', 'param': {'angle_key': 'orint'}}], 'result_file_map': {}}
[2025-06-25T09:19:33.571+0900] {logging_mixin.py:190} INFO - step : cache
[2025-06-25T09:19:33.572+0900] {logging_mixin.py:190} INFO - step : calc_angle_set2
[2025-06-25T09:19:44.932+0900] {logging_mixin.py:190} INFO - osd 1 0.0 0.0 5 34079 [0, 0, 0, 0, 0, 34079, 0, 0, 0, 0, 0]
[2025-06-25T09:19:54.259+0900] {logging_mixin.py:190} INFO - osd 2 0.0 0.0 5 34079 [0, 0, 0, 0, 0, 34079, 0, 0, 0, 0, 0]
[2025-06-25T09:19:54.498+0900] {logging_mixin.py:190} INFO - step : calc_angle_set2
[2025-06-25T09:20:03.024+0900] {logging_mixin.py:190} INFO - osd 1 1.0 1.0 9 106058 [0, 0, 0, 0, 0, 0, 0, 49, 34079, 106058, 4613, 0, 0, 0, 0, 0, 0]
[2025-06-25T09:20:13.559+0900] {logging_mixin.py:190} INFO - osd 2 1.0 0.0 8 115089 [0, 0, 0, 0, 0, 0, 0, 45823, 115089, 7045, 0, 0, 0, 0, 0, 0, 0]
[2025-06-25T09:20:13.712+0900] {logging_mixin.py:190} INFO - step : calc_angle_set2
[2025-06-25T09:20:26.018+0900] {logging_mixin.py:190} INFO - osd 1 -0.125 -0.125 7 143098 [45823, 45725, 56261, 64032, 70379, 86554, 122123, 143098, 115089, 82323, 68289, 57261, 47293, 37045, 27074, 16755, 7045]
[2025-06-25T09:20:42.098+0900] {logging_mixin.py:190} INFO - osd 2 -0.125 0.0 8 145826 [32713, 50426, 49146, 59556, 66517, 75368, 92485, 125722, 145826, 122579, 88655, 71368, 61144, 51427, 40918, 31933, 20423]
[2025-06-25T09:20:42.333+0900] {logging_mixin.py:190} INFO - step : text_orientation_set
[2025-06-25T09:20:56.236+0900] {logging_mixin.py:190} INFO - osd 1 break  0 0 5.79 Korean 1.6
[2025-06-25T09:20:56.240+0900] {logging_mixin.py:190} INFO - step : load
[2025-06-25T09:20:56.241+0900] {logging_mixin.py:190} INFO - step : rotate
[2025-06-25T09:20:56.445+0900] {logging_mixin.py:190} INFO - step : rotate
[2025-06-25T09:20:56.528+0900] {logging_mixin.py:190} INFO - step : rotate
[2025-06-25T09:20:56.666+0900] {logging_mixin.py:190} INFO - step : rotate
[2025-06-25T09:20:57.315+0900] {logging_mixin.py:190} INFO - file_copy: /opt/***/data/temp/f5a240bf-caeb-4160-8b98-90fd35bf767c/ec1ca464-4655-47fd-8b87-b5ce8a2cb718/_result.png
[2025-06-25T09:20:57.344+0900] {python.py:240} INFO - Done. Returned value was: {'file_id': 'f5a240bf-caeb-4160-8b98-90fd35bf767c', 'file_path': '/opt/***/data/class/a_class/classify/ready/true/종로구 - 정부24 - 건축물대장 등본(초본) 발급(열람) _ 문서출력_page_1_aug0.png', 'true': {'process_id': '_ec1ca464-4655-47fd-8b87-b5ce8a2cb718_pre', 'folder_path': 'f5a240bf-caeb-4160-8b98-90fd35bf767c/ec1ca464-4655-47fd-8b87-b5ce8a2cb718', 'step_list': [{'name': 'cache', 'param': {'cache_key': 'origin'}}, {'name': 'calc_angle_set2', 'param': {'angle_key': 'angle2_1', 'delta': 8.0, 'limit': 40, 'iterations': 2, 'iter_save': False}}, {'name': 'calc_angle_set2', 'param': {'angle_key': 'angle2_2', 'delta': 1.0, 'limit': 8, 'iterations': 2, 'iter_save': False}}, {'name': 'calc_angle_set2', 'param': {'angle_key': 'angle2_3', 'delta': 0.125, 'limit': 1, 'iterations': 2, 'iter_save': False}}, {'name': 'text_orientation_set', 'param': {'angle_key': 'orint', 'iterations': 3, 'iter_save': False}}, {'name': 'load', 'param': {'cache_key': 'origin'}}, {'name': 'rotate', 'param': {'angle_key': 'angle2_1'}}, {'name': 'rotate', 'param': {'angle_key': 'angle2_2'}}, {'name': 'rotate', 'param': {'angle_key': 'angle2_3'}}, {'name': 'rotate', 'param': {'angle_key': 'orint'}}], 'result_file_map': {'_result': '/opt/***/data/temp/f5a240bf-caeb-4160-8b98-90fd35bf767c/ec1ca464-4655-47fd-8b87-b5ce8a2cb718/_result.png'}}}
[2025-06-25T09:20:57.450+0900] {taskinstance.py:341} INFO - ::group::Post task execution logs
[2025-06-25T09:20:57.451+0900] {taskinstance.py:353} INFO - Marking task as SUCCESS. dag_id=lilt_document_classifier_balanced_V0.1, task_id=img_preprocess_task, run_id=manual__2025-06-25T00:18:31.692203+00:00, map_index=7, execution_date=20250625T001831, start_date=20250625T001932, end_date=20250625T002057
[2025-06-25T09:20:57.798+0900] {local_task_job_runner.py:266} INFO - Task exited with return code 0
[2025-06-25T09:20:57.905+0900] {taskinstance.py:3901} INFO - 0 downstream tasks scheduled from follow-on schedule check
[2025-06-25T09:20:57.917+0900] {local_task_job_runner.py:245} INFO - ::endgroup::
