[2025-06-25T09:22:47.453+0900] {local_task_job_runner.py:123} INFO - ::group::Pre task execution logs
[2025-06-25T09:22:47.635+0900] {taskinstance.py:2614} INFO - Dependencies all met for dep_context=non-requeueable deps ti=<TaskInstance: lilt_document_classifier_balanced_V0.1.img_preprocess_task__1 manual__2025-06-25T00:18:31.692203+00:00 map_index=30 [queued]>
[2025-06-25T09:22:47.708+0900] {taskinstance.py:2614} INFO - Dependencies all met for dep_context=requeueable deps ti=<TaskInstance: lilt_document_classifier_balanced_V0.1.img_preprocess_task__1 manual__2025-06-25T00:18:31.692203+00:00 map_index=30 [queued]>
[2025-06-25T09:22:47.711+0900] {taskinstance.py:2867} INFO - Starting attempt 1 of 1
[2025-06-25T09:22:47.776+0900] {taskinstance.py:2890} INFO - Executing <Mapped(_PythonDecoratedOperator): img_preprocess_task__1> on 2025-06-25 00:18:31.692203+00:00
[2025-06-25T09:22:47.899+0900] {standard_task_runner.py:104} INFO - Running: ['***', 'tasks', 'run', 'lilt_document_classifier_balanced_V0.1', 'img_preprocess_task__1', 'manual__2025-06-25T00:18:31.692203+00:00', '--job-id', '5034', '--raw', '--subdir', 'DAGS_FOLDER/class_create_dag.py', '--cfg-path', '/tmp/tmp8g7gmfp6', '--map-index', '30']
[2025-06-25T09:22:47.914+0900] {standard_task_runner.py:105} INFO - Job 5034: Subtask img_preprocess_task__1
[2025-06-25T09:22:47.909+0900] {warnings.py:112} WARNING - /home/***/.local/lib/python3.12/site-packages/***/task/task_runner/standard_task_runner.py:70: DeprecationWarning: This process (pid=76621) is multi-threaded, use of fork() may lead to deadlocks in the child.
  pid = os.fork()

[2025-06-25T09:22:47.960+0900] {standard_task_runner.py:72} INFO - Started process 76662 to run task
[2025-06-25T09:22:48.040+0900] {task_command.py:467} INFO - Running <TaskInstance: lilt_document_classifier_balanced_V0.1.img_preprocess_task__1 manual__2025-06-25T00:18:31.692203+00:00 map_index=30 [running]> on host f6d4228a9eb8
[2025-06-25T09:22:48.662+0900] {taskinstance.py:3134} INFO - Exporting env vars: AIRFLOW_CTX_DAG_OWNER='***' AIRFLOW_CTX_DAG_ID='lilt_document_classifier_balanced_V0.1' AIRFLOW_CTX_TASK_ID='img_preprocess_task__1' AIRFLOW_CTX_EXECUTION_DATE='2025-06-25T00:18:31.692203+00:00' AIRFLOW_CTX_TRY_NUMBER='1' AIRFLOW_CTX_DAG_RUN_ID='manual__2025-06-25T00:18:31.692203+00:00'
[2025-06-25T09:22:48.678+0900] {taskinstance.py:732} INFO - ::endgroup::
[2025-06-25T09:22:48.683+0900] {logging_mixin.py:190} INFO - empty map check {} {'process_id': '_e7c6be0f-5ad9-4da8-9d97-6e1021facba3_pre', 'folder_path': 'e954529a-56e0-4e4d-a71e-da4583a6d61d/e7c6be0f-5ad9-4da8-9d97-6e1021facba3', 'step_list': [{'name': 'cache', 'param': {'cache_key': 'origin'}}, {'name': 'calc_angle_set2', 'param': {'angle_key': 'angle2_1', 'delta': 8.0, 'limit': 40, 'iterations': 2, 'iter_save': False}}, {'name': 'calc_angle_set2', 'param': {'angle_key': 'angle2_2', 'delta': 1.0, 'limit': 8, 'iterations': 2, 'iter_save': False}}, {'name': 'calc_angle_set2', 'param': {'angle_key': 'angle2_3', 'delta': 0.125, 'limit': 1, 'iterations': 2, 'iter_save': False}}, {'name': 'text_orientation_set', 'param': {'angle_key': 'orint', 'iterations': 3, 'iter_save': False}}, {'name': 'load', 'param': {'cache_key': 'origin'}}, {'name': 'rotate', 'param': {'angle_key': 'angle2_1'}}, {'name': 'rotate', 'param': {'angle_key': 'angle2_2'}}, {'name': 'rotate', 'param': {'angle_key': 'angle2_3'}}, {'name': 'rotate', 'param': {'angle_key': 'orint'}}], 'result_file_map': {}}
[2025-06-25T09:22:48.688+0900] {logging_mixin.py:190} INFO - step : cache
[2025-06-25T09:22:48.691+0900] {logging_mixin.py:190} INFO - step : calc_angle_set2
[2025-06-25T09:22:50.650+0900] {logging_mixin.py:190} INFO - osd 1 0.0 0.0 5 4974 [0, 0, 0, 0, 745, 4974, 13, 0, 0, 0, 0]
[2025-06-25T09:22:52.942+0900] {logging_mixin.py:190} INFO - osd 2 0.0 0.0 5 4974 [0, 0, 0, 0, 745, 4974, 13, 0, 0, 0, 0]
[2025-06-25T09:22:53.008+0900] {logging_mixin.py:190} INFO - step : calc_angle_set2
[2025-06-25T09:22:54.719+0900] {logging_mixin.py:190} INFO - osd 1 0.0 0.0 8 4974 [745, 902, 1198, 1418, 1926, 2552, 3378, 3978, 4974, 3204, 2388, 1525, 1035, 702, 459, 206, 13]
[2025-06-25T09:22:56.247+0900] {logging_mixin.py:190} INFO - osd 2 0.0 0.0 8 4974 [745, 902, 1198, 1418, 1926, 2552, 3378, 3978, 4974, 3204, 2388, 1525, 1035, 702, 459, 206, 13]
[2025-06-25T09:22:56.269+0900] {logging_mixin.py:190} INFO - step : calc_angle_set2
[2025-06-25T09:22:57.636+0900] {logging_mixin.py:190} INFO - osd 1 -0.375 -0.375 5 5383 [3978, 4267, 4694, 4969, 4948, 5383, 5287, 5256, 4974, 4659, 4620, 4369, 4118, 3854, 3731, 3564, 3204]
[2025-06-25T09:22:59.385+0900] {logging_mixin.py:190} INFO - osd 2 -0.125 0.25 10 5047 [3699, 3742, 3915, 3889, 4036, 4452, 4657, 4763, 4795, 4656, 5047, 4604, 4346, 4168, 3907, 3660, 3622]
[2025-06-25T09:22:59.400+0900] {logging_mixin.py:190} INFO - step : text_orientation_set
[2025-06-25T09:23:02.857+0900] {logging_mixin.py:190} INFO - Tesseract OSD Error: (1, 'Estimating resolution as 199 Warning. Invalid resolution 0 dpi. Using 70 instead. Too few characters. Skipping this page Error during processing.')
[2025-06-25T09:23:02.862+0900] {logging_mixin.py:190} INFO - step : load
[2025-06-25T09:23:02.864+0900] {logging_mixin.py:190} INFO - step : rotate
[2025-06-25T09:23:02.880+0900] {logging_mixin.py:190} INFO - step : rotate
[2025-06-25T09:23:02.886+0900] {logging_mixin.py:190} INFO - step : rotate
[2025-06-25T09:23:02.932+0900] {logging_mixin.py:190} INFO - step : rotate
[2025-06-25T09:23:02.974+0900] {logging_mixin.py:190} INFO - file_copy: /opt/***/data/temp/e954529a-56e0-4e4d-a71e-da4583a6d61d/e7c6be0f-5ad9-4da8-9d97-6e1021facba3/_result.png
[2025-06-25T09:23:02.988+0900] {python.py:240} INFO - Done. Returned value was: {'file_id': 'e954529a-56e0-4e4d-a71e-da4583a6d61d', 'file_path': '/opt/***/data/class/a_class/classify/ready/false/copied_73_2057829428.png', 'false': {'process_id': '_e7c6be0f-5ad9-4da8-9d97-6e1021facba3_pre', 'folder_path': 'e954529a-56e0-4e4d-a71e-da4583a6d61d/e7c6be0f-5ad9-4da8-9d97-6e1021facba3', 'step_list': [{'name': 'cache', 'param': {'cache_key': 'origin'}}, {'name': 'calc_angle_set2', 'param': {'angle_key': 'angle2_1', 'delta': 8.0, 'limit': 40, 'iterations': 2, 'iter_save': False}}, {'name': 'calc_angle_set2', 'param': {'angle_key': 'angle2_2', 'delta': 1.0, 'limit': 8, 'iterations': 2, 'iter_save': False}}, {'name': 'calc_angle_set2', 'param': {'angle_key': 'angle2_3', 'delta': 0.125, 'limit': 1, 'iterations': 2, 'iter_save': False}}, {'name': 'text_orientation_set', 'param': {'angle_key': 'orint', 'iterations': 3, 'iter_save': False}}, {'name': 'load', 'param': {'cache_key': 'origin'}}, {'name': 'rotate', 'param': {'angle_key': 'angle2_1'}}, {'name': 'rotate', 'param': {'angle_key': 'angle2_2'}}, {'name': 'rotate', 'param': {'angle_key': 'angle2_3'}}, {'name': 'rotate', 'param': {'angle_key': 'orint'}}], 'result_file_map': {'_result': '/opt/***/data/temp/e954529a-56e0-4e4d-a71e-da4583a6d61d/e7c6be0f-5ad9-4da8-9d97-6e1021facba3/_result.png'}}}
[2025-06-25T09:23:03.062+0900] {taskinstance.py:341} INFO - ::group::Post task execution logs
[2025-06-25T09:23:03.063+0900] {taskinstance.py:353} INFO - Marking task as SUCCESS. dag_id=lilt_document_classifier_balanced_V0.1, task_id=img_preprocess_task__1, run_id=manual__2025-06-25T00:18:31.692203+00:00, map_index=30, execution_date=20250625T001831, start_date=20250625T002247, end_date=20250625T002303
[2025-06-25T09:23:03.164+0900] {local_task_job_runner.py:266} INFO - Task exited with return code 0
[2025-06-25T09:23:03.246+0900] {taskinstance.py:3901} INFO - 0 downstream tasks scheduled from follow-on schedule check
[2025-06-25T09:23:03.254+0900] {local_task_job_runner.py:245} INFO - ::endgroup::
