[2025-06-25T09:07:41.275+0900] {local_task_job_runner.py:123} INFO - ::group::Pre task execution logs
[2025-06-25T09:07:41.361+0900] {taskinstance.py:2614} INFO - Dependencies all met for dep_context=non-requeueable deps ti=<TaskInstance: lilt_document_classifier_balanced_V0.1.img_preprocess_task manual__2025-06-25T00:04:18.909063+00:00 map_index=20 [queued]>
[2025-06-25T09:07:41.418+0900] {taskinstance.py:2614} INFO - Dependencies all met for dep_context=requeueable deps ti=<TaskInstance: lilt_document_classifier_balanced_V0.1.img_preprocess_task manual__2025-06-25T00:04:18.909063+00:00 map_index=20 [queued]>
[2025-06-25T09:07:41.424+0900] {taskinstance.py:2867} INFO - Starting attempt 1 of 1
[2025-06-25T09:07:41.520+0900] {taskinstance.py:2890} INFO - Executing <Mapped(_PythonDecoratedOperator): img_preprocess_task> on 2025-06-25 00:04:18.909063+00:00
[2025-06-25T09:07:41.575+0900] {warnings.py:112} WARNING - /home/***/.local/lib/python3.12/site-packages/***/task/task_runner/standard_task_runner.py:70: DeprecationWarning: This process (pid=72909) is multi-threaded, use of fork() may lead to deadlocks in the child.
  pid = os.fork()

[2025-06-25T09:07:41.585+0900] {standard_task_runner.py:72} INFO - Started process 72932 to run task
[2025-06-25T09:07:41.637+0900] {standard_task_runner.py:104} INFO - Running: ['***', 'tasks', 'run', 'lilt_document_classifier_balanced_V0.1', 'img_preprocess_task', 'manual__2025-06-25T00:04:18.909063+00:00', '--job-id', '4839', '--raw', '--subdir', 'DAGS_FOLDER/class_create_dag.py', '--cfg-path', '/tmp/tmptytbrqaz', '--map-index', '20']
[2025-06-25T09:07:41.648+0900] {standard_task_runner.py:105} INFO - Job 4839: Subtask img_preprocess_task
[2025-06-25T09:07:41.893+0900] {task_command.py:467} INFO - Running <TaskInstance: lilt_document_classifier_balanced_V0.1.img_preprocess_task manual__2025-06-25T00:04:18.909063+00:00 map_index=20 [running]> on host f6d4228a9eb8
[2025-06-25T09:07:42.292+0900] {taskinstance.py:3134} INFO - Exporting env vars: AIRFLOW_CTX_DAG_OWNER='***' AIRFLOW_CTX_DAG_ID='lilt_document_classifier_balanced_V0.1' AIRFLOW_CTX_TASK_ID='img_preprocess_task' AIRFLOW_CTX_EXECUTION_DATE='2025-06-25T00:04:18.909063+00:00' AIRFLOW_CTX_TRY_NUMBER='1' AIRFLOW_CTX_DAG_RUN_ID='manual__2025-06-25T00:04:18.909063+00:00'
[2025-06-25T09:07:42.299+0900] {taskinstance.py:732} INFO - ::endgroup::
[2025-06-25T09:07:42.305+0900] {logging_mixin.py:190} INFO - empty map check {} {'process_id': '_12a919a5-a4f9-46a6-bed6-4f8ad80f6971_pre', 'folder_path': 'b8dd6fb7-d7ad-4baf-ab45-71e2e5a3b119/12a919a5-a4f9-46a6-bed6-4f8ad80f6971', 'step_list': [{'name': 'cache', 'param': {'cache_key': 'origin'}}, {'name': 'calc_angle_set2', 'param': {'angle_key': 'angle1', 'iterations': 4, 'iter_save': False}}, {'name': 'text_orientation_set', 'param': {'angle_key': 'angle2', 'iterations': 4, 'iter_save': False}}, {'name': 'load', 'param': {'cache_key': 'origin'}}, {'name': 'rotate', 'param': {'angle_key': 'angle1'}}, {'name': 'rotate', 'param': {'angle_key': 'angle2'}}], 'result_file_map': {}}
[2025-06-25T09:07:42.313+0900] {logging_mixin.py:190} INFO - step : cache
[2025-06-25T09:07:42.314+0900] {logging_mixin.py:190} INFO - step : calc_angle_set2
[2025-06-25T09:08:12.777+0900] {logging_mixin.py:190} INFO - osd 1 3.5 3.5 34 139980 [0, 0, 0, 0, 0, 0, 0, 0, 0, 0, 0, 0, 0, 0, 0, 0, 0, 0, 0, 0, 0, 0, 0, 0, 0, 0, 0, 0, 0, 825, 10450, 29561, 51967, 81044, 139980, 67958, 46276, 23844, 6283, 160, 0]
[2025-06-25T09:08:39.461+0900] {logging_mixin.py:190} INFO - osd 2 3.5 0.0 20 149572 [0, 0, 0, 0, 0, 0, 0, 0, 0, 0, 0, 0, 0, 0, 0, 1274, 12842, 34480, 57917, 90939, 149572, 76184, 51511, 27943, 7464, 108, 0, 0, 0, 0, 0, 0, 0, 0, 0, 0, 0, 0, 0, 0, 0]
[2025-06-25T09:09:03.872+0900] {logging_mixin.py:190} INFO - osd 3 3.5 0.0 20 149572 [0, 0, 0, 0, 0, 0, 0, 0, 0, 0, 0, 0, 0, 0, 0, 1274, 12842, 34480, 57917, 90939, 149572, 76184, 51511, 27943, 7464, 108, 0, 0, 0, 0, 0, 0, 0, 0, 0, 0, 0, 0, 0, 0, 0]
[2025-06-25T09:09:29.959+0900] {logging_mixin.py:190} INFO - osd 4 3.5 0.0 20 149572 [0, 0, 0, 0, 0, 0, 0, 0, 0, 0, 0, 0, 0, 0, 0, 1274, 12842, 34480, 57917, 90939, 149572, 76184, 51511, 27943, 7464, 108, 0, 0, 0, 0, 0, 0, 0, 0, 0, 0, 0, 0, 0, 0, 0]
[2025-06-25T09:09:30.184+0900] {logging_mixin.py:190} INFO - step : text_orientation_set
[2025-06-25T09:09:43.455+0900] {logging_mixin.py:190} INFO - osd 1 break  0 0 10.6 Korean 0.9
[2025-06-25T09:09:43.459+0900] {logging_mixin.py:190} INFO - step : load
[2025-06-25T09:09:43.463+0900] {logging_mixin.py:190} INFO - step : rotate
[2025-06-25T09:09:43.948+0900] {logging_mixin.py:190} INFO - step : rotate
[2025-06-25T09:09:44.389+0900] {logging_mixin.py:190} INFO - file_copy: /opt/***/data/temp/b8dd6fb7-d7ad-4baf-ab45-71e2e5a3b119/12a919a5-a4f9-46a6-bed6-4f8ad80f6971/_result.png
[2025-06-25T09:09:44.444+0900] {python.py:240} INFO - Done. Returned value was: {'file_id': 'b8dd6fb7-d7ad-4baf-ab45-71e2e5a3b119', 'file_path': '/opt/***/data/class/a_class/classify/ready/true/목동 자성빌딩 - 정부24 - 건축물대장 등본(초본) 발급(열람) _ 문서출력_page_1_aug1.png', 'true': {'process_id': '_12a919a5-a4f9-46a6-bed6-4f8ad80f6971_pre', 'folder_path': 'b8dd6fb7-d7ad-4baf-ab45-71e2e5a3b119/12a919a5-a4f9-46a6-bed6-4f8ad80f6971', 'step_list': [{'name': 'cache', 'param': {'cache_key': 'origin'}}, {'name': 'calc_angle_set2', 'param': {'angle_key': 'angle1', 'iterations': 4, 'iter_save': False}}, {'name': 'text_orientation_set', 'param': {'angle_key': 'angle2', 'iterations': 4, 'iter_save': False}}, {'name': 'load', 'param': {'cache_key': 'origin'}}, {'name': 'rotate', 'param': {'angle_key': 'angle1'}}, {'name': 'rotate', 'param': {'angle_key': 'angle2'}}], 'result_file_map': {'_result': '/opt/***/data/temp/b8dd6fb7-d7ad-4baf-ab45-71e2e5a3b119/12a919a5-a4f9-46a6-bed6-4f8ad80f6971/_result.png'}}}
[2025-06-25T09:09:44.540+0900] {taskinstance.py:341} INFO - ::group::Post task execution logs
[2025-06-25T09:09:44.577+0900] {taskinstance.py:353} INFO - Marking task as SUCCESS. dag_id=lilt_document_classifier_balanced_V0.1, task_id=img_preprocess_task, run_id=manual__2025-06-25T00:04:18.909063+00:00, map_index=20, execution_date=20250625T000418, start_date=20250625T000741, end_date=20250625T000944
[2025-06-25T09:09:44.735+0900] {local_task_job_runner.py:266} INFO - Task exited with return code 0
[2025-06-25T09:09:44.906+0900] {taskinstance.py:3901} INFO - 0 downstream tasks scheduled from follow-on schedule check
[2025-06-25T09:09:44.970+0900] {local_task_job_runner.py:245} INFO - ::endgroup::
