[2025-06-25T09:16:21.485+0900] {local_task_job_runner.py:123} INFO - ::group::Pre task execution logs
[2025-06-25T09:16:21.621+0900] {taskinstance.py:2614} INFO - Dependencies all met for dep_context=non-requeueable deps ti=<TaskInstance: lilt_document_classifier_balanced_V0.1.img_preprocess_task__1 manual__2025-06-25T00:04:18.909063+00:00 map_index=75 [queued]>
[2025-06-25T09:16:21.670+0900] {taskinstance.py:2614} INFO - Dependencies all met for dep_context=requeueable deps ti=<TaskInstance: lilt_document_classifier_balanced_V0.1.img_preprocess_task__1 manual__2025-06-25T00:04:18.909063+00:00 map_index=75 [queued]>
[2025-06-25T09:16:21.679+0900] {taskinstance.py:2867} INFO - Starting attempt 1 of 1
[2025-06-25T09:16:21.732+0900] {taskinstance.py:2890} INFO - Executing <Mapped(_PythonDecoratedOperator): img_preprocess_task__1> on 2025-06-25 00:04:18.909063+00:00
[2025-06-25T09:16:21.755+0900] {warnings.py:112} WARNING - /home/***/.local/lib/python3.12/site-packages/***/task/task_runner/standard_task_runner.py:70: DeprecationWarning: This process (pid=75138) is multi-threaded, use of fork() may lead to deadlocks in the child.
  pid = os.fork()

[2025-06-25T09:16:21.760+0900] {standard_task_runner.py:72} INFO - Started process 75161 to run task
[2025-06-25T09:16:21.758+0900] {standard_task_runner.py:104} INFO - Running: ['***', 'tasks', 'run', 'lilt_document_classifier_balanced_V0.1', 'img_preprocess_task__1', 'manual__2025-06-25T00:04:18.909063+00:00', '--job-id', '4951', '--raw', '--subdir', 'DAGS_FOLDER/class_create_dag.py', '--cfg-path', '/tmp/tmplzpf4f82', '--map-index', '75']
[2025-06-25T09:16:21.766+0900] {standard_task_runner.py:105} INFO - Job 4951: Subtask img_preprocess_task__1
[2025-06-25T09:16:21.906+0900] {task_command.py:467} INFO - Running <TaskInstance: lilt_document_classifier_balanced_V0.1.img_preprocess_task__1 manual__2025-06-25T00:04:18.909063+00:00 map_index=75 [running]> on host f6d4228a9eb8
[2025-06-25T09:16:22.249+0900] {taskinstance.py:3134} INFO - Exporting env vars: AIRFLOW_CTX_DAG_OWNER='***' AIRFLOW_CTX_DAG_ID='lilt_document_classifier_balanced_V0.1' AIRFLOW_CTX_TASK_ID='img_preprocess_task__1' AIRFLOW_CTX_EXECUTION_DATE='2025-06-25T00:04:18.909063+00:00' AIRFLOW_CTX_TRY_NUMBER='1' AIRFLOW_CTX_DAG_RUN_ID='manual__2025-06-25T00:04:18.909063+00:00'
[2025-06-25T09:16:22.251+0900] {taskinstance.py:732} INFO - ::endgroup::
[2025-06-25T09:16:22.257+0900] {logging_mixin.py:190} INFO - empty map check {} {'process_id': '_284c69c7-0567-426a-9df2-aa85c7c50d10_pre', 'folder_path': 'b0082065-74db-4e40-8e24-5bd39f3658e9/284c69c7-0567-426a-9df2-aa85c7c50d10', 'step_list': [{'name': 'cache', 'param': {'cache_key': 'origin'}}, {'name': 'calc_angle_set2', 'param': {'angle_key': 'angle1', 'iterations': 4, 'iter_save': False}}, {'name': 'text_orientation_set', 'param': {'angle_key': 'angle2', 'iterations': 4, 'iter_save': False}}, {'name': 'load', 'param': {'cache_key': 'origin'}}, {'name': 'rotate', 'param': {'angle_key': 'angle1'}}, {'name': 'rotate', 'param': {'angle_key': 'angle2'}}], 'result_file_map': {}}
[2025-06-25T09:16:22.274+0900] {logging_mixin.py:190} INFO - step : cache
[2025-06-25T09:16:22.276+0900] {logging_mixin.py:190} INFO - step : calc_angle_set2
[2025-06-25T09:16:27.136+0900] {logging_mixin.py:190} INFO - osd 1 -0.5 -0.5 18 696 [43, 33, 41, 63, 121, 135, 137, 146, 186, 223, 243, 265, 302, 328, 440, 427, 501, 589, 696, 542, 584, 542, 482, 480, 351, 315, 264, 173, 126, 118, 112, 46, 69, 29, 29, 31, 32, 36, 27, 28, 55]
[2025-06-25T09:16:31.712+0900] {logging_mixin.py:190} INFO - osd 2 -1.0 -0.5 18 755 [66, 54, 101, 72, 104, 68, 139, 103, 145, 191, 157, 204, 264, 349, 378, 488, 541, 583, 755, 714, 733, 684, 716, 697, 626, 569, 458, 402, 340, 277, 258, 168, 133, 110, 78, 49, 45, 33, 44, 38, 36]
[2025-06-25T09:16:35.220+0900] {logging_mixin.py:190} INFO - osd 3 -0.25 0.75 23 870 [49, 28, 37, 22, 89, 105, 58, 128, 130, 137, 103, 154, 194, 263, 228, 333, 344, 480, 509, 634, 540, 692, 860, 870, 706, 693, 584, 520, 530, 515, 336, 272, 277, 163, 205, 84, 61, 156, 39, 78, 22]
[2025-06-25T09:16:38.933+0900] {logging_mixin.py:190} INFO - osd 4 -0.25 0.0 20 789 [129, 107, 177, 163, 132, 160, 169, 215, 198, 242, 321, 332, 399, 513, 469, 599, 651, 777, 750, 705, 789, 746, 772, 770, 621, 542, 471, 428, 370, 408, 182, 214, 91, 129, 163, 135, 80, 119, 79, 95, 65]
[2025-06-25T09:16:39.032+0900] {logging_mixin.py:190} INFO - step : text_orientation_set
[2025-06-25T09:16:48.568+0900] {logging_mixin.py:190} INFO - osd 1 break  0 0 3.37 Latin 2.58
[2025-06-25T09:16:48.574+0900] {logging_mixin.py:190} INFO - step : load
[2025-06-25T09:16:48.576+0900] {logging_mixin.py:190} INFO - step : rotate
[2025-06-25T09:16:48.629+0900] {logging_mixin.py:190} INFO - step : rotate
[2025-06-25T09:16:48.713+0900] {logging_mixin.py:190} INFO - file_copy: /opt/***/data/temp/b0082065-74db-4e40-8e24-5bd39f3658e9/284c69c7-0567-426a-9df2-aa85c7c50d10/_result.png
[2025-06-25T09:16:48.728+0900] {python.py:240} INFO - Done. Returned value was: {'file_id': 'b0082065-74db-4e40-8e24-5bd39f3658e9', 'file_path': '/opt/***/data/class/a_class/classify/ready/false/copied_22_2051243931_2051243942.png', 'false': {'process_id': '_284c69c7-0567-426a-9df2-aa85c7c50d10_pre', 'folder_path': 'b0082065-74db-4e40-8e24-5bd39f3658e9/284c69c7-0567-426a-9df2-aa85c7c50d10', 'step_list': [{'name': 'cache', 'param': {'cache_key': 'origin'}}, {'name': 'calc_angle_set2', 'param': {'angle_key': 'angle1', 'iterations': 4, 'iter_save': False}}, {'name': 'text_orientation_set', 'param': {'angle_key': 'angle2', 'iterations': 4, 'iter_save': False}}, {'name': 'load', 'param': {'cache_key': 'origin'}}, {'name': 'rotate', 'param': {'angle_key': 'angle1'}}, {'name': 'rotate', 'param': {'angle_key': 'angle2'}}], 'result_file_map': {'_result': '/opt/***/data/temp/b0082065-74db-4e40-8e24-5bd39f3658e9/284c69c7-0567-426a-9df2-aa85c7c50d10/_result.png'}}}
[2025-06-25T09:16:48.809+0900] {taskinstance.py:341} INFO - ::group::Post task execution logs
[2025-06-25T09:16:48.816+0900] {taskinstance.py:353} INFO - Marking task as SUCCESS. dag_id=lilt_document_classifier_balanced_V0.1, task_id=img_preprocess_task__1, run_id=manual__2025-06-25T00:04:18.909063+00:00, map_index=75, execution_date=20250625T000418, start_date=20250625T001621, end_date=20250625T001648
[2025-06-25T09:16:48.952+0900] {local_task_job_runner.py:266} INFO - Task exited with return code 0
[2025-06-25T09:16:48.996+0900] {taskinstance.py:3901} INFO - 0 downstream tasks scheduled from follow-on schedule check
[2025-06-25T09:16:49.008+0900] {local_task_job_runner.py:245} INFO - ::endgroup::
