[2025-06-23T16:08:19.464+0900] {local_task_job_runner.py:123} INFO - ::group::Pre task execution logs
[2025-06-23T16:08:20.012+0900] {taskinstance.py:2614} INFO - Dependencies all met for dep_context=non-requeueable deps ti=<TaskInstance: lilt_document_classifier_balanced_V0.1.img_preprocess_task manual__2025-06-23T06:45:10.371530+00:00 map_index=57 [queued]>
[2025-06-23T16:08:20.269+0900] {taskinstance.py:2614} INFO - Dependencies all met for dep_context=requeueable deps ti=<TaskInstance: lilt_document_classifier_balanced_V0.1.img_preprocess_task manual__2025-06-23T06:45:10.371530+00:00 map_index=57 [queued]>
[2025-06-23T16:08:20.277+0900] {taskinstance.py:2867} INFO - Starting attempt 1 of 1
[2025-06-23T16:08:20.446+0900] {taskinstance.py:2890} INFO - Executing <Mapped(_PythonDecoratedOperator): img_preprocess_task> on 2025-06-23 06:45:10.371530+00:00
[2025-06-23T16:08:20.594+0900] {warnings.py:112} WARNING - /home/***/.local/lib/python3.12/site-packages/***/task/task_runner/standard_task_runner.py:70: DeprecationWarning: This process (pid=4777) is multi-threaded, use of fork() may lead to deadlocks in the child.
  pid = os.fork()

[2025-06-23T16:08:20.607+0900] {standard_task_runner.py:72} INFO - Started process 4796 to run task
[2025-06-23T16:08:20.589+0900] {standard_task_runner.py:104} INFO - Running: ['***', 'tasks', 'run', 'lilt_document_classifier_balanced_V0.1', 'img_preprocess_task', 'manual__2025-06-23T06:45:10.371530+00:00', '--job-id', '3255', '--raw', '--subdir', 'DAGS_FOLDER/class_create_dag.py', '--cfg-path', '/tmp/tmp0f9ponht', '--map-index', '57']
[2025-06-23T16:08:20.704+0900] {standard_task_runner.py:105} INFO - Job 3255: Subtask img_preprocess_task
[2025-06-23T16:08:21.392+0900] {task_command.py:467} INFO - Running <TaskInstance: lilt_document_classifier_balanced_V0.1.img_preprocess_task manual__2025-06-23T06:45:10.371530+00:00 map_index=57 [running]> on host f6d4228a9eb8
[2025-06-23T16:08:22.136+0900] {taskinstance.py:3134} INFO - Exporting env vars: AIRFLOW_CTX_DAG_OWNER='***' AIRFLOW_CTX_DAG_ID='lilt_document_classifier_balanced_V0.1' AIRFLOW_CTX_TASK_ID='img_preprocess_task' AIRFLOW_CTX_EXECUTION_DATE='2025-06-23T06:45:10.371530+00:00' AIRFLOW_CTX_TRY_NUMBER='1' AIRFLOW_CTX_DAG_RUN_ID='manual__2025-06-23T06:45:10.371530+00:00'
[2025-06-23T16:08:22.138+0900] {taskinstance.py:732} INFO - ::endgroup::
[2025-06-23T16:08:22.162+0900] {logging_mixin.py:190} INFO - empty map check {} {'process_id': '_aa55ed8c-64b3-4cc6-ad4f-7924fc550d80_pre', 'folder_path': 'ecae4fdc-38a1-4807-ad6c-d3afa0b70339/aa55ed8c-64b3-4cc6-ad4f-7924fc550d80', 'step_list': [{'name': 'cache', 'param': {'key': 'origin'}}, {'name': 'calc_angle_set2', 'param': {'key': 'angle1', 'iterations': 4, 'iter_save': False}}, {'name': 'text_orientation_set', 'param': {'key': 'angle2', 'iterations': 4, 'iter_save': False}}, {'name': 'load', 'param': {'key': 'origin'}}, {'name': 'rotate', 'param': {'key': 'angle1'}}, {'name': 'rotate', 'param': {'key': 'angle2'}}], 'result_file_map': {}}
[2025-06-23T16:08:22.164+0900] {logging_mixin.py:190} INFO - step : cache
[2025-06-23T16:08:22.172+0900] {logging_mixin.py:190} INFO - step : calc_angle_set2
[2025-06-23T16:09:00.281+0900] {logging_mixin.py:190} INFO - osd 1 5.0 5.0 40 1249866 [1172032, 1128406, 1082446, 1035583, 989499, 941852, 896146, 849952, 805458, 759880, 716360, 669936, 621987, 576701, 537675, 498551, 460436, 422536, 384828, 346482, 311566, 343484, 380034, 418793, 459288, 501522, 545691, 587644, 635162, 684732, 733641, 782084, 835337, 885150, 937307, 988998, 1041693, 1093501, 1146893, 1199723, 1249866]
[2025-06-23T16:09:50.407+0900] {logging_mixin.py:190} INFO - osd 2 0.0 -5.0 0 2747906 [2747906, 2670422, 2596017, 2516850, 2433465, 2355279, 2276102, 2193853, 2115655, 2029268, 1952241, 1871022, 1790306, 1713556, 1631263, 1556137, 1478548, 1406827, 1340546, 1267801, 1200579, 1259942, 1324546, 1381552, 1441792, 1507775, 1568993, 1634941, 1694509, 1756759, 1820285, 1880695, 1949563, 2011625, 2078395, 2142333, 2207466, 2276823, 2344048, 2408211, 2478470]
[2025-06-23T16:10:39.875+0900] {logging_mixin.py:190} INFO - osd 3 5.0 5.0 40 4365181 [4257402, 4178266, 4105640, 4028856, 3960112, 3885116, 3815272, 3736802, 3662536, 3587865, 3512130, 3431615, 3347803, 3267853, 3183748, 3102928, 3020115, 2935590, 2853003, 2768795, 2685976, 2768207, 2851770, 2935868, 3019907, 3105382, 3186373, 3270881, 3352974, 3438162, 3520995, 3601805, 3684748, 3767331, 3854409, 3933713, 4019243, 4099963, 4187456, 4273511, 4365181]
[2025-06-23T16:11:36.004+0900] {logging_mixin.py:190} INFO - osd 4 0.0 -5.0 0 6643813 [6643813, 6526817, 6408761, 6291054, 6172637, 6055627, 5931095, 5808487, 5690835, 5568475, 5452175, 5325024, 5209684, 5084102, 4963078, 4843828, 4725137, 4601764, 4478794, 4356543, 4245310, 4334995, 4437727, 4542589, 4649465, 4753358, 4857885, 4964870, 5078913, 5185022, 5303202, 5411900, 5528307, 5638473, 5755855, 5874781, 5988178, 6101629, 6216407, 6331572, 6448219]
[2025-06-23T16:11:36.680+0900] {logging_mixin.py:190} INFO - step : text_orientation_set
[2025-06-23T16:12:01.580+0900] {logging_mixin.py:190} INFO - osd 1 break  0 0 8.94 Japanese 0.3
[2025-06-23T16:12:01.585+0900] {logging_mixin.py:190} INFO - step : load
[2025-06-23T16:12:01.587+0900] {logging_mixin.py:190} INFO - step : rotate
[2025-06-23T16:12:01.887+0900] {logging_mixin.py:190} INFO - step : rotate
[2025-06-23T16:12:02.815+0900] {logging_mixin.py:190} INFO - file_copy: /opt/***/data/temp/ecae4fdc-38a1-4807-ad6c-d3afa0b70339/aa55ed8c-64b3-4cc6-ad4f-7924fc550d80/_result.png
[2025-06-23T16:12:02.850+0900] {python.py:240} INFO - Done. Returned value was: {'file_id': 'ecae4fdc-38a1-4807-ad6c-d3afa0b70339', 'file_path': '/opt/***/data/class/a_class/classify/ready/true/종로 우성빌딩 - 정부24 - 건축물대장 등본(초본) 발급(열람) _ 문서출력_page_1_aug0.png', 'true': {'process_id': '_aa55ed8c-64b3-4cc6-ad4f-7924fc550d80_pre', 'folder_path': 'ecae4fdc-38a1-4807-ad6c-d3afa0b70339/aa55ed8c-64b3-4cc6-ad4f-7924fc550d80', 'step_list': [{'name': 'cache', 'param': {'key': 'origin'}}, {'name': 'calc_angle_set2', 'param': {'key': 'angle1', 'iterations': 4, 'iter_save': False}}, {'name': 'text_orientation_set', 'param': {'key': 'angle2', 'iterations': 4, 'iter_save': False}}, {'name': 'load', 'param': {'key': 'origin'}}, {'name': 'rotate', 'param': {'key': 'angle1'}}, {'name': 'rotate', 'param': {'key': 'angle2'}}], 'result_file_map': {'_result': '/opt/***/data/temp/ecae4fdc-38a1-4807-ad6c-d3afa0b70339/aa55ed8c-64b3-4cc6-ad4f-7924fc550d80/_result.png'}}}
[2025-06-23T16:12:02.929+0900] {taskinstance.py:341} INFO - ::group::Post task execution logs
[2025-06-23T16:12:02.929+0900] {taskinstance.py:353} INFO - Marking task as SUCCESS. dag_id=lilt_document_classifier_balanced_V0.1, task_id=img_preprocess_task, run_id=manual__2025-06-23T06:45:10.371530+00:00, map_index=57, execution_date=20250623T064510, start_date=20250623T070820, end_date=20250623T071202
[2025-06-23T16:12:03.157+0900] {local_task_job_runner.py:266} INFO - Task exited with return code 0
[2025-06-23T16:12:03.183+0900] {taskinstance.py:3901} INFO - 0 downstream tasks scheduled from follow-on schedule check
[2025-06-23T16:12:03.193+0900] {local_task_job_runner.py:245} INFO - ::endgroup::
