[2025-06-25T09:08:03.822+0900] {local_task_job_runner.py:123} INFO - ::group::Pre task execution logs
[2025-06-25T09:08:03.998+0900] {taskinstance.py:2614} INFO - Dependencies all met for dep_context=non-requeueable deps ti=<TaskInstance: lilt_document_classifier_balanced_V0.1.img_preprocess_task__1 manual__2025-06-25T00:04:18.909063+00:00 map_index=22 [queued]>
[2025-06-25T09:08:04.049+0900] {taskinstance.py:2614} INFO - Dependencies all met for dep_context=requeueable deps ti=<TaskInstance: lilt_document_classifier_balanced_V0.1.img_preprocess_task__1 manual__2025-06-25T00:04:18.909063+00:00 map_index=22 [queued]>
[2025-06-25T09:08:04.064+0900] {taskinstance.py:2867} INFO - Starting attempt 1 of 1
[2025-06-25T09:08:04.128+0900] {taskinstance.py:2890} INFO - Executing <Mapped(_PythonDecoratedOperator): img_preprocess_task__1> on 2025-06-25 00:04:18.909063+00:00
[2025-06-25T09:08:04.166+0900] {warnings.py:112} WARNING - /home/***/.local/lib/python3.12/site-packages/***/task/task_runner/standard_task_runner.py:70: DeprecationWarning: This process (pid=73003) is multi-threaded, use of fork() may lead to deadlocks in the child.
  pid = os.fork()

[2025-06-25T09:08:04.170+0900] {standard_task_runner.py:72} INFO - Started process 73028 to run task
[2025-06-25T09:08:04.172+0900] {standard_task_runner.py:104} INFO - Running: ['***', 'tasks', 'run', 'lilt_document_classifier_balanced_V0.1', 'img_preprocess_task__1', 'manual__2025-06-25T00:04:18.909063+00:00', '--job-id', '4844', '--raw', '--subdir', 'DAGS_FOLDER/class_create_dag.py', '--cfg-path', '/tmp/tmpjz9hui49', '--map-index', '22']
[2025-06-25T09:08:04.175+0900] {standard_task_runner.py:105} INFO - Job 4844: Subtask img_preprocess_task__1
[2025-06-25T09:08:04.373+0900] {task_command.py:467} INFO - Running <TaskInstance: lilt_document_classifier_balanced_V0.1.img_preprocess_task__1 manual__2025-06-25T00:04:18.909063+00:00 map_index=22 [running]> on host f6d4228a9eb8
[2025-06-25T09:08:04.653+0900] {taskinstance.py:3134} INFO - Exporting env vars: AIRFLOW_CTX_DAG_OWNER='***' AIRFLOW_CTX_DAG_ID='lilt_document_classifier_balanced_V0.1' AIRFLOW_CTX_TASK_ID='img_preprocess_task__1' AIRFLOW_CTX_EXECUTION_DATE='2025-06-25T00:04:18.909063+00:00' AIRFLOW_CTX_TRY_NUMBER='1' AIRFLOW_CTX_DAG_RUN_ID='manual__2025-06-25T00:04:18.909063+00:00'
[2025-06-25T09:08:04.657+0900] {taskinstance.py:732} INFO - ::endgroup::
[2025-06-25T09:08:04.662+0900] {logging_mixin.py:190} INFO - empty map check {} {'process_id': '_f80e52d2-0ef5-43b6-aaa0-985dad4cf10b_pre', 'folder_path': 'f229a942-e117-4adf-a8b4-9da9c057612a/f80e52d2-0ef5-43b6-aaa0-985dad4cf10b', 'step_list': [{'name': 'cache', 'param': {'cache_key': 'origin'}}, {'name': 'calc_angle_set2', 'param': {'angle_key': 'angle1', 'iterations': 4, 'iter_save': False}}, {'name': 'text_orientation_set', 'param': {'angle_key': 'angle2', 'iterations': 4, 'iter_save': False}}, {'name': 'load', 'param': {'cache_key': 'origin'}}, {'name': 'rotate', 'param': {'angle_key': 'angle1'}}, {'name': 'rotate', 'param': {'angle_key': 'angle2'}}], 'result_file_map': {}}
[2025-06-25T09:08:04.683+0900] {logging_mixin.py:190} INFO - step : cache
[2025-06-25T09:08:04.686+0900] {logging_mixin.py:190} INFO - step : calc_angle_set2
[2025-06-25T09:08:10.348+0900] {logging_mixin.py:190} INFO - osd 1 0.0 0.0 20 138557 [93142, 93562, 94956, 96693, 98047, 99757, 101318, 102793, 104521, 106168, 109505, 111381, 112853, 114931, 117313, 119184, 120844, 130057, 133243, 136063, 138557, 119389, 117643, 116470, 114064, 112379, 111007, 109699, 108697, 107124, 105700, 103901, 102527, 101246, 99872, 98497, 96852, 95516, 94121, 92755, 91549]
[2025-06-25T09:08:15.170+0900] {logging_mixin.py:190} INFO - osd 2 0.0 0.0 20 138557 [93142, 93562, 94956, 96693, 98047, 99757, 101318, 102793, 104521, 106168, 109505, 111381, 112853, 114931, 117313, 119184, 120844, 130057, 133243, 136063, 138557, 119389, 117643, 116470, 114064, 112379, 111007, 109699, 108697, 107124, 105700, 103901, 102527, 101246, 99872, 98497, 96852, 95516, 94121, 92755, 91549]
[2025-06-25T09:08:18.115+0900] {logging_mixin.py:190} INFO - osd 3 0.0 0.0 20 138557 [93142, 93562, 94956, 96693, 98047, 99757, 101318, 102793, 104521, 106168, 109505, 111381, 112853, 114931, 117313, 119184, 120844, 130057, 133243, 136063, 138557, 119389, 117643, 116470, 114064, 112379, 111007, 109699, 108697, 107124, 105700, 103901, 102527, 101246, 99872, 98497, 96852, 95516, 94121, 92755, 91549]
[2025-06-25T09:08:21.803+0900] {logging_mixin.py:190} INFO - osd 4 0.0 0.0 20 138557 [93142, 93562, 94956, 96693, 98047, 99757, 101318, 102793, 104521, 106168, 109505, 111381, 112853, 114931, 117313, 119184, 120844, 130057, 133243, 136063, 138557, 119389, 117643, 116470, 114064, 112379, 111007, 109699, 108697, 107124, 105700, 103901, 102527, 101246, 99872, 98497, 96852, 95516, 94121, 92755, 91549]
[2025-06-25T09:08:21.834+0900] {logging_mixin.py:190} INFO - step : text_orientation_set
[2025-06-25T09:08:27.424+0900] {logging_mixin.py:190} INFO - Tesseract OSD Error: (1, 'Estimating resolution as 102 Warning. Invalid resolution 0 dpi. Using 70 instead. Too few characters. Skipping this page Error during processing.')
[2025-06-25T09:08:27.425+0900] {logging_mixin.py:190} INFO - step : load
[2025-06-25T09:08:27.425+0900] {logging_mixin.py:190} INFO - step : rotate
[2025-06-25T09:08:27.448+0900] {logging_mixin.py:190} INFO - step : rotate
[2025-06-25T09:08:27.658+0900] {logging_mixin.py:190} INFO - file_copy: /opt/***/data/temp/f229a942-e117-4adf-a8b4-9da9c057612a/f80e52d2-0ef5-43b6-aaa0-985dad4cf10b/_result.png
[2025-06-25T09:08:27.684+0900] {python.py:240} INFO - Done. Returned value was: {'file_id': 'f229a942-e117-4adf-a8b4-9da9c057612a', 'file_path': '/opt/***/data/class/a_class/classify/ready/false/copied_35_50634669-4672.png', 'false': {'process_id': '_f80e52d2-0ef5-43b6-aaa0-985dad4cf10b_pre', 'folder_path': 'f229a942-e117-4adf-a8b4-9da9c057612a/f80e52d2-0ef5-43b6-aaa0-985dad4cf10b', 'step_list': [{'name': 'cache', 'param': {'cache_key': 'origin'}}, {'name': 'calc_angle_set2', 'param': {'angle_key': 'angle1', 'iterations': 4, 'iter_save': False}}, {'name': 'text_orientation_set', 'param': {'angle_key': 'angle2', 'iterations': 4, 'iter_save': False}}, {'name': 'load', 'param': {'cache_key': 'origin'}}, {'name': 'rotate', 'param': {'angle_key': 'angle1'}}, {'name': 'rotate', 'param': {'angle_key': 'angle2'}}], 'result_file_map': {'_result': '/opt/***/data/temp/f229a942-e117-4adf-a8b4-9da9c057612a/f80e52d2-0ef5-43b6-aaa0-985dad4cf10b/_result.png'}}}
[2025-06-25T09:08:27.744+0900] {taskinstance.py:341} INFO - ::group::Post task execution logs
[2025-06-25T09:08:27.746+0900] {taskinstance.py:353} INFO - Marking task as SUCCESS. dag_id=lilt_document_classifier_balanced_V0.1, task_id=img_preprocess_task__1, run_id=manual__2025-06-25T00:04:18.909063+00:00, map_index=22, execution_date=20250625T000418, start_date=20250625T000804, end_date=20250625T000827
[2025-06-25T09:08:27.867+0900] {local_task_job_runner.py:266} INFO - Task exited with return code 0
[2025-06-25T09:08:27.984+0900] {taskinstance.py:3901} INFO - 0 downstream tasks scheduled from follow-on schedule check
[2025-06-25T09:08:27.996+0900] {local_task_job_runner.py:245} INFO - ::endgroup::
