[2025-05-28T07:28:47.248+0000] {local_task_job_runner.py:123} INFO - ::group::Pre task execution logs
[2025-05-28T07:28:47.428+0000] {taskinstance.py:2614} INFO - Dependencies all met for dep_context=non-requeueable deps ti=<TaskInstance: image_processing_per_file_v2.preprocess_group.file_copy_task manual__2025-05-28T07:28:29.907000+00:00 map_index=11 [queued]>
[2025-05-28T07:28:47.570+0000] {taskinstance.py:2614} INFO - Dependencies all met for dep_context=requeueable deps ti=<TaskInstance: image_processing_per_file_v2.preprocess_group.file_copy_task manual__2025-05-28T07:28:29.907000+00:00 map_index=11 [queued]>
[2025-05-28T07:28:47.574+0000] {taskinstance.py:2867} INFO - Starting attempt 1 of 1
[2025-05-28T07:28:47.647+0000] {taskinstance.py:2890} INFO - Executing <Task(_PythonDecoratedOperator): preprocess_group.file_copy_task> on 2025-05-28 07:28:29.907000+00:00
[2025-05-28T07:28:47.705+0000] {logging_mixin.py:190} WARNING - /home/***/.local/lib/python3.12/site-packages/***/task/task_runner/standard_task_runner.py:70 DeprecationWarning: This process (pid=45943) is multi-threaded, use of fork() may lead to deadlocks in the child.
[2025-05-28T07:28:47.717+0000] {standard_task_runner.py:72} INFO - Started process 45967 to run task
[2025-05-28T07:28:47.742+0000] {standard_task_runner.py:104} INFO - Running: ['***', 'tasks', 'run', 'image_processing_per_file_v2', 'preprocess_group.file_copy_task', 'manual__2025-05-28T07:28:29.907000+00:00', '--job-id', '108', '--raw', '--subdir', 'DAGS_FOLDER/test_dag.py', '--cfg-path', '/tmp/tmpmo664awz', '--map-index', '11']
[2025-05-28T07:28:47.781+0000] {standard_task_runner.py:105} INFO - Job 108: Subtask preprocess_group.file_copy_task
[2025-05-28T07:28:48.176+0000] {task_command.py:467} INFO - Running <TaskInstance: image_processing_per_file_v2.preprocess_group.file_copy_task manual__2025-05-28T07:28:29.907000+00:00 map_index=11 [running]> on host 293edbf976f9
[2025-05-28T07:28:48.838+0000] {taskinstance.py:3134} INFO - Exporting env vars: AIRFLOW_CTX_DAG_OWNER='***' AIRFLOW_CTX_DAG_ID='image_processing_per_file_v2' AIRFLOW_CTX_TASK_ID='preprocess_group.file_copy_task' AIRFLOW_CTX_EXECUTION_DATE='2025-05-28T07:28:29.907000+00:00' AIRFLOW_CTX_TRY_NUMBER='1' AIRFLOW_CTX_DAG_RUN_ID='manual__2025-05-28T07:28:29.907000+00:00'
[2025-05-28T07:28:48.845+0000] {logging_mixin.py:190} INFO - Task instance is in running state
[2025-05-28T07:28:48.849+0000] {logging_mixin.py:190} INFO -  Previous state of the Task instance: queued
[2025-05-28T07:28:48.853+0000] {logging_mixin.py:190} INFO - Current task name:preprocess_group.file_copy_task state:running start_date:2025-05-28 07:28:47.430597+00:00
[2025-05-28T07:28:48.864+0000] {logging_mixin.py:190} INFO - Dag name:image_processing_per_file_v2 and current dag run status:running
[2025-05-28T07:28:48.865+0000] {taskinstance.py:732} INFO - ::endgroup::
[2025-05-28T07:28:48.939+0000] {logging_mixin.py:190} INFO - copy: /opt/***/data/result/test/스크린샷 2025-05-23 143432 - 복사본 - 복사본(1).png
[2025-05-28T07:28:48.940+0000] {python.py:240} INFO - Done. Returned value was: /opt/***/data/result/test/스크린샷 2025-05-23 143432 - 복사본 - 복사본(1).png
[2025-05-28T07:28:49.004+0000] {taskinstance.py:341} INFO - ::group::Post task execution logs
[2025-05-28T07:28:49.005+0000] {taskinstance.py:353} INFO - Marking task as SUCCESS. dag_id=image_processing_per_file_v2, task_id=preprocess_group.file_copy_task, run_id=manual__2025-05-28T07:28:29.907000+00:00, map_index=11, execution_date=20250528T072829, start_date=20250528T072847, end_date=20250528T072849
[2025-05-28T07:28:49.091+0000] {logging_mixin.py:190} INFO - Task instance in success state
[2025-05-28T07:28:49.092+0000] {logging_mixin.py:190} INFO -  Previous state of the Task instance: running
[2025-05-28T07:28:49.093+0000] {logging_mixin.py:190} INFO - Dag name:image_processing_per_file_v2 queued_at:2025-05-28 07:28:29.962745+00:00
[2025-05-28T07:28:49.094+0000] {logging_mixin.py:190} INFO - Task hostname:293edbf976f9 operator:_PythonDecoratedOperator
[2025-05-28T07:28:49.183+0000] {local_task_job_runner.py:266} INFO - Task exited with return code 0
[2025-05-28T07:28:49.299+0000] {taskinstance.py:3901} INFO - 0 downstream tasks scheduled from follow-on schedule check
[2025-05-28T07:28:49.308+0000] {local_task_job_runner.py:245} INFO - ::endgroup::
