[2025-06-24T11:51:21.211+0900] {local_task_job_runner.py:123} INFO - ::group::Pre task execution logs
[2025-06-24T11:51:21.317+0900] {taskinstance.py:2614} INFO - Dependencies all met for dep_context=non-requeueable deps ti=<TaskInstance: lilt_document_classifier_balanced_V0.1.img_preprocess_task manual__2025-06-24T02:31:44.485922+00:00 map_index=73 [queued]>
[2025-06-24T11:51:21.354+0900] {taskinstance.py:2614} INFO - Dependencies all met for dep_context=requeueable deps ti=<TaskInstance: lilt_document_classifier_balanced_V0.1.img_preprocess_task manual__2025-06-24T02:31:44.485922+00:00 map_index=73 [queued]>
[2025-06-24T11:51:21.359+0900] {taskinstance.py:2867} INFO - Starting attempt 1 of 1
[2025-06-24T11:51:21.388+0900] {taskinstance.py:2890} INFO - Executing <Mapped(_PythonDecoratedOperator): img_preprocess_task> on 2025-06-24 02:31:44.485922+00:00
[2025-06-24T11:51:21.406+0900] {warnings.py:112} WARNING - /home/***/.local/lib/python3.12/site-packages/***/task/task_runner/standard_task_runner.py:70: DeprecationWarning: This process (pid=36432) is multi-threaded, use of fork() may lead to deadlocks in the child.
  pid = os.fork()

[2025-06-24T11:51:21.441+0900] {standard_task_runner.py:72} INFO - Started process 36459 to run task
[2025-06-24T11:51:21.408+0900] {standard_task_runner.py:104} INFO - Running: ['***', 'tasks', 'run', 'lilt_document_classifier_balanced_V0.1', 'img_preprocess_task', 'manual__2025-06-24T02:31:44.485922+00:00', '--job-id', '3883', '--raw', '--subdir', 'DAGS_FOLDER/class_create_dag.py', '--cfg-path', '/tmp/tmp4q9sbq8n', '--map-index', '73']
[2025-06-24T11:51:21.475+0900] {standard_task_runner.py:105} INFO - Job 3883: Subtask img_preprocess_task
[2025-06-24T11:51:21.828+0900] {task_command.py:467} INFO - Running <TaskInstance: lilt_document_classifier_balanced_V0.1.img_preprocess_task manual__2025-06-24T02:31:44.485922+00:00 map_index=73 [running]> on host f6d4228a9eb8
[2025-06-24T11:51:22.528+0900] {taskinstance.py:3134} INFO - Exporting env vars: AIRFLOW_CTX_DAG_OWNER='***' AIRFLOW_CTX_DAG_ID='lilt_document_classifier_balanced_V0.1' AIRFLOW_CTX_TASK_ID='img_preprocess_task' AIRFLOW_CTX_EXECUTION_DATE='2025-06-24T02:31:44.485922+00:00' AIRFLOW_CTX_TRY_NUMBER='1' AIRFLOW_CTX_DAG_RUN_ID='manual__2025-06-24T02:31:44.485922+00:00'
[2025-06-24T11:51:22.572+0900] {taskinstance.py:732} INFO - ::endgroup::
[2025-06-24T11:51:22.586+0900] {logging_mixin.py:190} INFO - empty map check {} {'process_id': '_7a34588b-1fd4-44bd-9281-343558d51185_pre', 'folder_path': '5ff92a39-ed25-4522-89d9-11642b644c42/7a34588b-1fd4-44bd-9281-343558d51185', 'step_list': [{'name': 'cache', 'param': {'key': 'origin'}}, {'name': 'calc_angle_set2', 'param': {'key': 'angle1', 'iterations': 4, 'iter_save': True}}, {'name': 'save', 'param': {'key': 'ag1'}}, {'name': 'text_orientation_set', 'param': {'key': 'angle2', 'iterations': 4, 'iter_save': True}}, {'name': 'save', 'param': {'key': 'ag2'}}, {'name': 'load', 'param': {'key': 'origin'}}, {'name': 'rotate', 'param': {'key': 'angle1'}}, {'name': 'rotate', 'param': {'key': 'angle2'}}], 'result_file_map': {}}
[2025-06-24T11:51:22.589+0900] {logging_mixin.py:190} INFO - step : cache
[2025-06-24T11:51:22.590+0900] {logging_mixin.py:190} INFO - step : calc_angle_set2
[2025-06-24T11:51:55.599+0900] {logging_mixin.py:190} INFO - osd 1 5.0 5.0 40 866663 [864255, 824474, 782433, 739114, 697984, 656296, 615936, 576009, 537286, 496600, 460437, 425314, 390298, 358074, 330246, 301435, 272336, 243351, 214889, 186168, 159524, 186183, 214505, 243398, 272426, 301559, 330837, 358114, 390603, 425582, 460628, 497337, 537650, 576311, 617265, 657580, 699523, 741027, 784016, 827157, 866663]
[2025-06-24T11:52:35.415+0900] {logging_mixin.py:190} INFO - osd 2 0.0 -5.0 0 2210242 [2210242, 2141208, 2074465, 2003429, 1928868, 1858646, 1787448, 1712143, 1640902, 1562923, 1492142, 1418604, 1346323, 1278785, 1207270, 1141880, 1073604, 1011426, 953013, 889528, 829938, 878059, 929960, 977110, 1026378, 1079931, 1130599, 1184556, 1233751, 1285049, 1336757, 1386415, 1442749, 1492077, 1546465, 1596899, 1649047, 1704698, 1758664, 1809639, 1865112]
[2025-06-24T11:53:24.542+0900] {logging_mixin.py:190} INFO - osd 3 5.0 5.0 40 3535071 [3502489, 3431180, 3366590, 3298698, 3235550, 3169031, 3106270, 3035195, 2969832, 2903430, 2838221, 2772391, 2702551, 2637217, 2568547, 2504719, 2435729, 2367498, 2300160, 2232504, 2167341, 2235101, 2305158, 2375584, 2446042, 2516915, 2583856, 2653874, 2721479, 2791597, 2859620, 2926011, 2993642, 3060817, 3133262, 3197586, 3265375, 3329701, 3398984, 3464272, 3535071]
[2025-06-24T11:54:27.383+0900] {logging_mixin.py:190} INFO - osd 4 0.0 -5.0 0 5548287 [5548287, 5448118, 5346784, 5245369, 5143964, 5043259, 4937561, 4831213, 4729631, 4624264, 4523293, 4412060, 4311534, 4200990, 4096544, 3992118, 3887462, 3779539, 3672188, 3564142, 3467500, 3539180, 3621141, 3703702, 3787749, 3869881, 3951479, 4034345, 4124625, 4204766, 4295346, 4378363, 4467745, 4551176, 4641714, 4733889, 4823239, 4913648, 5004492, 5096271, 5189901]
[2025-06-24T11:54:27.850+0900] {logging_mixin.py:190} INFO - step : save
[2025-06-24T11:54:32.619+0900] {logging_mixin.py:190} INFO - file_copy: /opt/***/data/temp/5ff92a39-ed25-4522-89d9-11642b644c42/7a34588b-1fd4-44bd-9281-343558d51185/ag1.png
[2025-06-24T11:54:32.727+0900] {logging_mixin.py:190} INFO - step : text_orientation_set
[2025-06-24T11:54:46.119+0900] {logging_mixin.py:190} INFO - file_copy: /opt/***/data/temp/5ff92a39-ed25-4522-89d9-11642b644c42/7a34588b-1fd4-44bd-9281-343558d51185/rotate2_1.png
[2025-06-24T11:54:54.619+0900] {logging_mixin.py:190} INFO - osd 1 break  0 0 12.08 Japanese 0.46
[2025-06-24T11:54:54.628+0900] {logging_mixin.py:190} INFO - step : save
[2025-06-24T11:54:56.700+0900] {logging_mixin.py:190} INFO - file_copy: /opt/***/data/temp/5ff92a39-ed25-4522-89d9-11642b644c42/7a34588b-1fd4-44bd-9281-343558d51185/ag2.png
[2025-06-24T11:54:56.722+0900] {logging_mixin.py:190} INFO - step : load
[2025-06-24T11:54:56.723+0900] {logging_mixin.py:190} INFO - step : rotate
[2025-06-24T11:54:57.171+0900] {logging_mixin.py:190} INFO - step : rotate
[2025-06-24T11:54:57.702+0900] {logging_mixin.py:190} INFO - file_copy: /opt/***/data/temp/5ff92a39-ed25-4522-89d9-11642b644c42/7a34588b-1fd4-44bd-9281-343558d51185/_result.png
[2025-06-24T11:54:57.724+0900] {python.py:240} INFO - Done. Returned value was: {'file_id': '5ff92a39-ed25-4522-89d9-11642b644c42', 'file_path': '/opt/***/data/class/a_class/classify/ready/true/쌍문동 명준빌딩 - 정부24 - 건축물대장 등본(초본) 발급(열람) _ 문서출력_page_1_aug1.png', 'true': {'process_id': '_7a34588b-1fd4-44bd-9281-343558d51185_pre', 'folder_path': '5ff92a39-ed25-4522-89d9-11642b644c42/7a34588b-1fd4-44bd-9281-343558d51185', 'step_list': [{'name': 'cache', 'param': {'key': 'origin'}}, {'name': 'calc_angle_set2', 'param': {'key': 'angle1', 'iterations': 4, 'iter_save': True}}, {'name': 'save', 'param': {'key': 'ag1'}}, {'name': 'text_orientation_set', 'param': {'key': 'angle2', 'iterations': 4, 'iter_save': True}}, {'name': 'save', 'param': {'key': 'ag2'}}, {'name': 'load', 'param': {'key': 'origin'}}, {'name': 'rotate', 'param': {'key': 'angle1'}}, {'name': 'rotate', 'param': {'key': 'angle2'}}], 'result_file_map': {'ag1': '/opt/***/data/temp/5ff92a39-ed25-4522-89d9-11642b644c42/7a34588b-1fd4-44bd-9281-343558d51185/ag1.png', 'rotate2_1': '/opt/***/data/temp/5ff92a39-ed25-4522-89d9-11642b644c42/7a34588b-1fd4-44bd-9281-343558d51185/rotate2_1.png', 'ag2': '/opt/***/data/temp/5ff92a39-ed25-4522-89d9-11642b644c42/7a34588b-1fd4-44bd-9281-343558d51185/ag2.png', '_result': '/opt/***/data/temp/5ff92a39-ed25-4522-89d9-11642b644c42/7a34588b-1fd4-44bd-9281-343558d51185/_result.png'}}}
[2025-06-24T11:54:57.815+0900] {taskinstance.py:341} INFO - ::group::Post task execution logs
[2025-06-24T11:54:57.822+0900] {taskinstance.py:353} INFO - Marking task as SUCCESS. dag_id=lilt_document_classifier_balanced_V0.1, task_id=img_preprocess_task, run_id=manual__2025-06-24T02:31:44.485922+00:00, map_index=73, execution_date=20250624T023144, start_date=20250624T025121, end_date=20250624T025457
[2025-06-24T11:54:58.038+0900] {local_task_job_runner.py:266} INFO - Task exited with return code 0
[2025-06-24T11:54:58.337+0900] {taskinstance.py:3901} INFO - 0 downstream tasks scheduled from follow-on schedule check
[2025-06-24T11:54:58.349+0900] {local_task_job_runner.py:245} INFO - ::endgroup::
