[2025-06-09T06:50:14.603+0000] {local_task_job_runner.py:123} INFO - ::group::Pre task execution logs
[2025-06-09T06:50:14.625+0000] {taskinstance.py:2614} INFO - Dependencies all met for dep_context=non-requeueable deps ti=<TaskInstance: image_ocr_v2.img_preprocess_task manual__2025-06-09T06:50:06.078122+00:00 map_index=3 [queued]>
[2025-06-09T06:50:14.636+0000] {taskinstance.py:2614} INFO - Dependencies all met for dep_context=requeueable deps ti=<TaskInstance: image_ocr_v2.img_preprocess_task manual__2025-06-09T06:50:06.078122+00:00 map_index=3 [queued]>
[2025-06-09T06:50:14.637+0000] {taskinstance.py:2867} INFO - Starting attempt 1 of 1
[2025-06-09T06:50:14.651+0000] {taskinstance.py:2890} INFO - Executing <Mapped(_PythonDecoratedOperator): img_preprocess_task> on 2025-06-09 06:50:06.078122+00:00
[2025-06-09T06:50:14.658+0000] {warnings.py:112} WARNING - /home/***/.local/lib/python3.12/site-packages/***/task/task_runner/standard_task_runner.py:70: DeprecationWarning: This process (pid=4453) is multi-threaded, use of fork() may lead to deadlocks in the child.
  pid = os.fork()

[2025-06-09T06:50:14.660+0000] {standard_task_runner.py:72} INFO - Started process 4463 to run task
[2025-06-09T06:50:14.660+0000] {standard_task_runner.py:104} INFO - Running: ['***', 'tasks', 'run', 'image_ocr_v2', 'img_preprocess_task', 'manual__2025-06-09T06:50:06.078122+00:00', '--job-id', '139', '--raw', '--subdir', 'DAGS_FOLDER/test_dag.py', '--cfg-path', '/tmp/tmpsyrwjrk8', '--map-index', '3']
[2025-06-09T06:50:14.667+0000] {standard_task_runner.py:105} INFO - Job 139: Subtask img_preprocess_task
[2025-06-09T06:50:14.707+0000] {task_command.py:467} INFO - Running <TaskInstance: image_ocr_v2.img_preprocess_task manual__2025-06-09T06:50:06.078122+00:00 map_index=3 [running]> on host 85194d6fbd18
[2025-06-09T06:50:14.799+0000] {taskinstance.py:3134} INFO - Exporting env vars: AIRFLOW_CTX_DAG_OWNER='***' AIRFLOW_CTX_DAG_ID='image_ocr_v2' AIRFLOW_CTX_TASK_ID='img_preprocess_task' AIRFLOW_CTX_EXECUTION_DATE='2025-06-09T06:50:06.078122+00:00' AIRFLOW_CTX_TRY_NUMBER='1' AIRFLOW_CTX_DAG_RUN_ID='manual__2025-06-09T06:50:06.078122+00:00'
[2025-06-09T06:50:14.800+0000] {taskinstance.py:732} INFO - ::endgroup::
[2025-06-09T06:50:14.804+0000] {logging_mixin.py:190} INFO - empty map check {} {'process_id': '007267bc-9371-4e45-bfde-c40a310490b4', 'folder_path': 'f61e502f-1681-4004-a41a-49a6d485ac01/007267bc-9371-4e45-bfde-c40a310490b4', 'step_list': [{'name': 'cache', 'param': {'key': 'origin'}}, {'name': 'before_angle1', 'param': {}}, {'name': 'save', 'param': {'key': 'before_angle1'}}, {'name': 'calc_angle1', 'param': {'key': 'angle1'}}, {'name': 'load', 'param': {'key': 'origin'}}, {'name': 'rotate', 'param': {'key': 'angle1'}}, {'name': 'cache', 'param': {'key': 'rotate1'}}, {'name': 'save', 'param': {'key': 'rotate1'}}, {'name': 'before_angle2', 'param': {}}, {'name': 'calc_angle2', 'param': {'key': 'angle2'}}, {'name': 'cache', 'param': {'key': 'rotate1'}}, {'name': 'rotate', 'param': {'key': 'angle2'}}, {'name': 'save', 'param': {'key': 'rotate2'}}, {'name': 'scale1', 'param': {'width': 500, 'height': 500}}, {'name': 'binary2', 'param': {}}, {'name': 'morphology1', 'param': {}}, {'name': 'save', 'param': {'key': 'classify_preprocess'}}], 'result_file_list': []}
[2025-06-09T06:50:14.804+0000] {logging_mixin.py:190} INFO - step : cache
[2025-06-09T06:50:14.805+0000] {logging_mixin.py:190} INFO - step : before_angle1
[2025-06-09T06:50:14.837+0000] {logging_mixin.py:190} INFO - step : save
[2025-06-09T06:50:14.859+0000] {logging_mixin.py:190} INFO - file_copy: /opt/***/data/temp/98cfe8fd-649e-429d-af82-463222ed8147.png /opt/***/data/result/f61e502f-1681-4004-a41a-49a6d485ac01/007267bc-9371-4e45-bfde-c40a310490b4/before_angle1.png
[2025-06-09T06:50:14.861+0000] {logging_mixin.py:190} INFO - step : calc_angle1
[2025-06-09T06:50:14.890+0000] {logging_mixin.py:190} INFO - 가로선 보정 각도: -0.08도
[2025-06-09T06:50:14.890+0000] {logging_mixin.py:190} INFO - step : load
[2025-06-09T06:50:14.891+0000] {logging_mixin.py:190} INFO - step : rotate
[2025-06-09T06:50:14.954+0000] {logging_mixin.py:190} INFO - step : cache
[2025-06-09T06:50:15.161+0000] {logging_mixin.py:190} INFO - step : save
[2025-06-09T06:50:15.162+0000] {logging_mixin.py:190} INFO - file_copy: /opt/***/data/temp/024f5ffa-d3f3-419d-b968-69bc1234fb03.png /opt/***/data/result/f61e502f-1681-4004-a41a-49a6d485ac01/007267bc-9371-4e45-bfde-c40a310490b4/rotate1.png
[2025-06-09T06:50:15.169+0000] {logging_mixin.py:190} INFO - step : before_angle2
[2025-06-09T06:50:15.228+0000] {logging_mixin.py:190} INFO - step : calc_angle2
[2025-06-09T06:50:16.397+0000] {logging_mixin.py:190} INFO - step : cache
[2025-06-09T06:50:16.415+0000] {logging_mixin.py:190} INFO - step : rotate
[2025-06-09T06:50:16.479+0000] {logging_mixin.py:190} INFO - step : save
[2025-06-09T06:50:16.549+0000] {logging_mixin.py:190} INFO - file_copy: /opt/***/data/temp/c497e0a8-9bd3-440e-9dd2-407018440d20.png /opt/***/data/result/f61e502f-1681-4004-a41a-49a6d485ac01/007267bc-9371-4e45-bfde-c40a310490b4/rotate2.png
[2025-06-09T06:50:16.554+0000] {logging_mixin.py:190} INFO - step : scale1
[2025-06-09T06:50:16.597+0000] {logging_mixin.py:190} INFO - step : binary2
[2025-06-09T06:50:16.598+0000] {logging_mixin.py:190} INFO - step : morphology1
[2025-06-09T06:50:16.599+0000] {logging_mixin.py:190} INFO - step : save
[2025-06-09T06:50:16.603+0000] {logging_mixin.py:190} INFO - file_copy: /opt/***/data/temp/2d47489f-735c-4902-8120-994eea0d127c.png /opt/***/data/result/f61e502f-1681-4004-a41a-49a6d485ac01/007267bc-9371-4e45-bfde-c40a310490b4/classify_preprocess.png
[2025-06-09T06:50:16.610+0000] {python.py:240} INFO - Done. Returned value was: {'file_id': 'f61e502f-1681-4004-a41a-49a6d485ac01', 'file_path': '/opt/***/data/upload/Gas Engine 점검일지_ 2021년 2월.pdf-image-013.jpg', 'preprocess_list': [{'process_id': '007267bc-9371-4e45-bfde-c40a310490b4', 'folder_path': 'f61e502f-1681-4004-a41a-49a6d485ac01/007267bc-9371-4e45-bfde-c40a310490b4', 'step_list': [{'name': 'cache', 'param': {'key': 'origin'}}, {'name': 'before_angle1', 'param': {}}, {'name': 'save', 'param': {'key': 'before_angle1'}}, {'name': 'calc_angle1', 'param': {'key': 'angle1'}}, {'name': 'load', 'param': {'key': 'origin'}}, {'name': 'rotate', 'param': {'key': 'angle1'}}, {'name': 'cache', 'param': {'key': 'rotate1'}}, {'name': 'save', 'param': {'key': 'rotate1'}}, {'name': 'before_angle2', 'param': {}}, {'name': 'calc_angle2', 'param': {'key': 'angle2'}}, {'name': 'cache', 'param': {'key': 'rotate1'}}, {'name': 'rotate', 'param': {'key': 'angle2'}}, {'name': 'save', 'param': {'key': 'rotate2'}}, {'name': 'scale1', 'param': {'width': 500, 'height': 500}}, {'name': 'binary2', 'param': {}}, {'name': 'morphology1', 'param': {}}, {'name': 'save', 'param': {'key': 'classify_preprocess'}}], 'result_file_list': [{'before_angle1': '/opt/***/data/result/f61e502f-1681-4004-a41a-49a6d485ac01/007267bc-9371-4e45-bfde-c40a310490b4/before_angle1.png'}, {'rotate1': '/opt/***/data/result/f61e502f-1681-4004-a41a-49a6d485ac01/007267bc-9371-4e45-bfde-c40a310490b4/rotate1.png'}, {'rotate2': '/opt/***/data/result/f61e502f-1681-4004-a41a-49a6d485ac01/007267bc-9371-4e45-bfde-c40a310490b4/rotate2.png'}, {'classify_preprocess': '/opt/***/data/result/f61e502f-1681-4004-a41a-49a6d485ac01/007267bc-9371-4e45-bfde-c40a310490b4/classify_preprocess.png'}]}]}
[2025-06-09T06:50:16.639+0000] {taskinstance.py:341} INFO - ::group::Post task execution logs
[2025-06-09T06:50:16.640+0000] {taskinstance.py:353} INFO - Marking task as SUCCESS. dag_id=image_ocr_v2, task_id=img_preprocess_task, run_id=manual__2025-06-09T06:50:06.078122+00:00, map_index=3, execution_date=20250609T065006, start_date=20250609T065014, end_date=20250609T065016
[2025-06-09T06:50:16.691+0000] {local_task_job_runner.py:266} INFO - Task exited with return code 0
[2025-06-09T06:50:16.707+0000] {taskinstance.py:3901} INFO - 0 downstream tasks scheduled from follow-on schedule check
[2025-06-09T06:50:16.712+0000] {local_task_job_runner.py:245} INFO - ::endgroup::
