[2025-06-19T18:35:48.494+0900] {local_task_job_runner.py:123} INFO - ::group::Pre task execution logs
[2025-06-19T18:35:48.530+0900] {taskinstance.py:2614} INFO - Dependencies all met for dep_context=non-requeueable deps ti=<TaskInstance: lilt_document_classifier_balanced_V0.1.img_preprocess_task manual__2025-06-19T09:32:07.760195+00:00 map_index=71 [queued]>
[2025-06-19T18:35:48.547+0900] {taskinstance.py:2614} INFO - Dependencies all met for dep_context=requeueable deps ti=<TaskInstance: lilt_document_classifier_balanced_V0.1.img_preprocess_task manual__2025-06-19T09:32:07.760195+00:00 map_index=71 [queued]>
[2025-06-19T18:35:48.548+0900] {taskinstance.py:2867} INFO - Starting attempt 1 of 1
[2025-06-19T18:35:48.570+0900] {taskinstance.py:2890} INFO - Executing <Mapped(_PythonDecoratedOperator): img_preprocess_task> on 2025-06-19 09:32:07.760195+00:00
[2025-06-19T18:35:48.588+0900] {warnings.py:112} WARNING - /home/***/.local/lib/python3.12/site-packages/***/task/task_runner/standard_task_runner.py:70: DeprecationWarning: This process (pid=12354) is multi-threaded, use of fork() may lead to deadlocks in the child.
  pid = os.fork()

[2025-06-19T18:35:48.593+0900] {standard_task_runner.py:72} INFO - Started process 12424 to run task
[2025-06-19T18:35:48.596+0900] {standard_task_runner.py:104} INFO - Running: ['***', 'tasks', 'run', 'lilt_document_classifier_balanced_V0.1', 'img_preprocess_task', 'manual__2025-06-19T09:32:07.760195+00:00', '--job-id', '1836', '--raw', '--subdir', 'DAGS_FOLDER/class_create_dag.py', '--cfg-path', '/tmp/tmppas0nkk1', '--map-index', '71']
[2025-06-19T18:35:48.602+0900] {standard_task_runner.py:105} INFO - Job 1836: Subtask img_preprocess_task
[2025-06-19T18:35:48.686+0900] {task_command.py:467} INFO - Running <TaskInstance: lilt_document_classifier_balanced_V0.1.img_preprocess_task manual__2025-06-19T09:32:07.760195+00:00 map_index=71 [running]> on host f6d4228a9eb8
[2025-06-19T18:35:48.879+0900] {taskinstance.py:3134} INFO - Exporting env vars: AIRFLOW_CTX_DAG_OWNER='***' AIRFLOW_CTX_DAG_ID='lilt_document_classifier_balanced_V0.1' AIRFLOW_CTX_TASK_ID='img_preprocess_task' AIRFLOW_CTX_EXECUTION_DATE='2025-06-19T09:32:07.760195+00:00' AIRFLOW_CTX_TRY_NUMBER='1' AIRFLOW_CTX_DAG_RUN_ID='manual__2025-06-19T09:32:07.760195+00:00'
[2025-06-19T18:35:48.886+0900] {taskinstance.py:732} INFO - ::endgroup::
[2025-06-19T18:35:48.892+0900] {logging_mixin.py:190} INFO - empty map check {} {'process_id': '_fec7965b-552a-46f6-a280-b37a1f3fd344_pre', 'folder_path': '3dd2a3f9-a7cb-4323-ac78-b8a4692d1f7f/fec7965b-552a-46f6-a280-b37a1f3fd344', 'step_list': [{'name': 'cache', 'param': {'key': 'origin'}}, {'name': 'calc_angle_set1', 'param': {'key': 'angle1', 'iterations': 4, 'iter_save': False}}, {'name': 'text_orientation_set', 'param': {'key': 'angle2', 'iterations': 4, 'iter_save': False}}, {'name': 'load', 'param': {'key': 'origin'}}, {'name': 'rotate', 'param': {'key': 'angle1'}}, {'name': 'rotate', 'param': {'key': 'angle2'}}], 'result_file_map': {}}
[2025-06-19T18:35:48.896+0900] {logging_mixin.py:190} INFO - step : cache
[2025-06-19T18:35:48.897+0900] {logging_mixin.py:190} INFO - step : calc_angle_set1
[2025-06-19T18:35:49.114+0900] {logging_mixin.py:190} INFO - step : text_orientation_set
[2025-06-19T18:36:03.800+0900] {logging_mixin.py:190} INFO - osd 1 break  0 0 7.44 Korean 0.45
[2025-06-19T18:36:03.816+0900] {logging_mixin.py:190} INFO - step : load
[2025-06-19T18:36:03.822+0900] {logging_mixin.py:190} INFO - step : rotate
[2025-06-19T18:36:04.198+0900] {logging_mixin.py:190} INFO - step : rotate
[2025-06-19T18:36:05.777+0900] {logging_mixin.py:190} INFO - file_copy: /opt/***/data/temp/3dd2a3f9-a7cb-4323-ac78-b8a4692d1f7f/fec7965b-552a-46f6-a280-b37a1f3fd344/_result.png
[2025-06-19T18:36:05.798+0900] {python.py:240} INFO - Done. Returned value was: {'file_id': '3dd2a3f9-a7cb-4323-ac78-b8a4692d1f7f', 'file_path': '/opt/***/data/class/a_class/classify/ready/true/경희궁지내 - 정부24 - 건축물대장 등본(초본) 발급(열람) _ 문서출력_page_1_aug1.png', 'true': {'process_id': '_fec7965b-552a-46f6-a280-b37a1f3fd344_pre', 'folder_path': '3dd2a3f9-a7cb-4323-ac78-b8a4692d1f7f/fec7965b-552a-46f6-a280-b37a1f3fd344', 'step_list': [{'name': 'cache', 'param': {'key': 'origin'}}, {'name': 'calc_angle_set1', 'param': {'key': 'angle1', 'iterations': 4, 'iter_save': False}}, {'name': 'text_orientation_set', 'param': {'key': 'angle2', 'iterations': 4, 'iter_save': False}}, {'name': 'load', 'param': {'key': 'origin'}}, {'name': 'rotate', 'param': {'key': 'angle1'}}, {'name': 'rotate', 'param': {'key': 'angle2'}}], 'result_file_map': {'_result': '/opt/***/data/temp/3dd2a3f9-a7cb-4323-ac78-b8a4692d1f7f/fec7965b-552a-46f6-a280-b37a1f3fd344/_result.png'}}}
[2025-06-19T18:36:05.882+0900] {taskinstance.py:341} INFO - ::group::Post task execution logs
[2025-06-19T18:36:05.884+0900] {taskinstance.py:353} INFO - Marking task as SUCCESS. dag_id=lilt_document_classifier_balanced_V0.1, task_id=img_preprocess_task, run_id=manual__2025-06-19T09:32:07.760195+00:00, map_index=71, execution_date=20250619T093207, start_date=20250619T093548, end_date=20250619T093605
[2025-06-19T18:36:06.153+0900] {local_task_job_runner.py:266} INFO - Task exited with return code 0
[2025-06-19T18:36:06.223+0900] {taskinstance.py:3901} INFO - 0 downstream tasks scheduled from follow-on schedule check
[2025-06-19T18:36:06.229+0900] {local_task_job_runner.py:245} INFO - ::endgroup::
