[2025-06-24T15:54:46.221+0900] {local_task_job_runner.py:123} INFO - ::group::Pre task execution logs
[2025-06-24T15:54:46.294+0900] {taskinstance.py:2614} INFO - Dependencies all met for dep_context=non-requeueable deps ti=<TaskInstance: lilt_document_classifier_balanced_V0.1.img_preprocess_task__1 manual__2025-06-24T06:53:42.323966+00:00 map_index=6 [queued]>
[2025-06-24T15:54:46.317+0900] {taskinstance.py:2614} INFO - Dependencies all met for dep_context=requeueable deps ti=<TaskInstance: lilt_document_classifier_balanced_V0.1.img_preprocess_task__1 manual__2025-06-24T06:53:42.323966+00:00 map_index=6 [queued]>
[2025-06-24T15:54:46.317+0900] {taskinstance.py:2867} INFO - Starting attempt 1 of 1
[2025-06-24T15:54:46.354+0900] {taskinstance.py:2890} INFO - Executing <Mapped(_PythonDecoratedOperator): img_preprocess_task__1> on 2025-06-24 06:53:42.323966+00:00
[2025-06-24T15:54:46.384+0900] {warnings.py:112} WARNING - /home/***/.local/lib/python3.12/site-packages/***/task/task_runner/standard_task_runner.py:70: DeprecationWarning: This process (pid=47527) is multi-threaded, use of fork() may lead to deadlocks in the child.
  pid = os.fork()

[2025-06-24T15:54:46.389+0900] {standard_task_runner.py:72} INFO - Started process 47631 to run task
[2025-06-24T15:54:46.384+0900] {standard_task_runner.py:104} INFO - Running: ['***', 'tasks', 'run', 'lilt_document_classifier_balanced_V0.1', 'img_preprocess_task__1', 'manual__2025-06-24T06:53:42.323966+00:00', '--job-id', '4225', '--raw', '--subdir', 'DAGS_FOLDER/class_create_dag.py', '--cfg-path', '/tmp/tmp08b9g85b', '--map-index', '6']
[2025-06-24T15:54:46.398+0900] {standard_task_runner.py:105} INFO - Job 4225: Subtask img_preprocess_task__1
[2025-06-24T15:54:46.519+0900] {task_command.py:467} INFO - Running <TaskInstance: lilt_document_classifier_balanced_V0.1.img_preprocess_task__1 manual__2025-06-24T06:53:42.323966+00:00 map_index=6 [running]> on host f6d4228a9eb8
[2025-06-24T15:54:46.785+0900] {taskinstance.py:3134} INFO - Exporting env vars: AIRFLOW_CTX_DAG_OWNER='***' AIRFLOW_CTX_DAG_ID='lilt_document_classifier_balanced_V0.1' AIRFLOW_CTX_TASK_ID='img_preprocess_task__1' AIRFLOW_CTX_EXECUTION_DATE='2025-06-24T06:53:42.323966+00:00' AIRFLOW_CTX_TRY_NUMBER='1' AIRFLOW_CTX_DAG_RUN_ID='manual__2025-06-24T06:53:42.323966+00:00'
[2025-06-24T15:54:46.799+0900] {taskinstance.py:732} INFO - ::endgroup::
[2025-06-24T15:54:46.808+0900] {logging_mixin.py:190} INFO - empty map check {} {'process_id': '_787cb381-94ea-44dc-abd0-71446c48e481_pre', 'folder_path': '09dc5882-1ba5-404f-979d-c18dd1e2cc40/787cb381-94ea-44dc-abd0-71446c48e481', 'step_list': [{'name': 'cache', 'param': {'key': 'origin'}}, {'name': 'calc_angle_set2', 'param': {'key': 'angle1', 'iterations': 4, 'iter_save': False}}, {'name': 'text_orientation_set', 'param': {'key': 'angle2', 'iterations': 4, 'iter_save': False}}, {'name': 'load', 'param': {'key': 'origin'}}, {'name': 'rotate', 'param': {'key': 'angle1'}}, {'name': 'rotate', 'param': {'key': 'angle2'}}], 'result_file_map': {}}
[2025-06-24T15:54:46.835+0900] {logging_mixin.py:190} INFO - step : cache
[2025-06-24T15:54:46.847+0900] {logging_mixin.py:190} INFO - step : calc_angle_set2
[2025-06-24T15:54:51.964+0900] {logging_mixin.py:190} INFO - osd 1 0.5 0.5 22 78276 [40177, 41276, 42312, 43441, 44613, 45663, 47190, 48828, 50786, 52910, 54954, 56997, 59277, 61329, 63502, 65525, 67724, 69888, 72000, 74318, 76203, 77855, 78276, 77941, 76890, 76140, 75122, 74033, 72808, 70922, 69115, 66649, 64370, 62191, 59527, 57227, 55031, 52650, 50839, 49174, 47690]
[2025-06-24T15:54:57.409+0900] {logging_mixin.py:190} INFO - osd 2 0.75 0.25 21 78165 [42013, 43157, 44207, 45457, 46759, 48415, 50277, 52405, 54616, 56737, 58942, 61141, 63139, 65302, 67524, 69719, 71959, 74046, 76238, 77719, 77930, 78165, 77180, 75837, 74765, 73938, 72623, 70610, 68775, 66417, 63968, 61751, 59136, 56804, 54588, 52195, 50357, 48823, 47346, 45989, 44585]
[2025-06-24T15:55:03.423+0900] {logging_mixin.py:190} INFO - osd 3 0.5 -0.25 19 78132 [43104, 44251, 45393, 46787, 48416, 50207, 52367, 54627, 56749, 58756, 61095, 63194, 65369, 67607, 69672, 71977, 74093, 76108, 77802, 78132, 78121, 77188, 76252, 74856, 73899, 72065, 70457, 68773, 66383, 64101, 61503, 59273, 56781, 54637, 52260, 50454, 48847, 47390, 46037, 44596, 43402]
[2025-06-24T15:55:09.447+0900] {logging_mixin.py:190} INFO - osd 4 0.75 0.25 21 74610 [40335, 41411, 42509, 43637, 44909, 46362, 48142, 49984, 52062, 54105, 56077, 58105, 60118, 62165, 64149, 66131, 68415, 70476, 72575, 74145, 74436, 74610, 73855, 72781, 71850, 70931, 69863, 67982, 66139, 64098, 61928, 59711, 57270, 55254, 52870, 50846, 49195, 47811, 46366, 45065, 43724]
[2025-06-24T15:55:09.479+0900] {logging_mixin.py:190} INFO - step : text_orientation_set
[2025-06-24T15:55:15.799+0900] {logging_mixin.py:190} INFO - osd 1 break  0 0 1.03 Latin 0.76
[2025-06-24T15:55:15.802+0900] {logging_mixin.py:190} INFO - step : load
[2025-06-24T15:55:15.804+0900] {logging_mixin.py:190} INFO - step : rotate
[2025-06-24T15:55:15.912+0900] {logging_mixin.py:190} INFO - step : rotate
[2025-06-24T15:55:16.083+0900] {logging_mixin.py:190} INFO - file_copy: /opt/***/data/temp/09dc5882-1ba5-404f-979d-c18dd1e2cc40/787cb381-94ea-44dc-abd0-71446c48e481/_result.png
[2025-06-24T15:55:16.328+0900] {python.py:240} INFO - Done. Returned value was: {'file_id': '09dc5882-1ba5-404f-979d-c18dd1e2cc40', 'file_path': '/opt/***/data/class/a_class/classify/ready/false/copied_32_2031311102.png', 'false': {'process_id': '_787cb381-94ea-44dc-abd0-71446c48e481_pre', 'folder_path': '09dc5882-1ba5-404f-979d-c18dd1e2cc40/787cb381-94ea-44dc-abd0-71446c48e481', 'step_list': [{'name': 'cache', 'param': {'key': 'origin'}}, {'name': 'calc_angle_set2', 'param': {'key': 'angle1', 'iterations': 4, 'iter_save': False}}, {'name': 'text_orientation_set', 'param': {'key': 'angle2', 'iterations': 4, 'iter_save': False}}, {'name': 'load', 'param': {'key': 'origin'}}, {'name': 'rotate', 'param': {'key': 'angle1'}}, {'name': 'rotate', 'param': {'key': 'angle2'}}], 'result_file_map': {'_result': '/opt/***/data/temp/09dc5882-1ba5-404f-979d-c18dd1e2cc40/787cb381-94ea-44dc-abd0-71446c48e481/_result.png'}}}
[2025-06-24T15:55:16.559+0900] {taskinstance.py:341} INFO - ::group::Post task execution logs
[2025-06-24T15:55:16.560+0900] {taskinstance.py:353} INFO - Marking task as SUCCESS. dag_id=lilt_document_classifier_balanced_V0.1, task_id=img_preprocess_task__1, run_id=manual__2025-06-24T06:53:42.323966+00:00, map_index=6, execution_date=20250624T065342, start_date=20250624T065446, end_date=20250624T065516
[2025-06-24T15:55:16.781+0900] {local_task_job_runner.py:266} INFO - Task exited with return code 0
[2025-06-24T15:55:16.904+0900] {taskinstance.py:3901} INFO - 0 downstream tasks scheduled from follow-on schedule check
[2025-06-24T15:55:16.964+0900] {local_task_job_runner.py:245} INFO - ::endgroup::
