[2025-06-23T09:43:13.699+0900] {local_task_job_runner.py:123} INFO - ::group::Pre task execution logs
[2025-06-23T09:43:13.717+0900] {taskinstance.py:2614} INFO - Dependencies all met for dep_context=non-requeueable deps ti=<TaskInstance: lilt_document_classifier_balanced_V0.1.balance_false_images manual__2025-06-23T00:42:21.868462+00:00 [queued]>
[2025-06-23T09:43:13.725+0900] {taskinstance.py:2614} INFO - Dependencies all met for dep_context=requeueable deps ti=<TaskInstance: lilt_document_classifier_balanced_V0.1.balance_false_images manual__2025-06-23T00:42:21.868462+00:00 [queued]>
[2025-06-23T09:43:13.726+0900] {taskinstance.py:2867} INFO - Starting attempt 1 of 1
[2025-06-23T09:43:13.740+0900] {taskinstance.py:2890} INFO - Executing <Task(_PythonDecoratedOperator): balance_false_images> on 2025-06-23 00:42:21.868462+00:00
[2025-06-23T09:43:13.748+0900] {warnings.py:112} WARNING - /home/***/.local/lib/python3.12/site-packages/***/task/task_runner/standard_task_runner.py:70: DeprecationWarning: This process (pid=80813) is multi-threaded, use of fork() may lead to deadlocks in the child.
  pid = os.fork()

[2025-06-23T09:43:13.750+0900] {standard_task_runner.py:72} INFO - Started process 80822 to run task
[2025-06-23T09:43:13.750+0900] {standard_task_runner.py:104} INFO - Running: ['***', 'tasks', 'run', 'lilt_document_classifier_balanced_V0.1', 'balance_false_images', 'manual__2025-06-23T00:42:21.868462+00:00', '--job-id', '1887', '--raw', '--subdir', 'DAGS_FOLDER/class_create_dag.py', '--cfg-path', '/tmp/tmpe2jxo_z6']
[2025-06-23T09:43:13.752+0900] {standard_task_runner.py:105} INFO - Job 1887: Subtask balance_false_images
[2025-06-23T09:43:13.791+0900] {task_command.py:467} INFO - Running <TaskInstance: lilt_document_classifier_balanced_V0.1.balance_false_images manual__2025-06-23T00:42:21.868462+00:00 [running]> on host f6d4228a9eb8
[2025-06-23T09:43:13.864+0900] {taskinstance.py:3134} INFO - Exporting env vars: AIRFLOW_CTX_DAG_OWNER='***' AIRFLOW_CTX_DAG_ID='lilt_document_classifier_balanced_V0.1' AIRFLOW_CTX_TASK_ID='balance_false_images' AIRFLOW_CTX_EXECUTION_DATE='2025-06-23T00:42:21.868462+00:00' AIRFLOW_CTX_TRY_NUMBER='1' AIRFLOW_CTX_DAG_RUN_ID='manual__2025-06-23T00:42:21.868462+00:00'
[2025-06-23T09:43:13.866+0900] {taskinstance.py:732} INFO - ::endgroup::
[2025-06-23T09:43:13.964+0900] {logging_mixin.py:190} INFO - /opt/***/data/class/a_class/classify/ready TRUE 파일 개수: 93
[2025-06-23T09:43:13.965+0900] {logging_mixin.py:190} INFO - /opt/***/data/class/a_class/classify/ready FALSE 파일 개수: 0
[2025-06-23T09:43:13.965+0900] {logging_mixin.py:190} INFO - NONE_DOC_IMAGE_DIR 파일 개수: 39996
[2025-06-23T09:43:14.063+0900] {logging_mixin.py:190} INFO - 복사 완료: /opt/***/data/none_class/file_folder/2040978867.png -> /opt/***/data/class/a_class/classify/ready/false/copied_0_2040978867.png
[2025-06-23T09:43:14.068+0900] {logging_mixin.py:190} INFO - 복사 완료: /opt/***/data/none_class/email/2078330488a.png -> /opt/***/data/class/a_class/classify/ready/false/copied_1_2078330488a.png
[2025-06-23T09:43:14.073+0900] {logging_mixin.py:190} INFO - 복사 완료: /opt/***/data/none_class/form/2084116028.png -> /opt/***/data/class/a_class/classify/ready/false/copied_2_2084116028.png
[2025-06-23T09:43:14.079+0900] {logging_mixin.py:190} INFO - 복사 완료: /opt/***/data/none_class/specification/2069728236.png -> /opt/***/data/class/a_class/classify/ready/false/copied_3_2069728236.png
[2025-06-23T09:43:14.088+0900] {logging_mixin.py:190} INFO - 복사 완료: /opt/***/data/none_class/file_folder/2085074099.png -> /opt/***/data/class/a_class/classify/ready/false/copied_4_2085074099.png
[2025-06-23T09:43:14.098+0900] {logging_mixin.py:190} INFO - 복사 완료: /opt/***/data/none_class/presentation/titx0124.70_titx0124.73.png -> /opt/***/data/class/a_class/classify/ready/false/copied_5_titx0124.70_titx0124.73.png
[2025-06-23T09:43:14.103+0900] {logging_mixin.py:190} INFO - 복사 완료: /opt/***/data/none_class/specification/2057488687_2057488688.png -> /opt/***/data/class/a_class/classify/ready/false/copied_6_2057488687_2057488688.png
[2025-06-23T09:43:14.109+0900] {logging_mixin.py:190} INFO - 복사 완료: /opt/***/data/none_class/scientific_publication/2028437650_2028437655.png -> /opt/***/data/class/a_class/classify/ready/false/copied_7_2028437650_2028437655.png
[2025-06-23T09:43:14.115+0900] {logging_mixin.py:190} INFO - 복사 완료: /opt/***/data/none_class/memo/2022242765.png -> /opt/***/data/class/a_class/classify/ready/false/copied_8_2022242765.png
[2025-06-23T09:43:14.120+0900] {logging_mixin.py:190} INFO - 복사 완료: /opt/***/data/none_class/specification/2069718723.png -> /opt/***/data/class/a_class/classify/ready/false/copied_9_2069718723.png
[2025-06-23T09:43:14.124+0900] {logging_mixin.py:190} INFO - 복사 완료: /opt/***/data/none_class/scientific_publication/10323900_10323905.png -> /opt/***/data/class/a_class/classify/ready/false/copied_10_10323900_10323905.png
[2025-06-23T09:43:14.127+0900] {logging_mixin.py:190} INFO - 복사 완료: /opt/***/data/none_class/invoice/0012181632.png -> /opt/***/data/class/a_class/classify/ready/false/copied_11_0012181632.png
[2025-06-23T09:43:14.133+0900] {logging_mixin.py:190} INFO - 복사 완료: /opt/***/data/none_class/specification/2031318045.png -> /opt/***/data/class/a_class/classify/ready/false/copied_12_2031318045.png
[2025-06-23T09:43:14.137+0900] {logging_mixin.py:190} INFO - 복사 완료: /opt/***/data/none_class/scientific_report/2501662049.png -> /opt/***/data/class/a_class/classify/ready/false/copied_13_2501662049.png
[2025-06-23T09:43:14.141+0900] {logging_mixin.py:190} INFO - 복사 완료: /opt/***/data/none_class/budget/2046824048_4054.png -> /opt/***/data/class/a_class/classify/ready/false/copied_14_2046824048_4054.png
[2025-06-23T09:43:14.145+0900] {logging_mixin.py:190} INFO - 복사 완료: /opt/***/data/none_class/memo/0000170247.png -> /opt/***/data/class/a_class/classify/ready/false/copied_15_0000170247.png
[2025-06-23T09:43:14.151+0900] {logging_mixin.py:190} INFO - 복사 완료: /opt/***/data/none_class/invoice/2059478434.png -> /opt/***/data/class/a_class/classify/ready/false/copied_16_2059478434.png
[2025-06-23T09:43:14.154+0900] {logging_mixin.py:190} INFO - 복사 완료: /opt/***/data/none_class/letter/2040881309.png -> /opt/***/data/class/a_class/classify/ready/false/copied_17_2040881309.png
[2025-06-23T09:43:14.159+0900] {logging_mixin.py:190} INFO - 복사 완료: /opt/***/data/none_class/letter/70013862-3862.png -> /opt/***/data/class/a_class/classify/ready/false/copied_18_70013862-3862.png
[2025-06-23T09:43:14.162+0900] {logging_mixin.py:190} INFO - 복사 완료: /opt/***/data/none_class/invoice/2028744359_2028744360.png -> /opt/***/data/class/a_class/classify/ready/false/copied_19_2028744359_2028744360.png
[2025-06-23T09:43:14.165+0900] {logging_mixin.py:190} INFO - 복사 완료: /opt/***/data/none_class/email/92846286.png -> /opt/***/data/class/a_class/classify/ready/false/copied_20_92846286.png
[2025-06-23T09:43:14.171+0900] {logging_mixin.py:190} INFO - 복사 완료: /opt/***/data/none_class/specification/2031321450.png -> /opt/***/data/class/a_class/classify/ready/false/copied_21_2031321450.png
[2025-06-23T09:43:14.173+0900] {logging_mixin.py:190} INFO - 복사 완료: /opt/***/data/none_class/scientific_report/2505502295_2310.png -> /opt/***/data/class/a_class/classify/ready/false/copied_22_2505502295_2310.png
[2025-06-23T09:43:14.177+0900] {logging_mixin.py:190} INFO - 복사 완료: /opt/***/data/none_class/resume/50443480-3481.png -> /opt/***/data/class/a_class/classify/ready/false/copied_23_50443480-3481.png
[2025-06-23T09:43:14.182+0900] {logging_mixin.py:190} INFO - 복사 완료: /opt/***/data/none_class/form/2028880494.png -> /opt/***/data/class/a_class/classify/ready/false/copied_24_2028880494.png
[2025-06-23T09:43:14.187+0900] {logging_mixin.py:190} INFO - 복사 완료: /opt/***/data/none_class/specification/508523239.png -> /opt/***/data/class/a_class/classify/ready/false/copied_25_508523239.png
[2025-06-23T09:43:14.190+0900] {logging_mixin.py:190} INFO - 복사 완료: /opt/***/data/none_class/resume/50654023-4024.png -> /opt/***/data/class/a_class/classify/ready/false/copied_26_50654023-4024.png
[2025-06-23T09:43:14.194+0900] {logging_mixin.py:190} INFO - 복사 완료: /opt/***/data/none_class/invoice/87803261.png -> /opt/***/data/class/a_class/classify/ready/false/copied_27_87803261.png
[2025-06-23T09:43:14.198+0900] {logging_mixin.py:190} INFO - 복사 완료: /opt/***/data/none_class/advertisement/2061190146.png -> /opt/***/data/class/a_class/classify/ready/false/copied_28_2061190146.png
[2025-06-23T09:43:14.203+0900] {logging_mixin.py:190} INFO - 복사 완료: /opt/***/data/none_class/letter/524702991+-2992.png -> /opt/***/data/class/a_class/classify/ready/false/copied_29_524702991+-2992.png
[2025-06-23T09:43:14.207+0900] {logging_mixin.py:190} INFO - 복사 완료: /opt/***/data/none_class/advertisement/2044345131.png -> /opt/***/data/class/a_class/classify/ready/false/copied_30_2044345131.png
[2025-06-23T09:43:14.212+0900] {logging_mixin.py:190} INFO - 복사 완료: /opt/***/data/none_class/handwritten/517756065+-6067.png -> /opt/***/data/class/a_class/classify/ready/false/copied_31_517756065+-6067.png
[2025-06-23T09:43:14.216+0900] {logging_mixin.py:190} INFO - 복사 완료: /opt/***/data/none_class/scientific_publication/1004800186_1004800216.png -> /opt/***/data/class/a_class/classify/ready/false/copied_32_1004800186_1004800216.png
[2025-06-23T09:43:14.221+0900] {logging_mixin.py:190} INFO - 복사 완료: /opt/***/data/none_class/questionnaire/0060132569.png -> /opt/***/data/class/a_class/classify/ready/false/copied_33_0060132569.png
[2025-06-23T09:43:14.228+0900] {logging_mixin.py:190} INFO - 복사 완료: /opt/***/data/none_class/scientific_report/2058083576.png -> /opt/***/data/class/a_class/classify/ready/false/copied_34_2058083576.png
[2025-06-23T09:43:14.234+0900] {logging_mixin.py:190} INFO - 복사 완료: /opt/***/data/none_class/news_article/2070342714.png -> /opt/***/data/class/a_class/classify/ready/false/copied_35_2070342714.png
[2025-06-23T09:43:14.239+0900] {logging_mixin.py:190} INFO - 복사 완료: /opt/***/data/none_class/questionnaire/0001170585.png -> /opt/***/data/class/a_class/classify/ready/false/copied_36_0001170585.png
[2025-06-23T09:43:14.243+0900] {logging_mixin.py:190} INFO - 복사 완료: /opt/***/data/none_class/advertisement/2026173791.png -> /opt/***/data/class/a_class/classify/ready/false/copied_37_2026173791.png
[2025-06-23T09:43:14.248+0900] {logging_mixin.py:190} INFO - 복사 완료: /opt/***/data/none_class/handwritten/524068606+-8609.png -> /opt/***/data/class/a_class/classify/ready/false/copied_38_524068606+-8609.png
[2025-06-23T09:43:14.253+0900] {logging_mixin.py:190} INFO - 복사 완료: /opt/***/data/none_class/resume/50554746-4755.png -> /opt/***/data/class/a_class/classify/ready/false/copied_39_50554746-4755.png
[2025-06-23T09:43:14.260+0900] {logging_mixin.py:190} INFO - 복사 완료: /opt/***/data/none_class/scientific_publication/2505512574_2595.png -> /opt/***/data/class/a_class/classify/ready/false/copied_40_2505512574_2595.png
[2025-06-23T09:43:14.267+0900] {logging_mixin.py:190} INFO - 복사 완료: /opt/***/data/none_class/advertisement/2060180280.png -> /opt/***/data/class/a_class/classify/ready/false/copied_41_2060180280.png
[2025-06-23T09:43:14.276+0900] {logging_mixin.py:190} INFO - 복사 완료: /opt/***/data/none_class/advertisement/1005143736.png -> /opt/***/data/class/a_class/classify/ready/false/copied_42_1005143736.png
[2025-06-23T09:43:14.286+0900] {logging_mixin.py:190} INFO - 복사 완료: /opt/***/data/none_class/form/522737546+-7546.png -> /opt/***/data/class/a_class/classify/ready/false/copied_43_522737546+-7546.png
[2025-06-23T09:43:14.299+0900] {logging_mixin.py:190} INFO - 복사 완료: /opt/***/data/none_class/news_article/2064812137.png -> /opt/***/data/class/a_class/classify/ready/false/copied_44_2064812137.png
[2025-06-23T09:43:14.313+0900] {logging_mixin.py:190} INFO - 복사 완료: /opt/***/data/none_class/advertisement/0030049133.png -> /opt/***/data/class/a_class/classify/ready/false/copied_45_0030049133.png
[2025-06-23T09:43:14.330+0900] {logging_mixin.py:190} INFO - 복사 완료: /opt/***/data/none_class/advertisement/PUBLICATIONS022001-2.png -> /opt/***/data/class/a_class/classify/ready/false/copied_46_PUBLICATIONS022001-2.png
[2025-06-23T09:43:14.343+0900] {logging_mixin.py:190} INFO - 복사 완료: /opt/***/data/none_class/resume/50498154-8155.png -> /opt/***/data/class/a_class/classify/ready/false/copied_47_50498154-8155.png
[2025-06-23T09:43:14.358+0900] {logging_mixin.py:190} INFO - 복사 완료: /opt/***/data/none_class/invoice/2028725670.png -> /opt/***/data/class/a_class/classify/ready/false/copied_48_2028725670.png
[2025-06-23T09:43:14.377+0900] {logging_mixin.py:190} INFO - 복사 완료: /opt/***/data/none_class/advertisement/2040265840.png -> /opt/***/data/class/a_class/classify/ready/false/copied_49_2040265840.png
[2025-06-23T09:43:14.387+0900] {logging_mixin.py:190} INFO - 복사 완료: /opt/***/data/none_class/letter/50618842-8842.png -> /opt/***/data/class/a_class/classify/ready/false/copied_50_50618842-8842.png
[2025-06-23T09:43:14.400+0900] {logging_mixin.py:190} INFO - 복사 완료: /opt/***/data/none_class/file_folder/88927467.png -> /opt/***/data/class/a_class/classify/ready/false/copied_51_88927467.png
[2025-06-23T09:43:14.411+0900] {logging_mixin.py:190} INFO - 복사 완료: /opt/***/data/none_class/letter/518089722.png -> /opt/***/data/class/a_class/classify/ready/false/copied_52_518089722.png
[2025-06-23T09:43:14.422+0900] {logging_mixin.py:190} INFO - 복사 완료: /opt/***/data/none_class/invoice/87803166.png -> /opt/***/data/class/a_class/classify/ready/false/copied_53_87803166.png
[2025-06-23T09:43:14.433+0900] {logging_mixin.py:190} INFO - 복사 완료: /opt/***/data/none_class/form/2044375204.png -> /opt/***/data/class/a_class/classify/ready/false/copied_54_2044375204.png
[2025-06-23T09:43:14.446+0900] {logging_mixin.py:190} INFO - 복사 완료: /opt/***/data/none_class/handwritten/500519771.png -> /opt/***/data/class/a_class/classify/ready/false/copied_55_500519771.png
[2025-06-23T09:43:14.458+0900] {logging_mixin.py:190} INFO - 복사 완료: /opt/***/data/none_class/letter/524266118+-6118.png -> /opt/***/data/class/a_class/classify/ready/false/copied_56_524266118+-6118.png
[2025-06-23T09:43:14.476+0900] {logging_mixin.py:190} INFO - 복사 완료: /opt/***/data/none_class/advertisement/2065106632.png -> /opt/***/data/class/a_class/classify/ready/false/copied_57_2065106632.png
[2025-06-23T09:43:14.488+0900] {logging_mixin.py:190} INFO - 복사 완료: /opt/***/data/none_class/invoice/0001144227.png -> /opt/***/data/class/a_class/classify/ready/false/copied_58_0001144227.png
[2025-06-23T09:43:14.500+0900] {logging_mixin.py:190} INFO - 복사 완료: /opt/***/data/none_class/questionnaire/2041097349.png -> /opt/***/data/class/a_class/classify/ready/false/copied_59_2041097349.png
[2025-06-23T09:43:14.507+0900] {logging_mixin.py:190} INFO - 복사 완료: /opt/***/data/none_class/advertisement/2041409113.png -> /opt/***/data/class/a_class/classify/ready/false/copied_60_2041409113.png
[2025-06-23T09:43:14.513+0900] {logging_mixin.py:190} INFO - 복사 완료: /opt/***/data/none_class/invoice/2026461526.png -> /opt/***/data/class/a_class/classify/ready/false/copied_61_2026461526.png
[2025-06-23T09:43:14.520+0900] {logging_mixin.py:190} INFO - 복사 완료: /opt/***/data/none_class/letter/80001350.png -> /opt/***/data/class/a_class/classify/ready/false/copied_62_80001350.png
[2025-06-23T09:43:14.523+0900] {logging_mixin.py:190} INFO - 복사 완료: /opt/***/data/none_class/file_folder/2069528302.png -> /opt/***/data/class/a_class/classify/ready/false/copied_63_2069528302.png
[2025-06-23T09:43:14.526+0900] {logging_mixin.py:190} INFO - 복사 완료: /opt/***/data/none_class/resume/50487764-7765.png -> /opt/***/data/class/a_class/classify/ready/false/copied_64_50487764-7765.png
[2025-06-23T09:43:14.530+0900] {logging_mixin.py:190} INFO - 복사 완료: /opt/***/data/none_class/letter/504633536_504633537.png -> /opt/***/data/class/a_class/classify/ready/false/copied_65_504633536_504633537.png
[2025-06-23T09:43:14.536+0900] {logging_mixin.py:190} INFO - 복사 완료: /opt/***/data/none_class/presentation/2062455878_5880.png -> /opt/***/data/class/a_class/classify/ready/false/copied_66_2062455878_5880.png
[2025-06-23T09:43:14.540+0900] {logging_mixin.py:190} INFO - 복사 완료: /opt/***/data/none_class/resume/50486046-6047.png -> /opt/***/data/class/a_class/classify/ready/false/copied_67_50486046-6047.png
[2025-06-23T09:43:14.542+0900] {logging_mixin.py:190} INFO - 복사 완료: /opt/***/data/none_class/file_folder/2022988757.png -> /opt/***/data/class/a_class/classify/ready/false/copied_68_2022988757.png
[2025-06-23T09:43:14.545+0900] {logging_mixin.py:190} INFO - 복사 완료: /opt/***/data/none_class/presentation/2077728843.png -> /opt/***/data/class/a_class/classify/ready/false/copied_69_2077728843.png
[2025-06-23T09:43:14.547+0900] {logging_mixin.py:190} INFO - 복사 완료: /opt/***/data/none_class/questionnaire/0001233100.png -> /opt/***/data/class/a_class/classify/ready/false/copied_70_0001233100.png
[2025-06-23T09:43:14.550+0900] {logging_mixin.py:190} INFO - 복사 완료: /opt/***/data/none_class/memo/0071031821.png -> /opt/***/data/class/a_class/classify/ready/false/copied_71_0071031821.png
[2025-06-23T09:43:14.553+0900] {logging_mixin.py:190} INFO - 복사 완료: /opt/***/data/none_class/questionnaire/0000176526.png -> /opt/***/data/class/a_class/classify/ready/false/copied_72_0000176526.png
[2025-06-23T09:43:14.554+0900] {logging_mixin.py:190} INFO - 복사 완료: /opt/***/data/none_class/specification/2069723851.png -> /opt/***/data/class/a_class/classify/ready/false/copied_73_2069723851.png
[2025-06-23T09:43:14.558+0900] {logging_mixin.py:190} INFO - 복사 완료: /opt/***/data/none_class/scientific_report/2028399469_2028399471.png -> /opt/***/data/class/a_class/classify/ready/false/copied_74_2028399469_2028399471.png
[2025-06-23T09:43:14.562+0900] {logging_mixin.py:190} INFO - 복사 완료: /opt/***/data/none_class/advertisement/2045968187.png -> /opt/***/data/class/a_class/classify/ready/false/copied_75_2045968187.png
[2025-06-23T09:43:14.565+0900] {logging_mixin.py:190} INFO - 복사 완료: /opt/***/data/none_class/questionnaire/2040000899_0902.png -> /opt/***/data/class/a_class/classify/ready/false/copied_76_2040000899_0902.png
[2025-06-23T09:43:14.569+0900] {logging_mixin.py:190} INFO - 복사 완료: /opt/***/data/none_class/scientific_publication/2063643953.png -> /opt/***/data/class/a_class/classify/ready/false/copied_77_2063643953.png
[2025-06-23T09:43:14.573+0900] {logging_mixin.py:190} INFO - 복사 완료: /opt/***/data/none_class/news_article/2083779623.png -> /opt/***/data/class/a_class/classify/ready/false/copied_78_2083779623.png
[2025-06-23T09:43:14.578+0900] {logging_mixin.py:190} INFO - 복사 완료: /opt/***/data/none_class/news_article/ti16792323.png -> /opt/***/data/class/a_class/classify/ready/false/copied_79_ti16792323.png
[2025-06-23T09:43:14.580+0900] {logging_mixin.py:190} INFO - 복사 완료: /opt/***/data/none_class/presentation/2048271277.png -> /opt/***/data/class/a_class/classify/ready/false/copied_80_2048271277.png
[2025-06-23T09:43:14.583+0900] {logging_mixin.py:190} INFO - 복사 완료: /opt/***/data/none_class/scientific_report/2501385065_2501385097.png -> /opt/***/data/class/a_class/classify/ready/false/copied_81_2501385065_2501385097.png
[2025-06-23T09:43:14.585+0900] {logging_mixin.py:190} INFO - 복사 완료: /opt/***/data/none_class/email/2085116740.png -> /opt/***/data/class/a_class/classify/ready/false/copied_82_2085116740.png
[2025-06-23T09:43:14.587+0900] {logging_mixin.py:190} INFO - 복사 완료: /opt/***/data/none_class/email/2085697333c.png -> /opt/***/data/class/a_class/classify/ready/false/copied_83_2085697333c.png
[2025-06-23T09:43:14.590+0900] {logging_mixin.py:190} INFO - 복사 완료: /opt/***/data/none_class/email/528693346+-3346.png -> /opt/***/data/class/a_class/classify/ready/false/copied_84_528693346+-3346.png
[2025-06-23T09:43:14.594+0900] {logging_mixin.py:190} INFO - 복사 완료: /opt/***/data/none_class/budget/96652855_2857.png -> /opt/***/data/class/a_class/classify/ready/false/copied_85_96652855_2857.png
[2025-06-23T09:43:14.596+0900] {logging_mixin.py:190} INFO - 복사 완료: /opt/***/data/none_class/file_folder/2073225403.png -> /opt/***/data/class/a_class/classify/ready/false/copied_86_2073225403.png
[2025-06-23T09:43:14.599+0900] {logging_mixin.py:190} INFO - 복사 완료: /opt/***/data/none_class/file_folder/80234230.png -> /opt/***/data/class/a_class/classify/ready/false/copied_87_80234230.png
[2025-06-23T09:43:14.603+0900] {logging_mixin.py:190} INFO - 복사 완료: /opt/***/data/none_class/handwritten/512569645+-9646.png -> /opt/***/data/class/a_class/classify/ready/false/copied_88_512569645+-9646.png
[2025-06-23T09:43:14.605+0900] {logging_mixin.py:190} INFO - 복사 완료: /opt/***/data/none_class/presentation/81640152_0158.png -> /opt/***/data/class/a_class/classify/ready/false/copied_89_81640152_0158.png
[2025-06-23T09:43:14.608+0900] {logging_mixin.py:190} INFO - 복사 완료: /opt/***/data/none_class/memo/0000950840.png -> /opt/***/data/class/a_class/classify/ready/false/copied_90_0000950840.png
[2025-06-23T09:43:14.612+0900] {logging_mixin.py:190} INFO - 복사 완료: /opt/***/data/none_class/news_article/tob10824.77_tob10824.79.png -> /opt/***/data/class/a_class/classify/ready/false/copied_91_tob10824.77_tob10824.79.png
[2025-06-23T09:43:14.615+0900] {logging_mixin.py:190} INFO - 복사 완료: /opt/***/data/none_class/scientific_publication/2025816669_6671.png -> /opt/***/data/class/a_class/classify/ready/false/copied_92_2025816669_6671.png
[2025-06-23T09:43:14.616+0900] {python.py:240} INFO - Done. Returned value was: {'copied_count': 93, 'total_false_count': 93}
[2025-06-23T09:43:14.637+0900] {taskinstance.py:341} INFO - ::group::Post task execution logs
[2025-06-23T09:43:14.638+0900] {taskinstance.py:353} INFO - Marking task as SUCCESS. dag_id=lilt_document_classifier_balanced_V0.1, task_id=balance_false_images, run_id=manual__2025-06-23T00:42:21.868462+00:00, execution_date=20250623T004221, start_date=20250623T004313, end_date=20250623T004314
[2025-06-23T09:43:14.670+0900] {local_task_job_runner.py:266} INFO - Task exited with return code 0
[2025-06-23T09:43:14.702+0900] {taskinstance.py:3901} INFO - 2 downstream tasks scheduled from follow-on schedule check
[2025-06-23T09:43:14.704+0900] {local_task_job_runner.py:245} INFO - ::endgroup::
