[2025-06-25T09:20:58.914+0900] {local_task_job_runner.py:123} INFO - ::group::Pre task execution logs
[2025-06-25T09:20:58.991+0900] {taskinstance.py:2614} INFO - Dependencies all met for dep_context=non-requeueable deps ti=<TaskInstance: lilt_document_classifier_balanced_V0.1.img_preprocess_task manual__2025-06-25T00:18:31.692203+00:00 map_index=16 [queued]>
[2025-06-25T09:20:59.030+0900] {taskinstance.py:2614} INFO - Dependencies all met for dep_context=requeueable deps ti=<TaskInstance: lilt_document_classifier_balanced_V0.1.img_preprocess_task manual__2025-06-25T00:18:31.692203+00:00 map_index=16 [queued]>
[2025-06-25T09:20:59.034+0900] {taskinstance.py:2867} INFO - Starting attempt 1 of 1
[2025-06-25T09:20:59.069+0900] {taskinstance.py:2890} INFO - Executing <Mapped(_PythonDecoratedOperator): img_preprocess_task> on 2025-06-25 00:18:31.692203+00:00
[2025-06-25T09:20:59.088+0900] {warnings.py:112} WARNING - /home/***/.local/lib/python3.12/site-packages/***/task/task_runner/standard_task_runner.py:70: DeprecationWarning: This process (pid=76076) is multi-threaded, use of fork() may lead to deadlocks in the child.
  pid = os.fork()

[2025-06-25T09:20:59.093+0900] {standard_task_runner.py:72} INFO - Started process 76112 to run task
[2025-06-25T09:20:59.094+0900] {standard_task_runner.py:104} INFO - Running: ['***', 'tasks', 'run', 'lilt_document_classifier_balanced_V0.1', 'img_preprocess_task', 'manual__2025-06-25T00:18:31.692203+00:00', '--job-id', '5006', '--raw', '--subdir', 'DAGS_FOLDER/class_create_dag.py', '--cfg-path', '/tmp/tmp5d2rcf0y', '--map-index', '16']
[2025-06-25T09:20:59.102+0900] {standard_task_runner.py:105} INFO - Job 5006: Subtask img_preprocess_task
[2025-06-25T09:20:59.189+0900] {task_command.py:467} INFO - Running <TaskInstance: lilt_document_classifier_balanced_V0.1.img_preprocess_task manual__2025-06-25T00:18:31.692203+00:00 map_index=16 [running]> on host f6d4228a9eb8
[2025-06-25T09:20:59.329+0900] {taskinstance.py:3134} INFO - Exporting env vars: AIRFLOW_CTX_DAG_OWNER='***' AIRFLOW_CTX_DAG_ID='lilt_document_classifier_balanced_V0.1' AIRFLOW_CTX_TASK_ID='img_preprocess_task' AIRFLOW_CTX_EXECUTION_DATE='2025-06-25T00:18:31.692203+00:00' AIRFLOW_CTX_TRY_NUMBER='1' AIRFLOW_CTX_DAG_RUN_ID='manual__2025-06-25T00:18:31.692203+00:00'
[2025-06-25T09:20:59.334+0900] {taskinstance.py:732} INFO - ::endgroup::
[2025-06-25T09:20:59.337+0900] {logging_mixin.py:190} INFO - empty map check {} {'process_id': '_0b32739a-4b5f-4a7b-87d4-21e1c474cfa5_pre', 'folder_path': 'be35d4c3-82d5-419b-bfbd-c78187fddd48/0b32739a-4b5f-4a7b-87d4-21e1c474cfa5', 'step_list': [{'name': 'cache', 'param': {'cache_key': 'origin'}}, {'name': 'calc_angle_set2', 'param': {'angle_key': 'angle2_1', 'delta': 8.0, 'limit': 40, 'iterations': 2, 'iter_save': False}}, {'name': 'calc_angle_set2', 'param': {'angle_key': 'angle2_2', 'delta': 1.0, 'limit': 8, 'iterations': 2, 'iter_save': False}}, {'name': 'calc_angle_set2', 'param': {'angle_key': 'angle2_3', 'delta': 0.125, 'limit': 1, 'iterations': 2, 'iter_save': False}}, {'name': 'text_orientation_set', 'param': {'angle_key': 'orint', 'iterations': 3, 'iter_save': False}}, {'name': 'load', 'param': {'cache_key': 'origin'}}, {'name': 'rotate', 'param': {'angle_key': 'angle2_1'}}, {'name': 'rotate', 'param': {'angle_key': 'angle2_2'}}, {'name': 'rotate', 'param': {'angle_key': 'angle2_3'}}, {'name': 'rotate', 'param': {'angle_key': 'orint'}}], 'result_file_map': {}}
[2025-06-25T09:20:59.338+0900] {logging_mixin.py:190} INFO - step : cache
[2025-06-25T09:20:59.338+0900] {logging_mixin.py:190} INFO - step : calc_angle_set2
[2025-06-25T09:21:06.774+0900] {logging_mixin.py:190} INFO - osd 1 0 0 0 0 [0, 0, 0, 0, 0, 0, 0, 0, 0, 0, 0]
[2025-06-25T09:21:21.084+0900] {logging_mixin.py:190} INFO - osd 2 0 0 0 0 [0, 0, 0, 0, 0, 0, 0, 0, 0, 0, 0]
[2025-06-25T09:21:21.217+0900] {logging_mixin.py:190} INFO - step : calc_angle_set2
[2025-06-25T09:21:37.478+0900] {logging_mixin.py:190} INFO - osd 1 3.0 3.0 11 118197 [0, 0, 0, 0, 0, 0, 0, 0, 0, 0, 3950, 118197, 9937, 0, 0, 0, 0]
[2025-06-25T09:21:49.298+0900] {logging_mixin.py:190} INFO - osd 2 3.0 0.0 8 128443 [0, 0, 0, 0, 0, 0, 0, 4458, 128443, 11981, 0, 0, 0, 0, 0, 0, 0]
[2025-06-25T09:21:49.442+0900] {logging_mixin.py:190} INFO - step : calc_angle_set2
[2025-06-25T09:22:05.281+0900] {logging_mixin.py:190} INFO - osd 1 0.125 0.125 9 137796 [4458, 10909, 20807, 32142, 43796, 55123, 66677, 88539, 128443, 137796, 98235, 69664, 58218, 46344, 34404, 22687, 11981]
[2025-06-25T09:22:16.093+0900] {logging_mixin.py:190} INFO - osd 2 0.125 0.0 8 143408 [15344, 26234, 37708, 48657, 60306, 71883, 98576, 134639, 143408, 108117, 75220, 63394, 51718, 39970, 27929, 16672, 7376]
[2025-06-25T09:22:16.241+0900] {logging_mixin.py:190} INFO - step : text_orientation_set
[2025-06-25T09:22:36.776+0900] {logging_mixin.py:190} INFO - osd 1 break  0 0 6.94 Korean 0.64
[2025-06-25T09:22:36.797+0900] {logging_mixin.py:190} INFO - step : load
[2025-06-25T09:22:36.806+0900] {logging_mixin.py:190} INFO - step : rotate
[2025-06-25T09:22:37.247+0900] {logging_mixin.py:190} INFO - step : rotate
[2025-06-25T09:22:37.634+0900] {logging_mixin.py:190} INFO - step : rotate
[2025-06-25T09:22:37.868+0900] {logging_mixin.py:190} INFO - step : rotate
[2025-06-25T09:22:38.785+0900] {logging_mixin.py:190} INFO - file_copy: /opt/***/data/temp/be35d4c3-82d5-419b-bfbd-c78187fddd48/0b32739a-4b5f-4a7b-87d4-21e1c474cfa5/_result.png
[2025-06-25T09:22:38.890+0900] {python.py:240} INFO - Done. Returned value was: {'file_id': 'be35d4c3-82d5-419b-bfbd-c78187fddd48', 'file_path': '/opt/***/data/class/a_class/classify/ready/true/케이티엔지타워 - 정부24 - 건축물대장 등본(초본) 발급(열람) _ 문서출력_page_1_aug1.png', 'true': {'process_id': '_0b32739a-4b5f-4a7b-87d4-21e1c474cfa5_pre', 'folder_path': 'be35d4c3-82d5-419b-bfbd-c78187fddd48/0b32739a-4b5f-4a7b-87d4-21e1c474cfa5', 'step_list': [{'name': 'cache', 'param': {'cache_key': 'origin'}}, {'name': 'calc_angle_set2', 'param': {'angle_key': 'angle2_1', 'delta': 8.0, 'limit': 40, 'iterations': 2, 'iter_save': False}}, {'name': 'calc_angle_set2', 'param': {'angle_key': 'angle2_2', 'delta': 1.0, 'limit': 8, 'iterations': 2, 'iter_save': False}}, {'name': 'calc_angle_set2', 'param': {'angle_key': 'angle2_3', 'delta': 0.125, 'limit': 1, 'iterations': 2, 'iter_save': False}}, {'name': 'text_orientation_set', 'param': {'angle_key': 'orint', 'iterations': 3, 'iter_save': False}}, {'name': 'load', 'param': {'cache_key': 'origin'}}, {'name': 'rotate', 'param': {'angle_key': 'angle2_1'}}, {'name': 'rotate', 'param': {'angle_key': 'angle2_2'}}, {'name': 'rotate', 'param': {'angle_key': 'angle2_3'}}, {'name': 'rotate', 'param': {'angle_key': 'orint'}}], 'result_file_map': {'_result': '/opt/***/data/temp/be35d4c3-82d5-419b-bfbd-c78187fddd48/0b32739a-4b5f-4a7b-87d4-21e1c474cfa5/_result.png'}}}
[2025-06-25T09:22:39.043+0900] {taskinstance.py:341} INFO - ::group::Post task execution logs
[2025-06-25T09:22:39.055+0900] {taskinstance.py:353} INFO - Marking task as SUCCESS. dag_id=lilt_document_classifier_balanced_V0.1, task_id=img_preprocess_task, run_id=manual__2025-06-25T00:18:31.692203+00:00, map_index=16, execution_date=20250625T001831, start_date=20250625T002058, end_date=20250625T002239
[2025-06-25T09:22:39.268+0900] {local_task_job_runner.py:266} INFO - Task exited with return code 0
[2025-06-25T09:22:39.509+0900] {taskinstance.py:3901} INFO - 0 downstream tasks scheduled from follow-on schedule check
[2025-06-25T09:22:39.534+0900] {local_task_job_runner.py:245} INFO - ::endgroup::
